wandb: [wandb.login()] Loaded credentials for https://api.wandb.ai from /Users/wagnertamas/.netrc.
wandb: Currently logged in as: wagnertamas (wagnertamas-budapesti-m-szaki-s-gazdas-gtudom-nyi-egyetem) to https://api.wandb.ai. Use `wandb login --relogin` to force relogin
wandb: setting up run aor6vn8i
wandb: Tracking run with wandb version 0.25.0
wandb: Run data is saved locally in /Users/wagnertamas/Documents/Munka/cikkek/AI_agens_konyvtar/support/intergreen_matrix_calculator/wandb/run-20260322_025127-aor6vn8i
wandb: Run `wandb offline` to turn off syncing.
wandb: Syncing run a2c_co2_speedstd_2x32_2_R1C1_C
wandb: ⭐️ View project at https://wandb.ai/wagnertamas-budapesti-m-szaki-s-gazdas-gtudom-nyi-egyetem/sumo-rl-stat
wandb: 🚀 View run at https://wandb.ai/wagnertamas-budapesti-m-szaki-s-gazdas-gtudom-nyi-egyetem/sumo-rl-stat/runs/aor6vn8i
[INFO] Config: training_config.yaml
[INFO] Net: /Users/wagnertamas/Documents/Munka/cikkek/AI_agens_konyvtar/support/intergreen_matrix_calculator/data/mega_catalogue_v2.net.xml
[INFO] Timesteps: 100000 | Project: sumo-rl-stat
[INFO] Junction: R1C1_C
[INFO] Algorithm: a2c | Reward: co2_speedstd
[INFO] Load model: None (fresh)
[INFO] Traffic: random target+spread (epizódonként)
Initializing Environment (algorithm=a2c, reward=co2_speedstd)...
[INFO] Algorithm: a2c (on_policy)
[INFO] Reward mode: co2_speedstd
WandB config applied (Sweep compatible).
[INFO] Junction reward params auto-loaded from /Users/wagnertamas/Documents/Munka/cikkek/AI_agens_konyvtar/support/intergreen_matrix_calculator/data/junction_reward_params.json
[INFO] Using 'libsumo' (fast headless mode, OS=darwin).
Starting SUMO...
[INFO] Episode duration: 900s (15 min)

[DEBUG] 🎯 Célzott Forgalom Generálása (R1C1_C) | Period: 6.5781
Found 6 valid OD pairs for R1C1_C
Generating focused traffic: Period 6.5781s
[INFO] Network mapped: 1 agents, 3 detectors, 3 lanes
[INFO] Subscriptions active: 6 (libsumo, fast mode)
Agents discovered: ['R1C1_C']
[INFO] RL device: mps
[INFO] On-policy training: a2c → R1C1_C
Using mps device
Wrapping the env with a `Monitor` wrapper
Wrapping the env in a DummyVecEnv.
Starting on-policy training: 100000 timesteps...
[INFO] Episode duration: 900s (15 min)

[DEBUG] 🎯 Célzott Forgalom Generálása (R1C1_C) | Period: 7.3128
Found 6 valid OD pairs for R1C1_C
Generating focused traffic: Period 7.3128s
[INFO] Subscriptions active: 6 (libsumo, fast mode)
Logging to /Users/wagnertamas/Documents/Munka/cikkek/AI_agens_konyvtar/support/intergreen_matrix_calculator/data/runs/sumo-rl-stat/R1C1_C/A2C_114
[INFO] Episode duration: 1800s (30 min)

[DEBUG] 🎯 Célzott Forgalom Generálása (R1C1_C) | Period: 7.8752
Found 6 valid OD pairs for R1C1_C
Generating focused traffic: Period 7.8752s
[INFO] Subscriptions active: 6 (libsumo, fast mode)
[INFO] Episode duration: 1800s (30 min)

[DEBUG] 🎯 Célzott Forgalom Generálása (R1C1_C) | Period: 4.2337
Found 6 valid OD pairs for R1C1_C
Generating focused traffic: Period 4.2337s
[INFO] Subscriptions active: 6 (libsumo, fast mode)
[INFO] Episode duration: 1800s (30 min)

[DEBUG] 🎯 Célzott Forgalom Generálása (R1C1_C) | Period: 7.394
Found 6 valid OD pairs for R1C1_C
Generating focused traffic: Period 7.3940s
[INFO] Subscriptions active: 6 (libsumo, fast mode)
[INFO] Episode duration: 1800s (30 min)

[DEBUG] 🎯 Célzott Forgalom Generálása (R1C1_C) | Period: 5.4958
Found 6 valid OD pairs for R1C1_C
Generating focused traffic: Period 5.4958s
[INFO] Subscriptions active: 6 (libsumo, fast mode)
[INFO] Episode duration: 2700s (45 min)

[DEBUG] 🎯 Célzott Forgalom Generálása (R1C1_C) | Period: 5.5921
Found 6 valid OD pairs for R1C1_C
Generating focused traffic: Period 5.5921s
[INFO] Subscriptions active: 6 (libsumo, fast mode)
[INFO] Episode duration: 3600s (60 min)

[DEBUG] 🎯 Célzott Forgalom Generálása (R1C1_C) | Period: 4.173
Found 6 valid OD pairs for R1C1_C
Generating focused traffic: Period 4.1730s
[INFO] Subscriptions active: 6 (libsumo, fast mode)
[INFO] Episode duration: 2700s (45 min)

[DEBUG] 🎯 Célzott Forgalom Generálása (R1C1_C) | Period: 6.9199
Found 6 valid OD pairs for R1C1_C
Generating focused traffic: Period 6.9199s
[INFO] Subscriptions active: 6 (libsumo, fast mode)
[INFO] Episode duration: 1800s (30 min)

[DEBUG] 🎯 Célzott Forgalom Generálása (R1C1_C) | Period: 7.4416
Found 6 valid OD pairs for R1C1_C
Generating focused traffic: Period 7.4416s
[INFO] Subscriptions active: 6 (libsumo, fast mode)
[INFO] Episode duration: 900s (15 min)

[DEBUG] 🎯 Célzott Forgalom Generálása (R1C1_C) | Period: 7.3832
Found 6 valid OD pairs for R1C1_C
Generating focused traffic: Period 7.3832s
[INFO] Subscriptions active: 6 (libsumo, fast mode)
[INFO] Episode duration: 900s (15 min)

[DEBUG] 🎯 Célzott Forgalom Generálása (R1C1_C) | Period: 7.0378
Found 6 valid OD pairs for R1C1_C
Generating focused traffic: Period 7.0378s
[INFO] Subscriptions active: 6 (libsumo, fast mode)
[INFO] Episode duration: 2700s (45 min)

[DEBUG] 🎯 Célzott Forgalom Generálása (R1C1_C) | Period: 5.9297
Found 6 valid OD pairs for R1C1_C
Generating focused traffic: Period 5.9297s
[INFO] Subscriptions active: 6 (libsumo, fast mode)
[INFO] Episode duration: 900s (15 min)

[DEBUG] 🎯 Célzott Forgalom Generálása (R1C1_C) | Period: 5.5998
Found 6 valid OD pairs for R1C1_C
Generating focused traffic: Period 5.5998s
[INFO] Subscriptions active: 6 (libsumo, fast mode)
[INFO] Episode duration: 2700s (45 min)

[DEBUG] 🎯 Célzott Forgalom Generálása (R1C1_C) | Period: 4.4187
Found 6 valid OD pairs for R1C1_C
Generating focused traffic: Period 4.4187s
[INFO] Subscriptions active: 6 (libsumo, fast mode)
[INFO] Episode duration: 1800s (30 min)

[DEBUG] 🎯 Célzott Forgalom Generálása (R1C1_C) | Period: 5.1146
Found 6 valid OD pairs for R1C1_C
Generating focused traffic: Period 5.1146s
[INFO] Subscriptions active: 6 (libsumo, fast mode)
[INFO] Episode duration: 2700s (45 min)

[DEBUG] 🎯 Célzott Forgalom Generálása (R1C1_C) | Period: 5.9192
Found 6 valid OD pairs for R1C1_C
Generating focused traffic: Period 5.9192s
[INFO] Subscriptions active: 6 (libsumo, fast mode)
[INFO] Episode duration: 1800s (30 min)

[DEBUG] 🎯 Célzott Forgalom Generálása (R1C1_C) | Period: 6.4378
Found 6 valid OD pairs for R1C1_C
Generating focused traffic: Period 6.4378s
[INFO] Subscriptions active: 6 (libsumo, fast mode)
[INFO] Episode duration: 2700s (45 min)

[DEBUG] 🎯 Célzott Forgalom Generálása (R1C1_C) | Period: 6.9942
Found 6 valid OD pairs for R1C1_C
Generating focused traffic: Period 6.9942s
[INFO] Subscriptions active: 6 (libsumo, fast mode)
[INFO] Episode duration: 1800s (30 min)

[DEBUG] 🎯 Célzott Forgalom Generálása (R1C1_C) | Period: 7.3391
Found 6 valid OD pairs for R1C1_C
Generating focused traffic: Period 7.3391s
[INFO] Subscriptions active: 6 (libsumo, fast mode)
[INFO] Episode duration: 3600s (60 min)

[DEBUG] 🎯 Célzott Forgalom Generálása (R1C1_C) | Period: 6.8709
Found 6 valid OD pairs for R1C1_C
Generating focused traffic: Period 6.8709s
[INFO] Subscriptions active: 6 (libsumo, fast mode)
[INFO] Episode duration: 3600s (60 min)

[DEBUG] 🎯 Célzott Forgalom Generálása (R1C1_C) | Period: 4.7607
Found 6 valid OD pairs for R1C1_C
Generating focused traffic: Period 4.7607s
[INFO] Subscriptions active: 6 (libsumo, fast mode)
[INFO] Episode duration: 900s (15 min)

[DEBUG] 🎯 Célzott Forgalom Generálása (R1C1_C) | Period: 7.3952
Found 6 valid OD pairs for R1C1_C
Generating focused traffic: Period 7.3952s
[INFO] Subscriptions active: 6 (libsumo, fast mode)
[INFO] Episode duration: 3600s (60 min)

[DEBUG] 🎯 Célzott Forgalom Generálása (R1C1_C) | Period: 7.4747
Found 6 valid OD pairs for R1C1_C
Generating focused traffic: Period 7.4747s
[INFO] Subscriptions active: 6 (libsumo, fast mode)
[INFO] Episode duration: 900s (15 min)

[DEBUG] 🎯 Célzott Forgalom Generálása (R1C1_C) | Period: 6.9941
Found 6 valid OD pairs for R1C1_C
Generating focused traffic: Period 6.9941s
[INFO] Subscriptions active: 6 (libsumo, fast mode)
[INFO] Episode duration: 1800s (30 min)

[DEBUG] 🎯 Célzott Forgalom Generálása (R1C1_C) | Period: 5.104
Found 6 valid OD pairs for R1C1_C
Generating focused traffic: Period 5.1040s
[INFO] Subscriptions active: 6 (libsumo, fast mode)
[INFO] Episode duration: 900s (15 min)

[DEBUG] 🎯 Célzott Forgalom Generálása (R1C1_C) | Period: 5.7442
Found 6 valid OD pairs for R1C1_C
Generating focused traffic: Period 5.7442s
[INFO] Subscriptions active: 6 (libsumo, fast mode)
[INFO] Episode duration: 3600s (60 min)

[DEBUG] 🎯 Célzott Forgalom Generálása (R1C1_C) | Period: 4.719
Found 6 valid OD pairs for R1C1_C
Generating focused traffic: Period 4.7190s
[INFO] Subscriptions active: 6 (libsumo, fast mode)
[INFO] Episode duration: 900s (15 min)

[DEBUG] 🎯 Célzott Forgalom Generálása (R1C1_C) | Period: 4.7526
Found 6 valid OD pairs for R1C1_C
Generating focused traffic: Period 4.7526s
[INFO] Subscriptions active: 6 (libsumo, fast mode)
[INFO] Episode duration: 1800s (30 min)

[DEBUG] 🎯 Célzott Forgalom Generálása (R1C1_C) | Period: 5.5687
Found 6 valid OD pairs for R1C1_C
Generating focused traffic: Period 5.5687s
[INFO] Subscriptions active: 6 (libsumo, fast mode)
[INFO] Episode duration: 3600s (60 min)

[DEBUG] 🎯 Célzott Forgalom Generálása (R1C1_C) | Period: 6.9323
Found 6 valid OD pairs for R1C1_C
Generating focused traffic: Period 6.9323s
[INFO] Subscriptions active: 6 (libsumo, fast mode)
[INFO] Episode duration: 3600s (60 min)

[DEBUG] 🎯 Célzott Forgalom Generálása (R1C1_C) | Period: 6.4583
Found 6 valid OD pairs for R1C1_C
Generating focused traffic: Period 6.4583s
[INFO] Subscriptions active: 6 (libsumo, fast mode)
[INFO] Episode duration: 1800s (30 min)

[DEBUG] 🎯 Célzott Forgalom Generálása (R1C1_C) | Period: 6.9628
Found 6 valid OD pairs for R1C1_C
Generating focused traffic: Period 6.9628s
[INFO] Subscriptions active: 6 (libsumo, fast mode)
[INFO] Episode duration: 2700s (45 min)

[DEBUG] 🎯 Célzott Forgalom Generálása (R1C1_C) | Period: 5.8548
Found 6 valid OD pairs for R1C1_C
Generating focused traffic: Period 5.8548s
[INFO] Subscriptions active: 6 (libsumo, fast mode)
[INFO] Episode duration: 3600s (60 min)

[DEBUG] 🎯 Célzott Forgalom Generálása (R1C1_C) | Period: 4.8423
Found 6 valid OD pairs for R1C1_C
Generating focused traffic: Period 4.8423s
[INFO] Subscriptions active: 6 (libsumo, fast mode)
[INFO] Episode duration: 3600s (60 min)

[DEBUG] 🎯 Célzott Forgalom Generálása (R1C1_C) | Period: 6.1337
Found 6 valid OD pairs for R1C1_C
Generating focused traffic: Period 6.1337s
[INFO] Subscriptions active: 6 (libsumo, fast mode)
[INFO] Episode duration: 2700s (45 min)

[DEBUG] 🎯 Célzott Forgalom Generálása (R1C1_C) | Period: 4.7103
Found 6 valid OD pairs for R1C1_C
Generating focused traffic: Period 4.7103s
[INFO] Subscriptions active: 6 (libsumo, fast mode)
[INFO] Episode duration: 3600s (60 min)

[DEBUG] 🎯 Célzott Forgalom Generálása (R1C1_C) | Period: 4.8387
Found 6 valid OD pairs for R1C1_C
Generating focused traffic: Period 4.8387s
[INFO] Subscriptions active: 6 (libsumo, fast mode)
[INFO] Episode duration: 2700s (45 min)

[DEBUG] 🎯 Célzott Forgalom Generálása (R1C1_C) | Period: 6.1568
Found 6 valid OD pairs for R1C1_C
Generating focused traffic: Period 6.1568s
[INFO] Subscriptions active: 6 (libsumo, fast mode)
[INFO] Episode duration: 2700s (45 min)

[DEBUG] 🎯 Célzott Forgalom Generálása (R1C1_C) | Period: 5.1451
Found 6 valid OD pairs for R1C1_C
Generating focused traffic: Period 5.1451s
[INFO] Subscriptions active: 6 (libsumo, fast mode)
[INFO] Episode duration: 1800s (30 min)

[DEBUG] 🎯 Célzott Forgalom Generálása (R1C1_C) | Period: 6.9654
Found 6 valid OD pairs for R1C1_C
Generating focused traffic: Period 6.9654s
[INFO] Subscriptions active: 6 (libsumo, fast mode)
[INFO] Episode duration: 1800s (30 min)

[DEBUG] 🎯 Célzott Forgalom Generálása (R1C1_C) | Period: 6.6904
Found 6 valid OD pairs for R1C1_C
Generating focused traffic: Period 6.6904s
[INFO] Subscriptions active: 6 (libsumo, fast mode)
[INFO] Episode duration: 2700s (45 min)

[DEBUG] 🎯 Célzott Forgalom Generálása (R1C1_C) | Period: 6.3029
Found 6 valid OD pairs for R1C1_C
Generating focused traffic: Period 6.3029s
[INFO] Subscriptions active: 6 (libsumo, fast mode)
[INFO] Episode duration: 2700s (45 min)

[DEBUG] 🎯 Célzott Forgalom Generálása (R1C1_C) | Period: 4.0186
Found 6 valid OD pairs for R1C1_C
Generating focused traffic: Period 4.0186s
[INFO] Subscriptions active: 6 (libsumo, fast mode)
[INFO] Episode duration: 900s (15 min)

[DEBUG] 🎯 Célzott Forgalom Generálása (R1C1_C) | Period: 5.8942
Found 6 valid OD pairs for R1C1_C
Generating focused traffic: Period 5.8942s
[INFO] Subscriptions active: 6 (libsumo, fast mode)
[INFO] Episode duration: 1800s (30 min)

[DEBUG] 🎯 Célzott Forgalom Generálása (R1C1_C) | Period: 4.8228
Found 6 valid OD pairs for R1C1_C
Generating focused traffic: Period 4.8228s
[INFO] Subscriptions active: 6 (libsumo, fast mode)
[INFO] Episode duration: 2700s (45 min)

[DEBUG] 🎯 Célzott Forgalom Generálása (R1C1_C) | Period: 7.416
Found 6 valid OD pairs for R1C1_C
Generating focused traffic: Period 7.4160s
[INFO] Subscriptions active: 6 (libsumo, fast mode)
------------------------------------
| rollout/              |          |
|    ep_len_mean        | 452      |
|    ep_rew_mean        | 152      |
| time/                 |          |
|    fps                | 183      |
|    iterations         | 10       |
|    time_elapsed       | 111      |
|    total_timesteps    | 20480    |
| train/                |          |
|    entropy_loss       | -1.39    |
|    explained_variance | 0.00209  |
|    learning_rate      | 0.0001   |
|    n_updates          | 9        |
|    policy_loss        | 32.7     |
|    value_loss         | 652      |
------------------------------------
[INFO] Episode duration: 1800s (30 min)

[DEBUG] 🎯 Célzott Forgalom Generálása (R1C1_C) | Period: 4.6617
Found 6 valid OD pairs for R1C1_C
Generating focused traffic: Period 4.6617s
[INFO] Subscriptions active: 6 (libsumo, fast mode)
[INFO] Episode duration: 3600s (60 min)

[DEBUG] 🎯 Célzott Forgalom Generálása (R1C1_C) | Period: 6.6758
Found 6 valid OD pairs for R1C1_C
Generating focused traffic: Period 6.6758s
[INFO] Subscriptions active: 6 (libsumo, fast mode)
[INFO] Episode duration: 2700s (45 min)

[DEBUG] 🎯 Célzott Forgalom Generálása (R1C1_C) | Period: 7.9588
Found 6 valid OD pairs for R1C1_C
Generating focused traffic: Period 7.9588s
[INFO] Subscriptions active: 6 (libsumo, fast mode)
[INFO] Episode duration: 900s (15 min)

[DEBUG] 🎯 Célzott Forgalom Generálása (R1C1_C) | Period: 4.9929
Found 6 valid OD pairs for R1C1_C
Generating focused traffic: Period 4.9929s
[INFO] Subscriptions active: 6 (libsumo, fast mode)
[INFO] Episode duration: 2700s (45 min)

[DEBUG] 🎯 Célzott Forgalom Generálása (R1C1_C) | Period: 4.4815
Found 6 valid OD pairs for R1C1_C
Generating focused traffic: Period 4.4815s
[INFO] Subscriptions active: 6 (libsumo, fast mode)
[INFO] Episode duration: 3600s (60 min)

[DEBUG] 🎯 Célzott Forgalom Generálása (R1C1_C) | Period: 5.9923
Found 6 valid OD pairs for R1C1_C
Generating focused traffic: Period 5.9923s
[INFO] Subscriptions active: 6 (libsumo, fast mode)
[INFO] Episode duration: 900s (15 min)

[DEBUG] 🎯 Célzott Forgalom Generálása (R1C1_C) | Period: 4.2464
Found 6 valid OD pairs for R1C1_C
Generating focused traffic: Period 4.2464s
[INFO] Subscriptions active: 6 (libsumo, fast mode)
[INFO] Episode duration: 3600s (60 min)

[DEBUG] 🎯 Célzott Forgalom Generálása (R1C1_C) | Period: 7.9571
Found 6 valid OD pairs for R1C1_C
Generating focused traffic: Period 7.9571s
[INFO] Subscriptions active: 6 (libsumo, fast mode)
[INFO] Episode duration: 1800s (30 min)

[DEBUG] 🎯 Célzott Forgalom Generálása (R1C1_C) | Period: 5.6304
Found 6 valid OD pairs for R1C1_C
Generating focused traffic: Period 5.6304s
[INFO] Subscriptions active: 6 (libsumo, fast mode)
[INFO] Episode duration: 3600s (60 min)

[DEBUG] 🎯 Célzott Forgalom Generálása (R1C1_C) | Period: 5.6417
Found 6 valid OD pairs for R1C1_C
Generating focused traffic: Period 5.6417s
[INFO] Subscriptions active: 6 (libsumo, fast mode)
[INFO] Episode duration: 900s (15 min)

[DEBUG] 🎯 Célzott Forgalom Generálása (R1C1_C) | Period: 5.2132
Found 6 valid OD pairs for R1C1_C
Generating focused traffic: Period 5.2132s
[INFO] Subscriptions active: 6 (libsumo, fast mode)
[INFO] Episode duration: 2700s (45 min)

[DEBUG] 🎯 Célzott Forgalom Generálása (R1C1_C) | Period: 6.9869
Found 6 valid OD pairs for R1C1_C
Generating focused traffic: Period 6.9869s
[INFO] Subscriptions active: 6 (libsumo, fast mode)
[INFO] Episode duration: 1800s (30 min)

[DEBUG] 🎯 Célzott Forgalom Generálása (R1C1_C) | Period: 7.5621
Found 6 valid OD pairs for R1C1_C
Generating focused traffic: Period 7.5621s
[INFO] Subscriptions active: 6 (libsumo, fast mode)
[INFO] Episode duration: 900s (15 min)

[DEBUG] 🎯 Célzott Forgalom Generálása (R1C1_C) | Period: 5.9139
Found 6 valid OD pairs for R1C1_C
Generating focused traffic: Period 5.9139s
[INFO] Subscriptions active: 6 (libsumo, fast mode)
[INFO] Episode duration: 900s (15 min)

[DEBUG] 🎯 Célzott Forgalom Generálása (R1C1_C) | Period: 5.192
Found 6 valid OD pairs for R1C1_C
Generating focused traffic: Period 5.1920s
[INFO] Subscriptions active: 6 (libsumo, fast mode)
[INFO] Episode duration: 2700s (45 min)

[DEBUG] 🎯 Célzott Forgalom Generálása (R1C1_C) | Period: 5.0582
Found 6 valid OD pairs for R1C1_C
Generating focused traffic: Period 5.0582s
[INFO] Subscriptions active: 6 (libsumo, fast mode)
[INFO] Episode duration: 900s (15 min)

[DEBUG] 🎯 Célzott Forgalom Generálása (R1C1_C) | Period: 4.2534
Found 6 valid OD pairs for R1C1_C
Generating focused traffic: Period 4.2534s
[INFO] Subscriptions active: 6 (libsumo, fast mode)
[INFO] Episode duration: 2700s (45 min)

[DEBUG] 🎯 Célzott Forgalom Generálása (R1C1_C) | Period: 4.5028
Found 6 valid OD pairs for R1C1_C
Generating focused traffic: Period 4.5028s
[INFO] Subscriptions active: 6 (libsumo, fast mode)
[INFO] Episode duration: 3600s (60 min)

[DEBUG] 🎯 Célzott Forgalom Generálása (R1C1_C) | Period: 6.1295
Found 6 valid OD pairs for R1C1_C
Generating focused traffic: Period 6.1295s
[INFO] Subscriptions active: 6 (libsumo, fast mode)
[INFO] Episode duration: 1800s (30 min)

[DEBUG] 🎯 Célzott Forgalom Generálása (R1C1_C) | Period: 4.817
Found 6 valid OD pairs for R1C1_C
Generating focused traffic: Period 4.8170s
[INFO] Subscriptions active: 6 (libsumo, fast mode)
[INFO] Episode duration: 1800s (30 min)

[DEBUG] 🎯 Célzott Forgalom Generálása (R1C1_C) | Period: 5.0581
Found 6 valid OD pairs for R1C1_C
Generating focused traffic: Period 5.0581s
[INFO] Subscriptions active: 6 (libsumo, fast mode)
[INFO] Episode duration: 900s (15 min)

[DEBUG] 🎯 Célzott Forgalom Generálása (R1C1_C) | Period: 6.2314
Found 6 valid OD pairs for R1C1_C
Generating focused traffic: Period 6.2314s
[INFO] Subscriptions active: 6 (libsumo, fast mode)
[INFO] Episode duration: 3600s (60 min)

[DEBUG] 🎯 Célzott Forgalom Generálása (R1C1_C) | Period: 4.9122
Found 6 valid OD pairs for R1C1_C
Generating focused traffic: Period 4.9122s
[INFO] Subscriptions active: 6 (libsumo, fast mode)
[INFO] Episode duration: 3600s (60 min)

[DEBUG] 🎯 Célzott Forgalom Generálása (R1C1_C) | Period: 5.8288
Found 6 valid OD pairs for R1C1_C
Generating focused traffic: Period 5.8288s
[INFO] Subscriptions active: 6 (libsumo, fast mode)
[INFO] Episode duration: 2700s (45 min)

[DEBUG] 🎯 Célzott Forgalom Generálása (R1C1_C) | Period: 6.3948
Found 6 valid OD pairs for R1C1_C
Generating focused traffic: Period 6.3948s
[INFO] Subscriptions active: 6 (libsumo, fast mode)
[INFO] Episode duration: 2700s (45 min)

[DEBUG] 🎯 Célzott Forgalom Generálása (R1C1_C) | Period: 6.4717
Found 6 valid OD pairs for R1C1_C
Generating focused traffic: Period 6.4717s
[INFO] Subscriptions active: 6 (libsumo, fast mode)
[INFO] Episode duration: 900s (15 min)

[DEBUG] 🎯 Célzott Forgalom Generálása (R1C1_C) | Period: 6.3105
Found 6 valid OD pairs for R1C1_C
Generating focused traffic: Period 6.3105s
[INFO] Subscriptions active: 6 (libsumo, fast mode)
[INFO] Episode duration: 2700s (45 min)

[DEBUG] 🎯 Célzott Forgalom Generálása (R1C1_C) | Period: 5.3793
Found 6 valid OD pairs for R1C1_C
Generating focused traffic: Period 5.3793s
[INFO] Subscriptions active: 6 (libsumo, fast mode)
[INFO] Episode duration: 2700s (45 min)

[DEBUG] 🎯 Célzott Forgalom Generálása (R1C1_C) | Period: 6.7971
Found 6 valid OD pairs for R1C1_C
Generating focused traffic: Period 6.7971s
[INFO] Subscriptions active: 6 (libsumo, fast mode)
[INFO] Episode duration: 2700s (45 min)

[DEBUG] 🎯 Célzott Forgalom Generálása (R1C1_C) | Period: 6.1153
Found 6 valid OD pairs for R1C1_C
Generating focused traffic: Period 6.1153s
[INFO] Subscriptions active: 6 (libsumo, fast mode)
[INFO] Episode duration: 2700s (45 min)

[DEBUG] 🎯 Célzott Forgalom Generálása (R1C1_C) | Period: 7.2852
Found 6 valid OD pairs for R1C1_C
Generating focused traffic: Period 7.2852s
[INFO] Subscriptions active: 6 (libsumo, fast mode)
[INFO] Episode duration: 900s (15 min)

[DEBUG] 🎯 Célzott Forgalom Generálása (R1C1_C) | Period: 5.8474
Found 6 valid OD pairs for R1C1_C
Generating focused traffic: Period 5.8474s
[INFO] Subscriptions active: 6 (libsumo, fast mode)
[INFO] Episode duration: 1800s (30 min)

[DEBUG] 🎯 Célzott Forgalom Generálása (R1C1_C) | Period: 4.5089
Found 6 valid OD pairs for R1C1_C
Generating focused traffic: Period 4.5089s
[INFO] Subscriptions active: 6 (libsumo, fast mode)
[INFO] Episode duration: 2700s (45 min)

[DEBUG] 🎯 Célzott Forgalom Generálása (R1C1_C) | Period: 4.401
Found 6 valid OD pairs for R1C1_C
Generating focused traffic: Period 4.4010s
[INFO] Subscriptions active: 6 (libsumo, fast mode)
[INFO] Episode duration: 2700s (45 min)

[DEBUG] 🎯 Célzott Forgalom Generálása (R1C1_C) | Period: 7.7833
Found 6 valid OD pairs for R1C1_C
Generating focused traffic: Period 7.7833s
[INFO] Subscriptions active: 6 (libsumo, fast mode)
[INFO] Episode duration: 2700s (45 min)

[DEBUG] 🎯 Célzott Forgalom Generálása (R1C1_C) | Period: 5.7125
Found 6 valid OD pairs for R1C1_C
Generating focused traffic: Period 5.7125s
[INFO] Subscriptions active: 6 (libsumo, fast mode)
[INFO] Episode duration: 900s (15 min)

[DEBUG] 🎯 Célzott Forgalom Generálása (R1C1_C) | Period: 4.0901
Found 6 valid OD pairs for R1C1_C
Generating focused traffic: Period 4.0901s
[INFO] Subscriptions active: 6 (libsumo, fast mode)
[INFO] Episode duration: 3600s (60 min)

[DEBUG] 🎯 Célzott Forgalom Generálása (R1C1_C) | Period: 6.0974
Found 6 valid OD pairs for R1C1_C
Generating focused traffic: Period 6.0974s
[INFO] Subscriptions active: 6 (libsumo, fast mode)
[INFO] Episode duration: 3600s (60 min)

[DEBUG] 🎯 Célzott Forgalom Generálása (R1C1_C) | Period: 5.5371
Found 6 valid OD pairs for R1C1_C
Generating focused traffic: Period 5.5371s
[INFO] Subscriptions active: 6 (libsumo, fast mode)
[INFO] Episode duration: 3600s (60 min)

[DEBUG] 🎯 Célzott Forgalom Generálása (R1C1_C) | Period: 6.2646
Found 6 valid OD pairs for R1C1_C
Generating focused traffic: Period 6.2646s
[INFO] Subscriptions active: 6 (libsumo, fast mode)
[INFO] Episode duration: 900s (15 min)

[DEBUG] 🎯 Célzott Forgalom Generálása (R1C1_C) | Period: 6.8825
Found 6 valid OD pairs for R1C1_C
Generating focused traffic: Period 6.8825s
[INFO] Subscriptions active: 6 (libsumo, fast mode)
[INFO] Episode duration: 900s (15 min)

[DEBUG] 🎯 Célzott Forgalom Generálása (R1C1_C) | Period: 4.3122
Found 6 valid OD pairs for R1C1_C
Generating focused traffic: Period 4.3122s
[INFO] Subscriptions active: 6 (libsumo, fast mode)
[INFO] Episode duration: 900s (15 min)

[DEBUG] 🎯 Célzott Forgalom Generálása (R1C1_C) | Period: 7.0972
Found 6 valid OD pairs for R1C1_C
Generating focused traffic: Period 7.0972s
[INFO] Subscriptions active: 6 (libsumo, fast mode)
[INFO] Episode duration: 3600s (60 min)

[DEBUG] 🎯 Célzott Forgalom Generálása (R1C1_C) | Period: 6.0534
Found 6 valid OD pairs for R1C1_C
Generating focused traffic: Period 6.0534s
[INFO] Subscriptions active: 6 (libsumo, fast mode)
[INFO] Episode duration: 2700s (45 min)

[DEBUG] 🎯 Célzott Forgalom Generálása (R1C1_C) | Period: 7.9213
Found 6 valid OD pairs for R1C1_C
Generating focused traffic: Period 7.9213s
[INFO] Subscriptions active: 6 (libsumo, fast mode)
------------------------------------
| rollout/              |          |
|    ep_len_mean        | 454      |
|    ep_rew_mean        | 153      |
| time/                 |          |
|    fps                | 184      |
|    iterations         | 20       |
|    time_elapsed       | 222      |
|    total_timesteps    | 40960    |
| train/                |          |
|    entropy_loss       | -1.39    |
|    explained_variance | -0.00258 |
|    learning_rate      | 0.0001   |
|    n_updates          | 19       |
|    policy_loss        | 33.2     |
|    value_loss         | 662      |
------------------------------------
[INFO] Episode duration: 2700s (45 min)

[DEBUG] 🎯 Célzott Forgalom Generálása (R1C1_C) | Period: 7.6786
Found 6 valid OD pairs for R1C1_C
Generating focused traffic: Period 7.6786s
[INFO] Subscriptions active: 6 (libsumo, fast mode)
[INFO] Episode duration: 900s (15 min)

[DEBUG] 🎯 Célzott Forgalom Generálása (R1C1_C) | Period: 7.5788
Found 6 valid OD pairs for R1C1_C
Generating focused traffic: Period 7.5788s
[INFO] Subscriptions active: 6 (libsumo, fast mode)
[INFO] Episode duration: 1800s (30 min)

[DEBUG] 🎯 Célzott Forgalom Generálása (R1C1_C) | Period: 4.496
Found 6 valid OD pairs for R1C1_C
Generating focused traffic: Period 4.4960s
[INFO] Subscriptions active: 6 (libsumo, fast mode)
[INFO] Episode duration: 3600s (60 min)

[DEBUG] 🎯 Célzott Forgalom Generálása (R1C1_C) | Period: 4.1179
Found 6 valid OD pairs for R1C1_C
Generating focused traffic: Period 4.1179s
[INFO] Subscriptions active: 6 (libsumo, fast mode)
[INFO] Episode duration: 1800s (30 min)

[DEBUG] 🎯 Célzott Forgalom Generálása (R1C1_C) | Period: 4.327
Found 6 valid OD pairs for R1C1_C
Generating focused traffic: Period 4.3270s
[INFO] Subscriptions active: 6 (libsumo, fast mode)
[INFO] Episode duration: 3600s (60 min)

[DEBUG] 🎯 Célzott Forgalom Generálása (R1C1_C) | Period: 6.417
Found 6 valid OD pairs for R1C1_C
Generating focused traffic: Period 6.4170s
[INFO] Subscriptions active: 6 (libsumo, fast mode)
[INFO] Episode duration: 900s (15 min)

[DEBUG] 🎯 Célzott Forgalom Generálása (R1C1_C) | Period: 4.9912
Found 6 valid OD pairs for R1C1_C
Generating focused traffic: Period 4.9912s
[INFO] Subscriptions active: 6 (libsumo, fast mode)
[INFO] Episode duration: 3600s (60 min)

[DEBUG] 🎯 Célzott Forgalom Generálása (R1C1_C) | Period: 7.9191
Found 6 valid OD pairs for R1C1_C
Generating focused traffic: Period 7.9191s
[INFO] Subscriptions active: 6 (libsumo, fast mode)
[INFO] Episode duration: 1800s (30 min)

[DEBUG] 🎯 Célzott Forgalom Generálása (R1C1_C) | Period: 4.8885
Found 6 valid OD pairs for R1C1_C
Generating focused traffic: Period 4.8885s
[INFO] Subscriptions active: 6 (libsumo, fast mode)
[INFO] Episode duration: 3600s (60 min)

[DEBUG] 🎯 Célzott Forgalom Generálása (R1C1_C) | Period: 4.3012
Found 6 valid OD pairs for R1C1_C
Generating focused traffic: Period 4.3012s
[INFO] Subscriptions active: 6 (libsumo, fast mode)
[INFO] Episode duration: 2700s (45 min)

[DEBUG] 🎯 Célzott Forgalom Generálása (R1C1_C) | Period: 4.1358
Found 6 valid OD pairs for R1C1_C
Generating focused traffic: Period 4.1358s
[INFO] Subscriptions active: 6 (libsumo, fast mode)
[INFO] Episode duration: 3600s (60 min)

[DEBUG] 🎯 Célzott Forgalom Generálása (R1C1_C) | Period: 7.4246
Found 6 valid OD pairs for R1C1_C
Generating focused traffic: Period 7.4246s
[INFO] Subscriptions active: 6 (libsumo, fast mode)
[INFO] Episode duration: 1800s (30 min)

[DEBUG] 🎯 Célzott Forgalom Generálása (R1C1_C) | Period: 5.3112
Found 6 valid OD pairs for R1C1_C
Generating focused traffic: Period 5.3112s
[INFO] Subscriptions active: 6 (libsumo, fast mode)
[INFO] Episode duration: 2700s (45 min)

[DEBUG] 🎯 Célzott Forgalom Generálása (R1C1_C) | Period: 4.4197
Found 6 valid OD pairs for R1C1_C
Generating focused traffic: Period 4.4197s
[INFO] Subscriptions active: 6 (libsumo, fast mode)
[INFO] Episode duration: 1800s (30 min)

[DEBUG] 🎯 Célzott Forgalom Generálása (R1C1_C) | Period: 5.4296
Found 6 valid OD pairs for R1C1_C
Generating focused traffic: Period 5.4296s
[INFO] Subscriptions active: 6 (libsumo, fast mode)
[INFO] Episode duration: 900s (15 min)

[DEBUG] 🎯 Célzott Forgalom Generálása (R1C1_C) | Period: 5.3118
Found 6 valid OD pairs for R1C1_C
Generating focused traffic: Period 5.3118s
[INFO] Subscriptions active: 6 (libsumo, fast mode)
[INFO] Episode duration: 1800s (30 min)

[DEBUG] 🎯 Célzott Forgalom Generálása (R1C1_C) | Period: 7.0055
Found 6 valid OD pairs for R1C1_C
Generating focused traffic: Period 7.0055s
[INFO] Subscriptions active: 6 (libsumo, fast mode)
[INFO] Episode duration: 1800s (30 min)

[DEBUG] 🎯 Célzott Forgalom Generálása (R1C1_C) | Period: 7.8097
Found 6 valid OD pairs for R1C1_C
Generating focused traffic: Period 7.8097s
[INFO] Subscriptions active: 6 (libsumo, fast mode)
[INFO] Episode duration: 3600s (60 min)

[DEBUG] 🎯 Célzott Forgalom Generálása (R1C1_C) | Period: 7.6968
Found 6 valid OD pairs for R1C1_C
Generating focused traffic: Period 7.6968s
[INFO] Subscriptions active: 6 (libsumo, fast mode)
[INFO] Episode duration: 900s (15 min)

[DEBUG] 🎯 Célzott Forgalom Generálása (R1C1_C) | Period: 6.4775
Found 6 valid OD pairs for R1C1_C
Generating focused traffic: Period 6.4775s
[INFO] Subscriptions active: 6 (libsumo, fast mode)
[INFO] Episode duration: 2700s (45 min)

[DEBUG] 🎯 Célzott Forgalom Generálása (R1C1_C) | Period: 5.1892
Found 6 valid OD pairs for R1C1_C
Generating focused traffic: Period 5.1892s
[INFO] Subscriptions active: 6 (libsumo, fast mode)
[INFO] Episode duration: 900s (15 min)

[DEBUG] 🎯 Célzott Forgalom Generálása (R1C1_C) | Period: 7.332
Found 6 valid OD pairs for R1C1_C
Generating focused traffic: Period 7.3320s
[INFO] Subscriptions active: 6 (libsumo, fast mode)
[INFO] Episode duration: 3600s (60 min)

[DEBUG] 🎯 Célzott Forgalom Generálása (R1C1_C) | Period: 6.3237
Found 6 valid OD pairs for R1C1_C
Generating focused traffic: Period 6.3237s
[INFO] Subscriptions active: 6 (libsumo, fast mode)
[INFO] Episode duration: 2700s (45 min)

[DEBUG] 🎯 Célzott Forgalom Generálása (R1C1_C) | Period: 4.0183
Found 6 valid OD pairs for R1C1_C
Generating focused traffic: Period 4.0183s
[INFO] Subscriptions active: 6 (libsumo, fast mode)
[INFO] Episode duration: 1800s (30 min)

[DEBUG] 🎯 Célzott Forgalom Generálása (R1C1_C) | Period: 4.7122
Found 6 valid OD pairs for R1C1_C
Generating focused traffic: Period 4.7122s
[INFO] Subscriptions active: 6 (libsumo, fast mode)
[INFO] Episode duration: 2700s (45 min)

[DEBUG] 🎯 Célzott Forgalom Generálása (R1C1_C) | Period: 5.9313
Found 6 valid OD pairs for R1C1_C
Generating focused traffic: Period 5.9313s
[INFO] Subscriptions active: 6 (libsumo, fast mode)
[INFO] Episode duration: 2700s (45 min)

[DEBUG] 🎯 Célzott Forgalom Generálása (R1C1_C) | Period: 4.194
Found 6 valid OD pairs for R1C1_C
Generating focused traffic: Period 4.1940s
[INFO] Subscriptions active: 6 (libsumo, fast mode)
[INFO] Episode duration: 2700s (45 min)

[DEBUG] 🎯 Célzott Forgalom Generálása (R1C1_C) | Period: 5.7706
Found 6 valid OD pairs for R1C1_C
Generating focused traffic: Period 5.7706s
[INFO] Subscriptions active: 6 (libsumo, fast mode)
[INFO] Episode duration: 3600s (60 min)

[DEBUG] 🎯 Célzott Forgalom Generálása (R1C1_C) | Period: 4.6924
Found 6 valid OD pairs for R1C1_C
Generating focused traffic: Period 4.6924s
[INFO] Subscriptions active: 6 (libsumo, fast mode)
[INFO] Episode duration: 1800s (30 min)

[DEBUG] 🎯 Célzott Forgalom Generálása (R1C1_C) | Period: 4.5487
Found 6 valid OD pairs for R1C1_C
Generating focused traffic: Period 4.5487s
[INFO] Subscriptions active: 6 (libsumo, fast mode)
[INFO] Episode duration: 900s (15 min)

[DEBUG] 🎯 Célzott Forgalom Generálása (R1C1_C) | Period: 4.2903
Found 6 valid OD pairs for R1C1_C
Generating focused traffic: Period 4.2903s
[INFO] Subscriptions active: 6 (libsumo, fast mode)
[INFO] Episode duration: 1800s (30 min)

[DEBUG] 🎯 Célzott Forgalom Generálása (R1C1_C) | Period: 6.6892
Found 6 valid OD pairs for R1C1_C
Generating focused traffic: Period 6.6892s
[INFO] Subscriptions active: 6 (libsumo, fast mode)
[INFO] Episode duration: 1800s (30 min)

[DEBUG] 🎯 Célzott Forgalom Generálása (R1C1_C) | Period: 5.6145
Found 6 valid OD pairs for R1C1_C
Generating focused traffic: Period 5.6145s
[INFO] Subscriptions active: 6 (libsumo, fast mode)
[INFO] Episode duration: 1800s (30 min)

[DEBUG] 🎯 Célzott Forgalom Generálása (R1C1_C) | Period: 6.0122
Found 6 valid OD pairs for R1C1_C
Generating focused traffic: Period 6.0122s
[INFO] Subscriptions active: 6 (libsumo, fast mode)
[INFO] Episode duration: 3600s (60 min)

[DEBUG] 🎯 Célzott Forgalom Generálása (R1C1_C) | Period: 5.3097
Found 6 valid OD pairs for R1C1_C
Generating focused traffic: Period 5.3097s
[INFO] Subscriptions active: 6 (libsumo, fast mode)
[INFO] Episode duration: 3600s (60 min)

[DEBUG] 🎯 Célzott Forgalom Generálása (R1C1_C) | Period: 5.2394
Found 6 valid OD pairs for R1C1_C
Generating focused traffic: Period 5.2394s
[INFO] Subscriptions active: 6 (libsumo, fast mode)
[INFO] Episode duration: 900s (15 min)

[DEBUG] 🎯 Célzott Forgalom Generálása (R1C1_C) | Period: 7.9313
Found 6 valid OD pairs for R1C1_C
Generating focused traffic: Period 7.9313s
[INFO] Subscriptions active: 6 (libsumo, fast mode)
[INFO] Episode duration: 2700s (45 min)

[DEBUG] 🎯 Célzott Forgalom Generálása (R1C1_C) | Period: 5.9048
Found 6 valid OD pairs for R1C1_C
Generating focused traffic: Period 5.9048s
[INFO] Subscriptions active: 6 (libsumo, fast mode)
[INFO] Episode duration: 1800s (30 min)

[DEBUG] 🎯 Célzott Forgalom Generálása (R1C1_C) | Period: 5.4811
Found 6 valid OD pairs for R1C1_C
Generating focused traffic: Period 5.4811s
[INFO] Subscriptions active: 6 (libsumo, fast mode)
[INFO] Episode duration: 3600s (60 min)

[DEBUG] 🎯 Célzott Forgalom Generálása (R1C1_C) | Period: 4.3477
Found 6 valid OD pairs for R1C1_C
Generating focused traffic: Period 4.3477s
[INFO] Subscriptions active: 6 (libsumo, fast mode)
[INFO] Episode duration: 3600s (60 min)

[DEBUG] 🎯 Célzott Forgalom Generálása (R1C1_C) | Period: 4.4052
Found 6 valid OD pairs for R1C1_C
Generating focused traffic: Period 4.4052s
[INFO] Subscriptions active: 6 (libsumo, fast mode)
[INFO] Episode duration: 1800s (30 min)

[DEBUG] 🎯 Célzott Forgalom Generálása (R1C1_C) | Period: 6.0457
Found 6 valid OD pairs for R1C1_C
Generating focused traffic: Period 6.0457s
[INFO] Subscriptions active: 6 (libsumo, fast mode)
[INFO] Episode duration: 1800s (30 min)

[DEBUG] 🎯 Célzott Forgalom Generálása (R1C1_C) | Period: 6.9526
Found 6 valid OD pairs for R1C1_C
Generating focused traffic: Period 6.9526s
[INFO] Subscriptions active: 6 (libsumo, fast mode)
------------------------------------
| rollout/              |          |
|    ep_len_mean        | 470      |
|    ep_rew_mean        | 153      |
| time/                 |          |
|    fps                | 184      |
|    iterations         | 30       |
|    time_elapsed       | 333      |
|    total_timesteps    | 61440    |
| train/                |          |
|    entropy_loss       | -1.39    |
|    explained_variance | -0.00363 |
|    learning_rate      | 0.0001   |
|    n_updates          | 29       |
|    policy_loss        | 31.5     |
|    value_loss         | 602      |
------------------------------------
[INFO] Episode duration: 1800s (30 min)

[DEBUG] 🎯 Célzott Forgalom Generálása (R1C1_C) | Period: 5.0992
Found 6 valid OD pairs for R1C1_C
Generating focused traffic: Period 5.0992s
[INFO] Subscriptions active: 6 (libsumo, fast mode)
[INFO] Episode duration: 3600s (60 min)

[DEBUG] 🎯 Célzott Forgalom Generálása (R1C1_C) | Period: 4.7233
Found 6 valid OD pairs for R1C1_C
Generating focused traffic: Period 4.7233s
[INFO] Subscriptions active: 6 (libsumo, fast mode)
[INFO] Episode duration: 900s (15 min)

[DEBUG] 🎯 Célzott Forgalom Generálása (R1C1_C) | Period: 6.2689
Found 6 valid OD pairs for R1C1_C
Generating focused traffic: Period 6.2689s
[INFO] Subscriptions active: 6 (libsumo, fast mode)
[INFO] Episode duration: 3600s (60 min)

[DEBUG] 🎯 Célzott Forgalom Generálása (R1C1_C) | Period: 7.7244
Found 6 valid OD pairs for R1C1_C
Generating focused traffic: Period 7.7244s
[INFO] Subscriptions active: 6 (libsumo, fast mode)
[INFO] Episode duration: 1800s (30 min)

[DEBUG] 🎯 Célzott Forgalom Generálása (R1C1_C) | Period: 6.9522
Found 6 valid OD pairs for R1C1_C
Generating focused traffic: Period 6.9522s
[INFO] Subscriptions active: 6 (libsumo, fast mode)
[INFO] Episode duration: 1800s (30 min)

[DEBUG] 🎯 Célzott Forgalom Generálása (R1C1_C) | Period: 7.5942
Found 6 valid OD pairs for R1C1_C
Generating focused traffic: Period 7.5942s
[INFO] Subscriptions active: 6 (libsumo, fast mode)
[INFO] Episode duration: 900s (15 min)

[DEBUG] 🎯 Célzott Forgalom Generálása (R1C1_C) | Period: 5.4672
Found 6 valid OD pairs for R1C1_C
Generating focused traffic: Period 5.4672s
[INFO] Subscriptions active: 6 (libsumo, fast mode)
[INFO] Episode duration: 3600s (60 min)

[DEBUG] 🎯 Célzott Forgalom Generálása (R1C1_C) | Period: 6.7293
Found 6 valid OD pairs for R1C1_C
Generating focused traffic: Period 6.7293s
[INFO] Subscriptions active: 6 (libsumo, fast mode)
[INFO] Episode duration: 900s (15 min)

[DEBUG] 🎯 Célzott Forgalom Generálása (R1C1_C) | Period: 5.0873
Found 6 valid OD pairs for R1C1_C
Generating focused traffic: Period 5.0873s
[INFO] Subscriptions active: 6 (libsumo, fast mode)
[INFO] Episode duration: 1800s (30 min)

[DEBUG] 🎯 Célzott Forgalom Generálása (R1C1_C) | Period: 5.265
Found 6 valid OD pairs for R1C1_C
Generating focused traffic: Period 5.2650s
[INFO] Subscriptions active: 6 (libsumo, fast mode)
[INFO] Episode duration: 3600s (60 min)

[DEBUG] 🎯 Célzott Forgalom Generálása (R1C1_C) | Period: 5.8956
Found 6 valid OD pairs for R1C1_C
Generating focused traffic: Period 5.8956s
[INFO] Subscriptions active: 6 (libsumo, fast mode)
[INFO] Episode duration: 3600s (60 min)

[DEBUG] 🎯 Célzott Forgalom Generálása (R1C1_C) | Period: 7.669
Found 6 valid OD pairs for R1C1_C
Generating focused traffic: Period 7.6690s
[INFO] Subscriptions active: 6 (libsumo, fast mode)
[INFO] Episode duration: 3600s (60 min)

[DEBUG] 🎯 Célzott Forgalom Generálása (R1C1_C) | Period: 7.914
Found 6 valid OD pairs for R1C1_C
Generating focused traffic: Period 7.9140s
[INFO] Subscriptions active: 6 (libsumo, fast mode)
[INFO] Episode duration: 900s (15 min)

[DEBUG] 🎯 Célzott Forgalom Generálása (R1C1_C) | Period: 6.4407
Found 6 valid OD pairs for R1C1_C
Generating focused traffic: Period 6.4407s
[INFO] Subscriptions active: 6 (libsumo, fast mode)
[INFO] Episode duration: 900s (15 min)

[DEBUG] 🎯 Célzott Forgalom Generálása (R1C1_C) | Period: 6.9484
Found 6 valid OD pairs for R1C1_C
Generating focused traffic: Period 6.9484s
[INFO] Subscriptions active: 6 (libsumo, fast mode)
[INFO] Episode duration: 900s (15 min)

[DEBUG] 🎯 Célzott Forgalom Generálása (R1C1_C) | Period: 5.7697
Found 6 valid OD pairs for R1C1_C
Generating focused traffic: Period 5.7697s
[INFO] Subscriptions active: 6 (libsumo, fast mode)
[INFO] Episode duration: 900s (15 min)

[DEBUG] 🎯 Célzott Forgalom Generálása (R1C1_C) | Period: 7.5915
Found 6 valid OD pairs for R1C1_C
Generating focused traffic: Period 7.5915s
[INFO] Subscriptions active: 6 (libsumo, fast mode)
[INFO] Episode duration: 900s (15 min)

[DEBUG] 🎯 Célzott Forgalom Generálása (R1C1_C) | Period: 6.2345
Found 6 valid OD pairs for R1C1_C
Generating focused traffic: Period 6.2345s
[INFO] Subscriptions active: 6 (libsumo, fast mode)
[INFO] Episode duration: 3600s (60 min)

[DEBUG] 🎯 Célzott Forgalom Generálása (R1C1_C) | Period: 6.4072
Found 6 valid OD pairs for R1C1_C
Generating focused traffic: Period 6.4072s
[INFO] Subscriptions active: 6 (libsumo, fast mode)
[INFO] Episode duration: 3600s (60 min)

[DEBUG] 🎯 Célzott Forgalom Generálása (R1C1_C) | Period: 5.2108
Found 6 valid OD pairs for R1C1_C
Generating focused traffic: Period 5.2108s
[INFO] Subscriptions active: 6 (libsumo, fast mode)
[INFO] Episode duration: 900s (15 min)

[DEBUG] 🎯 Célzott Forgalom Generálása (R1C1_C) | Period: 5.7105
Found 6 valid OD pairs for R1C1_C
Generating focused traffic: Period 5.7105s
[INFO] Subscriptions active: 6 (libsumo, fast mode)
[INFO] Episode duration: 900s (15 min)

[DEBUG] 🎯 Célzott Forgalom Generálása (R1C1_C) | Period: 4.158
Found 6 valid OD pairs for R1C1_C
Generating focused traffic: Period 4.1580s
[INFO] Subscriptions active: 6 (libsumo, fast mode)
[INFO] Episode duration: 900s (15 min)

[DEBUG] 🎯 Célzott Forgalom Generálása (R1C1_C) | Period: 4.718
Found 6 valid OD pairs for R1C1_C
Generating focused traffic: Period 4.7180s
[INFO] Subscriptions active: 6 (libsumo, fast mode)
[INFO] Episode duration: 3600s (60 min)

[DEBUG] 🎯 Célzott Forgalom Generálása (R1C1_C) | Period: 5.0712
Found 6 valid OD pairs for R1C1_C
Generating focused traffic: Period 5.0712s
[INFO] Subscriptions active: 6 (libsumo, fast mode)
[INFO] Episode duration: 1800s (30 min)

[DEBUG] 🎯 Célzott Forgalom Generálása (R1C1_C) | Period: 6.0446
Found 6 valid OD pairs for R1C1_C
Generating focused traffic: Period 6.0446s
[INFO] Subscriptions active: 6 (libsumo, fast mode)
[INFO] Episode duration: 900s (15 min)

[DEBUG] 🎯 Célzott Forgalom Generálása (R1C1_C) | Period: 6.9082
Found 6 valid OD pairs for R1C1_C
Generating focused traffic: Period 6.9082s
[INFO] Subscriptions active: 6 (libsumo, fast mode)
[INFO] Episode duration: 1800s (30 min)

[DEBUG] 🎯 Célzott Forgalom Generálása (R1C1_C) | Period: 6.6013
Found 6 valid OD pairs for R1C1_C
Generating focused traffic: Period 6.6013s
[INFO] Subscriptions active: 6 (libsumo, fast mode)
[INFO] Episode duration: 1800s (30 min)

[DEBUG] 🎯 Célzott Forgalom Generálása (R1C1_C) | Period: 7.4352
Found 6 valid OD pairs for R1C1_C
Generating focused traffic: Period 7.4352s
[INFO] Subscriptions active: 6 (libsumo, fast mode)
[INFO] Episode duration: 1800s (30 min)

[DEBUG] 🎯 Célzott Forgalom Generálása (R1C1_C) | Period: 7.4586
Found 6 valid OD pairs for R1C1_C
Generating focused traffic: Period 7.4586s
[INFO] Subscriptions active: 6 (libsumo, fast mode)
[INFO] Episode duration: 1800s (30 min)

[DEBUG] 🎯 Célzott Forgalom Generálása (R1C1_C) | Period: 6.6803
Found 6 valid OD pairs for R1C1_C
Generating focused traffic: Period 6.6803s
[INFO] Subscriptions active: 6 (libsumo, fast mode)
[INFO] Episode duration: 1800s (30 min)

[DEBUG] 🎯 Célzott Forgalom Generálása (R1C1_C) | Period: 4.326
Found 6 valid OD pairs for R1C1_C
Generating focused traffic: Period 4.3260s
[INFO] Subscriptions active: 6 (libsumo, fast mode)
[INFO] Episode duration: 900s (15 min)

[DEBUG] 🎯 Célzott Forgalom Generálása (R1C1_C) | Period: 5.0616
Found 6 valid OD pairs for R1C1_C
Generating focused traffic: Period 5.0616s
[INFO] Subscriptions active: 6 (libsumo, fast mode)
[INFO] Episode duration: 900s (15 min)

[DEBUG] 🎯 Célzott Forgalom Generálása (R1C1_C) | Period: 7.2885
Found 6 valid OD pairs for R1C1_C
Generating focused traffic: Period 7.2885s
[INFO] Subscriptions active: 6 (libsumo, fast mode)
[INFO] Episode duration: 3600s (60 min)

[DEBUG] 🎯 Célzott Forgalom Generálása (R1C1_C) | Period: 7.5986
Found 6 valid OD pairs for R1C1_C
Generating focused traffic: Period 7.5986s
[INFO] Subscriptions active: 6 (libsumo, fast mode)
[INFO] Episode duration: 3600s (60 min)

[DEBUG] 🎯 Célzott Forgalom Generálása (R1C1_C) | Period: 4.4247
Found 6 valid OD pairs for R1C1_C
Generating focused traffic: Period 4.4247s
[INFO] Subscriptions active: 6 (libsumo, fast mode)
[INFO] Episode duration: 3600s (60 min)

[DEBUG] 🎯 Célzott Forgalom Generálása (R1C1_C) | Period: 7.76
Found 6 valid OD pairs for R1C1_C
Generating focused traffic: Period 7.7600s
[INFO] Subscriptions active: 6 (libsumo, fast mode)
[INFO] Episode duration: 3600s (60 min)

[DEBUG] 🎯 Célzott Forgalom Generálása (R1C1_C) | Period: 6.7392
Found 6 valid OD pairs for R1C1_C
Generating focused traffic: Period 6.7392s
[INFO] Subscriptions active: 6 (libsumo, fast mode)
[INFO] Episode duration: 2700s (45 min)

[DEBUG] 🎯 Célzott Forgalom Generálása (R1C1_C) | Period: 7.2082
Found 6 valid OD pairs for R1C1_C
Generating focused traffic: Period 7.2082s
[INFO] Subscriptions active: 6 (libsumo, fast mode)
[INFO] Episode duration: 900s (15 min)

[DEBUG] 🎯 Célzott Forgalom Generálása (R1C1_C) | Period: 5.3881
Found 6 valid OD pairs for R1C1_C
Generating focused traffic: Period 5.3881s
[INFO] Subscriptions active: 6 (libsumo, fast mode)
[INFO] Episode duration: 900s (15 min)

[DEBUG] 🎯 Célzott Forgalom Generálása (R1C1_C) | Period: 6.0905
Found 6 valid OD pairs for R1C1_C
Generating focused traffic: Period 6.0905s
[INFO] Subscriptions active: 6 (libsumo, fast mode)
[INFO] Episode duration: 900s (15 min)

[DEBUG] 🎯 Célzott Forgalom Generálása (R1C1_C) | Period: 6.4309
Found 6 valid OD pairs for R1C1_C
Generating focused traffic: Period 6.4309s
[INFO] Subscriptions active: 6 (libsumo, fast mode)
[INFO] Episode duration: 1800s (30 min)

[DEBUG] 🎯 Célzott Forgalom Generálása (R1C1_C) | Period: 6.0625
Found 6 valid OD pairs for R1C1_C
Generating focused traffic: Period 6.0625s
[INFO] Subscriptions active: 6 (libsumo, fast mode)
[INFO] Episode duration: 2700s (45 min)

[DEBUG] 🎯 Célzott Forgalom Generálása (R1C1_C) | Period: 6.2362
Found 6 valid OD pairs for R1C1_C
Generating focused traffic: Period 6.2362s
[INFO] Subscriptions active: 6 (libsumo, fast mode)
[INFO] Episode duration: 3600s (60 min)

[DEBUG] 🎯 Célzott Forgalom Generálása (R1C1_C) | Period: 7.1885
Found 6 valid OD pairs for R1C1_C
Generating focused traffic: Period 7.1885s
[INFO] Subscriptions active: 6 (libsumo, fast mode)
[INFO] Episode duration: 900s (15 min)

[DEBUG] 🎯 Célzott Forgalom Generálása (R1C1_C) | Period: 4.8803
Found 6 valid OD pairs for R1C1_C
Generating focused traffic: Period 4.8803s
[INFO] Subscriptions active: 6 (libsumo, fast mode)
[INFO] Episode duration: 3600s (60 min)

[DEBUG] 🎯 Célzott Forgalom Generálása (R1C1_C) | Period: 5.0262
Found 6 valid OD pairs for R1C1_C
Generating focused traffic: Period 5.0262s
[INFO] Subscriptions active: 6 (libsumo, fast mode)
[INFO] Episode duration: 900s (15 min)

[DEBUG] 🎯 Célzott Forgalom Generálása (R1C1_C) | Period: 5.7055
Found 6 valid OD pairs for R1C1_C
Generating focused traffic: Period 5.7055s
[INFO] Subscriptions active: 6 (libsumo, fast mode)
[INFO] Episode duration: 2700s (45 min)

[DEBUG] 🎯 Célzott Forgalom Generálása (R1C1_C) | Period: 5.9458
Found 6 valid OD pairs for R1C1_C
Generating focused traffic: Period 5.9458s
[INFO] Subscriptions active: 6 (libsumo, fast mode)
[INFO] Episode duration: 1800s (30 min)

[DEBUG] 🎯 Célzott Forgalom Generálása (R1C1_C) | Period: 7.1232
Found 6 valid OD pairs for R1C1_C
Generating focused traffic: Period 7.1232s
[INFO] Subscriptions active: 6 (libsumo, fast mode)
[INFO] Episode duration: 900s (15 min)

[DEBUG] 🎯 Célzott Forgalom Generálása (R1C1_C) | Period: 4.7311
Found 6 valid OD pairs for R1C1_C
Generating focused traffic: Period 4.7311s
[INFO] Subscriptions active: 6 (libsumo, fast mode)
[INFO] Episode duration: 1800s (30 min)

[DEBUG] 🎯 Célzott Forgalom Generálása (R1C1_C) | Period: 4.1806
Found 6 valid OD pairs for R1C1_C
Generating focused traffic: Period 4.1806s
[INFO] Subscriptions active: 6 (libsumo, fast mode)
------------------------------------
| rollout/              |          |
|    ep_len_mean        | 437      |
|    ep_rew_mean        | 150      |
| time/                 |          |
|    fps                | 184      |
|    iterations         | 40       |
|    time_elapsed       | 443      |
|    total_timesteps    | 81920    |
| train/                |          |
|    entropy_loss       | -1.39    |
|    explained_variance | -0.00301 |
|    learning_rate      | 0.0001   |
|    n_updates          | 39       |
|    policy_loss        | 41.1     |
|    value_loss         | 1.02e+03 |
------------------------------------
[INFO] Episode duration: 2700s (45 min)

[DEBUG] 🎯 Célzott Forgalom Generálása (R1C1_C) | Period: 6.3904
Found 6 valid OD pairs for R1C1_C
Generating focused traffic: Period 6.3904s
[INFO] Subscriptions active: 6 (libsumo, fast mode)
[INFO] Episode duration: 900s (15 min)

[DEBUG] 🎯 Célzott Forgalom Generálása (R1C1_C) | Period: 7.5616
Found 6 valid OD pairs for R1C1_C
Generating focused traffic: Period 7.5616s
[INFO] Subscriptions active: 6 (libsumo, fast mode)
[INFO] Episode duration: 3600s (60 min)

[DEBUG] 🎯 Célzott Forgalom Generálása (R1C1_C) | Period: 4.5113
Found 6 valid OD pairs for R1C1_C
Generating focused traffic: Period 4.5113s
[INFO] Subscriptions active: 6 (libsumo, fast mode)
[INFO] Episode duration: 1800s (30 min)

[DEBUG] 🎯 Célzott Forgalom Generálása (R1C1_C) | Period: 7.4087
Found 6 valid OD pairs for R1C1_C
Generating focused traffic: Period 7.4087s
[INFO] Subscriptions active: 6 (libsumo, fast mode)
[INFO] Episode duration: 1800s (30 min)

[DEBUG] 🎯 Célzott Forgalom Generálása (R1C1_C) | Period: 7.9276
Found 6 valid OD pairs for R1C1_C
Generating focused traffic: Period 7.9276s
[INFO] Subscriptions active: 6 (libsumo, fast mode)
[INFO] Episode duration: 900s (15 min)

[DEBUG] 🎯 Célzott Forgalom Generálása (R1C1_C) | Period: 7.1083
Found 6 valid OD pairs for R1C1_C
Generating focused traffic: Period 7.1083s
[INFO] Subscriptions active: 6 (libsumo, fast mode)
[INFO] Episode duration: 900s (15 min)

[DEBUG] 🎯 Célzott Forgalom Generálása (R1C1_C) | Period: 7.5401
Found 6 valid OD pairs for R1C1_C
Generating focused traffic: Period 7.5401s
[INFO] Subscriptions active: 6 (libsumo, fast mode)
[INFO] Episode duration: 900s (15 min)

[DEBUG] 🎯 Célzott Forgalom Generálása (R1C1_C) | Period: 6.3589
Found 6 valid OD pairs for R1C1_C
Generating focused traffic: Period 6.3589s
[INFO] Subscriptions active: 6 (libsumo, fast mode)
[INFO] Episode duration: 900s (15 min)

[DEBUG] 🎯 Célzott Forgalom Generálása (R1C1_C) | Period: 4.9379
Found 6 valid OD pairs for R1C1_C
Generating focused traffic: Period 4.9379s
[INFO] Subscriptions active: 6 (libsumo, fast mode)
[INFO] Episode duration: 3600s (60 min)

[DEBUG] 🎯 Célzott Forgalom Generálása (R1C1_C) | Period: 5.7912
Found 6 valid OD pairs for R1C1_C
Generating focused traffic: Period 5.7912s
[INFO] Subscriptions active: 6 (libsumo, fast mode)
[INFO] Episode duration: 2700s (45 min)

[DEBUG] 🎯 Célzott Forgalom Generálása (R1C1_C) | Period: 7.5204
Found 6 valid OD pairs for R1C1_C
Generating focused traffic: Period 7.5204s
[INFO] Subscriptions active: 6 (libsumo, fast mode)
[INFO] Episode duration: 2700s (45 min)

[DEBUG] 🎯 Célzott Forgalom Generálása (R1C1_C) | Period: 7.1698
Found 6 valid OD pairs for R1C1_C
Generating focused traffic: Period 7.1698s
[INFO] Subscriptions active: 6 (libsumo, fast mode)
[INFO] Episode duration: 1800s (30 min)

[DEBUG] 🎯 Célzott Forgalom Generálása (R1C1_C) | Period: 6.6821
Found 6 valid OD pairs for R1C1_C
Generating focused traffic: Period 6.6821s
[INFO] Subscriptions active: 6 (libsumo, fast mode)
[INFO] Episode duration: 3600s (60 min)

[DEBUG] 🎯 Célzott Forgalom Generálása (R1C1_C) | Period: 5.3395
Found 6 valid OD pairs for R1C1_C
Generating focused traffic: Period 5.3395s
[INFO] Subscriptions active: 6 (libsumo, fast mode)
[INFO] Episode duration: 1800s (30 min)

[DEBUG] 🎯 Célzott Forgalom Generálása (R1C1_C) | Period: 4.2462
Found 6 valid OD pairs for R1C1_C
Generating focused traffic: Period 4.2462s
[INFO] Subscriptions active: 6 (libsumo, fast mode)
[INFO] Episode duration: 3600s (60 min)

[DEBUG] 🎯 Célzott Forgalom Generálása (R1C1_C) | Period: 4.2775
Found 6 valid OD pairs for R1C1_C
Generating focused traffic: Period 4.2775s
[INFO] Subscriptions active: 6 (libsumo, fast mode)
[INFO] Episode duration: 900s (15 min)

[DEBUG] 🎯 Célzott Forgalom Generálása (R1C1_C) | Period: 4.3704
Found 6 valid OD pairs for R1C1_C
Generating focused traffic: Period 4.3704s
[INFO] Subscriptions active: 6 (libsumo, fast mode)
[INFO] Episode duration: 1800s (30 min)

[DEBUG] 🎯 Célzott Forgalom Generálása (R1C1_C) | Period: 7.1861
Found 6 valid OD pairs for R1C1_C
Generating focused traffic: Period 7.1861s
[INFO] Subscriptions active: 6 (libsumo, fast mode)
[INFO] Episode duration: 900s (15 min)

[DEBUG] 🎯 Célzott Forgalom Generálása (R1C1_C) | Period: 6.4755
Found 6 valid OD pairs for R1C1_C
Generating focused traffic: Period 6.4755s
[INFO] Subscriptions active: 6 (libsumo, fast mode)
[INFO] Episode duration: 3600s (60 min)

[DEBUG] 🎯 Célzott Forgalom Generálása (R1C1_C) | Period: 4.8221
Found 6 valid OD pairs for R1C1_C
Generating focused traffic: Period 4.8221s
[INFO] Subscriptions active: 6 (libsumo, fast mode)
[INFO] Episode duration: 2700s (45 min)

[DEBUG] 🎯 Célzott Forgalom Generálása (R1C1_C) | Period: 4.0896
Found 6 valid OD pairs for R1C1_C
Generating focused traffic: Period 4.0896s
[INFO] Subscriptions active: 6 (libsumo, fast mode)
[INFO] Episode duration: 1800s (30 min)

[DEBUG] 🎯 Célzott Forgalom Generálása (R1C1_C) | Period: 5.6487
Found 6 valid OD pairs for R1C1_C
Generating focused traffic: Period 5.6487s
[INFO] Subscriptions active: 6 (libsumo, fast mode)
[INFO] Episode duration: 1800s (30 min)

[DEBUG] 🎯 Célzott Forgalom Generálása (R1C1_C) | Period: 5.8428
Found 6 valid OD pairs for R1C1_C
Generating focused traffic: Period 5.8428s
[INFO] Subscriptions active: 6 (libsumo, fast mode)
[INFO] Episode duration: 900s (15 min)

[DEBUG] 🎯 Célzott Forgalom Generálása (R1C1_C) | Period: 6.0679
Found 6 valid OD pairs for R1C1_C
Generating focused traffic: Period 6.0679s
[INFO] Subscriptions active: 6 (libsumo, fast mode)
[INFO] Episode duration: 2700s (45 min)

[DEBUG] 🎯 Célzott Forgalom Generálása (R1C1_C) | Period: 7.9837
Found 6 valid OD pairs for R1C1_C
Generating focused traffic: Period 7.9837s
[INFO] Subscriptions active: 6 (libsumo, fast mode)
[INFO] Episode duration: 1800s (30 min)

[DEBUG] 🎯 Célzott Forgalom Generálása (R1C1_C) | Period: 7.9515
Found 6 valid OD pairs for R1C1_C
Generating focused traffic: Period 7.9515s
[INFO] Subscriptions active: 6 (libsumo, fast mode)
[INFO] Episode duration: 1800s (30 min)

[DEBUG] 🎯 Célzott Forgalom Generálása (R1C1_C) | Period: 6.7603
Found 6 valid OD pairs for R1C1_C
Generating focused traffic: Period 6.7603s
[INFO] Subscriptions active: 6 (libsumo, fast mode)
[INFO] Episode duration: 3600s (60 min)

[DEBUG] 🎯 Célzott Forgalom Generálása (R1C1_C) | Period: 5.4796
Found 6 valid OD pairs for R1C1_C
Generating focused traffic: Period 5.4796s
[INFO] Subscriptions active: 6 (libsumo, fast mode)
[INFO] Episode duration: 2700s (45 min)

[DEBUG] 🎯 Célzott Forgalom Generálása (R1C1_C) | Period: 5.828
Found 6 valid OD pairs for R1C1_C
Generating focused traffic: Period 5.8280s
[INFO] Subscriptions active: 6 (libsumo, fast mode)
[INFO] Episode duration: 1800s (30 min)

[DEBUG] 🎯 Célzott Forgalom Generálása (R1C1_C) | Period: 7.9974
Found 6 valid OD pairs for R1C1_C
Generating focused traffic: Period 7.9974s
[INFO] Subscriptions active: 6 (libsumo, fast mode)
[INFO] Episode duration: 1800s (30 min)

[DEBUG] 🎯 Célzott Forgalom Generálása (R1C1_C) | Period: 6.3451
Found 6 valid OD pairs for R1C1_C
Generating focused traffic: Period 6.3451s
[INFO] Subscriptions active: 6 (libsumo, fast mode)
[INFO] Episode duration: 2700s (45 min)

[DEBUG] 🎯 Célzott Forgalom Generálása (R1C1_C) | Period: 5.7068
Found 6 valid OD pairs for R1C1_C
Generating focused traffic: Period 5.7068s
[INFO] Subscriptions active: 6 (libsumo, fast mode)
[INFO] Episode duration: 900s (15 min)

[DEBUG] 🎯 Célzott Forgalom Generálása (R1C1_C) | Period: 4.0378
Found 6 valid OD pairs for R1C1_C
Generating focused traffic: Period 4.0378s
[INFO] Subscriptions active: 6 (libsumo, fast mode)
[INFO] Episode duration: 900s (15 min)

[DEBUG] 🎯 Célzott Forgalom Generálása (R1C1_C) | Period: 6.7447
Found 6 valid OD pairs for R1C1_C
Generating focused traffic: Period 6.7447s
[INFO] Subscriptions active: 6 (libsumo, fast mode)
[INFO] Episode duration: 2700s (45 min)
wandb: WARNING Symlinked 1 file into the W&B run directory; call wandb.save again to sync new files.
/Users/wagnertamas/Documents/Munka/cikkek/AI_agens_konyvtar/support/intergreen_matrix_calculator/rl_trainer.py:857: UserWarning: Exporting a model while it is in training mode. Please ensure that this is intended, as it may lead to different behavior during inference. Calling model.eval() before export is recommended.
  torch.onnx.export(
/Users/wagnertamas/Documents/Munka/cikkek/AI_agens_konyvtar/support/intergreen_matrix_calculator/rl_trainer.py:857: UserWarning: # 'dynamic_axes' is not recommended when dynamo=True, and may lead to 'torch._dynamo.exc.UserError: Constraints violated.' Supply the 'dynamic_shapes' argument instead if export is unsuccessful.
  torch.onnx.export(
wandb: updating run metadata
wandb: uploading pytorch_models/R1C1_C.zip; uploading output.log; uploading wandb-summary.json; uploading config.yaml
wandb: uploading pytorch_models/R1C1_C.zip; uploading output.log; uploading wandb-summary.json
wandb: uploading history steps 995-1002, summary, console lines 1449-1477
wandb: 
wandb: Run history:
wandb:  R1C1_C/action_pct/phase_0 ▃▆▅▄▂▃▃▄▅▅▃▁▆▄▅▅▃▇▄▄▅▅▅▅▃▅▂▂▇▃▅▁▃▆▄▆▃▂▃█
wandb:  R1C1_C/action_pct/phase_1 ▅▅▁▃▅▄▆▃▆▅█▅▅▃▂▂▆▅▆▃▂▂▅▇▆▃▅▄▂▂▂▅▆▅▄▆▅▇▂▃
wandb:  R1C1_C/action_pct/phase_2 ▅▁▅▇▆▅▃▅▁▄▄▆▃▅▅▅▃▄▃▅▁▅▂▄▅▃▆█▄▇▅▅▃▃▃▂▃▄▅▁
wandb:  R1C1_C/action_pct/phase_3 ▅▄▆▄▄▅▅▅▅▄▂▅▄▅▅▅▅▁▄▄█▅▅▂▄▆▅▄▄▅▅▅▅▃▆▄▅▅▇▄
wandb:  R1C1_C/train/entropy_loss ▂▂▂▂▂▃▂▂▁▁▁▁▁▁▁▁▁▁▁▂▂▂▂▃▃▃▄▄▅▅▆█▇▆▆▅▅▅▅▄
wandb: R1C1_C/train/learning_rate ▁▁▁▁▁▁▁▁▁▁▁▁▁▁▁▁▁▁▁▁▁▁▁▁▁▁▁▁▁▁▁▁▁▁▁▁▁▁▁▁
wandb:    R1C1_C/train/value_loss ▄▄▄▄█▆▆▂▂▂▄▅▅▂▅▃▃▄▄▄▇▇▃▃▇▃▅▅▅▄▇▇▃▂▂▆▁▁▁▅
wandb:                 avg_reward ▄▁▁▅▄▁▄▄▁▅▅▄▃▁▄▂▅▆▂▃▁▁▂▃▅▂▃▄▂▆▅▆▇▃▆▇▄▅█▄
wandb:                    episode ▁▁▁▂▂▂▂▂▂▃▃▃▃▃▄▄▄▄▄▄▅▅▅▅▅▆▆▆▆▆▆▆▇▇▇▇▇███
wandb:         episode/avg_reward █▇▁█▄▆▆▅▆▇▄▃▅▄▅▂▄▂▃▂▂▄▂▃▅▆▅▇▇▂▇▄▂▅█▃▇▆▅▄
wandb:                         +7 ...
wandb: 
wandb: Run summary:
wandb:  R1C1_C/action_pct/phase_0 30.27778
wandb:  R1C1_C/action_pct/phase_1 24.44444
wandb:  R1C1_C/action_pct/phase_2 21.11111
wandb:  R1C1_C/action_pct/phase_3 24.16667
wandb:  R1C1_C/train/entropy_loss -1.38611
wandb: R1C1_C/train/learning_rate 0.0001
wandb:    R1C1_C/train/value_loss 859.31702
wandb:                 avg_reward 0.48357
wandb:                    episode 229
wandb:         episode/avg_reward 0.35965
wandb:                         +7 ...
wandb: 
wandb: 🚀 View run a2c_co2_speedstd_2x32_2_R1C1_C at: https://wandb.ai/wagnertamas-budapesti-m-szaki-s-gazdas-gtudom-nyi-egyetem/sumo-rl-stat/runs/aor6vn8i
wandb: ⭐️ View project at: https://wandb.ai/wagnertamas-budapesti-m-szaki-s-gazdas-gtudom-nyi-egyetem/sumo-rl-stat
wandb: Synced 5 W&B file(s), 0 media file(s), 0 artifact file(s) and 1 other file(s)
wandb: Find logs at: ./wandb/run-20260322_025127-aor6vn8i/logs

[DEBUG] 🎯 Célzott Forgalom Generálása (R1C1_C) | Period: 5.5235
Found 6 valid OD pairs for R1C1_C
Generating focused traffic: Period 5.5235s
[INFO] Subscriptions active: 6 (libsumo, fast mode)
[INFO] Episode duration: 1800s (30 min)

[DEBUG] 🎯 Célzott Forgalom Generálása (R1C1_C) | Period: 5.5299
Found 6 valid OD pairs for R1C1_C
Generating focused traffic: Period 5.5299s
[INFO] Subscriptions active: 6 (libsumo, fast mode)
[INFO] Episode duration: 2700s (45 min)

[DEBUG] 🎯 Célzott Forgalom Generálása (R1C1_C) | Period: 6.0796
Found 6 valid OD pairs for R1C1_C
Generating focused traffic: Period 6.0796s
[INFO] Subscriptions active: 6 (libsumo, fast mode)
[INFO] Episode duration: 900s (15 min)

[DEBUG] 🎯 Célzott Forgalom Generálása (R1C1_C) | Period: 7.842
Found 6 valid OD pairs for R1C1_C
Generating focused traffic: Period 7.8420s
[INFO] Subscriptions active: 6 (libsumo, fast mode)
[INFO] Episode duration: 3600s (60 min)

[DEBUG] 🎯 Célzott Forgalom Generálása (R1C1_C) | Period: 6.9964
Found 6 valid OD pairs for R1C1_C
Generating focused traffic: Period 6.9964s
[INFO] Subscriptions active: 6 (libsumo, fast mode)
[INFO] Episode duration: 1800s (30 min)

[DEBUG] 🎯 Célzott Forgalom Generálása (R1C1_C) | Period: 5.7477
Found 6 valid OD pairs for R1C1_C
Generating focused traffic: Period 5.7477s
[INFO] Subscriptions active: 6 (libsumo, fast mode)
[INFO] Episode duration: 900s (15 min)

[DEBUG] 🎯 Célzott Forgalom Generálása (R1C1_C) | Period: 6.3844
Found 6 valid OD pairs for R1C1_C
Generating focused traffic: Period 6.3844s
[INFO] Subscriptions active: 6 (libsumo, fast mode)
[INFO] Episode duration: 3600s (60 min)

[DEBUG] 🎯 Célzott Forgalom Generálása (R1C1_C) | Period: 6.5839
Found 6 valid OD pairs for R1C1_C
Generating focused traffic: Period 6.5839s
[INFO] Subscriptions active: 6 (libsumo, fast mode)
[INFO] Episode duration: 900s (15 min)

[DEBUG] 🎯 Célzott Forgalom Generálása (R1C1_C) | Period: 7.4944
Found 6 valid OD pairs for R1C1_C
Generating focused traffic: Period 7.4944s
[INFO] Subscriptions active: 6 (libsumo, fast mode)
[INFO] Episode duration: 1800s (30 min)

[DEBUG] 🎯 Célzott Forgalom Generálása (R1C1_C) | Period: 6.8651
Found 6 valid OD pairs for R1C1_C
Generating focused traffic: Period 6.8651s
[INFO] Subscriptions active: 6 (libsumo, fast mode)
[INFO] Episode duration: 1800s (30 min)

[DEBUG] 🎯 Célzott Forgalom Generálása (R1C1_C) | Period: 7.8072
Found 6 valid OD pairs for R1C1_C
Generating focused traffic: Period 7.8072s
[INFO] Subscriptions active: 6 (libsumo, fast mode)
On-policy training completed.
Closing environment and EXPORTING models...
Saving PyTorch ZIP models to /Users/wagnertamas/Documents/Munka/cikkek/AI_agens_konyvtar/support/intergreen_matrix_calculator/data/runs/pytorch_models...
Saved PyTorch R1C1_C to /Users/wagnertamas/Documents/Munka/cikkek/AI_agens_konyvtar/support/intergreen_matrix_calculator/data/runs/pytorch_models/R1C1_C.zip
Exporting ONNX models to /Users/wagnertamas/Documents/Munka/cikkek/AI_agens_konyvtar/support/intergreen_matrix_calculator/data/runs/onnx_models...
Failed to export R1C1_C: # Failed to convert 'dynamic_axes' to 'dynamic_shapes'. Please provide 'dynamic_shapes' directly. Refer to the documentation for 'torch.export.export' for more information on dynamic shapes.
Cleanup done.
