wandb: [wandb.login()] Loaded credentials for https://api.wandb.ai from /Users/wagnertamas/.netrc.
wandb: Currently logged in as: wagnertamas (wagnertamas-budapesti-m-szaki-s-gazdas-gtudom-nyi-egyetem) to https://api.wandb.ai. Use `wandb login --relogin` to force relogin
wandb: setting up run icuqmfpf
wandb: Tracking run with wandb version 0.25.0
wandb: Run data is saved locally in /Users/wagnertamas/Documents/Munka/cikkek/AI_agens_konyvtar/support/intergreen_matrix_calculator/wandb/run-20260322_025650-icuqmfpf
wandb: Run `wandb offline` to turn off syncing.
wandb: Syncing run a2c_co2_speedstd_2x128_3_R1C1_C
wandb: ⭐️ View project at https://wandb.ai/wagnertamas-budapesti-m-szaki-s-gazdas-gtudom-nyi-egyetem/sumo-rl-stat
wandb: 🚀 View run at https://wandb.ai/wagnertamas-budapesti-m-szaki-s-gazdas-gtudom-nyi-egyetem/sumo-rl-stat/runs/icuqmfpf
[INFO] Config: training_config.yaml
[INFO] Net: /Users/wagnertamas/Documents/Munka/cikkek/AI_agens_konyvtar/support/intergreen_matrix_calculator/data/mega_catalogue_v2.net.xml
[INFO] Timesteps: 100000 | Project: sumo-rl-stat
[INFO] Junction: R1C1_C
[INFO] Algorithm: a2c | Reward: co2_speedstd
[INFO] Load model: None (fresh)
[INFO] Traffic: random target+spread (epizódonként)
Initializing Environment (algorithm=a2c, reward=co2_speedstd)...
[INFO] Algorithm: a2c (on_policy)
[INFO] Reward mode: co2_speedstd
WandB config applied (Sweep compatible).
[INFO] Junction reward params auto-loaded from /Users/wagnertamas/Documents/Munka/cikkek/AI_agens_konyvtar/support/intergreen_matrix_calculator/data/junction_reward_params.json
[INFO] Using 'libsumo' (fast headless mode, OS=darwin).
Starting SUMO...
[INFO] Episode duration: 2700s (45 min)

[DEBUG] 🎯 Célzott Forgalom Generálása (R1C1_C) | Period: 6.2204
Found 6 valid OD pairs for R1C1_C
Generating focused traffic: Period 6.2204s
[INFO] Network mapped: 1 agents, 3 detectors, 3 lanes
[INFO] Subscriptions active: 6 (libsumo, fast mode)
Agents discovered: ['R1C1_C']
[INFO] RL device: mps
[INFO] On-policy training: a2c → R1C1_C
Using mps device
Wrapping the env with a `Monitor` wrapper
Wrapping the env in a DummyVecEnv.
Starting on-policy training: 100000 timesteps...
[INFO] Episode duration: 1800s (30 min)

[DEBUG] 🎯 Célzott Forgalom Generálása (R1C1_C) | Period: 5.9064
Found 6 valid OD pairs for R1C1_C
Generating focused traffic: Period 5.9064s
[INFO] Subscriptions active: 6 (libsumo, fast mode)
Logging to /Users/wagnertamas/Documents/Munka/cikkek/AI_agens_konyvtar/support/intergreen_matrix_calculator/data/runs/sumo-rl-stat/R1C1_C/A2C_121
[INFO] Episode duration: 3600s (60 min)

[DEBUG] 🎯 Célzott Forgalom Generálása (R1C1_C) | Period: 4.3628
Found 6 valid OD pairs for R1C1_C
Generating focused traffic: Period 4.3628s
[INFO] Subscriptions active: 6 (libsumo, fast mode)
[INFO] Episode duration: 900s (15 min)

[DEBUG] 🎯 Célzott Forgalom Generálása (R1C1_C) | Period: 7.2084
Found 6 valid OD pairs for R1C1_C
Generating focused traffic: Period 7.2084s
[INFO] Subscriptions active: 6 (libsumo, fast mode)
[INFO] Episode duration: 900s (15 min)

[DEBUG] 🎯 Célzott Forgalom Generálása (R1C1_C) | Period: 6.6412
Found 6 valid OD pairs for R1C1_C
Generating focused traffic: Period 6.6412s
[INFO] Subscriptions active: 6 (libsumo, fast mode)
[INFO] Episode duration: 1800s (30 min)

[DEBUG] 🎯 Célzott Forgalom Generálása (R1C1_C) | Period: 4.7425
Found 6 valid OD pairs for R1C1_C
Generating focused traffic: Period 4.7425s
[INFO] Subscriptions active: 6 (libsumo, fast mode)
[INFO] Episode duration: 2700s (45 min)

[DEBUG] 🎯 Célzott Forgalom Generálása (R1C1_C) | Period: 5.1364
Found 6 valid OD pairs for R1C1_C
Generating focused traffic: Period 5.1364s
[INFO] Subscriptions active: 6 (libsumo, fast mode)
[INFO] Episode duration: 1800s (30 min)

[DEBUG] 🎯 Célzott Forgalom Generálása (R1C1_C) | Period: 4.8434
Found 6 valid OD pairs for R1C1_C
Generating focused traffic: Period 4.8434s
[INFO] Subscriptions active: 6 (libsumo, fast mode)
[INFO] Episode duration: 2700s (45 min)

[DEBUG] 🎯 Célzott Forgalom Generálása (R1C1_C) | Period: 4.3649
Found 6 valid OD pairs for R1C1_C
Generating focused traffic: Period 4.3649s
[INFO] Subscriptions active: 6 (libsumo, fast mode)
[INFO] Episode duration: 900s (15 min)

[DEBUG] 🎯 Célzott Forgalom Generálása (R1C1_C) | Period: 5.7253
Found 6 valid OD pairs for R1C1_C
Generating focused traffic: Period 5.7253s
[INFO] Subscriptions active: 6 (libsumo, fast mode)
[INFO] Episode duration: 3600s (60 min)

[DEBUG] 🎯 Célzott Forgalom Generálása (R1C1_C) | Period: 7.7886
Found 6 valid OD pairs for R1C1_C
Generating focused traffic: Period 7.7886s
[INFO] Subscriptions active: 6 (libsumo, fast mode)
[INFO] Episode duration: 2700s (45 min)

[DEBUG] 🎯 Célzott Forgalom Generálása (R1C1_C) | Period: 4.5132
Found 6 valid OD pairs for R1C1_C
Generating focused traffic: Period 4.5132s
[INFO] Subscriptions active: 6 (libsumo, fast mode)
[INFO] Episode duration: 1800s (30 min)

[DEBUG] 🎯 Célzott Forgalom Generálása (R1C1_C) | Period: 4.9144
Found 6 valid OD pairs for R1C1_C
Generating focused traffic: Period 4.9144s
[INFO] Subscriptions active: 6 (libsumo, fast mode)
[INFO] Episode duration: 1800s (30 min)

[DEBUG] 🎯 Célzott Forgalom Generálása (R1C1_C) | Period: 7.1058
Found 6 valid OD pairs for R1C1_C
Generating focused traffic: Period 7.1058s
[INFO] Subscriptions active: 6 (libsumo, fast mode)
[INFO] Episode duration: 3600s (60 min)

[DEBUG] 🎯 Célzott Forgalom Generálása (R1C1_C) | Period: 5.6289
Found 6 valid OD pairs for R1C1_C
Generating focused traffic: Period 5.6289s
[INFO] Subscriptions active: 6 (libsumo, fast mode)
[INFO] Episode duration: 1800s (30 min)

[DEBUG] 🎯 Célzott Forgalom Generálása (R1C1_C) | Period: 5.3251
Found 6 valid OD pairs for R1C1_C
Generating focused traffic: Period 5.3251s
[INFO] Subscriptions active: 6 (libsumo, fast mode)
[INFO] Episode duration: 900s (15 min)

[DEBUG] 🎯 Célzott Forgalom Generálása (R1C1_C) | Period: 7.1918
Found 6 valid OD pairs for R1C1_C
Generating focused traffic: Period 7.1918s
[INFO] Subscriptions active: 6 (libsumo, fast mode)
[INFO] Episode duration: 1800s (30 min)

[DEBUG] 🎯 Célzott Forgalom Generálása (R1C1_C) | Period: 7.2889
Found 6 valid OD pairs for R1C1_C
Generating focused traffic: Period 7.2889s
[INFO] Subscriptions active: 6 (libsumo, fast mode)
[INFO] Episode duration: 3600s (60 min)

[DEBUG] 🎯 Célzott Forgalom Generálása (R1C1_C) | Period: 6.7335
Found 6 valid OD pairs for R1C1_C
Generating focused traffic: Period 6.7335s
[INFO] Subscriptions active: 6 (libsumo, fast mode)
[INFO] Episode duration: 1800s (30 min)

[DEBUG] 🎯 Célzott Forgalom Generálása (R1C1_C) | Period: 5.9712
Found 6 valid OD pairs for R1C1_C
Generating focused traffic: Period 5.9712s
[INFO] Subscriptions active: 6 (libsumo, fast mode)
[INFO] Episode duration: 3600s (60 min)

[DEBUG] 🎯 Célzott Forgalom Generálása (R1C1_C) | Period: 7.9387
Found 6 valid OD pairs for R1C1_C
Generating focused traffic: Period 7.9387s
[INFO] Subscriptions active: 6 (libsumo, fast mode)
[INFO] Episode duration: 2700s (45 min)

[DEBUG] 🎯 Célzott Forgalom Generálása (R1C1_C) | Period: 7.8089
Found 6 valid OD pairs for R1C1_C
Generating focused traffic: Period 7.8089s
[INFO] Subscriptions active: 6 (libsumo, fast mode)
[INFO] Episode duration: 900s (15 min)

[DEBUG] 🎯 Célzott Forgalom Generálása (R1C1_C) | Period: 6.3772
Found 6 valid OD pairs for R1C1_C
Generating focused traffic: Period 6.3772s
[INFO] Subscriptions active: 6 (libsumo, fast mode)
[INFO] Episode duration: 2700s (45 min)

[DEBUG] 🎯 Célzott Forgalom Generálása (R1C1_C) | Period: 4.8476
Found 6 valid OD pairs for R1C1_C
Generating focused traffic: Period 4.8476s
[INFO] Subscriptions active: 6 (libsumo, fast mode)
[INFO] Episode duration: 1800s (30 min)

[DEBUG] 🎯 Célzott Forgalom Generálása (R1C1_C) | Period: 7.0688
Found 6 valid OD pairs for R1C1_C
Generating focused traffic: Period 7.0688s
[INFO] Subscriptions active: 6 (libsumo, fast mode)
[INFO] Episode duration: 900s (15 min)

[DEBUG] 🎯 Célzott Forgalom Generálása (R1C1_C) | Period: 7.9209
Found 6 valid OD pairs for R1C1_C
Generating focused traffic: Period 7.9209s
[INFO] Subscriptions active: 6 (libsumo, fast mode)
[INFO] Episode duration: 3600s (60 min)

[DEBUG] 🎯 Célzott Forgalom Generálása (R1C1_C) | Period: 6.0614
Found 6 valid OD pairs for R1C1_C
Generating focused traffic: Period 6.0614s
[INFO] Subscriptions active: 6 (libsumo, fast mode)
[INFO] Episode duration: 900s (15 min)

[DEBUG] 🎯 Célzott Forgalom Generálása (R1C1_C) | Period: 5.018
Found 6 valid OD pairs for R1C1_C
Generating focused traffic: Period 5.0180s
[INFO] Subscriptions active: 6 (libsumo, fast mode)
[INFO] Episode duration: 1800s (30 min)

[DEBUG] 🎯 Célzott Forgalom Generálása (R1C1_C) | Period: 4.3516
Found 6 valid OD pairs for R1C1_C
Generating focused traffic: Period 4.3516s
[INFO] Subscriptions active: 6 (libsumo, fast mode)
[INFO] Episode duration: 1800s (30 min)

[DEBUG] 🎯 Célzott Forgalom Generálása (R1C1_C) | Period: 7.3522
Found 6 valid OD pairs for R1C1_C
Generating focused traffic: Period 7.3522s
[INFO] Subscriptions active: 6 (libsumo, fast mode)
[INFO] Episode duration: 1800s (30 min)

[DEBUG] 🎯 Célzott Forgalom Generálása (R1C1_C) | Period: 7.9455
Found 6 valid OD pairs for R1C1_C
Generating focused traffic: Period 7.9455s
[INFO] Subscriptions active: 6 (libsumo, fast mode)
[INFO] Episode duration: 900s (15 min)

[DEBUG] 🎯 Célzott Forgalom Generálása (R1C1_C) | Period: 6.9388
Found 6 valid OD pairs for R1C1_C
Generating focused traffic: Period 6.9388s
[INFO] Subscriptions active: 6 (libsumo, fast mode)
[INFO] Episode duration: 2700s (45 min)

[DEBUG] 🎯 Célzott Forgalom Generálása (R1C1_C) | Period: 6.3166
Found 6 valid OD pairs for R1C1_C
Generating focused traffic: Period 6.3166s
[INFO] Subscriptions active: 6 (libsumo, fast mode)
[INFO] Episode duration: 1800s (30 min)

[DEBUG] 🎯 Célzott Forgalom Generálása (R1C1_C) | Period: 7.2529
Found 6 valid OD pairs for R1C1_C
Generating focused traffic: Period 7.2529s
[INFO] Subscriptions active: 6 (libsumo, fast mode)
[INFO] Episode duration: 1800s (30 min)

[DEBUG] 🎯 Célzott Forgalom Generálása (R1C1_C) | Period: 4.0703
Found 6 valid OD pairs for R1C1_C
Generating focused traffic: Period 4.0703s
[INFO] Subscriptions active: 6 (libsumo, fast mode)
[INFO] Episode duration: 3600s (60 min)

[DEBUG] 🎯 Célzott Forgalom Generálása (R1C1_C) | Period: 7.2554
Found 6 valid OD pairs for R1C1_C
Generating focused traffic: Period 7.2554s
[INFO] Subscriptions active: 6 (libsumo, fast mode)
[INFO] Episode duration: 3600s (60 min)

[DEBUG] 🎯 Célzott Forgalom Generálása (R1C1_C) | Period: 6.8895
Found 6 valid OD pairs for R1C1_C
Generating focused traffic: Period 6.8895s
[INFO] Subscriptions active: 6 (libsumo, fast mode)
[INFO] Episode duration: 900s (15 min)

[DEBUG] 🎯 Célzott Forgalom Generálása (R1C1_C) | Period: 5.6566
Found 6 valid OD pairs for R1C1_C
Generating focused traffic: Period 5.6566s
[INFO] Subscriptions active: 6 (libsumo, fast mode)
[INFO] Episode duration: 900s (15 min)

[DEBUG] 🎯 Célzott Forgalom Generálása (R1C1_C) | Period: 5.705
Found 6 valid OD pairs for R1C1_C
Generating focused traffic: Period 5.7050s
[INFO] Subscriptions active: 6 (libsumo, fast mode)
[INFO] Episode duration: 2700s (45 min)

[DEBUG] 🎯 Célzott Forgalom Generálása (R1C1_C) | Period: 7.2584
Found 6 valid OD pairs for R1C1_C
Generating focused traffic: Period 7.2584s
[INFO] Subscriptions active: 6 (libsumo, fast mode)
[INFO] Episode duration: 3600s (60 min)

[DEBUG] 🎯 Célzott Forgalom Generálása (R1C1_C) | Period: 4.3962
Found 6 valid OD pairs for R1C1_C
Generating focused traffic: Period 4.3962s
[INFO] Subscriptions active: 6 (libsumo, fast mode)
[INFO] Episode duration: 900s (15 min)

[DEBUG] 🎯 Célzott Forgalom Generálása (R1C1_C) | Period: 5.7784
Found 6 valid OD pairs for R1C1_C
Generating focused traffic: Period 5.7784s
[INFO] Subscriptions active: 6 (libsumo, fast mode)
[INFO] Episode duration: 900s (15 min)

[DEBUG] 🎯 Célzott Forgalom Generálása (R1C1_C) | Period: 5.2375
Found 6 valid OD pairs for R1C1_C
Generating focused traffic: Period 5.2375s
[INFO] Subscriptions active: 6 (libsumo, fast mode)
[INFO] Episode duration: 2700s (45 min)

[DEBUG] 🎯 Célzott Forgalom Generálása (R1C1_C) | Period: 7.9531
Found 6 valid OD pairs for R1C1_C
Generating focused traffic: Period 7.9531s
[INFO] Subscriptions active: 6 (libsumo, fast mode)
[INFO] Episode duration: 1800s (30 min)

[DEBUG] 🎯 Célzott Forgalom Generálása (R1C1_C) | Period: 5.0877
Found 6 valid OD pairs for R1C1_C
Generating focused traffic: Period 5.0877s
[INFO] Subscriptions active: 6 (libsumo, fast mode)
[INFO] Episode duration: 3600s (60 min)

[DEBUG] 🎯 Célzott Forgalom Generálása (R1C1_C) | Period: 7.801
Found 6 valid OD pairs for R1C1_C
Generating focused traffic: Period 7.8010s
[INFO] Subscriptions active: 6 (libsumo, fast mode)
[INFO] Episode duration: 3600s (60 min)

[DEBUG] 🎯 Célzott Forgalom Generálása (R1C1_C) | Period: 7.2905
Found 6 valid OD pairs for R1C1_C
Generating focused traffic: Period 7.2905s
[INFO] Subscriptions active: 6 (libsumo, fast mode)
[INFO] Episode duration: 2700s (45 min)

[DEBUG] 🎯 Célzott Forgalom Generálása (R1C1_C) | Period: 4.681
Found 6 valid OD pairs for R1C1_C
Generating focused traffic: Period 4.6810s
[INFO] Subscriptions active: 6 (libsumo, fast mode)
[INFO] Episode duration: 900s (15 min)

[DEBUG] 🎯 Célzott Forgalom Generálása (R1C1_C) | Period: 4.946
Found 6 valid OD pairs for R1C1_C
Generating focused traffic: Period 4.9460s
[INFO] Subscriptions active: 6 (libsumo, fast mode)
------------------------------------
| rollout/              |          |
|    ep_len_mean        | 433      |
|    ep_rew_mean        | 157      |
| time/                 |          |
|    fps                | 185      |
|    iterations         | 10       |
|    time_elapsed       | 110      |
|    total_timesteps    | 20480    |
| train/                |          |
|    entropy_loss       | -1.39    |
|    explained_variance | -0.0246  |
|    learning_rate      | 0.0001   |
|    n_updates          | 9        |
|    policy_loss        | 29.5     |
|    value_loss         | 589      |
------------------------------------
[INFO] Episode duration: 2700s (45 min)

[DEBUG] 🎯 Célzott Forgalom Generálása (R1C1_C) | Period: 5.7916
Found 6 valid OD pairs for R1C1_C
Generating focused traffic: Period 5.7916s
[INFO] Subscriptions active: 6 (libsumo, fast mode)
[INFO] Episode duration: 900s (15 min)

[DEBUG] 🎯 Célzott Forgalom Generálása (R1C1_C) | Period: 7.2986
Found 6 valid OD pairs for R1C1_C
Generating focused traffic: Period 7.2986s
[INFO] Subscriptions active: 6 (libsumo, fast mode)
[INFO] Episode duration: 900s (15 min)

[DEBUG] 🎯 Célzott Forgalom Generálása (R1C1_C) | Period: 7.1108
Found 6 valid OD pairs for R1C1_C
Generating focused traffic: Period 7.1108s
[INFO] Subscriptions active: 6 (libsumo, fast mode)
[INFO] Episode duration: 3600s (60 min)

[DEBUG] 🎯 Célzott Forgalom Generálása (R1C1_C) | Period: 7.9008
Found 6 valid OD pairs for R1C1_C
Generating focused traffic: Period 7.9008s
[INFO] Subscriptions active: 6 (libsumo, fast mode)
[INFO] Episode duration: 2700s (45 min)

[DEBUG] 🎯 Célzott Forgalom Generálása (R1C1_C) | Period: 7.8621
Found 6 valid OD pairs for R1C1_C
Generating focused traffic: Period 7.8621s
[INFO] Subscriptions active: 6 (libsumo, fast mode)
[INFO] Episode duration: 3600s (60 min)

[DEBUG] 🎯 Célzott Forgalom Generálása (R1C1_C) | Period: 6.1702
Found 6 valid OD pairs for R1C1_C
Generating focused traffic: Period 6.1702s
[INFO] Subscriptions active: 6 (libsumo, fast mode)
[INFO] Episode duration: 1800s (30 min)

[DEBUG] 🎯 Célzott Forgalom Generálása (R1C1_C) | Period: 4.3748
Found 6 valid OD pairs for R1C1_C
Generating focused traffic: Period 4.3748s
[INFO] Subscriptions active: 6 (libsumo, fast mode)
[INFO] Episode duration: 2700s (45 min)

[DEBUG] 🎯 Célzott Forgalom Generálása (R1C1_C) | Period: 6.4452
Found 6 valid OD pairs for R1C1_C
Generating focused traffic: Period 6.4452s
[INFO] Subscriptions active: 6 (libsumo, fast mode)
[INFO] Episode duration: 2700s (45 min)

[DEBUG] 🎯 Célzott Forgalom Generálása (R1C1_C) | Period: 6.0772
Found 6 valid OD pairs for R1C1_C
Generating focused traffic: Period 6.0772s
[INFO] Subscriptions active: 6 (libsumo, fast mode)
[INFO] Episode duration: 900s (15 min)

[DEBUG] 🎯 Célzott Forgalom Generálása (R1C1_C) | Period: 4.6243
Found 6 valid OD pairs for R1C1_C
Generating focused traffic: Period 4.6243s
[INFO] Subscriptions active: 6 (libsumo, fast mode)
[INFO] Episode duration: 3600s (60 min)

[DEBUG] 🎯 Célzott Forgalom Generálása (R1C1_C) | Period: 5.5591
Found 6 valid OD pairs for R1C1_C
Generating focused traffic: Period 5.5591s
[INFO] Subscriptions active: 6 (libsumo, fast mode)
[INFO] Episode duration: 900s (15 min)

[DEBUG] 🎯 Célzott Forgalom Generálása (R1C1_C) | Period: 5.5291
Found 6 valid OD pairs for R1C1_C
Generating focused traffic: Period 5.5291s
[INFO] Subscriptions active: 6 (libsumo, fast mode)
[INFO] Episode duration: 2700s (45 min)

[DEBUG] 🎯 Célzott Forgalom Generálása (R1C1_C) | Period: 7.5771
Found 6 valid OD pairs for R1C1_C
Generating focused traffic: Period 7.5771s
[INFO] Subscriptions active: 6 (libsumo, fast mode)
[INFO] Episode duration: 900s (15 min)

[DEBUG] 🎯 Célzott Forgalom Generálása (R1C1_C) | Period: 4.0741
Found 6 valid OD pairs for R1C1_C
Generating focused traffic: Period 4.0741s
[INFO] Subscriptions active: 6 (libsumo, fast mode)
[INFO] Episode duration: 900s (15 min)

[DEBUG] 🎯 Célzott Forgalom Generálása (R1C1_C) | Period: 7.2277
Found 6 valid OD pairs for R1C1_C
Generating focused traffic: Period 7.2277s
[INFO] Subscriptions active: 6 (libsumo, fast mode)
[INFO] Episode duration: 2700s (45 min)

[DEBUG] 🎯 Célzott Forgalom Generálása (R1C1_C) | Period: 7.1029
Found 6 valid OD pairs for R1C1_C
Generating focused traffic: Period 7.1029s
[INFO] Subscriptions active: 6 (libsumo, fast mode)
[INFO] Episode duration: 1800s (30 min)

[DEBUG] 🎯 Célzott Forgalom Generálása (R1C1_C) | Period: 7.1707
Found 6 valid OD pairs for R1C1_C
Generating focused traffic: Period 7.1707s
[INFO] Subscriptions active: 6 (libsumo, fast mode)
[INFO] Episode duration: 3600s (60 min)

[DEBUG] 🎯 Célzott Forgalom Generálása (R1C1_C) | Period: 5.3277
Found 6 valid OD pairs for R1C1_C
Generating focused traffic: Period 5.3277s
[INFO] Subscriptions active: 6 (libsumo, fast mode)
[INFO] Episode duration: 2700s (45 min)

[DEBUG] 🎯 Célzott Forgalom Generálása (R1C1_C) | Period: 4.4983
Found 6 valid OD pairs for R1C1_C
Generating focused traffic: Period 4.4983s
[INFO] Subscriptions active: 6 (libsumo, fast mode)
[INFO] Episode duration: 900s (15 min)

[DEBUG] 🎯 Célzott Forgalom Generálása (R1C1_C) | Period: 7.9155
Found 6 valid OD pairs for R1C1_C
Generating focused traffic: Period 7.9155s
[INFO] Subscriptions active: 6 (libsumo, fast mode)
[INFO] Episode duration: 2700s (45 min)

[DEBUG] 🎯 Célzott Forgalom Generálása (R1C1_C) | Period: 4.7833
Found 6 valid OD pairs for R1C1_C
Generating focused traffic: Period 4.7833s
[INFO] Subscriptions active: 6 (libsumo, fast mode)
[INFO] Episode duration: 900s (15 min)

[DEBUG] 🎯 Célzott Forgalom Generálása (R1C1_C) | Period: 5.9891
Found 6 valid OD pairs for R1C1_C
Generating focused traffic: Period 5.9891s
[INFO] Subscriptions active: 6 (libsumo, fast mode)
[INFO] Episode duration: 1800s (30 min)

[DEBUG] 🎯 Célzott Forgalom Generálása (R1C1_C) | Period: 4.4295
Found 6 valid OD pairs for R1C1_C
Generating focused traffic: Period 4.4295s
[INFO] Subscriptions active: 6 (libsumo, fast mode)
[INFO] Episode duration: 3600s (60 min)

[DEBUG] 🎯 Célzott Forgalom Generálása (R1C1_C) | Period: 7.9519
Found 6 valid OD pairs for R1C1_C
Generating focused traffic: Period 7.9519s
[INFO] Subscriptions active: 6 (libsumo, fast mode)
[INFO] Episode duration: 2700s (45 min)

[DEBUG] 🎯 Célzott Forgalom Generálása (R1C1_C) | Period: 7.6031
Found 6 valid OD pairs for R1C1_C
Generating focused traffic: Period 7.6031s
[INFO] Subscriptions active: 6 (libsumo, fast mode)
[INFO] Episode duration: 900s (15 min)

[DEBUG] 🎯 Célzott Forgalom Generálása (R1C1_C) | Period: 7.6593
Found 6 valid OD pairs for R1C1_C
Generating focused traffic: Period 7.6593s
[INFO] Subscriptions active: 6 (libsumo, fast mode)
[INFO] Episode duration: 3600s (60 min)

[DEBUG] 🎯 Célzott Forgalom Generálása (R1C1_C) | Period: 4.5835
Found 6 valid OD pairs for R1C1_C
Generating focused traffic: Period 4.5835s
[INFO] Subscriptions active: 6 (libsumo, fast mode)
[INFO] Episode duration: 900s (15 min)

[DEBUG] 🎯 Célzott Forgalom Generálása (R1C1_C) | Period: 4.4317
Found 6 valid OD pairs for R1C1_C
Generating focused traffic: Period 4.4317s
[INFO] Subscriptions active: 6 (libsumo, fast mode)
[INFO] Episode duration: 2700s (45 min)

[DEBUG] 🎯 Célzott Forgalom Generálása (R1C1_C) | Period: 5.8517
Found 6 valid OD pairs for R1C1_C
Generating focused traffic: Period 5.8517s
[INFO] Subscriptions active: 6 (libsumo, fast mode)
[INFO] Episode duration: 900s (15 min)

[DEBUG] 🎯 Célzott Forgalom Generálása (R1C1_C) | Period: 6.1452
Found 6 valid OD pairs for R1C1_C
Generating focused traffic: Period 6.1452s
[INFO] Subscriptions active: 6 (libsumo, fast mode)
[INFO] Episode duration: 3600s (60 min)

[DEBUG] 🎯 Célzott Forgalom Generálása (R1C1_C) | Period: 6.5037
Found 6 valid OD pairs for R1C1_C
Generating focused traffic: Period 6.5037s
[INFO] Subscriptions active: 6 (libsumo, fast mode)
[INFO] Episode duration: 2700s (45 min)

[DEBUG] 🎯 Célzott Forgalom Generálása (R1C1_C) | Period: 6.941
Found 6 valid OD pairs for R1C1_C
Generating focused traffic: Period 6.9410s
[INFO] Subscriptions active: 6 (libsumo, fast mode)
[INFO] Episode duration: 3600s (60 min)

[DEBUG] 🎯 Célzott Forgalom Generálása (R1C1_C) | Period: 4.9562
Found 6 valid OD pairs for R1C1_C
Generating focused traffic: Period 4.9562s
[INFO] Subscriptions active: 6 (libsumo, fast mode)
[INFO] Episode duration: 900s (15 min)

[DEBUG] 🎯 Célzott Forgalom Generálása (R1C1_C) | Period: 7.499
Found 6 valid OD pairs for R1C1_C
Generating focused traffic: Period 7.4990s
[INFO] Subscriptions active: 6 (libsumo, fast mode)
[INFO] Episode duration: 2700s (45 min)

[DEBUG] 🎯 Célzott Forgalom Generálása (R1C1_C) | Period: 6.2967
Found 6 valid OD pairs for R1C1_C
Generating focused traffic: Period 6.2967s
[INFO] Subscriptions active: 6 (libsumo, fast mode)
[INFO] Episode duration: 1800s (30 min)

[DEBUG] 🎯 Célzott Forgalom Generálása (R1C1_C) | Period: 7.4667
Found 6 valid OD pairs for R1C1_C
Generating focused traffic: Period 7.4667s
[INFO] Subscriptions active: 6 (libsumo, fast mode)
[INFO] Episode duration: 3600s (60 min)

[DEBUG] 🎯 Célzott Forgalom Generálása (R1C1_C) | Period: 7.907
Found 6 valid OD pairs for R1C1_C
Generating focused traffic: Period 7.9070s
[INFO] Subscriptions active: 6 (libsumo, fast mode)
[INFO] Episode duration: 2700s (45 min)

[DEBUG] 🎯 Célzott Forgalom Generálása (R1C1_C) | Period: 5.6526
Found 6 valid OD pairs for R1C1_C
Generating focused traffic: Period 5.6526s
[INFO] Subscriptions active: 6 (libsumo, fast mode)
[INFO] Episode duration: 2700s (45 min)

[DEBUG] 🎯 Célzott Forgalom Generálása (R1C1_C) | Period: 7.7735
Found 6 valid OD pairs for R1C1_C
Generating focused traffic: Period 7.7735s
[INFO] Subscriptions active: 6 (libsumo, fast mode)
[INFO] Episode duration: 1800s (30 min)

[DEBUG] 🎯 Célzott Forgalom Generálása (R1C1_C) | Period: 4.8843
Found 6 valid OD pairs for R1C1_C
Generating focused traffic: Period 4.8843s
[INFO] Subscriptions active: 6 (libsumo, fast mode)
[INFO] Episode duration: 2700s (45 min)

[DEBUG] 🎯 Célzott Forgalom Generálása (R1C1_C) | Period: 7.0407
Found 6 valid OD pairs for R1C1_C
Generating focused traffic: Period 7.0407s
[INFO] Subscriptions active: 6 (libsumo, fast mode)
[INFO] Episode duration: 1800s (30 min)

[DEBUG] 🎯 Célzott Forgalom Generálása (R1C1_C) | Period: 7.2758
Found 6 valid OD pairs for R1C1_C
Generating focused traffic: Period 7.2758s
[INFO] Subscriptions active: 6 (libsumo, fast mode)
[INFO] Episode duration: 3600s (60 min)

[DEBUG] 🎯 Célzott Forgalom Generálása (R1C1_C) | Period: 5.3765
Found 6 valid OD pairs for R1C1_C
Generating focused traffic: Period 5.3765s
[INFO] Subscriptions active: 6 (libsumo, fast mode)
[INFO] Episode duration: 2700s (45 min)

[DEBUG] 🎯 Célzott Forgalom Generálása (R1C1_C) | Period: 5.6086
Found 6 valid OD pairs for R1C1_C
Generating focused traffic: Period 5.6086s
[INFO] Subscriptions active: 6 (libsumo, fast mode)
[INFO] Episode duration: 3600s (60 min)

[DEBUG] 🎯 Célzott Forgalom Generálása (R1C1_C) | Period: 5.5803
Found 6 valid OD pairs for R1C1_C
Generating focused traffic: Period 5.5803s
[INFO] Subscriptions active: 6 (libsumo, fast mode)
------------------------------------
| rollout/              |          |
|    ep_len_mean        | 442      |
|    ep_rew_mean        | 160      |
| time/                 |          |
|    fps                | 185      |
|    iterations         | 20       |
|    time_elapsed       | 220      |
|    total_timesteps    | 40960    |
| train/                |          |
|    entropy_loss       | -1.39    |
|    explained_variance | -0.0316  |
|    learning_rate      | 0.0001   |
|    n_updates          | 19       |
|    policy_loss        | 37.4     |
|    value_loss         | 889      |
------------------------------------
[INFO] Episode duration: 2700s (45 min)

[DEBUG] 🎯 Célzott Forgalom Generálása (R1C1_C) | Period: 7.0936
Found 6 valid OD pairs for R1C1_C
Generating focused traffic: Period 7.0936s
[INFO] Subscriptions active: 6 (libsumo, fast mode)
[INFO] Episode duration: 2700s (45 min)

[DEBUG] 🎯 Célzott Forgalom Generálása (R1C1_C) | Period: 6.7713
Found 6 valid OD pairs for R1C1_C
Generating focused traffic: Period 6.7713s
[INFO] Subscriptions active: 6 (libsumo, fast mode)
[INFO] Episode duration: 2700s (45 min)

[DEBUG] 🎯 Célzott Forgalom Generálása (R1C1_C) | Period: 6.8994
Found 6 valid OD pairs for R1C1_C
Generating focused traffic: Period 6.8994s
[INFO] Subscriptions active: 6 (libsumo, fast mode)
[INFO] Episode duration: 900s (15 min)

[DEBUG] 🎯 Célzott Forgalom Generálása (R1C1_C) | Period: 6.1898
Found 6 valid OD pairs for R1C1_C
Generating focused traffic: Period 6.1898s
[INFO] Subscriptions active: 6 (libsumo, fast mode)
[INFO] Episode duration: 2700s (45 min)

[DEBUG] 🎯 Célzott Forgalom Generálása (R1C1_C) | Period: 6.3672
Found 6 valid OD pairs for R1C1_C
Generating focused traffic: Period 6.3672s
[INFO] Subscriptions active: 6 (libsumo, fast mode)
[INFO] Episode duration: 2700s (45 min)

[DEBUG] 🎯 Célzott Forgalom Generálása (R1C1_C) | Period: 4.5483
Found 6 valid OD pairs for R1C1_C
Generating focused traffic: Period 4.5483s
[INFO] Subscriptions active: 6 (libsumo, fast mode)
[INFO] Episode duration: 2700s (45 min)

[DEBUG] 🎯 Célzott Forgalom Generálása (R1C1_C) | Period: 6.7487
Found 6 valid OD pairs for R1C1_C
Generating focused traffic: Period 6.7487s
[INFO] Subscriptions active: 6 (libsumo, fast mode)
[INFO] Episode duration: 1800s (30 min)

[DEBUG] 🎯 Célzott Forgalom Generálása (R1C1_C) | Period: 5.5831
Found 6 valid OD pairs for R1C1_C
Generating focused traffic: Period 5.5831s
[INFO] Subscriptions active: 6 (libsumo, fast mode)
[INFO] Episode duration: 2700s (45 min)

[DEBUG] 🎯 Célzott Forgalom Generálása (R1C1_C) | Period: 6.5511
Found 6 valid OD pairs for R1C1_C
Generating focused traffic: Period 6.5511s
[INFO] Subscriptions active: 6 (libsumo, fast mode)
[INFO] Episode duration: 2700s (45 min)

[DEBUG] 🎯 Célzott Forgalom Generálása (R1C1_C) | Period: 4.3224
Found 6 valid OD pairs for R1C1_C
Generating focused traffic: Period 4.3224s
[INFO] Subscriptions active: 6 (libsumo, fast mode)
[INFO] Episode duration: 2700s (45 min)

[DEBUG] 🎯 Célzott Forgalom Generálása (R1C1_C) | Period: 7.9892
Found 6 valid OD pairs for R1C1_C
Generating focused traffic: Period 7.9892s
[INFO] Subscriptions active: 6 (libsumo, fast mode)
[INFO] Episode duration: 3600s (60 min)

[DEBUG] 🎯 Célzott Forgalom Generálása (R1C1_C) | Period: 4.4914
Found 6 valid OD pairs for R1C1_C
Generating focused traffic: Period 4.4914s
[INFO] Subscriptions active: 6 (libsumo, fast mode)
[INFO] Episode duration: 2700s (45 min)

[DEBUG] 🎯 Célzott Forgalom Generálása (R1C1_C) | Period: 6.0242
Found 6 valid OD pairs for R1C1_C
Generating focused traffic: Period 6.0242s
[INFO] Subscriptions active: 6 (libsumo, fast mode)
[INFO] Episode duration: 1800s (30 min)

[DEBUG] 🎯 Célzott Forgalom Generálása (R1C1_C) | Period: 5.2486
Found 6 valid OD pairs for R1C1_C
Generating focused traffic: Period 5.2486s
[INFO] Subscriptions active: 6 (libsumo, fast mode)
[INFO] Episode duration: 1800s (30 min)

[DEBUG] 🎯 Célzott Forgalom Generálása (R1C1_C) | Period: 7.7117
Found 6 valid OD pairs for R1C1_C
Generating focused traffic: Period 7.7117s
[INFO] Subscriptions active: 6 (libsumo, fast mode)
[INFO] Episode duration: 2700s (45 min)

[DEBUG] 🎯 Célzott Forgalom Generálása (R1C1_C) | Period: 5.8584
Found 6 valid OD pairs for R1C1_C
Generating focused traffic: Period 5.8584s
[INFO] Subscriptions active: 6 (libsumo, fast mode)
[INFO] Episode duration: 900s (15 min)

[DEBUG] 🎯 Célzott Forgalom Generálása (R1C1_C) | Period: 6.3055
Found 6 valid OD pairs for R1C1_C
Generating focused traffic: Period 6.3055s
[INFO] Subscriptions active: 6 (libsumo, fast mode)
[INFO] Episode duration: 1800s (30 min)

[DEBUG] 🎯 Célzott Forgalom Generálása (R1C1_C) | Period: 6.661
Found 6 valid OD pairs for R1C1_C
Generating focused traffic: Period 6.6610s
[INFO] Subscriptions active: 6 (libsumo, fast mode)
[INFO] Episode duration: 3600s (60 min)

[DEBUG] 🎯 Célzott Forgalom Generálása (R1C1_C) | Period: 7.3308
Found 6 valid OD pairs for R1C1_C
Generating focused traffic: Period 7.3308s
[INFO] Subscriptions active: 6 (libsumo, fast mode)
[INFO] Episode duration: 900s (15 min)

[DEBUG] 🎯 Célzott Forgalom Generálása (R1C1_C) | Period: 7.9005
Found 6 valid OD pairs for R1C1_C
Generating focused traffic: Period 7.9005s
[INFO] Subscriptions active: 6 (libsumo, fast mode)
[INFO] Episode duration: 900s (15 min)

[DEBUG] 🎯 Célzott Forgalom Generálása (R1C1_C) | Period: 4.4895
Found 6 valid OD pairs for R1C1_C
Generating focused traffic: Period 4.4895s
[INFO] Subscriptions active: 6 (libsumo, fast mode)
[INFO] Episode duration: 2700s (45 min)

[DEBUG] 🎯 Célzott Forgalom Generálása (R1C1_C) | Period: 7.4412
Found 6 valid OD pairs for R1C1_C
Generating focused traffic: Period 7.4412s
[INFO] Subscriptions active: 6 (libsumo, fast mode)
[INFO] Episode duration: 2700s (45 min)

[DEBUG] 🎯 Célzott Forgalom Generálása (R1C1_C) | Period: 5.1134
Found 6 valid OD pairs for R1C1_C
Generating focused traffic: Period 5.1134s
[INFO] Subscriptions active: 6 (libsumo, fast mode)
[INFO] Episode duration: 2700s (45 min)

[DEBUG] 🎯 Célzott Forgalom Generálása (R1C1_C) | Period: 6.008
Found 6 valid OD pairs for R1C1_C
Generating focused traffic: Period 6.0080s
[INFO] Subscriptions active: 6 (libsumo, fast mode)
[INFO] Episode duration: 1800s (30 min)

[DEBUG] 🎯 Célzott Forgalom Generálása (R1C1_C) | Period: 6.7616
Found 6 valid OD pairs for R1C1_C
Generating focused traffic: Period 6.7616s
[INFO] Subscriptions active: 6 (libsumo, fast mode)
[INFO] Episode duration: 2700s (45 min)

[DEBUG] 🎯 Célzott Forgalom Generálása (R1C1_C) | Period: 5.1587
Found 6 valid OD pairs for R1C1_C
Generating focused traffic: Period 5.1587s
[INFO] Subscriptions active: 6 (libsumo, fast mode)
[INFO] Episode duration: 900s (15 min)

[DEBUG] 🎯 Célzott Forgalom Generálása (R1C1_C) | Period: 4.8163
Found 6 valid OD pairs for R1C1_C
Generating focused traffic: Period 4.8163s
[INFO] Subscriptions active: 6 (libsumo, fast mode)
[INFO] Episode duration: 900s (15 min)

[DEBUG] 🎯 Célzott Forgalom Generálása (R1C1_C) | Period: 4.1768
Found 6 valid OD pairs for R1C1_C
Generating focused traffic: Period 4.1768s
[INFO] Subscriptions active: 6 (libsumo, fast mode)
[INFO] Episode duration: 900s (15 min)

[DEBUG] 🎯 Célzott Forgalom Generálása (R1C1_C) | Period: 6.597
Found 6 valid OD pairs for R1C1_C
Generating focused traffic: Period 6.5970s
[INFO] Subscriptions active: 6 (libsumo, fast mode)
[INFO] Episode duration: 3600s (60 min)

[DEBUG] 🎯 Célzott Forgalom Generálása (R1C1_C) | Period: 4.8301
Found 6 valid OD pairs for R1C1_C
Generating focused traffic: Period 4.8301s
[INFO] Subscriptions active: 6 (libsumo, fast mode)
[INFO] Episode duration: 3600s (60 min)

[DEBUG] 🎯 Célzott Forgalom Generálása (R1C1_C) | Period: 4.0489
Found 6 valid OD pairs for R1C1_C
Generating focused traffic: Period 4.0489s
[INFO] Subscriptions active: 6 (libsumo, fast mode)
[INFO] Episode duration: 900s (15 min)

[DEBUG] 🎯 Célzott Forgalom Generálása (R1C1_C) | Period: 7.5246
Found 6 valid OD pairs for R1C1_C
Generating focused traffic: Period 7.5246s
[INFO] Subscriptions active: 6 (libsumo, fast mode)
[INFO] Episode duration: 2700s (45 min)

[DEBUG] 🎯 Célzott Forgalom Generálása (R1C1_C) | Period: 4.6881
Found 6 valid OD pairs for R1C1_C
Generating focused traffic: Period 4.6881s
[INFO] Subscriptions active: 6 (libsumo, fast mode)
[INFO] Episode duration: 3600s (60 min)

[DEBUG] 🎯 Célzott Forgalom Generálása (R1C1_C) | Period: 4.583
Found 6 valid OD pairs for R1C1_C
Generating focused traffic: Period 4.5830s
[INFO] Subscriptions active: 6 (libsumo, fast mode)
[INFO] Episode duration: 900s (15 min)

[DEBUG] 🎯 Célzott Forgalom Generálása (R1C1_C) | Period: 7.8795
Found 6 valid OD pairs for R1C1_C
Generating focused traffic: Period 7.8795s
[INFO] Subscriptions active: 6 (libsumo, fast mode)
[INFO] Episode duration: 2700s (45 min)

[DEBUG] 🎯 Célzott Forgalom Generálása (R1C1_C) | Period: 6.9288
Found 6 valid OD pairs for R1C1_C
Generating focused traffic: Period 6.9288s
[INFO] Subscriptions active: 6 (libsumo, fast mode)
[INFO] Episode duration: 2700s (45 min)

[DEBUG] 🎯 Célzott Forgalom Generálása (R1C1_C) | Period: 7.5787
Found 6 valid OD pairs for R1C1_C
Generating focused traffic: Period 7.5787s
[INFO] Subscriptions active: 6 (libsumo, fast mode)
[INFO] Episode duration: 2700s (45 min)

[DEBUG] 🎯 Célzott Forgalom Generálása (R1C1_C) | Period: 4.7435
Found 6 valid OD pairs for R1C1_C
Generating focused traffic: Period 4.7435s
[INFO] Subscriptions active: 6 (libsumo, fast mode)
[INFO] Episode duration: 2700s (45 min)

[DEBUG] 🎯 Célzott Forgalom Generálása (R1C1_C) | Period: 4.6228
Found 6 valid OD pairs for R1C1_C
Generating focused traffic: Period 4.6228s
[INFO] Subscriptions active: 6 (libsumo, fast mode)
[INFO] Episode duration: 2700s (45 min)

[DEBUG] 🎯 Célzott Forgalom Generálása (R1C1_C) | Period: 4.3071
Found 6 valid OD pairs for R1C1_C
Generating focused traffic: Period 4.3071s
[INFO] Subscriptions active: 6 (libsumo, fast mode)
[INFO] Episode duration: 1800s (30 min)

[DEBUG] 🎯 Célzott Forgalom Generálása (R1C1_C) | Period: 5.2988
Found 6 valid OD pairs for R1C1_C
Generating focused traffic: Period 5.2988s
[INFO] Subscriptions active: 6 (libsumo, fast mode)
[INFO] Episode duration: 1800s (30 min)

[DEBUG] 🎯 Célzott Forgalom Generálása (R1C1_C) | Period: 7.8968
Found 6 valid OD pairs for R1C1_C
Generating focused traffic: Period 7.8968s
[INFO] Subscriptions active: 6 (libsumo, fast mode)
[INFO] Episode duration: 1800s (30 min)

[DEBUG] 🎯 Célzott Forgalom Generálása (R1C1_C) | Period: 6.4362
Found 6 valid OD pairs for R1C1_C
Generating focused traffic: Period 6.4362s
[INFO] Subscriptions active: 6 (libsumo, fast mode)
[INFO] Episode duration: 900s (15 min)

[DEBUG] 🎯 Célzott Forgalom Generálása (R1C1_C) | Period: 5.4376
Found 6 valid OD pairs for R1C1_C
Generating focused traffic: Period 5.4376s
[INFO] Subscriptions active: 6 (libsumo, fast mode)
[INFO] Episode duration: 2700s (45 min)

[DEBUG] 🎯 Célzott Forgalom Generálása (R1C1_C) | Period: 7.0511
Found 6 valid OD pairs for R1C1_C
Generating focused traffic: Period 7.0511s
[INFO] Subscriptions active: 6 (libsumo, fast mode)
------------------------------------
| rollout/              |          |
|    ep_len_mean        | 454      |
|    ep_rew_mean        | 159      |
| time/                 |          |
|    fps                | 185      |
|    iterations         | 30       |
|    time_elapsed       | 331      |
|    total_timesteps    | 61440    |
| train/                |          |
|    entropy_loss       | -1.39    |
|    explained_variance | -0.0439  |
|    learning_rate      | 0.0001   |
|    n_updates          | 29       |
|    policy_loss        | 29.1     |
|    value_loss         | 583      |
------------------------------------
[INFO] Episode duration: 3600s (60 min)

[DEBUG] 🎯 Célzott Forgalom Generálása (R1C1_C) | Period: 7.3271
Found 6 valid OD pairs for R1C1_C
Generating focused traffic: Period 7.3271s
[INFO] Subscriptions active: 6 (libsumo, fast mode)
[INFO] Episode duration: 2700s (45 min)

[DEBUG] 🎯 Célzott Forgalom Generálása (R1C1_C) | Period: 6.1088
Found 6 valid OD pairs for R1C1_C
Generating focused traffic: Period 6.1088s
[INFO] Subscriptions active: 6 (libsumo, fast mode)
[INFO] Episode duration: 3600s (60 min)

[DEBUG] 🎯 Célzott Forgalom Generálása (R1C1_C) | Period: 5.7422
Found 6 valid OD pairs for R1C1_C
Generating focused traffic: Period 5.7422s
[INFO] Subscriptions active: 6 (libsumo, fast mode)
[INFO] Episode duration: 900s (15 min)

[DEBUG] 🎯 Célzott Forgalom Generálása (R1C1_C) | Period: 7.1649
Found 6 valid OD pairs for R1C1_C
Generating focused traffic: Period 7.1649s
[INFO] Subscriptions active: 6 (libsumo, fast mode)
[INFO] Episode duration: 3600s (60 min)

[DEBUG] 🎯 Célzott Forgalom Generálása (R1C1_C) | Period: 4.016
Found 6 valid OD pairs for R1C1_C
Generating focused traffic: Period 4.0160s
[INFO] Subscriptions active: 6 (libsumo, fast mode)
[INFO] Episode duration: 2700s (45 min)

[DEBUG] 🎯 Célzott Forgalom Generálása (R1C1_C) | Period: 6.8155
Found 6 valid OD pairs for R1C1_C
Generating focused traffic: Period 6.8155s
[INFO] Subscriptions active: 6 (libsumo, fast mode)
[INFO] Episode duration: 1800s (30 min)

[DEBUG] 🎯 Célzott Forgalom Generálása (R1C1_C) | Period: 5.0358
Found 6 valid OD pairs for R1C1_C
Generating focused traffic: Period 5.0358s
[INFO] Subscriptions active: 6 (libsumo, fast mode)
[INFO] Episode duration: 2700s (45 min)

[DEBUG] 🎯 Célzott Forgalom Generálása (R1C1_C) | Period: 4.178
Found 6 valid OD pairs for R1C1_C
Generating focused traffic: Period 4.1780s
[INFO] Subscriptions active: 6 (libsumo, fast mode)
[INFO] Episode duration: 3600s (60 min)

[DEBUG] 🎯 Célzott Forgalom Generálása (R1C1_C) | Period: 5.7335
Found 6 valid OD pairs for R1C1_C
Generating focused traffic: Period 5.7335s
[INFO] Subscriptions active: 6 (libsumo, fast mode)
[INFO] Episode duration: 900s (15 min)

[DEBUG] 🎯 Célzott Forgalom Generálása (R1C1_C) | Period: 5.5324
Found 6 valid OD pairs for R1C1_C
Generating focused traffic: Period 5.5324s
[INFO] Subscriptions active: 6 (libsumo, fast mode)
[INFO] Episode duration: 900s (15 min)

[DEBUG] 🎯 Célzott Forgalom Generálása (R1C1_C) | Period: 6.8641
Found 6 valid OD pairs for R1C1_C
Generating focused traffic: Period 6.8641s
[INFO] Subscriptions active: 6 (libsumo, fast mode)
[INFO] Episode duration: 1800s (30 min)

[DEBUG] 🎯 Célzott Forgalom Generálása (R1C1_C) | Period: 5.1617
Found 6 valid OD pairs for R1C1_C
Generating focused traffic: Period 5.1617s
[INFO] Subscriptions active: 6 (libsumo, fast mode)
[INFO] Episode duration: 900s (15 min)

[DEBUG] 🎯 Célzott Forgalom Generálása (R1C1_C) | Period: 5.3542
Found 6 valid OD pairs for R1C1_C
Generating focused traffic: Period 5.3542s
[INFO] Subscriptions active: 6 (libsumo, fast mode)
[INFO] Episode duration: 2700s (45 min)

[DEBUG] 🎯 Célzott Forgalom Generálása (R1C1_C) | Period: 5.36
Found 6 valid OD pairs for R1C1_C
Generating focused traffic: Period 5.3600s
[INFO] Subscriptions active: 6 (libsumo, fast mode)
[INFO] Episode duration: 3600s (60 min)

[DEBUG] 🎯 Célzott Forgalom Generálása (R1C1_C) | Period: 6.8249
Found 6 valid OD pairs for R1C1_C
Generating focused traffic: Period 6.8249s
[INFO] Subscriptions active: 6 (libsumo, fast mode)
[INFO] Episode duration: 900s (15 min)

[DEBUG] 🎯 Célzott Forgalom Generálása (R1C1_C) | Period: 7.1483
Found 6 valid OD pairs for R1C1_C
Generating focused traffic: Period 7.1483s
[INFO] Subscriptions active: 6 (libsumo, fast mode)
[INFO] Episode duration: 900s (15 min)

[DEBUG] 🎯 Célzott Forgalom Generálása (R1C1_C) | Period: 5.6447
Found 6 valid OD pairs for R1C1_C
Generating focused traffic: Period 5.6447s
[INFO] Subscriptions active: 6 (libsumo, fast mode)
[INFO] Episode duration: 3600s (60 min)

[DEBUG] 🎯 Célzott Forgalom Generálása (R1C1_C) | Period: 4.7979
Found 6 valid OD pairs for R1C1_C
Generating focused traffic: Period 4.7979s
[INFO] Subscriptions active: 6 (libsumo, fast mode)
[INFO] Episode duration: 3600s (60 min)

[DEBUG] 🎯 Célzott Forgalom Generálása (R1C1_C) | Period: 4.7036
Found 6 valid OD pairs for R1C1_C
Generating focused traffic: Period 4.7036s
[INFO] Subscriptions active: 6 (libsumo, fast mode)
[INFO] Episode duration: 2700s (45 min)

[DEBUG] 🎯 Célzott Forgalom Generálása (R1C1_C) | Period: 6.2934
Found 6 valid OD pairs for R1C1_C
Generating focused traffic: Period 6.2934s
[INFO] Subscriptions active: 6 (libsumo, fast mode)
[INFO] Episode duration: 1800s (30 min)

[DEBUG] 🎯 Célzott Forgalom Generálása (R1C1_C) | Period: 4.2469
Found 6 valid OD pairs for R1C1_C
Generating focused traffic: Period 4.2469s
[INFO] Subscriptions active: 6 (libsumo, fast mode)
[INFO] Episode duration: 1800s (30 min)

[DEBUG] 🎯 Célzott Forgalom Generálása (R1C1_C) | Period: 4.3975
Found 6 valid OD pairs for R1C1_C
Generating focused traffic: Period 4.3975s
[INFO] Subscriptions active: 6 (libsumo, fast mode)
[INFO] Episode duration: 1800s (30 min)

[DEBUG] 🎯 Célzott Forgalom Generálása (R1C1_C) | Period: 4.2933
Found 6 valid OD pairs for R1C1_C
Generating focused traffic: Period 4.2933s
[INFO] Subscriptions active: 6 (libsumo, fast mode)
[INFO] Episode duration: 2700s (45 min)

[DEBUG] 🎯 Célzott Forgalom Generálása (R1C1_C) | Period: 7.8841
Found 6 valid OD pairs for R1C1_C
Generating focused traffic: Period 7.8841s
[INFO] Subscriptions active: 6 (libsumo, fast mode)
[INFO] Episode duration: 2700s (45 min)

[DEBUG] 🎯 Célzott Forgalom Generálása (R1C1_C) | Period: 6.8248
Found 6 valid OD pairs for R1C1_C
Generating focused traffic: Period 6.8248s
[INFO] Subscriptions active: 6 (libsumo, fast mode)
[INFO] Episode duration: 2700s (45 min)

[DEBUG] 🎯 Célzott Forgalom Generálása (R1C1_C) | Period: 6.952
Found 6 valid OD pairs for R1C1_C
Generating focused traffic: Period 6.9520s
[INFO] Subscriptions active: 6 (libsumo, fast mode)
[INFO] Episode duration: 2700s (45 min)

[DEBUG] 🎯 Célzott Forgalom Generálása (R1C1_C) | Period: 5.3215
Found 6 valid OD pairs for R1C1_C
Generating focused traffic: Period 5.3215s
[INFO] Subscriptions active: 6 (libsumo, fast mode)
[INFO] Episode duration: 1800s (30 min)

[DEBUG] 🎯 Célzott Forgalom Generálása (R1C1_C) | Period: 5.939
Found 6 valid OD pairs for R1C1_C
Generating focused traffic: Period 5.9390s
[INFO] Subscriptions active: 6 (libsumo, fast mode)
[INFO] Episode duration: 3600s (60 min)

[DEBUG] 🎯 Célzott Forgalom Generálása (R1C1_C) | Period: 4.3647
Found 6 valid OD pairs for R1C1_C
Generating focused traffic: Period 4.3647s
[INFO] Subscriptions active: 6 (libsumo, fast mode)
[INFO] Episode duration: 1800s (30 min)

[DEBUG] 🎯 Célzott Forgalom Generálása (R1C1_C) | Period: 4.1682
Found 6 valid OD pairs for R1C1_C
Generating focused traffic: Period 4.1682s
[INFO] Subscriptions active: 6 (libsumo, fast mode)
[INFO] Episode duration: 3600s (60 min)

[DEBUG] 🎯 Célzott Forgalom Generálása (R1C1_C) | Period: 7.604
Found 6 valid OD pairs for R1C1_C
Generating focused traffic: Period 7.6040s
[INFO] Subscriptions active: 6 (libsumo, fast mode)
[INFO] Episode duration: 2700s (45 min)

[DEBUG] 🎯 Célzott Forgalom Generálása (R1C1_C) | Period: 4.3863
Found 6 valid OD pairs for R1C1_C
Generating focused traffic: Period 4.3863s
[INFO] Subscriptions active: 6 (libsumo, fast mode)
[INFO] Episode duration: 900s (15 min)

[DEBUG] 🎯 Célzott Forgalom Generálása (R1C1_C) | Period: 4.8562
Found 6 valid OD pairs for R1C1_C
Generating focused traffic: Period 4.8562s
[INFO] Subscriptions active: 6 (libsumo, fast mode)
[INFO] Episode duration: 900s (15 min)

[DEBUG] 🎯 Célzott Forgalom Generálása (R1C1_C) | Period: 5.8402
Found 6 valid OD pairs for R1C1_C
Generating focused traffic: Period 5.8402s
[INFO] Subscriptions active: 6 (libsumo, fast mode)
[INFO] Episode duration: 3600s (60 min)

[DEBUG] 🎯 Célzott Forgalom Generálása (R1C1_C) | Period: 6.2293
Found 6 valid OD pairs for R1C1_C
Generating focused traffic: Period 6.2293s
[INFO] Subscriptions active: 6 (libsumo, fast mode)
[INFO] Episode duration: 2700s (45 min)

[DEBUG] 🎯 Célzott Forgalom Generálása (R1C1_C) | Period: 4.0118
Found 6 valid OD pairs for R1C1_C
Generating focused traffic: Period 4.0118s
[INFO] Subscriptions active: 6 (libsumo, fast mode)
[INFO] Episode duration: 3600s (60 min)

[DEBUG] 🎯 Célzott Forgalom Generálása (R1C1_C) | Period: 4.2749
Found 6 valid OD pairs for R1C1_C
Generating focused traffic: Period 4.2749s
[INFO] Subscriptions active: 6 (libsumo, fast mode)
[INFO] Episode duration: 3600s (60 min)

[DEBUG] 🎯 Célzott Forgalom Generálása (R1C1_C) | Period: 7.8075
Found 6 valid OD pairs for R1C1_C
Generating focused traffic: Period 7.8075s
[INFO] Subscriptions active: 6 (libsumo, fast mode)
[INFO] Episode duration: 3600s (60 min)

[DEBUG] 🎯 Célzott Forgalom Generálása (R1C1_C) | Period: 4.5909
Found 6 valid OD pairs for R1C1_C
Generating focused traffic: Period 4.5909s
[INFO] Subscriptions active: 6 (libsumo, fast mode)
[INFO] Episode duration: 900s (15 min)

[DEBUG] 🎯 Célzott Forgalom Generálása (R1C1_C) | Period: 6.6565
Found 6 valid OD pairs for R1C1_C
Generating focused traffic: Period 6.6565s
[INFO] Subscriptions active: 6 (libsumo, fast mode)
[INFO] Episode duration: 900s (15 min)

[DEBUG] 🎯 Célzott Forgalom Generálása (R1C1_C) | Period: 4.0925
Found 6 valid OD pairs for R1C1_C
Generating focused traffic: Period 4.0925s
[INFO] Subscriptions active: 6 (libsumo, fast mode)
[INFO] Episode duration: 1800s (30 min)

[DEBUG] 🎯 Célzott Forgalom Generálása (R1C1_C) | Period: 4.0158
Found 6 valid OD pairs for R1C1_C
Generating focused traffic: Period 4.0158s
[INFO] Subscriptions active: 6 (libsumo, fast mode)
[INFO] Episode duration: 2700s (45 min)

[DEBUG] 🎯 Célzott Forgalom Generálása (R1C1_C) | Period: 6.0828
Found 6 valid OD pairs for R1C1_C
Generating focused traffic: Period 6.0828s
[INFO] Subscriptions active: 6 (libsumo, fast mode)
------------------------------------
| rollout/              |          |
|    ep_len_mean        | 470      |
|    ep_rew_mean        | 157      |
| time/                 |          |
|    fps                | 184      |
|    iterations         | 40       |
|    time_elapsed       | 443      |
|    total_timesteps    | 81920    |
| train/                |          |
|    entropy_loss       | -1.39    |
|    explained_variance | -0.0562  |
|    learning_rate      | 0.0001   |
|    n_updates          | 39       |
|    policy_loss        | 25.5     |
|    value_loss         | 451      |
------------------------------------
[INFO] Episode duration: 1800s (30 min)

[DEBUG] 🎯 Célzott Forgalom Generálása (R1C1_C) | Period: 5.404
Found 6 valid OD pairs for R1C1_C
Generating focused traffic: Period 5.4040s
[INFO] Subscriptions active: 6 (libsumo, fast mode)
[INFO] Episode duration: 3600s (60 min)

[DEBUG] 🎯 Célzott Forgalom Generálása (R1C1_C) | Period: 6.0773
Found 6 valid OD pairs for R1C1_C
Generating focused traffic: Period 6.0773s
[INFO] Subscriptions active: 6 (libsumo, fast mode)
[INFO] Episode duration: 1800s (30 min)

[DEBUG] 🎯 Célzott Forgalom Generálása (R1C1_C) | Period: 6.1604
Found 6 valid OD pairs for R1C1_C
Generating focused traffic: Period 6.1604s
[INFO] Subscriptions active: 6 (libsumo, fast mode)
[INFO] Episode duration: 3600s (60 min)

[DEBUG] 🎯 Célzott Forgalom Generálása (R1C1_C) | Period: 4.0581
Found 6 valid OD pairs for R1C1_C
Generating focused traffic: Period 4.0581s
[INFO] Subscriptions active: 6 (libsumo, fast mode)
[INFO] Episode duration: 900s (15 min)

[DEBUG] 🎯 Célzott Forgalom Generálása (R1C1_C) | Period: 7.0283
Found 6 valid OD pairs for R1C1_C
Generating focused traffic: Period 7.0283s
[INFO] Subscriptions active: 6 (libsumo, fast mode)
[INFO] Episode duration: 1800s (30 min)

[DEBUG] 🎯 Célzott Forgalom Generálása (R1C1_C) | Period: 6.0511
Found 6 valid OD pairs for R1C1_C
Generating focused traffic: Period 6.0511s
[INFO] Subscriptions active: 6 (libsumo, fast mode)
[INFO] Episode duration: 1800s (30 min)

[DEBUG] 🎯 Célzott Forgalom Generálása (R1C1_C) | Period: 5.2488
Found 6 valid OD pairs for R1C1_C
Generating focused traffic: Period 5.2488s
[INFO] Subscriptions active: 6 (libsumo, fast mode)
[INFO] Episode duration: 1800s (30 min)

[DEBUG] 🎯 Célzott Forgalom Generálása (R1C1_C) | Period: 4.4717
Found 6 valid OD pairs for R1C1_C
Generating focused traffic: Period 4.4717s
[INFO] Subscriptions active: 6 (libsumo, fast mode)
[INFO] Episode duration: 1800s (30 min)

[DEBUG] 🎯 Célzott Forgalom Generálása (R1C1_C) | Period: 5.41
Found 6 valid OD pairs for R1C1_C
Generating focused traffic: Period 5.4100s
[INFO] Subscriptions active: 6 (libsumo, fast mode)
[INFO] Episode duration: 3600s (60 min)

[DEBUG] 🎯 Célzott Forgalom Generálása (R1C1_C) | Period: 7.8771
Found 6 valid OD pairs for R1C1_C
Generating focused traffic: Period 7.8771s
[INFO] Subscriptions active: 6 (libsumo, fast mode)
[INFO] Episode duration: 1800s (30 min)

[DEBUG] 🎯 Célzott Forgalom Generálása (R1C1_C) | Period: 6.9155
Found 6 valid OD pairs for R1C1_C
Generating focused traffic: Period 6.9155s
[INFO] Subscriptions active: 6 (libsumo, fast mode)
[INFO] Episode duration: 3600s (60 min)

[DEBUG] 🎯 Célzott Forgalom Generálása (R1C1_C) | Period: 7.8149
Found 6 valid OD pairs for R1C1_C
Generating focused traffic: Period 7.8149s
[INFO] Subscriptions active: 6 (libsumo, fast mode)
[INFO] Episode duration: 1800s (30 min)

[DEBUG] 🎯 Célzott Forgalom Generálása (R1C1_C) | Period: 6.0569
Found 6 valid OD pairs for R1C1_C
Generating focused traffic: Period 6.0569s
[INFO] Subscriptions active: 6 (libsumo, fast mode)
[INFO] Episode duration: 900s (15 min)

[DEBUG] 🎯 Célzott Forgalom Generálása (R1C1_C) | Period: 7.6233
Found 6 valid OD pairs for R1C1_C
Generating focused traffic: Period 7.6233s
[INFO] Subscriptions active: 6 (libsumo, fast mode)
[INFO] Episode duration: 1800s (30 min)

[DEBUG] 🎯 Célzott Forgalom Generálása (R1C1_C) | Period: 7.1904
Found 6 valid OD pairs for R1C1_C
Generating focused traffic: Period 7.1904s
[INFO] Subscriptions active: 6 (libsumo, fast mode)
[INFO] Episode duration: 900s (15 min)

[DEBUG] 🎯 Célzott Forgalom Generálása (R1C1_C) | Period: 7.8658
Found 6 valid OD pairs for R1C1_C
Generating focused traffic: Period 7.8658s
[INFO] Subscriptions active: 6 (libsumo, fast mode)
[INFO] Episode duration: 1800s (30 min)

[DEBUG] 🎯 Célzott Forgalom Generálása (R1C1_C) | Period: 7.8443
Found 6 valid OD pairs for R1C1_C
Generating focused traffic: Period 7.8443s
[INFO] Subscriptions active: 6 (libsumo, fast mode)
[INFO] Episode duration: 3600s (60 min)

[DEBUG] 🎯 Célzott Forgalom Generálása (R1C1_C) | Period: 6.7405
Found 6 valid OD pairs for R1C1_C
Generating focused traffic: Period 6.7405s
[INFO] Subscriptions active: 6 (libsumo, fast mode)
[INFO] Episode duration: 900s (15 min)

[DEBUG] 🎯 Célzott Forgalom Generálása (R1C1_C) | Period: 4.8565
Found 6 valid OD pairs for R1C1_C
Generating focused traffic: Period 4.8565s
[INFO] Subscriptions active: 6 (libsumo, fast mode)
[INFO] Episode duration: 900s (15 min)

[DEBUG] 🎯 Célzott Forgalom Generálása (R1C1_C) | Period: 6.0045
Found 6 valid OD pairs for R1C1_C
Generating focused traffic: Period 6.0045s
[INFO] Subscriptions active: 6 (libsumo, fast mode)
[INFO] Episode duration: 1800s (30 min)

[DEBUG] 🎯 Célzott Forgalom Generálása (R1C1_C) | Period: 7.0931
Found 6 valid OD pairs for R1C1_C
Generating focused traffic: Period 7.0931s
[INFO] Subscriptions active: 6 (libsumo, fast mode)
[INFO] Episode duration: 1800s (30 min)

[DEBUG] 🎯 Célzott Forgalom Generálása (R1C1_C) | Period: 7.8659
Found 6 valid OD pairs for R1C1_C
Generating focused traffic: Period 7.8659s
[INFO] Subscriptions active: 6 (libsumo, fast mode)
[INFO] Episode duration: 2700s (45 min)

[DEBUG] 🎯 Célzott Forgalom Generálása (R1C1_C) | Period: 5.5008
Found 6 valid OD pairs for R1C1_C
Generating focused traffic: Period 5.5008s
[INFO] Subscriptions active: 6 (libsumo, fast mode)
[INFO] Episode duration: 3600s (60 min)

[DEBUG] 🎯 Célzott Forgalom Generálása (R1C1_C) | Period: 7.1061
Found 6 valid OD pairs for R1C1_C
Generating focused traffic: Period 7.1061s
[INFO] Subscriptions active: 6 (libsumo, fast mode)
[INFO] Episode duration: 900s (15 min)

[DEBUG] 🎯 Célzott Forgalom Generálása (R1C1_C) | Period: 4.048
Found 6 valid OD pairs for R1C1_C
Generating focused traffic: Period 4.0480s
[INFO] Subscriptions active: 6 (libsumo, fast mode)
[INFO] Episode duration: 900s (15 min)

[DEBUG] 🎯 Célzott Forgalom Generálása (R1C1_C) | Period: 4.1624
Found 6 valid OD pairs for R1C1_C
Generating focused traffic: Period 4.1624s
[INFO] Subscriptions active: 6 (libsumo, fast mode)
[INFO] Episode duration: 2700s (45 min)

[DEBUG] 🎯 Célzott Forgalom Generálása (R1C1_C) | Period: 5.8564
Found 6 valid OD pairs for R1C1_C
Generating focused traffic: Period 5.8564s
[INFO] Subscriptions active: 6 (libsumo, fast mode)
[INFO] Episode duration: 900s (15 min)

[DEBUG] 🎯 Célzott Forgalom Generálása (R1C1_C) | Period: 5.455
Found 6 valid OD pairs for R1C1_C
Generating focused traffic: Period 5.4550s
[INFO] Subscriptions active: 6 (libsumo, fast mode)
[INFO] Episode duration: 900s (15 min)

[DEBUG] 🎯 Célzott Forgalom Generálása (R1C1_C) | Period: 7.0323
Found 6 valid OD pairs for R1C1_C
Generating focused traffic: Period 7.0323s
[INFO] Subscriptions active: 6 (libsumo, fast mode)
[INFO] Episode duration: 3600s (60 min)

[DEBUG] 🎯 Célzott Forgalom Generálása (R1C1_C) | Period: 5.4857
Found 6 valid OD pairs for R1C1_C
Generating focused traffic: Period 5.4857s
[INFO] Subscriptions active: 6 (libsumo, fast mode)
[INFO] Episode duration: 3600s (60 min)

[DEBUG] 🎯 Célzott Forgalom Generálása (R1C1_C) | Period: 5.2084
Found 6 valid OD pairs for R1C1_C
Generating focused traffic: Period 5.2084s
[INFO] Subscriptions active: 6 (libsumo, fast mode)
[INFO] Episode duration: 2700s (45 min)

[DEBUG] 🎯 Célzott Forgalom Generálása (R1C1_C) | Period: 7.3264
Found 6 valid OD pairs for R1C1_C
Generating focused traffic: Period 7.3264s
[INFO] Subscriptions active: 6 (libsumo, fast mode)
[INFO] Episode duration: 2700s (45 min)

[DEBUG] 🎯 Célzott Forgalom Generálása (R1C1_C) | Period: 7.8014
Found 6 valid OD pairs for R1C1_C
Generating focused traffic: Period 7.8014s
[INFO] Subscriptions active: 6 (libsumo, fast mode)
[INFO] Episode duration: 3600s (60 min)

[DEBUG] 🎯 Célzott Forgalom Generálása (R1C1_C) | Period: 6.4461
Found 6 valid OD pairs for R1C1_C
Generating focused traffic: Period 6.4461s
[INFO] Subscriptions active: 6 (libsumo, fast mode)
[INFO] Episode duration: 1800s (30 min)
wandb: WARNING Symlinked 1 file into the W&B run directory; call wandb.save again to sync new files.
/Users/wagnertamas/Documents/Munka/cikkek/AI_agens_konyvtar/support/intergreen_matrix_calculator/rl_trainer.py:857: UserWarning: Exporting a model while it is in training mode. Please ensure that this is intended, as it may lead to different behavior during inference. Calling model.eval() before export is recommended.
  torch.onnx.export(
/Users/wagnertamas/Documents/Munka/cikkek/AI_agens_konyvtar/support/intergreen_matrix_calculator/rl_trainer.py:857: UserWarning: # 'dynamic_axes' is not recommended when dynamo=True, and may lead to 'torch._dynamo.exc.UserError: Constraints violated.' Supply the 'dynamic_shapes' argument instead if export is unsuccessful.
  torch.onnx.export(
wandb: updating run metadata
wandb: uploading pytorch_models/R1C1_C.zip; uploading output.log; uploading wandb-summary.json; uploading config.yaml
wandb: uploading pytorch_models/R1C1_C.zip; uploading output.log; uploading wandb-summary.json
wandb: uploading pytorch_models/R1C1_C.zip
wandb: uploading history steps 996-1002, summary, console lines 1425-1447
wandb: 
wandb: Run history:
wandb:  R1C1_C/action_pct/phase_0 ▃▅▃▃█▄▃▄▄▄▄▃▅▂▅▄▅▄▅▅▄▆▃▄▄▃▄▄▆▄▃▃▃▃▅▂▁▄▇▁
wandb:  R1C1_C/action_pct/phase_1 ▆▄▅▅▃▅▅█▅▄▆▆▅▅▅▄▃▅█▃▅▄▄▆▄▇▆▃▃▅▆▅▆▅▆██▄▁▆
wandb:  R1C1_C/action_pct/phase_2 ▅▅▃▅▁▆▅▄▄▂▄▅▄▅▆▆▅▅▃▅▆▄▅▅▄▃▅▄▅▄▆▅▇▅▂▆█▇▇▅
wandb:  R1C1_C/action_pct/phase_3 ▄▄▆▅▄▂▄▂▃█▄▅▃▅▁▂▄▄▂▅▃▃▅▃▅▅▃▆▃▅▃▄▂▅▄▂▂▃▁▆
wandb:  R1C1_C/train/entropy_loss ▁▄▄▄▆▆▇▅▅▅▄▆▆▆▅▅▅▅▅▇▇▇▆▅▅▇██▄▅▅▅▃▄▄▄▄▄▄▅
wandb: R1C1_C/train/learning_rate ▁▁▁▁▁▁▁▁▁▁▁▁▁▁▁▁▁▁▁▁▁▁▁▁▁▁▁▁▁▁▁▁▁▁▁▁▁▁▁▁
wandb:    R1C1_C/train/value_loss ▃▆▆▆▆▅▅▄▄█▆▄▄▆▆▄▇▇▅▄▄▄▆▄▄▁▄▄▄▄▄▁▅▂█▆▇▂▂▆
wandb:                 avg_reward ▆▅▂▅▅█▇▄▆▅▆▆▂▆▇▃▅▆▆▃▂▅▁▁▂▁▅▆▄▄▇█▆▁▄▃▆▅▆▅
wandb:                    episode ▁▁▁▂▂▂▂▂▂▃▃▃▃▃▃▄▄▄▄▄▄▄▅▅▅▅▆▆▆▆▆▇▇▇▇▇████
wandb:         episode/avg_reward ▇▃▂█▄▁▄▇▇▇▇▄▇▁▂▄█▇▂▇▄▁▁▆▃▇▆▆▇▄▁▂▇▃▅▄▇▇▂▇
wandb:                         +7 ...
wandb: 
wandb: Run summary:
wandb:  R1C1_C/action_pct/phase_0 20
wandb:  R1C1_C/action_pct/phase_1 26.11111
wandb:  R1C1_C/action_pct/phase_2 23.88889
wandb:  R1C1_C/action_pct/phase_3 30
wandb:  R1C1_C/train/entropy_loss -1.38582
wandb: R1C1_C/train/learning_rate 0.0001
wandb:    R1C1_C/train/value_loss 834.23938
wandb:                 avg_reward 0.51104
wandb:                    episode 224
wandb:         episode/avg_reward 0.46074
wandb:                         +7 ...
wandb: 
wandb: 🚀 View run a2c_co2_speedstd_2x128_3_R1C1_C at: https://wandb.ai/wagnertamas-budapesti-m-szaki-s-gazdas-gtudom-nyi-egyetem/sumo-rl-stat/runs/icuqmfpf
wandb: ⭐️ View project at: https://wandb.ai/wagnertamas-budapesti-m-szaki-s-gazdas-gtudom-nyi-egyetem/sumo-rl-stat
wandb: Synced 5 W&B file(s), 0 media file(s), 0 artifact file(s) and 1 other file(s)
wandb: Find logs at: ./wandb/run-20260322_025650-icuqmfpf/logs

[DEBUG] 🎯 Célzott Forgalom Generálása (R1C1_C) | Period: 5.3405
Found 6 valid OD pairs for R1C1_C
Generating focused traffic: Period 5.3405s
[INFO] Subscriptions active: 6 (libsumo, fast mode)
[INFO] Episode duration: 2700s (45 min)

[DEBUG] 🎯 Célzott Forgalom Generálása (R1C1_C) | Period: 7.8884
Found 6 valid OD pairs for R1C1_C
Generating focused traffic: Period 7.8884s
[INFO] Subscriptions active: 6 (libsumo, fast mode)
[INFO] Episode duration: 1800s (30 min)

[DEBUG] 🎯 Célzott Forgalom Generálása (R1C1_C) | Period: 7.2666
Found 6 valid OD pairs for R1C1_C
Generating focused traffic: Period 7.2666s
[INFO] Subscriptions active: 6 (libsumo, fast mode)
[INFO] Episode duration: 900s (15 min)

[DEBUG] 🎯 Célzott Forgalom Generálása (R1C1_C) | Period: 4.0057
Found 6 valid OD pairs for R1C1_C
Generating focused traffic: Period 4.0057s
[INFO] Subscriptions active: 6 (libsumo, fast mode)
[INFO] Episode duration: 900s (15 min)

[DEBUG] 🎯 Célzott Forgalom Generálása (R1C1_C) | Period: 6.1403
Found 6 valid OD pairs for R1C1_C
Generating focused traffic: Period 6.1403s
[INFO] Subscriptions active: 6 (libsumo, fast mode)
[INFO] Episode duration: 1800s (30 min)

[DEBUG] 🎯 Célzott Forgalom Generálása (R1C1_C) | Period: 4.3429
Found 6 valid OD pairs for R1C1_C
Generating focused traffic: Period 4.3429s
[INFO] Subscriptions active: 6 (libsumo, fast mode)
[INFO] Episode duration: 3600s (60 min)

[DEBUG] 🎯 Célzott Forgalom Generálása (R1C1_C) | Period: 4.1984
Found 6 valid OD pairs for R1C1_C
Generating focused traffic: Period 4.1984s
[INFO] Subscriptions active: 6 (libsumo, fast mode)
[INFO] Episode duration: 2700s (45 min)

[DEBUG] 🎯 Célzott Forgalom Generálása (R1C1_C) | Period: 5.5948
Found 6 valid OD pairs for R1C1_C
Generating focused traffic: Period 5.5948s
[INFO] Subscriptions active: 6 (libsumo, fast mode)
[INFO] Episode duration: 1800s (30 min)

[DEBUG] 🎯 Célzott Forgalom Generálása (R1C1_C) | Period: 7.9552
Found 6 valid OD pairs for R1C1_C
Generating focused traffic: Period 7.9552s
[INFO] Subscriptions active: 6 (libsumo, fast mode)
[INFO] Episode duration: 3600s (60 min)

[DEBUG] 🎯 Célzott Forgalom Generálása (R1C1_C) | Period: 7.9001
Found 6 valid OD pairs for R1C1_C
Generating focused traffic: Period 7.9001s
[INFO] Subscriptions active: 6 (libsumo, fast mode)
On-policy training completed.
Closing environment and EXPORTING models...
Saving PyTorch ZIP models to /Users/wagnertamas/Documents/Munka/cikkek/AI_agens_konyvtar/support/intergreen_matrix_calculator/data/runs/pytorch_models...
Saved PyTorch R1C1_C to /Users/wagnertamas/Documents/Munka/cikkek/AI_agens_konyvtar/support/intergreen_matrix_calculator/data/runs/pytorch_models/R1C1_C.zip
Exporting ONNX models to /Users/wagnertamas/Documents/Munka/cikkek/AI_agens_konyvtar/support/intergreen_matrix_calculator/data/runs/onnx_models...
Failed to export R1C1_C: # Failed to convert 'dynamic_axes' to 'dynamic_shapes'. Please provide 'dynamic_shapes' directly. Refer to the documentation for 'torch.export.export' for more information on dynamic shapes.
Cleanup done.
