wandb: [wandb.login()] Loaded credentials for https://api.wandb.ai from /Users/wagnertamas/.netrc.
wandb: Currently logged in as: wagnertamas (wagnertamas-budapesti-m-szaki-s-gazdas-gtudom-nyi-egyetem) to https://api.wandb.ai. Use `wandb login --relogin` to force relogin
wandb: setting up run uddajbqe
wandb: Tracking run with wandb version 0.25.0
wandb: Run data is saved locally in /Users/wagnertamas/Documents/Munka/cikkek/AI_agens_konyvtar/support/intergreen_matrix_calculator/wandb/run-20260322_011459-uddajbqe
wandb: Run `wandb offline` to turn off syncing.
wandb: Syncing run a2c_speed_throughput_1x64_3_R1C1_C
wandb: ⭐️ View project at https://wandb.ai/wagnertamas-budapesti-m-szaki-s-gazdas-gtudom-nyi-egyetem/sumo-rl-stat
wandb: 🚀 View run at https://wandb.ai/wagnertamas-budapesti-m-szaki-s-gazdas-gtudom-nyi-egyetem/sumo-rl-stat/runs/uddajbqe
[INFO] Config: training_config.yaml
[INFO] Net: /Users/wagnertamas/Documents/Munka/cikkek/AI_agens_konyvtar/support/intergreen_matrix_calculator/data/mega_catalogue_v2.net.xml
[INFO] Timesteps: 100000 | Project: sumo-rl-stat
[INFO] Junction: R1C1_C
[INFO] Algorithm: a2c | Reward: speed_throughput
[INFO] Load model: None (fresh)
[INFO] Traffic: random target+spread (epizódonként)
Initializing Environment (algorithm=a2c, reward=speed_throughput)...
[INFO] Algorithm: a2c (on_policy)
[INFO] Reward mode: speed_throughput
WandB config applied (Sweep compatible).
[INFO] Junction reward params auto-loaded from /Users/wagnertamas/Documents/Munka/cikkek/AI_agens_konyvtar/support/intergreen_matrix_calculator/data/junction_reward_params.json
[INFO] Using 'libsumo' (fast headless mode, OS=darwin).
Starting SUMO...
[INFO] Episode duration: 3600s (60 min)

[DEBUG] 🎯 Célzott Forgalom Generálása (R1C1_C) | Period: 5.7633
Found 6 valid OD pairs for R1C1_C
Generating focused traffic: Period 5.7633s
[INFO] Network mapped: 1 agents, 3 detectors, 3 lanes
[INFO] Subscriptions active: 6 (libsumo, fast mode)
Agents discovered: ['R1C1_C']
[INFO] RL device: mps
[INFO] On-policy training: a2c → R1C1_C
Using mps device
Wrapping the env with a `Monitor` wrapper
Wrapping the env in a DummyVecEnv.
Starting on-policy training: 100000 timesteps...
[INFO] Episode duration: 900s (15 min)

[DEBUG] 🎯 Célzott Forgalom Generálása (R1C1_C) | Period: 4.5759
Found 6 valid OD pairs for R1C1_C
Generating focused traffic: Period 4.5759s
[INFO] Subscriptions active: 6 (libsumo, fast mode)
Logging to /Users/wagnertamas/Documents/Munka/cikkek/AI_agens_konyvtar/support/intergreen_matrix_calculator/data/runs/sumo-rl-stat/R1C1_C/A2C_13
[INFO] Episode duration: 2700s (45 min)

[DEBUG] 🎯 Célzott Forgalom Generálása (R1C1_C) | Period: 5.3151
Found 6 valid OD pairs for R1C1_C
Generating focused traffic: Period 5.3151s
[INFO] Subscriptions active: 6 (libsumo, fast mode)
[INFO] Episode duration: 3600s (60 min)

[DEBUG] 🎯 Célzott Forgalom Generálása (R1C1_C) | Period: 6.4125
Found 6 valid OD pairs for R1C1_C
Generating focused traffic: Period 6.4125s
[INFO] Subscriptions active: 6 (libsumo, fast mode)
[INFO] Episode duration: 3600s (60 min)

[DEBUG] 🎯 Célzott Forgalom Generálása (R1C1_C) | Period: 7.3433
Found 6 valid OD pairs for R1C1_C
Generating focused traffic: Period 7.3433s
[INFO] Subscriptions active: 6 (libsumo, fast mode)
[INFO] Episode duration: 1800s (30 min)

[DEBUG] 🎯 Célzott Forgalom Generálása (R1C1_C) | Period: 5.0502
Found 6 valid OD pairs for R1C1_C
Generating focused traffic: Period 5.0502s
[INFO] Subscriptions active: 6 (libsumo, fast mode)
[INFO] Episode duration: 1800s (30 min)

[DEBUG] 🎯 Célzott Forgalom Generálása (R1C1_C) | Period: 7.1885
Found 6 valid OD pairs for R1C1_C
Generating focused traffic: Period 7.1885s
[INFO] Subscriptions active: 6 (libsumo, fast mode)
[INFO] Episode duration: 3600s (60 min)

[DEBUG] 🎯 Célzott Forgalom Generálása (R1C1_C) | Period: 4.0677
Found 6 valid OD pairs for R1C1_C
Generating focused traffic: Period 4.0677s
[INFO] Subscriptions active: 6 (libsumo, fast mode)
[INFO] Episode duration: 1800s (30 min)

[DEBUG] 🎯 Célzott Forgalom Generálása (R1C1_C) | Period: 6.5687
Found 6 valid OD pairs for R1C1_C
Generating focused traffic: Period 6.5687s
[INFO] Subscriptions active: 6 (libsumo, fast mode)
[INFO] Episode duration: 3600s (60 min)

[DEBUG] 🎯 Célzott Forgalom Generálása (R1C1_C) | Period: 6.864
Found 6 valid OD pairs for R1C1_C
Generating focused traffic: Period 6.8640s
[INFO] Subscriptions active: 6 (libsumo, fast mode)
[INFO] Episode duration: 900s (15 min)

[DEBUG] 🎯 Célzott Forgalom Generálása (R1C1_C) | Period: 5.7207
Found 6 valid OD pairs for R1C1_C
Generating focused traffic: Period 5.7207s
[INFO] Subscriptions active: 6 (libsumo, fast mode)
[INFO] Episode duration: 1800s (30 min)

[DEBUG] 🎯 Célzott Forgalom Generálása (R1C1_C) | Period: 4.9483
Found 6 valid OD pairs for R1C1_C
Generating focused traffic: Period 4.9483s
[INFO] Subscriptions active: 6 (libsumo, fast mode)
[INFO] Episode duration: 1800s (30 min)

[DEBUG] 🎯 Célzott Forgalom Generálása (R1C1_C) | Period: 7.3932
Found 6 valid OD pairs for R1C1_C
Generating focused traffic: Period 7.3932s
[INFO] Subscriptions active: 6 (libsumo, fast mode)
[INFO] Episode duration: 2700s (45 min)

[DEBUG] 🎯 Célzott Forgalom Generálása (R1C1_C) | Period: 6.3817
Found 6 valid OD pairs for R1C1_C
Generating focused traffic: Period 6.3817s
[INFO] Subscriptions active: 6 (libsumo, fast mode)
[INFO] Episode duration: 3600s (60 min)

[DEBUG] 🎯 Célzott Forgalom Generálása (R1C1_C) | Period: 5.1043
Found 6 valid OD pairs for R1C1_C
Generating focused traffic: Period 5.1043s
[INFO] Subscriptions active: 6 (libsumo, fast mode)
[INFO] Episode duration: 900s (15 min)

[DEBUG] 🎯 Célzott Forgalom Generálása (R1C1_C) | Period: 4.8943
Found 6 valid OD pairs for R1C1_C
Generating focused traffic: Period 4.8943s
[INFO] Subscriptions active: 6 (libsumo, fast mode)
[INFO] Episode duration: 2700s (45 min)

[DEBUG] 🎯 Célzott Forgalom Generálása (R1C1_C) | Period: 4.8086
Found 6 valid OD pairs for R1C1_C
Generating focused traffic: Period 4.8086s
[INFO] Subscriptions active: 6 (libsumo, fast mode)
[INFO] Episode duration: 3600s (60 min)

[DEBUG] 🎯 Célzott Forgalom Generálása (R1C1_C) | Period: 7.3965
Found 6 valid OD pairs for R1C1_C
Generating focused traffic: Period 7.3965s
[INFO] Subscriptions active: 6 (libsumo, fast mode)
[INFO] Episode duration: 1800s (30 min)

[DEBUG] 🎯 Célzott Forgalom Generálása (R1C1_C) | Period: 6.1513
Found 6 valid OD pairs for R1C1_C
Generating focused traffic: Period 6.1513s
[INFO] Subscriptions active: 6 (libsumo, fast mode)
[INFO] Episode duration: 900s (15 min)

[DEBUG] 🎯 Célzott Forgalom Generálása (R1C1_C) | Period: 7.6272
Found 6 valid OD pairs for R1C1_C
Generating focused traffic: Period 7.6272s
[INFO] Subscriptions active: 6 (libsumo, fast mode)
[INFO] Episode duration: 1800s (30 min)

[DEBUG] 🎯 Célzott Forgalom Generálása (R1C1_C) | Period: 7.6434
Found 6 valid OD pairs for R1C1_C
Generating focused traffic: Period 7.6434s
[INFO] Subscriptions active: 6 (libsumo, fast mode)
[INFO] Episode duration: 900s (15 min)

[DEBUG] 🎯 Célzott Forgalom Generálása (R1C1_C) | Period: 6.3874
Found 6 valid OD pairs for R1C1_C
Generating focused traffic: Period 6.3874s
[INFO] Subscriptions active: 6 (libsumo, fast mode)
[INFO] Episode duration: 2700s (45 min)

[DEBUG] 🎯 Célzott Forgalom Generálása (R1C1_C) | Period: 6.317
Found 6 valid OD pairs for R1C1_C
Generating focused traffic: Period 6.3170s
[INFO] Subscriptions active: 6 (libsumo, fast mode)
[INFO] Episode duration: 3600s (60 min)

[DEBUG] 🎯 Célzott Forgalom Generálása (R1C1_C) | Period: 4.8988
Found 6 valid OD pairs for R1C1_C
Generating focused traffic: Period 4.8988s
[INFO] Subscriptions active: 6 (libsumo, fast mode)
[INFO] Episode duration: 1800s (30 min)

[DEBUG] 🎯 Célzott Forgalom Generálása (R1C1_C) | Period: 7.485
Found 6 valid OD pairs for R1C1_C
Generating focused traffic: Period 7.4850s
[INFO] Subscriptions active: 6 (libsumo, fast mode)
[INFO] Episode duration: 1800s (30 min)

[DEBUG] 🎯 Célzott Forgalom Generálása (R1C1_C) | Period: 7.9997
Found 6 valid OD pairs for R1C1_C
Generating focused traffic: Period 7.9997s
[INFO] Subscriptions active: 6 (libsumo, fast mode)
[INFO] Episode duration: 2700s (45 min)

[DEBUG] 🎯 Célzott Forgalom Generálása (R1C1_C) | Period: 6.8086
Found 6 valid OD pairs for R1C1_C
Generating focused traffic: Period 6.8086s
[INFO] Subscriptions active: 6 (libsumo, fast mode)
[INFO] Episode duration: 3600s (60 min)

[DEBUG] 🎯 Célzott Forgalom Generálása (R1C1_C) | Period: 6.751
Found 6 valid OD pairs for R1C1_C
Generating focused traffic: Period 6.7510s
[INFO] Subscriptions active: 6 (libsumo, fast mode)
[INFO] Episode duration: 900s (15 min)

[DEBUG] 🎯 Célzott Forgalom Generálása (R1C1_C) | Period: 6.2138
Found 6 valid OD pairs for R1C1_C
Generating focused traffic: Period 6.2138s
[INFO] Subscriptions active: 6 (libsumo, fast mode)
[INFO] Episode duration: 2700s (45 min)

[DEBUG] 🎯 Célzott Forgalom Generálása (R1C1_C) | Period: 6.575
Found 6 valid OD pairs for R1C1_C
Generating focused traffic: Period 6.5750s
[INFO] Subscriptions active: 6 (libsumo, fast mode)
[INFO] Episode duration: 1800s (30 min)

[DEBUG] 🎯 Célzott Forgalom Generálása (R1C1_C) | Period: 4.2393
Found 6 valid OD pairs for R1C1_C
Generating focused traffic: Period 4.2393s
[INFO] Subscriptions active: 6 (libsumo, fast mode)
[INFO] Episode duration: 1800s (30 min)

[DEBUG] 🎯 Célzott Forgalom Generálása (R1C1_C) | Period: 7.9908
Found 6 valid OD pairs for R1C1_C
Generating focused traffic: Period 7.9908s
[INFO] Subscriptions active: 6 (libsumo, fast mode)
[INFO] Episode duration: 2700s (45 min)

[DEBUG] 🎯 Célzott Forgalom Generálása (R1C1_C) | Period: 7.8289
Found 6 valid OD pairs for R1C1_C
Generating focused traffic: Period 7.8289s
[INFO] Subscriptions active: 6 (libsumo, fast mode)
[INFO] Episode duration: 1800s (30 min)

[DEBUG] 🎯 Célzott Forgalom Generálása (R1C1_C) | Period: 4.6009
Found 6 valid OD pairs for R1C1_C
Generating focused traffic: Period 4.6009s
[INFO] Subscriptions active: 6 (libsumo, fast mode)
[INFO] Episode duration: 2700s (45 min)

[DEBUG] 🎯 Célzott Forgalom Generálása (R1C1_C) | Period: 6.9333
Found 6 valid OD pairs for R1C1_C
Generating focused traffic: Period 6.9333s
[INFO] Subscriptions active: 6 (libsumo, fast mode)
[INFO] Episode duration: 1800s (30 min)

[DEBUG] 🎯 Célzott Forgalom Generálása (R1C1_C) | Period: 5.7174
Found 6 valid OD pairs for R1C1_C
Generating focused traffic: Period 5.7174s
[INFO] Subscriptions active: 6 (libsumo, fast mode)
[INFO] Episode duration: 3600s (60 min)

[DEBUG] 🎯 Célzott Forgalom Generálása (R1C1_C) | Period: 5.1211
Found 6 valid OD pairs for R1C1_C
Generating focused traffic: Period 5.1211s
[INFO] Subscriptions active: 6 (libsumo, fast mode)
[INFO] Episode duration: 1800s (30 min)

[DEBUG] 🎯 Célzott Forgalom Generálása (R1C1_C) | Period: 6.9044
Found 6 valid OD pairs for R1C1_C
Generating focused traffic: Period 6.9044s
[INFO] Subscriptions active: 6 (libsumo, fast mode)
[INFO] Episode duration: 2700s (45 min)

[DEBUG] 🎯 Célzott Forgalom Generálása (R1C1_C) | Period: 7.0835
Found 6 valid OD pairs for R1C1_C
Generating focused traffic: Period 7.0835s
[INFO] Subscriptions active: 6 (libsumo, fast mode)
[INFO] Episode duration: 2700s (45 min)

[DEBUG] 🎯 Célzott Forgalom Generálása (R1C1_C) | Period: 6.3441
Found 6 valid OD pairs for R1C1_C
Generating focused traffic: Period 6.3441s
[INFO] Subscriptions active: 6 (libsumo, fast mode)
[INFO] Episode duration: 2700s (45 min)

[DEBUG] 🎯 Célzott Forgalom Generálása (R1C1_C) | Period: 5.2019
Found 6 valid OD pairs for R1C1_C
Generating focused traffic: Period 5.2019s
[INFO] Subscriptions active: 6 (libsumo, fast mode)
[INFO] Episode duration: 900s (15 min)

[DEBUG] 🎯 Célzott Forgalom Generálása (R1C1_C) | Period: 7.9181
Found 6 valid OD pairs for R1C1_C
Generating focused traffic: Period 7.9181s
[INFO] Subscriptions active: 6 (libsumo, fast mode)
[INFO] Episode duration: 2700s (45 min)

[DEBUG] 🎯 Célzott Forgalom Generálása (R1C1_C) | Period: 4.7398
Found 6 valid OD pairs for R1C1_C
Generating focused traffic: Period 4.7398s
[INFO] Subscriptions active: 6 (libsumo, fast mode)
[INFO] Episode duration: 2700s (45 min)

[DEBUG] 🎯 Célzott Forgalom Generálása (R1C1_C) | Period: 7.1793
Found 6 valid OD pairs for R1C1_C
Generating focused traffic: Period 7.1793s
[INFO] Subscriptions active: 6 (libsumo, fast mode)
[INFO] Episode duration: 2700s (45 min)

[DEBUG] 🎯 Célzott Forgalom Generálása (R1C1_C) | Period: 6.2592
Found 6 valid OD pairs for R1C1_C
Generating focused traffic: Period 6.2592s
[INFO] Subscriptions active: 6 (libsumo, fast mode)
[INFO] Episode duration: 3600s (60 min)

[DEBUG] 🎯 Célzott Forgalom Generálása (R1C1_C) | Period: 7.5061
Found 6 valid OD pairs for R1C1_C
Generating focused traffic: Period 7.5061s
[INFO] Subscriptions active: 6 (libsumo, fast mode)
------------------------------------
| rollout/              |          |
|    ep_len_mean        | 462      |
|    ep_rew_mean        | 138      |
| time/                 |          |
|    fps                | 186      |
|    iterations         | 10       |
|    time_elapsed       | 109      |
|    total_timesteps    | 20480    |
| train/                |          |
|    entropy_loss       | -1.39    |
|    explained_variance | -0.0065  |
|    learning_rate      | 0.0001   |
|    n_updates          | 9        |
|    policy_loss        | 32.2     |
|    value_loss         | 607      |
------------------------------------
[INFO] Episode duration: 1800s (30 min)

[DEBUG] 🎯 Célzott Forgalom Generálása (R1C1_C) | Period: 4.3434
Found 6 valid OD pairs for R1C1_C
Generating focused traffic: Period 4.3434s
[INFO] Subscriptions active: 6 (libsumo, fast mode)
[INFO] Episode duration: 3600s (60 min)

[DEBUG] 🎯 Célzott Forgalom Generálása (R1C1_C) | Period: 5.8327
Found 6 valid OD pairs for R1C1_C
Generating focused traffic: Period 5.8327s
[INFO] Subscriptions active: 6 (libsumo, fast mode)
[INFO] Episode duration: 3600s (60 min)

[DEBUG] 🎯 Célzott Forgalom Generálása (R1C1_C) | Period: 7.4397
Found 6 valid OD pairs for R1C1_C
Generating focused traffic: Period 7.4397s
[INFO] Subscriptions active: 6 (libsumo, fast mode)
[INFO] Episode duration: 900s (15 min)

[DEBUG] 🎯 Célzott Forgalom Generálása (R1C1_C) | Period: 6.4182
Found 6 valid OD pairs for R1C1_C
Generating focused traffic: Period 6.4182s
[INFO] Subscriptions active: 6 (libsumo, fast mode)
[INFO] Episode duration: 3600s (60 min)

[DEBUG] 🎯 Célzott Forgalom Generálása (R1C1_C) | Period: 7.9774
Found 6 valid OD pairs for R1C1_C
Generating focused traffic: Period 7.9774s
[INFO] Subscriptions active: 6 (libsumo, fast mode)
[INFO] Episode duration: 3600s (60 min)

[DEBUG] 🎯 Célzott Forgalom Generálása (R1C1_C) | Period: 7.7049
Found 6 valid OD pairs for R1C1_C
Generating focused traffic: Period 7.7049s
[INFO] Subscriptions active: 6 (libsumo, fast mode)
[INFO] Episode duration: 3600s (60 min)

[DEBUG] 🎯 Célzott Forgalom Generálása (R1C1_C) | Period: 7.4584
Found 6 valid OD pairs for R1C1_C
Generating focused traffic: Period 7.4584s
[INFO] Subscriptions active: 6 (libsumo, fast mode)
[INFO] Episode duration: 3600s (60 min)

[DEBUG] 🎯 Célzott Forgalom Generálása (R1C1_C) | Period: 5.328
Found 6 valid OD pairs for R1C1_C
Generating focused traffic: Period 5.3280s
[INFO] Subscriptions active: 6 (libsumo, fast mode)
[INFO] Episode duration: 900s (15 min)

[DEBUG] 🎯 Célzott Forgalom Generálása (R1C1_C) | Period: 5.4541
Found 6 valid OD pairs for R1C1_C
Generating focused traffic: Period 5.4541s
[INFO] Subscriptions active: 6 (libsumo, fast mode)
[INFO] Episode duration: 900s (15 min)

[DEBUG] 🎯 Célzott Forgalom Generálása (R1C1_C) | Period: 7.5652
Found 6 valid OD pairs for R1C1_C
Generating focused traffic: Period 7.5652s
[INFO] Subscriptions active: 6 (libsumo, fast mode)
[INFO] Episode duration: 1800s (30 min)

[DEBUG] 🎯 Célzott Forgalom Generálása (R1C1_C) | Period: 6.7933
Found 6 valid OD pairs for R1C1_C
Generating focused traffic: Period 6.7933s
[INFO] Subscriptions active: 6 (libsumo, fast mode)
[INFO] Episode duration: 3600s (60 min)

[DEBUG] 🎯 Célzott Forgalom Generálása (R1C1_C) | Period: 4.4309
Found 6 valid OD pairs for R1C1_C
Generating focused traffic: Period 4.4309s
[INFO] Subscriptions active: 6 (libsumo, fast mode)
[INFO] Episode duration: 3600s (60 min)

[DEBUG] 🎯 Célzott Forgalom Generálása (R1C1_C) | Period: 6.4435
Found 6 valid OD pairs for R1C1_C
Generating focused traffic: Period 6.4435s
[INFO] Subscriptions active: 6 (libsumo, fast mode)
[INFO] Episode duration: 3600s (60 min)

[DEBUG] 🎯 Célzott Forgalom Generálása (R1C1_C) | Period: 6.733
Found 6 valid OD pairs for R1C1_C
Generating focused traffic: Period 6.7330s
[INFO] Subscriptions active: 6 (libsumo, fast mode)
[INFO] Episode duration: 1800s (30 min)

[DEBUG] 🎯 Célzott Forgalom Generálása (R1C1_C) | Period: 5.8678
Found 6 valid OD pairs for R1C1_C
Generating focused traffic: Period 5.8678s
[INFO] Subscriptions active: 6 (libsumo, fast mode)
[INFO] Episode duration: 3600s (60 min)

[DEBUG] 🎯 Célzott Forgalom Generálása (R1C1_C) | Period: 6.1519
Found 6 valid OD pairs for R1C1_C
Generating focused traffic: Period 6.1519s
[INFO] Subscriptions active: 6 (libsumo, fast mode)
[INFO] Episode duration: 3600s (60 min)

[DEBUG] 🎯 Célzott Forgalom Generálása (R1C1_C) | Period: 6.4791
Found 6 valid OD pairs for R1C1_C
Generating focused traffic: Period 6.4791s
[INFO] Subscriptions active: 6 (libsumo, fast mode)
[INFO] Episode duration: 3600s (60 min)

[DEBUG] 🎯 Célzott Forgalom Generálása (R1C1_C) | Period: 4.8107
Found 6 valid OD pairs for R1C1_C
Generating focused traffic: Period 4.8107s
[INFO] Subscriptions active: 6 (libsumo, fast mode)
[INFO] Episode duration: 3600s (60 min)

[DEBUG] 🎯 Célzott Forgalom Generálása (R1C1_C) | Period: 6.0502
Found 6 valid OD pairs for R1C1_C
Generating focused traffic: Period 6.0502s
[INFO] Subscriptions active: 6 (libsumo, fast mode)
[INFO] Episode duration: 3600s (60 min)

[DEBUG] 🎯 Célzott Forgalom Generálása (R1C1_C) | Period: 5.6366
Found 6 valid OD pairs for R1C1_C
Generating focused traffic: Period 5.6366s
[INFO] Subscriptions active: 6 (libsumo, fast mode)
[INFO] Episode duration: 2700s (45 min)

[DEBUG] 🎯 Célzott Forgalom Generálása (R1C1_C) | Period: 6.7296
Found 6 valid OD pairs for R1C1_C
Generating focused traffic: Period 6.7296s
[INFO] Subscriptions active: 6 (libsumo, fast mode)
[INFO] Episode duration: 1800s (30 min)

[DEBUG] 🎯 Célzott Forgalom Generálása (R1C1_C) | Period: 7.4139
Found 6 valid OD pairs for R1C1_C
Generating focused traffic: Period 7.4139s
[INFO] Subscriptions active: 6 (libsumo, fast mode)
[INFO] Episode duration: 900s (15 min)

[DEBUG] 🎯 Célzott Forgalom Generálása (R1C1_C) | Period: 4.4295
Found 6 valid OD pairs for R1C1_C
Generating focused traffic: Period 4.4295s
[INFO] Subscriptions active: 6 (libsumo, fast mode)
[INFO] Episode duration: 1800s (30 min)

[DEBUG] 🎯 Célzott Forgalom Generálása (R1C1_C) | Period: 6.5903
Found 6 valid OD pairs for R1C1_C
Generating focused traffic: Period 6.5903s
[INFO] Subscriptions active: 6 (libsumo, fast mode)
[INFO] Episode duration: 3600s (60 min)

[DEBUG] 🎯 Célzott Forgalom Generálása (R1C1_C) | Period: 7.3052
Found 6 valid OD pairs for R1C1_C
Generating focused traffic: Period 7.3052s
[INFO] Subscriptions active: 6 (libsumo, fast mode)
[INFO] Episode duration: 1800s (30 min)

[DEBUG] 🎯 Célzott Forgalom Generálása (R1C1_C) | Period: 7.1537
Found 6 valid OD pairs for R1C1_C
Generating focused traffic: Period 7.1537s
[INFO] Subscriptions active: 6 (libsumo, fast mode)
[INFO] Episode duration: 900s (15 min)

[DEBUG] 🎯 Célzott Forgalom Generálása (R1C1_C) | Period: 4.6465
Found 6 valid OD pairs for R1C1_C
Generating focused traffic: Period 4.6465s
[INFO] Subscriptions active: 6 (libsumo, fast mode)
[INFO] Episode duration: 900s (15 min)

[DEBUG] 🎯 Célzott Forgalom Generálása (R1C1_C) | Period: 5.5604
Found 6 valid OD pairs for R1C1_C
Generating focused traffic: Period 5.5604s
[INFO] Subscriptions active: 6 (libsumo, fast mode)
[INFO] Episode duration: 900s (15 min)

[DEBUG] 🎯 Célzott Forgalom Generálása (R1C1_C) | Period: 5.8631
Found 6 valid OD pairs for R1C1_C
Generating focused traffic: Period 5.8631s
[INFO] Subscriptions active: 6 (libsumo, fast mode)
[INFO] Episode duration: 1800s (30 min)

[DEBUG] 🎯 Célzott Forgalom Generálása (R1C1_C) | Period: 4.4303
Found 6 valid OD pairs for R1C1_C
Generating focused traffic: Period 4.4303s
[INFO] Subscriptions active: 6 (libsumo, fast mode)
[INFO] Episode duration: 900s (15 min)

[DEBUG] 🎯 Célzott Forgalom Generálása (R1C1_C) | Period: 7.4285
Found 6 valid OD pairs for R1C1_C
Generating focused traffic: Period 7.4285s
[INFO] Subscriptions active: 6 (libsumo, fast mode)
[INFO] Episode duration: 1800s (30 min)

[DEBUG] 🎯 Célzott Forgalom Generálása (R1C1_C) | Period: 4.6711
Found 6 valid OD pairs for R1C1_C
Generating focused traffic: Period 4.6711s
[INFO] Subscriptions active: 6 (libsumo, fast mode)
[INFO] Episode duration: 900s (15 min)

[DEBUG] 🎯 Célzott Forgalom Generálása (R1C1_C) | Period: 7.8941
Found 6 valid OD pairs for R1C1_C
Generating focused traffic: Period 7.8941s
[INFO] Subscriptions active: 6 (libsumo, fast mode)
[INFO] Episode duration: 900s (15 min)

[DEBUG] 🎯 Célzott Forgalom Generálása (R1C1_C) | Period: 7.2581
Found 6 valid OD pairs for R1C1_C
Generating focused traffic: Period 7.2581s
[INFO] Subscriptions active: 6 (libsumo, fast mode)
[INFO] Episode duration: 900s (15 min)

[DEBUG] 🎯 Célzott Forgalom Generálása (R1C1_C) | Period: 6.9374
Found 6 valid OD pairs for R1C1_C
Generating focused traffic: Period 6.9374s
[INFO] Subscriptions active: 6 (libsumo, fast mode)
[INFO] Episode duration: 1800s (30 min)

[DEBUG] 🎯 Célzott Forgalom Generálása (R1C1_C) | Period: 5.6235
Found 6 valid OD pairs for R1C1_C
Generating focused traffic: Period 5.6235s
[INFO] Subscriptions active: 6 (libsumo, fast mode)
[INFO] Episode duration: 900s (15 min)

[DEBUG] 🎯 Célzott Forgalom Generálása (R1C1_C) | Period: 6.3024
Found 6 valid OD pairs for R1C1_C
Generating focused traffic: Period 6.3024s
[INFO] Subscriptions active: 6 (libsumo, fast mode)
[INFO] Episode duration: 2700s (45 min)

[DEBUG] 🎯 Célzott Forgalom Generálása (R1C1_C) | Period: 6.5638
Found 6 valid OD pairs for R1C1_C
Generating focused traffic: Period 6.5638s
[INFO] Subscriptions active: 6 (libsumo, fast mode)
[INFO] Episode duration: 3600s (60 min)

[DEBUG] 🎯 Célzott Forgalom Generálása (R1C1_C) | Period: 6.7285
Found 6 valid OD pairs for R1C1_C
Generating focused traffic: Period 6.7285s
[INFO] Subscriptions active: 6 (libsumo, fast mode)
[INFO] Episode duration: 3600s (60 min)

[DEBUG] 🎯 Célzott Forgalom Generálása (R1C1_C) | Period: 4.4967
Found 6 valid OD pairs for R1C1_C
Generating focused traffic: Period 4.4967s
[INFO] Subscriptions active: 6 (libsumo, fast mode)
[INFO] Episode duration: 900s (15 min)

[DEBUG] 🎯 Célzott Forgalom Generálása (R1C1_C) | Period: 4.7281
Found 6 valid OD pairs for R1C1_C
Generating focused traffic: Period 4.7281s
[INFO] Subscriptions active: 6 (libsumo, fast mode)
[INFO] Episode duration: 900s (15 min)

[DEBUG] 🎯 Célzott Forgalom Generálása (R1C1_C) | Period: 6.0681
Found 6 valid OD pairs for R1C1_C
Generating focused traffic: Period 6.0681s
[INFO] Subscriptions active: 6 (libsumo, fast mode)
[INFO] Episode duration: 900s (15 min)

[DEBUG] 🎯 Célzott Forgalom Generálása (R1C1_C) | Period: 5.4639
Found 6 valid OD pairs for R1C1_C
Generating focused traffic: Period 5.4639s
[INFO] Subscriptions active: 6 (libsumo, fast mode)
[INFO] Episode duration: 2700s (45 min)

[DEBUG] 🎯 Célzott Forgalom Generálása (R1C1_C) | Period: 5.1713
Found 6 valid OD pairs for R1C1_C
Generating focused traffic: Period 5.1713s
[INFO] Subscriptions active: 6 (libsumo, fast mode)
[INFO] Episode duration: 1800s (30 min)

[DEBUG] 🎯 Célzott Forgalom Generálása (R1C1_C) | Period: 7.7054
Found 6 valid OD pairs for R1C1_C
Generating focused traffic: Period 7.7054s
[INFO] Subscriptions active: 6 (libsumo, fast mode)
------------------------------------
| rollout/              |          |
|    ep_len_mean        | 459      |
|    ep_rew_mean        | 136      |
| time/                 |          |
|    fps                | 164      |
|    iterations         | 20       |
|    time_elapsed       | 248      |
|    total_timesteps    | 40960    |
| train/                |          |
|    entropy_loss       | -1.39    |
|    explained_variance | -0.00291 |
|    learning_rate      | 0.0001   |
|    n_updates          | 19       |
|    policy_loss        | 29.8     |
|    value_loss         | 538      |
------------------------------------
[INFO] Episode duration: 1800s (30 min)

[DEBUG] 🎯 Célzott Forgalom Generálása (R1C1_C) | Period: 6.027
Found 6 valid OD pairs for R1C1_C
Generating focused traffic: Period 6.0270s
[INFO] Subscriptions active: 6 (libsumo, fast mode)
[INFO] Episode duration: 3600s (60 min)

[DEBUG] 🎯 Célzott Forgalom Generálása (R1C1_C) | Period: 4.4711
Found 6 valid OD pairs for R1C1_C
Generating focused traffic: Period 4.4711s
[INFO] Subscriptions active: 6 (libsumo, fast mode)
[INFO] Episode duration: 1800s (30 min)

[DEBUG] 🎯 Célzott Forgalom Generálása (R1C1_C) | Period: 6.892
Found 6 valid OD pairs for R1C1_C
Generating focused traffic: Period 6.8920s
[INFO] Subscriptions active: 6 (libsumo, fast mode)
[INFO] Episode duration: 900s (15 min)

[DEBUG] 🎯 Célzott Forgalom Generálása (R1C1_C) | Period: 5.0043
Found 6 valid OD pairs for R1C1_C
Generating focused traffic: Period 5.0043s
[INFO] Subscriptions active: 6 (libsumo, fast mode)
[INFO] Episode duration: 3600s (60 min)

[DEBUG] 🎯 Célzott Forgalom Generálása (R1C1_C) | Period: 4.7045
Found 6 valid OD pairs for R1C1_C
Generating focused traffic: Period 4.7045s
[INFO] Subscriptions active: 6 (libsumo, fast mode)
[INFO] Episode duration: 3600s (60 min)

[DEBUG] 🎯 Célzott Forgalom Generálása (R1C1_C) | Period: 7.8947
Found 6 valid OD pairs for R1C1_C
Generating focused traffic: Period 7.8947s
[INFO] Subscriptions active: 6 (libsumo, fast mode)
[INFO] Episode duration: 900s (15 min)

[DEBUG] 🎯 Célzott Forgalom Generálása (R1C1_C) | Period: 5.6638
Found 6 valid OD pairs for R1C1_C
Generating focused traffic: Period 5.6638s
[INFO] Subscriptions active: 6 (libsumo, fast mode)
[INFO] Episode duration: 1800s (30 min)

[DEBUG] 🎯 Célzott Forgalom Generálása (R1C1_C) | Period: 7.2039
Found 6 valid OD pairs for R1C1_C
Generating focused traffic: Period 7.2039s
[INFO] Subscriptions active: 6 (libsumo, fast mode)
[INFO] Episode duration: 900s (15 min)

[DEBUG] 🎯 Célzott Forgalom Generálása (R1C1_C) | Period: 6.6377
Found 6 valid OD pairs for R1C1_C
Generating focused traffic: Period 6.6377s
[INFO] Subscriptions active: 6 (libsumo, fast mode)
[INFO] Episode duration: 900s (15 min)

[DEBUG] 🎯 Célzott Forgalom Generálása (R1C1_C) | Period: 7.8888
Found 6 valid OD pairs for R1C1_C
Generating focused traffic: Period 7.8888s
[INFO] Subscriptions active: 6 (libsumo, fast mode)
[INFO] Episode duration: 1800s (30 min)

[DEBUG] 🎯 Célzott Forgalom Generálása (R1C1_C) | Period: 7.8333
Found 6 valid OD pairs for R1C1_C
Generating focused traffic: Period 7.8333s
[INFO] Subscriptions active: 6 (libsumo, fast mode)
[INFO] Episode duration: 1800s (30 min)

[DEBUG] 🎯 Célzott Forgalom Generálása (R1C1_C) | Period: 4.163
Found 6 valid OD pairs for R1C1_C
Generating focused traffic: Period 4.1630s
[INFO] Subscriptions active: 6 (libsumo, fast mode)
[INFO] Episode duration: 3600s (60 min)

[DEBUG] 🎯 Célzott Forgalom Generálása (R1C1_C) | Period: 5.5274
Found 6 valid OD pairs for R1C1_C
Generating focused traffic: Period 5.5274s
[INFO] Subscriptions active: 6 (libsumo, fast mode)
[INFO] Episode duration: 1800s (30 min)

[DEBUG] 🎯 Célzott Forgalom Generálása (R1C1_C) | Period: 4.0758
Found 6 valid OD pairs for R1C1_C
Generating focused traffic: Period 4.0758s
[INFO] Subscriptions active: 6 (libsumo, fast mode)
[INFO] Episode duration: 3600s (60 min)

[DEBUG] 🎯 Célzott Forgalom Generálása (R1C1_C) | Period: 5.5928
Found 6 valid OD pairs for R1C1_C
Generating focused traffic: Period 5.5928s
[INFO] Subscriptions active: 6 (libsumo, fast mode)
[INFO] Episode duration: 2700s (45 min)

[DEBUG] 🎯 Célzott Forgalom Generálása (R1C1_C) | Period: 7.0249
Found 6 valid OD pairs for R1C1_C
Generating focused traffic: Period 7.0249s
[INFO] Subscriptions active: 6 (libsumo, fast mode)
[INFO] Episode duration: 1800s (30 min)

[DEBUG] 🎯 Célzott Forgalom Generálása (R1C1_C) | Period: 7.9405
Found 6 valid OD pairs for R1C1_C
Generating focused traffic: Period 7.9405s
[INFO] Subscriptions active: 6 (libsumo, fast mode)
[INFO] Episode duration: 900s (15 min)

[DEBUG] 🎯 Célzott Forgalom Generálása (R1C1_C) | Period: 7.7479
Found 6 valid OD pairs for R1C1_C
Generating focused traffic: Period 7.7479s
[INFO] Subscriptions active: 6 (libsumo, fast mode)
[INFO] Episode duration: 2700s (45 min)

[DEBUG] 🎯 Célzott Forgalom Generálása (R1C1_C) | Period: 6.0098
Found 6 valid OD pairs for R1C1_C
Generating focused traffic: Period 6.0098s
[INFO] Subscriptions active: 6 (libsumo, fast mode)
[INFO] Episode duration: 1800s (30 min)

[DEBUG] 🎯 Célzott Forgalom Generálása (R1C1_C) | Period: 4.2368
Found 6 valid OD pairs for R1C1_C
Generating focused traffic: Period 4.2368s
[INFO] Subscriptions active: 6 (libsumo, fast mode)
[INFO] Episode duration: 3600s (60 min)

[DEBUG] 🎯 Célzott Forgalom Generálása (R1C1_C) | Period: 6.5346
Found 6 valid OD pairs for R1C1_C
Generating focused traffic: Period 6.5346s
[INFO] Subscriptions active: 6 (libsumo, fast mode)
[INFO] Episode duration: 2700s (45 min)

[DEBUG] 🎯 Célzott Forgalom Generálása (R1C1_C) | Period: 4.9642
Found 6 valid OD pairs for R1C1_C
Generating focused traffic: Period 4.9642s
[INFO] Subscriptions active: 6 (libsumo, fast mode)
[INFO] Episode duration: 2700s (45 min)

[DEBUG] 🎯 Célzott Forgalom Generálása (R1C1_C) | Period: 6.4739
Found 6 valid OD pairs for R1C1_C
Generating focused traffic: Period 6.4739s
[INFO] Subscriptions active: 6 (libsumo, fast mode)
[INFO] Episode duration: 1800s (30 min)

[DEBUG] 🎯 Célzott Forgalom Generálása (R1C1_C) | Period: 5.2656
Found 6 valid OD pairs for R1C1_C
Generating focused traffic: Period 5.2656s
[INFO] Subscriptions active: 6 (libsumo, fast mode)
[INFO] Episode duration: 1800s (30 min)

[DEBUG] 🎯 Célzott Forgalom Generálása (R1C1_C) | Period: 4.3496
Found 6 valid OD pairs for R1C1_C
Generating focused traffic: Period 4.3496s
[INFO] Subscriptions active: 6 (libsumo, fast mode)
[INFO] Episode duration: 2700s (45 min)

[DEBUG] 🎯 Célzott Forgalom Generálása (R1C1_C) | Period: 4.6521
Found 6 valid OD pairs for R1C1_C
Generating focused traffic: Period 4.6521s
[INFO] Subscriptions active: 6 (libsumo, fast mode)
[INFO] Episode duration: 1800s (30 min)

[DEBUG] 🎯 Célzott Forgalom Generálása (R1C1_C) | Period: 6.3625
Found 6 valid OD pairs for R1C1_C
Generating focused traffic: Period 6.3625s
[INFO] Subscriptions active: 6 (libsumo, fast mode)
[INFO] Episode duration: 1800s (30 min)

[DEBUG] 🎯 Célzott Forgalom Generálása (R1C1_C) | Period: 5.3912
Found 6 valid OD pairs for R1C1_C
Generating focused traffic: Period 5.3912s
[INFO] Subscriptions active: 6 (libsumo, fast mode)
[INFO] Episode duration: 3600s (60 min)

[DEBUG] 🎯 Célzott Forgalom Generálása (R1C1_C) | Period: 7.0754
Found 6 valid OD pairs for R1C1_C
Generating focused traffic: Period 7.0754s
[INFO] Subscriptions active: 6 (libsumo, fast mode)
[INFO] Episode duration: 1800s (30 min)

[DEBUG] 🎯 Célzott Forgalom Generálása (R1C1_C) | Period: 4.0829
Found 6 valid OD pairs for R1C1_C
Generating focused traffic: Period 4.0829s
[INFO] Subscriptions active: 6 (libsumo, fast mode)
[INFO] Episode duration: 1800s (30 min)

[DEBUG] 🎯 Célzott Forgalom Generálása (R1C1_C) | Period: 7.9538
Found 6 valid OD pairs for R1C1_C
Generating focused traffic: Period 7.9538s
[INFO] Subscriptions active: 6 (libsumo, fast mode)
[INFO] Episode duration: 900s (15 min)

[DEBUG] 🎯 Célzott Forgalom Generálása (R1C1_C) | Period: 4.9178
Found 6 valid OD pairs for R1C1_C
Generating focused traffic: Period 4.9178s
[INFO] Subscriptions active: 6 (libsumo, fast mode)
[INFO] Episode duration: 1800s (30 min)

[DEBUG] 🎯 Célzott Forgalom Generálása (R1C1_C) | Period: 5.2712
Found 6 valid OD pairs for R1C1_C
Generating focused traffic: Period 5.2712s
[INFO] Subscriptions active: 6 (libsumo, fast mode)
[INFO] Episode duration: 3600s (60 min)

[DEBUG] 🎯 Célzott Forgalom Generálása (R1C1_C) | Period: 6.3025
Found 6 valid OD pairs for R1C1_C
Generating focused traffic: Period 6.3025s
[INFO] Subscriptions active: 6 (libsumo, fast mode)
[INFO] Episode duration: 1800s (30 min)

[DEBUG] 🎯 Célzott Forgalom Generálása (R1C1_C) | Period: 4.2696
Found 6 valid OD pairs for R1C1_C
Generating focused traffic: Period 4.2696s
[INFO] Subscriptions active: 6 (libsumo, fast mode)
[INFO] Episode duration: 900s (15 min)

[DEBUG] 🎯 Célzott Forgalom Generálása (R1C1_C) | Period: 5.9559
Found 6 valid OD pairs for R1C1_C
Generating focused traffic: Period 5.9559s
[INFO] Subscriptions active: 6 (libsumo, fast mode)
[INFO] Episode duration: 2700s (45 min)

[DEBUG] 🎯 Célzott Forgalom Generálása (R1C1_C) | Period: 5.3545
Found 6 valid OD pairs for R1C1_C
Generating focused traffic: Period 5.3545s
[INFO] Subscriptions active: 6 (libsumo, fast mode)
[INFO] Episode duration: 900s (15 min)

[DEBUG] 🎯 Célzott Forgalom Generálása (R1C1_C) | Period: 5.5966
Found 6 valid OD pairs for R1C1_C
Generating focused traffic: Period 5.5966s
[INFO] Subscriptions active: 6 (libsumo, fast mode)
[INFO] Episode duration: 2700s (45 min)

[DEBUG] 🎯 Célzott Forgalom Generálása (R1C1_C) | Period: 7.4021
Found 6 valid OD pairs for R1C1_C
Generating focused traffic: Period 7.4021s
[INFO] Subscriptions active: 6 (libsumo, fast mode)
[INFO] Episode duration: 2700s (45 min)

[DEBUG] 🎯 Célzott Forgalom Generálása (R1C1_C) | Period: 4.0176
Found 6 valid OD pairs for R1C1_C
Generating focused traffic: Period 4.0176s
[INFO] Subscriptions active: 6 (libsumo, fast mode)
[INFO] Episode duration: 1800s (30 min)

[DEBUG] 🎯 Célzott Forgalom Generálása (R1C1_C) | Period: 6.555
Found 6 valid OD pairs for R1C1_C
Generating focused traffic: Period 6.5550s
[INFO] Subscriptions active: 6 (libsumo, fast mode)
[INFO] Episode duration: 2700s (45 min)

[DEBUG] 🎯 Célzott Forgalom Generálása (R1C1_C) | Period: 5.6223
Found 6 valid OD pairs for R1C1_C
Generating focused traffic: Period 5.6223s
[INFO] Subscriptions active: 6 (libsumo, fast mode)
[INFO] Episode duration: 1800s (30 min)

[DEBUG] 🎯 Célzott Forgalom Generálása (R1C1_C) | Period: 7.8713
Found 6 valid OD pairs for R1C1_C
Generating focused traffic: Period 7.8713s
[INFO] Subscriptions active: 6 (libsumo, fast mode)
[INFO] Episode duration: 2700s (45 min)

[DEBUG] 🎯 Célzott Forgalom Generálása (R1C1_C) | Period: 5.8276
Found 6 valid OD pairs for R1C1_C
Generating focused traffic: Period 5.8276s
[INFO] Subscriptions active: 6 (libsumo, fast mode)
[INFO] Episode duration: 1800s (30 min)

[DEBUG] 🎯 Célzott Forgalom Generálása (R1C1_C) | Period: 5.5495
Found 6 valid OD pairs for R1C1_C
Generating focused traffic: Period 5.5495s
[INFO] Subscriptions active: 6 (libsumo, fast mode)
[INFO] Episode duration: 3600s (60 min)

[DEBUG] 🎯 Célzott Forgalom Generálása (R1C1_C) | Period: 4.1361
Found 6 valid OD pairs for R1C1_C
Generating focused traffic: Period 4.1361s
[INFO] Subscriptions active: 6 (libsumo, fast mode)
[INFO] Episode duration: 900s (15 min)

[DEBUG] 🎯 Célzott Forgalom Generálása (R1C1_C) | Period: 7.0355
Found 6 valid OD pairs for R1C1_C
Generating focused traffic: Period 7.0355s
[INFO] Subscriptions active: 6 (libsumo, fast mode)
------------------------------------
| rollout/              |          |
|    ep_len_mean        | 448      |
|    ep_rew_mean        | 132      |
| time/                 |          |
|    fps                | 157      |
|    iterations         | 30       |
|    time_elapsed       | 390      |
|    total_timesteps    | 61440    |
| train/                |          |
|    entropy_loss       | -1.39    |
|    explained_variance | -0.0117  |
|    learning_rate      | 0.0001   |
|    n_updates          | 29       |
|    policy_loss        | 30.2     |
|    value_loss         | 533      |
------------------------------------
[INFO] Episode duration: 2700s (45 min)

[DEBUG] 🎯 Célzott Forgalom Generálása (R1C1_C) | Period: 5.616
Found 6 valid OD pairs for R1C1_C
Generating focused traffic: Period 5.6160s
[INFO] Subscriptions active: 6 (libsumo, fast mode)
[INFO] Episode duration: 3600s (60 min)

[DEBUG] 🎯 Célzott Forgalom Generálása (R1C1_C) | Period: 6.2688
Found 6 valid OD pairs for R1C1_C
Generating focused traffic: Period 6.2688s
[INFO] Subscriptions active: 6 (libsumo, fast mode)
[INFO] Episode duration: 1800s (30 min)

[DEBUG] 🎯 Célzott Forgalom Generálása (R1C1_C) | Period: 7.5756
Found 6 valid OD pairs for R1C1_C
Generating focused traffic: Period 7.5756s
[INFO] Subscriptions active: 6 (libsumo, fast mode)
[INFO] Episode duration: 1800s (30 min)

[DEBUG] 🎯 Célzott Forgalom Generálása (R1C1_C) | Period: 5.4897
Found 6 valid OD pairs for R1C1_C
Generating focused traffic: Period 5.4897s
[INFO] Subscriptions active: 6 (libsumo, fast mode)
[INFO] Episode duration: 1800s (30 min)

[DEBUG] 🎯 Célzott Forgalom Generálása (R1C1_C) | Period: 7.2952
Found 6 valid OD pairs for R1C1_C
Generating focused traffic: Period 7.2952s
[INFO] Subscriptions active: 6 (libsumo, fast mode)
[INFO] Episode duration: 900s (15 min)

[DEBUG] 🎯 Célzott Forgalom Generálása (R1C1_C) | Period: 4.0866
Found 6 valid OD pairs for R1C1_C
Generating focused traffic: Period 4.0866s
[INFO] Subscriptions active: 6 (libsumo, fast mode)
[INFO] Episode duration: 3600s (60 min)

[DEBUG] 🎯 Célzott Forgalom Generálása (R1C1_C) | Period: 7.0815
Found 6 valid OD pairs for R1C1_C
Generating focused traffic: Period 7.0815s
[INFO] Subscriptions active: 6 (libsumo, fast mode)
[INFO] Episode duration: 900s (15 min)

[DEBUG] 🎯 Célzott Forgalom Generálása (R1C1_C) | Period: 6.7129
Found 6 valid OD pairs for R1C1_C
Generating focused traffic: Period 6.7129s
[INFO] Subscriptions active: 6 (libsumo, fast mode)
[INFO] Episode duration: 1800s (30 min)

[DEBUG] 🎯 Célzott Forgalom Generálása (R1C1_C) | Period: 6.5703
Found 6 valid OD pairs for R1C1_C
Generating focused traffic: Period 6.5703s
[INFO] Subscriptions active: 6 (libsumo, fast mode)
[INFO] Episode duration: 900s (15 min)

[DEBUG] 🎯 Célzott Forgalom Generálása (R1C1_C) | Period: 7.0143
Found 6 valid OD pairs for R1C1_C
Generating focused traffic: Period 7.0143s
[INFO] Subscriptions active: 6 (libsumo, fast mode)
[INFO] Episode duration: 3600s (60 min)

[DEBUG] 🎯 Célzott Forgalom Generálása (R1C1_C) | Period: 4.5955
Found 6 valid OD pairs for R1C1_C
Generating focused traffic: Period 4.5955s
[INFO] Subscriptions active: 6 (libsumo, fast mode)
[INFO] Episode duration: 1800s (30 min)

[DEBUG] 🎯 Célzott Forgalom Generálása (R1C1_C) | Period: 7.06
Found 6 valid OD pairs for R1C1_C
Generating focused traffic: Period 7.0600s
[INFO] Subscriptions active: 6 (libsumo, fast mode)
[INFO] Episode duration: 2700s (45 min)

[DEBUG] 🎯 Célzott Forgalom Generálása (R1C1_C) | Period: 4.8375
Found 6 valid OD pairs for R1C1_C
Generating focused traffic: Period 4.8375s
[INFO] Subscriptions active: 6 (libsumo, fast mode)
[INFO] Episode duration: 2700s (45 min)

[DEBUG] 🎯 Célzott Forgalom Generálása (R1C1_C) | Period: 5.4768
Found 6 valid OD pairs for R1C1_C
Generating focused traffic: Period 5.4768s
[INFO] Subscriptions active: 6 (libsumo, fast mode)
[INFO] Episode duration: 900s (15 min)

[DEBUG] 🎯 Célzott Forgalom Generálása (R1C1_C) | Period: 7.7704
Found 6 valid OD pairs for R1C1_C
Generating focused traffic: Period 7.7704s
[INFO] Subscriptions active: 6 (libsumo, fast mode)
[INFO] Episode duration: 2700s (45 min)

[DEBUG] 🎯 Célzott Forgalom Generálása (R1C1_C) | Period: 6.9141
Found 6 valid OD pairs for R1C1_C
Generating focused traffic: Period 6.9141s
[INFO] Subscriptions active: 6 (libsumo, fast mode)
[INFO] Episode duration: 3600s (60 min)

[DEBUG] 🎯 Célzott Forgalom Generálása (R1C1_C) | Period: 5.6167
Found 6 valid OD pairs for R1C1_C
Generating focused traffic: Period 5.6167s
[INFO] Subscriptions active: 6 (libsumo, fast mode)
[INFO] Episode duration: 900s (15 min)

[DEBUG] 🎯 Célzott Forgalom Generálása (R1C1_C) | Period: 4.042
Found 6 valid OD pairs for R1C1_C
Generating focused traffic: Period 4.0420s
[INFO] Subscriptions active: 6 (libsumo, fast mode)
[INFO] Episode duration: 3600s (60 min)

[DEBUG] 🎯 Célzott Forgalom Generálása (R1C1_C) | Period: 4.6218
Found 6 valid OD pairs for R1C1_C
Generating focused traffic: Period 4.6218s
[INFO] Subscriptions active: 6 (libsumo, fast mode)
[INFO] Episode duration: 3600s (60 min)

[DEBUG] 🎯 Célzott Forgalom Generálása (R1C1_C) | Period: 5.7518
Found 6 valid OD pairs for R1C1_C
Generating focused traffic: Period 5.7518s
[INFO] Subscriptions active: 6 (libsumo, fast mode)
[INFO] Episode duration: 1800s (30 min)

[DEBUG] 🎯 Célzott Forgalom Generálása (R1C1_C) | Period: 7.2642
Found 6 valid OD pairs for R1C1_C
Generating focused traffic: Period 7.2642s
[INFO] Subscriptions active: 6 (libsumo, fast mode)
[INFO] Episode duration: 1800s (30 min)

[DEBUG] 🎯 Célzott Forgalom Generálása (R1C1_C) | Period: 6.5456
Found 6 valid OD pairs for R1C1_C
Generating focused traffic: Period 6.5456s
[INFO] Subscriptions active: 6 (libsumo, fast mode)
[INFO] Episode duration: 1800s (30 min)

[DEBUG] 🎯 Célzott Forgalom Generálása (R1C1_C) | Period: 5.8542
Found 6 valid OD pairs for R1C1_C
Generating focused traffic: Period 5.8542s
[INFO] Subscriptions active: 6 (libsumo, fast mode)
[INFO] Episode duration: 3600s (60 min)

[DEBUG] 🎯 Célzott Forgalom Generálása (R1C1_C) | Period: 5.5307
Found 6 valid OD pairs for R1C1_C
Generating focused traffic: Period 5.5307s
[INFO] Subscriptions active: 6 (libsumo, fast mode)
[INFO] Episode duration: 1800s (30 min)

[DEBUG] 🎯 Célzott Forgalom Generálása (R1C1_C) | Period: 5.1121
Found 6 valid OD pairs for R1C1_C
Generating focused traffic: Period 5.1121s
[INFO] Subscriptions active: 6 (libsumo, fast mode)
[INFO] Episode duration: 2700s (45 min)

[DEBUG] 🎯 Célzott Forgalom Generálása (R1C1_C) | Period: 6.1938
Found 6 valid OD pairs for R1C1_C
Generating focused traffic: Period 6.1938s
[INFO] Subscriptions active: 6 (libsumo, fast mode)
[INFO] Episode duration: 2700s (45 min)

[DEBUG] 🎯 Célzott Forgalom Generálása (R1C1_C) | Period: 6.7939
Found 6 valid OD pairs for R1C1_C
Generating focused traffic: Period 6.7939s
[INFO] Subscriptions active: 6 (libsumo, fast mode)
[INFO] Episode duration: 3600s (60 min)

[DEBUG] 🎯 Célzott Forgalom Generálása (R1C1_C) | Period: 4.6
Found 6 valid OD pairs for R1C1_C
Generating focused traffic: Period 4.6000s
[INFO] Subscriptions active: 6 (libsumo, fast mode)
[INFO] Episode duration: 1800s (30 min)

[DEBUG] 🎯 Célzott Forgalom Generálása (R1C1_C) | Period: 4.0175
Found 6 valid OD pairs for R1C1_C
Generating focused traffic: Period 4.0175s
[INFO] Subscriptions active: 6 (libsumo, fast mode)
[INFO] Episode duration: 1800s (30 min)

[DEBUG] 🎯 Célzott Forgalom Generálása (R1C1_C) | Period: 5.9568
Found 6 valid OD pairs for R1C1_C
Generating focused traffic: Period 5.9568s
[INFO] Subscriptions active: 6 (libsumo, fast mode)
[INFO] Episode duration: 3600s (60 min)

[DEBUG] 🎯 Célzott Forgalom Generálása (R1C1_C) | Period: 4.2501
Found 6 valid OD pairs for R1C1_C
Generating focused traffic: Period 4.2501s
[INFO] Subscriptions active: 6 (libsumo, fast mode)
[INFO] Episode duration: 2700s (45 min)

[DEBUG] 🎯 Célzott Forgalom Generálása (R1C1_C) | Period: 6.4021
Found 6 valid OD pairs for R1C1_C
Generating focused traffic: Period 6.4021s
[INFO] Subscriptions active: 6 (libsumo, fast mode)
[INFO] Episode duration: 2700s (45 min)

[DEBUG] 🎯 Célzott Forgalom Generálása (R1C1_C) | Period: 7.529
Found 6 valid OD pairs for R1C1_C
Generating focused traffic: Period 7.5290s
[INFO] Subscriptions active: 6 (libsumo, fast mode)
[INFO] Episode duration: 2700s (45 min)

[DEBUG] 🎯 Célzott Forgalom Generálása (R1C1_C) | Period: 6.2796
Found 6 valid OD pairs for R1C1_C
Generating focused traffic: Period 6.2796s
[INFO] Subscriptions active: 6 (libsumo, fast mode)
[INFO] Episode duration: 3600s (60 min)

[DEBUG] 🎯 Célzott Forgalom Generálása (R1C1_C) | Period: 6.9815
Found 6 valid OD pairs for R1C1_C
Generating focused traffic: Period 6.9815s
[INFO] Subscriptions active: 6 (libsumo, fast mode)
[INFO] Episode duration: 3600s (60 min)

[DEBUG] 🎯 Célzott Forgalom Generálása (R1C1_C) | Period: 5.325
Found 6 valid OD pairs for R1C1_C
Generating focused traffic: Period 5.3250s
[INFO] Subscriptions active: 6 (libsumo, fast mode)
[INFO] Episode duration: 900s (15 min)

[DEBUG] 🎯 Célzott Forgalom Generálása (R1C1_C) | Period: 7.8718
Found 6 valid OD pairs for R1C1_C
Generating focused traffic: Period 7.8718s
[INFO] Subscriptions active: 6 (libsumo, fast mode)
[INFO] Episode duration: 900s (15 min)

[DEBUG] 🎯 Célzott Forgalom Generálása (R1C1_C) | Period: 4.4806
Found 6 valid OD pairs for R1C1_C
Generating focused traffic: Period 4.4806s
[INFO] Subscriptions active: 6 (libsumo, fast mode)
[INFO] Episode duration: 2700s (45 min)

[DEBUG] 🎯 Célzott Forgalom Generálása (R1C1_C) | Period: 4.8754
Found 6 valid OD pairs for R1C1_C
Generating focused traffic: Period 4.8754s
[INFO] Subscriptions active: 6 (libsumo, fast mode)
[INFO] Episode duration: 2700s (45 min)

[DEBUG] 🎯 Célzott Forgalom Generálása (R1C1_C) | Period: 7.0497
Found 6 valid OD pairs for R1C1_C
Generating focused traffic: Period 7.0497s
[INFO] Subscriptions active: 6 (libsumo, fast mode)
[INFO] Episode duration: 2700s (45 min)

[DEBUG] 🎯 Célzott Forgalom Generálása (R1C1_C) | Period: 7.8045
Found 6 valid OD pairs for R1C1_C
Generating focused traffic: Period 7.8045s
[INFO] Subscriptions active: 6 (libsumo, fast mode)
[INFO] Episode duration: 1800s (30 min)

[DEBUG] 🎯 Célzott Forgalom Generálása (R1C1_C) | Period: 7.2342
Found 6 valid OD pairs for R1C1_C
Generating focused traffic: Period 7.2342s
[INFO] Subscriptions active: 6 (libsumo, fast mode)
[INFO] Episode duration: 2700s (45 min)

[DEBUG] 🎯 Célzott Forgalom Generálása (R1C1_C) | Period: 4.6286
Found 6 valid OD pairs for R1C1_C
Generating focused traffic: Period 4.6286s
[INFO] Subscriptions active: 6 (libsumo, fast mode)
------------------------------------
| rollout/              |          |
|    ep_len_mean        | 445      |
|    ep_rew_mean        | 130      |
| time/                 |          |
|    fps                | 162      |
|    iterations         | 40       |
|    time_elapsed       | 505      |
|    total_timesteps    | 81920    |
| train/                |          |
|    entropy_loss       | -1.39    |
|    explained_variance | -0.00317 |
|    learning_rate      | 0.0001   |
|    n_updates          | 39       |
|    policy_loss        | 30.1     |
|    value_loss         | 528      |
------------------------------------
[INFO] Episode duration: 2700s (45 min)

[DEBUG] 🎯 Célzott Forgalom Generálása (R1C1_C) | Period: 5.4845
Found 6 valid OD pairs for R1C1_C
Generating focused traffic: Period 5.4845s
[INFO] Subscriptions active: 6 (libsumo, fast mode)
[INFO] Episode duration: 2700s (45 min)

[DEBUG] 🎯 Célzott Forgalom Generálása (R1C1_C) | Period: 7.9836
Found 6 valid OD pairs for R1C1_C
Generating focused traffic: Period 7.9836s
[INFO] Subscriptions active: 6 (libsumo, fast mode)
[INFO] Episode duration: 3600s (60 min)

[DEBUG] 🎯 Célzott Forgalom Generálása (R1C1_C) | Period: 6.5014
Found 6 valid OD pairs for R1C1_C
Generating focused traffic: Period 6.5014s
[INFO] Subscriptions active: 6 (libsumo, fast mode)
[INFO] Episode duration: 1800s (30 min)

[DEBUG] 🎯 Célzott Forgalom Generálása (R1C1_C) | Period: 7.5993
Found 6 valid OD pairs for R1C1_C
Generating focused traffic: Period 7.5993s
[INFO] Subscriptions active: 6 (libsumo, fast mode)
[INFO] Episode duration: 1800s (30 min)

[DEBUG] 🎯 Célzott Forgalom Generálása (R1C1_C) | Period: 5.0676
Found 6 valid OD pairs for R1C1_C
Generating focused traffic: Period 5.0676s
[INFO] Subscriptions active: 6 (libsumo, fast mode)
[INFO] Episode duration: 2700s (45 min)

[DEBUG] 🎯 Célzott Forgalom Generálása (R1C1_C) | Period: 4.6511
Found 6 valid OD pairs for R1C1_C
Generating focused traffic: Period 4.6511s
[INFO] Subscriptions active: 6 (libsumo, fast mode)
[INFO] Episode duration: 1800s (30 min)

[DEBUG] 🎯 Célzott Forgalom Generálása (R1C1_C) | Period: 5.1448
Found 6 valid OD pairs for R1C1_C
Generating focused traffic: Period 5.1448s
[INFO] Subscriptions active: 6 (libsumo, fast mode)
[INFO] Episode duration: 1800s (30 min)

[DEBUG] 🎯 Célzott Forgalom Generálása (R1C1_C) | Period: 7.5727
Found 6 valid OD pairs for R1C1_C
Generating focused traffic: Period 7.5727s
[INFO] Subscriptions active: 6 (libsumo, fast mode)
[INFO] Episode duration: 1800s (30 min)

[DEBUG] 🎯 Célzott Forgalom Generálása (R1C1_C) | Period: 6.7039
Found 6 valid OD pairs for R1C1_C
Generating focused traffic: Period 6.7039s
[INFO] Subscriptions active: 6 (libsumo, fast mode)
[INFO] Episode duration: 900s (15 min)

[DEBUG] 🎯 Célzott Forgalom Generálása (R1C1_C) | Period: 7.3753
Found 6 valid OD pairs for R1C1_C
Generating focused traffic: Period 7.3753s
[INFO] Subscriptions active: 6 (libsumo, fast mode)
[INFO] Episode duration: 3600s (60 min)

[DEBUG] 🎯 Célzott Forgalom Generálása (R1C1_C) | Period: 4.7867
Found 6 valid OD pairs for R1C1_C
Generating focused traffic: Period 4.7867s
[INFO] Subscriptions active: 6 (libsumo, fast mode)
[INFO] Episode duration: 900s (15 min)

[DEBUG] 🎯 Célzott Forgalom Generálása (R1C1_C) | Period: 7.8856
Found 6 valid OD pairs for R1C1_C
Generating focused traffic: Period 7.8856s
[INFO] Subscriptions active: 6 (libsumo, fast mode)
[INFO] Episode duration: 2700s (45 min)

[DEBUG] 🎯 Célzott Forgalom Generálása (R1C1_C) | Period: 6.6066
Found 6 valid OD pairs for R1C1_C
Generating focused traffic: Period 6.6066s
[INFO] Subscriptions active: 6 (libsumo, fast mode)
[INFO] Episode duration: 3600s (60 min)

[DEBUG] 🎯 Célzott Forgalom Generálása (R1C1_C) | Period: 7.9917
Found 6 valid OD pairs for R1C1_C
Generating focused traffic: Period 7.9917s
[INFO] Subscriptions active: 6 (libsumo, fast mode)
[INFO] Episode duration: 900s (15 min)

[DEBUG] 🎯 Célzott Forgalom Generálása (R1C1_C) | Period: 4.3419
Found 6 valid OD pairs for R1C1_C
Generating focused traffic: Period 4.3419s
[INFO] Subscriptions active: 6 (libsumo, fast mode)
[INFO] Episode duration: 900s (15 min)

[DEBUG] 🎯 Célzott Forgalom Generálása (R1C1_C) | Period: 7.8926
Found 6 valid OD pairs for R1C1_C
Generating focused traffic: Period 7.8926s
[INFO] Subscriptions active: 6 (libsumo, fast mode)
[INFO] Episode duration: 900s (15 min)

[DEBUG] 🎯 Célzott Forgalom Generálása (R1C1_C) | Period: 5.2091
Found 6 valid OD pairs for R1C1_C
Generating focused traffic: Period 5.2091s
[INFO] Subscriptions active: 6 (libsumo, fast mode)
[INFO] Episode duration: 1800s (30 min)

[DEBUG] 🎯 Célzott Forgalom Generálása (R1C1_C) | Period: 7.623
Found 6 valid OD pairs for R1C1_C
Generating focused traffic: Period 7.6230s
[INFO] Subscriptions active: 6 (libsumo, fast mode)
[INFO] Episode duration: 900s (15 min)

[DEBUG] 🎯 Célzott Forgalom Generálása (R1C1_C) | Period: 5.4263
Found 6 valid OD pairs for R1C1_C
Generating focused traffic: Period 5.4263s
[INFO] Subscriptions active: 6 (libsumo, fast mode)
[INFO] Episode duration: 900s (15 min)

[DEBUG] 🎯 Célzott Forgalom Generálása (R1C1_C) | Period: 7.622
Found 6 valid OD pairs for R1C1_C
Generating focused traffic: Period 7.6220s
[INFO] Subscriptions active: 6 (libsumo, fast mode)
[INFO] Episode duration: 900s (15 min)

[DEBUG] 🎯 Célzott Forgalom Generálása (R1C1_C) | Period: 4.979
Found 6 valid OD pairs for R1C1_C
Generating focused traffic: Period 4.9790s
[INFO] Subscriptions active: 6 (libsumo, fast mode)
[INFO] Episode duration: 2700s (45 min)

[DEBUG] 🎯 Célzott Forgalom Generálása (R1C1_C) | Period: 4.7992
Found 6 valid OD pairs for R1C1_C
Generating focused traffic: Period 4.7992s
[INFO] Subscriptions active: 6 (libsumo, fast mode)
[INFO] Episode duration: 900s (15 min)

[DEBUG] 🎯 Célzott Forgalom Generálása (R1C1_C) | Period: 6.7418
Found 6 valid OD pairs for R1C1_C
Generating focused traffic: Period 6.7418s
[INFO] Subscriptions active: 6 (libsumo, fast mode)
[INFO] Episode duration: 1800s (30 min)

[DEBUG] 🎯 Célzott Forgalom Generálása (R1C1_C) | Period: 6.9679
Found 6 valid OD pairs for R1C1_C
Generating focused traffic: Period 6.9679s
[INFO] Subscriptions active: 6 (libsumo, fast mode)
[INFO] Episode duration: 900s (15 min)

[DEBUG] 🎯 Célzott Forgalom Generálása (R1C1_C) | Period: 4.7661
Found 6 valid OD pairs for R1C1_C
Generating focused traffic: Period 4.7661s
[INFO] Subscriptions active: 6 (libsumo, fast mode)
[INFO] Episode duration: 900s (15 min)

[DEBUG] 🎯 Célzott Forgalom Generálása (R1C1_C) | Period: 5.3395
Found 6 valid OD pairs for R1C1_C
Generating focused traffic: Period 5.3395s
[INFO] Subscriptions active: 6 (libsumo, fast mode)
[INFO] Episode duration: 2700s (45 min)

[DEBUG] 🎯 Célzott Forgalom Generálása (R1C1_C) | Period: 5.6193
Found 6 valid OD pairs for R1C1_C
Generating focused traffic: Period 5.6193s
[INFO] Subscriptions active: 6 (libsumo, fast mode)
[INFO] Episode duration: 1800s (30 min)

[DEBUG] 🎯 Célzott Forgalom Generálása (R1C1_C) | Period: 5.8566
Found 6 valid OD pairs for R1C1_C
Generating focused traffic: Period 5.8566s
[INFO] Subscriptions active: 6 (libsumo, fast mode)
[INFO] Episode duration: 2700s (45 min)

[DEBUG] 🎯 Célzott Forgalom Generálása (R1C1_C) | Period: 7.5292
Found 6 valid OD pairs for R1C1_C
Generating focused traffic: Period 7.5292s
[INFO] Subscriptions active: 6 (libsumo, fast mode)
[INFO] Episode duration: 900s (15 min)

[DEBUG] 🎯 Célzott Forgalom Generálása (R1C1_C) | Period: 5.0138
Found 6 valid OD pairs for R1C1_C
Generating focused traffic: Period 5.0138s
[INFO] Subscriptions active: 6 (libsumo, fast mode)
[INFO] Episode duration: 3600s (60 min)

[DEBUG] 🎯 Célzott Forgalom Generálása (R1C1_C) | Period: 4.0744
Found 6 valid OD pairs for R1C1_C
Generating focused traffic: Period 4.0744s
[INFO] Subscriptions active: 6 (libsumo, fast mode)
[INFO] Episode duration: 900s (15 min)

[DEBUG] 🎯 Célzott Forgalom Generálása (R1C1_C) | Period: 7.2098
Found 6 valid OD pairs for R1C1_C
Generating focused traffic: Period 7.2098s
[INFO] Subscriptions active: 6 (libsumo, fast mode)
[INFO] Episode duration: 2700s (45 min)

[DEBUG] 🎯 Célzott Forgalom Generálása (R1C1_C) | Period: 4.4028
Found 6 valid OD pairs for R1C1_C
Generating focused traffic: Period 4.4028s
[INFO] Subscriptions active: 6 (libsumo, fast mode)
[INFO] Episode duration: 1800s (30 min)

[DEBUG] 🎯 Célzott Forgalom Generálása (R1C1_C) | Period: 4.6153
Found 6 valid OD pairs for R1C1_C
Generating focused traffic: Period 4.6153s
[INFO] Subscriptions active: 6 (libsumo, fast mode)
[INFO] Episode duration: 900s (15 min)
wandb: WARNING Symlinked 1 file into the W&B run directory; call wandb.save again to sync new files.
/Users/wagnertamas/Documents/Munka/cikkek/AI_agens_konyvtar/support/intergreen_matrix_calculator/rl_trainer.py:857: UserWarning: Exporting a model while it is in training mode. Please ensure that this is intended, as it may lead to different behavior during inference. Calling model.eval() before export is recommended.
  torch.onnx.export(
/Users/wagnertamas/Documents/Munka/cikkek/AI_agens_konyvtar/support/intergreen_matrix_calculator/rl_trainer.py:857: UserWarning: # 'dynamic_axes' is not recommended when dynamo=True, and may lead to 'torch._dynamo.exc.UserError: Constraints violated.' Supply the 'dynamic_shapes' argument instead if export is unsuccessful.
  torch.onnx.export(
wandb: updating run metadata
wandb: uploading pytorch_models/R1C1_C.zip; uploading output.log; uploading wandb-summary.json
wandb: uploading pytorch_models/R1C1_C.zip; uploading output.log
wandb: 
wandb: Run history:
wandb:  R1C1_C/action_pct/phase_0 ▃▂▆▄▄▅▅▅▆▂▃▆▆▄▄▄▄▁▃▆▄▅▄▆▄▃▅▃▂▅▅▃▆▅▄▃▆▃█▁
wandb:  R1C1_C/action_pct/phase_1 ▅▇▂▁▄▃▆▅▅█▅▄▆▅▇▅▅▇▆▄▄▅▃▁█▆▇█▅▃▅▃▇▆▃▃▅▇▆▃
wandb:  R1C1_C/action_pct/phase_2 ▃▃▃█▄▃▂▃▃▅▇▃▂▃▄▄▃▇▄▃▅▅▅▅▃▇▃▃▅▄▄▅▂▂▄▇▁▅▃▇
wandb:  R1C1_C/action_pct/phase_3 ▆▇█▅▆█▆▆▅▃▃▅▅▇▃▆▆▂▅▆▅▃▆▆▃▁▄▅▇▆▄▇▃▆▇▅▇▄▁▇
wandb:  R1C1_C/train/entropy_loss ▁▁▂▂▂▂▂▂▂▂▃▃▃▃▃▄▆▅▅▅▄▃▄▄▄▄▄▄▅▅▅▅▅▅▆▆▆██▇
wandb: R1C1_C/train/learning_rate ▁▁▁▁▁▁▁▁▁▁▁▁▁▁▁▁▁▁▁▁▁▁▁▁▁▁▁▁▁▁▁▁▁▁▁▁▁▁▁▁
wandb:    R1C1_C/train/value_loss █▄▄▄▅▆▄▄▅▅▅▇▇▇▆▁▃▃▆▆▆▃▃▃▄▅▄▅▅▃▅▆▆▆▆▅▃▄▄▃
wandb:                 avg_reward ▄▃▄▆▄▄▇▃▇▄▁▆▂▆▃▃▃█▄▅▁▄▄▄▅▃▃▂▃▃▆▃▆▄▃▃▅▃▄▅
wandb:                    episode ▁▁▁▂▂▂▂▃▃▃▃▃▃▄▄▄▄▄▅▅▅▅▆▆▆▆▆▆▆▆▆▆▇▇▇▇▇███
wandb:         episode/avg_reward ▃▄▃▃▃▅▆▇▄█▄▄▅▆▇▅▁▂▅▂▆▃▄▃▅▄▄▃▆▅▆▅▅▆▃▆▅▇▇▇
wandb:                         +7 ...
wandb: 
wandb: Run summary:
wandb:  R1C1_C/action_pct/phase_0 19.44444
wandb:  R1C1_C/action_pct/phase_1 23.88889
wandb:  R1C1_C/action_pct/phase_2 30
wandb:  R1C1_C/action_pct/phase_3 26.66667
wandb:  R1C1_C/train/entropy_loss -1.386
wandb: R1C1_C/train/learning_rate 0.0001
wandb:    R1C1_C/train/value_loss 575.85016
wandb:                 avg_reward 0.28415
wandb:                    episode 226
wandb:         episode/avg_reward 0.31643
wandb:                         +7 ...
wandb: 
wandb: 🚀 View run a2c_speed_throughput_1x64_3_R1C1_C at: https://wandb.ai/wagnertamas-budapesti-m-szaki-s-gazdas-gtudom-nyi-egyetem/sumo-rl-stat/runs/uddajbqe
wandb: ⭐️ View project at: https://wandb.ai/wagnertamas-budapesti-m-szaki-s-gazdas-gtudom-nyi-egyetem/sumo-rl-stat
wandb: Synced 5 W&B file(s), 0 media file(s), 0 artifact file(s) and 1 other file(s)
wandb: Find logs at: ./wandb/run-20260322_011459-uddajbqe/logs

[DEBUG] 🎯 Célzott Forgalom Generálása (R1C1_C) | Period: 4.9007
Found 6 valid OD pairs for R1C1_C
Generating focused traffic: Period 4.9007s
[INFO] Subscriptions active: 6 (libsumo, fast mode)
[INFO] Episode duration: 3600s (60 min)

[DEBUG] 🎯 Célzott Forgalom Generálása (R1C1_C) | Period: 4.3474
Found 6 valid OD pairs for R1C1_C
Generating focused traffic: Period 4.3474s
[INFO] Subscriptions active: 6 (libsumo, fast mode)
[INFO] Episode duration: 1800s (30 min)

[DEBUG] 🎯 Célzott Forgalom Generálása (R1C1_C) | Period: 4.4769
Found 6 valid OD pairs for R1C1_C
Generating focused traffic: Period 4.4769s
[INFO] Subscriptions active: 6 (libsumo, fast mode)
[INFO] Episode duration: 1800s (30 min)

[DEBUG] 🎯 Célzott Forgalom Generálása (R1C1_C) | Period: 4.2324
Found 6 valid OD pairs for R1C1_C
Generating focused traffic: Period 4.2324s
[INFO] Subscriptions active: 6 (libsumo, fast mode)
[INFO] Episode duration: 3600s (60 min)

[DEBUG] 🎯 Célzott Forgalom Generálása (R1C1_C) | Period: 5.9729
Found 6 valid OD pairs for R1C1_C
Generating focused traffic: Period 5.9729s
[INFO] Subscriptions active: 6 (libsumo, fast mode)
[INFO] Episode duration: 1800s (30 min)

[DEBUG] 🎯 Célzott Forgalom Generálása (R1C1_C) | Period: 6.2027
Found 6 valid OD pairs for R1C1_C
Generating focused traffic: Period 6.2027s
[INFO] Subscriptions active: 6 (libsumo, fast mode)
[INFO] Episode duration: 1800s (30 min)

[DEBUG] 🎯 Célzott Forgalom Generálása (R1C1_C) | Period: 5.9374
Found 6 valid OD pairs for R1C1_C
Generating focused traffic: Period 5.9374s
[INFO] Subscriptions active: 6 (libsumo, fast mode)
[INFO] Episode duration: 3600s (60 min)

[DEBUG] 🎯 Célzott Forgalom Generálása (R1C1_C) | Period: 7.2822
Found 6 valid OD pairs for R1C1_C
Generating focused traffic: Period 7.2822s
[INFO] Subscriptions active: 6 (libsumo, fast mode)
[INFO] Episode duration: 2700s (45 min)

[DEBUG] 🎯 Célzott Forgalom Generálása (R1C1_C) | Period: 5.8448
Found 6 valid OD pairs for R1C1_C
Generating focused traffic: Period 5.8448s
[INFO] Subscriptions active: 6 (libsumo, fast mode)
[INFO] Episode duration: 2700s (45 min)

[DEBUG] 🎯 Célzott Forgalom Generálása (R1C1_C) | Period: 7.031
Found 6 valid OD pairs for R1C1_C
Generating focused traffic: Period 7.0310s
[INFO] Subscriptions active: 6 (libsumo, fast mode)
[INFO] Episode duration: 900s (15 min)

[DEBUG] 🎯 Célzott Forgalom Generálása (R1C1_C) | Period: 6.7225
Found 6 valid OD pairs for R1C1_C
Generating focused traffic: Period 6.7225s
[INFO] Subscriptions active: 6 (libsumo, fast mode)
[INFO] Episode duration: 900s (15 min)

[DEBUG] 🎯 Célzott Forgalom Generálása (R1C1_C) | Period: 6.9074
Found 6 valid OD pairs for R1C1_C
Generating focused traffic: Period 6.9074s
[INFO] Subscriptions active: 6 (libsumo, fast mode)
[INFO] Episode duration: 3600s (60 min)

[DEBUG] 🎯 Célzott Forgalom Generálása (R1C1_C) | Period: 4.4294
Found 6 valid OD pairs for R1C1_C
Generating focused traffic: Period 4.4294s
[INFO] Subscriptions active: 6 (libsumo, fast mode)
On-policy training completed.
Closing environment and EXPORTING models...
Saving PyTorch ZIP models to /Users/wagnertamas/Documents/Munka/cikkek/AI_agens_konyvtar/support/intergreen_matrix_calculator/data/runs/pytorch_models...
Saved PyTorch R1C1_C to /Users/wagnertamas/Documents/Munka/cikkek/AI_agens_konyvtar/support/intergreen_matrix_calculator/data/runs/pytorch_models/R1C1_C.zip
Exporting ONNX models to /Users/wagnertamas/Documents/Munka/cikkek/AI_agens_konyvtar/support/intergreen_matrix_calculator/data/runs/onnx_models...
Failed to export R1C1_C: # Failed to convert 'dynamic_axes' to 'dynamic_shapes'. Please provide 'dynamic_shapes' directly. Refer to the documentation for 'torch.export.export' for more information on dynamic shapes.
Cleanup done.
