wandb: [wandb.login()] Loaded credentials for https://api.wandb.ai from /Users/wagnertamas/.netrc.
wandb: Currently logged in as: wagnertamas (wagnertamas-budapesti-m-szaki-s-gazdas-gtudom-nyi-egyetem) to https://api.wandb.ai. Use `wandb login --relogin` to force relogin
wandb: setting up run 2oaq66jp
wandb: Tracking run with wandb version 0.25.0
wandb: Run data is saved locally in /Users/wagnertamas/Documents/Munka/cikkek/AI_agens_konyvtar/support/intergreen_matrix_calculator/wandb/run-20260322_020056-2oaq66jp
wandb: Run `wandb offline` to turn off syncing.
wandb: Syncing run a2c_halt_ratio_1x128_2_R1C1_C
wandb: ⭐️ View project at https://wandb.ai/wagnertamas-budapesti-m-szaki-s-gazdas-gtudom-nyi-egyetem/sumo-rl-stat
wandb: 🚀 View run at https://wandb.ai/wagnertamas-budapesti-m-szaki-s-gazdas-gtudom-nyi-egyetem/sumo-rl-stat/runs/2oaq66jp
[INFO] Config: training_config.yaml
[INFO] Net: /Users/wagnertamas/Documents/Munka/cikkek/AI_agens_konyvtar/support/intergreen_matrix_calculator/data/mega_catalogue_v2.net.xml
[INFO] Timesteps: 100000 | Project: sumo-rl-stat
[INFO] Junction: R1C1_C
[INFO] Algorithm: a2c | Reward: halt_ratio
[INFO] Load model: None (fresh)
[INFO] Traffic: random target+spread (epizódonként)
Initializing Environment (algorithm=a2c, reward=halt_ratio)...
[INFO] Algorithm: a2c (on_policy)
[INFO] Reward mode: halt_ratio
WandB config applied (Sweep compatible).
[INFO] Junction reward params auto-loaded from /Users/wagnertamas/Documents/Munka/cikkek/AI_agens_konyvtar/support/intergreen_matrix_calculator/data/junction_reward_params.json
[INFO] Using 'libsumo' (fast headless mode, OS=darwin).
Starting SUMO...
[INFO] Episode duration: 900s (15 min)

[DEBUG] 🎯 Célzott Forgalom Generálása (R1C1_C) | Period: 4.6746
Found 6 valid OD pairs for R1C1_C
Generating focused traffic: Period 4.6746s
[INFO] Network mapped: 1 agents, 3 detectors, 3 lanes
[INFO] Subscriptions active: 6 (libsumo, fast mode)
Agents discovered: ['R1C1_C']
[INFO] RL device: mps
[INFO] On-policy training: a2c → R1C1_C
Using mps device
Wrapping the env with a `Monitor` wrapper
Wrapping the env in a DummyVecEnv.
Starting on-policy training: 100000 timesteps...
[INFO] Episode duration: 2700s (45 min)

[DEBUG] 🎯 Célzott Forgalom Generálása (R1C1_C) | Period: 5.4357
Found 6 valid OD pairs for R1C1_C
Generating focused traffic: Period 5.4357s
[INFO] Subscriptions active: 6 (libsumo, fast mode)
Logging to /Users/wagnertamas/Documents/Munka/cikkek/AI_agens_konyvtar/support/intergreen_matrix_calculator/data/runs/sumo-rl-stat/R1C1_C/A2C_60
[INFO] Episode duration: 2700s (45 min)

[DEBUG] 🎯 Célzott Forgalom Generálása (R1C1_C) | Period: 4.8624
Found 6 valid OD pairs for R1C1_C
Generating focused traffic: Period 4.8624s
[INFO] Subscriptions active: 6 (libsumo, fast mode)
[INFO] Episode duration: 1800s (30 min)

[DEBUG] 🎯 Célzott Forgalom Generálása (R1C1_C) | Period: 5.9796
Found 6 valid OD pairs for R1C1_C
Generating focused traffic: Period 5.9796s
[INFO] Subscriptions active: 6 (libsumo, fast mode)
[INFO] Episode duration: 2700s (45 min)

[DEBUG] 🎯 Célzott Forgalom Generálása (R1C1_C) | Period: 6.6965
Found 6 valid OD pairs for R1C1_C
Generating focused traffic: Period 6.6965s
[INFO] Subscriptions active: 6 (libsumo, fast mode)
[INFO] Episode duration: 900s (15 min)

[DEBUG] 🎯 Célzott Forgalom Generálása (R1C1_C) | Period: 6.9504
Found 6 valid OD pairs for R1C1_C
Generating focused traffic: Period 6.9504s
[INFO] Subscriptions active: 6 (libsumo, fast mode)
[INFO] Episode duration: 900s (15 min)

[DEBUG] 🎯 Célzott Forgalom Generálása (R1C1_C) | Period: 4.9136
Found 6 valid OD pairs for R1C1_C
Generating focused traffic: Period 4.9136s
[INFO] Subscriptions active: 6 (libsumo, fast mode)
[INFO] Episode duration: 2700s (45 min)

[DEBUG] 🎯 Célzott Forgalom Generálása (R1C1_C) | Period: 7.3531
Found 6 valid OD pairs for R1C1_C
Generating focused traffic: Period 7.3531s
[INFO] Subscriptions active: 6 (libsumo, fast mode)
[INFO] Episode duration: 3600s (60 min)

[DEBUG] 🎯 Célzott Forgalom Generálása (R1C1_C) | Period: 6.0657
Found 6 valid OD pairs for R1C1_C
Generating focused traffic: Period 6.0657s
[INFO] Subscriptions active: 6 (libsumo, fast mode)
[INFO] Episode duration: 1800s (30 min)

[DEBUG] 🎯 Célzott Forgalom Generálása (R1C1_C) | Period: 4.6565
Found 6 valid OD pairs for R1C1_C
Generating focused traffic: Period 4.6565s
[INFO] Subscriptions active: 6 (libsumo, fast mode)
[INFO] Episode duration: 3600s (60 min)

[DEBUG] 🎯 Célzott Forgalom Generálása (R1C1_C) | Period: 7.8491
Found 6 valid OD pairs for R1C1_C
Generating focused traffic: Period 7.8491s
[INFO] Subscriptions active: 6 (libsumo, fast mode)
[INFO] Episode duration: 1800s (30 min)

[DEBUG] 🎯 Célzott Forgalom Generálása (R1C1_C) | Period: 5.1259
Found 6 valid OD pairs for R1C1_C
Generating focused traffic: Period 5.1259s
[INFO] Subscriptions active: 6 (libsumo, fast mode)
[INFO] Episode duration: 2700s (45 min)

[DEBUG] 🎯 Célzott Forgalom Generálása (R1C1_C) | Period: 5.3826
Found 6 valid OD pairs for R1C1_C
Generating focused traffic: Period 5.3826s
[INFO] Subscriptions active: 6 (libsumo, fast mode)
[INFO] Episode duration: 1800s (30 min)

[DEBUG] 🎯 Célzott Forgalom Generálása (R1C1_C) | Period: 6.1949
Found 6 valid OD pairs for R1C1_C
Generating focused traffic: Period 6.1949s
[INFO] Subscriptions active: 6 (libsumo, fast mode)
[INFO] Episode duration: 2700s (45 min)

[DEBUG] 🎯 Célzott Forgalom Generálása (R1C1_C) | Period: 6.1892
Found 6 valid OD pairs for R1C1_C
Generating focused traffic: Period 6.1892s
[INFO] Subscriptions active: 6 (libsumo, fast mode)
[INFO] Episode duration: 1800s (30 min)

[DEBUG] 🎯 Célzott Forgalom Generálása (R1C1_C) | Period: 6.747
Found 6 valid OD pairs for R1C1_C
Generating focused traffic: Period 6.7470s
[INFO] Subscriptions active: 6 (libsumo, fast mode)
[INFO] Episode duration: 3600s (60 min)

[DEBUG] 🎯 Célzott Forgalom Generálása (R1C1_C) | Period: 4.4956
Found 6 valid OD pairs for R1C1_C
Generating focused traffic: Period 4.4956s
[INFO] Subscriptions active: 6 (libsumo, fast mode)
[INFO] Episode duration: 2700s (45 min)

[DEBUG] 🎯 Célzott Forgalom Generálása (R1C1_C) | Period: 6.145
Found 6 valid OD pairs for R1C1_C
Generating focused traffic: Period 6.1450s
[INFO] Subscriptions active: 6 (libsumo, fast mode)
[INFO] Episode duration: 1800s (30 min)

[DEBUG] 🎯 Célzott Forgalom Generálása (R1C1_C) | Period: 6.3249
Found 6 valid OD pairs for R1C1_C
Generating focused traffic: Period 6.3249s
[INFO] Subscriptions active: 6 (libsumo, fast mode)
[INFO] Episode duration: 2700s (45 min)

[DEBUG] 🎯 Célzott Forgalom Generálása (R1C1_C) | Period: 5.5079
Found 6 valid OD pairs for R1C1_C
Generating focused traffic: Period 5.5079s
[INFO] Subscriptions active: 6 (libsumo, fast mode)
[INFO] Episode duration: 2700s (45 min)

[DEBUG] 🎯 Célzott Forgalom Generálása (R1C1_C) | Period: 6.6813
Found 6 valid OD pairs for R1C1_C
Generating focused traffic: Period 6.6813s
[INFO] Subscriptions active: 6 (libsumo, fast mode)
[INFO] Episode duration: 2700s (45 min)

[DEBUG] 🎯 Célzott Forgalom Generálása (R1C1_C) | Period: 5.2915
Found 6 valid OD pairs for R1C1_C
Generating focused traffic: Period 5.2915s
[INFO] Subscriptions active: 6 (libsumo, fast mode)
[INFO] Episode duration: 2700s (45 min)

[DEBUG] 🎯 Célzott Forgalom Generálása (R1C1_C) | Period: 6.9997
Found 6 valid OD pairs for R1C1_C
Generating focused traffic: Period 6.9997s
[INFO] Subscriptions active: 6 (libsumo, fast mode)
[INFO] Episode duration: 3600s (60 min)

[DEBUG] 🎯 Célzott Forgalom Generálása (R1C1_C) | Period: 6.0211
Found 6 valid OD pairs for R1C1_C
Generating focused traffic: Period 6.0211s
[INFO] Subscriptions active: 6 (libsumo, fast mode)
[INFO] Episode duration: 2700s (45 min)

[DEBUG] 🎯 Célzott Forgalom Generálása (R1C1_C) | Period: 5.2161
Found 6 valid OD pairs for R1C1_C
Generating focused traffic: Period 5.2161s
[INFO] Subscriptions active: 6 (libsumo, fast mode)
[INFO] Episode duration: 1800s (30 min)

[DEBUG] 🎯 Célzott Forgalom Generálása (R1C1_C) | Period: 6.8931
Found 6 valid OD pairs for R1C1_C
Generating focused traffic: Period 6.8931s
[INFO] Subscriptions active: 6 (libsumo, fast mode)
[INFO] Episode duration: 2700s (45 min)

[DEBUG] 🎯 Célzott Forgalom Generálása (R1C1_C) | Period: 5.5281
Found 6 valid OD pairs for R1C1_C
Generating focused traffic: Period 5.5281s
[INFO] Subscriptions active: 6 (libsumo, fast mode)
[INFO] Episode duration: 2700s (45 min)

[DEBUG] 🎯 Célzott Forgalom Generálása (R1C1_C) | Period: 6.0048
Found 6 valid OD pairs for R1C1_C
Generating focused traffic: Period 6.0048s
[INFO] Subscriptions active: 6 (libsumo, fast mode)
[INFO] Episode duration: 3600s (60 min)

[DEBUG] 🎯 Célzott Forgalom Generálása (R1C1_C) | Period: 4.2153
Found 6 valid OD pairs for R1C1_C
Generating focused traffic: Period 4.2153s
[INFO] Subscriptions active: 6 (libsumo, fast mode)
[INFO] Episode duration: 2700s (45 min)

[DEBUG] 🎯 Célzott Forgalom Generálása (R1C1_C) | Period: 7.8731
Found 6 valid OD pairs for R1C1_C
Generating focused traffic: Period 7.8731s
[INFO] Subscriptions active: 6 (libsumo, fast mode)
[INFO] Episode duration: 2700s (45 min)

[DEBUG] 🎯 Célzott Forgalom Generálása (R1C1_C) | Period: 4.6438
Found 6 valid OD pairs for R1C1_C
Generating focused traffic: Period 4.6438s
[INFO] Subscriptions active: 6 (libsumo, fast mode)
[INFO] Episode duration: 3600s (60 min)

[DEBUG] 🎯 Célzott Forgalom Generálása (R1C1_C) | Period: 4.2629
Found 6 valid OD pairs for R1C1_C
Generating focused traffic: Period 4.2629s
[INFO] Subscriptions active: 6 (libsumo, fast mode)
[INFO] Episode duration: 2700s (45 min)

[DEBUG] 🎯 Célzott Forgalom Generálása (R1C1_C) | Period: 7.6156
Found 6 valid OD pairs for R1C1_C
Generating focused traffic: Period 7.6156s
[INFO] Subscriptions active: 6 (libsumo, fast mode)
[INFO] Episode duration: 900s (15 min)

[DEBUG] 🎯 Célzott Forgalom Generálása (R1C1_C) | Period: 6.0582
Found 6 valid OD pairs for R1C1_C
Generating focused traffic: Period 6.0582s
[INFO] Subscriptions active: 6 (libsumo, fast mode)
[INFO] Episode duration: 3600s (60 min)

[DEBUG] 🎯 Célzott Forgalom Generálása (R1C1_C) | Period: 6.1553
Found 6 valid OD pairs for R1C1_C
Generating focused traffic: Period 6.1553s
[INFO] Subscriptions active: 6 (libsumo, fast mode)
[INFO] Episode duration: 2700s (45 min)

[DEBUG] 🎯 Célzott Forgalom Generálása (R1C1_C) | Period: 7.9391
Found 6 valid OD pairs for R1C1_C
Generating focused traffic: Period 7.9391s
[INFO] Subscriptions active: 6 (libsumo, fast mode)
[INFO] Episode duration: 3600s (60 min)

[DEBUG] 🎯 Célzott Forgalom Generálása (R1C1_C) | Period: 4.1109
Found 6 valid OD pairs for R1C1_C
Generating focused traffic: Period 4.1109s
[INFO] Subscriptions active: 6 (libsumo, fast mode)
[INFO] Episode duration: 900s (15 min)

[DEBUG] 🎯 Célzott Forgalom Generálása (R1C1_C) | Period: 7.7877
Found 6 valid OD pairs for R1C1_C
Generating focused traffic: Period 7.7877s
[INFO] Subscriptions active: 6 (libsumo, fast mode)
[INFO] Episode duration: 1800s (30 min)

[DEBUG] 🎯 Célzott Forgalom Generálása (R1C1_C) | Period: 5.2577
Found 6 valid OD pairs for R1C1_C
Generating focused traffic: Period 5.2577s
[INFO] Subscriptions active: 6 (libsumo, fast mode)
[INFO] Episode duration: 3600s (60 min)

[DEBUG] 🎯 Célzott Forgalom Generálása (R1C1_C) | Period: 6.4564
Found 6 valid OD pairs for R1C1_C
Generating focused traffic: Period 6.4564s
[INFO] Subscriptions active: 6 (libsumo, fast mode)
[INFO] Episode duration: 900s (15 min)

[DEBUG] 🎯 Célzott Forgalom Generálása (R1C1_C) | Period: 6.2115
Found 6 valid OD pairs for R1C1_C
Generating focused traffic: Period 6.2115s
[INFO] Subscriptions active: 6 (libsumo, fast mode)
[INFO] Episode duration: 900s (15 min)

[DEBUG] 🎯 Célzott Forgalom Generálása (R1C1_C) | Period: 5.7577
Found 6 valid OD pairs for R1C1_C
Generating focused traffic: Period 5.7577s
[INFO] Subscriptions active: 6 (libsumo, fast mode)
[INFO] Episode duration: 900s (15 min)

[DEBUG] 🎯 Célzott Forgalom Generálása (R1C1_C) | Period: 7.9375
Found 6 valid OD pairs for R1C1_C
Generating focused traffic: Period 7.9375s
[INFO] Subscriptions active: 6 (libsumo, fast mode)
[INFO] Episode duration: 3600s (60 min)

[DEBUG] 🎯 Célzott Forgalom Generálása (R1C1_C) | Period: 6.978
Found 6 valid OD pairs for R1C1_C
Generating focused traffic: Period 6.9780s
[INFO] Subscriptions active: 6 (libsumo, fast mode)
------------------------------------
| rollout/              |          |
|    ep_len_mean        | 484      |
|    ep_rew_mean        | 75.1     |
| time/                 |          |
|    fps                | 189      |
|    iterations         | 10       |
|    time_elapsed       | 108      |
|    total_timesteps    | 20480    |
| train/                |          |
|    entropy_loss       | -1.39    |
|    explained_variance | -0.00408 |
|    learning_rate      | 0.0001   |
|    n_updates          | 9        |
|    policy_loss        | 17       |
|    value_loss         | 174      |
------------------------------------
[INFO] Episode duration: 2700s (45 min)

[DEBUG] 🎯 Célzott Forgalom Generálása (R1C1_C) | Period: 5.9256
Found 6 valid OD pairs for R1C1_C
Generating focused traffic: Period 5.9256s
[INFO] Subscriptions active: 6 (libsumo, fast mode)
[INFO] Episode duration: 1800s (30 min)

[DEBUG] 🎯 Célzott Forgalom Generálása (R1C1_C) | Period: 7.5899
Found 6 valid OD pairs for R1C1_C
Generating focused traffic: Period 7.5899s
[INFO] Subscriptions active: 6 (libsumo, fast mode)
[INFO] Episode duration: 1800s (30 min)

[DEBUG] 🎯 Célzott Forgalom Generálása (R1C1_C) | Period: 6.6427
Found 6 valid OD pairs for R1C1_C
Generating focused traffic: Period 6.6427s
[INFO] Subscriptions active: 6 (libsumo, fast mode)
[INFO] Episode duration: 2700s (45 min)

[DEBUG] 🎯 Célzott Forgalom Generálása (R1C1_C) | Period: 7.2649
Found 6 valid OD pairs for R1C1_C
Generating focused traffic: Period 7.2649s
[INFO] Subscriptions active: 6 (libsumo, fast mode)
[INFO] Episode duration: 2700s (45 min)

[DEBUG] 🎯 Célzott Forgalom Generálása (R1C1_C) | Period: 4.7326
Found 6 valid OD pairs for R1C1_C
Generating focused traffic: Period 4.7326s
[INFO] Subscriptions active: 6 (libsumo, fast mode)
[INFO] Episode duration: 1800s (30 min)

[DEBUG] 🎯 Célzott Forgalom Generálása (R1C1_C) | Period: 4.4676
Found 6 valid OD pairs for R1C1_C
Generating focused traffic: Period 4.4676s
[INFO] Subscriptions active: 6 (libsumo, fast mode)
[INFO] Episode duration: 2700s (45 min)

[DEBUG] 🎯 Célzott Forgalom Generálása (R1C1_C) | Period: 7.4333
Found 6 valid OD pairs for R1C1_C
Generating focused traffic: Period 7.4333s
[INFO] Subscriptions active: 6 (libsumo, fast mode)
[INFO] Episode duration: 3600s (60 min)

[DEBUG] 🎯 Célzott Forgalom Generálása (R1C1_C) | Period: 4.6517
Found 6 valid OD pairs for R1C1_C
Generating focused traffic: Period 4.6517s
[INFO] Subscriptions active: 6 (libsumo, fast mode)
[INFO] Episode duration: 1800s (30 min)

[DEBUG] 🎯 Célzott Forgalom Generálása (R1C1_C) | Period: 4.7163
Found 6 valid OD pairs for R1C1_C
Generating focused traffic: Period 4.7163s
[INFO] Subscriptions active: 6 (libsumo, fast mode)
[INFO] Episode duration: 3600s (60 min)

[DEBUG] 🎯 Célzott Forgalom Generálása (R1C1_C) | Period: 7.8806
Found 6 valid OD pairs for R1C1_C
Generating focused traffic: Period 7.8806s
[INFO] Subscriptions active: 6 (libsumo, fast mode)
[INFO] Episode duration: 900s (15 min)

[DEBUG] 🎯 Célzott Forgalom Generálása (R1C1_C) | Period: 4.3128
Found 6 valid OD pairs for R1C1_C
Generating focused traffic: Period 4.3128s
[INFO] Subscriptions active: 6 (libsumo, fast mode)
[INFO] Episode duration: 2700s (45 min)

[DEBUG] 🎯 Célzott Forgalom Generálása (R1C1_C) | Period: 5.9427
Found 6 valid OD pairs for R1C1_C
Generating focused traffic: Period 5.9427s
[INFO] Subscriptions active: 6 (libsumo, fast mode)
[INFO] Episode duration: 2700s (45 min)

[DEBUG] 🎯 Célzott Forgalom Generálása (R1C1_C) | Period: 4.8772
Found 6 valid OD pairs for R1C1_C
Generating focused traffic: Period 4.8772s
[INFO] Subscriptions active: 6 (libsumo, fast mode)
[INFO] Episode duration: 2700s (45 min)

[DEBUG] 🎯 Célzott Forgalom Generálása (R1C1_C) | Period: 4.4939
Found 6 valid OD pairs for R1C1_C
Generating focused traffic: Period 4.4939s
[INFO] Subscriptions active: 6 (libsumo, fast mode)
[INFO] Episode duration: 2700s (45 min)

[DEBUG] 🎯 Célzott Forgalom Generálása (R1C1_C) | Period: 6.4616
Found 6 valid OD pairs for R1C1_C
Generating focused traffic: Period 6.4616s
[INFO] Subscriptions active: 6 (libsumo, fast mode)
[INFO] Episode duration: 3600s (60 min)

[DEBUG] 🎯 Célzott Forgalom Generálása (R1C1_C) | Period: 4.9675
Found 6 valid OD pairs for R1C1_C
Generating focused traffic: Period 4.9675s
[INFO] Subscriptions active: 6 (libsumo, fast mode)
[INFO] Episode duration: 900s (15 min)

[DEBUG] 🎯 Célzott Forgalom Generálása (R1C1_C) | Period: 4.4766
Found 6 valid OD pairs for R1C1_C
Generating focused traffic: Period 4.4766s
[INFO] Subscriptions active: 6 (libsumo, fast mode)
[INFO] Episode duration: 900s (15 min)

[DEBUG] 🎯 Célzott Forgalom Generálása (R1C1_C) | Period: 7.5635
Found 6 valid OD pairs for R1C1_C
Generating focused traffic: Period 7.5635s
[INFO] Subscriptions active: 6 (libsumo, fast mode)
[INFO] Episode duration: 900s (15 min)

[DEBUG] 🎯 Célzott Forgalom Generálása (R1C1_C) | Period: 7.7449
Found 6 valid OD pairs for R1C1_C
Generating focused traffic: Period 7.7449s
[INFO] Subscriptions active: 6 (libsumo, fast mode)
[INFO] Episode duration: 2700s (45 min)

[DEBUG] 🎯 Célzott Forgalom Generálása (R1C1_C) | Period: 4.9054
Found 6 valid OD pairs for R1C1_C
Generating focused traffic: Period 4.9054s
[INFO] Subscriptions active: 6 (libsumo, fast mode)
[INFO] Episode duration: 900s (15 min)

[DEBUG] 🎯 Célzott Forgalom Generálása (R1C1_C) | Period: 7.2485
Found 6 valid OD pairs for R1C1_C
Generating focused traffic: Period 7.2485s
[INFO] Subscriptions active: 6 (libsumo, fast mode)
[INFO] Episode duration: 1800s (30 min)

[DEBUG] 🎯 Célzott Forgalom Generálása (R1C1_C) | Period: 7.7411
Found 6 valid OD pairs for R1C1_C
Generating focused traffic: Period 7.7411s
[INFO] Subscriptions active: 6 (libsumo, fast mode)
[INFO] Episode duration: 3600s (60 min)

[DEBUG] 🎯 Célzott Forgalom Generálása (R1C1_C) | Period: 4.705
Found 6 valid OD pairs for R1C1_C
Generating focused traffic: Period 4.7050s
[INFO] Subscriptions active: 6 (libsumo, fast mode)
[INFO] Episode duration: 1800s (30 min)

[DEBUG] 🎯 Célzott Forgalom Generálása (R1C1_C) | Period: 6.9516
Found 6 valid OD pairs for R1C1_C
Generating focused traffic: Period 6.9516s
[INFO] Subscriptions active: 6 (libsumo, fast mode)
[INFO] Episode duration: 1800s (30 min)

[DEBUG] 🎯 Célzott Forgalom Generálása (R1C1_C) | Period: 5.7174
Found 6 valid OD pairs for R1C1_C
Generating focused traffic: Period 5.7174s
[INFO] Subscriptions active: 6 (libsumo, fast mode)
[INFO] Episode duration: 900s (15 min)

[DEBUG] 🎯 Célzott Forgalom Generálása (R1C1_C) | Period: 4.111
Found 6 valid OD pairs for R1C1_C
Generating focused traffic: Period 4.1110s
[INFO] Subscriptions active: 6 (libsumo, fast mode)
[INFO] Episode duration: 3600s (60 min)

[DEBUG] 🎯 Célzott Forgalom Generálása (R1C1_C) | Period: 5.0246
Found 6 valid OD pairs for R1C1_C
Generating focused traffic: Period 5.0246s
[INFO] Subscriptions active: 6 (libsumo, fast mode)
[INFO] Episode duration: 2700s (45 min)

[DEBUG] 🎯 Célzott Forgalom Generálása (R1C1_C) | Period: 5.4945
Found 6 valid OD pairs for R1C1_C
Generating focused traffic: Period 5.4945s
[INFO] Subscriptions active: 6 (libsumo, fast mode)
[INFO] Episode duration: 900s (15 min)

[DEBUG] 🎯 Célzott Forgalom Generálása (R1C1_C) | Period: 5.5795
Found 6 valid OD pairs for R1C1_C
Generating focused traffic: Period 5.5795s
[INFO] Subscriptions active: 6 (libsumo, fast mode)
[INFO] Episode duration: 3600s (60 min)

[DEBUG] 🎯 Célzott Forgalom Generálása (R1C1_C) | Period: 5.608
Found 6 valid OD pairs for R1C1_C
Generating focused traffic: Period 5.6080s
[INFO] Subscriptions active: 6 (libsumo, fast mode)
[INFO] Episode duration: 900s (15 min)

[DEBUG] 🎯 Célzott Forgalom Generálása (R1C1_C) | Period: 4.1955
Found 6 valid OD pairs for R1C1_C
Generating focused traffic: Period 4.1955s
[INFO] Subscriptions active: 6 (libsumo, fast mode)
[INFO] Episode duration: 3600s (60 min)

[DEBUG] 🎯 Célzott Forgalom Generálása (R1C1_C) | Period: 4.707
Found 6 valid OD pairs for R1C1_C
Generating focused traffic: Period 4.7070s
[INFO] Subscriptions active: 6 (libsumo, fast mode)
[INFO] Episode duration: 1800s (30 min)

[DEBUG] 🎯 Célzott Forgalom Generálása (R1C1_C) | Period: 6.2825
Found 6 valid OD pairs for R1C1_C
Generating focused traffic: Period 6.2825s
[INFO] Subscriptions active: 6 (libsumo, fast mode)
[INFO] Episode duration: 2700s (45 min)

[DEBUG] 🎯 Célzott Forgalom Generálása (R1C1_C) | Period: 7.8258
Found 6 valid OD pairs for R1C1_C
Generating focused traffic: Period 7.8258s
[INFO] Subscriptions active: 6 (libsumo, fast mode)
[INFO] Episode duration: 900s (15 min)

[DEBUG] 🎯 Célzott Forgalom Generálása (R1C1_C) | Period: 4.6012
Found 6 valid OD pairs for R1C1_C
Generating focused traffic: Period 4.6012s
[INFO] Subscriptions active: 6 (libsumo, fast mode)
[INFO] Episode duration: 3600s (60 min)

[DEBUG] 🎯 Célzott Forgalom Generálása (R1C1_C) | Period: 5.4602
Found 6 valid OD pairs for R1C1_C
Generating focused traffic: Period 5.4602s
[INFO] Subscriptions active: 6 (libsumo, fast mode)
[INFO] Episode duration: 3600s (60 min)

[DEBUG] 🎯 Célzott Forgalom Generálása (R1C1_C) | Period: 5.8667
Found 6 valid OD pairs for R1C1_C
Generating focused traffic: Period 5.8667s
[INFO] Subscriptions active: 6 (libsumo, fast mode)
[INFO] Episode duration: 2700s (45 min)

[DEBUG] 🎯 Célzott Forgalom Generálása (R1C1_C) | Period: 4.4006
Found 6 valid OD pairs for R1C1_C
Generating focused traffic: Period 4.4006s
[INFO] Subscriptions active: 6 (libsumo, fast mode)
[INFO] Episode duration: 2700s (45 min)

[DEBUG] 🎯 Célzott Forgalom Generálása (R1C1_C) | Period: 5.6312
Found 6 valid OD pairs for R1C1_C
Generating focused traffic: Period 5.6312s
[INFO] Subscriptions active: 6 (libsumo, fast mode)
[INFO] Episode duration: 900s (15 min)

[DEBUG] 🎯 Célzott Forgalom Generálása (R1C1_C) | Period: 4.3012
Found 6 valid OD pairs for R1C1_C
Generating focused traffic: Period 4.3012s
[INFO] Subscriptions active: 6 (libsumo, fast mode)
[INFO] Episode duration: 1800s (30 min)

[DEBUG] 🎯 Célzott Forgalom Generálása (R1C1_C) | Period: 4.4277
Found 6 valid OD pairs for R1C1_C
Generating focused traffic: Period 4.4277s
[INFO] Subscriptions active: 6 (libsumo, fast mode)
[INFO] Episode duration: 3600s (60 min)

[DEBUG] 🎯 Célzott Forgalom Generálása (R1C1_C) | Period: 4.5952
Found 6 valid OD pairs for R1C1_C
Generating focused traffic: Period 4.5952s
[INFO] Subscriptions active: 6 (libsumo, fast mode)
[INFO] Episode duration: 900s (15 min)

[DEBUG] 🎯 Célzott Forgalom Generálása (R1C1_C) | Period: 7.5759
Found 6 valid OD pairs for R1C1_C
Generating focused traffic: Period 7.5759s
[INFO] Subscriptions active: 6 (libsumo, fast mode)
[INFO] Episode duration: 3600s (60 min)

[DEBUG] 🎯 Célzott Forgalom Generálása (R1C1_C) | Period: 5.9838
Found 6 valid OD pairs for R1C1_C
Generating focused traffic: Period 5.9838s
[INFO] Subscriptions active: 6 (libsumo, fast mode)
-------------------------------------
| rollout/              |           |
|    ep_len_mean        | 471       |
|    ep_rew_mean        | 72.8      |
| time/                 |           |
|    fps                | 189       |
|    iterations         | 20        |
|    time_elapsed       | 216       |
|    total_timesteps    | 40960     |
| train/                |           |
|    entropy_loss       | -1.38     |
|    explained_variance | -0.000743 |
|    learning_rate      | 0.0001    |
|    n_updates          | 19        |
|    policy_loss        | 13.8      |
|    value_loss         | 110       |
-------------------------------------
[INFO] Episode duration: 1800s (30 min)

[DEBUG] 🎯 Célzott Forgalom Generálása (R1C1_C) | Period: 5.2669
Found 6 valid OD pairs for R1C1_C
Generating focused traffic: Period 5.2669s
[INFO] Subscriptions active: 6 (libsumo, fast mode)
[INFO] Episode duration: 1800s (30 min)

[DEBUG] 🎯 Célzott Forgalom Generálása (R1C1_C) | Period: 6.5247
Found 6 valid OD pairs for R1C1_C
Generating focused traffic: Period 6.5247s
[INFO] Subscriptions active: 6 (libsumo, fast mode)
[INFO] Episode duration: 2700s (45 min)

[DEBUG] 🎯 Célzott Forgalom Generálása (R1C1_C) | Period: 4.0598
Found 6 valid OD pairs for R1C1_C
Generating focused traffic: Period 4.0598s
[INFO] Subscriptions active: 6 (libsumo, fast mode)
[INFO] Episode duration: 900s (15 min)

[DEBUG] 🎯 Célzott Forgalom Generálása (R1C1_C) | Period: 5.6372
Found 6 valid OD pairs for R1C1_C
Generating focused traffic: Period 5.6372s
[INFO] Subscriptions active: 6 (libsumo, fast mode)
[INFO] Episode duration: 1800s (30 min)

[DEBUG] 🎯 Célzott Forgalom Generálása (R1C1_C) | Period: 4.4529
Found 6 valid OD pairs for R1C1_C
Generating focused traffic: Period 4.4529s
[INFO] Subscriptions active: 6 (libsumo, fast mode)
[INFO] Episode duration: 2700s (45 min)

[DEBUG] 🎯 Célzott Forgalom Generálása (R1C1_C) | Period: 6.2619
Found 6 valid OD pairs for R1C1_C
Generating focused traffic: Period 6.2619s
[INFO] Subscriptions active: 6 (libsumo, fast mode)
[INFO] Episode duration: 3600s (60 min)

[DEBUG] 🎯 Célzott Forgalom Generálása (R1C1_C) | Period: 6.8127
Found 6 valid OD pairs for R1C1_C
Generating focused traffic: Period 6.8127s
[INFO] Subscriptions active: 6 (libsumo, fast mode)
[INFO] Episode duration: 900s (15 min)

[DEBUG] 🎯 Célzott Forgalom Generálása (R1C1_C) | Period: 5.9604
Found 6 valid OD pairs for R1C1_C
Generating focused traffic: Period 5.9604s
[INFO] Subscriptions active: 6 (libsumo, fast mode)
[INFO] Episode duration: 900s (15 min)

[DEBUG] 🎯 Célzott Forgalom Generálása (R1C1_C) | Period: 7.6869
Found 6 valid OD pairs for R1C1_C
Generating focused traffic: Period 7.6869s
[INFO] Subscriptions active: 6 (libsumo, fast mode)
[INFO] Episode duration: 3600s (60 min)

[DEBUG] 🎯 Célzott Forgalom Generálása (R1C1_C) | Period: 7.1226
Found 6 valid OD pairs for R1C1_C
Generating focused traffic: Period 7.1226s
[INFO] Subscriptions active: 6 (libsumo, fast mode)
[INFO] Episode duration: 3600s (60 min)

[DEBUG] 🎯 Célzott Forgalom Generálása (R1C1_C) | Period: 5.6385
Found 6 valid OD pairs for R1C1_C
Generating focused traffic: Period 5.6385s
[INFO] Subscriptions active: 6 (libsumo, fast mode)
[INFO] Episode duration: 3600s (60 min)

[DEBUG] 🎯 Célzott Forgalom Generálása (R1C1_C) | Period: 5.8307
Found 6 valid OD pairs for R1C1_C
Generating focused traffic: Period 5.8307s
[INFO] Subscriptions active: 6 (libsumo, fast mode)
[INFO] Episode duration: 3600s (60 min)

[DEBUG] 🎯 Célzott Forgalom Generálása (R1C1_C) | Period: 6.5341
Found 6 valid OD pairs for R1C1_C
Generating focused traffic: Period 6.5341s
[INFO] Subscriptions active: 6 (libsumo, fast mode)
[INFO] Episode duration: 900s (15 min)

[DEBUG] 🎯 Célzott Forgalom Generálása (R1C1_C) | Period: 6.7366
Found 6 valid OD pairs for R1C1_C
Generating focused traffic: Period 6.7366s
[INFO] Subscriptions active: 6 (libsumo, fast mode)
[INFO] Episode duration: 900s (15 min)

[DEBUG] 🎯 Célzott Forgalom Generálása (R1C1_C) | Period: 5.7945
Found 6 valid OD pairs for R1C1_C
Generating focused traffic: Period 5.7945s
[INFO] Subscriptions active: 6 (libsumo, fast mode)
[INFO] Episode duration: 1800s (30 min)

[DEBUG] 🎯 Célzott Forgalom Generálása (R1C1_C) | Period: 5.3972
Found 6 valid OD pairs for R1C1_C
Generating focused traffic: Period 5.3972s
[INFO] Subscriptions active: 6 (libsumo, fast mode)
[INFO] Episode duration: 3600s (60 min)

[DEBUG] 🎯 Célzott Forgalom Generálása (R1C1_C) | Period: 5.3929
Found 6 valid OD pairs for R1C1_C
Generating focused traffic: Period 5.3929s
[INFO] Subscriptions active: 6 (libsumo, fast mode)
[INFO] Episode duration: 900s (15 min)

[DEBUG] 🎯 Célzott Forgalom Generálása (R1C1_C) | Period: 6.3393
Found 6 valid OD pairs for R1C1_C
Generating focused traffic: Period 6.3393s
[INFO] Subscriptions active: 6 (libsumo, fast mode)
[INFO] Episode duration: 2700s (45 min)

[DEBUG] 🎯 Célzott Forgalom Generálása (R1C1_C) | Period: 4.2116
Found 6 valid OD pairs for R1C1_C
Generating focused traffic: Period 4.2116s
[INFO] Subscriptions active: 6 (libsumo, fast mode)
[INFO] Episode duration: 1800s (30 min)

[DEBUG] 🎯 Célzott Forgalom Generálása (R1C1_C) | Period: 7.4027
Found 6 valid OD pairs for R1C1_C
Generating focused traffic: Period 7.4027s
[INFO] Subscriptions active: 6 (libsumo, fast mode)
[INFO] Episode duration: 900s (15 min)

[DEBUG] 🎯 Célzott Forgalom Generálása (R1C1_C) | Period: 5.7325
Found 6 valid OD pairs for R1C1_C
Generating focused traffic: Period 5.7325s
[INFO] Subscriptions active: 6 (libsumo, fast mode)
[INFO] Episode duration: 2700s (45 min)

[DEBUG] 🎯 Célzott Forgalom Generálása (R1C1_C) | Period: 4.1832
Found 6 valid OD pairs for R1C1_C
Generating focused traffic: Period 4.1832s
[INFO] Subscriptions active: 6 (libsumo, fast mode)
[INFO] Episode duration: 3600s (60 min)

[DEBUG] 🎯 Célzott Forgalom Generálása (R1C1_C) | Period: 5.1606
Found 6 valid OD pairs for R1C1_C
Generating focused traffic: Period 5.1606s
[INFO] Subscriptions active: 6 (libsumo, fast mode)
[INFO] Episode duration: 3600s (60 min)

[DEBUG] 🎯 Célzott Forgalom Generálása (R1C1_C) | Period: 5.0586
Found 6 valid OD pairs for R1C1_C
Generating focused traffic: Period 5.0586s
[INFO] Subscriptions active: 6 (libsumo, fast mode)
[INFO] Episode duration: 1800s (30 min)

[DEBUG] 🎯 Célzott Forgalom Generálása (R1C1_C) | Period: 7.6701
Found 6 valid OD pairs for R1C1_C
Generating focused traffic: Period 7.6701s
[INFO] Subscriptions active: 6 (libsumo, fast mode)
[INFO] Episode duration: 1800s (30 min)

[DEBUG] 🎯 Célzott Forgalom Generálása (R1C1_C) | Period: 7.2361
Found 6 valid OD pairs for R1C1_C
Generating focused traffic: Period 7.2361s
[INFO] Subscriptions active: 6 (libsumo, fast mode)
[INFO] Episode duration: 3600s (60 min)

[DEBUG] 🎯 Célzott Forgalom Generálása (R1C1_C) | Period: 6.0953
Found 6 valid OD pairs for R1C1_C
Generating focused traffic: Period 6.0953s
[INFO] Subscriptions active: 6 (libsumo, fast mode)
[INFO] Episode duration: 3600s (60 min)

[DEBUG] 🎯 Célzott Forgalom Generálása (R1C1_C) | Period: 4.8863
Found 6 valid OD pairs for R1C1_C
Generating focused traffic: Period 4.8863s
[INFO] Subscriptions active: 6 (libsumo, fast mode)
[INFO] Episode duration: 3600s (60 min)

[DEBUG] 🎯 Célzott Forgalom Generálása (R1C1_C) | Period: 7.759
Found 6 valid OD pairs for R1C1_C
Generating focused traffic: Period 7.7590s
[INFO] Subscriptions active: 6 (libsumo, fast mode)
[INFO] Episode duration: 3600s (60 min)

[DEBUG] 🎯 Célzott Forgalom Generálása (R1C1_C) | Period: 5.2869
Found 6 valid OD pairs for R1C1_C
Generating focused traffic: Period 5.2869s
[INFO] Subscriptions active: 6 (libsumo, fast mode)
[INFO] Episode duration: 2700s (45 min)

[DEBUG] 🎯 Célzott Forgalom Generálása (R1C1_C) | Period: 6.8869
Found 6 valid OD pairs for R1C1_C
Generating focused traffic: Period 6.8869s
[INFO] Subscriptions active: 6 (libsumo, fast mode)
[INFO] Episode duration: 900s (15 min)

[DEBUG] 🎯 Célzott Forgalom Generálása (R1C1_C) | Period: 4.582
Found 6 valid OD pairs for R1C1_C
Generating focused traffic: Period 4.5820s
[INFO] Subscriptions active: 6 (libsumo, fast mode)
[INFO] Episode duration: 1800s (30 min)

[DEBUG] 🎯 Célzott Forgalom Generálása (R1C1_C) | Period: 7.3292
Found 6 valid OD pairs for R1C1_C
Generating focused traffic: Period 7.3292s
[INFO] Subscriptions active: 6 (libsumo, fast mode)
[INFO] Episode duration: 3600s (60 min)

[DEBUG] 🎯 Célzott Forgalom Generálása (R1C1_C) | Period: 5.6829
Found 6 valid OD pairs for R1C1_C
Generating focused traffic: Period 5.6829s
[INFO] Subscriptions active: 6 (libsumo, fast mode)
[INFO] Episode duration: 3600s (60 min)

[DEBUG] 🎯 Célzott Forgalom Generálása (R1C1_C) | Period: 4.7753
Found 6 valid OD pairs for R1C1_C
Generating focused traffic: Period 4.7753s
[INFO] Subscriptions active: 6 (libsumo, fast mode)
[INFO] Episode duration: 900s (15 min)

[DEBUG] 🎯 Célzott Forgalom Generálása (R1C1_C) | Period: 6.5175
Found 6 valid OD pairs for R1C1_C
Generating focused traffic: Period 6.5175s
[INFO] Subscriptions active: 6 (libsumo, fast mode)
[INFO] Episode duration: 1800s (30 min)

[DEBUG] 🎯 Célzott Forgalom Generálása (R1C1_C) | Period: 6.2802
Found 6 valid OD pairs for R1C1_C
Generating focused traffic: Period 6.2802s
[INFO] Subscriptions active: 6 (libsumo, fast mode)
[INFO] Episode duration: 1800s (30 min)

[DEBUG] 🎯 Célzott Forgalom Generálása (R1C1_C) | Period: 6.7727
Found 6 valid OD pairs for R1C1_C
Generating focused traffic: Period 6.7727s
[INFO] Subscriptions active: 6 (libsumo, fast mode)
[INFO] Episode duration: 900s (15 min)

[DEBUG] 🎯 Célzott Forgalom Generálása (R1C1_C) | Period: 7.7362
Found 6 valid OD pairs for R1C1_C
Generating focused traffic: Period 7.7362s
[INFO] Subscriptions active: 6 (libsumo, fast mode)
[INFO] Episode duration: 1800s (30 min)

[DEBUG] 🎯 Célzott Forgalom Generálása (R1C1_C) | Period: 4.2599
Found 6 valid OD pairs for R1C1_C
Generating focused traffic: Period 4.2599s
[INFO] Subscriptions active: 6 (libsumo, fast mode)
[INFO] Episode duration: 3600s (60 min)

[DEBUG] 🎯 Célzott Forgalom Generálása (R1C1_C) | Period: 5.8369
Found 6 valid OD pairs for R1C1_C
Generating focused traffic: Period 5.8369s
[INFO] Subscriptions active: 6 (libsumo, fast mode)
[INFO] Episode duration: 900s (15 min)

[DEBUG] 🎯 Célzott Forgalom Generálása (R1C1_C) | Period: 5.6372
Found 6 valid OD pairs for R1C1_C
Generating focused traffic: Period 5.6372s
[INFO] Subscriptions active: 6 (libsumo, fast mode)
[INFO] Episode duration: 2700s (45 min)

[DEBUG] 🎯 Célzott Forgalom Generálása (R1C1_C) | Period: 7.2248
Found 6 valid OD pairs for R1C1_C
Generating focused traffic: Period 7.2248s
[INFO] Subscriptions active: 6 (libsumo, fast mode)
[INFO] Episode duration: 2700s (45 min)

[DEBUG] 🎯 Célzott Forgalom Generálása (R1C1_C) | Period: 6.8852
Found 6 valid OD pairs for R1C1_C
Generating focused traffic: Period 6.8852s
[INFO] Subscriptions active: 6 (libsumo, fast mode)
------------------------------------
| rollout/              |          |
|    ep_len_mean        | 461      |
|    ep_rew_mean        | 72.7     |
| time/                 |          |
|    fps                | 189      |
|    iterations         | 30       |
|    time_elapsed       | 324      |
|    total_timesteps    | 61440    |
| train/                |          |
|    entropy_loss       | -1.38    |
|    explained_variance | -0.00346 |
|    learning_rate      | 0.0001   |
|    n_updates          | 29       |
|    policy_loss        | 13.7     |
|    value_loss         | 113      |
------------------------------------
[INFO] Episode duration: 900s (15 min)

[DEBUG] 🎯 Célzott Forgalom Generálása (R1C1_C) | Period: 4.687
Found 6 valid OD pairs for R1C1_C
Generating focused traffic: Period 4.6870s
[INFO] Subscriptions active: 6 (libsumo, fast mode)
[INFO] Episode duration: 2700s (45 min)

[DEBUG] 🎯 Célzott Forgalom Generálása (R1C1_C) | Period: 5.8498
Found 6 valid OD pairs for R1C1_C
Generating focused traffic: Period 5.8498s
[INFO] Subscriptions active: 6 (libsumo, fast mode)
[INFO] Episode duration: 1800s (30 min)

[DEBUG] 🎯 Célzott Forgalom Generálása (R1C1_C) | Period: 6.6214
Found 6 valid OD pairs for R1C1_C
Generating focused traffic: Period 6.6214s
[INFO] Subscriptions active: 6 (libsumo, fast mode)
[INFO] Episode duration: 2700s (45 min)

[DEBUG] 🎯 Célzott Forgalom Generálása (R1C1_C) | Period: 6.4392
Found 6 valid OD pairs for R1C1_C
Generating focused traffic: Period 6.4392s
[INFO] Subscriptions active: 6 (libsumo, fast mode)
[INFO] Episode duration: 2700s (45 min)

[DEBUG] 🎯 Célzott Forgalom Generálása (R1C1_C) | Period: 4.0674
Found 6 valid OD pairs for R1C1_C
Generating focused traffic: Period 4.0674s
[INFO] Subscriptions active: 6 (libsumo, fast mode)
[INFO] Episode duration: 1800s (30 min)

[DEBUG] 🎯 Célzott Forgalom Generálása (R1C1_C) | Period: 5.0541
Found 6 valid OD pairs for R1C1_C
Generating focused traffic: Period 5.0541s
[INFO] Subscriptions active: 6 (libsumo, fast mode)
[INFO] Episode duration: 1800s (30 min)

[DEBUG] 🎯 Célzott Forgalom Generálása (R1C1_C) | Period: 7.3577
Found 6 valid OD pairs for R1C1_C
Generating focused traffic: Period 7.3577s
[INFO] Subscriptions active: 6 (libsumo, fast mode)
[INFO] Episode duration: 900s (15 min)

[DEBUG] 🎯 Célzott Forgalom Generálása (R1C1_C) | Period: 5.413
Found 6 valid OD pairs for R1C1_C
Generating focused traffic: Period 5.4130s
[INFO] Subscriptions active: 6 (libsumo, fast mode)
[INFO] Episode duration: 2700s (45 min)

[DEBUG] 🎯 Célzott Forgalom Generálása (R1C1_C) | Period: 7.6242
Found 6 valid OD pairs for R1C1_C
Generating focused traffic: Period 7.6242s
[INFO] Subscriptions active: 6 (libsumo, fast mode)
[INFO] Episode duration: 3600s (60 min)

[DEBUG] 🎯 Célzott Forgalom Generálása (R1C1_C) | Period: 7.7237
Found 6 valid OD pairs for R1C1_C
Generating focused traffic: Period 7.7237s
[INFO] Subscriptions active: 6 (libsumo, fast mode)
[INFO] Episode duration: 2700s (45 min)

[DEBUG] 🎯 Célzott Forgalom Generálása (R1C1_C) | Period: 5.6149
Found 6 valid OD pairs for R1C1_C
Generating focused traffic: Period 5.6149s
[INFO] Subscriptions active: 6 (libsumo, fast mode)
[INFO] Episode duration: 3600s (60 min)

[DEBUG] 🎯 Célzott Forgalom Generálása (R1C1_C) | Period: 4.8773
Found 6 valid OD pairs for R1C1_C
Generating focused traffic: Period 4.8773s
[INFO] Subscriptions active: 6 (libsumo, fast mode)
[INFO] Episode duration: 900s (15 min)

[DEBUG] 🎯 Célzott Forgalom Generálása (R1C1_C) | Period: 7.9031
Found 6 valid OD pairs for R1C1_C
Generating focused traffic: Period 7.9031s
[INFO] Subscriptions active: 6 (libsumo, fast mode)
[INFO] Episode duration: 2700s (45 min)

[DEBUG] 🎯 Célzott Forgalom Generálása (R1C1_C) | Period: 5.3625
Found 6 valid OD pairs for R1C1_C
Generating focused traffic: Period 5.3625s
[INFO] Subscriptions active: 6 (libsumo, fast mode)
[INFO] Episode duration: 1800s (30 min)

[DEBUG] 🎯 Célzott Forgalom Generálása (R1C1_C) | Period: 5.8123
Found 6 valid OD pairs for R1C1_C
Generating focused traffic: Period 5.8123s
[INFO] Subscriptions active: 6 (libsumo, fast mode)
[INFO] Episode duration: 2700s (45 min)

[DEBUG] 🎯 Célzott Forgalom Generálása (R1C1_C) | Period: 6.5513
Found 6 valid OD pairs for R1C1_C
Generating focused traffic: Period 6.5513s
[INFO] Subscriptions active: 6 (libsumo, fast mode)
[INFO] Episode duration: 1800s (30 min)

[DEBUG] 🎯 Célzott Forgalom Generálása (R1C1_C) | Period: 4.6393
Found 6 valid OD pairs for R1C1_C
Generating focused traffic: Period 4.6393s
[INFO] Subscriptions active: 6 (libsumo, fast mode)
[INFO] Episode duration: 900s (15 min)

[DEBUG] 🎯 Célzott Forgalom Generálása (R1C1_C) | Period: 7.818
Found 6 valid OD pairs for R1C1_C
Generating focused traffic: Period 7.8180s
[INFO] Subscriptions active: 6 (libsumo, fast mode)
[INFO] Episode duration: 900s (15 min)

[DEBUG] 🎯 Célzott Forgalom Generálása (R1C1_C) | Period: 6.8828
Found 6 valid OD pairs for R1C1_C
Generating focused traffic: Period 6.8828s
[INFO] Subscriptions active: 6 (libsumo, fast mode)
[INFO] Episode duration: 2700s (45 min)

[DEBUG] 🎯 Célzott Forgalom Generálása (R1C1_C) | Period: 7.0303
Found 6 valid OD pairs for R1C1_C
Generating focused traffic: Period 7.0303s
[INFO] Subscriptions active: 6 (libsumo, fast mode)
[INFO] Episode duration: 2700s (45 min)

[DEBUG] 🎯 Célzott Forgalom Generálása (R1C1_C) | Period: 4.8877
Found 6 valid OD pairs for R1C1_C
Generating focused traffic: Period 4.8877s
[INFO] Subscriptions active: 6 (libsumo, fast mode)
[INFO] Episode duration: 2700s (45 min)

[DEBUG] 🎯 Célzott Forgalom Generálása (R1C1_C) | Period: 7.2825
Found 6 valid OD pairs for R1C1_C
Generating focused traffic: Period 7.2825s
[INFO] Subscriptions active: 6 (libsumo, fast mode)
[INFO] Episode duration: 1800s (30 min)

[DEBUG] 🎯 Célzott Forgalom Generálása (R1C1_C) | Period: 6.1461
Found 6 valid OD pairs for R1C1_C
Generating focused traffic: Period 6.1461s
[INFO] Subscriptions active: 6 (libsumo, fast mode)
[INFO] Episode duration: 1800s (30 min)

[DEBUG] 🎯 Célzott Forgalom Generálása (R1C1_C) | Period: 4.3938
Found 6 valid OD pairs for R1C1_C
Generating focused traffic: Period 4.3938s
[INFO] Subscriptions active: 6 (libsumo, fast mode)
[INFO] Episode duration: 2700s (45 min)

[DEBUG] 🎯 Célzott Forgalom Generálása (R1C1_C) | Period: 4.2629
Found 6 valid OD pairs for R1C1_C
Generating focused traffic: Period 4.2629s
[INFO] Subscriptions active: 6 (libsumo, fast mode)
[INFO] Episode duration: 1800s (30 min)

[DEBUG] 🎯 Célzott Forgalom Generálása (R1C1_C) | Period: 7.6503
Found 6 valid OD pairs for R1C1_C
Generating focused traffic: Period 7.6503s
[INFO] Subscriptions active: 6 (libsumo, fast mode)
[INFO] Episode duration: 3600s (60 min)

[DEBUG] 🎯 Célzott Forgalom Generálása (R1C1_C) | Period: 4.0409
Found 6 valid OD pairs for R1C1_C
Generating focused traffic: Period 4.0409s
[INFO] Subscriptions active: 6 (libsumo, fast mode)
[INFO] Episode duration: 1800s (30 min)

[DEBUG] 🎯 Célzott Forgalom Generálása (R1C1_C) | Period: 7.2695
Found 6 valid OD pairs for R1C1_C
Generating focused traffic: Period 7.2695s
[INFO] Subscriptions active: 6 (libsumo, fast mode)
[INFO] Episode duration: 1800s (30 min)

[DEBUG] 🎯 Célzott Forgalom Generálása (R1C1_C) | Period: 6.5792
Found 6 valid OD pairs for R1C1_C
Generating focused traffic: Period 6.5792s
[INFO] Subscriptions active: 6 (libsumo, fast mode)
[INFO] Episode duration: 900s (15 min)

[DEBUG] 🎯 Célzott Forgalom Generálása (R1C1_C) | Period: 4.0355
Found 6 valid OD pairs for R1C1_C
Generating focused traffic: Period 4.0355s
[INFO] Subscriptions active: 6 (libsumo, fast mode)
[INFO] Episode duration: 2700s (45 min)

[DEBUG] 🎯 Célzott Forgalom Generálása (R1C1_C) | Period: 4.5215
Found 6 valid OD pairs for R1C1_C
Generating focused traffic: Period 4.5215s
[INFO] Subscriptions active: 6 (libsumo, fast mode)
[INFO] Episode duration: 2700s (45 min)

[DEBUG] 🎯 Célzott Forgalom Generálása (R1C1_C) | Period: 7.6426
Found 6 valid OD pairs for R1C1_C
Generating focused traffic: Period 7.6426s
[INFO] Subscriptions active: 6 (libsumo, fast mode)
[INFO] Episode duration: 1800s (30 min)

[DEBUG] 🎯 Célzott Forgalom Generálása (R1C1_C) | Period: 4.9332
Found 6 valid OD pairs for R1C1_C
Generating focused traffic: Period 4.9332s
[INFO] Subscriptions active: 6 (libsumo, fast mode)
[INFO] Episode duration: 3600s (60 min)

[DEBUG] 🎯 Célzott Forgalom Generálása (R1C1_C) | Period: 4.3604
Found 6 valid OD pairs for R1C1_C
Generating focused traffic: Period 4.3604s
[INFO] Subscriptions active: 6 (libsumo, fast mode)
[INFO] Episode duration: 2700s (45 min)

[DEBUG] 🎯 Célzott Forgalom Generálása (R1C1_C) | Period: 7.284
Found 6 valid OD pairs for R1C1_C
Generating focused traffic: Period 7.2840s
[INFO] Subscriptions active: 6 (libsumo, fast mode)
[INFO] Episode duration: 2700s (45 min)

[DEBUG] 🎯 Célzott Forgalom Generálása (R1C1_C) | Period: 5.4329
Found 6 valid OD pairs for R1C1_C
Generating focused traffic: Period 5.4329s
[INFO] Subscriptions active: 6 (libsumo, fast mode)
[INFO] Episode duration: 1800s (30 min)

[DEBUG] 🎯 Célzott Forgalom Generálása (R1C1_C) | Period: 4.5176
Found 6 valid OD pairs for R1C1_C
Generating focused traffic: Period 4.5176s
[INFO] Subscriptions active: 6 (libsumo, fast mode)
[INFO] Episode duration: 1800s (30 min)

[DEBUG] 🎯 Célzott Forgalom Generálása (R1C1_C) | Period: 4.2059
Found 6 valid OD pairs for R1C1_C
Generating focused traffic: Period 4.2059s
[INFO] Subscriptions active: 6 (libsumo, fast mode)
[INFO] Episode duration: 900s (15 min)

[DEBUG] 🎯 Célzott Forgalom Generálása (R1C1_C) | Period: 4.8994
Found 6 valid OD pairs for R1C1_C
Generating focused traffic: Period 4.8994s
[INFO] Subscriptions active: 6 (libsumo, fast mode)
[INFO] Episode duration: 2700s (45 min)

[DEBUG] 🎯 Célzott Forgalom Generálása (R1C1_C) | Period: 4.3174
Found 6 valid OD pairs for R1C1_C
Generating focused traffic: Period 4.3174s
[INFO] Subscriptions active: 6 (libsumo, fast mode)
[INFO] Episode duration: 3600s (60 min)

[DEBUG] 🎯 Célzott Forgalom Generálása (R1C1_C) | Period: 5.6125
Found 6 valid OD pairs for R1C1_C
Generating focused traffic: Period 5.6125s
[INFO] Subscriptions active: 6 (libsumo, fast mode)
[INFO] Episode duration: 2700s (45 min)

[DEBUG] 🎯 Célzott Forgalom Generálása (R1C1_C) | Period: 5.5759
Found 6 valid OD pairs for R1C1_C
Generating focused traffic: Period 5.5759s
[INFO] Subscriptions active: 6 (libsumo, fast mode)
[INFO] Episode duration: 900s (15 min)

[DEBUG] 🎯 Célzott Forgalom Generálása (R1C1_C) | Period: 5.0903
Found 6 valid OD pairs for R1C1_C
Generating focused traffic: Period 5.0903s
[INFO] Subscriptions active: 6 (libsumo, fast mode)
[INFO] Episode duration: 900s (15 min)

[DEBUG] 🎯 Célzott Forgalom Generálása (R1C1_C) | Period: 4.6208
Found 6 valid OD pairs for R1C1_C
Generating focused traffic: Period 4.6208s
[INFO] Subscriptions active: 6 (libsumo, fast mode)
[INFO] Episode duration: 3600s (60 min)

[DEBUG] 🎯 Célzott Forgalom Generálása (R1C1_C) | Period: 4.5563
Found 6 valid OD pairs for R1C1_C
Generating focused traffic: Period 4.5563s
[INFO] Subscriptions active: 6 (libsumo, fast mode)
[INFO] Episode duration: 2700s (45 min)

[DEBUG] 🎯 Célzott Forgalom Generálása (R1C1_C) | Period: 6.8328
Found 6 valid OD pairs for R1C1_C
Generating focused traffic: Period 6.8328s
[INFO] Subscriptions active: 6 (libsumo, fast mode)
------------------------------------
| rollout/              |          |
|    ep_len_mean        | 457      |
|    ep_rew_mean        | 72.9     |
| time/                 |          |
|    fps                | 188      |
|    iterations         | 40       |
|    time_elapsed       | 434      |
|    total_timesteps    | 81920    |
| train/                |          |
|    entropy_loss       | -1.38    |
|    explained_variance | -0.0213  |
|    learning_rate      | 0.0001   |
|    n_updates          | 39       |
|    policy_loss        | 13.1     |
|    value_loss         | 101      |
------------------------------------
[INFO] Episode duration: 3600s (60 min)

[DEBUG] 🎯 Célzott Forgalom Generálása (R1C1_C) | Period: 4.6412
Found 6 valid OD pairs for R1C1_C
Generating focused traffic: Period 4.6412s
[INFO] Subscriptions active: 6 (libsumo, fast mode)
[INFO] Episode duration: 900s (15 min)

[DEBUG] 🎯 Célzott Forgalom Generálása (R1C1_C) | Period: 5.39
Found 6 valid OD pairs for R1C1_C
Generating focused traffic: Period 5.3900s
[INFO] Subscriptions active: 6 (libsumo, fast mode)
[INFO] Episode duration: 2700s (45 min)

[DEBUG] 🎯 Célzott Forgalom Generálása (R1C1_C) | Period: 7.0885
Found 6 valid OD pairs for R1C1_C
Generating focused traffic: Period 7.0885s
[INFO] Subscriptions active: 6 (libsumo, fast mode)
[INFO] Episode duration: 3600s (60 min)

[DEBUG] 🎯 Célzott Forgalom Generálása (R1C1_C) | Period: 7.7322
Found 6 valid OD pairs for R1C1_C
Generating focused traffic: Period 7.7322s
[INFO] Subscriptions active: 6 (libsumo, fast mode)
[INFO] Episode duration: 3600s (60 min)

[DEBUG] 🎯 Célzott Forgalom Generálása (R1C1_C) | Period: 6.8237
Found 6 valid OD pairs for R1C1_C
Generating focused traffic: Period 6.8237s
[INFO] Subscriptions active: 6 (libsumo, fast mode)
[INFO] Episode duration: 3600s (60 min)

[DEBUG] 🎯 Célzott Forgalom Generálása (R1C1_C) | Period: 5.8383
Found 6 valid OD pairs for R1C1_C
Generating focused traffic: Period 5.8383s
[INFO] Subscriptions active: 6 (libsumo, fast mode)
[INFO] Episode duration: 1800s (30 min)

[DEBUG] 🎯 Célzott Forgalom Generálása (R1C1_C) | Period: 6.8134
Found 6 valid OD pairs for R1C1_C
Generating focused traffic: Period 6.8134s
[INFO] Subscriptions active: 6 (libsumo, fast mode)
[INFO] Episode duration: 1800s (30 min)

[DEBUG] 🎯 Célzott Forgalom Generálása (R1C1_C) | Period: 6.7323
Found 6 valid OD pairs for R1C1_C
Generating focused traffic: Period 6.7323s
[INFO] Subscriptions active: 6 (libsumo, fast mode)
[INFO] Episode duration: 1800s (30 min)

[DEBUG] 🎯 Célzott Forgalom Generálása (R1C1_C) | Period: 6.9394
Found 6 valid OD pairs for R1C1_C
Generating focused traffic: Period 6.9394s
[INFO] Subscriptions active: 6 (libsumo, fast mode)
[INFO] Episode duration: 900s (15 min)

[DEBUG] 🎯 Célzott Forgalom Generálása (R1C1_C) | Period: 5.251
Found 6 valid OD pairs for R1C1_C
Generating focused traffic: Period 5.2510s
[INFO] Subscriptions active: 6 (libsumo, fast mode)
[INFO] Episode duration: 900s (15 min)

[DEBUG] 🎯 Célzott Forgalom Generálása (R1C1_C) | Period: 4.2671
Found 6 valid OD pairs for R1C1_C
Generating focused traffic: Period 4.2671s
[INFO] Subscriptions active: 6 (libsumo, fast mode)
[INFO] Episode duration: 900s (15 min)

[DEBUG] 🎯 Célzott Forgalom Generálása (R1C1_C) | Period: 5.1412
Found 6 valid OD pairs for R1C1_C
Generating focused traffic: Period 5.1412s
[INFO] Subscriptions active: 6 (libsumo, fast mode)
[INFO] Episode duration: 900s (15 min)

[DEBUG] 🎯 Célzott Forgalom Generálása (R1C1_C) | Period: 4.461
Found 6 valid OD pairs for R1C1_C
Generating focused traffic: Period 4.4610s
[INFO] Subscriptions active: 6 (libsumo, fast mode)
[INFO] Episode duration: 900s (15 min)

[DEBUG] 🎯 Célzott Forgalom Generálása (R1C1_C) | Period: 5.7835
Found 6 valid OD pairs for R1C1_C
Generating focused traffic: Period 5.7835s
[INFO] Subscriptions active: 6 (libsumo, fast mode)
[INFO] Episode duration: 2700s (45 min)

[DEBUG] 🎯 Célzott Forgalom Generálása (R1C1_C) | Period: 6.3598
Found 6 valid OD pairs for R1C1_C
Generating focused traffic: Period 6.3598s
[INFO] Subscriptions active: 6 (libsumo, fast mode)
[INFO] Episode duration: 3600s (60 min)

[DEBUG] 🎯 Célzott Forgalom Generálása (R1C1_C) | Period: 6.2781
Found 6 valid OD pairs for R1C1_C
Generating focused traffic: Period 6.2781s
[INFO] Subscriptions active: 6 (libsumo, fast mode)
[INFO] Episode duration: 1800s (30 min)

[DEBUG] 🎯 Célzott Forgalom Generálása (R1C1_C) | Period: 4.4672
Found 6 valid OD pairs for R1C1_C
Generating focused traffic: Period 4.4672s
[INFO] Subscriptions active: 6 (libsumo, fast mode)
[INFO] Episode duration: 1800s (30 min)

[DEBUG] 🎯 Célzott Forgalom Generálása (R1C1_C) | Period: 7.8577
Found 6 valid OD pairs for R1C1_C
Generating focused traffic: Period 7.8577s
[INFO] Subscriptions active: 6 (libsumo, fast mode)
[INFO] Episode duration: 2700s (45 min)

[DEBUG] 🎯 Célzott Forgalom Generálása (R1C1_C) | Period: 7.3642
Found 6 valid OD pairs for R1C1_C
Generating focused traffic: Period 7.3642s
[INFO] Subscriptions active: 6 (libsumo, fast mode)
[INFO] Episode duration: 900s (15 min)

[DEBUG] 🎯 Célzott Forgalom Generálása (R1C1_C) | Period: 5.2464
Found 6 valid OD pairs for R1C1_C
Generating focused traffic: Period 5.2464s
[INFO] Subscriptions active: 6 (libsumo, fast mode)
[INFO] Episode duration: 900s (15 min)

[DEBUG] 🎯 Célzott Forgalom Generálása (R1C1_C) | Period: 7.9529
Found 6 valid OD pairs for R1C1_C
Generating focused traffic: Period 7.9529s
[INFO] Subscriptions active: 6 (libsumo, fast mode)
[INFO] Episode duration: 3600s (60 min)

[DEBUG] 🎯 Célzott Forgalom Generálása (R1C1_C) | Period: 5.3955
Found 6 valid OD pairs for R1C1_C
Generating focused traffic: Period 5.3955s
[INFO] Subscriptions active: 6 (libsumo, fast mode)
[INFO] Episode duration: 900s (15 min)

[DEBUG] 🎯 Célzott Forgalom Generálása (R1C1_C) | Period: 7.003
Found 6 valid OD pairs for R1C1_C
Generating focused traffic: Period 7.0030s
[INFO] Subscriptions active: 6 (libsumo, fast mode)
[INFO] Episode duration: 1800s (30 min)

[DEBUG] 🎯 Célzott Forgalom Generálása (R1C1_C) | Period: 6.24
Found 6 valid OD pairs for R1C1_C
Generating focused traffic: Period 6.2400s
[INFO] Subscriptions active: 6 (libsumo, fast mode)
[INFO] Episode duration: 1800s (30 min)

[DEBUG] 🎯 Célzott Forgalom Generálása (R1C1_C) | Period: 5.798
Found 6 valid OD pairs for R1C1_C
Generating focused traffic: Period 5.7980s
[INFO] Subscriptions active: 6 (libsumo, fast mode)
[INFO] Episode duration: 900s (15 min)

[DEBUG] 🎯 Célzott Forgalom Generálása (R1C1_C) | Period: 5.9938
Found 6 valid OD pairs for R1C1_C
Generating focused traffic: Period 5.9938s
[INFO] Subscriptions active: 6 (libsumo, fast mode)
[INFO] Episode duration: 3600s (60 min)

[DEBUG] 🎯 Célzott Forgalom Generálása (R1C1_C) | Period: 7.6926
Found 6 valid OD pairs for R1C1_C
Generating focused traffic: Period 7.6926s
[INFO] Subscriptions active: 6 (libsumo, fast mode)
[INFO] Episode duration: 2700s (45 min)

[DEBUG] 🎯 Célzott Forgalom Generálása (R1C1_C) | Period: 5.6912
Found 6 valid OD pairs for R1C1_C
Generating focused traffic: Period 5.6912s
[INFO] Subscriptions active: 6 (libsumo, fast mode)
[INFO] Episode duration: 2700s (45 min)

[DEBUG] 🎯 Célzott Forgalom Generálása (R1C1_C) | Period: 5.2597
Found 6 valid OD pairs for R1C1_C
Generating focused traffic: Period 5.2597s
[INFO] Subscriptions active: 6 (libsumo, fast mode)
[INFO] Episode duration: 1800s (30 min)

[DEBUG] 🎯 Célzott Forgalom Generálása (R1C1_C) | Period: 7.3077
Found 6 valid OD pairs for R1C1_C
Generating focused traffic: Period 7.3077s
[INFO] Subscriptions active: 6 (libsumo, fast mode)
[INFO] Episode duration: 1800s (30 min)

[DEBUG] 🎯 Célzott Forgalom Generálása (R1C1_C) | Period: 4.9234
Found 6 valid OD pairs for R1C1_C
Generating focused traffic: Period 4.9234s
[INFO] Subscriptions active: 6 (libsumo, fast mode)
[INFO] Episode duration: 3600s (60 min)

[DEBUG] 🎯 Célzott Forgalom Generálása (R1C1_C) | Period: 4.735
Found 6 valid OD pairs for R1C1_C
Generating focused traffic: Period 4.7350s
[INFO] Subscriptions active: 6 (libsumo, fast mode)
[INFO] Episode duration: 2700s (45 min)

[DEBUG] 🎯 Célzott Forgalom Generálása (R1C1_C) | Period: 7.9379
Found 6 valid OD pairs for R1C1_C
Generating focused traffic: Period 7.9379s
[INFO] Subscriptions active: 6 (libsumo, fast mode)
[INFO] Episode duration: 1800s (30 min)

[DEBUG] 🎯 Célzott Forgalom Generálása (R1C1_C) | Period: 5.6097
Found 6 valid OD pairs for R1C1_C
Generating focused traffic: Period 5.6097s
[INFO] Subscriptions active: 6 (libsumo, fast mode)
[INFO] Episode duration: 3600s (60 min)
wandb: WARNING Symlinked 1 file into the W&B run directory; call wandb.save again to sync new files.
/Users/wagnertamas/Documents/Munka/cikkek/AI_agens_konyvtar/support/intergreen_matrix_calculator/rl_trainer.py:857: UserWarning: Exporting a model while it is in training mode. Please ensure that this is intended, as it may lead to different behavior during inference. Calling model.eval() before export is recommended.
  torch.onnx.export(
/Users/wagnertamas/Documents/Munka/cikkek/AI_agens_konyvtar/support/intergreen_matrix_calculator/rl_trainer.py:857: UserWarning: # 'dynamic_axes' is not recommended when dynamo=True, and may lead to 'torch._dynamo.exc.UserError: Constraints violated.' Supply the 'dynamic_shapes' argument instead if export is unsuccessful.
  torch.onnx.export(
wandb: updating run metadata
wandb: uploading pytorch_models/R1C1_C.zip; uploading output.log
wandb: 
wandb: Run history:
wandb:  R1C1_C/action_pct/phase_0 ▃▂▆▂▃▃▂▅▅▅▄▄▅▅▆▃▃▂▄▃▃▆▆▄▆▄▅▁▆▄▆▃▅▆▅▃▅▄▅█
wandb:  R1C1_C/action_pct/phase_1 █▃▄▃▄▄▃▂▂▃▂▅▂▂▂▄▄▄▄▃▄▃▃▂▂▁▁▃▁▂▂▃▄▂▃▂▂▃▄▂
wandb:  R1C1_C/action_pct/phase_2 ▁▆▂▆▄▅▇▃▇▄▅▂▅▆▃▅▅█▅▇▄▅▃▆▅▆▇▅▄▅▃▄▁▄▄▅▃▅▄▄
wandb:  R1C1_C/action_pct/phase_3 ▂▄▄▄▅▅▅▇▃▅▇▅▅▃▆▅▄▁▃▃▅▃▄▄▅▆▄▇▅▆▅▆▆▄▅▇█▄▄▂
wandb:  R1C1_C/train/entropy_loss ▁▁▁▂▂▂▂▂▂▂▃▃▃▄▄▄▄▄▅▅▅▅▆▆▅▅▆▆▆▆▇▇███▇▇▇▇▇
wandb: R1C1_C/train/learning_rate ▁▁▁▁▁▁▁▁▁▁▁▁▁▁▁▁▁▁▁▁▁▁▁▁▁▁▁▁▁▁▁▁▁▁▁▁▁▁▁▁
wandb:    R1C1_C/train/value_loss ▄▄▄▂▂▄▃▆▇▇▄▄▄▄▂▃▁▁▆▇▅▅▄▄▄▄▅▅▆▃▂▂▇▇▇▂▆▃▃█
wandb:                 avg_reward ▄▂▁█▁▃▅▆▂▃▂▂▄▃▂▃▃▅▂▄▂▂▅▁▂▃▃▂▅▁▂▇▂▁▄▄▅▃▆▃
wandb:                    episode ▁▁▁▁▂▂▂▂▂▂▃▄▄▄▄▅▅▅▅▅▅▅▆▆▆▆▆▆▆▆▇▇▇▇▇▇▇▇██
wandb:         episode/avg_reward ▂▂▃▂▄▂▂▃▂▁▃▂▂█▁▂▁▃▄▂▂▅▃▂▂▂▄▂▄▁▅▃▂▅▁▃▄▃▁▄
wandb:                         +7 ...
wandb: 
wandb: Run summary:
wandb:  R1C1_C/action_pct/phase_0 32.77778
wandb:  R1C1_C/action_pct/phase_1 21.66667
wandb:  R1C1_C/action_pct/phase_2 23.33333
wandb:  R1C1_C/action_pct/phase_3 22.22222
wandb:  R1C1_C/train/entropy_loss -1.38373
wandb: R1C1_C/train/learning_rate 0.0001
wandb:    R1C1_C/train/value_loss 207.70776
wandb:                 avg_reward 0.14488
wandb:                    episode 221
wandb:         episode/avg_reward 0.15095
wandb:                         +7 ...
wandb: 
wandb: 🚀 View run a2c_halt_ratio_1x128_2_R1C1_C at: https://wandb.ai/wagnertamas-budapesti-m-szaki-s-gazdas-gtudom-nyi-egyetem/sumo-rl-stat/runs/2oaq66jp
wandb: ⭐️ View project at: https://wandb.ai/wagnertamas-budapesti-m-szaki-s-gazdas-gtudom-nyi-egyetem/sumo-rl-stat
wandb: Synced 5 W&B file(s), 0 media file(s), 0 artifact file(s) and 1 other file(s)
wandb: Find logs at: ./wandb/run-20260322_020056-2oaq66jp/logs

[DEBUG] 🎯 Célzott Forgalom Generálása (R1C1_C) | Period: 7.7474
Found 6 valid OD pairs for R1C1_C
Generating focused traffic: Period 7.7474s
[INFO] Subscriptions active: 6 (libsumo, fast mode)
[INFO] Episode duration: 1800s (30 min)

[DEBUG] 🎯 Célzott Forgalom Generálása (R1C1_C) | Period: 6.706
Found 6 valid OD pairs for R1C1_C
Generating focused traffic: Period 6.7060s
[INFO] Subscriptions active: 6 (libsumo, fast mode)
[INFO] Episode duration: 900s (15 min)

[DEBUG] 🎯 Célzott Forgalom Generálása (R1C1_C) | Period: 6.7994
Found 6 valid OD pairs for R1C1_C
Generating focused traffic: Period 6.7994s
[INFO] Subscriptions active: 6 (libsumo, fast mode)
[INFO] Episode duration: 900s (15 min)

[DEBUG] 🎯 Célzott Forgalom Generálása (R1C1_C) | Period: 5.9039
Found 6 valid OD pairs for R1C1_C
Generating focused traffic: Period 5.9039s
[INFO] Subscriptions active: 6 (libsumo, fast mode)
[INFO] Episode duration: 1800s (30 min)

[DEBUG] 🎯 Célzott Forgalom Generálása (R1C1_C) | Period: 5.0306
Found 6 valid OD pairs for R1C1_C
Generating focused traffic: Period 5.0306s
[INFO] Subscriptions active: 6 (libsumo, fast mode)
[INFO] Episode duration: 1800s (30 min)

[DEBUG] 🎯 Célzott Forgalom Generálása (R1C1_C) | Period: 5.2993
Found 6 valid OD pairs for R1C1_C
Generating focused traffic: Period 5.2993s
[INFO] Subscriptions active: 6 (libsumo, fast mode)
[INFO] Episode duration: 900s (15 min)

[DEBUG] 🎯 Célzott Forgalom Generálása (R1C1_C) | Period: 7.3644
Found 6 valid OD pairs for R1C1_C
Generating focused traffic: Period 7.3644s
[INFO] Subscriptions active: 6 (libsumo, fast mode)
[INFO] Episode duration: 3600s (60 min)

[DEBUG] 🎯 Célzott Forgalom Generálása (R1C1_C) | Period: 4.9473
Found 6 valid OD pairs for R1C1_C
Generating focused traffic: Period 4.9473s
[INFO] Subscriptions active: 6 (libsumo, fast mode)
[INFO] Episode duration: 900s (15 min)

[DEBUG] 🎯 Célzott Forgalom Generálása (R1C1_C) | Period: 6.2748
Found 6 valid OD pairs for R1C1_C
Generating focused traffic: Period 6.2748s
[INFO] Subscriptions active: 6 (libsumo, fast mode)
[INFO] Episode duration: 1800s (30 min)

[DEBUG] 🎯 Célzott Forgalom Generálása (R1C1_C) | Period: 5.7058
Found 6 valid OD pairs for R1C1_C
Generating focused traffic: Period 5.7058s
[INFO] Subscriptions active: 6 (libsumo, fast mode)
[INFO] Episode duration: 3600s (60 min)

[DEBUG] 🎯 Célzott Forgalom Generálása (R1C1_C) | Period: 5.7168
Found 6 valid OD pairs for R1C1_C
Generating focused traffic: Period 5.7168s
[INFO] Subscriptions active: 6 (libsumo, fast mode)
On-policy training completed.
Closing environment and EXPORTING models...
Saving PyTorch ZIP models to /Users/wagnertamas/Documents/Munka/cikkek/AI_agens_konyvtar/support/intergreen_matrix_calculator/data/runs/pytorch_models...
Saved PyTorch R1C1_C to /Users/wagnertamas/Documents/Munka/cikkek/AI_agens_konyvtar/support/intergreen_matrix_calculator/data/runs/pytorch_models/R1C1_C.zip
Exporting ONNX models to /Users/wagnertamas/Documents/Munka/cikkek/AI_agens_konyvtar/support/intergreen_matrix_calculator/data/runs/onnx_models...
Failed to export R1C1_C: # Failed to convert 'dynamic_axes' to 'dynamic_shapes'. Please provide 'dynamic_shapes' directly. Refer to the documentation for 'torch.export.export' for more information on dynamic shapes.
Cleanup done.
