wandb: [wandb.login()] Loaded credentials for https://api.wandb.ai from /Users/wagnertamas/.netrc.
wandb: Currently logged in as: wagnertamas (wagnertamas-budapesti-m-szaki-s-gazdas-gtudom-nyi-egyetem) to https://api.wandb.ai. Use `wandb login --relogin` to force relogin
wandb: setting up run q5pnpxeg
wandb: Tracking run with wandb version 0.25.0
wandb: Run data is saved locally in /Users/wagnertamas/Documents/Munka/cikkek/AI_agens_konyvtar/support/intergreen_matrix_calculator/wandb/run-20260322_020023-q5pnpxeg
wandb: Run `wandb offline` to turn off syncing.
wandb: Syncing run a2c_halt_ratio_1x64_2_R1C1_C
wandb: ⭐️ View project at https://wandb.ai/wagnertamas-budapesti-m-szaki-s-gazdas-gtudom-nyi-egyetem/sumo-rl-stat
wandb: 🚀 View run at https://wandb.ai/wagnertamas-budapesti-m-szaki-s-gazdas-gtudom-nyi-egyetem/sumo-rl-stat/runs/q5pnpxeg
[INFO] Config: training_config.yaml
[INFO] Net: /Users/wagnertamas/Documents/Munka/cikkek/AI_agens_konyvtar/support/intergreen_matrix_calculator/data/mega_catalogue_v2.net.xml
[INFO] Timesteps: 100000 | Project: sumo-rl-stat
[INFO] Junction: R1C1_C
[INFO] Algorithm: a2c | Reward: halt_ratio
[INFO] Load model: None (fresh)
[INFO] Traffic: random target+spread (epizódonként)
Initializing Environment (algorithm=a2c, reward=halt_ratio)...
[INFO] Algorithm: a2c (on_policy)
[INFO] Reward mode: halt_ratio
WandB config applied (Sweep compatible).
[INFO] Junction reward params auto-loaded from /Users/wagnertamas/Documents/Munka/cikkek/AI_agens_konyvtar/support/intergreen_matrix_calculator/data/junction_reward_params.json
[INFO] Using 'libsumo' (fast headless mode, OS=darwin).
Starting SUMO...
[INFO] Episode duration: 1800s (30 min)

[DEBUG] 🎯 Célzott Forgalom Generálása (R1C1_C) | Period: 5.4325
Found 6 valid OD pairs for R1C1_C
Generating focused traffic: Period 5.4325s
[INFO] Network mapped: 1 agents, 3 detectors, 3 lanes
[INFO] Subscriptions active: 6 (libsumo, fast mode)
Agents discovered: ['R1C1_C']
[INFO] RL device: mps
[INFO] On-policy training: a2c → R1C1_C
Using mps device
Wrapping the env with a `Monitor` wrapper
Wrapping the env in a DummyVecEnv.
Starting on-policy training: 100000 timesteps...
[INFO] Episode duration: 900s (15 min)

[DEBUG] 🎯 Célzott Forgalom Generálása (R1C1_C) | Period: 7.7945
Found 6 valid OD pairs for R1C1_C
Generating focused traffic: Period 7.7945s
[INFO] Subscriptions active: 6 (libsumo, fast mode)
Logging to /Users/wagnertamas/Documents/Munka/cikkek/AI_agens_konyvtar/support/intergreen_matrix_calculator/data/runs/sumo-rl-stat/R1C1_C/A2C_57
[INFO] Episode duration: 3600s (60 min)

[DEBUG] 🎯 Célzott Forgalom Generálása (R1C1_C) | Period: 7.0767
Found 6 valid OD pairs for R1C1_C
Generating focused traffic: Period 7.0767s
[INFO] Subscriptions active: 6 (libsumo, fast mode)
[INFO] Episode duration: 1800s (30 min)

[DEBUG] 🎯 Célzott Forgalom Generálása (R1C1_C) | Period: 6.9761
Found 6 valid OD pairs for R1C1_C
Generating focused traffic: Period 6.9761s
[INFO] Subscriptions active: 6 (libsumo, fast mode)
[INFO] Episode duration: 2700s (45 min)

[DEBUG] 🎯 Célzott Forgalom Generálása (R1C1_C) | Period: 7.3778
Found 6 valid OD pairs for R1C1_C
Generating focused traffic: Period 7.3778s
[INFO] Subscriptions active: 6 (libsumo, fast mode)
[INFO] Episode duration: 1800s (30 min)

[DEBUG] 🎯 Célzott Forgalom Generálása (R1C1_C) | Period: 6.3171
Found 6 valid OD pairs for R1C1_C
Generating focused traffic: Period 6.3171s
[INFO] Subscriptions active: 6 (libsumo, fast mode)
[INFO] Episode duration: 3600s (60 min)

[DEBUG] 🎯 Célzott Forgalom Generálása (R1C1_C) | Period: 4.993
Found 6 valid OD pairs for R1C1_C
Generating focused traffic: Period 4.9930s
[INFO] Subscriptions active: 6 (libsumo, fast mode)
[INFO] Episode duration: 1800s (30 min)

[DEBUG] 🎯 Célzott Forgalom Generálása (R1C1_C) | Period: 7.9276
Found 6 valid OD pairs for R1C1_C
Generating focused traffic: Period 7.9276s
[INFO] Subscriptions active: 6 (libsumo, fast mode)
[INFO] Episode duration: 2700s (45 min)

[DEBUG] 🎯 Célzott Forgalom Generálása (R1C1_C) | Period: 7.1574
Found 6 valid OD pairs for R1C1_C
Generating focused traffic: Period 7.1574s
[INFO] Subscriptions active: 6 (libsumo, fast mode)
[INFO] Episode duration: 900s (15 min)

[DEBUG] 🎯 Célzott Forgalom Generálása (R1C1_C) | Period: 5.6019
Found 6 valid OD pairs for R1C1_C
Generating focused traffic: Period 5.6019s
[INFO] Subscriptions active: 6 (libsumo, fast mode)
[INFO] Episode duration: 2700s (45 min)

[DEBUG] 🎯 Célzott Forgalom Generálása (R1C1_C) | Period: 6.7949
Found 6 valid OD pairs for R1C1_C
Generating focused traffic: Period 6.7949s
[INFO] Subscriptions active: 6 (libsumo, fast mode)
[INFO] Episode duration: 2700s (45 min)

[DEBUG] 🎯 Célzott Forgalom Generálása (R1C1_C) | Period: 6.3968
Found 6 valid OD pairs for R1C1_C
Generating focused traffic: Period 6.3968s
[INFO] Subscriptions active: 6 (libsumo, fast mode)
[INFO] Episode duration: 900s (15 min)

[DEBUG] 🎯 Célzott Forgalom Generálása (R1C1_C) | Period: 6.8127
Found 6 valid OD pairs for R1C1_C
Generating focused traffic: Period 6.8127s
[INFO] Subscriptions active: 6 (libsumo, fast mode)
[INFO] Episode duration: 2700s (45 min)

[DEBUG] 🎯 Célzott Forgalom Generálása (R1C1_C) | Period: 5.1904
Found 6 valid OD pairs for R1C1_C
Generating focused traffic: Period 5.1904s
[INFO] Subscriptions active: 6 (libsumo, fast mode)
[INFO] Episode duration: 900s (15 min)

[DEBUG] 🎯 Célzott Forgalom Generálása (R1C1_C) | Period: 5.5218
Found 6 valid OD pairs for R1C1_C
Generating focused traffic: Period 5.5218s
[INFO] Subscriptions active: 6 (libsumo, fast mode)
[INFO] Episode duration: 2700s (45 min)

[DEBUG] 🎯 Célzott Forgalom Generálása (R1C1_C) | Period: 5.4414
Found 6 valid OD pairs for R1C1_C
Generating focused traffic: Period 5.4414s
[INFO] Subscriptions active: 6 (libsumo, fast mode)
[INFO] Episode duration: 2700s (45 min)

[DEBUG] 🎯 Célzott Forgalom Generálása (R1C1_C) | Period: 6.9073
Found 6 valid OD pairs for R1C1_C
Generating focused traffic: Period 6.9073s
[INFO] Subscriptions active: 6 (libsumo, fast mode)
[INFO] Episode duration: 900s (15 min)

[DEBUG] 🎯 Célzott Forgalom Generálása (R1C1_C) | Period: 5.6643
Found 6 valid OD pairs for R1C1_C
Generating focused traffic: Period 5.6643s
[INFO] Subscriptions active: 6 (libsumo, fast mode)
[INFO] Episode duration: 3600s (60 min)

[DEBUG] 🎯 Célzott Forgalom Generálása (R1C1_C) | Period: 4.1818
Found 6 valid OD pairs for R1C1_C
Generating focused traffic: Period 4.1818s
[INFO] Subscriptions active: 6 (libsumo, fast mode)
[INFO] Episode duration: 3600s (60 min)

[DEBUG] 🎯 Célzott Forgalom Generálása (R1C1_C) | Period: 6.1656
Found 6 valid OD pairs for R1C1_C
Generating focused traffic: Period 6.1656s
[INFO] Subscriptions active: 6 (libsumo, fast mode)
[INFO] Episode duration: 2700s (45 min)

[DEBUG] 🎯 Célzott Forgalom Generálása (R1C1_C) | Period: 5.8797
Found 6 valid OD pairs for R1C1_C
Generating focused traffic: Period 5.8797s
[INFO] Subscriptions active: 6 (libsumo, fast mode)
[INFO] Episode duration: 3600s (60 min)

[DEBUG] 🎯 Célzott Forgalom Generálása (R1C1_C) | Period: 5.8627
Found 6 valid OD pairs for R1C1_C
Generating focused traffic: Period 5.8627s
[INFO] Subscriptions active: 6 (libsumo, fast mode)
[INFO] Episode duration: 900s (15 min)

[DEBUG] 🎯 Célzott Forgalom Generálása (R1C1_C) | Period: 6.0341
Found 6 valid OD pairs for R1C1_C
Generating focused traffic: Period 6.0341s
[INFO] Subscriptions active: 6 (libsumo, fast mode)
[INFO] Episode duration: 1800s (30 min)

[DEBUG] 🎯 Célzott Forgalom Generálása (R1C1_C) | Period: 6.3228
Found 6 valid OD pairs for R1C1_C
Generating focused traffic: Period 6.3228s
[INFO] Subscriptions active: 6 (libsumo, fast mode)
[INFO] Episode duration: 2700s (45 min)

[DEBUG] 🎯 Célzott Forgalom Generálása (R1C1_C) | Period: 4.3372
Found 6 valid OD pairs for R1C1_C
Generating focused traffic: Period 4.3372s
[INFO] Subscriptions active: 6 (libsumo, fast mode)
[INFO] Episode duration: 900s (15 min)

[DEBUG] 🎯 Célzott Forgalom Generálása (R1C1_C) | Period: 4.8061
Found 6 valid OD pairs for R1C1_C
Generating focused traffic: Period 4.8061s
[INFO] Subscriptions active: 6 (libsumo, fast mode)
[INFO] Episode duration: 900s (15 min)

[DEBUG] 🎯 Célzott Forgalom Generálása (R1C1_C) | Period: 5.4185
Found 6 valid OD pairs for R1C1_C
Generating focused traffic: Period 5.4185s
[INFO] Subscriptions active: 6 (libsumo, fast mode)
[INFO] Episode duration: 1800s (30 min)

[DEBUG] 🎯 Célzott Forgalom Generálása (R1C1_C) | Period: 4.2366
Found 6 valid OD pairs for R1C1_C
Generating focused traffic: Period 4.2366s
[INFO] Subscriptions active: 6 (libsumo, fast mode)
[INFO] Episode duration: 1800s (30 min)

[DEBUG] 🎯 Célzott Forgalom Generálása (R1C1_C) | Period: 6.0387
Found 6 valid OD pairs for R1C1_C
Generating focused traffic: Period 6.0387s
[INFO] Subscriptions active: 6 (libsumo, fast mode)
[INFO] Episode duration: 3600s (60 min)

[DEBUG] 🎯 Célzott Forgalom Generálása (R1C1_C) | Period: 6.9733
Found 6 valid OD pairs for R1C1_C
Generating focused traffic: Period 6.9733s
[INFO] Subscriptions active: 6 (libsumo, fast mode)
[INFO] Episode duration: 900s (15 min)

[DEBUG] 🎯 Célzott Forgalom Generálása (R1C1_C) | Period: 6.778
Found 6 valid OD pairs for R1C1_C
Generating focused traffic: Period 6.7780s
[INFO] Subscriptions active: 6 (libsumo, fast mode)
[INFO] Episode duration: 2700s (45 min)

[DEBUG] 🎯 Célzott Forgalom Generálása (R1C1_C) | Period: 5.5804
Found 6 valid OD pairs for R1C1_C
Generating focused traffic: Period 5.5804s
[INFO] Subscriptions active: 6 (libsumo, fast mode)
[INFO] Episode duration: 1800s (30 min)

[DEBUG] 🎯 Célzott Forgalom Generálása (R1C1_C) | Period: 7.8222
Found 6 valid OD pairs for R1C1_C
Generating focused traffic: Period 7.8222s
[INFO] Subscriptions active: 6 (libsumo, fast mode)
[INFO] Episode duration: 1800s (30 min)

[DEBUG] 🎯 Célzott Forgalom Generálása (R1C1_C) | Period: 6.4608
Found 6 valid OD pairs for R1C1_C
Generating focused traffic: Period 6.4608s
[INFO] Subscriptions active: 6 (libsumo, fast mode)
[INFO] Episode duration: 3600s (60 min)

[DEBUG] 🎯 Célzott Forgalom Generálása (R1C1_C) | Period: 7.6329
Found 6 valid OD pairs for R1C1_C
Generating focused traffic: Period 7.6329s
[INFO] Subscriptions active: 6 (libsumo, fast mode)
[INFO] Episode duration: 1800s (30 min)

[DEBUG] 🎯 Célzott Forgalom Generálása (R1C1_C) | Period: 7.5383
Found 6 valid OD pairs for R1C1_C
Generating focused traffic: Period 7.5383s
[INFO] Subscriptions active: 6 (libsumo, fast mode)
[INFO] Episode duration: 900s (15 min)

[DEBUG] 🎯 Célzott Forgalom Generálása (R1C1_C) | Period: 6.4528
Found 6 valid OD pairs for R1C1_C
Generating focused traffic: Period 6.4528s
[INFO] Subscriptions active: 6 (libsumo, fast mode)
[INFO] Episode duration: 1800s (30 min)

[DEBUG] 🎯 Célzott Forgalom Generálása (R1C1_C) | Period: 4.7696
Found 6 valid OD pairs for R1C1_C
Generating focused traffic: Period 4.7696s
[INFO] Subscriptions active: 6 (libsumo, fast mode)
[INFO] Episode duration: 1800s (30 min)

[DEBUG] 🎯 Célzott Forgalom Generálása (R1C1_C) | Period: 4.6587
Found 6 valid OD pairs for R1C1_C
Generating focused traffic: Period 4.6587s
[INFO] Subscriptions active: 6 (libsumo, fast mode)
[INFO] Episode duration: 900s (15 min)

[DEBUG] 🎯 Célzott Forgalom Generálása (R1C1_C) | Period: 4.683
Found 6 valid OD pairs for R1C1_C
Generating focused traffic: Period 4.6830s
[INFO] Subscriptions active: 6 (libsumo, fast mode)
[INFO] Episode duration: 900s (15 min)

[DEBUG] 🎯 Célzott Forgalom Generálása (R1C1_C) | Period: 4.1272
Found 6 valid OD pairs for R1C1_C
Generating focused traffic: Period 4.1272s
[INFO] Subscriptions active: 6 (libsumo, fast mode)
[INFO] Episode duration: 2700s (45 min)

[DEBUG] 🎯 Célzott Forgalom Generálása (R1C1_C) | Period: 6.3994
Found 6 valid OD pairs for R1C1_C
Generating focused traffic: Period 6.3994s
[INFO] Subscriptions active: 6 (libsumo, fast mode)
[INFO] Episode duration: 2700s (45 min)

[DEBUG] 🎯 Célzott Forgalom Generálása (R1C1_C) | Period: 6.4711
Found 6 valid OD pairs for R1C1_C
Generating focused traffic: Period 6.4711s
[INFO] Subscriptions active: 6 (libsumo, fast mode)
[INFO] Episode duration: 900s (15 min)

[DEBUG] 🎯 Célzott Forgalom Generálása (R1C1_C) | Period: 5.4947
Found 6 valid OD pairs for R1C1_C
Generating focused traffic: Period 5.4947s
[INFO] Subscriptions active: 6 (libsumo, fast mode)
[INFO] Episode duration: 900s (15 min)

[DEBUG] 🎯 Célzott Forgalom Generálása (R1C1_C) | Period: 4.9229
Found 6 valid OD pairs for R1C1_C
Generating focused traffic: Period 4.9229s
[INFO] Subscriptions active: 6 (libsumo, fast mode)
[INFO] Episode duration: 3600s (60 min)

[DEBUG] 🎯 Célzott Forgalom Generálása (R1C1_C) | Period: 6.2036
Found 6 valid OD pairs for R1C1_C
Generating focused traffic: Period 6.2036s
[INFO] Subscriptions active: 6 (libsumo, fast mode)
[INFO] Episode duration: 900s (15 min)

[DEBUG] 🎯 Célzott Forgalom Generálása (R1C1_C) | Period: 7.5253
Found 6 valid OD pairs for R1C1_C
Generating focused traffic: Period 7.5253s
[INFO] Subscriptions active: 6 (libsumo, fast mode)
[INFO] Episode duration: 3600s (60 min)

[DEBUG] 🎯 Célzott Forgalom Generálása (R1C1_C) | Period: 4.7362
Found 6 valid OD pairs for R1C1_C
Generating focused traffic: Period 4.7362s
[INFO] Subscriptions active: 6 (libsumo, fast mode)
[INFO] Episode duration: 3600s (60 min)

[DEBUG] 🎯 Célzott Forgalom Generálása (R1C1_C) | Period: 6.4488
Found 6 valid OD pairs for R1C1_C
Generating focused traffic: Period 6.4488s
[INFO] Subscriptions active: 6 (libsumo, fast mode)
[INFO] Episode duration: 3600s (60 min)

[DEBUG] 🎯 Célzott Forgalom Generálása (R1C1_C) | Period: 6.9988
Found 6 valid OD pairs for R1C1_C
Generating focused traffic: Period 6.9988s
[INFO] Subscriptions active: 6 (libsumo, fast mode)
------------------------------------
| rollout/              |          |
|    ep_len_mean        | 424      |
|    ep_rew_mean        | 67.4     |
| time/                 |          |
|    fps                | 190      |
|    iterations         | 10       |
|    time_elapsed       | 107      |
|    total_timesteps    | 20480    |
| train/                |          |
|    entropy_loss       | -1.39    |
|    explained_variance | 0.0041   |
|    learning_rate      | 0.0001   |
|    n_updates          | 9        |
|    policy_loss        | 15.5     |
|    value_loss         | 143      |
------------------------------------
[INFO] Episode duration: 1800s (30 min)

[DEBUG] 🎯 Célzott Forgalom Generálása (R1C1_C) | Period: 5.967
Found 6 valid OD pairs for R1C1_C
Generating focused traffic: Period 5.9670s
[INFO] Subscriptions active: 6 (libsumo, fast mode)
[INFO] Episode duration: 2700s (45 min)

[DEBUG] 🎯 Célzott Forgalom Generálása (R1C1_C) | Period: 5.0829
Found 6 valid OD pairs for R1C1_C
Generating focused traffic: Period 5.0829s
[INFO] Subscriptions active: 6 (libsumo, fast mode)
[INFO] Episode duration: 2700s (45 min)

[DEBUG] 🎯 Célzott Forgalom Generálása (R1C1_C) | Period: 4.1218
Found 6 valid OD pairs for R1C1_C
Generating focused traffic: Period 4.1218s
[INFO] Subscriptions active: 6 (libsumo, fast mode)
[INFO] Episode duration: 2700s (45 min)

[DEBUG] 🎯 Célzott Forgalom Generálása (R1C1_C) | Period: 7.498
Found 6 valid OD pairs for R1C1_C
Generating focused traffic: Period 7.4980s
[INFO] Subscriptions active: 6 (libsumo, fast mode)
[INFO] Episode duration: 2700s (45 min)

[DEBUG] 🎯 Célzott Forgalom Generálása (R1C1_C) | Period: 5.1385
Found 6 valid OD pairs for R1C1_C
Generating focused traffic: Period 5.1385s
[INFO] Subscriptions active: 6 (libsumo, fast mode)
[INFO] Episode duration: 1800s (30 min)

[DEBUG] 🎯 Célzott Forgalom Generálása (R1C1_C) | Period: 4.5259
Found 6 valid OD pairs for R1C1_C
Generating focused traffic: Period 4.5259s
[INFO] Subscriptions active: 6 (libsumo, fast mode)
[INFO] Episode duration: 900s (15 min)

[DEBUG] 🎯 Célzott Forgalom Generálása (R1C1_C) | Period: 7.578
Found 6 valid OD pairs for R1C1_C
Generating focused traffic: Period 7.5780s
[INFO] Subscriptions active: 6 (libsumo, fast mode)
[INFO] Episode duration: 1800s (30 min)

[DEBUG] 🎯 Célzott Forgalom Generálása (R1C1_C) | Period: 7.1428
Found 6 valid OD pairs for R1C1_C
Generating focused traffic: Period 7.1428s
[INFO] Subscriptions active: 6 (libsumo, fast mode)
[INFO] Episode duration: 2700s (45 min)

[DEBUG] 🎯 Célzott Forgalom Generálása (R1C1_C) | Period: 6.5304
Found 6 valid OD pairs for R1C1_C
Generating focused traffic: Period 6.5304s
[INFO] Subscriptions active: 6 (libsumo, fast mode)
[INFO] Episode duration: 2700s (45 min)

[DEBUG] 🎯 Célzott Forgalom Generálása (R1C1_C) | Period: 5.0553
Found 6 valid OD pairs for R1C1_C
Generating focused traffic: Period 5.0553s
[INFO] Subscriptions active: 6 (libsumo, fast mode)
[INFO] Episode duration: 900s (15 min)

[DEBUG] 🎯 Célzott Forgalom Generálása (R1C1_C) | Period: 6.5279
Found 6 valid OD pairs for R1C1_C
Generating focused traffic: Period 6.5279s
[INFO] Subscriptions active: 6 (libsumo, fast mode)
[INFO] Episode duration: 3600s (60 min)

[DEBUG] 🎯 Célzott Forgalom Generálása (R1C1_C) | Period: 5.9926
Found 6 valid OD pairs for R1C1_C
Generating focused traffic: Period 5.9926s
[INFO] Subscriptions active: 6 (libsumo, fast mode)
[INFO] Episode duration: 2700s (45 min)

[DEBUG] 🎯 Célzott Forgalom Generálása (R1C1_C) | Period: 4.4043
Found 6 valid OD pairs for R1C1_C
Generating focused traffic: Period 4.4043s
[INFO] Subscriptions active: 6 (libsumo, fast mode)
[INFO] Episode duration: 2700s (45 min)

[DEBUG] 🎯 Célzott Forgalom Generálása (R1C1_C) | Period: 4.5531
Found 6 valid OD pairs for R1C1_C
Generating focused traffic: Period 4.5531s
[INFO] Subscriptions active: 6 (libsumo, fast mode)
[INFO] Episode duration: 3600s (60 min)

[DEBUG] 🎯 Célzott Forgalom Generálása (R1C1_C) | Period: 5.5311
Found 6 valid OD pairs for R1C1_C
Generating focused traffic: Period 5.5311s
[INFO] Subscriptions active: 6 (libsumo, fast mode)
[INFO] Episode duration: 2700s (45 min)

[DEBUG] 🎯 Célzott Forgalom Generálása (R1C1_C) | Period: 5.671
Found 6 valid OD pairs for R1C1_C
Generating focused traffic: Period 5.6710s
[INFO] Subscriptions active: 6 (libsumo, fast mode)
[INFO] Episode duration: 900s (15 min)

[DEBUG] 🎯 Célzott Forgalom Generálása (R1C1_C) | Period: 5.4681
Found 6 valid OD pairs for R1C1_C
Generating focused traffic: Period 5.4681s
[INFO] Subscriptions active: 6 (libsumo, fast mode)
[INFO] Episode duration: 900s (15 min)

[DEBUG] 🎯 Célzott Forgalom Generálása (R1C1_C) | Period: 6.7092
Found 6 valid OD pairs for R1C1_C
Generating focused traffic: Period 6.7092s
[INFO] Subscriptions active: 6 (libsumo, fast mode)
[INFO] Episode duration: 2700s (45 min)

[DEBUG] 🎯 Célzott Forgalom Generálása (R1C1_C) | Period: 5.4376
Found 6 valid OD pairs for R1C1_C
Generating focused traffic: Period 5.4376s
[INFO] Subscriptions active: 6 (libsumo, fast mode)
[INFO] Episode duration: 2700s (45 min)

[DEBUG] 🎯 Célzott Forgalom Generálása (R1C1_C) | Period: 7.1046
Found 6 valid OD pairs for R1C1_C
Generating focused traffic: Period 7.1046s
[INFO] Subscriptions active: 6 (libsumo, fast mode)
[INFO] Episode duration: 2700s (45 min)

[DEBUG] 🎯 Célzott Forgalom Generálása (R1C1_C) | Period: 7.0476
Found 6 valid OD pairs for R1C1_C
Generating focused traffic: Period 7.0476s
[INFO] Subscriptions active: 6 (libsumo, fast mode)
[INFO] Episode duration: 1800s (30 min)

[DEBUG] 🎯 Célzott Forgalom Generálása (R1C1_C) | Period: 7.0953
Found 6 valid OD pairs for R1C1_C
Generating focused traffic: Period 7.0953s
[INFO] Subscriptions active: 6 (libsumo, fast mode)
[INFO] Episode duration: 900s (15 min)

[DEBUG] 🎯 Célzott Forgalom Generálása (R1C1_C) | Period: 7.3181
Found 6 valid OD pairs for R1C1_C
Generating focused traffic: Period 7.3181s
[INFO] Subscriptions active: 6 (libsumo, fast mode)
[INFO] Episode duration: 900s (15 min)

[DEBUG] 🎯 Célzott Forgalom Generálása (R1C1_C) | Period: 6.395
Found 6 valid OD pairs for R1C1_C
Generating focused traffic: Period 6.3950s
[INFO] Subscriptions active: 6 (libsumo, fast mode)
[INFO] Episode duration: 900s (15 min)

[DEBUG] 🎯 Célzott Forgalom Generálása (R1C1_C) | Period: 7.4268
Found 6 valid OD pairs for R1C1_C
Generating focused traffic: Period 7.4268s
[INFO] Subscriptions active: 6 (libsumo, fast mode)
[INFO] Episode duration: 3600s (60 min)

[DEBUG] 🎯 Célzott Forgalom Generálása (R1C1_C) | Period: 6.2761
Found 6 valid OD pairs for R1C1_C
Generating focused traffic: Period 6.2761s
[INFO] Subscriptions active: 6 (libsumo, fast mode)
[INFO] Episode duration: 3600s (60 min)

[DEBUG] 🎯 Célzott Forgalom Generálása (R1C1_C) | Period: 7.8919
Found 6 valid OD pairs for R1C1_C
Generating focused traffic: Period 7.8919s
[INFO] Subscriptions active: 6 (libsumo, fast mode)
[INFO] Episode duration: 900s (15 min)

[DEBUG] 🎯 Célzott Forgalom Generálása (R1C1_C) | Period: 4.4452
Found 6 valid OD pairs for R1C1_C
Generating focused traffic: Period 4.4452s
[INFO] Subscriptions active: 6 (libsumo, fast mode)
[INFO] Episode duration: 2700s (45 min)

[DEBUG] 🎯 Célzott Forgalom Generálása (R1C1_C) | Period: 6.9688
Found 6 valid OD pairs for R1C1_C
Generating focused traffic: Period 6.9688s
[INFO] Subscriptions active: 6 (libsumo, fast mode)
[INFO] Episode duration: 2700s (45 min)

[DEBUG] 🎯 Célzott Forgalom Generálása (R1C1_C) | Period: 4.9345
Found 6 valid OD pairs for R1C1_C
Generating focused traffic: Period 4.9345s
[INFO] Subscriptions active: 6 (libsumo, fast mode)
[INFO] Episode duration: 3600s (60 min)

[DEBUG] 🎯 Célzott Forgalom Generálása (R1C1_C) | Period: 4.7877
Found 6 valid OD pairs for R1C1_C
Generating focused traffic: Period 4.7877s
[INFO] Subscriptions active: 6 (libsumo, fast mode)
[INFO] Episode duration: 3600s (60 min)

[DEBUG] 🎯 Célzott Forgalom Generálása (R1C1_C) | Period: 5.9316
Found 6 valid OD pairs for R1C1_C
Generating focused traffic: Period 5.9316s
[INFO] Subscriptions active: 6 (libsumo, fast mode)
[INFO] Episode duration: 2700s (45 min)

[DEBUG] 🎯 Célzott Forgalom Generálása (R1C1_C) | Period: 6.9939
Found 6 valid OD pairs for R1C1_C
Generating focused traffic: Period 6.9939s
[INFO] Subscriptions active: 6 (libsumo, fast mode)
[INFO] Episode duration: 1800s (30 min)

[DEBUG] 🎯 Célzott Forgalom Generálása (R1C1_C) | Period: 7.7583
Found 6 valid OD pairs for R1C1_C
Generating focused traffic: Period 7.7583s
[INFO] Subscriptions active: 6 (libsumo, fast mode)
[INFO] Episode duration: 900s (15 min)

[DEBUG] 🎯 Célzott Forgalom Generálása (R1C1_C) | Period: 5.8629
Found 6 valid OD pairs for R1C1_C
Generating focused traffic: Period 5.8629s
[INFO] Subscriptions active: 6 (libsumo, fast mode)
[INFO] Episode duration: 900s (15 min)

[DEBUG] 🎯 Célzott Forgalom Generálása (R1C1_C) | Period: 4.7305
Found 6 valid OD pairs for R1C1_C
Generating focused traffic: Period 4.7305s
[INFO] Subscriptions active: 6 (libsumo, fast mode)
[INFO] Episode duration: 3600s (60 min)

[DEBUG] 🎯 Célzott Forgalom Generálása (R1C1_C) | Period: 4.8832
Found 6 valid OD pairs for R1C1_C
Generating focused traffic: Period 4.8832s
[INFO] Subscriptions active: 6 (libsumo, fast mode)
[INFO] Episode duration: 900s (15 min)

[DEBUG] 🎯 Célzott Forgalom Generálása (R1C1_C) | Period: 5.671
Found 6 valid OD pairs for R1C1_C
Generating focused traffic: Period 5.6710s
[INFO] Subscriptions active: 6 (libsumo, fast mode)
[INFO] Episode duration: 2700s (45 min)

[DEBUG] 🎯 Célzott Forgalom Generálása (R1C1_C) | Period: 4.5072
Found 6 valid OD pairs for R1C1_C
Generating focused traffic: Period 4.5072s
[INFO] Subscriptions active: 6 (libsumo, fast mode)
[INFO] Episode duration: 1800s (30 min)

[DEBUG] 🎯 Célzott Forgalom Generálása (R1C1_C) | Period: 6.5653
Found 6 valid OD pairs for R1C1_C
Generating focused traffic: Period 6.5653s
[INFO] Subscriptions active: 6 (libsumo, fast mode)
[INFO] Episode duration: 2700s (45 min)

[DEBUG] 🎯 Célzott Forgalom Generálása (R1C1_C) | Period: 4.1712
Found 6 valid OD pairs for R1C1_C
Generating focused traffic: Period 4.1712s
[INFO] Subscriptions active: 6 (libsumo, fast mode)
[INFO] Episode duration: 3600s (60 min)

[DEBUG] 🎯 Célzott Forgalom Generálása (R1C1_C) | Period: 7.8823
Found 6 valid OD pairs for R1C1_C
Generating focused traffic: Period 7.8823s
[INFO] Subscriptions active: 6 (libsumo, fast mode)
[INFO] Episode duration: 900s (15 min)

[DEBUG] 🎯 Célzott Forgalom Generálása (R1C1_C) | Period: 5.6408
Found 6 valid OD pairs for R1C1_C
Generating focused traffic: Period 5.6408s
[INFO] Subscriptions active: 6 (libsumo, fast mode)
[INFO] Episode duration: 900s (15 min)

[DEBUG] 🎯 Célzott Forgalom Generálása (R1C1_C) | Period: 7.8073
Found 6 valid OD pairs for R1C1_C
Generating focused traffic: Period 7.8073s
[INFO] Subscriptions active: 6 (libsumo, fast mode)
[INFO] Episode duration: 1800s (30 min)

[DEBUG] 🎯 Célzott Forgalom Generálása (R1C1_C) | Period: 7.1761
Found 6 valid OD pairs for R1C1_C
Generating focused traffic: Period 7.1761s
[INFO] Subscriptions active: 6 (libsumo, fast mode)
[INFO] Episode duration: 1800s (30 min)

[DEBUG] 🎯 Célzott Forgalom Generálása (R1C1_C) | Period: 6.1852
Found 6 valid OD pairs for R1C1_C
Generating focused traffic: Period 6.1852s
[INFO] Subscriptions active: 6 (libsumo, fast mode)
------------------------------------
| rollout/              |          |
|    ep_len_mean        | 435      |
|    ep_rew_mean        | 69.9     |
| time/                 |          |
|    fps                | 190      |
|    iterations         | 20       |
|    time_elapsed       | 214      |
|    total_timesteps    | 40960    |
| train/                |          |
|    entropy_loss       | -1.39    |
|    explained_variance | -0.0111  |
|    learning_rate      | 0.0001   |
|    n_updates          | 19       |
|    policy_loss        | 13.6     |
|    value_loss         | 113      |
------------------------------------
[INFO] Episode duration: 1800s (30 min)

[DEBUG] 🎯 Célzott Forgalom Generálása (R1C1_C) | Period: 5.3909
Found 6 valid OD pairs for R1C1_C
Generating focused traffic: Period 5.3909s
[INFO] Subscriptions active: 6 (libsumo, fast mode)
[INFO] Episode duration: 3600s (60 min)

[DEBUG] 🎯 Célzott Forgalom Generálása (R1C1_C) | Period: 7.7843
Found 6 valid OD pairs for R1C1_C
Generating focused traffic: Period 7.7843s
[INFO] Subscriptions active: 6 (libsumo, fast mode)
[INFO] Episode duration: 3600s (60 min)

[DEBUG] 🎯 Célzott Forgalom Generálása (R1C1_C) | Period: 7.8104
Found 6 valid OD pairs for R1C1_C
Generating focused traffic: Period 7.8104s
[INFO] Subscriptions active: 6 (libsumo, fast mode)
[INFO] Episode duration: 1800s (30 min)

[DEBUG] 🎯 Célzott Forgalom Generálása (R1C1_C) | Period: 4.0263
Found 6 valid OD pairs for R1C1_C
Generating focused traffic: Period 4.0263s
[INFO] Subscriptions active: 6 (libsumo, fast mode)
[INFO] Episode duration: 2700s (45 min)

[DEBUG] 🎯 Célzott Forgalom Generálása (R1C1_C) | Period: 4.6142
Found 6 valid OD pairs for R1C1_C
Generating focused traffic: Period 4.6142s
[INFO] Subscriptions active: 6 (libsumo, fast mode)
[INFO] Episode duration: 2700s (45 min)

[DEBUG] 🎯 Célzott Forgalom Generálása (R1C1_C) | Period: 6.9208
Found 6 valid OD pairs for R1C1_C
Generating focused traffic: Period 6.9208s
[INFO] Subscriptions active: 6 (libsumo, fast mode)
[INFO] Episode duration: 2700s (45 min)

[DEBUG] 🎯 Célzott Forgalom Generálása (R1C1_C) | Period: 4.1308
Found 6 valid OD pairs for R1C1_C
Generating focused traffic: Period 4.1308s
[INFO] Subscriptions active: 6 (libsumo, fast mode)
[INFO] Episode duration: 2700s (45 min)

[DEBUG] 🎯 Célzott Forgalom Generálása (R1C1_C) | Period: 6.8276
Found 6 valid OD pairs for R1C1_C
Generating focused traffic: Period 6.8276s
[INFO] Subscriptions active: 6 (libsumo, fast mode)
[INFO] Episode duration: 2700s (45 min)

[DEBUG] 🎯 Célzott Forgalom Generálása (R1C1_C) | Period: 7.2603
Found 6 valid OD pairs for R1C1_C
Generating focused traffic: Period 7.2603s
[INFO] Subscriptions active: 6 (libsumo, fast mode)
[INFO] Episode duration: 1800s (30 min)

[DEBUG] 🎯 Célzott Forgalom Generálása (R1C1_C) | Period: 5.8067
Found 6 valid OD pairs for R1C1_C
Generating focused traffic: Period 5.8067s
[INFO] Subscriptions active: 6 (libsumo, fast mode)
[INFO] Episode duration: 900s (15 min)

[DEBUG] 🎯 Célzott Forgalom Generálása (R1C1_C) | Period: 6.5803
Found 6 valid OD pairs for R1C1_C
Generating focused traffic: Period 6.5803s
[INFO] Subscriptions active: 6 (libsumo, fast mode)
[INFO] Episode duration: 900s (15 min)

[DEBUG] 🎯 Célzott Forgalom Generálása (R1C1_C) | Period: 6.2557
Found 6 valid OD pairs for R1C1_C
Generating focused traffic: Period 6.2557s
[INFO] Subscriptions active: 6 (libsumo, fast mode)
[INFO] Episode duration: 2700s (45 min)

[DEBUG] 🎯 Célzott Forgalom Generálása (R1C1_C) | Period: 5.2477
Found 6 valid OD pairs for R1C1_C
Generating focused traffic: Period 5.2477s
[INFO] Subscriptions active: 6 (libsumo, fast mode)
[INFO] Episode duration: 3600s (60 min)

[DEBUG] 🎯 Célzott Forgalom Generálása (R1C1_C) | Period: 7.1595
Found 6 valid OD pairs for R1C1_C
Generating focused traffic: Period 7.1595s
[INFO] Subscriptions active: 6 (libsumo, fast mode)
[INFO] Episode duration: 2700s (45 min)

[DEBUG] 🎯 Célzott Forgalom Generálása (R1C1_C) | Period: 5.2389
Found 6 valid OD pairs for R1C1_C
Generating focused traffic: Period 5.2389s
[INFO] Subscriptions active: 6 (libsumo, fast mode)
[INFO] Episode duration: 2700s (45 min)

[DEBUG] 🎯 Célzott Forgalom Generálása (R1C1_C) | Period: 6.4929
Found 6 valid OD pairs for R1C1_C
Generating focused traffic: Period 6.4929s
[INFO] Subscriptions active: 6 (libsumo, fast mode)
[INFO] Episode duration: 900s (15 min)

[DEBUG] 🎯 Célzott Forgalom Generálása (R1C1_C) | Period: 4.5344
Found 6 valid OD pairs for R1C1_C
Generating focused traffic: Period 4.5344s
[INFO] Subscriptions active: 6 (libsumo, fast mode)
[INFO] Episode duration: 1800s (30 min)

[DEBUG] 🎯 Célzott Forgalom Generálása (R1C1_C) | Period: 7.2267
Found 6 valid OD pairs for R1C1_C
Generating focused traffic: Period 7.2267s
[INFO] Subscriptions active: 6 (libsumo, fast mode)
[INFO] Episode duration: 1800s (30 min)

[DEBUG] 🎯 Célzott Forgalom Generálása (R1C1_C) | Period: 4.3971
Found 6 valid OD pairs for R1C1_C
Generating focused traffic: Period 4.3971s
[INFO] Subscriptions active: 6 (libsumo, fast mode)
[INFO] Episode duration: 2700s (45 min)

[DEBUG] 🎯 Célzott Forgalom Generálása (R1C1_C) | Period: 7.4334
Found 6 valid OD pairs for R1C1_C
Generating focused traffic: Period 7.4334s
[INFO] Subscriptions active: 6 (libsumo, fast mode)
[INFO] Episode duration: 3600s (60 min)

[DEBUG] 🎯 Célzott Forgalom Generálása (R1C1_C) | Period: 7.8478
Found 6 valid OD pairs for R1C1_C
Generating focused traffic: Period 7.8478s
[INFO] Subscriptions active: 6 (libsumo, fast mode)
[INFO] Episode duration: 3600s (60 min)

[DEBUG] 🎯 Célzott Forgalom Generálása (R1C1_C) | Period: 6.6934
Found 6 valid OD pairs for R1C1_C
Generating focused traffic: Period 6.6934s
[INFO] Subscriptions active: 6 (libsumo, fast mode)
[INFO] Episode duration: 3600s (60 min)

[DEBUG] 🎯 Célzott Forgalom Generálása (R1C1_C) | Period: 4.9229
Found 6 valid OD pairs for R1C1_C
Generating focused traffic: Period 4.9229s
[INFO] Subscriptions active: 6 (libsumo, fast mode)
[INFO] Episode duration: 1800s (30 min)

[DEBUG] 🎯 Célzott Forgalom Generálása (R1C1_C) | Period: 4.8522
Found 6 valid OD pairs for R1C1_C
Generating focused traffic: Period 4.8522s
[INFO] Subscriptions active: 6 (libsumo, fast mode)
[INFO] Episode duration: 3600s (60 min)

[DEBUG] 🎯 Célzott Forgalom Generálása (R1C1_C) | Period: 4.9567
Found 6 valid OD pairs for R1C1_C
Generating focused traffic: Period 4.9567s
[INFO] Subscriptions active: 6 (libsumo, fast mode)
[INFO] Episode duration: 2700s (45 min)

[DEBUG] 🎯 Célzott Forgalom Generálása (R1C1_C) | Period: 6.8378
Found 6 valid OD pairs for R1C1_C
Generating focused traffic: Period 6.8378s
[INFO] Subscriptions active: 6 (libsumo, fast mode)
[INFO] Episode duration: 2700s (45 min)

[DEBUG] 🎯 Célzott Forgalom Generálása (R1C1_C) | Period: 7.2623
Found 6 valid OD pairs for R1C1_C
Generating focused traffic: Period 7.2623s
[INFO] Subscriptions active: 6 (libsumo, fast mode)
[INFO] Episode duration: 900s (15 min)

[DEBUG] 🎯 Célzott Forgalom Generálása (R1C1_C) | Period: 5.0137
Found 6 valid OD pairs for R1C1_C
Generating focused traffic: Period 5.0137s
[INFO] Subscriptions active: 6 (libsumo, fast mode)
[INFO] Episode duration: 900s (15 min)

[DEBUG] 🎯 Célzott Forgalom Generálása (R1C1_C) | Period: 5.1998
Found 6 valid OD pairs for R1C1_C
Generating focused traffic: Period 5.1998s
[INFO] Subscriptions active: 6 (libsumo, fast mode)
[INFO] Episode duration: 2700s (45 min)

[DEBUG] 🎯 Célzott Forgalom Generálása (R1C1_C) | Period: 6.987
Found 6 valid OD pairs for R1C1_C
Generating focused traffic: Period 6.9870s
[INFO] Subscriptions active: 6 (libsumo, fast mode)
[INFO] Episode duration: 900s (15 min)

[DEBUG] 🎯 Célzott Forgalom Generálása (R1C1_C) | Period: 5.1602
Found 6 valid OD pairs for R1C1_C
Generating focused traffic: Period 5.1602s
[INFO] Subscriptions active: 6 (libsumo, fast mode)
[INFO] Episode duration: 900s (15 min)

[DEBUG] 🎯 Célzott Forgalom Generálása (R1C1_C) | Period: 4.7078
Found 6 valid OD pairs for R1C1_C
Generating focused traffic: Period 4.7078s
[INFO] Subscriptions active: 6 (libsumo, fast mode)
[INFO] Episode duration: 3600s (60 min)

[DEBUG] 🎯 Célzott Forgalom Generálása (R1C1_C) | Period: 4.1189
Found 6 valid OD pairs for R1C1_C
Generating focused traffic: Period 4.1189s
[INFO] Subscriptions active: 6 (libsumo, fast mode)
[INFO] Episode duration: 1800s (30 min)

[DEBUG] 🎯 Célzott Forgalom Generálása (R1C1_C) | Period: 4.9494
Found 6 valid OD pairs for R1C1_C
Generating focused traffic: Period 4.9494s
[INFO] Subscriptions active: 6 (libsumo, fast mode)
[INFO] Episode duration: 1800s (30 min)

[DEBUG] 🎯 Célzott Forgalom Generálása (R1C1_C) | Period: 4.894
Found 6 valid OD pairs for R1C1_C
Generating focused traffic: Period 4.8940s
[INFO] Subscriptions active: 6 (libsumo, fast mode)
[INFO] Episode duration: 2700s (45 min)

[DEBUG] 🎯 Célzott Forgalom Generálása (R1C1_C) | Period: 7.0466
Found 6 valid OD pairs for R1C1_C
Generating focused traffic: Period 7.0466s
[INFO] Subscriptions active: 6 (libsumo, fast mode)
[INFO] Episode duration: 2700s (45 min)

[DEBUG] 🎯 Célzott Forgalom Generálása (R1C1_C) | Period: 4.4956
Found 6 valid OD pairs for R1C1_C
Generating focused traffic: Period 4.4956s
[INFO] Subscriptions active: 6 (libsumo, fast mode)
[INFO] Episode duration: 900s (15 min)

[DEBUG] 🎯 Célzott Forgalom Generálása (R1C1_C) | Period: 7.1699
Found 6 valid OD pairs for R1C1_C
Generating focused traffic: Period 7.1699s
[INFO] Subscriptions active: 6 (libsumo, fast mode)
[INFO] Episode duration: 1800s (30 min)

[DEBUG] 🎯 Célzott Forgalom Generálása (R1C1_C) | Period: 7.9783
Found 6 valid OD pairs for R1C1_C
Generating focused traffic: Period 7.9783s
[INFO] Subscriptions active: 6 (libsumo, fast mode)
[INFO] Episode duration: 3600s (60 min)

[DEBUG] 🎯 Célzott Forgalom Generálása (R1C1_C) | Period: 7.1927
Found 6 valid OD pairs for R1C1_C
Generating focused traffic: Period 7.1927s
[INFO] Subscriptions active: 6 (libsumo, fast mode)
[INFO] Episode duration: 3600s (60 min)

[DEBUG] 🎯 Célzott Forgalom Generálása (R1C1_C) | Period: 7.5182
Found 6 valid OD pairs for R1C1_C
Generating focused traffic: Period 7.5182s
[INFO] Subscriptions active: 6 (libsumo, fast mode)
[INFO] Episode duration: 2700s (45 min)

[DEBUG] 🎯 Célzott Forgalom Generálása (R1C1_C) | Period: 6.7318
Found 6 valid OD pairs for R1C1_C
Generating focused traffic: Period 6.7318s
[INFO] Subscriptions active: 6 (libsumo, fast mode)
[INFO] Episode duration: 3600s (60 min)

[DEBUG] 🎯 Célzott Forgalom Generálása (R1C1_C) | Period: 4.2261
Found 6 valid OD pairs for R1C1_C
Generating focused traffic: Period 4.2261s
[INFO] Subscriptions active: 6 (libsumo, fast mode)
------------------------------------
| rollout/              |          |
|    ep_len_mean        | 454      |
|    ep_rew_mean        | 73.9     |
| time/                 |          |
|    fps                | 190      |
|    iterations         | 30       |
|    time_elapsed       | 322      |
|    total_timesteps    | 61440    |
| train/                |          |
|    entropy_loss       | -1.39    |
|    explained_variance | -0.0178  |
|    learning_rate      | 0.0001   |
|    n_updates          | 29       |
|    policy_loss        | 16       |
|    value_loss         | 157      |
------------------------------------
[INFO] Episode duration: 1800s (30 min)

[DEBUG] 🎯 Célzott Forgalom Generálása (R1C1_C) | Period: 7.3043
Found 6 valid OD pairs for R1C1_C
Generating focused traffic: Period 7.3043s
[INFO] Subscriptions active: 6 (libsumo, fast mode)
[INFO] Episode duration: 3600s (60 min)

[DEBUG] 🎯 Célzott Forgalom Generálása (R1C1_C) | Period: 5.5961
Found 6 valid OD pairs for R1C1_C
Generating focused traffic: Period 5.5961s
[INFO] Subscriptions active: 6 (libsumo, fast mode)
[INFO] Episode duration: 900s (15 min)

[DEBUG] 🎯 Célzott Forgalom Generálása (R1C1_C) | Period: 5.9227
Found 6 valid OD pairs for R1C1_C
Generating focused traffic: Period 5.9227s
[INFO] Subscriptions active: 6 (libsumo, fast mode)
[INFO] Episode duration: 2700s (45 min)

[DEBUG] 🎯 Célzott Forgalom Generálása (R1C1_C) | Period: 7.4817
Found 6 valid OD pairs for R1C1_C
Generating focused traffic: Period 7.4817s
[INFO] Subscriptions active: 6 (libsumo, fast mode)
[INFO] Episode duration: 2700s (45 min)

[DEBUG] 🎯 Célzott Forgalom Generálása (R1C1_C) | Period: 6.0039
Found 6 valid OD pairs for R1C1_C
Generating focused traffic: Period 6.0039s
[INFO] Subscriptions active: 6 (libsumo, fast mode)
[INFO] Episode duration: 2700s (45 min)

[DEBUG] 🎯 Célzott Forgalom Generálása (R1C1_C) | Period: 7.3506
Found 6 valid OD pairs for R1C1_C
Generating focused traffic: Period 7.3506s
[INFO] Subscriptions active: 6 (libsumo, fast mode)
[INFO] Episode duration: 900s (15 min)

[DEBUG] 🎯 Célzott Forgalom Generálása (R1C1_C) | Period: 5.9385
Found 6 valid OD pairs for R1C1_C
Generating focused traffic: Period 5.9385s
[INFO] Subscriptions active: 6 (libsumo, fast mode)
[INFO] Episode duration: 1800s (30 min)

[DEBUG] 🎯 Célzott Forgalom Generálása (R1C1_C) | Period: 7.62
Found 6 valid OD pairs for R1C1_C
Generating focused traffic: Period 7.6200s
[INFO] Subscriptions active: 6 (libsumo, fast mode)
[INFO] Episode duration: 3600s (60 min)

[DEBUG] 🎯 Célzott Forgalom Generálása (R1C1_C) | Period: 7.7679
Found 6 valid OD pairs for R1C1_C
Generating focused traffic: Period 7.7679s
[INFO] Subscriptions active: 6 (libsumo, fast mode)
[INFO] Episode duration: 3600s (60 min)

[DEBUG] 🎯 Célzott Forgalom Generálása (R1C1_C) | Period: 4.8644
Found 6 valid OD pairs for R1C1_C
Generating focused traffic: Period 4.8644s
[INFO] Subscriptions active: 6 (libsumo, fast mode)
[INFO] Episode duration: 2700s (45 min)

[DEBUG] 🎯 Célzott Forgalom Generálása (R1C1_C) | Period: 7.5311
Found 6 valid OD pairs for R1C1_C
Generating focused traffic: Period 7.5311s
[INFO] Subscriptions active: 6 (libsumo, fast mode)
[INFO] Episode duration: 900s (15 min)

[DEBUG] 🎯 Célzott Forgalom Generálása (R1C1_C) | Period: 6.5334
Found 6 valid OD pairs for R1C1_C
Generating focused traffic: Period 6.5334s
[INFO] Subscriptions active: 6 (libsumo, fast mode)
[INFO] Episode duration: 1800s (30 min)

[DEBUG] 🎯 Célzott Forgalom Generálása (R1C1_C) | Period: 7.196
Found 6 valid OD pairs for R1C1_C
Generating focused traffic: Period 7.1960s
[INFO] Subscriptions active: 6 (libsumo, fast mode)
[INFO] Episode duration: 1800s (30 min)

[DEBUG] 🎯 Célzott Forgalom Generálása (R1C1_C) | Period: 7.3429
Found 6 valid OD pairs for R1C1_C
Generating focused traffic: Period 7.3429s
[INFO] Subscriptions active: 6 (libsumo, fast mode)
[INFO] Episode duration: 3600s (60 min)

[DEBUG] 🎯 Célzott Forgalom Generálása (R1C1_C) | Period: 4.7738
Found 6 valid OD pairs for R1C1_C
Generating focused traffic: Period 4.7738s
[INFO] Subscriptions active: 6 (libsumo, fast mode)
[INFO] Episode duration: 900s (15 min)

[DEBUG] 🎯 Célzott Forgalom Generálása (R1C1_C) | Period: 7.8345
Found 6 valid OD pairs for R1C1_C
Generating focused traffic: Period 7.8345s
[INFO] Subscriptions active: 6 (libsumo, fast mode)
[INFO] Episode duration: 3600s (60 min)

[DEBUG] 🎯 Célzott Forgalom Generálása (R1C1_C) | Period: 6.3562
Found 6 valid OD pairs for R1C1_C
Generating focused traffic: Period 6.3562s
[INFO] Subscriptions active: 6 (libsumo, fast mode)
[INFO] Episode duration: 2700s (45 min)

[DEBUG] 🎯 Célzott Forgalom Generálása (R1C1_C) | Period: 7.8528
Found 6 valid OD pairs for R1C1_C
Generating focused traffic: Period 7.8528s
[INFO] Subscriptions active: 6 (libsumo, fast mode)
[INFO] Episode duration: 2700s (45 min)

[DEBUG] 🎯 Célzott Forgalom Generálása (R1C1_C) | Period: 7.3743
Found 6 valid OD pairs for R1C1_C
Generating focused traffic: Period 7.3743s
[INFO] Subscriptions active: 6 (libsumo, fast mode)
[INFO] Episode duration: 2700s (45 min)

[DEBUG] 🎯 Célzott Forgalom Generálása (R1C1_C) | Period: 5.7957
Found 6 valid OD pairs for R1C1_C
Generating focused traffic: Period 5.7957s
[INFO] Subscriptions active: 6 (libsumo, fast mode)
[INFO] Episode duration: 900s (15 min)

[DEBUG] 🎯 Célzott Forgalom Generálása (R1C1_C) | Period: 4.9198
Found 6 valid OD pairs for R1C1_C
Generating focused traffic: Period 4.9198s
[INFO] Subscriptions active: 6 (libsumo, fast mode)
[INFO] Episode duration: 1800s (30 min)

[DEBUG] 🎯 Célzott Forgalom Generálása (R1C1_C) | Period: 4.6875
Found 6 valid OD pairs for R1C1_C
Generating focused traffic: Period 4.6875s
[INFO] Subscriptions active: 6 (libsumo, fast mode)
[INFO] Episode duration: 900s (15 min)

[DEBUG] 🎯 Célzott Forgalom Generálása (R1C1_C) | Period: 5.5507
Found 6 valid OD pairs for R1C1_C
Generating focused traffic: Period 5.5507s
[INFO] Subscriptions active: 6 (libsumo, fast mode)
[INFO] Episode duration: 3600s (60 min)

[DEBUG] 🎯 Célzott Forgalom Generálása (R1C1_C) | Period: 5.1396
Found 6 valid OD pairs for R1C1_C
Generating focused traffic: Period 5.1396s
[INFO] Subscriptions active: 6 (libsumo, fast mode)
[INFO] Episode duration: 2700s (45 min)

[DEBUG] 🎯 Célzott Forgalom Generálása (R1C1_C) | Period: 7.2397
Found 6 valid OD pairs for R1C1_C
Generating focused traffic: Period 7.2397s
[INFO] Subscriptions active: 6 (libsumo, fast mode)
[INFO] Episode duration: 2700s (45 min)

[DEBUG] 🎯 Célzott Forgalom Generálása (R1C1_C) | Period: 6.6471
Found 6 valid OD pairs for R1C1_C
Generating focused traffic: Period 6.6471s
[INFO] Subscriptions active: 6 (libsumo, fast mode)
[INFO] Episode duration: 2700s (45 min)

[DEBUG] 🎯 Célzott Forgalom Generálása (R1C1_C) | Period: 5.0741
Found 6 valid OD pairs for R1C1_C
Generating focused traffic: Period 5.0741s
[INFO] Subscriptions active: 6 (libsumo, fast mode)
[INFO] Episode duration: 3600s (60 min)

[DEBUG] 🎯 Célzott Forgalom Generálása (R1C1_C) | Period: 6.7341
Found 6 valid OD pairs for R1C1_C
Generating focused traffic: Period 6.7341s
[INFO] Subscriptions active: 6 (libsumo, fast mode)
[INFO] Episode duration: 3600s (60 min)

[DEBUG] 🎯 Célzott Forgalom Generálása (R1C1_C) | Period: 6.6824
Found 6 valid OD pairs for R1C1_C
Generating focused traffic: Period 6.6824s
[INFO] Subscriptions active: 6 (libsumo, fast mode)
[INFO] Episode duration: 3600s (60 min)

[DEBUG] 🎯 Célzott Forgalom Generálása (R1C1_C) | Period: 5.4803
Found 6 valid OD pairs for R1C1_C
Generating focused traffic: Period 5.4803s
[INFO] Subscriptions active: 6 (libsumo, fast mode)
[INFO] Episode duration: 3600s (60 min)

[DEBUG] 🎯 Célzott Forgalom Generálása (R1C1_C) | Period: 6.5368
Found 6 valid OD pairs for R1C1_C
Generating focused traffic: Period 6.5368s
[INFO] Subscriptions active: 6 (libsumo, fast mode)
[INFO] Episode duration: 900s (15 min)

[DEBUG] 🎯 Célzott Forgalom Generálása (R1C1_C) | Period: 4.0594
Found 6 valid OD pairs for R1C1_C
Generating focused traffic: Period 4.0594s
[INFO] Subscriptions active: 6 (libsumo, fast mode)
[INFO] Episode duration: 2700s (45 min)

[DEBUG] 🎯 Célzott Forgalom Generálása (R1C1_C) | Period: 4.1392
Found 6 valid OD pairs for R1C1_C
Generating focused traffic: Period 4.1392s
[INFO] Subscriptions active: 6 (libsumo, fast mode)
[INFO] Episode duration: 900s (15 min)

[DEBUG] 🎯 Célzott Forgalom Generálása (R1C1_C) | Period: 7.501
Found 6 valid OD pairs for R1C1_C
Generating focused traffic: Period 7.5010s
[INFO] Subscriptions active: 6 (libsumo, fast mode)
[INFO] Episode duration: 2700s (45 min)

[DEBUG] 🎯 Célzott Forgalom Generálása (R1C1_C) | Period: 7.4552
Found 6 valid OD pairs for R1C1_C
Generating focused traffic: Period 7.4552s
[INFO] Subscriptions active: 6 (libsumo, fast mode)
[INFO] Episode duration: 1800s (30 min)

[DEBUG] 🎯 Célzott Forgalom Generálása (R1C1_C) | Period: 5.7007
Found 6 valid OD pairs for R1C1_C
Generating focused traffic: Period 5.7007s
[INFO] Subscriptions active: 6 (libsumo, fast mode)
[INFO] Episode duration: 2700s (45 min)

[DEBUG] 🎯 Célzott Forgalom Generálása (R1C1_C) | Period: 4.5722
Found 6 valid OD pairs for R1C1_C
Generating focused traffic: Period 4.5722s
[INFO] Subscriptions active: 6 (libsumo, fast mode)
[INFO] Episode duration: 900s (15 min)

[DEBUG] 🎯 Célzott Forgalom Generálása (R1C1_C) | Period: 6.3001
Found 6 valid OD pairs for R1C1_C
Generating focused traffic: Period 6.3001s
[INFO] Subscriptions active: 6 (libsumo, fast mode)
[INFO] Episode duration: 900s (15 min)

[DEBUG] 🎯 Célzott Forgalom Generálása (R1C1_C) | Period: 4.6445
Found 6 valid OD pairs for R1C1_C
Generating focused traffic: Period 4.6445s
[INFO] Subscriptions active: 6 (libsumo, fast mode)
[INFO] Episode duration: 3600s (60 min)

[DEBUG] 🎯 Célzott Forgalom Generálása (R1C1_C) | Period: 6.3128
Found 6 valid OD pairs for R1C1_C
Generating focused traffic: Period 6.3128s
[INFO] Subscriptions active: 6 (libsumo, fast mode)
[INFO] Episode duration: 3600s (60 min)

[DEBUG] 🎯 Célzott Forgalom Generálása (R1C1_C) | Period: 5.03
Found 6 valid OD pairs for R1C1_C
Generating focused traffic: Period 5.0300s
[INFO] Subscriptions active: 6 (libsumo, fast mode)
[INFO] Episode duration: 2700s (45 min)

[DEBUG] 🎯 Célzott Forgalom Generálása (R1C1_C) | Period: 6.0146
Found 6 valid OD pairs for R1C1_C
Generating focused traffic: Period 6.0146s
[INFO] Subscriptions active: 6 (libsumo, fast mode)
------------------------------------
| rollout/              |          |
|    ep_len_mean        | 472      |
|    ep_rew_mean        | 77.5     |
| time/                 |          |
|    fps                | 190      |
|    iterations         | 40       |
|    time_elapsed       | 430      |
|    total_timesteps    | 81920    |
| train/                |          |
|    entropy_loss       | -1.39    |
|    explained_variance | -0.0154  |
|    learning_rate      | 0.0001   |
|    n_updates          | 39       |
|    policy_loss        | 14.5     |
|    value_loss         | 131      |
------------------------------------
[INFO] Episode duration: 2700s (45 min)

[DEBUG] 🎯 Célzott Forgalom Generálása (R1C1_C) | Period: 6.5877
Found 6 valid OD pairs for R1C1_C
Generating focused traffic: Period 6.5877s
[INFO] Subscriptions active: 6 (libsumo, fast mode)
[INFO] Episode duration: 2700s (45 min)

[DEBUG] 🎯 Célzott Forgalom Generálása (R1C1_C) | Period: 7.4848
Found 6 valid OD pairs for R1C1_C
Generating focused traffic: Period 7.4848s
[INFO] Subscriptions active: 6 (libsumo, fast mode)
[INFO] Episode duration: 3600s (60 min)

[DEBUG] 🎯 Célzott Forgalom Generálása (R1C1_C) | Period: 4.4687
Found 6 valid OD pairs for R1C1_C
Generating focused traffic: Period 4.4687s
[INFO] Subscriptions active: 6 (libsumo, fast mode)
[INFO] Episode duration: 2700s (45 min)

[DEBUG] 🎯 Célzott Forgalom Generálása (R1C1_C) | Period: 4.6068
Found 6 valid OD pairs for R1C1_C
Generating focused traffic: Period 4.6068s
[INFO] Subscriptions active: 6 (libsumo, fast mode)
[INFO] Episode duration: 1800s (30 min)

[DEBUG] 🎯 Célzott Forgalom Generálása (R1C1_C) | Period: 6.2776
Found 6 valid OD pairs for R1C1_C
Generating focused traffic: Period 6.2776s
[INFO] Subscriptions active: 6 (libsumo, fast mode)
[INFO] Episode duration: 900s (15 min)

[DEBUG] 🎯 Célzott Forgalom Generálása (R1C1_C) | Period: 6.1497
Found 6 valid OD pairs for R1C1_C
Generating focused traffic: Period 6.1497s
[INFO] Subscriptions active: 6 (libsumo, fast mode)
[INFO] Episode duration: 900s (15 min)

[DEBUG] 🎯 Célzott Forgalom Generálása (R1C1_C) | Period: 7.3388
Found 6 valid OD pairs for R1C1_C
Generating focused traffic: Period 7.3388s
[INFO] Subscriptions active: 6 (libsumo, fast mode)
[INFO] Episode duration: 2700s (45 min)

[DEBUG] 🎯 Célzott Forgalom Generálása (R1C1_C) | Period: 4.3374
Found 6 valid OD pairs for R1C1_C
Generating focused traffic: Period 4.3374s
[INFO] Subscriptions active: 6 (libsumo, fast mode)
[INFO] Episode duration: 3600s (60 min)

[DEBUG] 🎯 Célzott Forgalom Generálása (R1C1_C) | Period: 4.2618
Found 6 valid OD pairs for R1C1_C
Generating focused traffic: Period 4.2618s
[INFO] Subscriptions active: 6 (libsumo, fast mode)
[INFO] Episode duration: 2700s (45 min)

[DEBUG] 🎯 Célzott Forgalom Generálása (R1C1_C) | Period: 5.2438
Found 6 valid OD pairs for R1C1_C
Generating focused traffic: Period 5.2438s
[INFO] Subscriptions active: 6 (libsumo, fast mode)
[INFO] Episode duration: 1800s (30 min)

[DEBUG] 🎯 Célzott Forgalom Generálása (R1C1_C) | Period: 4.9438
Found 6 valid OD pairs for R1C1_C
Generating focused traffic: Period 4.9438s
[INFO] Subscriptions active: 6 (libsumo, fast mode)
[INFO] Episode duration: 2700s (45 min)

[DEBUG] 🎯 Célzott Forgalom Generálása (R1C1_C) | Period: 4.6559
Found 6 valid OD pairs for R1C1_C
Generating focused traffic: Period 4.6559s
[INFO] Subscriptions active: 6 (libsumo, fast mode)
[INFO] Episode duration: 3600s (60 min)

[DEBUG] 🎯 Célzott Forgalom Generálása (R1C1_C) | Period: 6.5958
Found 6 valid OD pairs for R1C1_C
Generating focused traffic: Period 6.5958s
[INFO] Subscriptions active: 6 (libsumo, fast mode)
[INFO] Episode duration: 3600s (60 min)

[DEBUG] 🎯 Célzott Forgalom Generálása (R1C1_C) | Period: 6.3558
Found 6 valid OD pairs for R1C1_C
Generating focused traffic: Period 6.3558s
[INFO] Subscriptions active: 6 (libsumo, fast mode)
[INFO] Episode duration: 2700s (45 min)

[DEBUG] 🎯 Célzott Forgalom Generálása (R1C1_C) | Period: 4.8463
Found 6 valid OD pairs for R1C1_C
Generating focused traffic: Period 4.8463s
[INFO] Subscriptions active: 6 (libsumo, fast mode)
[INFO] Episode duration: 1800s (30 min)

[DEBUG] 🎯 Célzott Forgalom Generálása (R1C1_C) | Period: 5.1958
Found 6 valid OD pairs for R1C1_C
Generating focused traffic: Period 5.1958s
[INFO] Subscriptions active: 6 (libsumo, fast mode)
[INFO] Episode duration: 3600s (60 min)

[DEBUG] 🎯 Célzott Forgalom Generálása (R1C1_C) | Period: 6.6765
Found 6 valid OD pairs for R1C1_C
Generating focused traffic: Period 6.6765s
[INFO] Subscriptions active: 6 (libsumo, fast mode)
[INFO] Episode duration: 3600s (60 min)

[DEBUG] 🎯 Célzott Forgalom Generálása (R1C1_C) | Period: 7.8277
Found 6 valid OD pairs for R1C1_C
Generating focused traffic: Period 7.8277s
[INFO] Subscriptions active: 6 (libsumo, fast mode)
[INFO] Episode duration: 3600s (60 min)

[DEBUG] 🎯 Célzott Forgalom Generálása (R1C1_C) | Period: 5.2285
Found 6 valid OD pairs for R1C1_C
Generating focused traffic: Period 5.2285s
[INFO] Subscriptions active: 6 (libsumo, fast mode)
[INFO] Episode duration: 900s (15 min)

[DEBUG] 🎯 Célzott Forgalom Generálása (R1C1_C) | Period: 4.6947
Found 6 valid OD pairs for R1C1_C
Generating focused traffic: Period 4.6947s
[INFO] Subscriptions active: 6 (libsumo, fast mode)
[INFO] Episode duration: 3600s (60 min)

[DEBUG] 🎯 Célzott Forgalom Generálása (R1C1_C) | Period: 7.5812
Found 6 valid OD pairs for R1C1_C
Generating focused traffic: Period 7.5812s
[INFO] Subscriptions active: 6 (libsumo, fast mode)
[INFO] Episode duration: 2700s (45 min)

[DEBUG] 🎯 Célzott Forgalom Generálása (R1C1_C) | Period: 6.6222
Found 6 valid OD pairs for R1C1_C
Generating focused traffic: Period 6.6222s
[INFO] Subscriptions active: 6 (libsumo, fast mode)
[INFO] Episode duration: 900s (15 min)

[DEBUG] 🎯 Célzott Forgalom Generálása (R1C1_C) | Period: 6.2683
Found 6 valid OD pairs for R1C1_C
Generating focused traffic: Period 6.2683s
[INFO] Subscriptions active: 6 (libsumo, fast mode)
[INFO] Episode duration: 900s (15 min)

[DEBUG] 🎯 Célzott Forgalom Generálása (R1C1_C) | Period: 5.446
Found 6 valid OD pairs for R1C1_C
Generating focused traffic: Period 5.4460s
[INFO] Subscriptions active: 6 (libsumo, fast mode)
[INFO] Episode duration: 2700s (45 min)

[DEBUG] 🎯 Célzott Forgalom Generálása (R1C1_C) | Period: 7.6547
Found 6 valid OD pairs for R1C1_C
Generating focused traffic: Period 7.6547s
[INFO] Subscriptions active: 6 (libsumo, fast mode)
[INFO] Episode duration: 2700s (45 min)

[DEBUG] 🎯 Célzott Forgalom Generálása (R1C1_C) | Period: 5.2715
Found 6 valid OD pairs for R1C1_C
Generating focused traffic: Period 5.2715s
[INFO] Subscriptions active: 6 (libsumo, fast mode)
[INFO] Episode duration: 2700s (45 min)

[DEBUG] 🎯 Célzott Forgalom Generálása (R1C1_C) | Period: 4.3912
Found 6 valid OD pairs for R1C1_C
Generating focused traffic: Period 4.3912s
[INFO] Subscriptions active: 6 (libsumo, fast mode)
[INFO] Episode duration: 2700s (45 min)

[DEBUG] 🎯 Célzott Forgalom Generálása (R1C1_C) | Period: 4.5122
Found 6 valid OD pairs for R1C1_C
Generating focused traffic: Period 4.5122s
[INFO] Subscriptions active: 6 (libsumo, fast mode)
[INFO] Episode duration: 3600s (60 min)

[DEBUG] 🎯 Célzott Forgalom Generálása (R1C1_C) | Period: 7.23
Found 6 valid OD pairs for R1C1_C
Generating focused traffic: Period 7.2300s
[INFO] Subscriptions active: 6 (libsumo, fast mode)
[INFO] Episode duration: 2700s (45 min)

[DEBUG] 🎯 Célzott Forgalom Generálása (R1C1_C) | Period: 5.3757
Found 6 valid OD pairs for R1C1_C
Generating focused traffic: Period 5.3757s
[INFO] Subscriptions active: 6 (libsumo, fast mode)
[INFO] Episode duration: 1800s (30 min)

[DEBUG] 🎯 Célzott Forgalom Generálása (R1C1_C) | Period: 5.5801
Found 6 valid OD pairs for R1C1_C
Generating focused traffic: Period 5.5801s
[INFO] Subscriptions active: 6 (libsumo, fast mode)
[INFO] Episode duration: 900s (15 min)

[DEBUG] 🎯 Célzott Forgalom Generálása (R1C1_C) | Period: 4.1814
Found 6 valid OD pairs for R1C1_C
Generating focused traffic: Period 4.1814s
[INFO] Subscriptions active: 6 (libsumo, fast mode)
[INFO] Episode duration: 2700s (45 min)

[DEBUG] 🎯 Célzott Forgalom Generálása (R1C1_C) | Period: 4.0959
Found 6 valid OD pairs for R1C1_C
Generating focused traffic: Period 4.0959s
[INFO] Subscriptions active: 6 (libsumo, fast mode)
[INFO] Episode duration: 1800s (30 min)

[DEBUG] 🎯 Célzott Forgalom Generálása (R1C1_C) | Period: 7.5985
Found 6 valid OD pairs for R1C1_C
Generating focused traffic: Period 7.5985s
[INFO] Subscriptions active: 6 (libsumo, fast mode)
[INFO] Episode duration: 1800s (30 min)
wandb: WARNING Symlinked 1 file into the W&B run directory; call wandb.save again to sync new files.
/Users/wagnertamas/Documents/Munka/cikkek/AI_agens_konyvtar/support/intergreen_matrix_calculator/rl_trainer.py:857: UserWarning: Exporting a model while it is in training mode. Please ensure that this is intended, as it may lead to different behavior during inference. Calling model.eval() before export is recommended.
  torch.onnx.export(
/Users/wagnertamas/Documents/Munka/cikkek/AI_agens_konyvtar/support/intergreen_matrix_calculator/rl_trainer.py:857: UserWarning: # 'dynamic_axes' is not recommended when dynamo=True, and may lead to 'torch._dynamo.exc.UserError: Constraints violated.' Supply the 'dynamic_shapes' argument instead if export is unsuccessful.
  torch.onnx.export(
wandb: updating run metadata
wandb: uploading pytorch_models/R1C1_C.zip; uploading output.log; uploading wandb-summary.json; uploading config.yaml
wandb: uploading pytorch_models/R1C1_C.zip; uploading output.log; uploading wandb-summary.json
wandb: uploading history steps 996-1002, summary, console lines 1383-1405
wandb: 
wandb: Run history:
wandb:  R1C1_C/action_pct/phase_0 █▄▄▃▆▂▅▇▃▃▅▃▃▄▃▄▅▅▃▅▄▃▃▅▄▃▂▃▄▁▂▅▃▃▄▁▃▁▄▂
wandb:  R1C1_C/action_pct/phase_1 ▃▆▄▆▅▆▂▂▆▃▁█▄▄▅▃▄▃▄▄▅▆▄▃▂▃▆▂▆▅▄▄▄▃▅▄▅▄▂▆
wandb:  R1C1_C/action_pct/phase_2 ▃▆▄▂▄▅▅▁▄▇▆▃▅▇▅▆▆▅▅▄▆▄▆▄█▇█▆▂▇█▄▅▇▇▇▅█▆▆
wandb:  R1C1_C/action_pct/phase_3 ▂▁▅▇▂▄▆█▅▄▆▃▄▂▄▅▃▃▅▄▂▄▅▆▃▅▂▇▅▇▄▃▇▅▂▇▅▆▅▄
wandb:  R1C1_C/train/entropy_loss ▁▂▂▂▂▃▄▄▃▃▃▃▃▂▂▂▂▂▃▃▄▄▄▅▅▆▅▇▆▆▆▆▆▆▆▇████
wandb: R1C1_C/train/learning_rate ▁▁▁▁▁▁▁▁▁▁▁▁▁▁▁▁▁▁▁▁▁▁▁▁▁▁▁▁▁▁▁▁▁▁▁▁▁▁▁▁
wandb:    R1C1_C/train/value_loss ▅▃▃▂▃▄▅▃▃▂▂▂▂█▂▄▄▄▄▇▂▄▂▂▄▆▅▅▅▅▅▂▂▁▁▂▄▄▇▄
wandb:                 avg_reward ▄▃▂▂▁▂▁▁▂▃▁▂▂▂█▁▁▃▂▄▃▁▁▃▂▃▂▁▁▁▁▂▂▂▁▁▁▂▁▂
wandb:                    episode ▁▁▁▁▂▂▃▃▃▃▄▄▅▅▅▅▅▅▅▅▆▆▆▆▆▆▇▇▇▇▇▇▇▇▇▇████
wandb:         episode/avg_reward ▇▄▅▅▁▆▂▂▃▄▃▃▂▃▃▃▃█▇▃▇▆▃▃▂▄▅▅▄▄█▆▄▆▇▃▂▅▄▁
wandb:                         +7 ...
wandb: 
wandb: Run summary:
wandb:  R1C1_C/action_pct/phase_0 22.22222
wandb:  R1C1_C/action_pct/phase_1 26.66667
wandb:  R1C1_C/action_pct/phase_2 26.38889
wandb:  R1C1_C/action_pct/phase_3 24.72222
wandb:  R1C1_C/train/entropy_loss -1.38593
wandb: R1C1_C/train/learning_rate 0.0001
wandb:    R1C1_C/train/value_loss 171.38191
wandb:                 avg_reward 0.1248
wandb:                    episode 217
wandb:         episode/avg_reward 0.1727
wandb:                         +7 ...
wandb: 
wandb: 🚀 View run a2c_halt_ratio_1x64_2_R1C1_C at: https://wandb.ai/wagnertamas-budapesti-m-szaki-s-gazdas-gtudom-nyi-egyetem/sumo-rl-stat/runs/q5pnpxeg
wandb: ⭐️ View project at: https://wandb.ai/wagnertamas-budapesti-m-szaki-s-gazdas-gtudom-nyi-egyetem/sumo-rl-stat
wandb: Synced 5 W&B file(s), 0 media file(s), 0 artifact file(s) and 1 other file(s)
wandb: Find logs at: ./wandb/run-20260322_020023-q5pnpxeg/logs

[DEBUG] 🎯 Célzott Forgalom Generálása (R1C1_C) | Period: 5.0044
Found 6 valid OD pairs for R1C1_C
Generating focused traffic: Period 5.0044s
[INFO] Subscriptions active: 6 (libsumo, fast mode)
[INFO] Episode duration: 2700s (45 min)

[DEBUG] 🎯 Célzott Forgalom Generálása (R1C1_C) | Period: 4.4708
Found 6 valid OD pairs for R1C1_C
Generating focused traffic: Period 4.4708s
[INFO] Subscriptions active: 6 (libsumo, fast mode)
[INFO] Episode duration: 900s (15 min)

[DEBUG] 🎯 Célzott Forgalom Generálása (R1C1_C) | Period: 6.214
Found 6 valid OD pairs for R1C1_C
Generating focused traffic: Period 6.2140s
[INFO] Subscriptions active: 6 (libsumo, fast mode)
[INFO] Episode duration: 2700s (45 min)

[DEBUG] 🎯 Célzott Forgalom Generálása (R1C1_C) | Period: 4.922
Found 6 valid OD pairs for R1C1_C
Generating focused traffic: Period 4.9220s
[INFO] Subscriptions active: 6 (libsumo, fast mode)
On-policy training completed.
Closing environment and EXPORTING models...
Saving PyTorch ZIP models to /Users/wagnertamas/Documents/Munka/cikkek/AI_agens_konyvtar/support/intergreen_matrix_calculator/data/runs/pytorch_models...
Saved PyTorch R1C1_C to /Users/wagnertamas/Documents/Munka/cikkek/AI_agens_konyvtar/support/intergreen_matrix_calculator/data/runs/pytorch_models/R1C1_C.zip
Exporting ONNX models to /Users/wagnertamas/Documents/Munka/cikkek/AI_agens_konyvtar/support/intergreen_matrix_calculator/data/runs/onnx_models...
Failed to export R1C1_C: # Failed to convert 'dynamic_axes' to 'dynamic_shapes'. Please provide 'dynamic_shapes' directly. Refer to the documentation for 'torch.export.export' for more information on dynamic shapes.
Cleanup done.
