wandb: [wandb.login()] Loaded credentials for https://api.wandb.ai from /Users/wagnertamas/.netrc.
wandb: Currently logged in as: wagnertamas (wagnertamas-budapesti-m-szaki-s-gazdas-gtudom-nyi-egyetem) to https://api.wandb.ai. Use `wandb login --relogin` to force relogin
wandb: setting up run ukn3br6f
wandb: Tracking run with wandb version 0.25.0
wandb: Run data is saved locally in /Users/wagnertamas/Documents/Munka/cikkek/AI_agens_konyvtar/support/intergreen_matrix_calculator/wandb/run-20260322_010039-ukn3br6f
wandb: Run `wandb offline` to turn off syncing.
wandb: Syncing run a2c_speed_throughput_1x8_1_R1C1_C
wandb: ⭐️ View project at https://wandb.ai/wagnertamas-budapesti-m-szaki-s-gazdas-gtudom-nyi-egyetem/sumo-rl-stat
wandb: 🚀 View run at https://wandb.ai/wagnertamas-budapesti-m-szaki-s-gazdas-gtudom-nyi-egyetem/sumo-rl-stat/runs/ukn3br6f
[INFO] Config: training_config.yaml
[INFO] Net: /Users/wagnertamas/Documents/Munka/cikkek/AI_agens_konyvtar/support/intergreen_matrix_calculator/data/mega_catalogue_v2.net.xml
[INFO] Timesteps: 100000 | Project: sumo-rl-stat
[INFO] Junction: R1C1_C
[INFO] Algorithm: a2c | Reward: speed_throughput
[INFO] Load model: None (fresh)
[INFO] Traffic: random target+spread (epizódonként)
Initializing Environment (algorithm=a2c, reward=speed_throughput)...
[INFO] Algorithm: a2c (on_policy)
[INFO] Reward mode: speed_throughput
WandB config applied (Sweep compatible).
[INFO] Junction reward params auto-loaded from /Users/wagnertamas/Documents/Munka/cikkek/AI_agens_konyvtar/support/intergreen_matrix_calculator/data/junction_reward_params.json
[INFO] Using 'libsumo' (fast headless mode, OS=darwin).
Starting SUMO...
[INFO] Episode duration: 1800s (30 min)

[DEBUG] 🎯 Célzott Forgalom Generálása (R1C1_C) | Period: 5.2188
Found 6 valid OD pairs for R1C1_C
Generating focused traffic: Period 5.2188s
[INFO] Network mapped: 1 agents, 3 detectors, 3 lanes
[INFO] Subscriptions active: 6 (libsumo, fast mode)
Agents discovered: ['R1C1_C']
[INFO] RL device: mps
[INFO] On-policy training: a2c → R1C1_C
Using mps device
Wrapping the env with a `Monitor` wrapper
Wrapping the env in a DummyVecEnv.
Starting on-policy training: 100000 timesteps...
[INFO] Episode duration: 900s (15 min)

[DEBUG] 🎯 Célzott Forgalom Generálása (R1C1_C) | Period: 5.7001
Found 6 valid OD pairs for R1C1_C
Generating focused traffic: Period 5.7001s
[INFO] Subscriptions active: 6 (libsumo, fast mode)
Logging to /Users/wagnertamas/Documents/Munka/cikkek/AI_agens_konyvtar/support/intergreen_matrix_calculator/data/runs/sumo-rl-stat/R1C1_C/A2C_2
[INFO] Episode duration: 3600s (60 min)

[DEBUG] 🎯 Célzott Forgalom Generálása (R1C1_C) | Period: 6.5514
Found 6 valid OD pairs for R1C1_C
Generating focused traffic: Period 6.5514s
[INFO] Subscriptions active: 6 (libsumo, fast mode)
[INFO] Episode duration: 2700s (45 min)

[DEBUG] 🎯 Célzott Forgalom Generálása (R1C1_C) | Period: 4.633
Found 6 valid OD pairs for R1C1_C
Generating focused traffic: Period 4.6330s
[INFO] Subscriptions active: 6 (libsumo, fast mode)
[INFO] Episode duration: 2700s (45 min)

[DEBUG] 🎯 Célzott Forgalom Generálása (R1C1_C) | Period: 5.0953
Found 6 valid OD pairs for R1C1_C
Generating focused traffic: Period 5.0953s
[INFO] Subscriptions active: 6 (libsumo, fast mode)
[INFO] Episode duration: 3600s (60 min)

[DEBUG] 🎯 Célzott Forgalom Generálása (R1C1_C) | Period: 6.1031
Found 6 valid OD pairs for R1C1_C
Generating focused traffic: Period 6.1031s
[INFO] Subscriptions active: 6 (libsumo, fast mode)
[INFO] Episode duration: 2700s (45 min)

[DEBUG] 🎯 Célzott Forgalom Generálása (R1C1_C) | Period: 6.0595
Found 6 valid OD pairs for R1C1_C
Generating focused traffic: Period 6.0595s
[INFO] Subscriptions active: 6 (libsumo, fast mode)
[INFO] Episode duration: 3600s (60 min)

[DEBUG] 🎯 Célzott Forgalom Generálása (R1C1_C) | Period: 4.2044
Found 6 valid OD pairs for R1C1_C
Generating focused traffic: Period 4.2044s
[INFO] Subscriptions active: 6 (libsumo, fast mode)
[INFO] Episode duration: 900s (15 min)

[DEBUG] 🎯 Célzott Forgalom Generálása (R1C1_C) | Period: 6.5271
Found 6 valid OD pairs for R1C1_C
Generating focused traffic: Period 6.5271s
[INFO] Subscriptions active: 6 (libsumo, fast mode)
[INFO] Episode duration: 2700s (45 min)

[DEBUG] 🎯 Célzott Forgalom Generálása (R1C1_C) | Period: 5.8317
Found 6 valid OD pairs for R1C1_C
Generating focused traffic: Period 5.8317s
[INFO] Subscriptions active: 6 (libsumo, fast mode)
[INFO] Episode duration: 3600s (60 min)

[DEBUG] 🎯 Célzott Forgalom Generálása (R1C1_C) | Period: 6.7466
Found 6 valid OD pairs for R1C1_C
Generating focused traffic: Period 6.7466s
[INFO] Subscriptions active: 6 (libsumo, fast mode)
[INFO] Episode duration: 900s (15 min)

[DEBUG] 🎯 Célzott Forgalom Generálása (R1C1_C) | Period: 6.2258
Found 6 valid OD pairs for R1C1_C
Generating focused traffic: Period 6.2258s
[INFO] Subscriptions active: 6 (libsumo, fast mode)
[INFO] Episode duration: 2700s (45 min)

[DEBUG] 🎯 Célzott Forgalom Generálása (R1C1_C) | Period: 6.7207
Found 6 valid OD pairs for R1C1_C
Generating focused traffic: Period 6.7207s
[INFO] Subscriptions active: 6 (libsumo, fast mode)
[INFO] Episode duration: 900s (15 min)

[DEBUG] 🎯 Célzott Forgalom Generálása (R1C1_C) | Period: 4.3464
Found 6 valid OD pairs for R1C1_C
Generating focused traffic: Period 4.3464s
[INFO] Subscriptions active: 6 (libsumo, fast mode)
[INFO] Episode duration: 2700s (45 min)

[DEBUG] 🎯 Célzott Forgalom Generálása (R1C1_C) | Period: 7.3398
Found 6 valid OD pairs for R1C1_C
Generating focused traffic: Period 7.3398s
[INFO] Subscriptions active: 6 (libsumo, fast mode)
[INFO] Episode duration: 3600s (60 min)

[DEBUG] 🎯 Célzott Forgalom Generálása (R1C1_C) | Period: 7.7099
Found 6 valid OD pairs for R1C1_C
Generating focused traffic: Period 7.7099s
[INFO] Subscriptions active: 6 (libsumo, fast mode)
[INFO] Episode duration: 900s (15 min)

[DEBUG] 🎯 Célzott Forgalom Generálása (R1C1_C) | Period: 4.2291
Found 6 valid OD pairs for R1C1_C
Generating focused traffic: Period 4.2291s
[INFO] Subscriptions active: 6 (libsumo, fast mode)
[INFO] Episode duration: 3600s (60 min)

[DEBUG] 🎯 Célzott Forgalom Generálása (R1C1_C) | Period: 6.3724
Found 6 valid OD pairs for R1C1_C
Generating focused traffic: Period 6.3724s
[INFO] Subscriptions active: 6 (libsumo, fast mode)
[INFO] Episode duration: 900s (15 min)

[DEBUG] 🎯 Célzott Forgalom Generálása (R1C1_C) | Period: 5.259
Found 6 valid OD pairs for R1C1_C
Generating focused traffic: Period 5.2590s
[INFO] Subscriptions active: 6 (libsumo, fast mode)
[INFO] Episode duration: 3600s (60 min)

[DEBUG] 🎯 Célzott Forgalom Generálása (R1C1_C) | Period: 5.7536
Found 6 valid OD pairs for R1C1_C
Generating focused traffic: Period 5.7536s
[INFO] Subscriptions active: 6 (libsumo, fast mode)
[INFO] Episode duration: 900s (15 min)

[DEBUG] 🎯 Célzott Forgalom Generálása (R1C1_C) | Period: 6.3543
Found 6 valid OD pairs for R1C1_C
Generating focused traffic: Period 6.3543s
[INFO] Subscriptions active: 6 (libsumo, fast mode)
[INFO] Episode duration: 2700s (45 min)

[DEBUG] 🎯 Célzott Forgalom Generálása (R1C1_C) | Period: 4.358
Found 6 valid OD pairs for R1C1_C
Generating focused traffic: Period 4.3580s
[INFO] Subscriptions active: 6 (libsumo, fast mode)
[INFO] Episode duration: 900s (15 min)

[DEBUG] 🎯 Célzott Forgalom Generálása (R1C1_C) | Period: 7.7285
Found 6 valid OD pairs for R1C1_C
Generating focused traffic: Period 7.7285s
[INFO] Subscriptions active: 6 (libsumo, fast mode)
[INFO] Episode duration: 1800s (30 min)

[DEBUG] 🎯 Célzott Forgalom Generálása (R1C1_C) | Period: 7.7397
Found 6 valid OD pairs for R1C1_C
Generating focused traffic: Period 7.7397s
[INFO] Subscriptions active: 6 (libsumo, fast mode)
[INFO] Episode duration: 900s (15 min)

[DEBUG] 🎯 Célzott Forgalom Generálása (R1C1_C) | Period: 7.019
Found 6 valid OD pairs for R1C1_C
Generating focused traffic: Period 7.0190s
[INFO] Subscriptions active: 6 (libsumo, fast mode)
[INFO] Episode duration: 2700s (45 min)

[DEBUG] 🎯 Célzott Forgalom Generálása (R1C1_C) | Period: 5.1365
Found 6 valid OD pairs for R1C1_C
Generating focused traffic: Period 5.1365s
[INFO] Subscriptions active: 6 (libsumo, fast mode)
[INFO] Episode duration: 3600s (60 min)

[DEBUG] 🎯 Célzott Forgalom Generálása (R1C1_C) | Period: 6.8966
Found 6 valid OD pairs for R1C1_C
Generating focused traffic: Period 6.8966s
[INFO] Subscriptions active: 6 (libsumo, fast mode)
[INFO] Episode duration: 3600s (60 min)

[DEBUG] 🎯 Célzott Forgalom Generálása (R1C1_C) | Period: 7.538
Found 6 valid OD pairs for R1C1_C
Generating focused traffic: Period 7.5380s
[INFO] Subscriptions active: 6 (libsumo, fast mode)
[INFO] Episode duration: 900s (15 min)

[DEBUG] 🎯 Célzott Forgalom Generálása (R1C1_C) | Period: 7.4363
Found 6 valid OD pairs for R1C1_C
Generating focused traffic: Period 7.4363s
[INFO] Subscriptions active: 6 (libsumo, fast mode)
[INFO] Episode duration: 1800s (30 min)

[DEBUG] 🎯 Célzott Forgalom Generálása (R1C1_C) | Period: 7.181
Found 6 valid OD pairs for R1C1_C
Generating focused traffic: Period 7.1810s
[INFO] Subscriptions active: 6 (libsumo, fast mode)
[INFO] Episode duration: 1800s (30 min)

[DEBUG] 🎯 Célzott Forgalom Generálása (R1C1_C) | Period: 5.2717
Found 6 valid OD pairs for R1C1_C
Generating focused traffic: Period 5.2717s
[INFO] Subscriptions active: 6 (libsumo, fast mode)
[INFO] Episode duration: 1800s (30 min)

[DEBUG] 🎯 Célzott Forgalom Generálása (R1C1_C) | Period: 5.4559
Found 6 valid OD pairs for R1C1_C
Generating focused traffic: Period 5.4559s
[INFO] Subscriptions active: 6 (libsumo, fast mode)
[INFO] Episode duration: 1800s (30 min)

[DEBUG] 🎯 Célzott Forgalom Generálása (R1C1_C) | Period: 6.216
Found 6 valid OD pairs for R1C1_C
Generating focused traffic: Period 6.2160s
[INFO] Subscriptions active: 6 (libsumo, fast mode)
[INFO] Episode duration: 2700s (45 min)

[DEBUG] 🎯 Célzott Forgalom Generálása (R1C1_C) | Period: 6.0047
Found 6 valid OD pairs for R1C1_C
Generating focused traffic: Period 6.0047s
[INFO] Subscriptions active: 6 (libsumo, fast mode)
[INFO] Episode duration: 2700s (45 min)

[DEBUG] 🎯 Célzott Forgalom Generálása (R1C1_C) | Period: 6.8803
Found 6 valid OD pairs for R1C1_C
Generating focused traffic: Period 6.8803s
[INFO] Subscriptions active: 6 (libsumo, fast mode)
[INFO] Episode duration: 900s (15 min)

[DEBUG] 🎯 Célzott Forgalom Generálása (R1C1_C) | Period: 6.1253
Found 6 valid OD pairs for R1C1_C
Generating focused traffic: Period 6.1253s
[INFO] Subscriptions active: 6 (libsumo, fast mode)
[INFO] Episode duration: 1800s (30 min)

[DEBUG] 🎯 Célzott Forgalom Generálása (R1C1_C) | Period: 4.7161
Found 6 valid OD pairs for R1C1_C
Generating focused traffic: Period 4.7161s
[INFO] Subscriptions active: 6 (libsumo, fast mode)
[INFO] Episode duration: 1800s (30 min)

[DEBUG] 🎯 Célzott Forgalom Generálása (R1C1_C) | Period: 4.6157
Found 6 valid OD pairs for R1C1_C
Generating focused traffic: Period 4.6157s
[INFO] Subscriptions active: 6 (libsumo, fast mode)
[INFO] Episode duration: 1800s (30 min)

[DEBUG] 🎯 Célzott Forgalom Generálása (R1C1_C) | Period: 5.0497
Found 6 valid OD pairs for R1C1_C
Generating focused traffic: Period 5.0497s
[INFO] Subscriptions active: 6 (libsumo, fast mode)
[INFO] Episode duration: 2700s (45 min)

[DEBUG] 🎯 Célzott Forgalom Generálása (R1C1_C) | Period: 6.617
Found 6 valid OD pairs for R1C1_C
Generating focused traffic: Period 6.6170s
[INFO] Subscriptions active: 6 (libsumo, fast mode)
[INFO] Episode duration: 1800s (30 min)

[DEBUG] 🎯 Célzott Forgalom Generálása (R1C1_C) | Period: 5.3481
Found 6 valid OD pairs for R1C1_C
Generating focused traffic: Period 5.3481s
[INFO] Subscriptions active: 6 (libsumo, fast mode)
[INFO] Episode duration: 1800s (30 min)

[DEBUG] 🎯 Célzott Forgalom Generálása (R1C1_C) | Period: 7.871
Found 6 valid OD pairs for R1C1_C
Generating focused traffic: Period 7.8710s
[INFO] Subscriptions active: 6 (libsumo, fast mode)
[INFO] Episode duration: 900s (15 min)

[DEBUG] 🎯 Célzott Forgalom Generálása (R1C1_C) | Period: 7.4219
Found 6 valid OD pairs for R1C1_C
Generating focused traffic: Period 7.4219s
[INFO] Subscriptions active: 6 (libsumo, fast mode)
[INFO] Episode duration: 3600s (60 min)

[DEBUG] 🎯 Célzott Forgalom Generálása (R1C1_C) | Period: 7.89
Found 6 valid OD pairs for R1C1_C
Generating focused traffic: Period 7.8900s
[INFO] Subscriptions active: 6 (libsumo, fast mode)
[INFO] Episode duration: 3600s (60 min)

[DEBUG] 🎯 Célzott Forgalom Generálása (R1C1_C) | Period: 5.8268
Found 6 valid OD pairs for R1C1_C
Generating focused traffic: Period 5.8268s
[INFO] Subscriptions active: 6 (libsumo, fast mode)
[INFO] Episode duration: 900s (15 min)

[DEBUG] 🎯 Célzott Forgalom Generálása (R1C1_C) | Period: 5.4798
Found 6 valid OD pairs for R1C1_C
Generating focused traffic: Period 5.4798s
[INFO] Subscriptions active: 6 (libsumo, fast mode)
[INFO] Episode duration: 3600s (60 min)

[DEBUG] 🎯 Célzott Forgalom Generálása (R1C1_C) | Period: 5.9596
Found 6 valid OD pairs for R1C1_C
Generating focused traffic: Period 5.9596s
[INFO] Subscriptions active: 6 (libsumo, fast mode)
-------------------------------------
| rollout/              |           |
|    ep_len_mean        | 440       |
|    ep_rew_mean        | 130       |
| time/                 |           |
|    fps                | 180       |
|    iterations         | 10        |
|    time_elapsed       | 113       |
|    total_timesteps    | 20480     |
| train/                |           |
|    entropy_loss       | -1.39     |
|    explained_variance | -0.000106 |
|    learning_rate      | 0.0001    |
|    n_updates          | 9         |
|    policy_loss        | 30        |
|    value_loss         | 530       |
-------------------------------------
[INFO] Episode duration: 1800s (30 min)

[DEBUG] 🎯 Célzott Forgalom Generálása (R1C1_C) | Period: 6.995
Found 6 valid OD pairs for R1C1_C
Generating focused traffic: Period 6.9950s
[INFO] Subscriptions active: 6 (libsumo, fast mode)
[INFO] Episode duration: 2700s (45 min)

[DEBUG] 🎯 Célzott Forgalom Generálása (R1C1_C) | Period: 6.8205
Found 6 valid OD pairs for R1C1_C
Generating focused traffic: Period 6.8205s
[INFO] Subscriptions active: 6 (libsumo, fast mode)
[INFO] Episode duration: 2700s (45 min)

[DEBUG] 🎯 Célzott Forgalom Generálása (R1C1_C) | Period: 5.6581
Found 6 valid OD pairs for R1C1_C
Generating focused traffic: Period 5.6581s
[INFO] Subscriptions active: 6 (libsumo, fast mode)
[INFO] Episode duration: 900s (15 min)

[DEBUG] 🎯 Célzott Forgalom Generálása (R1C1_C) | Period: 6.5421
Found 6 valid OD pairs for R1C1_C
Generating focused traffic: Period 6.5421s
[INFO] Subscriptions active: 6 (libsumo, fast mode)
[INFO] Episode duration: 3600s (60 min)

[DEBUG] 🎯 Célzott Forgalom Generálása (R1C1_C) | Period: 7.5909
Found 6 valid OD pairs for R1C1_C
Generating focused traffic: Period 7.5909s
[INFO] Subscriptions active: 6 (libsumo, fast mode)
[INFO] Episode duration: 2700s (45 min)

[DEBUG] 🎯 Célzott Forgalom Generálása (R1C1_C) | Period: 5.744
Found 6 valid OD pairs for R1C1_C
Generating focused traffic: Period 5.7440s
[INFO] Subscriptions active: 6 (libsumo, fast mode)
[INFO] Episode duration: 900s (15 min)

[DEBUG] 🎯 Célzott Forgalom Generálása (R1C1_C) | Period: 7.9638
Found 6 valid OD pairs for R1C1_C
Generating focused traffic: Period 7.9638s
[INFO] Subscriptions active: 6 (libsumo, fast mode)
[INFO] Episode duration: 900s (15 min)

[DEBUG] 🎯 Célzott Forgalom Generálása (R1C1_C) | Period: 7.6788
Found 6 valid OD pairs for R1C1_C
Generating focused traffic: Period 7.6788s
[INFO] Subscriptions active: 6 (libsumo, fast mode)
[INFO] Episode duration: 3600s (60 min)

[DEBUG] 🎯 Célzott Forgalom Generálása (R1C1_C) | Period: 4.2045
Found 6 valid OD pairs for R1C1_C
Generating focused traffic: Period 4.2045s
[INFO] Subscriptions active: 6 (libsumo, fast mode)
[INFO] Episode duration: 1800s (30 min)

[DEBUG] 🎯 Célzott Forgalom Generálása (R1C1_C) | Period: 4.4907
Found 6 valid OD pairs for R1C1_C
Generating focused traffic: Period 4.4907s
[INFO] Subscriptions active: 6 (libsumo, fast mode)
[INFO] Episode duration: 3600s (60 min)

[DEBUG] 🎯 Célzott Forgalom Generálása (R1C1_C) | Period: 6.5434
Found 6 valid OD pairs for R1C1_C
Generating focused traffic: Period 6.5434s
[INFO] Subscriptions active: 6 (libsumo, fast mode)
[INFO] Episode duration: 1800s (30 min)

[DEBUG] 🎯 Célzott Forgalom Generálása (R1C1_C) | Period: 6.8487
Found 6 valid OD pairs for R1C1_C
Generating focused traffic: Period 6.8487s
[INFO] Subscriptions active: 6 (libsumo, fast mode)
[INFO] Episode duration: 3600s (60 min)

[DEBUG] 🎯 Célzott Forgalom Generálása (R1C1_C) | Period: 6.6629
Found 6 valid OD pairs for R1C1_C
Generating focused traffic: Period 6.6629s
[INFO] Subscriptions active: 6 (libsumo, fast mode)
[INFO] Episode duration: 900s (15 min)

[DEBUG] 🎯 Célzott Forgalom Generálása (R1C1_C) | Period: 7.0237
Found 6 valid OD pairs for R1C1_C
Generating focused traffic: Period 7.0237s
[INFO] Subscriptions active: 6 (libsumo, fast mode)
[INFO] Episode duration: 1800s (30 min)

[DEBUG] 🎯 Célzott Forgalom Generálása (R1C1_C) | Period: 5.1235
Found 6 valid OD pairs for R1C1_C
Generating focused traffic: Period 5.1235s
[INFO] Subscriptions active: 6 (libsumo, fast mode)
[INFO] Episode duration: 900s (15 min)

[DEBUG] 🎯 Célzott Forgalom Generálása (R1C1_C) | Period: 4.8704
Found 6 valid OD pairs for R1C1_C
Generating focused traffic: Period 4.8704s
[INFO] Subscriptions active: 6 (libsumo, fast mode)
[INFO] Episode duration: 900s (15 min)

[DEBUG] 🎯 Célzott Forgalom Generálása (R1C1_C) | Period: 5.9458
Found 6 valid OD pairs for R1C1_C
Generating focused traffic: Period 5.9458s
[INFO] Subscriptions active: 6 (libsumo, fast mode)
[INFO] Episode duration: 3600s (60 min)

[DEBUG] 🎯 Célzott Forgalom Generálása (R1C1_C) | Period: 4.8733
Found 6 valid OD pairs for R1C1_C
Generating focused traffic: Period 4.8733s
[INFO] Subscriptions active: 6 (libsumo, fast mode)
[INFO] Episode duration: 2700s (45 min)

[DEBUG] 🎯 Célzott Forgalom Generálása (R1C1_C) | Period: 5.9294
Found 6 valid OD pairs for R1C1_C
Generating focused traffic: Period 5.9294s
[INFO] Subscriptions active: 6 (libsumo, fast mode)
[INFO] Episode duration: 2700s (45 min)

[DEBUG] 🎯 Célzott Forgalom Generálása (R1C1_C) | Period: 5.3047
Found 6 valid OD pairs for R1C1_C
Generating focused traffic: Period 5.3047s
[INFO] Subscriptions active: 6 (libsumo, fast mode)
[INFO] Episode duration: 1800s (30 min)

[DEBUG] 🎯 Célzott Forgalom Generálása (R1C1_C) | Period: 4.5901
Found 6 valid OD pairs for R1C1_C
Generating focused traffic: Period 4.5901s
[INFO] Subscriptions active: 6 (libsumo, fast mode)
[INFO] Episode duration: 900s (15 min)

[DEBUG] 🎯 Célzott Forgalom Generálása (R1C1_C) | Period: 6.7773
Found 6 valid OD pairs for R1C1_C
Generating focused traffic: Period 6.7773s
[INFO] Subscriptions active: 6 (libsumo, fast mode)
[INFO] Episode duration: 2700s (45 min)

[DEBUG] 🎯 Célzott Forgalom Generálása (R1C1_C) | Period: 6.5575
Found 6 valid OD pairs for R1C1_C
Generating focused traffic: Period 6.5575s
[INFO] Subscriptions active: 6 (libsumo, fast mode)
[INFO] Episode duration: 900s (15 min)

[DEBUG] 🎯 Célzott Forgalom Generálása (R1C1_C) | Period: 5.9772
Found 6 valid OD pairs for R1C1_C
Generating focused traffic: Period 5.9772s
[INFO] Subscriptions active: 6 (libsumo, fast mode)
[INFO] Episode duration: 1800s (30 min)

[DEBUG] 🎯 Célzott Forgalom Generálása (R1C1_C) | Period: 7.2342
Found 6 valid OD pairs for R1C1_C
Generating focused traffic: Period 7.2342s
[INFO] Subscriptions active: 6 (libsumo, fast mode)
[INFO] Episode duration: 3600s (60 min)

[DEBUG] 🎯 Célzott Forgalom Generálása (R1C1_C) | Period: 6.1144
Found 6 valid OD pairs for R1C1_C
Generating focused traffic: Period 6.1144s
[INFO] Subscriptions active: 6 (libsumo, fast mode)
[INFO] Episode duration: 2700s (45 min)

[DEBUG] 🎯 Célzott Forgalom Generálása (R1C1_C) | Period: 6.3911
Found 6 valid OD pairs for R1C1_C
Generating focused traffic: Period 6.3911s
[INFO] Subscriptions active: 6 (libsumo, fast mode)
[INFO] Episode duration: 900s (15 min)

[DEBUG] 🎯 Célzott Forgalom Generálása (R1C1_C) | Period: 7.335
Found 6 valid OD pairs for R1C1_C
Generating focused traffic: Period 7.3350s
[INFO] Subscriptions active: 6 (libsumo, fast mode)
[INFO] Episode duration: 1800s (30 min)

[DEBUG] 🎯 Célzott Forgalom Generálása (R1C1_C) | Period: 4.7237
Found 6 valid OD pairs for R1C1_C
Generating focused traffic: Period 4.7237s
[INFO] Subscriptions active: 6 (libsumo, fast mode)
[INFO] Episode duration: 2700s (45 min)

[DEBUG] 🎯 Célzott Forgalom Generálása (R1C1_C) | Period: 7.3715
Found 6 valid OD pairs for R1C1_C
Generating focused traffic: Period 7.3715s
[INFO] Subscriptions active: 6 (libsumo, fast mode)
[INFO] Episode duration: 3600s (60 min)

[DEBUG] 🎯 Célzott Forgalom Generálása (R1C1_C) | Period: 6.0275
Found 6 valid OD pairs for R1C1_C
Generating focused traffic: Period 6.0275s
[INFO] Subscriptions active: 6 (libsumo, fast mode)
[INFO] Episode duration: 900s (15 min)

[DEBUG] 🎯 Célzott Forgalom Generálása (R1C1_C) | Period: 7.982
Found 6 valid OD pairs for R1C1_C
Generating focused traffic: Period 7.9820s
[INFO] Subscriptions active: 6 (libsumo, fast mode)
[INFO] Episode duration: 3600s (60 min)

[DEBUG] 🎯 Célzott Forgalom Generálása (R1C1_C) | Period: 7.6486
Found 6 valid OD pairs for R1C1_C
Generating focused traffic: Period 7.6486s
[INFO] Subscriptions active: 6 (libsumo, fast mode)
[INFO] Episode duration: 1800s (30 min)

[DEBUG] 🎯 Célzott Forgalom Generálása (R1C1_C) | Period: 7.0049
Found 6 valid OD pairs for R1C1_C
Generating focused traffic: Period 7.0049s
[INFO] Subscriptions active: 6 (libsumo, fast mode)
[INFO] Episode duration: 900s (15 min)

[DEBUG] 🎯 Célzott Forgalom Generálása (R1C1_C) | Period: 4.7234
Found 6 valid OD pairs for R1C1_C
Generating focused traffic: Period 4.7234s
[INFO] Subscriptions active: 6 (libsumo, fast mode)
[INFO] Episode duration: 1800s (30 min)

[DEBUG] 🎯 Célzott Forgalom Generálása (R1C1_C) | Period: 5.1877
Found 6 valid OD pairs for R1C1_C
Generating focused traffic: Period 5.1877s
[INFO] Subscriptions active: 6 (libsumo, fast mode)
[INFO] Episode duration: 3600s (60 min)

[DEBUG] 🎯 Célzott Forgalom Generálása (R1C1_C) | Period: 7.1566
Found 6 valid OD pairs for R1C1_C
Generating focused traffic: Period 7.1566s
[INFO] Subscriptions active: 6 (libsumo, fast mode)
[INFO] Episode duration: 3600s (60 min)

[DEBUG] 🎯 Célzott Forgalom Generálása (R1C1_C) | Period: 6.4514
Found 6 valid OD pairs for R1C1_C
Generating focused traffic: Period 6.4514s
[INFO] Subscriptions active: 6 (libsumo, fast mode)
[INFO] Episode duration: 900s (15 min)

[DEBUG] 🎯 Célzott Forgalom Generálása (R1C1_C) | Period: 6.763
Found 6 valid OD pairs for R1C1_C
Generating focused traffic: Period 6.7630s
[INFO] Subscriptions active: 6 (libsumo, fast mode)
[INFO] Episode duration: 3600s (60 min)

[DEBUG] 🎯 Célzott Forgalom Generálása (R1C1_C) | Period: 6.4252
Found 6 valid OD pairs for R1C1_C
Generating focused traffic: Period 6.4252s
[INFO] Subscriptions active: 6 (libsumo, fast mode)
[INFO] Episode duration: 900s (15 min)

[DEBUG] 🎯 Célzott Forgalom Generálása (R1C1_C) | Period: 4.6416
Found 6 valid OD pairs for R1C1_C
Generating focused traffic: Period 4.6416s
[INFO] Subscriptions active: 6 (libsumo, fast mode)
[INFO] Episode duration: 2700s (45 min)

[DEBUG] 🎯 Célzott Forgalom Generálása (R1C1_C) | Period: 7.9899
Found 6 valid OD pairs for R1C1_C
Generating focused traffic: Period 7.9899s
[INFO] Subscriptions active: 6 (libsumo, fast mode)
[INFO] Episode duration: 1800s (30 min)

[DEBUG] 🎯 Célzott Forgalom Generálása (R1C1_C) | Period: 4.4612
Found 6 valid OD pairs for R1C1_C
Generating focused traffic: Period 4.4612s
[INFO] Subscriptions active: 6 (libsumo, fast mode)
[INFO] Episode duration: 2700s (45 min)

[DEBUG] 🎯 Célzott Forgalom Generálása (R1C1_C) | Period: 5.2348
Found 6 valid OD pairs for R1C1_C
Generating focused traffic: Period 5.2348s
[INFO] Subscriptions active: 6 (libsumo, fast mode)
[INFO] Episode duration: 1800s (30 min)

[DEBUG] 🎯 Célzott Forgalom Generálása (R1C1_C) | Period: 5.3419
Found 6 valid OD pairs for R1C1_C
Generating focused traffic: Period 5.3419s
[INFO] Subscriptions active: 6 (libsumo, fast mode)
[INFO] Episode duration: 900s (15 min)

[DEBUG] 🎯 Célzott Forgalom Generálása (R1C1_C) | Period: 5.7208
Found 6 valid OD pairs for R1C1_C
Generating focused traffic: Period 5.7208s
[INFO] Subscriptions active: 6 (libsumo, fast mode)
[INFO] Episode duration: 2700s (45 min)

[DEBUG] 🎯 Célzott Forgalom Generálása (R1C1_C) | Period: 6.6226
Found 6 valid OD pairs for R1C1_C
Generating focused traffic: Period 6.6226s
[INFO] Subscriptions active: 6 (libsumo, fast mode)
[INFO] Episode duration: 3600s (60 min)

[DEBUG] 🎯 Célzott Forgalom Generálása (R1C1_C) | Period: 4.7481
Found 6 valid OD pairs for R1C1_C
Generating focused traffic: Period 4.7481s
[INFO] Subscriptions active: 6 (libsumo, fast mode)
------------------------------------
| rollout/              |          |
|    ep_len_mean        | 439      |
|    ep_rew_mean        | 129      |
| time/                 |          |
|    fps                | 181      |
|    iterations         | 20       |
|    time_elapsed       | 225      |
|    total_timesteps    | 40960    |
| train/                |          |
|    entropy_loss       | -1.39    |
|    explained_variance | 0.00536  |
|    learning_rate      | 0.0001   |
|    n_updates          | 19       |
|    policy_loss        | 30.8     |
|    value_loss         | 558      |
------------------------------------
[INFO] Episode duration: 3600s (60 min)

[DEBUG] 🎯 Célzott Forgalom Generálása (R1C1_C) | Period: 7.7534
Found 6 valid OD pairs for R1C1_C
Generating focused traffic: Period 7.7534s
[INFO] Subscriptions active: 6 (libsumo, fast mode)
[INFO] Episode duration: 3600s (60 min)

[DEBUG] 🎯 Célzott Forgalom Generálása (R1C1_C) | Period: 6.3121
Found 6 valid OD pairs for R1C1_C
Generating focused traffic: Period 6.3121s
[INFO] Subscriptions active: 6 (libsumo, fast mode)
[INFO] Episode duration: 1800s (30 min)

[DEBUG] 🎯 Célzott Forgalom Generálása (R1C1_C) | Period: 7.9757
Found 6 valid OD pairs for R1C1_C
Generating focused traffic: Period 7.9757s
[INFO] Subscriptions active: 6 (libsumo, fast mode)
[INFO] Episode duration: 900s (15 min)

[DEBUG] 🎯 Célzott Forgalom Generálása (R1C1_C) | Period: 6.8865
Found 6 valid OD pairs for R1C1_C
Generating focused traffic: Period 6.8865s
[INFO] Subscriptions active: 6 (libsumo, fast mode)
[INFO] Episode duration: 2700s (45 min)

[DEBUG] 🎯 Célzott Forgalom Generálása (R1C1_C) | Period: 4.7433
Found 6 valid OD pairs for R1C1_C
Generating focused traffic: Period 4.7433s
[INFO] Subscriptions active: 6 (libsumo, fast mode)
[INFO] Episode duration: 3600s (60 min)

[DEBUG] 🎯 Célzott Forgalom Generálása (R1C1_C) | Period: 6.1235
Found 6 valid OD pairs for R1C1_C
Generating focused traffic: Period 6.1235s
[INFO] Subscriptions active: 6 (libsumo, fast mode)
[INFO] Episode duration: 3600s (60 min)

[DEBUG] 🎯 Célzott Forgalom Generálása (R1C1_C) | Period: 7.6603
Found 6 valid OD pairs for R1C1_C
Generating focused traffic: Period 7.6603s
[INFO] Subscriptions active: 6 (libsumo, fast mode)
[INFO] Episode duration: 2700s (45 min)

[DEBUG] 🎯 Célzott Forgalom Generálása (R1C1_C) | Period: 5.8768
Found 6 valid OD pairs for R1C1_C
Generating focused traffic: Period 5.8768s
[INFO] Subscriptions active: 6 (libsumo, fast mode)
[INFO] Episode duration: 2700s (45 min)

[DEBUG] 🎯 Célzott Forgalom Generálása (R1C1_C) | Period: 4.4762
Found 6 valid OD pairs for R1C1_C
Generating focused traffic: Period 4.4762s
[INFO] Subscriptions active: 6 (libsumo, fast mode)
[INFO] Episode duration: 2700s (45 min)

[DEBUG] 🎯 Célzott Forgalom Generálása (R1C1_C) | Period: 6.6649
Found 6 valid OD pairs for R1C1_C
Generating focused traffic: Period 6.6649s
[INFO] Subscriptions active: 6 (libsumo, fast mode)
[INFO] Episode duration: 3600s (60 min)

[DEBUG] 🎯 Célzott Forgalom Generálása (R1C1_C) | Period: 7.5951
Found 6 valid OD pairs for R1C1_C
Generating focused traffic: Period 7.5951s
[INFO] Subscriptions active: 6 (libsumo, fast mode)
[INFO] Episode duration: 900s (15 min)

[DEBUG] 🎯 Célzott Forgalom Generálása (R1C1_C) | Period: 7.6214
Found 6 valid OD pairs for R1C1_C
Generating focused traffic: Period 7.6214s
[INFO] Subscriptions active: 6 (libsumo, fast mode)
[INFO] Episode duration: 3600s (60 min)

[DEBUG] 🎯 Célzott Forgalom Generálása (R1C1_C) | Period: 5.6137
Found 6 valid OD pairs for R1C1_C
Generating focused traffic: Period 5.6137s
[INFO] Subscriptions active: 6 (libsumo, fast mode)
[INFO] Episode duration: 2700s (45 min)

[DEBUG] 🎯 Célzott Forgalom Generálása (R1C1_C) | Period: 7.1355
Found 6 valid OD pairs for R1C1_C
Generating focused traffic: Period 7.1355s
[INFO] Subscriptions active: 6 (libsumo, fast mode)
[INFO] Episode duration: 1800s (30 min)

[DEBUG] 🎯 Célzott Forgalom Generálása (R1C1_C) | Period: 6.3078
Found 6 valid OD pairs for R1C1_C
Generating focused traffic: Period 6.3078s
[INFO] Subscriptions active: 6 (libsumo, fast mode)
[INFO] Episode duration: 900s (15 min)

[DEBUG] 🎯 Célzott Forgalom Generálása (R1C1_C) | Period: 7.2187
Found 6 valid OD pairs for R1C1_C
Generating focused traffic: Period 7.2187s
[INFO] Subscriptions active: 6 (libsumo, fast mode)
[INFO] Episode duration: 1800s (30 min)

[DEBUG] 🎯 Célzott Forgalom Generálása (R1C1_C) | Period: 6.7764
Found 6 valid OD pairs for R1C1_C
Generating focused traffic: Period 6.7764s
[INFO] Subscriptions active: 6 (libsumo, fast mode)
[INFO] Episode duration: 900s (15 min)

[DEBUG] 🎯 Célzott Forgalom Generálása (R1C1_C) | Period: 4.0705
Found 6 valid OD pairs for R1C1_C
Generating focused traffic: Period 4.0705s
[INFO] Subscriptions active: 6 (libsumo, fast mode)
[INFO] Episode duration: 1800s (30 min)

[DEBUG] 🎯 Célzott Forgalom Generálása (R1C1_C) | Period: 5.5279
Found 6 valid OD pairs for R1C1_C
Generating focused traffic: Period 5.5279s
[INFO] Subscriptions active: 6 (libsumo, fast mode)
[INFO] Episode duration: 1800s (30 min)

[DEBUG] 🎯 Célzott Forgalom Generálása (R1C1_C) | Period: 6.1433
Found 6 valid OD pairs for R1C1_C
Generating focused traffic: Period 6.1433s
[INFO] Subscriptions active: 6 (libsumo, fast mode)
[INFO] Episode duration: 2700s (45 min)

[DEBUG] 🎯 Célzott Forgalom Generálása (R1C1_C) | Period: 7.1396
Found 6 valid OD pairs for R1C1_C
Generating focused traffic: Period 7.1396s
[INFO] Subscriptions active: 6 (libsumo, fast mode)
[INFO] Episode duration: 900s (15 min)

[DEBUG] 🎯 Célzott Forgalom Generálása (R1C1_C) | Period: 7.3224
Found 6 valid OD pairs for R1C1_C
Generating focused traffic: Period 7.3224s
[INFO] Subscriptions active: 6 (libsumo, fast mode)
[INFO] Episode duration: 2700s (45 min)

[DEBUG] 🎯 Célzott Forgalom Generálása (R1C1_C) | Period: 7.2858
Found 6 valid OD pairs for R1C1_C
Generating focused traffic: Period 7.2858s
[INFO] Subscriptions active: 6 (libsumo, fast mode)
[INFO] Episode duration: 1800s (30 min)

[DEBUG] 🎯 Célzott Forgalom Generálása (R1C1_C) | Period: 7.276
Found 6 valid OD pairs for R1C1_C
Generating focused traffic: Period 7.2760s
[INFO] Subscriptions active: 6 (libsumo, fast mode)
[INFO] Episode duration: 2700s (45 min)

[DEBUG] 🎯 Célzott Forgalom Generálása (R1C1_C) | Period: 7.1647
Found 6 valid OD pairs for R1C1_C
Generating focused traffic: Period 7.1647s
[INFO] Subscriptions active: 6 (libsumo, fast mode)
[INFO] Episode duration: 2700s (45 min)

[DEBUG] 🎯 Célzott Forgalom Generálása (R1C1_C) | Period: 4.6545
Found 6 valid OD pairs for R1C1_C
Generating focused traffic: Period 4.6545s
[INFO] Subscriptions active: 6 (libsumo, fast mode)
[INFO] Episode duration: 2700s (45 min)

[DEBUG] 🎯 Célzott Forgalom Generálása (R1C1_C) | Period: 6.5905
Found 6 valid OD pairs for R1C1_C
Generating focused traffic: Period 6.5905s
[INFO] Subscriptions active: 6 (libsumo, fast mode)
[INFO] Episode duration: 1800s (30 min)

[DEBUG] 🎯 Célzott Forgalom Generálása (R1C1_C) | Period: 6.483
Found 6 valid OD pairs for R1C1_C
Generating focused traffic: Period 6.4830s
[INFO] Subscriptions active: 6 (libsumo, fast mode)
[INFO] Episode duration: 900s (15 min)

[DEBUG] 🎯 Célzott Forgalom Generálása (R1C1_C) | Period: 4.2244
Found 6 valid OD pairs for R1C1_C
Generating focused traffic: Period 4.2244s
[INFO] Subscriptions active: 6 (libsumo, fast mode)
[INFO] Episode duration: 2700s (45 min)

[DEBUG] 🎯 Célzott Forgalom Generálása (R1C1_C) | Period: 5.192
Found 6 valid OD pairs for R1C1_C
Generating focused traffic: Period 5.1920s
[INFO] Subscriptions active: 6 (libsumo, fast mode)
[INFO] Episode duration: 2700s (45 min)

[DEBUG] 🎯 Célzott Forgalom Generálása (R1C1_C) | Period: 6.554
Found 6 valid OD pairs for R1C1_C
Generating focused traffic: Period 6.5540s
[INFO] Subscriptions active: 6 (libsumo, fast mode)
[INFO] Episode duration: 2700s (45 min)

[DEBUG] 🎯 Célzott Forgalom Generálása (R1C1_C) | Period: 7.1182
Found 6 valid OD pairs for R1C1_C
Generating focused traffic: Period 7.1182s
[INFO] Subscriptions active: 6 (libsumo, fast mode)
[INFO] Episode duration: 1800s (30 min)

[DEBUG] 🎯 Célzott Forgalom Generálása (R1C1_C) | Period: 6.4784
Found 6 valid OD pairs for R1C1_C
Generating focused traffic: Period 6.4784s
[INFO] Subscriptions active: 6 (libsumo, fast mode)
[INFO] Episode duration: 2700s (45 min)

[DEBUG] 🎯 Célzott Forgalom Generálása (R1C1_C) | Period: 5.1001
Found 6 valid OD pairs for R1C1_C
Generating focused traffic: Period 5.1001s
[INFO] Subscriptions active: 6 (libsumo, fast mode)
[INFO] Episode duration: 2700s (45 min)

[DEBUG] 🎯 Célzott Forgalom Generálása (R1C1_C) | Period: 4.3162
Found 6 valid OD pairs for R1C1_C
Generating focused traffic: Period 4.3162s
[INFO] Subscriptions active: 6 (libsumo, fast mode)
[INFO] Episode duration: 2700s (45 min)

[DEBUG] 🎯 Célzott Forgalom Generálása (R1C1_C) | Period: 5.8222
Found 6 valid OD pairs for R1C1_C
Generating focused traffic: Period 5.8222s
[INFO] Subscriptions active: 6 (libsumo, fast mode)
[INFO] Episode duration: 900s (15 min)

[DEBUG] 🎯 Célzott Forgalom Generálása (R1C1_C) | Period: 5.2749
Found 6 valid OD pairs for R1C1_C
Generating focused traffic: Period 5.2749s
[INFO] Subscriptions active: 6 (libsumo, fast mode)
[INFO] Episode duration: 900s (15 min)

[DEBUG] 🎯 Célzott Forgalom Generálása (R1C1_C) | Period: 4.4718
Found 6 valid OD pairs for R1C1_C
Generating focused traffic: Period 4.4718s
[INFO] Subscriptions active: 6 (libsumo, fast mode)
[INFO] Episode duration: 3600s (60 min)

[DEBUG] 🎯 Célzott Forgalom Generálása (R1C1_C) | Period: 5.9811
Found 6 valid OD pairs for R1C1_C
Generating focused traffic: Period 5.9811s
[INFO] Subscriptions active: 6 (libsumo, fast mode)
[INFO] Episode duration: 1800s (30 min)

[DEBUG] 🎯 Célzott Forgalom Generálása (R1C1_C) | Period: 6.8236
Found 6 valid OD pairs for R1C1_C
Generating focused traffic: Period 6.8236s
[INFO] Subscriptions active: 6 (libsumo, fast mode)
[INFO] Episode duration: 2700s (45 min)

[DEBUG] 🎯 Célzott Forgalom Generálása (R1C1_C) | Period: 6.7687
Found 6 valid OD pairs for R1C1_C
Generating focused traffic: Period 6.7687s
[INFO] Subscriptions active: 6 (libsumo, fast mode)
[INFO] Episode duration: 3600s (60 min)

[DEBUG] 🎯 Célzott Forgalom Generálása (R1C1_C) | Period: 4.8359
Found 6 valid OD pairs for R1C1_C
Generating focused traffic: Period 4.8359s
[INFO] Subscriptions active: 6 (libsumo, fast mode)
[INFO] Episode duration: 3600s (60 min)

[DEBUG] 🎯 Célzott Forgalom Generálása (R1C1_C) | Period: 7.5946
Found 6 valid OD pairs for R1C1_C
Generating focused traffic: Period 7.5946s
[INFO] Subscriptions active: 6 (libsumo, fast mode)
------------------------------------
| rollout/              |          |
|    ep_len_mean        | 452      |
|    ep_rew_mean        | 133      |
| time/                 |          |
|    fps                | 182      |
|    iterations         | 30       |
|    time_elapsed       | 337      |
|    total_timesteps    | 61440    |
| train/                |          |
|    entropy_loss       | -1.39    |
|    explained_variance | -0.0184  |
|    learning_rate      | 0.0001   |
|    n_updates          | 29       |
|    policy_loss        | 30.7     |
|    value_loss         | 563      |
------------------------------------
[INFO] Episode duration: 3600s (60 min)

[DEBUG] 🎯 Célzott Forgalom Generálása (R1C1_C) | Period: 5.742
Found 6 valid OD pairs for R1C1_C
Generating focused traffic: Period 5.7420s
[INFO] Subscriptions active: 6 (libsumo, fast mode)
[INFO] Episode duration: 900s (15 min)

[DEBUG] 🎯 Célzott Forgalom Generálása (R1C1_C) | Period: 4.2683
Found 6 valid OD pairs for R1C1_C
Generating focused traffic: Period 4.2683s
[INFO] Subscriptions active: 6 (libsumo, fast mode)
[INFO] Episode duration: 900s (15 min)

[DEBUG] 🎯 Célzott Forgalom Generálása (R1C1_C) | Period: 4.6675
Found 6 valid OD pairs for R1C1_C
Generating focused traffic: Period 4.6675s
[INFO] Subscriptions active: 6 (libsumo, fast mode)
[INFO] Episode duration: 3600s (60 min)

[DEBUG] 🎯 Célzott Forgalom Generálása (R1C1_C) | Period: 6.1859
Found 6 valid OD pairs for R1C1_C
Generating focused traffic: Period 6.1859s
[INFO] Subscriptions active: 6 (libsumo, fast mode)
[INFO] Episode duration: 2700s (45 min)

[DEBUG] 🎯 Célzott Forgalom Generálása (R1C1_C) | Period: 4.6029
Found 6 valid OD pairs for R1C1_C
Generating focused traffic: Period 4.6029s
[INFO] Subscriptions active: 6 (libsumo, fast mode)
[INFO] Episode duration: 3600s (60 min)

[DEBUG] 🎯 Célzott Forgalom Generálása (R1C1_C) | Period: 7.8063
Found 6 valid OD pairs for R1C1_C
Generating focused traffic: Period 7.8063s
[INFO] Subscriptions active: 6 (libsumo, fast mode)
[INFO] Episode duration: 3600s (60 min)

[DEBUG] 🎯 Célzott Forgalom Generálása (R1C1_C) | Period: 5.1417
Found 6 valid OD pairs for R1C1_C
Generating focused traffic: Period 5.1417s
[INFO] Subscriptions active: 6 (libsumo, fast mode)
[INFO] Episode duration: 900s (15 min)

[DEBUG] 🎯 Célzott Forgalom Generálása (R1C1_C) | Period: 4.2308
Found 6 valid OD pairs for R1C1_C
Generating focused traffic: Period 4.2308s
[INFO] Subscriptions active: 6 (libsumo, fast mode)
[INFO] Episode duration: 3600s (60 min)

[DEBUG] 🎯 Célzott Forgalom Generálása (R1C1_C) | Period: 6.9271
Found 6 valid OD pairs for R1C1_C
Generating focused traffic: Period 6.9271s
[INFO] Subscriptions active: 6 (libsumo, fast mode)
[INFO] Episode duration: 900s (15 min)

[DEBUG] 🎯 Célzott Forgalom Generálása (R1C1_C) | Period: 4.6874
Found 6 valid OD pairs for R1C1_C
Generating focused traffic: Period 4.6874s
[INFO] Subscriptions active: 6 (libsumo, fast mode)
[INFO] Episode duration: 3600s (60 min)

[DEBUG] 🎯 Célzott Forgalom Generálása (R1C1_C) | Period: 6.2426
Found 6 valid OD pairs for R1C1_C
Generating focused traffic: Period 6.2426s
[INFO] Subscriptions active: 6 (libsumo, fast mode)
[INFO] Episode duration: 1800s (30 min)

[DEBUG] 🎯 Célzott Forgalom Generálása (R1C1_C) | Period: 4.984
Found 6 valid OD pairs for R1C1_C
Generating focused traffic: Period 4.9840s
[INFO] Subscriptions active: 6 (libsumo, fast mode)
[INFO] Episode duration: 1800s (30 min)

[DEBUG] 🎯 Célzott Forgalom Generálása (R1C1_C) | Period: 7.8675
Found 6 valid OD pairs for R1C1_C
Generating focused traffic: Period 7.8675s
[INFO] Subscriptions active: 6 (libsumo, fast mode)
[INFO] Episode duration: 2700s (45 min)

[DEBUG] 🎯 Célzott Forgalom Generálása (R1C1_C) | Period: 6.8774
Found 6 valid OD pairs for R1C1_C
Generating focused traffic: Period 6.8774s
[INFO] Subscriptions active: 6 (libsumo, fast mode)
[INFO] Episode duration: 1800s (30 min)

[DEBUG] 🎯 Célzott Forgalom Generálása (R1C1_C) | Period: 4.3905
Found 6 valid OD pairs for R1C1_C
Generating focused traffic: Period 4.3905s
[INFO] Subscriptions active: 6 (libsumo, fast mode)
[INFO] Episode duration: 1800s (30 min)

[DEBUG] 🎯 Célzott Forgalom Generálása (R1C1_C) | Period: 7.4046
Found 6 valid OD pairs for R1C1_C
Generating focused traffic: Period 7.4046s
[INFO] Subscriptions active: 6 (libsumo, fast mode)
[INFO] Episode duration: 900s (15 min)

[DEBUG] 🎯 Célzott Forgalom Generálása (R1C1_C) | Period: 7.7507
Found 6 valid OD pairs for R1C1_C
Generating focused traffic: Period 7.7507s
[INFO] Subscriptions active: 6 (libsumo, fast mode)
[INFO] Episode duration: 2700s (45 min)

[DEBUG] 🎯 Célzott Forgalom Generálása (R1C1_C) | Period: 5.3155
Found 6 valid OD pairs for R1C1_C
Generating focused traffic: Period 5.3155s
[INFO] Subscriptions active: 6 (libsumo, fast mode)
[INFO] Episode duration: 2700s (45 min)

[DEBUG] 🎯 Célzott Forgalom Generálása (R1C1_C) | Period: 7.7259
Found 6 valid OD pairs for R1C1_C
Generating focused traffic: Period 7.7259s
[INFO] Subscriptions active: 6 (libsumo, fast mode)
[INFO] Episode duration: 2700s (45 min)

[DEBUG] 🎯 Célzott Forgalom Generálása (R1C1_C) | Period: 5.3506
Found 6 valid OD pairs for R1C1_C
Generating focused traffic: Period 5.3506s
[INFO] Subscriptions active: 6 (libsumo, fast mode)
[INFO] Episode duration: 900s (15 min)

[DEBUG] 🎯 Célzott Forgalom Generálása (R1C1_C) | Period: 7.8239
Found 6 valid OD pairs for R1C1_C
Generating focused traffic: Period 7.8239s
[INFO] Subscriptions active: 6 (libsumo, fast mode)
[INFO] Episode duration: 900s (15 min)

[DEBUG] 🎯 Célzott Forgalom Generálása (R1C1_C) | Period: 4.0652
Found 6 valid OD pairs for R1C1_C
Generating focused traffic: Period 4.0652s
[INFO] Subscriptions active: 6 (libsumo, fast mode)
[INFO] Episode duration: 3600s (60 min)

[DEBUG] 🎯 Célzott Forgalom Generálása (R1C1_C) | Period: 4.2537
Found 6 valid OD pairs for R1C1_C
Generating focused traffic: Period 4.2537s
[INFO] Subscriptions active: 6 (libsumo, fast mode)
[INFO] Episode duration: 2700s (45 min)

[DEBUG] 🎯 Célzott Forgalom Generálása (R1C1_C) | Period: 7.4425
Found 6 valid OD pairs for R1C1_C
Generating focused traffic: Period 7.4425s
[INFO] Subscriptions active: 6 (libsumo, fast mode)
[INFO] Episode duration: 900s (15 min)

[DEBUG] 🎯 Célzott Forgalom Generálása (R1C1_C) | Period: 4.4105
Found 6 valid OD pairs for R1C1_C
Generating focused traffic: Period 4.4105s
[INFO] Subscriptions active: 6 (libsumo, fast mode)
[INFO] Episode duration: 900s (15 min)

[DEBUG] 🎯 Célzott Forgalom Generálása (R1C1_C) | Period: 4.8163
Found 6 valid OD pairs for R1C1_C
Generating focused traffic: Period 4.8163s
[INFO] Subscriptions active: 6 (libsumo, fast mode)
[INFO] Episode duration: 900s (15 min)

[DEBUG] 🎯 Célzott Forgalom Generálása (R1C1_C) | Period: 7.1569
Found 6 valid OD pairs for R1C1_C
Generating focused traffic: Period 7.1569s
[INFO] Subscriptions active: 6 (libsumo, fast mode)
[INFO] Episode duration: 900s (15 min)

[DEBUG] 🎯 Célzott Forgalom Generálása (R1C1_C) | Period: 6.9968
Found 6 valid OD pairs for R1C1_C
Generating focused traffic: Period 6.9968s
[INFO] Subscriptions active: 6 (libsumo, fast mode)
[INFO] Episode duration: 900s (15 min)

[DEBUG] 🎯 Célzott Forgalom Generálása (R1C1_C) | Period: 7.7615
Found 6 valid OD pairs for R1C1_C
Generating focused traffic: Period 7.7615s
[INFO] Subscriptions active: 6 (libsumo, fast mode)
[INFO] Episode duration: 1800s (30 min)

[DEBUG] 🎯 Célzott Forgalom Generálása (R1C1_C) | Period: 6.5548
Found 6 valid OD pairs for R1C1_C
Generating focused traffic: Period 6.5548s
[INFO] Subscriptions active: 6 (libsumo, fast mode)
[INFO] Episode duration: 1800s (30 min)

[DEBUG] 🎯 Célzott Forgalom Generálása (R1C1_C) | Period: 7.3463
Found 6 valid OD pairs for R1C1_C
Generating focused traffic: Period 7.3463s
[INFO] Subscriptions active: 6 (libsumo, fast mode)
[INFO] Episode duration: 2700s (45 min)

[DEBUG] 🎯 Célzott Forgalom Generálása (R1C1_C) | Period: 6.8713
Found 6 valid OD pairs for R1C1_C
Generating focused traffic: Period 6.8713s
[INFO] Subscriptions active: 6 (libsumo, fast mode)
[INFO] Episode duration: 900s (15 min)

[DEBUG] 🎯 Célzott Forgalom Generálása (R1C1_C) | Period: 4.0985
Found 6 valid OD pairs for R1C1_C
Generating focused traffic: Period 4.0985s
[INFO] Subscriptions active: 6 (libsumo, fast mode)
[INFO] Episode duration: 900s (15 min)

[DEBUG] 🎯 Célzott Forgalom Generálása (R1C1_C) | Period: 6.5794
Found 6 valid OD pairs for R1C1_C
Generating focused traffic: Period 6.5794s
[INFO] Subscriptions active: 6 (libsumo, fast mode)
[INFO] Episode duration: 900s (15 min)

[DEBUG] 🎯 Célzott Forgalom Generálása (R1C1_C) | Period: 5.5379
Found 6 valid OD pairs for R1C1_C
Generating focused traffic: Period 5.5379s
[INFO] Subscriptions active: 6 (libsumo, fast mode)
[INFO] Episode duration: 900s (15 min)

[DEBUG] 🎯 Célzott Forgalom Generálása (R1C1_C) | Period: 4.1191
Found 6 valid OD pairs for R1C1_C
Generating focused traffic: Period 4.1191s
[INFO] Subscriptions active: 6 (libsumo, fast mode)
[INFO] Episode duration: 2700s (45 min)

[DEBUG] 🎯 Célzott Forgalom Generálása (R1C1_C) | Period: 6.0281
Found 6 valid OD pairs for R1C1_C
Generating focused traffic: Period 6.0281s
[INFO] Subscriptions active: 6 (libsumo, fast mode)
[INFO] Episode duration: 900s (15 min)

[DEBUG] 🎯 Célzott Forgalom Generálása (R1C1_C) | Period: 7.5326
Found 6 valid OD pairs for R1C1_C
Generating focused traffic: Period 7.5326s
[INFO] Subscriptions active: 6 (libsumo, fast mode)
[INFO] Episode duration: 2700s (45 min)

[DEBUG] 🎯 Célzott Forgalom Generálása (R1C1_C) | Period: 4.3165
Found 6 valid OD pairs for R1C1_C
Generating focused traffic: Period 4.3165s
[INFO] Subscriptions active: 6 (libsumo, fast mode)
[INFO] Episode duration: 3600s (60 min)

[DEBUG] 🎯 Célzott Forgalom Generálása (R1C1_C) | Period: 7.9791
Found 6 valid OD pairs for R1C1_C
Generating focused traffic: Period 7.9791s
[INFO] Subscriptions active: 6 (libsumo, fast mode)
[INFO] Episode duration: 3600s (60 min)

[DEBUG] 🎯 Célzott Forgalom Generálása (R1C1_C) | Period: 5.6193
Found 6 valid OD pairs for R1C1_C
Generating focused traffic: Period 5.6193s
[INFO] Subscriptions active: 6 (libsumo, fast mode)
[INFO] Episode duration: 1800s (30 min)

[DEBUG] 🎯 Célzott Forgalom Generálása (R1C1_C) | Period: 7.5564
Found 6 valid OD pairs for R1C1_C
Generating focused traffic: Period 7.5564s
[INFO] Subscriptions active: 6 (libsumo, fast mode)
[INFO] Episode duration: 900s (15 min)

[DEBUG] 🎯 Célzott Forgalom Generálása (R1C1_C) | Period: 5.2669
Found 6 valid OD pairs for R1C1_C
Generating focused traffic: Period 5.2669s
[INFO] Subscriptions active: 6 (libsumo, fast mode)
[INFO] Episode duration: 3600s (60 min)

[DEBUG] 🎯 Célzott Forgalom Generálása (R1C1_C) | Period: 4.9557
Found 6 valid OD pairs for R1C1_C
Generating focused traffic: Period 4.9557s
[INFO] Subscriptions active: 6 (libsumo, fast mode)
[INFO] Episode duration: 1800s (30 min)

[DEBUG] 🎯 Célzott Forgalom Generálása (R1C1_C) | Period: 7.3042
Found 6 valid OD pairs for R1C1_C
Generating focused traffic: Period 7.3042s
[INFO] Subscriptions active: 6 (libsumo, fast mode)
[INFO] Episode duration: 3600s (60 min)

[DEBUG] 🎯 Célzott Forgalom Generálása (R1C1_C) | Period: 7.8244
Found 6 valid OD pairs for R1C1_C
Generating focused traffic: Period 7.8244s
[INFO] Subscriptions active: 6 (libsumo, fast mode)
[INFO] Episode duration: 900s (15 min)

[DEBUG] 🎯 Célzott Forgalom Generálása (R1C1_C) | Period: 4.9242
Found 6 valid OD pairs for R1C1_C
Generating focused traffic: Period 4.9242s
[INFO] Subscriptions active: 6 (libsumo, fast mode)
[INFO] Episode duration: 900s (15 min)

[DEBUG] 🎯 Célzott Forgalom Generálása (R1C1_C) | Period: 5.8215
Found 6 valid OD pairs for R1C1_C
Generating focused traffic: Period 5.8215s
[INFO] Subscriptions active: 6 (libsumo, fast mode)
[INFO] Episode duration: 900s (15 min)

[DEBUG] 🎯 Célzott Forgalom Generálása (R1C1_C) | Period: 4.6843
Found 6 valid OD pairs for R1C1_C
Generating focused traffic: Period 4.6843s
[INFO] Subscriptions active: 6 (libsumo, fast mode)
[INFO] Episode duration: 900s (15 min)

[DEBUG] 🎯 Célzott Forgalom Generálása (R1C1_C) | Period: 5.8487
Found 6 valid OD pairs for R1C1_C
Generating focused traffic: Period 5.8487s
[INFO] Subscriptions active: 6 (libsumo, fast mode)
[INFO] Episode duration: 900s (15 min)

[DEBUG] 🎯 Célzott Forgalom Generálása (R1C1_C) | Period: 5.8575
Found 6 valid OD pairs for R1C1_C
Generating focused traffic: Period 5.8575s
[INFO] Subscriptions active: 6 (libsumo, fast mode)
[INFO] Episode duration: 2700s (45 min)

[DEBUG] 🎯 Célzott Forgalom Generálása (R1C1_C) | Period: 6.6838
Found 6 valid OD pairs for R1C1_C
Generating focused traffic: Period 6.6838s
[INFO] Subscriptions active: 6 (libsumo, fast mode)
------------------------------------
| rollout/              |          |
|    ep_len_mean        | 428      |
|    ep_rew_mean        | 126      |
| time/                 |          |
|    fps                | 182      |
|    iterations         | 40       |
|    time_elapsed       | 450      |
|    total_timesteps    | 81920    |
| train/                |          |
|    entropy_loss       | -1.39    |
|    explained_variance | -0.0275  |
|    learning_rate      | 0.0001   |
|    n_updates          | 39       |
|    policy_loss        | 31.1     |
|    value_loss         | 563      |
------------------------------------
[INFO] Episode duration: 900s (15 min)

[DEBUG] 🎯 Célzott Forgalom Generálása (R1C1_C) | Period: 4.975
Found 6 valid OD pairs for R1C1_C
Generating focused traffic: Period 4.9750s
[INFO] Subscriptions active: 6 (libsumo, fast mode)
[INFO] Episode duration: 900s (15 min)

[DEBUG] 🎯 Célzott Forgalom Generálása (R1C1_C) | Period: 5.703
Found 6 valid OD pairs for R1C1_C
Generating focused traffic: Period 5.7030s
[INFO] Subscriptions active: 6 (libsumo, fast mode)
[INFO] Episode duration: 900s (15 min)

[DEBUG] 🎯 Célzott Forgalom Generálása (R1C1_C) | Period: 4.918
Found 6 valid OD pairs for R1C1_C
Generating focused traffic: Period 4.9180s
[INFO] Subscriptions active: 6 (libsumo, fast mode)
[INFO] Episode duration: 900s (15 min)

[DEBUG] 🎯 Célzott Forgalom Generálása (R1C1_C) | Period: 7.063
Found 6 valid OD pairs for R1C1_C
Generating focused traffic: Period 7.0630s
[INFO] Subscriptions active: 6 (libsumo, fast mode)
[INFO] Episode duration: 3600s (60 min)

[DEBUG] 🎯 Célzott Forgalom Generálása (R1C1_C) | Period: 5.9329
Found 6 valid OD pairs for R1C1_C
Generating focused traffic: Period 5.9329s
[INFO] Subscriptions active: 6 (libsumo, fast mode)
[INFO] Episode duration: 1800s (30 min)

[DEBUG] 🎯 Célzott Forgalom Generálása (R1C1_C) | Period: 5.2466
Found 6 valid OD pairs for R1C1_C
Generating focused traffic: Period 5.2466s
[INFO] Subscriptions active: 6 (libsumo, fast mode)
[INFO] Episode duration: 2700s (45 min)

[DEBUG] 🎯 Célzott Forgalom Generálása (R1C1_C) | Period: 7.6972
Found 6 valid OD pairs for R1C1_C
Generating focused traffic: Period 7.6972s
[INFO] Subscriptions active: 6 (libsumo, fast mode)
[INFO] Episode duration: 2700s (45 min)

[DEBUG] 🎯 Célzott Forgalom Generálása (R1C1_C) | Period: 6.7709
Found 6 valid OD pairs for R1C1_C
Generating focused traffic: Period 6.7709s
[INFO] Subscriptions active: 6 (libsumo, fast mode)
[INFO] Episode duration: 900s (15 min)

[DEBUG] 🎯 Célzott Forgalom Generálása (R1C1_C) | Period: 5.1002
Found 6 valid OD pairs for R1C1_C
Generating focused traffic: Period 5.1002s
[INFO] Subscriptions active: 6 (libsumo, fast mode)
[INFO] Episode duration: 900s (15 min)

[DEBUG] 🎯 Célzott Forgalom Generálása (R1C1_C) | Period: 4.866
Found 6 valid OD pairs for R1C1_C
Generating focused traffic: Period 4.8660s
[INFO] Subscriptions active: 6 (libsumo, fast mode)
[INFO] Episode duration: 900s (15 min)

[DEBUG] 🎯 Célzott Forgalom Generálása (R1C1_C) | Period: 5.0196
Found 6 valid OD pairs for R1C1_C
Generating focused traffic: Period 5.0196s
[INFO] Subscriptions active: 6 (libsumo, fast mode)
[INFO] Episode duration: 3600s (60 min)

[DEBUG] 🎯 Célzott Forgalom Generálása (R1C1_C) | Period: 7.7443
Found 6 valid OD pairs for R1C1_C
Generating focused traffic: Period 7.7443s
[INFO] Subscriptions active: 6 (libsumo, fast mode)
[INFO] Episode duration: 900s (15 min)

[DEBUG] 🎯 Célzott Forgalom Generálása (R1C1_C) | Period: 6.3403
Found 6 valid OD pairs for R1C1_C
Generating focused traffic: Period 6.3403s
[INFO] Subscriptions active: 6 (libsumo, fast mode)
[INFO] Episode duration: 3600s (60 min)

[DEBUG] 🎯 Célzott Forgalom Generálása (R1C1_C) | Period: 5.124
Found 6 valid OD pairs for R1C1_C
Generating focused traffic: Period 5.1240s
[INFO] Subscriptions active: 6 (libsumo, fast mode)
[INFO] Episode duration: 1800s (30 min)

[DEBUG] 🎯 Célzott Forgalom Generálása (R1C1_C) | Period: 6.2353
Found 6 valid OD pairs for R1C1_C
Generating focused traffic: Period 6.2353s
[INFO] Subscriptions active: 6 (libsumo, fast mode)
[INFO] Episode duration: 2700s (45 min)

[DEBUG] 🎯 Célzott Forgalom Generálása (R1C1_C) | Period: 7.8904
Found 6 valid OD pairs for R1C1_C
Generating focused traffic: Period 7.8904s
[INFO] Subscriptions active: 6 (libsumo, fast mode)
[INFO] Episode duration: 1800s (30 min)

[DEBUG] 🎯 Célzott Forgalom Generálása (R1C1_C) | Period: 7.0386
Found 6 valid OD pairs for R1C1_C
Generating focused traffic: Period 7.0386s
[INFO] Subscriptions active: 6 (libsumo, fast mode)
[INFO] Episode duration: 2700s (45 min)

[DEBUG] 🎯 Célzott Forgalom Generálása (R1C1_C) | Period: 7.3409
Found 6 valid OD pairs for R1C1_C
Generating focused traffic: Period 7.3409s
[INFO] Subscriptions active: 6 (libsumo, fast mode)
[INFO] Episode duration: 1800s (30 min)

[DEBUG] 🎯 Célzott Forgalom Generálása (R1C1_C) | Period: 6.1305
Found 6 valid OD pairs for R1C1_C
Generating focused traffic: Period 6.1305s
[INFO] Subscriptions active: 6 (libsumo, fast mode)
[INFO] Episode duration: 3600s (60 min)

[DEBUG] 🎯 Célzott Forgalom Generálása (R1C1_C) | Period: 7.1785
Found 6 valid OD pairs for R1C1_C
Generating focused traffic: Period 7.1785s
[INFO] Subscriptions active: 6 (libsumo, fast mode)
[INFO] Episode duration: 1800s (30 min)

[DEBUG] 🎯 Célzott Forgalom Generálása (R1C1_C) | Period: 4.8452
Found 6 valid OD pairs for R1C1_C
Generating focused traffic: Period 4.8452s
[INFO] Subscriptions active: 6 (libsumo, fast mode)
[INFO] Episode duration: 2700s (45 min)

[DEBUG] 🎯 Célzott Forgalom Generálása (R1C1_C) | Period: 6.3582
Found 6 valid OD pairs for R1C1_C
Generating focused traffic: Period 6.3582s
[INFO] Subscriptions active: 6 (libsumo, fast mode)
[INFO] Episode duration: 3600s (60 min)

[DEBUG] 🎯 Célzott Forgalom Generálása (R1C1_C) | Period: 4.1711
Found 6 valid OD pairs for R1C1_C
Generating focused traffic: Period 4.1711s
[INFO] Subscriptions active: 6 (libsumo, fast mode)
[INFO] Episode duration: 3600s (60 min)

[DEBUG] 🎯 Célzott Forgalom Generálása (R1C1_C) | Period: 5.0028
Found 6 valid OD pairs for R1C1_C
Generating focused traffic: Period 5.0028s
[INFO] Subscriptions active: 6 (libsumo, fast mode)
[INFO] Episode duration: 2700s (45 min)

[DEBUG] 🎯 Célzott Forgalom Generálása (R1C1_C) | Period: 5.9328
Found 6 valid OD pairs for R1C1_C
Generating focused traffic: Period 5.9328s
[INFO] Subscriptions active: 6 (libsumo, fast mode)
[INFO] Episode duration: 3600s (60 min)

[DEBUG] 🎯 Célzott Forgalom Generálása (R1C1_C) | Period: 6.7813
Found 6 valid OD pairs for R1C1_C
Generating focused traffic: Period 6.7813s
[INFO] Subscriptions active: 6 (libsumo, fast mode)
[INFO] Episode duration: 2700s (45 min)

[DEBUG] 🎯 Célzott Forgalom Generálása (R1C1_C) | Period: 4.6801
Found 6 valid OD pairs for R1C1_C
Generating focused traffic: Period 4.6801s
[INFO] Subscriptions active: 6 (libsumo, fast mode)
[INFO] Episode duration: 3600s (60 min)

[DEBUG] 🎯 Célzott Forgalom Generálása (R1C1_C) | Period: 6.9132
Found 6 valid OD pairs for R1C1_C
Generating focused traffic: Period 6.9132s
[INFO] Subscriptions active: 6 (libsumo, fast mode)
[INFO] Episode duration: 3600s (60 min)

[DEBUG] 🎯 Célzott Forgalom Generálása (R1C1_C) | Period: 6.3031
Found 6 valid OD pairs for R1C1_C
Generating focused traffic: Period 6.3031s
[INFO] Subscriptions active: 6 (libsumo, fast mode)
[INFO] Episode duration: 900s (15 min)

[DEBUG] 🎯 Célzott Forgalom Generálása (R1C1_C) | Period: 4.9561
Found 6 valid OD pairs for R1C1_C
Generating focused traffic: Period 4.9561s
[INFO] Subscriptions active: 6 (libsumo, fast mode)
[INFO] Episode duration: 2700s (45 min)

[DEBUG] 🎯 Célzott Forgalom Generálása (R1C1_C) | Period: 4.8698
Found 6 valid OD pairs for R1C1_C
Generating focused traffic: Period 4.8698s
[INFO] Subscriptions active: 6 (libsumo, fast mode)
[INFO] Episode duration: 900s (15 min)

[DEBUG] 🎯 Célzott Forgalom Generálása (R1C1_C) | Period: 4.6327
Found 6 valid OD pairs for R1C1_C
Generating focused traffic: Period 4.6327s
[INFO] Subscriptions active: 6 (libsumo, fast mode)
[INFO] Episode duration: 2700s (45 min)

[DEBUG] 🎯 Célzott Forgalom Generálása (R1C1_C) | Period: 7.6531
Found 6 valid OD pairs for R1C1_C
Generating focused traffic: Period 7.6531s
[INFO] Subscriptions active: 6 (libsumo, fast mode)
[INFO] Episode duration: 2700s (45 min)

[DEBUG] 🎯 Célzott Forgalom Generálása (R1C1_C) | Period: 7.5148
Found 6 valid OD pairs for R1C1_C
Generating focused traffic: Period 7.5148s
[INFO] Subscriptions active: 6 (libsumo, fast mode)
[INFO] Episode duration: 1800s (30 min)
wandb: WARNING Symlinked 1 file into the W&B run directory; call wandb.save again to sync new files.
/Users/wagnertamas/Documents/Munka/cikkek/AI_agens_konyvtar/support/intergreen_matrix_calculator/rl_trainer.py:857: UserWarning: Exporting a model while it is in training mode. Please ensure that this is intended, as it may lead to different behavior during inference. Calling model.eval() before export is recommended.
  torch.onnx.export(
/Users/wagnertamas/Documents/Munka/cikkek/AI_agens_konyvtar/support/intergreen_matrix_calculator/rl_trainer.py:857: UserWarning: # 'dynamic_axes' is not recommended when dynamo=True, and may lead to 'torch._dynamo.exc.UserError: Constraints violated.' Supply the 'dynamic_shapes' argument instead if export is unsuccessful.
  torch.onnx.export(
wandb: updating run metadata
wandb: uploading pytorch_models/R1C1_C.zip; uploading output.log; uploading wandb-summary.json; uploading config.yaml
wandb: uploading output.log
wandb: 
wandb: Run history:
wandb:  R1C1_C/action_pct/phase_0 ▃▆▆▆▃▇▂▄▂▄▇▃▃▂▆▇▄▄▄▄▆▆▆▅▁▃▅▄▁▂▇▇█▅▄▇▂▃▃▂
wandb:  R1C1_C/action_pct/phase_1 ▆▅▅▁▅▆█▅▆▅▃▄▅▆▇▅▄▃▅▇▅▅▅▃▅▄▄▅▅█▇▃▇▄▅▄▆▅▆▄
wandb:  R1C1_C/action_pct/phase_2 ▅▃▃▅▅▃▅▅▅▄▂▄▃▄▄▂▄▄▃▂▃▃▄▃▆▂▅▅█▅▁▄▄▅▃▅▄▄▃▅
wandb:  R1C1_C/action_pct/phase_3 ▄▄▄▅▅▂▂▃▄▄▆▆▆▅▂▅▅▆▅▅▄▅▃▆▄█▅▄▂▃▄▅▁▄▆▃▅▅▅▅
wandb:  R1C1_C/train/entropy_loss ▁▁▁▁▃▅▅▆▆▆▆▆▆▆▅▆▆▆▅▇▇▇▆▇▇▇▇▆▇█▆█████▆▆▆▇
wandb: R1C1_C/train/learning_rate ▁▁▁▁▁▁▁▁▁▁▁▁▁▁▁▁▁▁▁▁▁▁▁▁▁▁▁▁▁▁▁▁▁▁▁▁▁▁▁▁
wandb:    R1C1_C/train/value_loss ▅▅▂▅▃▄▃▃▆▆▅▃▆▂▂▂▄▄▄█▁▄▄▄▄▄▄▄▅▅▂▅▅▄▁▅▃▃▃▃
wandb:                 avg_reward ▃▃▃▃█▃▄▃▁▃▃▃▃▄▂▅▃▅▃▃▃▃▄▃▃▃▃▆▂▃▃▃▃▅▄▄▃▃▄▃
wandb:                    episode ▁▁▁▁▂▂▂▂▃▃▃▃▃▃▄▄▄▄▄▄▅▅▅▅▅▅▆▆▆▆▆▆▇▇▇▇▇███
wandb:         episode/avg_reward ▅▄▄▆▄▆▄▅▅▃▁▄▃▇▅▃▃▄▄▄▆▄▄▆▄▅▆▃▅▆▅█▅▃▄▆▃▆▇▆
wandb:                         +7 ...
wandb: 
wandb: Run summary:
wandb:  R1C1_C/action_pct/phase_0 23.88889
wandb:  R1C1_C/action_pct/phase_1 29.44444
wandb:  R1C1_C/action_pct/phase_2 22.77778
wandb:  R1C1_C/action_pct/phase_3 23.88889
wandb:  R1C1_C/train/entropy_loss -1.38619
wandb: R1C1_C/train/learning_rate 0.0001
wandb:    R1C1_C/train/value_loss 520.63184
wandb:                 avg_reward 0.36301
wandb:                    episode 230
wandb:         episode/avg_reward 0.28276
wandb:                         +7 ...
wandb: 
wandb: 🚀 View run a2c_speed_throughput_1x8_1_R1C1_C at: https://wandb.ai/wagnertamas-budapesti-m-szaki-s-gazdas-gtudom-nyi-egyetem/sumo-rl-stat/runs/ukn3br6f
wandb: ⭐️ View project at: https://wandb.ai/wagnertamas-budapesti-m-szaki-s-gazdas-gtudom-nyi-egyetem/sumo-rl-stat
wandb: Synced 5 W&B file(s), 0 media file(s), 0 artifact file(s) and 1 other file(s)
wandb: Find logs at: ./wandb/run-20260322_010039-ukn3br6f/logs

[DEBUG] 🎯 Célzott Forgalom Generálása (R1C1_C) | Period: 4.4215
Found 6 valid OD pairs for R1C1_C
Generating focused traffic: Period 4.4215s
[INFO] Subscriptions active: 6 (libsumo, fast mode)
[INFO] Episode duration: 900s (15 min)

[DEBUG] 🎯 Célzott Forgalom Generálása (R1C1_C) | Period: 4.1718
Found 6 valid OD pairs for R1C1_C
Generating focused traffic: Period 4.1718s
[INFO] Subscriptions active: 6 (libsumo, fast mode)
[INFO] Episode duration: 2700s (45 min)

[DEBUG] 🎯 Célzott Forgalom Generálása (R1C1_C) | Period: 7.0201
Found 6 valid OD pairs for R1C1_C
Generating focused traffic: Period 7.0201s
[INFO] Subscriptions active: 6 (libsumo, fast mode)
[INFO] Episode duration: 900s (15 min)

[DEBUG] 🎯 Célzott Forgalom Generálása (R1C1_C) | Period: 7.1424
Found 6 valid OD pairs for R1C1_C
Generating focused traffic: Period 7.1424s
[INFO] Subscriptions active: 6 (libsumo, fast mode)
[INFO] Episode duration: 2700s (45 min)

[DEBUG] 🎯 Célzott Forgalom Generálása (R1C1_C) | Period: 4.1106
Found 6 valid OD pairs for R1C1_C
Generating focused traffic: Period 4.1106s
[INFO] Subscriptions active: 6 (libsumo, fast mode)
[INFO] Episode duration: 900s (15 min)

[DEBUG] 🎯 Célzott Forgalom Generálása (R1C1_C) | Period: 4.8455
Found 6 valid OD pairs for R1C1_C
Generating focused traffic: Period 4.8455s
[INFO] Subscriptions active: 6 (libsumo, fast mode)
[INFO] Episode duration: 900s (15 min)

[DEBUG] 🎯 Célzott Forgalom Generálása (R1C1_C) | Period: 4.306
Found 6 valid OD pairs for R1C1_C
Generating focused traffic: Period 4.3060s
[INFO] Subscriptions active: 6 (libsumo, fast mode)
[INFO] Episode duration: 2700s (45 min)

[DEBUG] 🎯 Célzott Forgalom Generálása (R1C1_C) | Period: 6.2772
Found 6 valid OD pairs for R1C1_C
Generating focused traffic: Period 6.2772s
[INFO] Subscriptions active: 6 (libsumo, fast mode)
On-policy training completed.
Closing environment and EXPORTING models...
Saving PyTorch ZIP models to /Users/wagnertamas/Documents/Munka/cikkek/AI_agens_konyvtar/support/intergreen_matrix_calculator/data/runs/pytorch_models...
Saved PyTorch R1C1_C to /Users/wagnertamas/Documents/Munka/cikkek/AI_agens_konyvtar/support/intergreen_matrix_calculator/data/runs/pytorch_models/R1C1_C.zip
Exporting ONNX models to /Users/wagnertamas/Documents/Munka/cikkek/AI_agens_konyvtar/support/intergreen_matrix_calculator/data/runs/onnx_models...
Failed to export R1C1_C: # Failed to convert 'dynamic_axes' to 'dynamic_shapes'. Please provide 'dynamic_shapes' directly. Refer to the documentation for 'torch.export.export' for more information on dynamic shapes.
Cleanup done.
