wandb: [wandb.login()] Loaded credentials for https://api.wandb.ai from /Users/wagnertamas/.netrc.
wandb: Currently logged in as: wagnertamas (wagnertamas-budapesti-m-szaki-s-gazdas-gtudom-nyi-egyetem) to https://api.wandb.ai. Use `wandb login --relogin` to force relogin
wandb: setting up run h9tjwe7p
wandb: Tracking run with wandb version 0.25.0
wandb: Run data is saved locally in /Users/wagnertamas/Documents/Munka/cikkek/AI_agens_konyvtar/support/intergreen_matrix_calculator/wandb/run-20260322_014055-h9tjwe7p
wandb: Run `wandb offline` to turn off syncing.
wandb: Syncing run a2c_speed_throughput_3x32_2_R1C1_C
wandb: ⭐️ View project at https://wandb.ai/wagnertamas-budapesti-m-szaki-s-gazdas-gtudom-nyi-egyetem/sumo-rl-stat
wandb: 🚀 View run at https://wandb.ai/wagnertamas-budapesti-m-szaki-s-gazdas-gtudom-nyi-egyetem/sumo-rl-stat/runs/h9tjwe7p
[INFO] Config: training_config.yaml
[INFO] Net: /Users/wagnertamas/Documents/Munka/cikkek/AI_agens_konyvtar/support/intergreen_matrix_calculator/data/mega_catalogue_v2.net.xml
[INFO] Timesteps: 100000 | Project: sumo-rl-stat
[INFO] Junction: R1C1_C
[INFO] Algorithm: a2c | Reward: speed_throughput
[INFO] Load model: None (fresh)
[INFO] Traffic: random target+spread (epizódonként)
Initializing Environment (algorithm=a2c, reward=speed_throughput)...
[INFO] Algorithm: a2c (on_policy)
[INFO] Reward mode: speed_throughput
WandB config applied (Sweep compatible).
[INFO] Junction reward params auto-loaded from /Users/wagnertamas/Documents/Munka/cikkek/AI_agens_konyvtar/support/intergreen_matrix_calculator/data/junction_reward_params.json
[INFO] Using 'libsumo' (fast headless mode, OS=darwin).
Starting SUMO...
[INFO] Episode duration: 900s (15 min)

[DEBUG] 🎯 Célzott Forgalom Generálása (R1C1_C) | Period: 4.2934
Found 6 valid OD pairs for R1C1_C
Generating focused traffic: Period 4.2934s
[INFO] Network mapped: 1 agents, 3 detectors, 3 lanes
[INFO] Subscriptions active: 6 (libsumo, fast mode)
Agents discovered: ['R1C1_C']
[INFO] RL device: mps
[INFO] On-policy training: a2c → R1C1_C
Using mps device
Wrapping the env with a `Monitor` wrapper
Wrapping the env in a DummyVecEnv.
Starting on-policy training: 100000 timesteps...
[INFO] Episode duration: 2700s (45 min)

[DEBUG] 🎯 Célzott Forgalom Generálása (R1C1_C) | Period: 5.837
Found 6 valid OD pairs for R1C1_C
Generating focused traffic: Period 5.8370s
[INFO] Subscriptions active: 6 (libsumo, fast mode)
Logging to /Users/wagnertamas/Documents/Munka/cikkek/AI_agens_konyvtar/support/intergreen_matrix_calculator/data/runs/sumo-rl-stat/R1C1_C/A2C_39
[INFO] Episode duration: 2700s (45 min)

[DEBUG] 🎯 Célzott Forgalom Generálása (R1C1_C) | Period: 7.1057
Found 6 valid OD pairs for R1C1_C
Generating focused traffic: Period 7.1057s
[INFO] Subscriptions active: 6 (libsumo, fast mode)
[INFO] Episode duration: 3600s (60 min)

[DEBUG] 🎯 Célzott Forgalom Generálása (R1C1_C) | Period: 7.5959
Found 6 valid OD pairs for R1C1_C
Generating focused traffic: Period 7.5959s
[INFO] Subscriptions active: 6 (libsumo, fast mode)
[INFO] Episode duration: 900s (15 min)

[DEBUG] 🎯 Célzott Forgalom Generálása (R1C1_C) | Period: 7.3388
Found 6 valid OD pairs for R1C1_C
Generating focused traffic: Period 7.3388s
[INFO] Subscriptions active: 6 (libsumo, fast mode)
[INFO] Episode duration: 3600s (60 min)

[DEBUG] 🎯 Célzott Forgalom Generálása (R1C1_C) | Period: 5.553
Found 6 valid OD pairs for R1C1_C
Generating focused traffic: Period 5.5530s
[INFO] Subscriptions active: 6 (libsumo, fast mode)
[INFO] Episode duration: 3600s (60 min)

[DEBUG] 🎯 Célzott Forgalom Generálása (R1C1_C) | Period: 4.1074
Found 6 valid OD pairs for R1C1_C
Generating focused traffic: Period 4.1074s
[INFO] Subscriptions active: 6 (libsumo, fast mode)
[INFO] Episode duration: 1800s (30 min)

[DEBUG] 🎯 Célzott Forgalom Generálása (R1C1_C) | Period: 5.37
Found 6 valid OD pairs for R1C1_C
Generating focused traffic: Period 5.3700s
[INFO] Subscriptions active: 6 (libsumo, fast mode)
[INFO] Episode duration: 3600s (60 min)

[DEBUG] 🎯 Célzott Forgalom Generálása (R1C1_C) | Period: 5.582
Found 6 valid OD pairs for R1C1_C
Generating focused traffic: Period 5.5820s
[INFO] Subscriptions active: 6 (libsumo, fast mode)
[INFO] Episode duration: 900s (15 min)

[DEBUG] 🎯 Célzott Forgalom Generálása (R1C1_C) | Period: 5.7211
Found 6 valid OD pairs for R1C1_C
Generating focused traffic: Period 5.7211s
[INFO] Subscriptions active: 6 (libsumo, fast mode)
[INFO] Episode duration: 900s (15 min)

[DEBUG] 🎯 Célzott Forgalom Generálása (R1C1_C) | Period: 4.521
Found 6 valid OD pairs for R1C1_C
Generating focused traffic: Period 4.5210s
[INFO] Subscriptions active: 6 (libsumo, fast mode)
[INFO] Episode duration: 2700s (45 min)

[DEBUG] 🎯 Célzott Forgalom Generálása (R1C1_C) | Period: 5.3899
Found 6 valid OD pairs for R1C1_C
Generating focused traffic: Period 5.3899s
[INFO] Subscriptions active: 6 (libsumo, fast mode)
[INFO] Episode duration: 3600s (60 min)

[DEBUG] 🎯 Célzott Forgalom Generálása (R1C1_C) | Period: 7.3698
Found 6 valid OD pairs for R1C1_C
Generating focused traffic: Period 7.3698s
[INFO] Subscriptions active: 6 (libsumo, fast mode)
[INFO] Episode duration: 900s (15 min)

[DEBUG] 🎯 Célzott Forgalom Generálása (R1C1_C) | Period: 6.6105
Found 6 valid OD pairs for R1C1_C
Generating focused traffic: Period 6.6105s
[INFO] Subscriptions active: 6 (libsumo, fast mode)
[INFO] Episode duration: 900s (15 min)

[DEBUG] 🎯 Célzott Forgalom Generálása (R1C1_C) | Period: 7.1566
Found 6 valid OD pairs for R1C1_C
Generating focused traffic: Period 7.1566s
[INFO] Subscriptions active: 6 (libsumo, fast mode)
[INFO] Episode duration: 1800s (30 min)

[DEBUG] 🎯 Célzott Forgalom Generálása (R1C1_C) | Period: 7.1349
Found 6 valid OD pairs for R1C1_C
Generating focused traffic: Period 7.1349s
[INFO] Subscriptions active: 6 (libsumo, fast mode)
[INFO] Episode duration: 2700s (45 min)

[DEBUG] 🎯 Célzott Forgalom Generálása (R1C1_C) | Period: 7.316
Found 6 valid OD pairs for R1C1_C
Generating focused traffic: Period 7.3160s
[INFO] Subscriptions active: 6 (libsumo, fast mode)
[INFO] Episode duration: 900s (15 min)

[DEBUG] 🎯 Célzott Forgalom Generálása (R1C1_C) | Period: 5.7732
Found 6 valid OD pairs for R1C1_C
Generating focused traffic: Period 5.7732s
[INFO] Subscriptions active: 6 (libsumo, fast mode)
[INFO] Episode duration: 3600s (60 min)

[DEBUG] 🎯 Célzott Forgalom Generálása (R1C1_C) | Period: 4.7464
Found 6 valid OD pairs for R1C1_C
Generating focused traffic: Period 4.7464s
[INFO] Subscriptions active: 6 (libsumo, fast mode)
[INFO] Episode duration: 900s (15 min)

[DEBUG] 🎯 Célzott Forgalom Generálása (R1C1_C) | Period: 6.7473
Found 6 valid OD pairs for R1C1_C
Generating focused traffic: Period 6.7473s
[INFO] Subscriptions active: 6 (libsumo, fast mode)
[INFO] Episode duration: 1800s (30 min)

[DEBUG] 🎯 Célzott Forgalom Generálása (R1C1_C) | Period: 7.0067
Found 6 valid OD pairs for R1C1_C
Generating focused traffic: Period 7.0067s
[INFO] Subscriptions active: 6 (libsumo, fast mode)
[INFO] Episode duration: 3600s (60 min)

[DEBUG] 🎯 Célzott Forgalom Generálása (R1C1_C) | Period: 5.9869
Found 6 valid OD pairs for R1C1_C
Generating focused traffic: Period 5.9869s
[INFO] Subscriptions active: 6 (libsumo, fast mode)
[INFO] Episode duration: 900s (15 min)

[DEBUG] 🎯 Célzott Forgalom Generálása (R1C1_C) | Period: 5.8147
Found 6 valid OD pairs for R1C1_C
Generating focused traffic: Period 5.8147s
[INFO] Subscriptions active: 6 (libsumo, fast mode)
[INFO] Episode duration: 1800s (30 min)

[DEBUG] 🎯 Célzott Forgalom Generálása (R1C1_C) | Period: 6.1474
Found 6 valid OD pairs for R1C1_C
Generating focused traffic: Period 6.1474s
[INFO] Subscriptions active: 6 (libsumo, fast mode)
[INFO] Episode duration: 900s (15 min)

[DEBUG] 🎯 Célzott Forgalom Generálása (R1C1_C) | Period: 4.7389
Found 6 valid OD pairs for R1C1_C
Generating focused traffic: Period 4.7389s
[INFO] Subscriptions active: 6 (libsumo, fast mode)
[INFO] Episode duration: 1800s (30 min)

[DEBUG] 🎯 Célzott Forgalom Generálása (R1C1_C) | Period: 6.2892
Found 6 valid OD pairs for R1C1_C
Generating focused traffic: Period 6.2892s
[INFO] Subscriptions active: 6 (libsumo, fast mode)
[INFO] Episode duration: 1800s (30 min)

[DEBUG] 🎯 Célzott Forgalom Generálása (R1C1_C) | Period: 7.978
Found 6 valid OD pairs for R1C1_C
Generating focused traffic: Period 7.9780s
[INFO] Subscriptions active: 6 (libsumo, fast mode)
[INFO] Episode duration: 3600s (60 min)

[DEBUG] 🎯 Célzott Forgalom Generálása (R1C1_C) | Period: 4.5116
Found 6 valid OD pairs for R1C1_C
Generating focused traffic: Period 4.5116s
[INFO] Subscriptions active: 6 (libsumo, fast mode)
[INFO] Episode duration: 900s (15 min)

[DEBUG] 🎯 Célzott Forgalom Generálása (R1C1_C) | Period: 6.7504
Found 6 valid OD pairs for R1C1_C
Generating focused traffic: Period 6.7504s
[INFO] Subscriptions active: 6 (libsumo, fast mode)
[INFO] Episode duration: 900s (15 min)

[DEBUG] 🎯 Célzott Forgalom Generálása (R1C1_C) | Period: 7.9695
Found 6 valid OD pairs for R1C1_C
Generating focused traffic: Period 7.9695s
[INFO] Subscriptions active: 6 (libsumo, fast mode)
[INFO] Episode duration: 3600s (60 min)

[DEBUG] 🎯 Célzott Forgalom Generálása (R1C1_C) | Period: 4.0885
Found 6 valid OD pairs for R1C1_C
Generating focused traffic: Period 4.0885s
[INFO] Subscriptions active: 6 (libsumo, fast mode)
[INFO] Episode duration: 2700s (45 min)

[DEBUG] 🎯 Célzott Forgalom Generálása (R1C1_C) | Period: 6.1573
Found 6 valid OD pairs for R1C1_C
Generating focused traffic: Period 6.1573s
[INFO] Subscriptions active: 6 (libsumo, fast mode)
[INFO] Episode duration: 900s (15 min)

[DEBUG] 🎯 Célzott Forgalom Generálása (R1C1_C) | Period: 4.5792
Found 6 valid OD pairs for R1C1_C
Generating focused traffic: Period 4.5792s
[INFO] Subscriptions active: 6 (libsumo, fast mode)
[INFO] Episode duration: 900s (15 min)

[DEBUG] 🎯 Célzott Forgalom Generálása (R1C1_C) | Period: 7.1848
Found 6 valid OD pairs for R1C1_C
Generating focused traffic: Period 7.1848s
[INFO] Subscriptions active: 6 (libsumo, fast mode)
[INFO] Episode duration: 900s (15 min)

[DEBUG] 🎯 Célzott Forgalom Generálása (R1C1_C) | Period: 4.3389
Found 6 valid OD pairs for R1C1_C
Generating focused traffic: Period 4.3389s
[INFO] Subscriptions active: 6 (libsumo, fast mode)
[INFO] Episode duration: 1800s (30 min)

[DEBUG] 🎯 Célzott Forgalom Generálása (R1C1_C) | Period: 5.3583
Found 6 valid OD pairs for R1C1_C
Generating focused traffic: Period 5.3583s
[INFO] Subscriptions active: 6 (libsumo, fast mode)
[INFO] Episode duration: 3600s (60 min)

[DEBUG] 🎯 Célzott Forgalom Generálása (R1C1_C) | Period: 6.3065
Found 6 valid OD pairs for R1C1_C
Generating focused traffic: Period 6.3065s
[INFO] Subscriptions active: 6 (libsumo, fast mode)
[INFO] Episode duration: 3600s (60 min)

[DEBUG] 🎯 Célzott Forgalom Generálása (R1C1_C) | Period: 7.5692
Found 6 valid OD pairs for R1C1_C
Generating focused traffic: Period 7.5692s
[INFO] Subscriptions active: 6 (libsumo, fast mode)
[INFO] Episode duration: 900s (15 min)

[DEBUG] 🎯 Célzott Forgalom Generálása (R1C1_C) | Period: 5.797
Found 6 valid OD pairs for R1C1_C
Generating focused traffic: Period 5.7970s
[INFO] Subscriptions active: 6 (libsumo, fast mode)
[INFO] Episode duration: 2700s (45 min)

[DEBUG] 🎯 Célzott Forgalom Generálása (R1C1_C) | Period: 7.1389
Found 6 valid OD pairs for R1C1_C
Generating focused traffic: Period 7.1389s
[INFO] Subscriptions active: 6 (libsumo, fast mode)
[INFO] Episode duration: 900s (15 min)

[DEBUG] 🎯 Célzott Forgalom Generálása (R1C1_C) | Period: 4.4791
Found 6 valid OD pairs for R1C1_C
Generating focused traffic: Period 4.4791s
[INFO] Subscriptions active: 6 (libsumo, fast mode)
[INFO] Episode duration: 2700s (45 min)

[DEBUG] 🎯 Célzott Forgalom Generálása (R1C1_C) | Period: 4.3503
Found 6 valid OD pairs for R1C1_C
Generating focused traffic: Period 4.3503s
[INFO] Subscriptions active: 6 (libsumo, fast mode)
[INFO] Episode duration: 2700s (45 min)

[DEBUG] 🎯 Célzott Forgalom Generálása (R1C1_C) | Period: 5.7862
Found 6 valid OD pairs for R1C1_C
Generating focused traffic: Period 5.7862s
[INFO] Subscriptions active: 6 (libsumo, fast mode)
[INFO] Episode duration: 1800s (30 min)

[DEBUG] 🎯 Célzott Forgalom Generálása (R1C1_C) | Period: 4.744
Found 6 valid OD pairs for R1C1_C
Generating focused traffic: Period 4.7440s
[INFO] Subscriptions active: 6 (libsumo, fast mode)
[INFO] Episode duration: 2700s (45 min)

[DEBUG] 🎯 Célzott Forgalom Generálása (R1C1_C) | Period: 7.3521
Found 6 valid OD pairs for R1C1_C
Generating focused traffic: Period 7.3521s
[INFO] Subscriptions active: 6 (libsumo, fast mode)
[INFO] Episode duration: 2700s (45 min)

[DEBUG] 🎯 Célzott Forgalom Generálása (R1C1_C) | Period: 5.3137
Found 6 valid OD pairs for R1C1_C
Generating focused traffic: Period 5.3137s
[INFO] Subscriptions active: 6 (libsumo, fast mode)
[INFO] Episode duration: 900s (15 min)

[DEBUG] 🎯 Célzott Forgalom Generálása (R1C1_C) | Period: 7.4116
Found 6 valid OD pairs for R1C1_C
Generating focused traffic: Period 7.4116s
[INFO] Subscriptions active: 6 (libsumo, fast mode)
[INFO] Episode duration: 1800s (30 min)

[DEBUG] 🎯 Célzott Forgalom Generálása (R1C1_C) | Period: 7.7808
Found 6 valid OD pairs for R1C1_C
Generating focused traffic: Period 7.7808s
[INFO] Subscriptions active: 6 (libsumo, fast mode)
[INFO] Episode duration: 3600s (60 min)

[DEBUG] 🎯 Célzott Forgalom Generálása (R1C1_C) | Period: 5.2409
Found 6 valid OD pairs for R1C1_C
Generating focused traffic: Period 5.2409s
[INFO] Subscriptions active: 6 (libsumo, fast mode)
[INFO] Episode duration: 3600s (60 min)

[DEBUG] 🎯 Célzott Forgalom Generálása (R1C1_C) | Period: 4.0123
Found 6 valid OD pairs for R1C1_C
Generating focused traffic: Period 4.0123s
[INFO] Subscriptions active: 6 (libsumo, fast mode)
------------------------------------
| rollout/              |          |
|    ep_len_mean        | 424      |
|    ep_rew_mean        | 124      |
| time/                 |          |
|    fps                | 155      |
|    iterations         | 10       |
|    time_elapsed       | 131      |
|    total_timesteps    | 20480    |
| train/                |          |
|    entropy_loss       | -1.39    |
|    explained_variance | 4.12e-05 |
|    learning_rate      | 0.0001   |
|    n_updates          | 9        |
|    policy_loss        | 30.5     |
|    value_loss         | 542      |
------------------------------------
[INFO] Episode duration: 2700s (45 min)

[DEBUG] 🎯 Célzott Forgalom Generálása (R1C1_C) | Period: 6.6111
Found 6 valid OD pairs for R1C1_C
Generating focused traffic: Period 6.6111s
[INFO] Subscriptions active: 6 (libsumo, fast mode)
[INFO] Episode duration: 3600s (60 min)

[DEBUG] 🎯 Célzott Forgalom Generálása (R1C1_C) | Period: 6.2893
Found 6 valid OD pairs for R1C1_C
Generating focused traffic: Period 6.2893s
[INFO] Subscriptions active: 6 (libsumo, fast mode)
[INFO] Episode duration: 2700s (45 min)

[DEBUG] 🎯 Célzott Forgalom Generálása (R1C1_C) | Period: 5.5856
Found 6 valid OD pairs for R1C1_C
Generating focused traffic: Period 5.5856s
[INFO] Subscriptions active: 6 (libsumo, fast mode)
[INFO] Episode duration: 2700s (45 min)

[DEBUG] 🎯 Célzott Forgalom Generálása (R1C1_C) | Period: 5.9994
Found 6 valid OD pairs for R1C1_C
Generating focused traffic: Period 5.9994s
[INFO] Subscriptions active: 6 (libsumo, fast mode)
[INFO] Episode duration: 1800s (30 min)

[DEBUG] 🎯 Célzott Forgalom Generálása (R1C1_C) | Period: 7.4148
Found 6 valid OD pairs for R1C1_C
Generating focused traffic: Period 7.4148s
[INFO] Subscriptions active: 6 (libsumo, fast mode)
[INFO] Episode duration: 900s (15 min)

[DEBUG] 🎯 Célzott Forgalom Generálása (R1C1_C) | Period: 7.3273
Found 6 valid OD pairs for R1C1_C
Generating focused traffic: Period 7.3273s
[INFO] Subscriptions active: 6 (libsumo, fast mode)
[INFO] Episode duration: 2700s (45 min)

[DEBUG] 🎯 Célzott Forgalom Generálása (R1C1_C) | Period: 6.5941
Found 6 valid OD pairs for R1C1_C
Generating focused traffic: Period 6.5941s
[INFO] Subscriptions active: 6 (libsumo, fast mode)
[INFO] Episode duration: 3600s (60 min)

[DEBUG] 🎯 Célzott Forgalom Generálása (R1C1_C) | Period: 4.6059
Found 6 valid OD pairs for R1C1_C
Generating focused traffic: Period 4.6059s
[INFO] Subscriptions active: 6 (libsumo, fast mode)
[INFO] Episode duration: 1800s (30 min)

[DEBUG] 🎯 Célzott Forgalom Generálása (R1C1_C) | Period: 4.0102
Found 6 valid OD pairs for R1C1_C
Generating focused traffic: Period 4.0102s
[INFO] Subscriptions active: 6 (libsumo, fast mode)
[INFO] Episode duration: 2700s (45 min)

[DEBUG] 🎯 Célzott Forgalom Generálása (R1C1_C) | Period: 5.2862
Found 6 valid OD pairs for R1C1_C
Generating focused traffic: Period 5.2862s
[INFO] Subscriptions active: 6 (libsumo, fast mode)
[INFO] Episode duration: 3600s (60 min)

[DEBUG] 🎯 Célzott Forgalom Generálása (R1C1_C) | Period: 5.0724
Found 6 valid OD pairs for R1C1_C
Generating focused traffic: Period 5.0724s
[INFO] Subscriptions active: 6 (libsumo, fast mode)
[INFO] Episode duration: 900s (15 min)

[DEBUG] 🎯 Célzott Forgalom Generálása (R1C1_C) | Period: 7.4754
Found 6 valid OD pairs for R1C1_C
Generating focused traffic: Period 7.4754s
[INFO] Subscriptions active: 6 (libsumo, fast mode)
[INFO] Episode duration: 1800s (30 min)

[DEBUG] 🎯 Célzott Forgalom Generálása (R1C1_C) | Period: 7.6911
Found 6 valid OD pairs for R1C1_C
Generating focused traffic: Period 7.6911s
[INFO] Subscriptions active: 6 (libsumo, fast mode)
[INFO] Episode duration: 1800s (30 min)

[DEBUG] 🎯 Célzott Forgalom Generálása (R1C1_C) | Period: 5.2034
Found 6 valid OD pairs for R1C1_C
Generating focused traffic: Period 5.2034s
[INFO] Subscriptions active: 6 (libsumo, fast mode)
[INFO] Episode duration: 900s (15 min)

[DEBUG] 🎯 Célzott Forgalom Generálása (R1C1_C) | Period: 6.9083
Found 6 valid OD pairs for R1C1_C
Generating focused traffic: Period 6.9083s
[INFO] Subscriptions active: 6 (libsumo, fast mode)
[INFO] Episode duration: 2700s (45 min)

[DEBUG] 🎯 Célzott Forgalom Generálása (R1C1_C) | Period: 5.4278
Found 6 valid OD pairs for R1C1_C
Generating focused traffic: Period 5.4278s
[INFO] Subscriptions active: 6 (libsumo, fast mode)
[INFO] Episode duration: 2700s (45 min)

[DEBUG] 🎯 Célzott Forgalom Generálása (R1C1_C) | Period: 6.3662
Found 6 valid OD pairs for R1C1_C
Generating focused traffic: Period 6.3662s
[INFO] Subscriptions active: 6 (libsumo, fast mode)
[INFO] Episode duration: 3600s (60 min)

[DEBUG] 🎯 Célzott Forgalom Generálása (R1C1_C) | Period: 4.4453
Found 6 valid OD pairs for R1C1_C
Generating focused traffic: Period 4.4453s
[INFO] Subscriptions active: 6 (libsumo, fast mode)
[INFO] Episode duration: 2700s (45 min)

[DEBUG] 🎯 Célzott Forgalom Generálása (R1C1_C) | Period: 7.9686
Found 6 valid OD pairs for R1C1_C
Generating focused traffic: Period 7.9686s
[INFO] Subscriptions active: 6 (libsumo, fast mode)
[INFO] Episode duration: 1800s (30 min)

[DEBUG] 🎯 Célzott Forgalom Generálása (R1C1_C) | Period: 7.2965
Found 6 valid OD pairs for R1C1_C
Generating focused traffic: Period 7.2965s
[INFO] Subscriptions active: 6 (libsumo, fast mode)
[INFO] Episode duration: 3600s (60 min)

[DEBUG] 🎯 Célzott Forgalom Generálása (R1C1_C) | Period: 4.0385
Found 6 valid OD pairs for R1C1_C
Generating focused traffic: Period 4.0385s
[INFO] Subscriptions active: 6 (libsumo, fast mode)
[INFO] Episode duration: 3600s (60 min)

[DEBUG] 🎯 Célzott Forgalom Generálása (R1C1_C) | Period: 5.2853
Found 6 valid OD pairs for R1C1_C
Generating focused traffic: Period 5.2853s
[INFO] Subscriptions active: 6 (libsumo, fast mode)
[INFO] Episode duration: 900s (15 min)

[DEBUG] 🎯 Célzott Forgalom Generálása (R1C1_C) | Period: 6.8009
Found 6 valid OD pairs for R1C1_C
Generating focused traffic: Period 6.8009s
[INFO] Subscriptions active: 6 (libsumo, fast mode)
[INFO] Episode duration: 1800s (30 min)

[DEBUG] 🎯 Célzott Forgalom Generálása (R1C1_C) | Period: 6.0718
Found 6 valid OD pairs for R1C1_C
Generating focused traffic: Period 6.0718s
[INFO] Subscriptions active: 6 (libsumo, fast mode)
[INFO] Episode duration: 3600s (60 min)

[DEBUG] 🎯 Célzott Forgalom Generálása (R1C1_C) | Period: 4.6229
Found 6 valid OD pairs for R1C1_C
Generating focused traffic: Period 4.6229s
[INFO] Subscriptions active: 6 (libsumo, fast mode)
[INFO] Episode duration: 1800s (30 min)

[DEBUG] 🎯 Célzott Forgalom Generálása (R1C1_C) | Period: 6.623
Found 6 valid OD pairs for R1C1_C
Generating focused traffic: Period 6.6230s
[INFO] Subscriptions active: 6 (libsumo, fast mode)
[INFO] Episode duration: 2700s (45 min)

[DEBUG] 🎯 Célzott Forgalom Generálása (R1C1_C) | Period: 4.6832
Found 6 valid OD pairs for R1C1_C
Generating focused traffic: Period 4.6832s
[INFO] Subscriptions active: 6 (libsumo, fast mode)
[INFO] Episode duration: 1800s (30 min)

[DEBUG] 🎯 Célzott Forgalom Generálása (R1C1_C) | Period: 7.7916
Found 6 valid OD pairs for R1C1_C
Generating focused traffic: Period 7.7916s
[INFO] Subscriptions active: 6 (libsumo, fast mode)
[INFO] Episode duration: 2700s (45 min)

[DEBUG] 🎯 Célzott Forgalom Generálása (R1C1_C) | Period: 5.7689
Found 6 valid OD pairs for R1C1_C
Generating focused traffic: Period 5.7689s
[INFO] Subscriptions active: 6 (libsumo, fast mode)
[INFO] Episode duration: 900s (15 min)

[DEBUG] 🎯 Célzott Forgalom Generálása (R1C1_C) | Period: 5.818
Found 6 valid OD pairs for R1C1_C
Generating focused traffic: Period 5.8180s
[INFO] Subscriptions active: 6 (libsumo, fast mode)
[INFO] Episode duration: 1800s (30 min)

[DEBUG] 🎯 Célzott Forgalom Generálása (R1C1_C) | Period: 7.8076
Found 6 valid OD pairs for R1C1_C
Generating focused traffic: Period 7.8076s
[INFO] Subscriptions active: 6 (libsumo, fast mode)
[INFO] Episode duration: 3600s (60 min)

[DEBUG] 🎯 Célzott Forgalom Generálása (R1C1_C) | Period: 5.3252
Found 6 valid OD pairs for R1C1_C
Generating focused traffic: Period 5.3252s
[INFO] Subscriptions active: 6 (libsumo, fast mode)
[INFO] Episode duration: 1800s (30 min)

[DEBUG] 🎯 Célzott Forgalom Generálása (R1C1_C) | Period: 5.0112
Found 6 valid OD pairs for R1C1_C
Generating focused traffic: Period 5.0112s
[INFO] Subscriptions active: 6 (libsumo, fast mode)
[INFO] Episode duration: 1800s (30 min)

[DEBUG] 🎯 Célzott Forgalom Generálása (R1C1_C) | Period: 4.2188
Found 6 valid OD pairs for R1C1_C
Generating focused traffic: Period 4.2188s
[INFO] Subscriptions active: 6 (libsumo, fast mode)
[INFO] Episode duration: 2700s (45 min)

[DEBUG] 🎯 Célzott Forgalom Generálása (R1C1_C) | Period: 4.3341
Found 6 valid OD pairs for R1C1_C
Generating focused traffic: Period 4.3341s
[INFO] Subscriptions active: 6 (libsumo, fast mode)
[INFO] Episode duration: 2700s (45 min)

[DEBUG] 🎯 Célzott Forgalom Generálása (R1C1_C) | Period: 5.1543
Found 6 valid OD pairs for R1C1_C
Generating focused traffic: Period 5.1543s
[INFO] Subscriptions active: 6 (libsumo, fast mode)
[INFO] Episode duration: 3600s (60 min)

[DEBUG] 🎯 Célzott Forgalom Generálása (R1C1_C) | Period: 6.542
Found 6 valid OD pairs for R1C1_C
Generating focused traffic: Period 6.5420s
[INFO] Subscriptions active: 6 (libsumo, fast mode)
[INFO] Episode duration: 1800s (30 min)

[DEBUG] 🎯 Célzott Forgalom Generálása (R1C1_C) | Period: 6.1252
Found 6 valid OD pairs for R1C1_C
Generating focused traffic: Period 6.1252s
[INFO] Subscriptions active: 6 (libsumo, fast mode)
[INFO] Episode duration: 900s (15 min)

[DEBUG] 🎯 Célzott Forgalom Generálása (R1C1_C) | Period: 5.3526
Found 6 valid OD pairs for R1C1_C
Generating focused traffic: Period 5.3526s
[INFO] Subscriptions active: 6 (libsumo, fast mode)
[INFO] Episode duration: 2700s (45 min)

[DEBUG] 🎯 Célzott Forgalom Generálása (R1C1_C) | Period: 7.227
Found 6 valid OD pairs for R1C1_C
Generating focused traffic: Period 7.2270s
[INFO] Subscriptions active: 6 (libsumo, fast mode)
[INFO] Episode duration: 2700s (45 min)

[DEBUG] 🎯 Célzott Forgalom Generálása (R1C1_C) | Period: 5.1227
Found 6 valid OD pairs for R1C1_C
Generating focused traffic: Period 5.1227s
[INFO] Subscriptions active: 6 (libsumo, fast mode)
[INFO] Episode duration: 3600s (60 min)

[DEBUG] 🎯 Célzott Forgalom Generálása (R1C1_C) | Period: 5.8315
Found 6 valid OD pairs for R1C1_C
Generating focused traffic: Period 5.8315s
[INFO] Subscriptions active: 6 (libsumo, fast mode)
------------------------------------
| rollout/              |          |
|    ep_len_mean        | 450      |
|    ep_rew_mean        | 131      |
| time/                 |          |
|    fps                | 155      |
|    iterations         | 20       |
|    time_elapsed       | 263      |
|    total_timesteps    | 40960    |
| train/                |          |
|    entropy_loss       | -1.39    |
|    explained_variance | -0.00314 |
|    learning_rate      | 0.0001   |
|    n_updates          | 19       |
|    policy_loss        | 31.3     |
|    value_loss         | 568      |
------------------------------------
[INFO] Episode duration: 900s (15 min)

[DEBUG] 🎯 Célzott Forgalom Generálása (R1C1_C) | Period: 7.1027
Found 6 valid OD pairs for R1C1_C
Generating focused traffic: Period 7.1027s
[INFO] Subscriptions active: 6 (libsumo, fast mode)
[INFO] Episode duration: 2700s (45 min)

[DEBUG] 🎯 Célzott Forgalom Generálása (R1C1_C) | Period: 7.867
Found 6 valid OD pairs for R1C1_C
Generating focused traffic: Period 7.8670s
[INFO] Subscriptions active: 6 (libsumo, fast mode)
[INFO] Episode duration: 3600s (60 min)

[DEBUG] 🎯 Célzott Forgalom Generálása (R1C1_C) | Period: 4.9405
Found 6 valid OD pairs for R1C1_C
Generating focused traffic: Period 4.9405s
[INFO] Subscriptions active: 6 (libsumo, fast mode)
[INFO] Episode duration: 3600s (60 min)

[DEBUG] 🎯 Célzott Forgalom Generálása (R1C1_C) | Period: 5.7277
Found 6 valid OD pairs for R1C1_C
Generating focused traffic: Period 5.7277s
[INFO] Subscriptions active: 6 (libsumo, fast mode)
[INFO] Episode duration: 900s (15 min)

[DEBUG] 🎯 Célzott Forgalom Generálása (R1C1_C) | Period: 7.8527
Found 6 valid OD pairs for R1C1_C
Generating focused traffic: Period 7.8527s
[INFO] Subscriptions active: 6 (libsumo, fast mode)
[INFO] Episode duration: 900s (15 min)

[DEBUG] 🎯 Célzott Forgalom Generálása (R1C1_C) | Period: 5.2511
Found 6 valid OD pairs for R1C1_C
Generating focused traffic: Period 5.2511s
[INFO] Subscriptions active: 6 (libsumo, fast mode)
[INFO] Episode duration: 1800s (30 min)

[DEBUG] 🎯 Célzott Forgalom Generálása (R1C1_C) | Period: 4.7321
Found 6 valid OD pairs for R1C1_C
Generating focused traffic: Period 4.7321s
[INFO] Subscriptions active: 6 (libsumo, fast mode)
[INFO] Episode duration: 3600s (60 min)

[DEBUG] 🎯 Célzott Forgalom Generálása (R1C1_C) | Period: 7.139
Found 6 valid OD pairs for R1C1_C
Generating focused traffic: Period 7.1390s
[INFO] Subscriptions active: 6 (libsumo, fast mode)
[INFO] Episode duration: 1800s (30 min)

[DEBUG] 🎯 Célzott Forgalom Generálása (R1C1_C) | Period: 6.1534
Found 6 valid OD pairs for R1C1_C
Generating focused traffic: Period 6.1534s
[INFO] Subscriptions active: 6 (libsumo, fast mode)
[INFO] Episode duration: 3600s (60 min)

[DEBUG] 🎯 Célzott Forgalom Generálása (R1C1_C) | Period: 5.7899
Found 6 valid OD pairs for R1C1_C
Generating focused traffic: Period 5.7899s
[INFO] Subscriptions active: 6 (libsumo, fast mode)
[INFO] Episode duration: 1800s (30 min)

[DEBUG] 🎯 Célzott Forgalom Generálása (R1C1_C) | Period: 6.0321
Found 6 valid OD pairs for R1C1_C
Generating focused traffic: Period 6.0321s
[INFO] Subscriptions active: 6 (libsumo, fast mode)
[INFO] Episode duration: 1800s (30 min)

[DEBUG] 🎯 Célzott Forgalom Generálása (R1C1_C) | Period: 6.7496
Found 6 valid OD pairs for R1C1_C
Generating focused traffic: Period 6.7496s
[INFO] Subscriptions active: 6 (libsumo, fast mode)
[INFO] Episode duration: 2700s (45 min)

[DEBUG] 🎯 Célzott Forgalom Generálása (R1C1_C) | Period: 4.043
Found 6 valid OD pairs for R1C1_C
Generating focused traffic: Period 4.0430s
[INFO] Subscriptions active: 6 (libsumo, fast mode)
[INFO] Episode duration: 2700s (45 min)

[DEBUG] 🎯 Célzott Forgalom Generálása (R1C1_C) | Period: 4.4537
Found 6 valid OD pairs for R1C1_C
Generating focused traffic: Period 4.4537s
[INFO] Subscriptions active: 6 (libsumo, fast mode)
[INFO] Episode duration: 1800s (30 min)

[DEBUG] 🎯 Célzott Forgalom Generálása (R1C1_C) | Period: 6.9549
Found 6 valid OD pairs for R1C1_C
Generating focused traffic: Period 6.9549s
[INFO] Subscriptions active: 6 (libsumo, fast mode)
[INFO] Episode duration: 1800s (30 min)

[DEBUG] 🎯 Célzott Forgalom Generálása (R1C1_C) | Period: 4.3207
Found 6 valid OD pairs for R1C1_C
Generating focused traffic: Period 4.3207s
[INFO] Subscriptions active: 6 (libsumo, fast mode)
[INFO] Episode duration: 1800s (30 min)

[DEBUG] 🎯 Célzott Forgalom Generálása (R1C1_C) | Period: 7.7623
Found 6 valid OD pairs for R1C1_C
Generating focused traffic: Period 7.7623s
[INFO] Subscriptions active: 6 (libsumo, fast mode)
[INFO] Episode duration: 1800s (30 min)

[DEBUG] 🎯 Célzott Forgalom Generálása (R1C1_C) | Period: 6.923
Found 6 valid OD pairs for R1C1_C
Generating focused traffic: Period 6.9230s
[INFO] Subscriptions active: 6 (libsumo, fast mode)
[INFO] Episode duration: 3600s (60 min)

[DEBUG] 🎯 Célzott Forgalom Generálása (R1C1_C) | Period: 6.2858
Found 6 valid OD pairs for R1C1_C
Generating focused traffic: Period 6.2858s
[INFO] Subscriptions active: 6 (libsumo, fast mode)
[INFO] Episode duration: 900s (15 min)

[DEBUG] 🎯 Célzott Forgalom Generálása (R1C1_C) | Period: 5.1289
Found 6 valid OD pairs for R1C1_C
Generating focused traffic: Period 5.1289s
[INFO] Subscriptions active: 6 (libsumo, fast mode)
[INFO] Episode duration: 2700s (45 min)

[DEBUG] 🎯 Célzott Forgalom Generálása (R1C1_C) | Period: 6.537
Found 6 valid OD pairs for R1C1_C
Generating focused traffic: Period 6.5370s
[INFO] Subscriptions active: 6 (libsumo, fast mode)
[INFO] Episode duration: 3600s (60 min)

[DEBUG] 🎯 Célzott Forgalom Generálása (R1C1_C) | Period: 6.9347
Found 6 valid OD pairs for R1C1_C
Generating focused traffic: Period 6.9347s
[INFO] Subscriptions active: 6 (libsumo, fast mode)
[INFO] Episode duration: 2700s (45 min)

[DEBUG] 🎯 Célzott Forgalom Generálása (R1C1_C) | Period: 4.8315
Found 6 valid OD pairs for R1C1_C
Generating focused traffic: Period 4.8315s
[INFO] Subscriptions active: 6 (libsumo, fast mode)
[INFO] Episode duration: 900s (15 min)

[DEBUG] 🎯 Célzott Forgalom Generálása (R1C1_C) | Period: 7.968
Found 6 valid OD pairs for R1C1_C
Generating focused traffic: Period 7.9680s
[INFO] Subscriptions active: 6 (libsumo, fast mode)
[INFO] Episode duration: 900s (15 min)

[DEBUG] 🎯 Célzott Forgalom Generálása (R1C1_C) | Period: 7.8919
Found 6 valid OD pairs for R1C1_C
Generating focused traffic: Period 7.8919s
[INFO] Subscriptions active: 6 (libsumo, fast mode)
[INFO] Episode duration: 1800s (30 min)

[DEBUG] 🎯 Célzott Forgalom Generálása (R1C1_C) | Period: 5.028
Found 6 valid OD pairs for R1C1_C
Generating focused traffic: Period 5.0280s
[INFO] Subscriptions active: 6 (libsumo, fast mode)
[INFO] Episode duration: 1800s (30 min)

[DEBUG] 🎯 Célzott Forgalom Generálása (R1C1_C) | Period: 7.1042
Found 6 valid OD pairs for R1C1_C
Generating focused traffic: Period 7.1042s
[INFO] Subscriptions active: 6 (libsumo, fast mode)
[INFO] Episode duration: 900s (15 min)

[DEBUG] 🎯 Célzott Forgalom Generálása (R1C1_C) | Period: 5.2901
Found 6 valid OD pairs for R1C1_C
Generating focused traffic: Period 5.2901s
[INFO] Subscriptions active: 6 (libsumo, fast mode)
[INFO] Episode duration: 3600s (60 min)

[DEBUG] 🎯 Célzott Forgalom Generálása (R1C1_C) | Period: 6.6103
Found 6 valid OD pairs for R1C1_C
Generating focused traffic: Period 6.6103s
[INFO] Subscriptions active: 6 (libsumo, fast mode)
[INFO] Episode duration: 1800s (30 min)

[DEBUG] 🎯 Célzott Forgalom Generálása (R1C1_C) | Period: 7.1978
Found 6 valid OD pairs for R1C1_C
Generating focused traffic: Period 7.1978s
[INFO] Subscriptions active: 6 (libsumo, fast mode)
[INFO] Episode duration: 3600s (60 min)

[DEBUG] 🎯 Célzott Forgalom Generálása (R1C1_C) | Period: 7.465
Found 6 valid OD pairs for R1C1_C
Generating focused traffic: Period 7.4650s
[INFO] Subscriptions active: 6 (libsumo, fast mode)
[INFO] Episode duration: 900s (15 min)

[DEBUG] 🎯 Célzott Forgalom Generálása (R1C1_C) | Period: 6.4547
Found 6 valid OD pairs for R1C1_C
Generating focused traffic: Period 6.4547s
[INFO] Subscriptions active: 6 (libsumo, fast mode)
[INFO] Episode duration: 900s (15 min)

[DEBUG] 🎯 Célzott Forgalom Generálása (R1C1_C) | Period: 6.3363
Found 6 valid OD pairs for R1C1_C
Generating focused traffic: Period 6.3363s
[INFO] Subscriptions active: 6 (libsumo, fast mode)
[INFO] Episode duration: 900s (15 min)

[DEBUG] 🎯 Célzott Forgalom Generálása (R1C1_C) | Period: 5.5888
Found 6 valid OD pairs for R1C1_C
Generating focused traffic: Period 5.5888s
[INFO] Subscriptions active: 6 (libsumo, fast mode)
[INFO] Episode duration: 2700s (45 min)

[DEBUG] 🎯 Célzott Forgalom Generálása (R1C1_C) | Period: 7.0781
Found 6 valid OD pairs for R1C1_C
Generating focused traffic: Period 7.0781s
[INFO] Subscriptions active: 6 (libsumo, fast mode)
[INFO] Episode duration: 1800s (30 min)

[DEBUG] 🎯 Célzott Forgalom Generálása (R1C1_C) | Period: 4.2947
Found 6 valid OD pairs for R1C1_C
Generating focused traffic: Period 4.2947s
[INFO] Subscriptions active: 6 (libsumo, fast mode)
[INFO] Episode duration: 3600s (60 min)

[DEBUG] 🎯 Célzott Forgalom Generálása (R1C1_C) | Period: 5.1262
Found 6 valid OD pairs for R1C1_C
Generating focused traffic: Period 5.1262s
[INFO] Subscriptions active: 6 (libsumo, fast mode)
[INFO] Episode duration: 900s (15 min)

[DEBUG] 🎯 Célzott Forgalom Generálása (R1C1_C) | Period: 7.9272
Found 6 valid OD pairs for R1C1_C
Generating focused traffic: Period 7.9272s
[INFO] Subscriptions active: 6 (libsumo, fast mode)
[INFO] Episode duration: 2700s (45 min)

[DEBUG] 🎯 Célzott Forgalom Generálása (R1C1_C) | Period: 4.7255
Found 6 valid OD pairs for R1C1_C
Generating focused traffic: Period 4.7255s
[INFO] Subscriptions active: 6 (libsumo, fast mode)
[INFO] Episode duration: 900s (15 min)

[DEBUG] 🎯 Célzott Forgalom Generálása (R1C1_C) | Period: 6.0019
Found 6 valid OD pairs for R1C1_C
Generating focused traffic: Period 6.0019s
[INFO] Subscriptions active: 6 (libsumo, fast mode)
[INFO] Episode duration: 1800s (30 min)

[DEBUG] 🎯 Célzott Forgalom Generálása (R1C1_C) | Period: 6.0655
Found 6 valid OD pairs for R1C1_C
Generating focused traffic: Period 6.0655s
[INFO] Subscriptions active: 6 (libsumo, fast mode)
[INFO] Episode duration: 2700s (45 min)

[DEBUG] 🎯 Célzott Forgalom Generálása (R1C1_C) | Period: 7.0053
Found 6 valid OD pairs for R1C1_C
Generating focused traffic: Period 7.0053s
[INFO] Subscriptions active: 6 (libsumo, fast mode)
[INFO] Episode duration: 2700s (45 min)

[DEBUG] 🎯 Célzott Forgalom Generálása (R1C1_C) | Period: 6.7767
Found 6 valid OD pairs for R1C1_C
Generating focused traffic: Period 6.7767s
[INFO] Subscriptions active: 6 (libsumo, fast mode)
[INFO] Episode duration: 1800s (30 min)

[DEBUG] 🎯 Célzott Forgalom Generálása (R1C1_C) | Period: 4.2793
Found 6 valid OD pairs for R1C1_C
Generating focused traffic: Period 4.2793s
[INFO] Subscriptions active: 6 (libsumo, fast mode)
[INFO] Episode duration: 900s (15 min)

[DEBUG] 🎯 Célzott Forgalom Generálása (R1C1_C) | Period: 6.6465
Found 6 valid OD pairs for R1C1_C
Generating focused traffic: Period 6.6465s
[INFO] Subscriptions active: 6 (libsumo, fast mode)
[INFO] Episode duration: 2700s (45 min)

[DEBUG] 🎯 Célzott Forgalom Generálása (R1C1_C) | Period: 4.3293
Found 6 valid OD pairs for R1C1_C
Generating focused traffic: Period 4.3293s
[INFO] Subscriptions active: 6 (libsumo, fast mode)
[INFO] Episode duration: 2700s (45 min)

[DEBUG] 🎯 Célzott Forgalom Generálása (R1C1_C) | Period: 4.6693
Found 6 valid OD pairs for R1C1_C
Generating focused traffic: Period 4.6693s
[INFO] Subscriptions active: 6 (libsumo, fast mode)
[INFO] Episode duration: 3600s (60 min)

[DEBUG] 🎯 Célzott Forgalom Generálása (R1C1_C) | Period: 7.0318
Found 6 valid OD pairs for R1C1_C
Generating focused traffic: Period 7.0318s
[INFO] Subscriptions active: 6 (libsumo, fast mode)
------------------------------------
| rollout/              |          |
|    ep_len_mean        | 452      |
|    ep_rew_mean        | 132      |
| time/                 |          |
|    fps                | 155      |
|    iterations         | 30       |
|    time_elapsed       | 395      |
|    total_timesteps    | 61440    |
| train/                |          |
|    entropy_loss       | -1.39    |
|    explained_variance | -0.00047 |
|    learning_rate      | 0.0001   |
|    n_updates          | 29       |
|    policy_loss        | 31       |
|    value_loss         | 559      |
------------------------------------
[INFO] Episode duration: 1800s (30 min)

[DEBUG] 🎯 Célzott Forgalom Generálása (R1C1_C) | Period: 4.7354
Found 6 valid OD pairs for R1C1_C
Generating focused traffic: Period 4.7354s
[INFO] Subscriptions active: 6 (libsumo, fast mode)
[INFO] Episode duration: 1800s (30 min)

[DEBUG] 🎯 Célzott Forgalom Generálása (R1C1_C) | Period: 7.7844
Found 6 valid OD pairs for R1C1_C
Generating focused traffic: Period 7.7844s
[INFO] Subscriptions active: 6 (libsumo, fast mode)
[INFO] Episode duration: 1800s (30 min)

[DEBUG] 🎯 Célzott Forgalom Generálása (R1C1_C) | Period: 4.2085
Found 6 valid OD pairs for R1C1_C
Generating focused traffic: Period 4.2085s
[INFO] Subscriptions active: 6 (libsumo, fast mode)
[INFO] Episode duration: 1800s (30 min)

[DEBUG] 🎯 Célzott Forgalom Generálása (R1C1_C) | Period: 6.2211
Found 6 valid OD pairs for R1C1_C
Generating focused traffic: Period 6.2211s
[INFO] Subscriptions active: 6 (libsumo, fast mode)
[INFO] Episode duration: 2700s (45 min)

[DEBUG] 🎯 Célzott Forgalom Generálása (R1C1_C) | Period: 5.9347
Found 6 valid OD pairs for R1C1_C
Generating focused traffic: Period 5.9347s
[INFO] Subscriptions active: 6 (libsumo, fast mode)
[INFO] Episode duration: 900s (15 min)

[DEBUG] 🎯 Célzott Forgalom Generálása (R1C1_C) | Period: 7.4795
Found 6 valid OD pairs for R1C1_C
Generating focused traffic: Period 7.4795s
[INFO] Subscriptions active: 6 (libsumo, fast mode)
[INFO] Episode duration: 1800s (30 min)

[DEBUG] 🎯 Célzott Forgalom Generálása (R1C1_C) | Period: 6.724
Found 6 valid OD pairs for R1C1_C
Generating focused traffic: Period 6.7240s
[INFO] Subscriptions active: 6 (libsumo, fast mode)
[INFO] Episode duration: 3600s (60 min)

[DEBUG] 🎯 Célzott Forgalom Generálása (R1C1_C) | Period: 4.5286
Found 6 valid OD pairs for R1C1_C
Generating focused traffic: Period 4.5286s
[INFO] Subscriptions active: 6 (libsumo, fast mode)
[INFO] Episode duration: 900s (15 min)

[DEBUG] 🎯 Célzott Forgalom Generálása (R1C1_C) | Period: 6.6792
Found 6 valid OD pairs for R1C1_C
Generating focused traffic: Period 6.6792s
[INFO] Subscriptions active: 6 (libsumo, fast mode)
[INFO] Episode duration: 3600s (60 min)

[DEBUG] 🎯 Célzott Forgalom Generálása (R1C1_C) | Period: 7.2677
Found 6 valid OD pairs for R1C1_C
Generating focused traffic: Period 7.2677s
[INFO] Subscriptions active: 6 (libsumo, fast mode)
[INFO] Episode duration: 1800s (30 min)

[DEBUG] 🎯 Célzott Forgalom Generálása (R1C1_C) | Period: 5.6319
Found 6 valid OD pairs for R1C1_C
Generating focused traffic: Period 5.6319s
[INFO] Subscriptions active: 6 (libsumo, fast mode)
[INFO] Episode duration: 1800s (30 min)

[DEBUG] 🎯 Célzott Forgalom Generálása (R1C1_C) | Period: 4.9824
Found 6 valid OD pairs for R1C1_C
Generating focused traffic: Period 4.9824s
[INFO] Subscriptions active: 6 (libsumo, fast mode)
[INFO] Episode duration: 2700s (45 min)

[DEBUG] 🎯 Célzott Forgalom Generálása (R1C1_C) | Period: 6.0152
Found 6 valid OD pairs for R1C1_C
Generating focused traffic: Period 6.0152s
[INFO] Subscriptions active: 6 (libsumo, fast mode)
[INFO] Episode duration: 900s (15 min)

[DEBUG] 🎯 Célzott Forgalom Generálása (R1C1_C) | Period: 7.1532
Found 6 valid OD pairs for R1C1_C
Generating focused traffic: Period 7.1532s
[INFO] Subscriptions active: 6 (libsumo, fast mode)
[INFO] Episode duration: 900s (15 min)

[DEBUG] 🎯 Célzott Forgalom Generálása (R1C1_C) | Period: 5.6161
Found 6 valid OD pairs for R1C1_C
Generating focused traffic: Period 5.6161s
[INFO] Subscriptions active: 6 (libsumo, fast mode)
[INFO] Episode duration: 900s (15 min)

[DEBUG] 🎯 Célzott Forgalom Generálása (R1C1_C) | Period: 5.3735
Found 6 valid OD pairs for R1C1_C
Generating focused traffic: Period 5.3735s
[INFO] Subscriptions active: 6 (libsumo, fast mode)
[INFO] Episode duration: 2700s (45 min)

[DEBUG] 🎯 Célzott Forgalom Generálása (R1C1_C) | Period: 5.4767
Found 6 valid OD pairs for R1C1_C
Generating focused traffic: Period 5.4767s
[INFO] Subscriptions active: 6 (libsumo, fast mode)
[INFO] Episode duration: 2700s (45 min)

[DEBUG] 🎯 Célzott Forgalom Generálása (R1C1_C) | Period: 4.3738
Found 6 valid OD pairs for R1C1_C
Generating focused traffic: Period 4.3738s
[INFO] Subscriptions active: 6 (libsumo, fast mode)
[INFO] Episode duration: 900s (15 min)

[DEBUG] 🎯 Célzott Forgalom Generálása (R1C1_C) | Period: 7.607
Found 6 valid OD pairs for R1C1_C
Generating focused traffic: Period 7.6070s
[INFO] Subscriptions active: 6 (libsumo, fast mode)
[INFO] Episode duration: 3600s (60 min)

[DEBUG] 🎯 Célzott Forgalom Generálása (R1C1_C) | Period: 6.9553
Found 6 valid OD pairs for R1C1_C
Generating focused traffic: Period 6.9553s
[INFO] Subscriptions active: 6 (libsumo, fast mode)
[INFO] Episode duration: 2700s (45 min)

[DEBUG] 🎯 Célzott Forgalom Generálása (R1C1_C) | Period: 5.7821
Found 6 valid OD pairs for R1C1_C
Generating focused traffic: Period 5.7821s
[INFO] Subscriptions active: 6 (libsumo, fast mode)
[INFO] Episode duration: 2700s (45 min)

[DEBUG] 🎯 Célzott Forgalom Generálása (R1C1_C) | Period: 6.9515
Found 6 valid OD pairs for R1C1_C
Generating focused traffic: Period 6.9515s
[INFO] Subscriptions active: 6 (libsumo, fast mode)
[INFO] Episode duration: 1800s (30 min)

[DEBUG] 🎯 Célzott Forgalom Generálása (R1C1_C) | Period: 7.7179
Found 6 valid OD pairs for R1C1_C
Generating focused traffic: Period 7.7179s
[INFO] Subscriptions active: 6 (libsumo, fast mode)
[INFO] Episode duration: 3600s (60 min)

[DEBUG] 🎯 Célzott Forgalom Generálása (R1C1_C) | Period: 5.6151
Found 6 valid OD pairs for R1C1_C
Generating focused traffic: Period 5.6151s
[INFO] Subscriptions active: 6 (libsumo, fast mode)
[INFO] Episode duration: 1800s (30 min)

[DEBUG] 🎯 Célzott Forgalom Generálása (R1C1_C) | Period: 4.3879
Found 6 valid OD pairs for R1C1_C
Generating focused traffic: Period 4.3879s
[INFO] Subscriptions active: 6 (libsumo, fast mode)
[INFO] Episode duration: 2700s (45 min)

[DEBUG] 🎯 Célzott Forgalom Generálása (R1C1_C) | Period: 5.07
Found 6 valid OD pairs for R1C1_C
Generating focused traffic: Period 5.0700s
[INFO] Subscriptions active: 6 (libsumo, fast mode)
[INFO] Episode duration: 2700s (45 min)

[DEBUG] 🎯 Célzott Forgalom Generálása (R1C1_C) | Period: 7.9897
Found 6 valid OD pairs for R1C1_C
Generating focused traffic: Period 7.9897s
[INFO] Subscriptions active: 6 (libsumo, fast mode)
[INFO] Episode duration: 3600s (60 min)

[DEBUG] 🎯 Célzott Forgalom Generálása (R1C1_C) | Period: 5.8633
Found 6 valid OD pairs for R1C1_C
Generating focused traffic: Period 5.8633s
[INFO] Subscriptions active: 6 (libsumo, fast mode)
[INFO] Episode duration: 2700s (45 min)

[DEBUG] 🎯 Célzott Forgalom Generálása (R1C1_C) | Period: 7.891
Found 6 valid OD pairs for R1C1_C
Generating focused traffic: Period 7.8910s
[INFO] Subscriptions active: 6 (libsumo, fast mode)
[INFO] Episode duration: 900s (15 min)

[DEBUG] 🎯 Célzott Forgalom Generálása (R1C1_C) | Period: 4.9102
Found 6 valid OD pairs for R1C1_C
Generating focused traffic: Period 4.9102s
[INFO] Subscriptions active: 6 (libsumo, fast mode)
[INFO] Episode duration: 1800s (30 min)

[DEBUG] 🎯 Célzott Forgalom Generálása (R1C1_C) | Period: 7.5267
Found 6 valid OD pairs for R1C1_C
Generating focused traffic: Period 7.5267s
[INFO] Subscriptions active: 6 (libsumo, fast mode)
[INFO] Episode duration: 3600s (60 min)

[DEBUG] 🎯 Célzott Forgalom Generálása (R1C1_C) | Period: 5.6096
Found 6 valid OD pairs for R1C1_C
Generating focused traffic: Period 5.6096s
[INFO] Subscriptions active: 6 (libsumo, fast mode)
[INFO] Episode duration: 1800s (30 min)

[DEBUG] 🎯 Célzott Forgalom Generálása (R1C1_C) | Period: 4.9308
Found 6 valid OD pairs for R1C1_C
Generating focused traffic: Period 4.9308s
[INFO] Subscriptions active: 6 (libsumo, fast mode)
[INFO] Episode duration: 1800s (30 min)

[DEBUG] 🎯 Célzott Forgalom Generálása (R1C1_C) | Period: 7.5131
Found 6 valid OD pairs for R1C1_C
Generating focused traffic: Period 7.5131s
[INFO] Subscriptions active: 6 (libsumo, fast mode)
[INFO] Episode duration: 1800s (30 min)

[DEBUG] 🎯 Célzott Forgalom Generálása (R1C1_C) | Period: 5.9005
Found 6 valid OD pairs for R1C1_C
Generating focused traffic: Period 5.9005s
[INFO] Subscriptions active: 6 (libsumo, fast mode)
[INFO] Episode duration: 1800s (30 min)

[DEBUG] 🎯 Célzott Forgalom Generálása (R1C1_C) | Period: 5.0158
Found 6 valid OD pairs for R1C1_C
Generating focused traffic: Period 5.0158s
[INFO] Subscriptions active: 6 (libsumo, fast mode)
[INFO] Episode duration: 2700s (45 min)

[DEBUG] 🎯 Célzott Forgalom Generálása (R1C1_C) | Period: 4.0245
Found 6 valid OD pairs for R1C1_C
Generating focused traffic: Period 4.0245s
[INFO] Subscriptions active: 6 (libsumo, fast mode)
[INFO] Episode duration: 900s (15 min)

[DEBUG] 🎯 Célzott Forgalom Generálása (R1C1_C) | Period: 6.2068
Found 6 valid OD pairs for R1C1_C
Generating focused traffic: Period 6.2068s
[INFO] Subscriptions active: 6 (libsumo, fast mode)
[INFO] Episode duration: 1800s (30 min)

[DEBUG] 🎯 Célzott Forgalom Generálása (R1C1_C) | Period: 4.3518
Found 6 valid OD pairs for R1C1_C
Generating focused traffic: Period 4.3518s
[INFO] Subscriptions active: 6 (libsumo, fast mode)
[INFO] Episode duration: 2700s (45 min)

[DEBUG] 🎯 Célzott Forgalom Generálása (R1C1_C) | Period: 7.2558
Found 6 valid OD pairs for R1C1_C
Generating focused traffic: Period 7.2558s
[INFO] Subscriptions active: 6 (libsumo, fast mode)
[INFO] Episode duration: 2700s (45 min)

[DEBUG] 🎯 Célzott Forgalom Generálása (R1C1_C) | Period: 4.9338
Found 6 valid OD pairs for R1C1_C
Generating focused traffic: Period 4.9338s
[INFO] Subscriptions active: 6 (libsumo, fast mode)
[INFO] Episode duration: 900s (15 min)

[DEBUG] 🎯 Célzott Forgalom Generálása (R1C1_C) | Period: 5.1371
Found 6 valid OD pairs for R1C1_C
Generating focused traffic: Period 5.1371s
[INFO] Subscriptions active: 6 (libsumo, fast mode)
[INFO] Episode duration: 3600s (60 min)

[DEBUG] 🎯 Célzott Forgalom Generálása (R1C1_C) | Period: 7.5522
Found 6 valid OD pairs for R1C1_C
Generating focused traffic: Period 7.5522s
[INFO] Subscriptions active: 6 (libsumo, fast mode)
[INFO] Episode duration: 1800s (30 min)

[DEBUG] 🎯 Célzott Forgalom Generálása (R1C1_C) | Period: 7.7811
Found 6 valid OD pairs for R1C1_C
Generating focused traffic: Period 7.7811s
[INFO] Subscriptions active: 6 (libsumo, fast mode)
[INFO] Episode duration: 3600s (60 min)

[DEBUG] 🎯 Célzott Forgalom Generálása (R1C1_C) | Period: 6.2232
Found 6 valid OD pairs for R1C1_C
Generating focused traffic: Period 6.2232s
[INFO] Subscriptions active: 6 (libsumo, fast mode)
[INFO] Episode duration: 3600s (60 min)

[DEBUG] 🎯 Célzott Forgalom Generálása (R1C1_C) | Period: 7.8667
Found 6 valid OD pairs for R1C1_C
Generating focused traffic: Period 7.8667s
[INFO] Subscriptions active: 6 (libsumo, fast mode)
------------------------------------
| rollout/              |          |
|    ep_len_mean        | 437      |
|    ep_rew_mean        | 128      |
| time/                 |          |
|    fps                | 155      |
|    iterations         | 40       |
|    time_elapsed       | 526      |
|    total_timesteps    | 81920    |
| train/                |          |
|    entropy_loss       | -1.39    |
|    explained_variance | -0.00608 |
|    learning_rate      | 0.0001   |
|    n_updates          | 39       |
|    policy_loss        | 28.8     |
|    value_loss         | 495      |
------------------------------------
[INFO] Episode duration: 1800s (30 min)

[DEBUG] 🎯 Célzott Forgalom Generálása (R1C1_C) | Period: 4.2315
Found 6 valid OD pairs for R1C1_C
Generating focused traffic: Period 4.2315s
[INFO] Subscriptions active: 6 (libsumo, fast mode)
[INFO] Episode duration: 2700s (45 min)

[DEBUG] 🎯 Célzott Forgalom Generálása (R1C1_C) | Period: 5.8717
Found 6 valid OD pairs for R1C1_C
Generating focused traffic: Period 5.8717s
[INFO] Subscriptions active: 6 (libsumo, fast mode)
[INFO] Episode duration: 3600s (60 min)

[DEBUG] 🎯 Célzott Forgalom Generálása (R1C1_C) | Period: 4.3677
Found 6 valid OD pairs for R1C1_C
Generating focused traffic: Period 4.3677s
[INFO] Subscriptions active: 6 (libsumo, fast mode)
[INFO] Episode duration: 900s (15 min)

[DEBUG] 🎯 Célzott Forgalom Generálása (R1C1_C) | Period: 7.0846
Found 6 valid OD pairs for R1C1_C
Generating focused traffic: Period 7.0846s
[INFO] Subscriptions active: 6 (libsumo, fast mode)
[INFO] Episode duration: 900s (15 min)

[DEBUG] 🎯 Célzott Forgalom Generálása (R1C1_C) | Period: 6.1122
Found 6 valid OD pairs for R1C1_C
Generating focused traffic: Period 6.1122s
[INFO] Subscriptions active: 6 (libsumo, fast mode)
[INFO] Episode duration: 1800s (30 min)

[DEBUG] 🎯 Célzott Forgalom Generálása (R1C1_C) | Period: 4.2713
Found 6 valid OD pairs for R1C1_C
Generating focused traffic: Period 4.2713s
[INFO] Subscriptions active: 6 (libsumo, fast mode)
[INFO] Episode duration: 2700s (45 min)

[DEBUG] 🎯 Célzott Forgalom Generálása (R1C1_C) | Period: 4.317
Found 6 valid OD pairs for R1C1_C
Generating focused traffic: Period 4.3170s
[INFO] Subscriptions active: 6 (libsumo, fast mode)
[INFO] Episode duration: 1800s (30 min)

[DEBUG] 🎯 Célzott Forgalom Generálása (R1C1_C) | Period: 7.405
Found 6 valid OD pairs for R1C1_C
Generating focused traffic: Period 7.4050s
[INFO] Subscriptions active: 6 (libsumo, fast mode)
[INFO] Episode duration: 2700s (45 min)

[DEBUG] 🎯 Célzott Forgalom Generálása (R1C1_C) | Period: 7.8157
Found 6 valid OD pairs for R1C1_C
Generating focused traffic: Period 7.8157s
[INFO] Subscriptions active: 6 (libsumo, fast mode)
[INFO] Episode duration: 900s (15 min)

[DEBUG] 🎯 Célzott Forgalom Generálása (R1C1_C) | Period: 4.5668
Found 6 valid OD pairs for R1C1_C
Generating focused traffic: Period 4.5668s
[INFO] Subscriptions active: 6 (libsumo, fast mode)
[INFO] Episode duration: 900s (15 min)

[DEBUG] 🎯 Célzott Forgalom Generálása (R1C1_C) | Period: 5.3338
Found 6 valid OD pairs for R1C1_C
Generating focused traffic: Period 5.3338s
[INFO] Subscriptions active: 6 (libsumo, fast mode)
[INFO] Episode duration: 900s (15 min)

[DEBUG] 🎯 Célzott Forgalom Generálása (R1C1_C) | Period: 4.1038
Found 6 valid OD pairs for R1C1_C
Generating focused traffic: Period 4.1038s
[INFO] Subscriptions active: 6 (libsumo, fast mode)
[INFO] Episode duration: 1800s (30 min)

[DEBUG] 🎯 Célzott Forgalom Generálása (R1C1_C) | Period: 5.0331
Found 6 valid OD pairs for R1C1_C
Generating focused traffic: Period 5.0331s
[INFO] Subscriptions active: 6 (libsumo, fast mode)
[INFO] Episode duration: 900s (15 min)

[DEBUG] 🎯 Célzott Forgalom Generálása (R1C1_C) | Period: 4.6383
Found 6 valid OD pairs for R1C1_C
Generating focused traffic: Period 4.6383s
[INFO] Subscriptions active: 6 (libsumo, fast mode)
[INFO] Episode duration: 2700s (45 min)

[DEBUG] 🎯 Célzott Forgalom Generálása (R1C1_C) | Period: 7.5167
Found 6 valid OD pairs for R1C1_C
Generating focused traffic: Period 7.5167s
[INFO] Subscriptions active: 6 (libsumo, fast mode)
[INFO] Episode duration: 2700s (45 min)

[DEBUG] 🎯 Célzott Forgalom Generálása (R1C1_C) | Period: 4.2065
Found 6 valid OD pairs for R1C1_C
Generating focused traffic: Period 4.2065s
[INFO] Subscriptions active: 6 (libsumo, fast mode)
[INFO] Episode duration: 3600s (60 min)

[DEBUG] 🎯 Célzott Forgalom Generálása (R1C1_C) | Period: 7.7093
Found 6 valid OD pairs for R1C1_C
Generating focused traffic: Period 7.7093s
[INFO] Subscriptions active: 6 (libsumo, fast mode)
[INFO] Episode duration: 900s (15 min)

[DEBUG] 🎯 Célzott Forgalom Generálása (R1C1_C) | Period: 6.0259
Found 6 valid OD pairs for R1C1_C
Generating focused traffic: Period 6.0259s
[INFO] Subscriptions active: 6 (libsumo, fast mode)
[INFO] Episode duration: 3600s (60 min)

[DEBUG] 🎯 Célzott Forgalom Generálása (R1C1_C) | Period: 7.9286
Found 6 valid OD pairs for R1C1_C
Generating focused traffic: Period 7.9286s
[INFO] Subscriptions active: 6 (libsumo, fast mode)
[INFO] Episode duration: 1800s (30 min)

[DEBUG] 🎯 Célzott Forgalom Generálása (R1C1_C) | Period: 4.3377
Found 6 valid OD pairs for R1C1_C
Generating focused traffic: Period 4.3377s
[INFO] Subscriptions active: 6 (libsumo, fast mode)
[INFO] Episode duration: 1800s (30 min)

[DEBUG] 🎯 Célzott Forgalom Generálása (R1C1_C) | Period: 7.4041
Found 6 valid OD pairs for R1C1_C
Generating focused traffic: Period 7.4041s
[INFO] Subscriptions active: 6 (libsumo, fast mode)
[INFO] Episode duration: 3600s (60 min)

[DEBUG] 🎯 Célzott Forgalom Generálása (R1C1_C) | Period: 6.0729
Found 6 valid OD pairs for R1C1_C
Generating focused traffic: Period 6.0729s
[INFO] Subscriptions active: 6 (libsumo, fast mode)
[INFO] Episode duration: 2700s (45 min)

[DEBUG] 🎯 Célzott Forgalom Generálása (R1C1_C) | Period: 4.1338
Found 6 valid OD pairs for R1C1_C
Generating focused traffic: Period 4.1338s
[INFO] Subscriptions active: 6 (libsumo, fast mode)
[INFO] Episode duration: 1800s (30 min)

[DEBUG] 🎯 Célzott Forgalom Generálása (R1C1_C) | Period: 6.8319
Found 6 valid OD pairs for R1C1_C
Generating focused traffic: Period 6.8319s
[INFO] Subscriptions active: 6 (libsumo, fast mode)
[INFO] Episode duration: 2700s (45 min)

[DEBUG] 🎯 Célzott Forgalom Generálása (R1C1_C) | Period: 6.7872
Found 6 valid OD pairs for R1C1_C
Generating focused traffic: Period 6.7872s
[INFO] Subscriptions active: 6 (libsumo, fast mode)
[INFO] Episode duration: 900s (15 min)

[DEBUG] 🎯 Célzott Forgalom Generálása (R1C1_C) | Period: 4.0358
Found 6 valid OD pairs for R1C1_C
Generating focused traffic: Period 4.0358s
[INFO] Subscriptions active: 6 (libsumo, fast mode)
[INFO] Episode duration: 2700s (45 min)

[DEBUG] 🎯 Célzott Forgalom Generálása (R1C1_C) | Period: 5.4264
Found 6 valid OD pairs for R1C1_C
Generating focused traffic: Period 5.4264s
[INFO] Subscriptions active: 6 (libsumo, fast mode)
[INFO] Episode duration: 2700s (45 min)

[DEBUG] 🎯 Célzott Forgalom Generálása (R1C1_C) | Period: 7.5636
Found 6 valid OD pairs for R1C1_C
Generating focused traffic: Period 7.5636s
[INFO] Subscriptions active: 6 (libsumo, fast mode)
[INFO] Episode duration: 3600s (60 min)

[DEBUG] 🎯 Célzott Forgalom Generálása (R1C1_C) | Period: 6.5595
Found 6 valid OD pairs for R1C1_C
Generating focused traffic: Period 6.5595s
[INFO] Subscriptions active: 6 (libsumo, fast mode)
[INFO] Episode duration: 1800s (30 min)

[DEBUG] 🎯 Célzott Forgalom Generálása (R1C1_C) | Period: 7.5717
Found 6 valid OD pairs for R1C1_C
Generating focused traffic: Period 7.5717s
[INFO] Subscriptions active: 6 (libsumo, fast mode)
[INFO] Episode duration: 2700s (45 min)

[DEBUG] 🎯 Célzott Forgalom Generálása (R1C1_C) | Period: 5.1938
Found 6 valid OD pairs for R1C1_C
Generating focused traffic: Period 5.1938s
[INFO] Subscriptions active: 6 (libsumo, fast mode)
[INFO] Episode duration: 900s (15 min)

[DEBUG] 🎯 Célzott Forgalom Generálása (R1C1_C) | Period: 6.0259
Found 6 valid OD pairs for R1C1_C
Generating focused traffic: Period 6.0259s
[INFO] Subscriptions active: 6 (libsumo, fast mode)
[INFO] Episode duration: 3600s (60 min)

[DEBUG] 🎯 Célzott Forgalom Generálása (R1C1_C) | Period: 6.6654
Found 6 valid OD pairs for R1C1_C
Generating focused traffic: Period 6.6654s
[INFO] Subscriptions active: 6 (libsumo, fast mode)
[INFO] Episode duration: 1800s (30 min)

[DEBUG] 🎯 Célzott Forgalom Generálása (R1C1_C) | Period: 5.4426
Found 6 valid OD pairs for R1C1_C
Generating focused traffic: Period 5.4426s
[INFO] Subscriptions active: 6 (libsumo, fast mode)
[INFO] Episode duration: 900s (15 min)
wandb: WARNING Symlinked 1 file into the W&B run directory; call wandb.save again to sync new files.
/Users/wagnertamas/Documents/Munka/cikkek/AI_agens_konyvtar/support/intergreen_matrix_calculator/rl_trainer.py:857: UserWarning: Exporting a model while it is in training mode. Please ensure that this is intended, as it may lead to different behavior during inference. Calling model.eval() before export is recommended.
  torch.onnx.export(
/Users/wagnertamas/Documents/Munka/cikkek/AI_agens_konyvtar/support/intergreen_matrix_calculator/rl_trainer.py:857: UserWarning: # 'dynamic_axes' is not recommended when dynamo=True, and may lead to 'torch._dynamo.exc.UserError: Constraints violated.' Supply the 'dynamic_shapes' argument instead if export is unsuccessful.
  torch.onnx.export(
wandb: updating run metadata
wandb: uploading output.log; uploading wandb-summary.json; uploading config.yaml; uploading pytorch_models/R1C1_C.zip
wandb: uploading output.log
wandb: 
wandb: Run history:
wandb:  R1C1_C/action_pct/phase_0 ▂▁▃▃▂▄▄▂▂█▂▅▃▆▅▄▅▄▂▄▃▅▆▅▃▂▅▃▃▃▄▃▄▃▁▄▁▄▃▆
wandb:  R1C1_C/action_pct/phase_1 ▅█▅▄▅▄▇▄▄▃▅▄▄▁▅▄▄▆▅▅▄▄▂▄▅▅▅▅▄▃▄▆▅▄▆▅▅▄▄▂
wandb:  R1C1_C/action_pct/phase_2 ▇▇▆▅▅▆▁▅█▂▆▄▇▅▇▅▆▆▇▄▇▆█▆▄▅▅▇▅▅▆▄▄█▆▄▇▆█▄
wandb:  R1C1_C/action_pct/phase_3 ▄▁▄▅▅▄▅▇▅▄▄▅▅▇▁▅▄▂▄▅▄▄▃▂▆▆▃▃▆█▄▄▄▃▅▄▆▄▃▆
wandb:  R1C1_C/train/entropy_loss ▁▂▃▂▂▃▃▃▃▃▃▄▄▆▇▇██▇▇▇▇▆▆▆▆▆▆▆▆▆▇▆▆▅▆▆▇▇▇
wandb: R1C1_C/train/learning_rate ▁▁▁▁▁▁▁▁▁▁▁▁▁▁▁▁▁▁▁▁▁▁▁▁▁▁▁▁▁▁▁▁▁▁▁▁▁▁▁▁
wandb:    R1C1_C/train/value_loss █▃▂▅▅▇▇▆▂▂▅▅▅▅▄▄▃█▁██▃▆▆▄▄▃▃▃▄▄▃▃▄▄▄▄▄▄▁
wandb:                 avg_reward ▃▅▅▆▆▄▄▄▅▃▆▅▅▆▄▆▅▅▆▄▄▅▁█▅▇▆▃▄▅▅▃▆▅▆▆▅▅▅▆
wandb:                    episode ▁▁▁▂▂▂▂▂▃▃▃▃▄▄▄▄▄▄▄▅▅▅▅▅▅▅▅▅▆▆▆▆▆▆▇▇▇▇▇█
wandb:         episode/avg_reward ▅▄▃▃▄▃▄▄▃▅▅▃▃▃▅▁▅▃▃▂▅▅█▇▇▅▆▂▄▄▆▃▃▂▃▃▃▃▅▃
wandb:                         +7 ...
wandb: 
wandb: Run summary:
wandb:  R1C1_C/action_pct/phase_0 31.11111
wandb:  R1C1_C/action_pct/phase_1 18.88889
wandb:  R1C1_C/action_pct/phase_2 22.22222
wandb:  R1C1_C/action_pct/phase_3 27.77778
wandb:  R1C1_C/train/entropy_loss -1.38607
wandb: R1C1_C/train/learning_rate 0.0001
wandb:    R1C1_C/train/value_loss 422.39014
wandb:                 avg_reward 0.23733
wandb:                    episode 229
wandb:         episode/avg_reward 0.30393
wandb:                         +7 ...
wandb: 
wandb: 🚀 View run a2c_speed_throughput_3x32_2_R1C1_C at: https://wandb.ai/wagnertamas-budapesti-m-szaki-s-gazdas-gtudom-nyi-egyetem/sumo-rl-stat/runs/h9tjwe7p
wandb: ⭐️ View project at: https://wandb.ai/wagnertamas-budapesti-m-szaki-s-gazdas-gtudom-nyi-egyetem/sumo-rl-stat
wandb: Synced 5 W&B file(s), 0 media file(s), 0 artifact file(s) and 1 other file(s)
wandb: Find logs at: ./wandb/run-20260322_014055-h9tjwe7p/logs

[DEBUG] 🎯 Célzott Forgalom Generálása (R1C1_C) | Period: 7.6956
Found 6 valid OD pairs for R1C1_C
Generating focused traffic: Period 7.6956s
[INFO] Subscriptions active: 6 (libsumo, fast mode)
[INFO] Episode duration: 3600s (60 min)

[DEBUG] 🎯 Célzott Forgalom Generálása (R1C1_C) | Period: 5.485
Found 6 valid OD pairs for R1C1_C
Generating focused traffic: Period 5.4850s
[INFO] Subscriptions active: 6 (libsumo, fast mode)
[INFO] Episode duration: 1800s (30 min)

[DEBUG] 🎯 Célzott Forgalom Generálása (R1C1_C) | Period: 4.2223
Found 6 valid OD pairs for R1C1_C
Generating focused traffic: Period 4.2223s
[INFO] Subscriptions active: 6 (libsumo, fast mode)
[INFO] Episode duration: 900s (15 min)

[DEBUG] 🎯 Célzott Forgalom Generálása (R1C1_C) | Period: 4.0543
Found 6 valid OD pairs for R1C1_C
Generating focused traffic: Period 4.0543s
[INFO] Subscriptions active: 6 (libsumo, fast mode)
[INFO] Episode duration: 3600s (60 min)

[DEBUG] 🎯 Célzott Forgalom Generálása (R1C1_C) | Period: 5.1385
Found 6 valid OD pairs for R1C1_C
Generating focused traffic: Period 5.1385s
[INFO] Subscriptions active: 6 (libsumo, fast mode)
[INFO] Episode duration: 900s (15 min)

[DEBUG] 🎯 Célzott Forgalom Generálása (R1C1_C) | Period: 6.6608
Found 6 valid OD pairs for R1C1_C
Generating focused traffic: Period 6.6608s
[INFO] Subscriptions active: 6 (libsumo, fast mode)
[INFO] Episode duration: 900s (15 min)

[DEBUG] 🎯 Célzott Forgalom Generálása (R1C1_C) | Period: 5.9937
Found 6 valid OD pairs for R1C1_C
Generating focused traffic: Period 5.9937s
[INFO] Subscriptions active: 6 (libsumo, fast mode)
[INFO] Episode duration: 1800s (30 min)

[DEBUG] 🎯 Célzott Forgalom Generálása (R1C1_C) | Period: 7.6978
Found 6 valid OD pairs for R1C1_C
Generating focused traffic: Period 7.6978s
[INFO] Subscriptions active: 6 (libsumo, fast mode)
[INFO] Episode duration: 1800s (30 min)

[DEBUG] 🎯 Célzott Forgalom Generálása (R1C1_C) | Period: 4.9798
Found 6 valid OD pairs for R1C1_C
Generating focused traffic: Period 4.9798s
[INFO] Subscriptions active: 6 (libsumo, fast mode)
[INFO] Episode duration: 1800s (30 min)

[DEBUG] 🎯 Célzott Forgalom Generálása (R1C1_C) | Period: 7.6906
Found 6 valid OD pairs for R1C1_C
Generating focused traffic: Period 7.6906s
[INFO] Subscriptions active: 6 (libsumo, fast mode)
[INFO] Episode duration: 900s (15 min)

[DEBUG] 🎯 Célzott Forgalom Generálása (R1C1_C) | Period: 4.3571
Found 6 valid OD pairs for R1C1_C
Generating focused traffic: Period 4.3571s
[INFO] Subscriptions active: 6 (libsumo, fast mode)
On-policy training completed.
Closing environment and EXPORTING models...
Saving PyTorch ZIP models to /Users/wagnertamas/Documents/Munka/cikkek/AI_agens_konyvtar/support/intergreen_matrix_calculator/data/runs/pytorch_models...
Saved PyTorch R1C1_C to /Users/wagnertamas/Documents/Munka/cikkek/AI_agens_konyvtar/support/intergreen_matrix_calculator/data/runs/pytorch_models/R1C1_C.zip
Exporting ONNX models to /Users/wagnertamas/Documents/Munka/cikkek/AI_agens_konyvtar/support/intergreen_matrix_calculator/data/runs/onnx_models...
Failed to export R1C1_C: # Failed to convert 'dynamic_axes' to 'dynamic_shapes'. Please provide 'dynamic_shapes' directly. Refer to the documentation for 'torch.export.export' for more information on dynamic shapes.
Cleanup done.
