wandb: [wandb.login()] Loaded credentials for https://api.wandb.ai from /Users/wagnertamas/.netrc.
wandb: Currently logged in as: wagnertamas (wagnertamas-budapesti-m-szaki-s-gazdas-gtudom-nyi-egyetem) to https://api.wandb.ai. Use `wandb login --relogin` to force relogin
wandb: setting up run r5brzpsk
wandb: Tracking run with wandb version 0.25.0
wandb: Run data is saved locally in /Users/wagnertamas/Documents/Munka/cikkek/AI_agens_konyvtar/support/intergreen_matrix_calculator/wandb/run-20260322_012022-r5brzpsk
wandb: Run `wandb offline` to turn off syncing.
wandb: Syncing run a2c_speed_throughput_2x8_3_R1C1_C
wandb: ⭐️ View project at https://wandb.ai/wagnertamas-budapesti-m-szaki-s-gazdas-gtudom-nyi-egyetem/sumo-rl-stat
wandb: 🚀 View run at https://wandb.ai/wagnertamas-budapesti-m-szaki-s-gazdas-gtudom-nyi-egyetem/sumo-rl-stat/runs/r5brzpsk
[INFO] Config: training_config.yaml
[INFO] Net: /Users/wagnertamas/Documents/Munka/cikkek/AI_agens_konyvtar/support/intergreen_matrix_calculator/data/mega_catalogue_v2.net.xml
[INFO] Timesteps: 100000 | Project: sumo-rl-stat
[INFO] Junction: R1C1_C
[INFO] Algorithm: a2c | Reward: speed_throughput
[INFO] Load model: None (fresh)
[INFO] Traffic: random target+spread (epizódonként)
Initializing Environment (algorithm=a2c, reward=speed_throughput)...
[INFO] Algorithm: a2c (on_policy)
[INFO] Reward mode: speed_throughput
WandB config applied (Sweep compatible).
[INFO] Junction reward params auto-loaded from /Users/wagnertamas/Documents/Munka/cikkek/AI_agens_konyvtar/support/intergreen_matrix_calculator/data/junction_reward_params.json
[INFO] Using 'libsumo' (fast headless mode, OS=darwin).
Starting SUMO...
[INFO] Episode duration: 2700s (45 min)

[DEBUG] 🎯 Célzott Forgalom Generálása (R1C1_C) | Period: 5.8101
Found 6 valid OD pairs for R1C1_C
Generating focused traffic: Period 5.8101s
[INFO] Network mapped: 1 agents, 3 detectors, 3 lanes
[INFO] Subscriptions active: 6 (libsumo, fast mode)
Agents discovered: ['R1C1_C']
[INFO] RL device: mps
[INFO] On-policy training: a2c → R1C1_C
Using mps device
Wrapping the env with a `Monitor` wrapper
Wrapping the env in a DummyVecEnv.
Starting on-policy training: 100000 timesteps...
[INFO] Episode duration: 900s (15 min)

[DEBUG] 🎯 Célzott Forgalom Generálása (R1C1_C) | Period: 7.3489
Found 6 valid OD pairs for R1C1_C
Generating focused traffic: Period 7.3489s
[INFO] Subscriptions active: 6 (libsumo, fast mode)
Logging to /Users/wagnertamas/Documents/Munka/cikkek/AI_agens_konyvtar/support/intergreen_matrix_calculator/data/runs/sumo-rl-stat/R1C1_C/A2C_19
[INFO] Episode duration: 2700s (45 min)

[DEBUG] 🎯 Célzott Forgalom Generálása (R1C1_C) | Period: 5.6225
Found 6 valid OD pairs for R1C1_C
Generating focused traffic: Period 5.6225s
[INFO] Subscriptions active: 6 (libsumo, fast mode)
[INFO] Episode duration: 1800s (30 min)

[DEBUG] 🎯 Célzott Forgalom Generálása (R1C1_C) | Period: 4.5678
Found 6 valid OD pairs for R1C1_C
Generating focused traffic: Period 4.5678s
[INFO] Subscriptions active: 6 (libsumo, fast mode)
[INFO] Episode duration: 3600s (60 min)

[DEBUG] 🎯 Célzott Forgalom Generálása (R1C1_C) | Period: 5.2187
Found 6 valid OD pairs for R1C1_C
Generating focused traffic: Period 5.2187s
[INFO] Subscriptions active: 6 (libsumo, fast mode)
[INFO] Episode duration: 1800s (30 min)

[DEBUG] 🎯 Célzott Forgalom Generálása (R1C1_C) | Period: 5.4615
Found 6 valid OD pairs for R1C1_C
Generating focused traffic: Period 5.4615s
[INFO] Subscriptions active: 6 (libsumo, fast mode)
[INFO] Episode duration: 3600s (60 min)

[DEBUG] 🎯 Célzott Forgalom Generálása (R1C1_C) | Period: 7.3608
Found 6 valid OD pairs for R1C1_C
Generating focused traffic: Period 7.3608s
[INFO] Subscriptions active: 6 (libsumo, fast mode)
[INFO] Episode duration: 1800s (30 min)

[DEBUG] 🎯 Célzott Forgalom Generálása (R1C1_C) | Period: 5.0789
Found 6 valid OD pairs for R1C1_C
Generating focused traffic: Period 5.0789s
[INFO] Subscriptions active: 6 (libsumo, fast mode)
[INFO] Episode duration: 3600s (60 min)

[DEBUG] 🎯 Célzott Forgalom Generálása (R1C1_C) | Period: 6.008
Found 6 valid OD pairs for R1C1_C
Generating focused traffic: Period 6.0080s
[INFO] Subscriptions active: 6 (libsumo, fast mode)
[INFO] Episode duration: 900s (15 min)

[DEBUG] 🎯 Célzott Forgalom Generálása (R1C1_C) | Period: 5.7233
Found 6 valid OD pairs for R1C1_C
Generating focused traffic: Period 5.7233s
[INFO] Subscriptions active: 6 (libsumo, fast mode)
[INFO] Episode duration: 2700s (45 min)

[DEBUG] 🎯 Célzott Forgalom Generálása (R1C1_C) | Period: 4.089
Found 6 valid OD pairs for R1C1_C
Generating focused traffic: Period 4.0890s
[INFO] Subscriptions active: 6 (libsumo, fast mode)
[INFO] Episode duration: 2700s (45 min)

[DEBUG] 🎯 Célzott Forgalom Generálása (R1C1_C) | Period: 6.1565
Found 6 valid OD pairs for R1C1_C
Generating focused traffic: Period 6.1565s
[INFO] Subscriptions active: 6 (libsumo, fast mode)
[INFO] Episode duration: 900s (15 min)

[DEBUG] 🎯 Célzott Forgalom Generálása (R1C1_C) | Period: 5.1161
Found 6 valid OD pairs for R1C1_C
Generating focused traffic: Period 5.1161s
[INFO] Subscriptions active: 6 (libsumo, fast mode)
[INFO] Episode duration: 2700s (45 min)

[DEBUG] 🎯 Célzott Forgalom Generálása (R1C1_C) | Period: 7.7103
Found 6 valid OD pairs for R1C1_C
Generating focused traffic: Period 7.7103s
[INFO] Subscriptions active: 6 (libsumo, fast mode)
[INFO] Episode duration: 2700s (45 min)

[DEBUG] 🎯 Célzott Forgalom Generálása (R1C1_C) | Period: 4.7156
Found 6 valid OD pairs for R1C1_C
Generating focused traffic: Period 4.7156s
[INFO] Subscriptions active: 6 (libsumo, fast mode)
[INFO] Episode duration: 1800s (30 min)

[DEBUG] 🎯 Célzott Forgalom Generálása (R1C1_C) | Period: 5.6967
Found 6 valid OD pairs for R1C1_C
Generating focused traffic: Period 5.6967s
[INFO] Subscriptions active: 6 (libsumo, fast mode)
[INFO] Episode duration: 1800s (30 min)

[DEBUG] 🎯 Célzott Forgalom Generálása (R1C1_C) | Period: 4.7665
Found 6 valid OD pairs for R1C1_C
Generating focused traffic: Period 4.7665s
[INFO] Subscriptions active: 6 (libsumo, fast mode)
[INFO] Episode duration: 900s (15 min)

[DEBUG] 🎯 Célzott Forgalom Generálása (R1C1_C) | Period: 4.0885
Found 6 valid OD pairs for R1C1_C
Generating focused traffic: Period 4.0885s
[INFO] Subscriptions active: 6 (libsumo, fast mode)
[INFO] Episode duration: 3600s (60 min)

[DEBUG] 🎯 Célzott Forgalom Generálása (R1C1_C) | Period: 6.0846
Found 6 valid OD pairs for R1C1_C
Generating focused traffic: Period 6.0846s
[INFO] Subscriptions active: 6 (libsumo, fast mode)
[INFO] Episode duration: 900s (15 min)

[DEBUG] 🎯 Célzott Forgalom Generálása (R1C1_C) | Period: 4.9775
Found 6 valid OD pairs for R1C1_C
Generating focused traffic: Period 4.9775s
[INFO] Subscriptions active: 6 (libsumo, fast mode)
[INFO] Episode duration: 1800s (30 min)

[DEBUG] 🎯 Célzott Forgalom Generálása (R1C1_C) | Period: 5.1388
Found 6 valid OD pairs for R1C1_C
Generating focused traffic: Period 5.1388s
[INFO] Subscriptions active: 6 (libsumo, fast mode)
[INFO] Episode duration: 2700s (45 min)

[DEBUG] 🎯 Célzott Forgalom Generálása (R1C1_C) | Period: 7.8244
Found 6 valid OD pairs for R1C1_C
Generating focused traffic: Period 7.8244s
[INFO] Subscriptions active: 6 (libsumo, fast mode)
[INFO] Episode duration: 1800s (30 min)

[DEBUG] 🎯 Célzott Forgalom Generálása (R1C1_C) | Period: 4.5297
Found 6 valid OD pairs for R1C1_C
Generating focused traffic: Period 4.5297s
[INFO] Subscriptions active: 6 (libsumo, fast mode)
[INFO] Episode duration: 1800s (30 min)

[DEBUG] 🎯 Célzott Forgalom Generálása (R1C1_C) | Period: 5.8844
Found 6 valid OD pairs for R1C1_C
Generating focused traffic: Period 5.8844s
[INFO] Subscriptions active: 6 (libsumo, fast mode)
[INFO] Episode duration: 3600s (60 min)

[DEBUG] 🎯 Célzott Forgalom Generálása (R1C1_C) | Period: 6.3011
Found 6 valid OD pairs for R1C1_C
Generating focused traffic: Period 6.3011s
[INFO] Subscriptions active: 6 (libsumo, fast mode)
[INFO] Episode duration: 900s (15 min)

[DEBUG] 🎯 Célzott Forgalom Generálása (R1C1_C) | Period: 5.0275
Found 6 valid OD pairs for R1C1_C
Generating focused traffic: Period 5.0275s
[INFO] Subscriptions active: 6 (libsumo, fast mode)
[INFO] Episode duration: 1800s (30 min)

[DEBUG] 🎯 Célzott Forgalom Generálása (R1C1_C) | Period: 6.6286
Found 6 valid OD pairs for R1C1_C
Generating focused traffic: Period 6.6286s
[INFO] Subscriptions active: 6 (libsumo, fast mode)
[INFO] Episode duration: 1800s (30 min)

[DEBUG] 🎯 Célzott Forgalom Generálása (R1C1_C) | Period: 7.3162
Found 6 valid OD pairs for R1C1_C
Generating focused traffic: Period 7.3162s
[INFO] Subscriptions active: 6 (libsumo, fast mode)
[INFO] Episode duration: 2700s (45 min)

[DEBUG] 🎯 Célzott Forgalom Generálása (R1C1_C) | Period: 6.4392
Found 6 valid OD pairs for R1C1_C
Generating focused traffic: Period 6.4392s
[INFO] Subscriptions active: 6 (libsumo, fast mode)
[INFO] Episode duration: 2700s (45 min)

[DEBUG] 🎯 Célzott Forgalom Generálása (R1C1_C) | Period: 4.0643
Found 6 valid OD pairs for R1C1_C
Generating focused traffic: Period 4.0643s
[INFO] Subscriptions active: 6 (libsumo, fast mode)
[INFO] Episode duration: 900s (15 min)

[DEBUG] 🎯 Célzott Forgalom Generálása (R1C1_C) | Period: 4.5356
Found 6 valid OD pairs for R1C1_C
Generating focused traffic: Period 4.5356s
[INFO] Subscriptions active: 6 (libsumo, fast mode)
[INFO] Episode duration: 3600s (60 min)

[DEBUG] 🎯 Célzott Forgalom Generálása (R1C1_C) | Period: 5.4207
Found 6 valid OD pairs for R1C1_C
Generating focused traffic: Period 5.4207s
[INFO] Subscriptions active: 6 (libsumo, fast mode)
[INFO] Episode duration: 900s (15 min)

[DEBUG] 🎯 Célzott Forgalom Generálása (R1C1_C) | Period: 6.8831
Found 6 valid OD pairs for R1C1_C
Generating focused traffic: Period 6.8831s
[INFO] Subscriptions active: 6 (libsumo, fast mode)
[INFO] Episode duration: 2700s (45 min)

[DEBUG] 🎯 Célzott Forgalom Generálása (R1C1_C) | Period: 6.9739
Found 6 valid OD pairs for R1C1_C
Generating focused traffic: Period 6.9739s
[INFO] Subscriptions active: 6 (libsumo, fast mode)
[INFO] Episode duration: 3600s (60 min)

[DEBUG] 🎯 Célzott Forgalom Generálása (R1C1_C) | Period: 7.8281
Found 6 valid OD pairs for R1C1_C
Generating focused traffic: Period 7.8281s
[INFO] Subscriptions active: 6 (libsumo, fast mode)
[INFO] Episode duration: 2700s (45 min)

[DEBUG] 🎯 Célzott Forgalom Generálása (R1C1_C) | Period: 4.8757
Found 6 valid OD pairs for R1C1_C
Generating focused traffic: Period 4.8757s
[INFO] Subscriptions active: 6 (libsumo, fast mode)
[INFO] Episode duration: 1800s (30 min)

[DEBUG] 🎯 Célzott Forgalom Generálása (R1C1_C) | Period: 6.4588
Found 6 valid OD pairs for R1C1_C
Generating focused traffic: Period 6.4588s
[INFO] Subscriptions active: 6 (libsumo, fast mode)
[INFO] Episode duration: 2700s (45 min)

[DEBUG] 🎯 Célzott Forgalom Generálása (R1C1_C) | Period: 5.2242
Found 6 valid OD pairs for R1C1_C
Generating focused traffic: Period 5.2242s
[INFO] Subscriptions active: 6 (libsumo, fast mode)
[INFO] Episode duration: 3600s (60 min)

[DEBUG] 🎯 Célzott Forgalom Generálása (R1C1_C) | Period: 7.966
Found 6 valid OD pairs for R1C1_C
Generating focused traffic: Period 7.9660s
[INFO] Subscriptions active: 6 (libsumo, fast mode)
[INFO] Episode duration: 900s (15 min)

[DEBUG] 🎯 Célzott Forgalom Generálása (R1C1_C) | Period: 7.3799
Found 6 valid OD pairs for R1C1_C
Generating focused traffic: Period 7.3799s
[INFO] Subscriptions active: 6 (libsumo, fast mode)
[INFO] Episode duration: 3600s (60 min)

[DEBUG] 🎯 Célzott Forgalom Generálása (R1C1_C) | Period: 5.9275
Found 6 valid OD pairs for R1C1_C
Generating focused traffic: Period 5.9275s
[INFO] Subscriptions active: 6 (libsumo, fast mode)
[INFO] Episode duration: 900s (15 min)

[DEBUG] 🎯 Célzott Forgalom Generálása (R1C1_C) | Period: 6.8021
Found 6 valid OD pairs for R1C1_C
Generating focused traffic: Period 6.8021s
[INFO] Subscriptions active: 6 (libsumo, fast mode)
[INFO] Episode duration: 900s (15 min)

[DEBUG] 🎯 Célzott Forgalom Generálása (R1C1_C) | Period: 7.4471
Found 6 valid OD pairs for R1C1_C
Generating focused traffic: Period 7.4471s
[INFO] Subscriptions active: 6 (libsumo, fast mode)
[INFO] Episode duration: 1800s (30 min)

[DEBUG] 🎯 Célzott Forgalom Generálása (R1C1_C) | Period: 4.6051
Found 6 valid OD pairs for R1C1_C
Generating focused traffic: Period 4.6051s
[INFO] Subscriptions active: 6 (libsumo, fast mode)
[INFO] Episode duration: 1800s (30 min)

[DEBUG] 🎯 Célzott Forgalom Generálása (R1C1_C) | Period: 4.2794
Found 6 valid OD pairs for R1C1_C
Generating focused traffic: Period 4.2794s
[INFO] Subscriptions active: 6 (libsumo, fast mode)
[INFO] Episode duration: 900s (15 min)

[DEBUG] 🎯 Célzott Forgalom Generálása (R1C1_C) | Period: 4.7123
Found 6 valid OD pairs for R1C1_C
Generating focused traffic: Period 4.7123s
[INFO] Subscriptions active: 6 (libsumo, fast mode)
[INFO] Episode duration: 2700s (45 min)

[DEBUG] 🎯 Célzott Forgalom Generálása (R1C1_C) | Period: 6.9379
Found 6 valid OD pairs for R1C1_C
Generating focused traffic: Period 6.9379s
[INFO] Subscriptions active: 6 (libsumo, fast mode)
[INFO] Episode duration: 2700s (45 min)

[DEBUG] 🎯 Célzott Forgalom Generálása (R1C1_C) | Period: 6.9135
Found 6 valid OD pairs for R1C1_C
Generating focused traffic: Period 6.9135s
[INFO] Subscriptions active: 6 (libsumo, fast mode)
[INFO] Episode duration: 900s (15 min)

[DEBUG] 🎯 Célzott Forgalom Generálása (R1C1_C) | Period: 6.9746
Found 6 valid OD pairs for R1C1_C
Generating focused traffic: Period 6.9746s
[INFO] Subscriptions active: 6 (libsumo, fast mode)
------------------------------------
| rollout/              |          |
|    ep_len_mean        | 433      |
|    ep_rew_mean        | 127      |
| time/                 |          |
|    fps                | 159      |
|    iterations         | 10       |
|    time_elapsed       | 128      |
|    total_timesteps    | 20480    |
| train/                |          |
|    entropy_loss       | -1.39    |
|    explained_variance | 0.000701 |
|    learning_rate      | 0.0001   |
|    n_updates          | 9        |
|    policy_loss        | 29.4     |
|    value_loss         | 515      |
------------------------------------
[INFO] Episode duration: 1800s (30 min)

[DEBUG] 🎯 Célzott Forgalom Generálása (R1C1_C) | Period: 5.5599
Found 6 valid OD pairs for R1C1_C
Generating focused traffic: Period 5.5599s
[INFO] Subscriptions active: 6 (libsumo, fast mode)
[INFO] Episode duration: 3600s (60 min)

[DEBUG] 🎯 Célzott Forgalom Generálása (R1C1_C) | Period: 5.627
Found 6 valid OD pairs for R1C1_C
Generating focused traffic: Period 5.6270s
[INFO] Subscriptions active: 6 (libsumo, fast mode)
[INFO] Episode duration: 2700s (45 min)

[DEBUG] 🎯 Célzott Forgalom Generálása (R1C1_C) | Period: 4.4268
Found 6 valid OD pairs for R1C1_C
Generating focused traffic: Period 4.4268s
[INFO] Subscriptions active: 6 (libsumo, fast mode)
[INFO] Episode duration: 2700s (45 min)

[DEBUG] 🎯 Célzott Forgalom Generálása (R1C1_C) | Period: 7.2839
Found 6 valid OD pairs for R1C1_C
Generating focused traffic: Period 7.2839s
[INFO] Subscriptions active: 6 (libsumo, fast mode)
[INFO] Episode duration: 3600s (60 min)

[DEBUG] 🎯 Célzott Forgalom Generálása (R1C1_C) | Period: 4.5767
Found 6 valid OD pairs for R1C1_C
Generating focused traffic: Period 4.5767s
[INFO] Subscriptions active: 6 (libsumo, fast mode)
[INFO] Episode duration: 3600s (60 min)

[DEBUG] 🎯 Célzott Forgalom Generálása (R1C1_C) | Period: 6.932
Found 6 valid OD pairs for R1C1_C
Generating focused traffic: Period 6.9320s
[INFO] Subscriptions active: 6 (libsumo, fast mode)
[INFO] Episode duration: 900s (15 min)

[DEBUG] 🎯 Célzott Forgalom Generálása (R1C1_C) | Period: 4.6887
Found 6 valid OD pairs for R1C1_C
Generating focused traffic: Period 4.6887s
[INFO] Subscriptions active: 6 (libsumo, fast mode)
[INFO] Episode duration: 2700s (45 min)

[DEBUG] 🎯 Célzott Forgalom Generálása (R1C1_C) | Period: 6.3853
Found 6 valid OD pairs for R1C1_C
Generating focused traffic: Period 6.3853s
[INFO] Subscriptions active: 6 (libsumo, fast mode)
[INFO] Episode duration: 900s (15 min)

[DEBUG] 🎯 Célzott Forgalom Generálása (R1C1_C) | Period: 5.1613
Found 6 valid OD pairs for R1C1_C
Generating focused traffic: Period 5.1613s
[INFO] Subscriptions active: 6 (libsumo, fast mode)
[INFO] Episode duration: 900s (15 min)

[DEBUG] 🎯 Célzott Forgalom Generálása (R1C1_C) | Period: 5.2583
Found 6 valid OD pairs for R1C1_C
Generating focused traffic: Period 5.2583s
[INFO] Subscriptions active: 6 (libsumo, fast mode)
[INFO] Episode duration: 900s (15 min)

[DEBUG] 🎯 Célzott Forgalom Generálása (R1C1_C) | Period: 4.6917
Found 6 valid OD pairs for R1C1_C
Generating focused traffic: Period 4.6917s
[INFO] Subscriptions active: 6 (libsumo, fast mode)
[INFO] Episode duration: 900s (15 min)

[DEBUG] 🎯 Célzott Forgalom Generálása (R1C1_C) | Period: 7.2493
Found 6 valid OD pairs for R1C1_C
Generating focused traffic: Period 7.2493s
[INFO] Subscriptions active: 6 (libsumo, fast mode)
[INFO] Episode duration: 3600s (60 min)

[DEBUG] 🎯 Célzott Forgalom Generálása (R1C1_C) | Period: 4.1956
Found 6 valid OD pairs for R1C1_C
Generating focused traffic: Period 4.1956s
[INFO] Subscriptions active: 6 (libsumo, fast mode)
[INFO] Episode duration: 1800s (30 min)

[DEBUG] 🎯 Célzott Forgalom Generálása (R1C1_C) | Period: 6.6677
Found 6 valid OD pairs for R1C1_C
Generating focused traffic: Period 6.6677s
[INFO] Subscriptions active: 6 (libsumo, fast mode)
[INFO] Episode duration: 2700s (45 min)

[DEBUG] 🎯 Célzott Forgalom Generálása (R1C1_C) | Period: 5.0431
Found 6 valid OD pairs for R1C1_C
Generating focused traffic: Period 5.0431s
[INFO] Subscriptions active: 6 (libsumo, fast mode)
[INFO] Episode duration: 2700s (45 min)

[DEBUG] 🎯 Célzott Forgalom Generálása (R1C1_C) | Period: 4.5724
Found 6 valid OD pairs for R1C1_C
Generating focused traffic: Period 4.5724s
[INFO] Subscriptions active: 6 (libsumo, fast mode)
[INFO] Episode duration: 3600s (60 min)

[DEBUG] 🎯 Célzott Forgalom Generálása (R1C1_C) | Period: 5.8721
Found 6 valid OD pairs for R1C1_C
Generating focused traffic: Period 5.8721s
[INFO] Subscriptions active: 6 (libsumo, fast mode)
[INFO] Episode duration: 1800s (30 min)

[DEBUG] 🎯 Célzott Forgalom Generálása (R1C1_C) | Period: 5.9337
Found 6 valid OD pairs for R1C1_C
Generating focused traffic: Period 5.9337s
[INFO] Subscriptions active: 6 (libsumo, fast mode)
[INFO] Episode duration: 900s (15 min)

[DEBUG] 🎯 Célzott Forgalom Generálása (R1C1_C) | Period: 6.816
Found 6 valid OD pairs for R1C1_C
Generating focused traffic: Period 6.8160s
[INFO] Subscriptions active: 6 (libsumo, fast mode)
[INFO] Episode duration: 1800s (30 min)

[DEBUG] 🎯 Célzott Forgalom Generálása (R1C1_C) | Period: 6.3456
Found 6 valid OD pairs for R1C1_C
Generating focused traffic: Period 6.3456s
[INFO] Subscriptions active: 6 (libsumo, fast mode)
[INFO] Episode duration: 1800s (30 min)

[DEBUG] 🎯 Célzott Forgalom Generálása (R1C1_C) | Period: 4.6634
Found 6 valid OD pairs for R1C1_C
Generating focused traffic: Period 4.6634s
[INFO] Subscriptions active: 6 (libsumo, fast mode)
[INFO] Episode duration: 1800s (30 min)

[DEBUG] 🎯 Célzott Forgalom Generálása (R1C1_C) | Period: 6.3054
Found 6 valid OD pairs for R1C1_C
Generating focused traffic: Period 6.3054s
[INFO] Subscriptions active: 6 (libsumo, fast mode)
[INFO] Episode duration: 900s (15 min)

[DEBUG] 🎯 Célzott Forgalom Generálása (R1C1_C) | Period: 6.9329
Found 6 valid OD pairs for R1C1_C
Generating focused traffic: Period 6.9329s
[INFO] Subscriptions active: 6 (libsumo, fast mode)
[INFO] Episode duration: 1800s (30 min)

[DEBUG] 🎯 Célzott Forgalom Generálása (R1C1_C) | Period: 5.0664
Found 6 valid OD pairs for R1C1_C
Generating focused traffic: Period 5.0664s
[INFO] Subscriptions active: 6 (libsumo, fast mode)
[INFO] Episode duration: 900s (15 min)

[DEBUG] 🎯 Célzott Forgalom Generálása (R1C1_C) | Period: 7.4164
Found 6 valid OD pairs for R1C1_C
Generating focused traffic: Period 7.4164s
[INFO] Subscriptions active: 6 (libsumo, fast mode)
[INFO] Episode duration: 900s (15 min)

[DEBUG] 🎯 Célzott Forgalom Generálása (R1C1_C) | Period: 5.5945
Found 6 valid OD pairs for R1C1_C
Generating focused traffic: Period 5.5945s
[INFO] Subscriptions active: 6 (libsumo, fast mode)
[INFO] Episode duration: 900s (15 min)

[DEBUG] 🎯 Célzott Forgalom Generálása (R1C1_C) | Period: 4.6472
Found 6 valid OD pairs for R1C1_C
Generating focused traffic: Period 4.6472s
[INFO] Subscriptions active: 6 (libsumo, fast mode)
[INFO] Episode duration: 900s (15 min)

[DEBUG] 🎯 Célzott Forgalom Generálása (R1C1_C) | Period: 4.2043
Found 6 valid OD pairs for R1C1_C
Generating focused traffic: Period 4.2043s
[INFO] Subscriptions active: 6 (libsumo, fast mode)
[INFO] Episode duration: 2700s (45 min)

[DEBUG] 🎯 Célzott Forgalom Generálása (R1C1_C) | Period: 6.9762
Found 6 valid OD pairs for R1C1_C
Generating focused traffic: Period 6.9762s
[INFO] Subscriptions active: 6 (libsumo, fast mode)
[INFO] Episode duration: 900s (15 min)

[DEBUG] 🎯 Célzott Forgalom Generálása (R1C1_C) | Period: 7.7263
Found 6 valid OD pairs for R1C1_C
Generating focused traffic: Period 7.7263s
[INFO] Subscriptions active: 6 (libsumo, fast mode)
[INFO] Episode duration: 3600s (60 min)

[DEBUG] 🎯 Célzott Forgalom Generálása (R1C1_C) | Period: 4.8553
Found 6 valid OD pairs for R1C1_C
Generating focused traffic: Period 4.8553s
[INFO] Subscriptions active: 6 (libsumo, fast mode)
[INFO] Episode duration: 1800s (30 min)

[DEBUG] 🎯 Célzott Forgalom Generálása (R1C1_C) | Period: 4.1697
Found 6 valid OD pairs for R1C1_C
Generating focused traffic: Period 4.1697s
[INFO] Subscriptions active: 6 (libsumo, fast mode)
[INFO] Episode duration: 3600s (60 min)

[DEBUG] 🎯 Célzott Forgalom Generálása (R1C1_C) | Period: 7.1105
Found 6 valid OD pairs for R1C1_C
Generating focused traffic: Period 7.1105s
[INFO] Subscriptions active: 6 (libsumo, fast mode)
[INFO] Episode duration: 3600s (60 min)

[DEBUG] 🎯 Célzott Forgalom Generálása (R1C1_C) | Period: 6.1026
Found 6 valid OD pairs for R1C1_C
Generating focused traffic: Period 6.1026s
[INFO] Subscriptions active: 6 (libsumo, fast mode)
[INFO] Episode duration: 900s (15 min)

[DEBUG] 🎯 Célzott Forgalom Generálása (R1C1_C) | Period: 6.9977
Found 6 valid OD pairs for R1C1_C
Generating focused traffic: Period 6.9977s
[INFO] Subscriptions active: 6 (libsumo, fast mode)
[INFO] Episode duration: 3600s (60 min)

[DEBUG] 🎯 Célzott Forgalom Generálása (R1C1_C) | Period: 7.4656
Found 6 valid OD pairs for R1C1_C
Generating focused traffic: Period 7.4656s
[INFO] Subscriptions active: 6 (libsumo, fast mode)
[INFO] Episode duration: 3600s (60 min)

[DEBUG] 🎯 Célzott Forgalom Generálása (R1C1_C) | Period: 7.3203
Found 6 valid OD pairs for R1C1_C
Generating focused traffic: Period 7.3203s
[INFO] Subscriptions active: 6 (libsumo, fast mode)
[INFO] Episode duration: 1800s (30 min)

[DEBUG] 🎯 Célzott Forgalom Generálása (R1C1_C) | Period: 6.0546
Found 6 valid OD pairs for R1C1_C
Generating focused traffic: Period 6.0546s
[INFO] Subscriptions active: 6 (libsumo, fast mode)
[INFO] Episode duration: 900s (15 min)

[DEBUG] 🎯 Célzott Forgalom Generálása (R1C1_C) | Period: 5.9648
Found 6 valid OD pairs for R1C1_C
Generating focused traffic: Period 5.9648s
[INFO] Subscriptions active: 6 (libsumo, fast mode)
[INFO] Episode duration: 1800s (30 min)

[DEBUG] 🎯 Célzott Forgalom Generálása (R1C1_C) | Period: 7.9225
Found 6 valid OD pairs for R1C1_C
Generating focused traffic: Period 7.9225s
[INFO] Subscriptions active: 6 (libsumo, fast mode)
[INFO] Episode duration: 900s (15 min)

[DEBUG] 🎯 Célzott Forgalom Generálása (R1C1_C) | Period: 7.9927
Found 6 valid OD pairs for R1C1_C
Generating focused traffic: Period 7.9927s
[INFO] Subscriptions active: 6 (libsumo, fast mode)
[INFO] Episode duration: 1800s (30 min)

[DEBUG] 🎯 Célzott Forgalom Generálása (R1C1_C) | Period: 5.0635
Found 6 valid OD pairs for R1C1_C
Generating focused traffic: Period 5.0635s
[INFO] Subscriptions active: 6 (libsumo, fast mode)
[INFO] Episode duration: 2700s (45 min)

[DEBUG] 🎯 Célzott Forgalom Generálása (R1C1_C) | Period: 6.4582
Found 6 valid OD pairs for R1C1_C
Generating focused traffic: Period 6.4582s
[INFO] Subscriptions active: 6 (libsumo, fast mode)
[INFO] Episode duration: 1800s (30 min)

[DEBUG] 🎯 Célzott Forgalom Generálása (R1C1_C) | Period: 5.3909
Found 6 valid OD pairs for R1C1_C
Generating focused traffic: Period 5.3909s
[INFO] Subscriptions active: 6 (libsumo, fast mode)
[INFO] Episode duration: 1800s (30 min)

[DEBUG] 🎯 Célzott Forgalom Generálása (R1C1_C) | Period: 4.8722
Found 6 valid OD pairs for R1C1_C
Generating focused traffic: Period 4.8722s
[INFO] Subscriptions active: 6 (libsumo, fast mode)
[INFO] Episode duration: 1800s (30 min)

[DEBUG] 🎯 Célzott Forgalom Generálása (R1C1_C) | Period: 5.8881
Found 6 valid OD pairs for R1C1_C
Generating focused traffic: Period 5.8881s
[INFO] Subscriptions active: 6 (libsumo, fast mode)
[INFO] Episode duration: 900s (15 min)

[DEBUG] 🎯 Célzott Forgalom Generálása (R1C1_C) | Period: 6.7435
Found 6 valid OD pairs for R1C1_C
Generating focused traffic: Period 6.7435s
[INFO] Subscriptions active: 6 (libsumo, fast mode)
[INFO] Episode duration: 3600s (60 min)

[DEBUG] 🎯 Célzott Forgalom Generálása (R1C1_C) | Period: 7.474
Found 6 valid OD pairs for R1C1_C
Generating focused traffic: Period 7.4740s
[INFO] Subscriptions active: 6 (libsumo, fast mode)
[INFO] Episode duration: 900s (15 min)

[DEBUG] 🎯 Célzott Forgalom Generálása (R1C1_C) | Period: 6.8837
Found 6 valid OD pairs for R1C1_C
Generating focused traffic: Period 6.8837s
[INFO] Subscriptions active: 6 (libsumo, fast mode)
[INFO] Episode duration: 2700s (45 min)

[DEBUG] 🎯 Célzott Forgalom Generálása (R1C1_C) | Period: 4.5005
Found 6 valid OD pairs for R1C1_C
Generating focused traffic: Period 4.5005s
[INFO] Subscriptions active: 6 (libsumo, fast mode)
[INFO] Episode duration: 3600s (60 min)

[DEBUG] 🎯 Célzott Forgalom Generálása (R1C1_C) | Period: 6.6807
Found 6 valid OD pairs for R1C1_C
Generating focused traffic: Period 6.6807s
[INFO] Subscriptions active: 6 (libsumo, fast mode)
------------------------------------
| rollout/              |          |
|    ep_len_mean        | 417      |
|    ep_rew_mean        | 122      |
| time/                 |          |
|    fps                | 166      |
|    iterations         | 20       |
|    time_elapsed       | 245      |
|    total_timesteps    | 40960    |
| train/                |          |
|    entropy_loss       | -1.39    |
|    explained_variance | 0.00293  |
|    learning_rate      | 0.0001   |
|    n_updates          | 19       |
|    policy_loss        | 28.7     |
|    value_loss         | 491      |
------------------------------------
[INFO] Episode duration: 1800s (30 min)

[DEBUG] 🎯 Célzott Forgalom Generálása (R1C1_C) | Period: 4.3062
Found 6 valid OD pairs for R1C1_C
Generating focused traffic: Period 4.3062s
[INFO] Subscriptions active: 6 (libsumo, fast mode)
[INFO] Episode duration: 2700s (45 min)

[DEBUG] 🎯 Célzott Forgalom Generálása (R1C1_C) | Period: 7.9031
Found 6 valid OD pairs for R1C1_C
Generating focused traffic: Period 7.9031s
[INFO] Subscriptions active: 6 (libsumo, fast mode)
[INFO] Episode duration: 3600s (60 min)

[DEBUG] 🎯 Célzott Forgalom Generálása (R1C1_C) | Period: 6.9307
Found 6 valid OD pairs for R1C1_C
Generating focused traffic: Period 6.9307s
[INFO] Subscriptions active: 6 (libsumo, fast mode)
[INFO] Episode duration: 1800s (30 min)

[DEBUG] 🎯 Célzott Forgalom Generálása (R1C1_C) | Period: 4.145
Found 6 valid OD pairs for R1C1_C
Generating focused traffic: Period 4.1450s
[INFO] Subscriptions active: 6 (libsumo, fast mode)
[INFO] Episode duration: 1800s (30 min)

[DEBUG] 🎯 Célzott Forgalom Generálása (R1C1_C) | Period: 7.2465
Found 6 valid OD pairs for R1C1_C
Generating focused traffic: Period 7.2465s
[INFO] Subscriptions active: 6 (libsumo, fast mode)
[INFO] Episode duration: 2700s (45 min)

[DEBUG] 🎯 Célzott Forgalom Generálása (R1C1_C) | Period: 5.0655
Found 6 valid OD pairs for R1C1_C
Generating focused traffic: Period 5.0655s
[INFO] Subscriptions active: 6 (libsumo, fast mode)
[INFO] Episode duration: 1800s (30 min)

[DEBUG] 🎯 Célzott Forgalom Generálása (R1C1_C) | Period: 7.8919
Found 6 valid OD pairs for R1C1_C
Generating focused traffic: Period 7.8919s
[INFO] Subscriptions active: 6 (libsumo, fast mode)
[INFO] Episode duration: 900s (15 min)

[DEBUG] 🎯 Célzott Forgalom Generálása (R1C1_C) | Period: 5.3944
Found 6 valid OD pairs for R1C1_C
Generating focused traffic: Period 5.3944s
[INFO] Subscriptions active: 6 (libsumo, fast mode)
[INFO] Episode duration: 1800s (30 min)

[DEBUG] 🎯 Célzott Forgalom Generálása (R1C1_C) | Period: 6.0333
Found 6 valid OD pairs for R1C1_C
Generating focused traffic: Period 6.0333s
[INFO] Subscriptions active: 6 (libsumo, fast mode)
[INFO] Episode duration: 900s (15 min)

[DEBUG] 🎯 Célzott Forgalom Generálása (R1C1_C) | Period: 5.5633
Found 6 valid OD pairs for R1C1_C
Generating focused traffic: Period 5.5633s
[INFO] Subscriptions active: 6 (libsumo, fast mode)
[INFO] Episode duration: 3600s (60 min)

[DEBUG] 🎯 Célzott Forgalom Generálása (R1C1_C) | Period: 4.3403
Found 6 valid OD pairs for R1C1_C
Generating focused traffic: Period 4.3403s
[INFO] Subscriptions active: 6 (libsumo, fast mode)
[INFO] Episode duration: 900s (15 min)

[DEBUG] 🎯 Célzott Forgalom Generálása (R1C1_C) | Period: 5.8029
Found 6 valid OD pairs for R1C1_C
Generating focused traffic: Period 5.8029s
[INFO] Subscriptions active: 6 (libsumo, fast mode)
[INFO] Episode duration: 900s (15 min)

[DEBUG] 🎯 Célzott Forgalom Generálása (R1C1_C) | Period: 4.7222
Found 6 valid OD pairs for R1C1_C
Generating focused traffic: Period 4.7222s
[INFO] Subscriptions active: 6 (libsumo, fast mode)
[INFO] Episode duration: 1800s (30 min)

[DEBUG] 🎯 Célzott Forgalom Generálása (R1C1_C) | Period: 7.8107
Found 6 valid OD pairs for R1C1_C
Generating focused traffic: Period 7.8107s
[INFO] Subscriptions active: 6 (libsumo, fast mode)
[INFO] Episode duration: 1800s (30 min)

[DEBUG] 🎯 Célzott Forgalom Generálása (R1C1_C) | Period: 4.082
Found 6 valid OD pairs for R1C1_C
Generating focused traffic: Period 4.0820s
[INFO] Subscriptions active: 6 (libsumo, fast mode)
[INFO] Episode duration: 900s (15 min)

[DEBUG] 🎯 Célzott Forgalom Generálása (R1C1_C) | Period: 4.8839
Found 6 valid OD pairs for R1C1_C
Generating focused traffic: Period 4.8839s
[INFO] Subscriptions active: 6 (libsumo, fast mode)
[INFO] Episode duration: 2700s (45 min)

[DEBUG] 🎯 Célzott Forgalom Generálása (R1C1_C) | Period: 5.0647
Found 6 valid OD pairs for R1C1_C
Generating focused traffic: Period 5.0647s
[INFO] Subscriptions active: 6 (libsumo, fast mode)
[INFO] Episode duration: 3600s (60 min)

[DEBUG] 🎯 Célzott Forgalom Generálása (R1C1_C) | Period: 6.723
Found 6 valid OD pairs for R1C1_C
Generating focused traffic: Period 6.7230s
[INFO] Subscriptions active: 6 (libsumo, fast mode)
[INFO] Episode duration: 2700s (45 min)

[DEBUG] 🎯 Célzott Forgalom Generálása (R1C1_C) | Period: 6.5313
Found 6 valid OD pairs for R1C1_C
Generating focused traffic: Period 6.5313s
[INFO] Subscriptions active: 6 (libsumo, fast mode)
[INFO] Episode duration: 900s (15 min)

[DEBUG] 🎯 Célzott Forgalom Generálása (R1C1_C) | Period: 6.1693
Found 6 valid OD pairs for R1C1_C
Generating focused traffic: Period 6.1693s
[INFO] Subscriptions active: 6 (libsumo, fast mode)
[INFO] Episode duration: 3600s (60 min)

[DEBUG] 🎯 Célzott Forgalom Generálása (R1C1_C) | Period: 4.6634
Found 6 valid OD pairs for R1C1_C
Generating focused traffic: Period 4.6634s
[INFO] Subscriptions active: 6 (libsumo, fast mode)
[INFO] Episode duration: 900s (15 min)

[DEBUG] 🎯 Célzott Forgalom Generálása (R1C1_C) | Period: 5.6949
Found 6 valid OD pairs for R1C1_C
Generating focused traffic: Period 5.6949s
[INFO] Subscriptions active: 6 (libsumo, fast mode)
[INFO] Episode duration: 2700s (45 min)

[DEBUG] 🎯 Célzott Forgalom Generálása (R1C1_C) | Period: 6.0631
Found 6 valid OD pairs for R1C1_C
Generating focused traffic: Period 6.0631s
[INFO] Subscriptions active: 6 (libsumo, fast mode)
[INFO] Episode duration: 2700s (45 min)

[DEBUG] 🎯 Célzott Forgalom Generálása (R1C1_C) | Period: 7.658
Found 6 valid OD pairs for R1C1_C
Generating focused traffic: Period 7.6580s
[INFO] Subscriptions active: 6 (libsumo, fast mode)
[INFO] Episode duration: 1800s (30 min)

[DEBUG] 🎯 Célzott Forgalom Generálása (R1C1_C) | Period: 6.9097
Found 6 valid OD pairs for R1C1_C
Generating focused traffic: Period 6.9097s
[INFO] Subscriptions active: 6 (libsumo, fast mode)
[INFO] Episode duration: 900s (15 min)

[DEBUG] 🎯 Célzott Forgalom Generálása (R1C1_C) | Period: 5.9647
Found 6 valid OD pairs for R1C1_C
Generating focused traffic: Period 5.9647s
[INFO] Subscriptions active: 6 (libsumo, fast mode)
[INFO] Episode duration: 1800s (30 min)

[DEBUG] 🎯 Célzott Forgalom Generálása (R1C1_C) | Period: 7.1729
Found 6 valid OD pairs for R1C1_C
Generating focused traffic: Period 7.1729s
[INFO] Subscriptions active: 6 (libsumo, fast mode)
[INFO] Episode duration: 1800s (30 min)

[DEBUG] 🎯 Célzott Forgalom Generálása (R1C1_C) | Period: 4.1688
Found 6 valid OD pairs for R1C1_C
Generating focused traffic: Period 4.1688s
[INFO] Subscriptions active: 6 (libsumo, fast mode)
[INFO] Episode duration: 1800s (30 min)

[DEBUG] 🎯 Célzott Forgalom Generálása (R1C1_C) | Period: 7.1208
Found 6 valid OD pairs for R1C1_C
Generating focused traffic: Period 7.1208s
[INFO] Subscriptions active: 6 (libsumo, fast mode)
[INFO] Episode duration: 1800s (30 min)

[DEBUG] 🎯 Célzott Forgalom Generálása (R1C1_C) | Period: 7.6481
Found 6 valid OD pairs for R1C1_C
Generating focused traffic: Period 7.6481s
[INFO] Subscriptions active: 6 (libsumo, fast mode)
[INFO] Episode duration: 3600s (60 min)

[DEBUG] 🎯 Célzott Forgalom Generálása (R1C1_C) | Period: 5.9232
Found 6 valid OD pairs for R1C1_C
Generating focused traffic: Period 5.9232s
[INFO] Subscriptions active: 6 (libsumo, fast mode)
[INFO] Episode duration: 3600s (60 min)

[DEBUG] 🎯 Célzott Forgalom Generálása (R1C1_C) | Period: 7.1874
Found 6 valid OD pairs for R1C1_C
Generating focused traffic: Period 7.1874s
[INFO] Subscriptions active: 6 (libsumo, fast mode)
[INFO] Episode duration: 3600s (60 min)

[DEBUG] 🎯 Célzott Forgalom Generálása (R1C1_C) | Period: 4.6822
Found 6 valid OD pairs for R1C1_C
Generating focused traffic: Period 4.6822s
[INFO] Subscriptions active: 6 (libsumo, fast mode)
[INFO] Episode duration: 900s (15 min)

[DEBUG] 🎯 Célzott Forgalom Generálása (R1C1_C) | Period: 4.4743
Found 6 valid OD pairs for R1C1_C
Generating focused traffic: Period 4.4743s
[INFO] Subscriptions active: 6 (libsumo, fast mode)
[INFO] Episode duration: 2700s (45 min)

[DEBUG] 🎯 Célzott Forgalom Generálása (R1C1_C) | Period: 4.2962
Found 6 valid OD pairs for R1C1_C
Generating focused traffic: Period 4.2962s
[INFO] Subscriptions active: 6 (libsumo, fast mode)
[INFO] Episode duration: 3600s (60 min)

[DEBUG] 🎯 Célzott Forgalom Generálása (R1C1_C) | Period: 6.9537
Found 6 valid OD pairs for R1C1_C
Generating focused traffic: Period 6.9537s
[INFO] Subscriptions active: 6 (libsumo, fast mode)
[INFO] Episode duration: 3600s (60 min)

[DEBUG] 🎯 Célzott Forgalom Generálása (R1C1_C) | Period: 6.183
Found 6 valid OD pairs for R1C1_C
Generating focused traffic: Period 6.1830s
[INFO] Subscriptions active: 6 (libsumo, fast mode)
[INFO] Episode duration: 3600s (60 min)

[DEBUG] 🎯 Célzott Forgalom Generálása (R1C1_C) | Period: 4.2377
Found 6 valid OD pairs for R1C1_C
Generating focused traffic: Period 4.2377s
[INFO] Subscriptions active: 6 (libsumo, fast mode)
[INFO] Episode duration: 2700s (45 min)

[DEBUG] 🎯 Célzott Forgalom Generálása (R1C1_C) | Period: 6.0081
Found 6 valid OD pairs for R1C1_C
Generating focused traffic: Period 6.0081s
[INFO] Subscriptions active: 6 (libsumo, fast mode)
[INFO] Episode duration: 900s (15 min)

[DEBUG] 🎯 Célzott Forgalom Generálása (R1C1_C) | Period: 4.0319
Found 6 valid OD pairs for R1C1_C
Generating focused traffic: Period 4.0319s
[INFO] Subscriptions active: 6 (libsumo, fast mode)
[INFO] Episode duration: 2700s (45 min)

[DEBUG] 🎯 Célzott Forgalom Generálása (R1C1_C) | Period: 7.7705
Found 6 valid OD pairs for R1C1_C
Generating focused traffic: Period 7.7705s
[INFO] Subscriptions active: 6 (libsumo, fast mode)
[INFO] Episode duration: 2700s (45 min)

[DEBUG] 🎯 Célzott Forgalom Generálása (R1C1_C) | Period: 4.6812
Found 6 valid OD pairs for R1C1_C
Generating focused traffic: Period 4.6812s
[INFO] Subscriptions active: 6 (libsumo, fast mode)
[INFO] Episode duration: 1800s (30 min)

[DEBUG] 🎯 Célzott Forgalom Generálása (R1C1_C) | Period: 5.9837
Found 6 valid OD pairs for R1C1_C
Generating focused traffic: Period 5.9837s
[INFO] Subscriptions active: 6 (libsumo, fast mode)
[INFO] Episode duration: 1800s (30 min)

[DEBUG] 🎯 Célzott Forgalom Generálása (R1C1_C) | Period: 4.3921
Found 6 valid OD pairs for R1C1_C
Generating focused traffic: Period 4.3921s
[INFO] Subscriptions active: 6 (libsumo, fast mode)
[INFO] Episode duration: 1800s (30 min)

[DEBUG] 🎯 Célzott Forgalom Generálása (R1C1_C) | Period: 5.8071
Found 6 valid OD pairs for R1C1_C
Generating focused traffic: Period 5.8071s
[INFO] Subscriptions active: 6 (libsumo, fast mode)
[INFO] Episode duration: 3600s (60 min)

[DEBUG] 🎯 Célzott Forgalom Generálása (R1C1_C) | Period: 4.1246
Found 6 valid OD pairs for R1C1_C
Generating focused traffic: Period 4.1246s
[INFO] Subscriptions active: 6 (libsumo, fast mode)
------------------------------------
| rollout/              |          |
|    ep_len_mean        | 423      |
|    ep_rew_mean        | 124      |
| time/                 |          |
|    fps                | 169      |
|    iterations         | 30       |
|    time_elapsed       | 362      |
|    total_timesteps    | 61440    |
| train/                |          |
|    entropy_loss       | -1.39    |
|    explained_variance | -0.00382 |
|    learning_rate      | 0.0001   |
|    n_updates          | 29       |
|    policy_loss        | 29.9     |
|    value_loss         | 521      |
------------------------------------
[INFO] Episode duration: 2700s (45 min)

[DEBUG] 🎯 Célzott Forgalom Generálása (R1C1_C) | Period: 5.0081
Found 6 valid OD pairs for R1C1_C
Generating focused traffic: Period 5.0081s
[INFO] Subscriptions active: 6 (libsumo, fast mode)
[INFO] Episode duration: 1800s (30 min)

[DEBUG] 🎯 Célzott Forgalom Generálása (R1C1_C) | Period: 7.2321
Found 6 valid OD pairs for R1C1_C
Generating focused traffic: Period 7.2321s
[INFO] Subscriptions active: 6 (libsumo, fast mode)
[INFO] Episode duration: 900s (15 min)

[DEBUG] 🎯 Célzott Forgalom Generálása (R1C1_C) | Period: 6.6003
Found 6 valid OD pairs for R1C1_C
Generating focused traffic: Period 6.6003s
[INFO] Subscriptions active: 6 (libsumo, fast mode)
[INFO] Episode duration: 900s (15 min)

[DEBUG] 🎯 Célzott Forgalom Generálása (R1C1_C) | Period: 4.4519
Found 6 valid OD pairs for R1C1_C
Generating focused traffic: Period 4.4519s
[INFO] Subscriptions active: 6 (libsumo, fast mode)
[INFO] Episode duration: 2700s (45 min)

[DEBUG] 🎯 Célzott Forgalom Generálása (R1C1_C) | Period: 4.8614
Found 6 valid OD pairs for R1C1_C
Generating focused traffic: Period 4.8614s
[INFO] Subscriptions active: 6 (libsumo, fast mode)
[INFO] Episode duration: 1800s (30 min)

[DEBUG] 🎯 Célzott Forgalom Generálása (R1C1_C) | Period: 5.7268
Found 6 valid OD pairs for R1C1_C
Generating focused traffic: Period 5.7268s
[INFO] Subscriptions active: 6 (libsumo, fast mode)
[INFO] Episode duration: 1800s (30 min)

[DEBUG] 🎯 Célzott Forgalom Generálása (R1C1_C) | Period: 5.3986
Found 6 valid OD pairs for R1C1_C
Generating focused traffic: Period 5.3986s
[INFO] Subscriptions active: 6 (libsumo, fast mode)
[INFO] Episode duration: 1800s (30 min)

[DEBUG] 🎯 Célzott Forgalom Generálása (R1C1_C) | Period: 7.7714
Found 6 valid OD pairs for R1C1_C
Generating focused traffic: Period 7.7714s
[INFO] Subscriptions active: 6 (libsumo, fast mode)
[INFO] Episode duration: 900s (15 min)

[DEBUG] 🎯 Célzott Forgalom Generálása (R1C1_C) | Period: 5.256
Found 6 valid OD pairs for R1C1_C
Generating focused traffic: Period 5.2560s
[INFO] Subscriptions active: 6 (libsumo, fast mode)
[INFO] Episode duration: 900s (15 min)

[DEBUG] 🎯 Célzott Forgalom Generálása (R1C1_C) | Period: 6.7967
Found 6 valid OD pairs for R1C1_C
Generating focused traffic: Period 6.7967s
[INFO] Subscriptions active: 6 (libsumo, fast mode)
[INFO] Episode duration: 900s (15 min)

[DEBUG] 🎯 Célzott Forgalom Generálása (R1C1_C) | Period: 7.1642
Found 6 valid OD pairs for R1C1_C
Generating focused traffic: Period 7.1642s
[INFO] Subscriptions active: 6 (libsumo, fast mode)
[INFO] Episode duration: 3600s (60 min)

[DEBUG] 🎯 Célzott Forgalom Generálása (R1C1_C) | Period: 7.0277
Found 6 valid OD pairs for R1C1_C
Generating focused traffic: Period 7.0277s
[INFO] Subscriptions active: 6 (libsumo, fast mode)
[INFO] Episode duration: 2700s (45 min)

[DEBUG] 🎯 Célzott Forgalom Generálása (R1C1_C) | Period: 5.8189
Found 6 valid OD pairs for R1C1_C
Generating focused traffic: Period 5.8189s
[INFO] Subscriptions active: 6 (libsumo, fast mode)
[INFO] Episode duration: 3600s (60 min)

[DEBUG] 🎯 Célzott Forgalom Generálása (R1C1_C) | Period: 7.1508
Found 6 valid OD pairs for R1C1_C
Generating focused traffic: Period 7.1508s
[INFO] Subscriptions active: 6 (libsumo, fast mode)
[INFO] Episode duration: 1800s (30 min)

[DEBUG] 🎯 Célzott Forgalom Generálása (R1C1_C) | Period: 6.1846
Found 6 valid OD pairs for R1C1_C
Generating focused traffic: Period 6.1846s
[INFO] Subscriptions active: 6 (libsumo, fast mode)
[INFO] Episode duration: 1800s (30 min)

[DEBUG] 🎯 Célzott Forgalom Generálása (R1C1_C) | Period: 5.5271
Found 6 valid OD pairs for R1C1_C
Generating focused traffic: Period 5.5271s
[INFO] Subscriptions active: 6 (libsumo, fast mode)
[INFO] Episode duration: 2700s (45 min)

[DEBUG] 🎯 Célzott Forgalom Generálása (R1C1_C) | Period: 5.8473
Found 6 valid OD pairs for R1C1_C
Generating focused traffic: Period 5.8473s
[INFO] Subscriptions active: 6 (libsumo, fast mode)
[INFO] Episode duration: 3600s (60 min)

[DEBUG] 🎯 Célzott Forgalom Generálása (R1C1_C) | Period: 6.0254
Found 6 valid OD pairs for R1C1_C
Generating focused traffic: Period 6.0254s
[INFO] Subscriptions active: 6 (libsumo, fast mode)
[INFO] Episode duration: 3600s (60 min)

[DEBUG] 🎯 Célzott Forgalom Generálása (R1C1_C) | Period: 5.2189
Found 6 valid OD pairs for R1C1_C
Generating focused traffic: Period 5.2189s
[INFO] Subscriptions active: 6 (libsumo, fast mode)
[INFO] Episode duration: 900s (15 min)

[DEBUG] 🎯 Célzott Forgalom Generálása (R1C1_C) | Period: 6.371
Found 6 valid OD pairs for R1C1_C
Generating focused traffic: Period 6.3710s
[INFO] Subscriptions active: 6 (libsumo, fast mode)
[INFO] Episode duration: 2700s (45 min)

[DEBUG] 🎯 Célzott Forgalom Generálása (R1C1_C) | Period: 4.0369
Found 6 valid OD pairs for R1C1_C
Generating focused traffic: Period 4.0369s
[INFO] Subscriptions active: 6 (libsumo, fast mode)
[INFO] Episode duration: 3600s (60 min)

[DEBUG] 🎯 Célzott Forgalom Generálása (R1C1_C) | Period: 5.2629
Found 6 valid OD pairs for R1C1_C
Generating focused traffic: Period 5.2629s
[INFO] Subscriptions active: 6 (libsumo, fast mode)
[INFO] Episode duration: 3600s (60 min)

[DEBUG] 🎯 Célzott Forgalom Generálása (R1C1_C) | Period: 7.9448
Found 6 valid OD pairs for R1C1_C
Generating focused traffic: Period 7.9448s
[INFO] Subscriptions active: 6 (libsumo, fast mode)
[INFO] Episode duration: 900s (15 min)

[DEBUG] 🎯 Célzott Forgalom Generálása (R1C1_C) | Period: 6.4558
Found 6 valid OD pairs for R1C1_C
Generating focused traffic: Period 6.4558s
[INFO] Subscriptions active: 6 (libsumo, fast mode)
[INFO] Episode duration: 1800s (30 min)

[DEBUG] 🎯 Célzott Forgalom Generálása (R1C1_C) | Period: 6.8535
Found 6 valid OD pairs for R1C1_C
Generating focused traffic: Period 6.8535s
[INFO] Subscriptions active: 6 (libsumo, fast mode)
[INFO] Episode duration: 2700s (45 min)

[DEBUG] 🎯 Célzott Forgalom Generálása (R1C1_C) | Period: 7.4849
Found 6 valid OD pairs for R1C1_C
Generating focused traffic: Period 7.4849s
[INFO] Subscriptions active: 6 (libsumo, fast mode)
[INFO] Episode duration: 1800s (30 min)

[DEBUG] 🎯 Célzott Forgalom Generálása (R1C1_C) | Period: 5.3521
Found 6 valid OD pairs for R1C1_C
Generating focused traffic: Period 5.3521s
[INFO] Subscriptions active: 6 (libsumo, fast mode)
[INFO] Episode duration: 3600s (60 min)

[DEBUG] 🎯 Célzott Forgalom Generálása (R1C1_C) | Period: 7.4713
Found 6 valid OD pairs for R1C1_C
Generating focused traffic: Period 7.4713s
[INFO] Subscriptions active: 6 (libsumo, fast mode)
[INFO] Episode duration: 900s (15 min)

[DEBUG] 🎯 Célzott Forgalom Generálása (R1C1_C) | Period: 7.293
Found 6 valid OD pairs for R1C1_C
Generating focused traffic: Period 7.2930s
[INFO] Subscriptions active: 6 (libsumo, fast mode)
[INFO] Episode duration: 3600s (60 min)

[DEBUG] 🎯 Célzott Forgalom Generálása (R1C1_C) | Period: 7.5173
Found 6 valid OD pairs for R1C1_C
Generating focused traffic: Period 7.5173s
[INFO] Subscriptions active: 6 (libsumo, fast mode)
[INFO] Episode duration: 3600s (60 min)

[DEBUG] 🎯 Célzott Forgalom Generálása (R1C1_C) | Period: 6.2556
Found 6 valid OD pairs for R1C1_C
Generating focused traffic: Period 6.2556s
[INFO] Subscriptions active: 6 (libsumo, fast mode)
[INFO] Episode duration: 1800s (30 min)

[DEBUG] 🎯 Célzott Forgalom Generálása (R1C1_C) | Period: 6.5268
Found 6 valid OD pairs for R1C1_C
Generating focused traffic: Period 6.5268s
[INFO] Subscriptions active: 6 (libsumo, fast mode)
[INFO] Episode duration: 3600s (60 min)

[DEBUG] 🎯 Célzott Forgalom Generálása (R1C1_C) | Period: 7.954
Found 6 valid OD pairs for R1C1_C
Generating focused traffic: Period 7.9540s
[INFO] Subscriptions active: 6 (libsumo, fast mode)
[INFO] Episode duration: 1800s (30 min)

[DEBUG] 🎯 Célzott Forgalom Generálása (R1C1_C) | Period: 6.8139
Found 6 valid OD pairs for R1C1_C
Generating focused traffic: Period 6.8139s
[INFO] Subscriptions active: 6 (libsumo, fast mode)
[INFO] Episode duration: 1800s (30 min)

[DEBUG] 🎯 Célzott Forgalom Generálása (R1C1_C) | Period: 4.717
Found 6 valid OD pairs for R1C1_C
Generating focused traffic: Period 4.7170s
[INFO] Subscriptions active: 6 (libsumo, fast mode)
[INFO] Episode duration: 900s (15 min)

[DEBUG] 🎯 Célzott Forgalom Generálása (R1C1_C) | Period: 4.8749
Found 6 valid OD pairs for R1C1_C
Generating focused traffic: Period 4.8749s
[INFO] Subscriptions active: 6 (libsumo, fast mode)
[INFO] Episode duration: 900s (15 min)

[DEBUG] 🎯 Célzott Forgalom Generálása (R1C1_C) | Period: 5.6284
Found 6 valid OD pairs for R1C1_C
Generating focused traffic: Period 5.6284s
[INFO] Subscriptions active: 6 (libsumo, fast mode)
[INFO] Episode duration: 2700s (45 min)

[DEBUG] 🎯 Célzott Forgalom Generálása (R1C1_C) | Period: 4.3204
Found 6 valid OD pairs for R1C1_C
Generating focused traffic: Period 4.3204s
[INFO] Subscriptions active: 6 (libsumo, fast mode)
[INFO] Episode duration: 900s (15 min)

[DEBUG] 🎯 Célzott Forgalom Generálása (R1C1_C) | Period: 6.2944
Found 6 valid OD pairs for R1C1_C
Generating focused traffic: Period 6.2944s
[INFO] Subscriptions active: 6 (libsumo, fast mode)
[INFO] Episode duration: 900s (15 min)

[DEBUG] 🎯 Célzott Forgalom Generálása (R1C1_C) | Period: 4.0533
Found 6 valid OD pairs for R1C1_C
Generating focused traffic: Period 4.0533s
[INFO] Subscriptions active: 6 (libsumo, fast mode)
[INFO] Episode duration: 2700s (45 min)

[DEBUG] 🎯 Célzott Forgalom Generálása (R1C1_C) | Period: 5.5835
Found 6 valid OD pairs for R1C1_C
Generating focused traffic: Period 5.5835s
[INFO] Subscriptions active: 6 (libsumo, fast mode)
[INFO] Episode duration: 900s (15 min)

[DEBUG] 🎯 Célzott Forgalom Generálása (R1C1_C) | Period: 5.5773
Found 6 valid OD pairs for R1C1_C
Generating focused traffic: Period 5.5773s
[INFO] Subscriptions active: 6 (libsumo, fast mode)
[INFO] Episode duration: 3600s (60 min)

[DEBUG] 🎯 Célzott Forgalom Generálása (R1C1_C) | Period: 6.97
Found 6 valid OD pairs for R1C1_C
Generating focused traffic: Period 6.9700s
[INFO] Subscriptions active: 6 (libsumo, fast mode)
[INFO] Episode duration: 1800s (30 min)

[DEBUG] 🎯 Célzott Forgalom Generálása (R1C1_C) | Period: 7.8817
Found 6 valid OD pairs for R1C1_C
Generating focused traffic: Period 7.8817s
[INFO] Subscriptions active: 6 (libsumo, fast mode)
[INFO] Episode duration: 1800s (30 min)

[DEBUG] 🎯 Célzott Forgalom Generálása (R1C1_C) | Period: 5.4907
Found 6 valid OD pairs for R1C1_C
Generating focused traffic: Period 5.4907s
[INFO] Subscriptions active: 6 (libsumo, fast mode)
[INFO] Episode duration: 3600s (60 min)

[DEBUG] 🎯 Célzott Forgalom Generálása (R1C1_C) | Period: 5.494
Found 6 valid OD pairs for R1C1_C
Generating focused traffic: Period 5.4940s
[INFO] Subscriptions active: 6 (libsumo, fast mode)
------------------------------------
| rollout/              |          |
|    ep_len_mean        | 437      |
|    ep_rew_mean        | 129      |
| time/                 |          |
|    fps                | 170      |
|    iterations         | 40       |
|    time_elapsed       | 479      |
|    total_timesteps    | 81920    |
| train/                |          |
|    entropy_loss       | -1.39    |
|    explained_variance | -0.0067  |
|    learning_rate      | 0.0001   |
|    n_updates          | 39       |
|    policy_loss        | 26.4     |
|    value_loss         | 430      |
------------------------------------
[INFO] Episode duration: 3600s (60 min)

[DEBUG] 🎯 Célzott Forgalom Generálása (R1C1_C) | Period: 5.5684
Found 6 valid OD pairs for R1C1_C
Generating focused traffic: Period 5.5684s
[INFO] Subscriptions active: 6 (libsumo, fast mode)
[INFO] Episode duration: 1800s (30 min)

[DEBUG] 🎯 Célzott Forgalom Generálása (R1C1_C) | Period: 4.5592
Found 6 valid OD pairs for R1C1_C
Generating focused traffic: Period 4.5592s
[INFO] Subscriptions active: 6 (libsumo, fast mode)
[INFO] Episode duration: 3600s (60 min)

[DEBUG] 🎯 Célzott Forgalom Generálása (R1C1_C) | Period: 6.7496
Found 6 valid OD pairs for R1C1_C
Generating focused traffic: Period 6.7496s
[INFO] Subscriptions active: 6 (libsumo, fast mode)
[INFO] Episode duration: 900s (15 min)

[DEBUG] 🎯 Célzott Forgalom Generálása (R1C1_C) | Period: 5.3694
Found 6 valid OD pairs for R1C1_C
Generating focused traffic: Period 5.3694s
[INFO] Subscriptions active: 6 (libsumo, fast mode)
[INFO] Episode duration: 1800s (30 min)

[DEBUG] 🎯 Célzott Forgalom Generálása (R1C1_C) | Period: 7.1099
Found 6 valid OD pairs for R1C1_C
Generating focused traffic: Period 7.1099s
[INFO] Subscriptions active: 6 (libsumo, fast mode)
[INFO] Episode duration: 900s (15 min)

[DEBUG] 🎯 Célzott Forgalom Generálása (R1C1_C) | Period: 7.9821
Found 6 valid OD pairs for R1C1_C
Generating focused traffic: Period 7.9821s
[INFO] Subscriptions active: 6 (libsumo, fast mode)
[INFO] Episode duration: 1800s (30 min)

[DEBUG] 🎯 Célzott Forgalom Generálása (R1C1_C) | Period: 6.5692
Found 6 valid OD pairs for R1C1_C
Generating focused traffic: Period 6.5692s
[INFO] Subscriptions active: 6 (libsumo, fast mode)
[INFO] Episode duration: 2700s (45 min)

[DEBUG] 🎯 Célzott Forgalom Generálása (R1C1_C) | Period: 7.3893
Found 6 valid OD pairs for R1C1_C
Generating focused traffic: Period 7.3893s
[INFO] Subscriptions active: 6 (libsumo, fast mode)
[INFO] Episode duration: 3600s (60 min)

[DEBUG] 🎯 Célzott Forgalom Generálása (R1C1_C) | Period: 7.2236
Found 6 valid OD pairs for R1C1_C
Generating focused traffic: Period 7.2236s
[INFO] Subscriptions active: 6 (libsumo, fast mode)
[INFO] Episode duration: 1800s (30 min)

[DEBUG] 🎯 Célzott Forgalom Generálása (R1C1_C) | Period: 6.7333
Found 6 valid OD pairs for R1C1_C
Generating focused traffic: Period 6.7333s
[INFO] Subscriptions active: 6 (libsumo, fast mode)
[INFO] Episode duration: 900s (15 min)

[DEBUG] 🎯 Célzott Forgalom Generálása (R1C1_C) | Period: 6.2244
Found 6 valid OD pairs for R1C1_C
Generating focused traffic: Period 6.2244s
[INFO] Subscriptions active: 6 (libsumo, fast mode)
[INFO] Episode duration: 900s (15 min)

[DEBUG] 🎯 Célzott Forgalom Generálása (R1C1_C) | Period: 6.1264
Found 6 valid OD pairs for R1C1_C
Generating focused traffic: Period 6.1264s
[INFO] Subscriptions active: 6 (libsumo, fast mode)
[INFO] Episode duration: 900s (15 min)

[DEBUG] 🎯 Célzott Forgalom Generálása (R1C1_C) | Period: 7.3446
Found 6 valid OD pairs for R1C1_C
Generating focused traffic: Period 7.3446s
[INFO] Subscriptions active: 6 (libsumo, fast mode)
[INFO] Episode duration: 2700s (45 min)

[DEBUG] 🎯 Célzott Forgalom Generálása (R1C1_C) | Period: 6.4832
Found 6 valid OD pairs for R1C1_C
Generating focused traffic: Period 6.4832s
[INFO] Subscriptions active: 6 (libsumo, fast mode)
[INFO] Episode duration: 3600s (60 min)

[DEBUG] 🎯 Célzott Forgalom Generálása (R1C1_C) | Period: 5.6005
Found 6 valid OD pairs for R1C1_C
Generating focused traffic: Period 5.6005s
[INFO] Subscriptions active: 6 (libsumo, fast mode)
[INFO] Episode duration: 900s (15 min)

[DEBUG] 🎯 Célzott Forgalom Generálása (R1C1_C) | Period: 6.2215
Found 6 valid OD pairs for R1C1_C
Generating focused traffic: Period 6.2215s
[INFO] Subscriptions active: 6 (libsumo, fast mode)
[INFO] Episode duration: 900s (15 min)

[DEBUG] 🎯 Célzott Forgalom Generálása (R1C1_C) | Period: 7.9783
Found 6 valid OD pairs for R1C1_C
Generating focused traffic: Period 7.9783s
[INFO] Subscriptions active: 6 (libsumo, fast mode)
[INFO] Episode duration: 1800s (30 min)

[DEBUG] 🎯 Célzott Forgalom Generálása (R1C1_C) | Period: 6.8578
Found 6 valid OD pairs for R1C1_C
Generating focused traffic: Period 6.8578s
[INFO] Subscriptions active: 6 (libsumo, fast mode)
[INFO] Episode duration: 1800s (30 min)

[DEBUG] 🎯 Célzott Forgalom Generálása (R1C1_C) | Period: 7.311
Found 6 valid OD pairs for R1C1_C
Generating focused traffic: Period 7.3110s
[INFO] Subscriptions active: 6 (libsumo, fast mode)
[INFO] Episode duration: 900s (15 min)

[DEBUG] 🎯 Célzott Forgalom Generálása (R1C1_C) | Period: 5.4287
Found 6 valid OD pairs for R1C1_C
Generating focused traffic: Period 5.4287s
[INFO] Subscriptions active: 6 (libsumo, fast mode)
[INFO] Episode duration: 2700s (45 min)

[DEBUG] 🎯 Célzott Forgalom Generálása (R1C1_C) | Period: 7.7407
Found 6 valid OD pairs for R1C1_C
Generating focused traffic: Period 7.7407s
[INFO] Subscriptions active: 6 (libsumo, fast mode)
[INFO] Episode duration: 1800s (30 min)

[DEBUG] 🎯 Célzott Forgalom Generálása (R1C1_C) | Period: 5.0408
Found 6 valid OD pairs for R1C1_C
Generating focused traffic: Period 5.0408s
[INFO] Subscriptions active: 6 (libsumo, fast mode)
[INFO] Episode duration: 1800s (30 min)

[DEBUG] 🎯 Célzott Forgalom Generálása (R1C1_C) | Period: 5.0908
Found 6 valid OD pairs for R1C1_C
Generating focused traffic: Period 5.0908s
[INFO] Subscriptions active: 6 (libsumo, fast mode)
[INFO] Episode duration: 3600s (60 min)

[DEBUG] 🎯 Célzott Forgalom Generálása (R1C1_C) | Period: 5.5486
Found 6 valid OD pairs for R1C1_C
Generating focused traffic: Period 5.5486s
[INFO] Subscriptions active: 6 (libsumo, fast mode)
[INFO] Episode duration: 2700s (45 min)

[DEBUG] 🎯 Célzott Forgalom Generálása (R1C1_C) | Period: 4.5041
Found 6 valid OD pairs for R1C1_C
Generating focused traffic: Period 4.5041s
[INFO] Subscriptions active: 6 (libsumo, fast mode)
[INFO] Episode duration: 1800s (30 min)

[DEBUG] 🎯 Célzott Forgalom Generálása (R1C1_C) | Period: 5.8753
Found 6 valid OD pairs for R1C1_C
Generating focused traffic: Period 5.8753s
[INFO] Subscriptions active: 6 (libsumo, fast mode)
[INFO] Episode duration: 1800s (30 min)

[DEBUG] 🎯 Célzott Forgalom Generálása (R1C1_C) | Period: 6.1782
Found 6 valid OD pairs for R1C1_C
Generating focused traffic: Period 6.1782s
[INFO] Subscriptions active: 6 (libsumo, fast mode)
[INFO] Episode duration: 1800s (30 min)

[DEBUG] 🎯 Célzott Forgalom Generálása (R1C1_C) | Period: 5.5955
Found 6 valid OD pairs for R1C1_C
Generating focused traffic: Period 5.5955s
[INFO] Subscriptions active: 6 (libsumo, fast mode)
[INFO] Episode duration: 3600s (60 min)

[DEBUG] 🎯 Célzott Forgalom Generálása (R1C1_C) | Period: 4.0031
Found 6 valid OD pairs for R1C1_C
Generating focused traffic: Period 4.0031s
[INFO] Subscriptions active: 6 (libsumo, fast mode)
[INFO] Episode duration: 1800s (30 min)

[DEBUG] 🎯 Célzott Forgalom Generálása (R1C1_C) | Period: 5.285
Found 6 valid OD pairs for R1C1_C
Generating focused traffic: Period 5.2850s
[INFO] Subscriptions active: 6 (libsumo, fast mode)
[INFO] Episode duration: 900s (15 min)

[DEBUG] 🎯 Célzott Forgalom Generálása (R1C1_C) | Period: 6.7549
Found 6 valid OD pairs for R1C1_C
Generating focused traffic: Period 6.7549s
[INFO] Subscriptions active: 6 (libsumo, fast mode)
[INFO] Episode duration: 1800s (30 min)

[DEBUG] 🎯 Célzott Forgalom Generálása (R1C1_C) | Period: 5.7817
Found 6 valid OD pairs for R1C1_C
Generating focused traffic: Period 5.7817s
[INFO] Subscriptions active: 6 (libsumo, fast mode)
[INFO] Episode duration: 1800s (30 min)

[DEBUG] 🎯 Célzott Forgalom Generálása (R1C1_C) | Period: 4.7402
Found 6 valid OD pairs for R1C1_C
Generating focused traffic: Period 4.7402s
[INFO] Subscriptions active: 6 (libsumo, fast mode)
[INFO] Episode duration: 900s (15 min)

[DEBUG] 🎯 Célzott Forgalom Generálása (R1C1_C) | Period: 7.647
Found 6 valid OD pairs for R1C1_C
Generating focused traffic: Period 7.6470s
[INFO] Subscriptions active: 6 (libsumo, fast mode)
[INFO] Episode duration: 3600s (60 min)
wandb: WARNING Symlinked 1 file into the W&B run directory; call wandb.save again to sync new files.
/Users/wagnertamas/Documents/Munka/cikkek/AI_agens_konyvtar/support/intergreen_matrix_calculator/rl_trainer.py:857: UserWarning: Exporting a model while it is in training mode. Please ensure that this is intended, as it may lead to different behavior during inference. Calling model.eval() before export is recommended.
  torch.onnx.export(
/Users/wagnertamas/Documents/Munka/cikkek/AI_agens_konyvtar/support/intergreen_matrix_calculator/rl_trainer.py:857: UserWarning: # 'dynamic_axes' is not recommended when dynamo=True, and may lead to 'torch._dynamo.exc.UserError: Constraints violated.' Supply the 'dynamic_shapes' argument instead if export is unsuccessful.
  torch.onnx.export(
wandb: updating run metadata
wandb: uploading pytorch_models/R1C1_C.zip; uploading output.log; uploading wandb-summary.json
wandb: uploading output.log
wandb: 
wandb: Run history:
wandb:  R1C1_C/action_pct/phase_0 ▁▄▅▃▄▅▃▇▃▄▄▄▁▃▃▁▁▆▃▅▄▃▄▂▄▃▄▂▇▃▂█▂█▂▃▄▂▁▄
wandb:  R1C1_C/action_pct/phase_1 ▇▇▇▆▁█▆▂▅▆▆▆▇▅▇▆▅▅▆▇▅▅▅▆▅▄▇▅▅▅▆▃▆▇▅▅▃▅▄▂
wandb:  R1C1_C/action_pct/phase_2 ▆▅▄▅▇▄▅▅▆▅▆▅▇▆▅▆█▄▅▅▅▆▆▆▆▅▆▅▅▅▅█▇▁▇▆▇▆█▅
wandb:  R1C1_C/action_pct/phase_3 ▅▄▄▆▆▃▅▅▅▅▃▅▄▅▄▆▄▅▅▃▄▄▅▅▅▇▃▆▃▆▆▁▅▅▅▄▅▅▅█
wandb:  R1C1_C/train/entropy_loss █▇▇▆▄▄▄▅▅▄▃▃▃▁▁▁▂▂▂▂▂▂▂▂▂▂▂▂▃▂▂▃▄▃▃▃▄▄▄▃
wandb: R1C1_C/train/learning_rate ▁▁▁▁▁▁▁▁▁▁▁▁▁▁▁▁▁▁▁▁▁▁▁▁▁▁▁▁▁▁▁▁▁▁▁▁▁▁▁▁
wandb:    R1C1_C/train/value_loss ▆▆▅▃▃▃▄▄▄▆▄▅▃▆▆▄█▂▂▅▅▅▃▃▃▃▅▅█▆▁▆▆▆▂▃▅▄▃▃
wandb:                 avg_reward ▆▄▃▃▂▃▂▅▅▅▁▃▂▂▄▂▅█▄▃▂▃▂▅▂▃▃▅▄▁▂▄▅▅▇▄▂▇▄▅
wandb:                    episode ▁▁▁▂▂▂▂▂▂▂▃▃▃▃▃▄▄▄▄▄▄▅▅▅▆▆▆▆▆▆▇▇▇▇▇█████
wandb:         episode/avg_reward ▄▄▄▂▂▆▅▁▃▂▆▄▄▂▅▅▄▆▃▂▇▇▅▄▂▆▃▁▇▄▅▇▆▃▄▄▃▇█▄
wandb:                         +7 ...
wandb: 
wandb: Run summary:
wandb:  R1C1_C/action_pct/phase_0 25.55556
wandb:  R1C1_C/action_pct/phase_1 18.88889
wandb:  R1C1_C/action_pct/phase_2 23.33333
wandb:  R1C1_C/action_pct/phase_3 32.22222
wandb:  R1C1_C/train/entropy_loss -1.38628
wandb: R1C1_C/train/learning_rate 0.0001
wandb:    R1C1_C/train/value_loss 483.099
wandb:                 avg_reward 0.2852
wandb:                    episode 236
wandb:         episode/avg_reward 0.28518
wandb:                         +7 ...
wandb: 
wandb: 🚀 View run a2c_speed_throughput_2x8_3_R1C1_C at: https://wandb.ai/wagnertamas-budapesti-m-szaki-s-gazdas-gtudom-nyi-egyetem/sumo-rl-stat/runs/r5brzpsk
wandb: ⭐️ View project at: https://wandb.ai/wagnertamas-budapesti-m-szaki-s-gazdas-gtudom-nyi-egyetem/sumo-rl-stat
wandb: Synced 5 W&B file(s), 0 media file(s), 0 artifact file(s) and 1 other file(s)
wandb: Find logs at: ./wandb/run-20260322_012022-r5brzpsk/logs

[DEBUG] 🎯 Célzott Forgalom Generálása (R1C1_C) | Period: 7.3042
Found 6 valid OD pairs for R1C1_C
Generating focused traffic: Period 7.3042s
[INFO] Subscriptions active: 6 (libsumo, fast mode)
[INFO] Episode duration: 3600s (60 min)

[DEBUG] 🎯 Célzott Forgalom Generálása (R1C1_C) | Period: 6.8978
Found 6 valid OD pairs for R1C1_C
Generating focused traffic: Period 6.8978s
[INFO] Subscriptions active: 6 (libsumo, fast mode)
[INFO] Episode duration: 3600s (60 min)

[DEBUG] 🎯 Célzott Forgalom Generálása (R1C1_C) | Period: 4.0903
Found 6 valid OD pairs for R1C1_C
Generating focused traffic: Period 4.0903s
[INFO] Subscriptions active: 6 (libsumo, fast mode)
[INFO] Episode duration: 900s (15 min)

[DEBUG] 🎯 Célzott Forgalom Generálása (R1C1_C) | Period: 7.0714
Found 6 valid OD pairs for R1C1_C
Generating focused traffic: Period 7.0714s
[INFO] Subscriptions active: 6 (libsumo, fast mode)
[INFO] Episode duration: 900s (15 min)

[DEBUG] 🎯 Célzott Forgalom Generálása (R1C1_C) | Period: 6.9569
Found 6 valid OD pairs for R1C1_C
Generating focused traffic: Period 6.9569s
[INFO] Subscriptions active: 6 (libsumo, fast mode)
[INFO] Episode duration: 900s (15 min)

[DEBUG] 🎯 Célzott Forgalom Generálása (R1C1_C) | Period: 5.8186
Found 6 valid OD pairs for R1C1_C
Generating focused traffic: Period 5.8186s
[INFO] Subscriptions active: 6 (libsumo, fast mode)
[INFO] Episode duration: 3600s (60 min)

[DEBUG] 🎯 Célzott Forgalom Generálása (R1C1_C) | Period: 6.4084
Found 6 valid OD pairs for R1C1_C
Generating focused traffic: Period 6.4084s
[INFO] Subscriptions active: 6 (libsumo, fast mode)
[INFO] Episode duration: 3600s (60 min)

[DEBUG] 🎯 Célzott Forgalom Generálása (R1C1_C) | Period: 6.0949
Found 6 valid OD pairs for R1C1_C
Generating focused traffic: Period 6.0949s
[INFO] Subscriptions active: 6 (libsumo, fast mode)
[INFO] Episode duration: 900s (15 min)

[DEBUG] 🎯 Célzott Forgalom Generálása (R1C1_C) | Period: 7.2684
Found 6 valid OD pairs for R1C1_C
Generating focused traffic: Period 7.2684s
[INFO] Subscriptions active: 6 (libsumo, fast mode)
[INFO] Episode duration: 900s (15 min)

[DEBUG] 🎯 Célzott Forgalom Generálása (R1C1_C) | Period: 5.8169
Found 6 valid OD pairs for R1C1_C
Generating focused traffic: Period 5.8169s
[INFO] Subscriptions active: 6 (libsumo, fast mode)
[INFO] Episode duration: 900s (15 min)

[DEBUG] 🎯 Célzott Forgalom Generálása (R1C1_C) | Period: 6.8706
Found 6 valid OD pairs for R1C1_C
Generating focused traffic: Period 6.8706s
[INFO] Subscriptions active: 6 (libsumo, fast mode)
[INFO] Episode duration: 3600s (60 min)

[DEBUG] 🎯 Célzott Forgalom Generálása (R1C1_C) | Period: 5.09
Found 6 valid OD pairs for R1C1_C
Generating focused traffic: Period 5.0900s
[INFO] Subscriptions active: 6 (libsumo, fast mode)
On-policy training completed.
Closing environment and EXPORTING models...
Saving PyTorch ZIP models to /Users/wagnertamas/Documents/Munka/cikkek/AI_agens_konyvtar/support/intergreen_matrix_calculator/data/runs/pytorch_models...
Saved PyTorch R1C1_C to /Users/wagnertamas/Documents/Munka/cikkek/AI_agens_konyvtar/support/intergreen_matrix_calculator/data/runs/pytorch_models/R1C1_C.zip
Exporting ONNX models to /Users/wagnertamas/Documents/Munka/cikkek/AI_agens_konyvtar/support/intergreen_matrix_calculator/data/runs/onnx_models...
Failed to export R1C1_C: # Failed to convert 'dynamic_axes' to 'dynamic_shapes'. Please provide 'dynamic_shapes' directly. Refer to the documentation for 'torch.export.export' for more information on dynamic shapes.
Cleanup done.
