wandb: [wandb.login()] Loaded credentials for https://api.wandb.ai from /Users/wagnertamas/.netrc.
wandb: Currently logged in as: wagnertamas (wagnertamas-budapesti-m-szaki-s-gazdas-gtudom-nyi-egyetem) to https://api.wandb.ai. Use `wandb login --relogin` to force relogin
wandb: setting up run 47hricd5
wandb: Tracking run with wandb version 0.25.0
wandb: Run data is saved locally in /Users/wagnertamas/Documents/Munka/cikkek/AI_agens_konyvtar/support/intergreen_matrix_calculator/wandb/run-20260322_011945-47hricd5
wandb: Run `wandb offline` to turn off syncing.
wandb: Syncing run a2c_speed_throughput_2x8_1_R1C1_C
wandb: ⭐️ View project at https://wandb.ai/wagnertamas-budapesti-m-szaki-s-gazdas-gtudom-nyi-egyetem/sumo-rl-stat
wandb: 🚀 View run at https://wandb.ai/wagnertamas-budapesti-m-szaki-s-gazdas-gtudom-nyi-egyetem/sumo-rl-stat/runs/47hricd5
[INFO] Config: training_config.yaml
[INFO] Net: /Users/wagnertamas/Documents/Munka/cikkek/AI_agens_konyvtar/support/intergreen_matrix_calculator/data/mega_catalogue_v2.net.xml
[INFO] Timesteps: 100000 | Project: sumo-rl-stat
[INFO] Junction: R1C1_C
[INFO] Algorithm: a2c | Reward: speed_throughput
[INFO] Load model: None (fresh)
[INFO] Traffic: random target+spread (epizódonként)
Initializing Environment (algorithm=a2c, reward=speed_throughput)...
[INFO] Algorithm: a2c (on_policy)
[INFO] Reward mode: speed_throughput
WandB config applied (Sweep compatible).
[INFO] Junction reward params auto-loaded from /Users/wagnertamas/Documents/Munka/cikkek/AI_agens_konyvtar/support/intergreen_matrix_calculator/data/junction_reward_params.json
[INFO] Using 'libsumo' (fast headless mode, OS=darwin).
Starting SUMO...
[INFO] Episode duration: 1800s (30 min)

[DEBUG] 🎯 Célzott Forgalom Generálása (R1C1_C) | Period: 6.5176
Found 6 valid OD pairs for R1C1_C
Generating focused traffic: Period 6.5176s
[INFO] Network mapped: 1 agents, 3 detectors, 3 lanes
[INFO] Subscriptions active: 6 (libsumo, fast mode)
Agents discovered: ['R1C1_C']
[INFO] RL device: mps
[INFO] On-policy training: a2c → R1C1_C
Using mps device
Wrapping the env with a `Monitor` wrapper
Wrapping the env in a DummyVecEnv.
Starting on-policy training: 100000 timesteps...
[INFO] Episode duration: 900s (15 min)

[DEBUG] 🎯 Célzott Forgalom Generálása (R1C1_C) | Period: 7.3898
Found 6 valid OD pairs for R1C1_C
Generating focused traffic: Period 7.3898s
[INFO] Subscriptions active: 6 (libsumo, fast mode)
Logging to /Users/wagnertamas/Documents/Munka/cikkek/AI_agens_konyvtar/support/intergreen_matrix_calculator/data/runs/sumo-rl-stat/R1C1_C/A2C_17
[INFO] Episode duration: 900s (15 min)

[DEBUG] 🎯 Célzott Forgalom Generálása (R1C1_C) | Period: 7.2229
Found 6 valid OD pairs for R1C1_C
Generating focused traffic: Period 7.2229s
[INFO] Subscriptions active: 6 (libsumo, fast mode)
[INFO] Episode duration: 2700s (45 min)

[DEBUG] 🎯 Célzott Forgalom Generálása (R1C1_C) | Period: 7.9351
Found 6 valid OD pairs for R1C1_C
Generating focused traffic: Period 7.9351s
[INFO] Subscriptions active: 6 (libsumo, fast mode)
[INFO] Episode duration: 2700s (45 min)

[DEBUG] 🎯 Célzott Forgalom Generálása (R1C1_C) | Period: 5.9558
Found 6 valid OD pairs for R1C1_C
Generating focused traffic: Period 5.9558s
[INFO] Subscriptions active: 6 (libsumo, fast mode)
[INFO] Episode duration: 3600s (60 min)

[DEBUG] 🎯 Célzott Forgalom Generálása (R1C1_C) | Period: 6.8943
Found 6 valid OD pairs for R1C1_C
Generating focused traffic: Period 6.8943s
[INFO] Subscriptions active: 6 (libsumo, fast mode)
[INFO] Episode duration: 2700s (45 min)

[DEBUG] 🎯 Célzott Forgalom Generálása (R1C1_C) | Period: 7.7291
Found 6 valid OD pairs for R1C1_C
Generating focused traffic: Period 7.7291s
[INFO] Subscriptions active: 6 (libsumo, fast mode)
[INFO] Episode duration: 3600s (60 min)

[DEBUG] 🎯 Célzott Forgalom Generálása (R1C1_C) | Period: 6.5231
Found 6 valid OD pairs for R1C1_C
Generating focused traffic: Period 6.5231s
[INFO] Subscriptions active: 6 (libsumo, fast mode)
[INFO] Episode duration: 1800s (30 min)

[DEBUG] 🎯 Célzott Forgalom Generálása (R1C1_C) | Period: 4.071
Found 6 valid OD pairs for R1C1_C
Generating focused traffic: Period 4.0710s
[INFO] Subscriptions active: 6 (libsumo, fast mode)
[INFO] Episode duration: 1800s (30 min)

[DEBUG] 🎯 Célzott Forgalom Generálása (R1C1_C) | Period: 4.2345
Found 6 valid OD pairs for R1C1_C
Generating focused traffic: Period 4.2345s
[INFO] Subscriptions active: 6 (libsumo, fast mode)
[INFO] Episode duration: 1800s (30 min)

[DEBUG] 🎯 Célzott Forgalom Generálása (R1C1_C) | Period: 7.2472
Found 6 valid OD pairs for R1C1_C
Generating focused traffic: Period 7.2472s
[INFO] Subscriptions active: 6 (libsumo, fast mode)
[INFO] Episode duration: 900s (15 min)

[DEBUG] 🎯 Célzott Forgalom Generálása (R1C1_C) | Period: 4.0429
Found 6 valid OD pairs for R1C1_C
Generating focused traffic: Period 4.0429s
[INFO] Subscriptions active: 6 (libsumo, fast mode)
[INFO] Episode duration: 900s (15 min)

[DEBUG] 🎯 Célzott Forgalom Generálása (R1C1_C) | Period: 5.4068
Found 6 valid OD pairs for R1C1_C
Generating focused traffic: Period 5.4068s
[INFO] Subscriptions active: 6 (libsumo, fast mode)
[INFO] Episode duration: 2700s (45 min)

[DEBUG] 🎯 Célzott Forgalom Generálása (R1C1_C) | Period: 4.1134
Found 6 valid OD pairs for R1C1_C
Generating focused traffic: Period 4.1134s
[INFO] Subscriptions active: 6 (libsumo, fast mode)
[INFO] Episode duration: 900s (15 min)

[DEBUG] 🎯 Célzott Forgalom Generálása (R1C1_C) | Period: 6.7845
Found 6 valid OD pairs for R1C1_C
Generating focused traffic: Period 6.7845s
[INFO] Subscriptions active: 6 (libsumo, fast mode)
[INFO] Episode duration: 3600s (60 min)

[DEBUG] 🎯 Célzott Forgalom Generálása (R1C1_C) | Period: 6.6092
Found 6 valid OD pairs for R1C1_C
Generating focused traffic: Period 6.6092s
[INFO] Subscriptions active: 6 (libsumo, fast mode)
[INFO] Episode duration: 3600s (60 min)

[DEBUG] 🎯 Célzott Forgalom Generálása (R1C1_C) | Period: 4.001
Found 6 valid OD pairs for R1C1_C
Generating focused traffic: Period 4.0010s
[INFO] Subscriptions active: 6 (libsumo, fast mode)
[INFO] Episode duration: 900s (15 min)

[DEBUG] 🎯 Célzott Forgalom Generálása (R1C1_C) | Period: 5.3885
Found 6 valid OD pairs for R1C1_C
Generating focused traffic: Period 5.3885s
[INFO] Subscriptions active: 6 (libsumo, fast mode)
[INFO] Episode duration: 2700s (45 min)

[DEBUG] 🎯 Célzott Forgalom Generálása (R1C1_C) | Period: 4.1933
Found 6 valid OD pairs for R1C1_C
Generating focused traffic: Period 4.1933s
[INFO] Subscriptions active: 6 (libsumo, fast mode)
[INFO] Episode duration: 1800s (30 min)

[DEBUG] 🎯 Célzott Forgalom Generálása (R1C1_C) | Period: 6.1986
Found 6 valid OD pairs for R1C1_C
Generating focused traffic: Period 6.1986s
[INFO] Subscriptions active: 6 (libsumo, fast mode)
[INFO] Episode duration: 1800s (30 min)

[DEBUG] 🎯 Célzott Forgalom Generálása (R1C1_C) | Period: 4.2066
Found 6 valid OD pairs for R1C1_C
Generating focused traffic: Period 4.2066s
[INFO] Subscriptions active: 6 (libsumo, fast mode)
[INFO] Episode duration: 2700s (45 min)

[DEBUG] 🎯 Célzott Forgalom Generálása (R1C1_C) | Period: 5.4405
Found 6 valid OD pairs for R1C1_C
Generating focused traffic: Period 5.4405s
[INFO] Subscriptions active: 6 (libsumo, fast mode)
[INFO] Episode duration: 2700s (45 min)

[DEBUG] 🎯 Célzott Forgalom Generálása (R1C1_C) | Period: 6.7412
Found 6 valid OD pairs for R1C1_C
Generating focused traffic: Period 6.7412s
[INFO] Subscriptions active: 6 (libsumo, fast mode)
[INFO] Episode duration: 3600s (60 min)

[DEBUG] 🎯 Célzott Forgalom Generálása (R1C1_C) | Period: 6.3548
Found 6 valid OD pairs for R1C1_C
Generating focused traffic: Period 6.3548s
[INFO] Subscriptions active: 6 (libsumo, fast mode)
[INFO] Episode duration: 1800s (30 min)

[DEBUG] 🎯 Célzott Forgalom Generálása (R1C1_C) | Period: 6.8407
Found 6 valid OD pairs for R1C1_C
Generating focused traffic: Period 6.8407s
[INFO] Subscriptions active: 6 (libsumo, fast mode)
[INFO] Episode duration: 900s (15 min)

[DEBUG] 🎯 Célzott Forgalom Generálása (R1C1_C) | Period: 4.9645
Found 6 valid OD pairs for R1C1_C
Generating focused traffic: Period 4.9645s
[INFO] Subscriptions active: 6 (libsumo, fast mode)
[INFO] Episode duration: 2700s (45 min)

[DEBUG] 🎯 Célzott Forgalom Generálása (R1C1_C) | Period: 4.5917
Found 6 valid OD pairs for R1C1_C
Generating focused traffic: Period 4.5917s
[INFO] Subscriptions active: 6 (libsumo, fast mode)
[INFO] Episode duration: 2700s (45 min)

[DEBUG] 🎯 Célzott Forgalom Generálása (R1C1_C) | Period: 5.2372
Found 6 valid OD pairs for R1C1_C
Generating focused traffic: Period 5.2372s
[INFO] Subscriptions active: 6 (libsumo, fast mode)
[INFO] Episode duration: 1800s (30 min)

[DEBUG] 🎯 Célzott Forgalom Generálása (R1C1_C) | Period: 5.8584
Found 6 valid OD pairs for R1C1_C
Generating focused traffic: Period 5.8584s
[INFO] Subscriptions active: 6 (libsumo, fast mode)
[INFO] Episode duration: 2700s (45 min)

[DEBUG] 🎯 Célzott Forgalom Generálása (R1C1_C) | Period: 4.291
Found 6 valid OD pairs for R1C1_C
Generating focused traffic: Period 4.2910s
[INFO] Subscriptions active: 6 (libsumo, fast mode)
[INFO] Episode duration: 2700s (45 min)

[DEBUG] 🎯 Célzott Forgalom Generálása (R1C1_C) | Period: 5.4097
Found 6 valid OD pairs for R1C1_C
Generating focused traffic: Period 5.4097s
[INFO] Subscriptions active: 6 (libsumo, fast mode)
[INFO] Episode duration: 3600s (60 min)

[DEBUG] 🎯 Célzott Forgalom Generálása (R1C1_C) | Period: 4.4755
Found 6 valid OD pairs for R1C1_C
Generating focused traffic: Period 4.4755s
[INFO] Subscriptions active: 6 (libsumo, fast mode)
[INFO] Episode duration: 900s (15 min)

[DEBUG] 🎯 Célzott Forgalom Generálása (R1C1_C) | Period: 5.1653
Found 6 valid OD pairs for R1C1_C
Generating focused traffic: Period 5.1653s
[INFO] Subscriptions active: 6 (libsumo, fast mode)
[INFO] Episode duration: 3600s (60 min)

[DEBUG] 🎯 Célzott Forgalom Generálása (R1C1_C) | Period: 4.7797
Found 6 valid OD pairs for R1C1_C
Generating focused traffic: Period 4.7797s
[INFO] Subscriptions active: 6 (libsumo, fast mode)
[INFO] Episode duration: 3600s (60 min)

[DEBUG] 🎯 Célzott Forgalom Generálása (R1C1_C) | Period: 4.6191
Found 6 valid OD pairs for R1C1_C
Generating focused traffic: Period 4.6191s
[INFO] Subscriptions active: 6 (libsumo, fast mode)
[INFO] Episode duration: 3600s (60 min)

[DEBUG] 🎯 Célzott Forgalom Generálása (R1C1_C) | Period: 6.5107
Found 6 valid OD pairs for R1C1_C
Generating focused traffic: Period 6.5107s
[INFO] Subscriptions active: 6 (libsumo, fast mode)
[INFO] Episode duration: 2700s (45 min)

[DEBUG] 🎯 Célzott Forgalom Generálása (R1C1_C) | Period: 5.9423
Found 6 valid OD pairs for R1C1_C
Generating focused traffic: Period 5.9423s
[INFO] Subscriptions active: 6 (libsumo, fast mode)
[INFO] Episode duration: 2700s (45 min)

[DEBUG] 🎯 Célzott Forgalom Generálása (R1C1_C) | Period: 4.3731
Found 6 valid OD pairs for R1C1_C
Generating focused traffic: Period 4.3731s
[INFO] Subscriptions active: 6 (libsumo, fast mode)
[INFO] Episode duration: 2700s (45 min)

[DEBUG] 🎯 Célzott Forgalom Generálása (R1C1_C) | Period: 4.4872
Found 6 valid OD pairs for R1C1_C
Generating focused traffic: Period 4.4872s
[INFO] Subscriptions active: 6 (libsumo, fast mode)
[INFO] Episode duration: 2700s (45 min)

[DEBUG] 🎯 Célzott Forgalom Generálása (R1C1_C) | Period: 6.5694
Found 6 valid OD pairs for R1C1_C
Generating focused traffic: Period 6.5694s
[INFO] Subscriptions active: 6 (libsumo, fast mode)
[INFO] Episode duration: 1800s (30 min)

[DEBUG] 🎯 Célzott Forgalom Generálása (R1C1_C) | Period: 6.2777
Found 6 valid OD pairs for R1C1_C
Generating focused traffic: Period 6.2777s
[INFO] Subscriptions active: 6 (libsumo, fast mode)
[INFO] Episode duration: 3600s (60 min)

[DEBUG] 🎯 Célzott Forgalom Generálása (R1C1_C) | Period: 5.1406
Found 6 valid OD pairs for R1C1_C
Generating focused traffic: Period 5.1406s
[INFO] Subscriptions active: 6 (libsumo, fast mode)
[INFO] Episode duration: 1800s (30 min)

[DEBUG] 🎯 Célzott Forgalom Generálása (R1C1_C) | Period: 5.3295
Found 6 valid OD pairs for R1C1_C
Generating focused traffic: Period 5.3295s
[INFO] Subscriptions active: 6 (libsumo, fast mode)
[INFO] Episode duration: 2700s (45 min)

[DEBUG] 🎯 Célzott Forgalom Generálása (R1C1_C) | Period: 5.9972
Found 6 valid OD pairs for R1C1_C
Generating focused traffic: Period 5.9972s
[INFO] Subscriptions active: 6 (libsumo, fast mode)
------------------------------------
| rollout/              |          |
|    ep_len_mean        | 476      |
|    ep_rew_mean        | 138      |
| time/                 |          |
|    fps                | 151      |
|    iterations         | 10       |
|    time_elapsed       | 134      |
|    total_timesteps    | 20480    |
| train/                |          |
|    entropy_loss       | -1.39    |
|    explained_variance | -0.00125 |
|    learning_rate      | 0.0001   |
|    n_updates          | 9        |
|    policy_loss        | 30.9     |
|    value_loss         | 549      |
------------------------------------
[INFO] Episode duration: 3600s (60 min)

[DEBUG] 🎯 Célzott Forgalom Generálása (R1C1_C) | Period: 7.2103
Found 6 valid OD pairs for R1C1_C
Generating focused traffic: Period 7.2103s
[INFO] Subscriptions active: 6 (libsumo, fast mode)
[INFO] Episode duration: 2700s (45 min)

[DEBUG] 🎯 Célzott Forgalom Generálása (R1C1_C) | Period: 6.3483
Found 6 valid OD pairs for R1C1_C
Generating focused traffic: Period 6.3483s
[INFO] Subscriptions active: 6 (libsumo, fast mode)
[INFO] Episode duration: 2700s (45 min)

[DEBUG] 🎯 Célzott Forgalom Generálása (R1C1_C) | Period: 6.1882
Found 6 valid OD pairs for R1C1_C
Generating focused traffic: Period 6.1882s
[INFO] Subscriptions active: 6 (libsumo, fast mode)
[INFO] Episode duration: 2700s (45 min)

[DEBUG] 🎯 Célzott Forgalom Generálása (R1C1_C) | Period: 7.8241
Found 6 valid OD pairs for R1C1_C
Generating focused traffic: Period 7.8241s
[INFO] Subscriptions active: 6 (libsumo, fast mode)
[INFO] Episode duration: 900s (15 min)

[DEBUG] 🎯 Célzott Forgalom Generálása (R1C1_C) | Period: 5.8091
Found 6 valid OD pairs for R1C1_C
Generating focused traffic: Period 5.8091s
[INFO] Subscriptions active: 6 (libsumo, fast mode)
[INFO] Episode duration: 2700s (45 min)

[DEBUG] 🎯 Célzott Forgalom Generálása (R1C1_C) | Period: 6.4401
Found 6 valid OD pairs for R1C1_C
Generating focused traffic: Period 6.4401s
[INFO] Subscriptions active: 6 (libsumo, fast mode)
[INFO] Episode duration: 900s (15 min)

[DEBUG] 🎯 Célzott Forgalom Generálása (R1C1_C) | Period: 4.7956
Found 6 valid OD pairs for R1C1_C
Generating focused traffic: Period 4.7956s
[INFO] Subscriptions active: 6 (libsumo, fast mode)
[INFO] Episode duration: 2700s (45 min)

[DEBUG] 🎯 Célzott Forgalom Generálása (R1C1_C) | Period: 4.9779
Found 6 valid OD pairs for R1C1_C
Generating focused traffic: Period 4.9779s
[INFO] Subscriptions active: 6 (libsumo, fast mode)
[INFO] Episode duration: 1800s (30 min)

[DEBUG] 🎯 Célzott Forgalom Generálása (R1C1_C) | Period: 4.6329
Found 6 valid OD pairs for R1C1_C
Generating focused traffic: Period 4.6329s
[INFO] Subscriptions active: 6 (libsumo, fast mode)
[INFO] Episode duration: 900s (15 min)

[DEBUG] 🎯 Célzott Forgalom Generálása (R1C1_C) | Period: 7.998
Found 6 valid OD pairs for R1C1_C
Generating focused traffic: Period 7.9980s
[INFO] Subscriptions active: 6 (libsumo, fast mode)
[INFO] Episode duration: 1800s (30 min)

[DEBUG] 🎯 Célzott Forgalom Generálása (R1C1_C) | Period: 7.1969
Found 6 valid OD pairs for R1C1_C
Generating focused traffic: Period 7.1969s
[INFO] Subscriptions active: 6 (libsumo, fast mode)
[INFO] Episode duration: 3600s (60 min)

[DEBUG] 🎯 Célzott Forgalom Generálása (R1C1_C) | Period: 4.4747
Found 6 valid OD pairs for R1C1_C
Generating focused traffic: Period 4.4747s
[INFO] Subscriptions active: 6 (libsumo, fast mode)
[INFO] Episode duration: 3600s (60 min)

[DEBUG] 🎯 Célzott Forgalom Generálása (R1C1_C) | Period: 6.081
Found 6 valid OD pairs for R1C1_C
Generating focused traffic: Period 6.0810s
[INFO] Subscriptions active: 6 (libsumo, fast mode)
[INFO] Episode duration: 900s (15 min)

[DEBUG] 🎯 Célzott Forgalom Generálása (R1C1_C) | Period: 4.233
Found 6 valid OD pairs for R1C1_C
Generating focused traffic: Period 4.2330s
[INFO] Subscriptions active: 6 (libsumo, fast mode)
[INFO] Episode duration: 900s (15 min)

[DEBUG] 🎯 Célzott Forgalom Generálása (R1C1_C) | Period: 6.5173
Found 6 valid OD pairs for R1C1_C
Generating focused traffic: Period 6.5173s
[INFO] Subscriptions active: 6 (libsumo, fast mode)
[INFO] Episode duration: 900s (15 min)

[DEBUG] 🎯 Célzott Forgalom Generálása (R1C1_C) | Period: 5.0693
Found 6 valid OD pairs for R1C1_C
Generating focused traffic: Period 5.0693s
[INFO] Subscriptions active: 6 (libsumo, fast mode)
[INFO] Episode duration: 1800s (30 min)

[DEBUG] 🎯 Célzott Forgalom Generálása (R1C1_C) | Period: 5.3584
Found 6 valid OD pairs for R1C1_C
Generating focused traffic: Period 5.3584s
[INFO] Subscriptions active: 6 (libsumo, fast mode)
[INFO] Episode duration: 2700s (45 min)

[DEBUG] 🎯 Célzott Forgalom Generálása (R1C1_C) | Period: 7.7486
Found 6 valid OD pairs for R1C1_C
Generating focused traffic: Period 7.7486s
[INFO] Subscriptions active: 6 (libsumo, fast mode)
[INFO] Episode duration: 900s (15 min)

[DEBUG] 🎯 Célzott Forgalom Generálása (R1C1_C) | Period: 4.9702
Found 6 valid OD pairs for R1C1_C
Generating focused traffic: Period 4.9702s
[INFO] Subscriptions active: 6 (libsumo, fast mode)
[INFO] Episode duration: 3600s (60 min)

[DEBUG] 🎯 Célzott Forgalom Generálása (R1C1_C) | Period: 7.7239
Found 6 valid OD pairs for R1C1_C
Generating focused traffic: Period 7.7239s
[INFO] Subscriptions active: 6 (libsumo, fast mode)
[INFO] Episode duration: 1800s (30 min)

[DEBUG] 🎯 Célzott Forgalom Generálása (R1C1_C) | Period: 6.5302
Found 6 valid OD pairs for R1C1_C
Generating focused traffic: Period 6.5302s
[INFO] Subscriptions active: 6 (libsumo, fast mode)
[INFO] Episode duration: 3600s (60 min)

[DEBUG] 🎯 Célzott Forgalom Generálása (R1C1_C) | Period: 7.0607
Found 6 valid OD pairs for R1C1_C
Generating focused traffic: Period 7.0607s
[INFO] Subscriptions active: 6 (libsumo, fast mode)
[INFO] Episode duration: 2700s (45 min)

[DEBUG] 🎯 Célzott Forgalom Generálása (R1C1_C) | Period: 5.6091
Found 6 valid OD pairs for R1C1_C
Generating focused traffic: Period 5.6091s
[INFO] Subscriptions active: 6 (libsumo, fast mode)
[INFO] Episode duration: 1800s (30 min)

[DEBUG] 🎯 Célzott Forgalom Generálása (R1C1_C) | Period: 6.2852
Found 6 valid OD pairs for R1C1_C
Generating focused traffic: Period 6.2852s
[INFO] Subscriptions active: 6 (libsumo, fast mode)
[INFO] Episode duration: 900s (15 min)

[DEBUG] 🎯 Célzott Forgalom Generálása (R1C1_C) | Period: 6.8545
Found 6 valid OD pairs for R1C1_C
Generating focused traffic: Period 6.8545s
[INFO] Subscriptions active: 6 (libsumo, fast mode)
[INFO] Episode duration: 2700s (45 min)

[DEBUG] 🎯 Célzott Forgalom Generálása (R1C1_C) | Period: 6.7615
Found 6 valid OD pairs for R1C1_C
Generating focused traffic: Period 6.7615s
[INFO] Subscriptions active: 6 (libsumo, fast mode)
[INFO] Episode duration: 1800s (30 min)

[DEBUG] 🎯 Célzott Forgalom Generálása (R1C1_C) | Period: 6.8195
Found 6 valid OD pairs for R1C1_C
Generating focused traffic: Period 6.8195s
[INFO] Subscriptions active: 6 (libsumo, fast mode)
[INFO] Episode duration: 1800s (30 min)

[DEBUG] 🎯 Célzott Forgalom Generálása (R1C1_C) | Period: 7.9455
Found 6 valid OD pairs for R1C1_C
Generating focused traffic: Period 7.9455s
[INFO] Subscriptions active: 6 (libsumo, fast mode)
[INFO] Episode duration: 2700s (45 min)

[DEBUG] 🎯 Célzott Forgalom Generálása (R1C1_C) | Period: 6.3421
Found 6 valid OD pairs for R1C1_C
Generating focused traffic: Period 6.3421s
[INFO] Subscriptions active: 6 (libsumo, fast mode)
[INFO] Episode duration: 3600s (60 min)

[DEBUG] 🎯 Célzott Forgalom Generálása (R1C1_C) | Period: 4.2862
Found 6 valid OD pairs for R1C1_C
Generating focused traffic: Period 4.2862s
[INFO] Subscriptions active: 6 (libsumo, fast mode)
[INFO] Episode duration: 3600s (60 min)

[DEBUG] 🎯 Célzott Forgalom Generálása (R1C1_C) | Period: 6.448
Found 6 valid OD pairs for R1C1_C
Generating focused traffic: Period 6.4480s
[INFO] Subscriptions active: 6 (libsumo, fast mode)
[INFO] Episode duration: 900s (15 min)

[DEBUG] 🎯 Célzott Forgalom Generálása (R1C1_C) | Period: 6.8975
Found 6 valid OD pairs for R1C1_C
Generating focused traffic: Period 6.8975s
[INFO] Subscriptions active: 6 (libsumo, fast mode)
[INFO] Episode duration: 3600s (60 min)

[DEBUG] 🎯 Célzott Forgalom Generálása (R1C1_C) | Period: 4.0472
Found 6 valid OD pairs for R1C1_C
Generating focused traffic: Period 4.0472s
[INFO] Subscriptions active: 6 (libsumo, fast mode)
[INFO] Episode duration: 900s (15 min)

[DEBUG] 🎯 Célzott Forgalom Generálása (R1C1_C) | Period: 7.3917
Found 6 valid OD pairs for R1C1_C
Generating focused traffic: Period 7.3917s
[INFO] Subscriptions active: 6 (libsumo, fast mode)
[INFO] Episode duration: 3600s (60 min)

[DEBUG] 🎯 Célzott Forgalom Generálása (R1C1_C) | Period: 7.0947
Found 6 valid OD pairs for R1C1_C
Generating focused traffic: Period 7.0947s
[INFO] Subscriptions active: 6 (libsumo, fast mode)
[INFO] Episode duration: 3600s (60 min)

[DEBUG] 🎯 Célzott Forgalom Generálása (R1C1_C) | Period: 7.2993
Found 6 valid OD pairs for R1C1_C
Generating focused traffic: Period 7.2993s
[INFO] Subscriptions active: 6 (libsumo, fast mode)
[INFO] Episode duration: 3600s (60 min)

[DEBUG] 🎯 Célzott Forgalom Generálása (R1C1_C) | Period: 7.0132
Found 6 valid OD pairs for R1C1_C
Generating focused traffic: Period 7.0132s
[INFO] Subscriptions active: 6 (libsumo, fast mode)
[INFO] Episode duration: 3600s (60 min)

[DEBUG] 🎯 Célzott Forgalom Generálása (R1C1_C) | Period: 5.0939
Found 6 valid OD pairs for R1C1_C
Generating focused traffic: Period 5.0939s
[INFO] Subscriptions active: 6 (libsumo, fast mode)
[INFO] Episode duration: 900s (15 min)

[DEBUG] 🎯 Célzott Forgalom Generálása (R1C1_C) | Period: 6.7923
Found 6 valid OD pairs for R1C1_C
Generating focused traffic: Period 6.7923s
[INFO] Subscriptions active: 6 (libsumo, fast mode)
[INFO] Episode duration: 3600s (60 min)

[DEBUG] 🎯 Célzott Forgalom Generálása (R1C1_C) | Period: 5.3126
Found 6 valid OD pairs for R1C1_C
Generating focused traffic: Period 5.3126s
[INFO] Subscriptions active: 6 (libsumo, fast mode)
[INFO] Episode duration: 3600s (60 min)

[DEBUG] 🎯 Célzott Forgalom Generálása (R1C1_C) | Period: 7.35
Found 6 valid OD pairs for R1C1_C
Generating focused traffic: Period 7.3500s
[INFO] Subscriptions active: 6 (libsumo, fast mode)
[INFO] Episode duration: 3600s (60 min)

[DEBUG] 🎯 Célzott Forgalom Generálása (R1C1_C) | Period: 5.0985
Found 6 valid OD pairs for R1C1_C
Generating focused traffic: Period 5.0985s
[INFO] Subscriptions active: 6 (libsumo, fast mode)
[INFO] Episode duration: 1800s (30 min)

[DEBUG] 🎯 Célzott Forgalom Generálása (R1C1_C) | Period: 6.5787
Found 6 valid OD pairs for R1C1_C
Generating focused traffic: Period 6.5787s
[INFO] Subscriptions active: 6 (libsumo, fast mode)
------------------------------------
| rollout/              |          |
|    ep_len_mean        | 479      |
|    ep_rew_mean        | 140      |
| time/                 |          |
|    fps                | 163      |
|    iterations         | 20       |
|    time_elapsed       | 250      |
|    total_timesteps    | 40960    |
| train/                |          |
|    entropy_loss       | -1.39    |
|    explained_variance | -0.00272 |
|    learning_rate      | 0.0001   |
|    n_updates          | 19       |
|    policy_loss        | 32.8     |
|    value_loss         | 621      |
------------------------------------
[INFO] Episode duration: 3600s (60 min)

[DEBUG] 🎯 Célzott Forgalom Generálása (R1C1_C) | Period: 5.6027
Found 6 valid OD pairs for R1C1_C
Generating focused traffic: Period 5.6027s
[INFO] Subscriptions active: 6 (libsumo, fast mode)
[INFO] Episode duration: 2700s (45 min)

[DEBUG] 🎯 Célzott Forgalom Generálása (R1C1_C) | Period: 4.2843
Found 6 valid OD pairs for R1C1_C
Generating focused traffic: Period 4.2843s
[INFO] Subscriptions active: 6 (libsumo, fast mode)
[INFO] Episode duration: 900s (15 min)

[DEBUG] 🎯 Célzott Forgalom Generálása (R1C1_C) | Period: 7.1515
Found 6 valid OD pairs for R1C1_C
Generating focused traffic: Period 7.1515s
[INFO] Subscriptions active: 6 (libsumo, fast mode)
[INFO] Episode duration: 1800s (30 min)

[DEBUG] 🎯 Célzott Forgalom Generálása (R1C1_C) | Period: 5.5265
Found 6 valid OD pairs for R1C1_C
Generating focused traffic: Period 5.5265s
[INFO] Subscriptions active: 6 (libsumo, fast mode)
[INFO] Episode duration: 3600s (60 min)

[DEBUG] 🎯 Célzott Forgalom Generálása (R1C1_C) | Period: 4.3362
Found 6 valid OD pairs for R1C1_C
Generating focused traffic: Period 4.3362s
[INFO] Subscriptions active: 6 (libsumo, fast mode)
[INFO] Episode duration: 3600s (60 min)

[DEBUG] 🎯 Célzott Forgalom Generálása (R1C1_C) | Period: 6.6738
Found 6 valid OD pairs for R1C1_C
Generating focused traffic: Period 6.6738s
[INFO] Subscriptions active: 6 (libsumo, fast mode)
[INFO] Episode duration: 3600s (60 min)

[DEBUG] 🎯 Célzott Forgalom Generálása (R1C1_C) | Period: 4.5358
Found 6 valid OD pairs for R1C1_C
Generating focused traffic: Period 4.5358s
[INFO] Subscriptions active: 6 (libsumo, fast mode)
[INFO] Episode duration: 900s (15 min)

[DEBUG] 🎯 Célzott Forgalom Generálása (R1C1_C) | Period: 6.5627
Found 6 valid OD pairs for R1C1_C
Generating focused traffic: Period 6.5627s
[INFO] Subscriptions active: 6 (libsumo, fast mode)
[INFO] Episode duration: 2700s (45 min)

[DEBUG] 🎯 Célzott Forgalom Generálása (R1C1_C) | Period: 7.4723
Found 6 valid OD pairs for R1C1_C
Generating focused traffic: Period 7.4723s
[INFO] Subscriptions active: 6 (libsumo, fast mode)
[INFO] Episode duration: 1800s (30 min)

[DEBUG] 🎯 Célzott Forgalom Generálása (R1C1_C) | Period: 4.6961
Found 6 valid OD pairs for R1C1_C
Generating focused traffic: Period 4.6961s
[INFO] Subscriptions active: 6 (libsumo, fast mode)
[INFO] Episode duration: 900s (15 min)

[DEBUG] 🎯 Célzott Forgalom Generálása (R1C1_C) | Period: 6.7031
Found 6 valid OD pairs for R1C1_C
Generating focused traffic: Period 6.7031s
[INFO] Subscriptions active: 6 (libsumo, fast mode)
[INFO] Episode duration: 1800s (30 min)

[DEBUG] 🎯 Célzott Forgalom Generálása (R1C1_C) | Period: 6.4116
Found 6 valid OD pairs for R1C1_C
Generating focused traffic: Period 6.4116s
[INFO] Subscriptions active: 6 (libsumo, fast mode)
[INFO] Episode duration: 3600s (60 min)

[DEBUG] 🎯 Célzott Forgalom Generálása (R1C1_C) | Period: 5.5519
Found 6 valid OD pairs for R1C1_C
Generating focused traffic: Period 5.5519s
[INFO] Subscriptions active: 6 (libsumo, fast mode)
[INFO] Episode duration: 1800s (30 min)

[DEBUG] 🎯 Célzott Forgalom Generálása (R1C1_C) | Period: 4.2606
Found 6 valid OD pairs for R1C1_C
Generating focused traffic: Period 4.2606s
[INFO] Subscriptions active: 6 (libsumo, fast mode)
[INFO] Episode duration: 1800s (30 min)

[DEBUG] 🎯 Célzott Forgalom Generálása (R1C1_C) | Period: 7.2773
Found 6 valid OD pairs for R1C1_C
Generating focused traffic: Period 7.2773s
[INFO] Subscriptions active: 6 (libsumo, fast mode)
[INFO] Episode duration: 2700s (45 min)

[DEBUG] 🎯 Célzott Forgalom Generálása (R1C1_C) | Period: 4.2354
Found 6 valid OD pairs for R1C1_C
Generating focused traffic: Period 4.2354s
[INFO] Subscriptions active: 6 (libsumo, fast mode)
[INFO] Episode duration: 1800s (30 min)

[DEBUG] 🎯 Célzott Forgalom Generálása (R1C1_C) | Period: 6.573
Found 6 valid OD pairs for R1C1_C
Generating focused traffic: Period 6.5730s
[INFO] Subscriptions active: 6 (libsumo, fast mode)
[INFO] Episode duration: 900s (15 min)

[DEBUG] 🎯 Célzott Forgalom Generálása (R1C1_C) | Period: 4.9131
Found 6 valid OD pairs for R1C1_C
Generating focused traffic: Period 4.9131s
[INFO] Subscriptions active: 6 (libsumo, fast mode)
[INFO] Episode duration: 2700s (45 min)

[DEBUG] 🎯 Célzott Forgalom Generálása (R1C1_C) | Period: 4.6752
Found 6 valid OD pairs for R1C1_C
Generating focused traffic: Period 4.6752s
[INFO] Subscriptions active: 6 (libsumo, fast mode)
[INFO] Episode duration: 3600s (60 min)

[DEBUG] 🎯 Célzott Forgalom Generálása (R1C1_C) | Period: 5.0538
Found 6 valid OD pairs for R1C1_C
Generating focused traffic: Period 5.0538s
[INFO] Subscriptions active: 6 (libsumo, fast mode)
[INFO] Episode duration: 900s (15 min)

[DEBUG] 🎯 Célzott Forgalom Generálása (R1C1_C) | Period: 5.3453
Found 6 valid OD pairs for R1C1_C
Generating focused traffic: Period 5.3453s
[INFO] Subscriptions active: 6 (libsumo, fast mode)
[INFO] Episode duration: 3600s (60 min)

[DEBUG] 🎯 Célzott Forgalom Generálása (R1C1_C) | Period: 7.9472
Found 6 valid OD pairs for R1C1_C
Generating focused traffic: Period 7.9472s
[INFO] Subscriptions active: 6 (libsumo, fast mode)
[INFO] Episode duration: 900s (15 min)

[DEBUG] 🎯 Célzott Forgalom Generálása (R1C1_C) | Period: 5.6682
Found 6 valid OD pairs for R1C1_C
Generating focused traffic: Period 5.6682s
[INFO] Subscriptions active: 6 (libsumo, fast mode)
[INFO] Episode duration: 3600s (60 min)

[DEBUG] 🎯 Célzott Forgalom Generálása (R1C1_C) | Period: 6.8163
Found 6 valid OD pairs for R1C1_C
Generating focused traffic: Period 6.8163s
[INFO] Subscriptions active: 6 (libsumo, fast mode)
[INFO] Episode duration: 3600s (60 min)

[DEBUG] 🎯 Célzott Forgalom Generálása (R1C1_C) | Period: 4.0199
Found 6 valid OD pairs for R1C1_C
Generating focused traffic: Period 4.0199s
[INFO] Subscriptions active: 6 (libsumo, fast mode)
[INFO] Episode duration: 1800s (30 min)

[DEBUG] 🎯 Célzott Forgalom Generálása (R1C1_C) | Period: 6.102
Found 6 valid OD pairs for R1C1_C
Generating focused traffic: Period 6.1020s
[INFO] Subscriptions active: 6 (libsumo, fast mode)
[INFO] Episode duration: 2700s (45 min)

[DEBUG] 🎯 Célzott Forgalom Generálása (R1C1_C) | Period: 4.7611
Found 6 valid OD pairs for R1C1_C
Generating focused traffic: Period 4.7611s
[INFO] Subscriptions active: 6 (libsumo, fast mode)
[INFO] Episode duration: 1800s (30 min)

[DEBUG] 🎯 Célzott Forgalom Generálása (R1C1_C) | Period: 5.0342
Found 6 valid OD pairs for R1C1_C
Generating focused traffic: Period 5.0342s
[INFO] Subscriptions active: 6 (libsumo, fast mode)
[INFO] Episode duration: 3600s (60 min)

[DEBUG] 🎯 Célzott Forgalom Generálása (R1C1_C) | Period: 7.3457
Found 6 valid OD pairs for R1C1_C
Generating focused traffic: Period 7.3457s
[INFO] Subscriptions active: 6 (libsumo, fast mode)
[INFO] Episode duration: 1800s (30 min)

[DEBUG] 🎯 Célzott Forgalom Generálása (R1C1_C) | Period: 7.1592
Found 6 valid OD pairs for R1C1_C
Generating focused traffic: Period 7.1592s
[INFO] Subscriptions active: 6 (libsumo, fast mode)
[INFO] Episode duration: 2700s (45 min)

[DEBUG] 🎯 Célzott Forgalom Generálása (R1C1_C) | Period: 6.4168
Found 6 valid OD pairs for R1C1_C
Generating focused traffic: Period 6.4168s
[INFO] Subscriptions active: 6 (libsumo, fast mode)
[INFO] Episode duration: 2700s (45 min)

[DEBUG] 🎯 Célzott Forgalom Generálása (R1C1_C) | Period: 5.0721
Found 6 valid OD pairs for R1C1_C
Generating focused traffic: Period 5.0721s
[INFO] Subscriptions active: 6 (libsumo, fast mode)
[INFO] Episode duration: 1800s (30 min)

[DEBUG] 🎯 Célzott Forgalom Generálása (R1C1_C) | Period: 4.4109
Found 6 valid OD pairs for R1C1_C
Generating focused traffic: Period 4.4109s
[INFO] Subscriptions active: 6 (libsumo, fast mode)
[INFO] Episode duration: 900s (15 min)

[DEBUG] 🎯 Célzott Forgalom Generálása (R1C1_C) | Period: 6.537
Found 6 valid OD pairs for R1C1_C
Generating focused traffic: Period 6.5370s
[INFO] Subscriptions active: 6 (libsumo, fast mode)
[INFO] Episode duration: 900s (15 min)

[DEBUG] 🎯 Célzott Forgalom Generálása (R1C1_C) | Period: 6.292
Found 6 valid OD pairs for R1C1_C
Generating focused traffic: Period 6.2920s
[INFO] Subscriptions active: 6 (libsumo, fast mode)
[INFO] Episode duration: 1800s (30 min)

[DEBUG] 🎯 Célzott Forgalom Generálása (R1C1_C) | Period: 7.007
Found 6 valid OD pairs for R1C1_C
Generating focused traffic: Period 7.0070s
[INFO] Subscriptions active: 6 (libsumo, fast mode)
[INFO] Episode duration: 1800s (30 min)

[DEBUG] 🎯 Célzott Forgalom Generálása (R1C1_C) | Period: 6.2353
Found 6 valid OD pairs for R1C1_C
Generating focused traffic: Period 6.2353s
[INFO] Subscriptions active: 6 (libsumo, fast mode)
[INFO] Episode duration: 3600s (60 min)

[DEBUG] 🎯 Célzott Forgalom Generálása (R1C1_C) | Period: 5.0106
Found 6 valid OD pairs for R1C1_C
Generating focused traffic: Period 5.0106s
[INFO] Subscriptions active: 6 (libsumo, fast mode)
[INFO] Episode duration: 900s (15 min)

[DEBUG] 🎯 Célzott Forgalom Generálása (R1C1_C) | Period: 6.9733
Found 6 valid OD pairs for R1C1_C
Generating focused traffic: Period 6.9733s
[INFO] Subscriptions active: 6 (libsumo, fast mode)
[INFO] Episode duration: 1800s (30 min)

[DEBUG] 🎯 Célzott Forgalom Generálása (R1C1_C) | Period: 6.151
Found 6 valid OD pairs for R1C1_C
Generating focused traffic: Period 6.1510s
[INFO] Subscriptions active: 6 (libsumo, fast mode)
[INFO] Episode duration: 2700s (45 min)

[DEBUG] 🎯 Célzott Forgalom Generálása (R1C1_C) | Period: 7.7148
Found 6 valid OD pairs for R1C1_C
Generating focused traffic: Period 7.7148s
[INFO] Subscriptions active: 6 (libsumo, fast mode)
[INFO] Episode duration: 1800s (30 min)

[DEBUG] 🎯 Célzott Forgalom Generálása (R1C1_C) | Period: 6.8088
Found 6 valid OD pairs for R1C1_C
Generating focused traffic: Period 6.8088s
[INFO] Subscriptions active: 6 (libsumo, fast mode)
[INFO] Episode duration: 2700s (45 min)

[DEBUG] 🎯 Célzott Forgalom Generálása (R1C1_C) | Period: 4.0325
Found 6 valid OD pairs for R1C1_C
Generating focused traffic: Period 4.0325s
[INFO] Subscriptions active: 6 (libsumo, fast mode)
[INFO] Episode duration: 2700s (45 min)

[DEBUG] 🎯 Célzott Forgalom Generálása (R1C1_C) | Period: 6.8
Found 6 valid OD pairs for R1C1_C
Generating focused traffic: Period 6.8000s
[INFO] Subscriptions active: 6 (libsumo, fast mode)
[INFO] Episode duration: 2700s (45 min)

[DEBUG] 🎯 Célzott Forgalom Generálása (R1C1_C) | Period: 5.4334
Found 6 valid OD pairs for R1C1_C
Generating focused traffic: Period 5.4334s
[INFO] Subscriptions active: 6 (libsumo, fast mode)
------------------------------------
| rollout/              |          |
|    ep_len_mean        | 477      |
|    ep_rew_mean        | 139      |
| time/                 |          |
|    fps                | 167      |
|    iterations         | 30       |
|    time_elapsed       | 367      |
|    total_timesteps    | 61440    |
| train/                |          |
|    entropy_loss       | -1.39    |
|    explained_variance | -0.0024  |
|    learning_rate      | 0.0001   |
|    n_updates          | 29       |
|    policy_loss        | 29.3     |
|    value_loss         | 505      |
------------------------------------
[INFO] Episode duration: 3600s (60 min)

[DEBUG] 🎯 Célzott Forgalom Generálása (R1C1_C) | Period: 5.3751
Found 6 valid OD pairs for R1C1_C
Generating focused traffic: Period 5.3751s
[INFO] Subscriptions active: 6 (libsumo, fast mode)
[INFO] Episode duration: 3600s (60 min)

[DEBUG] 🎯 Célzott Forgalom Generálása (R1C1_C) | Period: 5.2152
Found 6 valid OD pairs for R1C1_C
Generating focused traffic: Period 5.2152s
[INFO] Subscriptions active: 6 (libsumo, fast mode)
[INFO] Episode duration: 1800s (30 min)

[DEBUG] 🎯 Célzott Forgalom Generálása (R1C1_C) | Period: 4.9796
Found 6 valid OD pairs for R1C1_C
Generating focused traffic: Period 4.9796s
[INFO] Subscriptions active: 6 (libsumo, fast mode)
[INFO] Episode duration: 900s (15 min)

[DEBUG] 🎯 Célzott Forgalom Generálása (R1C1_C) | Period: 7.8943
Found 6 valid OD pairs for R1C1_C
Generating focused traffic: Period 7.8943s
[INFO] Subscriptions active: 6 (libsumo, fast mode)
[INFO] Episode duration: 2700s (45 min)

[DEBUG] 🎯 Célzott Forgalom Generálása (R1C1_C) | Period: 7.9561
Found 6 valid OD pairs for R1C1_C
Generating focused traffic: Period 7.9561s
[INFO] Subscriptions active: 6 (libsumo, fast mode)
[INFO] Episode duration: 1800s (30 min)

[DEBUG] 🎯 Célzott Forgalom Generálása (R1C1_C) | Period: 4.9873
Found 6 valid OD pairs for R1C1_C
Generating focused traffic: Period 4.9873s
[INFO] Subscriptions active: 6 (libsumo, fast mode)
[INFO] Episode duration: 3600s (60 min)

[DEBUG] 🎯 Célzott Forgalom Generálása (R1C1_C) | Period: 5.4088
Found 6 valid OD pairs for R1C1_C
Generating focused traffic: Period 5.4088s
[INFO] Subscriptions active: 6 (libsumo, fast mode)
[INFO] Episode duration: 3600s (60 min)

[DEBUG] 🎯 Célzott Forgalom Generálása (R1C1_C) | Period: 7.9487
Found 6 valid OD pairs for R1C1_C
Generating focused traffic: Period 7.9487s
[INFO] Subscriptions active: 6 (libsumo, fast mode)
[INFO] Episode duration: 1800s (30 min)

[DEBUG] 🎯 Célzott Forgalom Generálása (R1C1_C) | Period: 6.5663
Found 6 valid OD pairs for R1C1_C
Generating focused traffic: Period 6.5663s
[INFO] Subscriptions active: 6 (libsumo, fast mode)
[INFO] Episode duration: 900s (15 min)

[DEBUG] 🎯 Célzott Forgalom Generálása (R1C1_C) | Period: 6.4507
Found 6 valid OD pairs for R1C1_C
Generating focused traffic: Period 6.4507s
[INFO] Subscriptions active: 6 (libsumo, fast mode)
[INFO] Episode duration: 1800s (30 min)

[DEBUG] 🎯 Célzott Forgalom Generálása (R1C1_C) | Period: 7.8358
Found 6 valid OD pairs for R1C1_C
Generating focused traffic: Period 7.8358s
[INFO] Subscriptions active: 6 (libsumo, fast mode)
[INFO] Episode duration: 2700s (45 min)

[DEBUG] 🎯 Célzott Forgalom Generálása (R1C1_C) | Period: 5.3424
Found 6 valid OD pairs for R1C1_C
Generating focused traffic: Period 5.3424s
[INFO] Subscriptions active: 6 (libsumo, fast mode)
[INFO] Episode duration: 3600s (60 min)

[DEBUG] 🎯 Célzott Forgalom Generálása (R1C1_C) | Period: 7.1732
Found 6 valid OD pairs for R1C1_C
Generating focused traffic: Period 7.1732s
[INFO] Subscriptions active: 6 (libsumo, fast mode)
[INFO] Episode duration: 2700s (45 min)

[DEBUG] 🎯 Célzott Forgalom Generálása (R1C1_C) | Period: 7.2395
Found 6 valid OD pairs for R1C1_C
Generating focused traffic: Period 7.2395s
[INFO] Subscriptions active: 6 (libsumo, fast mode)
[INFO] Episode duration: 2700s (45 min)

[DEBUG] 🎯 Célzott Forgalom Generálása (R1C1_C) | Period: 6.3912
Found 6 valid OD pairs for R1C1_C
Generating focused traffic: Period 6.3912s
[INFO] Subscriptions active: 6 (libsumo, fast mode)
[INFO] Episode duration: 3600s (60 min)

[DEBUG] 🎯 Célzott Forgalom Generálása (R1C1_C) | Period: 7.5796
Found 6 valid OD pairs for R1C1_C
Generating focused traffic: Period 7.5796s
[INFO] Subscriptions active: 6 (libsumo, fast mode)
[INFO] Episode duration: 2700s (45 min)

[DEBUG] 🎯 Célzott Forgalom Generálása (R1C1_C) | Period: 5.8394
Found 6 valid OD pairs for R1C1_C
Generating focused traffic: Period 5.8394s
[INFO] Subscriptions active: 6 (libsumo, fast mode)
[INFO] Episode duration: 3600s (60 min)

[DEBUG] 🎯 Célzott Forgalom Generálása (R1C1_C) | Period: 5.1642
Found 6 valid OD pairs for R1C1_C
Generating focused traffic: Period 5.1642s
[INFO] Subscriptions active: 6 (libsumo, fast mode)
[INFO] Episode duration: 900s (15 min)

[DEBUG] 🎯 Célzott Forgalom Generálása (R1C1_C) | Period: 5.1884
Found 6 valid OD pairs for R1C1_C
Generating focused traffic: Period 5.1884s
[INFO] Subscriptions active: 6 (libsumo, fast mode)
[INFO] Episode duration: 3600s (60 min)

[DEBUG] 🎯 Célzott Forgalom Generálása (R1C1_C) | Period: 4.6931
Found 6 valid OD pairs for R1C1_C
Generating focused traffic: Period 4.6931s
[INFO] Subscriptions active: 6 (libsumo, fast mode)
[INFO] Episode duration: 3600s (60 min)

[DEBUG] 🎯 Célzott Forgalom Generálása (R1C1_C) | Period: 6.8109
Found 6 valid OD pairs for R1C1_C
Generating focused traffic: Period 6.8109s
[INFO] Subscriptions active: 6 (libsumo, fast mode)
[INFO] Episode duration: 3600s (60 min)

[DEBUG] 🎯 Célzott Forgalom Generálása (R1C1_C) | Period: 6.9566
Found 6 valid OD pairs for R1C1_C
Generating focused traffic: Period 6.9566s
[INFO] Subscriptions active: 6 (libsumo, fast mode)
[INFO] Episode duration: 3600s (60 min)

[DEBUG] 🎯 Célzott Forgalom Generálása (R1C1_C) | Period: 5.7083
Found 6 valid OD pairs for R1C1_C
Generating focused traffic: Period 5.7083s
[INFO] Subscriptions active: 6 (libsumo, fast mode)
[INFO] Episode duration: 1800s (30 min)

[DEBUG] 🎯 Célzott Forgalom Generálása (R1C1_C) | Period: 5.1694
Found 6 valid OD pairs for R1C1_C
Generating focused traffic: Period 5.1694s
[INFO] Subscriptions active: 6 (libsumo, fast mode)
[INFO] Episode duration: 900s (15 min)

[DEBUG] 🎯 Célzott Forgalom Generálása (R1C1_C) | Period: 4.9123
Found 6 valid OD pairs for R1C1_C
Generating focused traffic: Period 4.9123s
[INFO] Subscriptions active: 6 (libsumo, fast mode)
[INFO] Episode duration: 2700s (45 min)

[DEBUG] 🎯 Célzott Forgalom Generálása (R1C1_C) | Period: 5.5618
Found 6 valid OD pairs for R1C1_C
Generating focused traffic: Period 5.5618s
[INFO] Subscriptions active: 6 (libsumo, fast mode)
[INFO] Episode duration: 3600s (60 min)

[DEBUG] 🎯 Célzott Forgalom Generálása (R1C1_C) | Period: 7.7501
Found 6 valid OD pairs for R1C1_C
Generating focused traffic: Period 7.7501s
[INFO] Subscriptions active: 6 (libsumo, fast mode)
[INFO] Episode duration: 3600s (60 min)

[DEBUG] 🎯 Célzott Forgalom Generálása (R1C1_C) | Period: 6.458
Found 6 valid OD pairs for R1C1_C
Generating focused traffic: Period 6.4580s
[INFO] Subscriptions active: 6 (libsumo, fast mode)
[INFO] Episode duration: 3600s (60 min)

[DEBUG] 🎯 Célzott Forgalom Generálása (R1C1_C) | Period: 4.3662
Found 6 valid OD pairs for R1C1_C
Generating focused traffic: Period 4.3662s
[INFO] Subscriptions active: 6 (libsumo, fast mode)
[INFO] Episode duration: 2700s (45 min)

[DEBUG] 🎯 Célzott Forgalom Generálása (R1C1_C) | Period: 4.4287
Found 6 valid OD pairs for R1C1_C
Generating focused traffic: Period 4.4287s
[INFO] Subscriptions active: 6 (libsumo, fast mode)
[INFO] Episode duration: 1800s (30 min)

[DEBUG] 🎯 Célzott Forgalom Generálása (R1C1_C) | Period: 4.0309
Found 6 valid OD pairs for R1C1_C
Generating focused traffic: Period 4.0309s
[INFO] Subscriptions active: 6 (libsumo, fast mode)
[INFO] Episode duration: 2700s (45 min)

[DEBUG] 🎯 Célzott Forgalom Generálása (R1C1_C) | Period: 5.9414
Found 6 valid OD pairs for R1C1_C
Generating focused traffic: Period 5.9414s
[INFO] Subscriptions active: 6 (libsumo, fast mode)
[INFO] Episode duration: 2700s (45 min)

[DEBUG] 🎯 Célzott Forgalom Generálása (R1C1_C) | Period: 6.9535
Found 6 valid OD pairs for R1C1_C
Generating focused traffic: Period 6.9535s
[INFO] Subscriptions active: 6 (libsumo, fast mode)
[INFO] Episode duration: 900s (15 min)

[DEBUG] 🎯 Célzott Forgalom Generálása (R1C1_C) | Period: 4.0971
Found 6 valid OD pairs for R1C1_C
Generating focused traffic: Period 4.0971s
[INFO] Subscriptions active: 6 (libsumo, fast mode)
[INFO] Episode duration: 900s (15 min)

[DEBUG] 🎯 Célzott Forgalom Generálása (R1C1_C) | Period: 4.4284
Found 6 valid OD pairs for R1C1_C
Generating focused traffic: Period 4.4284s
[INFO] Subscriptions active: 6 (libsumo, fast mode)
[INFO] Episode duration: 3600s (60 min)

[DEBUG] 🎯 Célzott Forgalom Generálása (R1C1_C) | Period: 5.5967
Found 6 valid OD pairs for R1C1_C
Generating focused traffic: Period 5.5967s
[INFO] Subscriptions active: 6 (libsumo, fast mode)
[INFO] Episode duration: 900s (15 min)

[DEBUG] 🎯 Célzott Forgalom Generálása (R1C1_C) | Period: 4.5799
Found 6 valid OD pairs for R1C1_C
Generating focused traffic: Period 4.5799s
[INFO] Subscriptions active: 6 (libsumo, fast mode)
[INFO] Episode duration: 900s (15 min)

[DEBUG] 🎯 Célzott Forgalom Generálása (R1C1_C) | Period: 4.2283
Found 6 valid OD pairs for R1C1_C
Generating focused traffic: Period 4.2283s
[INFO] Subscriptions active: 6 (libsumo, fast mode)
[INFO] Episode duration: 3600s (60 min)

[DEBUG] 🎯 Célzott Forgalom Generálása (R1C1_C) | Period: 7.3011
Found 6 valid OD pairs for R1C1_C
Generating focused traffic: Period 7.3011s
[INFO] Subscriptions active: 6 (libsumo, fast mode)
[INFO] Episode duration: 1800s (30 min)

[DEBUG] 🎯 Célzott Forgalom Generálása (R1C1_C) | Period: 6.6348
Found 6 valid OD pairs for R1C1_C
Generating focused traffic: Period 6.6348s
[INFO] Subscriptions active: 6 (libsumo, fast mode)
[INFO] Episode duration: 2700s (45 min)

[DEBUG] 🎯 Célzott Forgalom Generálása (R1C1_C) | Period: 7.7405
Found 6 valid OD pairs for R1C1_C
Generating focused traffic: Period 7.7405s
[INFO] Subscriptions active: 6 (libsumo, fast mode)
------------------------------------
| rollout/              |          |
|    ep_len_mean        | 495      |
|    ep_rew_mean        | 145      |
| time/                 |          |
|    fps                | 169      |
|    iterations         | 40       |
|    time_elapsed       | 484      |
|    total_timesteps    | 81920    |
| train/                |          |
|    entropy_loss       | -1.39    |
|    explained_variance | 0.000548 |
|    learning_rate      | 0.0001   |
|    n_updates          | 39       |
|    policy_loss        | 28.4     |
|    value_loss         | 493      |
------------------------------------
[INFO] Episode duration: 1800s (30 min)

[DEBUG] 🎯 Célzott Forgalom Generálása (R1C1_C) | Period: 7.994
Found 6 valid OD pairs for R1C1_C
Generating focused traffic: Period 7.9940s
[INFO] Subscriptions active: 6 (libsumo, fast mode)
[INFO] Episode duration: 1800s (30 min)

[DEBUG] 🎯 Célzott Forgalom Generálása (R1C1_C) | Period: 6.4096
Found 6 valid OD pairs for R1C1_C
Generating focused traffic: Period 6.4096s
[INFO] Subscriptions active: 6 (libsumo, fast mode)
[INFO] Episode duration: 900s (15 min)

[DEBUG] 🎯 Célzott Forgalom Generálása (R1C1_C) | Period: 4.1302
Found 6 valid OD pairs for R1C1_C
Generating focused traffic: Period 4.1302s
[INFO] Subscriptions active: 6 (libsumo, fast mode)
[INFO] Episode duration: 3600s (60 min)

[DEBUG] 🎯 Célzott Forgalom Generálása (R1C1_C) | Period: 6.7442
Found 6 valid OD pairs for R1C1_C
Generating focused traffic: Period 6.7442s
[INFO] Subscriptions active: 6 (libsumo, fast mode)
[INFO] Episode duration: 1800s (30 min)

[DEBUG] 🎯 Célzott Forgalom Generálása (R1C1_C) | Period: 7.5158
Found 6 valid OD pairs for R1C1_C
Generating focused traffic: Period 7.5158s
[INFO] Subscriptions active: 6 (libsumo, fast mode)
[INFO] Episode duration: 1800s (30 min)

[DEBUG] 🎯 Célzott Forgalom Generálása (R1C1_C) | Period: 5.1042
Found 6 valid OD pairs for R1C1_C
Generating focused traffic: Period 5.1042s
[INFO] Subscriptions active: 6 (libsumo, fast mode)
[INFO] Episode duration: 2700s (45 min)

[DEBUG] 🎯 Célzott Forgalom Generálása (R1C1_C) | Period: 6.0881
Found 6 valid OD pairs for R1C1_C
Generating focused traffic: Period 6.0881s
[INFO] Subscriptions active: 6 (libsumo, fast mode)
[INFO] Episode duration: 900s (15 min)

[DEBUG] 🎯 Célzott Forgalom Generálása (R1C1_C) | Period: 7.0821
Found 6 valid OD pairs for R1C1_C
Generating focused traffic: Period 7.0821s
[INFO] Subscriptions active: 6 (libsumo, fast mode)
[INFO] Episode duration: 1800s (30 min)

[DEBUG] 🎯 Célzott Forgalom Generálása (R1C1_C) | Period: 7.8106
Found 6 valid OD pairs for R1C1_C
Generating focused traffic: Period 7.8106s
[INFO] Subscriptions active: 6 (libsumo, fast mode)
[INFO] Episode duration: 1800s (30 min)

[DEBUG] 🎯 Célzott Forgalom Generálása (R1C1_C) | Period: 4.9327
Found 6 valid OD pairs for R1C1_C
Generating focused traffic: Period 4.9327s
[INFO] Subscriptions active: 6 (libsumo, fast mode)
[INFO] Episode duration: 2700s (45 min)

[DEBUG] 🎯 Célzott Forgalom Generálása (R1C1_C) | Period: 4.5676
Found 6 valid OD pairs for R1C1_C
Generating focused traffic: Period 4.5676s
[INFO] Subscriptions active: 6 (libsumo, fast mode)
[INFO] Episode duration: 3600s (60 min)

[DEBUG] 🎯 Célzott Forgalom Generálása (R1C1_C) | Period: 4.7908
Found 6 valid OD pairs for R1C1_C
Generating focused traffic: Period 4.7908s
[INFO] Subscriptions active: 6 (libsumo, fast mode)
[INFO] Episode duration: 3600s (60 min)

[DEBUG] 🎯 Célzott Forgalom Generálása (R1C1_C) | Period: 4.6665
Found 6 valid OD pairs for R1C1_C
Generating focused traffic: Period 4.6665s
[INFO] Subscriptions active: 6 (libsumo, fast mode)
[INFO] Episode duration: 2700s (45 min)

[DEBUG] 🎯 Célzott Forgalom Generálása (R1C1_C) | Period: 4.8331
Found 6 valid OD pairs for R1C1_C
Generating focused traffic: Period 4.8331s
[INFO] Subscriptions active: 6 (libsumo, fast mode)
[INFO] Episode duration: 900s (15 min)

[DEBUG] 🎯 Célzott Forgalom Generálása (R1C1_C) | Period: 5.3884
Found 6 valid OD pairs for R1C1_C
Generating focused traffic: Period 5.3884s
[INFO] Subscriptions active: 6 (libsumo, fast mode)
[INFO] Episode duration: 3600s (60 min)

[DEBUG] 🎯 Célzott Forgalom Generálása (R1C1_C) | Period: 7.9798
Found 6 valid OD pairs for R1C1_C
Generating focused traffic: Period 7.9798s
[INFO] Subscriptions active: 6 (libsumo, fast mode)
[INFO] Episode duration: 2700s (45 min)

[DEBUG] 🎯 Célzott Forgalom Generálása (R1C1_C) | Period: 5.6948
Found 6 valid OD pairs for R1C1_C
Generating focused traffic: Period 5.6948s
[INFO] Subscriptions active: 6 (libsumo, fast mode)
[INFO] Episode duration: 1800s (30 min)

[DEBUG] 🎯 Célzott Forgalom Generálása (R1C1_C) | Period: 4.1243
Found 6 valid OD pairs for R1C1_C
Generating focused traffic: Period 4.1243s
[INFO] Subscriptions active: 6 (libsumo, fast mode)
[INFO] Episode duration: 1800s (30 min)

[DEBUG] 🎯 Célzott Forgalom Generálása (R1C1_C) | Period: 7.8499
Found 6 valid OD pairs for R1C1_C
Generating focused traffic: Period 7.8499s
[INFO] Subscriptions active: 6 (libsumo, fast mode)
[INFO] Episode duration: 3600s (60 min)

[DEBUG] 🎯 Célzott Forgalom Generálása (R1C1_C) | Period: 7.2405
Found 6 valid OD pairs for R1C1_C
Generating focused traffic: Period 7.2405s
[INFO] Subscriptions active: 6 (libsumo, fast mode)
[INFO] Episode duration: 900s (15 min)

[DEBUG] 🎯 Célzott Forgalom Generálása (R1C1_C) | Period: 7.0549
Found 6 valid OD pairs for R1C1_C
Generating focused traffic: Period 7.0549s
[INFO] Subscriptions active: 6 (libsumo, fast mode)
[INFO] Episode duration: 2700s (45 min)

[DEBUG] 🎯 Célzott Forgalom Generálása (R1C1_C) | Period: 4.0089
Found 6 valid OD pairs for R1C1_C
Generating focused traffic: Period 4.0089s
[INFO] Subscriptions active: 6 (libsumo, fast mode)
[INFO] Episode duration: 2700s (45 min)

[DEBUG] 🎯 Célzott Forgalom Generálása (R1C1_C) | Period: 5.6642
Found 6 valid OD pairs for R1C1_C
Generating focused traffic: Period 5.6642s
[INFO] Subscriptions active: 6 (libsumo, fast mode)
[INFO] Episode duration: 2700s (45 min)

[DEBUG] 🎯 Célzott Forgalom Generálása (R1C1_C) | Period: 4.4626
Found 6 valid OD pairs for R1C1_C
Generating focused traffic: Period 4.4626s
[INFO] Subscriptions active: 6 (libsumo, fast mode)
[INFO] Episode duration: 1800s (30 min)

[DEBUG] 🎯 Célzott Forgalom Generálása (R1C1_C) | Period: 5.6468
Found 6 valid OD pairs for R1C1_C
Generating focused traffic: Period 5.6468s
[INFO] Subscriptions active: 6 (libsumo, fast mode)
[INFO] Episode duration: 1800s (30 min)

[DEBUG] 🎯 Célzott Forgalom Generálása (R1C1_C) | Period: 5.1703
Found 6 valid OD pairs for R1C1_C
Generating focused traffic: Period 5.1703s
[INFO] Subscriptions active: 6 (libsumo, fast mode)
[INFO] Episode duration: 3600s (60 min)

[DEBUG] 🎯 Célzott Forgalom Generálása (R1C1_C) | Period: 6.7133
Found 6 valid OD pairs for R1C1_C
Generating focused traffic: Period 6.7133s
[INFO] Subscriptions active: 6 (libsumo, fast mode)
[INFO] Episode duration: 3600s (60 min)

[DEBUG] 🎯 Célzott Forgalom Generálása (R1C1_C) | Period: 5.2057
Found 6 valid OD pairs for R1C1_C
Generating focused traffic: Period 5.2057s
[INFO] Subscriptions active: 6 (libsumo, fast mode)
[INFO] Episode duration: 1800s (30 min)

[DEBUG] 🎯 Célzott Forgalom Generálása (R1C1_C) | Period: 4.3511
Found 6 valid OD pairs for R1C1_C
Generating focused traffic: Period 4.3511s
[INFO] Subscriptions active: 6 (libsumo, fast mode)
[INFO] Episode duration: 1800s (30 min)

[DEBUG] 🎯 Célzott Forgalom Generálása (R1C1_C) | Period: 4.202
Found 6 valid OD pairs for R1C1_C
Generating focused traffic: Period 4.2020s
[INFO] Subscriptions active: 6 (libsumo, fast mode)
[INFO] Episode duration: 3600s (60 min)

[DEBUG] 🎯 Célzott Forgalom Generálása (R1C1_C) | Period: 4.2013
Found 6 valid OD pairs for R1C1_C
Generating focused traffic: Period 4.2013s
[INFO] Subscriptions active: 6 (libsumo, fast mode)
[INFO] Episode duration: 3600s (60 min)

[DEBUG] 🎯 Célzott Forgalom Generálása (R1C1_C) | Period: 4.1199
Found 6 valid OD pairs for R1C1_C
Generating focused traffic: Period 4.1199s
[INFO] Subscriptions active: 6 (libsumo, fast mode)
[INFO] Episode duration: 3600s (60 min)

[DEBUG] 🎯 Célzott Forgalom Generálása (R1C1_C) | Period: 5.039
Found 6 valid OD pairs for R1C1_C
Generating focused traffic: Period 5.0390s
[INFO] Subscriptions active: 6 (libsumo, fast mode)
[INFO] Episode duration: 3600s (60 min)

[DEBUG] 🎯 Célzott Forgalom Generálása (R1C1_C) | Period: 5.3885
Found 6 valid OD pairs for R1C1_C
Generating focused traffic: Period 5.3885s
[INFO] Subscriptions active: 6 (libsumo, fast mode)
[INFO] Episode duration: 3600s (60 min)wandb: WARNING Symlinked 1 file into the W&B run directory; call wandb.save again to sync new files.
/Users/wagnertamas/Documents/Munka/cikkek/AI_agens_konyvtar/support/intergreen_matrix_calculator/rl_trainer.py:857: UserWarning: Exporting a model while it is in training mode. Please ensure that this is intended, as it may lead to different behavior during inference. Calling model.eval() before export is recommended.
  torch.onnx.export(
/Users/wagnertamas/Documents/Munka/cikkek/AI_agens_konyvtar/support/intergreen_matrix_calculator/rl_trainer.py:857: UserWarning: # 'dynamic_axes' is not recommended when dynamo=True, and may lead to 'torch._dynamo.exc.UserError: Constraints violated.' Supply the 'dynamic_shapes' argument instead if export is unsuccessful.
  torch.onnx.export(
wandb: updating run metadata
wandb: uploading pytorch_models/R1C1_C.zip; uploading output.log; uploading wandb-summary.json; uploading config.yaml
wandb: uploading pytorch_models/R1C1_C.zip; uploading output.log; uploading config.yaml
wandb: uploading output.log
wandb: 
wandb: Run history:
wandb:  R1C1_C/action_pct/phase_0 ▅▆▃▃▄▆▄▄▃▄▄▃▄▄▄▄▄▂▅▃▃▅▄▇▁▃█▄▅▅▅▃▃▄▅▄▄▅▃▄
wandb:  R1C1_C/action_pct/phase_1 ▄▅▇▇▄▃▅▂▆▇▆▆▄█▃▅▂▄▃▆▇▂▂▄▇▅▁▄▂█▄▄▃▃▅▂▅▂▄▁
wandb:  R1C1_C/action_pct/phase_2 ▄▃▅█▆▅▅▅▅▃▄▃▄▄▄▃▅▆▃▄▄▃▄▁▆▃▂▅▅▁▄▆▆▄▄▆▃▆▄▅
wandb:  R1C1_C/action_pct/phase_3 ▅▅▅▁▅▃▅▆▅▅▅▇▆▄▇▆▇█▆▆▆▇▇▄▇█▄▅▅▅▅▇▇▇▄▅▆▅▇▇
wandb:  R1C1_C/train/entropy_loss ▃▅▇▅▆▆▆█▅▃▄▄▄▄▄▃▃▄▄▄▄▄▄▅▅▂▂▂▂▂▂▂▁▁▁▁▁▂▂▂
wandb: R1C1_C/train/learning_rate ▁▁▁▁▁▁▁▁▁▁▁▁▁▁▁▁▁▁▁▁▁▁▁▁▁▁▁▁▁▁▁▁▁▁▁▁▁▁▁▁
wandb:    R1C1_C/train/value_loss ▆▆▆▅▃▂█▅▇▂▂▅▄▄▄▄▆▆▂▁▇▇▃▃▂▄▄▅▅▂▃▆▆▄▂▆▂▂▆▅
wandb:                 avg_reward ▂▁█▄▄▂▃▁▃▅▄▂▄▄▃▂▄▅▃▃▃▃▄▆▂▃▄▅▃▂▃▅▃▄▃▆▂▂▄▂
wandb:                    episode ▁▁▁▁▁▂▂▂▂▂▂▃▃▃▃▃▄▄▄▄▄▅▅▅▅▅▅▆▆▆▆▆▆▆▆▇▇▇▇█
wandb:         episode/avg_reward ▅▅▅▄█▄▄▄█▁▆▄▄█▃▆▆▆▄▇▄▃▃▃▅█▄▆▄█▅▂▃▇▇▅▆█▃▇
wandb:                         +7 ...
wandb: 
wandb: Run summary:
wandb:  R1C1_C/action_pct/phase_0 25.83333
wandb:  R1C1_C/action_pct/phase_1 21.66667
wandb:  R1C1_C/action_pct/phase_2 26.11111
wandb:  R1C1_C/action_pct/phase_3 26.38889
wandb:  R1C1_C/train/entropy_loss -1.38628
wandb: R1C1_C/train/learning_rate 0.0001
wandb:    R1C1_C/train/value_loss 570.14294
wandb:                 avg_reward 0.3234
wandb:                    episode 208
wandb:         episode/avg_reward 0.30114
wandb:                         +7 ...
wandb: 
wandb: 🚀 View run a2c_speed_throughput_2x8_1_R1C1_C at: https://wandb.ai/wagnertamas-budapesti-m-szaki-s-gazdas-gtudom-nyi-egyetem/sumo-rl-stat/runs/47hricd5
wandb: ⭐️ View project at: https://wandb.ai/wagnertamas-budapesti-m-szaki-s-gazdas-gtudom-nyi-egyetem/sumo-rl-stat
wandb: Synced 5 W&B file(s), 0 media file(s), 0 artifact file(s) and 1 other file(s)
wandb: Find logs at: ./wandb/run-20260322_011945-47hricd5/logs


[DEBUG] 🎯 Célzott Forgalom Generálása (R1C1_C) | Period: 4.4892
Found 6 valid OD pairs for R1C1_C
Generating focused traffic: Period 4.4892s
[INFO] Subscriptions active: 6 (libsumo, fast mode)
[INFO] Episode duration: 1800s (30 min)

[DEBUG] 🎯 Célzott Forgalom Generálása (R1C1_C) | Period: 5.039
Found 6 valid OD pairs for R1C1_C
Generating focused traffic: Period 5.0390s
[INFO] Subscriptions active: 6 (libsumo, fast mode)
[INFO] Episode duration: 900s (15 min)

[DEBUG] 🎯 Célzott Forgalom Generálása (R1C1_C) | Period: 7.0457
Found 6 valid OD pairs for R1C1_C
Generating focused traffic: Period 7.0457s
[INFO] Subscriptions active: 6 (libsumo, fast mode)
On-policy training completed.
Closing environment and EXPORTING models...
Saving PyTorch ZIP models to /Users/wagnertamas/Documents/Munka/cikkek/AI_agens_konyvtar/support/intergreen_matrix_calculator/data/runs/pytorch_models...
Saved PyTorch R1C1_C to /Users/wagnertamas/Documents/Munka/cikkek/AI_agens_konyvtar/support/intergreen_matrix_calculator/data/runs/pytorch_models/R1C1_C.zip
Exporting ONNX models to /Users/wagnertamas/Documents/Munka/cikkek/AI_agens_konyvtar/support/intergreen_matrix_calculator/data/runs/onnx_models...
Failed to export R1C1_C: # Failed to convert 'dynamic_axes' to 'dynamic_shapes'. Please provide 'dynamic_shapes' directly. Refer to the documentation for 'torch.export.export' for more information on dynamic shapes.
Cleanup done.
