wandb: [wandb.login()] Loaded credentials for https://api.wandb.ai from /Users/wagnertamas/.netrc.
wandb: Currently logged in as: wagnertamas (wagnertamas-budapesti-m-szaki-s-gazdas-gtudom-nyi-egyetem) to https://api.wandb.ai. Use `wandb login --relogin` to force relogin
wandb: setting up run 1tnz4tap
wandb: Tracking run with wandb version 0.25.0
wandb: Run data is saved locally in /Users/wagnertamas/Documents/Munka/cikkek/AI_agens_konyvtar/support/intergreen_matrix_calculator/wandb/run-20260322_024612-1tnz4tap
wandb: Run `wandb offline` to turn off syncing.
wandb: Syncing run a2c_co2_speedstd_2x8_1_R1C1_C
wandb: ⭐️ View project at https://wandb.ai/wagnertamas-budapesti-m-szaki-s-gazdas-gtudom-nyi-egyetem/sumo-rl-stat
wandb: 🚀 View run at https://wandb.ai/wagnertamas-budapesti-m-szaki-s-gazdas-gtudom-nyi-egyetem/sumo-rl-stat/runs/1tnz4tap
[INFO] Config: training_config.yaml
[INFO] Net: /Users/wagnertamas/Documents/Munka/cikkek/AI_agens_konyvtar/support/intergreen_matrix_calculator/data/mega_catalogue_v2.net.xml
[INFO] Timesteps: 100000 | Project: sumo-rl-stat
[INFO] Junction: R1C1_C
[INFO] Algorithm: a2c | Reward: co2_speedstd
[INFO] Load model: None (fresh)
[INFO] Traffic: random target+spread (epizódonként)
Initializing Environment (algorithm=a2c, reward=co2_speedstd)...
[INFO] Algorithm: a2c (on_policy)
[INFO] Reward mode: co2_speedstd
WandB config applied (Sweep compatible).
[INFO] Junction reward params auto-loaded from /Users/wagnertamas/Documents/Munka/cikkek/AI_agens_konyvtar/support/intergreen_matrix_calculator/data/junction_reward_params.json
[INFO] Using 'libsumo' (fast headless mode, OS=darwin).
Starting SUMO...
[INFO] Episode duration: 2700s (45 min)

[DEBUG] 🎯 Célzott Forgalom Generálása (R1C1_C) | Period: 7.1043
Found 6 valid OD pairs for R1C1_C
Generating focused traffic: Period 7.1043s
[INFO] Network mapped: 1 agents, 3 detectors, 3 lanes
[INFO] Subscriptions active: 6 (libsumo, fast mode)
Agents discovered: ['R1C1_C']
[INFO] RL device: mps
[INFO] On-policy training: a2c → R1C1_C
Using mps device
Wrapping the env with a `Monitor` wrapper
Wrapping the env in a DummyVecEnv.
Starting on-policy training: 100000 timesteps...
[INFO] Episode duration: 1800s (30 min)

[DEBUG] 🎯 Célzott Forgalom Generálása (R1C1_C) | Period: 4.0847
Found 6 valid OD pairs for R1C1_C
Generating focused traffic: Period 4.0847s
[INFO] Subscriptions active: 6 (libsumo, fast mode)
Logging to /Users/wagnertamas/Documents/Munka/cikkek/AI_agens_konyvtar/support/intergreen_matrix_calculator/data/runs/sumo-rl-stat/R1C1_C/A2C_107
[INFO] Episode duration: 1800s (30 min)

[DEBUG] 🎯 Célzott Forgalom Generálása (R1C1_C) | Period: 7.9907
Found 6 valid OD pairs for R1C1_C
Generating focused traffic: Period 7.9907s
[INFO] Subscriptions active: 6 (libsumo, fast mode)
[INFO] Episode duration: 2700s (45 min)

[DEBUG] 🎯 Célzott Forgalom Generálása (R1C1_C) | Period: 6.9531
Found 6 valid OD pairs for R1C1_C
Generating focused traffic: Period 6.9531s
[INFO] Subscriptions active: 6 (libsumo, fast mode)
[INFO] Episode duration: 2700s (45 min)

[DEBUG] 🎯 Célzott Forgalom Generálása (R1C1_C) | Period: 5.136
Found 6 valid OD pairs for R1C1_C
Generating focused traffic: Period 5.1360s
[INFO] Subscriptions active: 6 (libsumo, fast mode)
[INFO] Episode duration: 900s (15 min)

[DEBUG] 🎯 Célzott Forgalom Generálása (R1C1_C) | Period: 6.4438
Found 6 valid OD pairs for R1C1_C
Generating focused traffic: Period 6.4438s
[INFO] Subscriptions active: 6 (libsumo, fast mode)
[INFO] Episode duration: 1800s (30 min)

[DEBUG] 🎯 Célzott Forgalom Generálása (R1C1_C) | Period: 6.7908
Found 6 valid OD pairs for R1C1_C
Generating focused traffic: Period 6.7908s
[INFO] Subscriptions active: 6 (libsumo, fast mode)
[INFO] Episode duration: 900s (15 min)

[DEBUG] 🎯 Célzott Forgalom Generálása (R1C1_C) | Period: 6.7603
Found 6 valid OD pairs for R1C1_C
Generating focused traffic: Period 6.7603s
[INFO] Subscriptions active: 6 (libsumo, fast mode)
[INFO] Episode duration: 3600s (60 min)

[DEBUG] 🎯 Célzott Forgalom Generálása (R1C1_C) | Period: 6.8642
Found 6 valid OD pairs for R1C1_C
Generating focused traffic: Period 6.8642s
[INFO] Subscriptions active: 6 (libsumo, fast mode)
[INFO] Episode duration: 900s (15 min)

[DEBUG] 🎯 Célzott Forgalom Generálása (R1C1_C) | Period: 7.4175
Found 6 valid OD pairs for R1C1_C
Generating focused traffic: Period 7.4175s
[INFO] Subscriptions active: 6 (libsumo, fast mode)
[INFO] Episode duration: 3600s (60 min)

[DEBUG] 🎯 Célzott Forgalom Generálása (R1C1_C) | Period: 6.6831
Found 6 valid OD pairs for R1C1_C
Generating focused traffic: Period 6.6831s
[INFO] Subscriptions active: 6 (libsumo, fast mode)
[INFO] Episode duration: 1800s (30 min)

[DEBUG] 🎯 Célzott Forgalom Generálása (R1C1_C) | Period: 4.8106
Found 6 valid OD pairs for R1C1_C
Generating focused traffic: Period 4.8106s
[INFO] Subscriptions active: 6 (libsumo, fast mode)
[INFO] Episode duration: 2700s (45 min)

[DEBUG] 🎯 Célzott Forgalom Generálása (R1C1_C) | Period: 6.0114
Found 6 valid OD pairs for R1C1_C
Generating focused traffic: Period 6.0114s
[INFO] Subscriptions active: 6 (libsumo, fast mode)
[INFO] Episode duration: 3600s (60 min)

[DEBUG] 🎯 Célzott Forgalom Generálása (R1C1_C) | Period: 7.7673
Found 6 valid OD pairs for R1C1_C
Generating focused traffic: Period 7.7673s
[INFO] Subscriptions active: 6 (libsumo, fast mode)
[INFO] Episode duration: 3600s (60 min)

[DEBUG] 🎯 Célzott Forgalom Generálása (R1C1_C) | Period: 4.7963
Found 6 valid OD pairs for R1C1_C
Generating focused traffic: Period 4.7963s
[INFO] Subscriptions active: 6 (libsumo, fast mode)
[INFO] Episode duration: 900s (15 min)

[DEBUG] 🎯 Célzott Forgalom Generálása (R1C1_C) | Period: 5.0928
Found 6 valid OD pairs for R1C1_C
Generating focused traffic: Period 5.0928s
[INFO] Subscriptions active: 6 (libsumo, fast mode)
[INFO] Episode duration: 900s (15 min)

[DEBUG] 🎯 Célzott Forgalom Generálása (R1C1_C) | Period: 7.5113
Found 6 valid OD pairs for R1C1_C
Generating focused traffic: Period 7.5113s
[INFO] Subscriptions active: 6 (libsumo, fast mode)
[INFO] Episode duration: 3600s (60 min)

[DEBUG] 🎯 Célzott Forgalom Generálása (R1C1_C) | Period: 5.8169
Found 6 valid OD pairs for R1C1_C
Generating focused traffic: Period 5.8169s
[INFO] Subscriptions active: 6 (libsumo, fast mode)
[INFO] Episode duration: 1800s (30 min)

[DEBUG] 🎯 Célzott Forgalom Generálása (R1C1_C) | Period: 7.0224
Found 6 valid OD pairs for R1C1_C
Generating focused traffic: Period 7.0224s
[INFO] Subscriptions active: 6 (libsumo, fast mode)
[INFO] Episode duration: 2700s (45 min)

[DEBUG] 🎯 Célzott Forgalom Generálása (R1C1_C) | Period: 5.9535
Found 6 valid OD pairs for R1C1_C
Generating focused traffic: Period 5.9535s
[INFO] Subscriptions active: 6 (libsumo, fast mode)
[INFO] Episode duration: 1800s (30 min)

[DEBUG] 🎯 Célzott Forgalom Generálása (R1C1_C) | Period: 7.0224
Found 6 valid OD pairs for R1C1_C
Generating focused traffic: Period 7.0224s
[INFO] Subscriptions active: 6 (libsumo, fast mode)
[INFO] Episode duration: 1800s (30 min)

[DEBUG] 🎯 Célzott Forgalom Generálása (R1C1_C) | Period: 7.759
Found 6 valid OD pairs for R1C1_C
Generating focused traffic: Period 7.7590s
[INFO] Subscriptions active: 6 (libsumo, fast mode)
[INFO] Episode duration: 900s (15 min)

[DEBUG] 🎯 Célzott Forgalom Generálása (R1C1_C) | Period: 5.7843
Found 6 valid OD pairs for R1C1_C
Generating focused traffic: Period 5.7843s
[INFO] Subscriptions active: 6 (libsumo, fast mode)
[INFO] Episode duration: 2700s (45 min)

[DEBUG] 🎯 Célzott Forgalom Generálása (R1C1_C) | Period: 5.7441
Found 6 valid OD pairs for R1C1_C
Generating focused traffic: Period 5.7441s
[INFO] Subscriptions active: 6 (libsumo, fast mode)
[INFO] Episode duration: 900s (15 min)

[DEBUG] 🎯 Célzott Forgalom Generálása (R1C1_C) | Period: 5.9399
Found 6 valid OD pairs for R1C1_C
Generating focused traffic: Period 5.9399s
[INFO] Subscriptions active: 6 (libsumo, fast mode)
[INFO] Episode duration: 900s (15 min)

[DEBUG] 🎯 Célzott Forgalom Generálása (R1C1_C) | Period: 5.0708
Found 6 valid OD pairs for R1C1_C
Generating focused traffic: Period 5.0708s
[INFO] Subscriptions active: 6 (libsumo, fast mode)
[INFO] Episode duration: 3600s (60 min)

[DEBUG] 🎯 Célzott Forgalom Generálása (R1C1_C) | Period: 6.9393
Found 6 valid OD pairs for R1C1_C
Generating focused traffic: Period 6.9393s
[INFO] Subscriptions active: 6 (libsumo, fast mode)
[INFO] Episode duration: 2700s (45 min)

[DEBUG] 🎯 Célzott Forgalom Generálása (R1C1_C) | Period: 6.8068
Found 6 valid OD pairs for R1C1_C
Generating focused traffic: Period 6.8068s
[INFO] Subscriptions active: 6 (libsumo, fast mode)
[INFO] Episode duration: 1800s (30 min)

[DEBUG] 🎯 Célzott Forgalom Generálása (R1C1_C) | Period: 7.1041
Found 6 valid OD pairs for R1C1_C
Generating focused traffic: Period 7.1041s
[INFO] Subscriptions active: 6 (libsumo, fast mode)
[INFO] Episode duration: 2700s (45 min)

[DEBUG] 🎯 Célzott Forgalom Generálása (R1C1_C) | Period: 7.2097
Found 6 valid OD pairs for R1C1_C
Generating focused traffic: Period 7.2097s
[INFO] Subscriptions active: 6 (libsumo, fast mode)
[INFO] Episode duration: 3600s (60 min)

[DEBUG] 🎯 Célzott Forgalom Generálása (R1C1_C) | Period: 7.8267
Found 6 valid OD pairs for R1C1_C
Generating focused traffic: Period 7.8267s
[INFO] Subscriptions active: 6 (libsumo, fast mode)
[INFO] Episode duration: 3600s (60 min)

[DEBUG] 🎯 Célzott Forgalom Generálása (R1C1_C) | Period: 7.5056
Found 6 valid OD pairs for R1C1_C
Generating focused traffic: Period 7.5056s
[INFO] Subscriptions active: 6 (libsumo, fast mode)
[INFO] Episode duration: 3600s (60 min)

[DEBUG] 🎯 Célzott Forgalom Generálása (R1C1_C) | Period: 5.4142
Found 6 valid OD pairs for R1C1_C
Generating focused traffic: Period 5.4142s
[INFO] Subscriptions active: 6 (libsumo, fast mode)
[INFO] Episode duration: 900s (15 min)

[DEBUG] 🎯 Célzott Forgalom Generálása (R1C1_C) | Period: 5.334
Found 6 valid OD pairs for R1C1_C
Generating focused traffic: Period 5.3340s
[INFO] Subscriptions active: 6 (libsumo, fast mode)
[INFO] Episode duration: 1800s (30 min)

[DEBUG] 🎯 Célzott Forgalom Generálása (R1C1_C) | Period: 6.0015
Found 6 valid OD pairs for R1C1_C
Generating focused traffic: Period 6.0015s
[INFO] Subscriptions active: 6 (libsumo, fast mode)
[INFO] Episode duration: 2700s (45 min)

[DEBUG] 🎯 Célzott Forgalom Generálása (R1C1_C) | Period: 5.7154
Found 6 valid OD pairs for R1C1_C
Generating focused traffic: Period 5.7154s
[INFO] Subscriptions active: 6 (libsumo, fast mode)
[INFO] Episode duration: 3600s (60 min)

[DEBUG] 🎯 Célzott Forgalom Generálása (R1C1_C) | Period: 4.4883
Found 6 valid OD pairs for R1C1_C
Generating focused traffic: Period 4.4883s
[INFO] Subscriptions active: 6 (libsumo, fast mode)
[INFO] Episode duration: 2700s (45 min)

[DEBUG] 🎯 Célzott Forgalom Generálása (R1C1_C) | Period: 7.8939
Found 6 valid OD pairs for R1C1_C
Generating focused traffic: Period 7.8939s
[INFO] Subscriptions active: 6 (libsumo, fast mode)
[INFO] Episode duration: 900s (15 min)

[DEBUG] 🎯 Célzott Forgalom Generálása (R1C1_C) | Period: 4.6545
Found 6 valid OD pairs for R1C1_C
Generating focused traffic: Period 4.6545s
[INFO] Subscriptions active: 6 (libsumo, fast mode)
[INFO] Episode duration: 2700s (45 min)

[DEBUG] 🎯 Célzott Forgalom Generálása (R1C1_C) | Period: 5.6896
Found 6 valid OD pairs for R1C1_C
Generating focused traffic: Period 5.6896s
[INFO] Subscriptions active: 6 (libsumo, fast mode)
[INFO] Episode duration: 3600s (60 min)

[DEBUG] 🎯 Célzott Forgalom Generálása (R1C1_C) | Period: 6.5239
Found 6 valid OD pairs for R1C1_C
Generating focused traffic: Period 6.5239s
[INFO] Subscriptions active: 6 (libsumo, fast mode)
[INFO] Episode duration: 900s (15 min)

[DEBUG] 🎯 Célzott Forgalom Generálása (R1C1_C) | Period: 4.6939
Found 6 valid OD pairs for R1C1_C
Generating focused traffic: Period 4.6939s
[INFO] Subscriptions active: 6 (libsumo, fast mode)
[INFO] Episode duration: 3600s (60 min)

[DEBUG] 🎯 Célzott Forgalom Generálása (R1C1_C) | Period: 4.9474
Found 6 valid OD pairs for R1C1_C
Generating focused traffic: Period 4.9474s
[INFO] Subscriptions active: 6 (libsumo, fast mode)
[INFO] Episode duration: 900s (15 min)

[DEBUG] 🎯 Célzott Forgalom Generálása (R1C1_C) | Period: 5.9017
Found 6 valid OD pairs for R1C1_C
Generating focused traffic: Period 5.9017s
[INFO] Subscriptions active: 6 (libsumo, fast mode)
[INFO] Episode duration: 2700s (45 min)

[DEBUG] 🎯 Célzott Forgalom Generálása (R1C1_C) | Period: 7.2661
Found 6 valid OD pairs for R1C1_C
Generating focused traffic: Period 7.2661s
[INFO] Subscriptions active: 6 (libsumo, fast mode)
[INFO] Episode duration: 1800s (30 min)

[DEBUG] 🎯 Célzott Forgalom Generálása (R1C1_C) | Period: 6.2016
Found 6 valid OD pairs for R1C1_C
Generating focused traffic: Period 6.2016s
[INFO] Subscriptions active: 6 (libsumo, fast mode)
[INFO] Episode duration: 2700s (45 min)

[DEBUG] 🎯 Célzott Forgalom Generálása (R1C1_C) | Period: 6.5864
Found 6 valid OD pairs for R1C1_C
Generating focused traffic: Period 6.5864s
[INFO] Subscriptions active: 6 (libsumo, fast mode)
------------------------------------
| rollout/              |          |
|    ep_len_mean        | 452      |
|    ep_rew_mean        | 165      |
| time/                 |          |
|    fps                | 182      |
|    iterations         | 10       |
|    time_elapsed       | 111      |
|    total_timesteps    | 20480    |
| train/                |          |
|    entropy_loss       | -1.39    |
|    explained_variance | -0.00601 |
|    learning_rate      | 0.0001   |
|    n_updates          | 9        |
|    policy_loss        | 39       |
|    value_loss         | 935      |
------------------------------------
[INFO] Episode duration: 3600s (60 min)

[DEBUG] 🎯 Célzott Forgalom Generálása (R1C1_C) | Period: 7.9318
Found 6 valid OD pairs for R1C1_C
Generating focused traffic: Period 7.9318s
[INFO] Subscriptions active: 6 (libsumo, fast mode)
[INFO] Episode duration: 3600s (60 min)

[DEBUG] 🎯 Célzott Forgalom Generálása (R1C1_C) | Period: 7.6136
Found 6 valid OD pairs for R1C1_C
Generating focused traffic: Period 7.6136s
[INFO] Subscriptions active: 6 (libsumo, fast mode)
[INFO] Episode duration: 1800s (30 min)

[DEBUG] 🎯 Célzott Forgalom Generálása (R1C1_C) | Period: 4.5646
Found 6 valid OD pairs for R1C1_C
Generating focused traffic: Period 4.5646s
[INFO] Subscriptions active: 6 (libsumo, fast mode)
[INFO] Episode duration: 900s (15 min)

[DEBUG] 🎯 Célzott Forgalom Generálása (R1C1_C) | Period: 5.4315
Found 6 valid OD pairs for R1C1_C
Generating focused traffic: Period 5.4315s
[INFO] Subscriptions active: 6 (libsumo, fast mode)
[INFO] Episode duration: 900s (15 min)

[DEBUG] 🎯 Célzott Forgalom Generálása (R1C1_C) | Period: 7.1342
Found 6 valid OD pairs for R1C1_C
Generating focused traffic: Period 7.1342s
[INFO] Subscriptions active: 6 (libsumo, fast mode)
[INFO] Episode duration: 2700s (45 min)

[DEBUG] 🎯 Célzott Forgalom Generálása (R1C1_C) | Period: 4.9576
Found 6 valid OD pairs for R1C1_C
Generating focused traffic: Period 4.9576s
[INFO] Subscriptions active: 6 (libsumo, fast mode)
[INFO] Episode duration: 2700s (45 min)

[DEBUG] 🎯 Célzott Forgalom Generálása (R1C1_C) | Period: 6.9448
Found 6 valid OD pairs for R1C1_C
Generating focused traffic: Period 6.9448s
[INFO] Subscriptions active: 6 (libsumo, fast mode)
[INFO] Episode duration: 3600s (60 min)

[DEBUG] 🎯 Célzott Forgalom Generálása (R1C1_C) | Period: 5.3221
Found 6 valid OD pairs for R1C1_C
Generating focused traffic: Period 5.3221s
[INFO] Subscriptions active: 6 (libsumo, fast mode)
[INFO] Episode duration: 2700s (45 min)

[DEBUG] 🎯 Célzott Forgalom Generálása (R1C1_C) | Period: 6.3377
Found 6 valid OD pairs for R1C1_C
Generating focused traffic: Period 6.3377s
[INFO] Subscriptions active: 6 (libsumo, fast mode)
[INFO] Episode duration: 900s (15 min)

[DEBUG] 🎯 Célzott Forgalom Generálása (R1C1_C) | Period: 6.5721
Found 6 valid OD pairs for R1C1_C
Generating focused traffic: Period 6.5721s
[INFO] Subscriptions active: 6 (libsumo, fast mode)
[INFO] Episode duration: 1800s (30 min)

[DEBUG] 🎯 Célzott Forgalom Generálása (R1C1_C) | Period: 7.8869
Found 6 valid OD pairs for R1C1_C
Generating focused traffic: Period 7.8869s
[INFO] Subscriptions active: 6 (libsumo, fast mode)
[INFO] Episode duration: 900s (15 min)

[DEBUG] 🎯 Célzott Forgalom Generálása (R1C1_C) | Period: 6.6497
Found 6 valid OD pairs for R1C1_C
Generating focused traffic: Period 6.6497s
[INFO] Subscriptions active: 6 (libsumo, fast mode)
[INFO] Episode duration: 1800s (30 min)

[DEBUG] 🎯 Célzott Forgalom Generálása (R1C1_C) | Period: 7.4069
Found 6 valid OD pairs for R1C1_C
Generating focused traffic: Period 7.4069s
[INFO] Subscriptions active: 6 (libsumo, fast mode)
[INFO] Episode duration: 1800s (30 min)

[DEBUG] 🎯 Célzott Forgalom Generálása (R1C1_C) | Period: 6.5516
Found 6 valid OD pairs for R1C1_C
Generating focused traffic: Period 6.5516s
[INFO] Subscriptions active: 6 (libsumo, fast mode)
[INFO] Episode duration: 3600s (60 min)

[DEBUG] 🎯 Célzott Forgalom Generálása (R1C1_C) | Period: 6.8383
Found 6 valid OD pairs for R1C1_C
Generating focused traffic: Period 6.8383s
[INFO] Subscriptions active: 6 (libsumo, fast mode)
[INFO] Episode duration: 900s (15 min)

[DEBUG] 🎯 Célzott Forgalom Generálása (R1C1_C) | Period: 5.3061
Found 6 valid OD pairs for R1C1_C
Generating focused traffic: Period 5.3061s
[INFO] Subscriptions active: 6 (libsumo, fast mode)
[INFO] Episode duration: 3600s (60 min)

[DEBUG] 🎯 Célzott Forgalom Generálása (R1C1_C) | Period: 5.0396
Found 6 valid OD pairs for R1C1_C
Generating focused traffic: Period 5.0396s
[INFO] Subscriptions active: 6 (libsumo, fast mode)
[INFO] Episode duration: 3600s (60 min)

[DEBUG] 🎯 Célzott Forgalom Generálása (R1C1_C) | Period: 6.7062
Found 6 valid OD pairs for R1C1_C
Generating focused traffic: Period 6.7062s
[INFO] Subscriptions active: 6 (libsumo, fast mode)
[INFO] Episode duration: 1800s (30 min)

[DEBUG] 🎯 Célzott Forgalom Generálása (R1C1_C) | Period: 4.1427
Found 6 valid OD pairs for R1C1_C
Generating focused traffic: Period 4.1427s
[INFO] Subscriptions active: 6 (libsumo, fast mode)
[INFO] Episode duration: 2700s (45 min)

[DEBUG] 🎯 Célzott Forgalom Generálása (R1C1_C) | Period: 6.9684
Found 6 valid OD pairs for R1C1_C
Generating focused traffic: Period 6.9684s
[INFO] Subscriptions active: 6 (libsumo, fast mode)
[INFO] Episode duration: 2700s (45 min)

[DEBUG] 🎯 Célzott Forgalom Generálása (R1C1_C) | Period: 5.5284
Found 6 valid OD pairs for R1C1_C
Generating focused traffic: Period 5.5284s
[INFO] Subscriptions active: 6 (libsumo, fast mode)
[INFO] Episode duration: 900s (15 min)

[DEBUG] 🎯 Célzott Forgalom Generálása (R1C1_C) | Period: 4.1572
Found 6 valid OD pairs for R1C1_C
Generating focused traffic: Period 4.1572s
[INFO] Subscriptions active: 6 (libsumo, fast mode)
[INFO] Episode duration: 3600s (60 min)

[DEBUG] 🎯 Célzott Forgalom Generálása (R1C1_C) | Period: 6.933
Found 6 valid OD pairs for R1C1_C
Generating focused traffic: Period 6.9330s
[INFO] Subscriptions active: 6 (libsumo, fast mode)
[INFO] Episode duration: 1800s (30 min)

[DEBUG] 🎯 Célzott Forgalom Generálása (R1C1_C) | Period: 5.3339
Found 6 valid OD pairs for R1C1_C
Generating focused traffic: Period 5.3339s
[INFO] Subscriptions active: 6 (libsumo, fast mode)
[INFO] Episode duration: 900s (15 min)

[DEBUG] 🎯 Célzott Forgalom Generálása (R1C1_C) | Period: 6.0813
Found 6 valid OD pairs for R1C1_C
Generating focused traffic: Period 6.0813s
[INFO] Subscriptions active: 6 (libsumo, fast mode)
[INFO] Episode duration: 1800s (30 min)

[DEBUG] 🎯 Célzott Forgalom Generálása (R1C1_C) | Period: 7.5145
Found 6 valid OD pairs for R1C1_C
Generating focused traffic: Period 7.5145s
[INFO] Subscriptions active: 6 (libsumo, fast mode)
[INFO] Episode duration: 900s (15 min)

[DEBUG] 🎯 Célzott Forgalom Generálása (R1C1_C) | Period: 5.7244
Found 6 valid OD pairs for R1C1_C
Generating focused traffic: Period 5.7244s
[INFO] Subscriptions active: 6 (libsumo, fast mode)
[INFO] Episode duration: 3600s (60 min)

[DEBUG] 🎯 Célzott Forgalom Generálása (R1C1_C) | Period: 4.653
Found 6 valid OD pairs for R1C1_C
Generating focused traffic: Period 4.6530s
[INFO] Subscriptions active: 6 (libsumo, fast mode)
[INFO] Episode duration: 3600s (60 min)

[DEBUG] 🎯 Célzott Forgalom Generálása (R1C1_C) | Period: 6.2178
Found 6 valid OD pairs for R1C1_C
Generating focused traffic: Period 6.2178s
[INFO] Subscriptions active: 6 (libsumo, fast mode)
[INFO] Episode duration: 1800s (30 min)

[DEBUG] 🎯 Célzott Forgalom Generálása (R1C1_C) | Period: 6.3076
Found 6 valid OD pairs for R1C1_C
Generating focused traffic: Period 6.3076s
[INFO] Subscriptions active: 6 (libsumo, fast mode)
[INFO] Episode duration: 2700s (45 min)

[DEBUG] 🎯 Célzott Forgalom Generálása (R1C1_C) | Period: 4.4561
Found 6 valid OD pairs for R1C1_C
Generating focused traffic: Period 4.4561s
[INFO] Subscriptions active: 6 (libsumo, fast mode)
[INFO] Episode duration: 2700s (45 min)

[DEBUG] 🎯 Célzott Forgalom Generálása (R1C1_C) | Period: 6.7336
Found 6 valid OD pairs for R1C1_C
Generating focused traffic: Period 6.7336s
[INFO] Subscriptions active: 6 (libsumo, fast mode)
[INFO] Episode duration: 2700s (45 min)

[DEBUG] 🎯 Célzott Forgalom Generálása (R1C1_C) | Period: 5.9596
Found 6 valid OD pairs for R1C1_C
Generating focused traffic: Period 5.9596s
[INFO] Subscriptions active: 6 (libsumo, fast mode)
[INFO] Episode duration: 2700s (45 min)

[DEBUG] 🎯 Célzott Forgalom Generálása (R1C1_C) | Period: 7.3792
Found 6 valid OD pairs for R1C1_C
Generating focused traffic: Period 7.3792s
[INFO] Subscriptions active: 6 (libsumo, fast mode)
[INFO] Episode duration: 2700s (45 min)

[DEBUG] 🎯 Célzott Forgalom Generálása (R1C1_C) | Period: 7.2914
Found 6 valid OD pairs for R1C1_C
Generating focused traffic: Period 7.2914s
[INFO] Subscriptions active: 6 (libsumo, fast mode)
[INFO] Episode duration: 2700s (45 min)

[DEBUG] 🎯 Célzott Forgalom Generálása (R1C1_C) | Period: 7.3424
Found 6 valid OD pairs for R1C1_C
Generating focused traffic: Period 7.3424s
[INFO] Subscriptions active: 6 (libsumo, fast mode)
[INFO] Episode duration: 3600s (60 min)

[DEBUG] 🎯 Célzott Forgalom Generálása (R1C1_C) | Period: 7.8206
Found 6 valid OD pairs for R1C1_C
Generating focused traffic: Period 7.8206s
[INFO] Subscriptions active: 6 (libsumo, fast mode)
[INFO] Episode duration: 2700s (45 min)

[DEBUG] 🎯 Célzott Forgalom Generálása (R1C1_C) | Period: 7.669
Found 6 valid OD pairs for R1C1_C
Generating focused traffic: Period 7.6690s
[INFO] Subscriptions active: 6 (libsumo, fast mode)
[INFO] Episode duration: 1800s (30 min)

[DEBUG] 🎯 Célzott Forgalom Generálása (R1C1_C) | Period: 5.1956
Found 6 valid OD pairs for R1C1_C
Generating focused traffic: Period 5.1956s
[INFO] Subscriptions active: 6 (libsumo, fast mode)
[INFO] Episode duration: 2700s (45 min)

[DEBUG] 🎯 Célzott Forgalom Generálása (R1C1_C) | Period: 7.7956
Found 6 valid OD pairs for R1C1_C
Generating focused traffic: Period 7.7956s
[INFO] Subscriptions active: 6 (libsumo, fast mode)
[INFO] Episode duration: 900s (15 min)

[DEBUG] 🎯 Célzott Forgalom Generálása (R1C1_C) | Period: 4.9745
Found 6 valid OD pairs for R1C1_C
Generating focused traffic: Period 4.9745s
[INFO] Subscriptions active: 6 (libsumo, fast mode)
[INFO] Episode duration: 900s (15 min)

[DEBUG] 🎯 Célzott Forgalom Generálása (R1C1_C) | Period: 7.662
Found 6 valid OD pairs for R1C1_C
Generating focused traffic: Period 7.6620s
[INFO] Subscriptions active: 6 (libsumo, fast mode)
[INFO] Episode duration: 1800s (30 min)

[DEBUG] 🎯 Célzott Forgalom Generálása (R1C1_C) | Period: 6.751
Found 6 valid OD pairs for R1C1_C
Generating focused traffic: Period 6.7510s
[INFO] Subscriptions active: 6 (libsumo, fast mode)
[INFO] Episode duration: 3600s (60 min)

[DEBUG] 🎯 Célzott Forgalom Generálása (R1C1_C) | Period: 7.7318
Found 6 valid OD pairs for R1C1_C
Generating focused traffic: Period 7.7318s
[INFO] Subscriptions active: 6 (libsumo, fast mode)
------------------------------------
| rollout/              |          |
|    ep_len_mean        | 455      |
|    ep_rew_mean        | 169      |
| time/                 |          |
|    fps                | 184      |
|    iterations         | 20       |
|    time_elapsed       | 221      |
|    total_timesteps    | 40960    |
| train/                |          |
|    entropy_loss       | -1.39    |
|    explained_variance | -0.0045  |
|    learning_rate      | 0.0001   |
|    n_updates          | 19       |
|    policy_loss        | 49.1     |
|    value_loss         | 1.4e+03  |
------------------------------------
[INFO] Episode duration: 900s (15 min)

[DEBUG] 🎯 Célzott Forgalom Generálása (R1C1_C) | Period: 5.8685
Found 6 valid OD pairs for R1C1_C
Generating focused traffic: Period 5.8685s
[INFO] Subscriptions active: 6 (libsumo, fast mode)
[INFO] Episode duration: 2700s (45 min)

[DEBUG] 🎯 Célzott Forgalom Generálása (R1C1_C) | Period: 7.1952
Found 6 valid OD pairs for R1C1_C
Generating focused traffic: Period 7.1952s
[INFO] Subscriptions active: 6 (libsumo, fast mode)
[INFO] Episode duration: 3600s (60 min)

[DEBUG] 🎯 Célzott Forgalom Generálása (R1C1_C) | Period: 6.7855
Found 6 valid OD pairs for R1C1_C
Generating focused traffic: Period 6.7855s
[INFO] Subscriptions active: 6 (libsumo, fast mode)
[INFO] Episode duration: 3600s (60 min)

[DEBUG] 🎯 Célzott Forgalom Generálása (R1C1_C) | Period: 7.6564
Found 6 valid OD pairs for R1C1_C
Generating focused traffic: Period 7.6564s
[INFO] Subscriptions active: 6 (libsumo, fast mode)
[INFO] Episode duration: 3600s (60 min)

[DEBUG] 🎯 Célzott Forgalom Generálása (R1C1_C) | Period: 5.5741
Found 6 valid OD pairs for R1C1_C
Generating focused traffic: Period 5.5741s
[INFO] Subscriptions active: 6 (libsumo, fast mode)
[INFO] Episode duration: 1800s (30 min)

[DEBUG] 🎯 Célzott Forgalom Generálása (R1C1_C) | Period: 7.7736
Found 6 valid OD pairs for R1C1_C
Generating focused traffic: Period 7.7736s
[INFO] Subscriptions active: 6 (libsumo, fast mode)
[INFO] Episode duration: 1800s (30 min)

[DEBUG] 🎯 Célzott Forgalom Generálása (R1C1_C) | Period: 5.9486
Found 6 valid OD pairs for R1C1_C
Generating focused traffic: Period 5.9486s
[INFO] Subscriptions active: 6 (libsumo, fast mode)
[INFO] Episode duration: 2700s (45 min)

[DEBUG] 🎯 Célzott Forgalom Generálása (R1C1_C) | Period: 7.9419
Found 6 valid OD pairs for R1C1_C
Generating focused traffic: Period 7.9419s
[INFO] Subscriptions active: 6 (libsumo, fast mode)
[INFO] Episode duration: 2700s (45 min)

[DEBUG] 🎯 Célzott Forgalom Generálása (R1C1_C) | Period: 7.8393
Found 6 valid OD pairs for R1C1_C
Generating focused traffic: Period 7.8393s
[INFO] Subscriptions active: 6 (libsumo, fast mode)
[INFO] Episode duration: 900s (15 min)

[DEBUG] 🎯 Célzott Forgalom Generálása (R1C1_C) | Period: 7.4767
Found 6 valid OD pairs for R1C1_C
Generating focused traffic: Period 7.4767s
[INFO] Subscriptions active: 6 (libsumo, fast mode)
[INFO] Episode duration: 3600s (60 min)

[DEBUG] 🎯 Célzott Forgalom Generálása (R1C1_C) | Period: 4.8295
Found 6 valid OD pairs for R1C1_C
Generating focused traffic: Period 4.8295s
[INFO] Subscriptions active: 6 (libsumo, fast mode)
[INFO] Episode duration: 2700s (45 min)

[DEBUG] 🎯 Célzott Forgalom Generálása (R1C1_C) | Period: 7.1889
Found 6 valid OD pairs for R1C1_C
Generating focused traffic: Period 7.1889s
[INFO] Subscriptions active: 6 (libsumo, fast mode)
[INFO] Episode duration: 1800s (30 min)

[DEBUG] 🎯 Célzott Forgalom Generálása (R1C1_C) | Period: 6.2783
Found 6 valid OD pairs for R1C1_C
Generating focused traffic: Period 6.2783s
[INFO] Subscriptions active: 6 (libsumo, fast mode)
[INFO] Episode duration: 3600s (60 min)

[DEBUG] 🎯 Célzott Forgalom Generálása (R1C1_C) | Period: 7.6478
Found 6 valid OD pairs for R1C1_C
Generating focused traffic: Period 7.6478s
[INFO] Subscriptions active: 6 (libsumo, fast mode)
[INFO] Episode duration: 1800s (30 min)

[DEBUG] 🎯 Célzott Forgalom Generálása (R1C1_C) | Period: 6.8958
Found 6 valid OD pairs for R1C1_C
Generating focused traffic: Period 6.8958s
[INFO] Subscriptions active: 6 (libsumo, fast mode)
[INFO] Episode duration: 900s (15 min)

[DEBUG] 🎯 Célzott Forgalom Generálása (R1C1_C) | Period: 5.3695
Found 6 valid OD pairs for R1C1_C
Generating focused traffic: Period 5.3695s
[INFO] Subscriptions active: 6 (libsumo, fast mode)
[INFO] Episode duration: 1800s (30 min)

[DEBUG] 🎯 Célzott Forgalom Generálása (R1C1_C) | Period: 7.6735
Found 6 valid OD pairs for R1C1_C
Generating focused traffic: Period 7.6735s
[INFO] Subscriptions active: 6 (libsumo, fast mode)
[INFO] Episode duration: 900s (15 min)

[DEBUG] 🎯 Célzott Forgalom Generálása (R1C1_C) | Period: 6.5087
Found 6 valid OD pairs for R1C1_C
Generating focused traffic: Period 6.5087s
[INFO] Subscriptions active: 6 (libsumo, fast mode)
[INFO] Episode duration: 3600s (60 min)

[DEBUG] 🎯 Célzott Forgalom Generálása (R1C1_C) | Period: 6.2687
Found 6 valid OD pairs for R1C1_C
Generating focused traffic: Period 6.2687s
[INFO] Subscriptions active: 6 (libsumo, fast mode)
[INFO] Episode duration: 3600s (60 min)

[DEBUG] 🎯 Célzott Forgalom Generálása (R1C1_C) | Period: 7.9053
Found 6 valid OD pairs for R1C1_C
Generating focused traffic: Period 7.9053s
[INFO] Subscriptions active: 6 (libsumo, fast mode)
[INFO] Episode duration: 900s (15 min)

[DEBUG] 🎯 Célzott Forgalom Generálása (R1C1_C) | Period: 4.0809
Found 6 valid OD pairs for R1C1_C
Generating focused traffic: Period 4.0809s
[INFO] Subscriptions active: 6 (libsumo, fast mode)
[INFO] Episode duration: 3600s (60 min)

[DEBUG] 🎯 Célzott Forgalom Generálása (R1C1_C) | Period: 7.5859
Found 6 valid OD pairs for R1C1_C
Generating focused traffic: Period 7.5859s
[INFO] Subscriptions active: 6 (libsumo, fast mode)
[INFO] Episode duration: 2700s (45 min)

[DEBUG] 🎯 Célzott Forgalom Generálása (R1C1_C) | Period: 6.5373
Found 6 valid OD pairs for R1C1_C
Generating focused traffic: Period 6.5373s
[INFO] Subscriptions active: 6 (libsumo, fast mode)
[INFO] Episode duration: 2700s (45 min)

[DEBUG] 🎯 Célzott Forgalom Generálása (R1C1_C) | Period: 6.3305
Found 6 valid OD pairs for R1C1_C
Generating focused traffic: Period 6.3305s
[INFO] Subscriptions active: 6 (libsumo, fast mode)
[INFO] Episode duration: 900s (15 min)

[DEBUG] 🎯 Célzott Forgalom Generálása (R1C1_C) | Period: 4.7073
Found 6 valid OD pairs for R1C1_C
Generating focused traffic: Period 4.7073s
[INFO] Subscriptions active: 6 (libsumo, fast mode)
[INFO] Episode duration: 2700s (45 min)

[DEBUG] 🎯 Célzott Forgalom Generálása (R1C1_C) | Period: 4.4193
Found 6 valid OD pairs for R1C1_C
Generating focused traffic: Period 4.4193s
[INFO] Subscriptions active: 6 (libsumo, fast mode)
[INFO] Episode duration: 900s (15 min)

[DEBUG] 🎯 Célzott Forgalom Generálása (R1C1_C) | Period: 6.7098
Found 6 valid OD pairs for R1C1_C
Generating focused traffic: Period 6.7098s
[INFO] Subscriptions active: 6 (libsumo, fast mode)
[INFO] Episode duration: 2700s (45 min)

[DEBUG] 🎯 Célzott Forgalom Generálása (R1C1_C) | Period: 4.5335
Found 6 valid OD pairs for R1C1_C
Generating focused traffic: Period 4.5335s
[INFO] Subscriptions active: 6 (libsumo, fast mode)
[INFO] Episode duration: 3600s (60 min)

[DEBUG] 🎯 Célzott Forgalom Generálása (R1C1_C) | Period: 4.3813
Found 6 valid OD pairs for R1C1_C
Generating focused traffic: Period 4.3813s
[INFO] Subscriptions active: 6 (libsumo, fast mode)
[INFO] Episode duration: 3600s (60 min)

[DEBUG] 🎯 Célzott Forgalom Generálása (R1C1_C) | Period: 5.9786
Found 6 valid OD pairs for R1C1_C
Generating focused traffic: Period 5.9786s
[INFO] Subscriptions active: 6 (libsumo, fast mode)
[INFO] Episode duration: 1800s (30 min)

[DEBUG] 🎯 Célzott Forgalom Generálása (R1C1_C) | Period: 4.0056
Found 6 valid OD pairs for R1C1_C
Generating focused traffic: Period 4.0056s
[INFO] Subscriptions active: 6 (libsumo, fast mode)
[INFO] Episode duration: 3600s (60 min)

[DEBUG] 🎯 Célzott Forgalom Generálása (R1C1_C) | Period: 6.6613
Found 6 valid OD pairs for R1C1_C
Generating focused traffic: Period 6.6613s
[INFO] Subscriptions active: 6 (libsumo, fast mode)
[INFO] Episode duration: 3600s (60 min)

[DEBUG] 🎯 Célzott Forgalom Generálása (R1C1_C) | Period: 4.9196
Found 6 valid OD pairs for R1C1_C
Generating focused traffic: Period 4.9196s
[INFO] Subscriptions active: 6 (libsumo, fast mode)
[INFO] Episode duration: 2700s (45 min)

[DEBUG] 🎯 Célzott Forgalom Generálása (R1C1_C) | Period: 5.6787
Found 6 valid OD pairs for R1C1_C
Generating focused traffic: Period 5.6787s
[INFO] Subscriptions active: 6 (libsumo, fast mode)
[INFO] Episode duration: 3600s (60 min)

[DEBUG] 🎯 Célzott Forgalom Generálása (R1C1_C) | Period: 7.4575
Found 6 valid OD pairs for R1C1_C
Generating focused traffic: Period 7.4575s
[INFO] Subscriptions active: 6 (libsumo, fast mode)
[INFO] Episode duration: 2700s (45 min)

[DEBUG] 🎯 Célzott Forgalom Generálása (R1C1_C) | Period: 7.8029
Found 6 valid OD pairs for R1C1_C
Generating focused traffic: Period 7.8029s
[INFO] Subscriptions active: 6 (libsumo, fast mode)
[INFO] Episode duration: 3600s (60 min)

[DEBUG] 🎯 Célzott Forgalom Generálása (R1C1_C) | Period: 5.3799
Found 6 valid OD pairs for R1C1_C
Generating focused traffic: Period 5.3799s
[INFO] Subscriptions active: 6 (libsumo, fast mode)
[INFO] Episode duration: 2700s (45 min)

[DEBUG] 🎯 Célzott Forgalom Generálása (R1C1_C) | Period: 5.3306
Found 6 valid OD pairs for R1C1_C
Generating focused traffic: Period 5.3306s
[INFO] Subscriptions active: 6 (libsumo, fast mode)
[INFO] Episode duration: 1800s (30 min)

[DEBUG] 🎯 Célzott Forgalom Generálása (R1C1_C) | Period: 6.7357
Found 6 valid OD pairs for R1C1_C
Generating focused traffic: Period 6.7357s
[INFO] Subscriptions active: 6 (libsumo, fast mode)
[INFO] Episode duration: 900s (15 min)

[DEBUG] 🎯 Célzott Forgalom Generálása (R1C1_C) | Period: 4.3212
Found 6 valid OD pairs for R1C1_C
Generating focused traffic: Period 4.3212s
[INFO] Subscriptions active: 6 (libsumo, fast mode)
[INFO] Episode duration: 900s (15 min)

[DEBUG] 🎯 Célzott Forgalom Generálása (R1C1_C) | Period: 6.538
Found 6 valid OD pairs for R1C1_C
Generating focused traffic: Period 6.5380s
[INFO] Subscriptions active: 6 (libsumo, fast mode)
[INFO] Episode duration: 900s (15 min)

[DEBUG] 🎯 Célzott Forgalom Generálása (R1C1_C) | Period: 4.3791
Found 6 valid OD pairs for R1C1_C
Generating focused traffic: Period 4.3791s
[INFO] Subscriptions active: 6 (libsumo, fast mode)
------------------------------------
| rollout/              |          |
|    ep_len_mean        | 475      |
|    ep_rew_mean        | 175      |
| time/                 |          |
|    fps                | 185      |
|    iterations         | 30       |
|    time_elapsed       | 331      |
|    total_timesteps    | 61440    |
| train/                |          |
|    entropy_loss       | -1.39    |
|    explained_variance | -0.00502 |
|    learning_rate      | 0.0001   |
|    n_updates          | 29       |
|    policy_loss        | 42.5     |
|    value_loss         | 1.1e+03  |
------------------------------------
[INFO] Episode duration: 2700s (45 min)

[DEBUG] 🎯 Célzott Forgalom Generálása (R1C1_C) | Period: 5.2256
Found 6 valid OD pairs for R1C1_C
Generating focused traffic: Period 5.2256s
[INFO] Subscriptions active: 6 (libsumo, fast mode)
[INFO] Episode duration: 2700s (45 min)

[DEBUG] 🎯 Célzott Forgalom Generálása (R1C1_C) | Period: 6.3459
Found 6 valid OD pairs for R1C1_C
Generating focused traffic: Period 6.3459s
[INFO] Subscriptions active: 6 (libsumo, fast mode)
[INFO] Episode duration: 1800s (30 min)

[DEBUG] 🎯 Célzott Forgalom Generálása (R1C1_C) | Period: 5.3696
Found 6 valid OD pairs for R1C1_C
Generating focused traffic: Period 5.3696s
[INFO] Subscriptions active: 6 (libsumo, fast mode)
[INFO] Episode duration: 1800s (30 min)

[DEBUG] 🎯 Célzott Forgalom Generálása (R1C1_C) | Period: 4.9039
Found 6 valid OD pairs for R1C1_C
Generating focused traffic: Period 4.9039s
[INFO] Subscriptions active: 6 (libsumo, fast mode)
[INFO] Episode duration: 1800s (30 min)

[DEBUG] 🎯 Célzott Forgalom Generálása (R1C1_C) | Period: 6.8331
Found 6 valid OD pairs for R1C1_C
Generating focused traffic: Period 6.8331s
[INFO] Subscriptions active: 6 (libsumo, fast mode)
[INFO] Episode duration: 2700s (45 min)

[DEBUG] 🎯 Célzott Forgalom Generálása (R1C1_C) | Period: 6.5927
Found 6 valid OD pairs for R1C1_C
Generating focused traffic: Period 6.5927s
[INFO] Subscriptions active: 6 (libsumo, fast mode)
[INFO] Episode duration: 900s (15 min)

[DEBUG] 🎯 Célzott Forgalom Generálása (R1C1_C) | Period: 5.7735
Found 6 valid OD pairs for R1C1_C
Generating focused traffic: Period 5.7735s
[INFO] Subscriptions active: 6 (libsumo, fast mode)
[INFO] Episode duration: 2700s (45 min)

[DEBUG] 🎯 Célzott Forgalom Generálása (R1C1_C) | Period: 4.6595
Found 6 valid OD pairs for R1C1_C
Generating focused traffic: Period 4.6595s
[INFO] Subscriptions active: 6 (libsumo, fast mode)
[INFO] Episode duration: 3600s (60 min)

[DEBUG] 🎯 Célzott Forgalom Generálása (R1C1_C) | Period: 6.3312
Found 6 valid OD pairs for R1C1_C
Generating focused traffic: Period 6.3312s
[INFO] Subscriptions active: 6 (libsumo, fast mode)
[INFO] Episode duration: 1800s (30 min)

[DEBUG] 🎯 Célzott Forgalom Generálása (R1C1_C) | Period: 7.9647
Found 6 valid OD pairs for R1C1_C
Generating focused traffic: Period 7.9647s
[INFO] Subscriptions active: 6 (libsumo, fast mode)
[INFO] Episode duration: 1800s (30 min)

[DEBUG] 🎯 Célzott Forgalom Generálása (R1C1_C) | Period: 6.5465
Found 6 valid OD pairs for R1C1_C
Generating focused traffic: Period 6.5465s
[INFO] Subscriptions active: 6 (libsumo, fast mode)
[INFO] Episode duration: 2700s (45 min)

[DEBUG] 🎯 Célzott Forgalom Generálása (R1C1_C) | Period: 6.5411
Found 6 valid OD pairs for R1C1_C
Generating focused traffic: Period 6.5411s
[INFO] Subscriptions active: 6 (libsumo, fast mode)
[INFO] Episode duration: 1800s (30 min)

[DEBUG] 🎯 Célzott Forgalom Generálása (R1C1_C) | Period: 6.0564
Found 6 valid OD pairs for R1C1_C
Generating focused traffic: Period 6.0564s
[INFO] Subscriptions active: 6 (libsumo, fast mode)
[INFO] Episode duration: 1800s (30 min)

[DEBUG] 🎯 Célzott Forgalom Generálása (R1C1_C) | Period: 5.1274
Found 6 valid OD pairs for R1C1_C
Generating focused traffic: Period 5.1274s
[INFO] Subscriptions active: 6 (libsumo, fast mode)
[INFO] Episode duration: 2700s (45 min)

[DEBUG] 🎯 Célzott Forgalom Generálása (R1C1_C) | Period: 5.5159
Found 6 valid OD pairs for R1C1_C
Generating focused traffic: Period 5.5159s
[INFO] Subscriptions active: 6 (libsumo, fast mode)
[INFO] Episode duration: 1800s (30 min)

[DEBUG] 🎯 Célzott Forgalom Generálása (R1C1_C) | Period: 4.7776
Found 6 valid OD pairs for R1C1_C
Generating focused traffic: Period 4.7776s
[INFO] Subscriptions active: 6 (libsumo, fast mode)
[INFO] Episode duration: 3600s (60 min)

[DEBUG] 🎯 Célzott Forgalom Generálása (R1C1_C) | Period: 7.0662
Found 6 valid OD pairs for R1C1_C
Generating focused traffic: Period 7.0662s
[INFO] Subscriptions active: 6 (libsumo, fast mode)
[INFO] Episode duration: 3600s (60 min)

[DEBUG] 🎯 Célzott Forgalom Generálása (R1C1_C) | Period: 5.686
Found 6 valid OD pairs for R1C1_C
Generating focused traffic: Period 5.6860s
[INFO] Subscriptions active: 6 (libsumo, fast mode)
[INFO] Episode duration: 3600s (60 min)

[DEBUG] 🎯 Célzott Forgalom Generálása (R1C1_C) | Period: 4.4775
Found 6 valid OD pairs for R1C1_C
Generating focused traffic: Period 4.4775s
[INFO] Subscriptions active: 6 (libsumo, fast mode)
[INFO] Episode duration: 3600s (60 min)

[DEBUG] 🎯 Célzott Forgalom Generálása (R1C1_C) | Period: 6.2736
Found 6 valid OD pairs for R1C1_C
Generating focused traffic: Period 6.2736s
[INFO] Subscriptions active: 6 (libsumo, fast mode)
[INFO] Episode duration: 900s (15 min)

[DEBUG] 🎯 Célzott Forgalom Generálása (R1C1_C) | Period: 7.8521
Found 6 valid OD pairs for R1C1_C
Generating focused traffic: Period 7.8521s
[INFO] Subscriptions active: 6 (libsumo, fast mode)
[INFO] Episode duration: 1800s (30 min)

[DEBUG] 🎯 Célzott Forgalom Generálása (R1C1_C) | Period: 7.513
Found 6 valid OD pairs for R1C1_C
Generating focused traffic: Period 7.5130s
[INFO] Subscriptions active: 6 (libsumo, fast mode)
[INFO] Episode duration: 1800s (30 min)

[DEBUG] 🎯 Célzott Forgalom Generálása (R1C1_C) | Period: 5.8069
Found 6 valid OD pairs for R1C1_C
Generating focused traffic: Period 5.8069s
[INFO] Subscriptions active: 6 (libsumo, fast mode)
[INFO] Episode duration: 2700s (45 min)

[DEBUG] 🎯 Célzott Forgalom Generálása (R1C1_C) | Period: 5.821
Found 6 valid OD pairs for R1C1_C
Generating focused traffic: Period 5.8210s
[INFO] Subscriptions active: 6 (libsumo, fast mode)
[INFO] Episode duration: 3600s (60 min)

[DEBUG] 🎯 Célzott Forgalom Generálása (R1C1_C) | Period: 6.6017
Found 6 valid OD pairs for R1C1_C
Generating focused traffic: Period 6.6017s
[INFO] Subscriptions active: 6 (libsumo, fast mode)
[INFO] Episode duration: 1800s (30 min)

[DEBUG] 🎯 Célzott Forgalom Generálása (R1C1_C) | Period: 5.2846
Found 6 valid OD pairs for R1C1_C
Generating focused traffic: Period 5.2846s
[INFO] Subscriptions active: 6 (libsumo, fast mode)
[INFO] Episode duration: 3600s (60 min)

[DEBUG] 🎯 Célzott Forgalom Generálása (R1C1_C) | Period: 7.1936
Found 6 valid OD pairs for R1C1_C
Generating focused traffic: Period 7.1936s
[INFO] Subscriptions active: 6 (libsumo, fast mode)
[INFO] Episode duration: 2700s (45 min)

[DEBUG] 🎯 Célzott Forgalom Generálása (R1C1_C) | Period: 6.8974
Found 6 valid OD pairs for R1C1_C
Generating focused traffic: Period 6.8974s
[INFO] Subscriptions active: 6 (libsumo, fast mode)
[INFO] Episode duration: 1800s (30 min)

[DEBUG] 🎯 Célzott Forgalom Generálása (R1C1_C) | Period: 6.5891
Found 6 valid OD pairs for R1C1_C
Generating focused traffic: Period 6.5891s
[INFO] Subscriptions active: 6 (libsumo, fast mode)
[INFO] Episode duration: 3600s (60 min)

[DEBUG] 🎯 Célzott Forgalom Generálása (R1C1_C) | Period: 4.0607
Found 6 valid OD pairs for R1C1_C
Generating focused traffic: Period 4.0607s
[INFO] Subscriptions active: 6 (libsumo, fast mode)
[INFO] Episode duration: 900s (15 min)

[DEBUG] 🎯 Célzott Forgalom Generálása (R1C1_C) | Period: 5.9861
Found 6 valid OD pairs for R1C1_C
Generating focused traffic: Period 5.9861s
[INFO] Subscriptions active: 6 (libsumo, fast mode)
[INFO] Episode duration: 900s (15 min)

[DEBUG] 🎯 Célzott Forgalom Generálása (R1C1_C) | Period: 4.479
Found 6 valid OD pairs for R1C1_C
Generating focused traffic: Period 4.4790s
[INFO] Subscriptions active: 6 (libsumo, fast mode)
[INFO] Episode duration: 1800s (30 min)

[DEBUG] 🎯 Célzott Forgalom Generálása (R1C1_C) | Period: 7.5191
Found 6 valid OD pairs for R1C1_C
Generating focused traffic: Period 7.5191s
[INFO] Subscriptions active: 6 (libsumo, fast mode)
[INFO] Episode duration: 3600s (60 min)

[DEBUG] 🎯 Célzott Forgalom Generálása (R1C1_C) | Period: 6.7111
Found 6 valid OD pairs for R1C1_C
Generating focused traffic: Period 6.7111s
[INFO] Subscriptions active: 6 (libsumo, fast mode)
[INFO] Episode duration: 900s (15 min)

[DEBUG] 🎯 Célzott Forgalom Generálása (R1C1_C) | Period: 5.2057
Found 6 valid OD pairs for R1C1_C
Generating focused traffic: Period 5.2057s
[INFO] Subscriptions active: 6 (libsumo, fast mode)
[INFO] Episode duration: 3600s (60 min)

[DEBUG] 🎯 Célzott Forgalom Generálása (R1C1_C) | Period: 7.2025
Found 6 valid OD pairs for R1C1_C
Generating focused traffic: Period 7.2025s
[INFO] Subscriptions active: 6 (libsumo, fast mode)
[INFO] Episode duration: 2700s (45 min)

[DEBUG] 🎯 Célzott Forgalom Generálása (R1C1_C) | Period: 4.9524
Found 6 valid OD pairs for R1C1_C
Generating focused traffic: Period 4.9524s
[INFO] Subscriptions active: 6 (libsumo, fast mode)
[INFO] Episode duration: 3600s (60 min)

[DEBUG] 🎯 Célzott Forgalom Generálása (R1C1_C) | Period: 4.5222
Found 6 valid OD pairs for R1C1_C
Generating focused traffic: Period 4.5222s
[INFO] Subscriptions active: 6 (libsumo, fast mode)
[INFO] Episode duration: 1800s (30 min)

[DEBUG] 🎯 Célzott Forgalom Generálása (R1C1_C) | Period: 4.727
Found 6 valid OD pairs for R1C1_C
Generating focused traffic: Period 4.7270s
[INFO] Subscriptions active: 6 (libsumo, fast mode)
[INFO] Episode duration: 1800s (30 min)

[DEBUG] 🎯 Célzott Forgalom Generálása (R1C1_C) | Period: 6.4226
Found 6 valid OD pairs for R1C1_C
Generating focused traffic: Period 6.4226s
[INFO] Subscriptions active: 6 (libsumo, fast mode)
[INFO] Episode duration: 2700s (45 min)

[DEBUG] 🎯 Célzott Forgalom Generálása (R1C1_C) | Period: 7.4189
Found 6 valid OD pairs for R1C1_C
Generating focused traffic: Period 7.4189s
[INFO] Subscriptions active: 6 (libsumo, fast mode)
[INFO] Episode duration: 900s (15 min)

[DEBUG] 🎯 Célzott Forgalom Generálása (R1C1_C) | Period: 4.6525
Found 6 valid OD pairs for R1C1_C
Generating focused traffic: Period 4.6525s
[INFO] Subscriptions active: 6 (libsumo, fast mode)
[INFO] Episode duration: 900s (15 min)

[DEBUG] 🎯 Célzott Forgalom Generálása (R1C1_C) | Period: 7.0488
Found 6 valid OD pairs for R1C1_C
Generating focused traffic: Period 7.0488s
[INFO] Subscriptions active: 6 (libsumo, fast mode)
[INFO] Episode duration: 3600s (60 min)

[DEBUG] 🎯 Célzott Forgalom Generálása (R1C1_C) | Period: 6.8381
Found 6 valid OD pairs for R1C1_C
Generating focused traffic: Period 6.8381s
[INFO] Subscriptions active: 6 (libsumo, fast mode)
------------------------------------
| rollout/              |          |
|    ep_len_mean        | 475      |
|    ep_rew_mean        | 174      |
| time/                 |          |
|    fps                | 185      |
|    iterations         | 40       |
|    time_elapsed       | 442      |
|    total_timesteps    | 81920    |
| train/                |          |
|    entropy_loss       | -1.39    |
|    explained_variance | -0.00538 |
|    learning_rate      | 0.0001   |
|    n_updates          | 39       |
|    policy_loss        | 35       |
|    value_loss         | 777      |
------------------------------------
[INFO] Episode duration: 3600s (60 min)

[DEBUG] 🎯 Célzott Forgalom Generálása (R1C1_C) | Period: 4.05
Found 6 valid OD pairs for R1C1_C
Generating focused traffic: Period 4.0500s
[INFO] Subscriptions active: 6 (libsumo, fast mode)
[INFO] Episode duration: 900s (15 min)

[DEBUG] 🎯 Célzott Forgalom Generálása (R1C1_C) | Period: 4.0012
Found 6 valid OD pairs for R1C1_C
Generating focused traffic: Period 4.0012s
[INFO] Subscriptions active: 6 (libsumo, fast mode)
[INFO] Episode duration: 1800s (30 min)

[DEBUG] 🎯 Célzott Forgalom Generálása (R1C1_C) | Period: 5.783
Found 6 valid OD pairs for R1C1_C
Generating focused traffic: Period 5.7830s
[INFO] Subscriptions active: 6 (libsumo, fast mode)
[INFO] Episode duration: 3600s (60 min)

[DEBUG] 🎯 Célzott Forgalom Generálása (R1C1_C) | Period: 7.5266
Found 6 valid OD pairs for R1C1_C
Generating focused traffic: Period 7.5266s
[INFO] Subscriptions active: 6 (libsumo, fast mode)
[INFO] Episode duration: 3600s (60 min)

[DEBUG] 🎯 Célzott Forgalom Generálása (R1C1_C) | Period: 5.7521
Found 6 valid OD pairs for R1C1_C
Generating focused traffic: Period 5.7521s
[INFO] Subscriptions active: 6 (libsumo, fast mode)
[INFO] Episode duration: 900s (15 min)

[DEBUG] 🎯 Célzott Forgalom Generálása (R1C1_C) | Period: 5.0021
Found 6 valid OD pairs for R1C1_C
Generating focused traffic: Period 5.0021s
[INFO] Subscriptions active: 6 (libsumo, fast mode)
[INFO] Episode duration: 900s (15 min)

[DEBUG] 🎯 Célzott Forgalom Generálása (R1C1_C) | Period: 6.7567
Found 6 valid OD pairs for R1C1_C
Generating focused traffic: Period 6.7567s
[INFO] Subscriptions active: 6 (libsumo, fast mode)
[INFO] Episode duration: 2700s (45 min)

[DEBUG] 🎯 Célzott Forgalom Generálása (R1C1_C) | Period: 5.0636
Found 6 valid OD pairs for R1C1_C
Generating focused traffic: Period 5.0636s
[INFO] Subscriptions active: 6 (libsumo, fast mode)
[INFO] Episode duration: 1800s (30 min)

[DEBUG] 🎯 Célzott Forgalom Generálása (R1C1_C) | Period: 5.6069
Found 6 valid OD pairs for R1C1_C
Generating focused traffic: Period 5.6069s
[INFO] Subscriptions active: 6 (libsumo, fast mode)
[INFO] Episode duration: 3600s (60 min)

[DEBUG] 🎯 Célzott Forgalom Generálása (R1C1_C) | Period: 4.3243
Found 6 valid OD pairs for R1C1_C
Generating focused traffic: Period 4.3243s
[INFO] Subscriptions active: 6 (libsumo, fast mode)
[INFO] Episode duration: 900s (15 min)

[DEBUG] 🎯 Célzott Forgalom Generálása (R1C1_C) | Period: 5.344
Found 6 valid OD pairs for R1C1_C
Generating focused traffic: Period 5.3440s
[INFO] Subscriptions active: 6 (libsumo, fast mode)
[INFO] Episode duration: 3600s (60 min)

[DEBUG] 🎯 Célzott Forgalom Generálása (R1C1_C) | Period: 5.742
Found 6 valid OD pairs for R1C1_C
Generating focused traffic: Period 5.7420s
[INFO] Subscriptions active: 6 (libsumo, fast mode)
[INFO] Episode duration: 2700s (45 min)

[DEBUG] 🎯 Célzott Forgalom Generálása (R1C1_C) | Period: 7.7739
Found 6 valid OD pairs for R1C1_C
Generating focused traffic: Period 7.7739s
[INFO] Subscriptions active: 6 (libsumo, fast mode)
[INFO] Episode duration: 2700s (45 min)

[DEBUG] 🎯 Célzott Forgalom Generálása (R1C1_C) | Period: 6.7889
Found 6 valid OD pairs for R1C1_C
Generating focused traffic: Period 6.7889s
[INFO] Subscriptions active: 6 (libsumo, fast mode)
[INFO] Episode duration: 900s (15 min)

[DEBUG] 🎯 Célzott Forgalom Generálása (R1C1_C) | Period: 7.0163
Found 6 valid OD pairs for R1C1_C
Generating focused traffic: Period 7.0163s
[INFO] Subscriptions active: 6 (libsumo, fast mode)
[INFO] Episode duration: 1800s (30 min)

[DEBUG] 🎯 Célzott Forgalom Generálása (R1C1_C) | Period: 4.6168
Found 6 valid OD pairs for R1C1_C
Generating focused traffic: Period 4.6168s
[INFO] Subscriptions active: 6 (libsumo, fast mode)
[INFO] Episode duration: 2700s (45 min)

[DEBUG] 🎯 Célzott Forgalom Generálása (R1C1_C) | Period: 7.8784
Found 6 valid OD pairs for R1C1_C
Generating focused traffic: Period 7.8784s
[INFO] Subscriptions active: 6 (libsumo, fast mode)
[INFO] Episode duration: 1800s (30 min)

[DEBUG] 🎯 Célzott Forgalom Generálása (R1C1_C) | Period: 7.7012
Found 6 valid OD pairs for R1C1_C
Generating focused traffic: Period 7.7012s
[INFO] Subscriptions active: 6 (libsumo, fast mode)
[INFO] Episode duration: 900s (15 min)

[DEBUG] 🎯 Célzott Forgalom Generálása (R1C1_C) | Period: 5.797
Found 6 valid OD pairs for R1C1_C
Generating focused traffic: Period 5.7970s
[INFO] Subscriptions active: 6 (libsumo, fast mode)
[INFO] Episode duration: 3600s (60 min)

[DEBUG] 🎯 Célzott Forgalom Generálása (R1C1_C) | Period: 7.9603
Found 6 valid OD pairs for R1C1_C
Generating focused traffic: Period 7.9603s
[INFO] Subscriptions active: 6 (libsumo, fast mode)
[INFO] Episode duration: 1800s (30 min)

[DEBUG] 🎯 Célzott Forgalom Generálása (R1C1_C) | Period: 6.195
Found 6 valid OD pairs for R1C1_C
Generating focused traffic: Period 6.1950s
[INFO] Subscriptions active: 6 (libsumo, fast mode)
[INFO] Episode duration: 1800s (30 min)

[DEBUG] 🎯 Célzott Forgalom Generálása (R1C1_C) | Period: 5.3189
Found 6 valid OD pairs for R1C1_C
Generating focused traffic: Period 5.3189s
[INFO] Subscriptions active: 6 (libsumo, fast mode)
[INFO] Episode duration: 3600s (60 min)

[DEBUG] 🎯 Célzott Forgalom Generálása (R1C1_C) | Period: 7.2162
Found 6 valid OD pairs for R1C1_C
Generating focused traffic: Period 7.2162s
[INFO] Subscriptions active: 6 (libsumo, fast mode)
[INFO] Episode duration: 3600s (60 min)

[DEBUG] 🎯 Célzott Forgalom Generálása (R1C1_C) | Period: 6.0097
Found 6 valid OD pairs for R1C1_C
Generating focused traffic: Period 6.0097s
[INFO] Subscriptions active: 6 (libsumo, fast mode)
[INFO] Episode duration: 1800s (30 min)

[DEBUG] 🎯 Célzott Forgalom Generálása (R1C1_C) | Period: 5.8316
Found 6 valid OD pairs for R1C1_C
Generating focused traffic: Period 5.8316s
[INFO] Subscriptions active: 6 (libsumo, fast mode)
[INFO] Episode duration: 2700s (45 min)

[DEBUG] 🎯 Célzott Forgalom Generálása (R1C1_C) | Period: 5.41
Found 6 valid OD pairs for R1C1_C
Generating focused traffic: Period 5.4100s
[INFO] Subscriptions active: 6 (libsumo, fast mode)
[INFO] Episode duration: 2700s (45 min)

[DEBUG] 🎯 Célzott Forgalom Generálása (R1C1_C) | Period: 6.8414
Found 6 valid OD pairs for R1C1_C
Generating focused traffic: Period 6.8414s
[INFO] Subscriptions active: 6 (libsumo, fast mode)
[INFO] Episode duration: 3600s (60 min)

[DEBUG] 🎯 Célzott Forgalom Generálása (R1C1_C) | Period: 4.2397
Found 6 valid OD pairs for R1C1_C
Generating focused traffic: Period 4.2397s
[INFO] Subscriptions active: 6 (libsumo, fast mode)
[INFO] Episode duration: 900s (15 min)

[DEBUG] 🎯 Célzott Forgalom Generálása (R1C1_C) | Period: 6.505
Found 6 valid OD pairs for R1C1_C
Generating focused traffic: Period 6.5050s
[INFO] Subscriptions active: 6 (libsumo, fast mode)
[INFO] Episode duration: 1800s (30 min)

[DEBUG] 🎯 Célzott Forgalom Generálása (R1C1_C) | Period: 4.1895
Found 6 valid OD pairs for R1C1_C
Generating focused traffic: Period 4.1895s
[INFO] Subscriptions active: 6 (libsumo, fast mode)
[INFO] Episode duration: 900s (15 min)

[DEBUG] 🎯 Célzott Forgalom Generálása (R1C1_C) | Period: 7.292
Found 6 valid OD pairs for R1C1_C
Generating focused traffic: Period 7.2920s
[INFO] Subscriptions active: 6 (libsumo, fast mode)
[INFO] Episode duration: 1800s (30 min)

[DEBUG] 🎯 Célzott Forgalom Generálása (R1C1_C) | Period: 7.4949
Found 6 valid OD pairs for R1C1_C
Generating focused traffic: Period 7.4949s
[INFO] Subscriptions active: 6 (libsumo, fast mode)
[INFO] Episode duration: 900s (15 min)

[DEBUG] 🎯 Célzott Forgalom Generálása (R1C1_C) | Period: 6.9555
Found 6 valid OD pairs for R1C1_C
Generating focused traffic: Period 6.9555s
[INFO] Subscriptions active: 6 (libsumo, fast mode)
[INFO] Episode duration: 2700s (45 min)

[DEBUG] 🎯 Célzott Forgalom Generálása (R1C1_C) | Period: 6.4197
Found 6 valid OD pairs for R1C1_C
Generating focused traffic: Period 6.4197s
[INFO] Subscriptions active: 6 (libsumo, fast mode)
[INFO] Episode duration: 900s (15 min)
wandb: WARNING Symlinked 1 file into the W&B run directory; call wandb.save again to sync new files.
/Users/wagnertamas/Documents/Munka/cikkek/AI_agens_konyvtar/support/intergreen_matrix_calculator/rl_trainer.py:857: UserWarning: Exporting a model while it is in training mode. Please ensure that this is intended, as it may lead to different behavior during inference. Calling model.eval() before export is recommended.
  torch.onnx.export(
/Users/wagnertamas/Documents/Munka/cikkek/AI_agens_konyvtar/support/intergreen_matrix_calculator/rl_trainer.py:857: UserWarning: # 'dynamic_axes' is not recommended when dynamo=True, and may lead to 'torch._dynamo.exc.UserError: Constraints violated.' Supply the 'dynamic_shapes' argument instead if export is unsuccessful.
  torch.onnx.export(
wandb: updating run metadata
wandb: uploading pytorch_models/R1C1_C.zip; uploading output.log; uploading wandb-summary.json; uploading config.yaml
wandb: uploading history steps 996-1002, summary, console lines 1383-1399
wandb: 
wandb: Run history:
wandb:  R1C1_C/action_pct/phase_0 █▄▄▃▆▄▃▅▃▆▆▄▃▄▄▃▃▄▃▃▄▄▂▄▆▃▄▄▁▅▂▅▆▄▅▆▅▃▆▆
wandb:  R1C1_C/action_pct/phase_1 ▅▆▇▅▄▅▅▇▅▅▅▅▆▄▅▆▅▄█▅▅▅▆▇▁▆▇▆▅▆▆▆▆▅▅▄▂▄▆▄
wandb:  R1C1_C/action_pct/phase_2 ▂▅▄▆▃▄▆▄▆▁▃▅▇▅█▇▅█▂▅▆▁▆▅▄▄▅▅▆▆▇▄▁▅▅▇▇▆▅▇
wandb:  R1C1_C/action_pct/phase_3 ▂▄▃▅▅▅▆▃▅▆▅▅▂▆▂▃▆▃▆▆▃█▅▃█▅▃▄▇▂▄▄▆▄▄▁▅▆▁▂
wandb:  R1C1_C/train/entropy_loss ▁▁▂▂▄▃▃▃▃▂▃▂▂▃▃▃▃▄▄▃▄▄▄▄▅▅▅▅▆▆▇▇███▇▇▇▅▅
wandb: R1C1_C/train/learning_rate ▁▁▁▁▁▁▁▁▁▁▁▁▁▁▁▁▁▁▁▁▁▁▁▁▁▁▁▁▁▁▁▁▁▁▁▁▁▁▁▁
wandb:    R1C1_C/train/value_loss ▅▅▅▆▆▄▄▇▅█▄▄▃▃▄▄▃▃▃█▅▅▆▆▆▁▁▁▃▅▃▅▄▄▄▂▆▆▅▂
wandb:                 avg_reward ▁█▄▅▅▁▅▇█▁▇▇▆▆▅▅▅▆▁▄▆▄▄▂▁▆▄▂▃▂▆▃▅▂▂▅▅▄▆▁
wandb:                    episode ▁▁▁▁▁▁▁▂▂▂▂▂▂▃▃▃▃▃▃▃▄▄▄▄▄▅▅▅▅▅▆▆▆▆▆▇▇▇██
wandb:         episode/avg_reward ▆▇▄▄▅▅▁▁▆▂█▇▆▁█▄▇▆▄▂▂▂▃▃▃▅▃▂▁▇▇▁▂▄▇▃▇▄▆▂
wandb:                         +7 ...
wandb: 
wandb: Run summary:
wandb:  R1C1_C/action_pct/phase_0 28.33333
wandb:  R1C1_C/action_pct/phase_1 22.22222
wandb:  R1C1_C/action_pct/phase_2 27.77778
wandb:  R1C1_C/action_pct/phase_3 21.66667
wandb:  R1C1_C/train/entropy_loss -1.38627
wandb: R1C1_C/train/learning_rate 0.0001
wandb:    R1C1_C/train/value_loss 618.02838
wandb:                 avg_reward 0.46866
wandb:                    episode 216
wandb:         episode/avg_reward 0.28246
wandb:                         +7 ...
wandb: 
wandb: 🚀 View run a2c_co2_speedstd_2x8_1_R1C1_C at: https://wandb.ai/wagnertamas-budapesti-m-szaki-s-gazdas-gtudom-nyi-egyetem/sumo-rl-stat/runs/1tnz4tap
wandb: ⭐️ View project at: https://wandb.ai/wagnertamas-budapesti-m-szaki-s-gazdas-gtudom-nyi-egyetem/sumo-rl-stat
wandb: Synced 5 W&B file(s), 0 media file(s), 0 artifact file(s) and 1 other file(s)
wandb: Find logs at: ./wandb/run-20260322_024612-1tnz4tap/logs

[DEBUG] 🎯 Célzott Forgalom Generálása (R1C1_C) | Period: 6.0432
Found 6 valid OD pairs for R1C1_C
Generating focused traffic: Period 6.0432s
[INFO] Subscriptions active: 6 (libsumo, fast mode)
[INFO] Episode duration: 2700s (45 min)

[DEBUG] 🎯 Célzott Forgalom Generálása (R1C1_C) | Period: 5.3484
Found 6 valid OD pairs for R1C1_C
Generating focused traffic: Period 5.3484s
[INFO] Subscriptions active: 6 (libsumo, fast mode)
[INFO] Episode duration: 2700s (45 min)

[DEBUG] 🎯 Célzott Forgalom Generálása (R1C1_C) | Period: 5.3946
Found 6 valid OD pairs for R1C1_C
Generating focused traffic: Period 5.3946s
[INFO] Subscriptions active: 6 (libsumo, fast mode)
[INFO] Episode duration: 900s (15 min)

[DEBUG] 🎯 Célzott Forgalom Generálása (R1C1_C) | Period: 4.623
Found 6 valid OD pairs for R1C1_C
Generating focused traffic: Period 4.6230s
[INFO] Subscriptions active: 6 (libsumo, fast mode)
[INFO] Episode duration: 900s (15 min)

[DEBUG] 🎯 Célzott Forgalom Generálása (R1C1_C) | Period: 4.7204
Found 6 valid OD pairs for R1C1_C
Generating focused traffic: Period 4.7204s
[INFO] Subscriptions active: 6 (libsumo, fast mode)
[INFO] Episode duration: 3600s (60 min)

[DEBUG] 🎯 Célzott Forgalom Generálása (R1C1_C) | Period: 5.3662
Found 6 valid OD pairs for R1C1_C
Generating focused traffic: Period 5.3662s
[INFO] Subscriptions active: 6 (libsumo, fast mode)
[INFO] Episode duration: 3600s (60 min)

[DEBUG] 🎯 Célzott Forgalom Generálása (R1C1_C) | Period: 7.0765
Found 6 valid OD pairs for R1C1_C
Generating focused traffic: Period 7.0765s
[INFO] Subscriptions active: 6 (libsumo, fast mode)
On-policy training completed.
Closing environment and EXPORTING models...
Saving PyTorch ZIP models to /Users/wagnertamas/Documents/Munka/cikkek/AI_agens_konyvtar/support/intergreen_matrix_calculator/data/runs/pytorch_models...
Saved PyTorch R1C1_C to /Users/wagnertamas/Documents/Munka/cikkek/AI_agens_konyvtar/support/intergreen_matrix_calculator/data/runs/pytorch_models/R1C1_C.zip
Exporting ONNX models to /Users/wagnertamas/Documents/Munka/cikkek/AI_agens_konyvtar/support/intergreen_matrix_calculator/data/runs/onnx_models...
Failed to export R1C1_C: # Failed to convert 'dynamic_axes' to 'dynamic_shapes'. Please provide 'dynamic_shapes' directly. Refer to the documentation for 'torch.export.export' for more information on dynamic shapes.
Cleanup done.
