wandb: [wandb.login()] Loaded credentials for https://api.wandb.ai from /Users/wagnertamas/.netrc.
wandb: Currently logged in as: wagnertamas (wagnertamas-budapesti-m-szaki-s-gazdas-gtudom-nyi-egyetem) to https://api.wandb.ai. Use `wandb login --relogin` to force relogin
wandb: setting up run 1xoayfs1
wandb: Tracking run with wandb version 0.25.0
wandb: Run data is saved locally in /Users/wagnertamas/Documents/Munka/cikkek/AI_agens_konyvtar/support/intergreen_matrix_calculator/wandb/run-20260322_021912-1xoayfs1
wandb: Run `wandb offline` to turn off syncing.
wandb: Syncing run a2c_halt_ratio_3x16_1_R1C1_C
wandb: ⭐️ View project at https://wandb.ai/wagnertamas-budapesti-m-szaki-s-gazdas-gtudom-nyi-egyetem/sumo-rl-stat
wandb: 🚀 View run at https://wandb.ai/wagnertamas-budapesti-m-szaki-s-gazdas-gtudom-nyi-egyetem/sumo-rl-stat/runs/1xoayfs1
[INFO] Config: training_config.yaml
[INFO] Net: /Users/wagnertamas/Documents/Munka/cikkek/AI_agens_konyvtar/support/intergreen_matrix_calculator/data/mega_catalogue_v2.net.xml
[INFO] Timesteps: 100000 | Project: sumo-rl-stat
[INFO] Junction: R1C1_C
[INFO] Algorithm: a2c | Reward: halt_ratio
[INFO] Load model: None (fresh)
[INFO] Traffic: random target+spread (epizódonként)
Initializing Environment (algorithm=a2c, reward=halt_ratio)...
[INFO] Algorithm: a2c (on_policy)
[INFO] Reward mode: halt_ratio
WandB config applied (Sweep compatible).
[INFO] Junction reward params auto-loaded from /Users/wagnertamas/Documents/Munka/cikkek/AI_agens_konyvtar/support/intergreen_matrix_calculator/data/junction_reward_params.json
[INFO] Using 'libsumo' (fast headless mode, OS=darwin).
Starting SUMO...
[INFO] Episode duration: 1800s (30 min)

[DEBUG] 🎯 Célzott Forgalom Generálása (R1C1_C) | Period: 4.3498
Found 6 valid OD pairs for R1C1_C
Generating focused traffic: Period 4.3498s
[INFO] Network mapped: 1 agents, 3 detectors, 3 lanes
[INFO] Subscriptions active: 6 (libsumo, fast mode)
Agents discovered: ['R1C1_C']
[INFO] RL device: mps
[INFO] On-policy training: a2c → R1C1_C
Using mps device
Wrapping the env with a `Monitor` wrapper
Wrapping the env in a DummyVecEnv.
Starting on-policy training: 100000 timesteps...
[INFO] Episode duration: 2700s (45 min)

[DEBUG] 🎯 Célzott Forgalom Generálása (R1C1_C) | Period: 4.3644
Found 6 valid OD pairs for R1C1_C
Generating focused traffic: Period 4.3644s
[INFO] Subscriptions active: 6 (libsumo, fast mode)
Logging to /Users/wagnertamas/Documents/Munka/cikkek/AI_agens_konyvtar/support/intergreen_matrix_calculator/data/runs/sumo-rl-stat/R1C1_C/A2C_80
[INFO] Episode duration: 900s (15 min)

[DEBUG] 🎯 Célzott Forgalom Generálása (R1C1_C) | Period: 4.4757
Found 6 valid OD pairs for R1C1_C
Generating focused traffic: Period 4.4757s
[INFO] Subscriptions active: 6 (libsumo, fast mode)
[INFO] Episode duration: 3600s (60 min)

[DEBUG] 🎯 Célzott Forgalom Generálása (R1C1_C) | Period: 6.0446
Found 6 valid OD pairs for R1C1_C
Generating focused traffic: Period 6.0446s
[INFO] Subscriptions active: 6 (libsumo, fast mode)
[INFO] Episode duration: 3600s (60 min)

[DEBUG] 🎯 Célzott Forgalom Generálása (R1C1_C) | Period: 7.7687
Found 6 valid OD pairs for R1C1_C
Generating focused traffic: Period 7.7687s
[INFO] Subscriptions active: 6 (libsumo, fast mode)
[INFO] Episode duration: 3600s (60 min)

[DEBUG] 🎯 Célzott Forgalom Generálása (R1C1_C) | Period: 7.6233
Found 6 valid OD pairs for R1C1_C
Generating focused traffic: Period 7.6233s
[INFO] Subscriptions active: 6 (libsumo, fast mode)
[INFO] Episode duration: 1800s (30 min)

[DEBUG] 🎯 Célzott Forgalom Generálása (R1C1_C) | Period: 7.4337
Found 6 valid OD pairs for R1C1_C
Generating focused traffic: Period 7.4337s
[INFO] Subscriptions active: 6 (libsumo, fast mode)
[INFO] Episode duration: 900s (15 min)

[DEBUG] 🎯 Célzott Forgalom Generálása (R1C1_C) | Period: 7.0775
Found 6 valid OD pairs for R1C1_C
Generating focused traffic: Period 7.0775s
[INFO] Subscriptions active: 6 (libsumo, fast mode)
[INFO] Episode duration: 1800s (30 min)

[DEBUG] 🎯 Célzott Forgalom Generálása (R1C1_C) | Period: 7.4031
Found 6 valid OD pairs for R1C1_C
Generating focused traffic: Period 7.4031s
[INFO] Subscriptions active: 6 (libsumo, fast mode)
[INFO] Episode duration: 2700s (45 min)

[DEBUG] 🎯 Célzott Forgalom Generálása (R1C1_C) | Period: 6.0564
Found 6 valid OD pairs for R1C1_C
Generating focused traffic: Period 6.0564s
[INFO] Subscriptions active: 6 (libsumo, fast mode)
[INFO] Episode duration: 900s (15 min)

[DEBUG] 🎯 Célzott Forgalom Generálása (R1C1_C) | Period: 6.4606
Found 6 valid OD pairs for R1C1_C
Generating focused traffic: Period 6.4606s
[INFO] Subscriptions active: 6 (libsumo, fast mode)
[INFO] Episode duration: 3600s (60 min)

[DEBUG] 🎯 Célzott Forgalom Generálása (R1C1_C) | Period: 4.2875
Found 6 valid OD pairs for R1C1_C
Generating focused traffic: Period 4.2875s
[INFO] Subscriptions active: 6 (libsumo, fast mode)
[INFO] Episode duration: 2700s (45 min)

[DEBUG] 🎯 Célzott Forgalom Generálása (R1C1_C) | Period: 6.2896
Found 6 valid OD pairs for R1C1_C
Generating focused traffic: Period 6.2896s
[INFO] Subscriptions active: 6 (libsumo, fast mode)
[INFO] Episode duration: 900s (15 min)

[DEBUG] 🎯 Célzott Forgalom Generálása (R1C1_C) | Period: 6.4854
Found 6 valid OD pairs for R1C1_C
Generating focused traffic: Period 6.4854s
[INFO] Subscriptions active: 6 (libsumo, fast mode)
[INFO] Episode duration: 1800s (30 min)

[DEBUG] 🎯 Célzott Forgalom Generálása (R1C1_C) | Period: 5.4687
Found 6 valid OD pairs for R1C1_C
Generating focused traffic: Period 5.4687s
[INFO] Subscriptions active: 6 (libsumo, fast mode)
[INFO] Episode duration: 3600s (60 min)

[DEBUG] 🎯 Célzott Forgalom Generálása (R1C1_C) | Period: 6.5948
Found 6 valid OD pairs for R1C1_C
Generating focused traffic: Period 6.5948s
[INFO] Subscriptions active: 6 (libsumo, fast mode)
[INFO] Episode duration: 900s (15 min)

[DEBUG] 🎯 Célzott Forgalom Generálása (R1C1_C) | Period: 5.6829
Found 6 valid OD pairs for R1C1_C
Generating focused traffic: Period 5.6829s
[INFO] Subscriptions active: 6 (libsumo, fast mode)
[INFO] Episode duration: 1800s (30 min)

[DEBUG] 🎯 Célzott Forgalom Generálása (R1C1_C) | Period: 7.245
Found 6 valid OD pairs for R1C1_C
Generating focused traffic: Period 7.2450s
[INFO] Subscriptions active: 6 (libsumo, fast mode)
[INFO] Episode duration: 1800s (30 min)

[DEBUG] 🎯 Célzott Forgalom Generálása (R1C1_C) | Period: 5.6812
Found 6 valid OD pairs for R1C1_C
Generating focused traffic: Period 5.6812s
[INFO] Subscriptions active: 6 (libsumo, fast mode)
[INFO] Episode duration: 3600s (60 min)

[DEBUG] 🎯 Célzott Forgalom Generálása (R1C1_C) | Period: 4.5613
Found 6 valid OD pairs for R1C1_C
Generating focused traffic: Period 4.5613s
[INFO] Subscriptions active: 6 (libsumo, fast mode)
[INFO] Episode duration: 3600s (60 min)

[DEBUG] 🎯 Célzott Forgalom Generálása (R1C1_C) | Period: 7.0944
Found 6 valid OD pairs for R1C1_C
Generating focused traffic: Period 7.0944s
[INFO] Subscriptions active: 6 (libsumo, fast mode)
[INFO] Episode duration: 1800s (30 min)

[DEBUG] 🎯 Célzott Forgalom Generálása (R1C1_C) | Period: 4.9318
Found 6 valid OD pairs for R1C1_C
Generating focused traffic: Period 4.9318s
[INFO] Subscriptions active: 6 (libsumo, fast mode)
[INFO] Episode duration: 2700s (45 min)

[DEBUG] 🎯 Célzott Forgalom Generálása (R1C1_C) | Period: 5.4465
Found 6 valid OD pairs for R1C1_C
Generating focused traffic: Period 5.4465s
[INFO] Subscriptions active: 6 (libsumo, fast mode)
[INFO] Episode duration: 1800s (30 min)

[DEBUG] 🎯 Célzott Forgalom Generálása (R1C1_C) | Period: 5.3058
Found 6 valid OD pairs for R1C1_C
Generating focused traffic: Period 5.3058s
[INFO] Subscriptions active: 6 (libsumo, fast mode)
[INFO] Episode duration: 900s (15 min)

[DEBUG] 🎯 Célzott Forgalom Generálása (R1C1_C) | Period: 5.588
Found 6 valid OD pairs for R1C1_C
Generating focused traffic: Period 5.5880s
[INFO] Subscriptions active: 6 (libsumo, fast mode)
[INFO] Episode duration: 900s (15 min)

[DEBUG] 🎯 Célzott Forgalom Generálása (R1C1_C) | Period: 7.2296
Found 6 valid OD pairs for R1C1_C
Generating focused traffic: Period 7.2296s
[INFO] Subscriptions active: 6 (libsumo, fast mode)
[INFO] Episode duration: 2700s (45 min)

[DEBUG] 🎯 Célzott Forgalom Generálása (R1C1_C) | Period: 7.8935
Found 6 valid OD pairs for R1C1_C
Generating focused traffic: Period 7.8935s
[INFO] Subscriptions active: 6 (libsumo, fast mode)
[INFO] Episode duration: 2700s (45 min)

[DEBUG] 🎯 Célzott Forgalom Generálása (R1C1_C) | Period: 4.8341
Found 6 valid OD pairs for R1C1_C
Generating focused traffic: Period 4.8341s
[INFO] Subscriptions active: 6 (libsumo, fast mode)
[INFO] Episode duration: 2700s (45 min)

[DEBUG] 🎯 Célzott Forgalom Generálása (R1C1_C) | Period: 5.9767
Found 6 valid OD pairs for R1C1_C
Generating focused traffic: Period 5.9767s
[INFO] Subscriptions active: 6 (libsumo, fast mode)
[INFO] Episode duration: 900s (15 min)

[DEBUG] 🎯 Célzott Forgalom Generálása (R1C1_C) | Period: 6.4393
Found 6 valid OD pairs for R1C1_C
Generating focused traffic: Period 6.4393s
[INFO] Subscriptions active: 6 (libsumo, fast mode)
[INFO] Episode duration: 2700s (45 min)

[DEBUG] 🎯 Célzott Forgalom Generálása (R1C1_C) | Period: 5.5405
Found 6 valid OD pairs for R1C1_C
Generating focused traffic: Period 5.5405s
[INFO] Subscriptions active: 6 (libsumo, fast mode)
[INFO] Episode duration: 3600s (60 min)

[DEBUG] 🎯 Célzott Forgalom Generálása (R1C1_C) | Period: 4.9518
Found 6 valid OD pairs for R1C1_C
Generating focused traffic: Period 4.9518s
[INFO] Subscriptions active: 6 (libsumo, fast mode)
[INFO] Episode duration: 2700s (45 min)

[DEBUG] 🎯 Célzott Forgalom Generálása (R1C1_C) | Period: 5.2745
Found 6 valid OD pairs for R1C1_C
Generating focused traffic: Period 5.2745s
[INFO] Subscriptions active: 6 (libsumo, fast mode)
[INFO] Episode duration: 900s (15 min)

[DEBUG] 🎯 Célzott Forgalom Generálása (R1C1_C) | Period: 4.6077
Found 6 valid OD pairs for R1C1_C
Generating focused traffic: Period 4.6077s
[INFO] Subscriptions active: 6 (libsumo, fast mode)
[INFO] Episode duration: 1800s (30 min)

[DEBUG] 🎯 Célzott Forgalom Generálása (R1C1_C) | Period: 5.4432
Found 6 valid OD pairs for R1C1_C
Generating focused traffic: Period 5.4432s
[INFO] Subscriptions active: 6 (libsumo, fast mode)
[INFO] Episode duration: 1800s (30 min)

[DEBUG] 🎯 Célzott Forgalom Generálása (R1C1_C) | Period: 4.9882
Found 6 valid OD pairs for R1C1_C
Generating focused traffic: Period 4.9882s
[INFO] Subscriptions active: 6 (libsumo, fast mode)
[INFO] Episode duration: 900s (15 min)

[DEBUG] 🎯 Célzott Forgalom Generálása (R1C1_C) | Period: 5.8989
Found 6 valid OD pairs for R1C1_C
Generating focused traffic: Period 5.8989s
[INFO] Subscriptions active: 6 (libsumo, fast mode)
[INFO] Episode duration: 3600s (60 min)

[DEBUG] 🎯 Célzott Forgalom Generálása (R1C1_C) | Period: 5.9972
Found 6 valid OD pairs for R1C1_C
Generating focused traffic: Period 5.9972s
[INFO] Subscriptions active: 6 (libsumo, fast mode)
[INFO] Episode duration: 1800s (30 min)

[DEBUG] 🎯 Célzott Forgalom Generálása (R1C1_C) | Period: 6.9066
Found 6 valid OD pairs for R1C1_C
Generating focused traffic: Period 6.9066s
[INFO] Subscriptions active: 6 (libsumo, fast mode)
[INFO] Episode duration: 1800s (30 min)

[DEBUG] 🎯 Célzott Forgalom Generálása (R1C1_C) | Period: 6.4674
Found 6 valid OD pairs for R1C1_C
Generating focused traffic: Period 6.4674s
[INFO] Subscriptions active: 6 (libsumo, fast mode)
[INFO] Episode duration: 3600s (60 min)

[DEBUG] 🎯 Célzott Forgalom Generálása (R1C1_C) | Period: 5.3151
Found 6 valid OD pairs for R1C1_C
Generating focused traffic: Period 5.3151s
[INFO] Subscriptions active: 6 (libsumo, fast mode)
[INFO] Episode duration: 2700s (45 min)

[DEBUG] 🎯 Célzott Forgalom Generálása (R1C1_C) | Period: 5.5134
Found 6 valid OD pairs for R1C1_C
Generating focused traffic: Period 5.5134s
[INFO] Subscriptions active: 6 (libsumo, fast mode)
[INFO] Episode duration: 1800s (30 min)

[DEBUG] 🎯 Célzott Forgalom Generálása (R1C1_C) | Period: 6.2044
Found 6 valid OD pairs for R1C1_C
Generating focused traffic: Period 6.2044s
[INFO] Subscriptions active: 6 (libsumo, fast mode)
[INFO] Episode duration: 2700s (45 min)

[DEBUG] 🎯 Célzott Forgalom Generálása (R1C1_C) | Period: 6.8436
Found 6 valid OD pairs for R1C1_C
Generating focused traffic: Period 6.8436s
[INFO] Subscriptions active: 6 (libsumo, fast mode)
[INFO] Episode duration: 2700s (45 min)

[DEBUG] 🎯 Célzott Forgalom Generálása (R1C1_C) | Period: 4.1497
Found 6 valid OD pairs for R1C1_C
Generating focused traffic: Period 4.1497s
[INFO] Subscriptions active: 6 (libsumo, fast mode)
[INFO] Episode duration: 1800s (30 min)

[DEBUG] 🎯 Célzott Forgalom Generálása (R1C1_C) | Period: 4.3017
Found 6 valid OD pairs for R1C1_C
Generating focused traffic: Period 4.3017s
[INFO] Subscriptions active: 6 (libsumo, fast mode)
[INFO] Episode duration: 1800s (30 min)

[DEBUG] 🎯 Célzott Forgalom Generálása (R1C1_C) | Period: 7.1208
Found 6 valid OD pairs for R1C1_C
Generating focused traffic: Period 7.1208s
[INFO] Subscriptions active: 6 (libsumo, fast mode)
------------------------------------
| rollout/              |          |
|    ep_len_mean        | 448      |
|    ep_rew_mean        | 69.8     |
| time/                 |          |
|    fps                | 180      |
|    iterations         | 10       |
|    time_elapsed       | 113      |
|    total_timesteps    | 20480    |
| train/                |          |
|    entropy_loss       | -1.39    |
|    explained_variance | -0.013   |
|    learning_rate      | 0.0001   |
|    n_updates          | 9        |
|    policy_loss        | 13.9     |
|    value_loss         | 117      |
------------------------------------
[INFO] Episode duration: 3600s (60 min)

[DEBUG] 🎯 Célzott Forgalom Generálása (R1C1_C) | Period: 5.8985
Found 6 valid OD pairs for R1C1_C
Generating focused traffic: Period 5.8985s
[INFO] Subscriptions active: 6 (libsumo, fast mode)
[INFO] Episode duration: 1800s (30 min)

[DEBUG] 🎯 Célzott Forgalom Generálása (R1C1_C) | Period: 6.8427
Found 6 valid OD pairs for R1C1_C
Generating focused traffic: Period 6.8427s
[INFO] Subscriptions active: 6 (libsumo, fast mode)
[INFO] Episode duration: 2700s (45 min)

[DEBUG] 🎯 Célzott Forgalom Generálása (R1C1_C) | Period: 5.714
Found 6 valid OD pairs for R1C1_C
Generating focused traffic: Period 5.7140s
[INFO] Subscriptions active: 6 (libsumo, fast mode)
[INFO] Episode duration: 1800s (30 min)

[DEBUG] 🎯 Célzott Forgalom Generálása (R1C1_C) | Period: 5.2411
Found 6 valid OD pairs for R1C1_C
Generating focused traffic: Period 5.2411s
[INFO] Subscriptions active: 6 (libsumo, fast mode)
[INFO] Episode duration: 900s (15 min)

[DEBUG] 🎯 Célzott Forgalom Generálása (R1C1_C) | Period: 5.4527
Found 6 valid OD pairs for R1C1_C
Generating focused traffic: Period 5.4527s
[INFO] Subscriptions active: 6 (libsumo, fast mode)
[INFO] Episode duration: 900s (15 min)

[DEBUG] 🎯 Célzott Forgalom Generálása (R1C1_C) | Period: 4.3994
Found 6 valid OD pairs for R1C1_C
Generating focused traffic: Period 4.3994s
[INFO] Subscriptions active: 6 (libsumo, fast mode)
[INFO] Episode duration: 2700s (45 min)

[DEBUG] 🎯 Célzott Forgalom Generálása (R1C1_C) | Period: 7.8013
Found 6 valid OD pairs for R1C1_C
Generating focused traffic: Period 7.8013s
[INFO] Subscriptions active: 6 (libsumo, fast mode)
[INFO] Episode duration: 900s (15 min)

[DEBUG] 🎯 Célzott Forgalom Generálása (R1C1_C) | Period: 6.9775
Found 6 valid OD pairs for R1C1_C
Generating focused traffic: Period 6.9775s
[INFO] Subscriptions active: 6 (libsumo, fast mode)
[INFO] Episode duration: 1800s (30 min)

[DEBUG] 🎯 Célzott Forgalom Generálása (R1C1_C) | Period: 4.3702
Found 6 valid OD pairs for R1C1_C
Generating focused traffic: Period 4.3702s
[INFO] Subscriptions active: 6 (libsumo, fast mode)
[INFO] Episode duration: 900s (15 min)

[DEBUG] 🎯 Célzott Forgalom Generálása (R1C1_C) | Period: 6.1103
Found 6 valid OD pairs for R1C1_C
Generating focused traffic: Period 6.1103s
[INFO] Subscriptions active: 6 (libsumo, fast mode)
[INFO] Episode duration: 1800s (30 min)

[DEBUG] 🎯 Célzott Forgalom Generálása (R1C1_C) | Period: 4.7884
Found 6 valid OD pairs for R1C1_C
Generating focused traffic: Period 4.7884s
[INFO] Subscriptions active: 6 (libsumo, fast mode)
[INFO] Episode duration: 1800s (30 min)

[DEBUG] 🎯 Célzott Forgalom Generálása (R1C1_C) | Period: 7.8543
Found 6 valid OD pairs for R1C1_C
Generating focused traffic: Period 7.8543s
[INFO] Subscriptions active: 6 (libsumo, fast mode)
[INFO] Episode duration: 2700s (45 min)

[DEBUG] 🎯 Célzott Forgalom Generálása (R1C1_C) | Period: 5.3475
Found 6 valid OD pairs for R1C1_C
Generating focused traffic: Period 5.3475s
[INFO] Subscriptions active: 6 (libsumo, fast mode)
[INFO] Episode duration: 900s (15 min)

[DEBUG] 🎯 Célzott Forgalom Generálása (R1C1_C) | Period: 6.1706
Found 6 valid OD pairs for R1C1_C
Generating focused traffic: Period 6.1706s
[INFO] Subscriptions active: 6 (libsumo, fast mode)
[INFO] Episode duration: 900s (15 min)

[DEBUG] 🎯 Célzott Forgalom Generálása (R1C1_C) | Period: 5.7433
Found 6 valid OD pairs for R1C1_C
Generating focused traffic: Period 5.7433s
[INFO] Subscriptions active: 6 (libsumo, fast mode)
[INFO] Episode duration: 3600s (60 min)

[DEBUG] 🎯 Célzott Forgalom Generálása (R1C1_C) | Period: 4.3164
Found 6 valid OD pairs for R1C1_C
Generating focused traffic: Period 4.3164s
[INFO] Subscriptions active: 6 (libsumo, fast mode)
[INFO] Episode duration: 3600s (60 min)

[DEBUG] 🎯 Célzott Forgalom Generálása (R1C1_C) | Period: 6.2522
Found 6 valid OD pairs for R1C1_C
Generating focused traffic: Period 6.2522s
[INFO] Subscriptions active: 6 (libsumo, fast mode)
[INFO] Episode duration: 900s (15 min)

[DEBUG] 🎯 Célzott Forgalom Generálása (R1C1_C) | Period: 4.7966
Found 6 valid OD pairs for R1C1_C
Generating focused traffic: Period 4.7966s
[INFO] Subscriptions active: 6 (libsumo, fast mode)
[INFO] Episode duration: 2700s (45 min)

[DEBUG] 🎯 Célzott Forgalom Generálása (R1C1_C) | Period: 5.1472
Found 6 valid OD pairs for R1C1_C
Generating focused traffic: Period 5.1472s
[INFO] Subscriptions active: 6 (libsumo, fast mode)
[INFO] Episode duration: 2700s (45 min)

[DEBUG] 🎯 Célzott Forgalom Generálása (R1C1_C) | Period: 7.887
Found 6 valid OD pairs for R1C1_C
Generating focused traffic: Period 7.8870s
[INFO] Subscriptions active: 6 (libsumo, fast mode)
[INFO] Episode duration: 900s (15 min)

[DEBUG] 🎯 Célzott Forgalom Generálása (R1C1_C) | Period: 4.033
Found 6 valid OD pairs for R1C1_C
Generating focused traffic: Period 4.0330s
[INFO] Subscriptions active: 6 (libsumo, fast mode)
[INFO] Episode duration: 900s (15 min)

[DEBUG] 🎯 Célzott Forgalom Generálása (R1C1_C) | Period: 7.16
Found 6 valid OD pairs for R1C1_C
Generating focused traffic: Period 7.1600s
[INFO] Subscriptions active: 6 (libsumo, fast mode)
[INFO] Episode duration: 1800s (30 min)

[DEBUG] 🎯 Célzott Forgalom Generálása (R1C1_C) | Period: 6.0235
Found 6 valid OD pairs for R1C1_C
Generating focused traffic: Period 6.0235s
[INFO] Subscriptions active: 6 (libsumo, fast mode)
[INFO] Episode duration: 900s (15 min)

[DEBUG] 🎯 Célzott Forgalom Generálása (R1C1_C) | Period: 4.5546
Found 6 valid OD pairs for R1C1_C
Generating focused traffic: Period 4.5546s
[INFO] Subscriptions active: 6 (libsumo, fast mode)
[INFO] Episode duration: 2700s (45 min)

[DEBUG] 🎯 Célzott Forgalom Generálása (R1C1_C) | Period: 6.1655
Found 6 valid OD pairs for R1C1_C
Generating focused traffic: Period 6.1655s
[INFO] Subscriptions active: 6 (libsumo, fast mode)
[INFO] Episode duration: 2700s (45 min)

[DEBUG] 🎯 Célzott Forgalom Generálása (R1C1_C) | Period: 7.2659
Found 6 valid OD pairs for R1C1_C
Generating focused traffic: Period 7.2659s
[INFO] Subscriptions active: 6 (libsumo, fast mode)
[INFO] Episode duration: 3600s (60 min)

[DEBUG] 🎯 Célzott Forgalom Generálása (R1C1_C) | Period: 5.7416
Found 6 valid OD pairs for R1C1_C
Generating focused traffic: Period 5.7416s
[INFO] Subscriptions active: 6 (libsumo, fast mode)
[INFO] Episode duration: 3600s (60 min)

[DEBUG] 🎯 Célzott Forgalom Generálása (R1C1_C) | Period: 7.092
Found 6 valid OD pairs for R1C1_C
Generating focused traffic: Period 7.0920s
[INFO] Subscriptions active: 6 (libsumo, fast mode)
[INFO] Episode duration: 3600s (60 min)

[DEBUG] 🎯 Célzott Forgalom Generálása (R1C1_C) | Period: 5.036
Found 6 valid OD pairs for R1C1_C
Generating focused traffic: Period 5.0360s
[INFO] Subscriptions active: 6 (libsumo, fast mode)
[INFO] Episode duration: 1800s (30 min)

[DEBUG] 🎯 Célzott Forgalom Generálása (R1C1_C) | Period: 5.5111
Found 6 valid OD pairs for R1C1_C
Generating focused traffic: Period 5.5111s
[INFO] Subscriptions active: 6 (libsumo, fast mode)
[INFO] Episode duration: 2700s (45 min)

[DEBUG] 🎯 Célzott Forgalom Generálása (R1C1_C) | Period: 5.8516
Found 6 valid OD pairs for R1C1_C
Generating focused traffic: Period 5.8516s
[INFO] Subscriptions active: 6 (libsumo, fast mode)
[INFO] Episode duration: 900s (15 min)

[DEBUG] 🎯 Célzott Forgalom Generálása (R1C1_C) | Period: 7.4442
Found 6 valid OD pairs for R1C1_C
Generating focused traffic: Period 7.4442s
[INFO] Subscriptions active: 6 (libsumo, fast mode)
[INFO] Episode duration: 2700s (45 min)

[DEBUG] 🎯 Célzott Forgalom Generálása (R1C1_C) | Period: 5.1426
Found 6 valid OD pairs for R1C1_C
Generating focused traffic: Period 5.1426s
[INFO] Subscriptions active: 6 (libsumo, fast mode)
[INFO] Episode duration: 900s (15 min)

[DEBUG] 🎯 Célzott Forgalom Generálása (R1C1_C) | Period: 5.7078
Found 6 valid OD pairs for R1C1_C
Generating focused traffic: Period 5.7078s
[INFO] Subscriptions active: 6 (libsumo, fast mode)
[INFO] Episode duration: 900s (15 min)

[DEBUG] 🎯 Célzott Forgalom Generálása (R1C1_C) | Period: 5.9877
Found 6 valid OD pairs for R1C1_C
Generating focused traffic: Period 5.9877s
[INFO] Subscriptions active: 6 (libsumo, fast mode)
[INFO] Episode duration: 1800s (30 min)

[DEBUG] 🎯 Célzott Forgalom Generálása (R1C1_C) | Period: 5.5915
Found 6 valid OD pairs for R1C1_C
Generating focused traffic: Period 5.5915s
[INFO] Subscriptions active: 6 (libsumo, fast mode)
[INFO] Episode duration: 1800s (30 min)

[DEBUG] 🎯 Célzott Forgalom Generálása (R1C1_C) | Period: 7.7729
Found 6 valid OD pairs for R1C1_C
Generating focused traffic: Period 7.7729s
[INFO] Subscriptions active: 6 (libsumo, fast mode)
[INFO] Episode duration: 3600s (60 min)

[DEBUG] 🎯 Célzott Forgalom Generálása (R1C1_C) | Period: 6.3204
Found 6 valid OD pairs for R1C1_C
Generating focused traffic: Period 6.3204s
[INFO] Subscriptions active: 6 (libsumo, fast mode)
[INFO] Episode duration: 3600s (60 min)

[DEBUG] 🎯 Célzott Forgalom Generálása (R1C1_C) | Period: 7.1796
Found 6 valid OD pairs for R1C1_C
Generating focused traffic: Period 7.1796s
[INFO] Subscriptions active: 6 (libsumo, fast mode)
[INFO] Episode duration: 3600s (60 min)

[DEBUG] 🎯 Célzott Forgalom Generálása (R1C1_C) | Period: 7.0576
Found 6 valid OD pairs for R1C1_C
Generating focused traffic: Period 7.0576s
[INFO] Subscriptions active: 6 (libsumo, fast mode)
[INFO] Episode duration: 3600s (60 min)

[DEBUG] 🎯 Célzott Forgalom Generálása (R1C1_C) | Period: 5.1969
Found 6 valid OD pairs for R1C1_C
Generating focused traffic: Period 5.1969s
[INFO] Subscriptions active: 6 (libsumo, fast mode)
[INFO] Episode duration: 3600s (60 min)

[DEBUG] 🎯 Célzott Forgalom Generálása (R1C1_C) | Period: 6.2433
Found 6 valid OD pairs for R1C1_C
Generating focused traffic: Period 6.2433s
[INFO] Subscriptions active: 6 (libsumo, fast mode)
[INFO] Episode duration: 900s (15 min)

[DEBUG] 🎯 Célzott Forgalom Generálása (R1C1_C) | Period: 5.0078
Found 6 valid OD pairs for R1C1_C
Generating focused traffic: Period 5.0078s
[INFO] Subscriptions active: 6 (libsumo, fast mode)
[INFO] Episode duration: 2700s (45 min)

[DEBUG] 🎯 Célzott Forgalom Generálása (R1C1_C) | Period: 7.1654
Found 6 valid OD pairs for R1C1_C
Generating focused traffic: Period 7.1654s
[INFO] Subscriptions active: 6 (libsumo, fast mode)
[INFO] Episode duration: 2700s (45 min)

[DEBUG] 🎯 Célzott Forgalom Generálása (R1C1_C) | Period: 5.853
Found 6 valid OD pairs for R1C1_C
Generating focused traffic: Period 5.8530s
[INFO] Subscriptions active: 6 (libsumo, fast mode)
[INFO] Episode duration: 1800s (30 min)

[DEBUG] 🎯 Célzott Forgalom Generálása (R1C1_C) | Period: 5.1114
Found 6 valid OD pairs for R1C1_C
Generating focused traffic: Period 5.1114s
[INFO] Subscriptions active: 6 (libsumo, fast mode)
[INFO] Episode duration: 2700s (45 min)

[DEBUG] 🎯 Célzott Forgalom Generálása (R1C1_C) | Period: 4.9321
Found 6 valid OD pairs for R1C1_C
Generating focused traffic: Period 4.9321s
[INFO] Subscriptions active: 6 (libsumo, fast mode)
------------------------------------
| rollout/              |          |
|    ep_len_mean        | 440      |
|    ep_rew_mean        | 69.8     |
| time/                 |          |
|    fps                | 180      |
|    iterations         | 20       |
|    time_elapsed       | 226      |
|    total_timesteps    | 40960    |
| train/                |          |
|    entropy_loss       | -1.39    |
|    explained_variance | -0.00527 |
|    learning_rate      | 0.0001   |
|    n_updates          | 19       |
|    policy_loss        | 18.6     |
|    value_loss         | 212      |
------------------------------------
[INFO] Episode duration: 2700s (45 min)

[DEBUG] 🎯 Célzott Forgalom Generálása (R1C1_C) | Period: 6.3363
Found 6 valid OD pairs for R1C1_C
Generating focused traffic: Period 6.3363s
[INFO] Subscriptions active: 6 (libsumo, fast mode)
[INFO] Episode duration: 2700s (45 min)

[DEBUG] 🎯 Célzott Forgalom Generálása (R1C1_C) | Period: 6.4105
Found 6 valid OD pairs for R1C1_C
Generating focused traffic: Period 6.4105s
[INFO] Subscriptions active: 6 (libsumo, fast mode)
[INFO] Episode duration: 3600s (60 min)

[DEBUG] 🎯 Célzott Forgalom Generálása (R1C1_C) | Period: 7.5097
Found 6 valid OD pairs for R1C1_C
Generating focused traffic: Period 7.5097s
[INFO] Subscriptions active: 6 (libsumo, fast mode)
[INFO] Episode duration: 2700s (45 min)

[DEBUG] 🎯 Célzott Forgalom Generálása (R1C1_C) | Period: 7.1025
Found 6 valid OD pairs for R1C1_C
Generating focused traffic: Period 7.1025s
[INFO] Subscriptions active: 6 (libsumo, fast mode)
[INFO] Episode duration: 900s (15 min)

[DEBUG] 🎯 Célzott Forgalom Generálása (R1C1_C) | Period: 4.9475
Found 6 valid OD pairs for R1C1_C
Generating focused traffic: Period 4.9475s
[INFO] Subscriptions active: 6 (libsumo, fast mode)
[INFO] Episode duration: 900s (15 min)

[DEBUG] 🎯 Célzott Forgalom Generálása (R1C1_C) | Period: 4.8877
Found 6 valid OD pairs for R1C1_C
Generating focused traffic: Period 4.8877s
[INFO] Subscriptions active: 6 (libsumo, fast mode)
[INFO] Episode duration: 900s (15 min)

[DEBUG] 🎯 Célzott Forgalom Generálása (R1C1_C) | Period: 6.0953
Found 6 valid OD pairs for R1C1_C
Generating focused traffic: Period 6.0953s
[INFO] Subscriptions active: 6 (libsumo, fast mode)
[INFO] Episode duration: 900s (15 min)

[DEBUG] 🎯 Célzott Forgalom Generálása (R1C1_C) | Period: 7.724
Found 6 valid OD pairs for R1C1_C
Generating focused traffic: Period 7.7240s
[INFO] Subscriptions active: 6 (libsumo, fast mode)
[INFO] Episode duration: 900s (15 min)

[DEBUG] 🎯 Célzott Forgalom Generálása (R1C1_C) | Period: 6.842
Found 6 valid OD pairs for R1C1_C
Generating focused traffic: Period 6.8420s
[INFO] Subscriptions active: 6 (libsumo, fast mode)
[INFO] Episode duration: 1800s (30 min)

[DEBUG] 🎯 Célzott Forgalom Generálása (R1C1_C) | Period: 4.2544
Found 6 valid OD pairs for R1C1_C
Generating focused traffic: Period 4.2544s
[INFO] Subscriptions active: 6 (libsumo, fast mode)
[INFO] Episode duration: 2700s (45 min)

[DEBUG] 🎯 Célzott Forgalom Generálása (R1C1_C) | Period: 7.2562
Found 6 valid OD pairs for R1C1_C
Generating focused traffic: Period 7.2562s
[INFO] Subscriptions active: 6 (libsumo, fast mode)
[INFO] Episode duration: 1800s (30 min)

[DEBUG] 🎯 Célzott Forgalom Generálása (R1C1_C) | Period: 7.2496
Found 6 valid OD pairs for R1C1_C
Generating focused traffic: Period 7.2496s
[INFO] Subscriptions active: 6 (libsumo, fast mode)
[INFO] Episode duration: 900s (15 min)

[DEBUG] 🎯 Célzott Forgalom Generálása (R1C1_C) | Period: 6.0192
Found 6 valid OD pairs for R1C1_C
Generating focused traffic: Period 6.0192s
[INFO] Subscriptions active: 6 (libsumo, fast mode)
[INFO] Episode duration: 1800s (30 min)

[DEBUG] 🎯 Célzott Forgalom Generálása (R1C1_C) | Period: 5.9209
Found 6 valid OD pairs for R1C1_C
Generating focused traffic: Period 5.9209s
[INFO] Subscriptions active: 6 (libsumo, fast mode)
[INFO] Episode duration: 900s (15 min)

[DEBUG] 🎯 Célzott Forgalom Generálása (R1C1_C) | Period: 5.2168
Found 6 valid OD pairs for R1C1_C
Generating focused traffic: Period 5.2168s
[INFO] Subscriptions active: 6 (libsumo, fast mode)
[INFO] Episode duration: 1800s (30 min)

[DEBUG] 🎯 Célzott Forgalom Generálása (R1C1_C) | Period: 6.7482
Found 6 valid OD pairs for R1C1_C
Generating focused traffic: Period 6.7482s
[INFO] Subscriptions active: 6 (libsumo, fast mode)
[INFO] Episode duration: 1800s (30 min)

[DEBUG] 🎯 Célzott Forgalom Generálása (R1C1_C) | Period: 5.5197
Found 6 valid OD pairs for R1C1_C
Generating focused traffic: Period 5.5197s
[INFO] Subscriptions active: 6 (libsumo, fast mode)
[INFO] Episode duration: 1800s (30 min)

[DEBUG] 🎯 Célzott Forgalom Generálása (R1C1_C) | Period: 7.5208
Found 6 valid OD pairs for R1C1_C
Generating focused traffic: Period 7.5208s
[INFO] Subscriptions active: 6 (libsumo, fast mode)
[INFO] Episode duration: 1800s (30 min)

[DEBUG] 🎯 Célzott Forgalom Generálása (R1C1_C) | Period: 5.358
Found 6 valid OD pairs for R1C1_C
Generating focused traffic: Period 5.3580s
[INFO] Subscriptions active: 6 (libsumo, fast mode)
[INFO] Episode duration: 3600s (60 min)

[DEBUG] 🎯 Célzott Forgalom Generálása (R1C1_C) | Period: 4.0822
Found 6 valid OD pairs for R1C1_C
Generating focused traffic: Period 4.0822s
[INFO] Subscriptions active: 6 (libsumo, fast mode)
[INFO] Episode duration: 2700s (45 min)

[DEBUG] 🎯 Célzott Forgalom Generálása (R1C1_C) | Period: 4.5674
Found 6 valid OD pairs for R1C1_C
Generating focused traffic: Period 4.5674s
[INFO] Subscriptions active: 6 (libsumo, fast mode)
[INFO] Episode duration: 2700s (45 min)

[DEBUG] 🎯 Célzott Forgalom Generálása (R1C1_C) | Period: 5.1521
Found 6 valid OD pairs for R1C1_C
Generating focused traffic: Period 5.1521s
[INFO] Subscriptions active: 6 (libsumo, fast mode)
[INFO] Episode duration: 1800s (30 min)

[DEBUG] 🎯 Célzott Forgalom Generálása (R1C1_C) | Period: 4.0658
Found 6 valid OD pairs for R1C1_C
Generating focused traffic: Period 4.0658s
[INFO] Subscriptions active: 6 (libsumo, fast mode)
[INFO] Episode duration: 1800s (30 min)

[DEBUG] 🎯 Célzott Forgalom Generálása (R1C1_C) | Period: 4.9106
Found 6 valid OD pairs for R1C1_C
Generating focused traffic: Period 4.9106s
[INFO] Subscriptions active: 6 (libsumo, fast mode)
[INFO] Episode duration: 3600s (60 min)

[DEBUG] 🎯 Célzott Forgalom Generálása (R1C1_C) | Period: 6.2077
Found 6 valid OD pairs for R1C1_C
Generating focused traffic: Period 6.2077s
[INFO] Subscriptions active: 6 (libsumo, fast mode)
[INFO] Episode duration: 2700s (45 min)

[DEBUG] 🎯 Célzott Forgalom Generálása (R1C1_C) | Period: 5.4143
Found 6 valid OD pairs for R1C1_C
Generating focused traffic: Period 5.4143s
[INFO] Subscriptions active: 6 (libsumo, fast mode)
[INFO] Episode duration: 2700s (45 min)

[DEBUG] 🎯 Célzott Forgalom Generálása (R1C1_C) | Period: 5.3089
Found 6 valid OD pairs for R1C1_C
Generating focused traffic: Period 5.3089s
[INFO] Subscriptions active: 6 (libsumo, fast mode)
[INFO] Episode duration: 900s (15 min)

[DEBUG] 🎯 Célzott Forgalom Generálása (R1C1_C) | Period: 7.0435
Found 6 valid OD pairs for R1C1_C
Generating focused traffic: Period 7.0435s
[INFO] Subscriptions active: 6 (libsumo, fast mode)
[INFO] Episode duration: 1800s (30 min)

[DEBUG] 🎯 Célzott Forgalom Generálása (R1C1_C) | Period: 6.9039
Found 6 valid OD pairs for R1C1_C
Generating focused traffic: Period 6.9039s
[INFO] Subscriptions active: 6 (libsumo, fast mode)
[INFO] Episode duration: 3600s (60 min)

[DEBUG] 🎯 Célzott Forgalom Generálása (R1C1_C) | Period: 6.4607
Found 6 valid OD pairs for R1C1_C
Generating focused traffic: Period 6.4607s
[INFO] Subscriptions active: 6 (libsumo, fast mode)
[INFO] Episode duration: 3600s (60 min)

[DEBUG] 🎯 Célzott Forgalom Generálása (R1C1_C) | Period: 4.1856
Found 6 valid OD pairs for R1C1_C
Generating focused traffic: Period 4.1856s
[INFO] Subscriptions active: 6 (libsumo, fast mode)
[INFO] Episode duration: 1800s (30 min)

[DEBUG] 🎯 Célzott Forgalom Generálása (R1C1_C) | Period: 6.8695
Found 6 valid OD pairs for R1C1_C
Generating focused traffic: Period 6.8695s
[INFO] Subscriptions active: 6 (libsumo, fast mode)
[INFO] Episode duration: 3600s (60 min)

[DEBUG] 🎯 Célzott Forgalom Generálása (R1C1_C) | Period: 5.9952
Found 6 valid OD pairs for R1C1_C
Generating focused traffic: Period 5.9952s
[INFO] Subscriptions active: 6 (libsumo, fast mode)
[INFO] Episode duration: 2700s (45 min)

[DEBUG] 🎯 Célzott Forgalom Generálása (R1C1_C) | Period: 5.6267
Found 6 valid OD pairs for R1C1_C
Generating focused traffic: Period 5.6267s
[INFO] Subscriptions active: 6 (libsumo, fast mode)
[INFO] Episode duration: 2700s (45 min)

[DEBUG] 🎯 Célzott Forgalom Generálása (R1C1_C) | Period: 6.1182
Found 6 valid OD pairs for R1C1_C
Generating focused traffic: Period 6.1182s
[INFO] Subscriptions active: 6 (libsumo, fast mode)
[INFO] Episode duration: 2700s (45 min)

[DEBUG] 🎯 Célzott Forgalom Generálása (R1C1_C) | Period: 6.9995
Found 6 valid OD pairs for R1C1_C
Generating focused traffic: Period 6.9995s
[INFO] Subscriptions active: 6 (libsumo, fast mode)
[INFO] Episode duration: 2700s (45 min)

[DEBUG] 🎯 Célzott Forgalom Generálása (R1C1_C) | Period: 5.8246
Found 6 valid OD pairs for R1C1_C
Generating focused traffic: Period 5.8246s
[INFO] Subscriptions active: 6 (libsumo, fast mode)
[INFO] Episode duration: 1800s (30 min)

[DEBUG] 🎯 Célzott Forgalom Generálása (R1C1_C) | Period: 7.6414
Found 6 valid OD pairs for R1C1_C
Generating focused traffic: Period 7.6414s
[INFO] Subscriptions active: 6 (libsumo, fast mode)
[INFO] Episode duration: 1800s (30 min)

[DEBUG] 🎯 Célzott Forgalom Generálása (R1C1_C) | Period: 4.0739
Found 6 valid OD pairs for R1C1_C
Generating focused traffic: Period 4.0739s
[INFO] Subscriptions active: 6 (libsumo, fast mode)
[INFO] Episode duration: 2700s (45 min)

[DEBUG] 🎯 Célzott Forgalom Generálása (R1C1_C) | Period: 6.4049
Found 6 valid OD pairs for R1C1_C
Generating focused traffic: Period 6.4049s
[INFO] Subscriptions active: 6 (libsumo, fast mode)
[INFO] Episode duration: 3600s (60 min)

[DEBUG] 🎯 Célzott Forgalom Generálása (R1C1_C) | Period: 5.0743
Found 6 valid OD pairs for R1C1_C
Generating focused traffic: Period 5.0743s
[INFO] Subscriptions active: 6 (libsumo, fast mode)
[INFO] Episode duration: 3600s (60 min)

[DEBUG] 🎯 Célzott Forgalom Generálása (R1C1_C) | Period: 7.9622
Found 6 valid OD pairs for R1C1_C
Generating focused traffic: Period 7.9622s
[INFO] Subscriptions active: 6 (libsumo, fast mode)
[INFO] Episode duration: 900s (15 min)

[DEBUG] 🎯 Célzott Forgalom Generálása (R1C1_C) | Period: 4.883
Found 6 valid OD pairs for R1C1_C
Generating focused traffic: Period 4.8830s
[INFO] Subscriptions active: 6 (libsumo, fast mode)
[INFO] Episode duration: 900s (15 min)

[DEBUG] 🎯 Célzott Forgalom Generálása (R1C1_C) | Period: 5.056
Found 6 valid OD pairs for R1C1_C
Generating focused traffic: Period 5.0560s
[INFO] Subscriptions active: 6 (libsumo, fast mode)
[INFO] Episode duration: 1800s (30 min)

[DEBUG] 🎯 Célzott Forgalom Generálása (R1C1_C) | Period: 7.5618
Found 6 valid OD pairs for R1C1_C
Generating focused traffic: Period 7.5618s
[INFO] Subscriptions active: 6 (libsumo, fast mode)
[INFO] Episode duration: 2700s (45 min)

[DEBUG] 🎯 Célzott Forgalom Generálása (R1C1_C) | Period: 5.3671
Found 6 valid OD pairs for R1C1_C
Generating focused traffic: Period 5.3671s
[INFO] Subscriptions active: 6 (libsumo, fast mode)
[INFO] Episode duration: 1800s (30 min)

[DEBUG] 🎯 Célzott Forgalom Generálása (R1C1_C) | Period: 5.5053
Found 6 valid OD pairs for R1C1_C
Generating focused traffic: Period 5.5053s
[INFO] Subscriptions active: 6 (libsumo, fast mode)
------------------------------------
| rollout/              |          |
|    ep_len_mean        | 441      |
|    ep_rew_mean        | 69.6     |
| time/                 |          |
|    fps                | 180      |
|    iterations         | 30       |
|    time_elapsed       | 341      |
|    total_timesteps    | 61440    |
| train/                |          |
|    entropy_loss       | -1.39    |
|    explained_variance | -0.0169  |
|    learning_rate      | 0.0001   |
|    n_updates          | 29       |
|    policy_loss        | 15.1     |
|    value_loss         | 149      |
------------------------------------
[INFO] Episode duration: 1800s (30 min)

[DEBUG] 🎯 Célzott Forgalom Generálása (R1C1_C) | Period: 4.8086
Found 6 valid OD pairs for R1C1_C
Generating focused traffic: Period 4.8086s
[INFO] Subscriptions active: 6 (libsumo, fast mode)
[INFO] Episode duration: 1800s (30 min)

[DEBUG] 🎯 Célzott Forgalom Generálása (R1C1_C) | Period: 7.0418
Found 6 valid OD pairs for R1C1_C
Generating focused traffic: Period 7.0418s
[INFO] Subscriptions active: 6 (libsumo, fast mode)
[INFO] Episode duration: 900s (15 min)

[DEBUG] 🎯 Célzott Forgalom Generálása (R1C1_C) | Period: 6.8566
Found 6 valid OD pairs for R1C1_C
Generating focused traffic: Period 6.8566s
[INFO] Subscriptions active: 6 (libsumo, fast mode)
[INFO] Episode duration: 900s (15 min)

[DEBUG] 🎯 Célzott Forgalom Generálása (R1C1_C) | Period: 5.4341
Found 6 valid OD pairs for R1C1_C
Generating focused traffic: Period 5.4341s
[INFO] Subscriptions active: 6 (libsumo, fast mode)
[INFO] Episode duration: 900s (15 min)

[DEBUG] 🎯 Célzott Forgalom Generálása (R1C1_C) | Period: 6.0495
Found 6 valid OD pairs for R1C1_C
Generating focused traffic: Period 6.0495s
[INFO] Subscriptions active: 6 (libsumo, fast mode)
[INFO] Episode duration: 2700s (45 min)

[DEBUG] 🎯 Célzott Forgalom Generálása (R1C1_C) | Period: 7.9011
Found 6 valid OD pairs for R1C1_C
Generating focused traffic: Period 7.9011s
[INFO] Subscriptions active: 6 (libsumo, fast mode)
[INFO] Episode duration: 1800s (30 min)

[DEBUG] 🎯 Célzott Forgalom Generálása (R1C1_C) | Period: 7.1248
Found 6 valid OD pairs for R1C1_C
Generating focused traffic: Period 7.1248s
[INFO] Subscriptions active: 6 (libsumo, fast mode)
[INFO] Episode duration: 1800s (30 min)

[DEBUG] 🎯 Célzott Forgalom Generálása (R1C1_C) | Period: 5.3523
Found 6 valid OD pairs for R1C1_C
Generating focused traffic: Period 5.3523s
[INFO] Subscriptions active: 6 (libsumo, fast mode)
[INFO] Episode duration: 2700s (45 min)

[DEBUG] 🎯 Célzott Forgalom Generálása (R1C1_C) | Period: 6.0124
Found 6 valid OD pairs for R1C1_C
Generating focused traffic: Period 6.0124s
[INFO] Subscriptions active: 6 (libsumo, fast mode)
[INFO] Episode duration: 2700s (45 min)

[DEBUG] 🎯 Célzott Forgalom Generálása (R1C1_C) | Period: 7.1297
Found 6 valid OD pairs for R1C1_C
Generating focused traffic: Period 7.1297s
[INFO] Subscriptions active: 6 (libsumo, fast mode)
[INFO] Episode duration: 2700s (45 min)

[DEBUG] 🎯 Célzott Forgalom Generálása (R1C1_C) | Period: 4.8085
Found 6 valid OD pairs for R1C1_C
Generating focused traffic: Period 4.8085s
[INFO] Subscriptions active: 6 (libsumo, fast mode)
[INFO] Episode duration: 2700s (45 min)

[DEBUG] 🎯 Célzott Forgalom Generálása (R1C1_C) | Period: 7.8652
Found 6 valid OD pairs for R1C1_C
Generating focused traffic: Period 7.8652s
[INFO] Subscriptions active: 6 (libsumo, fast mode)
[INFO] Episode duration: 2700s (45 min)

[DEBUG] 🎯 Célzott Forgalom Generálása (R1C1_C) | Period: 5.8724
Found 6 valid OD pairs for R1C1_C
Generating focused traffic: Period 5.8724s
[INFO] Subscriptions active: 6 (libsumo, fast mode)
[INFO] Episode duration: 2700s (45 min)

[DEBUG] 🎯 Célzott Forgalom Generálása (R1C1_C) | Period: 7.3211
Found 6 valid OD pairs for R1C1_C
Generating focused traffic: Period 7.3211s
[INFO] Subscriptions active: 6 (libsumo, fast mode)
[INFO] Episode duration: 900s (15 min)

[DEBUG] 🎯 Célzott Forgalom Generálása (R1C1_C) | Period: 6.3104
Found 6 valid OD pairs for R1C1_C
Generating focused traffic: Period 6.3104s
[INFO] Subscriptions active: 6 (libsumo, fast mode)
[INFO] Episode duration: 900s (15 min)

[DEBUG] 🎯 Célzott Forgalom Generálása (R1C1_C) | Period: 7.4951
Found 6 valid OD pairs for R1C1_C
Generating focused traffic: Period 7.4951s
[INFO] Subscriptions active: 6 (libsumo, fast mode)
[INFO] Episode duration: 2700s (45 min)

[DEBUG] 🎯 Célzott Forgalom Generálása (R1C1_C) | Period: 6.4873
Found 6 valid OD pairs for R1C1_C
Generating focused traffic: Period 6.4873s
[INFO] Subscriptions active: 6 (libsumo, fast mode)
[INFO] Episode duration: 3600s (60 min)

[DEBUG] 🎯 Célzott Forgalom Generálása (R1C1_C) | Period: 4.6239
Found 6 valid OD pairs for R1C1_C
Generating focused traffic: Period 4.6239s
[INFO] Subscriptions active: 6 (libsumo, fast mode)
[INFO] Episode duration: 2700s (45 min)

[DEBUG] 🎯 Célzott Forgalom Generálása (R1C1_C) | Period: 4.7993
Found 6 valid OD pairs for R1C1_C
Generating focused traffic: Period 4.7993s
[INFO] Subscriptions active: 6 (libsumo, fast mode)
[INFO] Episode duration: 3600s (60 min)

[DEBUG] 🎯 Célzott Forgalom Generálása (R1C1_C) | Period: 5.6622
Found 6 valid OD pairs for R1C1_C
Generating focused traffic: Period 5.6622s
[INFO] Subscriptions active: 6 (libsumo, fast mode)
[INFO] Episode duration: 2700s (45 min)

[DEBUG] 🎯 Célzott Forgalom Generálása (R1C1_C) | Period: 4.4512
Found 6 valid OD pairs for R1C1_C
Generating focused traffic: Period 4.4512s
[INFO] Subscriptions active: 6 (libsumo, fast mode)
[INFO] Episode duration: 3600s (60 min)

[DEBUG] 🎯 Célzott Forgalom Generálása (R1C1_C) | Period: 6.5766
Found 6 valid OD pairs for R1C1_C
Generating focused traffic: Period 6.5766s
[INFO] Subscriptions active: 6 (libsumo, fast mode)
[INFO] Episode duration: 1800s (30 min)

[DEBUG] 🎯 Célzott Forgalom Generálása (R1C1_C) | Period: 6.4725
Found 6 valid OD pairs for R1C1_C
Generating focused traffic: Period 6.4725s
[INFO] Subscriptions active: 6 (libsumo, fast mode)
[INFO] Episode duration: 2700s (45 min)

[DEBUG] 🎯 Célzott Forgalom Generálása (R1C1_C) | Period: 7.1421
Found 6 valid OD pairs for R1C1_C
Generating focused traffic: Period 7.1421s
[INFO] Subscriptions active: 6 (libsumo, fast mode)
[INFO] Episode duration: 3600s (60 min)

[DEBUG] 🎯 Célzott Forgalom Generálása (R1C1_C) | Period: 6.553
Found 6 valid OD pairs for R1C1_C
Generating focused traffic: Period 6.5530s
[INFO] Subscriptions active: 6 (libsumo, fast mode)
[INFO] Episode duration: 900s (15 min)

[DEBUG] 🎯 Célzott Forgalom Generálása (R1C1_C) | Period: 4.3346
Found 6 valid OD pairs for R1C1_C
Generating focused traffic: Period 4.3346s
[INFO] Subscriptions active: 6 (libsumo, fast mode)
[INFO] Episode duration: 1800s (30 min)

[DEBUG] 🎯 Célzott Forgalom Generálása (R1C1_C) | Period: 7.7448
Found 6 valid OD pairs for R1C1_C
Generating focused traffic: Period 7.7448s
[INFO] Subscriptions active: 6 (libsumo, fast mode)
[INFO] Episode duration: 1800s (30 min)

[DEBUG] 🎯 Célzott Forgalom Generálása (R1C1_C) | Period: 4.2867
Found 6 valid OD pairs for R1C1_C
Generating focused traffic: Period 4.2867s
[INFO] Subscriptions active: 6 (libsumo, fast mode)
[INFO] Episode duration: 2700s (45 min)

[DEBUG] 🎯 Célzott Forgalom Generálása (R1C1_C) | Period: 4.7094
Found 6 valid OD pairs for R1C1_C
Generating focused traffic: Period 4.7094s
[INFO] Subscriptions active: 6 (libsumo, fast mode)
[INFO] Episode duration: 900s (15 min)

[DEBUG] 🎯 Célzott Forgalom Generálása (R1C1_C) | Period: 6.3258
Found 6 valid OD pairs for R1C1_C
Generating focused traffic: Period 6.3258s
[INFO] Subscriptions active: 6 (libsumo, fast mode)
[INFO] Episode duration: 2700s (45 min)

[DEBUG] 🎯 Célzott Forgalom Generálása (R1C1_C) | Period: 6.6042
Found 6 valid OD pairs for R1C1_C
Generating focused traffic: Period 6.6042s
[INFO] Subscriptions active: 6 (libsumo, fast mode)
[INFO] Episode duration: 900s (15 min)

[DEBUG] 🎯 Célzott Forgalom Generálása (R1C1_C) | Period: 6.8765
Found 6 valid OD pairs for R1C1_C
Generating focused traffic: Period 6.8765s
[INFO] Subscriptions active: 6 (libsumo, fast mode)
[INFO] Episode duration: 1800s (30 min)

[DEBUG] 🎯 Célzott Forgalom Generálása (R1C1_C) | Period: 4.8096
Found 6 valid OD pairs for R1C1_C
Generating focused traffic: Period 4.8096s
[INFO] Subscriptions active: 6 (libsumo, fast mode)
[INFO] Episode duration: 2700s (45 min)

[DEBUG] 🎯 Célzott Forgalom Generálása (R1C1_C) | Period: 4.9097
Found 6 valid OD pairs for R1C1_C
Generating focused traffic: Period 4.9097s
[INFO] Subscriptions active: 6 (libsumo, fast mode)
[INFO] Episode duration: 2700s (45 min)

[DEBUG] 🎯 Célzott Forgalom Generálása (R1C1_C) | Period: 5.8422
Found 6 valid OD pairs for R1C1_C
Generating focused traffic: Period 5.8422s
[INFO] Subscriptions active: 6 (libsumo, fast mode)
[INFO] Episode duration: 3600s (60 min)

[DEBUG] 🎯 Célzott Forgalom Generálása (R1C1_C) | Period: 5.7802
Found 6 valid OD pairs for R1C1_C
Generating focused traffic: Period 5.7802s
[INFO] Subscriptions active: 6 (libsumo, fast mode)
[INFO] Episode duration: 1800s (30 min)

[DEBUG] 🎯 Célzott Forgalom Generálása (R1C1_C) | Period: 5.0568
Found 6 valid OD pairs for R1C1_C
Generating focused traffic: Period 5.0568s
[INFO] Subscriptions active: 6 (libsumo, fast mode)
[INFO] Episode duration: 2700s (45 min)

[DEBUG] 🎯 Célzott Forgalom Generálása (R1C1_C) | Period: 5.9047
Found 6 valid OD pairs for R1C1_C
Generating focused traffic: Period 5.9047s
[INFO] Subscriptions active: 6 (libsumo, fast mode)
[INFO] Episode duration: 3600s (60 min)

[DEBUG] 🎯 Célzott Forgalom Generálása (R1C1_C) | Period: 7.2692
Found 6 valid OD pairs for R1C1_C
Generating focused traffic: Period 7.2692s
[INFO] Subscriptions active: 6 (libsumo, fast mode)
[INFO] Episode duration: 900s (15 min)

[DEBUG] 🎯 Célzott Forgalom Generálása (R1C1_C) | Period: 5.4709
Found 6 valid OD pairs for R1C1_C
Generating focused traffic: Period 5.4709s
[INFO] Subscriptions active: 6 (libsumo, fast mode)
[INFO] Episode duration: 3600s (60 min)

[DEBUG] 🎯 Célzott Forgalom Generálása (R1C1_C) | Period: 5.7296
Found 6 valid OD pairs for R1C1_C
Generating focused traffic: Period 5.7296s
[INFO] Subscriptions active: 6 (libsumo, fast mode)
[INFO] Episode duration: 1800s (30 min)

[DEBUG] 🎯 Célzott Forgalom Generálása (R1C1_C) | Period: 5.6308
Found 6 valid OD pairs for R1C1_C
Generating focused traffic: Period 5.6308s
[INFO] Subscriptions active: 6 (libsumo, fast mode)
[INFO] Episode duration: 2700s (45 min)

[DEBUG] 🎯 Célzott Forgalom Generálása (R1C1_C) | Period: 7.8617
Found 6 valid OD pairs for R1C1_C
Generating focused traffic: Period 7.8617s
[INFO] Subscriptions active: 6 (libsumo, fast mode)
[INFO] Episode duration: 1800s (30 min)

[DEBUG] 🎯 Célzott Forgalom Generálása (R1C1_C) | Period: 5.629
Found 6 valid OD pairs for R1C1_C
Generating focused traffic: Period 5.6290s
[INFO] Subscriptions active: 6 (libsumo, fast mode)
[INFO] Episode duration: 2700s (45 min)

[DEBUG] 🎯 Célzott Forgalom Generálása (R1C1_C) | Period: 4.0691
Found 6 valid OD pairs for R1C1_C
Generating focused traffic: Period 4.0691s
[INFO] Subscriptions active: 6 (libsumo, fast mode)
[INFO] Episode duration: 1800s (30 min)

[DEBUG] 🎯 Célzott Forgalom Generálása (R1C1_C) | Period: 4.2094
Found 6 valid OD pairs for R1C1_C
Generating focused traffic: Period 4.2094s
[INFO] Subscriptions active: 6 (libsumo, fast mode)
------------------------------------
| rollout/              |          |
|    ep_len_mean        | 452      |
|    ep_rew_mean        | 72.5     |
| time/                 |          |
|    fps                | 180      |
|    iterations         | 40       |
|    time_elapsed       | 454      |
|    total_timesteps    | 81920    |
| train/                |          |
|    entropy_loss       | -1.39    |
|    explained_variance | -0.00592 |
|    learning_rate      | 0.0001   |
|    n_updates          | 39       |
|    policy_loss        | 16       |
|    value_loss         | 166      |
------------------------------------
[INFO] Episode duration: 2700s (45 min)

[DEBUG] 🎯 Célzott Forgalom Generálása (R1C1_C) | Period: 4.536
Found 6 valid OD pairs for R1C1_C
Generating focused traffic: Period 4.5360s
[INFO] Subscriptions active: 6 (libsumo, fast mode)
[INFO] Episode duration: 3600s (60 min)

[DEBUG] 🎯 Célzott Forgalom Generálása (R1C1_C) | Period: 7.3584
Found 6 valid OD pairs for R1C1_C
Generating focused traffic: Period 7.3584s
[INFO] Subscriptions active: 6 (libsumo, fast mode)
[INFO] Episode duration: 900s (15 min)

[DEBUG] 🎯 Célzott Forgalom Generálása (R1C1_C) | Period: 7.4556
Found 6 valid OD pairs for R1C1_C
Generating focused traffic: Period 7.4556s
[INFO] Subscriptions active: 6 (libsumo, fast mode)
[INFO] Episode duration: 1800s (30 min)

[DEBUG] 🎯 Célzott Forgalom Generálása (R1C1_C) | Period: 4.3774
Found 6 valid OD pairs for R1C1_C
Generating focused traffic: Period 4.3774s
[INFO] Subscriptions active: 6 (libsumo, fast mode)
[INFO] Episode duration: 2700s (45 min)

[DEBUG] 🎯 Célzott Forgalom Generálása (R1C1_C) | Period: 5.6212
Found 6 valid OD pairs for R1C1_C
Generating focused traffic: Period 5.6212s
[INFO] Subscriptions active: 6 (libsumo, fast mode)
[INFO] Episode duration: 1800s (30 min)

[DEBUG] 🎯 Célzott Forgalom Generálása (R1C1_C) | Period: 7.9472
Found 6 valid OD pairs for R1C1_C
Generating focused traffic: Period 7.9472s
[INFO] Subscriptions active: 6 (libsumo, fast mode)
[INFO] Episode duration: 3600s (60 min)

[DEBUG] 🎯 Célzott Forgalom Generálása (R1C1_C) | Period: 5.1653
Found 6 valid OD pairs for R1C1_C
Generating focused traffic: Period 5.1653s
[INFO] Subscriptions active: 6 (libsumo, fast mode)
[INFO] Episode duration: 3600s (60 min)

[DEBUG] 🎯 Célzott Forgalom Generálása (R1C1_C) | Period: 6.1201
Found 6 valid OD pairs for R1C1_C
Generating focused traffic: Period 6.1201s
[INFO] Subscriptions active: 6 (libsumo, fast mode)
[INFO] Episode duration: 900s (15 min)

[DEBUG] 🎯 Célzott Forgalom Generálása (R1C1_C) | Period: 4.7263
Found 6 valid OD pairs for R1C1_C
Generating focused traffic: Period 4.7263s
[INFO] Subscriptions active: 6 (libsumo, fast mode)
[INFO] Episode duration: 1800s (30 min)

[DEBUG] 🎯 Célzott Forgalom Generálása (R1C1_C) | Period: 6.9978
Found 6 valid OD pairs for R1C1_C
Generating focused traffic: Period 6.9978s
[INFO] Subscriptions active: 6 (libsumo, fast mode)
[INFO] Episode duration: 3600s (60 min)

[DEBUG] 🎯 Célzott Forgalom Generálása (R1C1_C) | Period: 5.8293
Found 6 valid OD pairs for R1C1_C
Generating focused traffic: Period 5.8293s
[INFO] Subscriptions active: 6 (libsumo, fast mode)
[INFO] Episode duration: 3600s (60 min)

[DEBUG] 🎯 Célzott Forgalom Generálása (R1C1_C) | Period: 7.4265
Found 6 valid OD pairs for R1C1_C
Generating focused traffic: Period 7.4265s
[INFO] Subscriptions active: 6 (libsumo, fast mode)
[INFO] Episode duration: 3600s (60 min)

[DEBUG] 🎯 Célzott Forgalom Generálása (R1C1_C) | Period: 4.5188
Found 6 valid OD pairs for R1C1_C
Generating focused traffic: Period 4.5188s
[INFO] Subscriptions active: 6 (libsumo, fast mode)
[INFO] Episode duration: 2700s (45 min)

[DEBUG] 🎯 Célzott Forgalom Generálása (R1C1_C) | Period: 6.467
Found 6 valid OD pairs for R1C1_C
Generating focused traffic: Period 6.4670s
[INFO] Subscriptions active: 6 (libsumo, fast mode)
[INFO] Episode duration: 900s (15 min)

[DEBUG] 🎯 Célzott Forgalom Generálása (R1C1_C) | Period: 6.2008
Found 6 valid OD pairs for R1C1_C
Generating focused traffic: Period 6.2008s
[INFO] Subscriptions active: 6 (libsumo, fast mode)
[INFO] Episode duration: 900s (15 min)

[DEBUG] 🎯 Célzott Forgalom Generálása (R1C1_C) | Period: 6.7049
Found 6 valid OD pairs for R1C1_C
Generating focused traffic: Period 6.7049s
[INFO] Subscriptions active: 6 (libsumo, fast mode)
[INFO] Episode duration: 3600s (60 min)

[DEBUG] 🎯 Célzott Forgalom Generálása (R1C1_C) | Period: 5.6391
Found 6 valid OD pairs for R1C1_C
Generating focused traffic: Period 5.6391s
[INFO] Subscriptions active: 6 (libsumo, fast mode)
[INFO] Episode duration: 1800s (30 min)

[DEBUG] 🎯 Célzott Forgalom Generálása (R1C1_C) | Period: 5.5413
Found 6 valid OD pairs for R1C1_C
Generating focused traffic: Period 5.5413s
[INFO] Subscriptions active: 6 (libsumo, fast mode)
[INFO] Episode duration: 2700s (45 min)

[DEBUG] 🎯 Célzott Forgalom Generálása (R1C1_C) | Period: 5.5389
Found 6 valid OD pairs for R1C1_C
Generating focused traffic: Period 5.5389s
[INFO] Subscriptions active: 6 (libsumo, fast mode)
[INFO] Episode duration: 1800s (30 min)

[DEBUG] 🎯 Célzott Forgalom Generálása (R1C1_C) | Period: 5.8823
Found 6 valid OD pairs for R1C1_C
Generating focused traffic: Period 5.8823s
[INFO] Subscriptions active: 6 (libsumo, fast mode)
[INFO] Episode duration: 2700s (45 min)

[DEBUG] 🎯 Célzott Forgalom Generálása (R1C1_C) | Period: 6.8493
Found 6 valid OD pairs for R1C1_C
Generating focused traffic: Period 6.8493s
[INFO] Subscriptions active: 6 (libsumo, fast mode)
[INFO] Episode duration: 3600s (60 min)

[DEBUG] 🎯 Célzott Forgalom Generálása (R1C1_C) | Period: 5.4055
Found 6 valid OD pairs for R1C1_C
Generating focused traffic: Period 5.4055s
[INFO] Subscriptions active: 6 (libsumo, fast mode)
[INFO] Episode duration: 900s (15 min)

[DEBUG] 🎯 Célzott Forgalom Generálása (R1C1_C) | Period: 7.1062
Found 6 valid OD pairs for R1C1_C
Generating focused traffic: Period 7.1062s
[INFO] Subscriptions active: 6 (libsumo, fast mode)
[INFO] Episode duration: 1800s (30 min)

[DEBUG] 🎯 Célzott Forgalom Generálása (R1C1_C) | Period: 6.4947
Found 6 valid OD pairs for R1C1_C
Generating focused traffic: Period 6.4947s
[INFO] Subscriptions active: 6 (libsumo, fast mode)
[INFO] Episode duration: 1800s (30 min)

[DEBUG] 🎯 Célzott Forgalom Generálása (R1C1_C) | Period: 6.6427
Found 6 valid OD pairs for R1C1_C
Generating focused traffic: Period 6.6427s
[INFO] Subscriptions active: 6 (libsumo, fast mode)
[INFO] Episode duration: 3600s (60 min)

[DEBUG] 🎯 Célzott Forgalom Generálása (R1C1_C) | Period: 6.5212
Found 6 valid OD pairs for R1C1_C
Generating focused traffic: Period 6.5212s
[INFO] Subscriptions active: 6 (libsumo, fast mode)
[INFO] Episode duration: 3600s (60 min)

[DEBUG] 🎯 Célzott Forgalom Generálása (R1C1_C) | Period: 5.8216
Found 6 valid OD pairs for R1C1_C
Generating focused traffic: Period 5.8216s
[INFO] Subscriptions active: 6 (libsumo, fast mode)
[INFO] Episode duration: 1800s (30 min)

[DEBUG] 🎯 Célzott Forgalom Generálása (R1C1_C) | Period: 7.7459
Found 6 valid OD pairs for R1C1_C
Generating focused traffic: Period 7.7459s
[INFO] Subscriptions active: 6 (libsumo, fast mode)
[INFO] Episode duration: 3600s (60 min)

[DEBUG] 🎯 Célzott Forgalom Generálása (R1C1_C) | Period: 6.8327
Found 6 valid OD pairs for R1C1_C
Generating focused traffic: Period 6.8327s
[INFO] Subscriptions active: 6 (libsumo, fast mode)
[INFO] Episode duration: 900s (15 min)

[DEBUG] 🎯 Célzott Forgalom Generálása (R1C1_C) | Period: 7.0303
Found 6 valid OD pairs for R1C1_C
Generating focused traffic: Period 7.0303s
[INFO] Subscriptions active: 6 (libsumo, fast mode)
[INFO] Episode duration: 900s (15 min)

[DEBUG] 🎯 Célzott Forgalom Generálása (R1C1_C) | Period: 5.8117
Found 6 valid OD pairs for R1C1_C
Generating focused traffic: Period 5.8117s
[INFO] Subscriptions active: 6 (libsumo, fast mode)
[INFO] Episode duration: 2700s (45 min)

[DEBUG] 🎯 Célzott Forgalom Generálása (R1C1_C) | Period: 6.4457
Found 6 valid OD pairs for R1C1_C
Generating focused traffic: Period 6.4457s
[INFO] Subscriptions active: 6 (libsumo, fast mode)
[INFO] Episode duration: 3600s (60 min)

[DEBUG] 🎯 Célzott Forgalom Generálása (R1C1_C) | Period: 7.1551
Found 6 valid OD pairs for R1C1_C
Generating focused traffic: Period 7.1551s
[INFO] Subscriptions active: 6 (libsumo, fast mode)
[INFO] Episode duration: 3600s (60 min)

[DEBUG] 🎯 Célzott Forgalom Generálása (R1C1_C) | Period: 4.8938
Found 6 valid OD pairs for R1C1_C
Generating focused traffic: Period 4.8938s
[INFO] Subscriptions active: 6 (libsumo, fast mode)
[INFO] Episode duration: 2700s (45 min)
wandb: WARNING Symlinked 1 file into the W&B run directory; call wandb.save again to sync new files.
/Users/wagnertamas/Documents/Munka/cikkek/AI_agens_konyvtar/support/intergreen_matrix_calculator/rl_trainer.py:857: UserWarning: Exporting a model while it is in training mode. Please ensure that this is intended, as it may lead to different behavior during inference. Calling model.eval() before export is recommended.
  torch.onnx.export(
/Users/wagnertamas/Documents/Munka/cikkek/AI_agens_konyvtar/support/intergreen_matrix_calculator/rl_trainer.py:857: UserWarning: # 'dynamic_axes' is not recommended when dynamo=True, and may lead to 'torch._dynamo.exc.UserError: Constraints violated.' Supply the 'dynamic_shapes' argument instead if export is unsuccessful.
  torch.onnx.export(
wandb: updating run metadata
wandb: uploading pytorch_models/R1C1_C.zip; uploading output.log; uploading wandb-summary.json; uploading config.yaml
wandb: uploading pytorch_models/R1C1_C.zip; uploading output.log; uploading config.yaml
wandb: uploading history steps 998-1002, summary, console lines 1419-1435
wandb: 
wandb: Run history:
wandb:  R1C1_C/action_pct/phase_0 ▃▁▅▃▁▁▁▃▄▃▂▃▃▂▅▃▃▃▃▄▄▃▃▄▄▂█▃▅▅▄▄▅▂▄▅▄▃▂▃
wandb:  R1C1_C/action_pct/phase_1 ▄▇▆▅▅▆▇▇▅▆▆▅▅▇▃▅▇▆▆▆▄▇▅▅▅▅▁▅▃▆▆▅▃▄█▃▃▆█▇
wandb:  R1C1_C/action_pct/phase_2 ▇▃▄▆▆▇▆▅▅▄▄▆▇▄▁▆▆▃▆▄▆▃▆▄▃▇▅▅▅▅▅▅▄▇▆▆█▄▆▅
wandb:  R1C1_C/action_pct/phase_3 ▄▇▃▅▆▄▅▄▃▅▆▄▄▅█▅▃▆▃▄▄▅▄▅▆▅▃▅▅▃▃▄▅▅▁▅▃▅▃▃
wandb:  R1C1_C/train/entropy_loss ▁▂▂▃▃▃▃▃▅▅▅▅▅▄▄▄▅▅▅▅▅▅▅▅▅▇██▇▇▆▆▆▆▆▆▆▆▇█
wandb: R1C1_C/train/learning_rate ▁▁▁▁▁▁▁▁▁▁▁▁▁▁▁▁▁▁▁▁▁▁▁▁▁▁▁▁▁▁▁▁▁▁▁▁▁▁▁▁
wandb:    R1C1_C/train/value_loss ▂▄▂▄▂▂▂▃▄▃▅▃▃▃▄▅▂▁▁▁▂▅▆▆▃▃█▂▂▇▂▆▆▄▄▂▂▂▄▄
wandb:                 avg_reward ▁▁▅▁▁▂▄▁▂▁▁▂▂▁▁▁▁▂▃▂▂▃▄▂▂▂▃▁▂▁▁▁▂▂▃▁▂█▃▂
wandb:                    episode ▁▁▁▁▁▂▂▂▂▂▂▃▃▃▃▃▃▃▄▄▄▄▄▅▅▅▅▅▆▆▆▇▇▇▇▇▇▇██
wandb:         episode/avg_reward ▅▄█▃▆▂▆▇▃▇▁▄▅▃▂▄▆▁▃▂▁▃▂▃▆▂▄▁█▄▇▂▃▂▄▁▃▄▃▃
wandb:                         +7 ...
wandb: 
wandb: Run summary:
wandb:  R1C1_C/action_pct/phase_0 25.27778
wandb:  R1C1_C/action_pct/phase_1 26.80556
wandb:  R1C1_C/action_pct/phase_2 24.58333
wandb:  R1C1_C/action_pct/phase_3 23.33333
wandb:  R1C1_C/train/entropy_loss -1.38621
wandb: R1C1_C/train/learning_rate 0.0001
wandb:    R1C1_C/train/value_loss 139.92932
wandb:                 avg_reward 0.1902
wandb:                    episode 222
wandb:         episode/avg_reward 0.1389
wandb:                         +7 ...
wandb: 
wandb: 🚀 View run a2c_halt_ratio_3x16_1_R1C1_C at: https://wandb.ai/wagnertamas-budapesti-m-szaki-s-gazdas-gtudom-nyi-egyetem/sumo-rl-stat/runs/1xoayfs1
wandb: ⭐️ View project at: https://wandb.ai/wagnertamas-budapesti-m-szaki-s-gazdas-gtudom-nyi-egyetem/sumo-rl-stat
wandb: Synced 5 W&B file(s), 0 media file(s), 0 artifact file(s) and 1 other file(s)
wandb: Find logs at: ./wandb/run-20260322_021912-1xoayfs1/logs

[DEBUG] 🎯 Célzott Forgalom Generálása (R1C1_C) | Period: 5.7936
Found 6 valid OD pairs for R1C1_C
Generating focused traffic: Period 5.7936s
[INFO] Subscriptions active: 6 (libsumo, fast mode)
[INFO] Episode duration: 3600s (60 min)

[DEBUG] 🎯 Célzott Forgalom Generálása (R1C1_C) | Period: 4.984
Found 6 valid OD pairs for R1C1_C
Generating focused traffic: Period 4.9840s
[INFO] Subscriptions active: 6 (libsumo, fast mode)
[INFO] Episode duration: 900s (15 min)

[DEBUG] 🎯 Célzott Forgalom Generálása (R1C1_C) | Period: 6.5012
Found 6 valid OD pairs for R1C1_C
Generating focused traffic: Period 6.5012s
[INFO] Subscriptions active: 6 (libsumo, fast mode)
On-policy training completed.
Closing environment and EXPORTING models...
Saving PyTorch ZIP models to /Users/wagnertamas/Documents/Munka/cikkek/AI_agens_konyvtar/support/intergreen_matrix_calculator/data/runs/pytorch_models...
Saved PyTorch R1C1_C to /Users/wagnertamas/Documents/Munka/cikkek/AI_agens_konyvtar/support/intergreen_matrix_calculator/data/runs/pytorch_models/R1C1_C.zip
Exporting ONNX models to /Users/wagnertamas/Documents/Munka/cikkek/AI_agens_konyvtar/support/intergreen_matrix_calculator/data/runs/onnx_models...
Failed to export R1C1_C: # Failed to convert 'dynamic_axes' to 'dynamic_shapes'. Please provide 'dynamic_shapes' directly. Refer to the documentation for 'torch.export.export' for more information on dynamic shapes.
Cleanup done.
