wandb: [wandb.login()] Loaded credentials for https://api.wandb.ai from /Users/wagnertamas/.netrc.
wandb: Currently logged in as: wagnertamas (wagnertamas-budapesti-m-szaki-s-gazdas-gtudom-nyi-egyetem) to https://api.wandb.ai. Use `wandb login --relogin` to force relogin
wandb: setting up run iza6ytvb
wandb: Tracking run with wandb version 0.25.0
wandb: Run data is saved locally in /Users/wagnertamas/Documents/Munka/cikkek/AI_agens_konyvtar/support/intergreen_matrix_calculator/wandb/run-20260322_024708-iza6ytvb
wandb: Run `wandb offline` to turn off syncing.
wandb: Syncing run a2c_co2_speedstd_2x16_1_R1C1_C
wandb: ⭐️ View project at https://wandb.ai/wagnertamas-budapesti-m-szaki-s-gazdas-gtudom-nyi-egyetem/sumo-rl-stat
wandb: 🚀 View run at https://wandb.ai/wagnertamas-budapesti-m-szaki-s-gazdas-gtudom-nyi-egyetem/sumo-rl-stat/runs/iza6ytvb
[INFO] Config: training_config.yaml
[INFO] Net: /Users/wagnertamas/Documents/Munka/cikkek/AI_agens_konyvtar/support/intergreen_matrix_calculator/data/mega_catalogue_v2.net.xml
[INFO] Timesteps: 100000 | Project: sumo-rl-stat
[INFO] Junction: R1C1_C
[INFO] Algorithm: a2c | Reward: co2_speedstd
[INFO] Load model: None (fresh)
[INFO] Traffic: random target+spread (epizódonként)
Initializing Environment (algorithm=a2c, reward=co2_speedstd)...
[INFO] Algorithm: a2c (on_policy)
[INFO] Reward mode: co2_speedstd
WandB config applied (Sweep compatible).
[INFO] Junction reward params auto-loaded from /Users/wagnertamas/Documents/Munka/cikkek/AI_agens_konyvtar/support/intergreen_matrix_calculator/data/junction_reward_params.json
[INFO] Using 'libsumo' (fast headless mode, OS=darwin).
Starting SUMO...
[INFO] Episode duration: 3600s (60 min)

[DEBUG] 🎯 Célzott Forgalom Generálása (R1C1_C) | Period: 5.1536
Found 6 valid OD pairs for R1C1_C
Generating focused traffic: Period 5.1536s
[INFO] Network mapped: 1 agents, 3 detectors, 3 lanes
[INFO] Subscriptions active: 6 (libsumo, fast mode)
Agents discovered: ['R1C1_C']
[INFO] RL device: mps
[INFO] On-policy training: a2c → R1C1_C
Using mps device
Wrapping the env with a `Monitor` wrapper
Wrapping the env in a DummyVecEnv.
Starting on-policy training: 100000 timesteps...
[INFO] Episode duration: 1800s (30 min)

[DEBUG] 🎯 Célzott Forgalom Generálása (R1C1_C) | Period: 7.6231
Found 6 valid OD pairs for R1C1_C
Generating focused traffic: Period 7.6231s
[INFO] Subscriptions active: 6 (libsumo, fast mode)
Logging to /Users/wagnertamas/Documents/Munka/cikkek/AI_agens_konyvtar/support/intergreen_matrix_calculator/data/runs/sumo-rl-stat/R1C1_C/A2C_110
[INFO] Episode duration: 2700s (45 min)

[DEBUG] 🎯 Célzott Forgalom Generálása (R1C1_C) | Period: 5.657
Found 6 valid OD pairs for R1C1_C
Generating focused traffic: Period 5.6570s
[INFO] Subscriptions active: 6 (libsumo, fast mode)
[INFO] Episode duration: 3600s (60 min)

[DEBUG] 🎯 Célzott Forgalom Generálása (R1C1_C) | Period: 4.1825
Found 6 valid OD pairs for R1C1_C
Generating focused traffic: Period 4.1825s
[INFO] Subscriptions active: 6 (libsumo, fast mode)
[INFO] Episode duration: 2700s (45 min)

[DEBUG] 🎯 Célzott Forgalom Generálása (R1C1_C) | Period: 4.5413
Found 6 valid OD pairs for R1C1_C
Generating focused traffic: Period 4.5413s
[INFO] Subscriptions active: 6 (libsumo, fast mode)
[INFO] Episode duration: 900s (15 min)

[DEBUG] 🎯 Célzott Forgalom Generálása (R1C1_C) | Period: 5.9072
Found 6 valid OD pairs for R1C1_C
Generating focused traffic: Period 5.9072s
[INFO] Subscriptions active: 6 (libsumo, fast mode)
[INFO] Episode duration: 2700s (45 min)

[DEBUG] 🎯 Célzott Forgalom Generálása (R1C1_C) | Period: 4.5406
Found 6 valid OD pairs for R1C1_C
Generating focused traffic: Period 4.5406s
[INFO] Subscriptions active: 6 (libsumo, fast mode)
[INFO] Episode duration: 2700s (45 min)

[DEBUG] 🎯 Célzott Forgalom Generálása (R1C1_C) | Period: 6.4385
Found 6 valid OD pairs for R1C1_C
Generating focused traffic: Period 6.4385s
[INFO] Subscriptions active: 6 (libsumo, fast mode)
[INFO] Episode duration: 900s (15 min)

[DEBUG] 🎯 Célzott Forgalom Generálása (R1C1_C) | Period: 6.6254
Found 6 valid OD pairs for R1C1_C
Generating focused traffic: Period 6.6254s
[INFO] Subscriptions active: 6 (libsumo, fast mode)
[INFO] Episode duration: 3600s (60 min)

[DEBUG] 🎯 Célzott Forgalom Generálása (R1C1_C) | Period: 4.2267
Found 6 valid OD pairs for R1C1_C
Generating focused traffic: Period 4.2267s
[INFO] Subscriptions active: 6 (libsumo, fast mode)
[INFO] Episode duration: 1800s (30 min)

[DEBUG] 🎯 Célzott Forgalom Generálása (R1C1_C) | Period: 7.0285
Found 6 valid OD pairs for R1C1_C
Generating focused traffic: Period 7.0285s
[INFO] Subscriptions active: 6 (libsumo, fast mode)
[INFO] Episode duration: 900s (15 min)

[DEBUG] 🎯 Célzott Forgalom Generálása (R1C1_C) | Period: 7.5047
Found 6 valid OD pairs for R1C1_C
Generating focused traffic: Period 7.5047s
[INFO] Subscriptions active: 6 (libsumo, fast mode)
[INFO] Episode duration: 900s (15 min)

[DEBUG] 🎯 Célzott Forgalom Generálása (R1C1_C) | Period: 5.067
Found 6 valid OD pairs for R1C1_C
Generating focused traffic: Period 5.0670s
[INFO] Subscriptions active: 6 (libsumo, fast mode)
[INFO] Episode duration: 900s (15 min)

[DEBUG] 🎯 Célzott Forgalom Generálása (R1C1_C) | Period: 6.5314
Found 6 valid OD pairs for R1C1_C
Generating focused traffic: Period 6.5314s
[INFO] Subscriptions active: 6 (libsumo, fast mode)
[INFO] Episode duration: 3600s (60 min)

[DEBUG] 🎯 Célzott Forgalom Generálása (R1C1_C) | Period: 7.6549
Found 6 valid OD pairs for R1C1_C
Generating focused traffic: Period 7.6549s
[INFO] Subscriptions active: 6 (libsumo, fast mode)
[INFO] Episode duration: 2700s (45 min)

[DEBUG] 🎯 Célzott Forgalom Generálása (R1C1_C) | Period: 6.9729
Found 6 valid OD pairs for R1C1_C
Generating focused traffic: Period 6.9729s
[INFO] Subscriptions active: 6 (libsumo, fast mode)
[INFO] Episode duration: 900s (15 min)

[DEBUG] 🎯 Célzott Forgalom Generálása (R1C1_C) | Period: 5.3718
Found 6 valid OD pairs for R1C1_C
Generating focused traffic: Period 5.3718s
[INFO] Subscriptions active: 6 (libsumo, fast mode)
[INFO] Episode duration: 900s (15 min)

[DEBUG] 🎯 Célzott Forgalom Generálása (R1C1_C) | Period: 7.8666
Found 6 valid OD pairs for R1C1_C
Generating focused traffic: Period 7.8666s
[INFO] Subscriptions active: 6 (libsumo, fast mode)
[INFO] Episode duration: 2700s (45 min)

[DEBUG] 🎯 Célzott Forgalom Generálása (R1C1_C) | Period: 7.2833
Found 6 valid OD pairs for R1C1_C
Generating focused traffic: Period 7.2833s
[INFO] Subscriptions active: 6 (libsumo, fast mode)
[INFO] Episode duration: 1800s (30 min)

[DEBUG] 🎯 Célzott Forgalom Generálása (R1C1_C) | Period: 5.9996
Found 6 valid OD pairs for R1C1_C
Generating focused traffic: Period 5.9996s
[INFO] Subscriptions active: 6 (libsumo, fast mode)
[INFO] Episode duration: 3600s (60 min)

[DEBUG] 🎯 Célzott Forgalom Generálása (R1C1_C) | Period: 7.8453
Found 6 valid OD pairs for R1C1_C
Generating focused traffic: Period 7.8453s
[INFO] Subscriptions active: 6 (libsumo, fast mode)
[INFO] Episode duration: 900s (15 min)

[DEBUG] 🎯 Célzott Forgalom Generálása (R1C1_C) | Period: 6.5998
Found 6 valid OD pairs for R1C1_C
Generating focused traffic: Period 6.5998s
[INFO] Subscriptions active: 6 (libsumo, fast mode)
[INFO] Episode duration: 3600s (60 min)

[DEBUG] 🎯 Célzott Forgalom Generálása (R1C1_C) | Period: 6.6692
Found 6 valid OD pairs for R1C1_C
Generating focused traffic: Period 6.6692s
[INFO] Subscriptions active: 6 (libsumo, fast mode)
[INFO] Episode duration: 2700s (45 min)

[DEBUG] 🎯 Célzott Forgalom Generálása (R1C1_C) | Period: 4.3235
Found 6 valid OD pairs for R1C1_C
Generating focused traffic: Period 4.3235s
[INFO] Subscriptions active: 6 (libsumo, fast mode)
[INFO] Episode duration: 1800s (30 min)

[DEBUG] 🎯 Célzott Forgalom Generálása (R1C1_C) | Period: 6.8369
Found 6 valid OD pairs for R1C1_C
Generating focused traffic: Period 6.8369s
[INFO] Subscriptions active: 6 (libsumo, fast mode)
[INFO] Episode duration: 1800s (30 min)

[DEBUG] 🎯 Célzott Forgalom Generálása (R1C1_C) | Period: 5.0055
Found 6 valid OD pairs for R1C1_C
Generating focused traffic: Period 5.0055s
[INFO] Subscriptions active: 6 (libsumo, fast mode)
[INFO] Episode duration: 3600s (60 min)

[DEBUG] 🎯 Célzott Forgalom Generálása (R1C1_C) | Period: 6.2749
Found 6 valid OD pairs for R1C1_C
Generating focused traffic: Period 6.2749s
[INFO] Subscriptions active: 6 (libsumo, fast mode)
[INFO] Episode duration: 3600s (60 min)

[DEBUG] 🎯 Célzott Forgalom Generálása (R1C1_C) | Period: 6.6577
Found 6 valid OD pairs for R1C1_C
Generating focused traffic: Period 6.6577s
[INFO] Subscriptions active: 6 (libsumo, fast mode)
[INFO] Episode duration: 1800s (30 min)

[DEBUG] 🎯 Célzott Forgalom Generálása (R1C1_C) | Period: 6.5337
Found 6 valid OD pairs for R1C1_C
Generating focused traffic: Period 6.5337s
[INFO] Subscriptions active: 6 (libsumo, fast mode)
[INFO] Episode duration: 2700s (45 min)

[DEBUG] 🎯 Célzott Forgalom Generálása (R1C1_C) | Period: 5.0772
Found 6 valid OD pairs for R1C1_C
Generating focused traffic: Period 5.0772s
[INFO] Subscriptions active: 6 (libsumo, fast mode)
[INFO] Episode duration: 900s (15 min)

[DEBUG] 🎯 Célzott Forgalom Generálása (R1C1_C) | Period: 5.665
Found 6 valid OD pairs for R1C1_C
Generating focused traffic: Period 5.6650s
[INFO] Subscriptions active: 6 (libsumo, fast mode)
[INFO] Episode duration: 900s (15 min)

[DEBUG] 🎯 Célzott Forgalom Generálása (R1C1_C) | Period: 5.1837
Found 6 valid OD pairs for R1C1_C
Generating focused traffic: Period 5.1837s
[INFO] Subscriptions active: 6 (libsumo, fast mode)
[INFO] Episode duration: 3600s (60 min)

[DEBUG] 🎯 Célzott Forgalom Generálása (R1C1_C) | Period: 4.609
Found 6 valid OD pairs for R1C1_C
Generating focused traffic: Period 4.6090s
[INFO] Subscriptions active: 6 (libsumo, fast mode)
[INFO] Episode duration: 900s (15 min)

[DEBUG] 🎯 Célzott Forgalom Generálása (R1C1_C) | Period: 6.1942
Found 6 valid OD pairs for R1C1_C
Generating focused traffic: Period 6.1942s
[INFO] Subscriptions active: 6 (libsumo, fast mode)
[INFO] Episode duration: 2700s (45 min)

[DEBUG] 🎯 Célzott Forgalom Generálása (R1C1_C) | Period: 5.3309
Found 6 valid OD pairs for R1C1_C
Generating focused traffic: Period 5.3309s
[INFO] Subscriptions active: 6 (libsumo, fast mode)
[INFO] Episode duration: 2700s (45 min)

[DEBUG] 🎯 Célzott Forgalom Generálása (R1C1_C) | Period: 7.6095
Found 6 valid OD pairs for R1C1_C
Generating focused traffic: Period 7.6095s
[INFO] Subscriptions active: 6 (libsumo, fast mode)
[INFO] Episode duration: 2700s (45 min)

[DEBUG] 🎯 Célzott Forgalom Generálása (R1C1_C) | Period: 7.1968
Found 6 valid OD pairs for R1C1_C
Generating focused traffic: Period 7.1968s
[INFO] Subscriptions active: 6 (libsumo, fast mode)
[INFO] Episode duration: 2700s (45 min)

[DEBUG] 🎯 Célzott Forgalom Generálása (R1C1_C) | Period: 6.5973
Found 6 valid OD pairs for R1C1_C
Generating focused traffic: Period 6.5973s
[INFO] Subscriptions active: 6 (libsumo, fast mode)
[INFO] Episode duration: 1800s (30 min)

[DEBUG] 🎯 Célzott Forgalom Generálása (R1C1_C) | Period: 7.3039
Found 6 valid OD pairs for R1C1_C
Generating focused traffic: Period 7.3039s
[INFO] Subscriptions active: 6 (libsumo, fast mode)
[INFO] Episode duration: 1800s (30 min)

[DEBUG] 🎯 Célzott Forgalom Generálása (R1C1_C) | Period: 7.893
Found 6 valid OD pairs for R1C1_C
Generating focused traffic: Period 7.8930s
[INFO] Subscriptions active: 6 (libsumo, fast mode)
[INFO] Episode duration: 1800s (30 min)

[DEBUG] 🎯 Célzott Forgalom Generálása (R1C1_C) | Period: 5.0936
Found 6 valid OD pairs for R1C1_C
Generating focused traffic: Period 5.0936s
[INFO] Subscriptions active: 6 (libsumo, fast mode)
[INFO] Episode duration: 2700s (45 min)

[DEBUG] 🎯 Célzott Forgalom Generálása (R1C1_C) | Period: 4.6732
Found 6 valid OD pairs for R1C1_C
Generating focused traffic: Period 4.6732s
[INFO] Subscriptions active: 6 (libsumo, fast mode)
[INFO] Episode duration: 900s (15 min)

[DEBUG] 🎯 Célzott Forgalom Generálása (R1C1_C) | Period: 7.5102
Found 6 valid OD pairs for R1C1_C
Generating focused traffic: Period 7.5102s
[INFO] Subscriptions active: 6 (libsumo, fast mode)
[INFO] Episode duration: 2700s (45 min)

[DEBUG] 🎯 Célzott Forgalom Generálása (R1C1_C) | Period: 6.4033
Found 6 valid OD pairs for R1C1_C
Generating focused traffic: Period 6.4033s
[INFO] Subscriptions active: 6 (libsumo, fast mode)
[INFO] Episode duration: 2700s (45 min)

[DEBUG] 🎯 Célzott Forgalom Generálása (R1C1_C) | Period: 6.4755
Found 6 valid OD pairs for R1C1_C
Generating focused traffic: Period 6.4755s
[INFO] Subscriptions active: 6 (libsumo, fast mode)
[INFO] Episode duration: 2700s (45 min)

[DEBUG] 🎯 Célzott Forgalom Generálása (R1C1_C) | Period: 4.763
Found 6 valid OD pairs for R1C1_C
Generating focused traffic: Period 4.7630s
[INFO] Subscriptions active: 6 (libsumo, fast mode)
[INFO] Episode duration: 1800s (30 min)

[DEBUG] 🎯 Célzott Forgalom Generálása (R1C1_C) | Period: 7.1304
Found 6 valid OD pairs for R1C1_C
Generating focused traffic: Period 7.1304s
[INFO] Subscriptions active: 6 (libsumo, fast mode)
[INFO] Episode duration: 1800s (30 min)

[DEBUG] 🎯 Célzott Forgalom Generálása (R1C1_C) | Period: 5.3017
Found 6 valid OD pairs for R1C1_C
Generating focused traffic: Period 5.3017s
[INFO] Subscriptions active: 6 (libsumo, fast mode)
------------------------------------
| rollout/              |          |
|    ep_len_mean        | 438      |
|    ep_rew_mean        | 157      |
| time/                 |          |
|    fps                | 183      |
|    iterations         | 10       |
|    time_elapsed       | 111      |
|    total_timesteps    | 20480    |
| train/                |          |
|    entropy_loss       | -1.39    |
|    explained_variance | 0.0129   |
|    learning_rate      | 0.0001   |
|    n_updates          | 9        |
|    policy_loss        | 34.4     |
|    value_loss         | 753      |
------------------------------------
[INFO] Episode duration: 3600s (60 min)

[DEBUG] 🎯 Célzott Forgalom Generálása (R1C1_C) | Period: 4.2887
Found 6 valid OD pairs for R1C1_C
Generating focused traffic: Period 4.2887s
[INFO] Subscriptions active: 6 (libsumo, fast mode)
[INFO] Episode duration: 3600s (60 min)

[DEBUG] 🎯 Célzott Forgalom Generálása (R1C1_C) | Period: 5.5017
Found 6 valid OD pairs for R1C1_C
Generating focused traffic: Period 5.5017s
[INFO] Subscriptions active: 6 (libsumo, fast mode)
[INFO] Episode duration: 1800s (30 min)

[DEBUG] 🎯 Célzott Forgalom Generálása (R1C1_C) | Period: 4.4175
Found 6 valid OD pairs for R1C1_C
Generating focused traffic: Period 4.4175s
[INFO] Subscriptions active: 6 (libsumo, fast mode)
[INFO] Episode duration: 1800s (30 min)

[DEBUG] 🎯 Célzott Forgalom Generálása (R1C1_C) | Period: 4.0203
Found 6 valid OD pairs for R1C1_C
Generating focused traffic: Period 4.0203s
[INFO] Subscriptions active: 6 (libsumo, fast mode)
[INFO] Episode duration: 2700s (45 min)

[DEBUG] 🎯 Célzott Forgalom Generálása (R1C1_C) | Period: 5.8414
Found 6 valid OD pairs for R1C1_C
Generating focused traffic: Period 5.8414s
[INFO] Subscriptions active: 6 (libsumo, fast mode)
[INFO] Episode duration: 2700s (45 min)

[DEBUG] 🎯 Célzott Forgalom Generálása (R1C1_C) | Period: 5.1117
Found 6 valid OD pairs for R1C1_C
Generating focused traffic: Period 5.1117s
[INFO] Subscriptions active: 6 (libsumo, fast mode)
[INFO] Episode duration: 2700s (45 min)

[DEBUG] 🎯 Célzott Forgalom Generálása (R1C1_C) | Period: 6.9416
Found 6 valid OD pairs for R1C1_C
Generating focused traffic: Period 6.9416s
[INFO] Subscriptions active: 6 (libsumo, fast mode)
[INFO] Episode duration: 900s (15 min)

[DEBUG] 🎯 Célzott Forgalom Generálása (R1C1_C) | Period: 4.2115
Found 6 valid OD pairs for R1C1_C
Generating focused traffic: Period 4.2115s
[INFO] Subscriptions active: 6 (libsumo, fast mode)
[INFO] Episode duration: 1800s (30 min)

[DEBUG] 🎯 Célzott Forgalom Generálása (R1C1_C) | Period: 6.241
Found 6 valid OD pairs for R1C1_C
Generating focused traffic: Period 6.2410s
[INFO] Subscriptions active: 6 (libsumo, fast mode)
[INFO] Episode duration: 1800s (30 min)

[DEBUG] 🎯 Célzott Forgalom Generálása (R1C1_C) | Period: 7.3843
Found 6 valid OD pairs for R1C1_C
Generating focused traffic: Period 7.3843s
[INFO] Subscriptions active: 6 (libsumo, fast mode)
[INFO] Episode duration: 1800s (30 min)

[DEBUG] 🎯 Célzott Forgalom Generálása (R1C1_C) | Period: 4.6008
Found 6 valid OD pairs for R1C1_C
Generating focused traffic: Period 4.6008s
[INFO] Subscriptions active: 6 (libsumo, fast mode)
[INFO] Episode duration: 900s (15 min)

[DEBUG] 🎯 Célzott Forgalom Generálása (R1C1_C) | Period: 6.5224
Found 6 valid OD pairs for R1C1_C
Generating focused traffic: Period 6.5224s
[INFO] Subscriptions active: 6 (libsumo, fast mode)
[INFO] Episode duration: 1800s (30 min)

[DEBUG] 🎯 Célzott Forgalom Generálása (R1C1_C) | Period: 5.8926
Found 6 valid OD pairs for R1C1_C
Generating focused traffic: Period 5.8926s
[INFO] Subscriptions active: 6 (libsumo, fast mode)
[INFO] Episode duration: 3600s (60 min)

[DEBUG] 🎯 Célzott Forgalom Generálása (R1C1_C) | Period: 6.7065
Found 6 valid OD pairs for R1C1_C
Generating focused traffic: Period 6.7065s
[INFO] Subscriptions active: 6 (libsumo, fast mode)
[INFO] Episode duration: 1800s (30 min)

[DEBUG] 🎯 Célzott Forgalom Generálása (R1C1_C) | Period: 7.1316
Found 6 valid OD pairs for R1C1_C
Generating focused traffic: Period 7.1316s
[INFO] Subscriptions active: 6 (libsumo, fast mode)
[INFO] Episode duration: 3600s (60 min)

[DEBUG] 🎯 Célzott Forgalom Generálása (R1C1_C) | Period: 4.4331
Found 6 valid OD pairs for R1C1_C
Generating focused traffic: Period 4.4331s
[INFO] Subscriptions active: 6 (libsumo, fast mode)
[INFO] Episode duration: 2700s (45 min)

[DEBUG] 🎯 Célzott Forgalom Generálása (R1C1_C) | Period: 6.8846
Found 6 valid OD pairs for R1C1_C
Generating focused traffic: Period 6.8846s
[INFO] Subscriptions active: 6 (libsumo, fast mode)
[INFO] Episode duration: 3600s (60 min)

[DEBUG] 🎯 Célzott Forgalom Generálása (R1C1_C) | Period: 7.0633
Found 6 valid OD pairs for R1C1_C
Generating focused traffic: Period 7.0633s
[INFO] Subscriptions active: 6 (libsumo, fast mode)
[INFO] Episode duration: 3600s (60 min)

[DEBUG] 🎯 Célzott Forgalom Generálása (R1C1_C) | Period: 5.6838
Found 6 valid OD pairs for R1C1_C
Generating focused traffic: Period 5.6838s
[INFO] Subscriptions active: 6 (libsumo, fast mode)
[INFO] Episode duration: 2700s (45 min)

[DEBUG] 🎯 Célzott Forgalom Generálása (R1C1_C) | Period: 5.4402
Found 6 valid OD pairs for R1C1_C
Generating focused traffic: Period 5.4402s
[INFO] Subscriptions active: 6 (libsumo, fast mode)
[INFO] Episode duration: 900s (15 min)

[DEBUG] 🎯 Célzott Forgalom Generálása (R1C1_C) | Period: 4.755
Found 6 valid OD pairs for R1C1_C
Generating focused traffic: Period 4.7550s
[INFO] Subscriptions active: 6 (libsumo, fast mode)
[INFO] Episode duration: 3600s (60 min)

[DEBUG] 🎯 Célzott Forgalom Generálása (R1C1_C) | Period: 6.8264
Found 6 valid OD pairs for R1C1_C
Generating focused traffic: Period 6.8264s
[INFO] Subscriptions active: 6 (libsumo, fast mode)
[INFO] Episode duration: 900s (15 min)

[DEBUG] 🎯 Célzott Forgalom Generálása (R1C1_C) | Period: 7.2004
Found 6 valid OD pairs for R1C1_C
Generating focused traffic: Period 7.2004s
[INFO] Subscriptions active: 6 (libsumo, fast mode)
[INFO] Episode duration: 3600s (60 min)

[DEBUG] 🎯 Célzott Forgalom Generálása (R1C1_C) | Period: 5.5067
Found 6 valid OD pairs for R1C1_C
Generating focused traffic: Period 5.5067s
[INFO] Subscriptions active: 6 (libsumo, fast mode)
[INFO] Episode duration: 900s (15 min)

[DEBUG] 🎯 Célzott Forgalom Generálása (R1C1_C) | Period: 4.2671
Found 6 valid OD pairs for R1C1_C
Generating focused traffic: Period 4.2671s
[INFO] Subscriptions active: 6 (libsumo, fast mode)
[INFO] Episode duration: 2700s (45 min)

[DEBUG] 🎯 Célzott Forgalom Generálása (R1C1_C) | Period: 5.7724
Found 6 valid OD pairs for R1C1_C
Generating focused traffic: Period 5.7724s
[INFO] Subscriptions active: 6 (libsumo, fast mode)
[INFO] Episode duration: 3600s (60 min)

[DEBUG] 🎯 Célzott Forgalom Generálása (R1C1_C) | Period: 5.3997
Found 6 valid OD pairs for R1C1_C
Generating focused traffic: Period 5.3997s
[INFO] Subscriptions active: 6 (libsumo, fast mode)
[INFO] Episode duration: 3600s (60 min)

[DEBUG] 🎯 Célzott Forgalom Generálása (R1C1_C) | Period: 7.4659
Found 6 valid OD pairs for R1C1_C
Generating focused traffic: Period 7.4659s
[INFO] Subscriptions active: 6 (libsumo, fast mode)
[INFO] Episode duration: 2700s (45 min)

[DEBUG] 🎯 Célzott Forgalom Generálása (R1C1_C) | Period: 5.7089
Found 6 valid OD pairs for R1C1_C
Generating focused traffic: Period 5.7089s
[INFO] Subscriptions active: 6 (libsumo, fast mode)
[INFO] Episode duration: 3600s (60 min)

[DEBUG] 🎯 Célzott Forgalom Generálása (R1C1_C) | Period: 6.4383
Found 6 valid OD pairs for R1C1_C
Generating focused traffic: Period 6.4383s
[INFO] Subscriptions active: 6 (libsumo, fast mode)
[INFO] Episode duration: 3600s (60 min)

[DEBUG] 🎯 Célzott Forgalom Generálása (R1C1_C) | Period: 7.2549
Found 6 valid OD pairs for R1C1_C
Generating focused traffic: Period 7.2549s
[INFO] Subscriptions active: 6 (libsumo, fast mode)
[INFO] Episode duration: 1800s (30 min)

[DEBUG] 🎯 Célzott Forgalom Generálása (R1C1_C) | Period: 4.7303
Found 6 valid OD pairs for R1C1_C
Generating focused traffic: Period 4.7303s
[INFO] Subscriptions active: 6 (libsumo, fast mode)
[INFO] Episode duration: 2700s (45 min)

[DEBUG] 🎯 Célzott Forgalom Generálása (R1C1_C) | Period: 4.823
Found 6 valid OD pairs for R1C1_C
Generating focused traffic: Period 4.8230s
[INFO] Subscriptions active: 6 (libsumo, fast mode)
[INFO] Episode duration: 3600s (60 min)

[DEBUG] 🎯 Célzott Forgalom Generálása (R1C1_C) | Period: 5.0264
Found 6 valid OD pairs for R1C1_C
Generating focused traffic: Period 5.0264s
[INFO] Subscriptions active: 6 (libsumo, fast mode)
[INFO] Episode duration: 1800s (30 min)

[DEBUG] 🎯 Célzott Forgalom Generálása (R1C1_C) | Period: 4.1538
Found 6 valid OD pairs for R1C1_C
Generating focused traffic: Period 4.1538s
[INFO] Subscriptions active: 6 (libsumo, fast mode)
[INFO] Episode duration: 900s (15 min)

[DEBUG] 🎯 Célzott Forgalom Generálása (R1C1_C) | Period: 5.6092
Found 6 valid OD pairs for R1C1_C
Generating focused traffic: Period 5.6092s
[INFO] Subscriptions active: 6 (libsumo, fast mode)
[INFO] Episode duration: 2700s (45 min)

[DEBUG] 🎯 Célzott Forgalom Generálása (R1C1_C) | Period: 7.6669
Found 6 valid OD pairs for R1C1_C
Generating focused traffic: Period 7.6669s
[INFO] Subscriptions active: 6 (libsumo, fast mode)
[INFO] Episode duration: 900s (15 min)

[DEBUG] 🎯 Célzott Forgalom Generálása (R1C1_C) | Period: 7.8115
Found 6 valid OD pairs for R1C1_C
Generating focused traffic: Period 7.8115s
[INFO] Subscriptions active: 6 (libsumo, fast mode)
[INFO] Episode duration: 3600s (60 min)

[DEBUG] 🎯 Célzott Forgalom Generálása (R1C1_C) | Period: 6.8288
Found 6 valid OD pairs for R1C1_C
Generating focused traffic: Period 6.8288s
[INFO] Subscriptions active: 6 (libsumo, fast mode)
[INFO] Episode duration: 3600s (60 min)

[DEBUG] 🎯 Célzott Forgalom Generálása (R1C1_C) | Period: 5.6516
Found 6 valid OD pairs for R1C1_C
Generating focused traffic: Period 5.6516s
[INFO] Subscriptions active: 6 (libsumo, fast mode)
[INFO] Episode duration: 2700s (45 min)

[DEBUG] 🎯 Célzott Forgalom Generálása (R1C1_C) | Period: 6.9465
Found 6 valid OD pairs for R1C1_C
Generating focused traffic: Period 6.9465s
[INFO] Subscriptions active: 6 (libsumo, fast mode)
------------------------------------
| rollout/              |          |
|    ep_len_mean        | 468      |
|    ep_rew_mean        | 163      |
| time/                 |          |
|    fps                | 184      |
|    iterations         | 20       |
|    time_elapsed       | 222      |
|    total_timesteps    | 40960    |
| train/                |          |
|    entropy_loss       | -1.39    |
|    explained_variance | 0.00567  |
|    learning_rate      | 0.0001   |
|    n_updates          | 19       |
|    policy_loss        | 31.3     |
|    value_loss         | 619      |
------------------------------------
[INFO] Episode duration: 3600s (60 min)

[DEBUG] 🎯 Célzott Forgalom Generálása (R1C1_C) | Period: 5.5732
Found 6 valid OD pairs for R1C1_C
Generating focused traffic: Period 5.5732s
[INFO] Subscriptions active: 6 (libsumo, fast mode)
[INFO] Episode duration: 1800s (30 min)

[DEBUG] 🎯 Célzott Forgalom Generálása (R1C1_C) | Period: 4.1344
Found 6 valid OD pairs for R1C1_C
Generating focused traffic: Period 4.1344s
[INFO] Subscriptions active: 6 (libsumo, fast mode)
[INFO] Episode duration: 1800s (30 min)

[DEBUG] 🎯 Célzott Forgalom Generálása (R1C1_C) | Period: 5.9018
Found 6 valid OD pairs for R1C1_C
Generating focused traffic: Period 5.9018s
[INFO] Subscriptions active: 6 (libsumo, fast mode)
[INFO] Episode duration: 3600s (60 min)

[DEBUG] 🎯 Célzott Forgalom Generálása (R1C1_C) | Period: 6.8418
Found 6 valid OD pairs for R1C1_C
Generating focused traffic: Period 6.8418s
[INFO] Subscriptions active: 6 (libsumo, fast mode)
[INFO] Episode duration: 2700s (45 min)

[DEBUG] 🎯 Célzott Forgalom Generálása (R1C1_C) | Period: 4.2878
Found 6 valid OD pairs for R1C1_C
Generating focused traffic: Period 4.2878s
[INFO] Subscriptions active: 6 (libsumo, fast mode)
[INFO] Episode duration: 3600s (60 min)

[DEBUG] 🎯 Célzott Forgalom Generálása (R1C1_C) | Period: 6.2087
Found 6 valid OD pairs for R1C1_C
Generating focused traffic: Period 6.2087s
[INFO] Subscriptions active: 6 (libsumo, fast mode)
[INFO] Episode duration: 2700s (45 min)

[DEBUG] 🎯 Célzott Forgalom Generálása (R1C1_C) | Period: 6.1892
Found 6 valid OD pairs for R1C1_C
Generating focused traffic: Period 6.1892s
[INFO] Subscriptions active: 6 (libsumo, fast mode)
[INFO] Episode duration: 3600s (60 min)

[DEBUG] 🎯 Célzott Forgalom Generálása (R1C1_C) | Period: 6.015
Found 6 valid OD pairs for R1C1_C
Generating focused traffic: Period 6.0150s
[INFO] Subscriptions active: 6 (libsumo, fast mode)
[INFO] Episode duration: 2700s (45 min)

[DEBUG] 🎯 Célzott Forgalom Generálása (R1C1_C) | Period: 4.7545
Found 6 valid OD pairs for R1C1_C
Generating focused traffic: Period 4.7545s
[INFO] Subscriptions active: 6 (libsumo, fast mode)
[INFO] Episode duration: 3600s (60 min)

[DEBUG] 🎯 Célzott Forgalom Generálása (R1C1_C) | Period: 5.1429
Found 6 valid OD pairs for R1C1_C
Generating focused traffic: Period 5.1429s
[INFO] Subscriptions active: 6 (libsumo, fast mode)
[INFO] Episode duration: 1800s (30 min)

[DEBUG] 🎯 Célzott Forgalom Generálása (R1C1_C) | Period: 7.6288
Found 6 valid OD pairs for R1C1_C
Generating focused traffic: Period 7.6288s
[INFO] Subscriptions active: 6 (libsumo, fast mode)
[INFO] Episode duration: 900s (15 min)

[DEBUG] 🎯 Célzott Forgalom Generálása (R1C1_C) | Period: 5.1401
Found 6 valid OD pairs for R1C1_C
Generating focused traffic: Period 5.1401s
[INFO] Subscriptions active: 6 (libsumo, fast mode)
[INFO] Episode duration: 2700s (45 min)

[DEBUG] 🎯 Célzott Forgalom Generálása (R1C1_C) | Period: 6.2089
Found 6 valid OD pairs for R1C1_C
Generating focused traffic: Period 6.2089s
[INFO] Subscriptions active: 6 (libsumo, fast mode)
[INFO] Episode duration: 2700s (45 min)

[DEBUG] 🎯 Célzott Forgalom Generálása (R1C1_C) | Period: 4.5407
Found 6 valid OD pairs for R1C1_C
Generating focused traffic: Period 4.5407s
[INFO] Subscriptions active: 6 (libsumo, fast mode)
[INFO] Episode duration: 1800s (30 min)

[DEBUG] 🎯 Célzott Forgalom Generálása (R1C1_C) | Period: 5.8177
Found 6 valid OD pairs for R1C1_C
Generating focused traffic: Period 5.8177s
[INFO] Subscriptions active: 6 (libsumo, fast mode)
[INFO] Episode duration: 1800s (30 min)

[DEBUG] 🎯 Célzott Forgalom Generálása (R1C1_C) | Period: 6.4278
Found 6 valid OD pairs for R1C1_C
Generating focused traffic: Period 6.4278s
[INFO] Subscriptions active: 6 (libsumo, fast mode)
[INFO] Episode duration: 900s (15 min)

[DEBUG] 🎯 Célzott Forgalom Generálása (R1C1_C) | Period: 7.5684
Found 6 valid OD pairs for R1C1_C
Generating focused traffic: Period 7.5684s
[INFO] Subscriptions active: 6 (libsumo, fast mode)
[INFO] Episode duration: 3600s (60 min)

[DEBUG] 🎯 Célzott Forgalom Generálása (R1C1_C) | Period: 7.2648
Found 6 valid OD pairs for R1C1_C
Generating focused traffic: Period 7.2648s
[INFO] Subscriptions active: 6 (libsumo, fast mode)
[INFO] Episode duration: 1800s (30 min)

[DEBUG] 🎯 Célzott Forgalom Generálása (R1C1_C) | Period: 4.153
Found 6 valid OD pairs for R1C1_C
Generating focused traffic: Period 4.1530s
[INFO] Subscriptions active: 6 (libsumo, fast mode)
[INFO] Episode duration: 3600s (60 min)

[DEBUG] 🎯 Célzott Forgalom Generálása (R1C1_C) | Period: 7.1793
Found 6 valid OD pairs for R1C1_C
Generating focused traffic: Period 7.1793s
[INFO] Subscriptions active: 6 (libsumo, fast mode)
[INFO] Episode duration: 2700s (45 min)

[DEBUG] 🎯 Célzott Forgalom Generálása (R1C1_C) | Period: 4.2907
Found 6 valid OD pairs for R1C1_C
Generating focused traffic: Period 4.2907s
[INFO] Subscriptions active: 6 (libsumo, fast mode)
[INFO] Episode duration: 3600s (60 min)

[DEBUG] 🎯 Célzott Forgalom Generálása (R1C1_C) | Period: 6.08
Found 6 valid OD pairs for R1C1_C
Generating focused traffic: Period 6.0800s
[INFO] Subscriptions active: 6 (libsumo, fast mode)
[INFO] Episode duration: 2700s (45 min)

[DEBUG] 🎯 Célzott Forgalom Generálása (R1C1_C) | Period: 7.0236
Found 6 valid OD pairs for R1C1_C
Generating focused traffic: Period 7.0236s
[INFO] Subscriptions active: 6 (libsumo, fast mode)
[INFO] Episode duration: 900s (15 min)

[DEBUG] 🎯 Célzott Forgalom Generálása (R1C1_C) | Period: 5.4268
Found 6 valid OD pairs for R1C1_C
Generating focused traffic: Period 5.4268s
[INFO] Subscriptions active: 6 (libsumo, fast mode)
[INFO] Episode duration: 3600s (60 min)

[DEBUG] 🎯 Célzott Forgalom Generálása (R1C1_C) | Period: 6.4371
Found 6 valid OD pairs for R1C1_C
Generating focused traffic: Period 6.4371s
[INFO] Subscriptions active: 6 (libsumo, fast mode)
[INFO] Episode duration: 3600s (60 min)

[DEBUG] 🎯 Célzott Forgalom Generálása (R1C1_C) | Period: 6.6205
Found 6 valid OD pairs for R1C1_C
Generating focused traffic: Period 6.6205s
[INFO] Subscriptions active: 6 (libsumo, fast mode)
[INFO] Episode duration: 3600s (60 min)

[DEBUG] 🎯 Célzott Forgalom Generálása (R1C1_C) | Period: 4.2328
Found 6 valid OD pairs for R1C1_C
Generating focused traffic: Period 4.2328s
[INFO] Subscriptions active: 6 (libsumo, fast mode)
[INFO] Episode duration: 2700s (45 min)

[DEBUG] 🎯 Célzott Forgalom Generálása (R1C1_C) | Period: 6.1191
Found 6 valid OD pairs for R1C1_C
Generating focused traffic: Period 6.1191s
[INFO] Subscriptions active: 6 (libsumo, fast mode)
[INFO] Episode duration: 2700s (45 min)

[DEBUG] 🎯 Célzott Forgalom Generálása (R1C1_C) | Period: 7.3661
Found 6 valid OD pairs for R1C1_C
Generating focused traffic: Period 7.3661s
[INFO] Subscriptions active: 6 (libsumo, fast mode)
[INFO] Episode duration: 2700s (45 min)

[DEBUG] 🎯 Célzott Forgalom Generálása (R1C1_C) | Period: 5.1521
Found 6 valid OD pairs for R1C1_C
Generating focused traffic: Period 5.1521s
[INFO] Subscriptions active: 6 (libsumo, fast mode)
[INFO] Episode duration: 2700s (45 min)

[DEBUG] 🎯 Célzott Forgalom Generálása (R1C1_C) | Period: 7.8204
Found 6 valid OD pairs for R1C1_C
Generating focused traffic: Period 7.8204s
[INFO] Subscriptions active: 6 (libsumo, fast mode)
[INFO] Episode duration: 1800s (30 min)

[DEBUG] 🎯 Célzott Forgalom Generálása (R1C1_C) | Period: 5.5756
Found 6 valid OD pairs for R1C1_C
Generating focused traffic: Period 5.5756s
[INFO] Subscriptions active: 6 (libsumo, fast mode)
[INFO] Episode duration: 3600s (60 min)

[DEBUG] 🎯 Célzott Forgalom Generálása (R1C1_C) | Period: 5.1005
Found 6 valid OD pairs for R1C1_C
Generating focused traffic: Period 5.1005s
[INFO] Subscriptions active: 6 (libsumo, fast mode)
[INFO] Episode duration: 3600s (60 min)

[DEBUG] 🎯 Célzott Forgalom Generálása (R1C1_C) | Period: 7.0604
Found 6 valid OD pairs for R1C1_C
Generating focused traffic: Period 7.0604s
[INFO] Subscriptions active: 6 (libsumo, fast mode)
[INFO] Episode duration: 3600s (60 min)

[DEBUG] 🎯 Célzott Forgalom Generálása (R1C1_C) | Period: 6.9535
Found 6 valid OD pairs for R1C1_C
Generating focused traffic: Period 6.9535s
[INFO] Subscriptions active: 6 (libsumo, fast mode)
[INFO] Episode duration: 1800s (30 min)

[DEBUG] 🎯 Célzott Forgalom Generálása (R1C1_C) | Period: 6.0004
Found 6 valid OD pairs for R1C1_C
Generating focused traffic: Period 6.0004s
[INFO] Subscriptions active: 6 (libsumo, fast mode)
[INFO] Episode duration: 2700s (45 min)

[DEBUG] 🎯 Célzott Forgalom Generálása (R1C1_C) | Period: 4.4015
Found 6 valid OD pairs for R1C1_C
Generating focused traffic: Period 4.4015s
[INFO] Subscriptions active: 6 (libsumo, fast mode)
[INFO] Episode duration: 3600s (60 min)

[DEBUG] 🎯 Célzott Forgalom Generálása (R1C1_C) | Period: 4.0962
Found 6 valid OD pairs for R1C1_C
Generating focused traffic: Period 4.0962s
[INFO] Subscriptions active: 6 (libsumo, fast mode)
------------------------------------
| rollout/              |          |
|    ep_len_mean        | 506      |
|    ep_rew_mean        | 174      |
| time/                 |          |
|    fps                | 183      |
|    iterations         | 30       |
|    time_elapsed       | 334      |
|    total_timesteps    | 61440    |
| train/                |          |
|    entropy_loss       | -1.39    |
|    explained_variance | 0.0112   |
|    learning_rate      | 0.0001   |
|    n_updates          | 29       |
|    policy_loss        | 38.7     |
|    value_loss         | 901      |
------------------------------------
[INFO] Episode duration: 1800s (30 min)

[DEBUG] 🎯 Célzott Forgalom Generálása (R1C1_C) | Period: 5.6838
Found 6 valid OD pairs for R1C1_C
Generating focused traffic: Period 5.6838s
[INFO] Subscriptions active: 6 (libsumo, fast mode)
[INFO] Episode duration: 2700s (45 min)

[DEBUG] 🎯 Célzott Forgalom Generálása (R1C1_C) | Period: 4.7305
Found 6 valid OD pairs for R1C1_C
Generating focused traffic: Period 4.7305s
[INFO] Subscriptions active: 6 (libsumo, fast mode)
[INFO] Episode duration: 900s (15 min)

[DEBUG] 🎯 Célzott Forgalom Generálása (R1C1_C) | Period: 4.5775
Found 6 valid OD pairs for R1C1_C
Generating focused traffic: Period 4.5775s
[INFO] Subscriptions active: 6 (libsumo, fast mode)
[INFO] Episode duration: 1800s (30 min)

[DEBUG] 🎯 Célzott Forgalom Generálása (R1C1_C) | Period: 5.2098
Found 6 valid OD pairs for R1C1_C
Generating focused traffic: Period 5.2098s
[INFO] Subscriptions active: 6 (libsumo, fast mode)
[INFO] Episode duration: 900s (15 min)

[DEBUG] 🎯 Célzott Forgalom Generálása (R1C1_C) | Period: 7.0842
Found 6 valid OD pairs for R1C1_C
Generating focused traffic: Period 7.0842s
[INFO] Subscriptions active: 6 (libsumo, fast mode)
[INFO] Episode duration: 1800s (30 min)

[DEBUG] 🎯 Célzott Forgalom Generálása (R1C1_C) | Period: 4.5801
Found 6 valid OD pairs for R1C1_C
Generating focused traffic: Period 4.5801s
[INFO] Subscriptions active: 6 (libsumo, fast mode)
[INFO] Episode duration: 3600s (60 min)

[DEBUG] 🎯 Célzott Forgalom Generálása (R1C1_C) | Period: 5.936
Found 6 valid OD pairs for R1C1_C
Generating focused traffic: Period 5.9360s
[INFO] Subscriptions active: 6 (libsumo, fast mode)
[INFO] Episode duration: 1800s (30 min)

[DEBUG] 🎯 Célzott Forgalom Generálása (R1C1_C) | Period: 4.6866
Found 6 valid OD pairs for R1C1_C
Generating focused traffic: Period 4.6866s
[INFO] Subscriptions active: 6 (libsumo, fast mode)
[INFO] Episode duration: 3600s (60 min)

[DEBUG] 🎯 Célzott Forgalom Generálása (R1C1_C) | Period: 5.7521
Found 6 valid OD pairs for R1C1_C
Generating focused traffic: Period 5.7521s
[INFO] Subscriptions active: 6 (libsumo, fast mode)
[INFO] Episode duration: 900s (15 min)

[DEBUG] 🎯 Célzott Forgalom Generálása (R1C1_C) | Period: 6.4551
Found 6 valid OD pairs for R1C1_C
Generating focused traffic: Period 6.4551s
[INFO] Subscriptions active: 6 (libsumo, fast mode)
[INFO] Episode duration: 900s (15 min)

[DEBUG] 🎯 Célzott Forgalom Generálása (R1C1_C) | Period: 6.511
Found 6 valid OD pairs for R1C1_C
Generating focused traffic: Period 6.5110s
[INFO] Subscriptions active: 6 (libsumo, fast mode)
[INFO] Episode duration: 900s (15 min)

[DEBUG] 🎯 Célzott Forgalom Generálása (R1C1_C) | Period: 6.9068
Found 6 valid OD pairs for R1C1_C
Generating focused traffic: Period 6.9068s
[INFO] Subscriptions active: 6 (libsumo, fast mode)
[INFO] Episode duration: 900s (15 min)

[DEBUG] 🎯 Célzott Forgalom Generálása (R1C1_C) | Period: 6.8189
Found 6 valid OD pairs for R1C1_C
Generating focused traffic: Period 6.8189s
[INFO] Subscriptions active: 6 (libsumo, fast mode)
[INFO] Episode duration: 2700s (45 min)

[DEBUG] 🎯 Célzott Forgalom Generálása (R1C1_C) | Period: 6.8701
Found 6 valid OD pairs for R1C1_C
Generating focused traffic: Period 6.8701s
[INFO] Subscriptions active: 6 (libsumo, fast mode)
[INFO] Episode duration: 3600s (60 min)

[DEBUG] 🎯 Célzott Forgalom Generálása (R1C1_C) | Period: 7.6161
Found 6 valid OD pairs for R1C1_C
Generating focused traffic: Period 7.6161s
[INFO] Subscriptions active: 6 (libsumo, fast mode)
[INFO] Episode duration: 900s (15 min)

[DEBUG] 🎯 Célzott Forgalom Generálása (R1C1_C) | Period: 6.3508
Found 6 valid OD pairs for R1C1_C
Generating focused traffic: Period 6.3508s
[INFO] Subscriptions active: 6 (libsumo, fast mode)
[INFO] Episode duration: 2700s (45 min)

[DEBUG] 🎯 Célzott Forgalom Generálása (R1C1_C) | Period: 7.4025
Found 6 valid OD pairs for R1C1_C
Generating focused traffic: Period 7.4025s
[INFO] Subscriptions active: 6 (libsumo, fast mode)
[INFO] Episode duration: 2700s (45 min)

[DEBUG] 🎯 Célzott Forgalom Generálása (R1C1_C) | Period: 7.7288
Found 6 valid OD pairs for R1C1_C
Generating focused traffic: Period 7.7288s
[INFO] Subscriptions active: 6 (libsumo, fast mode)
[INFO] Episode duration: 2700s (45 min)

[DEBUG] 🎯 Célzott Forgalom Generálása (R1C1_C) | Period: 7.6265
Found 6 valid OD pairs for R1C1_C
Generating focused traffic: Period 7.6265s
[INFO] Subscriptions active: 6 (libsumo, fast mode)
[INFO] Episode duration: 1800s (30 min)

[DEBUG] 🎯 Célzott Forgalom Generálása (R1C1_C) | Period: 6.5993
Found 6 valid OD pairs for R1C1_C
Generating focused traffic: Period 6.5993s
[INFO] Subscriptions active: 6 (libsumo, fast mode)
[INFO] Episode duration: 2700s (45 min)

[DEBUG] 🎯 Célzott Forgalom Generálása (R1C1_C) | Period: 5.6201
Found 6 valid OD pairs for R1C1_C
Generating focused traffic: Period 5.6201s
[INFO] Subscriptions active: 6 (libsumo, fast mode)
[INFO] Episode duration: 2700s (45 min)

[DEBUG] 🎯 Célzott Forgalom Generálása (R1C1_C) | Period: 5.0928
Found 6 valid OD pairs for R1C1_C
Generating focused traffic: Period 5.0928s
[INFO] Subscriptions active: 6 (libsumo, fast mode)
[INFO] Episode duration: 3600s (60 min)

[DEBUG] 🎯 Célzott Forgalom Generálása (R1C1_C) | Period: 7.0828
Found 6 valid OD pairs for R1C1_C
Generating focused traffic: Period 7.0828s
[INFO] Subscriptions active: 6 (libsumo, fast mode)
[INFO] Episode duration: 900s (15 min)

[DEBUG] 🎯 Célzott Forgalom Generálása (R1C1_C) | Period: 4.6429
Found 6 valid OD pairs for R1C1_C
Generating focused traffic: Period 4.6429s
[INFO] Subscriptions active: 6 (libsumo, fast mode)
[INFO] Episode duration: 3600s (60 min)

[DEBUG] 🎯 Célzott Forgalom Generálása (R1C1_C) | Period: 6.8531
Found 6 valid OD pairs for R1C1_C
Generating focused traffic: Period 6.8531s
[INFO] Subscriptions active: 6 (libsumo, fast mode)
[INFO] Episode duration: 900s (15 min)

[DEBUG] 🎯 Célzott Forgalom Generálása (R1C1_C) | Period: 5.237
Found 6 valid OD pairs for R1C1_C
Generating focused traffic: Period 5.2370s
[INFO] Subscriptions active: 6 (libsumo, fast mode)
[INFO] Episode duration: 900s (15 min)

[DEBUG] 🎯 Célzott Forgalom Generálása (R1C1_C) | Period: 6.3938
Found 6 valid OD pairs for R1C1_C
Generating focused traffic: Period 6.3938s
[INFO] Subscriptions active: 6 (libsumo, fast mode)
[INFO] Episode duration: 3600s (60 min)

[DEBUG] 🎯 Célzott Forgalom Generálása (R1C1_C) | Period: 7.2145
Found 6 valid OD pairs for R1C1_C
Generating focused traffic: Period 7.2145s
[INFO] Subscriptions active: 6 (libsumo, fast mode)
[INFO] Episode duration: 3600s (60 min)

[DEBUG] 🎯 Célzott Forgalom Generálása (R1C1_C) | Period: 4.9812
Found 6 valid OD pairs for R1C1_C
Generating focused traffic: Period 4.9812s
[INFO] Subscriptions active: 6 (libsumo, fast mode)
[INFO] Episode duration: 3600s (60 min)

[DEBUG] 🎯 Célzott Forgalom Generálása (R1C1_C) | Period: 7.0517
Found 6 valid OD pairs for R1C1_C
Generating focused traffic: Period 7.0517s
[INFO] Subscriptions active: 6 (libsumo, fast mode)
[INFO] Episode duration: 3600s (60 min)

[DEBUG] 🎯 Célzott Forgalom Generálása (R1C1_C) | Period: 6.4416
Found 6 valid OD pairs for R1C1_C
Generating focused traffic: Period 6.4416s
[INFO] Subscriptions active: 6 (libsumo, fast mode)
[INFO] Episode duration: 1800s (30 min)

[DEBUG] 🎯 Célzott Forgalom Generálása (R1C1_C) | Period: 5.856
Found 6 valid OD pairs for R1C1_C
Generating focused traffic: Period 5.8560s
[INFO] Subscriptions active: 6 (libsumo, fast mode)
[INFO] Episode duration: 2700s (45 min)

[DEBUG] 🎯 Célzott Forgalom Generálása (R1C1_C) | Period: 4.8189
Found 6 valid OD pairs for R1C1_C
Generating focused traffic: Period 4.8189s
[INFO] Subscriptions active: 6 (libsumo, fast mode)
[INFO] Episode duration: 2700s (45 min)

[DEBUG] 🎯 Célzott Forgalom Generálása (R1C1_C) | Period: 4.2029
Found 6 valid OD pairs for R1C1_C
Generating focused traffic: Period 4.2029s
[INFO] Subscriptions active: 6 (libsumo, fast mode)
[INFO] Episode duration: 3600s (60 min)

[DEBUG] 🎯 Célzott Forgalom Generálása (R1C1_C) | Period: 6.9265
Found 6 valid OD pairs for R1C1_C
Generating focused traffic: Period 6.9265s
[INFO] Subscriptions active: 6 (libsumo, fast mode)
[INFO] Episode duration: 3600s (60 min)

[DEBUG] 🎯 Célzott Forgalom Generálása (R1C1_C) | Period: 4.8216
Found 6 valid OD pairs for R1C1_C
Generating focused traffic: Period 4.8216s
[INFO] Subscriptions active: 6 (libsumo, fast mode)
[INFO] Episode duration: 900s (15 min)

[DEBUG] 🎯 Célzott Forgalom Generálása (R1C1_C) | Period: 4.8309
Found 6 valid OD pairs for R1C1_C
Generating focused traffic: Period 4.8309s
[INFO] Subscriptions active: 6 (libsumo, fast mode)
[INFO] Episode duration: 1800s (30 min)

[DEBUG] 🎯 Célzott Forgalom Generálása (R1C1_C) | Period: 7.0057
Found 6 valid OD pairs for R1C1_C
Generating focused traffic: Period 7.0057s
[INFO] Subscriptions active: 6 (libsumo, fast mode)
[INFO] Episode duration: 3600s (60 min)

[DEBUG] 🎯 Célzott Forgalom Generálása (R1C1_C) | Period: 6.0981
Found 6 valid OD pairs for R1C1_C
Generating focused traffic: Period 6.0981s
[INFO] Subscriptions active: 6 (libsumo, fast mode)
[INFO] Episode duration: 2700s (45 min)

[DEBUG] 🎯 Célzott Forgalom Generálása (R1C1_C) | Period: 4.6327
Found 6 valid OD pairs for R1C1_C
Generating focused traffic: Period 4.6327s
[INFO] Subscriptions active: 6 (libsumo, fast mode)
[INFO] Episode duration: 1800s (30 min)

[DEBUG] 🎯 Célzott Forgalom Generálása (R1C1_C) | Period: 6.7632
Found 6 valid OD pairs for R1C1_C
Generating focused traffic: Period 6.7632s
[INFO] Subscriptions active: 6 (libsumo, fast mode)
[INFO] Episode duration: 900s (15 min)

[DEBUG] 🎯 Célzott Forgalom Generálása (R1C1_C) | Period: 4.1158
Found 6 valid OD pairs for R1C1_C
Generating focused traffic: Period 4.1158s
[INFO] Subscriptions active: 6 (libsumo, fast mode)
[INFO] Episode duration: 900s (15 min)

[DEBUG] 🎯 Célzott Forgalom Generálása (R1C1_C) | Period: 7.3984
Found 6 valid OD pairs for R1C1_C
Generating focused traffic: Period 7.3984s
[INFO] Subscriptions active: 6 (libsumo, fast mode)
[INFO] Episode duration: 3600s (60 min)

[DEBUG] 🎯 Célzott Forgalom Generálása (R1C1_C) | Period: 7.6087
Found 6 valid OD pairs for R1C1_C
Generating focused traffic: Period 7.6087s
[INFO] Subscriptions active: 6 (libsumo, fast mode)
[INFO] Episode duration: 1800s (30 min)

[DEBUG] 🎯 Célzott Forgalom Generálása (R1C1_C) | Period: 7.8021
Found 6 valid OD pairs for R1C1_C
Generating focused traffic: Period 7.8021s
[INFO] Subscriptions active: 6 (libsumo, fast mode)
------------------------------------
| rollout/              |          |
|    ep_len_mean        | 504      |
|    ep_rew_mean        | 175      |
| time/                 |          |
|    fps                | 183      |
|    iterations         | 40       |
|    time_elapsed       | 445      |
|    total_timesteps    | 81920    |
| train/                |          |
|    entropy_loss       | -1.39    |
|    explained_variance | 0.00658  |
|    learning_rate      | 0.0001   |
|    n_updates          | 39       |
|    policy_loss        | 35.2     |
|    value_loss         | 752      |
------------------------------------
[INFO] Episode duration: 900s (15 min)

[DEBUG] 🎯 Célzott Forgalom Generálása (R1C1_C) | Period: 6.4535
Found 6 valid OD pairs for R1C1_C
Generating focused traffic: Period 6.4535s
[INFO] Subscriptions active: 6 (libsumo, fast mode)
[INFO] Episode duration: 3600s (60 min)

[DEBUG] 🎯 Célzott Forgalom Generálása (R1C1_C) | Period: 7.4915
Found 6 valid OD pairs for R1C1_C
Generating focused traffic: Period 7.4915s
[INFO] Subscriptions active: 6 (libsumo, fast mode)
[INFO] Episode duration: 2700s (45 min)

[DEBUG] 🎯 Célzott Forgalom Generálása (R1C1_C) | Period: 7.438
Found 6 valid OD pairs for R1C1_C
Generating focused traffic: Period 7.4380s
[INFO] Subscriptions active: 6 (libsumo, fast mode)
[INFO] Episode duration: 900s (15 min)

[DEBUG] 🎯 Célzott Forgalom Generálása (R1C1_C) | Period: 6.4755
Found 6 valid OD pairs for R1C1_C
Generating focused traffic: Period 6.4755s
[INFO] Subscriptions active: 6 (libsumo, fast mode)
[INFO] Episode duration: 2700s (45 min)

[DEBUG] 🎯 Célzott Forgalom Generálása (R1C1_C) | Period: 6.232
Found 6 valid OD pairs for R1C1_C
Generating focused traffic: Period 6.2320s
[INFO] Subscriptions active: 6 (libsumo, fast mode)
[INFO] Episode duration: 2700s (45 min)

[DEBUG] 🎯 Célzott Forgalom Generálása (R1C1_C) | Period: 5.1479
Found 6 valid OD pairs for R1C1_C
Generating focused traffic: Period 5.1479s
[INFO] Subscriptions active: 6 (libsumo, fast mode)
[INFO] Episode duration: 900s (15 min)

[DEBUG] 🎯 Célzott Forgalom Generálása (R1C1_C) | Period: 7.8076
Found 6 valid OD pairs for R1C1_C
Generating focused traffic: Period 7.8076s
[INFO] Subscriptions active: 6 (libsumo, fast mode)
[INFO] Episode duration: 900s (15 min)

[DEBUG] 🎯 Célzott Forgalom Generálása (R1C1_C) | Period: 7.7851
Found 6 valid OD pairs for R1C1_C
Generating focused traffic: Period 7.7851s
[INFO] Subscriptions active: 6 (libsumo, fast mode)
[INFO] Episode duration: 2700s (45 min)

[DEBUG] 🎯 Célzott Forgalom Generálása (R1C1_C) | Period: 7.2052
Found 6 valid OD pairs for R1C1_C
Generating focused traffic: Period 7.2052s
[INFO] Subscriptions active: 6 (libsumo, fast mode)
[INFO] Episode duration: 1800s (30 min)

[DEBUG] 🎯 Célzott Forgalom Generálása (R1C1_C) | Period: 7.2083
Found 6 valid OD pairs for R1C1_C
Generating focused traffic: Period 7.2083s
[INFO] Subscriptions active: 6 (libsumo, fast mode)
[INFO] Episode duration: 3600s (60 min)

[DEBUG] 🎯 Célzott Forgalom Generálása (R1C1_C) | Period: 5.555
Found 6 valid OD pairs for R1C1_C
Generating focused traffic: Period 5.5550s
[INFO] Subscriptions active: 6 (libsumo, fast mode)
[INFO] Episode duration: 2700s (45 min)

[DEBUG] 🎯 Célzott Forgalom Generálása (R1C1_C) | Period: 7.7935
Found 6 valid OD pairs for R1C1_C
Generating focused traffic: Period 7.7935s
[INFO] Subscriptions active: 6 (libsumo, fast mode)
[INFO] Episode duration: 2700s (45 min)

[DEBUG] 🎯 Célzott Forgalom Generálása (R1C1_C) | Period: 6.9745
Found 6 valid OD pairs for R1C1_C
Generating focused traffic: Period 6.9745s
[INFO] Subscriptions active: 6 (libsumo, fast mode)
[INFO] Episode duration: 900s (15 min)

[DEBUG] 🎯 Célzott Forgalom Generálása (R1C1_C) | Period: 6.4677
Found 6 valid OD pairs for R1C1_C
Generating focused traffic: Period 6.4677s
[INFO] Subscriptions active: 6 (libsumo, fast mode)
[INFO] Episode duration: 2700s (45 min)

[DEBUG] 🎯 Célzott Forgalom Generálása (R1C1_C) | Period: 4.9334
Found 6 valid OD pairs for R1C1_C
Generating focused traffic: Period 4.9334s
[INFO] Subscriptions active: 6 (libsumo, fast mode)
[INFO] Episode duration: 2700s (45 min)

[DEBUG] 🎯 Célzott Forgalom Generálása (R1C1_C) | Period: 6.4538
Found 6 valid OD pairs for R1C1_C
Generating focused traffic: Period 6.4538s
[INFO] Subscriptions active: 6 (libsumo, fast mode)
[INFO] Episode duration: 900s (15 min)

[DEBUG] 🎯 Célzott Forgalom Generálása (R1C1_C) | Period: 4.5722
Found 6 valid OD pairs for R1C1_C
Generating focused traffic: Period 4.5722s
[INFO] Subscriptions active: 6 (libsumo, fast mode)
[INFO] Episode duration: 900s (15 min)

[DEBUG] 🎯 Célzott Forgalom Generálása (R1C1_C) | Period: 4.1799
Found 6 valid OD pairs for R1C1_C
Generating focused traffic: Period 4.1799s
[INFO] Subscriptions active: 6 (libsumo, fast mode)
[INFO] Episode duration: 1800s (30 min)

[DEBUG] 🎯 Célzott Forgalom Generálása (R1C1_C) | Period: 7.1479
Found 6 valid OD pairs for R1C1_C
Generating focused traffic: Period 7.1479s
[INFO] Subscriptions active: 6 (libsumo, fast mode)
[INFO] Episode duration: 3600s (60 min)

[DEBUG] 🎯 Célzott Forgalom Generálása (R1C1_C) | Period: 7.5349
Found 6 valid OD pairs for R1C1_C
Generating focused traffic: Period 7.5349s
[INFO] Subscriptions active: 6 (libsumo, fast mode)
[INFO] Episode duration: 3600s (60 min)

[DEBUG] 🎯 Célzott Forgalom Generálása (R1C1_C) | Period: 7.4693
Found 6 valid OD pairs for R1C1_C
Generating focused traffic: Period 7.4693s
[INFO] Subscriptions active: 6 (libsumo, fast mode)
[INFO] Episode duration: 900s (15 min)

[DEBUG] 🎯 Célzott Forgalom Generálása (R1C1_C) | Period: 5.8418
Found 6 valid OD pairs for R1C1_C
Generating focused traffic: Period 5.8418s
[INFO] Subscriptions active: 6 (libsumo, fast mode)
[INFO] Episode duration: 2700s (45 min)

[DEBUG] 🎯 Célzott Forgalom Generálása (R1C1_C) | Period: 4.5881
Found 6 valid OD pairs for R1C1_C
Generating focused traffic: Period 4.5881s
[INFO] Subscriptions active: 6 (libsumo, fast mode)
[INFO] Episode duration: 2700s (45 min)

[DEBUG] 🎯 Célzott Forgalom Generálása (R1C1_C) | Period: 5.2442
Found 6 valid OD pairs for R1C1_C
Generating focused traffic: Period 5.2442s
[INFO] Subscriptions active: 6 (libsumo, fast mode)
[INFO] Episode duration: 2700s (45 min)

[DEBUG] 🎯 Célzott Forgalom Generálása (R1C1_C) | Period: 5.6634
Found 6 valid OD pairs for R1C1_C
Generating focused traffic: Period 5.6634s
[INFO] Subscriptions active: 6 (libsumo, fast mode)
[INFO] Episode duration: 3600s (60 min)

[DEBUG] 🎯 Célzott Forgalom Generálása (R1C1_C) | Period: 5.6169
Found 6 valid OD pairs for R1C1_C
Generating focused traffic: Period 5.6169s
[INFO] Subscriptions active: 6 (libsumo, fast mode)
[INFO] Episode duration: 1800s (30 min)

[DEBUG] 🎯 Célzott Forgalom Generálása (R1C1_C) | Period: 5.7541
Found 6 valid OD pairs for R1C1_C
Generating focused traffic: Period 5.7541s
[INFO] Subscriptions active: 6 (libsumo, fast mode)
[INFO] Episode duration: 3600s (60 min)

[DEBUG] 🎯 Célzott Forgalom Generálása (R1C1_C) | Period: 5.6895
Found 6 valid OD pairs for R1C1_C
Generating focused traffic: Period 5.6895s
[INFO] Subscriptions active: 6 (libsumo, fast mode)
[INFO] Episode duration: 900s (15 min)

[DEBUG] 🎯 Célzott Forgalom Generálása (R1C1_C) | Period: 6.3542
Found 6 valid OD pairs for R1C1_C
Generating focused traffic: Period 6.3542s
[INFO] Subscriptions active: 6 (libsumo, fast mode)
[INFO] Episode duration: 2700s (45 min)

[DEBUG] 🎯 Célzott Forgalom Generálása (R1C1_C) | Period: 6.8813
Found 6 valid OD pairs for R1C1_C
Generating focused traffic: Period 6.8813s
[INFO] Subscriptions active: 6 (libsumo, fast mode)
[INFO] Episode duration: 3600s (60 min)

[DEBUG] 🎯 Célzott Forgalom Generálása (R1C1_C) | Period: 7.673
Found 6 valid OD pairs for R1C1_C
Generating focused traffic: Period 7.6730s
[INFO] Subscriptions active: 6 (libsumo, fast mode)
[INFO] Episode duration: 2700s (45 min)

[DEBUG] 🎯 Célzott Forgalom Generálása (R1C1_C) | Period: 4.0148
Found 6 valid OD pairs for R1C1_C
Generating focused traffic: Period 4.0148s
[INFO] Subscriptions active: 6 (libsumo, fast mode)
[INFO] Episode duration: 2700s (45 min)

[DEBUG] 🎯 Célzott Forgalom Generálása (R1C1_C) | Period: 6.1826
Found 6 valid OD pairs for R1C1_C
Generating focused traffic: Period 6.1826s
[INFO] Subscriptions active: 6 (libsumo, fast mode)
[INFO] Episode duration: 2700s (45 min)

[DEBUG] 🎯 Célzott Forgalom Generálása (R1C1_C) | Period: 6.8851
Found 6 valid OD pairs for R1C1_C
Generating focused traffic: Period 6.8851s
[INFO] Subscriptions active: 6 (libsumo, fast mode)
[INFO] Episode duration: 1800s (30 min)
wandb: WARNING Symlinked 1 file into the W&B run directory; call wandb.save again to sync new files.
/Users/wagnertamas/Documents/Munka/cikkek/AI_agens_konyvtar/support/intergreen_matrix_calculator/rl_trainer.py:857: UserWarning: Exporting a model while it is in training mode. Please ensure that this is intended, as it may lead to different behavior during inference. Calling model.eval() before export is recommended.
  torch.onnx.export(
/Users/wagnertamas/Documents/Munka/cikkek/AI_agens_konyvtar/support/intergreen_matrix_calculator/rl_trainer.py:857: UserWarning: # 'dynamic_axes' is not recommended when dynamo=True, and may lead to 'torch._dynamo.exc.UserError: Constraints violated.' Supply the 'dynamic_shapes' argument instead if export is unsuccessful.
  torch.onnx.export(
wandb: updating run metadata
wandb: uploading pytorch_models/R1C1_C.zip; uploading output.log; uploading wandb-summary.json; uploading config.yaml
wandb: uploading pytorch_models/R1C1_C.zip; uploading output.log; uploading wandb-summary.json
wandb: uploading history steps 989-1002, summary, console lines 1329-1357
wandb: 
wandb: Run history:
wandb:  R1C1_C/action_pct/phase_0 ▅▄▇▃▁█▅▃▃▃▅▆▅▂▆▅▆▄▅▆▃▄▃▁▃▂▃▅▂▆▇▂▄▆▆▆▃█▃▆
wandb:  R1C1_C/action_pct/phase_1 ▄▃▄▃▃▅▃▂▅▄▃▁▃▆▃▄▂▅▄▇▄▄▅█▄▂▅▃▄▃▄▄▃▅▅▃▅▁▄▄
wandb:  R1C1_C/action_pct/phase_2 ▅▇▂▅▇▂▄█▄▅▆▆▅▃▄▃▆▅▄▁▃▅▅▂▅▅▄▅▆▂▂▆▄▂▃▅▄▄▅▄
wandb:  R1C1_C/action_pct/phase_3 ▁▂▅▆▅▁▆▄▄▄▂▃▄▆▅▄▃▂▄▂▇▃▃▄▄█▅▃▃█▅▅▆▄▂▃▄▆▄▄
wandb:  R1C1_C/train/entropy_loss ▂▂▂▂▂▁▁▂▃▃▄▃▃▃▄▆▄▄▅▅▄▄▄▄▄▄▅▆▇▇▆▆▅▅▅█▇▇▇▇
wandb: R1C1_C/train/learning_rate ▁▁▁▁▁▁▁▁▁▁▁▁▁▁▁▁▁▁▁▁▁▁▁▁▁▁▁▁▁▁▁▁▁▁▁▁▁▁▁▁
wandb:    R1C1_C/train/value_loss ▂▂▆▆▅▄▄▃▃▄▄▄▄▆▂▄▄▄▄▄▃▆▄▅▅▄▁██▆▆▅▃▃▄▅▅█▄▄
wandb:                 avg_reward ▂▃▂▁▇▆▃▁▁▆▃▄▃▂▂▁▆▆▁▆▅▁▁▆▆▅▆▆█▅▅▃▄█▇█▃▆▄▂
wandb:                    episode ▁▁▁▁▁▁▁▂▂▂▂▃▃▃▃▃▃▄▄▄▄▄▅▅▅▆▆▆▆▆▇▇▇▇▇█████
wandb:         episode/avg_reward ▁█▇▇▂▆▆▆▄▄▇▃▇▂▄▅▃▅▄▅▁▁▂▅▂▇█▆▆▅▇▅▇▄▅▅██▃▃
wandb:                         +7 ...
wandb: 
wandb: Run summary:
wandb:  R1C1_C/action_pct/phase_0 26.85185
wandb:  R1C1_C/action_pct/phase_1 24.25926
wandb:  R1C1_C/action_pct/phase_2 23.7037
wandb:  R1C1_C/action_pct/phase_3 25.18519
wandb:  R1C1_C/train/entropy_loss -1.38619
wandb: R1C1_C/train/learning_rate 0.0001
wandb:    R1C1_C/train/value_loss 764.05579
wandb:                 avg_reward 0.18926
wandb:                    episode 209
wandb:         episode/avg_reward 0.30707
wandb:                         +7 ...
wandb: 
wandb: 🚀 View run a2c_co2_speedstd_2x16_1_R1C1_C at: https://wandb.ai/wagnertamas-budapesti-m-szaki-s-gazdas-gtudom-nyi-egyetem/sumo-rl-stat/runs/iza6ytvb
wandb: ⭐️ View project at: https://wandb.ai/wagnertamas-budapesti-m-szaki-s-gazdas-gtudom-nyi-egyetem/sumo-rl-stat
wandb: Synced 5 W&B file(s), 0 media file(s), 0 artifact file(s) and 1 other file(s)
wandb: Find logs at: ./wandb/run-20260322_024708-iza6ytvb/logs

[DEBUG] 🎯 Célzott Forgalom Generálása (R1C1_C) | Period: 6.4235
Found 6 valid OD pairs for R1C1_C
Generating focused traffic: Period 6.4235s
[INFO] Subscriptions active: 6 (libsumo, fast mode)
[INFO] Episode duration: 2700s (45 min)

[DEBUG] 🎯 Célzott Forgalom Generálása (R1C1_C) | Period: 4.8446
Found 6 valid OD pairs for R1C1_C
Generating focused traffic: Period 4.8446s
[INFO] Subscriptions active: 6 (libsumo, fast mode)
[INFO] Episode duration: 2700s (45 min)

[DEBUG] 🎯 Célzott Forgalom Generálása (R1C1_C) | Period: 4.5202
Found 6 valid OD pairs for R1C1_C
Generating focused traffic: Period 4.5202s
[INFO] Subscriptions active: 6 (libsumo, fast mode)
[INFO] Episode duration: 1800s (30 min)

[DEBUG] 🎯 Célzott Forgalom Generálása (R1C1_C) | Period: 5.283
Found 6 valid OD pairs for R1C1_C
Generating focused traffic: Period 5.2830s
[INFO] Subscriptions active: 6 (libsumo, fast mode)
[INFO] Episode duration: 2700s (45 min)

[DEBUG] 🎯 Célzott Forgalom Generálása (R1C1_C) | Period: 4.4972
Found 6 valid OD pairs for R1C1_C
Generating focused traffic: Period 4.4972s
[INFO] Subscriptions active: 6 (libsumo, fast mode)
On-policy training completed.
Closing environment and EXPORTING models...
Saving PyTorch ZIP models to /Users/wagnertamas/Documents/Munka/cikkek/AI_agens_konyvtar/support/intergreen_matrix_calculator/data/runs/pytorch_models...
Saved PyTorch R1C1_C to /Users/wagnertamas/Documents/Munka/cikkek/AI_agens_konyvtar/support/intergreen_matrix_calculator/data/runs/pytorch_models/R1C1_C.zip
Exporting ONNX models to /Users/wagnertamas/Documents/Munka/cikkek/AI_agens_konyvtar/support/intergreen_matrix_calculator/data/runs/onnx_models...
Failed to export R1C1_C: # Failed to convert 'dynamic_axes' to 'dynamic_shapes'. Please provide 'dynamic_shapes' directly. Refer to the documentation for 'torch.export.export' for more information on dynamic shapes.
Cleanup done.
