wandb: [wandb.login()] Loaded credentials for https://api.wandb.ai from /Users/wagnertamas/.netrc.
wandb: Currently logged in as: wagnertamas (wagnertamas-budapesti-m-szaki-s-gazdas-gtudom-nyi-egyetem) to https://api.wandb.ai. Use `wandb login --relogin` to force relogin
wandb: setting up run 7t8j1u85
wandb: Tracking run with wandb version 0.25.0
wandb: Run data is saved locally in /Users/wagnertamas/Documents/Munka/cikkek/AI_agens_konyvtar/support/intergreen_matrix_calculator/wandb/run-20260322_030040-7t8j1u85
wandb: Run `wandb offline` to turn off syncing.
wandb: Syncing run a2c_co2_speedstd_3x8_3_R1C1_C
wandb: ⭐️ View project at https://wandb.ai/wagnertamas-budapesti-m-szaki-s-gazdas-gtudom-nyi-egyetem/sumo-rl-stat
wandb: 🚀 View run at https://wandb.ai/wagnertamas-budapesti-m-szaki-s-gazdas-gtudom-nyi-egyetem/sumo-rl-stat/runs/7t8j1u85
[INFO] Config: training_config.yaml
[INFO] Net: /Users/wagnertamas/Documents/Munka/cikkek/AI_agens_konyvtar/support/intergreen_matrix_calculator/data/mega_catalogue_v2.net.xml
[INFO] Timesteps: 100000 | Project: sumo-rl-stat
[INFO] Junction: R1C1_C
[INFO] Algorithm: a2c | Reward: co2_speedstd
[INFO] Load model: None (fresh)
[INFO] Traffic: random target+spread (epizódonként)
Initializing Environment (algorithm=a2c, reward=co2_speedstd)...
[INFO] Algorithm: a2c (on_policy)
[INFO] Reward mode: co2_speedstd
WandB config applied (Sweep compatible).
[INFO] Junction reward params auto-loaded from /Users/wagnertamas/Documents/Munka/cikkek/AI_agens_konyvtar/support/intergreen_matrix_calculator/data/junction_reward_params.json
[INFO] Using 'libsumo' (fast headless mode, OS=darwin).
Starting SUMO...
[INFO] Episode duration: 2700s (45 min)

[DEBUG] 🎯 Célzott Forgalom Generálása (R1C1_C) | Period: 4.2711
Found 6 valid OD pairs for R1C1_C
Generating focused traffic: Period 4.2711s
[INFO] Network mapped: 1 agents, 3 detectors, 3 lanes
[INFO] Subscriptions active: 6 (libsumo, fast mode)
Agents discovered: ['R1C1_C']
[INFO] RL device: mps
[INFO] On-policy training: a2c → R1C1_C
Using mps device
Wrapping the env with a `Monitor` wrapper
Wrapping the env in a DummyVecEnv.
Starting on-policy training: 100000 timesteps...
[INFO] Episode duration: 2700s (45 min)

[DEBUG] 🎯 Célzott Forgalom Generálása (R1C1_C) | Period: 7.6483
Found 6 valid OD pairs for R1C1_C
Generating focused traffic: Period 7.6483s
[INFO] Subscriptions active: 6 (libsumo, fast mode)
Logging to /Users/wagnertamas/Documents/Munka/cikkek/AI_agens_konyvtar/support/intergreen_matrix_calculator/data/runs/sumo-rl-stat/R1C1_C/A2C_124
[INFO] Episode duration: 1800s (30 min)

[DEBUG] 🎯 Célzott Forgalom Generálása (R1C1_C) | Period: 6.0807
Found 6 valid OD pairs for R1C1_C
Generating focused traffic: Period 6.0807s
[INFO] Subscriptions active: 6 (libsumo, fast mode)
[INFO] Episode duration: 3600s (60 min)

[DEBUG] 🎯 Célzott Forgalom Generálása (R1C1_C) | Period: 5.0153
Found 6 valid OD pairs for R1C1_C
Generating focused traffic: Period 5.0153s
[INFO] Subscriptions active: 6 (libsumo, fast mode)
[INFO] Episode duration: 2700s (45 min)

[DEBUG] 🎯 Célzott Forgalom Generálása (R1C1_C) | Period: 7.0992
Found 6 valid OD pairs for R1C1_C
Generating focused traffic: Period 7.0992s
[INFO] Subscriptions active: 6 (libsumo, fast mode)
[INFO] Episode duration: 1800s (30 min)

[DEBUG] 🎯 Célzott Forgalom Generálása (R1C1_C) | Period: 6.453
Found 6 valid OD pairs for R1C1_C
Generating focused traffic: Period 6.4530s
[INFO] Subscriptions active: 6 (libsumo, fast mode)
[INFO] Episode duration: 900s (15 min)

[DEBUG] 🎯 Célzott Forgalom Generálása (R1C1_C) | Period: 6.6988
Found 6 valid OD pairs for R1C1_C
Generating focused traffic: Period 6.6988s
[INFO] Subscriptions active: 6 (libsumo, fast mode)
[INFO] Episode duration: 900s (15 min)

[DEBUG] 🎯 Célzott Forgalom Generálása (R1C1_C) | Period: 6.3601
Found 6 valid OD pairs for R1C1_C
Generating focused traffic: Period 6.3601s
[INFO] Subscriptions active: 6 (libsumo, fast mode)
[INFO] Episode duration: 1800s (30 min)

[DEBUG] 🎯 Célzott Forgalom Generálása (R1C1_C) | Period: 6.4197
Found 6 valid OD pairs for R1C1_C
Generating focused traffic: Period 6.4197s
[INFO] Subscriptions active: 6 (libsumo, fast mode)
[INFO] Episode duration: 900s (15 min)

[DEBUG] 🎯 Célzott Forgalom Generálása (R1C1_C) | Period: 5.2162
Found 6 valid OD pairs for R1C1_C
Generating focused traffic: Period 5.2162s
[INFO] Subscriptions active: 6 (libsumo, fast mode)
[INFO] Episode duration: 1800s (30 min)

[DEBUG] 🎯 Célzott Forgalom Generálása (R1C1_C) | Period: 6.3498
Found 6 valid OD pairs for R1C1_C
Generating focused traffic: Period 6.3498s
[INFO] Subscriptions active: 6 (libsumo, fast mode)
[INFO] Episode duration: 1800s (30 min)

[DEBUG] 🎯 Célzott Forgalom Generálása (R1C1_C) | Period: 7.289
Found 6 valid OD pairs for R1C1_C
Generating focused traffic: Period 7.2890s
[INFO] Subscriptions active: 6 (libsumo, fast mode)
[INFO] Episode duration: 2700s (45 min)

[DEBUG] 🎯 Célzott Forgalom Generálása (R1C1_C) | Period: 4.1556
Found 6 valid OD pairs for R1C1_C
Generating focused traffic: Period 4.1556s
[INFO] Subscriptions active: 6 (libsumo, fast mode)
[INFO] Episode duration: 1800s (30 min)

[DEBUG] 🎯 Célzott Forgalom Generálása (R1C1_C) | Period: 4.0724
Found 6 valid OD pairs for R1C1_C
Generating focused traffic: Period 4.0724s
[INFO] Subscriptions active: 6 (libsumo, fast mode)
[INFO] Episode duration: 2700s (45 min)

[DEBUG] 🎯 Célzott Forgalom Generálása (R1C1_C) | Period: 5.5333
Found 6 valid OD pairs for R1C1_C
Generating focused traffic: Period 5.5333s
[INFO] Subscriptions active: 6 (libsumo, fast mode)
[INFO] Episode duration: 3600s (60 min)

[DEBUG] 🎯 Célzott Forgalom Generálása (R1C1_C) | Period: 5.494
Found 6 valid OD pairs for R1C1_C
Generating focused traffic: Period 5.4940s
[INFO] Subscriptions active: 6 (libsumo, fast mode)
[INFO] Episode duration: 900s (15 min)

[DEBUG] 🎯 Célzott Forgalom Generálása (R1C1_C) | Period: 6.066
Found 6 valid OD pairs for R1C1_C
Generating focused traffic: Period 6.0660s
[INFO] Subscriptions active: 6 (libsumo, fast mode)
[INFO] Episode duration: 3600s (60 min)

[DEBUG] 🎯 Célzott Forgalom Generálása (R1C1_C) | Period: 7.4886
Found 6 valid OD pairs for R1C1_C
Generating focused traffic: Period 7.4886s
[INFO] Subscriptions active: 6 (libsumo, fast mode)
[INFO] Episode duration: 3600s (60 min)

[DEBUG] 🎯 Célzott Forgalom Generálása (R1C1_C) | Period: 5.4636
Found 6 valid OD pairs for R1C1_C
Generating focused traffic: Period 5.4636s
[INFO] Subscriptions active: 6 (libsumo, fast mode)
[INFO] Episode duration: 2700s (45 min)

[DEBUG] 🎯 Célzott Forgalom Generálása (R1C1_C) | Period: 7.9962
Found 6 valid OD pairs for R1C1_C
Generating focused traffic: Period 7.9962s
[INFO] Subscriptions active: 6 (libsumo, fast mode)
[INFO] Episode duration: 1800s (30 min)

[DEBUG] 🎯 Célzott Forgalom Generálása (R1C1_C) | Period: 5.2054
Found 6 valid OD pairs for R1C1_C
Generating focused traffic: Period 5.2054s
[INFO] Subscriptions active: 6 (libsumo, fast mode)
[INFO] Episode duration: 2700s (45 min)

[DEBUG] 🎯 Célzott Forgalom Generálása (R1C1_C) | Period: 7.9142
Found 6 valid OD pairs for R1C1_C
Generating focused traffic: Period 7.9142s
[INFO] Subscriptions active: 6 (libsumo, fast mode)
[INFO] Episode duration: 900s (15 min)

[DEBUG] 🎯 Célzott Forgalom Generálása (R1C1_C) | Period: 4.4153
Found 6 valid OD pairs for R1C1_C
Generating focused traffic: Period 4.4153s
[INFO] Subscriptions active: 6 (libsumo, fast mode)
[INFO] Episode duration: 2700s (45 min)

[DEBUG] 🎯 Célzott Forgalom Generálása (R1C1_C) | Period: 5.3886
Found 6 valid OD pairs for R1C1_C
Generating focused traffic: Period 5.3886s
[INFO] Subscriptions active: 6 (libsumo, fast mode)
[INFO] Episode duration: 2700s (45 min)

[DEBUG] 🎯 Célzott Forgalom Generálása (R1C1_C) | Period: 5.7618
Found 6 valid OD pairs for R1C1_C
Generating focused traffic: Period 5.7618s
[INFO] Subscriptions active: 6 (libsumo, fast mode)
[INFO] Episode duration: 2700s (45 min)

[DEBUG] 🎯 Célzott Forgalom Generálása (R1C1_C) | Period: 6.5577
Found 6 valid OD pairs for R1C1_C
Generating focused traffic: Period 6.5577s
[INFO] Subscriptions active: 6 (libsumo, fast mode)
[INFO] Episode duration: 2700s (45 min)

[DEBUG] 🎯 Célzott Forgalom Generálása (R1C1_C) | Period: 6.8541
Found 6 valid OD pairs for R1C1_C
Generating focused traffic: Period 6.8541s
[INFO] Subscriptions active: 6 (libsumo, fast mode)
[INFO] Episode duration: 900s (15 min)

[DEBUG] 🎯 Célzott Forgalom Generálása (R1C1_C) | Period: 5.7397
Found 6 valid OD pairs for R1C1_C
Generating focused traffic: Period 5.7397s
[INFO] Subscriptions active: 6 (libsumo, fast mode)
[INFO] Episode duration: 3600s (60 min)

[DEBUG] 🎯 Célzott Forgalom Generálása (R1C1_C) | Period: 4.4682
Found 6 valid OD pairs for R1C1_C
Generating focused traffic: Period 4.4682s
[INFO] Subscriptions active: 6 (libsumo, fast mode)
[INFO] Episode duration: 900s (15 min)

[DEBUG] 🎯 Célzott Forgalom Generálása (R1C1_C) | Period: 4.0803
Found 6 valid OD pairs for R1C1_C
Generating focused traffic: Period 4.0803s
[INFO] Subscriptions active: 6 (libsumo, fast mode)
[INFO] Episode duration: 900s (15 min)

[DEBUG] 🎯 Célzott Forgalom Generálása (R1C1_C) | Period: 7.6014
Found 6 valid OD pairs for R1C1_C
Generating focused traffic: Period 7.6014s
[INFO] Subscriptions active: 6 (libsumo, fast mode)
[INFO] Episode duration: 3600s (60 min)

[DEBUG] 🎯 Célzott Forgalom Generálása (R1C1_C) | Period: 6.4461
Found 6 valid OD pairs for R1C1_C
Generating focused traffic: Period 6.4461s
[INFO] Subscriptions active: 6 (libsumo, fast mode)
[INFO] Episode duration: 900s (15 min)

[DEBUG] 🎯 Célzott Forgalom Generálása (R1C1_C) | Period: 7.286
Found 6 valid OD pairs for R1C1_C
Generating focused traffic: Period 7.2860s
[INFO] Subscriptions active: 6 (libsumo, fast mode)
[INFO] Episode duration: 3600s (60 min)

[DEBUG] 🎯 Célzott Forgalom Generálása (R1C1_C) | Period: 5.1272
Found 6 valid OD pairs for R1C1_C
Generating focused traffic: Period 5.1272s
[INFO] Subscriptions active: 6 (libsumo, fast mode)
[INFO] Episode duration: 900s (15 min)

[DEBUG] 🎯 Célzott Forgalom Generálása (R1C1_C) | Period: 7.453
Found 6 valid OD pairs for R1C1_C
Generating focused traffic: Period 7.4530s
[INFO] Subscriptions active: 6 (libsumo, fast mode)
[INFO] Episode duration: 900s (15 min)

[DEBUG] 🎯 Célzott Forgalom Generálása (R1C1_C) | Period: 6.7217
Found 6 valid OD pairs for R1C1_C
Generating focused traffic: Period 6.7217s
[INFO] Subscriptions active: 6 (libsumo, fast mode)
[INFO] Episode duration: 900s (15 min)

[DEBUG] 🎯 Célzott Forgalom Generálása (R1C1_C) | Period: 4.6498
Found 6 valid OD pairs for R1C1_C
Generating focused traffic: Period 4.6498s
[INFO] Subscriptions active: 6 (libsumo, fast mode)
[INFO] Episode duration: 1800s (30 min)

[DEBUG] 🎯 Célzott Forgalom Generálása (R1C1_C) | Period: 7.7261
Found 6 valid OD pairs for R1C1_C
Generating focused traffic: Period 7.7261s
[INFO] Subscriptions active: 6 (libsumo, fast mode)
[INFO] Episode duration: 900s (15 min)

[DEBUG] 🎯 Célzott Forgalom Generálása (R1C1_C) | Period: 4.5654
Found 6 valid OD pairs for R1C1_C
Generating focused traffic: Period 4.5654s
[INFO] Subscriptions active: 6 (libsumo, fast mode)
[INFO] Episode duration: 2700s (45 min)

[DEBUG] 🎯 Célzott Forgalom Generálása (R1C1_C) | Period: 4.6229
Found 6 valid OD pairs for R1C1_C
Generating focused traffic: Period 4.6229s
[INFO] Subscriptions active: 6 (libsumo, fast mode)
[INFO] Episode duration: 900s (15 min)

[DEBUG] 🎯 Célzott Forgalom Generálása (R1C1_C) | Period: 4.3041
Found 6 valid OD pairs for R1C1_C
Generating focused traffic: Period 4.3041s
[INFO] Subscriptions active: 6 (libsumo, fast mode)
[INFO] Episode duration: 3600s (60 min)

[DEBUG] 🎯 Célzott Forgalom Generálása (R1C1_C) | Period: 4.6275
Found 6 valid OD pairs for R1C1_C
Generating focused traffic: Period 4.6275s
[INFO] Subscriptions active: 6 (libsumo, fast mode)
[INFO] Episode duration: 1800s (30 min)

[DEBUG] 🎯 Célzott Forgalom Generálása (R1C1_C) | Period: 6.8165
Found 6 valid OD pairs for R1C1_C
Generating focused traffic: Period 6.8165s
[INFO] Subscriptions active: 6 (libsumo, fast mode)
[INFO] Episode duration: 2700s (45 min)

[DEBUG] 🎯 Célzott Forgalom Generálása (R1C1_C) | Period: 5.6179
Found 6 valid OD pairs for R1C1_C
Generating focused traffic: Period 5.6179s
[INFO] Subscriptions active: 6 (libsumo, fast mode)
[INFO] Episode duration: 3600s (60 min)

[DEBUG] 🎯 Célzott Forgalom Generálása (R1C1_C) | Period: 7.8965
Found 6 valid OD pairs for R1C1_C
Generating focused traffic: Period 7.8965s
[INFO] Subscriptions active: 6 (libsumo, fast mode)
[INFO] Episode duration: 3600s (60 min)

[DEBUG] 🎯 Célzott Forgalom Generálása (R1C1_C) | Period: 5.9087
Found 6 valid OD pairs for R1C1_C
Generating focused traffic: Period 5.9087s
[INFO] Subscriptions active: 6 (libsumo, fast mode)
[INFO] Episode duration: 1800s (30 min)

[DEBUG] 🎯 Célzott Forgalom Generálása (R1C1_C) | Period: 6.5044
Found 6 valid OD pairs for R1C1_C
Generating focused traffic: Period 6.5044s
[INFO] Subscriptions active: 6 (libsumo, fast mode)
[INFO] Episode duration: 2700s (45 min)

[DEBUG] 🎯 Célzott Forgalom Generálása (R1C1_C) | Period: 6.93
Found 6 valid OD pairs for R1C1_C
Generating focused traffic: Period 6.9300s
[INFO] Subscriptions active: 6 (libsumo, fast mode)
[INFO] Episode duration: 3600s (60 min)

[DEBUG] 🎯 Célzott Forgalom Generálása (R1C1_C) | Period: 5.6128
Found 6 valid OD pairs for R1C1_C
Generating focused traffic: Period 5.6128s
[INFO] Subscriptions active: 6 (libsumo, fast mode)
------------------------------------
| rollout/              |          |
|    ep_len_mean        | 433      |
|    ep_rew_mean        | 151      |
| time/                 |          |
|    fps                | 180      |
|    iterations         | 10       |
|    time_elapsed       | 113      |
|    total_timesteps    | 20480    |
| train/                |          |
|    entropy_loss       | -1.39    |
|    explained_variance | -0.0242  |
|    learning_rate      | 0.0001   |
|    n_updates          | 9        |
|    policy_loss        | 36.3     |
|    value_loss         | 830      |
------------------------------------
[INFO] Episode duration: 3600s (60 min)

[DEBUG] 🎯 Célzott Forgalom Generálása (R1C1_C) | Period: 7.4691
Found 6 valid OD pairs for R1C1_C
Generating focused traffic: Period 7.4691s
[INFO] Subscriptions active: 6 (libsumo, fast mode)
[INFO] Episode duration: 3600s (60 min)

[DEBUG] 🎯 Célzott Forgalom Generálása (R1C1_C) | Period: 5.5976
Found 6 valid OD pairs for R1C1_C
Generating focused traffic: Period 5.5976s
[INFO] Subscriptions active: 6 (libsumo, fast mode)
[INFO] Episode duration: 3600s (60 min)

[DEBUG] 🎯 Célzott Forgalom Generálása (R1C1_C) | Period: 4.4842
Found 6 valid OD pairs for R1C1_C
Generating focused traffic: Period 4.4842s
[INFO] Subscriptions active: 6 (libsumo, fast mode)
[INFO] Episode duration: 900s (15 min)

[DEBUG] 🎯 Célzott Forgalom Generálása (R1C1_C) | Period: 4.5665
Found 6 valid OD pairs for R1C1_C
Generating focused traffic: Period 4.5665s
[INFO] Subscriptions active: 6 (libsumo, fast mode)
[INFO] Episode duration: 1800s (30 min)

[DEBUG] 🎯 Célzott Forgalom Generálása (R1C1_C) | Period: 5.3293
Found 6 valid OD pairs for R1C1_C
Generating focused traffic: Period 5.3293s
[INFO] Subscriptions active: 6 (libsumo, fast mode)
[INFO] Episode duration: 900s (15 min)

[DEBUG] 🎯 Célzott Forgalom Generálása (R1C1_C) | Period: 5.5423
Found 6 valid OD pairs for R1C1_C
Generating focused traffic: Period 5.5423s
[INFO] Subscriptions active: 6 (libsumo, fast mode)
[INFO] Episode duration: 900s (15 min)

[DEBUG] 🎯 Célzott Forgalom Generálása (R1C1_C) | Period: 6.8129
Found 6 valid OD pairs for R1C1_C
Generating focused traffic: Period 6.8129s
[INFO] Subscriptions active: 6 (libsumo, fast mode)
[INFO] Episode duration: 3600s (60 min)

[DEBUG] 🎯 Célzott Forgalom Generálása (R1C1_C) | Period: 6.7319
Found 6 valid OD pairs for R1C1_C
Generating focused traffic: Period 6.7319s
[INFO] Subscriptions active: 6 (libsumo, fast mode)
[INFO] Episode duration: 900s (15 min)

[DEBUG] 🎯 Célzott Forgalom Generálása (R1C1_C) | Period: 5.3501
Found 6 valid OD pairs for R1C1_C
Generating focused traffic: Period 5.3501s
[INFO] Subscriptions active: 6 (libsumo, fast mode)
[INFO] Episode duration: 2700s (45 min)

[DEBUG] 🎯 Célzott Forgalom Generálása (R1C1_C) | Period: 4.4505
Found 6 valid OD pairs for R1C1_C
Generating focused traffic: Period 4.4505s
[INFO] Subscriptions active: 6 (libsumo, fast mode)
[INFO] Episode duration: 2700s (45 min)

[DEBUG] 🎯 Célzott Forgalom Generálása (R1C1_C) | Period: 7.1761
Found 6 valid OD pairs for R1C1_C
Generating focused traffic: Period 7.1761s
[INFO] Subscriptions active: 6 (libsumo, fast mode)
[INFO] Episode duration: 1800s (30 min)

[DEBUG] 🎯 Célzott Forgalom Generálása (R1C1_C) | Period: 5.1558
Found 6 valid OD pairs for R1C1_C
Generating focused traffic: Period 5.1558s
[INFO] Subscriptions active: 6 (libsumo, fast mode)
[INFO] Episode duration: 1800s (30 min)

[DEBUG] 🎯 Célzott Forgalom Generálása (R1C1_C) | Period: 5.3225
Found 6 valid OD pairs for R1C1_C
Generating focused traffic: Period 5.3225s
[INFO] Subscriptions active: 6 (libsumo, fast mode)
[INFO] Episode duration: 900s (15 min)

[DEBUG] 🎯 Célzott Forgalom Generálása (R1C1_C) | Period: 5.6749
Found 6 valid OD pairs for R1C1_C
Generating focused traffic: Period 5.6749s
[INFO] Subscriptions active: 6 (libsumo, fast mode)
[INFO] Episode duration: 1800s (30 min)

[DEBUG] 🎯 Célzott Forgalom Generálása (R1C1_C) | Period: 4.0994
Found 6 valid OD pairs for R1C1_C
Generating focused traffic: Period 4.0994s
[INFO] Subscriptions active: 6 (libsumo, fast mode)
[INFO] Episode duration: 900s (15 min)

[DEBUG] 🎯 Célzott Forgalom Generálása (R1C1_C) | Period: 5.0122
Found 6 valid OD pairs for R1C1_C
Generating focused traffic: Period 5.0122s
[INFO] Subscriptions active: 6 (libsumo, fast mode)
[INFO] Episode duration: 2700s (45 min)

[DEBUG] 🎯 Célzott Forgalom Generálása (R1C1_C) | Period: 6.5866
Found 6 valid OD pairs for R1C1_C
Generating focused traffic: Period 6.5866s
[INFO] Subscriptions active: 6 (libsumo, fast mode)
[INFO] Episode duration: 2700s (45 min)

[DEBUG] 🎯 Célzott Forgalom Generálása (R1C1_C) | Period: 7.2758
Found 6 valid OD pairs for R1C1_C
Generating focused traffic: Period 7.2758s
[INFO] Subscriptions active: 6 (libsumo, fast mode)
[INFO] Episode duration: 2700s (45 min)

[DEBUG] 🎯 Célzott Forgalom Generálása (R1C1_C) | Period: 7.9614
Found 6 valid OD pairs for R1C1_C
Generating focused traffic: Period 7.9614s
[INFO] Subscriptions active: 6 (libsumo, fast mode)
[INFO] Episode duration: 1800s (30 min)

[DEBUG] 🎯 Célzott Forgalom Generálása (R1C1_C) | Period: 7.1993
Found 6 valid OD pairs for R1C1_C
Generating focused traffic: Period 7.1993s
[INFO] Subscriptions active: 6 (libsumo, fast mode)
[INFO] Episode duration: 1800s (30 min)

[DEBUG] 🎯 Célzott Forgalom Generálása (R1C1_C) | Period: 4.3544
Found 6 valid OD pairs for R1C1_C
Generating focused traffic: Period 4.3544s
[INFO] Subscriptions active: 6 (libsumo, fast mode)
[INFO] Episode duration: 900s (15 min)

[DEBUG] 🎯 Célzott Forgalom Generálása (R1C1_C) | Period: 6.2174
Found 6 valid OD pairs for R1C1_C
Generating focused traffic: Period 6.2174s
[INFO] Subscriptions active: 6 (libsumo, fast mode)
[INFO] Episode duration: 1800s (30 min)

[DEBUG] 🎯 Célzott Forgalom Generálása (R1C1_C) | Period: 7.5524
Found 6 valid OD pairs for R1C1_C
Generating focused traffic: Period 7.5524s
[INFO] Subscriptions active: 6 (libsumo, fast mode)
[INFO] Episode duration: 3600s (60 min)

[DEBUG] 🎯 Célzott Forgalom Generálása (R1C1_C) | Period: 5.7006
Found 6 valid OD pairs for R1C1_C
Generating focused traffic: Period 5.7006s
[INFO] Subscriptions active: 6 (libsumo, fast mode)
[INFO] Episode duration: 2700s (45 min)

[DEBUG] 🎯 Célzott Forgalom Generálása (R1C1_C) | Period: 4.4798
Found 6 valid OD pairs for R1C1_C
Generating focused traffic: Period 4.4798s
[INFO] Subscriptions active: 6 (libsumo, fast mode)
[INFO] Episode duration: 3600s (60 min)

[DEBUG] 🎯 Célzott Forgalom Generálása (R1C1_C) | Period: 5.3762
Found 6 valid OD pairs for R1C1_C
Generating focused traffic: Period 5.3762s
[INFO] Subscriptions active: 6 (libsumo, fast mode)
[INFO] Episode duration: 3600s (60 min)

[DEBUG] 🎯 Célzott Forgalom Generálása (R1C1_C) | Period: 4.6279
Found 6 valid OD pairs for R1C1_C
Generating focused traffic: Period 4.6279s
[INFO] Subscriptions active: 6 (libsumo, fast mode)
[INFO] Episode duration: 2700s (45 min)

[DEBUG] 🎯 Célzott Forgalom Generálása (R1C1_C) | Period: 7.8266
Found 6 valid OD pairs for R1C1_C
Generating focused traffic: Period 7.8266s
[INFO] Subscriptions active: 6 (libsumo, fast mode)
[INFO] Episode duration: 1800s (30 min)

[DEBUG] 🎯 Célzott Forgalom Generálása (R1C1_C) | Period: 4.6314
Found 6 valid OD pairs for R1C1_C
Generating focused traffic: Period 4.6314s
[INFO] Subscriptions active: 6 (libsumo, fast mode)
[INFO] Episode duration: 2700s (45 min)

[DEBUG] 🎯 Célzott Forgalom Generálása (R1C1_C) | Period: 4.7293
Found 6 valid OD pairs for R1C1_C
Generating focused traffic: Period 4.7293s
[INFO] Subscriptions active: 6 (libsumo, fast mode)
[INFO] Episode duration: 1800s (30 min)

[DEBUG] 🎯 Célzott Forgalom Generálása (R1C1_C) | Period: 7.9659
Found 6 valid OD pairs for R1C1_C
Generating focused traffic: Period 7.9659s
[INFO] Subscriptions active: 6 (libsumo, fast mode)
[INFO] Episode duration: 3600s (60 min)

[DEBUG] 🎯 Célzott Forgalom Generálása (R1C1_C) | Period: 5.2176
Found 6 valid OD pairs for R1C1_C
Generating focused traffic: Period 5.2176s
[INFO] Subscriptions active: 6 (libsumo, fast mode)
[INFO] Episode duration: 2700s (45 min)

[DEBUG] 🎯 Célzott Forgalom Generálása (R1C1_C) | Period: 7.2137
Found 6 valid OD pairs for R1C1_C
Generating focused traffic: Period 7.2137s
[INFO] Subscriptions active: 6 (libsumo, fast mode)
[INFO] Episode duration: 1800s (30 min)

[DEBUG] 🎯 Célzott Forgalom Generálása (R1C1_C) | Period: 5.6308
Found 6 valid OD pairs for R1C1_C
Generating focused traffic: Period 5.6308s
[INFO] Subscriptions active: 6 (libsumo, fast mode)
[INFO] Episode duration: 900s (15 min)

[DEBUG] 🎯 Célzott Forgalom Generálása (R1C1_C) | Period: 7.8619
Found 6 valid OD pairs for R1C1_C
Generating focused traffic: Period 7.8619s
[INFO] Subscriptions active: 6 (libsumo, fast mode)
[INFO] Episode duration: 1800s (30 min)

[DEBUG] 🎯 Célzott Forgalom Generálása (R1C1_C) | Period: 6.2843
Found 6 valid OD pairs for R1C1_C
Generating focused traffic: Period 6.2843s
[INFO] Subscriptions active: 6 (libsumo, fast mode)
[INFO] Episode duration: 900s (15 min)

[DEBUG] 🎯 Célzott Forgalom Generálása (R1C1_C) | Period: 7.186
Found 6 valid OD pairs for R1C1_C
Generating focused traffic: Period 7.1860s
[INFO] Subscriptions active: 6 (libsumo, fast mode)
[INFO] Episode duration: 2700s (45 min)

[DEBUG] 🎯 Célzott Forgalom Generálása (R1C1_C) | Period: 7.1665
Found 6 valid OD pairs for R1C1_C
Generating focused traffic: Period 7.1665s
[INFO] Subscriptions active: 6 (libsumo, fast mode)
[INFO] Episode duration: 1800s (30 min)

[DEBUG] 🎯 Célzott Forgalom Generálása (R1C1_C) | Period: 7.8974
Found 6 valid OD pairs for R1C1_C
Generating focused traffic: Period 7.8974s
[INFO] Subscriptions active: 6 (libsumo, fast mode)
[INFO] Episode duration: 3600s (60 min)

[DEBUG] 🎯 Célzott Forgalom Generálása (R1C1_C) | Period: 7.4297
Found 6 valid OD pairs for R1C1_C
Generating focused traffic: Period 7.4297s
[INFO] Subscriptions active: 6 (libsumo, fast mode)
[INFO] Episode duration: 1800s (30 min)

[DEBUG] 🎯 Célzott Forgalom Generálása (R1C1_C) | Period: 7.2292
Found 6 valid OD pairs for R1C1_C
Generating focused traffic: Period 7.2292s
[INFO] Subscriptions active: 6 (libsumo, fast mode)
[INFO] Episode duration: 2700s (45 min)

[DEBUG] 🎯 Célzott Forgalom Generálása (R1C1_C) | Period: 7.0859
Found 6 valid OD pairs for R1C1_C
Generating focused traffic: Period 7.0859s
[INFO] Subscriptions active: 6 (libsumo, fast mode)
[INFO] Episode duration: 2700s (45 min)

[DEBUG] 🎯 Célzott Forgalom Generálása (R1C1_C) | Period: 4.1973
Found 6 valid OD pairs for R1C1_C
Generating focused traffic: Period 4.1973s
[INFO] Subscriptions active: 6 (libsumo, fast mode)
[INFO] Episode duration: 900s (15 min)

[DEBUG] 🎯 Célzott Forgalom Generálása (R1C1_C) | Period: 5.6978
Found 6 valid OD pairs for R1C1_C
Generating focused traffic: Period 5.6978s
[INFO] Subscriptions active: 6 (libsumo, fast mode)
[INFO] Episode duration: 1800s (30 min)

[DEBUG] 🎯 Célzott Forgalom Generálása (R1C1_C) | Period: 5.6217
Found 6 valid OD pairs for R1C1_C
Generating focused traffic: Period 5.6217s
[INFO] Subscriptions active: 6 (libsumo, fast mode)
[INFO] Episode duration: 3600s (60 min)

[DEBUG] 🎯 Célzott Forgalom Generálása (R1C1_C) | Period: 5.7443
Found 6 valid OD pairs for R1C1_C
Generating focused traffic: Period 5.7443s
[INFO] Subscriptions active: 6 (libsumo, fast mode)
------------------------------------
| rollout/              |          |
|    ep_len_mean        | 439      |
|    ep_rew_mean        | 154      |
| time/                 |          |
|    fps                | 180      |
|    iterations         | 20       |
|    time_elapsed       | 226      |
|    total_timesteps    | 40960    |
| train/                |          |
|    entropy_loss       | -1.39    |
|    explained_variance | -0.0135  |
|    learning_rate      | 0.0001   |
|    n_updates          | 19       |
|    policy_loss        | 46.3     |
|    value_loss         | 1.29e+03 |
------------------------------------
[INFO] Episode duration: 1800s (30 min)

[DEBUG] 🎯 Célzott Forgalom Generálása (R1C1_C) | Period: 5.4953
Found 6 valid OD pairs for R1C1_C
Generating focused traffic: Period 5.4953s
[INFO] Subscriptions active: 6 (libsumo, fast mode)
[INFO] Episode duration: 1800s (30 min)

[DEBUG] 🎯 Célzott Forgalom Generálása (R1C1_C) | Period: 5.8428
Found 6 valid OD pairs for R1C1_C
Generating focused traffic: Period 5.8428s
[INFO] Subscriptions active: 6 (libsumo, fast mode)
[INFO] Episode duration: 1800s (30 min)

[DEBUG] 🎯 Célzott Forgalom Generálása (R1C1_C) | Period: 4.9011
Found 6 valid OD pairs for R1C1_C
Generating focused traffic: Period 4.9011s
[INFO] Subscriptions active: 6 (libsumo, fast mode)
[INFO] Episode duration: 1800s (30 min)

[DEBUG] 🎯 Célzott Forgalom Generálása (R1C1_C) | Period: 7.7598
Found 6 valid OD pairs for R1C1_C
Generating focused traffic: Period 7.7598s
[INFO] Subscriptions active: 6 (libsumo, fast mode)
[INFO] Episode duration: 2700s (45 min)

[DEBUG] 🎯 Célzott Forgalom Generálása (R1C1_C) | Period: 5.6873
Found 6 valid OD pairs for R1C1_C
Generating focused traffic: Period 5.6873s
[INFO] Subscriptions active: 6 (libsumo, fast mode)
[INFO] Episode duration: 3600s (60 min)

[DEBUG] 🎯 Célzott Forgalom Generálása (R1C1_C) | Period: 4.5218
Found 6 valid OD pairs for R1C1_C
Generating focused traffic: Period 4.5218s
[INFO] Subscriptions active: 6 (libsumo, fast mode)
[INFO] Episode duration: 2700s (45 min)

[DEBUG] 🎯 Célzott Forgalom Generálása (R1C1_C) | Period: 6.2751
Found 6 valid OD pairs for R1C1_C
Generating focused traffic: Period 6.2751s
[INFO] Subscriptions active: 6 (libsumo, fast mode)
[INFO] Episode duration: 3600s (60 min)

[DEBUG] 🎯 Célzott Forgalom Generálása (R1C1_C) | Period: 5.3957
Found 6 valid OD pairs for R1C1_C
Generating focused traffic: Period 5.3957s
[INFO] Subscriptions active: 6 (libsumo, fast mode)
[INFO] Episode duration: 1800s (30 min)

[DEBUG] 🎯 Célzott Forgalom Generálása (R1C1_C) | Period: 6.443
Found 6 valid OD pairs for R1C1_C
Generating focused traffic: Period 6.4430s
[INFO] Subscriptions active: 6 (libsumo, fast mode)
[INFO] Episode duration: 900s (15 min)

[DEBUG] 🎯 Célzott Forgalom Generálása (R1C1_C) | Period: 6.2199
Found 6 valid OD pairs for R1C1_C
Generating focused traffic: Period 6.2199s
[INFO] Subscriptions active: 6 (libsumo, fast mode)
[INFO] Episode duration: 900s (15 min)

[DEBUG] 🎯 Célzott Forgalom Generálása (R1C1_C) | Period: 5.9205
Found 6 valid OD pairs for R1C1_C
Generating focused traffic: Period 5.9205s
[INFO] Subscriptions active: 6 (libsumo, fast mode)
[INFO] Episode duration: 900s (15 min)

[DEBUG] 🎯 Célzott Forgalom Generálása (R1C1_C) | Period: 5.3191
Found 6 valid OD pairs for R1C1_C
Generating focused traffic: Period 5.3191s
[INFO] Subscriptions active: 6 (libsumo, fast mode)
[INFO] Episode duration: 3600s (60 min)

[DEBUG] 🎯 Célzott Forgalom Generálása (R1C1_C) | Period: 4.1177
Found 6 valid OD pairs for R1C1_C
Generating focused traffic: Period 4.1177s
[INFO] Subscriptions active: 6 (libsumo, fast mode)
[INFO] Episode duration: 1800s (30 min)

[DEBUG] 🎯 Célzott Forgalom Generálása (R1C1_C) | Period: 5.2334
Found 6 valid OD pairs for R1C1_C
Generating focused traffic: Period 5.2334s
[INFO] Subscriptions active: 6 (libsumo, fast mode)
[INFO] Episode duration: 900s (15 min)

[DEBUG] 🎯 Célzott Forgalom Generálása (R1C1_C) | Period: 6.8575
Found 6 valid OD pairs for R1C1_C
Generating focused traffic: Period 6.8575s
[INFO] Subscriptions active: 6 (libsumo, fast mode)
[INFO] Episode duration: 2700s (45 min)

[DEBUG] 🎯 Célzott Forgalom Generálása (R1C1_C) | Period: 7.9603
Found 6 valid OD pairs for R1C1_C
Generating focused traffic: Period 7.9603s
[INFO] Subscriptions active: 6 (libsumo, fast mode)
[INFO] Episode duration: 2700s (45 min)

[DEBUG] 🎯 Célzott Forgalom Generálása (R1C1_C) | Period: 7.5715
Found 6 valid OD pairs for R1C1_C
Generating focused traffic: Period 7.5715s
[INFO] Subscriptions active: 6 (libsumo, fast mode)
[INFO] Episode duration: 3600s (60 min)

[DEBUG] 🎯 Célzott Forgalom Generálása (R1C1_C) | Period: 6.646
Found 6 valid OD pairs for R1C1_C
Generating focused traffic: Period 6.6460s
[INFO] Subscriptions active: 6 (libsumo, fast mode)
[INFO] Episode duration: 2700s (45 min)

[DEBUG] 🎯 Célzott Forgalom Generálása (R1C1_C) | Period: 5.0955
Found 6 valid OD pairs for R1C1_C
Generating focused traffic: Period 5.0955s
[INFO] Subscriptions active: 6 (libsumo, fast mode)
[INFO] Episode duration: 2700s (45 min)

[DEBUG] 🎯 Célzott Forgalom Generálása (R1C1_C) | Period: 4.7723
Found 6 valid OD pairs for R1C1_C
Generating focused traffic: Period 4.7723s
[INFO] Subscriptions active: 6 (libsumo, fast mode)
[INFO] Episode duration: 2700s (45 min)

[DEBUG] 🎯 Célzott Forgalom Generálása (R1C1_C) | Period: 7.0192
Found 6 valid OD pairs for R1C1_C
Generating focused traffic: Period 7.0192s
[INFO] Subscriptions active: 6 (libsumo, fast mode)
[INFO] Episode duration: 3600s (60 min)

[DEBUG] 🎯 Célzott Forgalom Generálása (R1C1_C) | Period: 4.6912
Found 6 valid OD pairs for R1C1_C
Generating focused traffic: Period 4.6912s
[INFO] Subscriptions active: 6 (libsumo, fast mode)
[INFO] Episode duration: 2700s (45 min)

[DEBUG] 🎯 Célzott Forgalom Generálása (R1C1_C) | Period: 6.8203
Found 6 valid OD pairs for R1C1_C
Generating focused traffic: Period 6.8203s
[INFO] Subscriptions active: 6 (libsumo, fast mode)
[INFO] Episode duration: 3600s (60 min)

[DEBUG] 🎯 Célzott Forgalom Generálása (R1C1_C) | Period: 5.4951
Found 6 valid OD pairs for R1C1_C
Generating focused traffic: Period 5.4951s
[INFO] Subscriptions active: 6 (libsumo, fast mode)
[INFO] Episode duration: 1800s (30 min)

[DEBUG] 🎯 Célzott Forgalom Generálása (R1C1_C) | Period: 4.6355
Found 6 valid OD pairs for R1C1_C
Generating focused traffic: Period 4.6355s
[INFO] Subscriptions active: 6 (libsumo, fast mode)
[INFO] Episode duration: 900s (15 min)

[DEBUG] 🎯 Célzott Forgalom Generálása (R1C1_C) | Period: 6.7148
Found 6 valid OD pairs for R1C1_C
Generating focused traffic: Period 6.7148s
[INFO] Subscriptions active: 6 (libsumo, fast mode)
[INFO] Episode duration: 900s (15 min)

[DEBUG] 🎯 Célzott Forgalom Generálása (R1C1_C) | Period: 4.5542
Found 6 valid OD pairs for R1C1_C
Generating focused traffic: Period 4.5542s
[INFO] Subscriptions active: 6 (libsumo, fast mode)
[INFO] Episode duration: 2700s (45 min)

[DEBUG] 🎯 Célzott Forgalom Generálása (R1C1_C) | Period: 6.0857
Found 6 valid OD pairs for R1C1_C
Generating focused traffic: Period 6.0857s
[INFO] Subscriptions active: 6 (libsumo, fast mode)
[INFO] Episode duration: 1800s (30 min)

[DEBUG] 🎯 Célzott Forgalom Generálása (R1C1_C) | Period: 6.9596
Found 6 valid OD pairs for R1C1_C
Generating focused traffic: Period 6.9596s
[INFO] Subscriptions active: 6 (libsumo, fast mode)
[INFO] Episode duration: 1800s (30 min)

[DEBUG] 🎯 Célzott Forgalom Generálása (R1C1_C) | Period: 6.8181
Found 6 valid OD pairs for R1C1_C
Generating focused traffic: Period 6.8181s
[INFO] Subscriptions active: 6 (libsumo, fast mode)
[INFO] Episode duration: 900s (15 min)

[DEBUG] 🎯 Célzott Forgalom Generálása (R1C1_C) | Period: 4.665
Found 6 valid OD pairs for R1C1_C
Generating focused traffic: Period 4.6650s
[INFO] Subscriptions active: 6 (libsumo, fast mode)
[INFO] Episode duration: 900s (15 min)

[DEBUG] 🎯 Célzott Forgalom Generálása (R1C1_C) | Period: 4.7603
Found 6 valid OD pairs for R1C1_C
Generating focused traffic: Period 4.7603s
[INFO] Subscriptions active: 6 (libsumo, fast mode)
[INFO] Episode duration: 1800s (30 min)

[DEBUG] 🎯 Célzott Forgalom Generálása (R1C1_C) | Period: 4.2798
Found 6 valid OD pairs for R1C1_C
Generating focused traffic: Period 4.2798s
[INFO] Subscriptions active: 6 (libsumo, fast mode)
[INFO] Episode duration: 900s (15 min)

[DEBUG] 🎯 Célzott Forgalom Generálása (R1C1_C) | Period: 4.9539
Found 6 valid OD pairs for R1C1_C
Generating focused traffic: Period 4.9539s
[INFO] Subscriptions active: 6 (libsumo, fast mode)
[INFO] Episode duration: 1800s (30 min)

[DEBUG] 🎯 Célzott Forgalom Generálása (R1C1_C) | Period: 6.5883
Found 6 valid OD pairs for R1C1_C
Generating focused traffic: Period 6.5883s
[INFO] Subscriptions active: 6 (libsumo, fast mode)
[INFO] Episode duration: 900s (15 min)

[DEBUG] 🎯 Célzott Forgalom Generálása (R1C1_C) | Period: 4.2632
Found 6 valid OD pairs for R1C1_C
Generating focused traffic: Period 4.2632s
[INFO] Subscriptions active: 6 (libsumo, fast mode)
[INFO] Episode duration: 2700s (45 min)

[DEBUG] 🎯 Célzott Forgalom Generálása (R1C1_C) | Period: 5.507
Found 6 valid OD pairs for R1C1_C
Generating focused traffic: Period 5.5070s
[INFO] Subscriptions active: 6 (libsumo, fast mode)
[INFO] Episode duration: 900s (15 min)

[DEBUG] 🎯 Célzott Forgalom Generálása (R1C1_C) | Period: 5.0598
Found 6 valid OD pairs for R1C1_C
Generating focused traffic: Period 5.0598s
[INFO] Subscriptions active: 6 (libsumo, fast mode)
[INFO] Episode duration: 3600s (60 min)

[DEBUG] 🎯 Célzott Forgalom Generálása (R1C1_C) | Period: 6.427
Found 6 valid OD pairs for R1C1_C
Generating focused traffic: Period 6.4270s
[INFO] Subscriptions active: 6 (libsumo, fast mode)
[INFO] Episode duration: 3600s (60 min)

[DEBUG] 🎯 Célzott Forgalom Generálása (R1C1_C) | Period: 6.5934
Found 6 valid OD pairs for R1C1_C
Generating focused traffic: Period 6.5934s
[INFO] Subscriptions active: 6 (libsumo, fast mode)
[INFO] Episode duration: 2700s (45 min)

[DEBUG] 🎯 Célzott Forgalom Generálása (R1C1_C) | Period: 4.6651
Found 6 valid OD pairs for R1C1_C
Generating focused traffic: Period 4.6651s
[INFO] Subscriptions active: 6 (libsumo, fast mode)
[INFO] Episode duration: 900s (15 min)

[DEBUG] 🎯 Célzott Forgalom Generálása (R1C1_C) | Period: 7.4598
Found 6 valid OD pairs for R1C1_C
Generating focused traffic: Period 7.4598s
[INFO] Subscriptions active: 6 (libsumo, fast mode)
[INFO] Episode duration: 2700s (45 min)

[DEBUG] 🎯 Célzott Forgalom Generálása (R1C1_C) | Period: 7.1256
Found 6 valid OD pairs for R1C1_C
Generating focused traffic: Period 7.1256s
[INFO] Subscriptions active: 6 (libsumo, fast mode)
[INFO] Episode duration: 900s (15 min)

[DEBUG] 🎯 Célzott Forgalom Generálása (R1C1_C) | Period: 6.6068
Found 6 valid OD pairs for R1C1_C
Generating focused traffic: Period 6.6068s
[INFO] Subscriptions active: 6 (libsumo, fast mode)
[INFO] Episode duration: 3600s (60 min)

[DEBUG] 🎯 Célzott Forgalom Generálása (R1C1_C) | Period: 4.9326
Found 6 valid OD pairs for R1C1_C
Generating focused traffic: Period 4.9326s
[INFO] Subscriptions active: 6 (libsumo, fast mode)
[INFO] Episode duration: 900s (15 min)

[DEBUG] 🎯 Célzott Forgalom Generálása (R1C1_C) | Period: 5.159
Found 6 valid OD pairs for R1C1_C
Generating focused traffic: Period 5.1590s
[INFO] Subscriptions active: 6 (libsumo, fast mode)
[INFO] Episode duration: 2700s (45 min)

[DEBUG] 🎯 Célzott Forgalom Generálása (R1C1_C) | Period: 7.5169
Found 6 valid OD pairs for R1C1_C
Generating focused traffic: Period 7.5169s
[INFO] Subscriptions active: 6 (libsumo, fast mode)
------------------------------------
| rollout/              |          |
|    ep_len_mean        | 446      |
|    ep_rew_mean        | 154      |
| time/                 |          |
|    fps                | 180      |
|    iterations         | 30       |
|    time_elapsed       | 339      |
|    total_timesteps    | 61440    |
| train/                |          |
|    entropy_loss       | -1.39    |
|    explained_variance | -0.018   |
|    learning_rate      | 0.0001   |
|    n_updates          | 29       |
|    policy_loss        | 39.6     |
|    value_loss         | 964      |
------------------------------------
[INFO] Episode duration: 1800s (30 min)

[DEBUG] 🎯 Célzott Forgalom Generálása (R1C1_C) | Period: 7.0143
Found 6 valid OD pairs for R1C1_C
Generating focused traffic: Period 7.0143s
[INFO] Subscriptions active: 6 (libsumo, fast mode)
[INFO] Episode duration: 2700s (45 min)

[DEBUG] 🎯 Célzott Forgalom Generálása (R1C1_C) | Period: 6.2687
Found 6 valid OD pairs for R1C1_C
Generating focused traffic: Period 6.2687s
[INFO] Subscriptions active: 6 (libsumo, fast mode)
[INFO] Episode duration: 2700s (45 min)

[DEBUG] 🎯 Célzott Forgalom Generálása (R1C1_C) | Period: 6.2765
Found 6 valid OD pairs for R1C1_C
Generating focused traffic: Period 6.2765s
[INFO] Subscriptions active: 6 (libsumo, fast mode)
[INFO] Episode duration: 1800s (30 min)

[DEBUG] 🎯 Célzott Forgalom Generálása (R1C1_C) | Period: 7.4021
Found 6 valid OD pairs for R1C1_C
Generating focused traffic: Period 7.4021s
[INFO] Subscriptions active: 6 (libsumo, fast mode)
[INFO] Episode duration: 2700s (45 min)

[DEBUG] 🎯 Célzott Forgalom Generálása (R1C1_C) | Period: 7.9328
Found 6 valid OD pairs for R1C1_C
Generating focused traffic: Period 7.9328s
[INFO] Subscriptions active: 6 (libsumo, fast mode)
[INFO] Episode duration: 900s (15 min)

[DEBUG] 🎯 Célzott Forgalom Generálása (R1C1_C) | Period: 6.6492
Found 6 valid OD pairs for R1C1_C
Generating focused traffic: Period 6.6492s
[INFO] Subscriptions active: 6 (libsumo, fast mode)
[INFO] Episode duration: 3600s (60 min)

[DEBUG] 🎯 Célzott Forgalom Generálása (R1C1_C) | Period: 4.5042
Found 6 valid OD pairs for R1C1_C
Generating focused traffic: Period 4.5042s
[INFO] Subscriptions active: 6 (libsumo, fast mode)
[INFO] Episode duration: 1800s (30 min)

[DEBUG] 🎯 Célzott Forgalom Generálása (R1C1_C) | Period: 6.8377
Found 6 valid OD pairs for R1C1_C
Generating focused traffic: Period 6.8377s
[INFO] Subscriptions active: 6 (libsumo, fast mode)
[INFO] Episode duration: 3600s (60 min)

[DEBUG] 🎯 Célzott Forgalom Generálása (R1C1_C) | Period: 6.0394
Found 6 valid OD pairs for R1C1_C
Generating focused traffic: Period 6.0394s
[INFO] Subscriptions active: 6 (libsumo, fast mode)
[INFO] Episode duration: 3600s (60 min)

[DEBUG] 🎯 Célzott Forgalom Generálása (R1C1_C) | Period: 6.0889
Found 6 valid OD pairs for R1C1_C
Generating focused traffic: Period 6.0889s
[INFO] Subscriptions active: 6 (libsumo, fast mode)
[INFO] Episode duration: 900s (15 min)

[DEBUG] 🎯 Célzott Forgalom Generálása (R1C1_C) | Period: 7.9606
Found 6 valid OD pairs for R1C1_C
Generating focused traffic: Period 7.9606s
[INFO] Subscriptions active: 6 (libsumo, fast mode)
[INFO] Episode duration: 2700s (45 min)

[DEBUG] 🎯 Célzott Forgalom Generálása (R1C1_C) | Period: 4.2184
Found 6 valid OD pairs for R1C1_C
Generating focused traffic: Period 4.2184s
[INFO] Subscriptions active: 6 (libsumo, fast mode)
[INFO] Episode duration: 1800s (30 min)

[DEBUG] 🎯 Célzott Forgalom Generálása (R1C1_C) | Period: 4.9192
Found 6 valid OD pairs for R1C1_C
Generating focused traffic: Period 4.9192s
[INFO] Subscriptions active: 6 (libsumo, fast mode)
[INFO] Episode duration: 3600s (60 min)

[DEBUG] 🎯 Célzott Forgalom Generálása (R1C1_C) | Period: 4.164
Found 6 valid OD pairs for R1C1_C
Generating focused traffic: Period 4.1640s
[INFO] Subscriptions active: 6 (libsumo, fast mode)
[INFO] Episode duration: 2700s (45 min)

[DEBUG] 🎯 Célzott Forgalom Generálása (R1C1_C) | Period: 6.6143
Found 6 valid OD pairs for R1C1_C
Generating focused traffic: Period 6.6143s
[INFO] Subscriptions active: 6 (libsumo, fast mode)
[INFO] Episode duration: 1800s (30 min)

[DEBUG] 🎯 Célzott Forgalom Generálása (R1C1_C) | Period: 4.3372
Found 6 valid OD pairs for R1C1_C
Generating focused traffic: Period 4.3372s
[INFO] Subscriptions active: 6 (libsumo, fast mode)
[INFO] Episode duration: 3600s (60 min)

[DEBUG] 🎯 Célzott Forgalom Generálása (R1C1_C) | Period: 5.947
Found 6 valid OD pairs for R1C1_C
Generating focused traffic: Period 5.9470s
[INFO] Subscriptions active: 6 (libsumo, fast mode)
[INFO] Episode duration: 1800s (30 min)

[DEBUG] 🎯 Célzott Forgalom Generálása (R1C1_C) | Period: 7.8577
Found 6 valid OD pairs for R1C1_C
Generating focused traffic: Period 7.8577s
[INFO] Subscriptions active: 6 (libsumo, fast mode)
[INFO] Episode duration: 2700s (45 min)

[DEBUG] 🎯 Célzott Forgalom Generálása (R1C1_C) | Period: 6.6209
Found 6 valid OD pairs for R1C1_C
Generating focused traffic: Period 6.6209s
[INFO] Subscriptions active: 6 (libsumo, fast mode)
[INFO] Episode duration: 2700s (45 min)

[DEBUG] 🎯 Célzott Forgalom Generálása (R1C1_C) | Period: 4.9192
Found 6 valid OD pairs for R1C1_C
Generating focused traffic: Period 4.9192s
[INFO] Subscriptions active: 6 (libsumo, fast mode)
[INFO] Episode duration: 1800s (30 min)

[DEBUG] 🎯 Célzott Forgalom Generálása (R1C1_C) | Period: 4.5694
Found 6 valid OD pairs for R1C1_C
Generating focused traffic: Period 4.5694s
[INFO] Subscriptions active: 6 (libsumo, fast mode)
[INFO] Episode duration: 3600s (60 min)

[DEBUG] 🎯 Célzott Forgalom Generálása (R1C1_C) | Period: 4.6809
Found 6 valid OD pairs for R1C1_C
Generating focused traffic: Period 4.6809s
[INFO] Subscriptions active: 6 (libsumo, fast mode)
[INFO] Episode duration: 2700s (45 min)

[DEBUG] 🎯 Célzott Forgalom Generálása (R1C1_C) | Period: 7.631
Found 6 valid OD pairs for R1C1_C
Generating focused traffic: Period 7.6310s
[INFO] Subscriptions active: 6 (libsumo, fast mode)
[INFO] Episode duration: 3600s (60 min)

[DEBUG] 🎯 Célzott Forgalom Generálása (R1C1_C) | Period: 7.6032
Found 6 valid OD pairs for R1C1_C
Generating focused traffic: Period 7.6032s
[INFO] Subscriptions active: 6 (libsumo, fast mode)
[INFO] Episode duration: 2700s (45 min)

[DEBUG] 🎯 Célzott Forgalom Generálása (R1C1_C) | Period: 5.2777
Found 6 valid OD pairs for R1C1_C
Generating focused traffic: Period 5.2777s
[INFO] Subscriptions active: 6 (libsumo, fast mode)
[INFO] Episode duration: 900s (15 min)

[DEBUG] 🎯 Célzott Forgalom Generálása (R1C1_C) | Period: 7.8419
Found 6 valid OD pairs for R1C1_C
Generating focused traffic: Period 7.8419s
[INFO] Subscriptions active: 6 (libsumo, fast mode)
[INFO] Episode duration: 2700s (45 min)

[DEBUG] 🎯 Célzott Forgalom Generálása (R1C1_C) | Period: 6.4911
Found 6 valid OD pairs for R1C1_C
Generating focused traffic: Period 6.4911s
[INFO] Subscriptions active: 6 (libsumo, fast mode)
[INFO] Episode duration: 1800s (30 min)

[DEBUG] 🎯 Célzott Forgalom Generálása (R1C1_C) | Period: 6.117
Found 6 valid OD pairs for R1C1_C
Generating focused traffic: Period 6.1170s
[INFO] Subscriptions active: 6 (libsumo, fast mode)
[INFO] Episode duration: 3600s (60 min)

[DEBUG] 🎯 Célzott Forgalom Generálása (R1C1_C) | Period: 7.838
Found 6 valid OD pairs for R1C1_C
Generating focused traffic: Period 7.8380s
[INFO] Subscriptions active: 6 (libsumo, fast mode)
[INFO] Episode duration: 3600s (60 min)

[DEBUG] 🎯 Célzott Forgalom Generálása (R1C1_C) | Period: 7.7216
Found 6 valid OD pairs for R1C1_C
Generating focused traffic: Period 7.7216s
[INFO] Subscriptions active: 6 (libsumo, fast mode)
[INFO] Episode duration: 900s (15 min)

[DEBUG] 🎯 Célzott Forgalom Generálása (R1C1_C) | Period: 5.1894
Found 6 valid OD pairs for R1C1_C
Generating focused traffic: Period 5.1894s
[INFO] Subscriptions active: 6 (libsumo, fast mode)
[INFO] Episode duration: 3600s (60 min)

[DEBUG] 🎯 Célzott Forgalom Generálása (R1C1_C) | Period: 4.6208
Found 6 valid OD pairs for R1C1_C
Generating focused traffic: Period 4.6208s
[INFO] Subscriptions active: 6 (libsumo, fast mode)
[INFO] Episode duration: 1800s (30 min)

[DEBUG] 🎯 Célzott Forgalom Generálása (R1C1_C) | Period: 5.6194
Found 6 valid OD pairs for R1C1_C
Generating focused traffic: Period 5.6194s
[INFO] Subscriptions active: 6 (libsumo, fast mode)
[INFO] Episode duration: 3600s (60 min)

[DEBUG] 🎯 Célzott Forgalom Generálása (R1C1_C) | Period: 4.3563
Found 6 valid OD pairs for R1C1_C
Generating focused traffic: Period 4.3563s
[INFO] Subscriptions active: 6 (libsumo, fast mode)
[INFO] Episode duration: 2700s (45 min)

[DEBUG] 🎯 Célzott Forgalom Generálása (R1C1_C) | Period: 6.1291
Found 6 valid OD pairs for R1C1_C
Generating focused traffic: Period 6.1291s
[INFO] Subscriptions active: 6 (libsumo, fast mode)
[INFO] Episode duration: 900s (15 min)

[DEBUG] 🎯 Célzott Forgalom Generálása (R1C1_C) | Period: 5.1271
Found 6 valid OD pairs for R1C1_C
Generating focused traffic: Period 5.1271s
[INFO] Subscriptions active: 6 (libsumo, fast mode)
[INFO] Episode duration: 2700s (45 min)

[DEBUG] 🎯 Célzott Forgalom Generálása (R1C1_C) | Period: 5.8664
Found 6 valid OD pairs for R1C1_C
Generating focused traffic: Period 5.8664s
[INFO] Subscriptions active: 6 (libsumo, fast mode)
[INFO] Episode duration: 1800s (30 min)

[DEBUG] 🎯 Célzott Forgalom Generálása (R1C1_C) | Period: 4.5045
Found 6 valid OD pairs for R1C1_C
Generating focused traffic: Period 4.5045s
[INFO] Subscriptions active: 6 (libsumo, fast mode)
[INFO] Episode duration: 3600s (60 min)

[DEBUG] 🎯 Célzott Forgalom Generálása (R1C1_C) | Period: 5.7744
Found 6 valid OD pairs for R1C1_C
Generating focused traffic: Period 5.7744s
[INFO] Subscriptions active: 6 (libsumo, fast mode)
[INFO] Episode duration: 2700s (45 min)

[DEBUG] 🎯 Célzott Forgalom Generálása (R1C1_C) | Period: 6.343
Found 6 valid OD pairs for R1C1_C
Generating focused traffic: Period 6.3430s
[INFO] Subscriptions active: 6 (libsumo, fast mode)
[INFO] Episode duration: 2700s (45 min)

[DEBUG] 🎯 Célzott Forgalom Generálása (R1C1_C) | Period: 6.5833
Found 6 valid OD pairs for R1C1_C
Generating focused traffic: Period 6.5833s
[INFO] Subscriptions active: 6 (libsumo, fast mode)
------------------------------------
| rollout/              |          |
|    ep_len_mean        | 455      |
|    ep_rew_mean        | 158      |
| time/                 |          |
|    fps                | 180      |
|    iterations         | 40       |
|    time_elapsed       | 453      |
|    total_timesteps    | 81920    |
| train/                |          |
|    entropy_loss       | -1.39    |
|    explained_variance | -0.0182  |
|    learning_rate      | 0.0001   |
|    n_updates          | 39       |
|    policy_loss        | 31.2     |
|    value_loss         | 595      |
------------------------------------
[INFO] Episode duration: 3600s (60 min)

[DEBUG] 🎯 Célzott Forgalom Generálása (R1C1_C) | Period: 5.495
Found 6 valid OD pairs for R1C1_C
Generating focused traffic: Period 5.4950s
[INFO] Subscriptions active: 6 (libsumo, fast mode)
[INFO] Episode duration: 1800s (30 min)

[DEBUG] 🎯 Célzott Forgalom Generálása (R1C1_C) | Period: 7.2313
Found 6 valid OD pairs for R1C1_C
Generating focused traffic: Period 7.2313s
[INFO] Subscriptions active: 6 (libsumo, fast mode)
[INFO] Episode duration: 900s (15 min)

[DEBUG] 🎯 Célzott Forgalom Generálása (R1C1_C) | Period: 5.8292
Found 6 valid OD pairs for R1C1_C
Generating focused traffic: Period 5.8292s
[INFO] Subscriptions active: 6 (libsumo, fast mode)
[INFO] Episode duration: 2700s (45 min)

[DEBUG] 🎯 Célzott Forgalom Generálása (R1C1_C) | Period: 4.2471
Found 6 valid OD pairs for R1C1_C
Generating focused traffic: Period 4.2471s
[INFO] Subscriptions active: 6 (libsumo, fast mode)
[INFO] Episode duration: 2700s (45 min)

[DEBUG] 🎯 Célzott Forgalom Generálása (R1C1_C) | Period: 6.281
Found 6 valid OD pairs for R1C1_C
Generating focused traffic: Period 6.2810s
[INFO] Subscriptions active: 6 (libsumo, fast mode)
[INFO] Episode duration: 1800s (30 min)

[DEBUG] 🎯 Célzott Forgalom Generálása (R1C1_C) | Period: 5.4802
Found 6 valid OD pairs for R1C1_C
Generating focused traffic: Period 5.4802s
[INFO] Subscriptions active: 6 (libsumo, fast mode)
[INFO] Episode duration: 900s (15 min)

[DEBUG] 🎯 Célzott Forgalom Generálása (R1C1_C) | Period: 7.059
Found 6 valid OD pairs for R1C1_C
Generating focused traffic: Period 7.0590s
[INFO] Subscriptions active: 6 (libsumo, fast mode)
[INFO] Episode duration: 900s (15 min)

[DEBUG] 🎯 Célzott Forgalom Generálása (R1C1_C) | Period: 4.9757
Found 6 valid OD pairs for R1C1_C
Generating focused traffic: Period 4.9757s
[INFO] Subscriptions active: 6 (libsumo, fast mode)
[INFO] Episode duration: 1800s (30 min)

[DEBUG] 🎯 Célzott Forgalom Generálása (R1C1_C) | Period: 4.6494
Found 6 valid OD pairs for R1C1_C
Generating focused traffic: Period 4.6494s
[INFO] Subscriptions active: 6 (libsumo, fast mode)
[INFO] Episode duration: 900s (15 min)

[DEBUG] 🎯 Célzott Forgalom Generálása (R1C1_C) | Period: 4.2881
Found 6 valid OD pairs for R1C1_C
Generating focused traffic: Period 4.2881s
[INFO] Subscriptions active: 6 (libsumo, fast mode)
[INFO] Episode duration: 2700s (45 min)

[DEBUG] 🎯 Célzott Forgalom Generálása (R1C1_C) | Period: 6.4844
Found 6 valid OD pairs for R1C1_C
Generating focused traffic: Period 6.4844s
[INFO] Subscriptions active: 6 (libsumo, fast mode)
[INFO] Episode duration: 3600s (60 min)

[DEBUG] 🎯 Célzott Forgalom Generálása (R1C1_C) | Period: 7.2073
Found 6 valid OD pairs for R1C1_C
Generating focused traffic: Period 7.2073s
[INFO] Subscriptions active: 6 (libsumo, fast mode)
[INFO] Episode duration: 1800s (30 min)

[DEBUG] 🎯 Célzott Forgalom Generálása (R1C1_C) | Period: 6.4256
Found 6 valid OD pairs for R1C1_C
Generating focused traffic: Period 6.4256s
[INFO] Subscriptions active: 6 (libsumo, fast mode)
[INFO] Episode duration: 1800s (30 min)

[DEBUG] 🎯 Célzott Forgalom Generálása (R1C1_C) | Period: 7.7691
Found 6 valid OD pairs for R1C1_C
Generating focused traffic: Period 7.7691s
[INFO] Subscriptions active: 6 (libsumo, fast mode)
[INFO] Episode duration: 3600s (60 min)

[DEBUG] 🎯 Célzott Forgalom Generálása (R1C1_C) | Period: 6.084
Found 6 valid OD pairs for R1C1_C
Generating focused traffic: Period 6.0840s
[INFO] Subscriptions active: 6 (libsumo, fast mode)
[INFO] Episode duration: 1800s (30 min)

[DEBUG] 🎯 Célzott Forgalom Generálása (R1C1_C) | Period: 4.8598
Found 6 valid OD pairs for R1C1_C
Generating focused traffic: Period 4.8598s
[INFO] Subscriptions active: 6 (libsumo, fast mode)
[INFO] Episode duration: 2700s (45 min)

[DEBUG] 🎯 Célzott Forgalom Generálása (R1C1_C) | Period: 7.8345
Found 6 valid OD pairs for R1C1_C
Generating focused traffic: Period 7.8345s
[INFO] Subscriptions active: 6 (libsumo, fast mode)
[INFO] Episode duration: 1800s (30 min)

[DEBUG] 🎯 Célzott Forgalom Generálása (R1C1_C) | Period: 5.6384
Found 6 valid OD pairs for R1C1_C
Generating focused traffic: Period 5.6384s
[INFO] Subscriptions active: 6 (libsumo, fast mode)
[INFO] Episode duration: 2700s (45 min)

[DEBUG] 🎯 Célzott Forgalom Generálása (R1C1_C) | Period: 4.2851
Found 6 valid OD pairs for R1C1_C
Generating focused traffic: Period 4.2851s
[INFO] Subscriptions active: 6 (libsumo, fast mode)
[INFO] Episode duration: 900s (15 min)

[DEBUG] 🎯 Célzott Forgalom Generálása (R1C1_C) | Period: 7.4233
Found 6 valid OD pairs for R1C1_C
Generating focused traffic: Period 7.4233s
[INFO] Subscriptions active: 6 (libsumo, fast mode)
[INFO] Episode duration: 900s (15 min)

[DEBUG] 🎯 Célzott Forgalom Generálása (R1C1_C) | Period: 7.2579
Found 6 valid OD pairs for R1C1_C
Generating focused traffic: Period 7.2579s
[INFO] Subscriptions active: 6 (libsumo, fast mode)
[INFO] Episode duration: 3600s (60 min)

[DEBUG] 🎯 Célzott Forgalom Generálása (R1C1_C) | Period: 7.6849
Found 6 valid OD pairs for R1C1_C
Generating focused traffic: Period 7.6849s
[INFO] Subscriptions active: 6 (libsumo, fast mode)
[INFO] Episode duration: 1800s (30 min)

[DEBUG] 🎯 Célzott Forgalom Generálása (R1C1_C) | Period: 6.1353
Found 6 valid OD pairs for R1C1_C
Generating focused traffic: Period 6.1353s
[INFO] Subscriptions active: 6 (libsumo, fast mode)
[INFO] Episode duration: 3600s (60 min)

[DEBUG] 🎯 Célzott Forgalom Generálása (R1C1_C) | Period: 5.4716
Found 6 valid OD pairs for R1C1_C
Generating focused traffic: Period 5.4716s
[INFO] Subscriptions active: 6 (libsumo, fast mode)
[INFO] Episode duration: 2700s (45 min)

[DEBUG] 🎯 Célzott Forgalom Generálása (R1C1_C) | Period: 5.8546
Found 6 valid OD pairs for R1C1_C
Generating focused traffic: Period 5.8546s
[INFO] Subscriptions active: 6 (libsumo, fast mode)
[INFO] Episode duration: 2700s (45 min)

[DEBUG] 🎯 Célzott Forgalom Generálása (R1C1_C) | Period: 4.6788
Found 6 valid OD pairs for R1C1_C
Generating focused traffic: Period 4.6788s
[INFO] Subscriptions active: 6 (libsumo, fast mode)
[INFO] Episode duration: 2700s (45 min)

[DEBUG] 🎯 Célzott Forgalom Generálása (R1C1_C) | Period: 4.741
Found 6 valid OD pairs for R1C1_C
Generating focused traffic: Period 4.7410s
[INFO] Subscriptions active: 6 (libsumo, fast mode)
[INFO] Episode duration: 3600s (60 min)

[DEBUG] 🎯 Célzott Forgalom Generálása (R1C1_C) | Period: 7.1515
Found 6 valid OD pairs for R1C1_C
Generating focused traffic: Period 7.1515s
[INFO] Subscriptions active: 6 (libsumo, fast mode)
[INFO] Episode duration: 1800s (30 min)

[DEBUG] 🎯 Célzott Forgalom Generálása (R1C1_C) | Period: 5.9364
Found 6 valid OD pairs for R1C1_C
Generating focused traffic: Period 5.9364s
[INFO] Subscriptions active: 6 (libsumo, fast mode)
[INFO] Episode duration: 1800s (30 min)

[DEBUG] 🎯 Célzott Forgalom Generálása (R1C1_C) | Period: 4.8565
Found 6 valid OD pairs for R1C1_C
Generating focused traffic: Period 4.8565s
[INFO] Subscriptions active: 6 (libsumo, fast mode)
[INFO] Episode duration: 900s (15 min)

[DEBUG] 🎯 Célzott Forgalom Generálása (R1C1_C) | Period: 6.5941
Found 6 valid OD pairs for R1C1_C
Generating focused traffic: Period 6.5941s
[INFO] Subscriptions active: 6 (libsumo, fast mode)
[INFO] Episode duration: 900s (15 min)

[DEBUG] 🎯 Célzott Forgalom Generálása (R1C1_C) | Period: 7.0703
Found 6 valid OD pairs for R1C1_C
Generating focused traffic: Period 7.0703s
[INFO] Subscriptions active: 6 (libsumo, fast mode)
[INFO] Episode duration: 1800s (30 min)

[DEBUG] 🎯 Célzott Forgalom Generálása (R1C1_C) | Period: 6.4203
Found 6 valid OD pairs for R1C1_C
Generating focused traffic: Period 6.4203s
[INFO] Subscriptions active: 6 (libsumo, fast mode)
[INFO] Episode duration: 900s (15 min)

[DEBUG] 🎯 Célzott Forgalom Generálása (R1C1_C) | Period: 7.1401
Found 6 valid OD pairs for R1C1_C
Generating focused traffic: Period 7.1401s
[INFO] Subscriptions active: 6 (libsumo, fast mode)
[INFO] Episode duration: 900s (15 min)
wandb: WARNING Symlinked 1 file into the W&B run directory; call wandb.save again to sync new files.
/Users/wagnertamas/Documents/Munka/cikkek/AI_agens_konyvtar/support/intergreen_matrix_calculator/rl_trainer.py:857: UserWarning: Exporting a model while it is in training mode. Please ensure that this is intended, as it may lead to different behavior during inference. Calling model.eval() before export is recommended.
  torch.onnx.export(
/Users/wagnertamas/Documents/Munka/cikkek/AI_agens_konyvtar/support/intergreen_matrix_calculator/rl_trainer.py:857: UserWarning: # 'dynamic_axes' is not recommended when dynamo=True, and may lead to 'torch._dynamo.exc.UserError: Constraints violated.' Supply the 'dynamic_shapes' argument instead if export is unsuccessful.
  torch.onnx.export(
wandb: updating run metadata
wandb: uploading pytorch_models/R1C1_C.zip; uploading output.log; uploading wandb-summary.json; uploading config.yaml
wandb: uploading pytorch_models/R1C1_C.zip; uploading output.log; uploading config.yaml
wandb: uploading history steps 1000-1002, summary, console lines 1431-1453
wandb: 
wandb: Run history:
wandb:  R1C1_C/action_pct/phase_0 ▄▅▅▆▅▇▄█▃▂▃▅▅▄▄▃▅▅▅▄▅▅▃▄▁▅▄▅▆▅▅▅▆▆▃▆▄▄▅▅
wandb:  R1C1_C/action_pct/phase_1 ▃▃▅▃▃▃▁▄▃▄▂▃█▅▄▃▄▄▂▅▆▄▆▄▅▅▄▁▆▃▃▃▅▁▃▃▁▆▇▆
wandb:  R1C1_C/action_pct/phase_2 ▄▄▄▄▄▃▅▁▅▄▆▄▁▂▂▆▃▃▅▄▂▄▆▃▇▂▄▄▃▄▄▄▅▅▅▃█▂▂▁
wandb:  R1C1_C/action_pct/phase_3 ▅▄▂▃▆▄▆▃▆█▄▅▃▆▇▅▄▅▅▃▅▄▁▆▃▆▄▆▃▆▅▄▁▄▅▅▂▅▄▆
wandb:  R1C1_C/train/entropy_loss ▁▄▄▃▃▄▄▄▃▃▆▅█▄▂▄▃▃▃▄▂▂▂▃▃▄▅▅▅▇▆▆▆▇▆▇▇▇██
wandb: R1C1_C/train/learning_rate ▁▁▁▁▁▁▁▁▁▁▁▁▁▁▁▁▁▁▁▁▁▁▁▁▁▁▁▁▁▁▁▁▁▁▁▁▁▁▁▁
wandb:    R1C1_C/train/value_loss ▂▂▁▁▅▁▃▄▄▄▃▃██▃▃▃▃▃▁▃▂▁▅▅▄▃▃▃▃▃▅▅▅▁▁▁▁▄▁
wandb:                 avg_reward █▆▇▅▅▃▅▇▆▁▄▃▅▇▃▂▇▇▅▂▁▂▆▁▅▆▂▇▆▃▂▅▁█▂▅▅▅▁▇
wandb:                    episode ▁▁▁▁▂▂▂▂▂▂▃▃▃▃▃▃▄▄▄▄▄▄▅▅▅▅▅▆▆▆▇▇▇▇▇▇▇▇██
wandb:         episode/avg_reward ▆▇▇▅▃▃▇▇█▆▃▆▄▁▂███▁▅▃█▆▂▂▂▂▆▇▄▃▅▂▃▇██▆▇▆
wandb:                         +7 ...
wandb: 
wandb: Run summary:
wandb:  R1C1_C/action_pct/phase_0 25.55556
wandb:  R1C1_C/action_pct/phase_1 27.77778
wandb:  R1C1_C/action_pct/phase_2 20.55556
wandb:  R1C1_C/action_pct/phase_3 26.11111
wandb:  R1C1_C/train/entropy_loss -1.38627
wandb: R1C1_C/train/learning_rate 0.0001
wandb:    R1C1_C/train/value_loss 821.75586
wandb:                 avg_reward 0.5029
wandb:                    episode 225
wandb:         episode/avg_reward 0.28285
wandb:                         +7 ...
wandb: 
wandb: 🚀 View run a2c_co2_speedstd_3x8_3_R1C1_C at: https://wandb.ai/wagnertamas-budapesti-m-szaki-s-gazdas-gtudom-nyi-egyetem/sumo-rl-stat/runs/7t8j1u85
wandb: ⭐️ View project at: https://wandb.ai/wagnertamas-budapesti-m-szaki-s-gazdas-gtudom-nyi-egyetem/sumo-rl-stat
wandb: Synced 5 W&B file(s), 0 media file(s), 0 artifact file(s) and 1 other file(s)
wandb: Find logs at: ./wandb/run-20260322_030040-7t8j1u85/logs

[DEBUG] 🎯 Célzott Forgalom Generálása (R1C1_C) | Period: 5.1781
Found 6 valid OD pairs for R1C1_C
Generating focused traffic: Period 5.1781s
[INFO] Subscriptions active: 6 (libsumo, fast mode)
[INFO] Episode duration: 900s (15 min)

[DEBUG] 🎯 Célzott Forgalom Generálása (R1C1_C) | Period: 4.7032
Found 6 valid OD pairs for R1C1_C
Generating focused traffic: Period 4.7032s
[INFO] Subscriptions active: 6 (libsumo, fast mode)
[INFO] Episode duration: 3600s (60 min)

[DEBUG] 🎯 Célzott Forgalom Generálása (R1C1_C) | Period: 7.5626
Found 6 valid OD pairs for R1C1_C
Generating focused traffic: Period 7.5626s
[INFO] Subscriptions active: 6 (libsumo, fast mode)
[INFO] Episode duration: 1800s (30 min)

[DEBUG] 🎯 Célzott Forgalom Generálása (R1C1_C) | Period: 5.6814
Found 6 valid OD pairs for R1C1_C
Generating focused traffic: Period 5.6814s
[INFO] Subscriptions active: 6 (libsumo, fast mode)
[INFO] Episode duration: 2700s (45 min)

[DEBUG] 🎯 Célzott Forgalom Generálása (R1C1_C) | Period: 4.3573
Found 6 valid OD pairs for R1C1_C
Generating focused traffic: Period 4.3573s
[INFO] Subscriptions active: 6 (libsumo, fast mode)
[INFO] Episode duration: 2700s (45 min)

[DEBUG] 🎯 Célzott Forgalom Generálása (R1C1_C) | Period: 6.4034
Found 6 valid OD pairs for R1C1_C
Generating focused traffic: Period 6.4034s
[INFO] Subscriptions active: 6 (libsumo, fast mode)
[INFO] Episode duration: 1800s (30 min)

[DEBUG] 🎯 Célzott Forgalom Generálása (R1C1_C) | Period: 6.0494
Found 6 valid OD pairs for R1C1_C
Generating focused traffic: Period 6.0494s
[INFO] Subscriptions active: 6 (libsumo, fast mode)
[INFO] Episode duration: 3600s (60 min)

[DEBUG] 🎯 Célzott Forgalom Generálása (R1C1_C) | Period: 4.1592
Found 6 valid OD pairs for R1C1_C
Generating focused traffic: Period 4.1592s
[INFO] Subscriptions active: 6 (libsumo, fast mode)
[INFO] Episode duration: 900s (15 min)

[DEBUG] 🎯 Célzott Forgalom Generálása (R1C1_C) | Period: 5.1036
Found 6 valid OD pairs for R1C1_C
Generating focused traffic: Period 5.1036s
[INFO] Subscriptions active: 6 (libsumo, fast mode)
[INFO] Episode duration: 2700s (45 min)

[DEBUG] 🎯 Célzott Forgalom Generálása (R1C1_C) | Period: 7.4203
Found 6 valid OD pairs for R1C1_C
Generating focused traffic: Period 7.4203s
[INFO] Subscriptions active: 6 (libsumo, fast mode)
On-policy training completed.
Closing environment and EXPORTING models...
Saving PyTorch ZIP models to /Users/wagnertamas/Documents/Munka/cikkek/AI_agens_konyvtar/support/intergreen_matrix_calculator/data/runs/pytorch_models...
Saved PyTorch R1C1_C to /Users/wagnertamas/Documents/Munka/cikkek/AI_agens_konyvtar/support/intergreen_matrix_calculator/data/runs/pytorch_models/R1C1_C.zip
Exporting ONNX models to /Users/wagnertamas/Documents/Munka/cikkek/AI_agens_konyvtar/support/intergreen_matrix_calculator/data/runs/onnx_models...
Failed to export R1C1_C: # Failed to convert 'dynamic_axes' to 'dynamic_shapes'. Please provide 'dynamic_shapes' directly. Refer to the documentation for 'torch.export.export' for more information on dynamic shapes.
Cleanup done.
