wandb: [wandb.login()] Loaded credentials for https://api.wandb.ai from /Users/wagnertamas/.netrc.
wandb: Currently logged in as: wagnertamas (wagnertamas-budapesti-m-szaki-s-gazdas-gtudom-nyi-egyetem) to https://api.wandb.ai. Use `wandb login --relogin` to force relogin
wandb: setting up run 3yms5eis
wandb: Tracking run with wandb version 0.25.0
wandb: Run data is saved locally in /Users/wagnertamas/Documents/Munka/cikkek/AI_agens_konyvtar/support/intergreen_matrix_calculator/wandb/run-20260322_012516-3yms5eis
wandb: Run `wandb offline` to turn off syncing.
wandb: Syncing run a2c_speed_throughput_2x32_1_R1C1_C
wandb: ⭐️ View project at https://wandb.ai/wagnertamas-budapesti-m-szaki-s-gazdas-gtudom-nyi-egyetem/sumo-rl-stat
wandb: 🚀 View run at https://wandb.ai/wagnertamas-budapesti-m-szaki-s-gazdas-gtudom-nyi-egyetem/sumo-rl-stat/runs/3yms5eis
[INFO] Config: training_config.yaml
[INFO] Net: /Users/wagnertamas/Documents/Munka/cikkek/AI_agens_konyvtar/support/intergreen_matrix_calculator/data/mega_catalogue_v2.net.xml
[INFO] Timesteps: 100000 | Project: sumo-rl-stat
[INFO] Junction: R1C1_C
[INFO] Algorithm: a2c | Reward: speed_throughput
[INFO] Load model: None (fresh)
[INFO] Traffic: random target+spread (epizódonként)
Initializing Environment (algorithm=a2c, reward=speed_throughput)...
[INFO] Algorithm: a2c (on_policy)
[INFO] Reward mode: speed_throughput
WandB config applied (Sweep compatible).
[INFO] Junction reward params auto-loaded from /Users/wagnertamas/Documents/Munka/cikkek/AI_agens_konyvtar/support/intergreen_matrix_calculator/data/junction_reward_params.json
[INFO] Using 'libsumo' (fast headless mode, OS=darwin).
Starting SUMO...
[INFO] Episode duration: 2700s (45 min)

[DEBUG] 🎯 Célzott Forgalom Generálása (R1C1_C) | Period: 6.2436
Found 6 valid OD pairs for R1C1_C
Generating focused traffic: Period 6.2436s
[INFO] Network mapped: 1 agents, 3 detectors, 3 lanes
[INFO] Subscriptions active: 6 (libsumo, fast mode)
Agents discovered: ['R1C1_C']
[INFO] RL device: mps
[INFO] On-policy training: a2c → R1C1_C
Using mps device
Wrapping the env with a `Monitor` wrapper
Wrapping the env in a DummyVecEnv.
Starting on-policy training: 100000 timesteps...
[INFO] Episode duration: 1800s (30 min)

[DEBUG] 🎯 Célzott Forgalom Generálása (R1C1_C) | Period: 4.8193
Found 6 valid OD pairs for R1C1_C
Generating focused traffic: Period 4.8193s
[INFO] Subscriptions active: 6 (libsumo, fast mode)
Logging to /Users/wagnertamas/Documents/Munka/cikkek/AI_agens_konyvtar/support/intergreen_matrix_calculator/data/runs/sumo-rl-stat/R1C1_C/A2C_23
[INFO] Episode duration: 1800s (30 min)

[DEBUG] 🎯 Célzott Forgalom Generálása (R1C1_C) | Period: 6.5508
Found 6 valid OD pairs for R1C1_C
Generating focused traffic: Period 6.5508s
[INFO] Subscriptions active: 6 (libsumo, fast mode)
[INFO] Episode duration: 3600s (60 min)

[DEBUG] 🎯 Célzott Forgalom Generálása (R1C1_C) | Period: 5.0429
Found 6 valid OD pairs for R1C1_C
Generating focused traffic: Period 5.0429s
[INFO] Subscriptions active: 6 (libsumo, fast mode)
[INFO] Episode duration: 2700s (45 min)

[DEBUG] 🎯 Célzott Forgalom Generálása (R1C1_C) | Period: 5.3822
Found 6 valid OD pairs for R1C1_C
Generating focused traffic: Period 5.3822s
[INFO] Subscriptions active: 6 (libsumo, fast mode)
[INFO] Episode duration: 3600s (60 min)

[DEBUG] 🎯 Célzott Forgalom Generálása (R1C1_C) | Period: 5.1047
Found 6 valid OD pairs for R1C1_C
Generating focused traffic: Period 5.1047s
[INFO] Subscriptions active: 6 (libsumo, fast mode)
[INFO] Episode duration: 1800s (30 min)

[DEBUG] 🎯 Célzott Forgalom Generálása (R1C1_C) | Period: 4.7978
Found 6 valid OD pairs for R1C1_C
Generating focused traffic: Period 4.7978s
[INFO] Subscriptions active: 6 (libsumo, fast mode)
[INFO] Episode duration: 3600s (60 min)

[DEBUG] 🎯 Célzott Forgalom Generálása (R1C1_C) | Period: 4.0095
Found 6 valid OD pairs for R1C1_C
Generating focused traffic: Period 4.0095s
[INFO] Subscriptions active: 6 (libsumo, fast mode)
[INFO] Episode duration: 2700s (45 min)

[DEBUG] 🎯 Célzott Forgalom Generálása (R1C1_C) | Period: 5.5044
Found 6 valid OD pairs for R1C1_C
Generating focused traffic: Period 5.5044s
[INFO] Subscriptions active: 6 (libsumo, fast mode)
[INFO] Episode duration: 2700s (45 min)

[DEBUG] 🎯 Célzott Forgalom Generálása (R1C1_C) | Period: 4.7146
Found 6 valid OD pairs for R1C1_C
Generating focused traffic: Period 4.7146s
[INFO] Subscriptions active: 6 (libsumo, fast mode)
[INFO] Episode duration: 900s (15 min)

[DEBUG] 🎯 Célzott Forgalom Generálása (R1C1_C) | Period: 6.4044
Found 6 valid OD pairs for R1C1_C
Generating focused traffic: Period 6.4044s
[INFO] Subscriptions active: 6 (libsumo, fast mode)
[INFO] Episode duration: 1800s (30 min)

[DEBUG] 🎯 Célzott Forgalom Generálása (R1C1_C) | Period: 6.5175
Found 6 valid OD pairs for R1C1_C
Generating focused traffic: Period 6.5175s
[INFO] Subscriptions active: 6 (libsumo, fast mode)
[INFO] Episode duration: 3600s (60 min)

[DEBUG] 🎯 Célzott Forgalom Generálása (R1C1_C) | Period: 7.663
Found 6 valid OD pairs for R1C1_C
Generating focused traffic: Period 7.6630s
[INFO] Subscriptions active: 6 (libsumo, fast mode)
[INFO] Episode duration: 2700s (45 min)

[DEBUG] 🎯 Célzott Forgalom Generálása (R1C1_C) | Period: 4.9058
Found 6 valid OD pairs for R1C1_C
Generating focused traffic: Period 4.9058s
[INFO] Subscriptions active: 6 (libsumo, fast mode)
[INFO] Episode duration: 3600s (60 min)

[DEBUG] 🎯 Célzott Forgalom Generálása (R1C1_C) | Period: 6.5819
Found 6 valid OD pairs for R1C1_C
Generating focused traffic: Period 6.5819s
[INFO] Subscriptions active: 6 (libsumo, fast mode)
[INFO] Episode duration: 3600s (60 min)

[DEBUG] 🎯 Célzott Forgalom Generálása (R1C1_C) | Period: 5.0259
Found 6 valid OD pairs for R1C1_C
Generating focused traffic: Period 5.0259s
[INFO] Subscriptions active: 6 (libsumo, fast mode)
[INFO] Episode duration: 2700s (45 min)

[DEBUG] 🎯 Célzott Forgalom Generálása (R1C1_C) | Period: 5.0355
Found 6 valid OD pairs for R1C1_C
Generating focused traffic: Period 5.0355s
[INFO] Subscriptions active: 6 (libsumo, fast mode)
[INFO] Episode duration: 900s (15 min)

[DEBUG] 🎯 Célzott Forgalom Generálása (R1C1_C) | Period: 4.823
Found 6 valid OD pairs for R1C1_C
Generating focused traffic: Period 4.8230s
[INFO] Subscriptions active: 6 (libsumo, fast mode)
[INFO] Episode duration: 900s (15 min)

[DEBUG] 🎯 Célzott Forgalom Generálása (R1C1_C) | Period: 4.9463
Found 6 valid OD pairs for R1C1_C
Generating focused traffic: Period 4.9463s
[INFO] Subscriptions active: 6 (libsumo, fast mode)
[INFO] Episode duration: 900s (15 min)

[DEBUG] 🎯 Célzott Forgalom Generálása (R1C1_C) | Period: 6.0185
Found 6 valid OD pairs for R1C1_C
Generating focused traffic: Period 6.0185s
[INFO] Subscriptions active: 6 (libsumo, fast mode)
[INFO] Episode duration: 900s (15 min)

[DEBUG] 🎯 Célzott Forgalom Generálása (R1C1_C) | Period: 7.3193
Found 6 valid OD pairs for R1C1_C
Generating focused traffic: Period 7.3193s
[INFO] Subscriptions active: 6 (libsumo, fast mode)
[INFO] Episode duration: 3600s (60 min)

[DEBUG] 🎯 Célzott Forgalom Generálása (R1C1_C) | Period: 5.1329
Found 6 valid OD pairs for R1C1_C
Generating focused traffic: Period 5.1329s
[INFO] Subscriptions active: 6 (libsumo, fast mode)
[INFO] Episode duration: 3600s (60 min)

[DEBUG] 🎯 Célzott Forgalom Generálása (R1C1_C) | Period: 5.4465
Found 6 valid OD pairs for R1C1_C
Generating focused traffic: Period 5.4465s
[INFO] Subscriptions active: 6 (libsumo, fast mode)
[INFO] Episode duration: 900s (15 min)

[DEBUG] 🎯 Célzott Forgalom Generálása (R1C1_C) | Period: 7.0789
Found 6 valid OD pairs for R1C1_C
Generating focused traffic: Period 7.0789s
[INFO] Subscriptions active: 6 (libsumo, fast mode)
[INFO] Episode duration: 3600s (60 min)

[DEBUG] 🎯 Célzott Forgalom Generálása (R1C1_C) | Period: 6.1148
Found 6 valid OD pairs for R1C1_C
Generating focused traffic: Period 6.1148s
[INFO] Subscriptions active: 6 (libsumo, fast mode)
[INFO] Episode duration: 1800s (30 min)

[DEBUG] 🎯 Célzott Forgalom Generálása (R1C1_C) | Period: 5.7328
Found 6 valid OD pairs for R1C1_C
Generating focused traffic: Period 5.7328s
[INFO] Subscriptions active: 6 (libsumo, fast mode)
[INFO] Episode duration: 900s (15 min)

[DEBUG] 🎯 Célzott Forgalom Generálása (R1C1_C) | Period: 4.7886
Found 6 valid OD pairs for R1C1_C
Generating focused traffic: Period 4.7886s
[INFO] Subscriptions active: 6 (libsumo, fast mode)
[INFO] Episode duration: 3600s (60 min)

[DEBUG] 🎯 Célzott Forgalom Generálása (R1C1_C) | Period: 7.5867
Found 6 valid OD pairs for R1C1_C
Generating focused traffic: Period 7.5867s
[INFO] Subscriptions active: 6 (libsumo, fast mode)
[INFO] Episode duration: 900s (15 min)

[DEBUG] 🎯 Célzott Forgalom Generálása (R1C1_C) | Period: 4.979
Found 6 valid OD pairs for R1C1_C
Generating focused traffic: Period 4.9790s
[INFO] Subscriptions active: 6 (libsumo, fast mode)
[INFO] Episode duration: 3600s (60 min)

[DEBUG] 🎯 Célzott Forgalom Generálása (R1C1_C) | Period: 7.6553
Found 6 valid OD pairs for R1C1_C
Generating focused traffic: Period 7.6553s
[INFO] Subscriptions active: 6 (libsumo, fast mode)
[INFO] Episode duration: 2700s (45 min)

[DEBUG] 🎯 Célzott Forgalom Generálása (R1C1_C) | Period: 7.736
Found 6 valid OD pairs for R1C1_C
Generating focused traffic: Period 7.7360s
[INFO] Subscriptions active: 6 (libsumo, fast mode)
[INFO] Episode duration: 900s (15 min)

[DEBUG] 🎯 Célzott Forgalom Generálása (R1C1_C) | Period: 6.5486
Found 6 valid OD pairs for R1C1_C
Generating focused traffic: Period 6.5486s
[INFO] Subscriptions active: 6 (libsumo, fast mode)
[INFO] Episode duration: 2700s (45 min)

[DEBUG] 🎯 Célzott Forgalom Generálása (R1C1_C) | Period: 6.3915
Found 6 valid OD pairs for R1C1_C
Generating focused traffic: Period 6.3915s
[INFO] Subscriptions active: 6 (libsumo, fast mode)
[INFO] Episode duration: 1800s (30 min)

[DEBUG] 🎯 Célzott Forgalom Generálása (R1C1_C) | Period: 4.1051
Found 6 valid OD pairs for R1C1_C
Generating focused traffic: Period 4.1051s
[INFO] Subscriptions active: 6 (libsumo, fast mode)
[INFO] Episode duration: 900s (15 min)

[DEBUG] 🎯 Célzott Forgalom Generálása (R1C1_C) | Period: 4.4197
Found 6 valid OD pairs for R1C1_C
Generating focused traffic: Period 4.4197s
[INFO] Subscriptions active: 6 (libsumo, fast mode)
[INFO] Episode duration: 2700s (45 min)

[DEBUG] 🎯 Célzott Forgalom Generálása (R1C1_C) | Period: 6.3943
Found 6 valid OD pairs for R1C1_C
Generating focused traffic: Period 6.3943s
[INFO] Subscriptions active: 6 (libsumo, fast mode)
[INFO] Episode duration: 900s (15 min)

[DEBUG] 🎯 Célzott Forgalom Generálása (R1C1_C) | Period: 4.7087
Found 6 valid OD pairs for R1C1_C
Generating focused traffic: Period 4.7087s
[INFO] Subscriptions active: 6 (libsumo, fast mode)
[INFO] Episode duration: 900s (15 min)

[DEBUG] 🎯 Célzott Forgalom Generálása (R1C1_C) | Period: 7.4806
Found 6 valid OD pairs for R1C1_C
Generating focused traffic: Period 7.4806s
[INFO] Subscriptions active: 6 (libsumo, fast mode)
[INFO] Episode duration: 900s (15 min)

[DEBUG] 🎯 Célzott Forgalom Generálása (R1C1_C) | Period: 6.5669
Found 6 valid OD pairs for R1C1_C
Generating focused traffic: Period 6.5669s
[INFO] Subscriptions active: 6 (libsumo, fast mode)
[INFO] Episode duration: 1800s (30 min)

[DEBUG] 🎯 Célzott Forgalom Generálása (R1C1_C) | Period: 7.5495
Found 6 valid OD pairs for R1C1_C
Generating focused traffic: Period 7.5495s
[INFO] Subscriptions active: 6 (libsumo, fast mode)
[INFO] Episode duration: 3600s (60 min)

[DEBUG] 🎯 Célzott Forgalom Generálása (R1C1_C) | Period: 7.7694
Found 6 valid OD pairs for R1C1_C
Generating focused traffic: Period 7.7694s
[INFO] Subscriptions active: 6 (libsumo, fast mode)
[INFO] Episode duration: 1800s (30 min)

[DEBUG] 🎯 Célzott Forgalom Generálása (R1C1_C) | Period: 7.3592
Found 6 valid OD pairs for R1C1_C
Generating focused traffic: Period 7.3592s
[INFO] Subscriptions active: 6 (libsumo, fast mode)
[INFO] Episode duration: 2700s (45 min)

[DEBUG] 🎯 Célzott Forgalom Generálása (R1C1_C) | Period: 5.6655
Found 6 valid OD pairs for R1C1_C
Generating focused traffic: Period 5.6655s
[INFO] Subscriptions active: 6 (libsumo, fast mode)
[INFO] Episode duration: 900s (15 min)

[DEBUG] 🎯 Célzott Forgalom Generálása (R1C1_C) | Period: 4.1976
Found 6 valid OD pairs for R1C1_C
Generating focused traffic: Period 4.1976s
[INFO] Subscriptions active: 6 (libsumo, fast mode)
[INFO] Episode duration: 2700s (45 min)

[DEBUG] 🎯 Célzott Forgalom Generálása (R1C1_C) | Period: 6.6214
Found 6 valid OD pairs for R1C1_C
Generating focused traffic: Period 6.6214s
[INFO] Subscriptions active: 6 (libsumo, fast mode)
[INFO] Episode duration: 2700s (45 min)

[DEBUG] 🎯 Célzott Forgalom Generálása (R1C1_C) | Period: 7.3732
Found 6 valid OD pairs for R1C1_C
Generating focused traffic: Period 7.3732s
[INFO] Subscriptions active: 6 (libsumo, fast mode)
[INFO] Episode duration: 1800s (30 min)

[DEBUG] 🎯 Célzott Forgalom Generálása (R1C1_C) | Period: 7.9457
Found 6 valid OD pairs for R1C1_C
Generating focused traffic: Period 7.9457s
[INFO] Subscriptions active: 6 (libsumo, fast mode)
[INFO] Episode duration: 1800s (30 min)

[DEBUG] 🎯 Célzott Forgalom Generálása (R1C1_C) | Period: 5.557
Found 6 valid OD pairs for R1C1_C
Generating focused traffic: Period 5.5570s
[INFO] Subscriptions active: 6 (libsumo, fast mode)
------------------------------------
| rollout/              |          |
|    ep_len_mean        | 442      |
|    ep_rew_mean        | 131      |
| time/                 |          |
|    fps                | 173      |
|    iterations         | 10       |
|    time_elapsed       | 117      |
|    total_timesteps    | 20480    |
| train/                |          |
|    entropy_loss       | -1.39    |
|    explained_variance | -0.00142 |
|    learning_rate      | 0.0001   |
|    n_updates          | 9        |
|    policy_loss        | 30.3     |
|    value_loss         | 547      |
------------------------------------
[INFO] Episode duration: 2700s (45 min)

[DEBUG] 🎯 Célzott Forgalom Generálása (R1C1_C) | Period: 7.8976
Found 6 valid OD pairs for R1C1_C
Generating focused traffic: Period 7.8976s
[INFO] Subscriptions active: 6 (libsumo, fast mode)
[INFO] Episode duration: 900s (15 min)

[DEBUG] 🎯 Célzott Forgalom Generálása (R1C1_C) | Period: 6.2234
Found 6 valid OD pairs for R1C1_C
Generating focused traffic: Period 6.2234s
[INFO] Subscriptions active: 6 (libsumo, fast mode)
[INFO] Episode duration: 1800s (30 min)

[DEBUG] 🎯 Célzott Forgalom Generálása (R1C1_C) | Period: 7.405
Found 6 valid OD pairs for R1C1_C
Generating focused traffic: Period 7.4050s
[INFO] Subscriptions active: 6 (libsumo, fast mode)
[INFO] Episode duration: 3600s (60 min)

[DEBUG] 🎯 Célzott Forgalom Generálása (R1C1_C) | Period: 4.3206
Found 6 valid OD pairs for R1C1_C
Generating focused traffic: Period 4.3206s
[INFO] Subscriptions active: 6 (libsumo, fast mode)
[INFO] Episode duration: 1800s (30 min)

[DEBUG] 🎯 Célzott Forgalom Generálása (R1C1_C) | Period: 6.1579
Found 6 valid OD pairs for R1C1_C
Generating focused traffic: Period 6.1579s
[INFO] Subscriptions active: 6 (libsumo, fast mode)
[INFO] Episode duration: 1800s (30 min)

[DEBUG] 🎯 Célzott Forgalom Generálása (R1C1_C) | Period: 6.9325
Found 6 valid OD pairs for R1C1_C
Generating focused traffic: Period 6.9325s
[INFO] Subscriptions active: 6 (libsumo, fast mode)
[INFO] Episode duration: 3600s (60 min)

[DEBUG] 🎯 Célzott Forgalom Generálása (R1C1_C) | Period: 7.6288
Found 6 valid OD pairs for R1C1_C
Generating focused traffic: Period 7.6288s
[INFO] Subscriptions active: 6 (libsumo, fast mode)
[INFO] Episode duration: 900s (15 min)

[DEBUG] 🎯 Célzott Forgalom Generálása (R1C1_C) | Period: 5.0262
Found 6 valid OD pairs for R1C1_C
Generating focused traffic: Period 5.0262s
[INFO] Subscriptions active: 6 (libsumo, fast mode)
[INFO] Episode duration: 900s (15 min)

[DEBUG] 🎯 Célzott Forgalom Generálása (R1C1_C) | Period: 5.1848
Found 6 valid OD pairs for R1C1_C
Generating focused traffic: Period 5.1848s
[INFO] Subscriptions active: 6 (libsumo, fast mode)
[INFO] Episode duration: 1800s (30 min)

[DEBUG] 🎯 Célzott Forgalom Generálása (R1C1_C) | Period: 4.1232
Found 6 valid OD pairs for R1C1_C
Generating focused traffic: Period 4.1232s
[INFO] Subscriptions active: 6 (libsumo, fast mode)
[INFO] Episode duration: 3600s (60 min)

[DEBUG] 🎯 Célzott Forgalom Generálása (R1C1_C) | Period: 4.7323
Found 6 valid OD pairs for R1C1_C
Generating focused traffic: Period 4.7323s
[INFO] Subscriptions active: 6 (libsumo, fast mode)
[INFO] Episode duration: 2700s (45 min)

[DEBUG] 🎯 Célzott Forgalom Generálása (R1C1_C) | Period: 7.9287
Found 6 valid OD pairs for R1C1_C
Generating focused traffic: Period 7.9287s
[INFO] Subscriptions active: 6 (libsumo, fast mode)
[INFO] Episode duration: 2700s (45 min)

[DEBUG] 🎯 Célzott Forgalom Generálása (R1C1_C) | Period: 6.8293
Found 6 valid OD pairs for R1C1_C
Generating focused traffic: Period 6.8293s
[INFO] Subscriptions active: 6 (libsumo, fast mode)
[INFO] Episode duration: 1800s (30 min)

[DEBUG] 🎯 Célzott Forgalom Generálása (R1C1_C) | Period: 7.233
Found 6 valid OD pairs for R1C1_C
Generating focused traffic: Period 7.2330s
[INFO] Subscriptions active: 6 (libsumo, fast mode)
[INFO] Episode duration: 2700s (45 min)

[DEBUG] 🎯 Célzott Forgalom Generálása (R1C1_C) | Period: 7.6132
Found 6 valid OD pairs for R1C1_C
Generating focused traffic: Period 7.6132s
[INFO] Subscriptions active: 6 (libsumo, fast mode)
[INFO] Episode duration: 900s (15 min)

[DEBUG] 🎯 Célzott Forgalom Generálása (R1C1_C) | Period: 4.1533
Found 6 valid OD pairs for R1C1_C
Generating focused traffic: Period 4.1533s
[INFO] Subscriptions active: 6 (libsumo, fast mode)
[INFO] Episode duration: 1800s (30 min)

[DEBUG] 🎯 Célzott Forgalom Generálása (R1C1_C) | Period: 6.2885
Found 6 valid OD pairs for R1C1_C
Generating focused traffic: Period 6.2885s
[INFO] Subscriptions active: 6 (libsumo, fast mode)
[INFO] Episode duration: 900s (15 min)

[DEBUG] 🎯 Célzott Forgalom Generálása (R1C1_C) | Period: 4.9984
Found 6 valid OD pairs for R1C1_C
Generating focused traffic: Period 4.9984s
[INFO] Subscriptions active: 6 (libsumo, fast mode)
[INFO] Episode duration: 2700s (45 min)

[DEBUG] 🎯 Célzott Forgalom Generálása (R1C1_C) | Period: 6.7812
Found 6 valid OD pairs for R1C1_C
Generating focused traffic: Period 6.7812s
[INFO] Subscriptions active: 6 (libsumo, fast mode)
[INFO] Episode duration: 900s (15 min)

[DEBUG] 🎯 Célzott Forgalom Generálása (R1C1_C) | Period: 4.6875
Found 6 valid OD pairs for R1C1_C
Generating focused traffic: Period 4.6875s
[INFO] Subscriptions active: 6 (libsumo, fast mode)
[INFO] Episode duration: 3600s (60 min)

[DEBUG] 🎯 Célzott Forgalom Generálása (R1C1_C) | Period: 7.5554
Found 6 valid OD pairs for R1C1_C
Generating focused traffic: Period 7.5554s
[INFO] Subscriptions active: 6 (libsumo, fast mode)
[INFO] Episode duration: 2700s (45 min)

[DEBUG] 🎯 Célzott Forgalom Generálása (R1C1_C) | Period: 7.8261
Found 6 valid OD pairs for R1C1_C
Generating focused traffic: Period 7.8261s
[INFO] Subscriptions active: 6 (libsumo, fast mode)
[INFO] Episode duration: 2700s (45 min)

[DEBUG] 🎯 Célzott Forgalom Generálása (R1C1_C) | Period: 6.7508
Found 6 valid OD pairs for R1C1_C
Generating focused traffic: Period 6.7508s
[INFO] Subscriptions active: 6 (libsumo, fast mode)
[INFO] Episode duration: 1800s (30 min)

[DEBUG] 🎯 Célzott Forgalom Generálása (R1C1_C) | Period: 6.1407
Found 6 valid OD pairs for R1C1_C
Generating focused traffic: Period 6.1407s
[INFO] Subscriptions active: 6 (libsumo, fast mode)
[INFO] Episode duration: 1800s (30 min)

[DEBUG] 🎯 Célzott Forgalom Generálása (R1C1_C) | Period: 6.183
Found 6 valid OD pairs for R1C1_C
Generating focused traffic: Period 6.1830s
[INFO] Subscriptions active: 6 (libsumo, fast mode)
[INFO] Episode duration: 2700s (45 min)

[DEBUG] 🎯 Célzott Forgalom Generálása (R1C1_C) | Period: 6.1059
Found 6 valid OD pairs for R1C1_C
Generating focused traffic: Period 6.1059s
[INFO] Subscriptions active: 6 (libsumo, fast mode)
[INFO] Episode duration: 3600s (60 min)

[DEBUG] 🎯 Célzott Forgalom Generálása (R1C1_C) | Period: 4.6898
Found 6 valid OD pairs for R1C1_C
Generating focused traffic: Period 4.6898s
[INFO] Subscriptions active: 6 (libsumo, fast mode)
[INFO] Episode duration: 1800s (30 min)

[DEBUG] 🎯 Célzott Forgalom Generálása (R1C1_C) | Period: 5.7163
Found 6 valid OD pairs for R1C1_C
Generating focused traffic: Period 5.7163s
[INFO] Subscriptions active: 6 (libsumo, fast mode)
[INFO] Episode duration: 2700s (45 min)

[DEBUG] 🎯 Célzott Forgalom Generálása (R1C1_C) | Period: 4.3572
Found 6 valid OD pairs for R1C1_C
Generating focused traffic: Period 4.3572s
[INFO] Subscriptions active: 6 (libsumo, fast mode)
[INFO] Episode duration: 3600s (60 min)

[DEBUG] 🎯 Célzott Forgalom Generálása (R1C1_C) | Period: 4.0581
Found 6 valid OD pairs for R1C1_C
Generating focused traffic: Period 4.0581s
[INFO] Subscriptions active: 6 (libsumo, fast mode)
[INFO] Episode duration: 3600s (60 min)

[DEBUG] 🎯 Célzott Forgalom Generálása (R1C1_C) | Period: 5.4081
Found 6 valid OD pairs for R1C1_C
Generating focused traffic: Period 5.4081s
[INFO] Subscriptions active: 6 (libsumo, fast mode)
[INFO] Episode duration: 1800s (30 min)

[DEBUG] 🎯 Célzott Forgalom Generálása (R1C1_C) | Period: 7.5383
Found 6 valid OD pairs for R1C1_C
Generating focused traffic: Period 7.5383s
[INFO] Subscriptions active: 6 (libsumo, fast mode)
[INFO] Episode duration: 3600s (60 min)

[DEBUG] 🎯 Célzott Forgalom Generálása (R1C1_C) | Period: 6.3028
Found 6 valid OD pairs for R1C1_C
Generating focused traffic: Period 6.3028s
[INFO] Subscriptions active: 6 (libsumo, fast mode)
[INFO] Episode duration: 1800s (30 min)

[DEBUG] 🎯 Célzott Forgalom Generálása (R1C1_C) | Period: 6.9844
Found 6 valid OD pairs for R1C1_C
Generating focused traffic: Period 6.9844s
[INFO] Subscriptions active: 6 (libsumo, fast mode)
[INFO] Episode duration: 2700s (45 min)

[DEBUG] 🎯 Célzott Forgalom Generálása (R1C1_C) | Period: 4.6192
Found 6 valid OD pairs for R1C1_C
Generating focused traffic: Period 4.6192s
[INFO] Subscriptions active: 6 (libsumo, fast mode)
[INFO] Episode duration: 3600s (60 min)

[DEBUG] 🎯 Célzott Forgalom Generálása (R1C1_C) | Period: 4.6981
Found 6 valid OD pairs for R1C1_C
Generating focused traffic: Period 4.6981s
[INFO] Subscriptions active: 6 (libsumo, fast mode)
[INFO] Episode duration: 2700s (45 min)

[DEBUG] 🎯 Célzott Forgalom Generálása (R1C1_C) | Period: 5.0517
Found 6 valid OD pairs for R1C1_C
Generating focused traffic: Period 5.0517s
[INFO] Subscriptions active: 6 (libsumo, fast mode)
[INFO] Episode duration: 1800s (30 min)

[DEBUG] 🎯 Célzott Forgalom Generálása (R1C1_C) | Period: 6.9532
Found 6 valid OD pairs for R1C1_C
Generating focused traffic: Period 6.9532s
[INFO] Subscriptions active: 6 (libsumo, fast mode)
[INFO] Episode duration: 900s (15 min)

[DEBUG] 🎯 Célzott Forgalom Generálása (R1C1_C) | Period: 5.731
Found 6 valid OD pairs for R1C1_C
Generating focused traffic: Period 5.7310s
[INFO] Subscriptions active: 6 (libsumo, fast mode)
[INFO] Episode duration: 900s (15 min)

[DEBUG] 🎯 Célzott Forgalom Generálása (R1C1_C) | Period: 4.4116
Found 6 valid OD pairs for R1C1_C
Generating focused traffic: Period 4.4116s
[INFO] Subscriptions active: 6 (libsumo, fast mode)
[INFO] Episode duration: 2700s (45 min)

[DEBUG] 🎯 Célzott Forgalom Generálása (R1C1_C) | Period: 4.4033
Found 6 valid OD pairs for R1C1_C
Generating focused traffic: Period 4.4033s
[INFO] Subscriptions active: 6 (libsumo, fast mode)
[INFO] Episode duration: 3600s (60 min)

[DEBUG] 🎯 Célzott Forgalom Generálása (R1C1_C) | Period: 6.2692
Found 6 valid OD pairs for R1C1_C
Generating focused traffic: Period 6.2692s
[INFO] Subscriptions active: 6 (libsumo, fast mode)
[INFO] Episode duration: 1800s (30 min)

[DEBUG] 🎯 Célzott Forgalom Generálása (R1C1_C) | Period: 6.3757
Found 6 valid OD pairs for R1C1_C
Generating focused traffic: Period 6.3757s
[INFO] Subscriptions active: 6 (libsumo, fast mode)
[INFO] Episode duration: 3600s (60 min)

[DEBUG] 🎯 Célzott Forgalom Generálása (R1C1_C) | Period: 7.3993
Found 6 valid OD pairs for R1C1_C
Generating focused traffic: Period 7.3993s
[INFO] Subscriptions active: 6 (libsumo, fast mode)
------------------------------------
| rollout/              |          |
|    ep_len_mean        | 450      |
|    ep_rew_mean        | 133      |
| time/                 |          |
|    fps                | 174      |
|    iterations         | 20       |
|    time_elapsed       | 234      |
|    total_timesteps    | 40960    |
| train/                |          |
|    entropy_loss       | -1.39    |
|    explained_variance | 0.00768  |
|    learning_rate      | 0.0001   |
|    n_updates          | 19       |
|    policy_loss        | 29.6     |
|    value_loss         | 523      |
------------------------------------
[INFO] Episode duration: 2700s (45 min)

[DEBUG] 🎯 Célzott Forgalom Generálása (R1C1_C) | Period: 5.03
Found 6 valid OD pairs for R1C1_C
Generating focused traffic: Period 5.0300s
[INFO] Subscriptions active: 6 (libsumo, fast mode)
[INFO] Episode duration: 2700s (45 min)

[DEBUG] 🎯 Célzott Forgalom Generálása (R1C1_C) | Period: 5.9476
Found 6 valid OD pairs for R1C1_C
Generating focused traffic: Period 5.9476s
[INFO] Subscriptions active: 6 (libsumo, fast mode)
[INFO] Episode duration: 2700s (45 min)

[DEBUG] 🎯 Célzott Forgalom Generálása (R1C1_C) | Period: 4.1085
Found 6 valid OD pairs for R1C1_C
Generating focused traffic: Period 4.1085s
[INFO] Subscriptions active: 6 (libsumo, fast mode)
[INFO] Episode duration: 3600s (60 min)

[DEBUG] 🎯 Célzott Forgalom Generálása (R1C1_C) | Period: 6.9954
Found 6 valid OD pairs for R1C1_C
Generating focused traffic: Period 6.9954s
[INFO] Subscriptions active: 6 (libsumo, fast mode)
[INFO] Episode duration: 3600s (60 min)

[DEBUG] 🎯 Célzott Forgalom Generálása (R1C1_C) | Period: 6.4929
Found 6 valid OD pairs for R1C1_C
Generating focused traffic: Period 6.4929s
[INFO] Subscriptions active: 6 (libsumo, fast mode)
[INFO] Episode duration: 3600s (60 min)

[DEBUG] 🎯 Célzott Forgalom Generálása (R1C1_C) | Period: 4.0299
Found 6 valid OD pairs for R1C1_C
Generating focused traffic: Period 4.0299s
[INFO] Subscriptions active: 6 (libsumo, fast mode)
[INFO] Episode duration: 900s (15 min)

[DEBUG] 🎯 Célzott Forgalom Generálása (R1C1_C) | Period: 6.4816
Found 6 valid OD pairs for R1C1_C
Generating focused traffic: Period 6.4816s
[INFO] Subscriptions active: 6 (libsumo, fast mode)
[INFO] Episode duration: 2700s (45 min)

[DEBUG] 🎯 Célzott Forgalom Generálása (R1C1_C) | Period: 4.82
Found 6 valid OD pairs for R1C1_C
Generating focused traffic: Period 4.8200s
[INFO] Subscriptions active: 6 (libsumo, fast mode)
[INFO] Episode duration: 900s (15 min)

[DEBUG] 🎯 Célzott Forgalom Generálása (R1C1_C) | Period: 6.6744
Found 6 valid OD pairs for R1C1_C
Generating focused traffic: Period 6.6744s
[INFO] Subscriptions active: 6 (libsumo, fast mode)
[INFO] Episode duration: 1800s (30 min)

[DEBUG] 🎯 Célzott Forgalom Generálása (R1C1_C) | Period: 5.2885
Found 6 valid OD pairs for R1C1_C
Generating focused traffic: Period 5.2885s
[INFO] Subscriptions active: 6 (libsumo, fast mode)
[INFO] Episode duration: 3600s (60 min)

[DEBUG] 🎯 Célzott Forgalom Generálása (R1C1_C) | Period: 7.0015
Found 6 valid OD pairs for R1C1_C
Generating focused traffic: Period 7.0015s
[INFO] Subscriptions active: 6 (libsumo, fast mode)
[INFO] Episode duration: 1800s (30 min)

[DEBUG] 🎯 Célzott Forgalom Generálása (R1C1_C) | Period: 6.504
Found 6 valid OD pairs for R1C1_C
Generating focused traffic: Period 6.5040s
[INFO] Subscriptions active: 6 (libsumo, fast mode)
[INFO] Episode duration: 2700s (45 min)

[DEBUG] 🎯 Célzott Forgalom Generálása (R1C1_C) | Period: 4.1057
Found 6 valid OD pairs for R1C1_C
Generating focused traffic: Period 4.1057s
[INFO] Subscriptions active: 6 (libsumo, fast mode)
[INFO] Episode duration: 2700s (45 min)

[DEBUG] 🎯 Célzott Forgalom Generálása (R1C1_C) | Period: 5.4446
Found 6 valid OD pairs for R1C1_C
Generating focused traffic: Period 5.4446s
[INFO] Subscriptions active: 6 (libsumo, fast mode)
[INFO] Episode duration: 900s (15 min)

[DEBUG] 🎯 Célzott Forgalom Generálása (R1C1_C) | Period: 7.0294
Found 6 valid OD pairs for R1C1_C
Generating focused traffic: Period 7.0294s
[INFO] Subscriptions active: 6 (libsumo, fast mode)
[INFO] Episode duration: 3600s (60 min)

[DEBUG] 🎯 Célzott Forgalom Generálása (R1C1_C) | Period: 4.2083
Found 6 valid OD pairs for R1C1_C
Generating focused traffic: Period 4.2083s
[INFO] Subscriptions active: 6 (libsumo, fast mode)
[INFO] Episode duration: 2700s (45 min)

[DEBUG] 🎯 Célzott Forgalom Generálása (R1C1_C) | Period: 5.4452
Found 6 valid OD pairs for R1C1_C
Generating focused traffic: Period 5.4452s
[INFO] Subscriptions active: 6 (libsumo, fast mode)
[INFO] Episode duration: 2700s (45 min)

[DEBUG] 🎯 Célzott Forgalom Generálása (R1C1_C) | Period: 7.3353
Found 6 valid OD pairs for R1C1_C
Generating focused traffic: Period 7.3353s
[INFO] Subscriptions active: 6 (libsumo, fast mode)
[INFO] Episode duration: 900s (15 min)

[DEBUG] 🎯 Célzott Forgalom Generálása (R1C1_C) | Period: 5.4765
Found 6 valid OD pairs for R1C1_C
Generating focused traffic: Period 5.4765s
[INFO] Subscriptions active: 6 (libsumo, fast mode)
[INFO] Episode duration: 3600s (60 min)

[DEBUG] 🎯 Célzott Forgalom Generálása (R1C1_C) | Period: 5.7605
Found 6 valid OD pairs for R1C1_C
Generating focused traffic: Period 5.7605s
[INFO] Subscriptions active: 6 (libsumo, fast mode)
[INFO] Episode duration: 900s (15 min)

[DEBUG] 🎯 Célzott Forgalom Generálása (R1C1_C) | Period: 5.5263
Found 6 valid OD pairs for R1C1_C
Generating focused traffic: Period 5.5263s
[INFO] Subscriptions active: 6 (libsumo, fast mode)
[INFO] Episode duration: 900s (15 min)

[DEBUG] 🎯 Célzott Forgalom Generálása (R1C1_C) | Period: 7.1268
Found 6 valid OD pairs for R1C1_C
Generating focused traffic: Period 7.1268s
[INFO] Subscriptions active: 6 (libsumo, fast mode)
[INFO] Episode duration: 1800s (30 min)

[DEBUG] 🎯 Célzott Forgalom Generálása (R1C1_C) | Period: 4.3225
Found 6 valid OD pairs for R1C1_C
Generating focused traffic: Period 4.3225s
[INFO] Subscriptions active: 6 (libsumo, fast mode)
[INFO] Episode duration: 900s (15 min)

[DEBUG] 🎯 Célzott Forgalom Generálása (R1C1_C) | Period: 4.6804
Found 6 valid OD pairs for R1C1_C
Generating focused traffic: Period 4.6804s
[INFO] Subscriptions active: 6 (libsumo, fast mode)
[INFO] Episode duration: 3600s (60 min)

[DEBUG] 🎯 Célzott Forgalom Generálása (R1C1_C) | Period: 5.049
Found 6 valid OD pairs for R1C1_C
Generating focused traffic: Period 5.0490s
[INFO] Subscriptions active: 6 (libsumo, fast mode)
[INFO] Episode duration: 3600s (60 min)

[DEBUG] 🎯 Célzott Forgalom Generálása (R1C1_C) | Period: 5.9985
Found 6 valid OD pairs for R1C1_C
Generating focused traffic: Period 5.9985s
[INFO] Subscriptions active: 6 (libsumo, fast mode)
[INFO] Episode duration: 2700s (45 min)

[DEBUG] 🎯 Célzott Forgalom Generálása (R1C1_C) | Period: 7.3297
Found 6 valid OD pairs for R1C1_C
Generating focused traffic: Period 7.3297s
[INFO] Subscriptions active: 6 (libsumo, fast mode)
[INFO] Episode duration: 3600s (60 min)

[DEBUG] 🎯 Célzott Forgalom Generálása (R1C1_C) | Period: 5.6777
Found 6 valid OD pairs for R1C1_C
Generating focused traffic: Period 5.6777s
[INFO] Subscriptions active: 6 (libsumo, fast mode)
[INFO] Episode duration: 2700s (45 min)

[DEBUG] 🎯 Célzott Forgalom Generálása (R1C1_C) | Period: 6.0989
Found 6 valid OD pairs for R1C1_C
Generating focused traffic: Period 6.0989s
[INFO] Subscriptions active: 6 (libsumo, fast mode)
[INFO] Episode duration: 900s (15 min)

[DEBUG] 🎯 Célzott Forgalom Generálása (R1C1_C) | Period: 4.2133
Found 6 valid OD pairs for R1C1_C
Generating focused traffic: Period 4.2133s
[INFO] Subscriptions active: 6 (libsumo, fast mode)
[INFO] Episode duration: 1800s (30 min)

[DEBUG] 🎯 Célzott Forgalom Generálása (R1C1_C) | Period: 7.1173
Found 6 valid OD pairs for R1C1_C
Generating focused traffic: Period 7.1173s
[INFO] Subscriptions active: 6 (libsumo, fast mode)
[INFO] Episode duration: 2700s (45 min)

[DEBUG] 🎯 Célzott Forgalom Generálása (R1C1_C) | Period: 6.7208
Found 6 valid OD pairs for R1C1_C
Generating focused traffic: Period 6.7208s
[INFO] Subscriptions active: 6 (libsumo, fast mode)
[INFO] Episode duration: 2700s (45 min)

[DEBUG] 🎯 Célzott Forgalom Generálása (R1C1_C) | Period: 5.0822
Found 6 valid OD pairs for R1C1_C
Generating focused traffic: Period 5.0822s
[INFO] Subscriptions active: 6 (libsumo, fast mode)
[INFO] Episode duration: 2700s (45 min)

[DEBUG] 🎯 Célzott Forgalom Generálása (R1C1_C) | Period: 6.7773
Found 6 valid OD pairs for R1C1_C
Generating focused traffic: Period 6.7773s
[INFO] Subscriptions active: 6 (libsumo, fast mode)
[INFO] Episode duration: 1800s (30 min)

[DEBUG] 🎯 Célzott Forgalom Generálása (R1C1_C) | Period: 5.0746
Found 6 valid OD pairs for R1C1_C
Generating focused traffic: Period 5.0746s
[INFO] Subscriptions active: 6 (libsumo, fast mode)
[INFO] Episode duration: 900s (15 min)

[DEBUG] 🎯 Célzott Forgalom Generálása (R1C1_C) | Period: 7.1377
Found 6 valid OD pairs for R1C1_C
Generating focused traffic: Period 7.1377s
[INFO] Subscriptions active: 6 (libsumo, fast mode)
[INFO] Episode duration: 3600s (60 min)

[DEBUG] 🎯 Célzott Forgalom Generálása (R1C1_C) | Period: 7.3712
Found 6 valid OD pairs for R1C1_C
Generating focused traffic: Period 7.3712s
[INFO] Subscriptions active: 6 (libsumo, fast mode)
[INFO] Episode duration: 3600s (60 min)

[DEBUG] 🎯 Célzott Forgalom Generálása (R1C1_C) | Period: 5.2176
Found 6 valid OD pairs for R1C1_C
Generating focused traffic: Period 5.2176s
[INFO] Subscriptions active: 6 (libsumo, fast mode)
[INFO] Episode duration: 1800s (30 min)

[DEBUG] 🎯 Célzott Forgalom Generálása (R1C1_C) | Period: 4.3401
Found 6 valid OD pairs for R1C1_C
Generating focused traffic: Period 4.3401s
[INFO] Subscriptions active: 6 (libsumo, fast mode)
[INFO] Episode duration: 3600s (60 min)

[DEBUG] 🎯 Célzott Forgalom Generálása (R1C1_C) | Period: 5.0547
Found 6 valid OD pairs for R1C1_C
Generating focused traffic: Period 5.0547s
[INFO] Subscriptions active: 6 (libsumo, fast mode)
[INFO] Episode duration: 900s (15 min)

[DEBUG] 🎯 Célzott Forgalom Generálása (R1C1_C) | Period: 4.2599
Found 6 valid OD pairs for R1C1_C
Generating focused traffic: Period 4.2599s
[INFO] Subscriptions active: 6 (libsumo, fast mode)
[INFO] Episode duration: 3600s (60 min)

[DEBUG] 🎯 Célzott Forgalom Generálása (R1C1_C) | Period: 4.1353
Found 6 valid OD pairs for R1C1_C
Generating focused traffic: Period 4.1353s
[INFO] Subscriptions active: 6 (libsumo, fast mode)
------------------------------------
| rollout/              |          |
|    ep_len_mean        | 457      |
|    ep_rew_mean        | 135      |
| time/                 |          |
|    fps                | 174      |
|    iterations         | 30       |
|    time_elapsed       | 351      |
|    total_timesteps    | 61440    |
| train/                |          |
|    entropy_loss       | -1.39    |
|    explained_variance | 0.0106   |
|    learning_rate      | 0.0001   |
|    n_updates          | 29       |
|    policy_loss        | 29.5     |
|    value_loss         | 506      |
------------------------------------
[INFO] Episode duration: 3600s (60 min)

[DEBUG] 🎯 Célzott Forgalom Generálása (R1C1_C) | Period: 7.1553
Found 6 valid OD pairs for R1C1_C
Generating focused traffic: Period 7.1553s
[INFO] Subscriptions active: 6 (libsumo, fast mode)
[INFO] Episode duration: 3600s (60 min)

[DEBUG] 🎯 Célzott Forgalom Generálása (R1C1_C) | Period: 6.5752
Found 6 valid OD pairs for R1C1_C
Generating focused traffic: Period 6.5752s
[INFO] Subscriptions active: 6 (libsumo, fast mode)
[INFO] Episode duration: 3600s (60 min)

[DEBUG] 🎯 Célzott Forgalom Generálása (R1C1_C) | Period: 7.708
Found 6 valid OD pairs for R1C1_C
Generating focused traffic: Period 7.7080s
[INFO] Subscriptions active: 6 (libsumo, fast mode)
[INFO] Episode duration: 1800s (30 min)

[DEBUG] 🎯 Célzott Forgalom Generálása (R1C1_C) | Period: 7.6327
Found 6 valid OD pairs for R1C1_C
Generating focused traffic: Period 7.6327s
[INFO] Subscriptions active: 6 (libsumo, fast mode)
[INFO] Episode duration: 1800s (30 min)

[DEBUG] 🎯 Célzott Forgalom Generálása (R1C1_C) | Period: 6.7718
Found 6 valid OD pairs for R1C1_C
Generating focused traffic: Period 6.7718s
[INFO] Subscriptions active: 6 (libsumo, fast mode)
[INFO] Episode duration: 2700s (45 min)

[DEBUG] 🎯 Célzott Forgalom Generálása (R1C1_C) | Period: 5.0835
Found 6 valid OD pairs for R1C1_C
Generating focused traffic: Period 5.0835s
[INFO] Subscriptions active: 6 (libsumo, fast mode)
[INFO] Episode duration: 3600s (60 min)

[DEBUG] 🎯 Célzott Forgalom Generálása (R1C1_C) | Period: 6.6625
Found 6 valid OD pairs for R1C1_C
Generating focused traffic: Period 6.6625s
[INFO] Subscriptions active: 6 (libsumo, fast mode)
[INFO] Episode duration: 1800s (30 min)

[DEBUG] 🎯 Célzott Forgalom Generálása (R1C1_C) | Period: 4.3565
Found 6 valid OD pairs for R1C1_C
Generating focused traffic: Period 4.3565s
[INFO] Subscriptions active: 6 (libsumo, fast mode)
[INFO] Episode duration: 1800s (30 min)

[DEBUG] 🎯 Célzott Forgalom Generálása (R1C1_C) | Period: 4.7177
Found 6 valid OD pairs for R1C1_C
Generating focused traffic: Period 4.7177s
[INFO] Subscriptions active: 6 (libsumo, fast mode)
[INFO] Episode duration: 2700s (45 min)

[DEBUG] 🎯 Célzott Forgalom Generálása (R1C1_C) | Period: 5.4153
Found 6 valid OD pairs for R1C1_C
Generating focused traffic: Period 5.4153s
[INFO] Subscriptions active: 6 (libsumo, fast mode)
[INFO] Episode duration: 3600s (60 min)

[DEBUG] 🎯 Célzott Forgalom Generálása (R1C1_C) | Period: 6.4417
Found 6 valid OD pairs for R1C1_C
Generating focused traffic: Period 6.4417s
[INFO] Subscriptions active: 6 (libsumo, fast mode)
[INFO] Episode duration: 3600s (60 min)

[DEBUG] 🎯 Célzott Forgalom Generálása (R1C1_C) | Period: 4.8355
Found 6 valid OD pairs for R1C1_C
Generating focused traffic: Period 4.8355s
[INFO] Subscriptions active: 6 (libsumo, fast mode)
[INFO] Episode duration: 3600s (60 min)

[DEBUG] 🎯 Célzott Forgalom Generálása (R1C1_C) | Period: 7.9713
Found 6 valid OD pairs for R1C1_C
Generating focused traffic: Period 7.9713s
[INFO] Subscriptions active: 6 (libsumo, fast mode)
[INFO] Episode duration: 1800s (30 min)

[DEBUG] 🎯 Célzott Forgalom Generálása (R1C1_C) | Period: 4.2798
Found 6 valid OD pairs for R1C1_C
Generating focused traffic: Period 4.2798s
[INFO] Subscriptions active: 6 (libsumo, fast mode)
[INFO] Episode duration: 1800s (30 min)

[DEBUG] 🎯 Célzott Forgalom Generálása (R1C1_C) | Period: 4.6888
Found 6 valid OD pairs for R1C1_C
Generating focused traffic: Period 4.6888s
[INFO] Subscriptions active: 6 (libsumo, fast mode)
[INFO] Episode duration: 2700s (45 min)

[DEBUG] 🎯 Célzott Forgalom Generálása (R1C1_C) | Period: 4.2596
Found 6 valid OD pairs for R1C1_C
Generating focused traffic: Period 4.2596s
[INFO] Subscriptions active: 6 (libsumo, fast mode)
[INFO] Episode duration: 2700s (45 min)

[DEBUG] 🎯 Célzott Forgalom Generálása (R1C1_C) | Period: 4.7223
Found 6 valid OD pairs for R1C1_C
Generating focused traffic: Period 4.7223s
[INFO] Subscriptions active: 6 (libsumo, fast mode)
[INFO] Episode duration: 3600s (60 min)

[DEBUG] 🎯 Célzott Forgalom Generálása (R1C1_C) | Period: 6.4657
Found 6 valid OD pairs for R1C1_C
Generating focused traffic: Period 6.4657s
[INFO] Subscriptions active: 6 (libsumo, fast mode)
[INFO] Episode duration: 900s (15 min)

[DEBUG] 🎯 Célzott Forgalom Generálása (R1C1_C) | Period: 7.7472
Found 6 valid OD pairs for R1C1_C
Generating focused traffic: Period 7.7472s
[INFO] Subscriptions active: 6 (libsumo, fast mode)
[INFO] Episode duration: 3600s (60 min)

[DEBUG] 🎯 Célzott Forgalom Generálása (R1C1_C) | Period: 6.3296
Found 6 valid OD pairs for R1C1_C
Generating focused traffic: Period 6.3296s
[INFO] Subscriptions active: 6 (libsumo, fast mode)
[INFO] Episode duration: 2700s (45 min)

[DEBUG] 🎯 Célzott Forgalom Generálása (R1C1_C) | Period: 6.8783
Found 6 valid OD pairs for R1C1_C
Generating focused traffic: Period 6.8783s
[INFO] Subscriptions active: 6 (libsumo, fast mode)
[INFO] Episode duration: 1800s (30 min)

[DEBUG] 🎯 Célzott Forgalom Generálása (R1C1_C) | Period: 7.8915
Found 6 valid OD pairs for R1C1_C
Generating focused traffic: Period 7.8915s
[INFO] Subscriptions active: 6 (libsumo, fast mode)
[INFO] Episode duration: 900s (15 min)

[DEBUG] 🎯 Célzott Forgalom Generálása (R1C1_C) | Period: 5.6781
Found 6 valid OD pairs for R1C1_C
Generating focused traffic: Period 5.6781s
[INFO] Subscriptions active: 6 (libsumo, fast mode)
[INFO] Episode duration: 900s (15 min)

[DEBUG] 🎯 Célzott Forgalom Generálása (R1C1_C) | Period: 6.7942
Found 6 valid OD pairs for R1C1_C
Generating focused traffic: Period 6.7942s
[INFO] Subscriptions active: 6 (libsumo, fast mode)
[INFO] Episode duration: 3600s (60 min)

[DEBUG] 🎯 Célzott Forgalom Generálása (R1C1_C) | Period: 4.4122
Found 6 valid OD pairs for R1C1_C
Generating focused traffic: Period 4.4122s
[INFO] Subscriptions active: 6 (libsumo, fast mode)
[INFO] Episode duration: 2700s (45 min)

[DEBUG] 🎯 Célzott Forgalom Generálása (R1C1_C) | Period: 7.0717
Found 6 valid OD pairs for R1C1_C
Generating focused traffic: Period 7.0717s
[INFO] Subscriptions active: 6 (libsumo, fast mode)
[INFO] Episode duration: 900s (15 min)

[DEBUG] 🎯 Célzott Forgalom Generálása (R1C1_C) | Period: 6.1168
Found 6 valid OD pairs for R1C1_C
Generating focused traffic: Period 6.1168s
[INFO] Subscriptions active: 6 (libsumo, fast mode)
[INFO] Episode duration: 900s (15 min)

[DEBUG] 🎯 Célzott Forgalom Generálása (R1C1_C) | Period: 5.92
Found 6 valid OD pairs for R1C1_C
Generating focused traffic: Period 5.9200s
[INFO] Subscriptions active: 6 (libsumo, fast mode)
[INFO] Episode duration: 2700s (45 min)

[DEBUG] 🎯 Célzott Forgalom Generálása (R1C1_C) | Period: 7.5368
Found 6 valid OD pairs for R1C1_C
Generating focused traffic: Period 7.5368s
[INFO] Subscriptions active: 6 (libsumo, fast mode)
[INFO] Episode duration: 3600s (60 min)

[DEBUG] 🎯 Célzott Forgalom Generálása (R1C1_C) | Period: 4.0471
Found 6 valid OD pairs for R1C1_C
Generating focused traffic: Period 4.0471s
[INFO] Subscriptions active: 6 (libsumo, fast mode)
[INFO] Episode duration: 2700s (45 min)

[DEBUG] 🎯 Célzott Forgalom Generálása (R1C1_C) | Period: 5.6271
Found 6 valid OD pairs for R1C1_C
Generating focused traffic: Period 5.6271s
[INFO] Subscriptions active: 6 (libsumo, fast mode)
[INFO] Episode duration: 2700s (45 min)

[DEBUG] 🎯 Célzott Forgalom Generálása (R1C1_C) | Period: 5.1882
Found 6 valid OD pairs for R1C1_C
Generating focused traffic: Period 5.1882s
[INFO] Subscriptions active: 6 (libsumo, fast mode)
[INFO] Episode duration: 2700s (45 min)

[DEBUG] 🎯 Célzott Forgalom Generálása (R1C1_C) | Period: 7.1702
Found 6 valid OD pairs for R1C1_C
Generating focused traffic: Period 7.1702s
[INFO] Subscriptions active: 6 (libsumo, fast mode)
[INFO] Episode duration: 1800s (30 min)

[DEBUG] 🎯 Célzott Forgalom Generálása (R1C1_C) | Period: 5.6728
Found 6 valid OD pairs for R1C1_C
Generating focused traffic: Period 5.6728s
[INFO] Subscriptions active: 6 (libsumo, fast mode)
[INFO] Episode duration: 3600s (60 min)

[DEBUG] 🎯 Célzott Forgalom Generálása (R1C1_C) | Period: 7.9116
Found 6 valid OD pairs for R1C1_C
Generating focused traffic: Period 7.9116s
[INFO] Subscriptions active: 6 (libsumo, fast mode)
[INFO] Episode duration: 2700s (45 min)

[DEBUG] 🎯 Célzott Forgalom Generálása (R1C1_C) | Period: 7.0161
Found 6 valid OD pairs for R1C1_C
Generating focused traffic: Period 7.0161s
[INFO] Subscriptions active: 6 (libsumo, fast mode)
[INFO] Episode duration: 3600s (60 min)

[DEBUG] 🎯 Célzott Forgalom Generálása (R1C1_C) | Period: 4.9256
Found 6 valid OD pairs for R1C1_C
Generating focused traffic: Period 4.9256s
[INFO] Subscriptions active: 6 (libsumo, fast mode)
[INFO] Episode duration: 900s (15 min)

[DEBUG] 🎯 Célzott Forgalom Generálása (R1C1_C) | Period: 5.1868
Found 6 valid OD pairs for R1C1_C
Generating focused traffic: Period 5.1868s
[INFO] Subscriptions active: 6 (libsumo, fast mode)
[INFO] Episode duration: 3600s (60 min)

[DEBUG] 🎯 Célzott Forgalom Generálása (R1C1_C) | Period: 5.6831
Found 6 valid OD pairs for R1C1_C
Generating focused traffic: Period 5.6831s
[INFO] Subscriptions active: 6 (libsumo, fast mode)
[INFO] Episode duration: 2700s (45 min)

[DEBUG] 🎯 Célzott Forgalom Generálása (R1C1_C) | Period: 6.7011
Found 6 valid OD pairs for R1C1_C
Generating focused traffic: Period 6.7011s
[INFO] Subscriptions active: 6 (libsumo, fast mode)
------------------------------------
| rollout/              |          |
|    ep_len_mean        | 502      |
|    ep_rew_mean        | 147      |
| time/                 |          |
|    fps                | 173      |
|    iterations         | 40       |
|    time_elapsed       | 473      |
|    total_timesteps    | 81920    |
| train/                |          |
|    entropy_loss       | -1.39    |
|    explained_variance | -0.00903 |
|    learning_rate      | 0.0001   |
|    n_updates          | 39       |
|    policy_loss        | 32.9     |
|    value_loss         | 627      |
------------------------------------
[INFO] Episode duration: 2700s (45 min)

[DEBUG] 🎯 Célzott Forgalom Generálása (R1C1_C) | Period: 4.567
Found 6 valid OD pairs for R1C1_C
Generating focused traffic: Period 4.5670s
[INFO] Subscriptions active: 6 (libsumo, fast mode)
[INFO] Episode duration: 3600s (60 min)

[DEBUG] 🎯 Célzott Forgalom Generálása (R1C1_C) | Period: 7.8336
Found 6 valid OD pairs for R1C1_C
Generating focused traffic: Period 7.8336s
[INFO] Subscriptions active: 6 (libsumo, fast mode)
[INFO] Episode duration: 1800s (30 min)

[DEBUG] 🎯 Célzott Forgalom Generálása (R1C1_C) | Period: 5.6281
Found 6 valid OD pairs for R1C1_C
Generating focused traffic: Period 5.6281s
[INFO] Subscriptions active: 6 (libsumo, fast mode)
[INFO] Episode duration: 2700s (45 min)

[DEBUG] 🎯 Célzott Forgalom Generálása (R1C1_C) | Period: 5.9325
Found 6 valid OD pairs for R1C1_C
Generating focused traffic: Period 5.9325s
[INFO] Subscriptions active: 6 (libsumo, fast mode)
[INFO] Episode duration: 1800s (30 min)

[DEBUG] 🎯 Célzott Forgalom Generálása (R1C1_C) | Period: 5.3143
Found 6 valid OD pairs for R1C1_C
Generating focused traffic: Period 5.3143s
[INFO] Subscriptions active: 6 (libsumo, fast mode)
[INFO] Episode duration: 2700s (45 min)

[DEBUG] 🎯 Célzott Forgalom Generálása (R1C1_C) | Period: 5.7396
Found 6 valid OD pairs for R1C1_C
Generating focused traffic: Period 5.7396s
[INFO] Subscriptions active: 6 (libsumo, fast mode)
[INFO] Episode duration: 3600s (60 min)

[DEBUG] 🎯 Célzott Forgalom Generálása (R1C1_C) | Period: 7.5253
Found 6 valid OD pairs for R1C1_C
Generating focused traffic: Period 7.5253s
[INFO] Subscriptions active: 6 (libsumo, fast mode)
[INFO] Episode duration: 900s (15 min)

[DEBUG] 🎯 Célzott Forgalom Generálása (R1C1_C) | Period: 5.0519
Found 6 valid OD pairs for R1C1_C
Generating focused traffic: Period 5.0519s
[INFO] Subscriptions active: 6 (libsumo, fast mode)
[INFO] Episode duration: 3600s (60 min)

[DEBUG] 🎯 Célzott Forgalom Generálása (R1C1_C) | Period: 6.6574
Found 6 valid OD pairs for R1C1_C
Generating focused traffic: Period 6.6574s
[INFO] Subscriptions active: 6 (libsumo, fast mode)
[INFO] Episode duration: 1800s (30 min)

[DEBUG] 🎯 Célzott Forgalom Generálása (R1C1_C) | Period: 6.4417
Found 6 valid OD pairs for R1C1_C
Generating focused traffic: Period 6.4417s
[INFO] Subscriptions active: 6 (libsumo, fast mode)
[INFO] Episode duration: 3600s (60 min)

[DEBUG] 🎯 Célzott Forgalom Generálása (R1C1_C) | Period: 4.9816
Found 6 valid OD pairs for R1C1_C
Generating focused traffic: Period 4.9816s
[INFO] Subscriptions active: 6 (libsumo, fast mode)
[INFO] Episode duration: 2700s (45 min)

[DEBUG] 🎯 Célzott Forgalom Generálása (R1C1_C) | Period: 4.9922
Found 6 valid OD pairs for R1C1_C
Generating focused traffic: Period 4.9922s
[INFO] Subscriptions active: 6 (libsumo, fast mode)
[INFO] Episode duration: 3600s (60 min)

[DEBUG] 🎯 Célzott Forgalom Generálása (R1C1_C) | Period: 6.0587
Found 6 valid OD pairs for R1C1_C
Generating focused traffic: Period 6.0587s
[INFO] Subscriptions active: 6 (libsumo, fast mode)
[INFO] Episode duration: 900s (15 min)

[DEBUG] 🎯 Célzott Forgalom Generálása (R1C1_C) | Period: 4.2531
Found 6 valid OD pairs for R1C1_C
Generating focused traffic: Period 4.2531s
[INFO] Subscriptions active: 6 (libsumo, fast mode)
[INFO] Episode duration: 3600s (60 min)

[DEBUG] 🎯 Célzott Forgalom Generálása (R1C1_C) | Period: 4.1066
Found 6 valid OD pairs for R1C1_C
Generating focused traffic: Period 4.1066s
[INFO] Subscriptions active: 6 (libsumo, fast mode)
[INFO] Episode duration: 1800s (30 min)

[DEBUG] 🎯 Célzott Forgalom Generálása (R1C1_C) | Period: 7.2622
Found 6 valid OD pairs for R1C1_C
Generating focused traffic: Period 7.2622s
[INFO] Subscriptions active: 6 (libsumo, fast mode)
[INFO] Episode duration: 2700s (45 min)

[DEBUG] 🎯 Célzott Forgalom Generálása (R1C1_C) | Period: 7.9622
Found 6 valid OD pairs for R1C1_C
Generating focused traffic: Period 7.9622s
[INFO] Subscriptions active: 6 (libsumo, fast mode)
[INFO] Episode duration: 1800s (30 min)

[DEBUG] 🎯 Célzott Forgalom Generálása (R1C1_C) | Period: 6.1298
Found 6 valid OD pairs for R1C1_C
Generating focused traffic: Period 6.1298s
[INFO] Subscriptions active: 6 (libsumo, fast mode)
[INFO] Episode duration: 1800s (30 min)

[DEBUG] 🎯 Célzott Forgalom Generálása (R1C1_C) | Period: 6.7958
Found 6 valid OD pairs for R1C1_C
Generating focused traffic: Period 6.7958s
[INFO] Subscriptions active: 6 (libsumo, fast mode)
[INFO] Episode duration: 3600s (60 min)

[DEBUG] 🎯 Célzott Forgalom Generálása (R1C1_C) | Period: 6.5392
Found 6 valid OD pairs for R1C1_C
Generating focused traffic: Period 6.5392s
[INFO] Subscriptions active: 6 (libsumo, fast mode)
[INFO] Episode duration: 1800s (30 min)

[DEBUG] 🎯 Célzott Forgalom Generálása (R1C1_C) | Period: 4.8002
Found 6 valid OD pairs for R1C1_C
Generating focused traffic: Period 4.8002s
[INFO] Subscriptions active: 6 (libsumo, fast mode)
[INFO] Episode duration: 2700s (45 min)

[DEBUG] 🎯 Célzott Forgalom Generálása (R1C1_C) | Period: 5.3168
Found 6 valid OD pairs for R1C1_C
Generating focused traffic: Period 5.3168s
[INFO] Subscriptions active: 6 (libsumo, fast mode)
[INFO] Episode duration: 2700s (45 min)

[DEBUG] 🎯 Célzott Forgalom Generálása (R1C1_C) | Period: 6.969
Found 6 valid OD pairs for R1C1_C
Generating focused traffic: Period 6.9690s
[INFO] Subscriptions active: 6 (libsumo, fast mode)
[INFO] Episode duration: 2700s (45 min)

[DEBUG] 🎯 Célzott Forgalom Generálása (R1C1_C) | Period: 4.4625
Found 6 valid OD pairs for R1C1_C
Generating focused traffic: Period 4.4625s
[INFO] Subscriptions active: 6 (libsumo, fast mode)
[INFO] Episode duration: 2700s (45 min)

[DEBUG] 🎯 Célzott Forgalom Generálása (R1C1_C) | Period: 5.254
Found 6 valid OD pairs for R1C1_C
Generating focused traffic: Period 5.2540s
[INFO] Subscriptions active: 6 (libsumo, fast mode)
[INFO] Episode duration: 900s (15 min)

[DEBUG] 🎯 Célzott Forgalom Generálása (R1C1_C) | Period: 7.6016
Found 6 valid OD pairs for R1C1_C
Generating focused traffic: Period 7.6016s
[INFO] Subscriptions active: 6 (libsumo, fast mode)
[INFO] Episode duration: 1800s (30 min)

[DEBUG] 🎯 Célzott Forgalom Generálása (R1C1_C) | Period: 5.954
Found 6 valid OD pairs for R1C1_C
Generating focused traffic: Period 5.9540s
[INFO] Subscriptions active: 6 (libsumo, fast mode)
[INFO] Episode duration: 3600s (60 min)

[DEBUG] 🎯 Célzott Forgalom Generálása (R1C1_C) | Period: 4.2842
Found 6 valid OD pairs for R1C1_C
Generating focused traffic: Period 4.2842s
[INFO] Subscriptions active: 6 (libsumo, fast mode)
[INFO] Episode duration: 1800s (30 min)

[DEBUG] 🎯 Célzott Forgalom Generálása (R1C1_C) | Period: 5.2877
Found 6 valid OD pairs for R1C1_C
Generating focused traffic: Period 5.2877s
[INFO] Subscriptions active: 6 (libsumo, fast mode)
[INFO] Episode duration: 1800s (30 min)

[DEBUG] 🎯 Célzott Forgalom Generálása (R1C1_C) | Period: 6.7266
Found 6 valid OD pairs for R1C1_C
Generating focused traffic: Period 6.7266s
[INFO] Subscriptions active: 6 (libsumo, fast mode)
[INFO] Episode duration: 3600s (60 min)

[DEBUG] 🎯 Célzott Forgalom Generálása (R1C1_C) | Period: 4.8998
Found 6 valid OD pairs for R1C1_C
Generating focused traffic: Period 4.8998s
[INFO] Subscriptions active: 6 (libsumo, fast mode)
[INFO] Episode duration: 1800s (30 min)

[DEBUG] 🎯 Célzott Forgalom Generálása (R1C1_C) | Period: 4.222
Found 6 valid OD pairs for R1C1_C
Generating focused traffic: Period 4.2220s
[INFO] Subscriptions active: 6 (libsumo, fast mode)
[INFO] Episode duration: 3600s (60 min)

[DEBUG] 🎯 Célzott Forgalom Generálása (R1C1_C) | Period: 6.869
Found 6 valid OD pairs for R1C1_C
Generating focused traffic: Period 6.8690s
[INFO] Subscriptions active: 6 (libsumo, fast mode)
[INFO] Episode duration: 2700s (45 min)

[DEBUG] 🎯 Célzott Forgalom Generálása (R1C1_C) | Period: 6.8407
Found 6 valid OD pairs for R1C1_C
Generating focused traffic: Period 6.8407s
[INFO] Subscriptions active: 6 (libsumo, fast mode)
[INFO] Episode duration: 1800s (30 min)
wandb: WARNING Symlinked 1 file into the W&B run directory; call wandb.save again to sync new files.
/Users/wagnertamas/Documents/Munka/cikkek/AI_agens_konyvtar/support/intergreen_matrix_calculator/rl_trainer.py:857: UserWarning: Exporting a model while it is in training mode. Please ensure that this is intended, as it may lead to different behavior during inference. Calling model.eval() before export is recommended.
  torch.onnx.export(
/Users/wagnertamas/Documents/Munka/cikkek/AI_agens_konyvtar/support/intergreen_matrix_calculator/rl_trainer.py:857: UserWarning: # 'dynamic_axes' is not recommended when dynamo=True, and may lead to 'torch._dynamo.exc.UserError: Constraints violated.' Supply the 'dynamic_shapes' argument instead if export is unsuccessful.
  torch.onnx.export(
wandb: updating run metadata
wandb: uploading output.log; uploading pytorch_models/R1C1_C.zip
wandb: 
wandb: Run history:
wandb:  R1C1_C/action_pct/phase_0 ▃▆▅▃▁▅▅▅▄▃▅▆█▂▁▄▅▅▅▇▂▅▅▄▂▄▅▅▆▅▄▄▃▄▄▃▄▄▄▂
wandb:  R1C1_C/action_pct/phase_1 ▄▄▆█▇▇▂▄▃▆▃▁▁▄▂▅▄▅▃▁▂▄▁▅▄▄▅▅▆▃▄▃▅▅▅▄▃▂▃▅
wandb:  R1C1_C/action_pct/phase_2 ▇▆▅▁▆▄▅▆▅▆▄▇▇██▇▅█▅▆▇▄▇▆▇▆▄▆▄▄▄▇▅▅▆▆▅▆▅▇
wandb:  R1C1_C/action_pct/phase_3 ▄▃▂█▄▃▆▃▆▄▇▄▂▄▆▃▅▁▅▄▅▅▅▄▅▄▄▃▄▆▇▄▅▅▃▅▆▅▆▃
wandb:  R1C1_C/train/entropy_loss ▁▄▂▂▂▂▂▂▂▃▃▃▄▅▅▆▆▇▇███▆▇▇▆▆▆▅▅▅▄▄▃▃▃▃▃▃▄
wandb: R1C1_C/train/learning_rate ▁▁▁▁▁▁▁▁▁▁▁▁▁▁▁▁▁▁▁▁▁▁▁▁▁▁▁▁▁▁▁▁▁▁▁▁▁▁▁▁
wandb:    R1C1_C/train/value_loss ▅▇██▄▄▄▄▄▄▄▄▄▃▅▄▁▁▁▆▆▃▄▄▇▄▆▆▄▄▃▃▃▃▆▆▄▄▃▂
wandb:                 avg_reward ▅▄▆▆▂▂▂▃▅▃▄▂▃▂▆▅▄▂▇▅▂▂▄▄▆█▃▃▁▂▁▅▁▂▂▁▇▃▂▃
wandb:                    episode ▁▁▁▁▁▁▂▂▂▂▃▃▃▃▃▃▄▄▄▄▄▄▄▄▅▅▅▅▅▅▆▆▆▆▆▆▇▇▇█
wandb:         episode/avg_reward ▄▂▅█▆▃▅▃▂▇▂▆▆▂▇▃█▁▃▅█▂██▄▃▃▃▆▇▇▄█▇▅▅▄▄▂▆
wandb:                         +7 ...
wandb: 
wandb: Run summary:
wandb:  R1C1_C/action_pct/phase_0 22.22222
wandb:  R1C1_C/action_pct/phase_1 26.66667
wandb:  R1C1_C/action_pct/phase_2 27.22222
wandb:  R1C1_C/action_pct/phase_3 23.88889
wandb:  R1C1_C/train/entropy_loss -1.38624
wandb: R1C1_C/train/learning_rate 0.0001
wandb:    R1C1_C/train/value_loss 519.49457
wandb:                 avg_reward 0.27136
wandb:                    episode 210
wandb:         episode/avg_reward 0.30285
wandb:                         +7 ...
wandb: 
wandb: 🚀 View run a2c_speed_throughput_2x32_1_R1C1_C at: https://wandb.ai/wagnertamas-budapesti-m-szaki-s-gazdas-gtudom-nyi-egyetem/sumo-rl-stat/runs/3yms5eis
wandb: ⭐️ View project at: https://wandb.ai/wagnertamas-budapesti-m-szaki-s-gazdas-gtudom-nyi-egyetem/sumo-rl-stat
wandb: Synced 5 W&B file(s), 0 media file(s), 0 artifact file(s) and 1 other file(s)
wandb: Find logs at: ./wandb/run-20260322_012516-3yms5eis/logs

[DEBUG] 🎯 Célzott Forgalom Generálása (R1C1_C) | Period: 4.8088
Found 6 valid OD pairs for R1C1_C
Generating focused traffic: Period 4.8088s
[INFO] Subscriptions active: 6 (libsumo, fast mode)
[INFO] Episode duration: 1800s (30 min)

[DEBUG] 🎯 Célzott Forgalom Generálása (R1C1_C) | Period: 7.5914
Found 6 valid OD pairs for R1C1_C
Generating focused traffic: Period 7.5914s
[INFO] Subscriptions active: 6 (libsumo, fast mode)
[INFO] Episode duration: 1800s (30 min)

[DEBUG] 🎯 Célzott Forgalom Generálása (R1C1_C) | Period: 5.56
Found 6 valid OD pairs for R1C1_C
Generating focused traffic: Period 5.5600s
[INFO] Subscriptions active: 6 (libsumo, fast mode)
[INFO] Episode duration: 3600s (60 min)

[DEBUG] 🎯 Célzott Forgalom Generálása (R1C1_C) | Period: 4.8349
Found 6 valid OD pairs for R1C1_C
Generating focused traffic: Period 4.8349s
[INFO] Subscriptions active: 6 (libsumo, fast mode)
On-policy training completed.
Closing environment and EXPORTING models...
Saving PyTorch ZIP models to /Users/wagnertamas/Documents/Munka/cikkek/AI_agens_konyvtar/support/intergreen_matrix_calculator/data/runs/pytorch_models...
Saved PyTorch R1C1_C to /Users/wagnertamas/Documents/Munka/cikkek/AI_agens_konyvtar/support/intergreen_matrix_calculator/data/runs/pytorch_models/R1C1_C.zip
Exporting ONNX models to /Users/wagnertamas/Documents/Munka/cikkek/AI_agens_konyvtar/support/intergreen_matrix_calculator/data/runs/onnx_models...
Failed to export R1C1_C: # Failed to convert 'dynamic_axes' to 'dynamic_shapes'. Please provide 'dynamic_shapes' directly. Refer to the documentation for 'torch.export.export' for more information on dynamic shapes.
Cleanup done.
