wandb: [wandb.login()] Loaded credentials for https://api.wandb.ai from /Users/wagnertamas/.netrc.
wandb: Currently logged in as: wagnertamas (wagnertamas-budapesti-m-szaki-s-gazdas-gtudom-nyi-egyetem) to https://api.wandb.ai. Use `wandb login --relogin` to force relogin
wandb: setting up run io9d118a
wandb: Tracking run with wandb version 0.25.0
wandb: Run data is saved locally in /Users/wagnertamas/Documents/Munka/cikkek/AI_agens_konyvtar/support/intergreen_matrix_calculator/wandb/run-20260322_015630-io9d118a
wandb: Run `wandb offline` to turn off syncing.
wandb: Syncing run a2c_halt_ratio_1x16_3_R1C1_C
wandb: ⭐️ View project at https://wandb.ai/wagnertamas-budapesti-m-szaki-s-gazdas-gtudom-nyi-egyetem/sumo-rl-stat
wandb: 🚀 View run at https://wandb.ai/wagnertamas-budapesti-m-szaki-s-gazdas-gtudom-nyi-egyetem/sumo-rl-stat/runs/io9d118a
[INFO] Config: training_config.yaml
[INFO] Net: /Users/wagnertamas/Documents/Munka/cikkek/AI_agens_konyvtar/support/intergreen_matrix_calculator/data/mega_catalogue_v2.net.xml
[INFO] Timesteps: 100000 | Project: sumo-rl-stat
[INFO] Junction: R1C1_C
[INFO] Algorithm: a2c | Reward: halt_ratio
[INFO] Load model: None (fresh)
[INFO] Traffic: random target+spread (epizódonként)
Initializing Environment (algorithm=a2c, reward=halt_ratio)...
[INFO] Algorithm: a2c (on_policy)
[INFO] Reward mode: halt_ratio
WandB config applied (Sweep compatible).
[INFO] Junction reward params auto-loaded from /Users/wagnertamas/Documents/Munka/cikkek/AI_agens_konyvtar/support/intergreen_matrix_calculator/data/junction_reward_params.json
[INFO] Using 'libsumo' (fast headless mode, OS=darwin).
Starting SUMO...
[INFO] Episode duration: 900s (15 min)

[DEBUG] 🎯 Célzott Forgalom Generálása (R1C1_C) | Period: 5.5345
Found 6 valid OD pairs for R1C1_C
Generating focused traffic: Period 5.5345s
[INFO] Network mapped: 1 agents, 3 detectors, 3 lanes
[INFO] Subscriptions active: 6 (libsumo, fast mode)
Agents discovered: ['R1C1_C']
[INFO] RL device: mps
[INFO] On-policy training: a2c → R1C1_C
Using mps device
Wrapping the env with a `Monitor` wrapper
Wrapping the env in a DummyVecEnv.
Starting on-policy training: 100000 timesteps...
[INFO] Episode duration: 900s (15 min)

[DEBUG] 🎯 Célzott Forgalom Generálása (R1C1_C) | Period: 5.9365
Found 6 valid OD pairs for R1C1_C
Generating focused traffic: Period 5.9365s
[INFO] Subscriptions active: 6 (libsumo, fast mode)
Logging to /Users/wagnertamas/Documents/Munka/cikkek/AI_agens_konyvtar/support/intergreen_matrix_calculator/data/runs/sumo-rl-stat/R1C1_C/A2C_52
[INFO] Episode duration: 900s (15 min)

[DEBUG] 🎯 Célzott Forgalom Generálása (R1C1_C) | Period: 6.5337
Found 6 valid OD pairs for R1C1_C
Generating focused traffic: Period 6.5337s
[INFO] Subscriptions active: 6 (libsumo, fast mode)
[INFO] Episode duration: 3600s (60 min)

[DEBUG] 🎯 Célzott Forgalom Generálása (R1C1_C) | Period: 4.7481
Found 6 valid OD pairs for R1C1_C
Generating focused traffic: Period 4.7481s
[INFO] Subscriptions active: 6 (libsumo, fast mode)
[INFO] Episode duration: 3600s (60 min)

[DEBUG] 🎯 Célzott Forgalom Generálása (R1C1_C) | Period: 4.8386
Found 6 valid OD pairs for R1C1_C
Generating focused traffic: Period 4.8386s
[INFO] Subscriptions active: 6 (libsumo, fast mode)
[INFO] Episode duration: 1800s (30 min)

[DEBUG] 🎯 Célzott Forgalom Generálása (R1C1_C) | Period: 6.149
Found 6 valid OD pairs for R1C1_C
Generating focused traffic: Period 6.1490s
[INFO] Subscriptions active: 6 (libsumo, fast mode)
[INFO] Episode duration: 3600s (60 min)

[DEBUG] 🎯 Célzott Forgalom Generálása (R1C1_C) | Period: 4.0358
Found 6 valid OD pairs for R1C1_C
Generating focused traffic: Period 4.0358s
[INFO] Subscriptions active: 6 (libsumo, fast mode)
[INFO] Episode duration: 1800s (30 min)

[DEBUG] 🎯 Célzott Forgalom Generálása (R1C1_C) | Period: 5.9561
Found 6 valid OD pairs for R1C1_C
Generating focused traffic: Period 5.9561s
[INFO] Subscriptions active: 6 (libsumo, fast mode)
[INFO] Episode duration: 900s (15 min)

[DEBUG] 🎯 Célzott Forgalom Generálása (R1C1_C) | Period: 4.3711
Found 6 valid OD pairs for R1C1_C
Generating focused traffic: Period 4.3711s
[INFO] Subscriptions active: 6 (libsumo, fast mode)
[INFO] Episode duration: 1800s (30 min)

[DEBUG] 🎯 Célzott Forgalom Generálása (R1C1_C) | Period: 5.2077
Found 6 valid OD pairs for R1C1_C
Generating focused traffic: Period 5.2077s
[INFO] Subscriptions active: 6 (libsumo, fast mode)
[INFO] Episode duration: 1800s (30 min)

[DEBUG] 🎯 Célzott Forgalom Generálása (R1C1_C) | Period: 4.419
Found 6 valid OD pairs for R1C1_C
Generating focused traffic: Period 4.4190s
[INFO] Subscriptions active: 6 (libsumo, fast mode)
[INFO] Episode duration: 1800s (30 min)

[DEBUG] 🎯 Célzott Forgalom Generálása (R1C1_C) | Period: 7.7821
Found 6 valid OD pairs for R1C1_C
Generating focused traffic: Period 7.7821s
[INFO] Subscriptions active: 6 (libsumo, fast mode)
[INFO] Episode duration: 900s (15 min)

[DEBUG] 🎯 Célzott Forgalom Generálása (R1C1_C) | Period: 4.8997
Found 6 valid OD pairs for R1C1_C
Generating focused traffic: Period 4.8997s
[INFO] Subscriptions active: 6 (libsumo, fast mode)
[INFO] Episode duration: 3600s (60 min)

[DEBUG] 🎯 Célzott Forgalom Generálása (R1C1_C) | Period: 4.1982
Found 6 valid OD pairs for R1C1_C
Generating focused traffic: Period 4.1982s
[INFO] Subscriptions active: 6 (libsumo, fast mode)
[INFO] Episode duration: 2700s (45 min)

[DEBUG] 🎯 Célzott Forgalom Generálása (R1C1_C) | Period: 4.6843
Found 6 valid OD pairs for R1C1_C
Generating focused traffic: Period 4.6843s
[INFO] Subscriptions active: 6 (libsumo, fast mode)
[INFO] Episode duration: 2700s (45 min)

[DEBUG] 🎯 Célzott Forgalom Generálása (R1C1_C) | Period: 6.1691
Found 6 valid OD pairs for R1C1_C
Generating focused traffic: Period 6.1691s
[INFO] Subscriptions active: 6 (libsumo, fast mode)
[INFO] Episode duration: 2700s (45 min)

[DEBUG] 🎯 Célzott Forgalom Generálása (R1C1_C) | Period: 7.4387
Found 6 valid OD pairs for R1C1_C
Generating focused traffic: Period 7.4387s
[INFO] Subscriptions active: 6 (libsumo, fast mode)
[INFO] Episode duration: 900s (15 min)

[DEBUG] 🎯 Célzott Forgalom Generálása (R1C1_C) | Period: 7.5265
Found 6 valid OD pairs for R1C1_C
Generating focused traffic: Period 7.5265s
[INFO] Subscriptions active: 6 (libsumo, fast mode)
[INFO] Episode duration: 1800s (30 min)

[DEBUG] 🎯 Célzott Forgalom Generálása (R1C1_C) | Period: 4.6987
Found 6 valid OD pairs for R1C1_C
Generating focused traffic: Period 4.6987s
[INFO] Subscriptions active: 6 (libsumo, fast mode)
[INFO] Episode duration: 2700s (45 min)

[DEBUG] 🎯 Célzott Forgalom Generálása (R1C1_C) | Period: 6.9772
Found 6 valid OD pairs for R1C1_C
Generating focused traffic: Period 6.9772s
[INFO] Subscriptions active: 6 (libsumo, fast mode)
[INFO] Episode duration: 1800s (30 min)

[DEBUG] 🎯 Célzott Forgalom Generálása (R1C1_C) | Period: 5.9255
Found 6 valid OD pairs for R1C1_C
Generating focused traffic: Period 5.9255s
[INFO] Subscriptions active: 6 (libsumo, fast mode)
[INFO] Episode duration: 2700s (45 min)

[DEBUG] 🎯 Célzott Forgalom Generálása (R1C1_C) | Period: 5.9032
Found 6 valid OD pairs for R1C1_C
Generating focused traffic: Period 5.9032s
[INFO] Subscriptions active: 6 (libsumo, fast mode)
[INFO] Episode duration: 1800s (30 min)

[DEBUG] 🎯 Célzott Forgalom Generálása (R1C1_C) | Period: 5.6348
Found 6 valid OD pairs for R1C1_C
Generating focused traffic: Period 5.6348s
[INFO] Subscriptions active: 6 (libsumo, fast mode)
[INFO] Episode duration: 1800s (30 min)

[DEBUG] 🎯 Célzott Forgalom Generálása (R1C1_C) | Period: 4.989
Found 6 valid OD pairs for R1C1_C
Generating focused traffic: Period 4.9890s
[INFO] Subscriptions active: 6 (libsumo, fast mode)
[INFO] Episode duration: 2700s (45 min)

[DEBUG] 🎯 Célzott Forgalom Generálása (R1C1_C) | Period: 4.6358
Found 6 valid OD pairs for R1C1_C
Generating focused traffic: Period 4.6358s
[INFO] Subscriptions active: 6 (libsumo, fast mode)
[INFO] Episode duration: 2700s (45 min)

[DEBUG] 🎯 Célzott Forgalom Generálása (R1C1_C) | Period: 5.0256
Found 6 valid OD pairs for R1C1_C
Generating focused traffic: Period 5.0256s
[INFO] Subscriptions active: 6 (libsumo, fast mode)
[INFO] Episode duration: 3600s (60 min)

[DEBUG] 🎯 Célzott Forgalom Generálása (R1C1_C) | Period: 6.5359
Found 6 valid OD pairs for R1C1_C
Generating focused traffic: Period 6.5359s
[INFO] Subscriptions active: 6 (libsumo, fast mode)
[INFO] Episode duration: 1800s (30 min)

[DEBUG] 🎯 Célzott Forgalom Generálása (R1C1_C) | Period: 6.203
Found 6 valid OD pairs for R1C1_C
Generating focused traffic: Period 6.2030s
[INFO] Subscriptions active: 6 (libsumo, fast mode)
[INFO] Episode duration: 1800s (30 min)

[DEBUG] 🎯 Célzott Forgalom Generálása (R1C1_C) | Period: 5.0945
Found 6 valid OD pairs for R1C1_C
Generating focused traffic: Period 5.0945s
[INFO] Subscriptions active: 6 (libsumo, fast mode)
[INFO] Episode duration: 1800s (30 min)

[DEBUG] 🎯 Célzott Forgalom Generálása (R1C1_C) | Period: 4.7458
Found 6 valid OD pairs for R1C1_C
Generating focused traffic: Period 4.7458s
[INFO] Subscriptions active: 6 (libsumo, fast mode)
[INFO] Episode duration: 2700s (45 min)

[DEBUG] 🎯 Célzott Forgalom Generálása (R1C1_C) | Period: 5.4779
Found 6 valid OD pairs for R1C1_C
Generating focused traffic: Period 5.4779s
[INFO] Subscriptions active: 6 (libsumo, fast mode)
[INFO] Episode duration: 900s (15 min)

[DEBUG] 🎯 Célzott Forgalom Generálása (R1C1_C) | Period: 5.6805
Found 6 valid OD pairs for R1C1_C
Generating focused traffic: Period 5.6805s
[INFO] Subscriptions active: 6 (libsumo, fast mode)
[INFO] Episode duration: 1800s (30 min)

[DEBUG] 🎯 Célzott Forgalom Generálása (R1C1_C) | Period: 5.3835
Found 6 valid OD pairs for R1C1_C
Generating focused traffic: Period 5.3835s
[INFO] Subscriptions active: 6 (libsumo, fast mode)
[INFO] Episode duration: 900s (15 min)

[DEBUG] 🎯 Célzott Forgalom Generálása (R1C1_C) | Period: 4.7584
Found 6 valid OD pairs for R1C1_C
Generating focused traffic: Period 4.7584s
[INFO] Subscriptions active: 6 (libsumo, fast mode)
[INFO] Episode duration: 2700s (45 min)

[DEBUG] 🎯 Célzott Forgalom Generálása (R1C1_C) | Period: 7.8761
Found 6 valid OD pairs for R1C1_C
Generating focused traffic: Period 7.8761s
[INFO] Subscriptions active: 6 (libsumo, fast mode)
[INFO] Episode duration: 2700s (45 min)

[DEBUG] 🎯 Célzott Forgalom Generálása (R1C1_C) | Period: 6.9655
Found 6 valid OD pairs for R1C1_C
Generating focused traffic: Period 6.9655s
[INFO] Subscriptions active: 6 (libsumo, fast mode)
[INFO] Episode duration: 3600s (60 min)

[DEBUG] 🎯 Célzott Forgalom Generálása (R1C1_C) | Period: 7.2463
Found 6 valid OD pairs for R1C1_C
Generating focused traffic: Period 7.2463s
[INFO] Subscriptions active: 6 (libsumo, fast mode)
[INFO] Episode duration: 1800s (30 min)

[DEBUG] 🎯 Célzott Forgalom Generálása (R1C1_C) | Period: 6.2399
Found 6 valid OD pairs for R1C1_C
Generating focused traffic: Period 6.2399s
[INFO] Subscriptions active: 6 (libsumo, fast mode)
[INFO] Episode duration: 2700s (45 min)

[DEBUG] 🎯 Célzott Forgalom Generálása (R1C1_C) | Period: 4.2323
Found 6 valid OD pairs for R1C1_C
Generating focused traffic: Period 4.2323s
[INFO] Subscriptions active: 6 (libsumo, fast mode)
[INFO] Episode duration: 1800s (30 min)

[DEBUG] 🎯 Célzott Forgalom Generálása (R1C1_C) | Period: 4.6396
Found 6 valid OD pairs for R1C1_C
Generating focused traffic: Period 4.6396s
[INFO] Subscriptions active: 6 (libsumo, fast mode)
[INFO] Episode duration: 2700s (45 min)

[DEBUG] 🎯 Célzott Forgalom Generálása (R1C1_C) | Period: 6.6187
Found 6 valid OD pairs for R1C1_C
Generating focused traffic: Period 6.6187s
[INFO] Subscriptions active: 6 (libsumo, fast mode)
[INFO] Episode duration: 900s (15 min)

[DEBUG] 🎯 Célzott Forgalom Generálása (R1C1_C) | Period: 7.4794
Found 6 valid OD pairs for R1C1_C
Generating focused traffic: Period 7.4794s
[INFO] Subscriptions active: 6 (libsumo, fast mode)
[INFO] Episode duration: 3600s (60 min)

[DEBUG] 🎯 Célzott Forgalom Generálása (R1C1_C) | Period: 7.7447
Found 6 valid OD pairs for R1C1_C
Generating focused traffic: Period 7.7447s
[INFO] Subscriptions active: 6 (libsumo, fast mode)
[INFO] Episode duration: 1800s (30 min)

[DEBUG] 🎯 Célzott Forgalom Generálása (R1C1_C) | Period: 5.0745
Found 6 valid OD pairs for R1C1_C
Generating focused traffic: Period 5.0745s
[INFO] Subscriptions active: 6 (libsumo, fast mode)
[INFO] Episode duration: 2700s (45 min)

[DEBUG] 🎯 Célzott Forgalom Generálása (R1C1_C) | Period: 7.1845
Found 6 valid OD pairs for R1C1_C
Generating focused traffic: Period 7.1845s
[INFO] Subscriptions active: 6 (libsumo, fast mode)
[INFO] Episode duration: 1800s (30 min)

[DEBUG] 🎯 Célzott Forgalom Generálása (R1C1_C) | Period: 4.5884
Found 6 valid OD pairs for R1C1_C
Generating focused traffic: Period 4.5884s
[INFO] Subscriptions active: 6 (libsumo, fast mode)
[INFO] Episode duration: 2700s (45 min)

[DEBUG] 🎯 Célzott Forgalom Generálása (R1C1_C) | Period: 6.6243
Found 6 valid OD pairs for R1C1_C
Generating focused traffic: Period 6.6243s
[INFO] Subscriptions active: 6 (libsumo, fast mode)
[INFO] Episode duration: 1800s (30 min)

[DEBUG] 🎯 Célzott Forgalom Generálása (R1C1_C) | Period: 5.4029
Found 6 valid OD pairs for R1C1_C
Generating focused traffic: Period 5.4029s
[INFO] Subscriptions active: 6 (libsumo, fast mode)
------------------------------------
| rollout/              |          |
|    ep_len_mean        | 438      |
|    ep_rew_mean        | 67.2     |
| time/                 |          |
|    fps                | 191      |
|    iterations         | 10       |
|    time_elapsed       | 106      |
|    total_timesteps    | 20480    |
| train/                |          |
|    entropy_loss       | -1.39    |
|    explained_variance | 0.00682  |
|    learning_rate      | 0.0001   |
|    n_updates          | 9        |
|    policy_loss        | 15.3     |
|    value_loss         | 151      |
------------------------------------
[INFO] Episode duration: 3600s (60 min)

[DEBUG] 🎯 Célzott Forgalom Generálása (R1C1_C) | Period: 7.1597
Found 6 valid OD pairs for R1C1_C
Generating focused traffic: Period 7.1597s
[INFO] Subscriptions active: 6 (libsumo, fast mode)
[INFO] Episode duration: 1800s (30 min)

[DEBUG] 🎯 Célzott Forgalom Generálása (R1C1_C) | Period: 7.1091
Found 6 valid OD pairs for R1C1_C
Generating focused traffic: Period 7.1091s
[INFO] Subscriptions active: 6 (libsumo, fast mode)
[INFO] Episode duration: 3600s (60 min)

[DEBUG] 🎯 Célzott Forgalom Generálása (R1C1_C) | Period: 6.4857
Found 6 valid OD pairs for R1C1_C
Generating focused traffic: Period 6.4857s
[INFO] Subscriptions active: 6 (libsumo, fast mode)
[INFO] Episode duration: 900s (15 min)

[DEBUG] 🎯 Célzott Forgalom Generálása (R1C1_C) | Period: 6.6358
Found 6 valid OD pairs for R1C1_C
Generating focused traffic: Period 6.6358s
[INFO] Subscriptions active: 6 (libsumo, fast mode)
[INFO] Episode duration: 1800s (30 min)

[DEBUG] 🎯 Célzott Forgalom Generálása (R1C1_C) | Period: 5.6555
Found 6 valid OD pairs for R1C1_C
Generating focused traffic: Period 5.6555s
[INFO] Subscriptions active: 6 (libsumo, fast mode)
[INFO] Episode duration: 900s (15 min)

[DEBUG] 🎯 Célzott Forgalom Generálása (R1C1_C) | Period: 5.7671
Found 6 valid OD pairs for R1C1_C
Generating focused traffic: Period 5.7671s
[INFO] Subscriptions active: 6 (libsumo, fast mode)
[INFO] Episode duration: 3600s (60 min)

[DEBUG] 🎯 Célzott Forgalom Generálása (R1C1_C) | Period: 5.274
Found 6 valid OD pairs for R1C1_C
Generating focused traffic: Period 5.2740s
[INFO] Subscriptions active: 6 (libsumo, fast mode)
[INFO] Episode duration: 1800s (30 min)

[DEBUG] 🎯 Célzott Forgalom Generálása (R1C1_C) | Period: 5.8137
Found 6 valid OD pairs for R1C1_C
Generating focused traffic: Period 5.8137s
[INFO] Subscriptions active: 6 (libsumo, fast mode)
[INFO] Episode duration: 900s (15 min)

[DEBUG] 🎯 Célzott Forgalom Generálása (R1C1_C) | Period: 4.8248
Found 6 valid OD pairs for R1C1_C
Generating focused traffic: Period 4.8248s
[INFO] Subscriptions active: 6 (libsumo, fast mode)
[INFO] Episode duration: 2700s (45 min)

[DEBUG] 🎯 Célzott Forgalom Generálása (R1C1_C) | Period: 7.505
Found 6 valid OD pairs for R1C1_C
Generating focused traffic: Period 7.5050s
[INFO] Subscriptions active: 6 (libsumo, fast mode)
[INFO] Episode duration: 900s (15 min)

[DEBUG] 🎯 Célzott Forgalom Generálása (R1C1_C) | Period: 5.9732
Found 6 valid OD pairs for R1C1_C
Generating focused traffic: Period 5.9732s
[INFO] Subscriptions active: 6 (libsumo, fast mode)
[INFO] Episode duration: 3600s (60 min)

[DEBUG] 🎯 Célzott Forgalom Generálása (R1C1_C) | Period: 4.2272
Found 6 valid OD pairs for R1C1_C
Generating focused traffic: Period 4.2272s
[INFO] Subscriptions active: 6 (libsumo, fast mode)
[INFO] Episode duration: 1800s (30 min)

[DEBUG] 🎯 Célzott Forgalom Generálása (R1C1_C) | Period: 4.5549
Found 6 valid OD pairs for R1C1_C
Generating focused traffic: Period 4.5549s
[INFO] Subscriptions active: 6 (libsumo, fast mode)
[INFO] Episode duration: 1800s (30 min)

[DEBUG] 🎯 Célzott Forgalom Generálása (R1C1_C) | Period: 7.8727
Found 6 valid OD pairs for R1C1_C
Generating focused traffic: Period 7.8727s
[INFO] Subscriptions active: 6 (libsumo, fast mode)
[INFO] Episode duration: 2700s (45 min)

[DEBUG] 🎯 Célzott Forgalom Generálása (R1C1_C) | Period: 5.589
Found 6 valid OD pairs for R1C1_C
Generating focused traffic: Period 5.5890s
[INFO] Subscriptions active: 6 (libsumo, fast mode)
[INFO] Episode duration: 2700s (45 min)

[DEBUG] 🎯 Célzott Forgalom Generálása (R1C1_C) | Period: 7.4547
Found 6 valid OD pairs for R1C1_C
Generating focused traffic: Period 7.4547s
[INFO] Subscriptions active: 6 (libsumo, fast mode)
[INFO] Episode duration: 2700s (45 min)

[DEBUG] 🎯 Célzott Forgalom Generálása (R1C1_C) | Period: 5.5115
Found 6 valid OD pairs for R1C1_C
Generating focused traffic: Period 5.5115s
[INFO] Subscriptions active: 6 (libsumo, fast mode)
[INFO] Episode duration: 900s (15 min)

[DEBUG] 🎯 Célzott Forgalom Generálása (R1C1_C) | Period: 7.5271
Found 6 valid OD pairs for R1C1_C
Generating focused traffic: Period 7.5271s
[INFO] Subscriptions active: 6 (libsumo, fast mode)
[INFO] Episode duration: 1800s (30 min)

[DEBUG] 🎯 Célzott Forgalom Generálása (R1C1_C) | Period: 6.5722
Found 6 valid OD pairs for R1C1_C
Generating focused traffic: Period 6.5722s
[INFO] Subscriptions active: 6 (libsumo, fast mode)
[INFO] Episode duration: 900s (15 min)

[DEBUG] 🎯 Célzott Forgalom Generálása (R1C1_C) | Period: 4.1193
Found 6 valid OD pairs for R1C1_C
Generating focused traffic: Period 4.1193s
[INFO] Subscriptions active: 6 (libsumo, fast mode)
[INFO] Episode duration: 1800s (30 min)

[DEBUG] 🎯 Célzott Forgalom Generálása (R1C1_C) | Period: 6.8813
Found 6 valid OD pairs for R1C1_C
Generating focused traffic: Period 6.8813s
[INFO] Subscriptions active: 6 (libsumo, fast mode)
[INFO] Episode duration: 2700s (45 min)

[DEBUG] 🎯 Célzott Forgalom Generálása (R1C1_C) | Period: 6.6126
Found 6 valid OD pairs for R1C1_C
Generating focused traffic: Period 6.6126s
[INFO] Subscriptions active: 6 (libsumo, fast mode)
[INFO] Episode duration: 1800s (30 min)

[DEBUG] 🎯 Célzott Forgalom Generálása (R1C1_C) | Period: 4.0146
Found 6 valid OD pairs for R1C1_C
Generating focused traffic: Period 4.0146s
[INFO] Subscriptions active: 6 (libsumo, fast mode)
[INFO] Episode duration: 900s (15 min)

[DEBUG] 🎯 Célzott Forgalom Generálása (R1C1_C) | Period: 5.5822
Found 6 valid OD pairs for R1C1_C
Generating focused traffic: Period 5.5822s
[INFO] Subscriptions active: 6 (libsumo, fast mode)
[INFO] Episode duration: 900s (15 min)

[DEBUG] 🎯 Célzott Forgalom Generálása (R1C1_C) | Period: 7.9698
Found 6 valid OD pairs for R1C1_C
Generating focused traffic: Period 7.9698s
[INFO] Subscriptions active: 6 (libsumo, fast mode)
[INFO] Episode duration: 900s (15 min)

[DEBUG] 🎯 Célzott Forgalom Generálása (R1C1_C) | Period: 5.8263
Found 6 valid OD pairs for R1C1_C
Generating focused traffic: Period 5.8263s
[INFO] Subscriptions active: 6 (libsumo, fast mode)
[INFO] Episode duration: 3600s (60 min)

[DEBUG] 🎯 Célzott Forgalom Generálása (R1C1_C) | Period: 4.9768
Found 6 valid OD pairs for R1C1_C
Generating focused traffic: Period 4.9768s
[INFO] Subscriptions active: 6 (libsumo, fast mode)
[INFO] Episode duration: 1800s (30 min)

[DEBUG] 🎯 Célzott Forgalom Generálása (R1C1_C) | Period: 4.0234
Found 6 valid OD pairs for R1C1_C
Generating focused traffic: Period 4.0234s
[INFO] Subscriptions active: 6 (libsumo, fast mode)
[INFO] Episode duration: 900s (15 min)

[DEBUG] 🎯 Célzott Forgalom Generálása (R1C1_C) | Period: 5.9301
Found 6 valid OD pairs for R1C1_C
Generating focused traffic: Period 5.9301s
[INFO] Subscriptions active: 6 (libsumo, fast mode)
[INFO] Episode duration: 1800s (30 min)

[DEBUG] 🎯 Célzott Forgalom Generálása (R1C1_C) | Period: 6.1548
Found 6 valid OD pairs for R1C1_C
Generating focused traffic: Period 6.1548s
[INFO] Subscriptions active: 6 (libsumo, fast mode)
[INFO] Episode duration: 3600s (60 min)

[DEBUG] 🎯 Célzott Forgalom Generálása (R1C1_C) | Period: 7.0987
Found 6 valid OD pairs for R1C1_C
Generating focused traffic: Period 7.0987s
[INFO] Subscriptions active: 6 (libsumo, fast mode)
[INFO] Episode duration: 2700s (45 min)

[DEBUG] 🎯 Célzott Forgalom Generálása (R1C1_C) | Period: 7.0871
Found 6 valid OD pairs for R1C1_C
Generating focused traffic: Period 7.0871s
[INFO] Subscriptions active: 6 (libsumo, fast mode)
[INFO] Episode duration: 3600s (60 min)

[DEBUG] 🎯 Célzott Forgalom Generálása (R1C1_C) | Period: 5.0101
Found 6 valid OD pairs for R1C1_C
Generating focused traffic: Period 5.0101s
[INFO] Subscriptions active: 6 (libsumo, fast mode)
[INFO] Episode duration: 3600s (60 min)

[DEBUG] 🎯 Célzott Forgalom Generálása (R1C1_C) | Period: 4.5955
Found 6 valid OD pairs for R1C1_C
Generating focused traffic: Period 4.5955s
[INFO] Subscriptions active: 6 (libsumo, fast mode)
[INFO] Episode duration: 2700s (45 min)

[DEBUG] 🎯 Célzott Forgalom Generálása (R1C1_C) | Period: 5.8473
Found 6 valid OD pairs for R1C1_C
Generating focused traffic: Period 5.8473s
[INFO] Subscriptions active: 6 (libsumo, fast mode)
[INFO] Episode duration: 3600s (60 min)

[DEBUG] 🎯 Célzott Forgalom Generálása (R1C1_C) | Period: 4.0805
Found 6 valid OD pairs for R1C1_C
Generating focused traffic: Period 4.0805s
[INFO] Subscriptions active: 6 (libsumo, fast mode)
[INFO] Episode duration: 1800s (30 min)

[DEBUG] 🎯 Célzott Forgalom Generálása (R1C1_C) | Period: 5.458
Found 6 valid OD pairs for R1C1_C
Generating focused traffic: Period 5.4580s
[INFO] Subscriptions active: 6 (libsumo, fast mode)
[INFO] Episode duration: 900s (15 min)

[DEBUG] 🎯 Célzott Forgalom Generálása (R1C1_C) | Period: 5.75
Found 6 valid OD pairs for R1C1_C
Generating focused traffic: Period 5.7500s
[INFO] Subscriptions active: 6 (libsumo, fast mode)
[INFO] Episode duration: 2700s (45 min)

[DEBUG] 🎯 Célzott Forgalom Generálása (R1C1_C) | Period: 6.1933
Found 6 valid OD pairs for R1C1_C
Generating focused traffic: Period 6.1933s
[INFO] Subscriptions active: 6 (libsumo, fast mode)
[INFO] Episode duration: 2700s (45 min)

[DEBUG] 🎯 Célzott Forgalom Generálása (R1C1_C) | Period: 5.0839
Found 6 valid OD pairs for R1C1_C
Generating focused traffic: Period 5.0839s
[INFO] Subscriptions active: 6 (libsumo, fast mode)
[INFO] Episode duration: 3600s (60 min)

[DEBUG] 🎯 Célzott Forgalom Generálása (R1C1_C) | Period: 4.2601
Found 6 valid OD pairs for R1C1_C
Generating focused traffic: Period 4.2601s
[INFO] Subscriptions active: 6 (libsumo, fast mode)
[INFO] Episode duration: 2700s (45 min)

[DEBUG] 🎯 Célzott Forgalom Generálása (R1C1_C) | Period: 4.683
Found 6 valid OD pairs for R1C1_C
Generating focused traffic: Period 4.6830s
[INFO] Subscriptions active: 6 (libsumo, fast mode)
[INFO] Episode duration: 900s (15 min)

[DEBUG] 🎯 Célzott Forgalom Generálása (R1C1_C) | Period: 4.9147
Found 6 valid OD pairs for R1C1_C
Generating focused traffic: Period 4.9147s
[INFO] Subscriptions active: 6 (libsumo, fast mode)
[INFO] Episode duration: 3600s (60 min)

[DEBUG] 🎯 Célzott Forgalom Generálása (R1C1_C) | Period: 7.3382
Found 6 valid OD pairs for R1C1_C
Generating focused traffic: Period 7.3382s
[INFO] Subscriptions active: 6 (libsumo, fast mode)
[INFO] Episode duration: 1800s (30 min)

[DEBUG] 🎯 Célzott Forgalom Generálása (R1C1_C) | Period: 7.9463
Found 6 valid OD pairs for R1C1_C
Generating focused traffic: Period 7.9463s
[INFO] Subscriptions active: 6 (libsumo, fast mode)
[INFO] Episode duration: 2700s (45 min)

[DEBUG] 🎯 Célzott Forgalom Generálása (R1C1_C) | Period: 5.4232
Found 6 valid OD pairs for R1C1_C
Generating focused traffic: Period 5.4232s
[INFO] Subscriptions active: 6 (libsumo, fast mode)
[INFO] Episode duration: 900s (15 min)

[DEBUG] 🎯 Célzott Forgalom Generálása (R1C1_C) | Period: 6.6221
Found 6 valid OD pairs for R1C1_C
Generating focused traffic: Period 6.6221s
[INFO] Subscriptions active: 6 (libsumo, fast mode)
------------------------------------
| rollout/              |          |
|    ep_len_mean        | 439      |
|    ep_rew_mean        | 68.4     |
| time/                 |          |
|    fps                | 192      |
|    iterations         | 20       |
|    time_elapsed       | 213      |
|    total_timesteps    | 40960    |
| train/                |          |
|    entropy_loss       | -1.39    |
|    explained_variance | -0.0406  |
|    learning_rate      | 0.0001   |
|    n_updates          | 19       |
|    policy_loss        | 12.7     |
|    value_loss         | 94.7     |
------------------------------------
[INFO] Episode duration: 1800s (30 min)

[DEBUG] 🎯 Célzott Forgalom Generálása (R1C1_C) | Period: 4.5057
Found 6 valid OD pairs for R1C1_C
Generating focused traffic: Period 4.5057s
[INFO] Subscriptions active: 6 (libsumo, fast mode)
[INFO] Episode duration: 900s (15 min)

[DEBUG] 🎯 Célzott Forgalom Generálása (R1C1_C) | Period: 7.5798
Found 6 valid OD pairs for R1C1_C
Generating focused traffic: Period 7.5798s
[INFO] Subscriptions active: 6 (libsumo, fast mode)
[INFO] Episode duration: 900s (15 min)

[DEBUG] 🎯 Célzott Forgalom Generálása (R1C1_C) | Period: 5.1053
Found 6 valid OD pairs for R1C1_C
Generating focused traffic: Period 5.1053s
[INFO] Subscriptions active: 6 (libsumo, fast mode)
[INFO] Episode duration: 3600s (60 min)

[DEBUG] 🎯 Célzott Forgalom Generálása (R1C1_C) | Period: 6.9199
Found 6 valid OD pairs for R1C1_C
Generating focused traffic: Period 6.9199s
[INFO] Subscriptions active: 6 (libsumo, fast mode)
[INFO] Episode duration: 900s (15 min)

[DEBUG] 🎯 Célzott Forgalom Generálása (R1C1_C) | Period: 5.6067
Found 6 valid OD pairs for R1C1_C
Generating focused traffic: Period 5.6067s
[INFO] Subscriptions active: 6 (libsumo, fast mode)
[INFO] Episode duration: 2700s (45 min)

[DEBUG] 🎯 Célzott Forgalom Generálása (R1C1_C) | Period: 6.2077
Found 6 valid OD pairs for R1C1_C
Generating focused traffic: Period 6.2077s
[INFO] Subscriptions active: 6 (libsumo, fast mode)
[INFO] Episode duration: 900s (15 min)

[DEBUG] 🎯 Célzott Forgalom Generálása (R1C1_C) | Period: 5.4792
Found 6 valid OD pairs for R1C1_C
Generating focused traffic: Period 5.4792s
[INFO] Subscriptions active: 6 (libsumo, fast mode)
[INFO] Episode duration: 2700s (45 min)

[DEBUG] 🎯 Célzott Forgalom Generálása (R1C1_C) | Period: 7.4459
Found 6 valid OD pairs for R1C1_C
Generating focused traffic: Period 7.4459s
[INFO] Subscriptions active: 6 (libsumo, fast mode)
[INFO] Episode duration: 900s (15 min)

[DEBUG] 🎯 Célzott Forgalom Generálása (R1C1_C) | Period: 7.8027
Found 6 valid OD pairs for R1C1_C
Generating focused traffic: Period 7.8027s
[INFO] Subscriptions active: 6 (libsumo, fast mode)
[INFO] Episode duration: 3600s (60 min)

[DEBUG] 🎯 Célzott Forgalom Generálása (R1C1_C) | Period: 4.4431
Found 6 valid OD pairs for R1C1_C
Generating focused traffic: Period 4.4431s
[INFO] Subscriptions active: 6 (libsumo, fast mode)
[INFO] Episode duration: 3600s (60 min)

[DEBUG] 🎯 Célzott Forgalom Generálása (R1C1_C) | Period: 7.0517
Found 6 valid OD pairs for R1C1_C
Generating focused traffic: Period 7.0517s
[INFO] Subscriptions active: 6 (libsumo, fast mode)
[INFO] Episode duration: 1800s (30 min)

[DEBUG] 🎯 Célzott Forgalom Generálása (R1C1_C) | Period: 4.9874
Found 6 valid OD pairs for R1C1_C
Generating focused traffic: Period 4.9874s
[INFO] Subscriptions active: 6 (libsumo, fast mode)
[INFO] Episode duration: 900s (15 min)

[DEBUG] 🎯 Célzott Forgalom Generálása (R1C1_C) | Period: 6.8691
Found 6 valid OD pairs for R1C1_C
Generating focused traffic: Period 6.8691s
[INFO] Subscriptions active: 6 (libsumo, fast mode)
[INFO] Episode duration: 1800s (30 min)

[DEBUG] 🎯 Célzott Forgalom Generálása (R1C1_C) | Period: 7.0689
Found 6 valid OD pairs for R1C1_C
Generating focused traffic: Period 7.0689s
[INFO] Subscriptions active: 6 (libsumo, fast mode)
[INFO] Episode duration: 2700s (45 min)

[DEBUG] 🎯 Célzott Forgalom Generálása (R1C1_C) | Period: 5.431
Found 6 valid OD pairs for R1C1_C
Generating focused traffic: Period 5.4310s
[INFO] Subscriptions active: 6 (libsumo, fast mode)
[INFO] Episode duration: 2700s (45 min)

[DEBUG] 🎯 Célzott Forgalom Generálása (R1C1_C) | Period: 6.5812
Found 6 valid OD pairs for R1C1_C
Generating focused traffic: Period 6.5812s
[INFO] Subscriptions active: 6 (libsumo, fast mode)
[INFO] Episode duration: 900s (15 min)

[DEBUG] 🎯 Célzott Forgalom Generálása (R1C1_C) | Period: 7.5953
Found 6 valid OD pairs for R1C1_C
Generating focused traffic: Period 7.5953s
[INFO] Subscriptions active: 6 (libsumo, fast mode)
[INFO] Episode duration: 2700s (45 min)

[DEBUG] 🎯 Célzott Forgalom Generálása (R1C1_C) | Period: 5.767
Found 6 valid OD pairs for R1C1_C
Generating focused traffic: Period 5.7670s
[INFO] Subscriptions active: 6 (libsumo, fast mode)
[INFO] Episode duration: 3600s (60 min)

[DEBUG] 🎯 Célzott Forgalom Generálása (R1C1_C) | Period: 4.6783
Found 6 valid OD pairs for R1C1_C
Generating focused traffic: Period 4.6783s
[INFO] Subscriptions active: 6 (libsumo, fast mode)
[INFO] Episode duration: 2700s (45 min)

[DEBUG] 🎯 Célzott Forgalom Generálása (R1C1_C) | Period: 6.4051
Found 6 valid OD pairs for R1C1_C
Generating focused traffic: Period 6.4051s
[INFO] Subscriptions active: 6 (libsumo, fast mode)
[INFO] Episode duration: 900s (15 min)

[DEBUG] 🎯 Célzott Forgalom Generálása (R1C1_C) | Period: 4.1819
Found 6 valid OD pairs for R1C1_C
Generating focused traffic: Period 4.1819s
[INFO] Subscriptions active: 6 (libsumo, fast mode)
[INFO] Episode duration: 3600s (60 min)

[DEBUG] 🎯 Célzott Forgalom Generálása (R1C1_C) | Period: 5.0626
Found 6 valid OD pairs for R1C1_C
Generating focused traffic: Period 5.0626s
[INFO] Subscriptions active: 6 (libsumo, fast mode)
[INFO] Episode duration: 2700s (45 min)

[DEBUG] 🎯 Célzott Forgalom Generálása (R1C1_C) | Period: 6.5121
Found 6 valid OD pairs for R1C1_C
Generating focused traffic: Period 6.5121s
[INFO] Subscriptions active: 6 (libsumo, fast mode)
[INFO] Episode duration: 2700s (45 min)

[DEBUG] 🎯 Célzott Forgalom Generálása (R1C1_C) | Period: 5.5951
Found 6 valid OD pairs for R1C1_C
Generating focused traffic: Period 5.5951s
[INFO] Subscriptions active: 6 (libsumo, fast mode)
[INFO] Episode duration: 1800s (30 min)

[DEBUG] 🎯 Célzott Forgalom Generálása (R1C1_C) | Period: 6.8077
Found 6 valid OD pairs for R1C1_C
Generating focused traffic: Period 6.8077s
[INFO] Subscriptions active: 6 (libsumo, fast mode)
[INFO] Episode duration: 2700s (45 min)

[DEBUG] 🎯 Célzott Forgalom Generálása (R1C1_C) | Period: 5.5797
Found 6 valid OD pairs for R1C1_C
Generating focused traffic: Period 5.5797s
[INFO] Subscriptions active: 6 (libsumo, fast mode)
[INFO] Episode duration: 3600s (60 min)

[DEBUG] 🎯 Célzott Forgalom Generálása (R1C1_C) | Period: 5.9236
Found 6 valid OD pairs for R1C1_C
Generating focused traffic: Period 5.9236s
[INFO] Subscriptions active: 6 (libsumo, fast mode)
[INFO] Episode duration: 2700s (45 min)

[DEBUG] 🎯 Célzott Forgalom Generálása (R1C1_C) | Period: 4.8574
Found 6 valid OD pairs for R1C1_C
Generating focused traffic: Period 4.8574s
[INFO] Subscriptions active: 6 (libsumo, fast mode)
[INFO] Episode duration: 2700s (45 min)

[DEBUG] 🎯 Célzott Forgalom Generálása (R1C1_C) | Period: 6.147
Found 6 valid OD pairs for R1C1_C
Generating focused traffic: Period 6.1470s
[INFO] Subscriptions active: 6 (libsumo, fast mode)
[INFO] Episode duration: 900s (15 min)

[DEBUG] 🎯 Célzott Forgalom Generálása (R1C1_C) | Period: 6.0137
Found 6 valid OD pairs for R1C1_C
Generating focused traffic: Period 6.0137s
[INFO] Subscriptions active: 6 (libsumo, fast mode)
[INFO] Episode duration: 3600s (60 min)

[DEBUG] 🎯 Célzott Forgalom Generálása (R1C1_C) | Period: 7.1219
Found 6 valid OD pairs for R1C1_C
Generating focused traffic: Period 7.1219s
[INFO] Subscriptions active: 6 (libsumo, fast mode)
[INFO] Episode duration: 1800s (30 min)

[DEBUG] 🎯 Célzott Forgalom Generálása (R1C1_C) | Period: 4.2175
Found 6 valid OD pairs for R1C1_C
Generating focused traffic: Period 4.2175s
[INFO] Subscriptions active: 6 (libsumo, fast mode)
[INFO] Episode duration: 2700s (45 min)

[DEBUG] 🎯 Célzott Forgalom Generálása (R1C1_C) | Period: 4.7672
Found 6 valid OD pairs for R1C1_C
Generating focused traffic: Period 4.7672s
[INFO] Subscriptions active: 6 (libsumo, fast mode)
[INFO] Episode duration: 3600s (60 min)

[DEBUG] 🎯 Célzott Forgalom Generálása (R1C1_C) | Period: 7.191
Found 6 valid OD pairs for R1C1_C
Generating focused traffic: Period 7.1910s
[INFO] Subscriptions active: 6 (libsumo, fast mode)
[INFO] Episode duration: 1800s (30 min)

[DEBUG] 🎯 Célzott Forgalom Generálása (R1C1_C) | Period: 6.8781
Found 6 valid OD pairs for R1C1_C
Generating focused traffic: Period 6.8781s
[INFO] Subscriptions active: 6 (libsumo, fast mode)
[INFO] Episode duration: 900s (15 min)

[DEBUG] 🎯 Célzott Forgalom Generálása (R1C1_C) | Period: 5.8093
Found 6 valid OD pairs for R1C1_C
Generating focused traffic: Period 5.8093s
[INFO] Subscriptions active: 6 (libsumo, fast mode)
[INFO] Episode duration: 2700s (45 min)

[DEBUG] 🎯 Célzott Forgalom Generálása (R1C1_C) | Period: 5.4225
Found 6 valid OD pairs for R1C1_C
Generating focused traffic: Period 5.4225s
[INFO] Subscriptions active: 6 (libsumo, fast mode)
[INFO] Episode duration: 1800s (30 min)

[DEBUG] 🎯 Célzott Forgalom Generálása (R1C1_C) | Period: 7.8437
Found 6 valid OD pairs for R1C1_C
Generating focused traffic: Period 7.8437s
[INFO] Subscriptions active: 6 (libsumo, fast mode)
[INFO] Episode duration: 900s (15 min)

[DEBUG] 🎯 Célzott Forgalom Generálása (R1C1_C) | Period: 6.0577
Found 6 valid OD pairs for R1C1_C
Generating focused traffic: Period 6.0577s
[INFO] Subscriptions active: 6 (libsumo, fast mode)
[INFO] Episode duration: 2700s (45 min)

[DEBUG] 🎯 Célzott Forgalom Generálása (R1C1_C) | Period: 6.7861
Found 6 valid OD pairs for R1C1_C
Generating focused traffic: Period 6.7861s
[INFO] Subscriptions active: 6 (libsumo, fast mode)
[INFO] Episode duration: 3600s (60 min)

[DEBUG] 🎯 Célzott Forgalom Generálása (R1C1_C) | Period: 5.4431
Found 6 valid OD pairs for R1C1_C
Generating focused traffic: Period 5.4431s
[INFO] Subscriptions active: 6 (libsumo, fast mode)
[INFO] Episode duration: 1800s (30 min)

[DEBUG] 🎯 Célzott Forgalom Generálása (R1C1_C) | Period: 5.992
Found 6 valid OD pairs for R1C1_C
Generating focused traffic: Period 5.9920s
[INFO] Subscriptions active: 6 (libsumo, fast mode)
[INFO] Episode duration: 3600s (60 min)

[DEBUG] 🎯 Célzott Forgalom Generálása (R1C1_C) | Period: 4.0274
Found 6 valid OD pairs for R1C1_C
Generating focused traffic: Period 4.0274s
[INFO] Subscriptions active: 6 (libsumo, fast mode)
[INFO] Episode duration: 1800s (30 min)

[DEBUG] 🎯 Célzott Forgalom Generálása (R1C1_C) | Period: 6.0893
Found 6 valid OD pairs for R1C1_C
Generating focused traffic: Period 6.0893s
[INFO] Subscriptions active: 6 (libsumo, fast mode)
[INFO] Episode duration: 2700s (45 min)

[DEBUG] 🎯 Célzott Forgalom Generálása (R1C1_C) | Period: 6.3947
Found 6 valid OD pairs for R1C1_C
Generating focused traffic: Period 6.3947s
[INFO] Subscriptions active: 6 (libsumo, fast mode)
------------------------------------
| rollout/              |          |
|    ep_len_mean        | 445      |
|    ep_rew_mean        | 70.6     |
| time/                 |          |
|    fps                | 192      |
|    iterations         | 30       |
|    time_elapsed       | 319      |
|    total_timesteps    | 61440    |
| train/                |          |
|    entropy_loss       | -1.39    |
|    explained_variance | -0.0224  |
|    learning_rate      | 0.0001   |
|    n_updates          | 29       |
|    policy_loss        | 14       |
|    value_loss         | 116      |
------------------------------------
[INFO] Episode duration: 900s (15 min)

[DEBUG] 🎯 Célzott Forgalom Generálása (R1C1_C) | Period: 6.9154
Found 6 valid OD pairs for R1C1_C
Generating focused traffic: Period 6.9154s
[INFO] Subscriptions active: 6 (libsumo, fast mode)
[INFO] Episode duration: 900s (15 min)

[DEBUG] 🎯 Célzott Forgalom Generálása (R1C1_C) | Period: 6.5163
Found 6 valid OD pairs for R1C1_C
Generating focused traffic: Period 6.5163s
[INFO] Subscriptions active: 6 (libsumo, fast mode)
[INFO] Episode duration: 1800s (30 min)

[DEBUG] 🎯 Célzott Forgalom Generálása (R1C1_C) | Period: 7.6028
Found 6 valid OD pairs for R1C1_C
Generating focused traffic: Period 7.6028s
[INFO] Subscriptions active: 6 (libsumo, fast mode)
[INFO] Episode duration: 900s (15 min)

[DEBUG] 🎯 Célzott Forgalom Generálása (R1C1_C) | Period: 6.6764
Found 6 valid OD pairs for R1C1_C
Generating focused traffic: Period 6.6764s
[INFO] Subscriptions active: 6 (libsumo, fast mode)
[INFO] Episode duration: 900s (15 min)

[DEBUG] 🎯 Célzott Forgalom Generálása (R1C1_C) | Period: 4.3626
Found 6 valid OD pairs for R1C1_C
Generating focused traffic: Period 4.3626s
[INFO] Subscriptions active: 6 (libsumo, fast mode)
[INFO] Episode duration: 1800s (30 min)

[DEBUG] 🎯 Célzott Forgalom Generálása (R1C1_C) | Period: 7.326
Found 6 valid OD pairs for R1C1_C
Generating focused traffic: Period 7.3260s
[INFO] Subscriptions active: 6 (libsumo, fast mode)
[INFO] Episode duration: 1800s (30 min)

[DEBUG] 🎯 Célzott Forgalom Generálása (R1C1_C) | Period: 6.799
Found 6 valid OD pairs for R1C1_C
Generating focused traffic: Period 6.7990s
[INFO] Subscriptions active: 6 (libsumo, fast mode)
[INFO] Episode duration: 1800s (30 min)

[DEBUG] 🎯 Célzott Forgalom Generálása (R1C1_C) | Period: 6.8961
Found 6 valid OD pairs for R1C1_C
Generating focused traffic: Period 6.8961s
[INFO] Subscriptions active: 6 (libsumo, fast mode)
[INFO] Episode duration: 2700s (45 min)

[DEBUG] 🎯 Célzott Forgalom Generálása (R1C1_C) | Period: 6.6461
Found 6 valid OD pairs for R1C1_C
Generating focused traffic: Period 6.6461s
[INFO] Subscriptions active: 6 (libsumo, fast mode)
[INFO] Episode duration: 900s (15 min)

[DEBUG] 🎯 Célzott Forgalom Generálása (R1C1_C) | Period: 4.1028
Found 6 valid OD pairs for R1C1_C
Generating focused traffic: Period 4.1028s
[INFO] Subscriptions active: 6 (libsumo, fast mode)
[INFO] Episode duration: 1800s (30 min)

[DEBUG] 🎯 Célzott Forgalom Generálása (R1C1_C) | Period: 5.979
Found 6 valid OD pairs for R1C1_C
Generating focused traffic: Period 5.9790s
[INFO] Subscriptions active: 6 (libsumo, fast mode)
[INFO] Episode duration: 2700s (45 min)

[DEBUG] 🎯 Célzott Forgalom Generálása (R1C1_C) | Period: 5.8812
Found 6 valid OD pairs for R1C1_C
Generating focused traffic: Period 5.8812s
[INFO] Subscriptions active: 6 (libsumo, fast mode)
[INFO] Episode duration: 900s (15 min)

[DEBUG] 🎯 Célzott Forgalom Generálása (R1C1_C) | Period: 7.0875
Found 6 valid OD pairs for R1C1_C
Generating focused traffic: Period 7.0875s
[INFO] Subscriptions active: 6 (libsumo, fast mode)
[INFO] Episode duration: 1800s (30 min)

[DEBUG] 🎯 Célzott Forgalom Generálása (R1C1_C) | Period: 6.4251
Found 6 valid OD pairs for R1C1_C
Generating focused traffic: Period 6.4251s
[INFO] Subscriptions active: 6 (libsumo, fast mode)
[INFO] Episode duration: 3600s (60 min)

[DEBUG] 🎯 Célzott Forgalom Generálása (R1C1_C) | Period: 7.6396
Found 6 valid OD pairs for R1C1_C
Generating focused traffic: Period 7.6396s
[INFO] Subscriptions active: 6 (libsumo, fast mode)
[INFO] Episode duration: 3600s (60 min)

[DEBUG] 🎯 Célzott Forgalom Generálása (R1C1_C) | Period: 5.1426
Found 6 valid OD pairs for R1C1_C
Generating focused traffic: Period 5.1426s
[INFO] Subscriptions active: 6 (libsumo, fast mode)
[INFO] Episode duration: 1800s (30 min)

[DEBUG] 🎯 Célzott Forgalom Generálása (R1C1_C) | Period: 6.762
Found 6 valid OD pairs for R1C1_C
Generating focused traffic: Period 6.7620s
[INFO] Subscriptions active: 6 (libsumo, fast mode)
[INFO] Episode duration: 900s (15 min)

[DEBUG] 🎯 Célzott Forgalom Generálása (R1C1_C) | Period: 5.9832
Found 6 valid OD pairs for R1C1_C
Generating focused traffic: Period 5.9832s
[INFO] Subscriptions active: 6 (libsumo, fast mode)
[INFO] Episode duration: 900s (15 min)

[DEBUG] 🎯 Célzott Forgalom Generálása (R1C1_C) | Period: 4.9727
Found 6 valid OD pairs for R1C1_C
Generating focused traffic: Period 4.9727s
[INFO] Subscriptions active: 6 (libsumo, fast mode)
[INFO] Episode duration: 2700s (45 min)

[DEBUG] 🎯 Célzott Forgalom Generálása (R1C1_C) | Period: 7.0673
Found 6 valid OD pairs for R1C1_C
Generating focused traffic: Period 7.0673s
[INFO] Subscriptions active: 6 (libsumo, fast mode)
[INFO] Episode duration: 1800s (30 min)

[DEBUG] 🎯 Célzott Forgalom Generálása (R1C1_C) | Period: 5.79
Found 6 valid OD pairs for R1C1_C
Generating focused traffic: Period 5.7900s
[INFO] Subscriptions active: 6 (libsumo, fast mode)
[INFO] Episode duration: 2700s (45 min)

[DEBUG] 🎯 Célzott Forgalom Generálása (R1C1_C) | Period: 5.3884
Found 6 valid OD pairs for R1C1_C
Generating focused traffic: Period 5.3884s
[INFO] Subscriptions active: 6 (libsumo, fast mode)
[INFO] Episode duration: 1800s (30 min)

[DEBUG] 🎯 Célzott Forgalom Generálása (R1C1_C) | Period: 7.9604
Found 6 valid OD pairs for R1C1_C
Generating focused traffic: Period 7.9604s
[INFO] Subscriptions active: 6 (libsumo, fast mode)
[INFO] Episode duration: 900s (15 min)

[DEBUG] 🎯 Célzott Forgalom Generálása (R1C1_C) | Period: 5.8702
Found 6 valid OD pairs for R1C1_C
Generating focused traffic: Period 5.8702s
[INFO] Subscriptions active: 6 (libsumo, fast mode)
[INFO] Episode duration: 1800s (30 min)

[DEBUG] 🎯 Célzott Forgalom Generálása (R1C1_C) | Period: 7.1802
Found 6 valid OD pairs for R1C1_C
Generating focused traffic: Period 7.1802s
[INFO] Subscriptions active: 6 (libsumo, fast mode)
[INFO] Episode duration: 2700s (45 min)

[DEBUG] 🎯 Célzott Forgalom Generálása (R1C1_C) | Period: 7.2867
Found 6 valid OD pairs for R1C1_C
Generating focused traffic: Period 7.2867s
[INFO] Subscriptions active: 6 (libsumo, fast mode)
[INFO] Episode duration: 900s (15 min)

[DEBUG] 🎯 Célzott Forgalom Generálása (R1C1_C) | Period: 7.3496
Found 6 valid OD pairs for R1C1_C
Generating focused traffic: Period 7.3496s
[INFO] Subscriptions active: 6 (libsumo, fast mode)
[INFO] Episode duration: 2700s (45 min)

[DEBUG] 🎯 Célzott Forgalom Generálása (R1C1_C) | Period: 7.5621
Found 6 valid OD pairs for R1C1_C
Generating focused traffic: Period 7.5621s
[INFO] Subscriptions active: 6 (libsumo, fast mode)
[INFO] Episode duration: 3600s (60 min)

[DEBUG] 🎯 Célzott Forgalom Generálása (R1C1_C) | Period: 4.4368
Found 6 valid OD pairs for R1C1_C
Generating focused traffic: Period 4.4368s
[INFO] Subscriptions active: 6 (libsumo, fast mode)
[INFO] Episode duration: 900s (15 min)

[DEBUG] 🎯 Célzott Forgalom Generálása (R1C1_C) | Period: 4.0554
Found 6 valid OD pairs for R1C1_C
Generating focused traffic: Period 4.0554s
[INFO] Subscriptions active: 6 (libsumo, fast mode)
[INFO] Episode duration: 1800s (30 min)

[DEBUG] 🎯 Célzott Forgalom Generálása (R1C1_C) | Period: 6.8219
Found 6 valid OD pairs for R1C1_C
Generating focused traffic: Period 6.8219s
[INFO] Subscriptions active: 6 (libsumo, fast mode)
[INFO] Episode duration: 900s (15 min)

[DEBUG] 🎯 Célzott Forgalom Generálása (R1C1_C) | Period: 4.1062
Found 6 valid OD pairs for R1C1_C
Generating focused traffic: Period 4.1062s
[INFO] Subscriptions active: 6 (libsumo, fast mode)
[INFO] Episode duration: 1800s (30 min)

[DEBUG] 🎯 Célzott Forgalom Generálása (R1C1_C) | Period: 7.8975
Found 6 valid OD pairs for R1C1_C
Generating focused traffic: Period 7.8975s
[INFO] Subscriptions active: 6 (libsumo, fast mode)
[INFO] Episode duration: 900s (15 min)

[DEBUG] 🎯 Célzott Forgalom Generálása (R1C1_C) | Period: 6.4519
Found 6 valid OD pairs for R1C1_C
Generating focused traffic: Period 6.4519s
[INFO] Subscriptions active: 6 (libsumo, fast mode)
[INFO] Episode duration: 2700s (45 min)

[DEBUG] 🎯 Célzott Forgalom Generálása (R1C1_C) | Period: 4.5069
Found 6 valid OD pairs for R1C1_C
Generating focused traffic: Period 4.5069s
[INFO] Subscriptions active: 6 (libsumo, fast mode)
[INFO] Episode duration: 2700s (45 min)

[DEBUG] 🎯 Célzott Forgalom Generálása (R1C1_C) | Period: 4.0192
Found 6 valid OD pairs for R1C1_C
Generating focused traffic: Period 4.0192s
[INFO] Subscriptions active: 6 (libsumo, fast mode)
[INFO] Episode duration: 900s (15 min)

[DEBUG] 🎯 Célzott Forgalom Generálása (R1C1_C) | Period: 6.6312
Found 6 valid OD pairs for R1C1_C
Generating focused traffic: Period 6.6312s
[INFO] Subscriptions active: 6 (libsumo, fast mode)
[INFO] Episode duration: 1800s (30 min)

[DEBUG] 🎯 Célzott Forgalom Generálása (R1C1_C) | Period: 7.5494
Found 6 valid OD pairs for R1C1_C
Generating focused traffic: Period 7.5494s
[INFO] Subscriptions active: 6 (libsumo, fast mode)
[INFO] Episode duration: 3600s (60 min)

[DEBUG] 🎯 Célzott Forgalom Generálása (R1C1_C) | Period: 4.8482
Found 6 valid OD pairs for R1C1_C
Generating focused traffic: Period 4.8482s
[INFO] Subscriptions active: 6 (libsumo, fast mode)
[INFO] Episode duration: 3600s (60 min)

[DEBUG] 🎯 Célzott Forgalom Generálása (R1C1_C) | Period: 7.0285
Found 6 valid OD pairs for R1C1_C
Generating focused traffic: Period 7.0285s
[INFO] Subscriptions active: 6 (libsumo, fast mode)
[INFO] Episode duration: 2700s (45 min)

[DEBUG] 🎯 Célzott Forgalom Generálása (R1C1_C) | Period: 7.4156
Found 6 valid OD pairs for R1C1_C
Generating focused traffic: Period 7.4156s
[INFO] Subscriptions active: 6 (libsumo, fast mode)
[INFO] Episode duration: 900s (15 min)

[DEBUG] 🎯 Célzott Forgalom Generálása (R1C1_C) | Period: 6.0839
Found 6 valid OD pairs for R1C1_C
Generating focused traffic: Period 6.0839s
[INFO] Subscriptions active: 6 (libsumo, fast mode)
[INFO] Episode duration: 1800s (30 min)

[DEBUG] 🎯 Célzott Forgalom Generálása (R1C1_C) | Period: 4.0874
Found 6 valid OD pairs for R1C1_C
Generating focused traffic: Period 4.0874s
[INFO] Subscriptions active: 6 (libsumo, fast mode)
[INFO] Episode duration: 3600s (60 min)

[DEBUG] 🎯 Célzott Forgalom Generálása (R1C1_C) | Period: 4.9795
Found 6 valid OD pairs for R1C1_C
Generating focused traffic: Period 4.9795s
[INFO] Subscriptions active: 6 (libsumo, fast mode)
[INFO] Episode duration: 3600s (60 min)

[DEBUG] 🎯 Célzott Forgalom Generálása (R1C1_C) | Period: 7.7383
Found 6 valid OD pairs for R1C1_C
Generating focused traffic: Period 7.7383s
[INFO] Subscriptions active: 6 (libsumo, fast mode)
[INFO] Episode duration: 1800s (30 min)

[DEBUG] 🎯 Célzott Forgalom Generálása (R1C1_C) | Period: 7.831
Found 6 valid OD pairs for R1C1_C
Generating focused traffic: Period 7.8310s
[INFO] Subscriptions active: 6 (libsumo, fast mode)
[INFO] Episode duration: 1800s (30 min)

[DEBUG] 🎯 Célzott Forgalom Generálása (R1C1_C) | Period: 5.5479
Found 6 valid OD pairs for R1C1_C
Generating focused traffic: Period 5.5479s
[INFO] Subscriptions active: 6 (libsumo, fast mode)
[INFO] Episode duration: 3600s (60 min)

[DEBUG] 🎯 Célzott Forgalom Generálása (R1C1_C) | Period: 5.0852
Found 6 valid OD pairs for R1C1_C
Generating focused traffic: Period 5.0852s
[INFO] Subscriptions active: 6 (libsumo, fast mode)
[INFO] Episode duration: 3600s (60 min)

[DEBUG] 🎯 Célzott Forgalom Generálása (R1C1_C) | Period: 4.8298
Found 6 valid OD pairs for R1C1_C
Generating focused traffic: Period 4.8298s
[INFO] Subscriptions active: 6 (libsumo, fast mode)
[INFO] Episode duration: 900s (15 min)

[DEBUG] 🎯 Célzott Forgalom Generálása (R1C1_C) | Period: 6.3181
Found 6 valid OD pairs for R1C1_C
Generating focused traffic: Period 6.3181s
[INFO] Subscriptions active: 6 (libsumo, fast mode)
[INFO] Episode duration: 2700s (45 min)

[DEBUG] 🎯 Célzott Forgalom Generálása (R1C1_C) | Period: 5.9535
Found 6 valid OD pairs for R1C1_C
Generating focused traffic: Period 5.9535s
[INFO] Subscriptions active: 6 (libsumo, fast mode)
------------------------------------
| rollout/              |          |
|    ep_len_mean        | 425      |
|    ep_rew_mean        | 68.7     |
| time/                 |          |
|    fps                | 192      |
|    iterations         | 40       |
|    time_elapsed       | 426      |
|    total_timesteps    | 81920    |
| train/                |          |
|    entropy_loss       | -1.39    |
|    explained_variance | 0.00555  |
|    learning_rate      | 0.0001   |
|    n_updates          | 39       |
|    policy_loss        | 17       |
|    value_loss         | 181      |
------------------------------------
[INFO] Episode duration: 2700s (45 min)

[DEBUG] 🎯 Célzott Forgalom Generálása (R1C1_C) | Period: 4.0602
Found 6 valid OD pairs for R1C1_C
Generating focused traffic: Period 4.0602s
[INFO] Subscriptions active: 6 (libsumo, fast mode)
[INFO] Episode duration: 2700s (45 min)

[DEBUG] 🎯 Célzott Forgalom Generálása (R1C1_C) | Period: 7.7528
Found 6 valid OD pairs for R1C1_C
Generating focused traffic: Period 7.7528s
[INFO] Subscriptions active: 6 (libsumo, fast mode)
[INFO] Episode duration: 1800s (30 min)

[DEBUG] 🎯 Célzott Forgalom Generálása (R1C1_C) | Period: 4.0766
Found 6 valid OD pairs for R1C1_C
Generating focused traffic: Period 4.0766s
[INFO] Subscriptions active: 6 (libsumo, fast mode)
[INFO] Episode duration: 2700s (45 min)

[DEBUG] 🎯 Célzott Forgalom Generálása (R1C1_C) | Period: 7.6815
Found 6 valid OD pairs for R1C1_C
Generating focused traffic: Period 7.6815s
[INFO] Subscriptions active: 6 (libsumo, fast mode)
[INFO] Episode duration: 900s (15 min)

[DEBUG] 🎯 Célzott Forgalom Generálása (R1C1_C) | Period: 6.1078
Found 6 valid OD pairs for R1C1_C
Generating focused traffic: Period 6.1078s
[INFO] Subscriptions active: 6 (libsumo, fast mode)
[INFO] Episode duration: 2700s (45 min)

[DEBUG] 🎯 Célzott Forgalom Generálása (R1C1_C) | Period: 4.2623
Found 6 valid OD pairs for R1C1_C
Generating focused traffic: Period 4.2623s
[INFO] Subscriptions active: 6 (libsumo, fast mode)
[INFO] Episode duration: 1800s (30 min)

[DEBUG] 🎯 Célzott Forgalom Generálása (R1C1_C) | Period: 7.8175
Found 6 valid OD pairs for R1C1_C
Generating focused traffic: Period 7.8175s
[INFO] Subscriptions active: 6 (libsumo, fast mode)
[INFO] Episode duration: 3600s (60 min)

[DEBUG] 🎯 Célzott Forgalom Generálása (R1C1_C) | Period: 7.7292
Found 6 valid OD pairs for R1C1_C
Generating focused traffic: Period 7.7292s
[INFO] Subscriptions active: 6 (libsumo, fast mode)
[INFO] Episode duration: 900s (15 min)

[DEBUG] 🎯 Célzott Forgalom Generálása (R1C1_C) | Period: 6.453
Found 6 valid OD pairs for R1C1_C
Generating focused traffic: Period 6.4530s
[INFO] Subscriptions active: 6 (libsumo, fast mode)
[INFO] Episode duration: 3600s (60 min)

[DEBUG] 🎯 Célzott Forgalom Generálása (R1C1_C) | Period: 5.7121
Found 6 valid OD pairs for R1C1_C
Generating focused traffic: Period 5.7121s
[INFO] Subscriptions active: 6 (libsumo, fast mode)
[INFO] Episode duration: 1800s (30 min)

[DEBUG] 🎯 Célzott Forgalom Generálása (R1C1_C) | Period: 7.8317
Found 6 valid OD pairs for R1C1_C
Generating focused traffic: Period 7.8317s
[INFO] Subscriptions active: 6 (libsumo, fast mode)
[INFO] Episode duration: 3600s (60 min)

[DEBUG] 🎯 Célzott Forgalom Generálása (R1C1_C) | Period: 7.4461
Found 6 valid OD pairs for R1C1_C
Generating focused traffic: Period 7.4461s
[INFO] Subscriptions active: 6 (libsumo, fast mode)
[INFO] Episode duration: 900s (15 min)

[DEBUG] 🎯 Célzott Forgalom Generálása (R1C1_C) | Period: 7.3619
Found 6 valid OD pairs for R1C1_C
Generating focused traffic: Period 7.3619s
[INFO] Subscriptions active: 6 (libsumo, fast mode)
[INFO] Episode duration: 2700s (45 min)

[DEBUG] 🎯 Célzott Forgalom Generálása (R1C1_C) | Period: 4.1081
Found 6 valid OD pairs for R1C1_C
Generating focused traffic: Period 4.1081s
[INFO] Subscriptions active: 6 (libsumo, fast mode)
[INFO] Episode duration: 2700s (45 min)

[DEBUG] 🎯 Célzott Forgalom Generálása (R1C1_C) | Period: 4.8511
Found 6 valid OD pairs for R1C1_C
Generating focused traffic: Period 4.8511s
[INFO] Subscriptions active: 6 (libsumo, fast mode)
[INFO] Episode duration: 1800s (30 min)

[DEBUG] 🎯 Célzott Forgalom Generálása (R1C1_C) | Period: 4.7878
Found 6 valid OD pairs for R1C1_C
Generating focused traffic: Period 4.7878s
[INFO] Subscriptions active: 6 (libsumo, fast mode)
[INFO] Episode duration: 2700s (45 min)

[DEBUG] 🎯 Célzott Forgalom Generálása (R1C1_C) | Period: 6.2048
Found 6 valid OD pairs for R1C1_C
Generating focused traffic: Period 6.2048s
[INFO] Subscriptions active: 6 (libsumo, fast mode)
[INFO] Episode duration: 900s (15 min)

[DEBUG] 🎯 Célzott Forgalom Generálása (R1C1_C) | Period: 4.9119
Found 6 valid OD pairs for R1C1_C
Generating focused traffic: Period 4.9119s
[INFO] Subscriptions active: 6 (libsumo, fast mode)
[INFO] Episode duration: 3600s (60 min)

[DEBUG] 🎯 Célzott Forgalom Generálása (R1C1_C) | Period: 5.1635
Found 6 valid OD pairs for R1C1_C
Generating focused traffic: Period 5.1635s
[INFO] Subscriptions active: 6 (libsumo, fast mode)
[INFO] Episode duration: 1800s (30 min)

[DEBUG] 🎯 Célzott Forgalom Generálása (R1C1_C) | Period: 5.9085
Found 6 valid OD pairs for R1C1_C
Generating focused traffic: Period 5.9085s
[INFO] Subscriptions active: 6 (libsumo, fast mode)
[INFO] Episode duration: 2700s (45 min)

[DEBUG] 🎯 Célzott Forgalom Generálása (R1C1_C) | Period: 7.5443
Found 6 valid OD pairs for R1C1_C
Generating focused traffic: Period 7.5443s
[INFO] Subscriptions active: 6 (libsumo, fast mode)
[INFO] Episode duration: 3600s (60 min)

[DEBUG] 🎯 Célzott Forgalom Generálása (R1C1_C) | Period: 7.2608
Found 6 valid OD pairs for R1C1_C
Generating focused traffic: Period 7.2608s
[INFO] Subscriptions active: 6 (libsumo, fast mode)
[INFO] Episode duration: 2700s (45 min)

[DEBUG] 🎯 Célzott Forgalom Generálása (R1C1_C) | Period: 7.6364
Found 6 valid OD pairs for R1C1_C
Generating focused traffic: Period 7.6364s
[INFO] Subscriptions active: 6 (libsumo, fast mode)
[INFO] Episode duration: 1800s (30 min)

[DEBUG] 🎯 Célzott Forgalom Generálása (R1C1_C) | Period: 4.3393
Found 6 valid OD pairs for R1C1_C
Generating focused traffic: Period 4.3393s
[INFO] Subscriptions active: 6 (libsumo, fast mode)
[INFO] Episode duration: 1800s (30 min)

[DEBUG] 🎯 Célzott Forgalom Generálása (R1C1_C) | Period: 5.4462
Found 6 valid OD pairs for R1C1_C
Generating focused traffic: Period 5.4462s
[INFO] Subscriptions active: 6 (libsumo, fast mode)
[INFO] Episode duration: 2700s (45 min)

[DEBUG] 🎯 Célzott Forgalom Generálása (R1C1_C) | Period: 7.8293
Found 6 valid OD pairs for R1C1_C
Generating focused traffic: Period 7.8293s
[INFO] Subscriptions active: 6 (libsumo, fast mode)
[INFO] Episode duration: 3600s (60 min)

[DEBUG] 🎯 Célzott Forgalom Generálása (R1C1_C) | Period: 5.7379
Found 6 valid OD pairs for R1C1_C
Generating focused traffic: Period 5.7379s
[INFO] Subscriptions active: 6 (libsumo, fast mode)
[INFO] Episode duration: 1800s (30 min)

[DEBUG] 🎯 Célzott Forgalom Generálása (R1C1_C) | Period: 7.5573
Found 6 valid OD pairs for R1C1_C
Generating focused traffic: Period 7.5573s
[INFO] Subscriptions active: 6 (libsumo, fast mode)
[INFO] Episode duration: 2700s (45 min)

[DEBUG] 🎯 Célzott Forgalom Generálása (R1C1_C) | Period: 5.9446
Found 6 valid OD pairs for R1C1_C
Generating focused traffic: Period 5.9446s
[INFO] Subscriptions active: 6 (libsumo, fast mode)
[INFO] Episode duration: 3600s (60 min)

[DEBUG] 🎯 Célzott Forgalom Generálása (R1C1_C) | Period: 4.7371
Found 6 valid OD pairs for R1C1_C
Generating focused traffic: Period 4.7371s
[INFO] Subscriptions active: 6 (libsumo, fast mode)
[INFO] Episode duration: 3600s (60 min)

[DEBUG] 🎯 Célzott Forgalom Generálása (R1C1_C) | Period: 5.8541
Found 6 valid OD pairs for R1C1_C
Generating focused traffic: Period 5.8541s
[INFO] Subscriptions active: 6 (libsumo, fast mode)
[INFO] Episode duration: 1800s (30 min)

[DEBUG] 🎯 Célzott Forgalom Generálása (R1C1_C) | Period: 6.435
Found 6 valid OD pairs for R1C1_C
Generating focused traffic: Period 6.4350s
[INFO] Subscriptions active: 6 (libsumo, fast mode)
[INFO] Episode duration: 1800s (30 min)

[DEBUG] 🎯 Célzott Forgalom Generálása (R1C1_C) | Period: 5.4196
Found 6 valid OD pairs for R1C1_C
Generating focused traffic: Period 5.4196s
[INFO] Subscriptions active: 6 (libsumo, fast mode)
[INFO] Episode duration: 3600s (60 min)

[DEBUG] 🎯 Célzott Forgalom Generálása (R1C1_C) | Period: 6.3085
Found 6 valid OD pairs for R1C1_C
Generating focused traffic: Period 6.3085s
[INFO] Subscriptions active: 6 (libsumo, fast mode)
[INFO] Episode duration: 900s (15 min)wandb: WARNING Symlinked 1 file into the W&B run directory; call wandb.save again to sync new files.
/Users/wagnertamas/Documents/Munka/cikkek/AI_agens_konyvtar/support/intergreen_matrix_calculator/rl_trainer.py:857: UserWarning: Exporting a model while it is in training mode. Please ensure that this is intended, as it may lead to different behavior during inference. Calling model.eval() before export is recommended.
  torch.onnx.export(
/Users/wagnertamas/Documents/Munka/cikkek/AI_agens_konyvtar/support/intergreen_matrix_calculator/rl_trainer.py:857: UserWarning: # 'dynamic_axes' is not recommended when dynamo=True, and may lead to 'torch._dynamo.exc.UserError: Constraints violated.' Supply the 'dynamic_shapes' argument instead if export is unsuccessful.
  torch.onnx.export(
wandb: updating run metadata
wandb: uploading pytorch_models/R1C1_C.zip; uploading output.log; uploading wandb-summary.json; uploading config.yaml
wandb: uploading pytorch_models/R1C1_C.zip; uploading output.log; uploading wandb-summary.json
wandb: uploading history steps 978-1002, summary, console lines 1425-1483
wandb: 
wandb: Run history:
wandb:  R1C1_C/action_pct/phase_0 ▆▅▇▄▇▇▆▃▆▆▅█▆▄▇▄▄▅▇▅▆▄▄▇▇▆█▄▄▄▇▆▆▁▆▄█▄█▄
wandb:  R1C1_C/action_pct/phase_1 ▆▇▇▆▃▅▁▅▅█▄▂▇▆▁▇▆▄▇▅▅▆▅▆▆▇▅▇▅▅▅▃▅▅▆█▆▄▅▅
wandb:  R1C1_C/action_pct/phase_2 ▄▅▄▄▃▄▅▄▃▃▃▄▃▅▅▄▃▅▂▅▅▅▆▄▁▃▄▄▅▆▃▅▃█▅▂▄▅▂▆
wandb:  R1C1_C/action_pct/phase_3 ▄▂▁▅▆▂▇█▅▁▇▇▃▃▇▄▇▅▄▄▃▄▃▃▅▃▂▄▆▃▅▆▅▅▁▆▁▆▅▄
wandb:  R1C1_C/train/entropy_loss ▁▃▂▃▃▃▃▃▃▃▂▂▂▂▄▃▃▃▃▃▃▃▃▃▃▃▃▃▃▃▆▆▇▇▇▆▇▇▇█
wandb: R1C1_C/train/learning_rate ▁▁▁▁▁▁▁▁▁▁▁▁▁▁▁▁▁▁▁▁▁▁▁▁▁▁▁▁▁▁▁▁▁▁▁▁▁▁▁▁
wandb:    R1C1_C/train/value_loss ▂▂▁▁▅▂▃▃▃▆▇▅▅▇▃▃▃▁▆▆▂▂▅▇▃▅▅▂▅█▇▇▇▇▇▂▂▃▃▃
wandb:                 avg_reward ▂▁▂▁▁▂▁▂▂▃▂▂▅▁▂▁▂▁▃▁▂▂▂▁▃▃▂▃▂▁▃▁▂▂▃▃▃▃▁█
wandb:                    episode ▁▁▁▁▁▂▂▂▂▂▂▃▃▃▃▃▄▄▄▄▅▅▅▅▅▅▅▆▆▆▇▇▇▇▇▇▇███
wandb:         episode/avg_reward ▁▃▂▁▂▂▃▂▂▂█▅▄▂▄▁▃▃▁▂▃▃▄▃▂▃▄▃▃▄▃▆▂▅▄▃▂▃▂▃
wandb:                         +7 ...
wandb: 
wandb: Run summary:
wandb:  R1C1_C/action_pct/phase_0 27.22222
wandb:  R1C1_C/action_pct/phase_1 21.11111
wandb:  R1C1_C/action_pct/phase_2 25.83333
wandb:  R1C1_C/action_pct/phase_3 25.83333
wandb:  R1C1_C/train/entropy_loss -1.3862
wandb: R1C1_C/train/learning_rate 0.0001
wandb:    R1C1_C/train/value_loss 93.41064
wandb:                 avg_reward 0.114
wandb:                    episode 230
wandb:         episode/avg_reward 0.21171
wandb:                         +7 ...
wandb: 
wandb: 🚀 View run a2c_halt_ratio_1x16_3_R1C1_C at: https://wandb.ai/wagnertamas-budapesti-m-szaki-s-gazdas-gtudom-nyi-egyetem/sumo-rl-stat/runs/io9d118a
wandb: ⭐️ View project at: https://wandb.ai/wagnertamas-budapesti-m-szaki-s-gazdas-gtudom-nyi-egyetem/sumo-rl-stat
wandb: Synced 5 W&B file(s), 0 media file(s), 0 artifact file(s) and 1 other file(s)
wandb: Find logs at: ./wandb/run-20260322_015630-io9d118a/logs


[DEBUG] 🎯 Célzott Forgalom Generálása (R1C1_C) | Period: 6.9776
Found 6 valid OD pairs for R1C1_C
Generating focused traffic: Period 6.9776s
[INFO] Subscriptions active: 6 (libsumo, fast mode)
[INFO] Episode duration: 900s (15 min)

[DEBUG] 🎯 Célzott Forgalom Generálása (R1C1_C) | Period: 7.4638
Found 6 valid OD pairs for R1C1_C
Generating focused traffic: Period 7.4638s
[INFO] Subscriptions active: 6 (libsumo, fast mode)
[INFO] Episode duration: 900s (15 min)

[DEBUG] 🎯 Célzott Forgalom Generálása (R1C1_C) | Period: 7.2801
Found 6 valid OD pairs for R1C1_C
Generating focused traffic: Period 7.2801s
[INFO] Subscriptions active: 6 (libsumo, fast mode)
[INFO] Episode duration: 900s (15 min)

[DEBUG] 🎯 Célzott Forgalom Generálása (R1C1_C) | Period: 5.3534
Found 6 valid OD pairs for R1C1_C
Generating focused traffic: Period 5.3534s
[INFO] Subscriptions active: 6 (libsumo, fast mode)
[INFO] Episode duration: 900s (15 min)

[DEBUG] 🎯 Célzott Forgalom Generálása (R1C1_C) | Period: 7.1898
Found 6 valid OD pairs for R1C1_C
Generating focused traffic: Period 7.1898s
[INFO] Subscriptions active: 6 (libsumo, fast mode)
[INFO] Episode duration: 1800s (30 min)

[DEBUG] 🎯 Célzott Forgalom Generálása (R1C1_C) | Period: 7.7584
Found 6 valid OD pairs for R1C1_C
Generating focused traffic: Period 7.7584s
[INFO] Subscriptions active: 6 (libsumo, fast mode)
[INFO] Episode duration: 3600s (60 min)

[DEBUG] 🎯 Célzott Forgalom Generálása (R1C1_C) | Period: 5.0772
Found 6 valid OD pairs for R1C1_C
Generating focused traffic: Period 5.0772s
[INFO] Subscriptions active: 6 (libsumo, fast mode)
On-policy training completed.
Closing environment and EXPORTING models...
Saving PyTorch ZIP models to /Users/wagnertamas/Documents/Munka/cikkek/AI_agens_konyvtar/support/intergreen_matrix_calculator/data/runs/pytorch_models...
Saved PyTorch R1C1_C to /Users/wagnertamas/Documents/Munka/cikkek/AI_agens_konyvtar/support/intergreen_matrix_calculator/data/runs/pytorch_models/R1C1_C.zip
Exporting ONNX models to /Users/wagnertamas/Documents/Munka/cikkek/AI_agens_konyvtar/support/intergreen_matrix_calculator/data/runs/onnx_models...
Failed to export R1C1_C: # Failed to convert 'dynamic_axes' to 'dynamic_shapes'. Please provide 'dynamic_shapes' directly. Refer to the documentation for 'torch.export.export' for more information on dynamic shapes.
Cleanup done.
