wandb: [wandb.login()] Loaded credentials for https://api.wandb.ai from /Users/wagnertamas/.netrc.
wandb: Currently logged in as: wagnertamas (wagnertamas-budapesti-m-szaki-s-gazdas-gtudom-nyi-egyetem) to https://api.wandb.ai. Use `wandb login --relogin` to force relogin
wandb: setting up run dlmwmbmj
wandb: Tracking run with wandb version 0.25.0
wandb: Run data is saved locally in /Users/wagnertamas/Documents/Munka/cikkek/AI_agens_konyvtar/support/intergreen_matrix_calculator/wandb/run-20260322_011028-dlmwmbmj
wandb: Run `wandb offline` to turn off syncing.
wandb: Syncing run a2c_speed_throughput_1x32_3_R1C1_C
wandb: ⭐️ View project at https://wandb.ai/wagnertamas-budapesti-m-szaki-s-gazdas-gtudom-nyi-egyetem/sumo-rl-stat
wandb: 🚀 View run at https://wandb.ai/wagnertamas-budapesti-m-szaki-s-gazdas-gtudom-nyi-egyetem/sumo-rl-stat/runs/dlmwmbmj
[INFO] Config: training_config.yaml
[INFO] Net: /Users/wagnertamas/Documents/Munka/cikkek/AI_agens_konyvtar/support/intergreen_matrix_calculator/data/mega_catalogue_v2.net.xml
[INFO] Timesteps: 100000 | Project: sumo-rl-stat
[INFO] Junction: R1C1_C
[INFO] Algorithm: a2c | Reward: speed_throughput
[INFO] Load model: None (fresh)
[INFO] Traffic: random target+spread (epizódonként)
Initializing Environment (algorithm=a2c, reward=speed_throughput)...
[INFO] Algorithm: a2c (on_policy)
[INFO] Reward mode: speed_throughput
WandB config applied (Sweep compatible).
[INFO] Junction reward params auto-loaded from /Users/wagnertamas/Documents/Munka/cikkek/AI_agens_konyvtar/support/intergreen_matrix_calculator/data/junction_reward_params.json
[INFO] Using 'libsumo' (fast headless mode, OS=darwin).
Starting SUMO...
[INFO] Episode duration: 3600s (60 min)

[DEBUG] 🎯 Célzott Forgalom Generálása (R1C1_C) | Period: 7.3989
Found 6 valid OD pairs for R1C1_C
Generating focused traffic: Period 7.3989s
[INFO] Network mapped: 1 agents, 3 detectors, 3 lanes
[INFO] Subscriptions active: 6 (libsumo, fast mode)
Agents discovered: ['R1C1_C']
[INFO] RL device: mps
[INFO] On-policy training: a2c → R1C1_C
Using mps device
Wrapping the env with a `Monitor` wrapper
Wrapping the env in a DummyVecEnv.
Starting on-policy training: 100000 timesteps...
[INFO] Episode duration: 2700s (45 min)

[DEBUG] 🎯 Célzott Forgalom Generálása (R1C1_C) | Period: 4.3566
Found 6 valid OD pairs for R1C1_C
Generating focused traffic: Period 4.3566s
[INFO] Subscriptions active: 6 (libsumo, fast mode)
Logging to /Users/wagnertamas/Documents/Munka/cikkek/AI_agens_konyvtar/support/intergreen_matrix_calculator/data/runs/sumo-rl-stat/R1C1_C/A2C_9
[INFO] Episode duration: 1800s (30 min)

[DEBUG] 🎯 Célzott Forgalom Generálása (R1C1_C) | Period: 4.4989
Found 6 valid OD pairs for R1C1_C
Generating focused traffic: Period 4.4989s
[INFO] Subscriptions active: 6 (libsumo, fast mode)
[INFO] Episode duration: 900s (15 min)

[DEBUG] 🎯 Célzott Forgalom Generálása (R1C1_C) | Period: 7.5179
Found 6 valid OD pairs for R1C1_C
Generating focused traffic: Period 7.5179s
[INFO] Subscriptions active: 6 (libsumo, fast mode)
[INFO] Episode duration: 2700s (45 min)

[DEBUG] 🎯 Célzott Forgalom Generálása (R1C1_C) | Period: 4.3752
Found 6 valid OD pairs for R1C1_C
Generating focused traffic: Period 4.3752s
[INFO] Subscriptions active: 6 (libsumo, fast mode)
[INFO] Episode duration: 1800s (30 min)

[DEBUG] 🎯 Célzott Forgalom Generálása (R1C1_C) | Period: 7.73
Found 6 valid OD pairs for R1C1_C
Generating focused traffic: Period 7.7300s
[INFO] Subscriptions active: 6 (libsumo, fast mode)
[INFO] Episode duration: 900s (15 min)

[DEBUG] 🎯 Célzott Forgalom Generálása (R1C1_C) | Period: 7.506
Found 6 valid OD pairs for R1C1_C
Generating focused traffic: Period 7.5060s
[INFO] Subscriptions active: 6 (libsumo, fast mode)
[INFO] Episode duration: 2700s (45 min)

[DEBUG] 🎯 Célzott Forgalom Generálása (R1C1_C) | Period: 4.2888
Found 6 valid OD pairs for R1C1_C
Generating focused traffic: Period 4.2888s
[INFO] Subscriptions active: 6 (libsumo, fast mode)
[INFO] Episode duration: 3600s (60 min)

[DEBUG] 🎯 Célzott Forgalom Generálása (R1C1_C) | Period: 7.3547
Found 6 valid OD pairs for R1C1_C
Generating focused traffic: Period 7.3547s
[INFO] Subscriptions active: 6 (libsumo, fast mode)
[INFO] Episode duration: 3600s (60 min)

[DEBUG] 🎯 Célzott Forgalom Generálása (R1C1_C) | Period: 6.8806
Found 6 valid OD pairs for R1C1_C
Generating focused traffic: Period 6.8806s
[INFO] Subscriptions active: 6 (libsumo, fast mode)
[INFO] Episode duration: 3600s (60 min)

[DEBUG] 🎯 Célzott Forgalom Generálása (R1C1_C) | Period: 5.2856
Found 6 valid OD pairs for R1C1_C
Generating focused traffic: Period 5.2856s
[INFO] Subscriptions active: 6 (libsumo, fast mode)
[INFO] Episode duration: 2700s (45 min)

[DEBUG] 🎯 Célzott Forgalom Generálása (R1C1_C) | Period: 7.5242
Found 6 valid OD pairs for R1C1_C
Generating focused traffic: Period 7.5242s
[INFO] Subscriptions active: 6 (libsumo, fast mode)
[INFO] Episode duration: 900s (15 min)

[DEBUG] 🎯 Célzott Forgalom Generálása (R1C1_C) | Period: 7.5489
Found 6 valid OD pairs for R1C1_C
Generating focused traffic: Period 7.5489s
[INFO] Subscriptions active: 6 (libsumo, fast mode)
[INFO] Episode duration: 900s (15 min)

[DEBUG] 🎯 Célzott Forgalom Generálása (R1C1_C) | Period: 4.2584
Found 6 valid OD pairs for R1C1_C
Generating focused traffic: Period 4.2584s
[INFO] Subscriptions active: 6 (libsumo, fast mode)
[INFO] Episode duration: 1800s (30 min)

[DEBUG] 🎯 Célzott Forgalom Generálása (R1C1_C) | Period: 5.7602
Found 6 valid OD pairs for R1C1_C
Generating focused traffic: Period 5.7602s
[INFO] Subscriptions active: 6 (libsumo, fast mode)
[INFO] Episode duration: 3600s (60 min)

[DEBUG] 🎯 Célzott Forgalom Generálása (R1C1_C) | Period: 6.3929
Found 6 valid OD pairs for R1C1_C
Generating focused traffic: Period 6.3929s
[INFO] Subscriptions active: 6 (libsumo, fast mode)
[INFO] Episode duration: 1800s (30 min)

[DEBUG] 🎯 Célzott Forgalom Generálása (R1C1_C) | Period: 4.0736
Found 6 valid OD pairs for R1C1_C
Generating focused traffic: Period 4.0736s
[INFO] Subscriptions active: 6 (libsumo, fast mode)
[INFO] Episode duration: 3600s (60 min)

[DEBUG] 🎯 Célzott Forgalom Generálása (R1C1_C) | Period: 7.4041
Found 6 valid OD pairs for R1C1_C
Generating focused traffic: Period 7.4041s
[INFO] Subscriptions active: 6 (libsumo, fast mode)
[INFO] Episode duration: 900s (15 min)

[DEBUG] 🎯 Célzott Forgalom Generálása (R1C1_C) | Period: 4.8438
Found 6 valid OD pairs for R1C1_C
Generating focused traffic: Period 4.8438s
[INFO] Subscriptions active: 6 (libsumo, fast mode)
[INFO] Episode duration: 1800s (30 min)

[DEBUG] 🎯 Célzott Forgalom Generálása (R1C1_C) | Period: 6.2258
Found 6 valid OD pairs for R1C1_C
Generating focused traffic: Period 6.2258s
[INFO] Subscriptions active: 6 (libsumo, fast mode)
[INFO] Episode duration: 1800s (30 min)

[DEBUG] 🎯 Célzott Forgalom Generálása (R1C1_C) | Period: 6.6461
Found 6 valid OD pairs for R1C1_C
Generating focused traffic: Period 6.6461s
[INFO] Subscriptions active: 6 (libsumo, fast mode)
[INFO] Episode duration: 900s (15 min)

[DEBUG] 🎯 Célzott Forgalom Generálása (R1C1_C) | Period: 4.1388
Found 6 valid OD pairs for R1C1_C
Generating focused traffic: Period 4.1388s
[INFO] Subscriptions active: 6 (libsumo, fast mode)
[INFO] Episode duration: 2700s (45 min)

[DEBUG] 🎯 Célzott Forgalom Generálása (R1C1_C) | Period: 4.4506
Found 6 valid OD pairs for R1C1_C
Generating focused traffic: Period 4.4506s
[INFO] Subscriptions active: 6 (libsumo, fast mode)
[INFO] Episode duration: 3600s (60 min)

[DEBUG] 🎯 Célzott Forgalom Generálása (R1C1_C) | Period: 5.0331
Found 6 valid OD pairs for R1C1_C
Generating focused traffic: Period 5.0331s
[INFO] Subscriptions active: 6 (libsumo, fast mode)
[INFO] Episode duration: 1800s (30 min)

[DEBUG] 🎯 Célzott Forgalom Generálása (R1C1_C) | Period: 6.1688
Found 6 valid OD pairs for R1C1_C
Generating focused traffic: Period 6.1688s
[INFO] Subscriptions active: 6 (libsumo, fast mode)
[INFO] Episode duration: 1800s (30 min)

[DEBUG] 🎯 Célzott Forgalom Generálása (R1C1_C) | Period: 4.968
Found 6 valid OD pairs for R1C1_C
Generating focused traffic: Period 4.9680s
[INFO] Subscriptions active: 6 (libsumo, fast mode)
[INFO] Episode duration: 1800s (30 min)

[DEBUG] 🎯 Célzott Forgalom Generálása (R1C1_C) | Period: 5.1343
Found 6 valid OD pairs for R1C1_C
Generating focused traffic: Period 5.1343s
[INFO] Subscriptions active: 6 (libsumo, fast mode)
[INFO] Episode duration: 1800s (30 min)

[DEBUG] 🎯 Célzott Forgalom Generálása (R1C1_C) | Period: 7.9007
Found 6 valid OD pairs for R1C1_C
Generating focused traffic: Period 7.9007s
[INFO] Subscriptions active: 6 (libsumo, fast mode)
[INFO] Episode duration: 1800s (30 min)

[DEBUG] 🎯 Célzott Forgalom Generálása (R1C1_C) | Period: 7.4761
Found 6 valid OD pairs for R1C1_C
Generating focused traffic: Period 7.4761s
[INFO] Subscriptions active: 6 (libsumo, fast mode)
[INFO] Episode duration: 900s (15 min)

[DEBUG] 🎯 Célzott Forgalom Generálása (R1C1_C) | Period: 6.7264
Found 6 valid OD pairs for R1C1_C
Generating focused traffic: Period 6.7264s
[INFO] Subscriptions active: 6 (libsumo, fast mode)
[INFO] Episode duration: 900s (15 min)

[DEBUG] 🎯 Célzott Forgalom Generálása (R1C1_C) | Period: 4.1438
Found 6 valid OD pairs for R1C1_C
Generating focused traffic: Period 4.1438s
[INFO] Subscriptions active: 6 (libsumo, fast mode)
[INFO] Episode duration: 1800s (30 min)

[DEBUG] 🎯 Célzott Forgalom Generálása (R1C1_C) | Period: 4.0664
Found 6 valid OD pairs for R1C1_C
Generating focused traffic: Period 4.0664s
[INFO] Subscriptions active: 6 (libsumo, fast mode)
[INFO] Episode duration: 900s (15 min)

[DEBUG] 🎯 Célzott Forgalom Generálása (R1C1_C) | Period: 4.9084
Found 6 valid OD pairs for R1C1_C
Generating focused traffic: Period 4.9084s
[INFO] Subscriptions active: 6 (libsumo, fast mode)
[INFO] Episode duration: 900s (15 min)

[DEBUG] 🎯 Célzott Forgalom Generálása (R1C1_C) | Period: 4.9945
Found 6 valid OD pairs for R1C1_C
Generating focused traffic: Period 4.9945s
[INFO] Subscriptions active: 6 (libsumo, fast mode)
[INFO] Episode duration: 900s (15 min)

[DEBUG] 🎯 Célzott Forgalom Generálása (R1C1_C) | Period: 6.986
Found 6 valid OD pairs for R1C1_C
Generating focused traffic: Period 6.9860s
[INFO] Subscriptions active: 6 (libsumo, fast mode)
[INFO] Episode duration: 2700s (45 min)

[DEBUG] 🎯 Célzott Forgalom Generálása (R1C1_C) | Period: 5.7555
Found 6 valid OD pairs for R1C1_C
Generating focused traffic: Period 5.7555s
[INFO] Subscriptions active: 6 (libsumo, fast mode)
[INFO] Episode duration: 900s (15 min)

[DEBUG] 🎯 Célzott Forgalom Generálása (R1C1_C) | Period: 6.0954
Found 6 valid OD pairs for R1C1_C
Generating focused traffic: Period 6.0954s
[INFO] Subscriptions active: 6 (libsumo, fast mode)
[INFO] Episode duration: 1800s (30 min)

[DEBUG] 🎯 Célzott Forgalom Generálása (R1C1_C) | Period: 6.5199
Found 6 valid OD pairs for R1C1_C
Generating focused traffic: Period 6.5199s
[INFO] Subscriptions active: 6 (libsumo, fast mode)
[INFO] Episode duration: 1800s (30 min)

[DEBUG] 🎯 Célzott Forgalom Generálása (R1C1_C) | Period: 6.1941
Found 6 valid OD pairs for R1C1_C
Generating focused traffic: Period 6.1941s
[INFO] Subscriptions active: 6 (libsumo, fast mode)
[INFO] Episode duration: 2700s (45 min)

[DEBUG] 🎯 Célzott Forgalom Generálása (R1C1_C) | Period: 5.9849
Found 6 valid OD pairs for R1C1_C
Generating focused traffic: Period 5.9849s
[INFO] Subscriptions active: 6 (libsumo, fast mode)
[INFO] Episode duration: 2700s (45 min)

[DEBUG] 🎯 Célzott Forgalom Generálása (R1C1_C) | Period: 5.228
Found 6 valid OD pairs for R1C1_C
Generating focused traffic: Period 5.2280s
[INFO] Subscriptions active: 6 (libsumo, fast mode)
[INFO] Episode duration: 2700s (45 min)

[DEBUG] 🎯 Célzott Forgalom Generálása (R1C1_C) | Period: 4.7387
Found 6 valid OD pairs for R1C1_C
Generating focused traffic: Period 4.7387s
[INFO] Subscriptions active: 6 (libsumo, fast mode)
[INFO] Episode duration: 3600s (60 min)

[DEBUG] 🎯 Célzott Forgalom Generálása (R1C1_C) | Period: 5.6342
Found 6 valid OD pairs for R1C1_C
Generating focused traffic: Period 5.6342s
[INFO] Subscriptions active: 6 (libsumo, fast mode)
[INFO] Episode duration: 3600s (60 min)

[DEBUG] 🎯 Célzott Forgalom Generálása (R1C1_C) | Period: 5.6809
Found 6 valid OD pairs for R1C1_C
Generating focused traffic: Period 5.6809s
[INFO] Subscriptions active: 6 (libsumo, fast mode)
[INFO] Episode duration: 900s (15 min)

[DEBUG] 🎯 Célzott Forgalom Generálása (R1C1_C) | Period: 4.8154
Found 6 valid OD pairs for R1C1_C
Generating focused traffic: Period 4.8154s
[INFO] Subscriptions active: 6 (libsumo, fast mode)
[INFO] Episode duration: 900s (15 min)

[DEBUG] 🎯 Célzott Forgalom Generálása (R1C1_C) | Period: 5.2808
Found 6 valid OD pairs for R1C1_C
Generating focused traffic: Period 5.2808s
[INFO] Subscriptions active: 6 (libsumo, fast mode)
[INFO] Episode duration: 900s (15 min)

[DEBUG] 🎯 Célzott Forgalom Generálása (R1C1_C) | Period: 5.5002
Found 6 valid OD pairs for R1C1_C
Generating focused traffic: Period 5.5002s
[INFO] Subscriptions active: 6 (libsumo, fast mode)
[INFO] Episode duration: 3600s (60 min)

[DEBUG] 🎯 Célzott Forgalom Generálása (R1C1_C) | Period: 7.8063
Found 6 valid OD pairs for R1C1_C
Generating focused traffic: Period 7.8063s
[INFO] Subscriptions active: 6 (libsumo, fast mode)
[INFO] Episode duration: 900s (15 min)

[DEBUG] 🎯 Célzott Forgalom Generálása (R1C1_C) | Period: 4.8625
Found 6 valid OD pairs for R1C1_C
Generating focused traffic: Period 4.8625s
[INFO] Subscriptions active: 6 (libsumo, fast mode)
[INFO] Episode duration: 900s (15 min)

[DEBUG] 🎯 Célzott Forgalom Generálása (R1C1_C) | Period: 4.2191
Found 6 valid OD pairs for R1C1_C
Generating focused traffic: Period 4.2191s
[INFO] Subscriptions active: 6 (libsumo, fast mode)
[INFO] Episode duration: 2700s (45 min)

[DEBUG] 🎯 Célzott Forgalom Generálása (R1C1_C) | Period: 5.2092
Found 6 valid OD pairs for R1C1_C
Generating focused traffic: Period 5.2092s
[INFO] Subscriptions active: 6 (libsumo, fast mode)
[INFO] Episode duration: 1800s (30 min)

[DEBUG] 🎯 Célzott Forgalom Generálása (R1C1_C) | Period: 5.2597
Found 6 valid OD pairs for R1C1_C
Generating focused traffic: Period 5.2597s
[INFO] Subscriptions active: 6 (libsumo, fast mode)
[INFO] Episode duration: 3600s (60 min)

[DEBUG] 🎯 Célzott Forgalom Generálása (R1C1_C) | Period: 6.338
Found 6 valid OD pairs for R1C1_C
Generating focused traffic: Period 6.3380s
[INFO] Subscriptions active: 6 (libsumo, fast mode)
------------------------------------
| rollout/              |          |
|    ep_len_mean        | 399      |
|    ep_rew_mean        | 117      |
| time/                 |          |
|    fps                | 183      |
|    iterations         | 10       |
|    time_elapsed       | 111      |
|    total_timesteps    | 20480    |
| train/                |          |
|    entropy_loss       | -1.39    |
|    explained_variance | -0.00577 |
|    learning_rate      | 0.0001   |
|    n_updates          | 9        |
|    policy_loss        | 30.4     |
|    value_loss         | 552      |
------------------------------------
[INFO] Episode duration: 2700s (45 min)

[DEBUG] 🎯 Célzott Forgalom Generálása (R1C1_C) | Period: 4.5079
Found 6 valid OD pairs for R1C1_C
Generating focused traffic: Period 4.5079s
[INFO] Subscriptions active: 6 (libsumo, fast mode)
[INFO] Episode duration: 2700s (45 min)

[DEBUG] 🎯 Célzott Forgalom Generálása (R1C1_C) | Period: 4.7588
Found 6 valid OD pairs for R1C1_C
Generating focused traffic: Period 4.7588s
[INFO] Subscriptions active: 6 (libsumo, fast mode)
[INFO] Episode duration: 1800s (30 min)

[DEBUG] 🎯 Célzott Forgalom Generálása (R1C1_C) | Period: 7.9079
Found 6 valid OD pairs for R1C1_C
Generating focused traffic: Period 7.9079s
[INFO] Subscriptions active: 6 (libsumo, fast mode)
[INFO] Episode duration: 1800s (30 min)

[DEBUG] 🎯 Célzott Forgalom Generálása (R1C1_C) | Period: 4.3729
Found 6 valid OD pairs for R1C1_C
Generating focused traffic: Period 4.3729s
[INFO] Subscriptions active: 6 (libsumo, fast mode)
[INFO] Episode duration: 3600s (60 min)

[DEBUG] 🎯 Célzott Forgalom Generálása (R1C1_C) | Period: 7.6908
Found 6 valid OD pairs for R1C1_C
Generating focused traffic: Period 7.6908s
[INFO] Subscriptions active: 6 (libsumo, fast mode)
[INFO] Episode duration: 900s (15 min)

[DEBUG] 🎯 Célzott Forgalom Generálása (R1C1_C) | Period: 4.1168
Found 6 valid OD pairs for R1C1_C
Generating focused traffic: Period 4.1168s
[INFO] Subscriptions active: 6 (libsumo, fast mode)
[INFO] Episode duration: 2700s (45 min)

[DEBUG] 🎯 Célzott Forgalom Generálása (R1C1_C) | Period: 7.2615
Found 6 valid OD pairs for R1C1_C
Generating focused traffic: Period 7.2615s
[INFO] Subscriptions active: 6 (libsumo, fast mode)
[INFO] Episode duration: 2700s (45 min)

[DEBUG] 🎯 Célzott Forgalom Generálása (R1C1_C) | Period: 6.0874
Found 6 valid OD pairs for R1C1_C
Generating focused traffic: Period 6.0874s
[INFO] Subscriptions active: 6 (libsumo, fast mode)
[INFO] Episode duration: 1800s (30 min)

[DEBUG] 🎯 Célzott Forgalom Generálása (R1C1_C) | Period: 4.0434
Found 6 valid OD pairs for R1C1_C
Generating focused traffic: Period 4.0434s
[INFO] Subscriptions active: 6 (libsumo, fast mode)
[INFO] Episode duration: 900s (15 min)

[DEBUG] 🎯 Célzott Forgalom Generálása (R1C1_C) | Period: 7.6526
Found 6 valid OD pairs for R1C1_C
Generating focused traffic: Period 7.6526s
[INFO] Subscriptions active: 6 (libsumo, fast mode)
[INFO] Episode duration: 3600s (60 min)

[DEBUG] 🎯 Célzott Forgalom Generálása (R1C1_C) | Period: 5.3339
Found 6 valid OD pairs for R1C1_C
Generating focused traffic: Period 5.3339s
[INFO] Subscriptions active: 6 (libsumo, fast mode)
[INFO] Episode duration: 3600s (60 min)

[DEBUG] 🎯 Célzott Forgalom Generálása (R1C1_C) | Period: 7.3645
Found 6 valid OD pairs for R1C1_C
Generating focused traffic: Period 7.3645s
[INFO] Subscriptions active: 6 (libsumo, fast mode)
[INFO] Episode duration: 1800s (30 min)

[DEBUG] 🎯 Célzott Forgalom Generálása (R1C1_C) | Period: 6.1824
Found 6 valid OD pairs for R1C1_C
Generating focused traffic: Period 6.1824s
[INFO] Subscriptions active: 6 (libsumo, fast mode)
[INFO] Episode duration: 3600s (60 min)

[DEBUG] 🎯 Célzott Forgalom Generálása (R1C1_C) | Period: 4.8377
Found 6 valid OD pairs for R1C1_C
Generating focused traffic: Period 4.8377s
[INFO] Subscriptions active: 6 (libsumo, fast mode)
[INFO] Episode duration: 3600s (60 min)

[DEBUG] 🎯 Célzott Forgalom Generálása (R1C1_C) | Period: 6.9697
Found 6 valid OD pairs for R1C1_C
Generating focused traffic: Period 6.9697s
[INFO] Subscriptions active: 6 (libsumo, fast mode)
[INFO] Episode duration: 3600s (60 min)

[DEBUG] 🎯 Célzott Forgalom Generálása (R1C1_C) | Period: 4.0891
Found 6 valid OD pairs for R1C1_C
Generating focused traffic: Period 4.0891s
[INFO] Subscriptions active: 6 (libsumo, fast mode)
[INFO] Episode duration: 900s (15 min)

[DEBUG] 🎯 Célzott Forgalom Generálása (R1C1_C) | Period: 5.4247
Found 6 valid OD pairs for R1C1_C
Generating focused traffic: Period 5.4247s
[INFO] Subscriptions active: 6 (libsumo, fast mode)
[INFO] Episode duration: 900s (15 min)

[DEBUG] 🎯 Célzott Forgalom Generálása (R1C1_C) | Period: 7.72
Found 6 valid OD pairs for R1C1_C
Generating focused traffic: Period 7.7200s
[INFO] Subscriptions active: 6 (libsumo, fast mode)
[INFO] Episode duration: 2700s (45 min)

[DEBUG] 🎯 Célzott Forgalom Generálása (R1C1_C) | Period: 6.8092
Found 6 valid OD pairs for R1C1_C
Generating focused traffic: Period 6.8092s
[INFO] Subscriptions active: 6 (libsumo, fast mode)
[INFO] Episode duration: 900s (15 min)

[DEBUG] 🎯 Célzott Forgalom Generálása (R1C1_C) | Period: 5.1333
Found 6 valid OD pairs for R1C1_C
Generating focused traffic: Period 5.1333s
[INFO] Subscriptions active: 6 (libsumo, fast mode)
[INFO] Episode duration: 2700s (45 min)

[DEBUG] 🎯 Célzott Forgalom Generálása (R1C1_C) | Period: 6.3473
Found 6 valid OD pairs for R1C1_C
Generating focused traffic: Period 6.3473s
[INFO] Subscriptions active: 6 (libsumo, fast mode)
[INFO] Episode duration: 3600s (60 min)

[DEBUG] 🎯 Célzott Forgalom Generálása (R1C1_C) | Period: 7.4239
Found 6 valid OD pairs for R1C1_C
Generating focused traffic: Period 7.4239s
[INFO] Subscriptions active: 6 (libsumo, fast mode)
[INFO] Episode duration: 1800s (30 min)

[DEBUG] 🎯 Célzott Forgalom Generálása (R1C1_C) | Period: 5.8587
Found 6 valid OD pairs for R1C1_C
Generating focused traffic: Period 5.8587s
[INFO] Subscriptions active: 6 (libsumo, fast mode)
[INFO] Episode duration: 1800s (30 min)

[DEBUG] 🎯 Célzott Forgalom Generálása (R1C1_C) | Period: 4.7258
Found 6 valid OD pairs for R1C1_C
Generating focused traffic: Period 4.7258s
[INFO] Subscriptions active: 6 (libsumo, fast mode)
[INFO] Episode duration: 1800s (30 min)

[DEBUG] 🎯 Célzott Forgalom Generálása (R1C1_C) | Period: 6.5043
Found 6 valid OD pairs for R1C1_C
Generating focused traffic: Period 6.5043s
[INFO] Subscriptions active: 6 (libsumo, fast mode)
[INFO] Episode duration: 900s (15 min)

[DEBUG] 🎯 Célzott Forgalom Generálása (R1C1_C) | Period: 4.5532
Found 6 valid OD pairs for R1C1_C
Generating focused traffic: Period 4.5532s
[INFO] Subscriptions active: 6 (libsumo, fast mode)
[INFO] Episode duration: 3600s (60 min)

[DEBUG] 🎯 Célzott Forgalom Generálása (R1C1_C) | Period: 7.6264
Found 6 valid OD pairs for R1C1_C
Generating focused traffic: Period 7.6264s
[INFO] Subscriptions active: 6 (libsumo, fast mode)
[INFO] Episode duration: 2700s (45 min)

[DEBUG] 🎯 Célzott Forgalom Generálása (R1C1_C) | Period: 5.6289
Found 6 valid OD pairs for R1C1_C
Generating focused traffic: Period 5.6289s
[INFO] Subscriptions active: 6 (libsumo, fast mode)
[INFO] Episode duration: 1800s (30 min)

[DEBUG] 🎯 Célzott Forgalom Generálása (R1C1_C) | Period: 7.3041
Found 6 valid OD pairs for R1C1_C
Generating focused traffic: Period 7.3041s
[INFO] Subscriptions active: 6 (libsumo, fast mode)
[INFO] Episode duration: 3600s (60 min)

[DEBUG] 🎯 Célzott Forgalom Generálása (R1C1_C) | Period: 5.9781
Found 6 valid OD pairs for R1C1_C
Generating focused traffic: Period 5.9781s
[INFO] Subscriptions active: 6 (libsumo, fast mode)
[INFO] Episode duration: 900s (15 min)

[DEBUG] 🎯 Célzott Forgalom Generálása (R1C1_C) | Period: 4.71
Found 6 valid OD pairs for R1C1_C
Generating focused traffic: Period 4.7100s
[INFO] Subscriptions active: 6 (libsumo, fast mode)
[INFO] Episode duration: 900s (15 min)

[DEBUG] 🎯 Célzott Forgalom Generálása (R1C1_C) | Period: 6.7481
Found 6 valid OD pairs for R1C1_C
Generating focused traffic: Period 6.7481s
[INFO] Subscriptions active: 6 (libsumo, fast mode)
[INFO] Episode duration: 1800s (30 min)

[DEBUG] 🎯 Célzott Forgalom Generálása (R1C1_C) | Period: 7.3544
Found 6 valid OD pairs for R1C1_C
Generating focused traffic: Period 7.3544s
[INFO] Subscriptions active: 6 (libsumo, fast mode)
[INFO] Episode duration: 1800s (30 min)

[DEBUG] 🎯 Célzott Forgalom Generálása (R1C1_C) | Period: 5.7721
Found 6 valid OD pairs for R1C1_C
Generating focused traffic: Period 5.7721s
[INFO] Subscriptions active: 6 (libsumo, fast mode)
[INFO] Episode duration: 900s (15 min)

[DEBUG] 🎯 Célzott Forgalom Generálása (R1C1_C) | Period: 7.5121
Found 6 valid OD pairs for R1C1_C
Generating focused traffic: Period 7.5121s
[INFO] Subscriptions active: 6 (libsumo, fast mode)
[INFO] Episode duration: 900s (15 min)

[DEBUG] 🎯 Célzott Forgalom Generálása (R1C1_C) | Period: 6.5343
Found 6 valid OD pairs for R1C1_C
Generating focused traffic: Period 6.5343s
[INFO] Subscriptions active: 6 (libsumo, fast mode)
[INFO] Episode duration: 1800s (30 min)

[DEBUG] 🎯 Célzott Forgalom Generálása (R1C1_C) | Period: 6.3472
Found 6 valid OD pairs for R1C1_C
Generating focused traffic: Period 6.3472s
[INFO] Subscriptions active: 6 (libsumo, fast mode)
[INFO] Episode duration: 3600s (60 min)

[DEBUG] 🎯 Célzott Forgalom Generálása (R1C1_C) | Period: 4.1341
Found 6 valid OD pairs for R1C1_C
Generating focused traffic: Period 4.1341s
[INFO] Subscriptions active: 6 (libsumo, fast mode)
[INFO] Episode duration: 2700s (45 min)

[DEBUG] 🎯 Célzott Forgalom Generálása (R1C1_C) | Period: 5.6474
Found 6 valid OD pairs for R1C1_C
Generating focused traffic: Period 5.6474s
[INFO] Subscriptions active: 6 (libsumo, fast mode)
[INFO] Episode duration: 900s (15 min)

[DEBUG] 🎯 Célzott Forgalom Generálása (R1C1_C) | Period: 7.8582
Found 6 valid OD pairs for R1C1_C
Generating focused traffic: Period 7.8582s
[INFO] Subscriptions active: 6 (libsumo, fast mode)
[INFO] Episode duration: 2700s (45 min)

[DEBUG] 🎯 Célzott Forgalom Generálása (R1C1_C) | Period: 4.5893
Found 6 valid OD pairs for R1C1_C
Generating focused traffic: Period 4.5893s
[INFO] Subscriptions active: 6 (libsumo, fast mode)
[INFO] Episode duration: 3600s (60 min)

[DEBUG] 🎯 Célzott Forgalom Generálása (R1C1_C) | Period: 6.6832
Found 6 valid OD pairs for R1C1_C
Generating focused traffic: Period 6.6832s
[INFO] Subscriptions active: 6 (libsumo, fast mode)
[INFO] Episode duration: 1800s (30 min)

[DEBUG] 🎯 Célzott Forgalom Generálása (R1C1_C) | Period: 6.5575
Found 6 valid OD pairs for R1C1_C
Generating focused traffic: Period 6.5575s
[INFO] Subscriptions active: 6 (libsumo, fast mode)
[INFO] Episode duration: 1800s (30 min)

[DEBUG] 🎯 Célzott Forgalom Generálása (R1C1_C) | Period: 5.3747
Found 6 valid OD pairs for R1C1_C
Generating focused traffic: Period 5.3747s
[INFO] Subscriptions active: 6 (libsumo, fast mode)
[INFO] Episode duration: 1800s (30 min)

[DEBUG] 🎯 Célzott Forgalom Generálása (R1C1_C) | Period: 5.0413
Found 6 valid OD pairs for R1C1_C
Generating focused traffic: Period 5.0413s
[INFO] Subscriptions active: 6 (libsumo, fast mode)
[INFO] Episode duration: 900s (15 min)

[DEBUG] 🎯 Célzott Forgalom Generálása (R1C1_C) | Period: 6.8406
Found 6 valid OD pairs for R1C1_C
Generating focused traffic: Period 6.8406s
[INFO] Subscriptions active: 6 (libsumo, fast mode)
------------------------------------
| rollout/              |          |
|    ep_len_mean        | 421      |
|    ep_rew_mean        | 123      |
| time/                 |          |
|    fps                | 183      |
|    iterations         | 20       |
|    time_elapsed       | 223      |
|    total_timesteps    | 40960    |
| train/                |          |
|    entropy_loss       | -1.39    |
|    explained_variance | -0.00676 |
|    learning_rate      | 0.0001   |
|    n_updates          | 19       |
|    policy_loss        | 30.2     |
|    value_loss         | 530      |
------------------------------------
[INFO] Episode duration: 1800s (30 min)

[DEBUG] 🎯 Célzott Forgalom Generálása (R1C1_C) | Period: 6.6372
Found 6 valid OD pairs for R1C1_C
Generating focused traffic: Period 6.6372s
[INFO] Subscriptions active: 6 (libsumo, fast mode)
[INFO] Episode duration: 3600s (60 min)

[DEBUG] 🎯 Célzott Forgalom Generálása (R1C1_C) | Period: 5.1624
Found 6 valid OD pairs for R1C1_C
Generating focused traffic: Period 5.1624s
[INFO] Subscriptions active: 6 (libsumo, fast mode)
[INFO] Episode duration: 900s (15 min)

[DEBUG] 🎯 Célzott Forgalom Generálása (R1C1_C) | Period: 4.0218
Found 6 valid OD pairs for R1C1_C
Generating focused traffic: Period 4.0218s
[INFO] Subscriptions active: 6 (libsumo, fast mode)
[INFO] Episode duration: 2700s (45 min)

[DEBUG] 🎯 Célzott Forgalom Generálása (R1C1_C) | Period: 7.9813
Found 6 valid OD pairs for R1C1_C
Generating focused traffic: Period 7.9813s
[INFO] Subscriptions active: 6 (libsumo, fast mode)
[INFO] Episode duration: 900s (15 min)

[DEBUG] 🎯 Célzott Forgalom Generálása (R1C1_C) | Period: 6.7291
Found 6 valid OD pairs for R1C1_C
Generating focused traffic: Period 6.7291s
[INFO] Subscriptions active: 6 (libsumo, fast mode)
[INFO] Episode duration: 900s (15 min)

[DEBUG] 🎯 Célzott Forgalom Generálása (R1C1_C) | Period: 4.3958
Found 6 valid OD pairs for R1C1_C
Generating focused traffic: Period 4.3958s
[INFO] Subscriptions active: 6 (libsumo, fast mode)
[INFO] Episode duration: 2700s (45 min)

[DEBUG] 🎯 Célzott Forgalom Generálása (R1C1_C) | Period: 6.7305
Found 6 valid OD pairs for R1C1_C
Generating focused traffic: Period 6.7305s
[INFO] Subscriptions active: 6 (libsumo, fast mode)
[INFO] Episode duration: 900s (15 min)

[DEBUG] 🎯 Célzott Forgalom Generálása (R1C1_C) | Period: 7.2552
Found 6 valid OD pairs for R1C1_C
Generating focused traffic: Period 7.2552s
[INFO] Subscriptions active: 6 (libsumo, fast mode)
[INFO] Episode duration: 3600s (60 min)

[DEBUG] 🎯 Célzott Forgalom Generálása (R1C1_C) | Period: 5.2266
Found 6 valid OD pairs for R1C1_C
Generating focused traffic: Period 5.2266s
[INFO] Subscriptions active: 6 (libsumo, fast mode)
[INFO] Episode duration: 1800s (30 min)

[DEBUG] 🎯 Célzott Forgalom Generálása (R1C1_C) | Period: 7.5457
Found 6 valid OD pairs for R1C1_C
Generating focused traffic: Period 7.5457s
[INFO] Subscriptions active: 6 (libsumo, fast mode)
[INFO] Episode duration: 3600s (60 min)

[DEBUG] 🎯 Célzott Forgalom Generálása (R1C1_C) | Period: 4.3657
Found 6 valid OD pairs for R1C1_C
Generating focused traffic: Period 4.3657s
[INFO] Subscriptions active: 6 (libsumo, fast mode)
[INFO] Episode duration: 1800s (30 min)

[DEBUG] 🎯 Célzott Forgalom Generálása (R1C1_C) | Period: 6.8778
Found 6 valid OD pairs for R1C1_C
Generating focused traffic: Period 6.8778s
[INFO] Subscriptions active: 6 (libsumo, fast mode)
[INFO] Episode duration: 3600s (60 min)

[DEBUG] 🎯 Célzott Forgalom Generálása (R1C1_C) | Period: 6.3373
Found 6 valid OD pairs for R1C1_C
Generating focused traffic: Period 6.3373s
[INFO] Subscriptions active: 6 (libsumo, fast mode)
[INFO] Episode duration: 3600s (60 min)

[DEBUG] 🎯 Célzott Forgalom Generálása (R1C1_C) | Period: 4.3768
Found 6 valid OD pairs for R1C1_C
Generating focused traffic: Period 4.3768s
[INFO] Subscriptions active: 6 (libsumo, fast mode)
[INFO] Episode duration: 2700s (45 min)

[DEBUG] 🎯 Célzott Forgalom Generálása (R1C1_C) | Period: 4.4842
Found 6 valid OD pairs for R1C1_C
Generating focused traffic: Period 4.4842s
[INFO] Subscriptions active: 6 (libsumo, fast mode)
[INFO] Episode duration: 3600s (60 min)

[DEBUG] 🎯 Célzott Forgalom Generálása (R1C1_C) | Period: 4.2523
Found 6 valid OD pairs for R1C1_C
Generating focused traffic: Period 4.2523s
[INFO] Subscriptions active: 6 (libsumo, fast mode)
[INFO] Episode duration: 900s (15 min)

[DEBUG] 🎯 Célzott Forgalom Generálása (R1C1_C) | Period: 4.8066
Found 6 valid OD pairs for R1C1_C
Generating focused traffic: Period 4.8066s
[INFO] Subscriptions active: 6 (libsumo, fast mode)
[INFO] Episode duration: 2700s (45 min)

[DEBUG] 🎯 Célzott Forgalom Generálása (R1C1_C) | Period: 6.9292
Found 6 valid OD pairs for R1C1_C
Generating focused traffic: Period 6.9292s
[INFO] Subscriptions active: 6 (libsumo, fast mode)
[INFO] Episode duration: 1800s (30 min)

[DEBUG] 🎯 Célzott Forgalom Generálása (R1C1_C) | Period: 5.284
Found 6 valid OD pairs for R1C1_C
Generating focused traffic: Period 5.2840s
[INFO] Subscriptions active: 6 (libsumo, fast mode)
[INFO] Episode duration: 2700s (45 min)

[DEBUG] 🎯 Célzott Forgalom Generálása (R1C1_C) | Period: 5.272
Found 6 valid OD pairs for R1C1_C
Generating focused traffic: Period 5.2720s
[INFO] Subscriptions active: 6 (libsumo, fast mode)
[INFO] Episode duration: 1800s (30 min)

[DEBUG] 🎯 Célzott Forgalom Generálása (R1C1_C) | Period: 6.8244
Found 6 valid OD pairs for R1C1_C
Generating focused traffic: Period 6.8244s
[INFO] Subscriptions active: 6 (libsumo, fast mode)
[INFO] Episode duration: 2700s (45 min)

[DEBUG] 🎯 Célzott Forgalom Generálása (R1C1_C) | Period: 4.2585
Found 6 valid OD pairs for R1C1_C
Generating focused traffic: Period 4.2585s
[INFO] Subscriptions active: 6 (libsumo, fast mode)
[INFO] Episode duration: 900s (15 min)

[DEBUG] 🎯 Célzott Forgalom Generálása (R1C1_C) | Period: 7.9627
Found 6 valid OD pairs for R1C1_C
Generating focused traffic: Period 7.9627s
[INFO] Subscriptions active: 6 (libsumo, fast mode)
[INFO] Episode duration: 3600s (60 min)

[DEBUG] 🎯 Célzott Forgalom Generálása (R1C1_C) | Period: 5.7307
Found 6 valid OD pairs for R1C1_C
Generating focused traffic: Period 5.7307s
[INFO] Subscriptions active: 6 (libsumo, fast mode)
[INFO] Episode duration: 1800s (30 min)

[DEBUG] 🎯 Célzott Forgalom Generálása (R1C1_C) | Period: 5.062
Found 6 valid OD pairs for R1C1_C
Generating focused traffic: Period 5.0620s
[INFO] Subscriptions active: 6 (libsumo, fast mode)
[INFO] Episode duration: 2700s (45 min)

[DEBUG] 🎯 Célzott Forgalom Generálása (R1C1_C) | Period: 7.0547
Found 6 valid OD pairs for R1C1_C
Generating focused traffic: Period 7.0547s
[INFO] Subscriptions active: 6 (libsumo, fast mode)
[INFO] Episode duration: 1800s (30 min)

[DEBUG] 🎯 Célzott Forgalom Generálása (R1C1_C) | Period: 4.7838
Found 6 valid OD pairs for R1C1_C
Generating focused traffic: Period 4.7838s
[INFO] Subscriptions active: 6 (libsumo, fast mode)
[INFO] Episode duration: 900s (15 min)

[DEBUG] 🎯 Célzott Forgalom Generálása (R1C1_C) | Period: 5.419
Found 6 valid OD pairs for R1C1_C
Generating focused traffic: Period 5.4190s
[INFO] Subscriptions active: 6 (libsumo, fast mode)
[INFO] Episode duration: 2700s (45 min)

[DEBUG] 🎯 Célzott Forgalom Generálása (R1C1_C) | Period: 5.9816
Found 6 valid OD pairs for R1C1_C
Generating focused traffic: Period 5.9816s
[INFO] Subscriptions active: 6 (libsumo, fast mode)
[INFO] Episode duration: 900s (15 min)

[DEBUG] 🎯 Célzott Forgalom Generálása (R1C1_C) | Period: 6.3325
Found 6 valid OD pairs for R1C1_C
Generating focused traffic: Period 6.3325s
[INFO] Subscriptions active: 6 (libsumo, fast mode)
[INFO] Episode duration: 1800s (30 min)

[DEBUG] 🎯 Célzott Forgalom Generálása (R1C1_C) | Period: 4.6858
Found 6 valid OD pairs for R1C1_C
Generating focused traffic: Period 4.6858s
[INFO] Subscriptions active: 6 (libsumo, fast mode)
[INFO] Episode duration: 1800s (30 min)

[DEBUG] 🎯 Célzott Forgalom Generálása (R1C1_C) | Period: 4.7945
Found 6 valid OD pairs for R1C1_C
Generating focused traffic: Period 4.7945s
[INFO] Subscriptions active: 6 (libsumo, fast mode)
[INFO] Episode duration: 2700s (45 min)

[DEBUG] 🎯 Célzott Forgalom Generálása (R1C1_C) | Period: 6.315
Found 6 valid OD pairs for R1C1_C
Generating focused traffic: Period 6.3150s
[INFO] Subscriptions active: 6 (libsumo, fast mode)
[INFO] Episode duration: 3600s (60 min)

[DEBUG] 🎯 Célzott Forgalom Generálása (R1C1_C) | Period: 6.7486
Found 6 valid OD pairs for R1C1_C
Generating focused traffic: Period 6.7486s
[INFO] Subscriptions active: 6 (libsumo, fast mode)
[INFO] Episode duration: 2700s (45 min)

[DEBUG] 🎯 Célzott Forgalom Generálása (R1C1_C) | Period: 7.0359
Found 6 valid OD pairs for R1C1_C
Generating focused traffic: Period 7.0359s
[INFO] Subscriptions active: 6 (libsumo, fast mode)
[INFO] Episode duration: 3600s (60 min)

[DEBUG] 🎯 Célzott Forgalom Generálása (R1C1_C) | Period: 4.2242
Found 6 valid OD pairs for R1C1_C
Generating focused traffic: Period 4.2242s
[INFO] Subscriptions active: 6 (libsumo, fast mode)
[INFO] Episode duration: 1800s (30 min)

[DEBUG] 🎯 Célzott Forgalom Generálása (R1C1_C) | Period: 6.0647
Found 6 valid OD pairs for R1C1_C
Generating focused traffic: Period 6.0647s
[INFO] Subscriptions active: 6 (libsumo, fast mode)
[INFO] Episode duration: 3600s (60 min)

[DEBUG] 🎯 Célzott Forgalom Generálása (R1C1_C) | Period: 5.3193
Found 6 valid OD pairs for R1C1_C
Generating focused traffic: Period 5.3193s
[INFO] Subscriptions active: 6 (libsumo, fast mode)
[INFO] Episode duration: 900s (15 min)

[DEBUG] 🎯 Célzott Forgalom Generálása (R1C1_C) | Period: 6.9966
Found 6 valid OD pairs for R1C1_C
Generating focused traffic: Period 6.9966s
[INFO] Subscriptions active: 6 (libsumo, fast mode)
[INFO] Episode duration: 2700s (45 min)

[DEBUG] 🎯 Célzott Forgalom Generálása (R1C1_C) | Period: 4.8513
Found 6 valid OD pairs for R1C1_C
Generating focused traffic: Period 4.8513s
[INFO] Subscriptions active: 6 (libsumo, fast mode)
[INFO] Episode duration: 1800s (30 min)

[DEBUG] 🎯 Célzott Forgalom Generálása (R1C1_C) | Period: 4.0923
Found 6 valid OD pairs for R1C1_C
Generating focused traffic: Period 4.0923s
[INFO] Subscriptions active: 6 (libsumo, fast mode)
[INFO] Episode duration: 1800s (30 min)

[DEBUG] 🎯 Célzott Forgalom Generálása (R1C1_C) | Period: 7.6413
Found 6 valid OD pairs for R1C1_C
Generating focused traffic: Period 7.6413s
[INFO] Subscriptions active: 6 (libsumo, fast mode)
[INFO] Episode duration: 900s (15 min)

[DEBUG] 🎯 Célzott Forgalom Generálása (R1C1_C) | Period: 7.5192
Found 6 valid OD pairs for R1C1_C
Generating focused traffic: Period 7.5192s
[INFO] Subscriptions active: 6 (libsumo, fast mode)
[INFO] Episode duration: 1800s (30 min)

[DEBUG] 🎯 Célzott Forgalom Generálása (R1C1_C) | Period: 5.8498
Found 6 valid OD pairs for R1C1_C
Generating focused traffic: Period 5.8498s
[INFO] Subscriptions active: 6 (libsumo, fast mode)
[INFO] Episode duration: 1800s (30 min)

[DEBUG] 🎯 Célzott Forgalom Generálása (R1C1_C) | Period: 4.2161
Found 6 valid OD pairs for R1C1_C
Generating focused traffic: Period 4.2161s
[INFO] Subscriptions active: 6 (libsumo, fast mode)
[INFO] Episode duration: 3600s (60 min)

[DEBUG] 🎯 Célzott Forgalom Generálása (R1C1_C) | Period: 5.4026
Found 6 valid OD pairs for R1C1_C
Generating focused traffic: Period 5.4026s
[INFO] Subscriptions active: 6 (libsumo, fast mode)
------------------------------------
| rollout/              |          |
|    ep_len_mean        | 432      |
|    ep_rew_mean        | 127      |
| time/                 |          |
|    fps                | 184      |
|    iterations         | 30       |
|    time_elapsed       | 333      |
|    total_timesteps    | 61440    |
| train/                |          |
|    entropy_loss       | -1.39    |
|    explained_variance | -0.00571 |
|    learning_rate      | 0.0001   |
|    n_updates          | 29       |
|    policy_loss        | 30.2     |
|    value_loss         | 533      |
------------------------------------
[INFO] Episode duration: 1800s (30 min)

[DEBUG] 🎯 Célzott Forgalom Generálása (R1C1_C) | Period: 5.0452
Found 6 valid OD pairs for R1C1_C
Generating focused traffic: Period 5.0452s
[INFO] Subscriptions active: 6 (libsumo, fast mode)
[INFO] Episode duration: 3600s (60 min)

[DEBUG] 🎯 Célzott Forgalom Generálása (R1C1_C) | Period: 5.6632
Found 6 valid OD pairs for R1C1_C
Generating focused traffic: Period 5.6632s
[INFO] Subscriptions active: 6 (libsumo, fast mode)
[INFO] Episode duration: 2700s (45 min)

[DEBUG] 🎯 Célzott Forgalom Generálása (R1C1_C) | Period: 7.9072
Found 6 valid OD pairs for R1C1_C
Generating focused traffic: Period 7.9072s
[INFO] Subscriptions active: 6 (libsumo, fast mode)
[INFO] Episode duration: 900s (15 min)

[DEBUG] 🎯 Célzott Forgalom Generálása (R1C1_C) | Period: 6.035
Found 6 valid OD pairs for R1C1_C
Generating focused traffic: Period 6.0350s
[INFO] Subscriptions active: 6 (libsumo, fast mode)
[INFO] Episode duration: 2700s (45 min)

[DEBUG] 🎯 Célzott Forgalom Generálása (R1C1_C) | Period: 6.6639
Found 6 valid OD pairs for R1C1_C
Generating focused traffic: Period 6.6639s
[INFO] Subscriptions active: 6 (libsumo, fast mode)
[INFO] Episode duration: 2700s (45 min)

[DEBUG] 🎯 Célzott Forgalom Generálása (R1C1_C) | Period: 7.2394
Found 6 valid OD pairs for R1C1_C
Generating focused traffic: Period 7.2394s
[INFO] Subscriptions active: 6 (libsumo, fast mode)
[INFO] Episode duration: 2700s (45 min)

[DEBUG] 🎯 Célzott Forgalom Generálása (R1C1_C) | Period: 7.7211
Found 6 valid OD pairs for R1C1_C
Generating focused traffic: Period 7.7211s
[INFO] Subscriptions active: 6 (libsumo, fast mode)
[INFO] Episode duration: 900s (15 min)

[DEBUG] 🎯 Célzott Forgalom Generálása (R1C1_C) | Period: 6.0542
Found 6 valid OD pairs for R1C1_C
Generating focused traffic: Period 6.0542s
[INFO] Subscriptions active: 6 (libsumo, fast mode)
[INFO] Episode duration: 3600s (60 min)

[DEBUG] 🎯 Célzott Forgalom Generálása (R1C1_C) | Period: 5.1114
Found 6 valid OD pairs for R1C1_C
Generating focused traffic: Period 5.1114s
[INFO] Subscriptions active: 6 (libsumo, fast mode)
[INFO] Episode duration: 2700s (45 min)

[DEBUG] 🎯 Célzott Forgalom Generálása (R1C1_C) | Period: 4.2899
Found 6 valid OD pairs for R1C1_C
Generating focused traffic: Period 4.2899s
[INFO] Subscriptions active: 6 (libsumo, fast mode)
[INFO] Episode duration: 1800s (30 min)

[DEBUG] 🎯 Célzott Forgalom Generálása (R1C1_C) | Period: 5.9231
Found 6 valid OD pairs for R1C1_C
Generating focused traffic: Period 5.9231s
[INFO] Subscriptions active: 6 (libsumo, fast mode)
[INFO] Episode duration: 1800s (30 min)

[DEBUG] 🎯 Célzott Forgalom Generálása (R1C1_C) | Period: 4.2871
Found 6 valid OD pairs for R1C1_C
Generating focused traffic: Period 4.2871s
[INFO] Subscriptions active: 6 (libsumo, fast mode)
[INFO] Episode duration: 3600s (60 min)

[DEBUG] 🎯 Célzott Forgalom Generálása (R1C1_C) | Period: 6.9101
Found 6 valid OD pairs for R1C1_C
Generating focused traffic: Period 6.9101s
[INFO] Subscriptions active: 6 (libsumo, fast mode)
[INFO] Episode duration: 900s (15 min)

[DEBUG] 🎯 Célzott Forgalom Generálása (R1C1_C) | Period: 4.317
Found 6 valid OD pairs for R1C1_C
Generating focused traffic: Period 4.3170s
[INFO] Subscriptions active: 6 (libsumo, fast mode)
[INFO] Episode duration: 1800s (30 min)

[DEBUG] 🎯 Célzott Forgalom Generálása (R1C1_C) | Period: 7.8414
Found 6 valid OD pairs for R1C1_C
Generating focused traffic: Period 7.8414s
[INFO] Subscriptions active: 6 (libsumo, fast mode)
[INFO] Episode duration: 2700s (45 min)

[DEBUG] 🎯 Célzott Forgalom Generálása (R1C1_C) | Period: 4.7788
Found 6 valid OD pairs for R1C1_C
Generating focused traffic: Period 4.7788s
[INFO] Subscriptions active: 6 (libsumo, fast mode)
[INFO] Episode duration: 900s (15 min)

[DEBUG] 🎯 Célzott Forgalom Generálása (R1C1_C) | Period: 4.7322
Found 6 valid OD pairs for R1C1_C
Generating focused traffic: Period 4.7322s
[INFO] Subscriptions active: 6 (libsumo, fast mode)
[INFO] Episode duration: 900s (15 min)

[DEBUG] 🎯 Célzott Forgalom Generálása (R1C1_C) | Period: 6.919
Found 6 valid OD pairs for R1C1_C
Generating focused traffic: Period 6.9190s
[INFO] Subscriptions active: 6 (libsumo, fast mode)
[INFO] Episode duration: 900s (15 min)

[DEBUG] 🎯 Célzott Forgalom Generálása (R1C1_C) | Period: 4.5298
Found 6 valid OD pairs for R1C1_C
Generating focused traffic: Period 4.5298s
[INFO] Subscriptions active: 6 (libsumo, fast mode)
[INFO] Episode duration: 3600s (60 min)

[DEBUG] 🎯 Célzott Forgalom Generálása (R1C1_C) | Period: 6.7333
Found 6 valid OD pairs for R1C1_C
Generating focused traffic: Period 6.7333s
[INFO] Subscriptions active: 6 (libsumo, fast mode)
[INFO] Episode duration: 3600s (60 min)

[DEBUG] 🎯 Célzott Forgalom Generálása (R1C1_C) | Period: 7.1386
Found 6 valid OD pairs for R1C1_C
Generating focused traffic: Period 7.1386s
[INFO] Subscriptions active: 6 (libsumo, fast mode)
[INFO] Episode duration: 900s (15 min)

[DEBUG] 🎯 Célzott Forgalom Generálása (R1C1_C) | Period: 5.4412
Found 6 valid OD pairs for R1C1_C
Generating focused traffic: Period 5.4412s
[INFO] Subscriptions active: 6 (libsumo, fast mode)
[INFO] Episode duration: 900s (15 min)

[DEBUG] 🎯 Célzott Forgalom Generálása (R1C1_C) | Period: 7.4357
Found 6 valid OD pairs for R1C1_C
Generating focused traffic: Period 7.4357s
[INFO] Subscriptions active: 6 (libsumo, fast mode)
[INFO] Episode duration: 900s (15 min)

[DEBUG] 🎯 Célzott Forgalom Generálása (R1C1_C) | Period: 6.0684
Found 6 valid OD pairs for R1C1_C
Generating focused traffic: Period 6.0684s
[INFO] Subscriptions active: 6 (libsumo, fast mode)
[INFO] Episode duration: 3600s (60 min)

[DEBUG] 🎯 Célzott Forgalom Generálása (R1C1_C) | Period: 6.4681
Found 6 valid OD pairs for R1C1_C
Generating focused traffic: Period 6.4681s
[INFO] Subscriptions active: 6 (libsumo, fast mode)
[INFO] Episode duration: 900s (15 min)

[DEBUG] 🎯 Célzott Forgalom Generálása (R1C1_C) | Period: 4.9084
Found 6 valid OD pairs for R1C1_C
Generating focused traffic: Period 4.9084s
[INFO] Subscriptions active: 6 (libsumo, fast mode)
[INFO] Episode duration: 900s (15 min)

[DEBUG] 🎯 Célzott Forgalom Generálása (R1C1_C) | Period: 4.6342
Found 6 valid OD pairs for R1C1_C
Generating focused traffic: Period 4.6342s
[INFO] Subscriptions active: 6 (libsumo, fast mode)
[INFO] Episode duration: 2700s (45 min)

[DEBUG] 🎯 Célzott Forgalom Generálása (R1C1_C) | Period: 5.3794
Found 6 valid OD pairs for R1C1_C
Generating focused traffic: Period 5.3794s
[INFO] Subscriptions active: 6 (libsumo, fast mode)
[INFO] Episode duration: 900s (15 min)

[DEBUG] 🎯 Célzott Forgalom Generálása (R1C1_C) | Period: 7.4098
Found 6 valid OD pairs for R1C1_C
Generating focused traffic: Period 7.4098s
[INFO] Subscriptions active: 6 (libsumo, fast mode)
[INFO] Episode duration: 1800s (30 min)

[DEBUG] 🎯 Célzott Forgalom Generálása (R1C1_C) | Period: 5.402
Found 6 valid OD pairs for R1C1_C
Generating focused traffic: Period 5.4020s
[INFO] Subscriptions active: 6 (libsumo, fast mode)
[INFO] Episode duration: 900s (15 min)

[DEBUG] 🎯 Célzott Forgalom Generálása (R1C1_C) | Period: 7.3601
Found 6 valid OD pairs for R1C1_C
Generating focused traffic: Period 7.3601s
[INFO] Subscriptions active: 6 (libsumo, fast mode)
[INFO] Episode duration: 900s (15 min)

[DEBUG] 🎯 Célzott Forgalom Generálása (R1C1_C) | Period: 6.2216
Found 6 valid OD pairs for R1C1_C
Generating focused traffic: Period 6.2216s
[INFO] Subscriptions active: 6 (libsumo, fast mode)
[INFO] Episode duration: 3600s (60 min)

[DEBUG] 🎯 Célzott Forgalom Generálása (R1C1_C) | Period: 6.1049
Found 6 valid OD pairs for R1C1_C
Generating focused traffic: Period 6.1049s
[INFO] Subscriptions active: 6 (libsumo, fast mode)
[INFO] Episode duration: 3600s (60 min)

[DEBUG] 🎯 Célzott Forgalom Generálása (R1C1_C) | Period: 7.9932
Found 6 valid OD pairs for R1C1_C
Generating focused traffic: Period 7.9932s
[INFO] Subscriptions active: 6 (libsumo, fast mode)
[INFO] Episode duration: 2700s (45 min)

[DEBUG] 🎯 Célzott Forgalom Generálása (R1C1_C) | Period: 5.8745
Found 6 valid OD pairs for R1C1_C
Generating focused traffic: Period 5.8745s
[INFO] Subscriptions active: 6 (libsumo, fast mode)
[INFO] Episode duration: 900s (15 min)

[DEBUG] 🎯 Célzott Forgalom Generálása (R1C1_C) | Period: 7.9872
Found 6 valid OD pairs for R1C1_C
Generating focused traffic: Period 7.9872s
[INFO] Subscriptions active: 6 (libsumo, fast mode)
[INFO] Episode duration: 1800s (30 min)

[DEBUG] 🎯 Célzott Forgalom Generálása (R1C1_C) | Period: 4.0306
Found 6 valid OD pairs for R1C1_C
Generating focused traffic: Period 4.0306s
[INFO] Subscriptions active: 6 (libsumo, fast mode)
[INFO] Episode duration: 3600s (60 min)

[DEBUG] 🎯 Célzott Forgalom Generálása (R1C1_C) | Period: 7.9728
Found 6 valid OD pairs for R1C1_C
Generating focused traffic: Period 7.9728s
[INFO] Subscriptions active: 6 (libsumo, fast mode)
[INFO] Episode duration: 2700s (45 min)

[DEBUG] 🎯 Célzott Forgalom Generálása (R1C1_C) | Period: 7.1605
Found 6 valid OD pairs for R1C1_C
Generating focused traffic: Period 7.1605s
[INFO] Subscriptions active: 6 (libsumo, fast mode)
[INFO] Episode duration: 900s (15 min)

[DEBUG] 🎯 Célzott Forgalom Generálása (R1C1_C) | Period: 7.2461
Found 6 valid OD pairs for R1C1_C
Generating focused traffic: Period 7.2461s
[INFO] Subscriptions active: 6 (libsumo, fast mode)
[INFO] Episode duration: 2700s (45 min)

[DEBUG] 🎯 Célzott Forgalom Generálása (R1C1_C) | Period: 4.5802
Found 6 valid OD pairs for R1C1_C
Generating focused traffic: Period 4.5802s
[INFO] Subscriptions active: 6 (libsumo, fast mode)
[INFO] Episode duration: 1800s (30 min)

[DEBUG] 🎯 Célzott Forgalom Generálása (R1C1_C) | Period: 5.1475
Found 6 valid OD pairs for R1C1_C
Generating focused traffic: Period 5.1475s
[INFO] Subscriptions active: 6 (libsumo, fast mode)
[INFO] Episode duration: 2700s (45 min)

[DEBUG] 🎯 Célzott Forgalom Generálása (R1C1_C) | Period: 6.4637
Found 6 valid OD pairs for R1C1_C
Generating focused traffic: Period 6.4637s
[INFO] Subscriptions active: 6 (libsumo, fast mode)
[INFO] Episode duration: 1800s (30 min)

[DEBUG] 🎯 Célzott Forgalom Generálása (R1C1_C) | Period: 6.9936
Found 6 valid OD pairs for R1C1_C
Generating focused traffic: Period 6.9936s
[INFO] Subscriptions active: 6 (libsumo, fast mode)
[INFO] Episode duration: 900s (15 min)

[DEBUG] 🎯 Célzott Forgalom Generálása (R1C1_C) | Period: 5.7438
Found 6 valid OD pairs for R1C1_C
Generating focused traffic: Period 5.7438s
[INFO] Subscriptions active: 6 (libsumo, fast mode)
[INFO] Episode duration: 1800s (30 min)

[DEBUG] 🎯 Célzott Forgalom Generálása (R1C1_C) | Period: 4.7599
Found 6 valid OD pairs for R1C1_C
Generating focused traffic: Period 4.7599s
[INFO] Subscriptions active: 6 (libsumo, fast mode)
[INFO] Episode duration: 3600s (60 min)

[DEBUG] 🎯 Célzott Forgalom Generálása (R1C1_C) | Period: 4.4614
Found 6 valid OD pairs for R1C1_C
Generating focused traffic: Period 4.4614s
[INFO] Subscriptions active: 6 (libsumo, fast mode)
[INFO] Episode duration: 2700s (45 min)

[DEBUG] 🎯 Célzott Forgalom Generálása (R1C1_C) | Period: 7.017
Found 6 valid OD pairs for R1C1_C
Generating focused traffic: Period 7.0170s
[INFO] Subscriptions active: 6 (libsumo, fast mode)
[INFO] Episode duration: 1800s (30 min)

[DEBUG] 🎯 Célzott Forgalom Generálása (R1C1_C) | Period: 4.9732
Found 6 valid OD pairs for R1C1_C
Generating focused traffic: Period 4.9732s
[INFO] Subscriptions active: 6 (libsumo, fast mode)
------------------------------------
| rollout/              |          |
|    ep_len_mean        | 432      |
|    ep_rew_mean        | 126      |
| time/                 |          |
|    fps                | 179      |
|    iterations         | 40       |
|    time_elapsed       | 457      |
|    total_timesteps    | 81920    |
| train/                |          |
|    entropy_loss       | -1.39    |
|    explained_variance | -0.0172  |
|    learning_rate      | 0.0001   |
|    n_updates          | 39       |
|    policy_loss        | 28.2     |
|    value_loss         | 468      |
------------------------------------
[INFO] Episode duration: 1800s (30 min)

[DEBUG] 🎯 Célzott Forgalom Generálása (R1C1_C) | Period: 5.2578
Found 6 valid OD pairs for R1C1_C
Generating focused traffic: Period 5.2578s
[INFO] Subscriptions active: 6 (libsumo, fast mode)
[INFO] Episode duration: 1800s (30 min)

[DEBUG] 🎯 Célzott Forgalom Generálása (R1C1_C) | Period: 5.0967
Found 6 valid OD pairs for R1C1_C
Generating focused traffic: Period 5.0967s
[INFO] Subscriptions active: 6 (libsumo, fast mode)
[INFO] Episode duration: 1800s (30 min)

[DEBUG] 🎯 Célzott Forgalom Generálása (R1C1_C) | Period: 4.5477
Found 6 valid OD pairs for R1C1_C
Generating focused traffic: Period 4.5477s
[INFO] Subscriptions active: 6 (libsumo, fast mode)
[INFO] Episode duration: 3600s (60 min)

[DEBUG] 🎯 Célzott Forgalom Generálása (R1C1_C) | Period: 4.6515
Found 6 valid OD pairs for R1C1_C
Generating focused traffic: Period 4.6515s
[INFO] Subscriptions active: 6 (libsumo, fast mode)
[INFO] Episode duration: 1800s (30 min)

[DEBUG] 🎯 Célzott Forgalom Generálása (R1C1_C) | Period: 4.8974
Found 6 valid OD pairs for R1C1_C
Generating focused traffic: Period 4.8974s
[INFO] Subscriptions active: 6 (libsumo, fast mode)
[INFO] Episode duration: 900s (15 min)

[DEBUG] 🎯 Célzott Forgalom Generálása (R1C1_C) | Period: 4.74
Found 6 valid OD pairs for R1C1_C
Generating focused traffic: Period 4.7400s
[INFO] Subscriptions active: 6 (libsumo, fast mode)
[INFO] Episode duration: 1800s (30 min)

[DEBUG] 🎯 Célzott Forgalom Generálása (R1C1_C) | Period: 5.7298
Found 6 valid OD pairs for R1C1_C
Generating focused traffic: Period 5.7298s
[INFO] Subscriptions active: 6 (libsumo, fast mode)
[INFO] Episode duration: 2700s (45 min)

[DEBUG] 🎯 Célzott Forgalom Generálása (R1C1_C) | Period: 6.6936
Found 6 valid OD pairs for R1C1_C
Generating focused traffic: Period 6.6936s
[INFO] Subscriptions active: 6 (libsumo, fast mode)
[INFO] Episode duration: 1800s (30 min)

[DEBUG] 🎯 Célzott Forgalom Generálása (R1C1_C) | Period: 6.8522
Found 6 valid OD pairs for R1C1_C
Generating focused traffic: Period 6.8522s
[INFO] Subscriptions active: 6 (libsumo, fast mode)
[INFO] Episode duration: 1800s (30 min)

[DEBUG] 🎯 Célzott Forgalom Generálása (R1C1_C) | Period: 5.0991
Found 6 valid OD pairs for R1C1_C
Generating focused traffic: Period 5.0991s
[INFO] Subscriptions active: 6 (libsumo, fast mode)
[INFO] Episode duration: 900s (15 min)

[DEBUG] 🎯 Célzott Forgalom Generálása (R1C1_C) | Period: 6.0415
Found 6 valid OD pairs for R1C1_C
Generating focused traffic: Period 6.0415s
[INFO] Subscriptions active: 6 (libsumo, fast mode)
[INFO] Episode duration: 3600s (60 min)

[DEBUG] 🎯 Célzott Forgalom Generálása (R1C1_C) | Period: 7.0155
Found 6 valid OD pairs for R1C1_C
Generating focused traffic: Period 7.0155s
[INFO] Subscriptions active: 6 (libsumo, fast mode)
[INFO] Episode duration: 3600s (60 min)

[DEBUG] 🎯 Célzott Forgalom Generálása (R1C1_C) | Period: 7.4875
Found 6 valid OD pairs for R1C1_C
Generating focused traffic: Period 7.4875s
[INFO] Subscriptions active: 6 (libsumo, fast mode)
[INFO] Episode duration: 3600s (60 min)

[DEBUG] 🎯 Célzott Forgalom Generálása (R1C1_C) | Period: 4.8304
Found 6 valid OD pairs for R1C1_C
Generating focused traffic: Period 4.8304s
[INFO] Subscriptions active: 6 (libsumo, fast mode)
[INFO] Episode duration: 1800s (30 min)

[DEBUG] 🎯 Célzott Forgalom Generálása (R1C1_C) | Period: 7.5356
Found 6 valid OD pairs for R1C1_C
Generating focused traffic: Period 7.5356s
[INFO] Subscriptions active: 6 (libsumo, fast mode)
[INFO] Episode duration: 2700s (45 min)

[DEBUG] 🎯 Célzott Forgalom Generálása (R1C1_C) | Period: 6.4415
Found 6 valid OD pairs for R1C1_C
Generating focused traffic: Period 6.4415s
[INFO] Subscriptions active: 6 (libsumo, fast mode)
[INFO] Episode duration: 1800s (30 min)

[DEBUG] 🎯 Célzott Forgalom Generálása (R1C1_C) | Period: 6.6604
Found 6 valid OD pairs for R1C1_C
Generating focused traffic: Period 6.6604s
[INFO] Subscriptions active: 6 (libsumo, fast mode)
[INFO] Episode duration: 2700s (45 min)

[DEBUG] 🎯 Célzott Forgalom Generálása (R1C1_C) | Period: 7.6903
Found 6 valid OD pairs for R1C1_C
Generating focused traffic: Period 7.6903s
[INFO] Subscriptions active: 6 (libsumo, fast mode)
[INFO] Episode duration: 900s (15 min)

[DEBUG] 🎯 Célzott Forgalom Generálása (R1C1_C) | Period: 4.649
Found 6 valid OD pairs for R1C1_C
Generating focused traffic: Period 4.6490s
[INFO] Subscriptions active: 6 (libsumo, fast mode)
[INFO] Episode duration: 1800s (30 min)

[DEBUG] 🎯 Célzott Forgalom Generálása (R1C1_C) | Period: 6.0352
Found 6 valid OD pairs for R1C1_C
Generating focused traffic: Period 6.0352s
[INFO] Subscriptions active: 6 (libsumo, fast mode)
[INFO] Episode duration: 3600s (60 min)

[DEBUG] 🎯 Célzott Forgalom Generálása (R1C1_C) | Period: 6.1618
Found 6 valid OD pairs for R1C1_C
Generating focused traffic: Period 6.1618s
[INFO] Subscriptions active: 6 (libsumo, fast mode)
[INFO] Episode duration: 3600s (60 min)

[DEBUG] 🎯 Célzott Forgalom Generálása (R1C1_C) | Period: 5.3575
Found 6 valid OD pairs for R1C1_C
Generating focused traffic: Period 5.3575s
[INFO] Subscriptions active: 6 (libsumo, fast mode)
[INFO] Episode duration: 1800s (30 min)

[DEBUG] 🎯 Célzott Forgalom Generálása (R1C1_C) | Period: 5.6054
Found 6 valid OD pairs for R1C1_C
Generating focused traffic: Period 5.6054s
[INFO] Subscriptions active: 6 (libsumo, fast mode)
[INFO] Episode duration: 3600s (60 min)

[DEBUG] 🎯 Célzott Forgalom Generálása (R1C1_C) | Period: 6.21
Found 6 valid OD pairs for R1C1_C
Generating focused traffic: Period 6.2100s
[INFO] Subscriptions active: 6 (libsumo, fast mode)
[INFO] Episode duration: 900s (15 min)

[DEBUG] 🎯 Célzott Forgalom Generálása (R1C1_C) | Period: 5.5697
Found 6 valid OD pairs for R1C1_C
Generating focused traffic: Period 5.5697s
[INFO] Subscriptions active: 6 (libsumo, fast mode)
[INFO] Episode duration: 3600s (60 min)

[DEBUG] 🎯 Célzott Forgalom Generálása (R1C1_C) | Period: 4.4433
Found 6 valid OD pairs for R1C1_C
Generating focused traffic: Period 4.4433s
[INFO] Subscriptions active: 6 (libsumo, fast mode)
[INFO] Episode duration: 1800s (30 min)

[DEBUG] 🎯 Célzott Forgalom Generálása (R1C1_C) | Period: 7.8048
Found 6 valid OD pairs for R1C1_C
Generating focused traffic: Period 7.8048s
[INFO] Subscriptions active: 6 (libsumo, fast mode)
[INFO] Episode duration: 900s (15 min)

[DEBUG] 🎯 Célzott Forgalom Generálása (R1C1_C) | Period: 7.1986
Found 6 valid OD pairs for R1C1_C
Generating focused traffic: Period 7.1986s
[INFO] Subscriptions active: 6 (libsumo, fast mode)
[INFO] Episode duration: 2700s (45 min)

[DEBUG] 🎯 Célzott Forgalom Generálása (R1C1_C) | Period: 7.9343
Found 6 valid OD pairs for R1C1_C
Generating focused traffic: Period 7.9343s
[INFO] Subscriptions active: 6 (libsumo, fast mode)
[INFO] Episode duration: 3600s (60 min)

[DEBUG] 🎯 Célzott Forgalom Generálása (R1C1_C) | Period: 6.7466
Found 6 valid OD pairs for R1C1_C
Generating focused traffic: Period 6.7466s
[INFO] Subscriptions active: 6 (libsumo, fast mode)
[INFO] Episode duration: 900s (15 min)

[DEBUG] 🎯 Célzott Forgalom Generálása (R1C1_C) | Period: 4.5016
Found 6 valid OD pairs for R1C1_C
Generating focused traffic: Period 4.5016s
[INFO] Subscriptions active: 6 (libsumo, fast mode)
[INFO] Episode duration: 900s (15 min)

[DEBUG] 🎯 Célzott Forgalom Generálása (R1C1_C) | Period: 5.4983
Found 6 valid OD pairs for R1C1_C
Generating focused traffic: Period 5.4983s
[INFO] Subscriptions active: 6 (libsumo, fast mode)
[INFO] Episode duration: 2700s (45 min)

[DEBUG] 🎯 Célzott Forgalom Generálása (R1C1_C) | Period: 5.7315
Found 6 valid OD pairs for R1C1_C
Generating focused traffic: Period 5.7315s
[INFO] Subscriptions active: 6 (libsumo, fast mode)
[INFO] Episode duration: 1800s (30 min)

[DEBUG] 🎯 Célzott Forgalom Generálása (R1C1_C) | Period: 4.17
Found 6 valid OD pairs for R1C1_C
Generating focused traffic: Period 4.1700s
[INFO] Subscriptions active: 6 (libsumo, fast mode)
[INFO] Episode duration: 900s (15 min)
wandb: WARNING Symlinked 1 file into the W&B run directory; call wandb.save again to sync new files.
/Users/wagnertamas/Documents/Munka/cikkek/AI_agens_konyvtar/support/intergreen_matrix_calculator/rl_trainer.py:857: UserWarning: Exporting a model while it is in training mode. Please ensure that this is intended, as it may lead to different behavior during inference. Calling model.eval() before export is recommended.
  torch.onnx.export(
/Users/wagnertamas/Documents/Munka/cikkek/AI_agens_konyvtar/support/intergreen_matrix_calculator/rl_trainer.py:857: UserWarning: # 'dynamic_axes' is not recommended when dynamo=True, and may lead to 'torch._dynamo.exc.UserError: Constraints violated.' Supply the 'dynamic_shapes' argument instead if export is unsuccessful.
  torch.onnx.export(
wandb: updating run metadata
wandb: uploading pytorch_models/R1C1_C.zip; uploading output.log; uploading wandb-summary.json
wandb: uploading output.log
wandb: 
wandb: Run history:
wandb:  R1C1_C/action_pct/phase_0 ▅▅▄▅▂▂▄▆▆▆▅▂▂▂▆▄▅▄▅▅▆▄▃▅▄▆▆▅▃▁▆█▂▂▃▃▆▁▆▄
wandb:  R1C1_C/action_pct/phase_1 ▇▃▆▅▆▁▇▆▄▂▅▅▇▆▅▅▆▆▅▃▂▄▄▃▆▃▆▅▆█▅▃▅▃▆▅▅▆▁█
wandb:  R1C1_C/action_pct/phase_2 ▂▄▄▅▅▅▂▂▄▆▄▃▄▅▃▅▂▅▅▅▃▆▃▄▅▆▄▄▅▅▆▃▆█▄▅▂▄▆▁
wandb:  R1C1_C/action_pct/phase_3 ▄▄▃▂▄█▅▄▃▃▃▆▄▅▃▄▅▃▃▄▅▃▆▅▂▂▂▃▄▄▁▃▄▃▄▃▄▅▄▅
wandb:  R1C1_C/train/entropy_loss ▁▄▄▄▃▄▄▄▄▃▃▂▂▂▂▂▂▂▂▂▃▃▃▃▃▄▃▃▄▄▆▆▆▆▆▆▆▆█▇
wandb: R1C1_C/train/learning_rate ▁▁▁▁▁▁▁▁▁▁▁▁▁▁▁▁▁▁▁▁▁▁▁▁▁▁▁▁▁▁▁▁▁▁▁▁▁▁▁▁
wandb:    R1C1_C/train/value_loss ███▇▇▁▁▇▇▆▆▆▇▅▇▆▅▄▄▅▇▇▇▅▅▃▃▃▃▅▅▄▇▆▆██▇▆▇
wandb:                 avg_reward ▆▇▅▄▅▃▆▃▂▃▅▄▇▂▂▅▄█▁▆▆▆▃▄▂▆▅▄▅▂▄█▂▇▄▃▃▄▄▂
wandb:                    episode ▁▁▁▁▁▂▂▂▂▂▂▂▂▃▃▃▃▃▃▃▄▄▄▄▅▅▅▆▆▆▆▆▆▆▇▇▇███
wandb:         episode/avg_reward ▂▃▂▇▅▆█▅▆▃▁▁▁▆▆▇▁▅▂▄▄▆▄▂▂▆▄▁▄▃▅▃▂▅▅▂▅▃▃▅
wandb:                         +7 ...
wandb: 
wandb: Run summary:
wandb:  R1C1_C/action_pct/phase_0 20.83333
wandb:  R1C1_C/action_pct/phase_1 28.05556
wandb:  R1C1_C/action_pct/phase_2 24.72222
wandb:  R1C1_C/action_pct/phase_3 26.38889
wandb:  R1C1_C/train/entropy_loss -1.38609
wandb: R1C1_C/train/learning_rate 0.0001
wandb:    R1C1_C/train/value_loss 434.72827
wandb:                 avg_reward 0.36391
wandb:                    episode 234
wandb:         episode/avg_reward 0.27955
wandb:                         +7 ...
wandb: 
wandb: 🚀 View run a2c_speed_throughput_1x32_3_R1C1_C at: https://wandb.ai/wagnertamas-budapesti-m-szaki-s-gazdas-gtudom-nyi-egyetem/sumo-rl-stat/runs/dlmwmbmj
wandb: ⭐️ View project at: https://wandb.ai/wagnertamas-budapesti-m-szaki-s-gazdas-gtudom-nyi-egyetem/sumo-rl-stat
wandb: Synced 5 W&B file(s), 0 media file(s), 0 artifact file(s) and 1 other file(s)
wandb: Find logs at: ./wandb/run-20260322_011028-dlmwmbmj/logs

[DEBUG] 🎯 Célzott Forgalom Generálása (R1C1_C) | Period: 4.347
Found 6 valid OD pairs for R1C1_C
Generating focused traffic: Period 4.3470s
[INFO] Subscriptions active: 6 (libsumo, fast mode)
[INFO] Episode duration: 900s (15 min)

[DEBUG] 🎯 Célzott Forgalom Generálása (R1C1_C) | Period: 5.4153
Found 6 valid OD pairs for R1C1_C
Generating focused traffic: Period 5.4153s
[INFO] Subscriptions active: 6 (libsumo, fast mode)
[INFO] Episode duration: 1800s (30 min)

[DEBUG] 🎯 Célzott Forgalom Generálása (R1C1_C) | Period: 5.3287
Found 6 valid OD pairs for R1C1_C
Generating focused traffic: Period 5.3287s
[INFO] Subscriptions active: 6 (libsumo, fast mode)
[INFO] Episode duration: 2700s (45 min)

[DEBUG] 🎯 Célzott Forgalom Generálása (R1C1_C) | Period: 5.8894
Found 6 valid OD pairs for R1C1_C
Generating focused traffic: Period 5.8894s
[INFO] Subscriptions active: 6 (libsumo, fast mode)
[INFO] Episode duration: 900s (15 min)

[DEBUG] 🎯 Célzott Forgalom Generálása (R1C1_C) | Period: 6.9172
Found 6 valid OD pairs for R1C1_C
Generating focused traffic: Period 6.9172s
[INFO] Subscriptions active: 6 (libsumo, fast mode)
[INFO] Episode duration: 3600s (60 min)

[DEBUG] 🎯 Célzott Forgalom Generálása (R1C1_C) | Period: 4.6323
Found 6 valid OD pairs for R1C1_C
Generating focused traffic: Period 4.6323s
[INFO] Subscriptions active: 6 (libsumo, fast mode)
[INFO] Episode duration: 2700s (45 min)

[DEBUG] 🎯 Célzott Forgalom Generálása (R1C1_C) | Period: 4.2458
Found 6 valid OD pairs for R1C1_C
Generating focused traffic: Period 4.2458s
[INFO] Subscriptions active: 6 (libsumo, fast mode)
[INFO] Episode duration: 3600s (60 min)

[DEBUG] 🎯 Célzott Forgalom Generálása (R1C1_C) | Period: 7.9431
Found 6 valid OD pairs for R1C1_C
Generating focused traffic: Period 7.9431s
[INFO] Subscriptions active: 6 (libsumo, fast mode)
On-policy training completed.
Closing environment and EXPORTING models...
Saving PyTorch ZIP models to /Users/wagnertamas/Documents/Munka/cikkek/AI_agens_konyvtar/support/intergreen_matrix_calculator/data/runs/pytorch_models...
Saved PyTorch R1C1_C to /Users/wagnertamas/Documents/Munka/cikkek/AI_agens_konyvtar/support/intergreen_matrix_calculator/data/runs/pytorch_models/R1C1_C.zip
Exporting ONNX models to /Users/wagnertamas/Documents/Munka/cikkek/AI_agens_konyvtar/support/intergreen_matrix_calculator/data/runs/onnx_models...
Failed to export R1C1_C: # Failed to convert 'dynamic_axes' to 'dynamic_shapes'. Please provide 'dynamic_shapes' directly. Refer to the documentation for 'torch.export.export' for more information on dynamic shapes.
Cleanup done.
