wandb: [wandb.login()] Loaded credentials for https://api.wandb.ai from /Users/wagnertamas/.netrc.
wandb: Currently logged in as: wagnertamas (wagnertamas-budapesti-m-szaki-s-gazdas-gtudom-nyi-egyetem) to https://api.wandb.ai. Use `wandb login --relogin` to force relogin
wandb: setting up run kn6okdm5
wandb: Tracking run with wandb version 0.25.0
wandb: Run data is saved locally in /Users/wagnertamas/Documents/Munka/cikkek/AI_agens_konyvtar/support/intergreen_matrix_calculator/wandb/run-20260322_020141-kn6okdm5
wandb: Run `wandb offline` to turn off syncing.
wandb: Syncing run a2c_halt_ratio_1x128_3_R1C1_C
wandb: ⭐️ View project at https://wandb.ai/wagnertamas-budapesti-m-szaki-s-gazdas-gtudom-nyi-egyetem/sumo-rl-stat
wandb: 🚀 View run at https://wandb.ai/wagnertamas-budapesti-m-szaki-s-gazdas-gtudom-nyi-egyetem/sumo-rl-stat/runs/kn6okdm5
[INFO] Config: training_config.yaml
[INFO] Net: /Users/wagnertamas/Documents/Munka/cikkek/AI_agens_konyvtar/support/intergreen_matrix_calculator/data/mega_catalogue_v2.net.xml
[INFO] Timesteps: 100000 | Project: sumo-rl-stat
[INFO] Junction: R1C1_C
[INFO] Algorithm: a2c | Reward: halt_ratio
[INFO] Load model: None (fresh)
[INFO] Traffic: random target+spread (epizódonként)
Initializing Environment (algorithm=a2c, reward=halt_ratio)...
[INFO] Algorithm: a2c (on_policy)
[INFO] Reward mode: halt_ratio
WandB config applied (Sweep compatible).
[INFO] Junction reward params auto-loaded from /Users/wagnertamas/Documents/Munka/cikkek/AI_agens_konyvtar/support/intergreen_matrix_calculator/data/junction_reward_params.json
[INFO] Using 'libsumo' (fast headless mode, OS=darwin).
Starting SUMO...
[INFO] Episode duration: 2700s (45 min)

[DEBUG] 🎯 Célzott Forgalom Generálása (R1C1_C) | Period: 5.9598
Found 6 valid OD pairs for R1C1_C
Generating focused traffic: Period 5.9598s
[INFO] Network mapped: 1 agents, 3 detectors, 3 lanes
[INFO] Subscriptions active: 6 (libsumo, fast mode)
Agents discovered: ['R1C1_C']
[INFO] RL device: mps
[INFO] On-policy training: a2c → R1C1_C
Using mps device
Wrapping the env with a `Monitor` wrapper
Wrapping the env in a DummyVecEnv.
Starting on-policy training: 100000 timesteps...
[INFO] Episode duration: 900s (15 min)

[DEBUG] 🎯 Célzott Forgalom Generálása (R1C1_C) | Period: 4.1589
Found 6 valid OD pairs for R1C1_C
Generating focused traffic: Period 4.1589s
[INFO] Subscriptions active: 6 (libsumo, fast mode)
Logging to /Users/wagnertamas/Documents/Munka/cikkek/AI_agens_konyvtar/support/intergreen_matrix_calculator/data/runs/sumo-rl-stat/R1C1_C/A2C_61
[INFO] Episode duration: 3600s (60 min)

[DEBUG] 🎯 Célzott Forgalom Generálása (R1C1_C) | Period: 6.698
Found 6 valid OD pairs for R1C1_C
Generating focused traffic: Period 6.6980s
[INFO] Subscriptions active: 6 (libsumo, fast mode)
[INFO] Episode duration: 900s (15 min)

[DEBUG] 🎯 Célzott Forgalom Generálása (R1C1_C) | Period: 4.5453
Found 6 valid OD pairs for R1C1_C
Generating focused traffic: Period 4.5453s
[INFO] Subscriptions active: 6 (libsumo, fast mode)
[INFO] Episode duration: 3600s (60 min)

[DEBUG] 🎯 Célzott Forgalom Generálása (R1C1_C) | Period: 4.4352
Found 6 valid OD pairs for R1C1_C
Generating focused traffic: Period 4.4352s
[INFO] Subscriptions active: 6 (libsumo, fast mode)
[INFO] Episode duration: 3600s (60 min)

[DEBUG] 🎯 Célzott Forgalom Generálása (R1C1_C) | Period: 5.842
Found 6 valid OD pairs for R1C1_C
Generating focused traffic: Period 5.8420s
[INFO] Subscriptions active: 6 (libsumo, fast mode)
[INFO] Episode duration: 1800s (30 min)

[DEBUG] 🎯 Célzott Forgalom Generálása (R1C1_C) | Period: 4.1859
Found 6 valid OD pairs for R1C1_C
Generating focused traffic: Period 4.1859s
[INFO] Subscriptions active: 6 (libsumo, fast mode)
[INFO] Episode duration: 2700s (45 min)

[DEBUG] 🎯 Célzott Forgalom Generálása (R1C1_C) | Period: 4.6849
Found 6 valid OD pairs for R1C1_C
Generating focused traffic: Period 4.6849s
[INFO] Subscriptions active: 6 (libsumo, fast mode)
[INFO] Episode duration: 1800s (30 min)

[DEBUG] 🎯 Célzott Forgalom Generálása (R1C1_C) | Period: 4.713
Found 6 valid OD pairs for R1C1_C
Generating focused traffic: Period 4.7130s
[INFO] Subscriptions active: 6 (libsumo, fast mode)
[INFO] Episode duration: 3600s (60 min)

[DEBUG] 🎯 Célzott Forgalom Generálása (R1C1_C) | Period: 7.7413
Found 6 valid OD pairs for R1C1_C
Generating focused traffic: Period 7.7413s
[INFO] Subscriptions active: 6 (libsumo, fast mode)
[INFO] Episode duration: 1800s (30 min)

[DEBUG] 🎯 Célzott Forgalom Generálása (R1C1_C) | Period: 6.7615
Found 6 valid OD pairs for R1C1_C
Generating focused traffic: Period 6.7615s
[INFO] Subscriptions active: 6 (libsumo, fast mode)
[INFO] Episode duration: 3600s (60 min)

[DEBUG] 🎯 Célzott Forgalom Generálása (R1C1_C) | Period: 6.2704
Found 6 valid OD pairs for R1C1_C
Generating focused traffic: Period 6.2704s
[INFO] Subscriptions active: 6 (libsumo, fast mode)
[INFO] Episode duration: 1800s (30 min)

[DEBUG] 🎯 Célzott Forgalom Generálása (R1C1_C) | Period: 4.0743
Found 6 valid OD pairs for R1C1_C
Generating focused traffic: Period 4.0743s
[INFO] Subscriptions active: 6 (libsumo, fast mode)
[INFO] Episode duration: 900s (15 min)

[DEBUG] 🎯 Célzott Forgalom Generálása (R1C1_C) | Period: 6.4963
Found 6 valid OD pairs for R1C1_C
Generating focused traffic: Period 6.4963s
[INFO] Subscriptions active: 6 (libsumo, fast mode)
[INFO] Episode duration: 1800s (30 min)

[DEBUG] 🎯 Célzott Forgalom Generálása (R1C1_C) | Period: 4.7707
Found 6 valid OD pairs for R1C1_C
Generating focused traffic: Period 4.7707s
[INFO] Subscriptions active: 6 (libsumo, fast mode)
[INFO] Episode duration: 3600s (60 min)

[DEBUG] 🎯 Célzott Forgalom Generálása (R1C1_C) | Period: 4.0907
Found 6 valid OD pairs for R1C1_C
Generating focused traffic: Period 4.0907s
[INFO] Subscriptions active: 6 (libsumo, fast mode)
[INFO] Episode duration: 2700s (45 min)

[DEBUG] 🎯 Célzott Forgalom Generálása (R1C1_C) | Period: 7.8891
Found 6 valid OD pairs for R1C1_C
Generating focused traffic: Period 7.8891s
[INFO] Subscriptions active: 6 (libsumo, fast mode)
[INFO] Episode duration: 1800s (30 min)

[DEBUG] 🎯 Célzott Forgalom Generálása (R1C1_C) | Period: 4.131
Found 6 valid OD pairs for R1C1_C
Generating focused traffic: Period 4.1310s
[INFO] Subscriptions active: 6 (libsumo, fast mode)
[INFO] Episode duration: 3600s (60 min)

[DEBUG] 🎯 Célzott Forgalom Generálása (R1C1_C) | Period: 4.5731
Found 6 valid OD pairs for R1C1_C
Generating focused traffic: Period 4.5731s
[INFO] Subscriptions active: 6 (libsumo, fast mode)
[INFO] Episode duration: 900s (15 min)

[DEBUG] 🎯 Célzott Forgalom Generálása (R1C1_C) | Period: 7.7692
Found 6 valid OD pairs for R1C1_C
Generating focused traffic: Period 7.7692s
[INFO] Subscriptions active: 6 (libsumo, fast mode)
[INFO] Episode duration: 2700s (45 min)

[DEBUG] 🎯 Célzott Forgalom Generálása (R1C1_C) | Period: 4.1865
Found 6 valid OD pairs for R1C1_C
Generating focused traffic: Period 4.1865s
[INFO] Subscriptions active: 6 (libsumo, fast mode)
[INFO] Episode duration: 3600s (60 min)

[DEBUG] 🎯 Célzott Forgalom Generálása (R1C1_C) | Period: 5.8296
Found 6 valid OD pairs for R1C1_C
Generating focused traffic: Period 5.8296s
[INFO] Subscriptions active: 6 (libsumo, fast mode)
[INFO] Episode duration: 1800s (30 min)

[DEBUG] 🎯 Célzott Forgalom Generálása (R1C1_C) | Period: 7.5746
Found 6 valid OD pairs for R1C1_C
Generating focused traffic: Period 7.5746s
[INFO] Subscriptions active: 6 (libsumo, fast mode)
[INFO] Episode duration: 3600s (60 min)

[DEBUG] 🎯 Célzott Forgalom Generálása (R1C1_C) | Period: 4.7618
Found 6 valid OD pairs for R1C1_C
Generating focused traffic: Period 4.7618s
[INFO] Subscriptions active: 6 (libsumo, fast mode)
[INFO] Episode duration: 900s (15 min)

[DEBUG] 🎯 Célzott Forgalom Generálása (R1C1_C) | Period: 4.3816
Found 6 valid OD pairs for R1C1_C
Generating focused traffic: Period 4.3816s
[INFO] Subscriptions active: 6 (libsumo, fast mode)
[INFO] Episode duration: 2700s (45 min)

[DEBUG] 🎯 Célzott Forgalom Generálása (R1C1_C) | Period: 5.7436
Found 6 valid OD pairs for R1C1_C
Generating focused traffic: Period 5.7436s
[INFO] Subscriptions active: 6 (libsumo, fast mode)
[INFO] Episode duration: 3600s (60 min)

[DEBUG] 🎯 Célzott Forgalom Generálása (R1C1_C) | Period: 6.2921
Found 6 valid OD pairs for R1C1_C
Generating focused traffic: Period 6.2921s
[INFO] Subscriptions active: 6 (libsumo, fast mode)
[INFO] Episode duration: 1800s (30 min)

[DEBUG] 🎯 Célzott Forgalom Generálása (R1C1_C) | Period: 5.0783
Found 6 valid OD pairs for R1C1_C
Generating focused traffic: Period 5.0783s
[INFO] Subscriptions active: 6 (libsumo, fast mode)
[INFO] Episode duration: 1800s (30 min)

[DEBUG] 🎯 Célzott Forgalom Generálása (R1C1_C) | Period: 5.3588
Found 6 valid OD pairs for R1C1_C
Generating focused traffic: Period 5.3588s
[INFO] Subscriptions active: 6 (libsumo, fast mode)
[INFO] Episode duration: 900s (15 min)

[DEBUG] 🎯 Célzott Forgalom Generálása (R1C1_C) | Period: 5.7337
Found 6 valid OD pairs for R1C1_C
Generating focused traffic: Period 5.7337s
[INFO] Subscriptions active: 6 (libsumo, fast mode)
[INFO] Episode duration: 900s (15 min)

[DEBUG] 🎯 Célzott Forgalom Generálása (R1C1_C) | Period: 7.7049
Found 6 valid OD pairs for R1C1_C
Generating focused traffic: Period 7.7049s
[INFO] Subscriptions active: 6 (libsumo, fast mode)
[INFO] Episode duration: 900s (15 min)

[DEBUG] 🎯 Célzott Forgalom Generálása (R1C1_C) | Period: 4.0219
Found 6 valid OD pairs for R1C1_C
Generating focused traffic: Period 4.0219s
[INFO] Subscriptions active: 6 (libsumo, fast mode)
[INFO] Episode duration: 900s (15 min)

[DEBUG] 🎯 Célzott Forgalom Generálása (R1C1_C) | Period: 7.0048
Found 6 valid OD pairs for R1C1_C
Generating focused traffic: Period 7.0048s
[INFO] Subscriptions active: 6 (libsumo, fast mode)
[INFO] Episode duration: 2700s (45 min)

[DEBUG] 🎯 Célzott Forgalom Generálása (R1C1_C) | Period: 4.1616
Found 6 valid OD pairs for R1C1_C
Generating focused traffic: Period 4.1616s
[INFO] Subscriptions active: 6 (libsumo, fast mode)
[INFO] Episode duration: 2700s (45 min)

[DEBUG] 🎯 Célzott Forgalom Generálása (R1C1_C) | Period: 5.9151
Found 6 valid OD pairs for R1C1_C
Generating focused traffic: Period 5.9151s
[INFO] Subscriptions active: 6 (libsumo, fast mode)
[INFO] Episode duration: 2700s (45 min)

[DEBUG] 🎯 Célzott Forgalom Generálása (R1C1_C) | Period: 6.7549
Found 6 valid OD pairs for R1C1_C
Generating focused traffic: Period 6.7549s
[INFO] Subscriptions active: 6 (libsumo, fast mode)
[INFO] Episode duration: 1800s (30 min)

[DEBUG] 🎯 Célzott Forgalom Generálása (R1C1_C) | Period: 4.4914
Found 6 valid OD pairs for R1C1_C
Generating focused traffic: Period 4.4914s
[INFO] Subscriptions active: 6 (libsumo, fast mode)
[INFO] Episode duration: 1800s (30 min)

[DEBUG] 🎯 Célzott Forgalom Generálása (R1C1_C) | Period: 6.5755
Found 6 valid OD pairs for R1C1_C
Generating focused traffic: Period 6.5755s
[INFO] Subscriptions active: 6 (libsumo, fast mode)
[INFO] Episode duration: 3600s (60 min)

[DEBUG] 🎯 Célzott Forgalom Generálása (R1C1_C) | Period: 7.3077
Found 6 valid OD pairs for R1C1_C
Generating focused traffic: Period 7.3077s
[INFO] Subscriptions active: 6 (libsumo, fast mode)
[INFO] Episode duration: 1800s (30 min)

[DEBUG] 🎯 Célzott Forgalom Generálása (R1C1_C) | Period: 6.3136
Found 6 valid OD pairs for R1C1_C
Generating focused traffic: Period 6.3136s
[INFO] Subscriptions active: 6 (libsumo, fast mode)
[INFO] Episode duration: 2700s (45 min)

[DEBUG] 🎯 Célzott Forgalom Generálása (R1C1_C) | Period: 6.971
Found 6 valid OD pairs for R1C1_C
Generating focused traffic: Period 6.9710s
[INFO] Subscriptions active: 6 (libsumo, fast mode)
[INFO] Episode duration: 3600s (60 min)

[DEBUG] 🎯 Célzott Forgalom Generálása (R1C1_C) | Period: 6.4957
Found 6 valid OD pairs for R1C1_C
Generating focused traffic: Period 6.4957s
[INFO] Subscriptions active: 6 (libsumo, fast mode)
[INFO] Episode duration: 2700s (45 min)

[DEBUG] 🎯 Célzott Forgalom Generálása (R1C1_C) | Period: 4.8141
Found 6 valid OD pairs for R1C1_C
Generating focused traffic: Period 4.8141s
[INFO] Subscriptions active: 6 (libsumo, fast mode)
[INFO] Episode duration: 2700s (45 min)

[DEBUG] 🎯 Célzott Forgalom Generálása (R1C1_C) | Period: 4.1498
Found 6 valid OD pairs for R1C1_C
Generating focused traffic: Period 4.1498s
[INFO] Subscriptions active: 6 (libsumo, fast mode)
[INFO] Episode duration: 1800s (30 min)

[DEBUG] 🎯 Célzott Forgalom Generálása (R1C1_C) | Period: 6.4671
Found 6 valid OD pairs for R1C1_C
Generating focused traffic: Period 6.4671s
[INFO] Subscriptions active: 6 (libsumo, fast mode)
[INFO] Episode duration: 1800s (30 min)

[DEBUG] 🎯 Célzott Forgalom Generálása (R1C1_C) | Period: 4.6981
Found 6 valid OD pairs for R1C1_C
Generating focused traffic: Period 4.6981s
[INFO] Subscriptions active: 6 (libsumo, fast mode)
------------------------------------
| rollout/              |          |
|    ep_len_mean        | 462      |
|    ep_rew_mean        | 71.5     |
| time/                 |          |
|    fps                | 189      |
|    iterations         | 10       |
|    time_elapsed       | 107      |
|    total_timesteps    | 20480    |
| train/                |          |
|    entropy_loss       | -1.39    |
|    explained_variance | -0.00925 |
|    learning_rate      | 0.0001   |
|    n_updates          | 9        |
|    policy_loss        | 18.6     |
|    value_loss         | 215      |
------------------------------------
[INFO] Episode duration: 900s (15 min)

[DEBUG] 🎯 Célzott Forgalom Generálása (R1C1_C) | Period: 4.7368
Found 6 valid OD pairs for R1C1_C
Generating focused traffic: Period 4.7368s
[INFO] Subscriptions active: 6 (libsumo, fast mode)
[INFO] Episode duration: 1800s (30 min)

[DEBUG] 🎯 Célzott Forgalom Generálása (R1C1_C) | Period: 5.5544
Found 6 valid OD pairs for R1C1_C
Generating focused traffic: Period 5.5544s
[INFO] Subscriptions active: 6 (libsumo, fast mode)
[INFO] Episode duration: 2700s (45 min)

[DEBUG] 🎯 Célzott Forgalom Generálása (R1C1_C) | Period: 6.1639
Found 6 valid OD pairs for R1C1_C
Generating focused traffic: Period 6.1639s
[INFO] Subscriptions active: 6 (libsumo, fast mode)
[INFO] Episode duration: 900s (15 min)

[DEBUG] 🎯 Célzott Forgalom Generálása (R1C1_C) | Period: 6.2758
Found 6 valid OD pairs for R1C1_C
Generating focused traffic: Period 6.2758s
[INFO] Subscriptions active: 6 (libsumo, fast mode)
[INFO] Episode duration: 2700s (45 min)

[DEBUG] 🎯 Célzott Forgalom Generálása (R1C1_C) | Period: 7.7643
Found 6 valid OD pairs for R1C1_C
Generating focused traffic: Period 7.7643s
[INFO] Subscriptions active: 6 (libsumo, fast mode)
[INFO] Episode duration: 2700s (45 min)

[DEBUG] 🎯 Célzott Forgalom Generálása (R1C1_C) | Period: 5.1353
Found 6 valid OD pairs for R1C1_C
Generating focused traffic: Period 5.1353s
[INFO] Subscriptions active: 6 (libsumo, fast mode)
[INFO] Episode duration: 900s (15 min)

[DEBUG] 🎯 Célzott Forgalom Generálása (R1C1_C) | Period: 4.3807
Found 6 valid OD pairs for R1C1_C
Generating focused traffic: Period 4.3807s
[INFO] Subscriptions active: 6 (libsumo, fast mode)
[INFO] Episode duration: 3600s (60 min)

[DEBUG] 🎯 Célzott Forgalom Generálása (R1C1_C) | Period: 7.0268
Found 6 valid OD pairs for R1C1_C
Generating focused traffic: Period 7.0268s
[INFO] Subscriptions active: 6 (libsumo, fast mode)
[INFO] Episode duration: 3600s (60 min)

[DEBUG] 🎯 Célzott Forgalom Generálása (R1C1_C) | Period: 7.2628
Found 6 valid OD pairs for R1C1_C
Generating focused traffic: Period 7.2628s
[INFO] Subscriptions active: 6 (libsumo, fast mode)
[INFO] Episode duration: 1800s (30 min)

[DEBUG] 🎯 Célzott Forgalom Generálása (R1C1_C) | Period: 7.2481
Found 6 valid OD pairs for R1C1_C
Generating focused traffic: Period 7.2481s
[INFO] Subscriptions active: 6 (libsumo, fast mode)
[INFO] Episode duration: 2700s (45 min)

[DEBUG] 🎯 Célzott Forgalom Generálása (R1C1_C) | Period: 4.0562
Found 6 valid OD pairs for R1C1_C
Generating focused traffic: Period 4.0562s
[INFO] Subscriptions active: 6 (libsumo, fast mode)
[INFO] Episode duration: 2700s (45 min)

[DEBUG] 🎯 Célzott Forgalom Generálása (R1C1_C) | Period: 5.9617
Found 6 valid OD pairs for R1C1_C
Generating focused traffic: Period 5.9617s
[INFO] Subscriptions active: 6 (libsumo, fast mode)
[INFO] Episode duration: 900s (15 min)

[DEBUG] 🎯 Célzott Forgalom Generálása (R1C1_C) | Period: 6.261
Found 6 valid OD pairs for R1C1_C
Generating focused traffic: Period 6.2610s
[INFO] Subscriptions active: 6 (libsumo, fast mode)
[INFO] Episode duration: 2700s (45 min)

[DEBUG] 🎯 Célzott Forgalom Generálása (R1C1_C) | Period: 5.6949
Found 6 valid OD pairs for R1C1_C
Generating focused traffic: Period 5.6949s
[INFO] Subscriptions active: 6 (libsumo, fast mode)
[INFO] Episode duration: 2700s (45 min)

[DEBUG] 🎯 Célzott Forgalom Generálása (R1C1_C) | Period: 5.4191
Found 6 valid OD pairs for R1C1_C
Generating focused traffic: Period 5.4191s
[INFO] Subscriptions active: 6 (libsumo, fast mode)
[INFO] Episode duration: 1800s (30 min)

[DEBUG] 🎯 Célzott Forgalom Generálása (R1C1_C) | Period: 7.1833
Found 6 valid OD pairs for R1C1_C
Generating focused traffic: Period 7.1833s
[INFO] Subscriptions active: 6 (libsumo, fast mode)
[INFO] Episode duration: 900s (15 min)

[DEBUG] 🎯 Célzott Forgalom Generálása (R1C1_C) | Period: 5.5924
Found 6 valid OD pairs for R1C1_C
Generating focused traffic: Period 5.5924s
[INFO] Subscriptions active: 6 (libsumo, fast mode)
[INFO] Episode duration: 2700s (45 min)

[DEBUG] 🎯 Célzott Forgalom Generálása (R1C1_C) | Period: 7.9145
Found 6 valid OD pairs for R1C1_C
Generating focused traffic: Period 7.9145s
[INFO] Subscriptions active: 6 (libsumo, fast mode)
[INFO] Episode duration: 1800s (30 min)

[DEBUG] 🎯 Célzott Forgalom Generálása (R1C1_C) | Period: 5.6929
Found 6 valid OD pairs for R1C1_C
Generating focused traffic: Period 5.6929s
[INFO] Subscriptions active: 6 (libsumo, fast mode)
[INFO] Episode duration: 900s (15 min)

[DEBUG] 🎯 Célzott Forgalom Generálása (R1C1_C) | Period: 7.7875
Found 6 valid OD pairs for R1C1_C
Generating focused traffic: Period 7.7875s
[INFO] Subscriptions active: 6 (libsumo, fast mode)
[INFO] Episode duration: 3600s (60 min)

[DEBUG] 🎯 Célzott Forgalom Generálása (R1C1_C) | Period: 5.5484
Found 6 valid OD pairs for R1C1_C
Generating focused traffic: Period 5.5484s
[INFO] Subscriptions active: 6 (libsumo, fast mode)
[INFO] Episode duration: 1800s (30 min)

[DEBUG] 🎯 Célzott Forgalom Generálása (R1C1_C) | Period: 5.9708
Found 6 valid OD pairs for R1C1_C
Generating focused traffic: Period 5.9708s
[INFO] Subscriptions active: 6 (libsumo, fast mode)
[INFO] Episode duration: 2700s (45 min)

[DEBUG] 🎯 Célzott Forgalom Generálása (R1C1_C) | Period: 5.2872
Found 6 valid OD pairs for R1C1_C
Generating focused traffic: Period 5.2872s
[INFO] Subscriptions active: 6 (libsumo, fast mode)
[INFO] Episode duration: 2700s (45 min)

[DEBUG] 🎯 Célzott Forgalom Generálása (R1C1_C) | Period: 5.6425
Found 6 valid OD pairs for R1C1_C
Generating focused traffic: Period 5.6425s
[INFO] Subscriptions active: 6 (libsumo, fast mode)
[INFO] Episode duration: 1800s (30 min)

[DEBUG] 🎯 Célzott Forgalom Generálása (R1C1_C) | Period: 5.1256
Found 6 valid OD pairs for R1C1_C
Generating focused traffic: Period 5.1256s
[INFO] Subscriptions active: 6 (libsumo, fast mode)
[INFO] Episode duration: 3600s (60 min)

[DEBUG] 🎯 Célzott Forgalom Generálása (R1C1_C) | Period: 4.7852
Found 6 valid OD pairs for R1C1_C
Generating focused traffic: Period 4.7852s
[INFO] Subscriptions active: 6 (libsumo, fast mode)
[INFO] Episode duration: 3600s (60 min)

[DEBUG] 🎯 Célzott Forgalom Generálása (R1C1_C) | Period: 4.4772
Found 6 valid OD pairs for R1C1_C
Generating focused traffic: Period 4.4772s
[INFO] Subscriptions active: 6 (libsumo, fast mode)
[INFO] Episode duration: 1800s (30 min)

[DEBUG] 🎯 Célzott Forgalom Generálása (R1C1_C) | Period: 5.705
Found 6 valid OD pairs for R1C1_C
Generating focused traffic: Period 5.7050s
[INFO] Subscriptions active: 6 (libsumo, fast mode)
[INFO] Episode duration: 900s (15 min)

[DEBUG] 🎯 Célzott Forgalom Generálása (R1C1_C) | Period: 7.3563
Found 6 valid OD pairs for R1C1_C
Generating focused traffic: Period 7.3563s
[INFO] Subscriptions active: 6 (libsumo, fast mode)
[INFO] Episode duration: 1800s (30 min)

[DEBUG] 🎯 Célzott Forgalom Generálása (R1C1_C) | Period: 6.4777
Found 6 valid OD pairs for R1C1_C
Generating focused traffic: Period 6.4777s
[INFO] Subscriptions active: 6 (libsumo, fast mode)
[INFO] Episode duration: 2700s (45 min)

[DEBUG] 🎯 Célzott Forgalom Generálása (R1C1_C) | Period: 4.4132
Found 6 valid OD pairs for R1C1_C
Generating focused traffic: Period 4.4132s
[INFO] Subscriptions active: 6 (libsumo, fast mode)
[INFO] Episode duration: 1800s (30 min)

[DEBUG] 🎯 Célzott Forgalom Generálása (R1C1_C) | Period: 5.7412
Found 6 valid OD pairs for R1C1_C
Generating focused traffic: Period 5.7412s
[INFO] Subscriptions active: 6 (libsumo, fast mode)
[INFO] Episode duration: 3600s (60 min)

[DEBUG] 🎯 Célzott Forgalom Generálása (R1C1_C) | Period: 4.5862
Found 6 valid OD pairs for R1C1_C
Generating focused traffic: Period 4.5862s
[INFO] Subscriptions active: 6 (libsumo, fast mode)
[INFO] Episode duration: 2700s (45 min)

[DEBUG] 🎯 Célzott Forgalom Generálása (R1C1_C) | Period: 7.4978
Found 6 valid OD pairs for R1C1_C
Generating focused traffic: Period 7.4978s
[INFO] Subscriptions active: 6 (libsumo, fast mode)
[INFO] Episode duration: 3600s (60 min)

[DEBUG] 🎯 Célzott Forgalom Generálása (R1C1_C) | Period: 7.8843
Found 6 valid OD pairs for R1C1_C
Generating focused traffic: Period 7.8843s
[INFO] Subscriptions active: 6 (libsumo, fast mode)
[INFO] Episode duration: 1800s (30 min)

[DEBUG] 🎯 Célzott Forgalom Generálása (R1C1_C) | Period: 4.7867
Found 6 valid OD pairs for R1C1_C
Generating focused traffic: Period 4.7867s
[INFO] Subscriptions active: 6 (libsumo, fast mode)
[INFO] Episode duration: 900s (15 min)

[DEBUG] 🎯 Célzott Forgalom Generálása (R1C1_C) | Period: 7.4684
Found 6 valid OD pairs for R1C1_C
Generating focused traffic: Period 7.4684s
[INFO] Subscriptions active: 6 (libsumo, fast mode)
[INFO] Episode duration: 3600s (60 min)

[DEBUG] 🎯 Célzott Forgalom Generálása (R1C1_C) | Period: 6.3395
Found 6 valid OD pairs for R1C1_C
Generating focused traffic: Period 6.3395s
[INFO] Subscriptions active: 6 (libsumo, fast mode)
[INFO] Episode duration: 2700s (45 min)

[DEBUG] 🎯 Célzott Forgalom Generálása (R1C1_C) | Period: 4.1572
Found 6 valid OD pairs for R1C1_C
Generating focused traffic: Period 4.1572s
[INFO] Subscriptions active: 6 (libsumo, fast mode)
[INFO] Episode duration: 1800s (30 min)

[DEBUG] 🎯 Célzott Forgalom Generálása (R1C1_C) | Period: 4.5291
Found 6 valid OD pairs for R1C1_C
Generating focused traffic: Period 4.5291s
[INFO] Subscriptions active: 6 (libsumo, fast mode)
[INFO] Episode duration: 2700s (45 min)

[DEBUG] 🎯 Célzott Forgalom Generálása (R1C1_C) | Period: 6.0821
Found 6 valid OD pairs for R1C1_C
Generating focused traffic: Period 6.0821s
[INFO] Subscriptions active: 6 (libsumo, fast mode)
[INFO] Episode duration: 1800s (30 min)

[DEBUG] 🎯 Célzott Forgalom Generálása (R1C1_C) | Period: 7.5841
Found 6 valid OD pairs for R1C1_C
Generating focused traffic: Period 7.5841s
[INFO] Subscriptions active: 6 (libsumo, fast mode)
[INFO] Episode duration: 3600s (60 min)

[DEBUG] 🎯 Célzott Forgalom Generálása (R1C1_C) | Period: 7.3882
Found 6 valid OD pairs for R1C1_C
Generating focused traffic: Period 7.3882s
[INFO] Subscriptions active: 6 (libsumo, fast mode)
[INFO] Episode duration: 1800s (30 min)

[DEBUG] 🎯 Célzott Forgalom Generálása (R1C1_C) | Period: 5.0839
Found 6 valid OD pairs for R1C1_C
Generating focused traffic: Period 5.0839s
[INFO] Subscriptions active: 6 (libsumo, fast mode)
[INFO] Episode duration: 900s (15 min)

[DEBUG] 🎯 Célzott Forgalom Generálása (R1C1_C) | Period: 7.1148
Found 6 valid OD pairs for R1C1_C
Generating focused traffic: Period 7.1148s
[INFO] Subscriptions active: 6 (libsumo, fast mode)
------------------------------------
| rollout/              |          |
|    ep_len_mean        | 459      |
|    ep_rew_mean        | 72       |
| time/                 |          |
|    fps                | 189      |
|    iterations         | 20       |
|    time_elapsed       | 215      |
|    total_timesteps    | 40960    |
| train/                |          |
|    entropy_loss       | -1.39    |
|    explained_variance | -0.0305  |
|    learning_rate      | 0.0001   |
|    n_updates          | 19       |
|    policy_loss        | 12.6     |
|    value_loss         | 97.1     |
------------------------------------
[INFO] Episode duration: 1800s (30 min)

[DEBUG] 🎯 Célzott Forgalom Generálása (R1C1_C) | Period: 6.4113
Found 6 valid OD pairs for R1C1_C
Generating focused traffic: Period 6.4113s
[INFO] Subscriptions active: 6 (libsumo, fast mode)
[INFO] Episode duration: 2700s (45 min)

[DEBUG] 🎯 Célzott Forgalom Generálása (R1C1_C) | Period: 6.5085
Found 6 valid OD pairs for R1C1_C
Generating focused traffic: Period 6.5085s
[INFO] Subscriptions active: 6 (libsumo, fast mode)
[INFO] Episode duration: 1800s (30 min)

[DEBUG] 🎯 Célzott Forgalom Generálása (R1C1_C) | Period: 5.7689
Found 6 valid OD pairs for R1C1_C
Generating focused traffic: Period 5.7689s
[INFO] Subscriptions active: 6 (libsumo, fast mode)
[INFO] Episode duration: 3600s (60 min)

[DEBUG] 🎯 Célzott Forgalom Generálása (R1C1_C) | Period: 6.2802
Found 6 valid OD pairs for R1C1_C
Generating focused traffic: Period 6.2802s
[INFO] Subscriptions active: 6 (libsumo, fast mode)
[INFO] Episode duration: 1800s (30 min)

[DEBUG] 🎯 Célzott Forgalom Generálása (R1C1_C) | Period: 5.9371
Found 6 valid OD pairs for R1C1_C
Generating focused traffic: Period 5.9371s
[INFO] Subscriptions active: 6 (libsumo, fast mode)
[INFO] Episode duration: 900s (15 min)

[DEBUG] 🎯 Célzott Forgalom Generálása (R1C1_C) | Period: 4.0005
Found 6 valid OD pairs for R1C1_C
Generating focused traffic: Period 4.0005s
[INFO] Subscriptions active: 6 (libsumo, fast mode)
[INFO] Episode duration: 1800s (30 min)

[DEBUG] 🎯 Célzott Forgalom Generálása (R1C1_C) | Period: 6.2537
Found 6 valid OD pairs for R1C1_C
Generating focused traffic: Period 6.2537s
[INFO] Subscriptions active: 6 (libsumo, fast mode)
[INFO] Episode duration: 1800s (30 min)

[DEBUG] 🎯 Célzott Forgalom Generálása (R1C1_C) | Period: 4.527
Found 6 valid OD pairs for R1C1_C
Generating focused traffic: Period 4.5270s
[INFO] Subscriptions active: 6 (libsumo, fast mode)
[INFO] Episode duration: 900s (15 min)

[DEBUG] 🎯 Célzott Forgalom Generálása (R1C1_C) | Period: 4.218
Found 6 valid OD pairs for R1C1_C
Generating focused traffic: Period 4.2180s
[INFO] Subscriptions active: 6 (libsumo, fast mode)
[INFO] Episode duration: 900s (15 min)

[DEBUG] 🎯 Célzott Forgalom Generálása (R1C1_C) | Period: 4.172
Found 6 valid OD pairs for R1C1_C
Generating focused traffic: Period 4.1720s
[INFO] Subscriptions active: 6 (libsumo, fast mode)
[INFO] Episode duration: 3600s (60 min)

[DEBUG] 🎯 Célzott Forgalom Generálása (R1C1_C) | Period: 5.7729
Found 6 valid OD pairs for R1C1_C
Generating focused traffic: Period 5.7729s
[INFO] Subscriptions active: 6 (libsumo, fast mode)
[INFO] Episode duration: 3600s (60 min)

[DEBUG] 🎯 Célzott Forgalom Generálása (R1C1_C) | Period: 5.1962
Found 6 valid OD pairs for R1C1_C
Generating focused traffic: Period 5.1962s
[INFO] Subscriptions active: 6 (libsumo, fast mode)
[INFO] Episode duration: 900s (15 min)

[DEBUG] 🎯 Célzott Forgalom Generálása (R1C1_C) | Period: 6.2822
Found 6 valid OD pairs for R1C1_C
Generating focused traffic: Period 6.2822s
[INFO] Subscriptions active: 6 (libsumo, fast mode)
[INFO] Episode duration: 3600s (60 min)

[DEBUG] 🎯 Célzott Forgalom Generálása (R1C1_C) | Period: 6.3172
Found 6 valid OD pairs for R1C1_C
Generating focused traffic: Period 6.3172s
[INFO] Subscriptions active: 6 (libsumo, fast mode)
[INFO] Episode duration: 2700s (45 min)

[DEBUG] 🎯 Célzott Forgalom Generálása (R1C1_C) | Period: 4.0587
Found 6 valid OD pairs for R1C1_C
Generating focused traffic: Period 4.0587s
[INFO] Subscriptions active: 6 (libsumo, fast mode)
[INFO] Episode duration: 2700s (45 min)

[DEBUG] 🎯 Célzott Forgalom Generálása (R1C1_C) | Period: 6.3603
Found 6 valid OD pairs for R1C1_C
Generating focused traffic: Period 6.3603s
[INFO] Subscriptions active: 6 (libsumo, fast mode)
[INFO] Episode duration: 2700s (45 min)

[DEBUG] 🎯 Célzott Forgalom Generálása (R1C1_C) | Period: 4.5609
Found 6 valid OD pairs for R1C1_C
Generating focused traffic: Period 4.5609s
[INFO] Subscriptions active: 6 (libsumo, fast mode)
[INFO] Episode duration: 3600s (60 min)

[DEBUG] 🎯 Célzott Forgalom Generálása (R1C1_C) | Period: 4.7084
Found 6 valid OD pairs for R1C1_C
Generating focused traffic: Period 4.7084s
[INFO] Subscriptions active: 6 (libsumo, fast mode)
[INFO] Episode duration: 1800s (30 min)

[DEBUG] 🎯 Célzott Forgalom Generálása (R1C1_C) | Period: 6.7955
Found 6 valid OD pairs for R1C1_C
Generating focused traffic: Period 6.7955s
[INFO] Subscriptions active: 6 (libsumo, fast mode)
[INFO] Episode duration: 1800s (30 min)

[DEBUG] 🎯 Célzott Forgalom Generálása (R1C1_C) | Period: 7.2768
Found 6 valid OD pairs for R1C1_C
Generating focused traffic: Period 7.2768s
[INFO] Subscriptions active: 6 (libsumo, fast mode)
[INFO] Episode duration: 900s (15 min)

[DEBUG] 🎯 Célzott Forgalom Generálása (R1C1_C) | Period: 6.6199
Found 6 valid OD pairs for R1C1_C
Generating focused traffic: Period 6.6199s
[INFO] Subscriptions active: 6 (libsumo, fast mode)
[INFO] Episode duration: 1800s (30 min)

[DEBUG] 🎯 Célzott Forgalom Generálása (R1C1_C) | Period: 7.7272
Found 6 valid OD pairs for R1C1_C
Generating focused traffic: Period 7.7272s
[INFO] Subscriptions active: 6 (libsumo, fast mode)
[INFO] Episode duration: 2700s (45 min)

[DEBUG] 🎯 Célzott Forgalom Generálása (R1C1_C) | Period: 4.4661
Found 6 valid OD pairs for R1C1_C
Generating focused traffic: Period 4.4661s
[INFO] Subscriptions active: 6 (libsumo, fast mode)
[INFO] Episode duration: 2700s (45 min)

[DEBUG] 🎯 Célzott Forgalom Generálása (R1C1_C) | Period: 4.2676
Found 6 valid OD pairs for R1C1_C
Generating focused traffic: Period 4.2676s
[INFO] Subscriptions active: 6 (libsumo, fast mode)
[INFO] Episode duration: 2700s (45 min)

[DEBUG] 🎯 Célzott Forgalom Generálása (R1C1_C) | Period: 4.6682
Found 6 valid OD pairs for R1C1_C
Generating focused traffic: Period 4.6682s
[INFO] Subscriptions active: 6 (libsumo, fast mode)
[INFO] Episode duration: 3600s (60 min)

[DEBUG] 🎯 Célzott Forgalom Generálása (R1C1_C) | Period: 7.9867
Found 6 valid OD pairs for R1C1_C
Generating focused traffic: Period 7.9867s
[INFO] Subscriptions active: 6 (libsumo, fast mode)
[INFO] Episode duration: 1800s (30 min)

[DEBUG] 🎯 Célzott Forgalom Generálása (R1C1_C) | Period: 4.522
Found 6 valid OD pairs for R1C1_C
Generating focused traffic: Period 4.5220s
[INFO] Subscriptions active: 6 (libsumo, fast mode)
[INFO] Episode duration: 2700s (45 min)

[DEBUG] 🎯 Célzott Forgalom Generálása (R1C1_C) | Period: 4.4106
Found 6 valid OD pairs for R1C1_C
Generating focused traffic: Period 4.4106s
[INFO] Subscriptions active: 6 (libsumo, fast mode)
[INFO] Episode duration: 2700s (45 min)

[DEBUG] 🎯 Célzott Forgalom Generálása (R1C1_C) | Period: 4.3086
Found 6 valid OD pairs for R1C1_C
Generating focused traffic: Period 4.3086s
[INFO] Subscriptions active: 6 (libsumo, fast mode)
[INFO] Episode duration: 3600s (60 min)

[DEBUG] 🎯 Célzott Forgalom Generálása (R1C1_C) | Period: 7.9358
Found 6 valid OD pairs for R1C1_C
Generating focused traffic: Period 7.9358s
[INFO] Subscriptions active: 6 (libsumo, fast mode)
[INFO] Episode duration: 2700s (45 min)

[DEBUG] 🎯 Célzott Forgalom Generálása (R1C1_C) | Period: 4.1899
Found 6 valid OD pairs for R1C1_C
Generating focused traffic: Period 4.1899s
[INFO] Subscriptions active: 6 (libsumo, fast mode)
[INFO] Episode duration: 2700s (45 min)

[DEBUG] 🎯 Célzott Forgalom Generálása (R1C1_C) | Period: 7.4903
Found 6 valid OD pairs for R1C1_C
Generating focused traffic: Period 7.4903s
[INFO] Subscriptions active: 6 (libsumo, fast mode)
[INFO] Episode duration: 2700s (45 min)

[DEBUG] 🎯 Célzott Forgalom Generálása (R1C1_C) | Period: 6.2659
Found 6 valid OD pairs for R1C1_C
Generating focused traffic: Period 6.2659s
[INFO] Subscriptions active: 6 (libsumo, fast mode)
[INFO] Episode duration: 1800s (30 min)

[DEBUG] 🎯 Célzott Forgalom Generálása (R1C1_C) | Period: 6.1437
Found 6 valid OD pairs for R1C1_C
Generating focused traffic: Period 6.1437s
[INFO] Subscriptions active: 6 (libsumo, fast mode)
[INFO] Episode duration: 900s (15 min)

[DEBUG] 🎯 Célzott Forgalom Generálása (R1C1_C) | Period: 6.0114
Found 6 valid OD pairs for R1C1_C
Generating focused traffic: Period 6.0114s
[INFO] Subscriptions active: 6 (libsumo, fast mode)
[INFO] Episode duration: 3600s (60 min)

[DEBUG] 🎯 Célzott Forgalom Generálása (R1C1_C) | Period: 4.3009
Found 6 valid OD pairs for R1C1_C
Generating focused traffic: Period 4.3009s
[INFO] Subscriptions active: 6 (libsumo, fast mode)
[INFO] Episode duration: 2700s (45 min)

[DEBUG] 🎯 Célzott Forgalom Generálása (R1C1_C) | Period: 4.1047
Found 6 valid OD pairs for R1C1_C
Generating focused traffic: Period 4.1047s
[INFO] Subscriptions active: 6 (libsumo, fast mode)
[INFO] Episode duration: 2700s (45 min)

[DEBUG] 🎯 Célzott Forgalom Generálása (R1C1_C) | Period: 4.0908
Found 6 valid OD pairs for R1C1_C
Generating focused traffic: Period 4.0908s
[INFO] Subscriptions active: 6 (libsumo, fast mode)
[INFO] Episode duration: 1800s (30 min)

[DEBUG] 🎯 Célzott Forgalom Generálása (R1C1_C) | Period: 4.9325
Found 6 valid OD pairs for R1C1_C
Generating focused traffic: Period 4.9325s
[INFO] Subscriptions active: 6 (libsumo, fast mode)
[INFO] Episode duration: 3600s (60 min)

[DEBUG] 🎯 Célzott Forgalom Generálása (R1C1_C) | Period: 5.1616
Found 6 valid OD pairs for R1C1_C
Generating focused traffic: Period 5.1616s
[INFO] Subscriptions active: 6 (libsumo, fast mode)
[INFO] Episode duration: 3600s (60 min)

[DEBUG] 🎯 Célzott Forgalom Generálása (R1C1_C) | Period: 7.4218
Found 6 valid OD pairs for R1C1_C
Generating focused traffic: Period 7.4218s
[INFO] Subscriptions active: 6 (libsumo, fast mode)
[INFO] Episode duration: 2700s (45 min)

[DEBUG] 🎯 Célzott Forgalom Generálása (R1C1_C) | Period: 4.0301
Found 6 valid OD pairs for R1C1_C
Generating focused traffic: Period 4.0301s
[INFO] Subscriptions active: 6 (libsumo, fast mode)
[INFO] Episode duration: 2700s (45 min)

[DEBUG] 🎯 Célzott Forgalom Generálása (R1C1_C) | Period: 6.9656
Found 6 valid OD pairs for R1C1_C
Generating focused traffic: Period 6.9656s
[INFO] Subscriptions active: 6 (libsumo, fast mode)
------------------------------------
| rollout/              |          |
|    ep_len_mean        | 472      |
|    ep_rew_mean        | 74.4     |
| time/                 |          |
|    fps                | 189      |
|    iterations         | 30       |
|    time_elapsed       | 324      |
|    total_timesteps    | 61440    |
| train/                |          |
|    entropy_loss       | -1.39    |
|    explained_variance | -0.0393  |
|    learning_rate      | 0.0001   |
|    n_updates          | 29       |
|    policy_loss        | 12.7     |
|    value_loss         | 94.7     |
------------------------------------
[INFO] Episode duration: 2700s (45 min)

[DEBUG] 🎯 Célzott Forgalom Generálása (R1C1_C) | Period: 4.4589
Found 6 valid OD pairs for R1C1_C
Generating focused traffic: Period 4.4589s
[INFO] Subscriptions active: 6 (libsumo, fast mode)
[INFO] Episode duration: 1800s (30 min)

[DEBUG] 🎯 Célzott Forgalom Generálása (R1C1_C) | Period: 5.6192
Found 6 valid OD pairs for R1C1_C
Generating focused traffic: Period 5.6192s
[INFO] Subscriptions active: 6 (libsumo, fast mode)
[INFO] Episode duration: 2700s (45 min)

[DEBUG] 🎯 Célzott Forgalom Generálása (R1C1_C) | Period: 6.4242
Found 6 valid OD pairs for R1C1_C
Generating focused traffic: Period 6.4242s
[INFO] Subscriptions active: 6 (libsumo, fast mode)
[INFO] Episode duration: 900s (15 min)

[DEBUG] 🎯 Célzott Forgalom Generálása (R1C1_C) | Period: 5.0645
Found 6 valid OD pairs for R1C1_C
Generating focused traffic: Period 5.0645s
[INFO] Subscriptions active: 6 (libsumo, fast mode)
[INFO] Episode duration: 900s (15 min)

[DEBUG] 🎯 Célzott Forgalom Generálása (R1C1_C) | Period: 6.4623
Found 6 valid OD pairs for R1C1_C
Generating focused traffic: Period 6.4623s
[INFO] Subscriptions active: 6 (libsumo, fast mode)
[INFO] Episode duration: 3600s (60 min)

[DEBUG] 🎯 Célzott Forgalom Generálása (R1C1_C) | Period: 4.4234
Found 6 valid OD pairs for R1C1_C
Generating focused traffic: Period 4.4234s
[INFO] Subscriptions active: 6 (libsumo, fast mode)
[INFO] Episode duration: 3600s (60 min)

[DEBUG] 🎯 Célzott Forgalom Generálása (R1C1_C) | Period: 6.761
Found 6 valid OD pairs for R1C1_C
Generating focused traffic: Period 6.7610s
[INFO] Subscriptions active: 6 (libsumo, fast mode)
[INFO] Episode duration: 2700s (45 min)

[DEBUG] 🎯 Célzott Forgalom Generálása (R1C1_C) | Period: 6.1881
Found 6 valid OD pairs for R1C1_C
Generating focused traffic: Period 6.1881s
[INFO] Subscriptions active: 6 (libsumo, fast mode)
[INFO] Episode duration: 1800s (30 min)

[DEBUG] 🎯 Célzott Forgalom Generálása (R1C1_C) | Period: 4.7592
Found 6 valid OD pairs for R1C1_C
Generating focused traffic: Period 4.7592s
[INFO] Subscriptions active: 6 (libsumo, fast mode)
[INFO] Episode duration: 900s (15 min)

[DEBUG] 🎯 Célzott Forgalom Generálása (R1C1_C) | Period: 4.8862
Found 6 valid OD pairs for R1C1_C
Generating focused traffic: Period 4.8862s
[INFO] Subscriptions active: 6 (libsumo, fast mode)
[INFO] Episode duration: 900s (15 min)

[DEBUG] 🎯 Célzott Forgalom Generálása (R1C1_C) | Period: 7.1736
Found 6 valid OD pairs for R1C1_C
Generating focused traffic: Period 7.1736s
[INFO] Subscriptions active: 6 (libsumo, fast mode)
[INFO] Episode duration: 1800s (30 min)

[DEBUG] 🎯 Célzott Forgalom Generálása (R1C1_C) | Period: 6.3071
Found 6 valid OD pairs for R1C1_C
Generating focused traffic: Period 6.3071s
[INFO] Subscriptions active: 6 (libsumo, fast mode)
[INFO] Episode duration: 3600s (60 min)

[DEBUG] 🎯 Célzott Forgalom Generálása (R1C1_C) | Period: 7.9274
Found 6 valid OD pairs for R1C1_C
Generating focused traffic: Period 7.9274s
[INFO] Subscriptions active: 6 (libsumo, fast mode)
[INFO] Episode duration: 900s (15 min)

[DEBUG] 🎯 Célzott Forgalom Generálása (R1C1_C) | Period: 7.1553
Found 6 valid OD pairs for R1C1_C
Generating focused traffic: Period 7.1553s
[INFO] Subscriptions active: 6 (libsumo, fast mode)
[INFO] Episode duration: 900s (15 min)

[DEBUG] 🎯 Célzott Forgalom Generálása (R1C1_C) | Period: 6.029
Found 6 valid OD pairs for R1C1_C
Generating focused traffic: Period 6.0290s
[INFO] Subscriptions active: 6 (libsumo, fast mode)
[INFO] Episode duration: 1800s (30 min)

[DEBUG] 🎯 Célzott Forgalom Generálása (R1C1_C) | Period: 5.0726
Found 6 valid OD pairs for R1C1_C
Generating focused traffic: Period 5.0726s
[INFO] Subscriptions active: 6 (libsumo, fast mode)
[INFO] Episode duration: 3600s (60 min)

[DEBUG] 🎯 Célzott Forgalom Generálása (R1C1_C) | Period: 7.0149
Found 6 valid OD pairs for R1C1_C
Generating focused traffic: Period 7.0149s
[INFO] Subscriptions active: 6 (libsumo, fast mode)
[INFO] Episode duration: 2700s (45 min)

[DEBUG] 🎯 Célzott Forgalom Generálása (R1C1_C) | Period: 6.1606
Found 6 valid OD pairs for R1C1_C
Generating focused traffic: Period 6.1606s
[INFO] Subscriptions active: 6 (libsumo, fast mode)
[INFO] Episode duration: 2700s (45 min)

[DEBUG] 🎯 Célzott Forgalom Generálása (R1C1_C) | Period: 6.0822
Found 6 valid OD pairs for R1C1_C
Generating focused traffic: Period 6.0822s
[INFO] Subscriptions active: 6 (libsumo, fast mode)
[INFO] Episode duration: 3600s (60 min)

[DEBUG] 🎯 Célzott Forgalom Generálása (R1C1_C) | Period: 6.3998
Found 6 valid OD pairs for R1C1_C
Generating focused traffic: Period 6.3998s
[INFO] Subscriptions active: 6 (libsumo, fast mode)
[INFO] Episode duration: 3600s (60 min)

[DEBUG] 🎯 Célzott Forgalom Generálása (R1C1_C) | Period: 6.4139
Found 6 valid OD pairs for R1C1_C
Generating focused traffic: Period 6.4139s
[INFO] Subscriptions active: 6 (libsumo, fast mode)
[INFO] Episode duration: 2700s (45 min)

[DEBUG] 🎯 Célzott Forgalom Generálása (R1C1_C) | Period: 5.788
Found 6 valid OD pairs for R1C1_C
Generating focused traffic: Period 5.7880s
[INFO] Subscriptions active: 6 (libsumo, fast mode)
[INFO] Episode duration: 900s (15 min)

[DEBUG] 🎯 Célzott Forgalom Generálása (R1C1_C) | Period: 4.2655
Found 6 valid OD pairs for R1C1_C
Generating focused traffic: Period 4.2655s
[INFO] Subscriptions active: 6 (libsumo, fast mode)
[INFO] Episode duration: 900s (15 min)

[DEBUG] 🎯 Célzott Forgalom Generálása (R1C1_C) | Period: 5.5378
Found 6 valid OD pairs for R1C1_C
Generating focused traffic: Period 5.5378s
[INFO] Subscriptions active: 6 (libsumo, fast mode)
[INFO] Episode duration: 2700s (45 min)

[DEBUG] 🎯 Célzott Forgalom Generálása (R1C1_C) | Period: 7.7196
Found 6 valid OD pairs for R1C1_C
Generating focused traffic: Period 7.7196s
[INFO] Subscriptions active: 6 (libsumo, fast mode)
[INFO] Episode duration: 3600s (60 min)

[DEBUG] 🎯 Célzott Forgalom Generálása (R1C1_C) | Period: 7.3139
Found 6 valid OD pairs for R1C1_C
Generating focused traffic: Period 7.3139s
[INFO] Subscriptions active: 6 (libsumo, fast mode)
[INFO] Episode duration: 3600s (60 min)

[DEBUG] 🎯 Célzott Forgalom Generálása (R1C1_C) | Period: 4.6391
Found 6 valid OD pairs for R1C1_C
Generating focused traffic: Period 4.6391s
[INFO] Subscriptions active: 6 (libsumo, fast mode)
[INFO] Episode duration: 3600s (60 min)

[DEBUG] 🎯 Célzott Forgalom Generálása (R1C1_C) | Period: 6.6457
Found 6 valid OD pairs for R1C1_C
Generating focused traffic: Period 6.6457s
[INFO] Subscriptions active: 6 (libsumo, fast mode)
[INFO] Episode duration: 900s (15 min)

[DEBUG] 🎯 Célzott Forgalom Generálása (R1C1_C) | Period: 7.2159
Found 6 valid OD pairs for R1C1_C
Generating focused traffic: Period 7.2159s
[INFO] Subscriptions active: 6 (libsumo, fast mode)
[INFO] Episode duration: 3600s (60 min)

[DEBUG] 🎯 Célzott Forgalom Generálása (R1C1_C) | Period: 5.9558
Found 6 valid OD pairs for R1C1_C
Generating focused traffic: Period 5.9558s
[INFO] Subscriptions active: 6 (libsumo, fast mode)
[INFO] Episode duration: 2700s (45 min)

[DEBUG] 🎯 Célzott Forgalom Generálása (R1C1_C) | Period: 6.1852
Found 6 valid OD pairs for R1C1_C
Generating focused traffic: Period 6.1852s
[INFO] Subscriptions active: 6 (libsumo, fast mode)
[INFO] Episode duration: 900s (15 min)

[DEBUG] 🎯 Célzott Forgalom Generálása (R1C1_C) | Period: 6.7398
Found 6 valid OD pairs for R1C1_C
Generating focused traffic: Period 6.7398s
[INFO] Subscriptions active: 6 (libsumo, fast mode)
[INFO] Episode duration: 900s (15 min)

[DEBUG] 🎯 Célzott Forgalom Generálása (R1C1_C) | Period: 6.7415
Found 6 valid OD pairs for R1C1_C
Generating focused traffic: Period 6.7415s
[INFO] Subscriptions active: 6 (libsumo, fast mode)
[INFO] Episode duration: 3600s (60 min)

[DEBUG] 🎯 Célzott Forgalom Generálása (R1C1_C) | Period: 4.3372
Found 6 valid OD pairs for R1C1_C
Generating focused traffic: Period 4.3372s
[INFO] Subscriptions active: 6 (libsumo, fast mode)
[INFO] Episode duration: 2700s (45 min)

[DEBUG] 🎯 Célzott Forgalom Generálása (R1C1_C) | Period: 7.2445
Found 6 valid OD pairs for R1C1_C
Generating focused traffic: Period 7.2445s
[INFO] Subscriptions active: 6 (libsumo, fast mode)
[INFO] Episode duration: 2700s (45 min)

[DEBUG] 🎯 Célzott Forgalom Generálása (R1C1_C) | Period: 6.5889
Found 6 valid OD pairs for R1C1_C
Generating focused traffic: Period 6.5889s
[INFO] Subscriptions active: 6 (libsumo, fast mode)
[INFO] Episode duration: 1800s (30 min)

[DEBUG] 🎯 Célzott Forgalom Generálása (R1C1_C) | Period: 6.0189
Found 6 valid OD pairs for R1C1_C
Generating focused traffic: Period 6.0189s
[INFO] Subscriptions active: 6 (libsumo, fast mode)
[INFO] Episode duration: 2700s (45 min)

[DEBUG] 🎯 Célzott Forgalom Generálása (R1C1_C) | Period: 6.6826
Found 6 valid OD pairs for R1C1_C
Generating focused traffic: Period 6.6826s
[INFO] Subscriptions active: 6 (libsumo, fast mode)
[INFO] Episode duration: 2700s (45 min)

[DEBUG] 🎯 Célzott Forgalom Generálása (R1C1_C) | Period: 5.9714
Found 6 valid OD pairs for R1C1_C
Generating focused traffic: Period 5.9714s
[INFO] Subscriptions active: 6 (libsumo, fast mode)
[INFO] Episode duration: 2700s (45 min)

[DEBUG] 🎯 Célzott Forgalom Generálása (R1C1_C) | Period: 5.155
Found 6 valid OD pairs for R1C1_C
Generating focused traffic: Period 5.1550s
[INFO] Subscriptions active: 6 (libsumo, fast mode)
[INFO] Episode duration: 1800s (30 min)

[DEBUG] 🎯 Célzott Forgalom Generálása (R1C1_C) | Period: 6.3246
Found 6 valid OD pairs for R1C1_C
Generating focused traffic: Period 6.3246s
[INFO] Subscriptions active: 6 (libsumo, fast mode)
[INFO] Episode duration: 2700s (45 min)

[DEBUG] 🎯 Célzott Forgalom Generálása (R1C1_C) | Period: 4.7852
Found 6 valid OD pairs for R1C1_C
Generating focused traffic: Period 4.7852s
[INFO] Subscriptions active: 6 (libsumo, fast mode)
[INFO] Episode duration: 900s (15 min)

[DEBUG] 🎯 Célzott Forgalom Generálása (R1C1_C) | Period: 4.0782
Found 6 valid OD pairs for R1C1_C
Generating focused traffic: Period 4.0782s
[INFO] Subscriptions active: 6 (libsumo, fast mode)
[INFO] Episode duration: 3600s (60 min)

[DEBUG] 🎯 Célzott Forgalom Generálása (R1C1_C) | Period: 6.1917
Found 6 valid OD pairs for R1C1_C
Generating focused traffic: Period 6.1917s
[INFO] Subscriptions active: 6 (libsumo, fast mode)
------------------------------------
| rollout/              |          |
|    ep_len_mean        | 473      |
|    ep_rew_mean        | 75.3     |
| time/                 |          |
|    fps                | 189      |
|    iterations         | 40       |
|    time_elapsed       | 432      |
|    total_timesteps    | 81920    |
| train/                |          |
|    entropy_loss       | -1.39    |
|    explained_variance | -0.0385  |
|    learning_rate      | 0.0001   |
|    n_updates          | 39       |
|    policy_loss        | 16       |
|    value_loss         | 161      |
------------------------------------
[INFO] Episode duration: 900s (15 min)

[DEBUG] 🎯 Célzott Forgalom Generálása (R1C1_C) | Period: 5.3068
Found 6 valid OD pairs for R1C1_C
Generating focused traffic: Period 5.3068s
[INFO] Subscriptions active: 6 (libsumo, fast mode)
[INFO] Episode duration: 900s (15 min)

[DEBUG] 🎯 Célzott Forgalom Generálása (R1C1_C) | Period: 7.1149
Found 6 valid OD pairs for R1C1_C
Generating focused traffic: Period 7.1149s
[INFO] Subscriptions active: 6 (libsumo, fast mode)
[INFO] Episode duration: 3600s (60 min)

[DEBUG] 🎯 Célzott Forgalom Generálása (R1C1_C) | Period: 5.1973
Found 6 valid OD pairs for R1C1_C
Generating focused traffic: Period 5.1973s
[INFO] Subscriptions active: 6 (libsumo, fast mode)
[INFO] Episode duration: 900s (15 min)

[DEBUG] 🎯 Célzott Forgalom Generálása (R1C1_C) | Period: 5.5842
Found 6 valid OD pairs for R1C1_C
Generating focused traffic: Period 5.5842s
[INFO] Subscriptions active: 6 (libsumo, fast mode)
[INFO] Episode duration: 2700s (45 min)

[DEBUG] 🎯 Célzott Forgalom Generálása (R1C1_C) | Period: 6.1449
Found 6 valid OD pairs for R1C1_C
Generating focused traffic: Period 6.1449s
[INFO] Subscriptions active: 6 (libsumo, fast mode)
[INFO] Episode duration: 900s (15 min)

[DEBUG] 🎯 Célzott Forgalom Generálása (R1C1_C) | Period: 5.6995
Found 6 valid OD pairs for R1C1_C
Generating focused traffic: Period 5.6995s
[INFO] Subscriptions active: 6 (libsumo, fast mode)
[INFO] Episode duration: 1800s (30 min)

[DEBUG] 🎯 Célzott Forgalom Generálása (R1C1_C) | Period: 5.0931
Found 6 valid OD pairs for R1C1_C
Generating focused traffic: Period 5.0931s
[INFO] Subscriptions active: 6 (libsumo, fast mode)
[INFO] Episode duration: 1800s (30 min)

[DEBUG] 🎯 Célzott Forgalom Generálása (R1C1_C) | Period: 4.4223
Found 6 valid OD pairs for R1C1_C
Generating focused traffic: Period 4.4223s
[INFO] Subscriptions active: 6 (libsumo, fast mode)
[INFO] Episode duration: 2700s (45 min)

[DEBUG] 🎯 Célzott Forgalom Generálása (R1C1_C) | Period: 7.1587
Found 6 valid OD pairs for R1C1_C
Generating focused traffic: Period 7.1587s
[INFO] Subscriptions active: 6 (libsumo, fast mode)
[INFO] Episode duration: 900s (15 min)

[DEBUG] 🎯 Célzott Forgalom Generálása (R1C1_C) | Period: 6.4139
Found 6 valid OD pairs for R1C1_C
Generating focused traffic: Period 6.4139s
[INFO] Subscriptions active: 6 (libsumo, fast mode)
[INFO] Episode duration: 3600s (60 min)

[DEBUG] 🎯 Célzott Forgalom Generálása (R1C1_C) | Period: 5.4053
Found 6 valid OD pairs for R1C1_C
Generating focused traffic: Period 5.4053s
[INFO] Subscriptions active: 6 (libsumo, fast mode)
[INFO] Episode duration: 900s (15 min)

[DEBUG] 🎯 Célzott Forgalom Generálása (R1C1_C) | Period: 6.4842
Found 6 valid OD pairs for R1C1_C
Generating focused traffic: Period 6.4842s
[INFO] Subscriptions active: 6 (libsumo, fast mode)
[INFO] Episode duration: 2700s (45 min)

[DEBUG] 🎯 Célzott Forgalom Generálása (R1C1_C) | Period: 4.3787
Found 6 valid OD pairs for R1C1_C
Generating focused traffic: Period 4.3787s
[INFO] Subscriptions active: 6 (libsumo, fast mode)
[INFO] Episode duration: 900s (15 min)

[DEBUG] 🎯 Célzott Forgalom Generálása (R1C1_C) | Period: 4.5258
Found 6 valid OD pairs for R1C1_C
Generating focused traffic: Period 4.5258s
[INFO] Subscriptions active: 6 (libsumo, fast mode)
[INFO] Episode duration: 3600s (60 min)

[DEBUG] 🎯 Célzott Forgalom Generálása (R1C1_C) | Period: 6.6605
Found 6 valid OD pairs for R1C1_C
Generating focused traffic: Period 6.6605s
[INFO] Subscriptions active: 6 (libsumo, fast mode)
[INFO] Episode duration: 3600s (60 min)

[DEBUG] 🎯 Célzott Forgalom Generálása (R1C1_C) | Period: 5.8944
Found 6 valid OD pairs for R1C1_C
Generating focused traffic: Period 5.8944s
[INFO] Subscriptions active: 6 (libsumo, fast mode)
[INFO] Episode duration: 900s (15 min)

[DEBUG] 🎯 Célzott Forgalom Generálása (R1C1_C) | Period: 4.0899
Found 6 valid OD pairs for R1C1_C
Generating focused traffic: Period 4.0899s
[INFO] Subscriptions active: 6 (libsumo, fast mode)
[INFO] Episode duration: 3600s (60 min)

[DEBUG] 🎯 Célzott Forgalom Generálása (R1C1_C) | Period: 4.602
Found 6 valid OD pairs for R1C1_C
Generating focused traffic: Period 4.6020s
[INFO] Subscriptions active: 6 (libsumo, fast mode)
[INFO] Episode duration: 1800s (30 min)

[DEBUG] 🎯 Célzott Forgalom Generálása (R1C1_C) | Period: 5.3254
Found 6 valid OD pairs for R1C1_C
Generating focused traffic: Period 5.3254s
[INFO] Subscriptions active: 6 (libsumo, fast mode)
[INFO] Episode duration: 900s (15 min)

[DEBUG] 🎯 Célzott Forgalom Generálása (R1C1_C) | Period: 4.6204
Found 6 valid OD pairs for R1C1_C
Generating focused traffic: Period 4.6204s
[INFO] Subscriptions active: 6 (libsumo, fast mode)
[INFO] Episode duration: 2700s (45 min)

[DEBUG] 🎯 Célzott Forgalom Generálása (R1C1_C) | Period: 5.9428
Found 6 valid OD pairs for R1C1_C
Generating focused traffic: Period 5.9428s
[INFO] Subscriptions active: 6 (libsumo, fast mode)
[INFO] Episode duration: 900s (15 min)

[DEBUG] 🎯 Célzott Forgalom Generálása (R1C1_C) | Period: 4.7438
Found 6 valid OD pairs for R1C1_C
Generating focused traffic: Period 4.7438s
[INFO] Subscriptions active: 6 (libsumo, fast mode)
[INFO] Episode duration: 1800s (30 min)

[DEBUG] 🎯 Célzott Forgalom Generálása (R1C1_C) | Period: 5.6039
Found 6 valid OD pairs for R1C1_C
Generating focused traffic: Period 5.6039s
[INFO] Subscriptions active: 6 (libsumo, fast mode)
[INFO] Episode duration: 2700s (45 min)

[DEBUG] 🎯 Célzott Forgalom Generálása (R1C1_C) | Period: 6.6039
Found 6 valid OD pairs for R1C1_C
Generating focused traffic: Period 6.6039s
[INFO] Subscriptions active: 6 (libsumo, fast mode)
[INFO] Episode duration: 3600s (60 min)

[DEBUG] 🎯 Célzott Forgalom Generálása (R1C1_C) | Period: 7.459
Found 6 valid OD pairs for R1C1_C
Generating focused traffic: Period 7.4590s
[INFO] Subscriptions active: 6 (libsumo, fast mode)
[INFO] Episode duration: 1800s (30 min)

[DEBUG] 🎯 Célzott Forgalom Generálása (R1C1_C) | Period: 4.3174
Found 6 valid OD pairs for R1C1_C
Generating focused traffic: Period 4.3174s
[INFO] Subscriptions active: 6 (libsumo, fast mode)
[INFO] Episode duration: 2700s (45 min)

[DEBUG] 🎯 Célzott Forgalom Generálása (R1C1_C) | Period: 5.8586
Found 6 valid OD pairs for R1C1_C
Generating focused traffic: Period 5.8586s
[INFO] Subscriptions active: 6 (libsumo, fast mode)
[INFO] Episode duration: 900s (15 min)

[DEBUG] 🎯 Célzott Forgalom Generálása (R1C1_C) | Period: 4.6557
Found 6 valid OD pairs for R1C1_C
Generating focused traffic: Period 4.6557s
[INFO] Subscriptions active: 6 (libsumo, fast mode)
[INFO] Episode duration: 3600s (60 min)

[DEBUG] 🎯 Célzott Forgalom Generálása (R1C1_C) | Period: 5.9013
Found 6 valid OD pairs for R1C1_C
Generating focused traffic: Period 5.9013s
[INFO] Subscriptions active: 6 (libsumo, fast mode)
[INFO] Episode duration: 900s (15 min)

[DEBUG] 🎯 Célzott Forgalom Generálása (R1C1_C) | Period: 4.1994
Found 6 valid OD pairs for R1C1_C
Generating focused traffic: Period 4.1994s
[INFO] Subscriptions active: 6 (libsumo, fast mode)
[INFO] Episode duration: 1800s (30 min)

[DEBUG] 🎯 Célzott Forgalom Generálása (R1C1_C) | Period: 7.171
Found 6 valid OD pairs for R1C1_C
Generating focused traffic: Period 7.1710s
[INFO] Subscriptions active: 6 (libsumo, fast mode)
[INFO] Episode duration: 2700s (45 min)

[DEBUG] 🎯 Célzott Forgalom Generálása (R1C1_C) | Period: 5.9131
Found 6 valid OD pairs for R1C1_C
Generating focused traffic: Period 5.9131s
[INFO] Subscriptions active: 6 (libsumo, fast mode)
[INFO] Episode duration: 2700s (45 min)

[DEBUG] 🎯 Célzott Forgalom Generálása (R1C1_C) | Period: 6.3274
Found 6 valid OD pairs for R1C1_C
Generating focused traffic: Period 6.3274s
[INFO] Subscriptions active: 6 (libsumo, fast mode)
[INFO] Episode duration: 2700s (45 min)

[DEBUG] 🎯 Célzott Forgalom Generálása (R1C1_C) | Period: 4.6443
Found 6 valid OD pairs for R1C1_C
Generating focused traffic: Period 4.6443s
[INFO] Subscriptions active: 6 (libsumo, fast mode)
[INFO] Episode duration: 3600s (60 min)
wandb: WARNING Symlinked 1 file into the W&B run directory; call wandb.save again to sync new files.
/Users/wagnertamas/Documents/Munka/cikkek/AI_agens_konyvtar/support/intergreen_matrix_calculator/rl_trainer.py:857: UserWarning: Exporting a model while it is in training mode. Please ensure that this is intended, as it may lead to different behavior during inference. Calling model.eval() before export is recommended.
  torch.onnx.export(
/Users/wagnertamas/Documents/Munka/cikkek/AI_agens_konyvtar/support/intergreen_matrix_calculator/rl_trainer.py:857: UserWarning: # 'dynamic_axes' is not recommended when dynamo=True, and may lead to 'torch._dynamo.exc.UserError: Constraints violated.' Supply the 'dynamic_shapes' argument instead if export is unsuccessful.
  torch.onnx.export(
wandb: updating run metadata
wandb: uploading pytorch_models/R1C1_C.zip; uploading output.log; uploading wandb-summary.json; uploading config.yaml
wandb: uploading history steps 991-1002, summary, console lines 1377-1417
wandb: 
wandb: Run history:
wandb:  R1C1_C/action_pct/phase_0 ▄▆▃▆▃▇▄▆▅▃▇▅▅▄▆▅▅▄▅▆▂▄▄█▄▇▆▄▆▆▁▃▄▇▆▆▆▃▇▄
wandb:  R1C1_C/action_pct/phase_1 ▄▁▆▆▇▁▄▄▂▅▅▄▃▇▅▆▇▅▃▆▆▅▅▃▃▅▅▅▇▃█▂▆▂▄▄▅▅▇▄
wandb:  R1C1_C/action_pct/phase_2 ▄▄▄▄▃▅▄▂▄▅▂▅▄▂▅▂▂▅▇▃▄▄▄▄▅▄▄▄▃▃▅█▄▃▂▂▃▅▁▄
wandb:  R1C1_C/action_pct/phase_3 ▆█▄▁▄▅▅▇█▄▄▃▇▆▂▇▄▃▂▃▅▅▅▃▆▂▂▅▂▇▃▃▂▆▇▇▄▄▄▆
wandb:  R1C1_C/train/entropy_loss ▁▄█▅▇▆▆▆▆▅▆▆▅▅▄▄▄▄▄▅▅▆▅▅▄▃▅▅▅▅▆▆▆▆▄▆▆▇▇▇
wandb: R1C1_C/train/learning_rate ▁▁▁▁▁▁▁▁▁▁▁▁▁▁▁▁▁▁▁▁▁▁▁▁▁▁▁▁▁▁▁▁▁▁▁▁▁▁▁▁
wandb:    R1C1_C/train/value_loss ▃▄▂▃▂▃▂▂▂▃▆▆▂▅▅▅▃▂▂▂▄▄▁▁▄▄▄▄▅▅▆▆▄▂▁▂▂▄██
wandb:                 avg_reward ▃▂▁▁▅▁▂▇▂▂▁▂▄▂▂▂▃▆▃▃▃▂▂▃▁▂▃▁▄▄██▃▁▃▁▂▁▂▂
wandb:                    episode ▁▁▁▁▂▂▂▂▂▃▄▄▄▄▄▅▅▅▅▅▅▆▆▆▆▆▆▆▆▆▆▇▇▇▇▇████
wandb:         episode/avg_reward ▂▂▁▂▃▇▅▂▂█▅▃▂▂▅▃▄▃▅▅▃▂▁▃▄▂▂▃▇▂▃▁▄▁▅▂▄▆▂▁
wandb:                         +7 ...
wandb: 
wandb: Run summary:
wandb:  R1C1_C/action_pct/phase_0 23.75
wandb:  R1C1_C/action_pct/phase_1 24.16667
wandb:  R1C1_C/action_pct/phase_2 25.83333
wandb:  R1C1_C/action_pct/phase_3 26.25
wandb:  R1C1_C/train/entropy_loss -1.38607
wandb: R1C1_C/train/learning_rate 0.0001
wandb:    R1C1_C/train/value_loss 216.71486
wandb:                 avg_reward 0.17903
wandb:                    episode 219
wandb:         episode/avg_reward 0.22147
wandb:                         +7 ...
wandb: 
wandb: 🚀 View run a2c_halt_ratio_1x128_3_R1C1_C at: https://wandb.ai/wagnertamas-budapesti-m-szaki-s-gazdas-gtudom-nyi-egyetem/sumo-rl-stat/runs/kn6okdm5
wandb: ⭐️ View project at: https://wandb.ai/wagnertamas-budapesti-m-szaki-s-gazdas-gtudom-nyi-egyetem/sumo-rl-stat
wandb: Synced 5 W&B file(s), 0 media file(s), 0 artifact file(s) and 1 other file(s)
wandb: Find logs at: ./wandb/run-20260322_020141-kn6okdm5/logs

[DEBUG] 🎯 Célzott Forgalom Generálása (R1C1_C) | Period: 7.227
Found 6 valid OD pairs for R1C1_C
Generating focused traffic: Period 7.2270s
[INFO] Subscriptions active: 6 (libsumo, fast mode)
[INFO] Episode duration: 1800s (30 min)

[DEBUG] 🎯 Célzott Forgalom Generálása (R1C1_C) | Period: 5.274
Found 6 valid OD pairs for R1C1_C
Generating focused traffic: Period 5.2740s
[INFO] Subscriptions active: 6 (libsumo, fast mode)
[INFO] Episode duration: 3600s (60 min)

[DEBUG] 🎯 Célzott Forgalom Generálása (R1C1_C) | Period: 7.9817
Found 6 valid OD pairs for R1C1_C
Generating focused traffic: Period 7.9817s
[INFO] Subscriptions active: 6 (libsumo, fast mode)
[INFO] Episode duration: 3600s (60 min)

[DEBUG] 🎯 Célzott Forgalom Generálása (R1C1_C) | Period: 6.0721
Found 6 valid OD pairs for R1C1_C
Generating focused traffic: Period 6.0721s
[INFO] Subscriptions active: 6 (libsumo, fast mode)
[INFO] Episode duration: 900s (15 min)

[DEBUG] 🎯 Célzott Forgalom Generálása (R1C1_C) | Period: 6.5886
Found 6 valid OD pairs for R1C1_C
Generating focused traffic: Period 6.5886s
[INFO] Subscriptions active: 6 (libsumo, fast mode)
[INFO] Episode duration: 900s (15 min)

[DEBUG] 🎯 Célzott Forgalom Generálása (R1C1_C) | Period: 6.4826
Found 6 valid OD pairs for R1C1_C
Generating focused traffic: Period 6.4826s
[INFO] Subscriptions active: 6 (libsumo, fast mode)
[INFO] Episode duration: 1800s (30 min)

[DEBUG] 🎯 Célzott Forgalom Generálása (R1C1_C) | Period: 4.3143
Found 6 valid OD pairs for R1C1_C
Generating focused traffic: Period 4.3143s
[INFO] Subscriptions active: 6 (libsumo, fast mode)
[INFO] Episode duration: 1800s (30 min)

[DEBUG] 🎯 Célzott Forgalom Generálása (R1C1_C) | Period: 7.0629
Found 6 valid OD pairs for R1C1_C
Generating focused traffic: Period 7.0629s
[INFO] Subscriptions active: 6 (libsumo, fast mode)
[INFO] Episode duration: 2700s (45 min)

[DEBUG] 🎯 Célzott Forgalom Generálása (R1C1_C) | Period: 6.0776
Found 6 valid OD pairs for R1C1_C
Generating focused traffic: Period 6.0776s
[INFO] Subscriptions active: 6 (libsumo, fast mode)
On-policy training completed.
Closing environment and EXPORTING models...
Saving PyTorch ZIP models to /Users/wagnertamas/Documents/Munka/cikkek/AI_agens_konyvtar/support/intergreen_matrix_calculator/data/runs/pytorch_models...
Saved PyTorch R1C1_C to /Users/wagnertamas/Documents/Munka/cikkek/AI_agens_konyvtar/support/intergreen_matrix_calculator/data/runs/pytorch_models/R1C1_C.zip
Exporting ONNX models to /Users/wagnertamas/Documents/Munka/cikkek/AI_agens_konyvtar/support/intergreen_matrix_calculator/data/runs/onnx_models...
Failed to export R1C1_C: # Failed to convert 'dynamic_axes' to 'dynamic_shapes'. Please provide 'dynamic_shapes' directly. Refer to the documentation for 'torch.export.export' for more information on dynamic shapes.
Cleanup done.
