wandb: [wandb.login()] Loaded credentials for https://api.wandb.ai from /Users/wagnertamas/.netrc.
wandb: Currently logged in as: wagnertamas (wagnertamas-budapesti-m-szaki-s-gazdas-gtudom-nyi-egyetem) to https://api.wandb.ai. Use `wandb login --relogin` to force relogin
wandb: setting up run f2yg17v6
wandb: Tracking run with wandb version 0.25.0
wandb: Run data is saved locally in /Users/wagnertamas/Documents/Munka/cikkek/AI_agens_konyvtar/support/intergreen_matrix_calculator/wandb/run-20260322_031004-f2yg17v6
wandb: Run `wandb offline` to turn off syncing.
wandb: Syncing run a2c_co2_speedstd_3x128_1_R1C1_C
wandb: ⭐️ View project at https://wandb.ai/wagnertamas-budapesti-m-szaki-s-gazdas-gtudom-nyi-egyetem/sumo-rl-stat
wandb: 🚀 View run at https://wandb.ai/wagnertamas-budapesti-m-szaki-s-gazdas-gtudom-nyi-egyetem/sumo-rl-stat/runs/f2yg17v6
[INFO] Config: training_config.yaml
[INFO] Net: /Users/wagnertamas/Documents/Munka/cikkek/AI_agens_konyvtar/support/intergreen_matrix_calculator/data/mega_catalogue_v2.net.xml
[INFO] Timesteps: 100000 | Project: sumo-rl-stat
[INFO] Junction: R1C1_C
[INFO] Algorithm: a2c | Reward: co2_speedstd
[INFO] Load model: None (fresh)
[INFO] Traffic: random target+spread (epizódonként)
Initializing Environment (algorithm=a2c, reward=co2_speedstd)...
[INFO] Algorithm: a2c (on_policy)
[INFO] Reward mode: co2_speedstd
WandB config applied (Sweep compatible).
[INFO] Junction reward params auto-loaded from /Users/wagnertamas/Documents/Munka/cikkek/AI_agens_konyvtar/support/intergreen_matrix_calculator/data/junction_reward_params.json
[INFO] Using 'libsumo' (fast headless mode, OS=darwin).
Starting SUMO...
[INFO] Episode duration: 900s (15 min)

[DEBUG] 🎯 Célzott Forgalom Generálása (R1C1_C) | Period: 7.3953
Found 6 valid OD pairs for R1C1_C
Generating focused traffic: Period 7.3953s
[INFO] Network mapped: 1 agents, 3 detectors, 3 lanes
[INFO] Subscriptions active: 6 (libsumo, fast mode)
Agents discovered: ['R1C1_C']
[INFO] RL device: mps
[INFO] On-policy training: a2c → R1C1_C
Using mps device
Wrapping the env with a `Monitor` wrapper
Wrapping the env in a DummyVecEnv.
Starting on-policy training: 100000 timesteps...
[INFO] Episode duration: 900s (15 min)

[DEBUG] 🎯 Célzott Forgalom Generálása (R1C1_C) | Period: 5.3563
Found 6 valid OD pairs for R1C1_C
Generating focused traffic: Period 5.3563s
[INFO] Subscriptions active: 6 (libsumo, fast mode)
Logging to /Users/wagnertamas/Documents/Munka/cikkek/AI_agens_konyvtar/support/intergreen_matrix_calculator/data/runs/sumo-rl-stat/R1C1_C/A2C_134
[INFO] Episode duration: 3600s (60 min)

[DEBUG] 🎯 Célzott Forgalom Generálása (R1C1_C) | Period: 6.9981
Found 6 valid OD pairs for R1C1_C
Generating focused traffic: Period 6.9981s
[INFO] Subscriptions active: 6 (libsumo, fast mode)
[INFO] Episode duration: 900s (15 min)

[DEBUG] 🎯 Célzott Forgalom Generálása (R1C1_C) | Period: 6.8598
Found 6 valid OD pairs for R1C1_C
Generating focused traffic: Period 6.8598s
[INFO] Subscriptions active: 6 (libsumo, fast mode)
[INFO] Episode duration: 900s (15 min)

[DEBUG] 🎯 Célzott Forgalom Generálása (R1C1_C) | Period: 4.3329
Found 6 valid OD pairs for R1C1_C
Generating focused traffic: Period 4.3329s
[INFO] Subscriptions active: 6 (libsumo, fast mode)
[INFO] Episode duration: 3600s (60 min)

[DEBUG] 🎯 Célzott Forgalom Generálása (R1C1_C) | Period: 7.469
Found 6 valid OD pairs for R1C1_C
Generating focused traffic: Period 7.4690s
[INFO] Subscriptions active: 6 (libsumo, fast mode)
[INFO] Episode duration: 2700s (45 min)

[DEBUG] 🎯 Célzott Forgalom Generálása (R1C1_C) | Period: 4.2728
Found 6 valid OD pairs for R1C1_C
Generating focused traffic: Period 4.2728s
[INFO] Subscriptions active: 6 (libsumo, fast mode)
[INFO] Episode duration: 2700s (45 min)

[DEBUG] 🎯 Célzott Forgalom Generálása (R1C1_C) | Period: 7.2701
Found 6 valid OD pairs for R1C1_C
Generating focused traffic: Period 7.2701s
[INFO] Subscriptions active: 6 (libsumo, fast mode)
[INFO] Episode duration: 2700s (45 min)

[DEBUG] 🎯 Célzott Forgalom Generálása (R1C1_C) | Period: 7.6042
Found 6 valid OD pairs for R1C1_C
Generating focused traffic: Period 7.6042s
[INFO] Subscriptions active: 6 (libsumo, fast mode)
[INFO] Episode duration: 900s (15 min)

[DEBUG] 🎯 Célzott Forgalom Generálása (R1C1_C) | Period: 4.1271
Found 6 valid OD pairs for R1C1_C
Generating focused traffic: Period 4.1271s
[INFO] Subscriptions active: 6 (libsumo, fast mode)
[INFO] Episode duration: 1800s (30 min)

[DEBUG] 🎯 Célzott Forgalom Generálása (R1C1_C) | Period: 6.8116
Found 6 valid OD pairs for R1C1_C
Generating focused traffic: Period 6.8116s
[INFO] Subscriptions active: 6 (libsumo, fast mode)
[INFO] Episode duration: 900s (15 min)

[DEBUG] 🎯 Célzott Forgalom Generálása (R1C1_C) | Period: 4.7539
Found 6 valid OD pairs for R1C1_C
Generating focused traffic: Period 4.7539s
[INFO] Subscriptions active: 6 (libsumo, fast mode)
[INFO] Episode duration: 1800s (30 min)

[DEBUG] 🎯 Célzott Forgalom Generálása (R1C1_C) | Period: 4.3034
Found 6 valid OD pairs for R1C1_C
Generating focused traffic: Period 4.3034s
[INFO] Subscriptions active: 6 (libsumo, fast mode)
[INFO] Episode duration: 900s (15 min)

[DEBUG] 🎯 Célzott Forgalom Generálása (R1C1_C) | Period: 5.2316
Found 6 valid OD pairs for R1C1_C
Generating focused traffic: Period 5.2316s
[INFO] Subscriptions active: 6 (libsumo, fast mode)
[INFO] Episode duration: 1800s (30 min)

[DEBUG] 🎯 Célzott Forgalom Generálása (R1C1_C) | Period: 7.1081
Found 6 valid OD pairs for R1C1_C
Generating focused traffic: Period 7.1081s
[INFO] Subscriptions active: 6 (libsumo, fast mode)
[INFO] Episode duration: 1800s (30 min)

[DEBUG] 🎯 Célzott Forgalom Generálása (R1C1_C) | Period: 5.4571
Found 6 valid OD pairs for R1C1_C
Generating focused traffic: Period 5.4571s
[INFO] Subscriptions active: 6 (libsumo, fast mode)
[INFO] Episode duration: 1800s (30 min)

[DEBUG] 🎯 Célzott Forgalom Generálása (R1C1_C) | Period: 7.7236
Found 6 valid OD pairs for R1C1_C
Generating focused traffic: Period 7.7236s
[INFO] Subscriptions active: 6 (libsumo, fast mode)
[INFO] Episode duration: 900s (15 min)

[DEBUG] 🎯 Célzott Forgalom Generálása (R1C1_C) | Period: 6.3437
Found 6 valid OD pairs for R1C1_C
Generating focused traffic: Period 6.3437s
[INFO] Subscriptions active: 6 (libsumo, fast mode)
[INFO] Episode duration: 2700s (45 min)

[DEBUG] 🎯 Célzott Forgalom Generálása (R1C1_C) | Period: 7.5111
Found 6 valid OD pairs for R1C1_C
Generating focused traffic: Period 7.5111s
[INFO] Subscriptions active: 6 (libsumo, fast mode)
[INFO] Episode duration: 1800s (30 min)

[DEBUG] 🎯 Célzott Forgalom Generálása (R1C1_C) | Period: 6.972
Found 6 valid OD pairs for R1C1_C
Generating focused traffic: Period 6.9720s
[INFO] Subscriptions active: 6 (libsumo, fast mode)
[INFO] Episode duration: 1800s (30 min)

[DEBUG] 🎯 Célzott Forgalom Generálása (R1C1_C) | Period: 5.8705
Found 6 valid OD pairs for R1C1_C
Generating focused traffic: Period 5.8705s
[INFO] Subscriptions active: 6 (libsumo, fast mode)
[INFO] Episode duration: 3600s (60 min)

[DEBUG] 🎯 Célzott Forgalom Generálása (R1C1_C) | Period: 7.7182
Found 6 valid OD pairs for R1C1_C
Generating focused traffic: Period 7.7182s
[INFO] Subscriptions active: 6 (libsumo, fast mode)
[INFO] Episode duration: 1800s (30 min)

[DEBUG] 🎯 Célzott Forgalom Generálása (R1C1_C) | Period: 6.3774
Found 6 valid OD pairs for R1C1_C
Generating focused traffic: Period 6.3774s
[INFO] Subscriptions active: 6 (libsumo, fast mode)
[INFO] Episode duration: 900s (15 min)

[DEBUG] 🎯 Célzott Forgalom Generálása (R1C1_C) | Period: 6.7041
Found 6 valid OD pairs for R1C1_C
Generating focused traffic: Period 6.7041s
[INFO] Subscriptions active: 6 (libsumo, fast mode)
[INFO] Episode duration: 1800s (30 min)

[DEBUG] 🎯 Célzott Forgalom Generálása (R1C1_C) | Period: 5.5987
Found 6 valid OD pairs for R1C1_C
Generating focused traffic: Period 5.5987s
[INFO] Subscriptions active: 6 (libsumo, fast mode)
[INFO] Episode duration: 3600s (60 min)

[DEBUG] 🎯 Célzott Forgalom Generálása (R1C1_C) | Period: 4.3612
Found 6 valid OD pairs for R1C1_C
Generating focused traffic: Period 4.3612s
[INFO] Subscriptions active: 6 (libsumo, fast mode)
[INFO] Episode duration: 2700s (45 min)

[DEBUG] 🎯 Célzott Forgalom Generálása (R1C1_C) | Period: 6.7324
Found 6 valid OD pairs for R1C1_C
Generating focused traffic: Period 6.7324s
[INFO] Subscriptions active: 6 (libsumo, fast mode)
[INFO] Episode duration: 2700s (45 min)

[DEBUG] 🎯 Célzott Forgalom Generálása (R1C1_C) | Period: 5.4285
Found 6 valid OD pairs for R1C1_C
Generating focused traffic: Period 5.4285s
[INFO] Subscriptions active: 6 (libsumo, fast mode)
[INFO] Episode duration: 900s (15 min)

[DEBUG] 🎯 Célzott Forgalom Generálása (R1C1_C) | Period: 7.4662
Found 6 valid OD pairs for R1C1_C
Generating focused traffic: Period 7.4662s
[INFO] Subscriptions active: 6 (libsumo, fast mode)
[INFO] Episode duration: 3600s (60 min)

[DEBUG] 🎯 Célzott Forgalom Generálása (R1C1_C) | Period: 4.3927
Found 6 valid OD pairs for R1C1_C
Generating focused traffic: Period 4.3927s
[INFO] Subscriptions active: 6 (libsumo, fast mode)
[INFO] Episode duration: 900s (15 min)

[DEBUG] 🎯 Célzott Forgalom Generálása (R1C1_C) | Period: 7.6537
Found 6 valid OD pairs for R1C1_C
Generating focused traffic: Period 7.6537s
[INFO] Subscriptions active: 6 (libsumo, fast mode)
[INFO] Episode duration: 1800s (30 min)

[DEBUG] 🎯 Célzott Forgalom Generálása (R1C1_C) | Period: 7.0824
Found 6 valid OD pairs for R1C1_C
Generating focused traffic: Period 7.0824s
[INFO] Subscriptions active: 6 (libsumo, fast mode)
[INFO] Episode duration: 1800s (30 min)

[DEBUG] 🎯 Célzott Forgalom Generálása (R1C1_C) | Period: 5.1015
Found 6 valid OD pairs for R1C1_C
Generating focused traffic: Period 5.1015s
[INFO] Subscriptions active: 6 (libsumo, fast mode)
[INFO] Episode duration: 1800s (30 min)

[DEBUG] 🎯 Célzott Forgalom Generálása (R1C1_C) | Period: 4.3251
Found 6 valid OD pairs for R1C1_C
Generating focused traffic: Period 4.3251s
[INFO] Subscriptions active: 6 (libsumo, fast mode)
[INFO] Episode duration: 3600s (60 min)

[DEBUG] 🎯 Célzott Forgalom Generálása (R1C1_C) | Period: 4.7742
Found 6 valid OD pairs for R1C1_C
Generating focused traffic: Period 4.7742s
[INFO] Subscriptions active: 6 (libsumo, fast mode)
[INFO] Episode duration: 900s (15 min)

[DEBUG] 🎯 Célzott Forgalom Generálása (R1C1_C) | Period: 5.1715
Found 6 valid OD pairs for R1C1_C
Generating focused traffic: Period 5.1715s
[INFO] Subscriptions active: 6 (libsumo, fast mode)
[INFO] Episode duration: 900s (15 min)

[DEBUG] 🎯 Célzott Forgalom Generálása (R1C1_C) | Period: 6.546
Found 6 valid OD pairs for R1C1_C
Generating focused traffic: Period 6.5460s
[INFO] Subscriptions active: 6 (libsumo, fast mode)
[INFO] Episode duration: 900s (15 min)

[DEBUG] 🎯 Célzott Forgalom Generálása (R1C1_C) | Period: 6.0793
Found 6 valid OD pairs for R1C1_C
Generating focused traffic: Period 6.0793s
[INFO] Subscriptions active: 6 (libsumo, fast mode)
[INFO] Episode duration: 3600s (60 min)

[DEBUG] 🎯 Célzott Forgalom Generálása (R1C1_C) | Period: 4.5883
Found 6 valid OD pairs for R1C1_C
Generating focused traffic: Period 4.5883s
[INFO] Subscriptions active: 6 (libsumo, fast mode)
[INFO] Episode duration: 900s (15 min)

[DEBUG] 🎯 Célzott Forgalom Generálása (R1C1_C) | Period: 5.4676
Found 6 valid OD pairs for R1C1_C
Generating focused traffic: Period 5.4676s
[INFO] Subscriptions active: 6 (libsumo, fast mode)
[INFO] Episode duration: 2700s (45 min)

[DEBUG] 🎯 Célzott Forgalom Generálása (R1C1_C) | Period: 4.1795
Found 6 valid OD pairs for R1C1_C
Generating focused traffic: Period 4.1795s
[INFO] Subscriptions active: 6 (libsumo, fast mode)
[INFO] Episode duration: 3600s (60 min)

[DEBUG] 🎯 Célzott Forgalom Generálása (R1C1_C) | Period: 6.8733
Found 6 valid OD pairs for R1C1_C
Generating focused traffic: Period 6.8733s
[INFO] Subscriptions active: 6 (libsumo, fast mode)
[INFO] Episode duration: 900s (15 min)

[DEBUG] 🎯 Célzott Forgalom Generálása (R1C1_C) | Period: 7.0112
Found 6 valid OD pairs for R1C1_C
Generating focused traffic: Period 7.0112s
[INFO] Subscriptions active: 6 (libsumo, fast mode)
[INFO] Episode duration: 3600s (60 min)

[DEBUG] 🎯 Célzott Forgalom Generálása (R1C1_C) | Period: 4.4728
Found 6 valid OD pairs for R1C1_C
Generating focused traffic: Period 4.4728s
[INFO] Subscriptions active: 6 (libsumo, fast mode)
[INFO] Episode duration: 1800s (30 min)

[DEBUG] 🎯 Célzott Forgalom Generálása (R1C1_C) | Period: 5.4219
Found 6 valid OD pairs for R1C1_C
Generating focused traffic: Period 5.4219s
[INFO] Subscriptions active: 6 (libsumo, fast mode)
[INFO] Episode duration: 2700s (45 min)

[DEBUG] 🎯 Célzott Forgalom Generálása (R1C1_C) | Period: 6.8084
Found 6 valid OD pairs for R1C1_C
Generating focused traffic: Period 6.8084s
[INFO] Subscriptions active: 6 (libsumo, fast mode)
[INFO] Episode duration: 1800s (30 min)

[DEBUG] 🎯 Célzott Forgalom Generálása (R1C1_C) | Period: 4.494
Found 6 valid OD pairs for R1C1_C
Generating focused traffic: Period 4.4940s
[INFO] Subscriptions active: 6 (libsumo, fast mode)
[INFO] Episode duration: 2700s (45 min)

[DEBUG] 🎯 Célzott Forgalom Generálása (R1C1_C) | Period: 7.0722
Found 6 valid OD pairs for R1C1_C
Generating focused traffic: Period 7.0722s
[INFO] Subscriptions active: 6 (libsumo, fast mode)
[INFO] Episode duration: 900s (15 min)

[DEBUG] 🎯 Célzott Forgalom Generálása (R1C1_C) | Period: 7.0429
Found 6 valid OD pairs for R1C1_C
Generating focused traffic: Period 7.0429s
[INFO] Subscriptions active: 6 (libsumo, fast mode)
[INFO] Episode duration: 900s (15 min)

[DEBUG] 🎯 Célzott Forgalom Generálása (R1C1_C) | Period: 6.249
Found 6 valid OD pairs for R1C1_C
Generating focused traffic: Period 6.2490s
[INFO] Subscriptions active: 6 (libsumo, fast mode)
[INFO] Episode duration: 1800s (30 min)

[DEBUG] 🎯 Célzott Forgalom Generálása (R1C1_C) | Period: 4.0053
Found 6 valid OD pairs for R1C1_C
Generating focused traffic: Period 4.0053s
[INFO] Subscriptions active: 6 (libsumo, fast mode)
[INFO] Episode duration: 900s (15 min)

[DEBUG] 🎯 Célzott Forgalom Generálása (R1C1_C) | Period: 5.9188
Found 6 valid OD pairs for R1C1_C
Generating focused traffic: Period 5.9188s
[INFO] Subscriptions active: 6 (libsumo, fast mode)
[INFO] Episode duration: 1800s (30 min)

[DEBUG] 🎯 Célzott Forgalom Generálása (R1C1_C) | Period: 7.0518
Found 6 valid OD pairs for R1C1_C
Generating focused traffic: Period 7.0518s
[INFO] Subscriptions active: 6 (libsumo, fast mode)
[INFO] Episode duration: 2700s (45 min)

[DEBUG] 🎯 Célzott Forgalom Generálása (R1C1_C) | Period: 5.9165
Found 6 valid OD pairs for R1C1_C
Generating focused traffic: Period 5.9165s
[INFO] Subscriptions active: 6 (libsumo, fast mode)
------------------------------------
| rollout/              |          |
|    ep_len_mean        | 391      |
|    ep_rew_mean        | 136      |
| time/                 |          |
|    fps                | 177      |
|    iterations         | 10       |
|    time_elapsed       | 115      |
|    total_timesteps    | 20480    |
| train/                |          |
|    entropy_loss       | -1.38    |
|    explained_variance | -0.0276  |
|    learning_rate      | 0.0001   |
|    n_updates          | 9        |
|    policy_loss        | 27.4     |
|    value_loss         | 502      |
------------------------------------
[INFO] Episode duration: 900s (15 min)

[DEBUG] 🎯 Célzott Forgalom Generálása (R1C1_C) | Period: 5.2435
Found 6 valid OD pairs for R1C1_C
Generating focused traffic: Period 5.2435s
[INFO] Subscriptions active: 6 (libsumo, fast mode)
[INFO] Episode duration: 2700s (45 min)

[DEBUG] 🎯 Célzott Forgalom Generálása (R1C1_C) | Period: 6.5239
Found 6 valid OD pairs for R1C1_C
Generating focused traffic: Period 6.5239s
[INFO] Subscriptions active: 6 (libsumo, fast mode)
[INFO] Episode duration: 900s (15 min)

[DEBUG] 🎯 Célzott Forgalom Generálása (R1C1_C) | Period: 5.2415
Found 6 valid OD pairs for R1C1_C
Generating focused traffic: Period 5.2415s
[INFO] Subscriptions active: 6 (libsumo, fast mode)
[INFO] Episode duration: 900s (15 min)

[DEBUG] 🎯 Célzott Forgalom Generálása (R1C1_C) | Period: 4.404
Found 6 valid OD pairs for R1C1_C
Generating focused traffic: Period 4.4040s
[INFO] Subscriptions active: 6 (libsumo, fast mode)
[INFO] Episode duration: 2700s (45 min)

[DEBUG] 🎯 Célzott Forgalom Generálása (R1C1_C) | Period: 6.7682
Found 6 valid OD pairs for R1C1_C
Generating focused traffic: Period 6.7682s
[INFO] Subscriptions active: 6 (libsumo, fast mode)
[INFO] Episode duration: 2700s (45 min)

[DEBUG] 🎯 Célzott Forgalom Generálása (R1C1_C) | Period: 5.2772
Found 6 valid OD pairs for R1C1_C
Generating focused traffic: Period 5.2772s
[INFO] Subscriptions active: 6 (libsumo, fast mode)
[INFO] Episode duration: 2700s (45 min)

[DEBUG] 🎯 Célzott Forgalom Generálása (R1C1_C) | Period: 6.5234
Found 6 valid OD pairs for R1C1_C
Generating focused traffic: Period 6.5234s
[INFO] Subscriptions active: 6 (libsumo, fast mode)
[INFO] Episode duration: 3600s (60 min)

[DEBUG] 🎯 Célzott Forgalom Generálása (R1C1_C) | Period: 6.4508
Found 6 valid OD pairs for R1C1_C
Generating focused traffic: Period 6.4508s
[INFO] Subscriptions active: 6 (libsumo, fast mode)
[INFO] Episode duration: 1800s (30 min)

[DEBUG] 🎯 Célzott Forgalom Generálása (R1C1_C) | Period: 6.7235
Found 6 valid OD pairs for R1C1_C
Generating focused traffic: Period 6.7235s
[INFO] Subscriptions active: 6 (libsumo, fast mode)
[INFO] Episode duration: 1800s (30 min)

[DEBUG] 🎯 Célzott Forgalom Generálása (R1C1_C) | Period: 6.4879
Found 6 valid OD pairs for R1C1_C
Generating focused traffic: Period 6.4879s
[INFO] Subscriptions active: 6 (libsumo, fast mode)
[INFO] Episode duration: 900s (15 min)

[DEBUG] 🎯 Célzott Forgalom Generálása (R1C1_C) | Period: 7.9916
Found 6 valid OD pairs for R1C1_C
Generating focused traffic: Period 7.9916s
[INFO] Subscriptions active: 6 (libsumo, fast mode)
[INFO] Episode duration: 900s (15 min)

[DEBUG] 🎯 Célzott Forgalom Generálása (R1C1_C) | Period: 6.4835
Found 6 valid OD pairs for R1C1_C
Generating focused traffic: Period 6.4835s
[INFO] Subscriptions active: 6 (libsumo, fast mode)
[INFO] Episode duration: 2700s (45 min)

[DEBUG] 🎯 Célzott Forgalom Generálása (R1C1_C) | Period: 6.9647
Found 6 valid OD pairs for R1C1_C
Generating focused traffic: Period 6.9647s
[INFO] Subscriptions active: 6 (libsumo, fast mode)
[INFO] Episode duration: 3600s (60 min)

[DEBUG] 🎯 Célzott Forgalom Generálása (R1C1_C) | Period: 6.777
Found 6 valid OD pairs for R1C1_C
Generating focused traffic: Period 6.7770s
[INFO] Subscriptions active: 6 (libsumo, fast mode)
[INFO] Episode duration: 1800s (30 min)

[DEBUG] 🎯 Célzott Forgalom Generálása (R1C1_C) | Period: 6.4996
Found 6 valid OD pairs for R1C1_C
Generating focused traffic: Period 6.4996s
[INFO] Subscriptions active: 6 (libsumo, fast mode)
[INFO] Episode duration: 1800s (30 min)

[DEBUG] 🎯 Célzott Forgalom Generálása (R1C1_C) | Period: 7.6046
Found 6 valid OD pairs for R1C1_C
Generating focused traffic: Period 7.6046s
[INFO] Subscriptions active: 6 (libsumo, fast mode)
[INFO] Episode duration: 2700s (45 min)

[DEBUG] 🎯 Célzott Forgalom Generálása (R1C1_C) | Period: 7.2205
Found 6 valid OD pairs for R1C1_C
Generating focused traffic: Period 7.2205s
[INFO] Subscriptions active: 6 (libsumo, fast mode)
[INFO] Episode duration: 900s (15 min)

[DEBUG] 🎯 Célzott Forgalom Generálása (R1C1_C) | Period: 4.5502
Found 6 valid OD pairs for R1C1_C
Generating focused traffic: Period 4.5502s
[INFO] Subscriptions active: 6 (libsumo, fast mode)
[INFO] Episode duration: 1800s (30 min)

[DEBUG] 🎯 Célzott Forgalom Generálása (R1C1_C) | Period: 5.1095
Found 6 valid OD pairs for R1C1_C
Generating focused traffic: Period 5.1095s
[INFO] Subscriptions active: 6 (libsumo, fast mode)
[INFO] Episode duration: 900s (15 min)

[DEBUG] 🎯 Célzott Forgalom Generálása (R1C1_C) | Period: 4.5517
Found 6 valid OD pairs for R1C1_C
Generating focused traffic: Period 4.5517s
[INFO] Subscriptions active: 6 (libsumo, fast mode)
[INFO] Episode duration: 1800s (30 min)

[DEBUG] 🎯 Célzott Forgalom Generálása (R1C1_C) | Period: 4.5142
Found 6 valid OD pairs for R1C1_C
Generating focused traffic: Period 4.5142s
[INFO] Subscriptions active: 6 (libsumo, fast mode)
[INFO] Episode duration: 1800s (30 min)

[DEBUG] 🎯 Célzott Forgalom Generálása (R1C1_C) | Period: 7.4652
Found 6 valid OD pairs for R1C1_C
Generating focused traffic: Period 7.4652s
[INFO] Subscriptions active: 6 (libsumo, fast mode)
[INFO] Episode duration: 900s (15 min)

[DEBUG] 🎯 Célzott Forgalom Generálása (R1C1_C) | Period: 6.5423
Found 6 valid OD pairs for R1C1_C
Generating focused traffic: Period 6.5423s
[INFO] Subscriptions active: 6 (libsumo, fast mode)
[INFO] Episode duration: 900s (15 min)

[DEBUG] 🎯 Célzott Forgalom Generálása (R1C1_C) | Period: 7.082
Found 6 valid OD pairs for R1C1_C
Generating focused traffic: Period 7.0820s
[INFO] Subscriptions active: 6 (libsumo, fast mode)
[INFO] Episode duration: 1800s (30 min)

[DEBUG] 🎯 Célzott Forgalom Generálása (R1C1_C) | Period: 6.778
Found 6 valid OD pairs for R1C1_C
Generating focused traffic: Period 6.7780s
[INFO] Subscriptions active: 6 (libsumo, fast mode)
[INFO] Episode duration: 1800s (30 min)

[DEBUG] 🎯 Célzott Forgalom Generálása (R1C1_C) | Period: 7.6646
Found 6 valid OD pairs for R1C1_C
Generating focused traffic: Period 7.6646s
[INFO] Subscriptions active: 6 (libsumo, fast mode)
[INFO] Episode duration: 1800s (30 min)

[DEBUG] 🎯 Célzott Forgalom Generálása (R1C1_C) | Period: 5.104
Found 6 valid OD pairs for R1C1_C
Generating focused traffic: Period 5.1040s
[INFO] Subscriptions active: 6 (libsumo, fast mode)
[INFO] Episode duration: 3600s (60 min)

[DEBUG] 🎯 Célzott Forgalom Generálása (R1C1_C) | Period: 6.0118
Found 6 valid OD pairs for R1C1_C
Generating focused traffic: Period 6.0118s
[INFO] Subscriptions active: 6 (libsumo, fast mode)
[INFO] Episode duration: 2700s (45 min)

[DEBUG] 🎯 Célzott Forgalom Generálása (R1C1_C) | Period: 5.318
Found 6 valid OD pairs for R1C1_C
Generating focused traffic: Period 5.3180s
[INFO] Subscriptions active: 6 (libsumo, fast mode)
[INFO] Episode duration: 900s (15 min)

[DEBUG] 🎯 Célzott Forgalom Generálása (R1C1_C) | Period: 6.6383
Found 6 valid OD pairs for R1C1_C
Generating focused traffic: Period 6.6383s
[INFO] Subscriptions active: 6 (libsumo, fast mode)
[INFO] Episode duration: 2700s (45 min)

[DEBUG] 🎯 Célzott Forgalom Generálása (R1C1_C) | Period: 4.6611
Found 6 valid OD pairs for R1C1_C
Generating focused traffic: Period 4.6611s
[INFO] Subscriptions active: 6 (libsumo, fast mode)
[INFO] Episode duration: 1800s (30 min)

[DEBUG] 🎯 Célzott Forgalom Generálása (R1C1_C) | Period: 7.7392
Found 6 valid OD pairs for R1C1_C
Generating focused traffic: Period 7.7392s
[INFO] Subscriptions active: 6 (libsumo, fast mode)
[INFO] Episode duration: 900s (15 min)

[DEBUG] 🎯 Célzott Forgalom Generálása (R1C1_C) | Period: 4.0375
Found 6 valid OD pairs for R1C1_C
Generating focused traffic: Period 4.0375s
[INFO] Subscriptions active: 6 (libsumo, fast mode)
[INFO] Episode duration: 3600s (60 min)

[DEBUG] 🎯 Célzott Forgalom Generálása (R1C1_C) | Period: 7.1897
Found 6 valid OD pairs for R1C1_C
Generating focused traffic: Period 7.1897s
[INFO] Subscriptions active: 6 (libsumo, fast mode)
[INFO] Episode duration: 2700s (45 min)

[DEBUG] 🎯 Célzott Forgalom Generálása (R1C1_C) | Period: 4.5747
Found 6 valid OD pairs for R1C1_C
Generating focused traffic: Period 4.5747s
[INFO] Subscriptions active: 6 (libsumo, fast mode)
[INFO] Episode duration: 1800s (30 min)

[DEBUG] 🎯 Célzott Forgalom Generálása (R1C1_C) | Period: 6.8775
Found 6 valid OD pairs for R1C1_C
Generating focused traffic: Period 6.8775s
[INFO] Subscriptions active: 6 (libsumo, fast mode)
[INFO] Episode duration: 1800s (30 min)

[DEBUG] 🎯 Célzott Forgalom Generálása (R1C1_C) | Period: 6.2716
Found 6 valid OD pairs for R1C1_C
Generating focused traffic: Period 6.2716s
[INFO] Subscriptions active: 6 (libsumo, fast mode)
[INFO] Episode duration: 1800s (30 min)

[DEBUG] 🎯 Célzott Forgalom Generálása (R1C1_C) | Period: 7.5309
Found 6 valid OD pairs for R1C1_C
Generating focused traffic: Period 7.5309s
[INFO] Subscriptions active: 6 (libsumo, fast mode)
[INFO] Episode duration: 3600s (60 min)

[DEBUG] 🎯 Célzott Forgalom Generálása (R1C1_C) | Period: 6.4078
Found 6 valid OD pairs for R1C1_C
Generating focused traffic: Period 6.4078s
[INFO] Subscriptions active: 6 (libsumo, fast mode)
[INFO] Episode duration: 1800s (30 min)

[DEBUG] 🎯 Célzott Forgalom Generálása (R1C1_C) | Period: 6.1833
Found 6 valid OD pairs for R1C1_C
Generating focused traffic: Period 6.1833s
[INFO] Subscriptions active: 6 (libsumo, fast mode)
[INFO] Episode duration: 3600s (60 min)

[DEBUG] 🎯 Célzott Forgalom Generálása (R1C1_C) | Period: 5.3849
Found 6 valid OD pairs for R1C1_C
Generating focused traffic: Period 5.3849s
[INFO] Subscriptions active: 6 (libsumo, fast mode)
[INFO] Episode duration: 900s (15 min)

[DEBUG] 🎯 Célzott Forgalom Generálása (R1C1_C) | Period: 4.2665
Found 6 valid OD pairs for R1C1_C
Generating focused traffic: Period 4.2665s
[INFO] Subscriptions active: 6 (libsumo, fast mode)
[INFO] Episode duration: 1800s (30 min)

[DEBUG] 🎯 Célzott Forgalom Generálása (R1C1_C) | Period: 4.4645
Found 6 valid OD pairs for R1C1_C
Generating focused traffic: Period 4.4645s
[INFO] Subscriptions active: 6 (libsumo, fast mode)
[INFO] Episode duration: 2700s (45 min)

[DEBUG] 🎯 Célzott Forgalom Generálása (R1C1_C) | Period: 7.5445
Found 6 valid OD pairs for R1C1_C
Generating focused traffic: Period 7.5445s
[INFO] Subscriptions active: 6 (libsumo, fast mode)
[INFO] Episode duration: 1800s (30 min)

[DEBUG] 🎯 Célzott Forgalom Generálása (R1C1_C) | Period: 5.1093
Found 6 valid OD pairs for R1C1_C
Generating focused traffic: Period 5.1093s
[INFO] Subscriptions active: 6 (libsumo, fast mode)
[INFO] Episode duration: 1800s (30 min)

[DEBUG] 🎯 Célzott Forgalom Generálása (R1C1_C) | Period: 5.8169
Found 6 valid OD pairs for R1C1_C
Generating focused traffic: Period 5.8169s
[INFO] Subscriptions active: 6 (libsumo, fast mode)
[INFO] Episode duration: 900s (15 min)

[DEBUG] 🎯 Célzott Forgalom Generálása (R1C1_C) | Period: 6.1224
Found 6 valid OD pairs for R1C1_C
Generating focused traffic: Period 6.1224s
[INFO] Subscriptions active: 6 (libsumo, fast mode)
[INFO] Episode duration: 3600s (60 min)

[DEBUG] 🎯 Célzott Forgalom Generálása (R1C1_C) | Period: 5.9295
Found 6 valid OD pairs for R1C1_C
Generating focused traffic: Period 5.9295s
[INFO] Subscriptions active: 6 (libsumo, fast mode)
[INFO] Episode duration: 1800s (30 min)

[DEBUG] 🎯 Célzott Forgalom Generálása (R1C1_C) | Period: 4.3838
Found 6 valid OD pairs for R1C1_C
Generating focused traffic: Period 4.3838s
[INFO] Subscriptions active: 6 (libsumo, fast mode)
[INFO] Episode duration: 2700s (45 min)

[DEBUG] 🎯 Célzott Forgalom Generálása (R1C1_C) | Period: 6.0271
Found 6 valid OD pairs for R1C1_C
Generating focused traffic: Period 6.0271s
[INFO] Subscriptions active: 6 (libsumo, fast mode)
------------------------------------
| rollout/              |          |
|    ep_len_mean        | 396      |
|    ep_rew_mean        | 140      |
| time/                 |          |
|    fps                | 178      |
|    iterations         | 20       |
|    time_elapsed       | 229      |
|    total_timesteps    | 40960    |
| train/                |          |
|    entropy_loss       | -1.38    |
|    explained_variance | -0.0282  |
|    learning_rate      | 0.0001   |
|    n_updates          | 19       |
|    policy_loss        | 26.5     |
|    value_loss         | 477      |
------------------------------------
[INFO] Episode duration: 900s (15 min)

[DEBUG] 🎯 Célzott Forgalom Generálása (R1C1_C) | Period: 7.341
Found 6 valid OD pairs for R1C1_C
Generating focused traffic: Period 7.3410s
[INFO] Subscriptions active: 6 (libsumo, fast mode)
[INFO] Episode duration: 900s (15 min)

[DEBUG] 🎯 Célzott Forgalom Generálása (R1C1_C) | Period: 6.876
Found 6 valid OD pairs for R1C1_C
Generating focused traffic: Period 6.8760s
[INFO] Subscriptions active: 6 (libsumo, fast mode)
[INFO] Episode duration: 1800s (30 min)

[DEBUG] 🎯 Célzott Forgalom Generálása (R1C1_C) | Period: 5.5301
Found 6 valid OD pairs for R1C1_C
Generating focused traffic: Period 5.5301s
[INFO] Subscriptions active: 6 (libsumo, fast mode)
[INFO] Episode duration: 3600s (60 min)

[DEBUG] 🎯 Célzott Forgalom Generálása (R1C1_C) | Period: 6.6405
Found 6 valid OD pairs for R1C1_C
Generating focused traffic: Period 6.6405s
[INFO] Subscriptions active: 6 (libsumo, fast mode)
[INFO] Episode duration: 1800s (30 min)

[DEBUG] 🎯 Célzott Forgalom Generálása (R1C1_C) | Period: 5.4505
Found 6 valid OD pairs for R1C1_C
Generating focused traffic: Period 5.4505s
[INFO] Subscriptions active: 6 (libsumo, fast mode)
[INFO] Episode duration: 1800s (30 min)

[DEBUG] 🎯 Célzott Forgalom Generálása (R1C1_C) | Period: 6.4856
Found 6 valid OD pairs for R1C1_C
Generating focused traffic: Period 6.4856s
[INFO] Subscriptions active: 6 (libsumo, fast mode)
[INFO] Episode duration: 900s (15 min)

[DEBUG] 🎯 Célzott Forgalom Generálása (R1C1_C) | Period: 4.1687
Found 6 valid OD pairs for R1C1_C
Generating focused traffic: Period 4.1687s
[INFO] Subscriptions active: 6 (libsumo, fast mode)
[INFO] Episode duration: 900s (15 min)

[DEBUG] 🎯 Célzott Forgalom Generálása (R1C1_C) | Period: 6.019
Found 6 valid OD pairs for R1C1_C
Generating focused traffic: Period 6.0190s
[INFO] Subscriptions active: 6 (libsumo, fast mode)
[INFO] Episode duration: 1800s (30 min)

[DEBUG] 🎯 Célzott Forgalom Generálása (R1C1_C) | Period: 5.0697
Found 6 valid OD pairs for R1C1_C
Generating focused traffic: Period 5.0697s
[INFO] Subscriptions active: 6 (libsumo, fast mode)
[INFO] Episode duration: 3600s (60 min)

[DEBUG] 🎯 Célzott Forgalom Generálása (R1C1_C) | Period: 7.4672
Found 6 valid OD pairs for R1C1_C
Generating focused traffic: Period 7.4672s
[INFO] Subscriptions active: 6 (libsumo, fast mode)
[INFO] Episode duration: 1800s (30 min)

[DEBUG] 🎯 Célzott Forgalom Generálása (R1C1_C) | Period: 7.6555
Found 6 valid OD pairs for R1C1_C
Generating focused traffic: Period 7.6555s
[INFO] Subscriptions active: 6 (libsumo, fast mode)
[INFO] Episode duration: 900s (15 min)

[DEBUG] 🎯 Célzott Forgalom Generálása (R1C1_C) | Period: 4.4865
Found 6 valid OD pairs for R1C1_C
Generating focused traffic: Period 4.4865s
[INFO] Subscriptions active: 6 (libsumo, fast mode)
[INFO] Episode duration: 3600s (60 min)

[DEBUG] 🎯 Célzott Forgalom Generálása (R1C1_C) | Period: 5.568
Found 6 valid OD pairs for R1C1_C
Generating focused traffic: Period 5.5680s
[INFO] Subscriptions active: 6 (libsumo, fast mode)
[INFO] Episode duration: 2700s (45 min)

[DEBUG] 🎯 Célzott Forgalom Generálása (R1C1_C) | Period: 4.5706
Found 6 valid OD pairs for R1C1_C
Generating focused traffic: Period 4.5706s
[INFO] Subscriptions active: 6 (libsumo, fast mode)
[INFO] Episode duration: 1800s (30 min)

[DEBUG] 🎯 Célzott Forgalom Generálása (R1C1_C) | Period: 6.5261
Found 6 valid OD pairs for R1C1_C
Generating focused traffic: Period 6.5261s
[INFO] Subscriptions active: 6 (libsumo, fast mode)
[INFO] Episode duration: 1800s (30 min)

[DEBUG] 🎯 Célzott Forgalom Generálása (R1C1_C) | Period: 6.646
Found 6 valid OD pairs for R1C1_C
Generating focused traffic: Period 6.6460s
[INFO] Subscriptions active: 6 (libsumo, fast mode)
[INFO] Episode duration: 2700s (45 min)

[DEBUG] 🎯 Célzott Forgalom Generálása (R1C1_C) | Period: 6.7494
Found 6 valid OD pairs for R1C1_C
Generating focused traffic: Period 6.7494s
[INFO] Subscriptions active: 6 (libsumo, fast mode)
[INFO] Episode duration: 1800s (30 min)

[DEBUG] 🎯 Célzott Forgalom Generálása (R1C1_C) | Period: 6.9984
Found 6 valid OD pairs for R1C1_C
Generating focused traffic: Period 6.9984s
[INFO] Subscriptions active: 6 (libsumo, fast mode)
[INFO] Episode duration: 2700s (45 min)

[DEBUG] 🎯 Célzott Forgalom Generálása (R1C1_C) | Period: 7.1262
Found 6 valid OD pairs for R1C1_C
Generating focused traffic: Period 7.1262s
[INFO] Subscriptions active: 6 (libsumo, fast mode)
[INFO] Episode duration: 3600s (60 min)

[DEBUG] 🎯 Célzott Forgalom Generálása (R1C1_C) | Period: 6.7914
Found 6 valid OD pairs for R1C1_C
Generating focused traffic: Period 6.7914s
[INFO] Subscriptions active: 6 (libsumo, fast mode)
[INFO] Episode duration: 900s (15 min)

[DEBUG] 🎯 Célzott Forgalom Generálása (R1C1_C) | Period: 4.9912
Found 6 valid OD pairs for R1C1_C
Generating focused traffic: Period 4.9912s
[INFO] Subscriptions active: 6 (libsumo, fast mode)
[INFO] Episode duration: 1800s (30 min)

[DEBUG] 🎯 Célzott Forgalom Generálása (R1C1_C) | Period: 4.6955
Found 6 valid OD pairs for R1C1_C
Generating focused traffic: Period 4.6955s
[INFO] Subscriptions active: 6 (libsumo, fast mode)
[INFO] Episode duration: 900s (15 min)

[DEBUG] 🎯 Célzott Forgalom Generálása (R1C1_C) | Period: 4.0865
Found 6 valid OD pairs for R1C1_C
Generating focused traffic: Period 4.0865s
[INFO] Subscriptions active: 6 (libsumo, fast mode)
[INFO] Episode duration: 3600s (60 min)

[DEBUG] 🎯 Célzott Forgalom Generálása (R1C1_C) | Period: 6.1374
Found 6 valid OD pairs for R1C1_C
Generating focused traffic: Period 6.1374s
[INFO] Subscriptions active: 6 (libsumo, fast mode)
[INFO] Episode duration: 1800s (30 min)

[DEBUG] 🎯 Célzott Forgalom Generálása (R1C1_C) | Period: 4.5786
Found 6 valid OD pairs for R1C1_C
Generating focused traffic: Period 4.5786s
[INFO] Subscriptions active: 6 (libsumo, fast mode)
[INFO] Episode duration: 900s (15 min)

[DEBUG] 🎯 Célzott Forgalom Generálása (R1C1_C) | Period: 6.9489
Found 6 valid OD pairs for R1C1_C
Generating focused traffic: Period 6.9489s
[INFO] Subscriptions active: 6 (libsumo, fast mode)
[INFO] Episode duration: 3600s (60 min)

[DEBUG] 🎯 Célzott Forgalom Generálása (R1C1_C) | Period: 7.7673
Found 6 valid OD pairs for R1C1_C
Generating focused traffic: Period 7.7673s
[INFO] Subscriptions active: 6 (libsumo, fast mode)
[INFO] Episode duration: 2700s (45 min)

[DEBUG] 🎯 Célzott Forgalom Generálása (R1C1_C) | Period: 7.3966
Found 6 valid OD pairs for R1C1_C
Generating focused traffic: Period 7.3966s
[INFO] Subscriptions active: 6 (libsumo, fast mode)
[INFO] Episode duration: 1800s (30 min)

[DEBUG] 🎯 Célzott Forgalom Generálása (R1C1_C) | Period: 6.3993
Found 6 valid OD pairs for R1C1_C
Generating focused traffic: Period 6.3993s
[INFO] Subscriptions active: 6 (libsumo, fast mode)
[INFO] Episode duration: 1800s (30 min)

[DEBUG] 🎯 Célzott Forgalom Generálása (R1C1_C) | Period: 6.1132
Found 6 valid OD pairs for R1C1_C
Generating focused traffic: Period 6.1132s
[INFO] Subscriptions active: 6 (libsumo, fast mode)
[INFO] Episode duration: 1800s (30 min)

[DEBUG] 🎯 Célzott Forgalom Generálása (R1C1_C) | Period: 7.9093
Found 6 valid OD pairs for R1C1_C
Generating focused traffic: Period 7.9093s
[INFO] Subscriptions active: 6 (libsumo, fast mode)
[INFO] Episode duration: 900s (15 min)

[DEBUG] 🎯 Célzott Forgalom Generálása (R1C1_C) | Period: 6.595
Found 6 valid OD pairs for R1C1_C
Generating focused traffic: Period 6.5950s
[INFO] Subscriptions active: 6 (libsumo, fast mode)
[INFO] Episode duration: 1800s (30 min)

[DEBUG] 🎯 Célzott Forgalom Generálása (R1C1_C) | Period: 5.4396
Found 6 valid OD pairs for R1C1_C
Generating focused traffic: Period 5.4396s
[INFO] Subscriptions active: 6 (libsumo, fast mode)
[INFO] Episode duration: 3600s (60 min)

[DEBUG] 🎯 Célzott Forgalom Generálása (R1C1_C) | Period: 7.5245
Found 6 valid OD pairs for R1C1_C
Generating focused traffic: Period 7.5245s
[INFO] Subscriptions active: 6 (libsumo, fast mode)
[INFO] Episode duration: 1800s (30 min)

[DEBUG] 🎯 Célzott Forgalom Generálása (R1C1_C) | Period: 6.9645
Found 6 valid OD pairs for R1C1_C
Generating focused traffic: Period 6.9645s
[INFO] Subscriptions active: 6 (libsumo, fast mode)
[INFO] Episode duration: 900s (15 min)

[DEBUG] 🎯 Célzott Forgalom Generálása (R1C1_C) | Period: 4.669
Found 6 valid OD pairs for R1C1_C
Generating focused traffic: Period 4.6690s
[INFO] Subscriptions active: 6 (libsumo, fast mode)
[INFO] Episode duration: 900s (15 min)

[DEBUG] 🎯 Célzott Forgalom Generálása (R1C1_C) | Period: 6.8946
Found 6 valid OD pairs for R1C1_C
Generating focused traffic: Period 6.8946s
[INFO] Subscriptions active: 6 (libsumo, fast mode)
[INFO] Episode duration: 900s (15 min)

[DEBUG] 🎯 Célzott Forgalom Generálása (R1C1_C) | Period: 7.9131
Found 6 valid OD pairs for R1C1_C
Generating focused traffic: Period 7.9131s
[INFO] Subscriptions active: 6 (libsumo, fast mode)
[INFO] Episode duration: 3600s (60 min)

[DEBUG] 🎯 Célzott Forgalom Generálása (R1C1_C) | Period: 5.5397
Found 6 valid OD pairs for R1C1_C
Generating focused traffic: Period 5.5397s
[INFO] Subscriptions active: 6 (libsumo, fast mode)
[INFO] Episode duration: 2700s (45 min)

[DEBUG] 🎯 Célzott Forgalom Generálása (R1C1_C) | Period: 7.1065
Found 6 valid OD pairs for R1C1_C
Generating focused traffic: Period 7.1065s
[INFO] Subscriptions active: 6 (libsumo, fast mode)
[INFO] Episode duration: 3600s (60 min)

[DEBUG] 🎯 Célzott Forgalom Generálása (R1C1_C) | Period: 6.3489
Found 6 valid OD pairs for R1C1_C
Generating focused traffic: Period 6.3489s
[INFO] Subscriptions active: 6 (libsumo, fast mode)
[INFO] Episode duration: 900s (15 min)

[DEBUG] 🎯 Célzott Forgalom Generálása (R1C1_C) | Period: 5.5843
Found 6 valid OD pairs for R1C1_C
Generating focused traffic: Period 5.5843s
[INFO] Subscriptions active: 6 (libsumo, fast mode)
[INFO] Episode duration: 1800s (30 min)

[DEBUG] 🎯 Célzott Forgalom Generálása (R1C1_C) | Period: 6.2824
Found 6 valid OD pairs for R1C1_C
Generating focused traffic: Period 6.2824s
[INFO] Subscriptions active: 6 (libsumo, fast mode)
[INFO] Episode duration: 1800s (30 min)

[DEBUG] 🎯 Célzott Forgalom Generálása (R1C1_C) | Period: 5.3454
Found 6 valid OD pairs for R1C1_C
Generating focused traffic: Period 5.3454s
[INFO] Subscriptions active: 6 (libsumo, fast mode)
[INFO] Episode duration: 2700s (45 min)

[DEBUG] 🎯 Célzott Forgalom Generálása (R1C1_C) | Period: 4.9291
Found 6 valid OD pairs for R1C1_C
Generating focused traffic: Period 4.9291s
[INFO] Subscriptions active: 6 (libsumo, fast mode)
[INFO] Episode duration: 2700s (45 min)

[DEBUG] 🎯 Célzott Forgalom Generálása (R1C1_C) | Period: 5.0242
Found 6 valid OD pairs for R1C1_C
Generating focused traffic: Period 5.0242s
[INFO] Subscriptions active: 6 (libsumo, fast mode)
[INFO] Episode duration: 900s (15 min)

[DEBUG] 🎯 Célzott Forgalom Generálása (R1C1_C) | Period: 6.3351
Found 6 valid OD pairs for R1C1_C
Generating focused traffic: Period 6.3351s
[INFO] Subscriptions active: 6 (libsumo, fast mode)
[INFO] Episode duration: 1800s (30 min)

[DEBUG] 🎯 Célzott Forgalom Generálása (R1C1_C) | Period: 4.702
Found 6 valid OD pairs for R1C1_C
Generating focused traffic: Period 4.7020s
[INFO] Subscriptions active: 6 (libsumo, fast mode)
[INFO] Episode duration: 900s (15 min)

[DEBUG] 🎯 Célzott Forgalom Generálása (R1C1_C) | Period: 5.5078
Found 6 valid OD pairs for R1C1_C
Generating focused traffic: Period 5.5078s
[INFO] Subscriptions active: 6 (libsumo, fast mode)
[INFO] Episode duration: 900s (15 min)

[DEBUG] 🎯 Célzott Forgalom Generálása (R1C1_C) | Period: 4.5202
Found 6 valid OD pairs for R1C1_C
Generating focused traffic: Period 4.5202s
[INFO] Subscriptions active: 6 (libsumo, fast mode)
[INFO] Episode duration: 900s (15 min)

[DEBUG] 🎯 Célzott Forgalom Generálása (R1C1_C) | Period: 7.4972
Found 6 valid OD pairs for R1C1_C
Generating focused traffic: Period 7.4972s
[INFO] Subscriptions active: 6 (libsumo, fast mode)
[INFO] Episode duration: 3600s (60 min)

[DEBUG] 🎯 Célzott Forgalom Generálása (R1C1_C) | Period: 6.2799
Found 6 valid OD pairs for R1C1_C
Generating focused traffic: Period 6.2799s
[INFO] Subscriptions active: 6 (libsumo, fast mode)
------------------------------------
| rollout/              |          |
|    ep_len_mean        | 398      |
|    ep_rew_mean        | 146      |
| time/                 |          |
|    fps                | 193      |
|    iterations         | 30       |
|    time_elapsed       | 316      |
|    total_timesteps    | 61440    |
| train/                |          |
|    entropy_loss       | -1.38    |
|    explained_variance | -0.0702  |
|    learning_rate      | 0.0001   |
|    n_updates          | 29       |
|    policy_loss        | 24.6     |
|    value_loss         | 433      |
------------------------------------
[INFO] Episode duration: 900s (15 min)

[DEBUG] 🎯 Célzott Forgalom Generálása (R1C1_C) | Period: 6.9365
Found 6 valid OD pairs for R1C1_C
Generating focused traffic: Period 6.9365s
[INFO] Subscriptions active: 6 (libsumo, fast mode)
[INFO] Episode duration: 2700s (45 min)

[DEBUG] 🎯 Célzott Forgalom Generálása (R1C1_C) | Period: 4.3099
Found 6 valid OD pairs for R1C1_C
Generating focused traffic: Period 4.3099s
[INFO] Subscriptions active: 6 (libsumo, fast mode)
[INFO] Episode duration: 2700s (45 min)

[DEBUG] 🎯 Célzott Forgalom Generálása (R1C1_C) | Period: 7.4708
Found 6 valid OD pairs for R1C1_C
Generating focused traffic: Period 7.4708s
[INFO] Subscriptions active: 6 (libsumo, fast mode)
[INFO] Episode duration: 1800s (30 min)

[DEBUG] 🎯 Célzott Forgalom Generálása (R1C1_C) | Period: 4.9426
Found 6 valid OD pairs for R1C1_C
Generating focused traffic: Period 4.9426s
[INFO] Subscriptions active: 6 (libsumo, fast mode)
[INFO] Episode duration: 1800s (30 min)

[DEBUG] 🎯 Célzott Forgalom Generálása (R1C1_C) | Period: 7.7686
Found 6 valid OD pairs for R1C1_C
Generating focused traffic: Period 7.7686s
[INFO] Subscriptions active: 6 (libsumo, fast mode)
[INFO] Episode duration: 3600s (60 min)

[DEBUG] 🎯 Célzott Forgalom Generálása (R1C1_C) | Period: 4.5554
Found 6 valid OD pairs for R1C1_C
Generating focused traffic: Period 4.5554s
[INFO] Subscriptions active: 6 (libsumo, fast mode)
[INFO] Episode duration: 900s (15 min)

[DEBUG] 🎯 Célzott Forgalom Generálása (R1C1_C) | Period: 7.8453
Found 6 valid OD pairs for R1C1_C
Generating focused traffic: Period 7.8453s
[INFO] Subscriptions active: 6 (libsumo, fast mode)
[INFO] Episode duration: 3600s (60 min)

[DEBUG] 🎯 Célzott Forgalom Generálása (R1C1_C) | Period: 5.9783
Found 6 valid OD pairs for R1C1_C
Generating focused traffic: Period 5.9783s
[INFO] Subscriptions active: 6 (libsumo, fast mode)
[INFO] Episode duration: 3600s (60 min)

[DEBUG] 🎯 Célzott Forgalom Generálása (R1C1_C) | Period: 7.2967
Found 6 valid OD pairs for R1C1_C
Generating focused traffic: Period 7.2967s
[INFO] Subscriptions active: 6 (libsumo, fast mode)
[INFO] Episode duration: 900s (15 min)

[DEBUG] 🎯 Célzott Forgalom Generálása (R1C1_C) | Period: 7.5697
Found 6 valid OD pairs for R1C1_C
Generating focused traffic: Period 7.5697s
[INFO] Subscriptions active: 6 (libsumo, fast mode)
[INFO] Episode duration: 3600s (60 min)

[DEBUG] 🎯 Célzott Forgalom Generálása (R1C1_C) | Period: 4.5177
Found 6 valid OD pairs for R1C1_C
Generating focused traffic: Period 4.5177s
[INFO] Subscriptions active: 6 (libsumo, fast mode)
[INFO] Episode duration: 2700s (45 min)

[DEBUG] 🎯 Célzott Forgalom Generálása (R1C1_C) | Period: 5.5574
Found 6 valid OD pairs for R1C1_C
Generating focused traffic: Period 5.5574s
[INFO] Subscriptions active: 6 (libsumo, fast mode)
[INFO] Episode duration: 1800s (30 min)

[DEBUG] 🎯 Célzott Forgalom Generálása (R1C1_C) | Period: 7.9811
Found 6 valid OD pairs for R1C1_C
Generating focused traffic: Period 7.9811s
[INFO] Subscriptions active: 6 (libsumo, fast mode)
[INFO] Episode duration: 1800s (30 min)

[DEBUG] 🎯 Célzott Forgalom Generálása (R1C1_C) | Period: 6.7505
Found 6 valid OD pairs for R1C1_C
Generating focused traffic: Period 6.7505s
[INFO] Subscriptions active: 6 (libsumo, fast mode)
[INFO] Episode duration: 3600s (60 min)

[DEBUG] 🎯 Célzott Forgalom Generálása (R1C1_C) | Period: 5.0683
Found 6 valid OD pairs for R1C1_C
Generating focused traffic: Period 5.0683s
[INFO] Subscriptions active: 6 (libsumo, fast mode)
[INFO] Episode duration: 3600s (60 min)

[DEBUG] 🎯 Célzott Forgalom Generálása (R1C1_C) | Period: 5.6716
Found 6 valid OD pairs for R1C1_C
Generating focused traffic: Period 5.6716s
[INFO] Subscriptions active: 6 (libsumo, fast mode)
[INFO] Episode duration: 3600s (60 min)

[DEBUG] 🎯 Célzott Forgalom Generálása (R1C1_C) | Period: 7.9183
Found 6 valid OD pairs for R1C1_C
Generating focused traffic: Period 7.9183s
[INFO] Subscriptions active: 6 (libsumo, fast mode)
[INFO] Episode duration: 3600s (60 min)

[DEBUG] 🎯 Célzott Forgalom Generálása (R1C1_C) | Period: 5.1525
Found 6 valid OD pairs for R1C1_C
Generating focused traffic: Period 5.1525s
[INFO] Subscriptions active: 6 (libsumo, fast mode)
[INFO] Episode duration: 900s (15 min)

[DEBUG] 🎯 Célzott Forgalom Generálása (R1C1_C) | Period: 7.6833
Found 6 valid OD pairs for R1C1_C
Generating focused traffic: Period 7.6833s
[INFO] Subscriptions active: 6 (libsumo, fast mode)
[INFO] Episode duration: 900s (15 min)

[DEBUG] 🎯 Célzott Forgalom Generálása (R1C1_C) | Period: 5.3812
Found 6 valid OD pairs for R1C1_C
Generating focused traffic: Period 5.3812s
[INFO] Subscriptions active: 6 (libsumo, fast mode)
[INFO] Episode duration: 3600s (60 min)

[DEBUG] 🎯 Célzott Forgalom Generálása (R1C1_C) | Period: 6.4169
Found 6 valid OD pairs for R1C1_C
Generating focused traffic: Period 6.4169s
[INFO] Subscriptions active: 6 (libsumo, fast mode)
[INFO] Episode duration: 1800s (30 min)

[DEBUG] 🎯 Célzott Forgalom Generálása (R1C1_C) | Period: 6.9145
Found 6 valid OD pairs for R1C1_C
Generating focused traffic: Period 6.9145s
[INFO] Subscriptions active: 6 (libsumo, fast mode)
[INFO] Episode duration: 3600s (60 min)

[DEBUG] 🎯 Célzott Forgalom Generálása (R1C1_C) | Period: 4.2548
Found 6 valid OD pairs for R1C1_C
Generating focused traffic: Period 4.2548s
[INFO] Subscriptions active: 6 (libsumo, fast mode)
[INFO] Episode duration: 1800s (30 min)

[DEBUG] 🎯 Célzott Forgalom Generálása (R1C1_C) | Period: 7.4555
Found 6 valid OD pairs for R1C1_C
Generating focused traffic: Period 7.4555s
[INFO] Subscriptions active: 6 (libsumo, fast mode)
[INFO] Episode duration: 3600s (60 min)

[DEBUG] 🎯 Célzott Forgalom Generálása (R1C1_C) | Period: 5.818
Found 6 valid OD pairs for R1C1_C
Generating focused traffic: Period 5.8180s
[INFO] Subscriptions active: 6 (libsumo, fast mode)
[INFO] Episode duration: 900s (15 min)

[DEBUG] 🎯 Célzott Forgalom Generálása (R1C1_C) | Period: 5.5886
Found 6 valid OD pairs for R1C1_C
Generating focused traffic: Period 5.5886s
[INFO] Subscriptions active: 6 (libsumo, fast mode)
[INFO] Episode duration: 900s (15 min)

[DEBUG] 🎯 Célzott Forgalom Generálása (R1C1_C) | Period: 6.6937
Found 6 valid OD pairs for R1C1_C
Generating focused traffic: Period 6.6937s
[INFO] Subscriptions active: 6 (libsumo, fast mode)
[INFO] Episode duration: 2700s (45 min)

[DEBUG] 🎯 Célzott Forgalom Generálása (R1C1_C) | Period: 7.7275
Found 6 valid OD pairs for R1C1_C
Generating focused traffic: Period 7.7275s
[INFO] Subscriptions active: 6 (libsumo, fast mode)
[INFO] Episode duration: 900s (15 min)

[DEBUG] 🎯 Célzott Forgalom Generálása (R1C1_C) | Period: 6.2382
Found 6 valid OD pairs for R1C1_C
Generating focused traffic: Period 6.2382s
[INFO] Subscriptions active: 6 (libsumo, fast mode)
[INFO] Episode duration: 3600s (60 min)

[DEBUG] 🎯 Célzott Forgalom Generálása (R1C1_C) | Period: 7.3614
Found 6 valid OD pairs for R1C1_C
Generating focused traffic: Period 7.3614s
[INFO] Subscriptions active: 6 (libsumo, fast mode)
[INFO] Episode duration: 3600s (60 min)

[DEBUG] 🎯 Célzott Forgalom Generálása (R1C1_C) | Period: 5.6176
Found 6 valid OD pairs for R1C1_C
Generating focused traffic: Period 5.6176s
[INFO] Subscriptions active: 6 (libsumo, fast mode)
[INFO] Episode duration: 2700s (45 min)

[DEBUG] 🎯 Célzott Forgalom Generálása (R1C1_C) | Period: 6.8504
Found 6 valid OD pairs for R1C1_C
Generating focused traffic: Period 6.8504s
[INFO] Subscriptions active: 6 (libsumo, fast mode)
[INFO] Episode duration: 1800s (30 min)

[DEBUG] 🎯 Célzott Forgalom Generálása (R1C1_C) | Period: 5.5758
Found 6 valid OD pairs for R1C1_C
Generating focused traffic: Period 5.5758s
[INFO] Subscriptions active: 6 (libsumo, fast mode)
[INFO] Episode duration: 3600s (60 min)

[DEBUG] 🎯 Célzott Forgalom Generálása (R1C1_C) | Period: 6.4537
Found 6 valid OD pairs for R1C1_C
Generating focused traffic: Period 6.4537s
[INFO] Subscriptions active: 6 (libsumo, fast mode)
[INFO] Episode duration: 1800s (30 min)

[DEBUG] 🎯 Célzott Forgalom Generálása (R1C1_C) | Period: 7.2112
Found 6 valid OD pairs for R1C1_C
Generating focused traffic: Period 7.2112s
[INFO] Subscriptions active: 6 (libsumo, fast mode)
[INFO] Episode duration: 3600s (60 min)

[DEBUG] 🎯 Célzott Forgalom Generálása (R1C1_C) | Period: 4.3045
Found 6 valid OD pairs for R1C1_C
Generating focused traffic: Period 4.3045s
[INFO] Subscriptions active: 6 (libsumo, fast mode)
[INFO] Episode duration: 900s (15 min)

[DEBUG] 🎯 Célzott Forgalom Generálása (R1C1_C) | Period: 7.2863
Found 6 valid OD pairs for R1C1_C
Generating focused traffic: Period 7.2863s
[INFO] Subscriptions active: 6 (libsumo, fast mode)
[INFO] Episode duration: 900s (15 min)

[DEBUG] 🎯 Célzott Forgalom Generálása (R1C1_C) | Period: 7.937
Found 6 valid OD pairs for R1C1_C
Generating focused traffic: Period 7.9370s
[INFO] Subscriptions active: 6 (libsumo, fast mode)
[INFO] Episode duration: 2700s (45 min)

[DEBUG] 🎯 Célzott Forgalom Generálása (R1C1_C) | Period: 4.9396
Found 6 valid OD pairs for R1C1_C
Generating focused traffic: Period 4.9396s
[INFO] Subscriptions active: 6 (libsumo, fast mode)
[INFO] Episode duration: 900s (15 min)

[DEBUG] 🎯 Célzott Forgalom Generálása (R1C1_C) | Period: 4.5944
Found 6 valid OD pairs for R1C1_C
Generating focused traffic: Period 4.5944s
[INFO] Subscriptions active: 6 (libsumo, fast mode)
[INFO] Episode duration: 3600s (60 min)

[DEBUG] 🎯 Célzott Forgalom Generálása (R1C1_C) | Period: 5.8794
Found 6 valid OD pairs for R1C1_C
Generating focused traffic: Period 5.8794s
[INFO] Subscriptions active: 6 (libsumo, fast mode)
[INFO] Episode duration: 900s (15 min)

[DEBUG] 🎯 Célzott Forgalom Generálása (R1C1_C) | Period: 7.7607
Found 6 valid OD pairs for R1C1_C
Generating focused traffic: Period 7.7607s
[INFO] Subscriptions active: 6 (libsumo, fast mode)
[INFO] Episode duration: 2700s (45 min)

[DEBUG] 🎯 Célzott Forgalom Generálása (R1C1_C) | Period: 7.3758
Found 6 valid OD pairs for R1C1_C
Generating focused traffic: Period 7.3758s
[INFO] Subscriptions active: 6 (libsumo, fast mode)
[INFO] Episode duration: 900s (15 min)

[DEBUG] 🎯 Célzott Forgalom Generálása (R1C1_C) | Period: 7.3283
Found 6 valid OD pairs for R1C1_C
Generating focused traffic: Period 7.3283s
[INFO] Subscriptions active: 6 (libsumo, fast mode)
------------------------------------
| rollout/              |          |
|    ep_len_mean        | 430      |
|    ep_rew_mean        | 158      |
| time/                 |          |
|    fps                | 205      |
|    iterations         | 40       |
|    time_elapsed       | 397      |
|    total_timesteps    | 81920    |
| train/                |          |
|    entropy_loss       | -1.38    |
|    explained_variance | -0.088   |
|    learning_rate      | 0.0001   |
|    n_updates          | 39       |
|    policy_loss        | 26       |
|    value_loss         | 478      |
------------------------------------
[INFO] Episode duration: 3600s (60 min)

[DEBUG] 🎯 Célzott Forgalom Generálása (R1C1_C) | Period: 6.8394
Found 6 valid OD pairs for R1C1_C
Generating focused traffic: Period 6.8394s
[INFO] Subscriptions active: 6 (libsumo, fast mode)
[INFO] Episode duration: 900s (15 min)

[DEBUG] 🎯 Célzott Forgalom Generálása (R1C1_C) | Period: 7.2745
Found 6 valid OD pairs for R1C1_C
Generating focused traffic: Period 7.2745s
[INFO] Subscriptions active: 6 (libsumo, fast mode)
[INFO] Episode duration: 3600s (60 min)

[DEBUG] 🎯 Célzott Forgalom Generálása (R1C1_C) | Period: 5.0448
Found 6 valid OD pairs for R1C1_C
Generating focused traffic: Period 5.0448s
[INFO] Subscriptions active: 6 (libsumo, fast mode)
[INFO] Episode duration: 1800s (30 min)

[DEBUG] 🎯 Célzott Forgalom Generálása (R1C1_C) | Period: 7.8351
Found 6 valid OD pairs for R1C1_C
Generating focused traffic: Period 7.8351s
[INFO] Subscriptions active: 6 (libsumo, fast mode)
[INFO] Episode duration: 1800s (30 min)

[DEBUG] 🎯 Célzott Forgalom Generálása (R1C1_C) | Period: 7.877
Found 6 valid OD pairs for R1C1_C
Generating focused traffic: Period 7.8770s
[INFO] Subscriptions active: 6 (libsumo, fast mode)
[INFO] Episode duration: 2700s (45 min)

[DEBUG] 🎯 Célzott Forgalom Generálása (R1C1_C) | Period: 5.1447
Found 6 valid OD pairs for R1C1_C
Generating focused traffic: Period 5.1447s
[INFO] Subscriptions active: 6 (libsumo, fast mode)
[INFO] Episode duration: 1800s (30 min)

[DEBUG] 🎯 Célzott Forgalom Generálása (R1C1_C) | Period: 7.8673
Found 6 valid OD pairs for R1C1_C
Generating focused traffic: Period 7.8673s
[INFO] Subscriptions active: 6 (libsumo, fast mode)
[INFO] Episode duration: 1800s (30 min)

[DEBUG] 🎯 Célzott Forgalom Generálása (R1C1_C) | Period: 4.1935
Found 6 valid OD pairs for R1C1_C
Generating focused traffic: Period 4.1935s
[INFO] Subscriptions active: 6 (libsumo, fast mode)
[INFO] Episode duration: 900s (15 min)

[DEBUG] 🎯 Célzott Forgalom Generálása (R1C1_C) | Period: 6.8771
Found 6 valid OD pairs for R1C1_C
Generating focused traffic: Period 6.8771s
[INFO] Subscriptions active: 6 (libsumo, fast mode)
[INFO] Episode duration: 3600s (60 min)

[DEBUG] 🎯 Célzott Forgalom Generálása (R1C1_C) | Period: 4.8515
Found 6 valid OD pairs for R1C1_C
Generating focused traffic: Period 4.8515s
[INFO] Subscriptions active: 6 (libsumo, fast mode)
[INFO] Episode duration: 1800s (30 min)

[DEBUG] 🎯 Célzott Forgalom Generálása (R1C1_C) | Period: 7.8266
Found 6 valid OD pairs for R1C1_C
Generating focused traffic: Period 7.8266s
[INFO] Subscriptions active: 6 (libsumo, fast mode)
[INFO] Episode duration: 3600s (60 min)

[DEBUG] 🎯 Célzott Forgalom Generálása (R1C1_C) | Period: 4.0952
Found 6 valid OD pairs for R1C1_C
Generating focused traffic: Period 4.0952s
[INFO] Subscriptions active: 6 (libsumo, fast mode)
[INFO] Episode duration: 2700s (45 min)

[DEBUG] 🎯 Célzott Forgalom Generálása (R1C1_C) | Period: 4.5471
Found 6 valid OD pairs for R1C1_C
Generating focused traffic: Period 4.5471s
[INFO] Subscriptions active: 6 (libsumo, fast mode)
[INFO] Episode duration: 900s (15 min)

[DEBUG] 🎯 Célzott Forgalom Generálása (R1C1_C) | Period: 4.7356
Found 6 valid OD pairs for R1C1_C
Generating focused traffic: Period 4.7356s
[INFO] Subscriptions active: 6 (libsumo, fast mode)
[INFO] Episode duration: 900s (15 min)

[DEBUG] 🎯 Célzott Forgalom Generálása (R1C1_C) | Period: 6.6735
Found 6 valid OD pairs for R1C1_C
Generating focused traffic: Period 6.6735s
[INFO] Subscriptions active: 6 (libsumo, fast mode)
[INFO] Episode duration: 900s (15 min)

[DEBUG] 🎯 Célzott Forgalom Generálása (R1C1_C) | Period: 6.9028
Found 6 valid OD pairs for R1C1_C
Generating focused traffic: Period 6.9028s
[INFO] Subscriptions active: 6 (libsumo, fast mode)
[INFO] Episode duration: 900s (15 min)

[DEBUG] 🎯 Célzott Forgalom Generálása (R1C1_C) | Period: 6.8679
Found 6 valid OD pairs for R1C1_C
Generating focused traffic: Period 6.8679s
[INFO] Subscriptions active: 6 (libsumo, fast mode)
[INFO] Episode duration: 1800s (30 min)

[DEBUG] 🎯 Célzott Forgalom Generálása (R1C1_C) | Period: 7.0171
Found 6 valid OD pairs for R1C1_C
Generating focused traffic: Period 7.0171s
[INFO] Subscriptions active: 6 (libsumo, fast mode)
[INFO] Episode duration: 3600s (60 min)

[DEBUG] 🎯 Célzott Forgalom Generálása (R1C1_C) | Period: 6.8883
Found 6 valid OD pairs for R1C1_C
Generating focused traffic: Period 6.8883s
[INFO] Subscriptions active: 6 (libsumo, fast mode)
[INFO] Episode duration: 1800s (30 min)

[DEBUG] 🎯 Célzott Forgalom Generálása (R1C1_C) | Period: 6.2104
Found 6 valid OD pairs for R1C1_C
Generating focused traffic: Period 6.2104s
[INFO] Subscriptions active: 6 (libsumo, fast mode)
[INFO] Episode duration: 3600s (60 min)

[DEBUG] 🎯 Célzott Forgalom Generálása (R1C1_C) | Period: 4.5552
Found 6 valid OD pairs for R1C1_C
Generating focused traffic: Period 4.5552s
[INFO] Subscriptions active: 6 (libsumo, fast mode)
[INFO] Episode duration: 2700s (45 min)

[DEBUG] 🎯 Célzott Forgalom Generálása (R1C1_C) | Period: 5.7548
Found 6 valid OD pairs for R1C1_C
Generating focused traffic: Period 5.7548s
[INFO] Subscriptions active: 6 (libsumo, fast mode)
[INFO] Episode duration: 1800s (30 min)

[DEBUG] 🎯 Célzott Forgalom Generálása (R1C1_C) | Period: 5.0234
Found 6 valid OD pairs for R1C1_C
Generating focused traffic: Period 5.0234s
[INFO] Subscriptions active: 6 (libsumo, fast mode)
[INFO] Episode duration: 2700s (45 min)

[DEBUG] 🎯 Célzott Forgalom Generálása (R1C1_C) | Period: 7.194
Found 6 valid OD pairs for R1C1_C
Generating focused traffic: Period 7.1940s
[INFO] Subscriptions active: 6 (libsumo, fast mode)
[INFO] Episode duration: 2700s (45 min)

[DEBUG] 🎯 Célzott Forgalom Generálása (R1C1_C) | Period: 4.8153
Found 6 valid OD pairs for R1C1_C
Generating focused traffic: Period 4.8153s
[INFO] Subscriptions active: 6 (libsumo, fast mode)
[INFO] Episode duration: 900s (15 min)

[DEBUG] 🎯 Célzott Forgalom Generálása (R1C1_C) | Period: 7.1527
Found 6 valid OD pairs for R1C1_C
Generating focused traffic: Period 7.1527s
[INFO] Subscriptions active: 6 (libsumo, fast mode)
[INFO] Episode duration: 900s (15 min)

[DEBUG] 🎯 Célzott Forgalom Generálása (R1C1_C) | Period: 5.5252
Found 6 valid OD pairs for R1C1_C
Generating focused traffic: Period 5.5252s
[INFO] Subscriptions active: 6 (libsumo, fast mode)
[INFO] Episode duration: 3600s (60 min)

[DEBUG] 🎯 Célzott Forgalom Generálása (R1C1_C) | Period: 5.3882
Found 6 valid OD pairs for R1C1_C
Generating focused traffic: Period 5.3882s
[INFO] Subscriptions active: 6 (libsumo, fast mode)
[INFO] Episode duration: 1800s (30 min)

[DEBUG] 🎯 Célzott Forgalom Generálása (R1C1_C) | Period: 5.9344
Found 6 valid OD pairs for R1C1_C
Generating focused traffic: Period 5.9344s
[INFO] Subscriptions active: 6 (libsumo, fast mode)
[INFO] Episode duration: 2700s (45 min)

[DEBUG] 🎯 Célzott Forgalom Generálása (R1C1_C) | Period: 7.3183
Found 6 valid OD pairs for R1C1_C
Generating focused traffic: Period 7.3183s
[INFO] Subscriptions active: 6 (libsumo, fast mode)
[INFO] Episode duration: 2700s (45 min)

[DEBUG] 🎯 Célzott Forgalom Generálása (R1C1_C) | Period: 6.9335
Found 6 valid OD pairs for R1C1_C
Generating focused traffic: Period 6.9335s
[INFO] Subscriptions active: 6 (libsumo, fast mode)
[INFO] Episode duration: 1800s (30 min)

[DEBUG] 🎯 Célzott Forgalom Generálása (R1C1_C) | Period: 5.1338
Found 6 valid OD pairs for R1C1_C
Generating focused traffic: Period 5.1338s
[INFO] Subscriptions active: 6 (libsumo, fast mode)
[INFO] Episode duration: 2700s (45 min)

[DEBUG] 🎯 Célzott Forgalom Generálása (R1C1_C) | Period: 7.1346
Found 6 valid OD pairs for R1C1_C
Generating focused traffic: Period 7.1346s
[INFO] Subscriptions active: 6 (libsumo, fast mode)
[INFO] Episode duration: 900s (15 min)

[DEBUG] 🎯 Célzott Forgalom Generálása (R1C1_C) | Period: 6.6703
Found 6 valid OD pairs for R1C1_C
Generating focused traffic: Period 6.6703s
[INFO] Subscriptions active: 6 (libsumo, fast mode)
[INFO] Episode duration: 2700s (45 min)
wandb: WARNING Symlinked 1 file into the W&B run directory; call wandb.save again to sync new files.
/Users/wagnertamas/Documents/Munka/cikkek/AI_agens_konyvtar/support/intergreen_matrix_calculator/rl_trainer.py:857: UserWarning: Exporting a model while it is in training mode. Please ensure that this is intended, as it may lead to different behavior during inference. Calling model.eval() before export is recommended.
  torch.onnx.export(
/Users/wagnertamas/Documents/Munka/cikkek/AI_agens_konyvtar/support/intergreen_matrix_calculator/rl_trainer.py:857: UserWarning: # 'dynamic_axes' is not recommended when dynamo=True, and may lead to 'torch._dynamo.exc.UserError: Constraints violated.' Supply the 'dynamic_shapes' argument instead if export is unsuccessful.
  torch.onnx.export(
wandb: updating run metadata
wandb: uploading pytorch_models/R1C1_C.zip; uploading output.log; uploading wandb-summary.json
wandb: uploading pytorch_models/R1C1_C.zip; uploading output.log
wandb: uploading pytorch_models/R1C1_C.zip
wandb: 
wandb: Run history:
wandb:  R1C1_C/action_pct/phase_0 ▅▆▁▃▆▂▅▇▃▄▂▄▅▆▃▄▇▂▂▅▃▅▅▂▅▆▃█▄▄▄▆▆▃▂▃▂▇▄▁
wandb:  R1C1_C/action_pct/phase_1 ▅▃▄▅▄▂▂▂▄▄▂▅▅▄▆▄▃█▃▂▃▆▂▃▆▂▄▁▂▂▄▃▅▄▅▄▄▂▃▃
wandb:  R1C1_C/action_pct/phase_2 ▄▄▇▆▃▇▆▅▄▆▄▃▃▄▂▆▁▅█▂▄▃█▃▃▅▇▆▆▃▆▄▁▆▃▆▆▆▅▇
wandb:  R1C1_C/action_pct/phase_3 ▃▃▅▂▃▆▄▃▆▃█▄▃▃▄▃▄▁▄▆▆▂▃▇▂▄▃▃▅█▃▄▄▃▅▃▄▂▄▆
wandb:  R1C1_C/train/entropy_loss ▁▁▁▃▃▃▃▃▄▄▄▄▄▄▄▅▅▄▅▅▄▄▄▅▅▆▆▇▇▇█▇███▇▇▇▆▇
wandb: R1C1_C/train/learning_rate ▁▁▁▁▁▁▁▁▁▁▁▁▁▁▁▁▁▁▁▁▁▁▁▁▁▁▁▁▁▁▁▁▁▁▁▁▁▁▁▁
wandb:    R1C1_C/train/value_loss ▇▇▇▆▆█▄▃▃▂▄▄▂▂▃▃▁▁▇▇▇▆▆▃▂▃▃▂▂▂▄▂▂▂▃▂▂▃▁▁
wandb:                 avg_reward ▃█▃▇█▄▆▁▄▃▃▃█▄▃▇█▇▄▄▂▄▇▃█▅▂▄▇▃█▂▆▄▅█▁▂▂▆
wandb:                    episode ▁▁▁▁▁▁▂▂▂▂▂▂▃▃▃▃▃▃▄▄▄▄▄▄▄▅▅▅▆▆▆▆▆▇▇▇▇███
wandb:         episode/avg_reward ▂▆▇▆▆▅▁▆▅▇▇▆▃▇▇▃▆▃▇▆▆▇▆▆▂▄▇▇▄▅▃█▆▇▂▇▁▇▇▅
wandb:                         +7 ...
wandb: 
wandb: Run summary:
wandb:  R1C1_C/action_pct/phase_0 21.11111
wandb:  R1C1_C/action_pct/phase_1 22.22222
wandb:  R1C1_C/action_pct/phase_2 27.22222
wandb:  R1C1_C/action_pct/phase_3 29.44444
wandb:  R1C1_C/train/entropy_loss -1.38312
wandb: R1C1_C/train/learning_rate 0.0001
wandb:    R1C1_C/train/value_loss 503.22974
wandb:                 avg_reward 0.34358
wandb:                    episode 240
wandb:         episode/avg_reward 0.42475
wandb:                         +7 ...
wandb: 
wandb: 🚀 View run a2c_co2_speedstd_3x128_1_R1C1_C at: https://wandb.ai/wagnertamas-budapesti-m-szaki-s-gazdas-gtudom-nyi-egyetem/sumo-rl-stat/runs/f2yg17v6
wandb: ⭐️ View project at: https://wandb.ai/wagnertamas-budapesti-m-szaki-s-gazdas-gtudom-nyi-egyetem/sumo-rl-stat
wandb: Synced 5 W&B file(s), 0 media file(s), 0 artifact file(s) and 1 other file(s)
wandb: Find logs at: ./wandb/run-20260322_031004-f2yg17v6/logs

[DEBUG] 🎯 Célzott Forgalom Generálása (R1C1_C) | Period: 5.886
Found 6 valid OD pairs for R1C1_C
Generating focused traffic: Period 5.8860s
[INFO] Subscriptions active: 6 (libsumo, fast mode)
[INFO] Episode duration: 2700s (45 min)

[DEBUG] 🎯 Célzott Forgalom Generálása (R1C1_C) | Period: 5.158
Found 6 valid OD pairs for R1C1_C
Generating focused traffic: Period 5.1580s
[INFO] Subscriptions active: 6 (libsumo, fast mode)
[INFO] Episode duration: 3600s (60 min)

[DEBUG] 🎯 Célzott Forgalom Generálása (R1C1_C) | Period: 6.1907
Found 6 valid OD pairs for R1C1_C
Generating focused traffic: Period 6.1907s
[INFO] Subscriptions active: 6 (libsumo, fast mode)
[INFO] Episode duration: 3600s (60 min)

[DEBUG] 🎯 Célzott Forgalom Generálása (R1C1_C) | Period: 5.9349
Found 6 valid OD pairs for R1C1_C
Generating focused traffic: Period 5.9349s
[INFO] Subscriptions active: 6 (libsumo, fast mode)
[INFO] Episode duration: 900s (15 min)

[DEBUG] 🎯 Célzott Forgalom Generálása (R1C1_C) | Period: 6.0221
Found 6 valid OD pairs for R1C1_C
Generating focused traffic: Period 6.0221s
[INFO] Subscriptions active: 6 (libsumo, fast mode)
[INFO] Episode duration: 2700s (45 min)

[DEBUG] 🎯 Célzott Forgalom Generálása (R1C1_C) | Period: 6.9366
Found 6 valid OD pairs for R1C1_C
Generating focused traffic: Period 6.9366s
[INFO] Subscriptions active: 6 (libsumo, fast mode)
[INFO] Episode duration: 900s (15 min)

[DEBUG] 🎯 Célzott Forgalom Generálása (R1C1_C) | Period: 5.8124
Found 6 valid OD pairs for R1C1_C
Generating focused traffic: Period 5.8124s
[INFO] Subscriptions active: 6 (libsumo, fast mode)
[INFO] Episode duration: 3600s (60 min)

[DEBUG] 🎯 Célzott Forgalom Generálása (R1C1_C) | Period: 5.4964
Found 6 valid OD pairs for R1C1_C
Generating focused traffic: Period 5.4964s
[INFO] Subscriptions active: 6 (libsumo, fast mode)
On-policy training completed.
Closing environment and EXPORTING models...
Saving PyTorch ZIP models to /Users/wagnertamas/Documents/Munka/cikkek/AI_agens_konyvtar/support/intergreen_matrix_calculator/data/runs/pytorch_models...
Saved PyTorch R1C1_C to /Users/wagnertamas/Documents/Munka/cikkek/AI_agens_konyvtar/support/intergreen_matrix_calculator/data/runs/pytorch_models/R1C1_C.zip
Exporting ONNX models to /Users/wagnertamas/Documents/Munka/cikkek/AI_agens_konyvtar/support/intergreen_matrix_calculator/data/runs/onnx_models...
Failed to export R1C1_C: # Failed to convert 'dynamic_axes' to 'dynamic_shapes'. Please provide 'dynamic_shapes' directly. Refer to the documentation for 'torch.export.export' for more information on dynamic shapes.
Cleanup done.
