wandb: [wandb.login()] Loaded credentials for https://api.wandb.ai from /Users/wagnertamas/.netrc.
wandb: Currently logged in as: wagnertamas (wagnertamas-budapesti-m-szaki-s-gazdas-gtudom-nyi-egyetem) to https://api.wandb.ai. Use `wandb login --relogin` to force relogin
wandb: setting up run 864j0b51
wandb: Tracking run with wandb version 0.25.0
wandb: Run data is saved locally in /Users/wagnertamas/Documents/Munka/cikkek/AI_agens_konyvtar/support/intergreen_matrix_calculator/wandb/run-20260322_013527-864j0b51
wandb: Run `wandb offline` to turn off syncing.
wandb: Syncing run a2c_speed_throughput_3x16_1_R1C1_C
wandb: ⭐️ View project at https://wandb.ai/wagnertamas-budapesti-m-szaki-s-gazdas-gtudom-nyi-egyetem/sumo-rl-stat
wandb: 🚀 View run at https://wandb.ai/wagnertamas-budapesti-m-szaki-s-gazdas-gtudom-nyi-egyetem/sumo-rl-stat/runs/864j0b51
[INFO] Config: training_config.yaml
[INFO] Net: /Users/wagnertamas/Documents/Munka/cikkek/AI_agens_konyvtar/support/intergreen_matrix_calculator/data/mega_catalogue_v2.net.xml
[INFO] Timesteps: 100000 | Project: sumo-rl-stat
[INFO] Junction: R1C1_C
[INFO] Algorithm: a2c | Reward: speed_throughput
[INFO] Load model: None (fresh)
[INFO] Traffic: random target+spread (epizódonként)
Initializing Environment (algorithm=a2c, reward=speed_throughput)...
[INFO] Algorithm: a2c (on_policy)
[INFO] Reward mode: speed_throughput
WandB config applied (Sweep compatible).
[INFO] Junction reward params auto-loaded from /Users/wagnertamas/Documents/Munka/cikkek/AI_agens_konyvtar/support/intergreen_matrix_calculator/data/junction_reward_params.json
[INFO] Using 'libsumo' (fast headless mode, OS=darwin).
Starting SUMO...
[INFO] Episode duration: 3600s (60 min)

[DEBUG] 🎯 Célzott Forgalom Generálása (R1C1_C) | Period: 4.2461
Found 6 valid OD pairs for R1C1_C
Generating focused traffic: Period 4.2461s
[INFO] Network mapped: 1 agents, 3 detectors, 3 lanes
[INFO] Subscriptions active: 6 (libsumo, fast mode)
Agents discovered: ['R1C1_C']
[INFO] RL device: mps
[INFO] On-policy training: a2c → R1C1_C
Using mps device
Wrapping the env with a `Monitor` wrapper
Wrapping the env in a DummyVecEnv.
Starting on-policy training: 100000 timesteps...
[INFO] Episode duration: 2700s (45 min)

[DEBUG] 🎯 Célzott Forgalom Generálása (R1C1_C) | Period: 5.5996
Found 6 valid OD pairs for R1C1_C
Generating focused traffic: Period 5.5996s
[INFO] Subscriptions active: 6 (libsumo, fast mode)
Logging to /Users/wagnertamas/Documents/Munka/cikkek/AI_agens_konyvtar/support/intergreen_matrix_calculator/data/runs/sumo-rl-stat/R1C1_C/A2C_35
[INFO] Episode duration: 2700s (45 min)

[DEBUG] 🎯 Célzott Forgalom Generálása (R1C1_C) | Period: 4.0809
Found 6 valid OD pairs for R1C1_C
Generating focused traffic: Period 4.0809s
[INFO] Subscriptions active: 6 (libsumo, fast mode)
[INFO] Episode duration: 2700s (45 min)

[DEBUG] 🎯 Célzott Forgalom Generálása (R1C1_C) | Period: 5.1498
Found 6 valid OD pairs for R1C1_C
Generating focused traffic: Period 5.1498s
[INFO] Subscriptions active: 6 (libsumo, fast mode)
[INFO] Episode duration: 900s (15 min)

[DEBUG] 🎯 Célzott Forgalom Generálása (R1C1_C) | Period: 7.9524
Found 6 valid OD pairs for R1C1_C
Generating focused traffic: Period 7.9524s
[INFO] Subscriptions active: 6 (libsumo, fast mode)
[INFO] Episode duration: 3600s (60 min)

[DEBUG] 🎯 Célzott Forgalom Generálása (R1C1_C) | Period: 6.7846
Found 6 valid OD pairs for R1C1_C
Generating focused traffic: Period 6.7846s
[INFO] Subscriptions active: 6 (libsumo, fast mode)
[INFO] Episode duration: 2700s (45 min)

[DEBUG] 🎯 Célzott Forgalom Generálása (R1C1_C) | Period: 6.69
Found 6 valid OD pairs for R1C1_C
Generating focused traffic: Period 6.6900s
[INFO] Subscriptions active: 6 (libsumo, fast mode)
[INFO] Episode duration: 900s (15 min)

[DEBUG] 🎯 Célzott Forgalom Generálása (R1C1_C) | Period: 4.1929
Found 6 valid OD pairs for R1C1_C
Generating focused traffic: Period 4.1929s
[INFO] Subscriptions active: 6 (libsumo, fast mode)
[INFO] Episode duration: 900s (15 min)

[DEBUG] 🎯 Célzott Forgalom Generálása (R1C1_C) | Period: 6.47
Found 6 valid OD pairs for R1C1_C
Generating focused traffic: Period 6.4700s
[INFO] Subscriptions active: 6 (libsumo, fast mode)
[INFO] Episode duration: 1800s (30 min)

[DEBUG] 🎯 Célzott Forgalom Generálása (R1C1_C) | Period: 6.721
Found 6 valid OD pairs for R1C1_C
Generating focused traffic: Period 6.7210s
[INFO] Subscriptions active: 6 (libsumo, fast mode)
[INFO] Episode duration: 1800s (30 min)

[DEBUG] 🎯 Célzott Forgalom Generálása (R1C1_C) | Period: 4.1109
Found 6 valid OD pairs for R1C1_C
Generating focused traffic: Period 4.1109s
[INFO] Subscriptions active: 6 (libsumo, fast mode)
[INFO] Episode duration: 3600s (60 min)

[DEBUG] 🎯 Célzott Forgalom Generálása (R1C1_C) | Period: 5.146
Found 6 valid OD pairs for R1C1_C
Generating focused traffic: Period 5.1460s
[INFO] Subscriptions active: 6 (libsumo, fast mode)
[INFO] Episode duration: 2700s (45 min)

[DEBUG] 🎯 Célzott Forgalom Generálása (R1C1_C) | Period: 4.5689
Found 6 valid OD pairs for R1C1_C
Generating focused traffic: Period 4.5689s
[INFO] Subscriptions active: 6 (libsumo, fast mode)
[INFO] Episode duration: 900s (15 min)

[DEBUG] 🎯 Célzott Forgalom Generálása (R1C1_C) | Period: 6.9738
Found 6 valid OD pairs for R1C1_C
Generating focused traffic: Period 6.9738s
[INFO] Subscriptions active: 6 (libsumo, fast mode)
[INFO] Episode duration: 1800s (30 min)

[DEBUG] 🎯 Célzott Forgalom Generálása (R1C1_C) | Period: 5.1625
Found 6 valid OD pairs for R1C1_C
Generating focused traffic: Period 5.1625s
[INFO] Subscriptions active: 6 (libsumo, fast mode)
[INFO] Episode duration: 900s (15 min)

[DEBUG] 🎯 Célzott Forgalom Generálása (R1C1_C) | Period: 4.8832
Found 6 valid OD pairs for R1C1_C
Generating focused traffic: Period 4.8832s
[INFO] Subscriptions active: 6 (libsumo, fast mode)
[INFO] Episode duration: 900s (15 min)

[DEBUG] 🎯 Célzott Forgalom Generálása (R1C1_C) | Period: 6.3237
Found 6 valid OD pairs for R1C1_C
Generating focused traffic: Period 6.3237s
[INFO] Subscriptions active: 6 (libsumo, fast mode)
[INFO] Episode duration: 3600s (60 min)

[DEBUG] 🎯 Célzott Forgalom Generálása (R1C1_C) | Period: 6.3197
Found 6 valid OD pairs for R1C1_C
Generating focused traffic: Period 6.3197s
[INFO] Subscriptions active: 6 (libsumo, fast mode)
[INFO] Episode duration: 3600s (60 min)

[DEBUG] 🎯 Célzott Forgalom Generálása (R1C1_C) | Period: 6.5818
Found 6 valid OD pairs for R1C1_C
Generating focused traffic: Period 6.5818s
[INFO] Subscriptions active: 6 (libsumo, fast mode)
[INFO] Episode duration: 1800s (30 min)

[DEBUG] 🎯 Célzott Forgalom Generálása (R1C1_C) | Period: 6.9164
Found 6 valid OD pairs for R1C1_C
Generating focused traffic: Period 6.9164s
[INFO] Subscriptions active: 6 (libsumo, fast mode)
[INFO] Episode duration: 2700s (45 min)

[DEBUG] 🎯 Célzott Forgalom Generálása (R1C1_C) | Period: 6.5539
Found 6 valid OD pairs for R1C1_C
Generating focused traffic: Period 6.5539s
[INFO] Subscriptions active: 6 (libsumo, fast mode)
[INFO] Episode duration: 1800s (30 min)

[DEBUG] 🎯 Célzott Forgalom Generálása (R1C1_C) | Period: 5.5385
Found 6 valid OD pairs for R1C1_C
Generating focused traffic: Period 5.5385s
[INFO] Subscriptions active: 6 (libsumo, fast mode)
[INFO] Episode duration: 2700s (45 min)

[DEBUG] 🎯 Célzott Forgalom Generálása (R1C1_C) | Period: 6.4858
Found 6 valid OD pairs for R1C1_C
Generating focused traffic: Period 6.4858s
[INFO] Subscriptions active: 6 (libsumo, fast mode)
[INFO] Episode duration: 900s (15 min)

[DEBUG] 🎯 Célzott Forgalom Generálása (R1C1_C) | Period: 5.5968
Found 6 valid OD pairs for R1C1_C
Generating focused traffic: Period 5.5968s
[INFO] Subscriptions active: 6 (libsumo, fast mode)
[INFO] Episode duration: 1800s (30 min)

[DEBUG] 🎯 Célzott Forgalom Generálása (R1C1_C) | Period: 6.0622
Found 6 valid OD pairs for R1C1_C
Generating focused traffic: Period 6.0622s
[INFO] Subscriptions active: 6 (libsumo, fast mode)
[INFO] Episode duration: 1800s (30 min)

[DEBUG] 🎯 Célzott Forgalom Generálása (R1C1_C) | Period: 4.2108
Found 6 valid OD pairs for R1C1_C
Generating focused traffic: Period 4.2108s
[INFO] Subscriptions active: 6 (libsumo, fast mode)
[INFO] Episode duration: 900s (15 min)

[DEBUG] 🎯 Célzott Forgalom Generálása (R1C1_C) | Period: 4.9281
Found 6 valid OD pairs for R1C1_C
Generating focused traffic: Period 4.9281s
[INFO] Subscriptions active: 6 (libsumo, fast mode)
[INFO] Episode duration: 900s (15 min)

[DEBUG] 🎯 Célzott Forgalom Generálása (R1C1_C) | Period: 7.5581
Found 6 valid OD pairs for R1C1_C
Generating focused traffic: Period 7.5581s
[INFO] Subscriptions active: 6 (libsumo, fast mode)
[INFO] Episode duration: 2700s (45 min)

[DEBUG] 🎯 Célzott Forgalom Generálása (R1C1_C) | Period: 7.2234
Found 6 valid OD pairs for R1C1_C
Generating focused traffic: Period 7.2234s
[INFO] Subscriptions active: 6 (libsumo, fast mode)
[INFO] Episode duration: 2700s (45 min)

[DEBUG] 🎯 Célzott Forgalom Generálása (R1C1_C) | Period: 5.9671
Found 6 valid OD pairs for R1C1_C
Generating focused traffic: Period 5.9671s
[INFO] Subscriptions active: 6 (libsumo, fast mode)
[INFO] Episode duration: 2700s (45 min)

[DEBUG] 🎯 Célzott Forgalom Generálása (R1C1_C) | Period: 6.1355
Found 6 valid OD pairs for R1C1_C
Generating focused traffic: Period 6.1355s
[INFO] Subscriptions active: 6 (libsumo, fast mode)
[INFO] Episode duration: 1800s (30 min)

[DEBUG] 🎯 Célzott Forgalom Generálása (R1C1_C) | Period: 4.9495
Found 6 valid OD pairs for R1C1_C
Generating focused traffic: Period 4.9495s
[INFO] Subscriptions active: 6 (libsumo, fast mode)
[INFO] Episode duration: 2700s (45 min)

[DEBUG] 🎯 Célzott Forgalom Generálása (R1C1_C) | Period: 7.6156
Found 6 valid OD pairs for R1C1_C
Generating focused traffic: Period 7.6156s
[INFO] Subscriptions active: 6 (libsumo, fast mode)
[INFO] Episode duration: 900s (15 min)

[DEBUG] 🎯 Célzott Forgalom Generálása (R1C1_C) | Period: 5.8159
Found 6 valid OD pairs for R1C1_C
Generating focused traffic: Period 5.8159s
[INFO] Subscriptions active: 6 (libsumo, fast mode)
[INFO] Episode duration: 3600s (60 min)

[DEBUG] 🎯 Célzott Forgalom Generálása (R1C1_C) | Period: 5.6213
Found 6 valid OD pairs for R1C1_C
Generating focused traffic: Period 5.6213s
[INFO] Subscriptions active: 6 (libsumo, fast mode)
[INFO] Episode duration: 3600s (60 min)

[DEBUG] 🎯 Célzott Forgalom Generálása (R1C1_C) | Period: 4.9179
Found 6 valid OD pairs for R1C1_C
Generating focused traffic: Period 4.9179s
[INFO] Subscriptions active: 6 (libsumo, fast mode)
[INFO] Episode duration: 1800s (30 min)

[DEBUG] 🎯 Célzott Forgalom Generálása (R1C1_C) | Period: 4.461
Found 6 valid OD pairs for R1C1_C
Generating focused traffic: Period 4.4610s
[INFO] Subscriptions active: 6 (libsumo, fast mode)
[INFO] Episode duration: 3600s (60 min)

[DEBUG] 🎯 Célzott Forgalom Generálása (R1C1_C) | Period: 4.6141
Found 6 valid OD pairs for R1C1_C
Generating focused traffic: Period 4.6141s
[INFO] Subscriptions active: 6 (libsumo, fast mode)
[INFO] Episode duration: 2700s (45 min)

[DEBUG] 🎯 Célzott Forgalom Generálása (R1C1_C) | Period: 4.2174
Found 6 valid OD pairs for R1C1_C
Generating focused traffic: Period 4.2174s
[INFO] Subscriptions active: 6 (libsumo, fast mode)
[INFO] Episode duration: 1800s (30 min)

[DEBUG] 🎯 Célzott Forgalom Generálása (R1C1_C) | Period: 5.9547
Found 6 valid OD pairs for R1C1_C
Generating focused traffic: Period 5.9547s
[INFO] Subscriptions active: 6 (libsumo, fast mode)
[INFO] Episode duration: 1800s (30 min)

[DEBUG] 🎯 Célzott Forgalom Generálása (R1C1_C) | Period: 5.1205
Found 6 valid OD pairs for R1C1_C
Generating focused traffic: Period 5.1205s
[INFO] Subscriptions active: 6 (libsumo, fast mode)
[INFO] Episode duration: 2700s (45 min)

[DEBUG] 🎯 Célzott Forgalom Generálása (R1C1_C) | Period: 7.6587
Found 6 valid OD pairs for R1C1_C
Generating focused traffic: Period 7.6587s
[INFO] Subscriptions active: 6 (libsumo, fast mode)
[INFO] Episode duration: 900s (15 min)

[DEBUG] 🎯 Célzott Forgalom Generálása (R1C1_C) | Period: 4.1068
Found 6 valid OD pairs for R1C1_C
Generating focused traffic: Period 4.1068s
[INFO] Subscriptions active: 6 (libsumo, fast mode)
[INFO] Episode duration: 3600s (60 min)

[DEBUG] 🎯 Célzott Forgalom Generálása (R1C1_C) | Period: 6.3901
Found 6 valid OD pairs for R1C1_C
Generating focused traffic: Period 6.3901s
[INFO] Subscriptions active: 6 (libsumo, fast mode)
[INFO] Episode duration: 2700s (45 min)

[DEBUG] 🎯 Célzott Forgalom Generálása (R1C1_C) | Period: 5.6361
Found 6 valid OD pairs for R1C1_C
Generating focused traffic: Period 5.6361s
[INFO] Subscriptions active: 6 (libsumo, fast mode)
[INFO] Episode duration: 900s (15 min)

[DEBUG] 🎯 Célzott Forgalom Generálása (R1C1_C) | Period: 5.3699
Found 6 valid OD pairs for R1C1_C
Generating focused traffic: Period 5.3699s
[INFO] Subscriptions active: 6 (libsumo, fast mode)
[INFO] Episode duration: 900s (15 min)

[DEBUG] 🎯 Célzott Forgalom Generálása (R1C1_C) | Period: 6.8585
Found 6 valid OD pairs for R1C1_C
Generating focused traffic: Period 6.8585s
[INFO] Subscriptions active: 6 (libsumo, fast mode)
[INFO] Episode duration: 2700s (45 min)

[DEBUG] 🎯 Célzott Forgalom Generálása (R1C1_C) | Period: 4.8374
Found 6 valid OD pairs for R1C1_C
Generating focused traffic: Period 4.8374s
[INFO] Subscriptions active: 6 (libsumo, fast mode)
[INFO] Episode duration: 3600s (60 min)

[DEBUG] 🎯 Célzott Forgalom Generálása (R1C1_C) | Period: 7.0054
Found 6 valid OD pairs for R1C1_C
Generating focused traffic: Period 7.0054s
[INFO] Subscriptions active: 6 (libsumo, fast mode)
------------------------------------
| rollout/              |          |
|    ep_len_mean        | 429      |
|    ep_rew_mean        | 125      |
| time/                 |          |
|    fps                | 152      |
|    iterations         | 10       |
|    time_elapsed       | 134      |
|    total_timesteps    | 20480    |
| train/                |          |
|    entropy_loss       | -1.39    |
|    explained_variance | 0.00984  |
|    learning_rate      | 0.0001   |
|    n_updates          | 9        |
|    policy_loss        | 29.4     |
|    value_loss         | 511      |
------------------------------------
[INFO] Episode duration: 3600s (60 min)

[DEBUG] 🎯 Célzott Forgalom Generálása (R1C1_C) | Period: 6.9167
Found 6 valid OD pairs for R1C1_C
Generating focused traffic: Period 6.9167s
[INFO] Subscriptions active: 6 (libsumo, fast mode)
[INFO] Episode duration: 3600s (60 min)

[DEBUG] 🎯 Célzott Forgalom Generálása (R1C1_C) | Period: 7.627
Found 6 valid OD pairs for R1C1_C
Generating focused traffic: Period 7.6270s
[INFO] Subscriptions active: 6 (libsumo, fast mode)
[INFO] Episode duration: 3600s (60 min)

[DEBUG] 🎯 Célzott Forgalom Generálása (R1C1_C) | Period: 7.8439
Found 6 valid OD pairs for R1C1_C
Generating focused traffic: Period 7.8439s
[INFO] Subscriptions active: 6 (libsumo, fast mode)
[INFO] Episode duration: 3600s (60 min)

[DEBUG] 🎯 Célzott Forgalom Generálása (R1C1_C) | Period: 4.0392
Found 6 valid OD pairs for R1C1_C
Generating focused traffic: Period 4.0392s
[INFO] Subscriptions active: 6 (libsumo, fast mode)
[INFO] Episode duration: 900s (15 min)

[DEBUG] 🎯 Célzott Forgalom Generálása (R1C1_C) | Period: 7.1622
Found 6 valid OD pairs for R1C1_C
Generating focused traffic: Period 7.1622s
[INFO] Subscriptions active: 6 (libsumo, fast mode)
[INFO] Episode duration: 900s (15 min)

[DEBUG] 🎯 Célzott Forgalom Generálása (R1C1_C) | Period: 4.7187
Found 6 valid OD pairs for R1C1_C
Generating focused traffic: Period 4.7187s
[INFO] Subscriptions active: 6 (libsumo, fast mode)
[INFO] Episode duration: 3600s (60 min)

[DEBUG] 🎯 Célzott Forgalom Generálása (R1C1_C) | Period: 4.9376
Found 6 valid OD pairs for R1C1_C
Generating focused traffic: Period 4.9376s
[INFO] Subscriptions active: 6 (libsumo, fast mode)
[INFO] Episode duration: 1800s (30 min)

[DEBUG] 🎯 Célzott Forgalom Generálása (R1C1_C) | Period: 6.3964
Found 6 valid OD pairs for R1C1_C
Generating focused traffic: Period 6.3964s
[INFO] Subscriptions active: 6 (libsumo, fast mode)
[INFO] Episode duration: 1800s (30 min)

[DEBUG] 🎯 Célzott Forgalom Generálása (R1C1_C) | Period: 4.5349
Found 6 valid OD pairs for R1C1_C
Generating focused traffic: Period 4.5349s
[INFO] Subscriptions active: 6 (libsumo, fast mode)
[INFO] Episode duration: 1800s (30 min)

[DEBUG] 🎯 Célzott Forgalom Generálása (R1C1_C) | Period: 5.6398
Found 6 valid OD pairs for R1C1_C
Generating focused traffic: Period 5.6398s
[INFO] Subscriptions active: 6 (libsumo, fast mode)
[INFO] Episode duration: 2700s (45 min)

[DEBUG] 🎯 Célzott Forgalom Generálása (R1C1_C) | Period: 5.0356
Found 6 valid OD pairs for R1C1_C
Generating focused traffic: Period 5.0356s
[INFO] Subscriptions active: 6 (libsumo, fast mode)
[INFO] Episode duration: 1800s (30 min)

[DEBUG] 🎯 Célzott Forgalom Generálása (R1C1_C) | Period: 5.5133
Found 6 valid OD pairs for R1C1_C
Generating focused traffic: Period 5.5133s
[INFO] Subscriptions active: 6 (libsumo, fast mode)
[INFO] Episode duration: 2700s (45 min)

[DEBUG] 🎯 Célzott Forgalom Generálása (R1C1_C) | Period: 5.4006
Found 6 valid OD pairs for R1C1_C
Generating focused traffic: Period 5.4006s
[INFO] Subscriptions active: 6 (libsumo, fast mode)
[INFO] Episode duration: 1800s (30 min)

[DEBUG] 🎯 Célzott Forgalom Generálása (R1C1_C) | Period: 7.2403
Found 6 valid OD pairs for R1C1_C
Generating focused traffic: Period 7.2403s
[INFO] Subscriptions active: 6 (libsumo, fast mode)
[INFO] Episode duration: 1800s (30 min)

[DEBUG] 🎯 Célzott Forgalom Generálása (R1C1_C) | Period: 5.303
Found 6 valid OD pairs for R1C1_C
Generating focused traffic: Period 5.3030s
[INFO] Subscriptions active: 6 (libsumo, fast mode)
[INFO] Episode duration: 3600s (60 min)

[DEBUG] 🎯 Célzott Forgalom Generálása (R1C1_C) | Period: 7.4881
Found 6 valid OD pairs for R1C1_C
Generating focused traffic: Period 7.4881s
[INFO] Subscriptions active: 6 (libsumo, fast mode)
[INFO] Episode duration: 3600s (60 min)

[DEBUG] 🎯 Célzott Forgalom Generálása (R1C1_C) | Period: 7.7335
Found 6 valid OD pairs for R1C1_C
Generating focused traffic: Period 7.7335s
[INFO] Subscriptions active: 6 (libsumo, fast mode)
[INFO] Episode duration: 1800s (30 min)

[DEBUG] 🎯 Célzott Forgalom Generálása (R1C1_C) | Period: 7.2186
Found 6 valid OD pairs for R1C1_C
Generating focused traffic: Period 7.2186s
[INFO] Subscriptions active: 6 (libsumo, fast mode)
[INFO] Episode duration: 900s (15 min)

[DEBUG] 🎯 Célzott Forgalom Generálása (R1C1_C) | Period: 5.229
Found 6 valid OD pairs for R1C1_C
Generating focused traffic: Period 5.2290s
[INFO] Subscriptions active: 6 (libsumo, fast mode)
[INFO] Episode duration: 3600s (60 min)

[DEBUG] 🎯 Célzott Forgalom Generálása (R1C1_C) | Period: 5.8224
Found 6 valid OD pairs for R1C1_C
Generating focused traffic: Period 5.8224s
[INFO] Subscriptions active: 6 (libsumo, fast mode)
[INFO] Episode duration: 2700s (45 min)

[DEBUG] 🎯 Célzott Forgalom Generálása (R1C1_C) | Period: 4.7775
Found 6 valid OD pairs for R1C1_C
Generating focused traffic: Period 4.7775s
[INFO] Subscriptions active: 6 (libsumo, fast mode)
[INFO] Episode duration: 1800s (30 min)

[DEBUG] 🎯 Célzott Forgalom Generálása (R1C1_C) | Period: 7.1625
Found 6 valid OD pairs for R1C1_C
Generating focused traffic: Period 7.1625s
[INFO] Subscriptions active: 6 (libsumo, fast mode)
[INFO] Episode duration: 3600s (60 min)

[DEBUG] 🎯 Célzott Forgalom Generálása (R1C1_C) | Period: 6.3977
Found 6 valid OD pairs for R1C1_C
Generating focused traffic: Period 6.3977s
[INFO] Subscriptions active: 6 (libsumo, fast mode)
[INFO] Episode duration: 1800s (30 min)

[DEBUG] 🎯 Célzott Forgalom Generálása (R1C1_C) | Period: 6.0054
Found 6 valid OD pairs for R1C1_C
Generating focused traffic: Period 6.0054s
[INFO] Subscriptions active: 6 (libsumo, fast mode)
[INFO] Episode duration: 3600s (60 min)

[DEBUG] 🎯 Célzott Forgalom Generálása (R1C1_C) | Period: 7.6606
Found 6 valid OD pairs for R1C1_C
Generating focused traffic: Period 7.6606s
[INFO] Subscriptions active: 6 (libsumo, fast mode)
[INFO] Episode duration: 1800s (30 min)

[DEBUG] 🎯 Célzott Forgalom Generálása (R1C1_C) | Period: 6.0468
Found 6 valid OD pairs for R1C1_C
Generating focused traffic: Period 6.0468s
[INFO] Subscriptions active: 6 (libsumo, fast mode)
[INFO] Episode duration: 1800s (30 min)

[DEBUG] 🎯 Célzott Forgalom Generálása (R1C1_C) | Period: 6.1047
Found 6 valid OD pairs for R1C1_C
Generating focused traffic: Period 6.1047s
[INFO] Subscriptions active: 6 (libsumo, fast mode)
[INFO] Episode duration: 3600s (60 min)

[DEBUG] 🎯 Célzott Forgalom Generálása (R1C1_C) | Period: 4.0167
Found 6 valid OD pairs for R1C1_C
Generating focused traffic: Period 4.0167s
[INFO] Subscriptions active: 6 (libsumo, fast mode)
[INFO] Episode duration: 900s (15 min)

[DEBUG] 🎯 Célzott Forgalom Generálása (R1C1_C) | Period: 6.4745
Found 6 valid OD pairs for R1C1_C
Generating focused traffic: Period 6.4745s
[INFO] Subscriptions active: 6 (libsumo, fast mode)
[INFO] Episode duration: 3600s (60 min)

[DEBUG] 🎯 Célzott Forgalom Generálása (R1C1_C) | Period: 4.7175
Found 6 valid OD pairs for R1C1_C
Generating focused traffic: Period 4.7175s
[INFO] Subscriptions active: 6 (libsumo, fast mode)
[INFO] Episode duration: 900s (15 min)

[DEBUG] 🎯 Célzott Forgalom Generálása (R1C1_C) | Period: 6.5571
Found 6 valid OD pairs for R1C1_C
Generating focused traffic: Period 6.5571s
[INFO] Subscriptions active: 6 (libsumo, fast mode)
[INFO] Episode duration: 1800s (30 min)

[DEBUG] 🎯 Célzott Forgalom Generálása (R1C1_C) | Period: 6.8955
Found 6 valid OD pairs for R1C1_C
Generating focused traffic: Period 6.8955s
[INFO] Subscriptions active: 6 (libsumo, fast mode)
[INFO] Episode duration: 900s (15 min)

[DEBUG] 🎯 Célzott Forgalom Generálása (R1C1_C) | Period: 6.7237
Found 6 valid OD pairs for R1C1_C
Generating focused traffic: Period 6.7237s
[INFO] Subscriptions active: 6 (libsumo, fast mode)
[INFO] Episode duration: 2700s (45 min)

[DEBUG] 🎯 Célzott Forgalom Generálása (R1C1_C) | Period: 6.0913
Found 6 valid OD pairs for R1C1_C
Generating focused traffic: Period 6.0913s
[INFO] Subscriptions active: 6 (libsumo, fast mode)
[INFO] Episode duration: 3600s (60 min)

[DEBUG] 🎯 Célzott Forgalom Generálása (R1C1_C) | Period: 4.6383
Found 6 valid OD pairs for R1C1_C
Generating focused traffic: Period 4.6383s
[INFO] Subscriptions active: 6 (libsumo, fast mode)
[INFO] Episode duration: 3600s (60 min)

[DEBUG] 🎯 Célzott Forgalom Generálása (R1C1_C) | Period: 7.8781
Found 6 valid OD pairs for R1C1_C
Generating focused traffic: Period 7.8781s
[INFO] Subscriptions active: 6 (libsumo, fast mode)
[INFO] Episode duration: 2700s (45 min)

[DEBUG] 🎯 Célzott Forgalom Generálása (R1C1_C) | Period: 7.0015
Found 6 valid OD pairs for R1C1_C
Generating focused traffic: Period 7.0015s
[INFO] Subscriptions active: 6 (libsumo, fast mode)
[INFO] Episode duration: 2700s (45 min)

[DEBUG] 🎯 Célzott Forgalom Generálása (R1C1_C) | Period: 4.6865
Found 6 valid OD pairs for R1C1_C
Generating focused traffic: Period 4.6865s
[INFO] Subscriptions active: 6 (libsumo, fast mode)
[INFO] Episode duration: 900s (15 min)

[DEBUG] 🎯 Célzott Forgalom Generálása (R1C1_C) | Period: 4.3812
Found 6 valid OD pairs for R1C1_C
Generating focused traffic: Period 4.3812s
[INFO] Subscriptions active: 6 (libsumo, fast mode)
[INFO] Episode duration: 900s (15 min)

[DEBUG] 🎯 Célzott Forgalom Generálása (R1C1_C) | Period: 6.2283
Found 6 valid OD pairs for R1C1_C
Generating focused traffic: Period 6.2283s
[INFO] Subscriptions active: 6 (libsumo, fast mode)
[INFO] Episode duration: 1800s (30 min)

[DEBUG] 🎯 Célzott Forgalom Generálása (R1C1_C) | Period: 7.5133
Found 6 valid OD pairs for R1C1_C
Generating focused traffic: Period 7.5133s
[INFO] Subscriptions active: 6 (libsumo, fast mode)
[INFO] Episode duration: 2700s (45 min)

[DEBUG] 🎯 Célzott Forgalom Generálása (R1C1_C) | Period: 5.7056
Found 6 valid OD pairs for R1C1_C
Generating focused traffic: Period 5.7056s
[INFO] Subscriptions active: 6 (libsumo, fast mode)
[INFO] Episode duration: 3600s (60 min)

[DEBUG] 🎯 Célzott Forgalom Generálása (R1C1_C) | Period: 7.0438
Found 6 valid OD pairs for R1C1_C
Generating focused traffic: Period 7.0438s
[INFO] Subscriptions active: 6 (libsumo, fast mode)
------------------------------------
| rollout/              |          |
|    ep_len_mean        | 454      |
|    ep_rew_mean        | 133      |
| time/                 |          |
|    fps                | 152      |
|    iterations         | 20       |
|    time_elapsed       | 268      |
|    total_timesteps    | 40960    |
| train/                |          |
|    entropy_loss       | -1.39    |
|    explained_variance | 0.012    |
|    learning_rate      | 0.0001   |
|    n_updates          | 19       |
|    policy_loss        | 32.5     |
|    value_loss         | 604      |
------------------------------------
[INFO] Episode duration: 2700s (45 min)

[DEBUG] 🎯 Célzott Forgalom Generálása (R1C1_C) | Period: 4.6861
Found 6 valid OD pairs for R1C1_C
Generating focused traffic: Period 4.6861s
[INFO] Subscriptions active: 6 (libsumo, fast mode)
[INFO] Episode duration: 3600s (60 min)

[DEBUG] 🎯 Célzott Forgalom Generálása (R1C1_C) | Period: 5.3065
Found 6 valid OD pairs for R1C1_C
Generating focused traffic: Period 5.3065s
[INFO] Subscriptions active: 6 (libsumo, fast mode)
[INFO] Episode duration: 1800s (30 min)

[DEBUG] 🎯 Célzott Forgalom Generálása (R1C1_C) | Period: 7.5495
Found 6 valid OD pairs for R1C1_C
Generating focused traffic: Period 7.5495s
[INFO] Subscriptions active: 6 (libsumo, fast mode)
[INFO] Episode duration: 900s (15 min)

[DEBUG] 🎯 Célzott Forgalom Generálása (R1C1_C) | Period: 5.4588
Found 6 valid OD pairs for R1C1_C
Generating focused traffic: Period 5.4588s
[INFO] Subscriptions active: 6 (libsumo, fast mode)
[INFO] Episode duration: 3600s (60 min)

[DEBUG] 🎯 Célzott Forgalom Generálása (R1C1_C) | Period: 6.0091
Found 6 valid OD pairs for R1C1_C
Generating focused traffic: Period 6.0091s
[INFO] Subscriptions active: 6 (libsumo, fast mode)
[INFO] Episode duration: 900s (15 min)

[DEBUG] 🎯 Célzott Forgalom Generálása (R1C1_C) | Period: 4.2156
Found 6 valid OD pairs for R1C1_C
Generating focused traffic: Period 4.2156s
[INFO] Subscriptions active: 6 (libsumo, fast mode)
[INFO] Episode duration: 900s (15 min)

[DEBUG] 🎯 Célzott Forgalom Generálása (R1C1_C) | Period: 7.611
Found 6 valid OD pairs for R1C1_C
Generating focused traffic: Period 7.6110s
[INFO] Subscriptions active: 6 (libsumo, fast mode)
[INFO] Episode duration: 1800s (30 min)

[DEBUG] 🎯 Célzott Forgalom Generálása (R1C1_C) | Period: 5.8029
Found 6 valid OD pairs for R1C1_C
Generating focused traffic: Period 5.8029s
[INFO] Subscriptions active: 6 (libsumo, fast mode)
[INFO] Episode duration: 3600s (60 min)

[DEBUG] 🎯 Célzott Forgalom Generálása (R1C1_C) | Period: 5.8949
Found 6 valid OD pairs for R1C1_C
Generating focused traffic: Period 5.8949s
[INFO] Subscriptions active: 6 (libsumo, fast mode)
[INFO] Episode duration: 1800s (30 min)

[DEBUG] 🎯 Célzott Forgalom Generálása (R1C1_C) | Period: 7.2915
Found 6 valid OD pairs for R1C1_C
Generating focused traffic: Period 7.2915s
[INFO] Subscriptions active: 6 (libsumo, fast mode)
[INFO] Episode duration: 1800s (30 min)

[DEBUG] 🎯 Célzott Forgalom Generálása (R1C1_C) | Period: 7.9634
Found 6 valid OD pairs for R1C1_C
Generating focused traffic: Period 7.9634s
[INFO] Subscriptions active: 6 (libsumo, fast mode)
[INFO] Episode duration: 900s (15 min)

[DEBUG] 🎯 Célzott Forgalom Generálása (R1C1_C) | Period: 4.7889
Found 6 valid OD pairs for R1C1_C
Generating focused traffic: Period 4.7889s
[INFO] Subscriptions active: 6 (libsumo, fast mode)
[INFO] Episode duration: 1800s (30 min)

[DEBUG] 🎯 Célzott Forgalom Generálása (R1C1_C) | Period: 7.1969
Found 6 valid OD pairs for R1C1_C
Generating focused traffic: Period 7.1969s
[INFO] Subscriptions active: 6 (libsumo, fast mode)
[INFO] Episode duration: 1800s (30 min)

[DEBUG] 🎯 Célzott Forgalom Generálása (R1C1_C) | Period: 6.0983
Found 6 valid OD pairs for R1C1_C
Generating focused traffic: Period 6.0983s
[INFO] Subscriptions active: 6 (libsumo, fast mode)
[INFO] Episode duration: 2700s (45 min)

[DEBUG] 🎯 Célzott Forgalom Generálása (R1C1_C) | Period: 7.9759
Found 6 valid OD pairs for R1C1_C
Generating focused traffic: Period 7.9759s
[INFO] Subscriptions active: 6 (libsumo, fast mode)
[INFO] Episode duration: 2700s (45 min)

[DEBUG] 🎯 Célzott Forgalom Generálása (R1C1_C) | Period: 5.6255
Found 6 valid OD pairs for R1C1_C
Generating focused traffic: Period 5.6255s
[INFO] Subscriptions active: 6 (libsumo, fast mode)
[INFO] Episode duration: 3600s (60 min)

[DEBUG] 🎯 Célzott Forgalom Generálása (R1C1_C) | Period: 6.2846
Found 6 valid OD pairs for R1C1_C
Generating focused traffic: Period 6.2846s
[INFO] Subscriptions active: 6 (libsumo, fast mode)
[INFO] Episode duration: 3600s (60 min)

[DEBUG] 🎯 Célzott Forgalom Generálása (R1C1_C) | Period: 7.3431
Found 6 valid OD pairs for R1C1_C
Generating focused traffic: Period 7.3431s
[INFO] Subscriptions active: 6 (libsumo, fast mode)
[INFO] Episode duration: 2700s (45 min)

[DEBUG] 🎯 Célzott Forgalom Generálása (R1C1_C) | Period: 7.9146
Found 6 valid OD pairs for R1C1_C
Generating focused traffic: Period 7.9146s
[INFO] Subscriptions active: 6 (libsumo, fast mode)
[INFO] Episode duration: 900s (15 min)

[DEBUG] 🎯 Célzott Forgalom Generálása (R1C1_C) | Period: 5.3788
Found 6 valid OD pairs for R1C1_C
Generating focused traffic: Period 5.3788s
[INFO] Subscriptions active: 6 (libsumo, fast mode)
[INFO] Episode duration: 3600s (60 min)

[DEBUG] 🎯 Célzott Forgalom Generálása (R1C1_C) | Period: 7.4862
Found 6 valid OD pairs for R1C1_C
Generating focused traffic: Period 7.4862s
[INFO] Subscriptions active: 6 (libsumo, fast mode)
[INFO] Episode duration: 1800s (30 min)

[DEBUG] 🎯 Célzott Forgalom Generálása (R1C1_C) | Period: 7.2848
Found 6 valid OD pairs for R1C1_C
Generating focused traffic: Period 7.2848s
[INFO] Subscriptions active: 6 (libsumo, fast mode)
[INFO] Episode duration: 900s (15 min)

[DEBUG] 🎯 Célzott Forgalom Generálása (R1C1_C) | Period: 7.0877
Found 6 valid OD pairs for R1C1_C
Generating focused traffic: Period 7.0877s
[INFO] Subscriptions active: 6 (libsumo, fast mode)
[INFO] Episode duration: 2700s (45 min)

[DEBUG] 🎯 Célzott Forgalom Generálása (R1C1_C) | Period: 4.1567
Found 6 valid OD pairs for R1C1_C
Generating focused traffic: Period 4.1567s
[INFO] Subscriptions active: 6 (libsumo, fast mode)
[INFO] Episode duration: 3600s (60 min)

[DEBUG] 🎯 Célzott Forgalom Generálása (R1C1_C) | Period: 5.9047
Found 6 valid OD pairs for R1C1_C
Generating focused traffic: Period 5.9047s
[INFO] Subscriptions active: 6 (libsumo, fast mode)
[INFO] Episode duration: 2700s (45 min)

[DEBUG] 🎯 Célzott Forgalom Generálása (R1C1_C) | Period: 4.6068
Found 6 valid OD pairs for R1C1_C
Generating focused traffic: Period 4.6068s
[INFO] Subscriptions active: 6 (libsumo, fast mode)
[INFO] Episode duration: 2700s (45 min)

[DEBUG] 🎯 Célzott Forgalom Generálása (R1C1_C) | Period: 6.5713
Found 6 valid OD pairs for R1C1_C
Generating focused traffic: Period 6.5713s
[INFO] Subscriptions active: 6 (libsumo, fast mode)
[INFO] Episode duration: 3600s (60 min)

[DEBUG] 🎯 Célzott Forgalom Generálása (R1C1_C) | Period: 5.2014
Found 6 valid OD pairs for R1C1_C
Generating focused traffic: Period 5.2014s
[INFO] Subscriptions active: 6 (libsumo, fast mode)
[INFO] Episode duration: 1800s (30 min)

[DEBUG] 🎯 Célzott Forgalom Generálása (R1C1_C) | Period: 6.5712
Found 6 valid OD pairs for R1C1_C
Generating focused traffic: Period 6.5712s
[INFO] Subscriptions active: 6 (libsumo, fast mode)
[INFO] Episode duration: 1800s (30 min)

[DEBUG] 🎯 Célzott Forgalom Generálása (R1C1_C) | Period: 4.9444
Found 6 valid OD pairs for R1C1_C
Generating focused traffic: Period 4.9444s
[INFO] Subscriptions active: 6 (libsumo, fast mode)
[INFO] Episode duration: 900s (15 min)

[DEBUG] 🎯 Célzott Forgalom Generálása (R1C1_C) | Period: 6.2556
Found 6 valid OD pairs for R1C1_C
Generating focused traffic: Period 6.2556s
[INFO] Subscriptions active: 6 (libsumo, fast mode)
[INFO] Episode duration: 3600s (60 min)

[DEBUG] 🎯 Célzott Forgalom Generálása (R1C1_C) | Period: 4.5471
Found 6 valid OD pairs for R1C1_C
Generating focused traffic: Period 4.5471s
[INFO] Subscriptions active: 6 (libsumo, fast mode)
[INFO] Episode duration: 900s (15 min)

[DEBUG] 🎯 Célzott Forgalom Generálása (R1C1_C) | Period: 7.3334
Found 6 valid OD pairs for R1C1_C
Generating focused traffic: Period 7.3334s
[INFO] Subscriptions active: 6 (libsumo, fast mode)
[INFO] Episode duration: 900s (15 min)

[DEBUG] 🎯 Célzott Forgalom Generálása (R1C1_C) | Period: 5.4675
Found 6 valid OD pairs for R1C1_C
Generating focused traffic: Period 5.4675s
[INFO] Subscriptions active: 6 (libsumo, fast mode)
[INFO] Episode duration: 2700s (45 min)

[DEBUG] 🎯 Célzott Forgalom Generálása (R1C1_C) | Period: 6.9558
Found 6 valid OD pairs for R1C1_C
Generating focused traffic: Period 6.9558s
[INFO] Subscriptions active: 6 (libsumo, fast mode)
[INFO] Episode duration: 1800s (30 min)

[DEBUG] 🎯 Célzott Forgalom Generálása (R1C1_C) | Period: 7.7099
Found 6 valid OD pairs for R1C1_C
Generating focused traffic: Period 7.7099s
[INFO] Subscriptions active: 6 (libsumo, fast mode)
[INFO] Episode duration: 1800s (30 min)

[DEBUG] 🎯 Célzott Forgalom Generálása (R1C1_C) | Period: 6.2336
Found 6 valid OD pairs for R1C1_C
Generating focused traffic: Period 6.2336s
[INFO] Subscriptions active: 6 (libsumo, fast mode)
[INFO] Episode duration: 3600s (60 min)

[DEBUG] 🎯 Célzott Forgalom Generálása (R1C1_C) | Period: 7.2079
Found 6 valid OD pairs for R1C1_C
Generating focused traffic: Period 7.2079s
[INFO] Subscriptions active: 6 (libsumo, fast mode)
[INFO] Episode duration: 1800s (30 min)

[DEBUG] 🎯 Célzott Forgalom Generálása (R1C1_C) | Period: 6.3955
Found 6 valid OD pairs for R1C1_C
Generating focused traffic: Period 6.3955s
[INFO] Subscriptions active: 6 (libsumo, fast mode)
[INFO] Episode duration: 2700s (45 min)

[DEBUG] 🎯 Célzott Forgalom Generálása (R1C1_C) | Period: 4.1055
Found 6 valid OD pairs for R1C1_C
Generating focused traffic: Period 4.1055s
[INFO] Subscriptions active: 6 (libsumo, fast mode)
[INFO] Episode duration: 2700s (45 min)

[DEBUG] 🎯 Célzott Forgalom Generálása (R1C1_C) | Period: 4.7523
Found 6 valid OD pairs for R1C1_C
Generating focused traffic: Period 4.7523s
[INFO] Subscriptions active: 6 (libsumo, fast mode)
[INFO] Episode duration: 2700s (45 min)

[DEBUG] 🎯 Célzott Forgalom Generálása (R1C1_C) | Period: 4.3691
Found 6 valid OD pairs for R1C1_C
Generating focused traffic: Period 4.3691s
[INFO] Subscriptions active: 6 (libsumo, fast mode)
[INFO] Episode duration: 2700s (45 min)

[DEBUG] 🎯 Célzott Forgalom Generálása (R1C1_C) | Period: 4.0618
Found 6 valid OD pairs for R1C1_C
Generating focused traffic: Period 4.0618s
[INFO] Subscriptions active: 6 (libsumo, fast mode)
[INFO] Episode duration: 900s (15 min)

[DEBUG] 🎯 Célzott Forgalom Generálása (R1C1_C) | Period: 6.437
Found 6 valid OD pairs for R1C1_C
Generating focused traffic: Period 6.4370s
[INFO] Subscriptions active: 6 (libsumo, fast mode)
[INFO] Episode duration: 3600s (60 min)

[DEBUG] 🎯 Célzott Forgalom Generálása (R1C1_C) | Period: 5.954
Found 6 valid OD pairs for R1C1_C
Generating focused traffic: Period 5.9540s
[INFO] Subscriptions active: 6 (libsumo, fast mode)
------------------------------------
| rollout/              |          |
|    ep_len_mean        | 464      |
|    ep_rew_mean        | 137      |
| time/                 |          |
|    fps                | 153      |
|    iterations         | 30       |
|    time_elapsed       | 401      |
|    total_timesteps    | 61440    |
| train/                |          |
|    entropy_loss       | -1.39    |
|    explained_variance | 0.0136   |
|    learning_rate      | 0.0001   |
|    n_updates          | 29       |
|    policy_loss        | 31.7     |
|    value_loss         | 589      |
------------------------------------
[INFO] Episode duration: 2700s (45 min)

[DEBUG] 🎯 Célzott Forgalom Generálása (R1C1_C) | Period: 6.7487
Found 6 valid OD pairs for R1C1_C
Generating focused traffic: Period 6.7487s
[INFO] Subscriptions active: 6 (libsumo, fast mode)
[INFO] Episode duration: 3600s (60 min)

[DEBUG] 🎯 Célzott Forgalom Generálása (R1C1_C) | Period: 5.4084
Found 6 valid OD pairs for R1C1_C
Generating focused traffic: Period 5.4084s
[INFO] Subscriptions active: 6 (libsumo, fast mode)
[INFO] Episode duration: 1800s (30 min)

[DEBUG] 🎯 Célzott Forgalom Generálása (R1C1_C) | Period: 6.3196
Found 6 valid OD pairs for R1C1_C
Generating focused traffic: Period 6.3196s
[INFO] Subscriptions active: 6 (libsumo, fast mode)
[INFO] Episode duration: 900s (15 min)

[DEBUG] 🎯 Célzott Forgalom Generálása (R1C1_C) | Period: 4.6373
Found 6 valid OD pairs for R1C1_C
Generating focused traffic: Period 4.6373s
[INFO] Subscriptions active: 6 (libsumo, fast mode)
[INFO] Episode duration: 3600s (60 min)

[DEBUG] 🎯 Célzott Forgalom Generálása (R1C1_C) | Period: 5.4631
Found 6 valid OD pairs for R1C1_C
Generating focused traffic: Period 5.4631s
[INFO] Subscriptions active: 6 (libsumo, fast mode)
[INFO] Episode duration: 3600s (60 min)

[DEBUG] 🎯 Célzott Forgalom Generálása (R1C1_C) | Period: 4.6216
Found 6 valid OD pairs for R1C1_C
Generating focused traffic: Period 4.6216s
[INFO] Subscriptions active: 6 (libsumo, fast mode)
[INFO] Episode duration: 3600s (60 min)

[DEBUG] 🎯 Célzott Forgalom Generálása (R1C1_C) | Period: 5.481
Found 6 valid OD pairs for R1C1_C
Generating focused traffic: Period 5.4810s
[INFO] Subscriptions active: 6 (libsumo, fast mode)
[INFO] Episode duration: 900s (15 min)

[DEBUG] 🎯 Célzott Forgalom Generálása (R1C1_C) | Period: 5.5858
Found 6 valid OD pairs for R1C1_C
Generating focused traffic: Period 5.5858s
[INFO] Subscriptions active: 6 (libsumo, fast mode)
[INFO] Episode duration: 2700s (45 min)

[DEBUG] 🎯 Célzott Forgalom Generálása (R1C1_C) | Period: 4.9913
Found 6 valid OD pairs for R1C1_C
Generating focused traffic: Period 4.9913s
[INFO] Subscriptions active: 6 (libsumo, fast mode)
[INFO] Episode duration: 900s (15 min)

[DEBUG] 🎯 Célzott Forgalom Generálása (R1C1_C) | Period: 4.2173
Found 6 valid OD pairs for R1C1_C
Generating focused traffic: Period 4.2173s
[INFO] Subscriptions active: 6 (libsumo, fast mode)
[INFO] Episode duration: 2700s (45 min)

[DEBUG] 🎯 Célzott Forgalom Generálása (R1C1_C) | Period: 4.653
Found 6 valid OD pairs for R1C1_C
Generating focused traffic: Period 4.6530s
[INFO] Subscriptions active: 6 (libsumo, fast mode)
[INFO] Episode duration: 900s (15 min)

[DEBUG] 🎯 Célzott Forgalom Generálása (R1C1_C) | Period: 5.5912
Found 6 valid OD pairs for R1C1_C
Generating focused traffic: Period 5.5912s
[INFO] Subscriptions active: 6 (libsumo, fast mode)
[INFO] Episode duration: 3600s (60 min)

[DEBUG] 🎯 Célzott Forgalom Generálása (R1C1_C) | Period: 5.2018
Found 6 valid OD pairs for R1C1_C
Generating focused traffic: Period 5.2018s
[INFO] Subscriptions active: 6 (libsumo, fast mode)
[INFO] Episode duration: 900s (15 min)

[DEBUG] 🎯 Célzott Forgalom Generálása (R1C1_C) | Period: 7.1163
Found 6 valid OD pairs for R1C1_C
Generating focused traffic: Period 7.1163s
[INFO] Subscriptions active: 6 (libsumo, fast mode)
[INFO] Episode duration: 3600s (60 min)

[DEBUG] 🎯 Célzott Forgalom Generálása (R1C1_C) | Period: 7.1853
Found 6 valid OD pairs for R1C1_C
Generating focused traffic: Period 7.1853s
[INFO] Subscriptions active: 6 (libsumo, fast mode)
[INFO] Episode duration: 2700s (45 min)

[DEBUG] 🎯 Célzott Forgalom Generálása (R1C1_C) | Period: 6.2751
Found 6 valid OD pairs for R1C1_C
Generating focused traffic: Period 6.2751s
[INFO] Subscriptions active: 6 (libsumo, fast mode)
[INFO] Episode duration: 1800s (30 min)

[DEBUG] 🎯 Célzott Forgalom Generálása (R1C1_C) | Period: 6.0152
Found 6 valid OD pairs for R1C1_C
Generating focused traffic: Period 6.0152s
[INFO] Subscriptions active: 6 (libsumo, fast mode)
[INFO] Episode duration: 1800s (30 min)

[DEBUG] 🎯 Célzott Forgalom Generálása (R1C1_C) | Period: 5.8735
Found 6 valid OD pairs for R1C1_C
Generating focused traffic: Period 5.8735s
[INFO] Subscriptions active: 6 (libsumo, fast mode)
[INFO] Episode duration: 900s (15 min)

[DEBUG] 🎯 Célzott Forgalom Generálása (R1C1_C) | Period: 4.3167
Found 6 valid OD pairs for R1C1_C
Generating focused traffic: Period 4.3167s
[INFO] Subscriptions active: 6 (libsumo, fast mode)
[INFO] Episode duration: 2700s (45 min)

[DEBUG] 🎯 Célzott Forgalom Generálása (R1C1_C) | Period: 5.6372
Found 6 valid OD pairs for R1C1_C
Generating focused traffic: Period 5.6372s
[INFO] Subscriptions active: 6 (libsumo, fast mode)
[INFO] Episode duration: 3600s (60 min)

[DEBUG] 🎯 Célzott Forgalom Generálása (R1C1_C) | Period: 5.8796
Found 6 valid OD pairs for R1C1_C
Generating focused traffic: Period 5.8796s
[INFO] Subscriptions active: 6 (libsumo, fast mode)
[INFO] Episode duration: 1800s (30 min)

[DEBUG] 🎯 Célzott Forgalom Generálása (R1C1_C) | Period: 6.4675
Found 6 valid OD pairs for R1C1_C
Generating focused traffic: Period 6.4675s
[INFO] Subscriptions active: 6 (libsumo, fast mode)
[INFO] Episode duration: 2700s (45 min)

[DEBUG] 🎯 Célzott Forgalom Generálása (R1C1_C) | Period: 5.15
Found 6 valid OD pairs for R1C1_C
Generating focused traffic: Period 5.1500s
[INFO] Subscriptions active: 6 (libsumo, fast mode)
[INFO] Episode duration: 900s (15 min)

[DEBUG] 🎯 Célzott Forgalom Generálása (R1C1_C) | Period: 6.3593
Found 6 valid OD pairs for R1C1_C
Generating focused traffic: Period 6.3593s
[INFO] Subscriptions active: 6 (libsumo, fast mode)
[INFO] Episode duration: 3600s (60 min)

[DEBUG] 🎯 Célzott Forgalom Generálása (R1C1_C) | Period: 4.6556
Found 6 valid OD pairs for R1C1_C
Generating focused traffic: Period 4.6556s
[INFO] Subscriptions active: 6 (libsumo, fast mode)
[INFO] Episode duration: 2700s (45 min)

[DEBUG] 🎯 Célzott Forgalom Generálása (R1C1_C) | Period: 5.9959
Found 6 valid OD pairs for R1C1_C
Generating focused traffic: Period 5.9959s
[INFO] Subscriptions active: 6 (libsumo, fast mode)
[INFO] Episode duration: 2700s (45 min)

[DEBUG] 🎯 Célzott Forgalom Generálása (R1C1_C) | Period: 6.045
Found 6 valid OD pairs for R1C1_C
Generating focused traffic: Period 6.0450s
[INFO] Subscriptions active: 6 (libsumo, fast mode)
[INFO] Episode duration: 3600s (60 min)

[DEBUG] 🎯 Célzott Forgalom Generálása (R1C1_C) | Period: 7.4154
Found 6 valid OD pairs for R1C1_C
Generating focused traffic: Period 7.4154s
[INFO] Subscriptions active: 6 (libsumo, fast mode)
[INFO] Episode duration: 1800s (30 min)

[DEBUG] 🎯 Célzott Forgalom Generálása (R1C1_C) | Period: 7.6788
Found 6 valid OD pairs for R1C1_C
Generating focused traffic: Period 7.6788s
[INFO] Subscriptions active: 6 (libsumo, fast mode)
[INFO] Episode duration: 2700s (45 min)

[DEBUG] 🎯 Célzott Forgalom Generálása (R1C1_C) | Period: 4.6858
Found 6 valid OD pairs for R1C1_C
Generating focused traffic: Period 4.6858s
[INFO] Subscriptions active: 6 (libsumo, fast mode)
[INFO] Episode duration: 1800s (30 min)

[DEBUG] 🎯 Célzott Forgalom Generálása (R1C1_C) | Period: 4.4288
Found 6 valid OD pairs for R1C1_C
Generating focused traffic: Period 4.4288s
[INFO] Subscriptions active: 6 (libsumo, fast mode)
[INFO] Episode duration: 2700s (45 min)

[DEBUG] 🎯 Célzott Forgalom Generálása (R1C1_C) | Period: 6.5769
Found 6 valid OD pairs for R1C1_C
Generating focused traffic: Period 6.5769s
[INFO] Subscriptions active: 6 (libsumo, fast mode)
[INFO] Episode duration: 2700s (45 min)

[DEBUG] 🎯 Célzott Forgalom Generálása (R1C1_C) | Period: 5.6648
Found 6 valid OD pairs for R1C1_C
Generating focused traffic: Period 5.6648s
[INFO] Subscriptions active: 6 (libsumo, fast mode)
[INFO] Episode duration: 2700s (45 min)

[DEBUG] 🎯 Célzott Forgalom Generálása (R1C1_C) | Period: 5.9786
Found 6 valid OD pairs for R1C1_C
Generating focused traffic: Period 5.9786s
[INFO] Subscriptions active: 6 (libsumo, fast mode)
[INFO] Episode duration: 3600s (60 min)

[DEBUG] 🎯 Célzott Forgalom Generálása (R1C1_C) | Period: 7.6925
Found 6 valid OD pairs for R1C1_C
Generating focused traffic: Period 7.6925s
[INFO] Subscriptions active: 6 (libsumo, fast mode)
[INFO] Episode duration: 2700s (45 min)

[DEBUG] 🎯 Célzott Forgalom Generálása (R1C1_C) | Period: 4.3883
Found 6 valid OD pairs for R1C1_C
Generating focused traffic: Period 4.3883s
[INFO] Subscriptions active: 6 (libsumo, fast mode)
[INFO] Episode duration: 3600s (60 min)

[DEBUG] 🎯 Célzott Forgalom Generálása (R1C1_C) | Period: 7.7127
Found 6 valid OD pairs for R1C1_C
Generating focused traffic: Period 7.7127s
[INFO] Subscriptions active: 6 (libsumo, fast mode)
[INFO] Episode duration: 3600s (60 min)

[DEBUG] 🎯 Célzott Forgalom Generálása (R1C1_C) | Period: 6.8256
Found 6 valid OD pairs for R1C1_C
Generating focused traffic: Period 6.8256s
[INFO] Subscriptions active: 6 (libsumo, fast mode)
[INFO] Episode duration: 1800s (30 min)

[DEBUG] 🎯 Célzott Forgalom Generálása (R1C1_C) | Period: 7.6804
Found 6 valid OD pairs for R1C1_C
Generating focused traffic: Period 7.6804s
[INFO] Subscriptions active: 6 (libsumo, fast mode)
[INFO] Episode duration: 2700s (45 min)

[DEBUG] 🎯 Célzott Forgalom Generálása (R1C1_C) | Period: 4.7555
Found 6 valid OD pairs for R1C1_C
Generating focused traffic: Period 4.7555s
[INFO] Subscriptions active: 6 (libsumo, fast mode)
------------------------------------
| rollout/              |          |
|    ep_len_mean        | 473      |
|    ep_rew_mean        | 140      |
| time/                 |          |
|    fps                | 153      |
|    iterations         | 40       |
|    time_elapsed       | 533      |
|    total_timesteps    | 81920    |
| train/                |          |
|    entropy_loss       | -1.39    |
|    explained_variance | 0.00596  |
|    learning_rate      | 0.0001   |
|    n_updates          | 39       |
|    policy_loss        | 33.5     |
|    value_loss         | 654      |
------------------------------------
[INFO] Episode duration: 900s (15 min)

[DEBUG] 🎯 Célzott Forgalom Generálása (R1C1_C) | Period: 7.2118
Found 6 valid OD pairs for R1C1_C
Generating focused traffic: Period 7.2118s
[INFO] Subscriptions active: 6 (libsumo, fast mode)
[INFO] Episode duration: 900s (15 min)

[DEBUG] 🎯 Célzott Forgalom Generálása (R1C1_C) | Period: 4.2776
Found 6 valid OD pairs for R1C1_C
Generating focused traffic: Period 4.2776s
[INFO] Subscriptions active: 6 (libsumo, fast mode)
[INFO] Episode duration: 2700s (45 min)

[DEBUG] 🎯 Célzott Forgalom Generálása (R1C1_C) | Period: 7.4656
Found 6 valid OD pairs for R1C1_C
Generating focused traffic: Period 7.4656s
[INFO] Subscriptions active: 6 (libsumo, fast mode)
[INFO] Episode duration: 3600s (60 min)

[DEBUG] 🎯 Célzott Forgalom Generálása (R1C1_C) | Period: 7.8591
Found 6 valid OD pairs for R1C1_C
Generating focused traffic: Period 7.8591s
[INFO] Subscriptions active: 6 (libsumo, fast mode)
[INFO] Episode duration: 3600s (60 min)

[DEBUG] 🎯 Célzott Forgalom Generálása (R1C1_C) | Period: 5.7121
Found 6 valid OD pairs for R1C1_C
Generating focused traffic: Period 5.7121s
[INFO] Subscriptions active: 6 (libsumo, fast mode)
[INFO] Episode duration: 3600s (60 min)

[DEBUG] 🎯 Célzott Forgalom Generálása (R1C1_C) | Period: 5.43
Found 6 valid OD pairs for R1C1_C
Generating focused traffic: Period 5.4300s
[INFO] Subscriptions active: 6 (libsumo, fast mode)
[INFO] Episode duration: 1800s (30 min)

[DEBUG] 🎯 Célzott Forgalom Generálása (R1C1_C) | Period: 4.5977
Found 6 valid OD pairs for R1C1_C
Generating focused traffic: Period 4.5977s
[INFO] Subscriptions active: 6 (libsumo, fast mode)
[INFO] Episode duration: 900s (15 min)

[DEBUG] 🎯 Célzott Forgalom Generálása (R1C1_C) | Period: 6.5151
Found 6 valid OD pairs for R1C1_C
Generating focused traffic: Period 6.5151s
[INFO] Subscriptions active: 6 (libsumo, fast mode)
[INFO] Episode duration: 2700s (45 min)

[DEBUG] 🎯 Célzott Forgalom Generálása (R1C1_C) | Period: 6.3695
Found 6 valid OD pairs for R1C1_C
Generating focused traffic: Period 6.3695s
[INFO] Subscriptions active: 6 (libsumo, fast mode)
[INFO] Episode duration: 900s (15 min)

[DEBUG] 🎯 Célzott Forgalom Generálása (R1C1_C) | Period: 4.2846
Found 6 valid OD pairs for R1C1_C
Generating focused traffic: Period 4.2846s
[INFO] Subscriptions active: 6 (libsumo, fast mode)
[INFO] Episode duration: 3600s (60 min)

[DEBUG] 🎯 Célzott Forgalom Generálása (R1C1_C) | Period: 4.7877
Found 6 valid OD pairs for R1C1_C
Generating focused traffic: Period 4.7877s
[INFO] Subscriptions active: 6 (libsumo, fast mode)
[INFO] Episode duration: 2700s (45 min)

[DEBUG] 🎯 Célzott Forgalom Generálása (R1C1_C) | Period: 4.1523
Found 6 valid OD pairs for R1C1_C
Generating focused traffic: Period 4.1523s
[INFO] Subscriptions active: 6 (libsumo, fast mode)
[INFO] Episode duration: 3600s (60 min)

[DEBUG] 🎯 Célzott Forgalom Generálása (R1C1_C) | Period: 4.5372
Found 6 valid OD pairs for R1C1_C
Generating focused traffic: Period 4.5372s
[INFO] Subscriptions active: 6 (libsumo, fast mode)
[INFO] Episode duration: 2700s (45 min)

[DEBUG] 🎯 Célzott Forgalom Generálása (R1C1_C) | Period: 4.7665
Found 6 valid OD pairs for R1C1_C
Generating focused traffic: Period 4.7665s
[INFO] Subscriptions active: 6 (libsumo, fast mode)
[INFO] Episode duration: 3600s (60 min)

[DEBUG] 🎯 Célzott Forgalom Generálása (R1C1_C) | Period: 4.8411
Found 6 valid OD pairs for R1C1_C
Generating focused traffic: Period 4.8411s
[INFO] Subscriptions active: 6 (libsumo, fast mode)
[INFO] Episode duration: 2700s (45 min)

[DEBUG] 🎯 Célzott Forgalom Generálása (R1C1_C) | Period: 4.3643
Found 6 valid OD pairs for R1C1_C
Generating focused traffic: Period 4.3643s
[INFO] Subscriptions active: 6 (libsumo, fast mode)
[INFO] Episode duration: 3600s (60 min)

[DEBUG] 🎯 Célzott Forgalom Generálása (R1C1_C) | Period: 7.0264
Found 6 valid OD pairs for R1C1_C
Generating focused traffic: Period 7.0264s
[INFO] Subscriptions active: 6 (libsumo, fast mode)
[INFO] Episode duration: 3600s (60 min)

[DEBUG] 🎯 Célzott Forgalom Generálása (R1C1_C) | Period: 7.2805
Found 6 valid OD pairs for R1C1_C
Generating focused traffic: Period 7.2805s
[INFO] Subscriptions active: 6 (libsumo, fast mode)
[INFO] Episode duration: 2700s (45 min)

[DEBUG] 🎯 Célzott Forgalom Generálása (R1C1_C) | Period: 5.3081
Found 6 valid OD pairs for R1C1_C
Generating focused traffic: Period 5.3081s
[INFO] Subscriptions active: 6 (libsumo, fast mode)
[INFO] Episode duration: 2700s (45 min)

[DEBUG] 🎯 Célzott Forgalom Generálása (R1C1_C) | Period: 6.914
Found 6 valid OD pairs for R1C1_C
Generating focused traffic: Period 6.9140s
[INFO] Subscriptions active: 6 (libsumo, fast mode)
[INFO] Episode duration: 900s (15 min)

[DEBUG] 🎯 Célzott Forgalom Generálása (R1C1_C) | Period: 7.0136
Found 6 valid OD pairs for R1C1_C
Generating focused traffic: Period 7.0136s
[INFO] Subscriptions active: 6 (libsumo, fast mode)
[INFO] Episode duration: 1800s (30 min)

[DEBUG] 🎯 Célzott Forgalom Generálása (R1C1_C) | Period: 5.9308
Found 6 valid OD pairs for R1C1_C
Generating focused traffic: Period 5.9308s
[INFO] Subscriptions active: 6 (libsumo, fast mode)
[INFO] Episode duration: 900s (15 min)

[DEBUG] 🎯 Célzott Forgalom Generálása (R1C1_C) | Period: 7.4344
Found 6 valid OD pairs for R1C1_C
Generating focused traffic: Period 7.4344s
[INFO] Subscriptions active: 6 (libsumo, fast mode)
[INFO] Episode duration: 3600s (60 min)

[DEBUG] 🎯 Célzott Forgalom Generálása (R1C1_C) | Period: 4.3951
Found 6 valid OD pairs for R1C1_C
Generating focused traffic: Period 4.3951s
[INFO] Subscriptions active: 6 (libsumo, fast mode)
[INFO] Episode duration: 900s (15 min)

[DEBUG] 🎯 Célzott Forgalom Generálása (R1C1_C) | Period: 6.2974
Found 6 valid OD pairs for R1C1_C
Generating focused traffic: Period 6.2974s
[INFO] Subscriptions active: 6 (libsumo, fast mode)
[INFO] Episode duration: 2700s (45 min)

[DEBUG] 🎯 Célzott Forgalom Generálása (R1C1_C) | Period: 5.6104
Found 6 valid OD pairs for R1C1_C
Generating focused traffic: Period 5.6104s
[INFO] Subscriptions active: 6 (libsumo, fast mode)
[INFO] Episode duration: 900s (15 min)

[DEBUG] 🎯 Célzott Forgalom Generálása (R1C1_C) | Period: 5.6852
Found 6 valid OD pairs for R1C1_C
Generating focused traffic: Period 5.6852s
[INFO] Subscriptions active: 6 (libsumo, fast mode)
[INFO] Episode duration: 3600s (60 min)

[DEBUG] 🎯 Célzott Forgalom Generálása (R1C1_C) | Period: 5.067
Found 6 valid OD pairs for R1C1_C
Generating focused traffic: Period 5.0670s
[INFO] Subscriptions active: 6 (libsumo, fast mode)
[INFO] Episode duration: 900s (15 min)

[DEBUG] 🎯 Célzott Forgalom Generálása (R1C1_C) | Period: 5.8199
Found 6 valid OD pairs for R1C1_C
Generating focused traffic: Period 5.8199s
[INFO] Subscriptions active: 6 (libsumo, fast mode)
[INFO] Episode duration: 2700s (45 min)

[DEBUG] 🎯 Célzott Forgalom Generálása (R1C1_C) | Period: 7.2522
Found 6 valid OD pairs for R1C1_C
Generating focused traffic: Period 7.2522s
[INFO] Subscriptions active: 6 (libsumo, fast mode)
[INFO] Episode duration: 1800s (30 min)

[DEBUG] 🎯 Célzott Forgalom Generálása (R1C1_C) | Period: 7.6232
Found 6 valid OD pairs for R1C1_C
Generating focused traffic: Period 7.6232s
[INFO] Subscriptions active: 6 (libsumo, fast mode)
[INFO] Episode duration: 900s (15 min)

[DEBUG] 🎯 Célzott Forgalom Generálása (R1C1_C) | Period: 4.7552
Found 6 valid OD pairs for R1C1_C
Generating focused traffic: Period 4.7552s
[INFO] Subscriptions active: 6 (libsumo, fast mode)
[INFO] Episode duration: 900s (15 min)

[DEBUG] 🎯 Célzott Forgalom Generálása (R1C1_C) | Period: 7.0074
Found 6 valid OD pairs for R1C1_C
Generating focused traffic: Period 7.0074s
[INFO] Subscriptions active: 6 (libsumo, fast mode)
[INFO] Episode duration: 3600s (60 min)

[DEBUG] 🎯 Célzott Forgalom Generálása (R1C1_C) | Period: 5.1281
Found 6 valid OD pairs for R1C1_C
Generating focused traffic: Period 5.1281s
[INFO] Subscriptions active: 6 (libsumo, fast mode)
[INFO] Episode duration: 2700s (45 min)
wandb: WARNING Symlinked 1 file into the W&B run directory; call wandb.save again to sync new files.
/Users/wagnertamas/Documents/Munka/cikkek/AI_agens_konyvtar/support/intergreen_matrix_calculator/rl_trainer.py:857: UserWarning: Exporting a model while it is in training mode. Please ensure that this is intended, as it may lead to different behavior during inference. Calling model.eval() before export is recommended.
  torch.onnx.export(
/Users/wagnertamas/Documents/Munka/cikkek/AI_agens_konyvtar/support/intergreen_matrix_calculator/rl_trainer.py:857: UserWarning: # 'dynamic_axes' is not recommended when dynamo=True, and may lead to 'torch._dynamo.exc.UserError: Constraints violated.' Supply the 'dynamic_shapes' argument instead if export is unsuccessful.
  torch.onnx.export(
wandb: updating run metadata
wandb: uploading pytorch_models/R1C1_C.zip; uploading output.log; uploading wandb-summary.json
wandb: uploading pytorch_models/R1C1_C.zip; uploading output.log
wandb: 
wandb: Run history:
wandb:  R1C1_C/action_pct/phase_0 ▃▅▇▃▆▆▅▄▆▅▅▄▆▅▅▄▅▄▆▃▄▄▇█▆█▂▄▄▆▁▅▅▅▆▄▅▃▅▆
wandb:  R1C1_C/action_pct/phase_1 ▆▂▇▄▅▅▆▆▃▅▆█▄▆▅▆▅▄▆▆▅▆▄▁▃▄█▆▇▇█▅▇▆▃▅▆▆▆▆
wandb:  R1C1_C/action_pct/phase_2 ▄█▃▆▄▅▄▇▇▇▆▄▇▇▅▇▅█▃▆▆▇▇▅▆█▆▇▄▁█▆▄▇▄▇▆▇▆▆
wandb:  R1C1_C/action_pct/phase_3 ▇▆▃█▆▆▆▄▅▅▄▅▅▃▆▄▇▆▅▆▆▄▄▆▅▁▆▄▆▆▅▆▅▃█▅▄▅▄▃
wandb:  R1C1_C/train/entropy_loss ▁▂▄▄▄▅▅▆▆▅▅▅▆▇▇▇▇▆▆▆▆▆▆▅▇▆▆▆▇▇▇▇▇▇▇▇▇▇█▇
wandb: R1C1_C/train/learning_rate ▁▁▁▁▁▁▁▁▁▁▁▁▁▁▁▁▁▁▁▁▁▁▁▁▁▁▁▁▁▁▁▁▁▁▁▁▁▁▁▁
wandb:    R1C1_C/train/value_loss ▄▃▆▃▃▄▄▂▂█▁▅▁▁▁▆▂▂▂▂▁▁▁▄▆▆▁▅▂▂▆▂▂▂▃▇▇▃▃▁
wandb:                 avg_reward ▃▂▂▂▁▂▂▂▄▂▃▃█▅▂▄▄▃▂▂▅▁▂▅▃▂▂▂▃▄▄▄▄▃▄▃▃▆▂▅
wandb:                    episode ▁▁▂▂▂▂▂▂▂▂▃▃▃▃▃▃▄▄▅▅▅▅▅▅▅▆▆▆▆▆▆▆▇▇▇▇████
wandb:         episode/avg_reward █▅▂▁▂▄▃▆▅▂▄▆▂▃▃▂▁▂▃▄▃▂▆▅▂▂▁▂▅▆▁▂▂▂▅▁▁▂▇▁
wandb:                         +7 ...
wandb: 
wandb: Run summary:
wandb:  R1C1_C/action_pct/phase_0 25.97222
wandb:  R1C1_C/action_pct/phase_1 26.52778
wandb:  R1C1_C/action_pct/phase_2 25.41667
wandb:  R1C1_C/action_pct/phase_3 22.08333
wandb:  R1C1_C/train/entropy_loss -1.38616
wandb: R1C1_C/train/learning_rate 0.0001
wandb:    R1C1_C/train/value_loss 497.42484
wandb:                 avg_reward 0.3495
wandb:                    episode 214
wandb:         episode/avg_reward 0.29046
wandb:                         +7 ...
wandb: 
wandb: 🚀 View run a2c_speed_throughput_3x16_1_R1C1_C at: https://wandb.ai/wagnertamas-budapesti-m-szaki-s-gazdas-gtudom-nyi-egyetem/sumo-rl-stat/runs/864j0b51
wandb: ⭐️ View project at: https://wandb.ai/wagnertamas-budapesti-m-szaki-s-gazdas-gtudom-nyi-egyetem/sumo-rl-stat
wandb: Synced 5 W&B file(s), 0 media file(s), 0 artifact file(s) and 1 other file(s)
wandb: Find logs at: ./wandb/run-20260322_013527-864j0b51/logs

[DEBUG] 🎯 Célzott Forgalom Generálása (R1C1_C) | Period: 7.2108
Found 6 valid OD pairs for R1C1_C
Generating focused traffic: Period 7.2108s
[INFO] Subscriptions active: 6 (libsumo, fast mode)
[INFO] Episode duration: 1800s (30 min)

[DEBUG] 🎯 Célzott Forgalom Generálása (R1C1_C) | Period: 6.8846
Found 6 valid OD pairs for R1C1_C
Generating focused traffic: Period 6.8846s
[INFO] Subscriptions active: 6 (libsumo, fast mode)
[INFO] Episode duration: 2700s (45 min)

[DEBUG] 🎯 Célzott Forgalom Generálása (R1C1_C) | Period: 5.5003
Found 6 valid OD pairs for R1C1_C
Generating focused traffic: Period 5.5003s
[INFO] Subscriptions active: 6 (libsumo, fast mode)
[INFO] Episode duration: 3600s (60 min)

[DEBUG] 🎯 Célzott Forgalom Generálása (R1C1_C) | Period: 4.3789
Found 6 valid OD pairs for R1C1_C
Generating focused traffic: Period 4.3789s
[INFO] Subscriptions active: 6 (libsumo, fast mode)
[INFO] Episode duration: 1800s (30 min)

[DEBUG] 🎯 Célzott Forgalom Generálása (R1C1_C) | Period: 5.2721
Found 6 valid OD pairs for R1C1_C
Generating focused traffic: Period 5.2721s
[INFO] Subscriptions active: 6 (libsumo, fast mode)
On-policy training completed.
Closing environment and EXPORTING models...
Saving PyTorch ZIP models to /Users/wagnertamas/Documents/Munka/cikkek/AI_agens_konyvtar/support/intergreen_matrix_calculator/data/runs/pytorch_models...
Saved PyTorch R1C1_C to /Users/wagnertamas/Documents/Munka/cikkek/AI_agens_konyvtar/support/intergreen_matrix_calculator/data/runs/pytorch_models/R1C1_C.zip
Exporting ONNX models to /Users/wagnertamas/Documents/Munka/cikkek/AI_agens_konyvtar/support/intergreen_matrix_calculator/data/runs/onnx_models...
Failed to export R1C1_C: # Failed to convert 'dynamic_axes' to 'dynamic_shapes'. Please provide 'dynamic_shapes' directly. Refer to the documentation for 'torch.export.export' for more information on dynamic shapes.
Cleanup done.
