wandb: [wandb.login()] Loaded credentials for https://api.wandb.ai from /Users/wagnertamas/.netrc.
wandb: Currently logged in as: wagnertamas (wagnertamas-budapesti-m-szaki-s-gazdas-gtudom-nyi-egyetem) to https://api.wandb.ai. Use `wandb login --relogin` to force relogin
wandb: setting up run ubmk5hix
wandb: Tracking run with wandb version 0.25.0
wandb: Run data is saved locally in /Users/wagnertamas/Documents/Munka/cikkek/AI_agens_konyvtar/support/intergreen_matrix_calculator/wandb/run-20260322_014033-ubmk5hix
wandb: Run `wandb offline` to turn off syncing.
wandb: Syncing run a2c_speed_throughput_3x32_1_R1C1_C
wandb: ⭐️ View project at https://wandb.ai/wagnertamas-budapesti-m-szaki-s-gazdas-gtudom-nyi-egyetem/sumo-rl-stat
wandb: 🚀 View run at https://wandb.ai/wagnertamas-budapesti-m-szaki-s-gazdas-gtudom-nyi-egyetem/sumo-rl-stat/runs/ubmk5hix
[INFO] Config: training_config.yaml
[INFO] Net: /Users/wagnertamas/Documents/Munka/cikkek/AI_agens_konyvtar/support/intergreen_matrix_calculator/data/mega_catalogue_v2.net.xml
[INFO] Timesteps: 100000 | Project: sumo-rl-stat
[INFO] Junction: R1C1_C
[INFO] Algorithm: a2c | Reward: speed_throughput
[INFO] Load model: None (fresh)
[INFO] Traffic: random target+spread (epizódonként)
Initializing Environment (algorithm=a2c, reward=speed_throughput)...
[INFO] Algorithm: a2c (on_policy)
[INFO] Reward mode: speed_throughput
WandB config applied (Sweep compatible).
[INFO] Junction reward params auto-loaded from /Users/wagnertamas/Documents/Munka/cikkek/AI_agens_konyvtar/support/intergreen_matrix_calculator/data/junction_reward_params.json
[INFO] Using 'libsumo' (fast headless mode, OS=darwin).
Starting SUMO...
[INFO] Episode duration: 900s (15 min)

[DEBUG] 🎯 Célzott Forgalom Generálása (R1C1_C) | Period: 4.181
Found 6 valid OD pairs for R1C1_C
Generating focused traffic: Period 4.1810s
[INFO] Network mapped: 1 agents, 3 detectors, 3 lanes
[INFO] Subscriptions active: 6 (libsumo, fast mode)
Agents discovered: ['R1C1_C']
[INFO] RL device: mps
[INFO] On-policy training: a2c → R1C1_C
Using mps device
Wrapping the env with a `Monitor` wrapper
Wrapping the env in a DummyVecEnv.
Starting on-policy training: 100000 timesteps...
[INFO] Episode duration: 900s (15 min)

[DEBUG] 🎯 Célzott Forgalom Generálása (R1C1_C) | Period: 6.5511
Found 6 valid OD pairs for R1C1_C
Generating focused traffic: Period 6.5511s
[INFO] Subscriptions active: 6 (libsumo, fast mode)
Logging to /Users/wagnertamas/Documents/Munka/cikkek/AI_agens_konyvtar/support/intergreen_matrix_calculator/data/runs/sumo-rl-stat/R1C1_C/A2C_38
[INFO] Episode duration: 2700s (45 min)

[DEBUG] 🎯 Célzott Forgalom Generálása (R1C1_C) | Period: 5.0563
Found 6 valid OD pairs for R1C1_C
Generating focused traffic: Period 5.0563s
[INFO] Subscriptions active: 6 (libsumo, fast mode)
[INFO] Episode duration: 2700s (45 min)

[DEBUG] 🎯 Célzott Forgalom Generálása (R1C1_C) | Period: 4.0906
Found 6 valid OD pairs for R1C1_C
Generating focused traffic: Period 4.0906s
[INFO] Subscriptions active: 6 (libsumo, fast mode)
[INFO] Episode duration: 2700s (45 min)

[DEBUG] 🎯 Célzott Forgalom Generálása (R1C1_C) | Period: 7.2269
Found 6 valid OD pairs for R1C1_C
Generating focused traffic: Period 7.2269s
[INFO] Subscriptions active: 6 (libsumo, fast mode)
[INFO] Episode duration: 900s (15 min)

[DEBUG] 🎯 Célzott Forgalom Generálása (R1C1_C) | Period: 6.3183
Found 6 valid OD pairs for R1C1_C
Generating focused traffic: Period 6.3183s
[INFO] Subscriptions active: 6 (libsumo, fast mode)
[INFO] Episode duration: 3600s (60 min)

[DEBUG] 🎯 Célzott Forgalom Generálása (R1C1_C) | Period: 5.0007
Found 6 valid OD pairs for R1C1_C
Generating focused traffic: Period 5.0007s
[INFO] Subscriptions active: 6 (libsumo, fast mode)
[INFO] Episode duration: 3600s (60 min)

[DEBUG] 🎯 Célzott Forgalom Generálása (R1C1_C) | Period: 4.0577
Found 6 valid OD pairs for R1C1_C
Generating focused traffic: Period 4.0577s
[INFO] Subscriptions active: 6 (libsumo, fast mode)
[INFO] Episode duration: 1800s (30 min)

[DEBUG] 🎯 Célzott Forgalom Generálása (R1C1_C) | Period: 6.2685
Found 6 valid OD pairs for R1C1_C
Generating focused traffic: Period 6.2685s
[INFO] Subscriptions active: 6 (libsumo, fast mode)
[INFO] Episode duration: 2700s (45 min)

[DEBUG] 🎯 Célzott Forgalom Generálása (R1C1_C) | Period: 6.0675
Found 6 valid OD pairs for R1C1_C
Generating focused traffic: Period 6.0675s
[INFO] Subscriptions active: 6 (libsumo, fast mode)
[INFO] Episode duration: 2700s (45 min)

[DEBUG] 🎯 Célzott Forgalom Generálása (R1C1_C) | Period: 6.2234
Found 6 valid OD pairs for R1C1_C
Generating focused traffic: Period 6.2234s
[INFO] Subscriptions active: 6 (libsumo, fast mode)
[INFO] Episode duration: 3600s (60 min)

[DEBUG] 🎯 Célzott Forgalom Generálása (R1C1_C) | Period: 7.9891
Found 6 valid OD pairs for R1C1_C
Generating focused traffic: Period 7.9891s
[INFO] Subscriptions active: 6 (libsumo, fast mode)
[INFO] Episode duration: 1800s (30 min)

[DEBUG] 🎯 Célzott Forgalom Generálása (R1C1_C) | Period: 7.1296
Found 6 valid OD pairs for R1C1_C
Generating focused traffic: Period 7.1296s
[INFO] Subscriptions active: 6 (libsumo, fast mode)
[INFO] Episode duration: 900s (15 min)

[DEBUG] 🎯 Célzott Forgalom Generálása (R1C1_C) | Period: 7.7979
Found 6 valid OD pairs for R1C1_C
Generating focused traffic: Period 7.7979s
[INFO] Subscriptions active: 6 (libsumo, fast mode)
[INFO] Episode duration: 3600s (60 min)

[DEBUG] 🎯 Célzott Forgalom Generálása (R1C1_C) | Period: 7.2016
Found 6 valid OD pairs for R1C1_C
Generating focused traffic: Period 7.2016s
[INFO] Subscriptions active: 6 (libsumo, fast mode)
[INFO] Episode duration: 3600s (60 min)

[DEBUG] 🎯 Célzott Forgalom Generálása (R1C1_C) | Period: 5.772
Found 6 valid OD pairs for R1C1_C
Generating focused traffic: Period 5.7720s
[INFO] Subscriptions active: 6 (libsumo, fast mode)
[INFO] Episode duration: 2700s (45 min)

[DEBUG] 🎯 Célzott Forgalom Generálása (R1C1_C) | Period: 5.5264
Found 6 valid OD pairs for R1C1_C
Generating focused traffic: Period 5.5264s
[INFO] Subscriptions active: 6 (libsumo, fast mode)
[INFO] Episode duration: 2700s (45 min)

[DEBUG] 🎯 Célzott Forgalom Generálása (R1C1_C) | Period: 4.9641
Found 6 valid OD pairs for R1C1_C
Generating focused traffic: Period 4.9641s
[INFO] Subscriptions active: 6 (libsumo, fast mode)
[INFO] Episode duration: 1800s (30 min)

[DEBUG] 🎯 Célzott Forgalom Generálása (R1C1_C) | Period: 4.9878
Found 6 valid OD pairs for R1C1_C
Generating focused traffic: Period 4.9878s
[INFO] Subscriptions active: 6 (libsumo, fast mode)
[INFO] Episode duration: 2700s (45 min)

[DEBUG] 🎯 Célzott Forgalom Generálása (R1C1_C) | Period: 4.7363
Found 6 valid OD pairs for R1C1_C
Generating focused traffic: Period 4.7363s
[INFO] Subscriptions active: 6 (libsumo, fast mode)
[INFO] Episode duration: 900s (15 min)

[DEBUG] 🎯 Célzott Forgalom Generálása (R1C1_C) | Period: 7.6653
Found 6 valid OD pairs for R1C1_C
Generating focused traffic: Period 7.6653s
[INFO] Subscriptions active: 6 (libsumo, fast mode)
[INFO] Episode duration: 900s (15 min)

[DEBUG] 🎯 Célzott Forgalom Generálása (R1C1_C) | Period: 5.9291
Found 6 valid OD pairs for R1C1_C
Generating focused traffic: Period 5.9291s
[INFO] Subscriptions active: 6 (libsumo, fast mode)
[INFO] Episode duration: 3600s (60 min)

[DEBUG] 🎯 Célzott Forgalom Generálása (R1C1_C) | Period: 4.6696
Found 6 valid OD pairs for R1C1_C
Generating focused traffic: Period 4.6696s
[INFO] Subscriptions active: 6 (libsumo, fast mode)
[INFO] Episode duration: 2700s (45 min)

[DEBUG] 🎯 Célzott Forgalom Generálása (R1C1_C) | Period: 6.6206
Found 6 valid OD pairs for R1C1_C
Generating focused traffic: Period 6.6206s
[INFO] Subscriptions active: 6 (libsumo, fast mode)
[INFO] Episode duration: 2700s (45 min)

[DEBUG] 🎯 Célzott Forgalom Generálása (R1C1_C) | Period: 5.9031
Found 6 valid OD pairs for R1C1_C
Generating focused traffic: Period 5.9031s
[INFO] Subscriptions active: 6 (libsumo, fast mode)
[INFO] Episode duration: 3600s (60 min)

[DEBUG] 🎯 Célzott Forgalom Generálása (R1C1_C) | Period: 4.0828
Found 6 valid OD pairs for R1C1_C
Generating focused traffic: Period 4.0828s
[INFO] Subscriptions active: 6 (libsumo, fast mode)
[INFO] Episode duration: 3600s (60 min)

[DEBUG] 🎯 Célzott Forgalom Generálása (R1C1_C) | Period: 7.1104
Found 6 valid OD pairs for R1C1_C
Generating focused traffic: Period 7.1104s
[INFO] Subscriptions active: 6 (libsumo, fast mode)
[INFO] Episode duration: 900s (15 min)

[DEBUG] 🎯 Célzott Forgalom Generálása (R1C1_C) | Period: 7.3714
Found 6 valid OD pairs for R1C1_C
Generating focused traffic: Period 7.3714s
[INFO] Subscriptions active: 6 (libsumo, fast mode)
[INFO] Episode duration: 2700s (45 min)

[DEBUG] 🎯 Célzott Forgalom Generálása (R1C1_C) | Period: 7.7664
Found 6 valid OD pairs for R1C1_C
Generating focused traffic: Period 7.7664s
[INFO] Subscriptions active: 6 (libsumo, fast mode)
[INFO] Episode duration: 1800s (30 min)

[DEBUG] 🎯 Célzott Forgalom Generálása (R1C1_C) | Period: 4.8216
Found 6 valid OD pairs for R1C1_C
Generating focused traffic: Period 4.8216s
[INFO] Subscriptions active: 6 (libsumo, fast mode)
[INFO] Episode duration: 1800s (30 min)

[DEBUG] 🎯 Célzott Forgalom Generálása (R1C1_C) | Period: 7.1625
Found 6 valid OD pairs for R1C1_C
Generating focused traffic: Period 7.1625s
[INFO] Subscriptions active: 6 (libsumo, fast mode)
[INFO] Episode duration: 3600s (60 min)

[DEBUG] 🎯 Célzott Forgalom Generálása (R1C1_C) | Period: 7.6585
Found 6 valid OD pairs for R1C1_C
Generating focused traffic: Period 7.6585s
[INFO] Subscriptions active: 6 (libsumo, fast mode)
[INFO] Episode duration: 3600s (60 min)

[DEBUG] 🎯 Célzott Forgalom Generálása (R1C1_C) | Period: 7.6645
Found 6 valid OD pairs for R1C1_C
Generating focused traffic: Period 7.6645s
[INFO] Subscriptions active: 6 (libsumo, fast mode)
[INFO] Episode duration: 2700s (45 min)

[DEBUG] 🎯 Célzott Forgalom Generálása (R1C1_C) | Period: 7.6925
Found 6 valid OD pairs for R1C1_C
Generating focused traffic: Period 7.6925s
[INFO] Subscriptions active: 6 (libsumo, fast mode)
[INFO] Episode duration: 3600s (60 min)

[DEBUG] 🎯 Célzott Forgalom Generálása (R1C1_C) | Period: 4.0712
Found 6 valid OD pairs for R1C1_C
Generating focused traffic: Period 4.0712s
[INFO] Subscriptions active: 6 (libsumo, fast mode)
[INFO] Episode duration: 1800s (30 min)

[DEBUG] 🎯 Célzott Forgalom Generálása (R1C1_C) | Period: 5.4268
Found 6 valid OD pairs for R1C1_C
Generating focused traffic: Period 5.4268s
[INFO] Subscriptions active: 6 (libsumo, fast mode)
[INFO] Episode duration: 1800s (30 min)

[DEBUG] 🎯 Célzott Forgalom Generálása (R1C1_C) | Period: 4.8052
Found 6 valid OD pairs for R1C1_C
Generating focused traffic: Period 4.8052s
[INFO] Subscriptions active: 6 (libsumo, fast mode)
[INFO] Episode duration: 1800s (30 min)

[DEBUG] 🎯 Célzott Forgalom Generálása (R1C1_C) | Period: 5.7446
Found 6 valid OD pairs for R1C1_C
Generating focused traffic: Period 5.7446s
[INFO] Subscriptions active: 6 (libsumo, fast mode)
[INFO] Episode duration: 1800s (30 min)

[DEBUG] 🎯 Célzott Forgalom Generálása (R1C1_C) | Period: 7.156
Found 6 valid OD pairs for R1C1_C
Generating focused traffic: Period 7.1560s
[INFO] Subscriptions active: 6 (libsumo, fast mode)
[INFO] Episode duration: 900s (15 min)

[DEBUG] 🎯 Célzott Forgalom Generálása (R1C1_C) | Period: 7.3781
Found 6 valid OD pairs for R1C1_C
Generating focused traffic: Period 7.3781s
[INFO] Subscriptions active: 6 (libsumo, fast mode)
[INFO] Episode duration: 900s (15 min)

[DEBUG] 🎯 Célzott Forgalom Generálása (R1C1_C) | Period: 7.4715
Found 6 valid OD pairs for R1C1_C
Generating focused traffic: Period 7.4715s
[INFO] Subscriptions active: 6 (libsumo, fast mode)
[INFO] Episode duration: 2700s (45 min)

[DEBUG] 🎯 Célzott Forgalom Generálása (R1C1_C) | Period: 6.8109
Found 6 valid OD pairs for R1C1_C
Generating focused traffic: Period 6.8109s
[INFO] Subscriptions active: 6 (libsumo, fast mode)
[INFO] Episode duration: 1800s (30 min)

[DEBUG] 🎯 Célzott Forgalom Generálása (R1C1_C) | Period: 7.6334
Found 6 valid OD pairs for R1C1_C
Generating focused traffic: Period 7.6334s
[INFO] Subscriptions active: 6 (libsumo, fast mode)
[INFO] Episode duration: 2700s (45 min)

[DEBUG] 🎯 Célzott Forgalom Generálása (R1C1_C) | Period: 5.575
Found 6 valid OD pairs for R1C1_C
Generating focused traffic: Period 5.5750s
[INFO] Subscriptions active: 6 (libsumo, fast mode)
------------------------------------
| rollout/              |          |
|    ep_len_mean        | 476      |
|    ep_rew_mean        | 141      |
| time/                 |          |
|    fps                | 154      |
|    iterations         | 10       |
|    time_elapsed       | 132      |
|    total_timesteps    | 20480    |
| train/                |          |
|    entropy_loss       | -1.39    |
|    explained_variance | 0.00169  |
|    learning_rate      | 0.0001   |
|    n_updates          | 9        |
|    policy_loss        | 29.3     |
|    value_loss         | 508      |
------------------------------------
[INFO] Episode duration: 3600s (60 min)

[DEBUG] 🎯 Célzott Forgalom Generálása (R1C1_C) | Period: 6.6183
Found 6 valid OD pairs for R1C1_C
Generating focused traffic: Period 6.6183s
[INFO] Subscriptions active: 6 (libsumo, fast mode)
[INFO] Episode duration: 2700s (45 min)

[DEBUG] 🎯 Célzott Forgalom Generálása (R1C1_C) | Period: 7.4647
Found 6 valid OD pairs for R1C1_C
Generating focused traffic: Period 7.4647s
[INFO] Subscriptions active: 6 (libsumo, fast mode)
[INFO] Episode duration: 900s (15 min)

[DEBUG] 🎯 Célzott Forgalom Generálása (R1C1_C) | Period: 7.4618
Found 6 valid OD pairs for R1C1_C
Generating focused traffic: Period 7.4618s
[INFO] Subscriptions active: 6 (libsumo, fast mode)
[INFO] Episode duration: 1800s (30 min)

[DEBUG] 🎯 Célzott Forgalom Generálása (R1C1_C) | Period: 6.7728
Found 6 valid OD pairs for R1C1_C
Generating focused traffic: Period 6.7728s
[INFO] Subscriptions active: 6 (libsumo, fast mode)
[INFO] Episode duration: 1800s (30 min)

[DEBUG] 🎯 Célzott Forgalom Generálása (R1C1_C) | Period: 5.4807
Found 6 valid OD pairs for R1C1_C
Generating focused traffic: Period 5.4807s
[INFO] Subscriptions active: 6 (libsumo, fast mode)
[INFO] Episode duration: 3600s (60 min)

[DEBUG] 🎯 Célzott Forgalom Generálása (R1C1_C) | Period: 5.9535
Found 6 valid OD pairs for R1C1_C
Generating focused traffic: Period 5.9535s
[INFO] Subscriptions active: 6 (libsumo, fast mode)
[INFO] Episode duration: 2700s (45 min)

[DEBUG] 🎯 Célzott Forgalom Generálása (R1C1_C) | Period: 7.7753
Found 6 valid OD pairs for R1C1_C
Generating focused traffic: Period 7.7753s
[INFO] Subscriptions active: 6 (libsumo, fast mode)
[INFO] Episode duration: 1800s (30 min)

[DEBUG] 🎯 Célzott Forgalom Generálása (R1C1_C) | Period: 5.8051
Found 6 valid OD pairs for R1C1_C
Generating focused traffic: Period 5.8051s
[INFO] Subscriptions active: 6 (libsumo, fast mode)
[INFO] Episode duration: 1800s (30 min)

[DEBUG] 🎯 Célzott Forgalom Generálása (R1C1_C) | Period: 7.7998
Found 6 valid OD pairs for R1C1_C
Generating focused traffic: Period 7.7998s
[INFO] Subscriptions active: 6 (libsumo, fast mode)
[INFO] Episode duration: 2700s (45 min)

[DEBUG] 🎯 Célzott Forgalom Generálása (R1C1_C) | Period: 6.7507
Found 6 valid OD pairs for R1C1_C
Generating focused traffic: Period 6.7507s
[INFO] Subscriptions active: 6 (libsumo, fast mode)
[INFO] Episode duration: 1800s (30 min)

[DEBUG] 🎯 Célzott Forgalom Generálása (R1C1_C) | Period: 4.1865
Found 6 valid OD pairs for R1C1_C
Generating focused traffic: Period 4.1865s
[INFO] Subscriptions active: 6 (libsumo, fast mode)
[INFO] Episode duration: 3600s (60 min)

[DEBUG] 🎯 Célzott Forgalom Generálása (R1C1_C) | Period: 4.0094
Found 6 valid OD pairs for R1C1_C
Generating focused traffic: Period 4.0094s
[INFO] Subscriptions active: 6 (libsumo, fast mode)
[INFO] Episode duration: 900s (15 min)

[DEBUG] 🎯 Célzott Forgalom Generálása (R1C1_C) | Period: 6.5553
Found 6 valid OD pairs for R1C1_C
Generating focused traffic: Period 6.5553s
[INFO] Subscriptions active: 6 (libsumo, fast mode)
[INFO] Episode duration: 1800s (30 min)

[DEBUG] 🎯 Célzott Forgalom Generálása (R1C1_C) | Period: 5.6819
Found 6 valid OD pairs for R1C1_C
Generating focused traffic: Period 5.6819s
[INFO] Subscriptions active: 6 (libsumo, fast mode)
[INFO] Episode duration: 900s (15 min)

[DEBUG] 🎯 Célzott Forgalom Generálása (R1C1_C) | Period: 5.0068
Found 6 valid OD pairs for R1C1_C
Generating focused traffic: Period 5.0068s
[INFO] Subscriptions active: 6 (libsumo, fast mode)
[INFO] Episode duration: 1800s (30 min)

[DEBUG] 🎯 Célzott Forgalom Generálása (R1C1_C) | Period: 7.5896
Found 6 valid OD pairs for R1C1_C
Generating focused traffic: Period 7.5896s
[INFO] Subscriptions active: 6 (libsumo, fast mode)
[INFO] Episode duration: 3600s (60 min)

[DEBUG] 🎯 Célzott Forgalom Generálása (R1C1_C) | Period: 7.9164
Found 6 valid OD pairs for R1C1_C
Generating focused traffic: Period 7.9164s
[INFO] Subscriptions active: 6 (libsumo, fast mode)
[INFO] Episode duration: 2700s (45 min)

[DEBUG] 🎯 Célzott Forgalom Generálása (R1C1_C) | Period: 7.3168
Found 6 valid OD pairs for R1C1_C
Generating focused traffic: Period 7.3168s
[INFO] Subscriptions active: 6 (libsumo, fast mode)
[INFO] Episode duration: 3600s (60 min)

[DEBUG] 🎯 Célzott Forgalom Generálása (R1C1_C) | Period: 6.7085
Found 6 valid OD pairs for R1C1_C
Generating focused traffic: Period 6.7085s
[INFO] Subscriptions active: 6 (libsumo, fast mode)
[INFO] Episode duration: 1800s (30 min)

[DEBUG] 🎯 Célzott Forgalom Generálása (R1C1_C) | Period: 7.2401
Found 6 valid OD pairs for R1C1_C
Generating focused traffic: Period 7.2401s
[INFO] Subscriptions active: 6 (libsumo, fast mode)
[INFO] Episode duration: 900s (15 min)

[DEBUG] 🎯 Célzott Forgalom Generálása (R1C1_C) | Period: 7.3635
Found 6 valid OD pairs for R1C1_C
Generating focused traffic: Period 7.3635s
[INFO] Subscriptions active: 6 (libsumo, fast mode)
[INFO] Episode duration: 1800s (30 min)

[DEBUG] 🎯 Célzott Forgalom Generálása (R1C1_C) | Period: 6.237
Found 6 valid OD pairs for R1C1_C
Generating focused traffic: Period 6.2370s
[INFO] Subscriptions active: 6 (libsumo, fast mode)
[INFO] Episode duration: 2700s (45 min)

[DEBUG] 🎯 Célzott Forgalom Generálása (R1C1_C) | Period: 4.7896
Found 6 valid OD pairs for R1C1_C
Generating focused traffic: Period 4.7896s
[INFO] Subscriptions active: 6 (libsumo, fast mode)
[INFO] Episode duration: 900s (15 min)

[DEBUG] 🎯 Célzott Forgalom Generálása (R1C1_C) | Period: 4.2085
Found 6 valid OD pairs for R1C1_C
Generating focused traffic: Period 4.2085s
[INFO] Subscriptions active: 6 (libsumo, fast mode)
[INFO] Episode duration: 900s (15 min)

[DEBUG] 🎯 Célzott Forgalom Generálása (R1C1_C) | Period: 7.2709
Found 6 valid OD pairs for R1C1_C
Generating focused traffic: Period 7.2709s
[INFO] Subscriptions active: 6 (libsumo, fast mode)
[INFO] Episode duration: 1800s (30 min)

[DEBUG] 🎯 Célzott Forgalom Generálása (R1C1_C) | Period: 4.09
Found 6 valid OD pairs for R1C1_C
Generating focused traffic: Period 4.0900s
[INFO] Subscriptions active: 6 (libsumo, fast mode)
[INFO] Episode duration: 900s (15 min)

[DEBUG] 🎯 Célzott Forgalom Generálása (R1C1_C) | Period: 6.8722
Found 6 valid OD pairs for R1C1_C
Generating focused traffic: Period 6.8722s
[INFO] Subscriptions active: 6 (libsumo, fast mode)
[INFO] Episode duration: 1800s (30 min)

[DEBUG] 🎯 Célzott Forgalom Generálása (R1C1_C) | Period: 5.3106
Found 6 valid OD pairs for R1C1_C
Generating focused traffic: Period 5.3106s
[INFO] Subscriptions active: 6 (libsumo, fast mode)
[INFO] Episode duration: 1800s (30 min)

[DEBUG] 🎯 Célzott Forgalom Generálása (R1C1_C) | Period: 6.4475
Found 6 valid OD pairs for R1C1_C
Generating focused traffic: Period 6.4475s
[INFO] Subscriptions active: 6 (libsumo, fast mode)
[INFO] Episode duration: 2700s (45 min)

[DEBUG] 🎯 Célzott Forgalom Generálása (R1C1_C) | Period: 6.2453
Found 6 valid OD pairs for R1C1_C
Generating focused traffic: Period 6.2453s
[INFO] Subscriptions active: 6 (libsumo, fast mode)
[INFO] Episode duration: 900s (15 min)

[DEBUG] 🎯 Célzott Forgalom Generálása (R1C1_C) | Period: 4.563
Found 6 valid OD pairs for R1C1_C
Generating focused traffic: Period 4.5630s
[INFO] Subscriptions active: 6 (libsumo, fast mode)
[INFO] Episode duration: 2700s (45 min)

[DEBUG] 🎯 Célzott Forgalom Generálása (R1C1_C) | Period: 4.0507
Found 6 valid OD pairs for R1C1_C
Generating focused traffic: Period 4.0507s
[INFO] Subscriptions active: 6 (libsumo, fast mode)
[INFO] Episode duration: 900s (15 min)

[DEBUG] 🎯 Célzott Forgalom Generálása (R1C1_C) | Period: 6.6524
Found 6 valid OD pairs for R1C1_C
Generating focused traffic: Period 6.6524s
[INFO] Subscriptions active: 6 (libsumo, fast mode)
[INFO] Episode duration: 3600s (60 min)

[DEBUG] 🎯 Célzott Forgalom Generálása (R1C1_C) | Period: 5.2559
Found 6 valid OD pairs for R1C1_C
Generating focused traffic: Period 5.2559s
[INFO] Subscriptions active: 6 (libsumo, fast mode)
[INFO] Episode duration: 3600s (60 min)

[DEBUG] 🎯 Célzott Forgalom Generálása (R1C1_C) | Period: 4.5279
Found 6 valid OD pairs for R1C1_C
Generating focused traffic: Period 4.5279s
[INFO] Subscriptions active: 6 (libsumo, fast mode)
[INFO] Episode duration: 2700s (45 min)

[DEBUG] 🎯 Célzott Forgalom Generálása (R1C1_C) | Period: 6.8024
Found 6 valid OD pairs for R1C1_C
Generating focused traffic: Period 6.8024s
[INFO] Subscriptions active: 6 (libsumo, fast mode)
[INFO] Episode duration: 900s (15 min)

[DEBUG] 🎯 Célzott Forgalom Generálása (R1C1_C) | Period: 7.0733
Found 6 valid OD pairs for R1C1_C
Generating focused traffic: Period 7.0733s
[INFO] Subscriptions active: 6 (libsumo, fast mode)
[INFO] Episode duration: 2700s (45 min)

[DEBUG] 🎯 Célzott Forgalom Generálása (R1C1_C) | Period: 7.7146
Found 6 valid OD pairs for R1C1_C
Generating focused traffic: Period 7.7146s
[INFO] Subscriptions active: 6 (libsumo, fast mode)
[INFO] Episode duration: 2700s (45 min)

[DEBUG] 🎯 Célzott Forgalom Generálása (R1C1_C) | Period: 4.6226
Found 6 valid OD pairs for R1C1_C
Generating focused traffic: Period 4.6226s
[INFO] Subscriptions active: 6 (libsumo, fast mode)
[INFO] Episode duration: 900s (15 min)

[DEBUG] 🎯 Célzott Forgalom Generálása (R1C1_C) | Period: 7.1208
Found 6 valid OD pairs for R1C1_C
Generating focused traffic: Period 7.1208s
[INFO] Subscriptions active: 6 (libsumo, fast mode)
[INFO] Episode duration: 2700s (45 min)

[DEBUG] 🎯 Célzott Forgalom Generálása (R1C1_C) | Period: 4.3249
Found 6 valid OD pairs for R1C1_C
Generating focused traffic: Period 4.3249s
[INFO] Subscriptions active: 6 (libsumo, fast mode)
[INFO] Episode duration: 3600s (60 min)

[DEBUG] 🎯 Célzott Forgalom Generálása (R1C1_C) | Period: 5.1721
Found 6 valid OD pairs for R1C1_C
Generating focused traffic: Period 5.1721s
[INFO] Subscriptions active: 6 (libsumo, fast mode)
[INFO] Episode duration: 2700s (45 min)

[DEBUG] 🎯 Célzott Forgalom Generálása (R1C1_C) | Period: 6.8163
Found 6 valid OD pairs for R1C1_C
Generating focused traffic: Period 6.8163s
[INFO] Subscriptions active: 6 (libsumo, fast mode)
[INFO] Episode duration: 1800s (30 min)

[DEBUG] 🎯 Célzott Forgalom Generálása (R1C1_C) | Period: 7.9152
Found 6 valid OD pairs for R1C1_C
Generating focused traffic: Period 7.9152s
[INFO] Subscriptions active: 6 (libsumo, fast mode)
[INFO] Episode duration: 2700s (45 min)

[DEBUG] 🎯 Célzott Forgalom Generálása (R1C1_C) | Period: 5.0737
Found 6 valid OD pairs for R1C1_C
Generating focused traffic: Period 5.0737s
[INFO] Subscriptions active: 6 (libsumo, fast mode)
[INFO] Episode duration: 1800s (30 min)

[DEBUG] 🎯 Célzott Forgalom Generálása (R1C1_C) | Period: 7.2875
Found 6 valid OD pairs for R1C1_C
Generating focused traffic: Period 7.2875s
[INFO] Subscriptions active: 6 (libsumo, fast mode)
[INFO] Episode duration: 1800s (30 min)

[DEBUG] 🎯 Célzott Forgalom Generálása (R1C1_C) | Period: 4.157
Found 6 valid OD pairs for R1C1_C
Generating focused traffic: Period 4.1570s
[INFO] Subscriptions active: 6 (libsumo, fast mode)
[INFO] Episode duration: 1800s (30 min)

[DEBUG] 🎯 Célzott Forgalom Generálása (R1C1_C) | Period: 6.4504
Found 6 valid OD pairs for R1C1_C
Generating focused traffic: Period 6.4504s
[INFO] Subscriptions active: 6 (libsumo, fast mode)
-------------------------------------
| rollout/              |           |
|    ep_len_mean        | 452       |
|    ep_rew_mean        | 134       |
| time/                 |           |
|    fps                | 155       |
|    iterations         | 20        |
|    time_elapsed       | 263       |
|    total_timesteps    | 40960     |
| train/                |           |
|    entropy_loss       | -1.39     |
|    explained_variance | -0.000137 |
|    learning_rate      | 0.0001    |
|    n_updates          | 19        |
|    policy_loss        | 29.4      |
|    value_loss         | 505       |
-------------------------------------
[INFO] Episode duration: 900s (15 min)

[DEBUG] 🎯 Célzott Forgalom Generálása (R1C1_C) | Period: 4.8319
Found 6 valid OD pairs for R1C1_C
Generating focused traffic: Period 4.8319s
[INFO] Subscriptions active: 6 (libsumo, fast mode)
[INFO] Episode duration: 1800s (30 min)

[DEBUG] 🎯 Célzott Forgalom Generálása (R1C1_C) | Period: 5.4063
Found 6 valid OD pairs for R1C1_C
Generating focused traffic: Period 5.4063s
[INFO] Subscriptions active: 6 (libsumo, fast mode)
[INFO] Episode duration: 2700s (45 min)

[DEBUG] 🎯 Célzott Forgalom Generálása (R1C1_C) | Period: 5.7337
Found 6 valid OD pairs for R1C1_C
Generating focused traffic: Period 5.7337s
[INFO] Subscriptions active: 6 (libsumo, fast mode)
[INFO] Episode duration: 900s (15 min)

[DEBUG] 🎯 Célzott Forgalom Generálása (R1C1_C) | Period: 4.2369
Found 6 valid OD pairs for R1C1_C
Generating focused traffic: Period 4.2369s
[INFO] Subscriptions active: 6 (libsumo, fast mode)
[INFO] Episode duration: 3600s (60 min)

[DEBUG] 🎯 Célzott Forgalom Generálása (R1C1_C) | Period: 5.5627
Found 6 valid OD pairs for R1C1_C
Generating focused traffic: Period 5.5627s
[INFO] Subscriptions active: 6 (libsumo, fast mode)
[INFO] Episode duration: 3600s (60 min)

[DEBUG] 🎯 Célzott Forgalom Generálása (R1C1_C) | Period: 5.8733
Found 6 valid OD pairs for R1C1_C
Generating focused traffic: Period 5.8733s
[INFO] Subscriptions active: 6 (libsumo, fast mode)
[INFO] Episode duration: 2700s (45 min)

[DEBUG] 🎯 Célzott Forgalom Generálása (R1C1_C) | Period: 4.5432
Found 6 valid OD pairs for R1C1_C
Generating focused traffic: Period 4.5432s
[INFO] Subscriptions active: 6 (libsumo, fast mode)
[INFO] Episode duration: 2700s (45 min)

[DEBUG] 🎯 Célzott Forgalom Generálása (R1C1_C) | Period: 6.6118
Found 6 valid OD pairs for R1C1_C
Generating focused traffic: Period 6.6118s
[INFO] Subscriptions active: 6 (libsumo, fast mode)
[INFO] Episode duration: 2700s (45 min)

[DEBUG] 🎯 Célzott Forgalom Generálása (R1C1_C) | Period: 5.5311
Found 6 valid OD pairs for R1C1_C
Generating focused traffic: Period 5.5311s
[INFO] Subscriptions active: 6 (libsumo, fast mode)
[INFO] Episode duration: 900s (15 min)

[DEBUG] 🎯 Célzott Forgalom Generálása (R1C1_C) | Period: 6.6301
Found 6 valid OD pairs for R1C1_C
Generating focused traffic: Period 6.6301s
[INFO] Subscriptions active: 6 (libsumo, fast mode)
[INFO] Episode duration: 3600s (60 min)

[DEBUG] 🎯 Célzott Forgalom Generálása (R1C1_C) | Period: 5.4029
Found 6 valid OD pairs for R1C1_C
Generating focused traffic: Period 5.4029s
[INFO] Subscriptions active: 6 (libsumo, fast mode)
[INFO] Episode duration: 900s (15 min)

[DEBUG] 🎯 Célzott Forgalom Generálása (R1C1_C) | Period: 7.0475
Found 6 valid OD pairs for R1C1_C
Generating focused traffic: Period 7.0475s
[INFO] Subscriptions active: 6 (libsumo, fast mode)
[INFO] Episode duration: 2700s (45 min)

[DEBUG] 🎯 Célzott Forgalom Generálása (R1C1_C) | Period: 5.9151
Found 6 valid OD pairs for R1C1_C
Generating focused traffic: Period 5.9151s
[INFO] Subscriptions active: 6 (libsumo, fast mode)
[INFO] Episode duration: 2700s (45 min)

[DEBUG] 🎯 Célzott Forgalom Generálása (R1C1_C) | Period: 5.075
Found 6 valid OD pairs for R1C1_C
Generating focused traffic: Period 5.0750s
[INFO] Subscriptions active: 6 (libsumo, fast mode)
[INFO] Episode duration: 900s (15 min)

[DEBUG] 🎯 Célzott Forgalom Generálása (R1C1_C) | Period: 7.591
Found 6 valid OD pairs for R1C1_C
Generating focused traffic: Period 7.5910s
[INFO] Subscriptions active: 6 (libsumo, fast mode)
[INFO] Episode duration: 900s (15 min)

[DEBUG] 🎯 Célzott Forgalom Generálása (R1C1_C) | Period: 4.6594
Found 6 valid OD pairs for R1C1_C
Generating focused traffic: Period 4.6594s
[INFO] Subscriptions active: 6 (libsumo, fast mode)
[INFO] Episode duration: 1800s (30 min)

[DEBUG] 🎯 Célzott Forgalom Generálása (R1C1_C) | Period: 6.6698
Found 6 valid OD pairs for R1C1_C
Generating focused traffic: Period 6.6698s
[INFO] Subscriptions active: 6 (libsumo, fast mode)
[INFO] Episode duration: 3600s (60 min)

[DEBUG] 🎯 Célzott Forgalom Generálása (R1C1_C) | Period: 5.7918
Found 6 valid OD pairs for R1C1_C
Generating focused traffic: Period 5.7918s
[INFO] Subscriptions active: 6 (libsumo, fast mode)
[INFO] Episode duration: 900s (15 min)

[DEBUG] 🎯 Célzott Forgalom Generálása (R1C1_C) | Period: 4.534
Found 6 valid OD pairs for R1C1_C
Generating focused traffic: Period 4.5340s
[INFO] Subscriptions active: 6 (libsumo, fast mode)
[INFO] Episode duration: 900s (15 min)

[DEBUG] 🎯 Célzott Forgalom Generálása (R1C1_C) | Period: 4.3319
Found 6 valid OD pairs for R1C1_C
Generating focused traffic: Period 4.3319s
[INFO] Subscriptions active: 6 (libsumo, fast mode)
[INFO] Episode duration: 3600s (60 min)

[DEBUG] 🎯 Célzott Forgalom Generálása (R1C1_C) | Period: 5.5824
Found 6 valid OD pairs for R1C1_C
Generating focused traffic: Period 5.5824s
[INFO] Subscriptions active: 6 (libsumo, fast mode)
[INFO] Episode duration: 3600s (60 min)

[DEBUG] 🎯 Célzott Forgalom Generálása (R1C1_C) | Period: 6.6508
Found 6 valid OD pairs for R1C1_C
Generating focused traffic: Period 6.6508s
[INFO] Subscriptions active: 6 (libsumo, fast mode)
[INFO] Episode duration: 900s (15 min)

[DEBUG] 🎯 Célzott Forgalom Generálása (R1C1_C) | Period: 6.7107
Found 6 valid OD pairs for R1C1_C
Generating focused traffic: Period 6.7107s
[INFO] Subscriptions active: 6 (libsumo, fast mode)
[INFO] Episode duration: 2700s (45 min)

[DEBUG] 🎯 Célzott Forgalom Generálása (R1C1_C) | Period: 6.0838
Found 6 valid OD pairs for R1C1_C
Generating focused traffic: Period 6.0838s
[INFO] Subscriptions active: 6 (libsumo, fast mode)
[INFO] Episode duration: 2700s (45 min)

[DEBUG] 🎯 Célzott Forgalom Generálása (R1C1_C) | Period: 5.8236
Found 6 valid OD pairs for R1C1_C
Generating focused traffic: Period 5.8236s
[INFO] Subscriptions active: 6 (libsumo, fast mode)
[INFO] Episode duration: 1800s (30 min)

[DEBUG] 🎯 Célzott Forgalom Generálása (R1C1_C) | Period: 5.9873
Found 6 valid OD pairs for R1C1_C
Generating focused traffic: Period 5.9873s
[INFO] Subscriptions active: 6 (libsumo, fast mode)
[INFO] Episode duration: 900s (15 min)

[DEBUG] 🎯 Célzott Forgalom Generálása (R1C1_C) | Period: 7.2621
Found 6 valid OD pairs for R1C1_C
Generating focused traffic: Period 7.2621s
[INFO] Subscriptions active: 6 (libsumo, fast mode)
[INFO] Episode duration: 900s (15 min)

[DEBUG] 🎯 Célzott Forgalom Generálása (R1C1_C) | Period: 4.2871
Found 6 valid OD pairs for R1C1_C
Generating focused traffic: Period 4.2871s
[INFO] Subscriptions active: 6 (libsumo, fast mode)
[INFO] Episode duration: 2700s (45 min)

[DEBUG] 🎯 Célzott Forgalom Generálása (R1C1_C) | Period: 5.9561
Found 6 valid OD pairs for R1C1_C
Generating focused traffic: Period 5.9561s
[INFO] Subscriptions active: 6 (libsumo, fast mode)
[INFO] Episode duration: 3600s (60 min)

[DEBUG] 🎯 Célzott Forgalom Generálása (R1C1_C) | Period: 6.713
Found 6 valid OD pairs for R1C1_C
Generating focused traffic: Period 6.7130s
[INFO] Subscriptions active: 6 (libsumo, fast mode)
[INFO] Episode duration: 2700s (45 min)

[DEBUG] 🎯 Célzott Forgalom Generálása (R1C1_C) | Period: 7.1778
Found 6 valid OD pairs for R1C1_C
Generating focused traffic: Period 7.1778s
[INFO] Subscriptions active: 6 (libsumo, fast mode)
[INFO] Episode duration: 1800s (30 min)

[DEBUG] 🎯 Célzott Forgalom Generálása (R1C1_C) | Period: 6.3639
Found 6 valid OD pairs for R1C1_C
Generating focused traffic: Period 6.3639s
[INFO] Subscriptions active: 6 (libsumo, fast mode)
[INFO] Episode duration: 3600s (60 min)

[DEBUG] 🎯 Célzott Forgalom Generálása (R1C1_C) | Period: 7.2602
Found 6 valid OD pairs for R1C1_C
Generating focused traffic: Period 7.2602s
[INFO] Subscriptions active: 6 (libsumo, fast mode)
[INFO] Episode duration: 3600s (60 min)

[DEBUG] 🎯 Célzott Forgalom Generálása (R1C1_C) | Period: 5.7266
Found 6 valid OD pairs for R1C1_C
Generating focused traffic: Period 5.7266s
[INFO] Subscriptions active: 6 (libsumo, fast mode)
[INFO] Episode duration: 1800s (30 min)

[DEBUG] 🎯 Célzott Forgalom Generálása (R1C1_C) | Period: 6.6086
Found 6 valid OD pairs for R1C1_C
Generating focused traffic: Period 6.6086s
[INFO] Subscriptions active: 6 (libsumo, fast mode)
[INFO] Episode duration: 3600s (60 min)

[DEBUG] 🎯 Célzott Forgalom Generálása (R1C1_C) | Period: 6.7367
Found 6 valid OD pairs for R1C1_C
Generating focused traffic: Period 6.7367s
[INFO] Subscriptions active: 6 (libsumo, fast mode)
[INFO] Episode duration: 900s (15 min)

[DEBUG] 🎯 Célzott Forgalom Generálása (R1C1_C) | Period: 7.0532
Found 6 valid OD pairs for R1C1_C
Generating focused traffic: Period 7.0532s
[INFO] Subscriptions active: 6 (libsumo, fast mode)
[INFO] Episode duration: 3600s (60 min)

[DEBUG] 🎯 Célzott Forgalom Generálása (R1C1_C) | Period: 6.9744
Found 6 valid OD pairs for R1C1_C
Generating focused traffic: Period 6.9744s
[INFO] Subscriptions active: 6 (libsumo, fast mode)
[INFO] Episode duration: 1800s (30 min)

[DEBUG] 🎯 Célzott Forgalom Generálása (R1C1_C) | Period: 7.3119
Found 6 valid OD pairs for R1C1_C
Generating focused traffic: Period 7.3119s
[INFO] Subscriptions active: 6 (libsumo, fast mode)
[INFO] Episode duration: 900s (15 min)

[DEBUG] 🎯 Célzott Forgalom Generálása (R1C1_C) | Period: 4.4178
Found 6 valid OD pairs for R1C1_C
Generating focused traffic: Period 4.4178s
[INFO] Subscriptions active: 6 (libsumo, fast mode)
[INFO] Episode duration: 3600s (60 min)

[DEBUG] 🎯 Célzott Forgalom Generálása (R1C1_C) | Period: 7.2686
Found 6 valid OD pairs for R1C1_C
Generating focused traffic: Period 7.2686s
[INFO] Subscriptions active: 6 (libsumo, fast mode)
[INFO] Episode duration: 900s (15 min)

[DEBUG] 🎯 Célzott Forgalom Generálása (R1C1_C) | Period: 4.1384
Found 6 valid OD pairs for R1C1_C
Generating focused traffic: Period 4.1384s
[INFO] Subscriptions active: 6 (libsumo, fast mode)
[INFO] Episode duration: 3600s (60 min)

[DEBUG] 🎯 Célzott Forgalom Generálása (R1C1_C) | Period: 5.2174
Found 6 valid OD pairs for R1C1_C
Generating focused traffic: Period 5.2174s
[INFO] Subscriptions active: 6 (libsumo, fast mode)
[INFO] Episode duration: 3600s (60 min)

[DEBUG] 🎯 Célzott Forgalom Generálása (R1C1_C) | Period: 5.9744
Found 6 valid OD pairs for R1C1_C
Generating focused traffic: Period 5.9744s
[INFO] Subscriptions active: 6 (libsumo, fast mode)
[INFO] Episode duration: 2700s (45 min)

[DEBUG] 🎯 Célzott Forgalom Generálása (R1C1_C) | Period: 5.4019
Found 6 valid OD pairs for R1C1_C
Generating focused traffic: Period 5.4019s
[INFO] Subscriptions active: 6 (libsumo, fast mode)
------------------------------------
| rollout/              |          |
|    ep_len_mean        | 436      |
|    ep_rew_mean        | 129      |
| time/                 |          |
|    fps                | 155      |
|    iterations         | 30       |
|    time_elapsed       | 394      |
|    total_timesteps    | 61440    |
| train/                |          |
|    entropy_loss       | -1.39    |
|    explained_variance | -0.00914 |
|    learning_rate      | 0.0001   |
|    n_updates          | 29       |
|    policy_loss        | 30.9     |
|    value_loss         | 573      |
------------------------------------
[INFO] Episode duration: 3600s (60 min)

[DEBUG] 🎯 Célzott Forgalom Generálása (R1C1_C) | Period: 7.2851
Found 6 valid OD pairs for R1C1_C
Generating focused traffic: Period 7.2851s
[INFO] Subscriptions active: 6 (libsumo, fast mode)
[INFO] Episode duration: 3600s (60 min)

[DEBUG] 🎯 Célzott Forgalom Generálása (R1C1_C) | Period: 4.5059
Found 6 valid OD pairs for R1C1_C
Generating focused traffic: Period 4.5059s
[INFO] Subscriptions active: 6 (libsumo, fast mode)
[INFO] Episode duration: 900s (15 min)

[DEBUG] 🎯 Célzott Forgalom Generálása (R1C1_C) | Period: 4.5295
Found 6 valid OD pairs for R1C1_C
Generating focused traffic: Period 4.5295s
[INFO] Subscriptions active: 6 (libsumo, fast mode)
[INFO] Episode duration: 1800s (30 min)

[DEBUG] 🎯 Célzott Forgalom Generálása (R1C1_C) | Period: 5.8958
Found 6 valid OD pairs for R1C1_C
Generating focused traffic: Period 5.8958s
[INFO] Subscriptions active: 6 (libsumo, fast mode)
[INFO] Episode duration: 3600s (60 min)

[DEBUG] 🎯 Célzott Forgalom Generálása (R1C1_C) | Period: 7.6573
Found 6 valid OD pairs for R1C1_C
Generating focused traffic: Period 7.6573s
[INFO] Subscriptions active: 6 (libsumo, fast mode)
[INFO] Episode duration: 900s (15 min)

[DEBUG] 🎯 Célzott Forgalom Generálása (R1C1_C) | Period: 7.25
Found 6 valid OD pairs for R1C1_C
Generating focused traffic: Period 7.2500s
[INFO] Subscriptions active: 6 (libsumo, fast mode)
[INFO] Episode duration: 900s (15 min)

[DEBUG] 🎯 Célzott Forgalom Generálása (R1C1_C) | Period: 4.7011
Found 6 valid OD pairs for R1C1_C
Generating focused traffic: Period 4.7011s
[INFO] Subscriptions active: 6 (libsumo, fast mode)
[INFO] Episode duration: 2700s (45 min)

[DEBUG] 🎯 Célzott Forgalom Generálása (R1C1_C) | Period: 7.2006
Found 6 valid OD pairs for R1C1_C
Generating focused traffic: Period 7.2006s
[INFO] Subscriptions active: 6 (libsumo, fast mode)
[INFO] Episode duration: 1800s (30 min)

[DEBUG] 🎯 Célzott Forgalom Generálása (R1C1_C) | Period: 5.766
Found 6 valid OD pairs for R1C1_C
Generating focused traffic: Period 5.7660s
[INFO] Subscriptions active: 6 (libsumo, fast mode)
[INFO] Episode duration: 1800s (30 min)

[DEBUG] 🎯 Célzott Forgalom Generálása (R1C1_C) | Period: 5.0738
Found 6 valid OD pairs for R1C1_C
Generating focused traffic: Period 5.0738s
[INFO] Subscriptions active: 6 (libsumo, fast mode)
[INFO] Episode duration: 3600s (60 min)

[DEBUG] 🎯 Célzott Forgalom Generálása (R1C1_C) | Period: 5.0816
Found 6 valid OD pairs for R1C1_C
Generating focused traffic: Period 5.0816s
[INFO] Subscriptions active: 6 (libsumo, fast mode)
[INFO] Episode duration: 2700s (45 min)

[DEBUG] 🎯 Célzott Forgalom Generálása (R1C1_C) | Period: 6.6738
Found 6 valid OD pairs for R1C1_C
Generating focused traffic: Period 6.6738s
[INFO] Subscriptions active: 6 (libsumo, fast mode)
[INFO] Episode duration: 1800s (30 min)

[DEBUG] 🎯 Célzott Forgalom Generálása (R1C1_C) | Period: 5.6835
Found 6 valid OD pairs for R1C1_C
Generating focused traffic: Period 5.6835s
[INFO] Subscriptions active: 6 (libsumo, fast mode)
[INFO] Episode duration: 2700s (45 min)

[DEBUG] 🎯 Célzott Forgalom Generálása (R1C1_C) | Period: 5.4381
Found 6 valid OD pairs for R1C1_C
Generating focused traffic: Period 5.4381s
[INFO] Subscriptions active: 6 (libsumo, fast mode)
[INFO] Episode duration: 3600s (60 min)

[DEBUG] 🎯 Célzott Forgalom Generálása (R1C1_C) | Period: 7.7765
Found 6 valid OD pairs for R1C1_C
Generating focused traffic: Period 7.7765s
[INFO] Subscriptions active: 6 (libsumo, fast mode)
[INFO] Episode duration: 3600s (60 min)

[DEBUG] 🎯 Célzott Forgalom Generálása (R1C1_C) | Period: 6.7332
Found 6 valid OD pairs for R1C1_C
Generating focused traffic: Period 6.7332s
[INFO] Subscriptions active: 6 (libsumo, fast mode)
[INFO] Episode duration: 3600s (60 min)

[DEBUG] 🎯 Célzott Forgalom Generálása (R1C1_C) | Period: 4.8448
Found 6 valid OD pairs for R1C1_C
Generating focused traffic: Period 4.8448s
[INFO] Subscriptions active: 6 (libsumo, fast mode)
[INFO] Episode duration: 1800s (30 min)

[DEBUG] 🎯 Célzott Forgalom Generálása (R1C1_C) | Period: 6.2946
Found 6 valid OD pairs for R1C1_C
Generating focused traffic: Period 6.2946s
[INFO] Subscriptions active: 6 (libsumo, fast mode)
[INFO] Episode duration: 2700s (45 min)

[DEBUG] 🎯 Célzott Forgalom Generálása (R1C1_C) | Period: 4.9859
Found 6 valid OD pairs for R1C1_C
Generating focused traffic: Period 4.9859s
[INFO] Subscriptions active: 6 (libsumo, fast mode)
[INFO] Episode duration: 1800s (30 min)

[DEBUG] 🎯 Célzott Forgalom Generálása (R1C1_C) | Period: 6.1159
Found 6 valid OD pairs for R1C1_C
Generating focused traffic: Period 6.1159s
[INFO] Subscriptions active: 6 (libsumo, fast mode)
[INFO] Episode duration: 3600s (60 min)

[DEBUG] 🎯 Célzott Forgalom Generálása (R1C1_C) | Period: 4.6284
Found 6 valid OD pairs for R1C1_C
Generating focused traffic: Period 4.6284s
[INFO] Subscriptions active: 6 (libsumo, fast mode)
[INFO] Episode duration: 3600s (60 min)

[DEBUG] 🎯 Célzott Forgalom Generálása (R1C1_C) | Period: 4.6943
Found 6 valid OD pairs for R1C1_C
Generating focused traffic: Period 4.6943s
[INFO] Subscriptions active: 6 (libsumo, fast mode)
[INFO] Episode duration: 900s (15 min)

[DEBUG] 🎯 Célzott Forgalom Generálása (R1C1_C) | Period: 6.9099
Found 6 valid OD pairs for R1C1_C
Generating focused traffic: Period 6.9099s
[INFO] Subscriptions active: 6 (libsumo, fast mode)
[INFO] Episode duration: 3600s (60 min)

[DEBUG] 🎯 Célzott Forgalom Generálása (R1C1_C) | Period: 6.3176
Found 6 valid OD pairs for R1C1_C
Generating focused traffic: Period 6.3176s
[INFO] Subscriptions active: 6 (libsumo, fast mode)
[INFO] Episode duration: 2700s (45 min)

[DEBUG] 🎯 Célzott Forgalom Generálása (R1C1_C) | Period: 5.2538
Found 6 valid OD pairs for R1C1_C
Generating focused traffic: Period 5.2538s
[INFO] Subscriptions active: 6 (libsumo, fast mode)
[INFO] Episode duration: 3600s (60 min)

[DEBUG] 🎯 Célzott Forgalom Generálása (R1C1_C) | Period: 7.6107
Found 6 valid OD pairs for R1C1_C
Generating focused traffic: Period 7.6107s
[INFO] Subscriptions active: 6 (libsumo, fast mode)
[INFO] Episode duration: 2700s (45 min)

[DEBUG] 🎯 Célzott Forgalom Generálása (R1C1_C) | Period: 4.8153
Found 6 valid OD pairs for R1C1_C
Generating focused traffic: Period 4.8153s
[INFO] Subscriptions active: 6 (libsumo, fast mode)
[INFO] Episode duration: 2700s (45 min)

[DEBUG] 🎯 Célzott Forgalom Generálása (R1C1_C) | Period: 7.122
Found 6 valid OD pairs for R1C1_C
Generating focused traffic: Period 7.1220s
[INFO] Subscriptions active: 6 (libsumo, fast mode)
[INFO] Episode duration: 3600s (60 min)

[DEBUG] 🎯 Célzott Forgalom Generálása (R1C1_C) | Period: 4.2918
Found 6 valid OD pairs for R1C1_C
Generating focused traffic: Period 4.2918s
[INFO] Subscriptions active: 6 (libsumo, fast mode)
[INFO] Episode duration: 2700s (45 min)

[DEBUG] 🎯 Célzott Forgalom Generálása (R1C1_C) | Period: 4.6271
Found 6 valid OD pairs for R1C1_C
Generating focused traffic: Period 4.6271s
[INFO] Subscriptions active: 6 (libsumo, fast mode)
[INFO] Episode duration: 3600s (60 min)

[DEBUG] 🎯 Célzott Forgalom Generálása (R1C1_C) | Period: 4.245
Found 6 valid OD pairs for R1C1_C
Generating focused traffic: Period 4.2450s
[INFO] Subscriptions active: 6 (libsumo, fast mode)
[INFO] Episode duration: 1800s (30 min)

[DEBUG] 🎯 Célzott Forgalom Generálása (R1C1_C) | Period: 7.2204
Found 6 valid OD pairs for R1C1_C
Generating focused traffic: Period 7.2204s
[INFO] Subscriptions active: 6 (libsumo, fast mode)
[INFO] Episode duration: 3600s (60 min)

[DEBUG] 🎯 Célzott Forgalom Generálása (R1C1_C) | Period: 6.2033
Found 6 valid OD pairs for R1C1_C
Generating focused traffic: Period 6.2033s
[INFO] Subscriptions active: 6 (libsumo, fast mode)
[INFO] Episode duration: 3600s (60 min)

[DEBUG] 🎯 Célzott Forgalom Generálása (R1C1_C) | Period: 6.7644
Found 6 valid OD pairs for R1C1_C
Generating focused traffic: Period 6.7644s
[INFO] Subscriptions active: 6 (libsumo, fast mode)
[INFO] Episode duration: 2700s (45 min)

[DEBUG] 🎯 Célzott Forgalom Generálása (R1C1_C) | Period: 5.021
Found 6 valid OD pairs for R1C1_C
Generating focused traffic: Period 5.0210s
[INFO] Subscriptions active: 6 (libsumo, fast mode)
[INFO] Episode duration: 2700s (45 min)

[DEBUG] 🎯 Célzott Forgalom Generálása (R1C1_C) | Period: 6.5762
Found 6 valid OD pairs for R1C1_C
Generating focused traffic: Period 6.5762s
[INFO] Subscriptions active: 6 (libsumo, fast mode)
[INFO] Episode duration: 2700s (45 min)

[DEBUG] 🎯 Célzott Forgalom Generálása (R1C1_C) | Period: 7.1682
Found 6 valid OD pairs for R1C1_C
Generating focused traffic: Period 7.1682s
[INFO] Subscriptions active: 6 (libsumo, fast mode)
[INFO] Episode duration: 1800s (30 min)

[DEBUG] 🎯 Célzott Forgalom Generálása (R1C1_C) | Period: 7.2079
Found 6 valid OD pairs for R1C1_C
Generating focused traffic: Period 7.2079s
[INFO] Subscriptions active: 6 (libsumo, fast mode)
------------------------------------
| rollout/              |          |
|    ep_len_mean        | 488      |
|    ep_rew_mean        | 143      |
| time/                 |          |
|    fps                | 155      |
|    iterations         | 40       |
|    time_elapsed       | 526      |
|    total_timesteps    | 81920    |
| train/                |          |
|    entropy_loss       | -1.39    |
|    explained_variance | -0.0171  |
|    learning_rate      | 0.0001   |
|    n_updates          | 39       |
|    policy_loss        | 31.9     |
|    value_loss         | 587      |
------------------------------------
[INFO] Episode duration: 2700s (45 min)

[DEBUG] 🎯 Célzott Forgalom Generálása (R1C1_C) | Period: 4.7788
Found 6 valid OD pairs for R1C1_C
Generating focused traffic: Period 4.7788s
[INFO] Subscriptions active: 6 (libsumo, fast mode)
[INFO] Episode duration: 3600s (60 min)

[DEBUG] 🎯 Célzott Forgalom Generálása (R1C1_C) | Period: 7.32
Found 6 valid OD pairs for R1C1_C
Generating focused traffic: Period 7.3200s
[INFO] Subscriptions active: 6 (libsumo, fast mode)
[INFO] Episode duration: 3600s (60 min)

[DEBUG] 🎯 Célzott Forgalom Generálása (R1C1_C) | Period: 6.8379
Found 6 valid OD pairs for R1C1_C
Generating focused traffic: Period 6.8379s
[INFO] Subscriptions active: 6 (libsumo, fast mode)
[INFO] Episode duration: 2700s (45 min)

[DEBUG] 🎯 Célzott Forgalom Generálása (R1C1_C) | Period: 7.7066
Found 6 valid OD pairs for R1C1_C
Generating focused traffic: Period 7.7066s
[INFO] Subscriptions active: 6 (libsumo, fast mode)
[INFO] Episode duration: 900s (15 min)

[DEBUG] 🎯 Célzott Forgalom Generálása (R1C1_C) | Period: 5.5732
Found 6 valid OD pairs for R1C1_C
Generating focused traffic: Period 5.5732s
[INFO] Subscriptions active: 6 (libsumo, fast mode)
[INFO] Episode duration: 2700s (45 min)

[DEBUG] 🎯 Célzott Forgalom Generálása (R1C1_C) | Period: 7.4622
Found 6 valid OD pairs for R1C1_C
Generating focused traffic: Period 7.4622s
[INFO] Subscriptions active: 6 (libsumo, fast mode)
[INFO] Episode duration: 900s (15 min)

[DEBUG] 🎯 Célzott Forgalom Generálása (R1C1_C) | Period: 5.2759
Found 6 valid OD pairs for R1C1_C
Generating focused traffic: Period 5.2759s
[INFO] Subscriptions active: 6 (libsumo, fast mode)
[INFO] Episode duration: 2700s (45 min)

[DEBUG] 🎯 Célzott Forgalom Generálása (R1C1_C) | Period: 4.9977
Found 6 valid OD pairs for R1C1_C
Generating focused traffic: Period 4.9977s
[INFO] Subscriptions active: 6 (libsumo, fast mode)
[INFO] Episode duration: 1800s (30 min)

[DEBUG] 🎯 Célzott Forgalom Generálása (R1C1_C) | Period: 6.0396
Found 6 valid OD pairs for R1C1_C
Generating focused traffic: Period 6.0396s
[INFO] Subscriptions active: 6 (libsumo, fast mode)
[INFO] Episode duration: 900s (15 min)

[DEBUG] 🎯 Célzott Forgalom Generálása (R1C1_C) | Period: 5.4471
Found 6 valid OD pairs for R1C1_C
Generating focused traffic: Period 5.4471s
[INFO] Subscriptions active: 6 (libsumo, fast mode)
[INFO] Episode duration: 3600s (60 min)

[DEBUG] 🎯 Célzott Forgalom Generálása (R1C1_C) | Period: 6.5755
Found 6 valid OD pairs for R1C1_C
Generating focused traffic: Period 6.5755s
[INFO] Subscriptions active: 6 (libsumo, fast mode)
[INFO] Episode duration: 900s (15 min)

[DEBUG] 🎯 Célzott Forgalom Generálása (R1C1_C) | Period: 4.5533
Found 6 valid OD pairs for R1C1_C
Generating focused traffic: Period 4.5533s
[INFO] Subscriptions active: 6 (libsumo, fast mode)
[INFO] Episode duration: 3600s (60 min)

[DEBUG] 🎯 Célzott Forgalom Generálása (R1C1_C) | Period: 6.9684
Found 6 valid OD pairs for R1C1_C
Generating focused traffic: Period 6.9684s
[INFO] Subscriptions active: 6 (libsumo, fast mode)
[INFO] Episode duration: 3600s (60 min)

[DEBUG] 🎯 Célzott Forgalom Generálása (R1C1_C) | Period: 5.3708
Found 6 valid OD pairs for R1C1_C
Generating focused traffic: Period 5.3708s
[INFO] Subscriptions active: 6 (libsumo, fast mode)
[INFO] Episode duration: 900s (15 min)

[DEBUG] 🎯 Célzott Forgalom Generálása (R1C1_C) | Period: 4.4403
Found 6 valid OD pairs for R1C1_C
Generating focused traffic: Period 4.4403s
[INFO] Subscriptions active: 6 (libsumo, fast mode)
[INFO] Episode duration: 2700s (45 min)

[DEBUG] 🎯 Célzott Forgalom Generálása (R1C1_C) | Period: 5.0239
Found 6 valid OD pairs for R1C1_C
Generating focused traffic: Period 5.0239s
[INFO] Subscriptions active: 6 (libsumo, fast mode)
[INFO] Episode duration: 2700s (45 min)

[DEBUG] 🎯 Célzott Forgalom Generálása (R1C1_C) | Period: 5.6899
Found 6 valid OD pairs for R1C1_C
Generating focused traffic: Period 5.6899s
[INFO] Subscriptions active: 6 (libsumo, fast mode)
[INFO] Episode duration: 900s (15 min)

[DEBUG] 🎯 Célzott Forgalom Generálása (R1C1_C) | Period: 6.5296
Found 6 valid OD pairs for R1C1_C
Generating focused traffic: Period 6.5296s
[INFO] Subscriptions active: 6 (libsumo, fast mode)
[INFO] Episode duration: 3600s (60 min)

[DEBUG] 🎯 Célzott Forgalom Generálása (R1C1_C) | Period: 5.4377
Found 6 valid OD pairs for R1C1_C
Generating focused traffic: Period 5.4377s
[INFO] Subscriptions active: 6 (libsumo, fast mode)
[INFO] Episode duration: 1800s (30 min)

[DEBUG] 🎯 Célzott Forgalom Generálása (R1C1_C) | Period: 4.8587
Found 6 valid OD pairs for R1C1_C
Generating focused traffic: Period 4.8587s
[INFO] Subscriptions active: 6 (libsumo, fast mode)
[INFO] Episode duration: 3600s (60 min)

[DEBUG] 🎯 Célzott Forgalom Generálása (R1C1_C) | Period: 6.5366
Found 6 valid OD pairs for R1C1_C
Generating focused traffic: Period 6.5366s
[INFO] Subscriptions active: 6 (libsumo, fast mode)
[INFO] Episode duration: 1800s (30 min)

[DEBUG] 🎯 Célzott Forgalom Generálása (R1C1_C) | Period: 7.436
Found 6 valid OD pairs for R1C1_C
Generating focused traffic: Period 7.4360s
[INFO] Subscriptions active: 6 (libsumo, fast mode)
[INFO] Episode duration: 2700s (45 min)

[DEBUG] 🎯 Célzott Forgalom Generálása (R1C1_C) | Period: 5.8964
Found 6 valid OD pairs for R1C1_C
Generating focused traffic: Period 5.8964s
[INFO] Subscriptions active: 6 (libsumo, fast mode)
[INFO] Episode duration: 2700s (45 min)

[DEBUG] 🎯 Célzott Forgalom Generálása (R1C1_C) | Period: 6.8007
Found 6 valid OD pairs for R1C1_C
Generating focused traffic: Period 6.8007s
[INFO] Subscriptions active: 6 (libsumo, fast mode)
[INFO] Episode duration: 3600s (60 min)

[DEBUG] 🎯 Célzott Forgalom Generálása (R1C1_C) | Period: 4.0192
Found 6 valid OD pairs for R1C1_C
Generating focused traffic: Period 4.0192s
[INFO] Subscriptions active: 6 (libsumo, fast mode)
[INFO] Episode duration: 1800s (30 min)

[DEBUG] 🎯 Célzott Forgalom Generálása (R1C1_C) | Period: 5.3551
Found 6 valid OD pairs for R1C1_C
Generating focused traffic: Period 5.3551s
[INFO] Subscriptions active: 6 (libsumo, fast mode)
[INFO] Episode duration: 2700s (45 min)

[DEBUG] 🎯 Célzott Forgalom Generálása (R1C1_C) | Period: 5.3283
Found 6 valid OD pairs for R1C1_C
Generating focused traffic: Period 5.3283s
[INFO] Subscriptions active: 6 (libsumo, fast mode)
[INFO] Episode duration: 3600s (60 min)

[DEBUG] 🎯 Célzott Forgalom Generálása (R1C1_C) | Period: 5.7388
Found 6 valid OD pairs for R1C1_C
Generating focused traffic: Period 5.7388s
[INFO] Subscriptions active: 6 (libsumo, fast mode)
[INFO] Episode duration: 900s (15 min)

[DEBUG] 🎯 Célzott Forgalom Generálása (R1C1_C) | Period: 6.1254
Found 6 valid OD pairs for R1C1_C
Generating focused traffic: Period 6.1254s
[INFO] Subscriptions active: 6 (libsumo, fast mode)
[INFO] Episode duration: 2700s (45 min)

[DEBUG] 🎯 Célzott Forgalom Generálása (R1C1_C) | Period: 7.3474
Found 6 valid OD pairs for R1C1_C
Generating focused traffic: Period 7.3474s
[INFO] Subscriptions active: 6 (libsumo, fast mode)
[INFO] Episode duration: 3600s (60 min)

[DEBUG] 🎯 Célzott Forgalom Generálása (R1C1_C) | Period: 5.9007
Found 6 valid OD pairs for R1C1_C
Generating focused traffic: Period 5.9007s
[INFO] Subscriptions active: 6 (libsumo, fast mode)
[INFO] Episode duration: 3600s (60 min)

[DEBUG] 🎯 Célzott Forgalom Generálása (R1C1_C) | Period: 4.8516
Found 6 valid OD pairs for R1C1_C
Generating focused traffic: Period 4.8516s
[INFO] Subscriptions active: 6 (libsumo, fast mode)
[INFO] Episode duration: 900s (15 min)

[DEBUG] 🎯 Célzott Forgalom Generálása (R1C1_C) | Period: 7.4804
Found 6 valid OD pairs for R1C1_C
Generating focused traffic: Period 7.4804s
[INFO] Subscriptions active: 6 (libsumo, fast mode)
[INFO] Episode duration: 3600s (60 min)

[DEBUG] 🎯 Célzott Forgalom Generálása (R1C1_C) | Period: 4.3291
Found 6 valid OD pairs for R1C1_C
Generating focused traffic: Period 4.3291s
[INFO] Subscriptions active: 6 (libsumo, fast mode)
[INFO] Episode duration: 900s (15 min)
wandb: WARNING Symlinked 1 file into the W&B run directory; call wandb.save again to sync new files.
/Users/wagnertamas/Documents/Munka/cikkek/AI_agens_konyvtar/support/intergreen_matrix_calculator/rl_trainer.py:857: UserWarning: Exporting a model while it is in training mode. Please ensure that this is intended, as it may lead to different behavior during inference. Calling model.eval() before export is recommended.
  torch.onnx.export(
/Users/wagnertamas/Documents/Munka/cikkek/AI_agens_konyvtar/support/intergreen_matrix_calculator/rl_trainer.py:857: UserWarning: # 'dynamic_axes' is not recommended when dynamo=True, and may lead to 'torch._dynamo.exc.UserError: Constraints violated.' Supply the 'dynamic_shapes' argument instead if export is unsuccessful.
  torch.onnx.export(
wandb: updating run metadata
wandb: uploading output.log; uploading wandb-summary.json; uploading config.yaml; uploading pytorch_models/R1C1_C.zip
wandb: uploading output.log; uploading pytorch_models/R1C1_C.zip
wandb: 
wandb: Run history:
wandb:  R1C1_C/action_pct/phase_0 ▃▄▅▄▄▆▄▁▆▆▅▄▃▄▃█▃█▂▆▄▅▅▄▄▅▅▅▄▆▅▅▅▃▅▃▄▄▆▅
wandb:  R1C1_C/action_pct/phase_1 ▅▅▂▂▅▄▄▆▅▁▅▆▄█▆▆▅▁█▄▅▄▂▅▅▅▄▃▅▂▃▄▄▄▁▃▆▅▄▅
wandb:  R1C1_C/action_pct/phase_2 ▂▆▅▇▅▄▆▃▃▇▅▆▆▄▆▁▄█▅▄▄▅▅▆▄▄▇▅▃▆▅▅▆▇▂▅▆▃▆▅
wandb:  R1C1_C/action_pct/phase_3 ▇▃▅▆▄▄▄▇▂▄▃▃▅▂▄▂▅▁▃▃▄▄▅▃▅▃▂▄▅▄▄▄▃▅█▆▃▅▃▃
wandb:  R1C1_C/train/entropy_loss ▁▃▅▇▇▅▅▅▆▆▆█▆▆▆▆▆▆▇▇▇▇▇▇▇█▇█▆▇▇▇▇▇█████▇
wandb: R1C1_C/train/learning_rate ▁▁▁▁▁▁▁▁▁▁▁▁▁▁▁▁▁▁▁▁▁▁▁▁▁▁▁▁▁▁▁▁▁▁▁▁▁▁▁▁
wandb:    R1C1_C/train/value_loss ▆▆▄▆█▃▆▅▆▆▃▃▄▁▃▇▃▂▅▄▇▇▆▄▅▅▅▆▄▄▇▄▅▅▄▄▅▃▃▇
wandb:                 avg_reward ▅▇▂▅▅▄▃▆▄▅▂▂█▃▃▂▂▅▂▃▃▄▄▄▄▅▅▃▂▂▄▁▅▃▃▃▂▄▅█
wandb:                    episode ▁▁▁▁▁▂▂▂▂▂▂▂▂▃▃▄▄▄▄▅▅▅▅▅▅▅▅▆▆▆▆▆▇▇▇▇▇▇▇█
wandb:         episode/avg_reward ▆▄▃▃▅▄▄▅▆▅▂▅▆▃█▅▃▃█▄▁▃▃▂▃▄▄▂▅▆▄▃▃▄▄▄▄▂▂▄
wandb:                         +7 ...
wandb: 
wandb: Run summary:
wandb:  R1C1_C/action_pct/phase_0 25.41667
wandb:  R1C1_C/action_pct/phase_1 25.69444
wandb:  R1C1_C/action_pct/phase_2 24.58333
wandb:  R1C1_C/action_pct/phase_3 24.30556
wandb:  R1C1_C/train/entropy_loss -1.38597
wandb: R1C1_C/train/learning_rate 0.0001
wandb:    R1C1_C/train/value_loss 617.73798
wandb:                 avg_reward 0.31026
wandb:                    episode 210
wandb:         episode/avg_reward 0.28644
wandb:                         +7 ...
wandb: 
wandb: 🚀 View run a2c_speed_throughput_3x32_1_R1C1_C at: https://wandb.ai/wagnertamas-budapesti-m-szaki-s-gazdas-gtudom-nyi-egyetem/sumo-rl-stat/runs/ubmk5hix
wandb: ⭐️ View project at: https://wandb.ai/wagnertamas-budapesti-m-szaki-s-gazdas-gtudom-nyi-egyetem/sumo-rl-stat
wandb: Synced 5 W&B file(s), 0 media file(s), 0 artifact file(s) and 1 other file(s)
wandb: Find logs at: ./wandb/run-20260322_014033-ubmk5hix/logs

[DEBUG] 🎯 Célzott Forgalom Generálása (R1C1_C) | Period: 5.6182
Found 6 valid OD pairs for R1C1_C
Generating focused traffic: Period 5.6182s
[INFO] Subscriptions active: 6 (libsumo, fast mode)
[INFO] Episode duration: 3600s (60 min)

[DEBUG] 🎯 Célzott Forgalom Generálása (R1C1_C) | Period: 5.9645
Found 6 valid OD pairs for R1C1_C
Generating focused traffic: Period 5.9645s
[INFO] Subscriptions active: 6 (libsumo, fast mode)
[INFO] Episode duration: 2700s (45 min)

[DEBUG] 🎯 Célzott Forgalom Generálása (R1C1_C) | Period: 5.2936
Found 6 valid OD pairs for R1C1_C
Generating focused traffic: Period 5.2936s
[INFO] Subscriptions active: 6 (libsumo, fast mode)
On-policy training completed.
Closing environment and EXPORTING models...
Saving PyTorch ZIP models to /Users/wagnertamas/Documents/Munka/cikkek/AI_agens_konyvtar/support/intergreen_matrix_calculator/data/runs/pytorch_models...
Saved PyTorch R1C1_C to /Users/wagnertamas/Documents/Munka/cikkek/AI_agens_konyvtar/support/intergreen_matrix_calculator/data/runs/pytorch_models/R1C1_C.zip
Exporting ONNX models to /Users/wagnertamas/Documents/Munka/cikkek/AI_agens_konyvtar/support/intergreen_matrix_calculator/data/runs/onnx_models...
Failed to export R1C1_C: # Failed to convert 'dynamic_axes' to 'dynamic_shapes'. Please provide 'dynamic_shapes' directly. Refer to the documentation for 'torch.export.export' for more information on dynamic shapes.
Cleanup done.
