wandb: [wandb.login()] Loaded credentials for https://api.wandb.ai from /Users/wagnertamas/.netrc.
wandb: Currently logged in as: wagnertamas (wagnertamas-budapesti-m-szaki-s-gazdas-gtudom-nyi-egyetem) to https://api.wandb.ai. Use `wandb login --relogin` to force relogin
wandb: setting up run gz5qo016
wandb: Tracking run with wandb version 0.25.0
wandb: Run data is saved locally in /Users/wagnertamas/Documents/Munka/cikkek/AI_agens_konyvtar/support/intergreen_matrix_calculator/wandb/run-20260322_020524-gz5qo016
wandb: Run `wandb offline` to turn off syncing.
wandb: Syncing run a2c_halt_ratio_2x8_2_R1C1_C
wandb: ⭐️ View project at https://wandb.ai/wagnertamas-budapesti-m-szaki-s-gazdas-gtudom-nyi-egyetem/sumo-rl-stat
wandb: 🚀 View run at https://wandb.ai/wagnertamas-budapesti-m-szaki-s-gazdas-gtudom-nyi-egyetem/sumo-rl-stat/runs/gz5qo016
[INFO] Config: training_config.yaml
[INFO] Net: /Users/wagnertamas/Documents/Munka/cikkek/AI_agens_konyvtar/support/intergreen_matrix_calculator/data/mega_catalogue_v2.net.xml
[INFO] Timesteps: 100000 | Project: sumo-rl-stat
[INFO] Junction: R1C1_C
[INFO] Algorithm: a2c | Reward: halt_ratio
[INFO] Load model: None (fresh)
[INFO] Traffic: random target+spread (epizódonként)
Initializing Environment (algorithm=a2c, reward=halt_ratio)...
[INFO] Algorithm: a2c (on_policy)
[INFO] Reward mode: halt_ratio
WandB config applied (Sweep compatible).
[INFO] Junction reward params auto-loaded from /Users/wagnertamas/Documents/Munka/cikkek/AI_agens_konyvtar/support/intergreen_matrix_calculator/data/junction_reward_params.json
[INFO] Using 'libsumo' (fast headless mode, OS=darwin).
Starting SUMO...
[INFO] Episode duration: 2700s (45 min)

[DEBUG] 🎯 Célzott Forgalom Generálása (R1C1_C) | Period: 6.8585
Found 6 valid OD pairs for R1C1_C
Generating focused traffic: Period 6.8585s
[INFO] Network mapped: 1 agents, 3 detectors, 3 lanes
[INFO] Subscriptions active: 6 (libsumo, fast mode)
Agents discovered: ['R1C1_C']
[INFO] RL device: mps
[INFO] On-policy training: a2c → R1C1_C
Using mps device
Wrapping the env with a `Monitor` wrapper
Wrapping the env in a DummyVecEnv.
Starting on-policy training: 100000 timesteps...
[INFO] Episode duration: 2700s (45 min)

[DEBUG] 🎯 Célzott Forgalom Generálása (R1C1_C) | Period: 7.9858
Found 6 valid OD pairs for R1C1_C
Generating focused traffic: Period 7.9858s
[INFO] Subscriptions active: 6 (libsumo, fast mode)
Logging to /Users/wagnertamas/Documents/Munka/cikkek/AI_agens_konyvtar/support/intergreen_matrix_calculator/data/runs/sumo-rl-stat/R1C1_C/A2C_63
[INFO] Episode duration: 2700s (45 min)

[DEBUG] 🎯 Célzott Forgalom Generálása (R1C1_C) | Period: 4.485
Found 6 valid OD pairs for R1C1_C
Generating focused traffic: Period 4.4850s
[INFO] Subscriptions active: 6 (libsumo, fast mode)
[INFO] Episode duration: 3600s (60 min)

[DEBUG] 🎯 Célzott Forgalom Generálása (R1C1_C) | Period: 7.0687
Found 6 valid OD pairs for R1C1_C
Generating focused traffic: Period 7.0687s
[INFO] Subscriptions active: 6 (libsumo, fast mode)
[INFO] Episode duration: 2700s (45 min)

[DEBUG] 🎯 Célzott Forgalom Generálása (R1C1_C) | Period: 6.9522
Found 6 valid OD pairs for R1C1_C
Generating focused traffic: Period 6.9522s
[INFO] Subscriptions active: 6 (libsumo, fast mode)
[INFO] Episode duration: 1800s (30 min)

[DEBUG] 🎯 Célzott Forgalom Generálása (R1C1_C) | Period: 6.0178
Found 6 valid OD pairs for R1C1_C
Generating focused traffic: Period 6.0178s
[INFO] Subscriptions active: 6 (libsumo, fast mode)
[INFO] Episode duration: 2700s (45 min)

[DEBUG] 🎯 Célzott Forgalom Generálása (R1C1_C) | Period: 7.1946
Found 6 valid OD pairs for R1C1_C
Generating focused traffic: Period 7.1946s
[INFO] Subscriptions active: 6 (libsumo, fast mode)
[INFO] Episode duration: 1800s (30 min)

[DEBUG] 🎯 Célzott Forgalom Generálása (R1C1_C) | Period: 6.3486
Found 6 valid OD pairs for R1C1_C
Generating focused traffic: Period 6.3486s
[INFO] Subscriptions active: 6 (libsumo, fast mode)
[INFO] Episode duration: 1800s (30 min)

[DEBUG] 🎯 Célzott Forgalom Generálása (R1C1_C) | Period: 7.1043
Found 6 valid OD pairs for R1C1_C
Generating focused traffic: Period 7.1043s
[INFO] Subscriptions active: 6 (libsumo, fast mode)
[INFO] Episode duration: 1800s (30 min)

[DEBUG] 🎯 Célzott Forgalom Generálása (R1C1_C) | Period: 5.2646
Found 6 valid OD pairs for R1C1_C
Generating focused traffic: Period 5.2646s
[INFO] Subscriptions active: 6 (libsumo, fast mode)
[INFO] Episode duration: 3600s (60 min)

[DEBUG] 🎯 Célzott Forgalom Generálása (R1C1_C) | Period: 5.2361
Found 6 valid OD pairs for R1C1_C
Generating focused traffic: Period 5.2361s
[INFO] Subscriptions active: 6 (libsumo, fast mode)
[INFO] Episode duration: 3600s (60 min)

[DEBUG] 🎯 Célzott Forgalom Generálása (R1C1_C) | Period: 7.853
Found 6 valid OD pairs for R1C1_C
Generating focused traffic: Period 7.8530s
[INFO] Subscriptions active: 6 (libsumo, fast mode)
[INFO] Episode duration: 2700s (45 min)

[DEBUG] 🎯 Célzott Forgalom Generálása (R1C1_C) | Period: 5.8526
Found 6 valid OD pairs for R1C1_C
Generating focused traffic: Period 5.8526s
[INFO] Subscriptions active: 6 (libsumo, fast mode)
[INFO] Episode duration: 900s (15 min)

[DEBUG] 🎯 Célzott Forgalom Generálása (R1C1_C) | Period: 7.6138
Found 6 valid OD pairs for R1C1_C
Generating focused traffic: Period 7.6138s
[INFO] Subscriptions active: 6 (libsumo, fast mode)
[INFO] Episode duration: 2700s (45 min)

[DEBUG] 🎯 Célzott Forgalom Generálása (R1C1_C) | Period: 6.7675
Found 6 valid OD pairs for R1C1_C
Generating focused traffic: Period 6.7675s
[INFO] Subscriptions active: 6 (libsumo, fast mode)
[INFO] Episode duration: 3600s (60 min)

[DEBUG] 🎯 Célzott Forgalom Generálása (R1C1_C) | Period: 6.5436
Found 6 valid OD pairs for R1C1_C
Generating focused traffic: Period 6.5436s
[INFO] Subscriptions active: 6 (libsumo, fast mode)
[INFO] Episode duration: 2700s (45 min)

[DEBUG] 🎯 Célzott Forgalom Generálása (R1C1_C) | Period: 5.7789
Found 6 valid OD pairs for R1C1_C
Generating focused traffic: Period 5.7789s
[INFO] Subscriptions active: 6 (libsumo, fast mode)
[INFO] Episode duration: 900s (15 min)

[DEBUG] 🎯 Célzott Forgalom Generálása (R1C1_C) | Period: 5.0362
Found 6 valid OD pairs for R1C1_C
Generating focused traffic: Period 5.0362s
[INFO] Subscriptions active: 6 (libsumo, fast mode)
[INFO] Episode duration: 1800s (30 min)

[DEBUG] 🎯 Célzott Forgalom Generálása (R1C1_C) | Period: 4.2287
Found 6 valid OD pairs for R1C1_C
Generating focused traffic: Period 4.2287s
[INFO] Subscriptions active: 6 (libsumo, fast mode)
[INFO] Episode duration: 2700s (45 min)

[DEBUG] 🎯 Célzott Forgalom Generálása (R1C1_C) | Period: 7.4335
Found 6 valid OD pairs for R1C1_C
Generating focused traffic: Period 7.4335s
[INFO] Subscriptions active: 6 (libsumo, fast mode)
[INFO] Episode duration: 1800s (30 min)

[DEBUG] 🎯 Célzott Forgalom Generálása (R1C1_C) | Period: 5.3921
Found 6 valid OD pairs for R1C1_C
Generating focused traffic: Period 5.3921s
[INFO] Subscriptions active: 6 (libsumo, fast mode)
[INFO] Episode duration: 900s (15 min)

[DEBUG] 🎯 Célzott Forgalom Generálása (R1C1_C) | Period: 6.8245
Found 6 valid OD pairs for R1C1_C
Generating focused traffic: Period 6.8245s
[INFO] Subscriptions active: 6 (libsumo, fast mode)
[INFO] Episode duration: 2700s (45 min)

[DEBUG] 🎯 Célzott Forgalom Generálása (R1C1_C) | Period: 5.0628
Found 6 valid OD pairs for R1C1_C
Generating focused traffic: Period 5.0628s
[INFO] Subscriptions active: 6 (libsumo, fast mode)
[INFO] Episode duration: 3600s (60 min)

[DEBUG] 🎯 Célzott Forgalom Generálása (R1C1_C) | Period: 4.9423
Found 6 valid OD pairs for R1C1_C
Generating focused traffic: Period 4.9423s
[INFO] Subscriptions active: 6 (libsumo, fast mode)
[INFO] Episode duration: 1800s (30 min)

[DEBUG] 🎯 Célzott Forgalom Generálása (R1C1_C) | Period: 7.3814
Found 6 valid OD pairs for R1C1_C
Generating focused traffic: Period 7.3814s
[INFO] Subscriptions active: 6 (libsumo, fast mode)
[INFO] Episode duration: 900s (15 min)

[DEBUG] 🎯 Célzott Forgalom Generálása (R1C1_C) | Period: 7.1014
Found 6 valid OD pairs for R1C1_C
Generating focused traffic: Period 7.1014s
[INFO] Subscriptions active: 6 (libsumo, fast mode)
[INFO] Episode duration: 2700s (45 min)

[DEBUG] 🎯 Célzott Forgalom Generálása (R1C1_C) | Period: 6.8692
Found 6 valid OD pairs for R1C1_C
Generating focused traffic: Period 6.8692s
[INFO] Subscriptions active: 6 (libsumo, fast mode)
[INFO] Episode duration: 2700s (45 min)

[DEBUG] 🎯 Célzott Forgalom Generálása (R1C1_C) | Period: 7.2623
Found 6 valid OD pairs for R1C1_C
Generating focused traffic: Period 7.2623s
[INFO] Subscriptions active: 6 (libsumo, fast mode)
[INFO] Episode duration: 900s (15 min)

[DEBUG] 🎯 Célzott Forgalom Generálása (R1C1_C) | Period: 6.435
Found 6 valid OD pairs for R1C1_C
Generating focused traffic: Period 6.4350s
[INFO] Subscriptions active: 6 (libsumo, fast mode)
[INFO] Episode duration: 900s (15 min)

[DEBUG] 🎯 Célzott Forgalom Generálása (R1C1_C) | Period: 4.5994
Found 6 valid OD pairs for R1C1_C
Generating focused traffic: Period 4.5994s
[INFO] Subscriptions active: 6 (libsumo, fast mode)
[INFO] Episode duration: 1800s (30 min)

[DEBUG] 🎯 Célzott Forgalom Generálása (R1C1_C) | Period: 7.127
Found 6 valid OD pairs for R1C1_C
Generating focused traffic: Period 7.1270s
[INFO] Subscriptions active: 6 (libsumo, fast mode)
[INFO] Episode duration: 2700s (45 min)

[DEBUG] 🎯 Célzott Forgalom Generálása (R1C1_C) | Period: 4.6019
Found 6 valid OD pairs for R1C1_C
Generating focused traffic: Period 4.6019s
[INFO] Subscriptions active: 6 (libsumo, fast mode)
[INFO] Episode duration: 3600s (60 min)

[DEBUG] 🎯 Célzott Forgalom Generálása (R1C1_C) | Period: 6.1877
Found 6 valid OD pairs for R1C1_C
Generating focused traffic: Period 6.1877s
[INFO] Subscriptions active: 6 (libsumo, fast mode)
[INFO] Episode duration: 1800s (30 min)

[DEBUG] 🎯 Célzott Forgalom Generálása (R1C1_C) | Period: 6.0838
Found 6 valid OD pairs for R1C1_C
Generating focused traffic: Period 6.0838s
[INFO] Subscriptions active: 6 (libsumo, fast mode)
[INFO] Episode duration: 1800s (30 min)

[DEBUG] 🎯 Célzott Forgalom Generálása (R1C1_C) | Period: 6.6199
Found 6 valid OD pairs for R1C1_C
Generating focused traffic: Period 6.6199s
[INFO] Subscriptions active: 6 (libsumo, fast mode)
[INFO] Episode duration: 1800s (30 min)

[DEBUG] 🎯 Célzott Forgalom Generálása (R1C1_C) | Period: 6.661
Found 6 valid OD pairs for R1C1_C
Generating focused traffic: Period 6.6610s
[INFO] Subscriptions active: 6 (libsumo, fast mode)
[INFO] Episode duration: 900s (15 min)

[DEBUG] 🎯 Célzott Forgalom Generálása (R1C1_C) | Period: 6.7412
Found 6 valid OD pairs for R1C1_C
Generating focused traffic: Period 6.7412s
[INFO] Subscriptions active: 6 (libsumo, fast mode)
[INFO] Episode duration: 900s (15 min)

[DEBUG] 🎯 Célzott Forgalom Generálása (R1C1_C) | Period: 5.6238
Found 6 valid OD pairs for R1C1_C
Generating focused traffic: Period 5.6238s
[INFO] Subscriptions active: 6 (libsumo, fast mode)
[INFO] Episode duration: 3600s (60 min)

[DEBUG] 🎯 Célzott Forgalom Generálása (R1C1_C) | Period: 5.0996
Found 6 valid OD pairs for R1C1_C
Generating focused traffic: Period 5.0996s
[INFO] Subscriptions active: 6 (libsumo, fast mode)
[INFO] Episode duration: 3600s (60 min)

[DEBUG] 🎯 Célzott Forgalom Generálása (R1C1_C) | Period: 6.4383
Found 6 valid OD pairs for R1C1_C
Generating focused traffic: Period 6.4383s
[INFO] Subscriptions active: 6 (libsumo, fast mode)
[INFO] Episode duration: 2700s (45 min)

[DEBUG] 🎯 Célzott Forgalom Generálása (R1C1_C) | Period: 4.0707
Found 6 valid OD pairs for R1C1_C
Generating focused traffic: Period 4.0707s
[INFO] Subscriptions active: 6 (libsumo, fast mode)
[INFO] Episode duration: 2700s (45 min)

[DEBUG] 🎯 Célzott Forgalom Generálása (R1C1_C) | Period: 5.0483
Found 6 valid OD pairs for R1C1_C
Generating focused traffic: Period 5.0483s
[INFO] Subscriptions active: 6 (libsumo, fast mode)
[INFO] Episode duration: 900s (15 min)

[DEBUG] 🎯 Célzott Forgalom Generálása (R1C1_C) | Period: 5.8569
Found 6 valid OD pairs for R1C1_C
Generating focused traffic: Period 5.8569s
[INFO] Subscriptions active: 6 (libsumo, fast mode)
[INFO] Episode duration: 3600s (60 min)

[DEBUG] 🎯 Célzott Forgalom Generálása (R1C1_C) | Period: 7.0332
Found 6 valid OD pairs for R1C1_C
Generating focused traffic: Period 7.0332s
[INFO] Subscriptions active: 6 (libsumo, fast mode)
[INFO] Episode duration: 2700s (45 min)

[DEBUG] 🎯 Célzott Forgalom Generálása (R1C1_C) | Period: 6.5385
Found 6 valid OD pairs for R1C1_C
Generating focused traffic: Period 6.5385s
[INFO] Subscriptions active: 6 (libsumo, fast mode)
[INFO] Episode duration: 3600s (60 min)

[DEBUG] 🎯 Célzott Forgalom Generálása (R1C1_C) | Period: 7.9453
Found 6 valid OD pairs for R1C1_C
Generating focused traffic: Period 7.9453s
[INFO] Subscriptions active: 6 (libsumo, fast mode)
------------------------------------
| rollout/              |          |
|    ep_len_mean        | 458      |
|    ep_rew_mean        | 75.4     |
| time/                 |          |
|    fps                | 185      |
|    iterations         | 10       |
|    time_elapsed       | 110      |
|    total_timesteps    | 20480    |
| train/                |          |
|    entropy_loss       | -1.39    |
|    explained_variance | -0.027   |
|    learning_rate      | 0.0001   |
|    n_updates          | 9        |
|    policy_loss        | 15.1     |
|    value_loss         | 131      |
------------------------------------
[INFO] Episode duration: 3600s (60 min)

[DEBUG] 🎯 Célzott Forgalom Generálása (R1C1_C) | Period: 4.6513
Found 6 valid OD pairs for R1C1_C
Generating focused traffic: Period 4.6513s
[INFO] Subscriptions active: 6 (libsumo, fast mode)
[INFO] Episode duration: 900s (15 min)

[DEBUG] 🎯 Célzott Forgalom Generálása (R1C1_C) | Period: 7.2277
Found 6 valid OD pairs for R1C1_C
Generating focused traffic: Period 7.2277s
[INFO] Subscriptions active: 6 (libsumo, fast mode)
[INFO] Episode duration: 3600s (60 min)

[DEBUG] 🎯 Célzott Forgalom Generálása (R1C1_C) | Period: 5.449
Found 6 valid OD pairs for R1C1_C
Generating focused traffic: Period 5.4490s
[INFO] Subscriptions active: 6 (libsumo, fast mode)
[INFO] Episode duration: 2700s (45 min)

[DEBUG] 🎯 Célzott Forgalom Generálása (R1C1_C) | Period: 7.8308
Found 6 valid OD pairs for R1C1_C
Generating focused traffic: Period 7.8308s
[INFO] Subscriptions active: 6 (libsumo, fast mode)
[INFO] Episode duration: 900s (15 min)

[DEBUG] 🎯 Célzott Forgalom Generálása (R1C1_C) | Period: 7.1342
Found 6 valid OD pairs for R1C1_C
Generating focused traffic: Period 7.1342s
[INFO] Subscriptions active: 6 (libsumo, fast mode)
[INFO] Episode duration: 1800s (30 min)

[DEBUG] 🎯 Célzott Forgalom Generálása (R1C1_C) | Period: 5.5193
Found 6 valid OD pairs for R1C1_C
Generating focused traffic: Period 5.5193s
[INFO] Subscriptions active: 6 (libsumo, fast mode)
[INFO] Episode duration: 1800s (30 min)

[DEBUG] 🎯 Célzott Forgalom Generálása (R1C1_C) | Period: 5.4405
Found 6 valid OD pairs for R1C1_C
Generating focused traffic: Period 5.4405s
[INFO] Subscriptions active: 6 (libsumo, fast mode)
[INFO] Episode duration: 3600s (60 min)

[DEBUG] 🎯 Célzott Forgalom Generálása (R1C1_C) | Period: 6.3308
Found 6 valid OD pairs for R1C1_C
Generating focused traffic: Period 6.3308s
[INFO] Subscriptions active: 6 (libsumo, fast mode)
[INFO] Episode duration: 2700s (45 min)

[DEBUG] 🎯 Célzott Forgalom Generálása (R1C1_C) | Period: 4.4891
Found 6 valid OD pairs for R1C1_C
Generating focused traffic: Period 4.4891s
[INFO] Subscriptions active: 6 (libsumo, fast mode)
[INFO] Episode duration: 1800s (30 min)

[DEBUG] 🎯 Célzott Forgalom Generálása (R1C1_C) | Period: 7.9984
Found 6 valid OD pairs for R1C1_C
Generating focused traffic: Period 7.9984s
[INFO] Subscriptions active: 6 (libsumo, fast mode)
[INFO] Episode duration: 2700s (45 min)

[DEBUG] 🎯 Célzott Forgalom Generálása (R1C1_C) | Period: 7.7456
Found 6 valid OD pairs for R1C1_C
Generating focused traffic: Period 7.7456s
[INFO] Subscriptions active: 6 (libsumo, fast mode)
[INFO] Episode duration: 900s (15 min)

[DEBUG] 🎯 Célzott Forgalom Generálása (R1C1_C) | Period: 6.3834
Found 6 valid OD pairs for R1C1_C
Generating focused traffic: Period 6.3834s
[INFO] Subscriptions active: 6 (libsumo, fast mode)
[INFO] Episode duration: 3600s (60 min)

[DEBUG] 🎯 Célzott Forgalom Generálása (R1C1_C) | Period: 6.8321
Found 6 valid OD pairs for R1C1_C
Generating focused traffic: Period 6.8321s
[INFO] Subscriptions active: 6 (libsumo, fast mode)
[INFO] Episode duration: 2700s (45 min)

[DEBUG] 🎯 Célzott Forgalom Generálása (R1C1_C) | Period: 5.5906
Found 6 valid OD pairs for R1C1_C
Generating focused traffic: Period 5.5906s
[INFO] Subscriptions active: 6 (libsumo, fast mode)
[INFO] Episode duration: 3600s (60 min)

[DEBUG] 🎯 Célzott Forgalom Generálása (R1C1_C) | Period: 5.7441
Found 6 valid OD pairs for R1C1_C
Generating focused traffic: Period 5.7441s
[INFO] Subscriptions active: 6 (libsumo, fast mode)
[INFO] Episode duration: 1800s (30 min)

[DEBUG] 🎯 Célzott Forgalom Generálása (R1C1_C) | Period: 6.2396
Found 6 valid OD pairs for R1C1_C
Generating focused traffic: Period 6.2396s
[INFO] Subscriptions active: 6 (libsumo, fast mode)
[INFO] Episode duration: 1800s (30 min)

[DEBUG] 🎯 Célzott Forgalom Generálása (R1C1_C) | Period: 5.7956
Found 6 valid OD pairs for R1C1_C
Generating focused traffic: Period 5.7956s
[INFO] Subscriptions active: 6 (libsumo, fast mode)
[INFO] Episode duration: 2700s (45 min)

[DEBUG] 🎯 Célzott Forgalom Generálása (R1C1_C) | Period: 5.3283
Found 6 valid OD pairs for R1C1_C
Generating focused traffic: Period 5.3283s
[INFO] Subscriptions active: 6 (libsumo, fast mode)
[INFO] Episode duration: 1800s (30 min)

[DEBUG] 🎯 Célzott Forgalom Generálása (R1C1_C) | Period: 4.7614
Found 6 valid OD pairs for R1C1_C
Generating focused traffic: Period 4.7614s
[INFO] Subscriptions active: 6 (libsumo, fast mode)
[INFO] Episode duration: 2700s (45 min)

[DEBUG] 🎯 Célzott Forgalom Generálása (R1C1_C) | Period: 4.6057
Found 6 valid OD pairs for R1C1_C
Generating focused traffic: Period 4.6057s
[INFO] Subscriptions active: 6 (libsumo, fast mode)
[INFO] Episode duration: 1800s (30 min)

[DEBUG] 🎯 Célzott Forgalom Generálása (R1C1_C) | Period: 6.4606
Found 6 valid OD pairs for R1C1_C
Generating focused traffic: Period 6.4606s
[INFO] Subscriptions active: 6 (libsumo, fast mode)
[INFO] Episode duration: 3600s (60 min)

[DEBUG] 🎯 Célzott Forgalom Generálása (R1C1_C) | Period: 7.6062
Found 6 valid OD pairs for R1C1_C
Generating focused traffic: Period 7.6062s
[INFO] Subscriptions active: 6 (libsumo, fast mode)
[INFO] Episode duration: 900s (15 min)

[DEBUG] 🎯 Célzott Forgalom Generálása (R1C1_C) | Period: 4.8314
Found 6 valid OD pairs for R1C1_C
Generating focused traffic: Period 4.8314s
[INFO] Subscriptions active: 6 (libsumo, fast mode)
[INFO] Episode duration: 3600s (60 min)

[DEBUG] 🎯 Célzott Forgalom Generálása (R1C1_C) | Period: 5.6627
Found 6 valid OD pairs for R1C1_C
Generating focused traffic: Period 5.6627s
[INFO] Subscriptions active: 6 (libsumo, fast mode)
[INFO] Episode duration: 2700s (45 min)

[DEBUG] 🎯 Célzott Forgalom Generálása (R1C1_C) | Period: 6.4083
Found 6 valid OD pairs for R1C1_C
Generating focused traffic: Period 6.4083s
[INFO] Subscriptions active: 6 (libsumo, fast mode)
[INFO] Episode duration: 900s (15 min)

[DEBUG] 🎯 Célzott Forgalom Generálása (R1C1_C) | Period: 6.8111
Found 6 valid OD pairs for R1C1_C
Generating focused traffic: Period 6.8111s
[INFO] Subscriptions active: 6 (libsumo, fast mode)
[INFO] Episode duration: 900s (15 min)

[DEBUG] 🎯 Célzott Forgalom Generálása (R1C1_C) | Period: 7.6157
Found 6 valid OD pairs for R1C1_C
Generating focused traffic: Period 7.6157s
[INFO] Subscriptions active: 6 (libsumo, fast mode)
[INFO] Episode duration: 900s (15 min)

[DEBUG] 🎯 Célzott Forgalom Generálása (R1C1_C) | Period: 4.0028
Found 6 valid OD pairs for R1C1_C
Generating focused traffic: Period 4.0028s
[INFO] Subscriptions active: 6 (libsumo, fast mode)
[INFO] Episode duration: 900s (15 min)

[DEBUG] 🎯 Célzott Forgalom Generálása (R1C1_C) | Period: 5.119
Found 6 valid OD pairs for R1C1_C
Generating focused traffic: Period 5.1190s
[INFO] Subscriptions active: 6 (libsumo, fast mode)
[INFO] Episode duration: 900s (15 min)

[DEBUG] 🎯 Célzott Forgalom Generálása (R1C1_C) | Period: 7.6701
Found 6 valid OD pairs for R1C1_C
Generating focused traffic: Period 7.6701s
[INFO] Subscriptions active: 6 (libsumo, fast mode)
[INFO] Episode duration: 1800s (30 min)

[DEBUG] 🎯 Célzott Forgalom Generálása (R1C1_C) | Period: 6.6898
Found 6 valid OD pairs for R1C1_C
Generating focused traffic: Period 6.6898s
[INFO] Subscriptions active: 6 (libsumo, fast mode)
[INFO] Episode duration: 2700s (45 min)

[DEBUG] 🎯 Célzott Forgalom Generálása (R1C1_C) | Period: 5.1628
Found 6 valid OD pairs for R1C1_C
Generating focused traffic: Period 5.1628s
[INFO] Subscriptions active: 6 (libsumo, fast mode)
[INFO] Episode duration: 2700s (45 min)

[DEBUG] 🎯 Célzott Forgalom Generálása (R1C1_C) | Period: 4.0568
Found 6 valid OD pairs for R1C1_C
Generating focused traffic: Period 4.0568s
[INFO] Subscriptions active: 6 (libsumo, fast mode)
[INFO] Episode duration: 1800s (30 min)

[DEBUG] 🎯 Célzott Forgalom Generálása (R1C1_C) | Period: 6.5089
Found 6 valid OD pairs for R1C1_C
Generating focused traffic: Period 6.5089s
[INFO] Subscriptions active: 6 (libsumo, fast mode)
[INFO] Episode duration: 900s (15 min)

[DEBUG] 🎯 Célzott Forgalom Generálása (R1C1_C) | Period: 7.1386
Found 6 valid OD pairs for R1C1_C
Generating focused traffic: Period 7.1386s
[INFO] Subscriptions active: 6 (libsumo, fast mode)
[INFO] Episode duration: 1800s (30 min)

[DEBUG] 🎯 Célzott Forgalom Generálása (R1C1_C) | Period: 4.9456
Found 6 valid OD pairs for R1C1_C
Generating focused traffic: Period 4.9456s
[INFO] Subscriptions active: 6 (libsumo, fast mode)
[INFO] Episode duration: 2700s (45 min)

[DEBUG] 🎯 Célzott Forgalom Generálása (R1C1_C) | Period: 7.2588
Found 6 valid OD pairs for R1C1_C
Generating focused traffic: Period 7.2588s
[INFO] Subscriptions active: 6 (libsumo, fast mode)
[INFO] Episode duration: 900s (15 min)

[DEBUG] 🎯 Célzott Forgalom Generálása (R1C1_C) | Period: 5.6969
Found 6 valid OD pairs for R1C1_C
Generating focused traffic: Period 5.6969s
[INFO] Subscriptions active: 6 (libsumo, fast mode)
[INFO] Episode duration: 1800s (30 min)

[DEBUG] 🎯 Célzott Forgalom Generálása (R1C1_C) | Period: 5.2105
Found 6 valid OD pairs for R1C1_C
Generating focused traffic: Period 5.2105s
[INFO] Subscriptions active: 6 (libsumo, fast mode)
[INFO] Episode duration: 2700s (45 min)

[DEBUG] 🎯 Célzott Forgalom Generálása (R1C1_C) | Period: 4.0371
Found 6 valid OD pairs for R1C1_C
Generating focused traffic: Period 4.0371s
[INFO] Subscriptions active: 6 (libsumo, fast mode)
[INFO] Episode duration: 3600s (60 min)

[DEBUG] 🎯 Célzott Forgalom Generálása (R1C1_C) | Period: 7.2395
Found 6 valid OD pairs for R1C1_C
Generating focused traffic: Period 7.2395s
[INFO] Subscriptions active: 6 (libsumo, fast mode)
[INFO] Episode duration: 1800s (30 min)

[DEBUG] 🎯 Célzott Forgalom Generálása (R1C1_C) | Period: 4.2656
Found 6 valid OD pairs for R1C1_C
Generating focused traffic: Period 4.2656s
[INFO] Subscriptions active: 6 (libsumo, fast mode)
[INFO] Episode duration: 2700s (45 min)

[DEBUG] 🎯 Célzott Forgalom Generálása (R1C1_C) | Period: 5.6071
Found 6 valid OD pairs for R1C1_C
Generating focused traffic: Period 5.6071s
[INFO] Subscriptions active: 6 (libsumo, fast mode)
[INFO] Episode duration: 2700s (45 min)

[DEBUG] 🎯 Célzott Forgalom Generálása (R1C1_C) | Period: 5.7136
Found 6 valid OD pairs for R1C1_C
Generating focused traffic: Period 5.7136s
[INFO] Subscriptions active: 6 (libsumo, fast mode)
[INFO] Episode duration: 3600s (60 min)

[DEBUG] 🎯 Célzott Forgalom Generálása (R1C1_C) | Period: 7.2805
Found 6 valid OD pairs for R1C1_C
Generating focused traffic: Period 7.2805s
[INFO] Subscriptions active: 6 (libsumo, fast mode)
[INFO] Episode duration: 2700s (45 min)

[DEBUG] 🎯 Célzott Forgalom Generálása (R1C1_C) | Period: 7.9755
Found 6 valid OD pairs for R1C1_C
Generating focused traffic: Period 7.9755s
[INFO] Subscriptions active: 6 (libsumo, fast mode)
------------------------------------
| rollout/              |          |
|    ep_len_mean        | 452      |
|    ep_rew_mean        | 73.5     |
| time/                 |          |
|    fps                | 185      |
|    iterations         | 20       |
|    time_elapsed       | 220      |
|    total_timesteps    | 40960    |
| train/                |          |
|    entropy_loss       | -1.39    |
|    explained_variance | 0.00138  |
|    learning_rate      | 0.0001   |
|    n_updates          | 19       |
|    policy_loss        | 15.3     |
|    value_loss         | 140      |
------------------------------------
[INFO] Episode duration: 3600s (60 min)

[DEBUG] 🎯 Célzott Forgalom Generálása (R1C1_C) | Period: 4.6855
Found 6 valid OD pairs for R1C1_C
Generating focused traffic: Period 4.6855s
[INFO] Subscriptions active: 6 (libsumo, fast mode)
[INFO] Episode duration: 1800s (30 min)

[DEBUG] 🎯 Célzott Forgalom Generálása (R1C1_C) | Period: 4.4488
Found 6 valid OD pairs for R1C1_C
Generating focused traffic: Period 4.4488s
[INFO] Subscriptions active: 6 (libsumo, fast mode)
[INFO] Episode duration: 1800s (30 min)

[DEBUG] 🎯 Célzott Forgalom Generálása (R1C1_C) | Period: 4.4452
Found 6 valid OD pairs for R1C1_C
Generating focused traffic: Period 4.4452s
[INFO] Subscriptions active: 6 (libsumo, fast mode)
[INFO] Episode duration: 2700s (45 min)

[DEBUG] 🎯 Célzott Forgalom Generálása (R1C1_C) | Period: 7.4014
Found 6 valid OD pairs for R1C1_C
Generating focused traffic: Period 7.4014s
[INFO] Subscriptions active: 6 (libsumo, fast mode)
[INFO] Episode duration: 900s (15 min)

[DEBUG] 🎯 Célzott Forgalom Generálása (R1C1_C) | Period: 6.297
Found 6 valid OD pairs for R1C1_C
Generating focused traffic: Period 6.2970s
[INFO] Subscriptions active: 6 (libsumo, fast mode)
[INFO] Episode duration: 3600s (60 min)

[DEBUG] 🎯 Célzott Forgalom Generálása (R1C1_C) | Period: 6.912
Found 6 valid OD pairs for R1C1_C
Generating focused traffic: Period 6.9120s
[INFO] Subscriptions active: 6 (libsumo, fast mode)
[INFO] Episode duration: 900s (15 min)

[DEBUG] 🎯 Célzott Forgalom Generálása (R1C1_C) | Period: 4.9277
Found 6 valid OD pairs for R1C1_C
Generating focused traffic: Period 4.9277s
[INFO] Subscriptions active: 6 (libsumo, fast mode)
[INFO] Episode duration: 1800s (30 min)

[DEBUG] 🎯 Célzott Forgalom Generálása (R1C1_C) | Period: 7.2162
Found 6 valid OD pairs for R1C1_C
Generating focused traffic: Period 7.2162s
[INFO] Subscriptions active: 6 (libsumo, fast mode)
[INFO] Episode duration: 2700s (45 min)

[DEBUG] 🎯 Célzott Forgalom Generálása (R1C1_C) | Period: 7.138
Found 6 valid OD pairs for R1C1_C
Generating focused traffic: Period 7.1380s
[INFO] Subscriptions active: 6 (libsumo, fast mode)
[INFO] Episode duration: 2700s (45 min)

[DEBUG] 🎯 Célzott Forgalom Generálása (R1C1_C) | Period: 7.5165
Found 6 valid OD pairs for R1C1_C
Generating focused traffic: Period 7.5165s
[INFO] Subscriptions active: 6 (libsumo, fast mode)
[INFO] Episode duration: 1800s (30 min)

[DEBUG] 🎯 Célzott Forgalom Generálása (R1C1_C) | Period: 5.3415
Found 6 valid OD pairs for R1C1_C
Generating focused traffic: Period 5.3415s
[INFO] Subscriptions active: 6 (libsumo, fast mode)
[INFO] Episode duration: 2700s (45 min)

[DEBUG] 🎯 Célzott Forgalom Generálása (R1C1_C) | Period: 6.1905
Found 6 valid OD pairs for R1C1_C
Generating focused traffic: Period 6.1905s
[INFO] Subscriptions active: 6 (libsumo, fast mode)
[INFO] Episode duration: 3600s (60 min)

[DEBUG] 🎯 Célzott Forgalom Generálása (R1C1_C) | Period: 6.5248
Found 6 valid OD pairs for R1C1_C
Generating focused traffic: Period 6.5248s
[INFO] Subscriptions active: 6 (libsumo, fast mode)
[INFO] Episode duration: 3600s (60 min)

[DEBUG] 🎯 Célzott Forgalom Generálása (R1C1_C) | Period: 5.1609
Found 6 valid OD pairs for R1C1_C
Generating focused traffic: Period 5.1609s
[INFO] Subscriptions active: 6 (libsumo, fast mode)
[INFO] Episode duration: 1800s (30 min)

[DEBUG] 🎯 Célzott Forgalom Generálása (R1C1_C) | Period: 4.1505
Found 6 valid OD pairs for R1C1_C
Generating focused traffic: Period 4.1505s
[INFO] Subscriptions active: 6 (libsumo, fast mode)
[INFO] Episode duration: 900s (15 min)

[DEBUG] 🎯 Célzott Forgalom Generálása (R1C1_C) | Period: 7.446
Found 6 valid OD pairs for R1C1_C
Generating focused traffic: Period 7.4460s
[INFO] Subscriptions active: 6 (libsumo, fast mode)
[INFO] Episode duration: 3600s (60 min)

[DEBUG] 🎯 Célzott Forgalom Generálása (R1C1_C) | Period: 7.8721
Found 6 valid OD pairs for R1C1_C
Generating focused traffic: Period 7.8721s
[INFO] Subscriptions active: 6 (libsumo, fast mode)
[INFO] Episode duration: 900s (15 min)

[DEBUG] 🎯 Célzott Forgalom Generálása (R1C1_C) | Period: 6.4192
Found 6 valid OD pairs for R1C1_C
Generating focused traffic: Period 6.4192s
[INFO] Subscriptions active: 6 (libsumo, fast mode)
[INFO] Episode duration: 1800s (30 min)

[DEBUG] 🎯 Célzott Forgalom Generálása (R1C1_C) | Period: 5.8293
Found 6 valid OD pairs for R1C1_C
Generating focused traffic: Period 5.8293s
[INFO] Subscriptions active: 6 (libsumo, fast mode)
[INFO] Episode duration: 3600s (60 min)

[DEBUG] 🎯 Célzott Forgalom Generálása (R1C1_C) | Period: 6.8507
Found 6 valid OD pairs for R1C1_C
Generating focused traffic: Period 6.8507s
[INFO] Subscriptions active: 6 (libsumo, fast mode)
[INFO] Episode duration: 1800s (30 min)

[DEBUG] 🎯 Célzott Forgalom Generálása (R1C1_C) | Period: 5.5807
Found 6 valid OD pairs for R1C1_C
Generating focused traffic: Period 5.5807s
[INFO] Subscriptions active: 6 (libsumo, fast mode)
[INFO] Episode duration: 1800s (30 min)

[DEBUG] 🎯 Célzott Forgalom Generálása (R1C1_C) | Period: 6.7328
Found 6 valid OD pairs for R1C1_C
Generating focused traffic: Period 6.7328s
[INFO] Subscriptions active: 6 (libsumo, fast mode)
[INFO] Episode duration: 1800s (30 min)

[DEBUG] 🎯 Célzott Forgalom Generálása (R1C1_C) | Period: 6.6345
Found 6 valid OD pairs for R1C1_C
Generating focused traffic: Period 6.6345s
[INFO] Subscriptions active: 6 (libsumo, fast mode)
[INFO] Episode duration: 3600s (60 min)

[DEBUG] 🎯 Célzott Forgalom Generálása (R1C1_C) | Period: 7.3049
Found 6 valid OD pairs for R1C1_C
Generating focused traffic: Period 7.3049s
[INFO] Subscriptions active: 6 (libsumo, fast mode)
[INFO] Episode duration: 900s (15 min)

[DEBUG] 🎯 Célzott Forgalom Generálása (R1C1_C) | Period: 4.6113
Found 6 valid OD pairs for R1C1_C
Generating focused traffic: Period 4.6113s
[INFO] Subscriptions active: 6 (libsumo, fast mode)
[INFO] Episode duration: 2700s (45 min)

[DEBUG] 🎯 Célzott Forgalom Generálása (R1C1_C) | Period: 5.0572
Found 6 valid OD pairs for R1C1_C
Generating focused traffic: Period 5.0572s
[INFO] Subscriptions active: 6 (libsumo, fast mode)
[INFO] Episode duration: 3600s (60 min)

[DEBUG] 🎯 Célzott Forgalom Generálása (R1C1_C) | Period: 4.6039
Found 6 valid OD pairs for R1C1_C
Generating focused traffic: Period 4.6039s
[INFO] Subscriptions active: 6 (libsumo, fast mode)
[INFO] Episode duration: 3600s (60 min)

[DEBUG] 🎯 Célzott Forgalom Generálása (R1C1_C) | Period: 6.9233
Found 6 valid OD pairs for R1C1_C
Generating focused traffic: Period 6.9233s
[INFO] Subscriptions active: 6 (libsumo, fast mode)
[INFO] Episode duration: 2700s (45 min)

[DEBUG] 🎯 Célzott Forgalom Generálása (R1C1_C) | Period: 4.483
Found 6 valid OD pairs for R1C1_C
Generating focused traffic: Period 4.4830s
[INFO] Subscriptions active: 6 (libsumo, fast mode)
[INFO] Episode duration: 1800s (30 min)

[DEBUG] 🎯 Célzott Forgalom Generálása (R1C1_C) | Period: 4.3586
Found 6 valid OD pairs for R1C1_C
Generating focused traffic: Period 4.3586s
[INFO] Subscriptions active: 6 (libsumo, fast mode)
[INFO] Episode duration: 900s (15 min)

[DEBUG] 🎯 Célzott Forgalom Generálása (R1C1_C) | Period: 6.4086
Found 6 valid OD pairs for R1C1_C
Generating focused traffic: Period 6.4086s
[INFO] Subscriptions active: 6 (libsumo, fast mode)
[INFO] Episode duration: 900s (15 min)

[DEBUG] 🎯 Célzott Forgalom Generálása (R1C1_C) | Period: 5.9196
Found 6 valid OD pairs for R1C1_C
Generating focused traffic: Period 5.9196s
[INFO] Subscriptions active: 6 (libsumo, fast mode)
[INFO] Episode duration: 900s (15 min)

[DEBUG] 🎯 Célzott Forgalom Generálása (R1C1_C) | Period: 4.9319
Found 6 valid OD pairs for R1C1_C
Generating focused traffic: Period 4.9319s
[INFO] Subscriptions active: 6 (libsumo, fast mode)
[INFO] Episode duration: 1800s (30 min)

[DEBUG] 🎯 Célzott Forgalom Generálása (R1C1_C) | Period: 4.5809
Found 6 valid OD pairs for R1C1_C
Generating focused traffic: Period 4.5809s
[INFO] Subscriptions active: 6 (libsumo, fast mode)
[INFO] Episode duration: 3600s (60 min)

[DEBUG] 🎯 Célzott Forgalom Generálása (R1C1_C) | Period: 5.5294
Found 6 valid OD pairs for R1C1_C
Generating focused traffic: Period 5.5294s
[INFO] Subscriptions active: 6 (libsumo, fast mode)
[INFO] Episode duration: 2700s (45 min)

[DEBUG] 🎯 Célzott Forgalom Generálása (R1C1_C) | Period: 5.1551
Found 6 valid OD pairs for R1C1_C
Generating focused traffic: Period 5.1551s
[INFO] Subscriptions active: 6 (libsumo, fast mode)
[INFO] Episode duration: 900s (15 min)

[DEBUG] 🎯 Célzott Forgalom Generálása (R1C1_C) | Period: 5.856
Found 6 valid OD pairs for R1C1_C
Generating focused traffic: Period 5.8560s
[INFO] Subscriptions active: 6 (libsumo, fast mode)
[INFO] Episode duration: 3600s (60 min)

[DEBUG] 🎯 Célzott Forgalom Generálása (R1C1_C) | Period: 4.4808
Found 6 valid OD pairs for R1C1_C
Generating focused traffic: Period 4.4808s
[INFO] Subscriptions active: 6 (libsumo, fast mode)
[INFO] Episode duration: 1800s (30 min)

[DEBUG] 🎯 Célzott Forgalom Generálása (R1C1_C) | Period: 5.8663
Found 6 valid OD pairs for R1C1_C
Generating focused traffic: Period 5.8663s
[INFO] Subscriptions active: 6 (libsumo, fast mode)
[INFO] Episode duration: 3600s (60 min)

[DEBUG] 🎯 Célzott Forgalom Generálása (R1C1_C) | Period: 7.5526
Found 6 valid OD pairs for R1C1_C
Generating focused traffic: Period 7.5526s
[INFO] Subscriptions active: 6 (libsumo, fast mode)
[INFO] Episode duration: 3600s (60 min)

[DEBUG] 🎯 Célzott Forgalom Generálása (R1C1_C) | Period: 4.8429
Found 6 valid OD pairs for R1C1_C
Generating focused traffic: Period 4.8429s
[INFO] Subscriptions active: 6 (libsumo, fast mode)
[INFO] Episode duration: 900s (15 min)

[DEBUG] 🎯 Célzott Forgalom Generálása (R1C1_C) | Period: 4.6255
Found 6 valid OD pairs for R1C1_C
Generating focused traffic: Period 4.6255s
[INFO] Subscriptions active: 6 (libsumo, fast mode)
[INFO] Episode duration: 1800s (30 min)

[DEBUG] 🎯 Célzott Forgalom Generálása (R1C1_C) | Period: 7.3274
Found 6 valid OD pairs for R1C1_C
Generating focused traffic: Period 7.3274s
[INFO] Subscriptions active: 6 (libsumo, fast mode)
[INFO] Episode duration: 3600s (60 min)

[DEBUG] 🎯 Célzott Forgalom Generálása (R1C1_C) | Period: 7.5021
Found 6 valid OD pairs for R1C1_C
Generating focused traffic: Period 7.5021s
[INFO] Subscriptions active: 6 (libsumo, fast mode)
------------------------------------
| rollout/              |          |
|    ep_len_mean        | 454      |
|    ep_rew_mean        | 72.4     |
| time/                 |          |
|    fps                | 185      |
|    iterations         | 30       |
|    time_elapsed       | 331      |
|    total_timesteps    | 61440    |
| train/                |          |
|    entropy_loss       | -1.39    |
|    explained_variance | -0.0265  |
|    learning_rate      | 0.0001   |
|    n_updates          | 29       |
|    policy_loss        | 15.2     |
|    value_loss         | 139      |
------------------------------------
[INFO] Episode duration: 2700s (45 min)

[DEBUG] 🎯 Célzott Forgalom Generálása (R1C1_C) | Period: 5.9999
Found 6 valid OD pairs for R1C1_C
Generating focused traffic: Period 5.9999s
[INFO] Subscriptions active: 6 (libsumo, fast mode)
[INFO] Episode duration: 3600s (60 min)

[DEBUG] 🎯 Célzott Forgalom Generálása (R1C1_C) | Period: 6.2044
Found 6 valid OD pairs for R1C1_C
Generating focused traffic: Period 6.2044s
[INFO] Subscriptions active: 6 (libsumo, fast mode)
[INFO] Episode duration: 2700s (45 min)

[DEBUG] 🎯 Célzott Forgalom Generálása (R1C1_C) | Period: 7.4291
Found 6 valid OD pairs for R1C1_C
Generating focused traffic: Period 7.4291s
[INFO] Subscriptions active: 6 (libsumo, fast mode)
[INFO] Episode duration: 3600s (60 min)

[DEBUG] 🎯 Célzott Forgalom Generálása (R1C1_C) | Period: 6.0712
Found 6 valid OD pairs for R1C1_C
Generating focused traffic: Period 6.0712s
[INFO] Subscriptions active: 6 (libsumo, fast mode)
[INFO] Episode duration: 1800s (30 min)

[DEBUG] 🎯 Célzott Forgalom Generálása (R1C1_C) | Period: 7.287
Found 6 valid OD pairs for R1C1_C
Generating focused traffic: Period 7.2870s
[INFO] Subscriptions active: 6 (libsumo, fast mode)
[INFO] Episode duration: 2700s (45 min)

[DEBUG] 🎯 Célzott Forgalom Generálása (R1C1_C) | Period: 7.0621
Found 6 valid OD pairs for R1C1_C
Generating focused traffic: Period 7.0621s
[INFO] Subscriptions active: 6 (libsumo, fast mode)
[INFO] Episode duration: 2700s (45 min)

[DEBUG] 🎯 Célzott Forgalom Generálása (R1C1_C) | Period: 5.7247
Found 6 valid OD pairs for R1C1_C
Generating focused traffic: Period 5.7247s
[INFO] Subscriptions active: 6 (libsumo, fast mode)
[INFO] Episode duration: 3600s (60 min)

[DEBUG] 🎯 Célzott Forgalom Generálása (R1C1_C) | Period: 5.3835
Found 6 valid OD pairs for R1C1_C
Generating focused traffic: Period 5.3835s
[INFO] Subscriptions active: 6 (libsumo, fast mode)
[INFO] Episode duration: 3600s (60 min)

[DEBUG] 🎯 Célzott Forgalom Generálása (R1C1_C) | Period: 4.0118
Found 6 valid OD pairs for R1C1_C
Generating focused traffic: Period 4.0118s
[INFO] Subscriptions active: 6 (libsumo, fast mode)
[INFO] Episode duration: 2700s (45 min)

[DEBUG] 🎯 Célzott Forgalom Generálása (R1C1_C) | Period: 7.9883
Found 6 valid OD pairs for R1C1_C
Generating focused traffic: Period 7.9883s
[INFO] Subscriptions active: 6 (libsumo, fast mode)
[INFO] Episode duration: 900s (15 min)

[DEBUG] 🎯 Célzott Forgalom Generálása (R1C1_C) | Period: 6.0469
Found 6 valid OD pairs for R1C1_C
Generating focused traffic: Period 6.0469s
[INFO] Subscriptions active: 6 (libsumo, fast mode)
[INFO] Episode duration: 900s (15 min)

[DEBUG] 🎯 Célzott Forgalom Generálása (R1C1_C) | Period: 5.5528
Found 6 valid OD pairs for R1C1_C
Generating focused traffic: Period 5.5528s
[INFO] Subscriptions active: 6 (libsumo, fast mode)
[INFO] Episode duration: 3600s (60 min)

[DEBUG] 🎯 Célzott Forgalom Generálása (R1C1_C) | Period: 5.1596
Found 6 valid OD pairs for R1C1_C
Generating focused traffic: Period 5.1596s
[INFO] Subscriptions active: 6 (libsumo, fast mode)
[INFO] Episode duration: 3600s (60 min)

[DEBUG] 🎯 Célzott Forgalom Generálása (R1C1_C) | Period: 7.3637
Found 6 valid OD pairs for R1C1_C
Generating focused traffic: Period 7.3637s
[INFO] Subscriptions active: 6 (libsumo, fast mode)
[INFO] Episode duration: 3600s (60 min)

[DEBUG] 🎯 Célzott Forgalom Generálása (R1C1_C) | Period: 4.0051
Found 6 valid OD pairs for R1C1_C
Generating focused traffic: Period 4.0051s
[INFO] Subscriptions active: 6 (libsumo, fast mode)
[INFO] Episode duration: 900s (15 min)

[DEBUG] 🎯 Célzott Forgalom Generálása (R1C1_C) | Period: 4.8945
Found 6 valid OD pairs for R1C1_C
Generating focused traffic: Period 4.8945s
[INFO] Subscriptions active: 6 (libsumo, fast mode)
[INFO] Episode duration: 900s (15 min)

[DEBUG] 🎯 Célzott Forgalom Generálása (R1C1_C) | Period: 4.9195
Found 6 valid OD pairs for R1C1_C
Generating focused traffic: Period 4.9195s
[INFO] Subscriptions active: 6 (libsumo, fast mode)
[INFO] Episode duration: 2700s (45 min)

[DEBUG] 🎯 Célzott Forgalom Generálása (R1C1_C) | Period: 4.4276
Found 6 valid OD pairs for R1C1_C
Generating focused traffic: Period 4.4276s
[INFO] Subscriptions active: 6 (libsumo, fast mode)
[INFO] Episode duration: 3600s (60 min)

[DEBUG] 🎯 Célzott Forgalom Generálása (R1C1_C) | Period: 7.0626
Found 6 valid OD pairs for R1C1_C
Generating focused traffic: Period 7.0626s
[INFO] Subscriptions active: 6 (libsumo, fast mode)
[INFO] Episode duration: 1800s (30 min)

[DEBUG] 🎯 Célzott Forgalom Generálása (R1C1_C) | Period: 6.3015
Found 6 valid OD pairs for R1C1_C
Generating focused traffic: Period 6.3015s
[INFO] Subscriptions active: 6 (libsumo, fast mode)
[INFO] Episode duration: 1800s (30 min)

[DEBUG] 🎯 Célzott Forgalom Generálása (R1C1_C) | Period: 4.4338
Found 6 valid OD pairs for R1C1_C
Generating focused traffic: Period 4.4338s
[INFO] Subscriptions active: 6 (libsumo, fast mode)
[INFO] Episode duration: 3600s (60 min)

[DEBUG] 🎯 Célzott Forgalom Generálása (R1C1_C) | Period: 7.2947
Found 6 valid OD pairs for R1C1_C
Generating focused traffic: Period 7.2947s
[INFO] Subscriptions active: 6 (libsumo, fast mode)
[INFO] Episode duration: 900s (15 min)

[DEBUG] 🎯 Célzott Forgalom Generálása (R1C1_C) | Period: 6.0984
Found 6 valid OD pairs for R1C1_C
Generating focused traffic: Period 6.0984s
[INFO] Subscriptions active: 6 (libsumo, fast mode)
[INFO] Episode duration: 1800s (30 min)

[DEBUG] 🎯 Célzott Forgalom Generálása (R1C1_C) | Period: 5.2171
Found 6 valid OD pairs for R1C1_C
Generating focused traffic: Period 5.2171s
[INFO] Subscriptions active: 6 (libsumo, fast mode)
[INFO] Episode duration: 2700s (45 min)

[DEBUG] 🎯 Célzott Forgalom Generálása (R1C1_C) | Period: 7.7002
Found 6 valid OD pairs for R1C1_C
Generating focused traffic: Period 7.7002s
[INFO] Subscriptions active: 6 (libsumo, fast mode)
[INFO] Episode duration: 1800s (30 min)

[DEBUG] 🎯 Célzott Forgalom Generálása (R1C1_C) | Period: 6.2909
Found 6 valid OD pairs for R1C1_C
Generating focused traffic: Period 6.2909s
[INFO] Subscriptions active: 6 (libsumo, fast mode)
[INFO] Episode duration: 900s (15 min)

[DEBUG] 🎯 Célzott Forgalom Generálása (R1C1_C) | Period: 5.9831
Found 6 valid OD pairs for R1C1_C
Generating focused traffic: Period 5.9831s
[INFO] Subscriptions active: 6 (libsumo, fast mode)
[INFO] Episode duration: 3600s (60 min)

[DEBUG] 🎯 Célzott Forgalom Generálása (R1C1_C) | Period: 4.0223
Found 6 valid OD pairs for R1C1_C
Generating focused traffic: Period 4.0223s
[INFO] Subscriptions active: 6 (libsumo, fast mode)
[INFO] Episode duration: 3600s (60 min)

[DEBUG] 🎯 Célzott Forgalom Generálása (R1C1_C) | Period: 5.1993
Found 6 valid OD pairs for R1C1_C
Generating focused traffic: Period 5.1993s
[INFO] Subscriptions active: 6 (libsumo, fast mode)
[INFO] Episode duration: 900s (15 min)

[DEBUG] 🎯 Célzott Forgalom Generálása (R1C1_C) | Period: 6.0262
Found 6 valid OD pairs for R1C1_C
Generating focused traffic: Period 6.0262s
[INFO] Subscriptions active: 6 (libsumo, fast mode)
[INFO] Episode duration: 2700s (45 min)

[DEBUG] 🎯 Célzott Forgalom Generálása (R1C1_C) | Period: 7.4394
Found 6 valid OD pairs for R1C1_C
Generating focused traffic: Period 7.4394s
[INFO] Subscriptions active: 6 (libsumo, fast mode)
[INFO] Episode duration: 2700s (45 min)

[DEBUG] 🎯 Célzott Forgalom Generálása (R1C1_C) | Period: 7.5038
Found 6 valid OD pairs for R1C1_C
Generating focused traffic: Period 7.5038s
[INFO] Subscriptions active: 6 (libsumo, fast mode)
[INFO] Episode duration: 900s (15 min)

[DEBUG] 🎯 Célzott Forgalom Generálása (R1C1_C) | Period: 6.619
Found 6 valid OD pairs for R1C1_C
Generating focused traffic: Period 6.6190s
[INFO] Subscriptions active: 6 (libsumo, fast mode)
[INFO] Episode duration: 900s (15 min)

[DEBUG] 🎯 Célzott Forgalom Generálása (R1C1_C) | Period: 7.2089
Found 6 valid OD pairs for R1C1_C
Generating focused traffic: Period 7.2089s
[INFO] Subscriptions active: 6 (libsumo, fast mode)
[INFO] Episode duration: 1800s (30 min)

[DEBUG] 🎯 Célzott Forgalom Generálása (R1C1_C) | Period: 6.4969
Found 6 valid OD pairs for R1C1_C
Generating focused traffic: Period 6.4969s
[INFO] Subscriptions active: 6 (libsumo, fast mode)
[INFO] Episode duration: 900s (15 min)

[DEBUG] 🎯 Célzott Forgalom Generálása (R1C1_C) | Period: 4.1169
Found 6 valid OD pairs for R1C1_C
Generating focused traffic: Period 4.1169s
[INFO] Subscriptions active: 6 (libsumo, fast mode)
[INFO] Episode duration: 2700s (45 min)

[DEBUG] 🎯 Célzott Forgalom Generálása (R1C1_C) | Period: 7.7684
Found 6 valid OD pairs for R1C1_C
Generating focused traffic: Period 7.7684s
[INFO] Subscriptions active: 6 (libsumo, fast mode)
[INFO] Episode duration: 2700s (45 min)

[DEBUG] 🎯 Célzott Forgalom Generálása (R1C1_C) | Period: 5.2834
Found 6 valid OD pairs for R1C1_C
Generating focused traffic: Period 5.2834s
[INFO] Subscriptions active: 6 (libsumo, fast mode)
[INFO] Episode duration: 1800s (30 min)

[DEBUG] 🎯 Célzott Forgalom Generálása (R1C1_C) | Period: 6.4883
Found 6 valid OD pairs for R1C1_C
Generating focused traffic: Period 6.4883s
[INFO] Subscriptions active: 6 (libsumo, fast mode)
[INFO] Episode duration: 1800s (30 min)

[DEBUG] 🎯 Célzott Forgalom Generálása (R1C1_C) | Period: 5.3245
Found 6 valid OD pairs for R1C1_C
Generating focused traffic: Period 5.3245s
[INFO] Subscriptions active: 6 (libsumo, fast mode)
[INFO] Episode duration: 3600s (60 min)

[DEBUG] 🎯 Célzott Forgalom Generálása (R1C1_C) | Period: 5.8978
Found 6 valid OD pairs for R1C1_C
Generating focused traffic: Period 5.8978s
[INFO] Subscriptions active: 6 (libsumo, fast mode)
[INFO] Episode duration: 3600s (60 min)

[DEBUG] 🎯 Célzott Forgalom Generálása (R1C1_C) | Period: 5.0921
Found 6 valid OD pairs for R1C1_C
Generating focused traffic: Period 5.0921s
[INFO] Subscriptions active: 6 (libsumo, fast mode)
[INFO] Episode duration: 2700s (45 min)

[DEBUG] 🎯 Célzott Forgalom Generálása (R1C1_C) | Period: 4.9275
Found 6 valid OD pairs for R1C1_C
Generating focused traffic: Period 4.9275s
[INFO] Subscriptions active: 6 (libsumo, fast mode)
------------------------------------
| rollout/              |          |
|    ep_len_mean        | 468      |
|    ep_rew_mean        | 74.5     |
| time/                 |          |
|    fps                | 185      |
|    iterations         | 40       |
|    time_elapsed       | 442      |
|    total_timesteps    | 81920    |
| train/                |          |
|    entropy_loss       | -1.39    |
|    explained_variance | -0.0247  |
|    learning_rate      | 0.0001   |
|    n_updates          | 39       |
|    policy_loss        | 16.1     |
|    value_loss         | 182      |
------------------------------------
[INFO] Episode duration: 900s (15 min)

[DEBUG] 🎯 Célzott Forgalom Generálása (R1C1_C) | Period: 7.6908
Found 6 valid OD pairs for R1C1_C
Generating focused traffic: Period 7.6908s
[INFO] Subscriptions active: 6 (libsumo, fast mode)
[INFO] Episode duration: 1800s (30 min)

[DEBUG] 🎯 Célzott Forgalom Generálása (R1C1_C) | Period: 6.8917
Found 6 valid OD pairs for R1C1_C
Generating focused traffic: Period 6.8917s
[INFO] Subscriptions active: 6 (libsumo, fast mode)
[INFO] Episode duration: 3600s (60 min)

[DEBUG] 🎯 Célzott Forgalom Generálása (R1C1_C) | Period: 6.0159
Found 6 valid OD pairs for R1C1_C
Generating focused traffic: Period 6.0159s
[INFO] Subscriptions active: 6 (libsumo, fast mode)
[INFO] Episode duration: 2700s (45 min)

[DEBUG] 🎯 Célzott Forgalom Generálása (R1C1_C) | Period: 6.5612
Found 6 valid OD pairs for R1C1_C
Generating focused traffic: Period 6.5612s
[INFO] Subscriptions active: 6 (libsumo, fast mode)
[INFO] Episode duration: 2700s (45 min)

[DEBUG] 🎯 Célzott Forgalom Generálása (R1C1_C) | Period: 5.1908
Found 6 valid OD pairs for R1C1_C
Generating focused traffic: Period 5.1908s
[INFO] Subscriptions active: 6 (libsumo, fast mode)
[INFO] Episode duration: 2700s (45 min)

[DEBUG] 🎯 Célzott Forgalom Generálása (R1C1_C) | Period: 6.2325
Found 6 valid OD pairs for R1C1_C
Generating focused traffic: Period 6.2325s
[INFO] Subscriptions active: 6 (libsumo, fast mode)
[INFO] Episode duration: 1800s (30 min)

[DEBUG] 🎯 Célzott Forgalom Generálása (R1C1_C) | Period: 7.9702
Found 6 valid OD pairs for R1C1_C
Generating focused traffic: Period 7.9702s
[INFO] Subscriptions active: 6 (libsumo, fast mode)
[INFO] Episode duration: 1800s (30 min)

[DEBUG] 🎯 Célzott Forgalom Generálása (R1C1_C) | Period: 7.6523
Found 6 valid OD pairs for R1C1_C
Generating focused traffic: Period 7.6523s
[INFO] Subscriptions active: 6 (libsumo, fast mode)
[INFO] Episode duration: 2700s (45 min)

[DEBUG] 🎯 Célzott Forgalom Generálása (R1C1_C) | Period: 5.7495
Found 6 valid OD pairs for R1C1_C
Generating focused traffic: Period 5.7495s
[INFO] Subscriptions active: 6 (libsumo, fast mode)
[INFO] Episode duration: 2700s (45 min)

[DEBUG] 🎯 Célzott Forgalom Generálása (R1C1_C) | Period: 7.3652
Found 6 valid OD pairs for R1C1_C
Generating focused traffic: Period 7.3652s
[INFO] Subscriptions active: 6 (libsumo, fast mode)
[INFO] Episode duration: 3600s (60 min)

[DEBUG] 🎯 Célzott Forgalom Generálása (R1C1_C) | Period: 6.7006
Found 6 valid OD pairs for R1C1_C
Generating focused traffic: Period 6.7006s
[INFO] Subscriptions active: 6 (libsumo, fast mode)
[INFO] Episode duration: 900s (15 min)

[DEBUG] 🎯 Célzott Forgalom Generálása (R1C1_C) | Period: 7.2408
Found 6 valid OD pairs for R1C1_C
Generating focused traffic: Period 7.2408s
[INFO] Subscriptions active: 6 (libsumo, fast mode)
[INFO] Episode duration: 2700s (45 min)

[DEBUG] 🎯 Célzott Forgalom Generálása (R1C1_C) | Period: 7.0274
Found 6 valid OD pairs for R1C1_C
Generating focused traffic: Period 7.0274s
[INFO] Subscriptions active: 6 (libsumo, fast mode)
[INFO] Episode duration: 2700s (45 min)

[DEBUG] 🎯 Célzott Forgalom Generálása (R1C1_C) | Period: 5.6839
Found 6 valid OD pairs for R1C1_C
Generating focused traffic: Period 5.6839s
[INFO] Subscriptions active: 6 (libsumo, fast mode)
[INFO] Episode duration: 2700s (45 min)

[DEBUG] 🎯 Célzott Forgalom Generálása (R1C1_C) | Period: 7.2604
Found 6 valid OD pairs for R1C1_C
Generating focused traffic: Period 7.2604s
[INFO] Subscriptions active: 6 (libsumo, fast mode)
[INFO] Episode duration: 900s (15 min)

[DEBUG] 🎯 Célzott Forgalom Generálása (R1C1_C) | Period: 5.04
Found 6 valid OD pairs for R1C1_C
Generating focused traffic: Period 5.0400s
[INFO] Subscriptions active: 6 (libsumo, fast mode)
[INFO] Episode duration: 900s (15 min)

[DEBUG] 🎯 Célzott Forgalom Generálása (R1C1_C) | Period: 4.1617
Found 6 valid OD pairs for R1C1_C
Generating focused traffic: Period 4.1617s
[INFO] Subscriptions active: 6 (libsumo, fast mode)
[INFO] Episode duration: 900s (15 min)

[DEBUG] 🎯 Célzott Forgalom Generálása (R1C1_C) | Period: 5.0136
Found 6 valid OD pairs for R1C1_C
Generating focused traffic: Period 5.0136s
[INFO] Subscriptions active: 6 (libsumo, fast mode)
[INFO] Episode duration: 3600s (60 min)

[DEBUG] 🎯 Célzott Forgalom Generálása (R1C1_C) | Period: 6.9227
Found 6 valid OD pairs for R1C1_C
Generating focused traffic: Period 6.9227s
[INFO] Subscriptions active: 6 (libsumo, fast mode)
[INFO] Episode duration: 900s (15 min)

[DEBUG] 🎯 Célzott Forgalom Generálása (R1C1_C) | Period: 4.2983
Found 6 valid OD pairs for R1C1_C
Generating focused traffic: Period 4.2983s
[INFO] Subscriptions active: 6 (libsumo, fast mode)
[INFO] Episode duration: 2700s (45 min)

[DEBUG] 🎯 Célzott Forgalom Generálása (R1C1_C) | Period: 6.4423
Found 6 valid OD pairs for R1C1_C
Generating focused traffic: Period 6.4423s
[INFO] Subscriptions active: 6 (libsumo, fast mode)
[INFO] Episode duration: 1800s (30 min)

[DEBUG] 🎯 Célzott Forgalom Generálása (R1C1_C) | Period: 6.0466
Found 6 valid OD pairs for R1C1_C
Generating focused traffic: Period 6.0466s
[INFO] Subscriptions active: 6 (libsumo, fast mode)
[INFO] Episode duration: 2700s (45 min)

[DEBUG] 🎯 Célzott Forgalom Generálása (R1C1_C) | Period: 4.7587
Found 6 valid OD pairs for R1C1_C
Generating focused traffic: Period 4.7587s
[INFO] Subscriptions active: 6 (libsumo, fast mode)
[INFO] Episode duration: 900s (15 min)

[DEBUG] 🎯 Célzott Forgalom Generálása (R1C1_C) | Period: 4.5797
Found 6 valid OD pairs for R1C1_C
Generating focused traffic: Period 4.5797s
[INFO] Subscriptions active: 6 (libsumo, fast mode)
[INFO] Episode duration: 2700s (45 min)

[DEBUG] 🎯 Célzott Forgalom Generálása (R1C1_C) | Period: 4.7707
Found 6 valid OD pairs for R1C1_C
Generating focused traffic: Period 4.7707s
[INFO] Subscriptions active: 6 (libsumo, fast mode)
[INFO] Episode duration: 1800s (30 min)

[DEBUG] 🎯 Célzott Forgalom Generálása (R1C1_C) | Period: 5.7756
Found 6 valid OD pairs for R1C1_C
Generating focused traffic: Period 5.7756s
[INFO] Subscriptions active: 6 (libsumo, fast mode)
[INFO] Episode duration: 2700s (45 min)

[DEBUG] 🎯 Célzott Forgalom Generálása (R1C1_C) | Period: 6.6608
Found 6 valid OD pairs for R1C1_C
Generating focused traffic: Period 6.6608s
[INFO] Subscriptions active: 6 (libsumo, fast mode)
[INFO] Episode duration: 3600s (60 min)

[DEBUG] 🎯 Célzott Forgalom Generálása (R1C1_C) | Period: 6.4349
Found 6 valid OD pairs for R1C1_C
Generating focused traffic: Period 6.4349s
[INFO] Subscriptions active: 6 (libsumo, fast mode)
[INFO] Episode duration: 1800s (30 min)

[DEBUG] 🎯 Célzott Forgalom Generálása (R1C1_C) | Period: 7.7127
Found 6 valid OD pairs for R1C1_C
Generating focused traffic: Period 7.7127s
[INFO] Subscriptions active: 6 (libsumo, fast mode)
[INFO] Episode duration: 1800s (30 min)

[DEBUG] 🎯 Célzott Forgalom Generálása (R1C1_C) | Period: 7.178
Found 6 valid OD pairs for R1C1_C
Generating focused traffic: Period 7.1780s
[INFO] Subscriptions active: 6 (libsumo, fast mode)
[INFO] Episode duration: 3600s (60 min)

[DEBUG] 🎯 Célzott Forgalom Generálása (R1C1_C) | Period: 5.5322
Found 6 valid OD pairs for R1C1_C
Generating focused traffic: Period 5.5322s
[INFO] Subscriptions active: 6 (libsumo, fast mode)
[INFO] Episode duration: 1800s (30 min)

[DEBUG] 🎯 Célzott Forgalom Generálása (R1C1_C) | Period: 5.688
Found 6 valid OD pairs for R1C1_C
Generating focused traffic: Period 5.6880s
[INFO] Subscriptions active: 6 (libsumo, fast mode)
[INFO] Episode duration: 1800s (30 min)

[DEBUG] 🎯 Célzott Forgalom Generálása (R1C1_C) | Period: 6.4459
Found 6 valid OD pairs for R1C1_C
Generating focused traffic: Period 6.4459s
[INFO] Subscriptions active: 6 (libsumo, fast mode)
[INFO] Episode duration: 900s (15 min)

[DEBUG] 🎯 Célzott Forgalom Generálása (R1C1_C) | Period: 5.0333
Found 6 valid OD pairs for R1C1_C
Generating focused traffic: Period 5.0333s
[INFO] Subscriptions active: 6 (libsumo, fast mode)
[INFO] Episode duration: 900s (15 min)
wandb: WARNING Symlinked 1 file into the W&B run directory; call wandb.save again to sync new files.
/Users/wagnertamas/Documents/Munka/cikkek/AI_agens_konyvtar/support/intergreen_matrix_calculator/rl_trainer.py:857: UserWarning: Exporting a model while it is in training mode. Please ensure that this is intended, as it may lead to different behavior during inference. Calling model.eval() before export is recommended.
  torch.onnx.export(
/Users/wagnertamas/Documents/Munka/cikkek/AI_agens_konyvtar/support/intergreen_matrix_calculator/rl_trainer.py:857: UserWarning: # 'dynamic_axes' is not recommended when dynamo=True, and may lead to 'torch._dynamo.exc.UserError: Constraints violated.' Supply the 'dynamic_shapes' argument instead if export is unsuccessful.
  torch.onnx.export(
wandb: updating run metadata
wandb: uploading pytorch_models/R1C1_C.zip; uploading output.log; uploading config.yaml
wandb: uploading history steps 999-1002, summary, console lines 1419-1429
wandb: 
wandb: Run history:
wandb:  R1C1_C/action_pct/phase_0 ▃▃▆▃▂▂▅▄▂▅▅▆▅▃▆▅▆▂▆▃▄▅▃▂▃▄▂█▃▇▃▄▁▆▇▃▁▄▅▅
wandb:  R1C1_C/action_pct/phase_1 ▆▆▃▄▄▄▃▅▄▅▅▄▆▁▆▃▄▇▄▆▃▇▅▆▅▆▆▅▇▆▅▃█▅▄▃▄▅▆▆
wandb:  R1C1_C/action_pct/phase_2 ▁▄▇█▄▆▃▄▅▂▃▆▅▄▁▄▄▅▆▂▇▃█▃▆▄▆▄▄▂▄▂▂▅▇▅▇▃▂▂
wandb:  R1C1_C/action_pct/phase_3 ▅▂▂▂▆▅▅▄▆▃▃▂▂█▂▄▃▃▂▅▄▂▂▅▃▂▂▁▂▂▄▆▄▂▁▆▄▄▂▃
wandb:  R1C1_C/train/entropy_loss ▁▁▂▁▁▁▂▂▂▂▂▂▄▄▄▆▆▇▆▆▆▅▇▇▆▇▆▇▇▆▇▇████████
wandb: R1C1_C/train/learning_rate ▁▁▁▁▁▁▁▁▁▁▁▁▁▁▁▁▁▁▁▁▁▁▁▁▁▁▁▁▁▁▁▁▁▁▁▁▁▁▁▁
wandb:    R1C1_C/train/value_loss ▆▅▅▅▅▄▂▂▄▂▂▆▂▂▆▂▃▇▇▁▇▄▄▄▃▃▃▅▅▅▂▄▄▄▄▅█▂▂▃
wandb:                 avg_reward ▅▆▃▁▁▄▇▂▃▅▃▄▆▄▃▆▄▁▂▃▁▁▂▅▁▂▂▂▂▂▁▅▆▁▂▃▁▆█▃
wandb:                    episode ▁▁▁▂▂▂▃▃▃▃▃▃▃▄▄▄▄▄▅▅▅▅▅▅▆▆▆▆▇▇▇▇▇▇▇▇████
wandb:         episode/avg_reward ▃▅▅▂▂▄▂▂▃▁▂▂▁▂▃▂▃█▃▃▃▂▂▅▂▁▁▂▃▂▃▃▁▁▄▃▅▂▂▅
wandb:                         +7 ...
wandb: 
wandb: Run summary:
wandb:  R1C1_C/action_pct/phase_0 24.72222
wandb:  R1C1_C/action_pct/phase_1 26.52778
wandb:  R1C1_C/action_pct/phase_2 22.77778
wandb:  R1C1_C/action_pct/phase_3 25.97222
wandb:  R1C1_C/train/entropy_loss -1.38621
wandb: R1C1_C/train/learning_rate 0.0001
wandb:    R1C1_C/train/value_loss 139.24234
wandb:                 avg_reward 0.14882
wandb:                    episode 221
wandb:         episode/avg_reward 0.15192
wandb:                         +7 ...
wandb: 
wandb: 🚀 View run a2c_halt_ratio_2x8_2_R1C1_C at: https://wandb.ai/wagnertamas-budapesti-m-szaki-s-gazdas-gtudom-nyi-egyetem/sumo-rl-stat/runs/gz5qo016
wandb: ⭐️ View project at: https://wandb.ai/wagnertamas-budapesti-m-szaki-s-gazdas-gtudom-nyi-egyetem/sumo-rl-stat
wandb: Synced 5 W&B file(s), 0 media file(s), 0 artifact file(s) and 1 other file(s)
wandb: Find logs at: ./wandb/run-20260322_020524-gz5qo016/logs

[DEBUG] 🎯 Célzott Forgalom Generálása (R1C1_C) | Period: 7.4131
Found 6 valid OD pairs for R1C1_C
Generating focused traffic: Period 7.4131s
[INFO] Subscriptions active: 6 (libsumo, fast mode)
[INFO] Episode duration: 900s (15 min)

[DEBUG] 🎯 Célzott Forgalom Generálása (R1C1_C) | Period: 7.8749
Found 6 valid OD pairs for R1C1_C
Generating focused traffic: Period 7.8749s
[INFO] Subscriptions active: 6 (libsumo, fast mode)
[INFO] Episode duration: 900s (15 min)

[DEBUG] 🎯 Célzott Forgalom Generálása (R1C1_C) | Period: 4.057
Found 6 valid OD pairs for R1C1_C
Generating focused traffic: Period 4.0570s
[INFO] Subscriptions active: 6 (libsumo, fast mode)
[INFO] Episode duration: 2700s (45 min)

[DEBUG] 🎯 Célzott Forgalom Generálása (R1C1_C) | Period: 7.6711
Found 6 valid OD pairs for R1C1_C
Generating focused traffic: Period 7.6711s
[INFO] Subscriptions active: 6 (libsumo, fast mode)
[INFO] Episode duration: 900s (15 min)

[DEBUG] 🎯 Célzott Forgalom Generálása (R1C1_C) | Period: 7.8295
Found 6 valid OD pairs for R1C1_C
Generating focused traffic: Period 7.8295s
[INFO] Subscriptions active: 6 (libsumo, fast mode)
[INFO] Episode duration: 1800s (30 min)

[DEBUG] 🎯 Célzott Forgalom Generálása (R1C1_C) | Period: 4.3284
Found 6 valid OD pairs for R1C1_C
Generating focused traffic: Period 4.3284s
[INFO] Subscriptions active: 6 (libsumo, fast mode)
[INFO] Episode duration: 1800s (30 min)

[DEBUG] 🎯 Célzott Forgalom Generálása (R1C1_C) | Period: 4.3621
Found 6 valid OD pairs for R1C1_C
Generating focused traffic: Period 4.3621s
[INFO] Subscriptions active: 6 (libsumo, fast mode)
[INFO] Episode duration: 3600s (60 min)

[DEBUG] 🎯 Célzott Forgalom Generálása (R1C1_C) | Period: 6.9764
Found 6 valid OD pairs for R1C1_C
Generating focused traffic: Period 6.9764s
[INFO] Subscriptions active: 6 (libsumo, fast mode)
[INFO] Episode duration: 1800s (30 min)

[DEBUG] 🎯 Célzott Forgalom Generálása (R1C1_C) | Period: 5.3258
Found 6 valid OD pairs for R1C1_C
Generating focused traffic: Period 5.3258s
[INFO] Subscriptions active: 6 (libsumo, fast mode)
[INFO] Episode duration: 3600s (60 min)

[DEBUG] 🎯 Célzott Forgalom Generálása (R1C1_C) | Period: 6.4273
Found 6 valid OD pairs for R1C1_C
Generating focused traffic: Period 6.4273s
[INFO] Subscriptions active: 6 (libsumo, fast mode)
On-policy training completed.
Closing environment and EXPORTING models...
Saving PyTorch ZIP models to /Users/wagnertamas/Documents/Munka/cikkek/AI_agens_konyvtar/support/intergreen_matrix_calculator/data/runs/pytorch_models...
Saved PyTorch R1C1_C to /Users/wagnertamas/Documents/Munka/cikkek/AI_agens_konyvtar/support/intergreen_matrix_calculator/data/runs/pytorch_models/R1C1_C.zip
Exporting ONNX models to /Users/wagnertamas/Documents/Munka/cikkek/AI_agens_konyvtar/support/intergreen_matrix_calculator/data/runs/onnx_models...
Failed to export R1C1_C: # Failed to convert 'dynamic_axes' to 'dynamic_shapes'. Please provide 'dynamic_shapes' directly. Refer to the documentation for 'torch.export.export' for more information on dynamic shapes.
Cleanup done.
