wandb: [wandb.login()] Loaded credentials for https://api.wandb.ai from /Users/wagnertamas/.netrc.
wandb: Currently logged in as: wagnertamas (wagnertamas-budapesti-m-szaki-s-gazdas-gtudom-nyi-egyetem) to https://api.wandb.ai. Use `wandb login --relogin` to force relogin
wandb: setting up run rwjzlyk1
wandb: Tracking run with wandb version 0.25.0
wandb: Run data is saved locally in /Users/wagnertamas/Documents/Munka/cikkek/AI_agens_konyvtar/support/intergreen_matrix_calculator/wandb/run-20260322_014019-rwjzlyk1
wandb: Run `wandb offline` to turn off syncing.
wandb: Syncing run a2c_speed_throughput_3x16_3_R1C1_C
wandb: ⭐️ View project at https://wandb.ai/wagnertamas-budapesti-m-szaki-s-gazdas-gtudom-nyi-egyetem/sumo-rl-stat
wandb: 🚀 View run at https://wandb.ai/wagnertamas-budapesti-m-szaki-s-gazdas-gtudom-nyi-egyetem/sumo-rl-stat/runs/rwjzlyk1
[INFO] Config: training_config.yaml
[INFO] Net: /Users/wagnertamas/Documents/Munka/cikkek/AI_agens_konyvtar/support/intergreen_matrix_calculator/data/mega_catalogue_v2.net.xml
[INFO] Timesteps: 100000 | Project: sumo-rl-stat
[INFO] Junction: R1C1_C
[INFO] Algorithm: a2c | Reward: speed_throughput
[INFO] Load model: None (fresh)
[INFO] Traffic: random target+spread (epizódonként)
Initializing Environment (algorithm=a2c, reward=speed_throughput)...
[INFO] Algorithm: a2c (on_policy)
[INFO] Reward mode: speed_throughput
WandB config applied (Sweep compatible).
[INFO] Junction reward params auto-loaded from /Users/wagnertamas/Documents/Munka/cikkek/AI_agens_konyvtar/support/intergreen_matrix_calculator/data/junction_reward_params.json
[INFO] Using 'libsumo' (fast headless mode, OS=darwin).
Starting SUMO...
[INFO] Episode duration: 1800s (30 min)

[DEBUG] 🎯 Célzott Forgalom Generálása (R1C1_C) | Period: 7.1085
Found 6 valid OD pairs for R1C1_C
Generating focused traffic: Period 7.1085s
[INFO] Network mapped: 1 agents, 3 detectors, 3 lanes
[INFO] Subscriptions active: 6 (libsumo, fast mode)
Agents discovered: ['R1C1_C']
[INFO] RL device: mps
[INFO] On-policy training: a2c → R1C1_C
Using mps device
Wrapping the env with a `Monitor` wrapper
Wrapping the env in a DummyVecEnv.
Starting on-policy training: 100000 timesteps...
[INFO] Episode duration: 2700s (45 min)

[DEBUG] 🎯 Célzott Forgalom Generálása (R1C1_C) | Period: 7.6649
Found 6 valid OD pairs for R1C1_C
Generating focused traffic: Period 7.6649s
[INFO] Subscriptions active: 6 (libsumo, fast mode)
Logging to /Users/wagnertamas/Documents/Munka/cikkek/AI_agens_konyvtar/support/intergreen_matrix_calculator/data/runs/sumo-rl-stat/R1C1_C/A2C_37
[INFO] Episode duration: 3600s (60 min)

[DEBUG] 🎯 Célzott Forgalom Generálása (R1C1_C) | Period: 7.9163
Found 6 valid OD pairs for R1C1_C
Generating focused traffic: Period 7.9163s
[INFO] Subscriptions active: 6 (libsumo, fast mode)
[INFO] Episode duration: 900s (15 min)

[DEBUG] 🎯 Célzott Forgalom Generálása (R1C1_C) | Period: 4.7772
Found 6 valid OD pairs for R1C1_C
Generating focused traffic: Period 4.7772s
[INFO] Subscriptions active: 6 (libsumo, fast mode)
[INFO] Episode duration: 2700s (45 min)

[DEBUG] 🎯 Célzott Forgalom Generálása (R1C1_C) | Period: 4.8822
Found 6 valid OD pairs for R1C1_C
Generating focused traffic: Period 4.8822s
[INFO] Subscriptions active: 6 (libsumo, fast mode)
[INFO] Episode duration: 1800s (30 min)

[DEBUG] 🎯 Célzott Forgalom Generálása (R1C1_C) | Period: 7.4739
Found 6 valid OD pairs for R1C1_C
Generating focused traffic: Period 7.4739s
[INFO] Subscriptions active: 6 (libsumo, fast mode)
[INFO] Episode duration: 900s (15 min)

[DEBUG] 🎯 Célzott Forgalom Generálása (R1C1_C) | Period: 6.6868
Found 6 valid OD pairs for R1C1_C
Generating focused traffic: Period 6.6868s
[INFO] Subscriptions active: 6 (libsumo, fast mode)
[INFO] Episode duration: 2700s (45 min)

[DEBUG] 🎯 Célzott Forgalom Generálása (R1C1_C) | Period: 4.5821
Found 6 valid OD pairs for R1C1_C
Generating focused traffic: Period 4.5821s
[INFO] Subscriptions active: 6 (libsumo, fast mode)
[INFO] Episode duration: 2700s (45 min)

[DEBUG] 🎯 Célzott Forgalom Generálása (R1C1_C) | Period: 5.4116
Found 6 valid OD pairs for R1C1_C
Generating focused traffic: Period 5.4116s
[INFO] Subscriptions active: 6 (libsumo, fast mode)
[INFO] Episode duration: 3600s (60 min)

[DEBUG] 🎯 Célzott Forgalom Generálása (R1C1_C) | Period: 4.6141
Found 6 valid OD pairs for R1C1_C
Generating focused traffic: Period 4.6141s
[INFO] Subscriptions active: 6 (libsumo, fast mode)
[INFO] Episode duration: 2700s (45 min)

[DEBUG] 🎯 Célzott Forgalom Generálása (R1C1_C) | Period: 5.4026
Found 6 valid OD pairs for R1C1_C
Generating focused traffic: Period 5.4026s
[INFO] Subscriptions active: 6 (libsumo, fast mode)
[INFO] Episode duration: 2700s (45 min)

[DEBUG] 🎯 Célzott Forgalom Generálása (R1C1_C) | Period: 6.4801
Found 6 valid OD pairs for R1C1_C
Generating focused traffic: Period 6.4801s
[INFO] Subscriptions active: 6 (libsumo, fast mode)
[INFO] Episode duration: 2700s (45 min)

[DEBUG] 🎯 Célzott Forgalom Generálása (R1C1_C) | Period: 5.5662
Found 6 valid OD pairs for R1C1_C
Generating focused traffic: Period 5.5662s
[INFO] Subscriptions active: 6 (libsumo, fast mode)
[INFO] Episode duration: 900s (15 min)

[DEBUG] 🎯 Célzott Forgalom Generálása (R1C1_C) | Period: 6.5907
Found 6 valid OD pairs for R1C1_C
Generating focused traffic: Period 6.5907s
[INFO] Subscriptions active: 6 (libsumo, fast mode)
[INFO] Episode duration: 2700s (45 min)

[DEBUG] 🎯 Célzott Forgalom Generálása (R1C1_C) | Period: 7.8533
Found 6 valid OD pairs for R1C1_C
Generating focused traffic: Period 7.8533s
[INFO] Subscriptions active: 6 (libsumo, fast mode)
[INFO] Episode duration: 2700s (45 min)

[DEBUG] 🎯 Célzott Forgalom Generálása (R1C1_C) | Period: 7.5402
Found 6 valid OD pairs for R1C1_C
Generating focused traffic: Period 7.5402s
[INFO] Subscriptions active: 6 (libsumo, fast mode)
[INFO] Episode duration: 1800s (30 min)

[DEBUG] 🎯 Célzott Forgalom Generálása (R1C1_C) | Period: 4.3347
Found 6 valid OD pairs for R1C1_C
Generating focused traffic: Period 4.3347s
[INFO] Subscriptions active: 6 (libsumo, fast mode)
[INFO] Episode duration: 1800s (30 min)

[DEBUG] 🎯 Célzott Forgalom Generálása (R1C1_C) | Period: 4.971
Found 6 valid OD pairs for R1C1_C
Generating focused traffic: Period 4.9710s
[INFO] Subscriptions active: 6 (libsumo, fast mode)
[INFO] Episode duration: 900s (15 min)

[DEBUG] 🎯 Célzott Forgalom Generálása (R1C1_C) | Period: 5.9461
Found 6 valid OD pairs for R1C1_C
Generating focused traffic: Period 5.9461s
[INFO] Subscriptions active: 6 (libsumo, fast mode)
[INFO] Episode duration: 900s (15 min)

[DEBUG] 🎯 Célzott Forgalom Generálása (R1C1_C) | Period: 5.75
Found 6 valid OD pairs for R1C1_C
Generating focused traffic: Period 5.7500s
[INFO] Subscriptions active: 6 (libsumo, fast mode)
[INFO] Episode duration: 1800s (30 min)

[DEBUG] 🎯 Célzott Forgalom Generálása (R1C1_C) | Period: 7.0966
Found 6 valid OD pairs for R1C1_C
Generating focused traffic: Period 7.0966s
[INFO] Subscriptions active: 6 (libsumo, fast mode)
[INFO] Episode duration: 1800s (30 min)

[DEBUG] 🎯 Célzott Forgalom Generálása (R1C1_C) | Period: 4.3563
Found 6 valid OD pairs for R1C1_C
Generating focused traffic: Period 4.3563s
[INFO] Subscriptions active: 6 (libsumo, fast mode)
[INFO] Episode duration: 900s (15 min)

[DEBUG] 🎯 Célzott Forgalom Generálása (R1C1_C) | Period: 6.8683
Found 6 valid OD pairs for R1C1_C
Generating focused traffic: Period 6.8683s
[INFO] Subscriptions active: 6 (libsumo, fast mode)
[INFO] Episode duration: 2700s (45 min)

[DEBUG] 🎯 Célzott Forgalom Generálása (R1C1_C) | Period: 5.6555
Found 6 valid OD pairs for R1C1_C
Generating focused traffic: Period 5.6555s
[INFO] Subscriptions active: 6 (libsumo, fast mode)
[INFO] Episode duration: 900s (15 min)

[DEBUG] 🎯 Célzott Forgalom Generálása (R1C1_C) | Period: 7.0637
Found 6 valid OD pairs for R1C1_C
Generating focused traffic: Period 7.0637s
[INFO] Subscriptions active: 6 (libsumo, fast mode)
[INFO] Episode duration: 3600s (60 min)

[DEBUG] 🎯 Célzott Forgalom Generálása (R1C1_C) | Period: 4.2287
Found 6 valid OD pairs for R1C1_C
Generating focused traffic: Period 4.2287s
[INFO] Subscriptions active: 6 (libsumo, fast mode)
[INFO] Episode duration: 2700s (45 min)

[DEBUG] 🎯 Célzott Forgalom Generálása (R1C1_C) | Period: 7.267
Found 6 valid OD pairs for R1C1_C
Generating focused traffic: Period 7.2670s
[INFO] Subscriptions active: 6 (libsumo, fast mode)
[INFO] Episode duration: 900s (15 min)

[DEBUG] 🎯 Célzott Forgalom Generálása (R1C1_C) | Period: 5.4085
Found 6 valid OD pairs for R1C1_C
Generating focused traffic: Period 5.4085s
[INFO] Subscriptions active: 6 (libsumo, fast mode)
[INFO] Episode duration: 1800s (30 min)

[DEBUG] 🎯 Célzott Forgalom Generálása (R1C1_C) | Period: 4.0316
Found 6 valid OD pairs for R1C1_C
Generating focused traffic: Period 4.0316s
[INFO] Subscriptions active: 6 (libsumo, fast mode)
[INFO] Episode duration: 3600s (60 min)

[DEBUG] 🎯 Célzott Forgalom Generálása (R1C1_C) | Period: 4.3252
Found 6 valid OD pairs for R1C1_C
Generating focused traffic: Period 4.3252s
[INFO] Subscriptions active: 6 (libsumo, fast mode)
[INFO] Episode duration: 3600s (60 min)

[DEBUG] 🎯 Célzott Forgalom Generálása (R1C1_C) | Period: 4.1393
Found 6 valid OD pairs for R1C1_C
Generating focused traffic: Period 4.1393s
[INFO] Subscriptions active: 6 (libsumo, fast mode)
[INFO] Episode duration: 3600s (60 min)

[DEBUG] 🎯 Célzott Forgalom Generálása (R1C1_C) | Period: 6.1927
Found 6 valid OD pairs for R1C1_C
Generating focused traffic: Period 6.1927s
[INFO] Subscriptions active: 6 (libsumo, fast mode)
[INFO] Episode duration: 1800s (30 min)

[DEBUG] 🎯 Célzott Forgalom Generálása (R1C1_C) | Period: 4.3813
Found 6 valid OD pairs for R1C1_C
Generating focused traffic: Period 4.3813s
[INFO] Subscriptions active: 6 (libsumo, fast mode)
[INFO] Episode duration: 3600s (60 min)

[DEBUG] 🎯 Célzott Forgalom Generálása (R1C1_C) | Period: 6.2083
Found 6 valid OD pairs for R1C1_C
Generating focused traffic: Period 6.2083s
[INFO] Subscriptions active: 6 (libsumo, fast mode)
[INFO] Episode duration: 3600s (60 min)

[DEBUG] 🎯 Célzott Forgalom Generálása (R1C1_C) | Period: 7.521
Found 6 valid OD pairs for R1C1_C
Generating focused traffic: Period 7.5210s
[INFO] Subscriptions active: 6 (libsumo, fast mode)
[INFO] Episode duration: 3600s (60 min)

[DEBUG] 🎯 Célzott Forgalom Generálása (R1C1_C) | Period: 6.5081
Found 6 valid OD pairs for R1C1_C
Generating focused traffic: Period 6.5081s
[INFO] Subscriptions active: 6 (libsumo, fast mode)
[INFO] Episode duration: 900s (15 min)

[DEBUG] 🎯 Célzott Forgalom Generálása (R1C1_C) | Period: 6.0765
Found 6 valid OD pairs for R1C1_C
Generating focused traffic: Period 6.0765s
[INFO] Subscriptions active: 6 (libsumo, fast mode)
[INFO] Episode duration: 3600s (60 min)

[DEBUG] 🎯 Célzott Forgalom Generálása (R1C1_C) | Period: 5.0506
Found 6 valid OD pairs for R1C1_C
Generating focused traffic: Period 5.0506s
[INFO] Subscriptions active: 6 (libsumo, fast mode)
[INFO] Episode duration: 1800s (30 min)

[DEBUG] 🎯 Célzott Forgalom Generálása (R1C1_C) | Period: 7.12
Found 6 valid OD pairs for R1C1_C
Generating focused traffic: Period 7.1200s
[INFO] Subscriptions active: 6 (libsumo, fast mode)
[INFO] Episode duration: 3600s (60 min)

[DEBUG] 🎯 Célzott Forgalom Generálása (R1C1_C) | Period: 4.9445
Found 6 valid OD pairs for R1C1_C
Generating focused traffic: Period 4.9445s
[INFO] Subscriptions active: 6 (libsumo, fast mode)
[INFO] Episode duration: 900s (15 min)

[DEBUG] 🎯 Célzott Forgalom Generálása (R1C1_C) | Period: 7.8857
Found 6 valid OD pairs for R1C1_C
Generating focused traffic: Period 7.8857s
[INFO] Subscriptions active: 6 (libsumo, fast mode)
[INFO] Episode duration: 1800s (30 min)

[DEBUG] 🎯 Célzott Forgalom Generálása (R1C1_C) | Period: 6.7286
Found 6 valid OD pairs for R1C1_C
Generating focused traffic: Period 6.7286s
[INFO] Subscriptions active: 6 (libsumo, fast mode)
[INFO] Episode duration: 3600s (60 min)

[DEBUG] 🎯 Célzott Forgalom Generálása (R1C1_C) | Period: 4.2282
Found 6 valid OD pairs for R1C1_C
Generating focused traffic: Period 4.2282s
[INFO] Subscriptions active: 6 (libsumo, fast mode)
[INFO] Episode duration: 2700s (45 min)

[DEBUG] 🎯 Célzott Forgalom Generálása (R1C1_C) | Period: 7.1355
Found 6 valid OD pairs for R1C1_C
Generating focused traffic: Period 7.1355s
[INFO] Subscriptions active: 6 (libsumo, fast mode)
[INFO] Episode duration: 2700s (45 min)

[DEBUG] 🎯 Célzott Forgalom Generálása (R1C1_C) | Period: 7.2178
Found 6 valid OD pairs for R1C1_C
Generating focused traffic: Period 7.2178s
[INFO] Subscriptions active: 6 (libsumo, fast mode)
------------------------------------
| rollout/              |          |
|    ep_len_mean        | 469      |
|    ep_rew_mean        | 137      |
| time/                 |          |
|    fps                | 155      |
|    iterations         | 10       |
|    time_elapsed       | 131      |
|    total_timesteps    | 20480    |
| train/                |          |
|    entropy_loss       | -1.39    |
|    explained_variance | -0.0034  |
|    learning_rate      | 0.0001   |
|    n_updates          | 9        |
|    policy_loss        | 31.2     |
|    value_loss         | 565      |
------------------------------------
[INFO] Episode duration: 1800s (30 min)

[DEBUG] 🎯 Célzott Forgalom Generálása (R1C1_C) | Period: 6.5057
Found 6 valid OD pairs for R1C1_C
Generating focused traffic: Period 6.5057s
[INFO] Subscriptions active: 6 (libsumo, fast mode)
[INFO] Episode duration: 3600s (60 min)

[DEBUG] 🎯 Célzott Forgalom Generálása (R1C1_C) | Period: 5.814
Found 6 valid OD pairs for R1C1_C
Generating focused traffic: Period 5.8140s
[INFO] Subscriptions active: 6 (libsumo, fast mode)
[INFO] Episode duration: 3600s (60 min)

[DEBUG] 🎯 Célzott Forgalom Generálása (R1C1_C) | Period: 5.5967
Found 6 valid OD pairs for R1C1_C
Generating focused traffic: Period 5.5967s
[INFO] Subscriptions active: 6 (libsumo, fast mode)
[INFO] Episode duration: 1800s (30 min)

[DEBUG] 🎯 Célzott Forgalom Generálása (R1C1_C) | Period: 7.0376
Found 6 valid OD pairs for R1C1_C
Generating focused traffic: Period 7.0376s
[INFO] Subscriptions active: 6 (libsumo, fast mode)
[INFO] Episode duration: 900s (15 min)

[DEBUG] 🎯 Célzott Forgalom Generálása (R1C1_C) | Period: 7.6953
Found 6 valid OD pairs for R1C1_C
Generating focused traffic: Period 7.6953s
[INFO] Subscriptions active: 6 (libsumo, fast mode)
[INFO] Episode duration: 2700s (45 min)

[DEBUG] 🎯 Célzott Forgalom Generálása (R1C1_C) | Period: 4.9008
Found 6 valid OD pairs for R1C1_C
Generating focused traffic: Period 4.9008s
[INFO] Subscriptions active: 6 (libsumo, fast mode)
[INFO] Episode duration: 2700s (45 min)

[DEBUG] 🎯 Célzott Forgalom Generálása (R1C1_C) | Period: 5.3845
Found 6 valid OD pairs for R1C1_C
Generating focused traffic: Period 5.3845s
[INFO] Subscriptions active: 6 (libsumo, fast mode)
[INFO] Episode duration: 900s (15 min)

[DEBUG] 🎯 Célzott Forgalom Generálása (R1C1_C) | Period: 6.6093
Found 6 valid OD pairs for R1C1_C
Generating focused traffic: Period 6.6093s
[INFO] Subscriptions active: 6 (libsumo, fast mode)
[INFO] Episode duration: 1800s (30 min)

[DEBUG] 🎯 Célzott Forgalom Generálása (R1C1_C) | Period: 6.2657
Found 6 valid OD pairs for R1C1_C
Generating focused traffic: Period 6.2657s
[INFO] Subscriptions active: 6 (libsumo, fast mode)
[INFO] Episode duration: 3600s (60 min)

[DEBUG] 🎯 Célzott Forgalom Generálása (R1C1_C) | Period: 7.3958
Found 6 valid OD pairs for R1C1_C
Generating focused traffic: Period 7.3958s
[INFO] Subscriptions active: 6 (libsumo, fast mode)
[INFO] Episode duration: 3600s (60 min)

[DEBUG] 🎯 Célzott Forgalom Generálása (R1C1_C) | Period: 4.3471
Found 6 valid OD pairs for R1C1_C
Generating focused traffic: Period 4.3471s
[INFO] Subscriptions active: 6 (libsumo, fast mode)
[INFO] Episode duration: 900s (15 min)

[DEBUG] 🎯 Célzott Forgalom Generálása (R1C1_C) | Period: 5.6067
Found 6 valid OD pairs for R1C1_C
Generating focused traffic: Period 5.6067s
[INFO] Subscriptions active: 6 (libsumo, fast mode)
[INFO] Episode duration: 3600s (60 min)

[DEBUG] 🎯 Célzott Forgalom Generálása (R1C1_C) | Period: 6.0026
Found 6 valid OD pairs for R1C1_C
Generating focused traffic: Period 6.0026s
[INFO] Subscriptions active: 6 (libsumo, fast mode)
[INFO] Episode duration: 1800s (30 min)

[DEBUG] 🎯 Célzott Forgalom Generálása (R1C1_C) | Period: 6.7138
Found 6 valid OD pairs for R1C1_C
Generating focused traffic: Period 6.7138s
[INFO] Subscriptions active: 6 (libsumo, fast mode)
[INFO] Episode duration: 3600s (60 min)

[DEBUG] 🎯 Célzott Forgalom Generálása (R1C1_C) | Period: 6.2343
Found 6 valid OD pairs for R1C1_C
Generating focused traffic: Period 6.2343s
[INFO] Subscriptions active: 6 (libsumo, fast mode)
[INFO] Episode duration: 1800s (30 min)

[DEBUG] 🎯 Célzott Forgalom Generálása (R1C1_C) | Period: 5.9266
Found 6 valid OD pairs for R1C1_C
Generating focused traffic: Period 5.9266s
[INFO] Subscriptions active: 6 (libsumo, fast mode)
[INFO] Episode duration: 2700s (45 min)

[DEBUG] 🎯 Célzott Forgalom Generálása (R1C1_C) | Period: 4.0816
Found 6 valid OD pairs for R1C1_C
Generating focused traffic: Period 4.0816s
[INFO] Subscriptions active: 6 (libsumo, fast mode)
[INFO] Episode duration: 2700s (45 min)

[DEBUG] 🎯 Célzott Forgalom Generálása (R1C1_C) | Period: 4.6527
Found 6 valid OD pairs for R1C1_C
Generating focused traffic: Period 4.6527s
[INFO] Subscriptions active: 6 (libsumo, fast mode)
[INFO] Episode duration: 900s (15 min)

[DEBUG] 🎯 Célzott Forgalom Generálása (R1C1_C) | Period: 6.6911
Found 6 valid OD pairs for R1C1_C
Generating focused traffic: Period 6.6911s
[INFO] Subscriptions active: 6 (libsumo, fast mode)
[INFO] Episode duration: 2700s (45 min)

[DEBUG] 🎯 Célzott Forgalom Generálása (R1C1_C) | Period: 6.6896
Found 6 valid OD pairs for R1C1_C
Generating focused traffic: Period 6.6896s
[INFO] Subscriptions active: 6 (libsumo, fast mode)
[INFO] Episode duration: 2700s (45 min)

[DEBUG] 🎯 Célzott Forgalom Generálása (R1C1_C) | Period: 6.246
Found 6 valid OD pairs for R1C1_C
Generating focused traffic: Period 6.2460s
[INFO] Subscriptions active: 6 (libsumo, fast mode)
[INFO] Episode duration: 1800s (30 min)

[DEBUG] 🎯 Célzott Forgalom Generálása (R1C1_C) | Period: 4.221
Found 6 valid OD pairs for R1C1_C
Generating focused traffic: Period 4.2210s
[INFO] Subscriptions active: 6 (libsumo, fast mode)
[INFO] Episode duration: 900s (15 min)

[DEBUG] 🎯 Célzott Forgalom Generálása (R1C1_C) | Period: 4.2877
Found 6 valid OD pairs for R1C1_C
Generating focused traffic: Period 4.2877s
[INFO] Subscriptions active: 6 (libsumo, fast mode)
[INFO] Episode duration: 3600s (60 min)

[DEBUG] 🎯 Célzott Forgalom Generálása (R1C1_C) | Period: 5.7895
Found 6 valid OD pairs for R1C1_C
Generating focused traffic: Period 5.7895s
[INFO] Subscriptions active: 6 (libsumo, fast mode)
[INFO] Episode duration: 3600s (60 min)

[DEBUG] 🎯 Célzott Forgalom Generálása (R1C1_C) | Period: 4.0404
Found 6 valid OD pairs for R1C1_C
Generating focused traffic: Period 4.0404s
[INFO] Subscriptions active: 6 (libsumo, fast mode)
[INFO] Episode duration: 3600s (60 min)

[DEBUG] 🎯 Célzott Forgalom Generálása (R1C1_C) | Period: 7.6761
Found 6 valid OD pairs for R1C1_C
Generating focused traffic: Period 7.6761s
[INFO] Subscriptions active: 6 (libsumo, fast mode)
[INFO] Episode duration: 1800s (30 min)

[DEBUG] 🎯 Célzott Forgalom Generálása (R1C1_C) | Period: 7.5488
Found 6 valid OD pairs for R1C1_C
Generating focused traffic: Period 7.5488s
[INFO] Subscriptions active: 6 (libsumo, fast mode)
[INFO] Episode duration: 3600s (60 min)

[DEBUG] 🎯 Célzott Forgalom Generálása (R1C1_C) | Period: 7.2561
Found 6 valid OD pairs for R1C1_C
Generating focused traffic: Period 7.2561s
[INFO] Subscriptions active: 6 (libsumo, fast mode)
[INFO] Episode duration: 1800s (30 min)

[DEBUG] 🎯 Célzott Forgalom Generálása (R1C1_C) | Period: 5.7099
Found 6 valid OD pairs for R1C1_C
Generating focused traffic: Period 5.7099s
[INFO] Subscriptions active: 6 (libsumo, fast mode)
[INFO] Episode duration: 2700s (45 min)

[DEBUG] 🎯 Célzott Forgalom Generálása (R1C1_C) | Period: 7.0196
Found 6 valid OD pairs for R1C1_C
Generating focused traffic: Period 7.0196s
[INFO] Subscriptions active: 6 (libsumo, fast mode)
[INFO] Episode duration: 3600s (60 min)

[DEBUG] 🎯 Célzott Forgalom Generálása (R1C1_C) | Period: 5.9108
Found 6 valid OD pairs for R1C1_C
Generating focused traffic: Period 5.9108s
[INFO] Subscriptions active: 6 (libsumo, fast mode)
[INFO] Episode duration: 1800s (30 min)

[DEBUG] 🎯 Célzott Forgalom Generálása (R1C1_C) | Period: 4.2844
Found 6 valid OD pairs for R1C1_C
Generating focused traffic: Period 4.2844s
[INFO] Subscriptions active: 6 (libsumo, fast mode)
[INFO] Episode duration: 1800s (30 min)

[DEBUG] 🎯 Célzott Forgalom Generálása (R1C1_C) | Period: 6.6409
Found 6 valid OD pairs for R1C1_C
Generating focused traffic: Period 6.6409s
[INFO] Subscriptions active: 6 (libsumo, fast mode)
[INFO] Episode duration: 3600s (60 min)

[DEBUG] 🎯 Célzott Forgalom Generálása (R1C1_C) | Period: 5.3808
Found 6 valid OD pairs for R1C1_C
Generating focused traffic: Period 5.3808s
[INFO] Subscriptions active: 6 (libsumo, fast mode)
[INFO] Episode duration: 3600s (60 min)

[DEBUG] 🎯 Célzott Forgalom Generálása (R1C1_C) | Period: 4.5943
Found 6 valid OD pairs for R1C1_C
Generating focused traffic: Period 4.5943s
[INFO] Subscriptions active: 6 (libsumo, fast mode)
[INFO] Episode duration: 3600s (60 min)

[DEBUG] 🎯 Célzott Forgalom Generálása (R1C1_C) | Period: 4.4871
Found 6 valid OD pairs for R1C1_C
Generating focused traffic: Period 4.4871s
[INFO] Subscriptions active: 6 (libsumo, fast mode)
[INFO] Episode duration: 2700s (45 min)

[DEBUG] 🎯 Célzott Forgalom Generálása (R1C1_C) | Period: 7.6106
Found 6 valid OD pairs for R1C1_C
Generating focused traffic: Period 7.6106s
[INFO] Subscriptions active: 6 (libsumo, fast mode)
[INFO] Episode duration: 2700s (45 min)

[DEBUG] 🎯 Célzott Forgalom Generálása (R1C1_C) | Period: 7.656
Found 6 valid OD pairs for R1C1_C
Generating focused traffic: Period 7.6560s
[INFO] Subscriptions active: 6 (libsumo, fast mode)
[INFO] Episode duration: 900s (15 min)

[DEBUG] 🎯 Célzott Forgalom Generálása (R1C1_C) | Period: 7.551
Found 6 valid OD pairs for R1C1_C
Generating focused traffic: Period 7.5510s
[INFO] Subscriptions active: 6 (libsumo, fast mode)
[INFO] Episode duration: 1800s (30 min)

[DEBUG] 🎯 Célzott Forgalom Generálása (R1C1_C) | Period: 6.6211
Found 6 valid OD pairs for R1C1_C
Generating focused traffic: Period 6.6211s
[INFO] Subscriptions active: 6 (libsumo, fast mode)
[INFO] Episode duration: 900s (15 min)

[DEBUG] 🎯 Célzott Forgalom Generálása (R1C1_C) | Period: 7.9036
Found 6 valid OD pairs for R1C1_C
Generating focused traffic: Period 7.9036s
[INFO] Subscriptions active: 6 (libsumo, fast mode)
[INFO] Episode duration: 2700s (45 min)

[DEBUG] 🎯 Célzott Forgalom Generálása (R1C1_C) | Period: 6.3362
Found 6 valid OD pairs for R1C1_C
Generating focused traffic: Period 6.3362s
[INFO] Subscriptions active: 6 (libsumo, fast mode)
------------------------------------
| rollout/              |          |
|    ep_len_mean        | 481      |
|    ep_rew_mean        | 141      |
| time/                 |          |
|    fps                | 155      |
|    iterations         | 20       |
|    time_elapsed       | 263      |
|    total_timesteps    | 40960    |
| train/                |          |
|    entropy_loss       | -1.39    |
|    explained_variance | -0.0104  |
|    learning_rate      | 0.0001   |
|    n_updates          | 19       |
|    policy_loss        | 32.2     |
|    value_loss         | 590      |
------------------------------------
[INFO] Episode duration: 1800s (30 min)

[DEBUG] 🎯 Célzott Forgalom Generálása (R1C1_C) | Period: 5.2982
Found 6 valid OD pairs for R1C1_C
Generating focused traffic: Period 5.2982s
[INFO] Subscriptions active: 6 (libsumo, fast mode)
[INFO] Episode duration: 3600s (60 min)

[DEBUG] 🎯 Célzott Forgalom Generálása (R1C1_C) | Period: 7.891
Found 6 valid OD pairs for R1C1_C
Generating focused traffic: Period 7.8910s
[INFO] Subscriptions active: 6 (libsumo, fast mode)
[INFO] Episode duration: 2700s (45 min)

[DEBUG] 🎯 Célzott Forgalom Generálása (R1C1_C) | Period: 6.7044
Found 6 valid OD pairs for R1C1_C
Generating focused traffic: Period 6.7044s
[INFO] Subscriptions active: 6 (libsumo, fast mode)
[INFO] Episode duration: 3600s (60 min)

[DEBUG] 🎯 Célzott Forgalom Generálása (R1C1_C) | Period: 5.1069
Found 6 valid OD pairs for R1C1_C
Generating focused traffic: Period 5.1069s
[INFO] Subscriptions active: 6 (libsumo, fast mode)
[INFO] Episode duration: 900s (15 min)

[DEBUG] 🎯 Célzott Forgalom Generálása (R1C1_C) | Period: 6.2472
Found 6 valid OD pairs for R1C1_C
Generating focused traffic: Period 6.2472s
[INFO] Subscriptions active: 6 (libsumo, fast mode)
[INFO] Episode duration: 1800s (30 min)

[DEBUG] 🎯 Célzott Forgalom Generálása (R1C1_C) | Period: 5.6756
Found 6 valid OD pairs for R1C1_C
Generating focused traffic: Period 5.6756s
[INFO] Subscriptions active: 6 (libsumo, fast mode)
[INFO] Episode duration: 2700s (45 min)

[DEBUG] 🎯 Célzott Forgalom Generálása (R1C1_C) | Period: 7.025
Found 6 valid OD pairs for R1C1_C
Generating focused traffic: Period 7.0250s
[INFO] Subscriptions active: 6 (libsumo, fast mode)
[INFO] Episode duration: 1800s (30 min)

[DEBUG] 🎯 Célzott Forgalom Generálása (R1C1_C) | Period: 4.9954
Found 6 valid OD pairs for R1C1_C
Generating focused traffic: Period 4.9954s
[INFO] Subscriptions active: 6 (libsumo, fast mode)
[INFO] Episode duration: 3600s (60 min)

[DEBUG] 🎯 Célzott Forgalom Generálása (R1C1_C) | Period: 7.3407
Found 6 valid OD pairs for R1C1_C
Generating focused traffic: Period 7.3407s
[INFO] Subscriptions active: 6 (libsumo, fast mode)
[INFO] Episode duration: 2700s (45 min)

[DEBUG] 🎯 Célzott Forgalom Generálása (R1C1_C) | Period: 4.6746
Found 6 valid OD pairs for R1C1_C
Generating focused traffic: Period 4.6746s
[INFO] Subscriptions active: 6 (libsumo, fast mode)
[INFO] Episode duration: 900s (15 min)

[DEBUG] 🎯 Célzott Forgalom Generálása (R1C1_C) | Period: 5.8947
Found 6 valid OD pairs for R1C1_C
Generating focused traffic: Period 5.8947s
[INFO] Subscriptions active: 6 (libsumo, fast mode)
[INFO] Episode duration: 2700s (45 min)

[DEBUG] 🎯 Célzott Forgalom Generálása (R1C1_C) | Period: 6.7636
Found 6 valid OD pairs for R1C1_C
Generating focused traffic: Period 6.7636s
[INFO] Subscriptions active: 6 (libsumo, fast mode)
[INFO] Episode duration: 1800s (30 min)

[DEBUG] 🎯 Célzott Forgalom Generálása (R1C1_C) | Period: 5.7218
Found 6 valid OD pairs for R1C1_C
Generating focused traffic: Period 5.7218s
[INFO] Subscriptions active: 6 (libsumo, fast mode)
[INFO] Episode duration: 1800s (30 min)

[DEBUG] 🎯 Célzott Forgalom Generálása (R1C1_C) | Period: 4.402
Found 6 valid OD pairs for R1C1_C
Generating focused traffic: Period 4.4020s
[INFO] Subscriptions active: 6 (libsumo, fast mode)
[INFO] Episode duration: 2700s (45 min)

[DEBUG] 🎯 Célzott Forgalom Generálása (R1C1_C) | Period: 5.502
Found 6 valid OD pairs for R1C1_C
Generating focused traffic: Period 5.5020s
[INFO] Subscriptions active: 6 (libsumo, fast mode)
[INFO] Episode duration: 1800s (30 min)

[DEBUG] 🎯 Célzott Forgalom Generálása (R1C1_C) | Period: 7.9419
Found 6 valid OD pairs for R1C1_C
Generating focused traffic: Period 7.9419s
[INFO] Subscriptions active: 6 (libsumo, fast mode)
[INFO] Episode duration: 900s (15 min)

[DEBUG] 🎯 Célzott Forgalom Generálása (R1C1_C) | Period: 7.3712
Found 6 valid OD pairs for R1C1_C
Generating focused traffic: Period 7.3712s
[INFO] Subscriptions active: 6 (libsumo, fast mode)
[INFO] Episode duration: 900s (15 min)

[DEBUG] 🎯 Célzott Forgalom Generálása (R1C1_C) | Period: 7.4736
Found 6 valid OD pairs for R1C1_C
Generating focused traffic: Period 7.4736s
[INFO] Subscriptions active: 6 (libsumo, fast mode)
[INFO] Episode duration: 1800s (30 min)

[DEBUG] 🎯 Célzott Forgalom Generálása (R1C1_C) | Period: 7.7149
Found 6 valid OD pairs for R1C1_C
Generating focused traffic: Period 7.7149s
[INFO] Subscriptions active: 6 (libsumo, fast mode)
[INFO] Episode duration: 900s (15 min)

[DEBUG] 🎯 Célzott Forgalom Generálása (R1C1_C) | Period: 5.5825
Found 6 valid OD pairs for R1C1_C
Generating focused traffic: Period 5.5825s
[INFO] Subscriptions active: 6 (libsumo, fast mode)
[INFO] Episode duration: 3600s (60 min)

[DEBUG] 🎯 Célzott Forgalom Generálása (R1C1_C) | Period: 7.5179
Found 6 valid OD pairs for R1C1_C
Generating focused traffic: Period 7.5179s
[INFO] Subscriptions active: 6 (libsumo, fast mode)
[INFO] Episode duration: 900s (15 min)

[DEBUG] 🎯 Célzott Forgalom Generálása (R1C1_C) | Period: 7.7723
Found 6 valid OD pairs for R1C1_C
Generating focused traffic: Period 7.7723s
[INFO] Subscriptions active: 6 (libsumo, fast mode)
[INFO] Episode duration: 900s (15 min)

[DEBUG] 🎯 Célzott Forgalom Generálása (R1C1_C) | Period: 7.3217
Found 6 valid OD pairs for R1C1_C
Generating focused traffic: Period 7.3217s
[INFO] Subscriptions active: 6 (libsumo, fast mode)
[INFO] Episode duration: 2700s (45 min)

[DEBUG] 🎯 Célzott Forgalom Generálása (R1C1_C) | Period: 7.48
Found 6 valid OD pairs for R1C1_C
Generating focused traffic: Period 7.4800s
[INFO] Subscriptions active: 6 (libsumo, fast mode)
[INFO] Episode duration: 3600s (60 min)

[DEBUG] 🎯 Célzott Forgalom Generálása (R1C1_C) | Period: 5.0861
Found 6 valid OD pairs for R1C1_C
Generating focused traffic: Period 5.0861s
[INFO] Subscriptions active: 6 (libsumo, fast mode)
[INFO] Episode duration: 2700s (45 min)

[DEBUG] 🎯 Célzott Forgalom Generálása (R1C1_C) | Period: 5.1185
Found 6 valid OD pairs for R1C1_C
Generating focused traffic: Period 5.1185s
[INFO] Subscriptions active: 6 (libsumo, fast mode)
[INFO] Episode duration: 1800s (30 min)

[DEBUG] 🎯 Célzott Forgalom Generálása (R1C1_C) | Period: 7.6646
Found 6 valid OD pairs for R1C1_C
Generating focused traffic: Period 7.6646s
[INFO] Subscriptions active: 6 (libsumo, fast mode)
[INFO] Episode duration: 3600s (60 min)

[DEBUG] 🎯 Célzott Forgalom Generálása (R1C1_C) | Period: 4.7874
Found 6 valid OD pairs for R1C1_C
Generating focused traffic: Period 4.7874s
[INFO] Subscriptions active: 6 (libsumo, fast mode)
[INFO] Episode duration: 900s (15 min)

[DEBUG] 🎯 Célzott Forgalom Generálása (R1C1_C) | Period: 6.7373
Found 6 valid OD pairs for R1C1_C
Generating focused traffic: Period 6.7373s
[INFO] Subscriptions active: 6 (libsumo, fast mode)
[INFO] Episode duration: 1800s (30 min)

[DEBUG] 🎯 Célzott Forgalom Generálása (R1C1_C) | Period: 6.2518
Found 6 valid OD pairs for R1C1_C
Generating focused traffic: Period 6.2518s
[INFO] Subscriptions active: 6 (libsumo, fast mode)
[INFO] Episode duration: 1800s (30 min)

[DEBUG] 🎯 Célzott Forgalom Generálása (R1C1_C) | Period: 4.0835
Found 6 valid OD pairs for R1C1_C
Generating focused traffic: Period 4.0835s
[INFO] Subscriptions active: 6 (libsumo, fast mode)
[INFO] Episode duration: 3600s (60 min)

[DEBUG] 🎯 Célzott Forgalom Generálása (R1C1_C) | Period: 4.3898
Found 6 valid OD pairs for R1C1_C
Generating focused traffic: Period 4.3898s
[INFO] Subscriptions active: 6 (libsumo, fast mode)
[INFO] Episode duration: 900s (15 min)

[DEBUG] 🎯 Célzott Forgalom Generálása (R1C1_C) | Period: 4.6057
Found 6 valid OD pairs for R1C1_C
Generating focused traffic: Period 4.6057s
[INFO] Subscriptions active: 6 (libsumo, fast mode)
[INFO] Episode duration: 1800s (30 min)

[DEBUG] 🎯 Célzott Forgalom Generálása (R1C1_C) | Period: 6.813
Found 6 valid OD pairs for R1C1_C
Generating focused traffic: Period 6.8130s
[INFO] Subscriptions active: 6 (libsumo, fast mode)
[INFO] Episode duration: 900s (15 min)

[DEBUG] 🎯 Célzott Forgalom Generálása (R1C1_C) | Period: 6.0635
Found 6 valid OD pairs for R1C1_C
Generating focused traffic: Period 6.0635s
[INFO] Subscriptions active: 6 (libsumo, fast mode)
[INFO] Episode duration: 1800s (30 min)

[DEBUG] 🎯 Célzott Forgalom Generálása (R1C1_C) | Period: 7.0224
Found 6 valid OD pairs for R1C1_C
Generating focused traffic: Period 7.0224s
[INFO] Subscriptions active: 6 (libsumo, fast mode)
[INFO] Episode duration: 900s (15 min)

[DEBUG] 🎯 Célzott Forgalom Generálása (R1C1_C) | Period: 5.0605
Found 6 valid OD pairs for R1C1_C
Generating focused traffic: Period 5.0605s
[INFO] Subscriptions active: 6 (libsumo, fast mode)
[INFO] Episode duration: 2700s (45 min)

[DEBUG] 🎯 Célzott Forgalom Generálása (R1C1_C) | Period: 4.6973
Found 6 valid OD pairs for R1C1_C
Generating focused traffic: Period 4.6973s
[INFO] Subscriptions active: 6 (libsumo, fast mode)
[INFO] Episode duration: 2700s (45 min)

[DEBUG] 🎯 Célzott Forgalom Generálása (R1C1_C) | Period: 7.7353
Found 6 valid OD pairs for R1C1_C
Generating focused traffic: Period 7.7353s
[INFO] Subscriptions active: 6 (libsumo, fast mode)
[INFO] Episode duration: 1800s (30 min)

[DEBUG] 🎯 Célzott Forgalom Generálása (R1C1_C) | Period: 7.0946
Found 6 valid OD pairs for R1C1_C
Generating focused traffic: Period 7.0946s
[INFO] Subscriptions active: 6 (libsumo, fast mode)
[INFO] Episode duration: 900s (15 min)

[DEBUG] 🎯 Célzott Forgalom Generálása (R1C1_C) | Period: 6.5882
Found 6 valid OD pairs for R1C1_C
Generating focused traffic: Period 6.5882s
[INFO] Subscriptions active: 6 (libsumo, fast mode)
[INFO] Episode duration: 1800s (30 min)

[DEBUG] 🎯 Célzott Forgalom Generálása (R1C1_C) | Period: 4.1375
Found 6 valid OD pairs for R1C1_C
Generating focused traffic: Period 4.1375s
[INFO] Subscriptions active: 6 (libsumo, fast mode)
[INFO] Episode duration: 1800s (30 min)

[DEBUG] 🎯 Célzott Forgalom Generálása (R1C1_C) | Period: 4.2057
Found 6 valid OD pairs for R1C1_C
Generating focused traffic: Period 4.2057s
[INFO] Subscriptions active: 6 (libsumo, fast mode)
[INFO] Episode duration: 900s (15 min)

[DEBUG] 🎯 Célzott Forgalom Generálása (R1C1_C) | Period: 5.7403
Found 6 valid OD pairs for R1C1_C
Generating focused traffic: Period 5.7403s
[INFO] Subscriptions active: 6 (libsumo, fast mode)
[INFO] Episode duration: 1800s (30 min)

[DEBUG] 🎯 Célzott Forgalom Generálása (R1C1_C) | Period: 6.068
Found 6 valid OD pairs for R1C1_C
Generating focused traffic: Period 6.0680s
[INFO] Subscriptions active: 6 (libsumo, fast mode)
[INFO] Episode duration: 1800s (30 min)

[DEBUG] 🎯 Célzott Forgalom Generálása (R1C1_C) | Period: 5.6502
Found 6 valid OD pairs for R1C1_C
Generating focused traffic: Period 5.6502s
[INFO] Subscriptions active: 6 (libsumo, fast mode)
[INFO] Episode duration: 2700s (45 min)

[DEBUG] 🎯 Célzott Forgalom Generálása (R1C1_C) | Period: 4.7075
Found 6 valid OD pairs for R1C1_C
Generating focused traffic: Period 4.7075s
[INFO] Subscriptions active: 6 (libsumo, fast mode)
[INFO] Episode duration: 2700s (45 min)

[DEBUG] 🎯 Célzott Forgalom Generálása (R1C1_C) | Period: 6.9323
Found 6 valid OD pairs for R1C1_C
Generating focused traffic: Period 6.9323s
[INFO] Subscriptions active: 6 (libsumo, fast mode)
[INFO] Episode duration: 2700s (45 min)

[DEBUG] 🎯 Célzott Forgalom Generálása (R1C1_C) | Period: 6.5033
Found 6 valid OD pairs for R1C1_C
Generating focused traffic: Period 6.5033s
[INFO] Subscriptions active: 6 (libsumo, fast mode)
[INFO] Episode duration: 900s (15 min)

[DEBUG] 🎯 Célzott Forgalom Generálása (R1C1_C) | Period: 7.1508
Found 6 valid OD pairs for R1C1_C
Generating focused traffic: Period 7.1508s
[INFO] Subscriptions active: 6 (libsumo, fast mode)
------------------------------------
| rollout/              |          |
|    ep_len_mean        | 450      |
|    ep_rew_mean        | 132      |
| time/                 |          |
|    fps                | 155      |
|    iterations         | 30       |
|    time_elapsed       | 394      |
|    total_timesteps    | 61440    |
| train/                |          |
|    entropy_loss       | -1.39    |
|    explained_variance | -0.00929 |
|    learning_rate      | 0.0001   |
|    n_updates          | 29       |
|    policy_loss        | 26.8     |
|    value_loss         | 439      |
------------------------------------
[INFO] Episode duration: 2700s (45 min)

[DEBUG] 🎯 Célzott Forgalom Generálása (R1C1_C) | Period: 6.1432
Found 6 valid OD pairs for R1C1_C
Generating focused traffic: Period 6.1432s
[INFO] Subscriptions active: 6 (libsumo, fast mode)
[INFO] Episode duration: 3600s (60 min)

[DEBUG] 🎯 Célzott Forgalom Generálása (R1C1_C) | Period: 5.3101
Found 6 valid OD pairs for R1C1_C
Generating focused traffic: Period 5.3101s
[INFO] Subscriptions active: 6 (libsumo, fast mode)
[INFO] Episode duration: 3600s (60 min)

[DEBUG] 🎯 Célzott Forgalom Generálása (R1C1_C) | Period: 5.5679
Found 6 valid OD pairs for R1C1_C
Generating focused traffic: Period 5.5679s
[INFO] Subscriptions active: 6 (libsumo, fast mode)
[INFO] Episode duration: 1800s (30 min)

[DEBUG] 🎯 Célzott Forgalom Generálása (R1C1_C) | Period: 7.0143
Found 6 valid OD pairs for R1C1_C
Generating focused traffic: Period 7.0143s
[INFO] Subscriptions active: 6 (libsumo, fast mode)
[INFO] Episode duration: 3600s (60 min)

[DEBUG] 🎯 Célzott Forgalom Generálása (R1C1_C) | Period: 7.6236
Found 6 valid OD pairs for R1C1_C
Generating focused traffic: Period 7.6236s
[INFO] Subscriptions active: 6 (libsumo, fast mode)
[INFO] Episode duration: 2700s (45 min)

[DEBUG] 🎯 Célzott Forgalom Generálása (R1C1_C) | Period: 7.0614
Found 6 valid OD pairs for R1C1_C
Generating focused traffic: Period 7.0614s
[INFO] Subscriptions active: 6 (libsumo, fast mode)
[INFO] Episode duration: 3600s (60 min)

[DEBUG] 🎯 Célzott Forgalom Generálása (R1C1_C) | Period: 4.638
Found 6 valid OD pairs for R1C1_C
Generating focused traffic: Period 4.6380s
[INFO] Subscriptions active: 6 (libsumo, fast mode)
[INFO] Episode duration: 3600s (60 min)

[DEBUG] 🎯 Célzott Forgalom Generálása (R1C1_C) | Period: 6.394
Found 6 valid OD pairs for R1C1_C
Generating focused traffic: Period 6.3940s
[INFO] Subscriptions active: 6 (libsumo, fast mode)
[INFO] Episode duration: 2700s (45 min)

[DEBUG] 🎯 Célzott Forgalom Generálása (R1C1_C) | Period: 7.7078
Found 6 valid OD pairs for R1C1_C
Generating focused traffic: Period 7.7078s
[INFO] Subscriptions active: 6 (libsumo, fast mode)
[INFO] Episode duration: 900s (15 min)

[DEBUG] 🎯 Célzott Forgalom Generálása (R1C1_C) | Period: 4.2003
Found 6 valid OD pairs for R1C1_C
Generating focused traffic: Period 4.2003s
[INFO] Subscriptions active: 6 (libsumo, fast mode)
[INFO] Episode duration: 3600s (60 min)

[DEBUG] 🎯 Célzott Forgalom Generálása (R1C1_C) | Period: 5.5651
Found 6 valid OD pairs for R1C1_C
Generating focused traffic: Period 5.5651s
[INFO] Subscriptions active: 6 (libsumo, fast mode)
[INFO] Episode duration: 1800s (30 min)

[DEBUG] 🎯 Célzott Forgalom Generálása (R1C1_C) | Period: 7.5069
Found 6 valid OD pairs for R1C1_C
Generating focused traffic: Period 7.5069s
[INFO] Subscriptions active: 6 (libsumo, fast mode)
[INFO] Episode duration: 3600s (60 min)

[DEBUG] 🎯 Célzott Forgalom Generálása (R1C1_C) | Period: 7.2395
Found 6 valid OD pairs for R1C1_C
Generating focused traffic: Period 7.2395s
[INFO] Subscriptions active: 6 (libsumo, fast mode)
[INFO] Episode duration: 1800s (30 min)

[DEBUG] 🎯 Célzott Forgalom Generálása (R1C1_C) | Period: 7.8842
Found 6 valid OD pairs for R1C1_C
Generating focused traffic: Period 7.8842s
[INFO] Subscriptions active: 6 (libsumo, fast mode)
[INFO] Episode duration: 3600s (60 min)

[DEBUG] 🎯 Célzott Forgalom Generálása (R1C1_C) | Period: 5.0795
Found 6 valid OD pairs for R1C1_C
Generating focused traffic: Period 5.0795s
[INFO] Subscriptions active: 6 (libsumo, fast mode)
[INFO] Episode duration: 3600s (60 min)

[DEBUG] 🎯 Célzott Forgalom Generálása (R1C1_C) | Period: 4.2293
Found 6 valid OD pairs for R1C1_C
Generating focused traffic: Period 4.2293s
[INFO] Subscriptions active: 6 (libsumo, fast mode)
[INFO] Episode duration: 2700s (45 min)

[DEBUG] 🎯 Célzott Forgalom Generálása (R1C1_C) | Period: 7.8874
Found 6 valid OD pairs for R1C1_C
Generating focused traffic: Period 7.8874s
[INFO] Subscriptions active: 6 (libsumo, fast mode)
[INFO] Episode duration: 2700s (45 min)

[DEBUG] 🎯 Célzott Forgalom Generálása (R1C1_C) | Period: 7.2473
Found 6 valid OD pairs for R1C1_C
Generating focused traffic: Period 7.2473s
[INFO] Subscriptions active: 6 (libsumo, fast mode)
[INFO] Episode duration: 3600s (60 min)

[DEBUG] 🎯 Célzott Forgalom Generálása (R1C1_C) | Period: 6.1847
Found 6 valid OD pairs for R1C1_C
Generating focused traffic: Period 6.1847s
[INFO] Subscriptions active: 6 (libsumo, fast mode)
[INFO] Episode duration: 3600s (60 min)

[DEBUG] 🎯 Célzott Forgalom Generálása (R1C1_C) | Period: 4.9709
Found 6 valid OD pairs for R1C1_C
Generating focused traffic: Period 4.9709s
[INFO] Subscriptions active: 6 (libsumo, fast mode)
[INFO] Episode duration: 1800s (30 min)

[DEBUG] 🎯 Célzott Forgalom Generálása (R1C1_C) | Period: 5.4363
Found 6 valid OD pairs for R1C1_C
Generating focused traffic: Period 5.4363s
[INFO] Subscriptions active: 6 (libsumo, fast mode)
[INFO] Episode duration: 900s (15 min)

[DEBUG] 🎯 Célzott Forgalom Generálása (R1C1_C) | Period: 7.825
Found 6 valid OD pairs for R1C1_C
Generating focused traffic: Period 7.8250s
[INFO] Subscriptions active: 6 (libsumo, fast mode)
[INFO] Episode duration: 1800s (30 min)

[DEBUG] 🎯 Célzott Forgalom Generálása (R1C1_C) | Period: 7.2567
Found 6 valid OD pairs for R1C1_C
Generating focused traffic: Period 7.2567s
[INFO] Subscriptions active: 6 (libsumo, fast mode)
[INFO] Episode duration: 1800s (30 min)

[DEBUG] 🎯 Célzott Forgalom Generálása (R1C1_C) | Period: 4.1098
Found 6 valid OD pairs for R1C1_C
Generating focused traffic: Period 4.1098s
[INFO] Subscriptions active: 6 (libsumo, fast mode)
[INFO] Episode duration: 3600s (60 min)

[DEBUG] 🎯 Célzott Forgalom Generálása (R1C1_C) | Period: 5.1027
Found 6 valid OD pairs for R1C1_C
Generating focused traffic: Period 5.1027s
[INFO] Subscriptions active: 6 (libsumo, fast mode)
[INFO] Episode duration: 900s (15 min)

[DEBUG] 🎯 Célzott Forgalom Generálása (R1C1_C) | Period: 4.1359
Found 6 valid OD pairs for R1C1_C
Generating focused traffic: Period 4.1359s
[INFO] Subscriptions active: 6 (libsumo, fast mode)
[INFO] Episode duration: 2700s (45 min)

[DEBUG] 🎯 Célzott Forgalom Generálása (R1C1_C) | Period: 7.4618
Found 6 valid OD pairs for R1C1_C
Generating focused traffic: Period 7.4618s
[INFO] Subscriptions active: 6 (libsumo, fast mode)
[INFO] Episode duration: 3600s (60 min)

[DEBUG] 🎯 Célzott Forgalom Generálása (R1C1_C) | Period: 7.8514
Found 6 valid OD pairs for R1C1_C
Generating focused traffic: Period 7.8514s
[INFO] Subscriptions active: 6 (libsumo, fast mode)
[INFO] Episode duration: 3600s (60 min)

[DEBUG] 🎯 Célzott Forgalom Generálása (R1C1_C) | Period: 5.6722
Found 6 valid OD pairs for R1C1_C
Generating focused traffic: Period 5.6722s
[INFO] Subscriptions active: 6 (libsumo, fast mode)
[INFO] Episode duration: 3600s (60 min)

[DEBUG] 🎯 Célzott Forgalom Generálása (R1C1_C) | Period: 4.458
Found 6 valid OD pairs for R1C1_C
Generating focused traffic: Period 4.4580s
[INFO] Subscriptions active: 6 (libsumo, fast mode)
[INFO] Episode duration: 900s (15 min)

[DEBUG] 🎯 Célzott Forgalom Generálása (R1C1_C) | Period: 7.8187
Found 6 valid OD pairs for R1C1_C
Generating focused traffic: Period 7.8187s
[INFO] Subscriptions active: 6 (libsumo, fast mode)
[INFO] Episode duration: 3600s (60 min)

[DEBUG] 🎯 Célzott Forgalom Generálása (R1C1_C) | Period: 6.3369
Found 6 valid OD pairs for R1C1_C
Generating focused traffic: Period 6.3369s
[INFO] Subscriptions active: 6 (libsumo, fast mode)
[INFO] Episode duration: 900s (15 min)

[DEBUG] 🎯 Célzott Forgalom Generálása (R1C1_C) | Period: 5.7772
Found 6 valid OD pairs for R1C1_C
Generating focused traffic: Period 5.7772s
[INFO] Subscriptions active: 6 (libsumo, fast mode)
[INFO] Episode duration: 900s (15 min)

[DEBUG] 🎯 Célzott Forgalom Generálása (R1C1_C) | Period: 6.5426
Found 6 valid OD pairs for R1C1_C
Generating focused traffic: Period 6.5426s
[INFO] Subscriptions active: 6 (libsumo, fast mode)
[INFO] Episode duration: 2700s (45 min)

[DEBUG] 🎯 Célzott Forgalom Generálása (R1C1_C) | Period: 7.1868
Found 6 valid OD pairs for R1C1_C
Generating focused traffic: Period 7.1868s
[INFO] Subscriptions active: 6 (libsumo, fast mode)
[INFO] Episode duration: 3600s (60 min)

[DEBUG] 🎯 Célzott Forgalom Generálása (R1C1_C) | Period: 4.5637
Found 6 valid OD pairs for R1C1_C
Generating focused traffic: Period 4.5637s
[INFO] Subscriptions active: 6 (libsumo, fast mode)
[INFO] Episode duration: 2700s (45 min)

[DEBUG] 🎯 Célzott Forgalom Generálása (R1C1_C) | Period: 4.4165
Found 6 valid OD pairs for R1C1_C
Generating focused traffic: Period 4.4165s
[INFO] Subscriptions active: 6 (libsumo, fast mode)
[INFO] Episode duration: 2700s (45 min)

[DEBUG] 🎯 Célzott Forgalom Generálása (R1C1_C) | Period: 6.7503
Found 6 valid OD pairs for R1C1_C
Generating focused traffic: Period 6.7503s
[INFO] Subscriptions active: 6 (libsumo, fast mode)
[INFO] Episode duration: 900s (15 min)

[DEBUG] 🎯 Célzott Forgalom Generálása (R1C1_C) | Period: 6.8088
Found 6 valid OD pairs for R1C1_C
Generating focused traffic: Period 6.8088s
[INFO] Subscriptions active: 6 (libsumo, fast mode)
------------------------------------
| rollout/              |          |
|    ep_len_mean        | 464      |
|    ep_rew_mean        | 136      |
| time/                 |          |
|    fps                | 155      |
|    iterations         | 40       |
|    time_elapsed       | 525      |
|    total_timesteps    | 81920    |
| train/                |          |
|    entropy_loss       | -1.39    |
|    explained_variance | -0.00161 |
|    learning_rate      | 0.0001   |
|    n_updates          | 39       |
|    policy_loss        | 28.6     |
|    value_loss         | 484      |
------------------------------------
[INFO] Episode duration: 1800s (30 min)

[DEBUG] 🎯 Célzott Forgalom Generálása (R1C1_C) | Period: 4.8655
Found 6 valid OD pairs for R1C1_C
Generating focused traffic: Period 4.8655s
[INFO] Subscriptions active: 6 (libsumo, fast mode)
[INFO] Episode duration: 900s (15 min)

[DEBUG] 🎯 Célzott Forgalom Generálása (R1C1_C) | Period: 7.5079
Found 6 valid OD pairs for R1C1_C
Generating focused traffic: Period 7.5079s
[INFO] Subscriptions active: 6 (libsumo, fast mode)
[INFO] Episode duration: 3600s (60 min)

[DEBUG] 🎯 Célzott Forgalom Generálása (R1C1_C) | Period: 7.1919
Found 6 valid OD pairs for R1C1_C
Generating focused traffic: Period 7.1919s
[INFO] Subscriptions active: 6 (libsumo, fast mode)
[INFO] Episode duration: 1800s (30 min)

[DEBUG] 🎯 Célzott Forgalom Generálása (R1C1_C) | Period: 7.1717
Found 6 valid OD pairs for R1C1_C
Generating focused traffic: Period 7.1717s
[INFO] Subscriptions active: 6 (libsumo, fast mode)
[INFO] Episode duration: 900s (15 min)

[DEBUG] 🎯 Célzott Forgalom Generálása (R1C1_C) | Period: 4.2492
Found 6 valid OD pairs for R1C1_C
Generating focused traffic: Period 4.2492s
[INFO] Subscriptions active: 6 (libsumo, fast mode)
[INFO] Episode duration: 3600s (60 min)

[DEBUG] 🎯 Célzott Forgalom Generálása (R1C1_C) | Period: 7.7711
Found 6 valid OD pairs for R1C1_C
Generating focused traffic: Period 7.7711s
[INFO] Subscriptions active: 6 (libsumo, fast mode)
[INFO] Episode duration: 1800s (30 min)

[DEBUG] 🎯 Célzott Forgalom Generálása (R1C1_C) | Period: 7.2841
Found 6 valid OD pairs for R1C1_C
Generating focused traffic: Period 7.2841s
[INFO] Subscriptions active: 6 (libsumo, fast mode)
[INFO] Episode duration: 2700s (45 min)

[DEBUG] 🎯 Célzott Forgalom Generálása (R1C1_C) | Period: 6.2509
Found 6 valid OD pairs for R1C1_C
Generating focused traffic: Period 6.2509s
[INFO] Subscriptions active: 6 (libsumo, fast mode)
[INFO] Episode duration: 900s (15 min)

[DEBUG] 🎯 Célzott Forgalom Generálása (R1C1_C) | Period: 7.7533
Found 6 valid OD pairs for R1C1_C
Generating focused traffic: Period 7.7533s
[INFO] Subscriptions active: 6 (libsumo, fast mode)
[INFO] Episode duration: 2700s (45 min)

[DEBUG] 🎯 Célzott Forgalom Generálása (R1C1_C) | Period: 7.9279
Found 6 valid OD pairs for R1C1_C
Generating focused traffic: Period 7.9279s
[INFO] Subscriptions active: 6 (libsumo, fast mode)
[INFO] Episode duration: 2700s (45 min)

[DEBUG] 🎯 Célzott Forgalom Generálása (R1C1_C) | Period: 4.622
Found 6 valid OD pairs for R1C1_C
Generating focused traffic: Period 4.6220s
[INFO] Subscriptions active: 6 (libsumo, fast mode)
[INFO] Episode duration: 1800s (30 min)

[DEBUG] 🎯 Célzott Forgalom Generálása (R1C1_C) | Period: 4.9277
Found 6 valid OD pairs for R1C1_C
Generating focused traffic: Period 4.9277s
[INFO] Subscriptions active: 6 (libsumo, fast mode)
[INFO] Episode duration: 900s (15 min)

[DEBUG] 🎯 Célzott Forgalom Generálása (R1C1_C) | Period: 4.4233
Found 6 valid OD pairs for R1C1_C
Generating focused traffic: Period 4.4233s
[INFO] Subscriptions active: 6 (libsumo, fast mode)
[INFO] Episode duration: 3600s (60 min)

[DEBUG] 🎯 Célzott Forgalom Generálása (R1C1_C) | Period: 5.7885
Found 6 valid OD pairs for R1C1_C
Generating focused traffic: Period 5.7885s
[INFO] Subscriptions active: 6 (libsumo, fast mode)
[INFO] Episode duration: 3600s (60 min)

[DEBUG] 🎯 Célzott Forgalom Generálása (R1C1_C) | Period: 4.5697
Found 6 valid OD pairs for R1C1_C
Generating focused traffic: Period 4.5697s
[INFO] Subscriptions active: 6 (libsumo, fast mode)
[INFO] Episode duration: 3600s (60 min)

[DEBUG] 🎯 Célzott Forgalom Generálása (R1C1_C) | Period: 7.02
Found 6 valid OD pairs for R1C1_C
Generating focused traffic: Period 7.0200s
[INFO] Subscriptions active: 6 (libsumo, fast mode)
[INFO] Episode duration: 2700s (45 min)

[DEBUG] 🎯 Célzott Forgalom Generálása (R1C1_C) | Period: 5.4647
Found 6 valid OD pairs for R1C1_C
Generating focused traffic: Period 5.4647s
[INFO] Subscriptions active: 6 (libsumo, fast mode)
[INFO] Episode duration: 900s (15 min)

[DEBUG] 🎯 Célzott Forgalom Generálása (R1C1_C) | Period: 6.8679
Found 6 valid OD pairs for R1C1_C
Generating focused traffic: Period 6.8679s
[INFO] Subscriptions active: 6 (libsumo, fast mode)
[INFO] Episode duration: 900s (15 min)

[DEBUG] 🎯 Célzott Forgalom Generálása (R1C1_C) | Period: 7.5838
Found 6 valid OD pairs for R1C1_C
Generating focused traffic: Period 7.5838s
[INFO] Subscriptions active: 6 (libsumo, fast mode)
[INFO] Episode duration: 900s (15 min)

[DEBUG] 🎯 Célzott Forgalom Generálása (R1C1_C) | Period: 5.6821
Found 6 valid OD pairs for R1C1_C
Generating focused traffic: Period 5.6821s
[INFO] Subscriptions active: 6 (libsumo, fast mode)
[INFO] Episode duration: 1800s (30 min)

[DEBUG] 🎯 Célzott Forgalom Generálása (R1C1_C) | Period: 6.0215
Found 6 valid OD pairs for R1C1_C
Generating focused traffic: Period 6.0215s
[INFO] Subscriptions active: 6 (libsumo, fast mode)
[INFO] Episode duration: 900s (15 min)

[DEBUG] 🎯 Célzott Forgalom Generálása (R1C1_C) | Period: 5.3101
Found 6 valid OD pairs for R1C1_C
Generating focused traffic: Period 5.3101s
[INFO] Subscriptions active: 6 (libsumo, fast mode)
[INFO] Episode duration: 1800s (30 min)

[DEBUG] 🎯 Célzott Forgalom Generálása (R1C1_C) | Period: 4.629
Found 6 valid OD pairs for R1C1_C
Generating focused traffic: Period 4.6290s
[INFO] Subscriptions active: 6 (libsumo, fast mode)
[INFO] Episode duration: 2700s (45 min)

[DEBUG] 🎯 Célzott Forgalom Generálása (R1C1_C) | Period: 6.6509
Found 6 valid OD pairs for R1C1_C
Generating focused traffic: Period 6.6509s
[INFO] Subscriptions active: 6 (libsumo, fast mode)
[INFO] Episode duration: 2700s (45 min)

[DEBUG] 🎯 Célzott Forgalom Generálása (R1C1_C) | Period: 7.3358
Found 6 valid OD pairs for R1C1_C
Generating focused traffic: Period 7.3358s
[INFO] Subscriptions active: 6 (libsumo, fast mode)
[INFO] Episode duration: 900s (15 min)

[DEBUG] 🎯 Célzott Forgalom Generálása (R1C1_C) | Period: 7.5575
Found 6 valid OD pairs for R1C1_C
Generating focused traffic: Period 7.5575s
[INFO] Subscriptions active: 6 (libsumo, fast mode)
[INFO] Episode duration: 3600s (60 min)

[DEBUG] 🎯 Célzott Forgalom Generálása (R1C1_C) | Period: 4.4704
Found 6 valid OD pairs for R1C1_C
Generating focused traffic: Period 4.4704s
[INFO] Subscriptions active: 6 (libsumo, fast mode)
[INFO] Episode duration: 3600s (60 min)

[DEBUG] 🎯 Célzott Forgalom Generálása (R1C1_C) | Period: 4.7174
Found 6 valid OD pairs for R1C1_C
Generating focused traffic: Period 4.7174s
[INFO] Subscriptions active: 6 (libsumo, fast mode)
[INFO] Episode duration: 900s (15 min)

[DEBUG] 🎯 Célzott Forgalom Generálása (R1C1_C) | Period: 4.4235
Found 6 valid OD pairs for R1C1_C
Generating focused traffic: Period 4.4235s
[INFO] Subscriptions active: 6 (libsumo, fast mode)
[INFO] Episode duration: 3600s (60 min)

[DEBUG] 🎯 Célzott Forgalom Generálása (R1C1_C) | Period: 6.759
Found 6 valid OD pairs for R1C1_C
Generating focused traffic: Period 6.7590s
[INFO] Subscriptions active: 6 (libsumo, fast mode)
[INFO] Episode duration: 3600s (60 min)

[DEBUG] 🎯 Célzott Forgalom Generálása (R1C1_C) | Period: 4.5528
Found 6 valid OD pairs for R1C1_C
Generating focused traffic: Period 4.5528s
[INFO] Subscriptions active: 6 (libsumo, fast mode)
[INFO] Episode duration: 2700s (45 min)

[DEBUG] 🎯 Célzott Forgalom Generálása (R1C1_C) | Period: 5.8377
Found 6 valid OD pairs for R1C1_C
Generating focused traffic: Period 5.8377s
[INFO] Subscriptions active: 6 (libsumo, fast mode)
[INFO] Episode duration: 3600s (60 min)

[DEBUG] 🎯 Célzott Forgalom Generálása (R1C1_C) | Period: 6.5265
Found 6 valid OD pairs for R1C1_C
Generating focused traffic: Period 6.5265s
[INFO] Subscriptions active: 6 (libsumo, fast mode)
[INFO] Episode duration: 2700s (45 min)

[DEBUG] 🎯 Célzott Forgalom Generálása (R1C1_C) | Period: 6.2007
Found 6 valid OD pairs for R1C1_C
Generating focused traffic: Period 6.2007s
[INFO] Subscriptions active: 6 (libsumo, fast mode)
[INFO] Episode duration: 3600s (60 min)
wandb: WARNING Symlinked 1 file into the W&B run directory; call wandb.save again to sync new files.
/Users/wagnertamas/Documents/Munka/cikkek/AI_agens_konyvtar/support/intergreen_matrix_calculator/rl_trainer.py:857: UserWarning: Exporting a model while it is in training mode. Please ensure that this is intended, as it may lead to different behavior during inference. Calling model.eval() before export is recommended.
  torch.onnx.export(
/Users/wagnertamas/Documents/Munka/cikkek/AI_agens_konyvtar/support/intergreen_matrix_calculator/rl_trainer.py:857: UserWarning: # 'dynamic_axes' is not recommended when dynamo=True, and may lead to 'torch._dynamo.exc.UserError: Constraints violated.' Supply the 'dynamic_shapes' argument instead if export is unsuccessful.
  torch.onnx.export(
wandb: updating run metadata
wandb: uploading pytorch_models/R1C1_C.zip; uploading output.log; uploading wandb-summary.json; uploading config.yaml
wandb: uploading pytorch_models/R1C1_C.zip; uploading output.log
wandb: 
wandb: Run history:
wandb:  R1C1_C/action_pct/phase_0 ▄▆▅█▆▅▅▆▁▇▅▃▇▄▇▅█▅▃▆▄▅▅▅▆▄▇▆▆▅▄▅▃▃▆▄▂▁▂▅
wandb:  R1C1_C/action_pct/phase_1 ▄▃▅▁▆▅▇▇█▅▄▆▅▅▄▅▃▅▇▁▆▁▆▇▇▆▅▃▅▄▆▆█▁▆▆▄█▇▄
wandb:  R1C1_C/action_pct/phase_2 ▇▅▃▄▁▅▄▆▆▄▇▄▆▅▅▅▂▄▅▇▅▃▁▄▅▆▅▆▅▄▅▃▇█▁▇▇▃▅▆
wandb:  R1C1_C/action_pct/phase_3 ▄▆▆▆▅▅▃▁▄▄▃▆▂▆▃▄▆▅▄▄▄█▆▄▂▃▃▄▃▆▄▅▂▆▆▃▅▇▅▄
wandb:  R1C1_C/train/entropy_loss ▁▂▂▂▄▄▄▄▄▄▃▃▄▄▄▄▃▄▄▄▅▅▅▆▇▇▇▇▇▇▇█▇▇▇▇▇▆▆▆
wandb: R1C1_C/train/learning_rate ▁▁▁▁▁▁▁▁▁▁▁▁▁▁▁▁▁▁▁▁▁▁▁▁▁▁▁▁▁▁▁▁▁▁▁▁▁▁▁▁
wandb:    R1C1_C/train/value_loss ▃▄▄▃▃▃▄█▃▃▅▅▄▅▃▇▅▅▂▄▂▁▁▁▄▃▃▅▅▅▆▂▂▂▂▃▃▃▅█
wandb:                 avg_reward ▅▆▂▂▅▂▆▄▃▃█▅▆▅█▄▃▅▃▇▂▄▁▂▃▄▃▃▃▃▃▆▂▇▃▄▃▂▄▇
wandb:                    episode ▁▁▁▂▂▃▃▃▃▃▃▃▃▃▃▄▄▅▅▅▅▅▅▅▅▅▅▅▆▆▆▆▆▆▆▇▇███
wandb:         episode/avg_reward ▃▂▂▃▄▄▃▁▆▁▄▆▄▅▂▆▅▂▄▂▃▄▄▃▄▄▂▄▁▅█▃▄▇▁▄▃▃▃▆
wandb:                         +7 ...
wandb: 
wandb: Run summary:
wandb:  R1C1_C/action_pct/phase_0 25.41667
wandb:  R1C1_C/action_pct/phase_1 24.30556
wandb:  R1C1_C/action_pct/phase_2 26.11111
wandb:  R1C1_C/action_pct/phase_3 24.16667
wandb:  R1C1_C/train/entropy_loss -1.38621
wandb: R1C1_C/train/learning_rate 0.0001
wandb:    R1C1_C/train/value_loss 678.77881
wandb:                 avg_reward 0.36369
wandb:                    episode 214
wandb:         episode/avg_reward 0.31124
wandb:                         +7 ...
wandb: 
wandb: 🚀 View run a2c_speed_throughput_3x16_3_R1C1_C at: https://wandb.ai/wagnertamas-budapesti-m-szaki-s-gazdas-gtudom-nyi-egyetem/sumo-rl-stat/runs/rwjzlyk1
wandb: ⭐️ View project at: https://wandb.ai/wagnertamas-budapesti-m-szaki-s-gazdas-gtudom-nyi-egyetem/sumo-rl-stat
wandb: Synced 5 W&B file(s), 0 media file(s), 0 artifact file(s) and 1 other file(s)
wandb: Find logs at: ./wandb/run-20260322_014019-rwjzlyk1/logs

[DEBUG] 🎯 Célzott Forgalom Generálása (R1C1_C) | Period: 7.3471
Found 6 valid OD pairs for R1C1_C
Generating focused traffic: Period 7.3471s
[INFO] Subscriptions active: 6 (libsumo, fast mode)
[INFO] Episode duration: 900s (15 min)

[DEBUG] 🎯 Célzott Forgalom Generálása (R1C1_C) | Period: 6.3543
Found 6 valid OD pairs for R1C1_C
Generating focused traffic: Period 6.3543s
[INFO] Subscriptions active: 6 (libsumo, fast mode)
[INFO] Episode duration: 3600s (60 min)

[DEBUG] 🎯 Célzott Forgalom Generálása (R1C1_C) | Period: 7.2768
Found 6 valid OD pairs for R1C1_C
Generating focused traffic: Period 7.2768s
[INFO] Subscriptions active: 6 (libsumo, fast mode)
[INFO] Episode duration: 1800s (30 min)

[DEBUG] 🎯 Célzott Forgalom Generálása (R1C1_C) | Period: 7.8336
Found 6 valid OD pairs for R1C1_C
Generating focused traffic: Period 7.8336s
[INFO] Subscriptions active: 6 (libsumo, fast mode)
[INFO] Episode duration: 3600s (60 min)

[DEBUG] 🎯 Célzott Forgalom Generálása (R1C1_C) | Period: 7.7949
Found 6 valid OD pairs for R1C1_C
Generating focused traffic: Period 7.7949s
[INFO] Subscriptions active: 6 (libsumo, fast mode)
[INFO] Episode duration: 900s (15 min)

[DEBUG] 🎯 Célzott Forgalom Generálása (R1C1_C) | Period: 6.727
Found 6 valid OD pairs for R1C1_C
Generating focused traffic: Period 6.7270s
[INFO] Subscriptions active: 6 (libsumo, fast mode)
On-policy training completed.
Closing environment and EXPORTING models...
Saving PyTorch ZIP models to /Users/wagnertamas/Documents/Munka/cikkek/AI_agens_konyvtar/support/intergreen_matrix_calculator/data/runs/pytorch_models...
Saved PyTorch R1C1_C to /Users/wagnertamas/Documents/Munka/cikkek/AI_agens_konyvtar/support/intergreen_matrix_calculator/data/runs/pytorch_models/R1C1_C.zip
Exporting ONNX models to /Users/wagnertamas/Documents/Munka/cikkek/AI_agens_konyvtar/support/intergreen_matrix_calculator/data/runs/onnx_models...
Failed to export R1C1_C: # Failed to convert 'dynamic_axes' to 'dynamic_shapes'. Please provide 'dynamic_shapes' directly. Refer to the documentation for 'torch.export.export' for more information on dynamic shapes.
Cleanup done.
