wandb: [wandb.login()] Loaded credentials for https://api.wandb.ai from /Users/wagnertamas/.netrc.
wandb: Currently logged in as: wagnertamas (wagnertamas-budapesti-m-szaki-s-gazdas-gtudom-nyi-egyetem) to https://api.wandb.ai. Use `wandb login --relogin` to force relogin
wandb: setting up run w6i0dr3q
wandb: Tracking run with wandb version 0.25.0
wandb: Run data is saved locally in /Users/wagnertamas/Documents/Munka/cikkek/AI_agens_konyvtar/support/intergreen_matrix_calculator/wandb/run-20260322_021451-w6i0dr3q
wandb: Run `wandb offline` to turn off syncing.
wandb: Syncing run a2c_halt_ratio_2x128_1_R1C1_C
wandb: ⭐️ View project at https://wandb.ai/wagnertamas-budapesti-m-szaki-s-gazdas-gtudom-nyi-egyetem/sumo-rl-stat
wandb: 🚀 View run at https://wandb.ai/wagnertamas-budapesti-m-szaki-s-gazdas-gtudom-nyi-egyetem/sumo-rl-stat/runs/w6i0dr3q
[INFO] Config: training_config.yaml
[INFO] Net: /Users/wagnertamas/Documents/Munka/cikkek/AI_agens_konyvtar/support/intergreen_matrix_calculator/data/mega_catalogue_v2.net.xml
[INFO] Timesteps: 100000 | Project: sumo-rl-stat
[INFO] Junction: R1C1_C
[INFO] Algorithm: a2c | Reward: halt_ratio
[INFO] Load model: None (fresh)
[INFO] Traffic: random target+spread (epizódonként)
Initializing Environment (algorithm=a2c, reward=halt_ratio)...
[INFO] Algorithm: a2c (on_policy)
[INFO] Reward mode: halt_ratio
WandB config applied (Sweep compatible).
[INFO] Junction reward params auto-loaded from /Users/wagnertamas/Documents/Munka/cikkek/AI_agens_konyvtar/support/intergreen_matrix_calculator/data/junction_reward_params.json
[INFO] Using 'libsumo' (fast headless mode, OS=darwin).
Starting SUMO...
[INFO] Episode duration: 3600s (60 min)

[DEBUG] 🎯 Célzott Forgalom Generálása (R1C1_C) | Period: 5.954
Found 6 valid OD pairs for R1C1_C
Generating focused traffic: Period 5.9540s
[INFO] Network mapped: 1 agents, 3 detectors, 3 lanes
[INFO] Subscriptions active: 6 (libsumo, fast mode)
Agents discovered: ['R1C1_C']
[INFO] RL device: mps
[INFO] On-policy training: a2c → R1C1_C
Using mps device
Wrapping the env with a `Monitor` wrapper
Wrapping the env in a DummyVecEnv.
Starting on-policy training: 100000 timesteps...
[INFO] Episode duration: 900s (15 min)

[DEBUG] 🎯 Célzott Forgalom Generálása (R1C1_C) | Period: 6.6874
Found 6 valid OD pairs for R1C1_C
Generating focused traffic: Period 6.6874s
[INFO] Subscriptions active: 6 (libsumo, fast mode)
Logging to /Users/wagnertamas/Documents/Munka/cikkek/AI_agens_konyvtar/support/intergreen_matrix_calculator/data/runs/sumo-rl-stat/R1C1_C/A2C_74
[INFO] Episode duration: 900s (15 min)

[DEBUG] 🎯 Célzott Forgalom Generálása (R1C1_C) | Period: 7.0433
Found 6 valid OD pairs for R1C1_C
Generating focused traffic: Period 7.0433s
[INFO] Subscriptions active: 6 (libsumo, fast mode)
[INFO] Episode duration: 1800s (30 min)

[DEBUG] 🎯 Célzott Forgalom Generálása (R1C1_C) | Period: 4.4622
Found 6 valid OD pairs for R1C1_C
Generating focused traffic: Period 4.4622s
[INFO] Subscriptions active: 6 (libsumo, fast mode)
[INFO] Episode duration: 1800s (30 min)

[DEBUG] 🎯 Célzott Forgalom Generálása (R1C1_C) | Period: 5.9889
Found 6 valid OD pairs for R1C1_C
Generating focused traffic: Period 5.9889s
[INFO] Subscriptions active: 6 (libsumo, fast mode)
[INFO] Episode duration: 2700s (45 min)

[DEBUG] 🎯 Célzott Forgalom Generálása (R1C1_C) | Period: 5.3579
Found 6 valid OD pairs for R1C1_C
Generating focused traffic: Period 5.3579s
[INFO] Subscriptions active: 6 (libsumo, fast mode)
[INFO] Episode duration: 900s (15 min)

[DEBUG] 🎯 Célzott Forgalom Generálása (R1C1_C) | Period: 5.8263
Found 6 valid OD pairs for R1C1_C
Generating focused traffic: Period 5.8263s
[INFO] Subscriptions active: 6 (libsumo, fast mode)
[INFO] Episode duration: 900s (15 min)

[DEBUG] 🎯 Célzott Forgalom Generálása (R1C1_C) | Period: 4.1595
Found 6 valid OD pairs for R1C1_C
Generating focused traffic: Period 4.1595s
[INFO] Subscriptions active: 6 (libsumo, fast mode)
[INFO] Episode duration: 2700s (45 min)

[DEBUG] 🎯 Célzott Forgalom Generálása (R1C1_C) | Period: 4.4055
Found 6 valid OD pairs for R1C1_C
Generating focused traffic: Period 4.4055s
[INFO] Subscriptions active: 6 (libsumo, fast mode)
[INFO] Episode duration: 3600s (60 min)

[DEBUG] 🎯 Célzott Forgalom Generálása (R1C1_C) | Period: 4.5204
Found 6 valid OD pairs for R1C1_C
Generating focused traffic: Period 4.5204s
[INFO] Subscriptions active: 6 (libsumo, fast mode)
[INFO] Episode duration: 900s (15 min)

[DEBUG] 🎯 Célzott Forgalom Generálása (R1C1_C) | Period: 7.5762
Found 6 valid OD pairs for R1C1_C
Generating focused traffic: Period 7.5762s
[INFO] Subscriptions active: 6 (libsumo, fast mode)
[INFO] Episode duration: 1800s (30 min)

[DEBUG] 🎯 Célzott Forgalom Generálása (R1C1_C) | Period: 6.6608
Found 6 valid OD pairs for R1C1_C
Generating focused traffic: Period 6.6608s
[INFO] Subscriptions active: 6 (libsumo, fast mode)
[INFO] Episode duration: 900s (15 min)

[DEBUG] 🎯 Célzott Forgalom Generálása (R1C1_C) | Period: 6.5989
Found 6 valid OD pairs for R1C1_C
Generating focused traffic: Period 6.5989s
[INFO] Subscriptions active: 6 (libsumo, fast mode)
[INFO] Episode duration: 900s (15 min)

[DEBUG] 🎯 Célzott Forgalom Generálása (R1C1_C) | Period: 6.9139
Found 6 valid OD pairs for R1C1_C
Generating focused traffic: Period 6.9139s
[INFO] Subscriptions active: 6 (libsumo, fast mode)
[INFO] Episode duration: 3600s (60 min)

[DEBUG] 🎯 Célzott Forgalom Generálása (R1C1_C) | Period: 6.2459
Found 6 valid OD pairs for R1C1_C
Generating focused traffic: Period 6.2459s
[INFO] Subscriptions active: 6 (libsumo, fast mode)
[INFO] Episode duration: 900s (15 min)

[DEBUG] 🎯 Célzott Forgalom Generálása (R1C1_C) | Period: 7.796
Found 6 valid OD pairs for R1C1_C
Generating focused traffic: Period 7.7960s
[INFO] Subscriptions active: 6 (libsumo, fast mode)
[INFO] Episode duration: 1800s (30 min)

[DEBUG] 🎯 Célzott Forgalom Generálása (R1C1_C) | Period: 4.4975
Found 6 valid OD pairs for R1C1_C
Generating focused traffic: Period 4.4975s
[INFO] Subscriptions active: 6 (libsumo, fast mode)
[INFO] Episode duration: 2700s (45 min)

[DEBUG] 🎯 Célzott Forgalom Generálása (R1C1_C) | Period: 6.0935
Found 6 valid OD pairs for R1C1_C
Generating focused traffic: Period 6.0935s
[INFO] Subscriptions active: 6 (libsumo, fast mode)
[INFO] Episode duration: 2700s (45 min)

[DEBUG] 🎯 Célzott Forgalom Generálása (R1C1_C) | Period: 5.4074
Found 6 valid OD pairs for R1C1_C
Generating focused traffic: Period 5.4074s
[INFO] Subscriptions active: 6 (libsumo, fast mode)
[INFO] Episode duration: 3600s (60 min)

[DEBUG] 🎯 Célzott Forgalom Generálása (R1C1_C) | Period: 7.2213
Found 6 valid OD pairs for R1C1_C
Generating focused traffic: Period 7.2213s
[INFO] Subscriptions active: 6 (libsumo, fast mode)
[INFO] Episode duration: 3600s (60 min)

[DEBUG] 🎯 Célzott Forgalom Generálása (R1C1_C) | Period: 7.5506
Found 6 valid OD pairs for R1C1_C
Generating focused traffic: Period 7.5506s
[INFO] Subscriptions active: 6 (libsumo, fast mode)
[INFO] Episode duration: 900s (15 min)

[DEBUG] 🎯 Célzott Forgalom Generálása (R1C1_C) | Period: 7.2613
Found 6 valid OD pairs for R1C1_C
Generating focused traffic: Period 7.2613s
[INFO] Subscriptions active: 6 (libsumo, fast mode)
[INFO] Episode duration: 1800s (30 min)

[DEBUG] 🎯 Célzott Forgalom Generálása (R1C1_C) | Period: 5.0464
Found 6 valid OD pairs for R1C1_C
Generating focused traffic: Period 5.0464s
[INFO] Subscriptions active: 6 (libsumo, fast mode)
[INFO] Episode duration: 900s (15 min)

[DEBUG] 🎯 Célzott Forgalom Generálása (R1C1_C) | Period: 6.1868
Found 6 valid OD pairs for R1C1_C
Generating focused traffic: Period 6.1868s
[INFO] Subscriptions active: 6 (libsumo, fast mode)
[INFO] Episode duration: 2700s (45 min)

[DEBUG] 🎯 Célzott Forgalom Generálása (R1C1_C) | Period: 4.9376
Found 6 valid OD pairs for R1C1_C
Generating focused traffic: Period 4.9376s
[INFO] Subscriptions active: 6 (libsumo, fast mode)
[INFO] Episode duration: 2700s (45 min)

[DEBUG] 🎯 Célzott Forgalom Generálása (R1C1_C) | Period: 5.9924
Found 6 valid OD pairs for R1C1_C
Generating focused traffic: Period 5.9924s
[INFO] Subscriptions active: 6 (libsumo, fast mode)
[INFO] Episode duration: 1800s (30 min)

[DEBUG] 🎯 Célzott Forgalom Generálása (R1C1_C) | Period: 5.184
Found 6 valid OD pairs for R1C1_C
Generating focused traffic: Period 5.1840s
[INFO] Subscriptions active: 6 (libsumo, fast mode)
[INFO] Episode duration: 3600s (60 min)

[DEBUG] 🎯 Célzott Forgalom Generálása (R1C1_C) | Period: 7.8091
Found 6 valid OD pairs for R1C1_C
Generating focused traffic: Period 7.8091s
[INFO] Subscriptions active: 6 (libsumo, fast mode)
[INFO] Episode duration: 3600s (60 min)

[DEBUG] 🎯 Célzott Forgalom Generálása (R1C1_C) | Period: 7.9122
Found 6 valid OD pairs for R1C1_C
Generating focused traffic: Period 7.9122s
[INFO] Subscriptions active: 6 (libsumo, fast mode)
[INFO] Episode duration: 3600s (60 min)

[DEBUG] 🎯 Célzott Forgalom Generálása (R1C1_C) | Period: 6.0247
Found 6 valid OD pairs for R1C1_C
Generating focused traffic: Period 6.0247s
[INFO] Subscriptions active: 6 (libsumo, fast mode)
[INFO] Episode duration: 3600s (60 min)

[DEBUG] 🎯 Célzott Forgalom Generálása (R1C1_C) | Period: 5.2785
Found 6 valid OD pairs for R1C1_C
Generating focused traffic: Period 5.2785s
[INFO] Subscriptions active: 6 (libsumo, fast mode)
[INFO] Episode duration: 3600s (60 min)

[DEBUG] 🎯 Célzott Forgalom Generálása (R1C1_C) | Period: 7.1459
Found 6 valid OD pairs for R1C1_C
Generating focused traffic: Period 7.1459s
[INFO] Subscriptions active: 6 (libsumo, fast mode)
[INFO] Episode duration: 900s (15 min)

[DEBUG] 🎯 Célzott Forgalom Generálása (R1C1_C) | Period: 5.5706
Found 6 valid OD pairs for R1C1_C
Generating focused traffic: Period 5.5706s
[INFO] Subscriptions active: 6 (libsumo, fast mode)
[INFO] Episode duration: 1800s (30 min)

[DEBUG] 🎯 Célzott Forgalom Generálása (R1C1_C) | Period: 6.9772
Found 6 valid OD pairs for R1C1_C
Generating focused traffic: Period 6.9772s
[INFO] Subscriptions active: 6 (libsumo, fast mode)
[INFO] Episode duration: 900s (15 min)

[DEBUG] 🎯 Célzott Forgalom Generálása (R1C1_C) | Period: 7.3466
Found 6 valid OD pairs for R1C1_C
Generating focused traffic: Period 7.3466s
[INFO] Subscriptions active: 6 (libsumo, fast mode)
[INFO] Episode duration: 1800s (30 min)

[DEBUG] 🎯 Célzott Forgalom Generálása (R1C1_C) | Period: 4.477
Found 6 valid OD pairs for R1C1_C
Generating focused traffic: Period 4.4770s
[INFO] Subscriptions active: 6 (libsumo, fast mode)
[INFO] Episode duration: 900s (15 min)

[DEBUG] 🎯 Célzott Forgalom Generálása (R1C1_C) | Period: 7.2522
Found 6 valid OD pairs for R1C1_C
Generating focused traffic: Period 7.2522s
[INFO] Subscriptions active: 6 (libsumo, fast mode)
[INFO] Episode duration: 1800s (30 min)

[DEBUG] 🎯 Célzott Forgalom Generálása (R1C1_C) | Period: 6.5662
Found 6 valid OD pairs for R1C1_C
Generating focused traffic: Period 6.5662s
[INFO] Subscriptions active: 6 (libsumo, fast mode)
[INFO] Episode duration: 3600s (60 min)

[DEBUG] 🎯 Célzott Forgalom Generálása (R1C1_C) | Period: 4.6569
Found 6 valid OD pairs for R1C1_C
Generating focused traffic: Period 4.6569s
[INFO] Subscriptions active: 6 (libsumo, fast mode)
[INFO] Episode duration: 2700s (45 min)

[DEBUG] 🎯 Célzott Forgalom Generálása (R1C1_C) | Period: 5.5121
Found 6 valid OD pairs for R1C1_C
Generating focused traffic: Period 5.5121s
[INFO] Subscriptions active: 6 (libsumo, fast mode)
[INFO] Episode duration: 1800s (30 min)

[DEBUG] 🎯 Célzott Forgalom Generálása (R1C1_C) | Period: 7.2442
Found 6 valid OD pairs for R1C1_C
Generating focused traffic: Period 7.2442s
[INFO] Subscriptions active: 6 (libsumo, fast mode)
[INFO] Episode duration: 3600s (60 min)

[DEBUG] 🎯 Célzott Forgalom Generálása (R1C1_C) | Period: 5.2882
Found 6 valid OD pairs for R1C1_C
Generating focused traffic: Period 5.2882s
[INFO] Subscriptions active: 6 (libsumo, fast mode)
[INFO] Episode duration: 2700s (45 min)

[DEBUG] 🎯 Célzott Forgalom Generálása (R1C1_C) | Period: 7.3988
Found 6 valid OD pairs for R1C1_C
Generating focused traffic: Period 7.3988s
[INFO] Subscriptions active: 6 (libsumo, fast mode)
[INFO] Episode duration: 3600s (60 min)

[DEBUG] 🎯 Célzott Forgalom Generálása (R1C1_C) | Period: 5.0328
Found 6 valid OD pairs for R1C1_C
Generating focused traffic: Period 5.0328s
[INFO] Subscriptions active: 6 (libsumo, fast mode)
[INFO] Episode duration: 3600s (60 min)

[DEBUG] 🎯 Célzott Forgalom Generálása (R1C1_C) | Period: 7.4475
Found 6 valid OD pairs for R1C1_C
Generating focused traffic: Period 7.4475s
[INFO] Subscriptions active: 6 (libsumo, fast mode)
[INFO] Episode duration: 2700s (45 min)

[DEBUG] 🎯 Célzott Forgalom Generálása (R1C1_C) | Period: 6.1513
Found 6 valid OD pairs for R1C1_C
Generating focused traffic: Period 6.1513s
[INFO] Subscriptions active: 6 (libsumo, fast mode)
[INFO] Episode duration: 900s (15 min)

[DEBUG] 🎯 Célzott Forgalom Generálása (R1C1_C) | Period: 7.7117
Found 6 valid OD pairs for R1C1_C
Generating focused traffic: Period 7.7117s
[INFO] Subscriptions active: 6 (libsumo, fast mode)
[INFO] Episode duration: 3600s (60 min)

[DEBUG] 🎯 Célzott Forgalom Generálása (R1C1_C) | Period: 4.9693
Found 6 valid OD pairs for R1C1_C
Generating focused traffic: Period 4.9693s
[INFO] Subscriptions active: 6 (libsumo, fast mode)
------------------------------------
| rollout/              |          |
|    ep_len_mean        | 442      |
|    ep_rew_mean        | 71.4     |
| time/                 |          |
|    fps                | 183      |
|    iterations         | 10       |
|    time_elapsed       | 111      |
|    total_timesteps    | 20480    |
| train/                |          |
|    entropy_loss       | -1.39    |
|    explained_variance | -0.0839  |
|    learning_rate      | 0.0001   |
|    n_updates          | 9        |
|    policy_loss        | 13.2     |
|    value_loss         | 108      |
------------------------------------
[INFO] Episode duration: 900s (15 min)

[DEBUG] 🎯 Célzott Forgalom Generálása (R1C1_C) | Period: 4.0422
Found 6 valid OD pairs for R1C1_C
Generating focused traffic: Period 4.0422s
[INFO] Subscriptions active: 6 (libsumo, fast mode)
[INFO] Episode duration: 2700s (45 min)

[DEBUG] 🎯 Célzott Forgalom Generálása (R1C1_C) | Period: 7.3687
Found 6 valid OD pairs for R1C1_C
Generating focused traffic: Period 7.3687s
[INFO] Subscriptions active: 6 (libsumo, fast mode)
[INFO] Episode duration: 2700s (45 min)

[DEBUG] 🎯 Célzott Forgalom Generálása (R1C1_C) | Period: 7.4948
Found 6 valid OD pairs for R1C1_C
Generating focused traffic: Period 7.4948s
[INFO] Subscriptions active: 6 (libsumo, fast mode)
[INFO] Episode duration: 1800s (30 min)

[DEBUG] 🎯 Célzott Forgalom Generálása (R1C1_C) | Period: 6.9968
Found 6 valid OD pairs for R1C1_C
Generating focused traffic: Period 6.9968s
[INFO] Subscriptions active: 6 (libsumo, fast mode)
[INFO] Episode duration: 900s (15 min)

[DEBUG] 🎯 Célzott Forgalom Generálása (R1C1_C) | Period: 7.25
Found 6 valid OD pairs for R1C1_C
Generating focused traffic: Period 7.2500s
[INFO] Subscriptions active: 6 (libsumo, fast mode)
[INFO] Episode duration: 2700s (45 min)

[DEBUG] 🎯 Célzott Forgalom Generálása (R1C1_C) | Period: 5.8915
Found 6 valid OD pairs for R1C1_C
Generating focused traffic: Period 5.8915s
[INFO] Subscriptions active: 6 (libsumo, fast mode)
[INFO] Episode duration: 900s (15 min)

[DEBUG] 🎯 Célzott Forgalom Generálása (R1C1_C) | Period: 6.5239
Found 6 valid OD pairs for R1C1_C
Generating focused traffic: Period 6.5239s
[INFO] Subscriptions active: 6 (libsumo, fast mode)
[INFO] Episode duration: 1800s (30 min)

[DEBUG] 🎯 Célzott Forgalom Generálása (R1C1_C) | Period: 5.4939
Found 6 valid OD pairs for R1C1_C
Generating focused traffic: Period 5.4939s
[INFO] Subscriptions active: 6 (libsumo, fast mode)
[INFO] Episode duration: 1800s (30 min)

[DEBUG] 🎯 Célzott Forgalom Generálása (R1C1_C) | Period: 4.089
Found 6 valid OD pairs for R1C1_C
Generating focused traffic: Period 4.0890s
[INFO] Subscriptions active: 6 (libsumo, fast mode)
[INFO] Episode duration: 3600s (60 min)

[DEBUG] 🎯 Célzott Forgalom Generálása (R1C1_C) | Period: 7.3756
Found 6 valid OD pairs for R1C1_C
Generating focused traffic: Period 7.3756s
[INFO] Subscriptions active: 6 (libsumo, fast mode)
[INFO] Episode duration: 3600s (60 min)

[DEBUG] 🎯 Célzott Forgalom Generálása (R1C1_C) | Period: 4.9442
Found 6 valid OD pairs for R1C1_C
Generating focused traffic: Period 4.9442s
[INFO] Subscriptions active: 6 (libsumo, fast mode)
[INFO] Episode duration: 1800s (30 min)

[DEBUG] 🎯 Célzott Forgalom Generálása (R1C1_C) | Period: 5.9873
Found 6 valid OD pairs for R1C1_C
Generating focused traffic: Period 5.9873s
[INFO] Subscriptions active: 6 (libsumo, fast mode)
[INFO] Episode duration: 900s (15 min)

[DEBUG] 🎯 Célzott Forgalom Generálása (R1C1_C) | Period: 4.3578
Found 6 valid OD pairs for R1C1_C
Generating focused traffic: Period 4.3578s
[INFO] Subscriptions active: 6 (libsumo, fast mode)
[INFO] Episode duration: 2700s (45 min)

[DEBUG] 🎯 Célzott Forgalom Generálása (R1C1_C) | Period: 4.6971
Found 6 valid OD pairs for R1C1_C
Generating focused traffic: Period 4.6971s
[INFO] Subscriptions active: 6 (libsumo, fast mode)
[INFO] Episode duration: 1800s (30 min)

[DEBUG] 🎯 Célzott Forgalom Generálása (R1C1_C) | Period: 5.5989
Found 6 valid OD pairs for R1C1_C
Generating focused traffic: Period 5.5989s
[INFO] Subscriptions active: 6 (libsumo, fast mode)
[INFO] Episode duration: 900s (15 min)

[DEBUG] 🎯 Célzott Forgalom Generálása (R1C1_C) | Period: 5.0563
Found 6 valid OD pairs for R1C1_C
Generating focused traffic: Period 5.0563s
[INFO] Subscriptions active: 6 (libsumo, fast mode)
[INFO] Episode duration: 3600s (60 min)

[DEBUG] 🎯 Célzott Forgalom Generálása (R1C1_C) | Period: 7.1964
Found 6 valid OD pairs for R1C1_C
Generating focused traffic: Period 7.1964s
[INFO] Subscriptions active: 6 (libsumo, fast mode)
[INFO] Episode duration: 3600s (60 min)

[DEBUG] 🎯 Célzott Forgalom Generálása (R1C1_C) | Period: 5.7155
Found 6 valid OD pairs for R1C1_C
Generating focused traffic: Period 5.7155s
[INFO] Subscriptions active: 6 (libsumo, fast mode)
[INFO] Episode duration: 2700s (45 min)

[DEBUG] 🎯 Célzott Forgalom Generálása (R1C1_C) | Period: 4.5251
Found 6 valid OD pairs for R1C1_C
Generating focused traffic: Period 4.5251s
[INFO] Subscriptions active: 6 (libsumo, fast mode)
[INFO] Episode duration: 2700s (45 min)

[DEBUG] 🎯 Célzott Forgalom Generálása (R1C1_C) | Period: 6.5103
Found 6 valid OD pairs for R1C1_C
Generating focused traffic: Period 6.5103s
[INFO] Subscriptions active: 6 (libsumo, fast mode)
[INFO] Episode duration: 1800s (30 min)

[DEBUG] 🎯 Célzott Forgalom Generálása (R1C1_C) | Period: 5.9713
Found 6 valid OD pairs for R1C1_C
Generating focused traffic: Period 5.9713s
[INFO] Subscriptions active: 6 (libsumo, fast mode)
[INFO] Episode duration: 3600s (60 min)

[DEBUG] 🎯 Célzott Forgalom Generálása (R1C1_C) | Period: 4.8146
Found 6 valid OD pairs for R1C1_C
Generating focused traffic: Period 4.8146s
[INFO] Subscriptions active: 6 (libsumo, fast mode)
[INFO] Episode duration: 3600s (60 min)

[DEBUG] 🎯 Célzott Forgalom Generálása (R1C1_C) | Period: 4.1493
Found 6 valid OD pairs for R1C1_C
Generating focused traffic: Period 4.1493s
[INFO] Subscriptions active: 6 (libsumo, fast mode)
[INFO] Episode duration: 2700s (45 min)

[DEBUG] 🎯 Célzott Forgalom Generálása (R1C1_C) | Period: 5.8142
Found 6 valid OD pairs for R1C1_C
Generating focused traffic: Period 5.8142s
[INFO] Subscriptions active: 6 (libsumo, fast mode)
[INFO] Episode duration: 900s (15 min)

[DEBUG] 🎯 Célzott Forgalom Generálása (R1C1_C) | Period: 5.0594
Found 6 valid OD pairs for R1C1_C
Generating focused traffic: Period 5.0594s
[INFO] Subscriptions active: 6 (libsumo, fast mode)
[INFO] Episode duration: 900s (15 min)

[DEBUG] 🎯 Célzott Forgalom Generálása (R1C1_C) | Period: 5.3109
Found 6 valid OD pairs for R1C1_C
Generating focused traffic: Period 5.3109s
[INFO] Subscriptions active: 6 (libsumo, fast mode)
[INFO] Episode duration: 900s (15 min)

[DEBUG] 🎯 Célzott Forgalom Generálása (R1C1_C) | Period: 6.2578
Found 6 valid OD pairs for R1C1_C
Generating focused traffic: Period 6.2578s
[INFO] Subscriptions active: 6 (libsumo, fast mode)
[INFO] Episode duration: 900s (15 min)

[DEBUG] 🎯 Célzott Forgalom Generálása (R1C1_C) | Period: 6.0705
Found 6 valid OD pairs for R1C1_C
Generating focused traffic: Period 6.0705s
[INFO] Subscriptions active: 6 (libsumo, fast mode)
[INFO] Episode duration: 900s (15 min)

[DEBUG] 🎯 Célzott Forgalom Generálása (R1C1_C) | Period: 5.5893
Found 6 valid OD pairs for R1C1_C
Generating focused traffic: Period 5.5893s
[INFO] Subscriptions active: 6 (libsumo, fast mode)
[INFO] Episode duration: 3600s (60 min)

[DEBUG] 🎯 Célzott Forgalom Generálása (R1C1_C) | Period: 7.152
Found 6 valid OD pairs for R1C1_C
Generating focused traffic: Period 7.1520s
[INFO] Subscriptions active: 6 (libsumo, fast mode)
[INFO] Episode duration: 1800s (30 min)

[DEBUG] 🎯 Célzott Forgalom Generálása (R1C1_C) | Period: 5.0297
Found 6 valid OD pairs for R1C1_C
Generating focused traffic: Period 5.0297s
[INFO] Subscriptions active: 6 (libsumo, fast mode)
[INFO] Episode duration: 2700s (45 min)

[DEBUG] 🎯 Célzott Forgalom Generálása (R1C1_C) | Period: 4.6774
Found 6 valid OD pairs for R1C1_C
Generating focused traffic: Period 4.6774s
[INFO] Subscriptions active: 6 (libsumo, fast mode)
[INFO] Episode duration: 900s (15 min)

[DEBUG] 🎯 Célzott Forgalom Generálása (R1C1_C) | Period: 4.1294
Found 6 valid OD pairs for R1C1_C
Generating focused traffic: Period 4.1294s
[INFO] Subscriptions active: 6 (libsumo, fast mode)
[INFO] Episode duration: 1800s (30 min)

[DEBUG] 🎯 Célzott Forgalom Generálása (R1C1_C) | Period: 6.5425
Found 6 valid OD pairs for R1C1_C
Generating focused traffic: Period 6.5425s
[INFO] Subscriptions active: 6 (libsumo, fast mode)
[INFO] Episode duration: 3600s (60 min)

[DEBUG] 🎯 Célzott Forgalom Generálása (R1C1_C) | Period: 6.4707
Found 6 valid OD pairs for R1C1_C
Generating focused traffic: Period 6.4707s
[INFO] Subscriptions active: 6 (libsumo, fast mode)
[INFO] Episode duration: 3600s (60 min)

[DEBUG] 🎯 Célzott Forgalom Generálása (R1C1_C) | Period: 6.5325
Found 6 valid OD pairs for R1C1_C
Generating focused traffic: Period 6.5325s
[INFO] Subscriptions active: 6 (libsumo, fast mode)
[INFO] Episode duration: 3600s (60 min)

[DEBUG] 🎯 Célzott Forgalom Generálása (R1C1_C) | Period: 4.9661
Found 6 valid OD pairs for R1C1_C
Generating focused traffic: Period 4.9661s
[INFO] Subscriptions active: 6 (libsumo, fast mode)
[INFO] Episode duration: 2700s (45 min)

[DEBUG] 🎯 Célzott Forgalom Generálása (R1C1_C) | Period: 5.2354
Found 6 valid OD pairs for R1C1_C
Generating focused traffic: Period 5.2354s
[INFO] Subscriptions active: 6 (libsumo, fast mode)
[INFO] Episode duration: 2700s (45 min)

[DEBUG] 🎯 Célzott Forgalom Generálása (R1C1_C) | Period: 7.8124
Found 6 valid OD pairs for R1C1_C
Generating focused traffic: Period 7.8124s
[INFO] Subscriptions active: 6 (libsumo, fast mode)
[INFO] Episode duration: 2700s (45 min)

[DEBUG] 🎯 Célzott Forgalom Generálása (R1C1_C) | Period: 5.5883
Found 6 valid OD pairs for R1C1_C
Generating focused traffic: Period 5.5883s
[INFO] Subscriptions active: 6 (libsumo, fast mode)
[INFO] Episode duration: 900s (15 min)

[DEBUG] 🎯 Célzott Forgalom Generálása (R1C1_C) | Period: 4.5018
Found 6 valid OD pairs for R1C1_C
Generating focused traffic: Period 4.5018s
[INFO] Subscriptions active: 6 (libsumo, fast mode)
[INFO] Episode duration: 2700s (45 min)

[DEBUG] 🎯 Célzott Forgalom Generálása (R1C1_C) | Period: 5.5552
Found 6 valid OD pairs for R1C1_C
Generating focused traffic: Period 5.5552s
[INFO] Subscriptions active: 6 (libsumo, fast mode)
[INFO] Episode duration: 900s (15 min)

[DEBUG] 🎯 Célzott Forgalom Generálása (R1C1_C) | Period: 7.4104
Found 6 valid OD pairs for R1C1_C
Generating focused traffic: Period 7.4104s
[INFO] Subscriptions active: 6 (libsumo, fast mode)
[INFO] Episode duration: 2700s (45 min)

[DEBUG] 🎯 Célzott Forgalom Generálása (R1C1_C) | Period: 4.5048
Found 6 valid OD pairs for R1C1_C
Generating focused traffic: Period 4.5048s
[INFO] Subscriptions active: 6 (libsumo, fast mode)
[INFO] Episode duration: 2700s (45 min)

[DEBUG] 🎯 Célzott Forgalom Generálása (R1C1_C) | Period: 4.0017
Found 6 valid OD pairs for R1C1_C
Generating focused traffic: Period 4.0017s
[INFO] Subscriptions active: 6 (libsumo, fast mode)
------------------------------------
| rollout/              |          |
|    ep_len_mean        | 445      |
|    ep_rew_mean        | 71       |
| time/                 |          |
|    fps                | 183      |
|    iterations         | 20       |
|    time_elapsed       | 223      |
|    total_timesteps    | 40960    |
| train/                |          |
|    entropy_loss       | -1.39    |
|    explained_variance | -0.139   |
|    learning_rate      | 0.0001   |
|    n_updates          | 19       |
|    policy_loss        | 12.7     |
|    value_loss         | 107      |
------------------------------------
[INFO] Episode duration: 900s (15 min)

[DEBUG] 🎯 Célzott Forgalom Generálása (R1C1_C) | Period: 4.6527
Found 6 valid OD pairs for R1C1_C
Generating focused traffic: Period 4.6527s
[INFO] Subscriptions active: 6 (libsumo, fast mode)
[INFO] Episode duration: 900s (15 min)

[DEBUG] 🎯 Célzott Forgalom Generálása (R1C1_C) | Period: 7.8838
Found 6 valid OD pairs for R1C1_C
Generating focused traffic: Period 7.8838s
[INFO] Subscriptions active: 6 (libsumo, fast mode)
[INFO] Episode duration: 2700s (45 min)

[DEBUG] 🎯 Célzott Forgalom Generálása (R1C1_C) | Period: 4.5172
Found 6 valid OD pairs for R1C1_C
Generating focused traffic: Period 4.5172s
[INFO] Subscriptions active: 6 (libsumo, fast mode)
[INFO] Episode duration: 3600s (60 min)

[DEBUG] 🎯 Célzott Forgalom Generálása (R1C1_C) | Period: 5.0484
Found 6 valid OD pairs for R1C1_C
Generating focused traffic: Period 5.0484s
[INFO] Subscriptions active: 6 (libsumo, fast mode)
[INFO] Episode duration: 2700s (45 min)

[DEBUG] 🎯 Célzott Forgalom Generálása (R1C1_C) | Period: 4.8095
Found 6 valid OD pairs for R1C1_C
Generating focused traffic: Period 4.8095s
[INFO] Subscriptions active: 6 (libsumo, fast mode)
[INFO] Episode duration: 2700s (45 min)

[DEBUG] 🎯 Célzott Forgalom Generálása (R1C1_C) | Period: 7.8239
Found 6 valid OD pairs for R1C1_C
Generating focused traffic: Period 7.8239s
[INFO] Subscriptions active: 6 (libsumo, fast mode)
[INFO] Episode duration: 3600s (60 min)

[DEBUG] 🎯 Célzott Forgalom Generálása (R1C1_C) | Period: 5.9013
Found 6 valid OD pairs for R1C1_C
Generating focused traffic: Period 5.9013s
[INFO] Subscriptions active: 6 (libsumo, fast mode)
[INFO] Episode duration: 2700s (45 min)

[DEBUG] 🎯 Célzott Forgalom Generálása (R1C1_C) | Period: 5.0985
Found 6 valid OD pairs for R1C1_C
Generating focused traffic: Period 5.0985s
[INFO] Subscriptions active: 6 (libsumo, fast mode)
[INFO] Episode duration: 3600s (60 min)

[DEBUG] 🎯 Célzott Forgalom Generálása (R1C1_C) | Period: 5.0025
Found 6 valid OD pairs for R1C1_C
Generating focused traffic: Period 5.0025s
[INFO] Subscriptions active: 6 (libsumo, fast mode)
[INFO] Episode duration: 2700s (45 min)

[DEBUG] 🎯 Célzott Forgalom Generálása (R1C1_C) | Period: 6.4635
Found 6 valid OD pairs for R1C1_C
Generating focused traffic: Period 6.4635s
[INFO] Subscriptions active: 6 (libsumo, fast mode)
[INFO] Episode duration: 1800s (30 min)

[DEBUG] 🎯 Célzott Forgalom Generálása (R1C1_C) | Period: 4.7791
Found 6 valid OD pairs for R1C1_C
Generating focused traffic: Period 4.7791s
[INFO] Subscriptions active: 6 (libsumo, fast mode)
[INFO] Episode duration: 2700s (45 min)

[DEBUG] 🎯 Célzott Forgalom Generálása (R1C1_C) | Period: 7.4693
Found 6 valid OD pairs for R1C1_C
Generating focused traffic: Period 7.4693s
[INFO] Subscriptions active: 6 (libsumo, fast mode)
[INFO] Episode duration: 1800s (30 min)

[DEBUG] 🎯 Célzott Forgalom Generálása (R1C1_C) | Period: 6.163
Found 6 valid OD pairs for R1C1_C
Generating focused traffic: Period 6.1630s
[INFO] Subscriptions active: 6 (libsumo, fast mode)
[INFO] Episode duration: 3600s (60 min)

[DEBUG] 🎯 Célzott Forgalom Generálása (R1C1_C) | Period: 6.114
Found 6 valid OD pairs for R1C1_C
Generating focused traffic: Period 6.1140s
[INFO] Subscriptions active: 6 (libsumo, fast mode)
[INFO] Episode duration: 2700s (45 min)

[DEBUG] 🎯 Célzott Forgalom Generálása (R1C1_C) | Period: 6.5421
Found 6 valid OD pairs for R1C1_C
Generating focused traffic: Period 6.5421s
[INFO] Subscriptions active: 6 (libsumo, fast mode)
[INFO] Episode duration: 1800s (30 min)

[DEBUG] 🎯 Célzott Forgalom Generálása (R1C1_C) | Period: 6.8408
Found 6 valid OD pairs for R1C1_C
Generating focused traffic: Period 6.8408s
[INFO] Subscriptions active: 6 (libsumo, fast mode)
[INFO] Episode duration: 900s (15 min)

[DEBUG] 🎯 Célzott Forgalom Generálása (R1C1_C) | Period: 5.432
Found 6 valid OD pairs for R1C1_C
Generating focused traffic: Period 5.4320s
[INFO] Subscriptions active: 6 (libsumo, fast mode)
[INFO] Episode duration: 2700s (45 min)

[DEBUG] 🎯 Célzott Forgalom Generálása (R1C1_C) | Period: 4.6856
Found 6 valid OD pairs for R1C1_C
Generating focused traffic: Period 4.6856s
[INFO] Subscriptions active: 6 (libsumo, fast mode)
[INFO] Episode duration: 900s (15 min)

[DEBUG] 🎯 Célzott Forgalom Generálása (R1C1_C) | Period: 6.814
Found 6 valid OD pairs for R1C1_C
Generating focused traffic: Period 6.8140s
[INFO] Subscriptions active: 6 (libsumo, fast mode)
[INFO] Episode duration: 900s (15 min)

[DEBUG] 🎯 Célzott Forgalom Generálása (R1C1_C) | Period: 7.8285
Found 6 valid OD pairs for R1C1_C
Generating focused traffic: Period 7.8285s
[INFO] Subscriptions active: 6 (libsumo, fast mode)
[INFO] Episode duration: 2700s (45 min)

[DEBUG] 🎯 Célzott Forgalom Generálása (R1C1_C) | Period: 5.1786
Found 6 valid OD pairs for R1C1_C
Generating focused traffic: Period 5.1786s
[INFO] Subscriptions active: 6 (libsumo, fast mode)
[INFO] Episode duration: 2700s (45 min)

[DEBUG] 🎯 Célzott Forgalom Generálása (R1C1_C) | Period: 6.2613
Found 6 valid OD pairs for R1C1_C
Generating focused traffic: Period 6.2613s
[INFO] Subscriptions active: 6 (libsumo, fast mode)
[INFO] Episode duration: 2700s (45 min)

[DEBUG] 🎯 Célzott Forgalom Generálása (R1C1_C) | Period: 4.3072
Found 6 valid OD pairs for R1C1_C
Generating focused traffic: Period 4.3072s
[INFO] Subscriptions active: 6 (libsumo, fast mode)
[INFO] Episode duration: 900s (15 min)

[DEBUG] 🎯 Célzott Forgalom Generálása (R1C1_C) | Period: 7.404
Found 6 valid OD pairs for R1C1_C
Generating focused traffic: Period 7.4040s
[INFO] Subscriptions active: 6 (libsumo, fast mode)
[INFO] Episode duration: 900s (15 min)

[DEBUG] 🎯 Célzott Forgalom Generálása (R1C1_C) | Period: 7.3393
Found 6 valid OD pairs for R1C1_C
Generating focused traffic: Period 7.3393s
[INFO] Subscriptions active: 6 (libsumo, fast mode)
[INFO] Episode duration: 1800s (30 min)

[DEBUG] 🎯 Célzott Forgalom Generálása (R1C1_C) | Period: 6.778
Found 6 valid OD pairs for R1C1_C
Generating focused traffic: Period 6.7780s
[INFO] Subscriptions active: 6 (libsumo, fast mode)
[INFO] Episode duration: 900s (15 min)

[DEBUG] 🎯 Célzott Forgalom Generálása (R1C1_C) | Period: 6.2791
Found 6 valid OD pairs for R1C1_C
Generating focused traffic: Period 6.2791s
[INFO] Subscriptions active: 6 (libsumo, fast mode)
[INFO] Episode duration: 2700s (45 min)

[DEBUG] 🎯 Célzott Forgalom Generálása (R1C1_C) | Period: 6.7122
Found 6 valid OD pairs for R1C1_C
Generating focused traffic: Period 6.7122s
[INFO] Subscriptions active: 6 (libsumo, fast mode)
[INFO] Episode duration: 1800s (30 min)

[DEBUG] 🎯 Célzott Forgalom Generálása (R1C1_C) | Period: 6.7558
Found 6 valid OD pairs for R1C1_C
Generating focused traffic: Period 6.7558s
[INFO] Subscriptions active: 6 (libsumo, fast mode)
[INFO] Episode duration: 3600s (60 min)

[DEBUG] 🎯 Célzott Forgalom Generálása (R1C1_C) | Period: 7.161
Found 6 valid OD pairs for R1C1_C
Generating focused traffic: Period 7.1610s
[INFO] Subscriptions active: 6 (libsumo, fast mode)
[INFO] Episode duration: 900s (15 min)

[DEBUG] 🎯 Célzott Forgalom Generálása (R1C1_C) | Period: 7.7025
Found 6 valid OD pairs for R1C1_C
Generating focused traffic: Period 7.7025s
[INFO] Subscriptions active: 6 (libsumo, fast mode)
[INFO] Episode duration: 3600s (60 min)

[DEBUG] 🎯 Célzott Forgalom Generálása (R1C1_C) | Period: 7.8725
Found 6 valid OD pairs for R1C1_C
Generating focused traffic: Period 7.8725s
[INFO] Subscriptions active: 6 (libsumo, fast mode)
[INFO] Episode duration: 1800s (30 min)

[DEBUG] 🎯 Célzott Forgalom Generálása (R1C1_C) | Period: 4.2177
Found 6 valid OD pairs for R1C1_C
Generating focused traffic: Period 4.2177s
[INFO] Subscriptions active: 6 (libsumo, fast mode)
[INFO] Episode duration: 900s (15 min)

[DEBUG] 🎯 Célzott Forgalom Generálása (R1C1_C) | Period: 6.0562
Found 6 valid OD pairs for R1C1_C
Generating focused traffic: Period 6.0562s
[INFO] Subscriptions active: 6 (libsumo, fast mode)
[INFO] Episode duration: 3600s (60 min)

[DEBUG] 🎯 Célzott Forgalom Generálása (R1C1_C) | Period: 6.7601
Found 6 valid OD pairs for R1C1_C
Generating focused traffic: Period 6.7601s
[INFO] Subscriptions active: 6 (libsumo, fast mode)
[INFO] Episode duration: 1800s (30 min)

[DEBUG] 🎯 Célzott Forgalom Generálása (R1C1_C) | Period: 5.1866
Found 6 valid OD pairs for R1C1_C
Generating focused traffic: Period 5.1866s
[INFO] Subscriptions active: 6 (libsumo, fast mode)
[INFO] Episode duration: 900s (15 min)

[DEBUG] 🎯 Célzott Forgalom Generálása (R1C1_C) | Period: 6.9132
Found 6 valid OD pairs for R1C1_C
Generating focused traffic: Period 6.9132s
[INFO] Subscriptions active: 6 (libsumo, fast mode)
[INFO] Episode duration: 1800s (30 min)

[DEBUG] 🎯 Célzott Forgalom Generálása (R1C1_C) | Period: 4.0115
Found 6 valid OD pairs for R1C1_C
Generating focused traffic: Period 4.0115s
[INFO] Subscriptions active: 6 (libsumo, fast mode)
[INFO] Episode duration: 900s (15 min)

[DEBUG] 🎯 Célzott Forgalom Generálása (R1C1_C) | Period: 7.6499
Found 6 valid OD pairs for R1C1_C
Generating focused traffic: Period 7.6499s
[INFO] Subscriptions active: 6 (libsumo, fast mode)
[INFO] Episode duration: 900s (15 min)

[DEBUG] 🎯 Célzott Forgalom Generálása (R1C1_C) | Period: 7.1511
Found 6 valid OD pairs for R1C1_C
Generating focused traffic: Period 7.1511s
[INFO] Subscriptions active: 6 (libsumo, fast mode)
[INFO] Episode duration: 2700s (45 min)

[DEBUG] 🎯 Célzott Forgalom Generálása (R1C1_C) | Period: 4.5327
Found 6 valid OD pairs for R1C1_C
Generating focused traffic: Period 4.5327s
[INFO] Subscriptions active: 6 (libsumo, fast mode)
[INFO] Episode duration: 1800s (30 min)

[DEBUG] 🎯 Célzott Forgalom Generálása (R1C1_C) | Period: 6.5199
Found 6 valid OD pairs for R1C1_C
Generating focused traffic: Period 6.5199s
[INFO] Subscriptions active: 6 (libsumo, fast mode)
[INFO] Episode duration: 2700s (45 min)

[DEBUG] 🎯 Célzott Forgalom Generálása (R1C1_C) | Period: 6.985
Found 6 valid OD pairs for R1C1_C
Generating focused traffic: Period 6.9850s
[INFO] Subscriptions active: 6 (libsumo, fast mode)
[INFO] Episode duration: 2700s (45 min)

[DEBUG] 🎯 Célzott Forgalom Generálása (R1C1_C) | Period: 7.4662
Found 6 valid OD pairs for R1C1_C
Generating focused traffic: Period 7.4662s
[INFO] Subscriptions active: 6 (libsumo, fast mode)
[INFO] Episode duration: 900s (15 min)

[DEBUG] 🎯 Célzott Forgalom Generálása (R1C1_C) | Period: 6.1189
Found 6 valid OD pairs for R1C1_C
Generating focused traffic: Period 6.1189s
[INFO] Subscriptions active: 6 (libsumo, fast mode)
[INFO] Episode duration: 1800s (30 min)

[DEBUG] 🎯 Célzott Forgalom Generálása (R1C1_C) | Period: 4.5973
Found 6 valid OD pairs for R1C1_C
Generating focused traffic: Period 4.5973s
[INFO] Subscriptions active: 6 (libsumo, fast mode)
[INFO] Episode duration: 900s (15 min)

[DEBUG] 🎯 Célzott Forgalom Generálása (R1C1_C) | Period: 6.2822
Found 6 valid OD pairs for R1C1_C
Generating focused traffic: Period 6.2822s
[INFO] Subscriptions active: 6 (libsumo, fast mode)
[INFO] Episode duration: 2700s (45 min)

[DEBUG] 🎯 Célzott Forgalom Generálása (R1C1_C) | Period: 7.7269
Found 6 valid OD pairs for R1C1_C
Generating focused traffic: Period 7.7269s
[INFO] Subscriptions active: 6 (libsumo, fast mode)
[INFO] Episode duration: 2700s (45 min)

[DEBUG] 🎯 Célzott Forgalom Generálása (R1C1_C) | Period: 7.3963
Found 6 valid OD pairs for R1C1_C
Generating focused traffic: Period 7.3963s
[INFO] Subscriptions active: 6 (libsumo, fast mode)
------------------------------------
| rollout/              |          |
|    ep_len_mean        | 441      |
|    ep_rew_mean        | 71       |
| time/                 |          |
|    fps                | 183      |
|    iterations         | 30       |
|    time_elapsed       | 334      |
|    total_timesteps    | 61440    |
| train/                |          |
|    entropy_loss       | -1.39    |
|    explained_variance | -0.102   |
|    learning_rate      | 0.0001   |
|    n_updates          | 29       |
|    policy_loss        | 13.8     |
|    value_loss         | 141      |
------------------------------------
[INFO] Episode duration: 2700s (45 min)

[DEBUG] 🎯 Célzott Forgalom Generálása (R1C1_C) | Period: 4.1838
Found 6 valid OD pairs for R1C1_C
Generating focused traffic: Period 4.1838s
[INFO] Subscriptions active: 6 (libsumo, fast mode)
[INFO] Episode duration: 3600s (60 min)

[DEBUG] 🎯 Célzott Forgalom Generálása (R1C1_C) | Period: 7.5897
Found 6 valid OD pairs for R1C1_C
Generating focused traffic: Period 7.5897s
[INFO] Subscriptions active: 6 (libsumo, fast mode)
[INFO] Episode duration: 3600s (60 min)

[DEBUG] 🎯 Célzott Forgalom Generálása (R1C1_C) | Period: 5.1495
Found 6 valid OD pairs for R1C1_C
Generating focused traffic: Period 5.1495s
[INFO] Subscriptions active: 6 (libsumo, fast mode)
[INFO] Episode duration: 2700s (45 min)

[DEBUG] 🎯 Célzott Forgalom Generálása (R1C1_C) | Period: 5.9977
Found 6 valid OD pairs for R1C1_C
Generating focused traffic: Period 5.9977s
[INFO] Subscriptions active: 6 (libsumo, fast mode)
[INFO] Episode duration: 2700s (45 min)

[DEBUG] 🎯 Célzott Forgalom Generálása (R1C1_C) | Period: 5.6037
Found 6 valid OD pairs for R1C1_C
Generating focused traffic: Period 5.6037s
[INFO] Subscriptions active: 6 (libsumo, fast mode)
[INFO] Episode duration: 3600s (60 min)

[DEBUG] 🎯 Célzott Forgalom Generálása (R1C1_C) | Period: 5.1386
Found 6 valid OD pairs for R1C1_C
Generating focused traffic: Period 5.1386s
[INFO] Subscriptions active: 6 (libsumo, fast mode)
[INFO] Episode duration: 3600s (60 min)

[DEBUG] 🎯 Célzott Forgalom Generálása (R1C1_C) | Period: 5.3434
Found 6 valid OD pairs for R1C1_C
Generating focused traffic: Period 5.3434s
[INFO] Subscriptions active: 6 (libsumo, fast mode)
[INFO] Episode duration: 900s (15 min)

[DEBUG] 🎯 Célzott Forgalom Generálása (R1C1_C) | Period: 6.6153
Found 6 valid OD pairs for R1C1_C
Generating focused traffic: Period 6.6153s
[INFO] Subscriptions active: 6 (libsumo, fast mode)
[INFO] Episode duration: 1800s (30 min)

[DEBUG] 🎯 Célzott Forgalom Generálása (R1C1_C) | Period: 7.0994
Found 6 valid OD pairs for R1C1_C
Generating focused traffic: Period 7.0994s
[INFO] Subscriptions active: 6 (libsumo, fast mode)
[INFO] Episode duration: 3600s (60 min)

[DEBUG] 🎯 Célzott Forgalom Generálása (R1C1_C) | Period: 6.4368
Found 6 valid OD pairs for R1C1_C
Generating focused traffic: Period 6.4368s
[INFO] Subscriptions active: 6 (libsumo, fast mode)
[INFO] Episode duration: 900s (15 min)

[DEBUG] 🎯 Célzott Forgalom Generálása (R1C1_C) | Period: 7.3016
Found 6 valid OD pairs for R1C1_C
Generating focused traffic: Period 7.3016s
[INFO] Subscriptions active: 6 (libsumo, fast mode)
[INFO] Episode duration: 900s (15 min)

[DEBUG] 🎯 Célzott Forgalom Generálása (R1C1_C) | Period: 5.8459
Found 6 valid OD pairs for R1C1_C
Generating focused traffic: Period 5.8459s
[INFO] Subscriptions active: 6 (libsumo, fast mode)
[INFO] Episode duration: 2700s (45 min)

[DEBUG] 🎯 Célzott Forgalom Generálása (R1C1_C) | Period: 6.3024
Found 6 valid OD pairs for R1C1_C
Generating focused traffic: Period 6.3024s
[INFO] Subscriptions active: 6 (libsumo, fast mode)
[INFO] Episode duration: 1800s (30 min)

[DEBUG] 🎯 Célzott Forgalom Generálása (R1C1_C) | Period: 5.5441
Found 6 valid OD pairs for R1C1_C
Generating focused traffic: Period 5.5441s
[INFO] Subscriptions active: 6 (libsumo, fast mode)
[INFO] Episode duration: 1800s (30 min)

[DEBUG] 🎯 Célzott Forgalom Generálása (R1C1_C) | Period: 6.0663
Found 6 valid OD pairs for R1C1_C
Generating focused traffic: Period 6.0663s
[INFO] Subscriptions active: 6 (libsumo, fast mode)
[INFO] Episode duration: 3600s (60 min)

[DEBUG] 🎯 Célzott Forgalom Generálása (R1C1_C) | Period: 4.8997
Found 6 valid OD pairs for R1C1_C
Generating focused traffic: Period 4.8997s
[INFO] Subscriptions active: 6 (libsumo, fast mode)
[INFO] Episode duration: 3600s (60 min)

[DEBUG] 🎯 Célzott Forgalom Generálása (R1C1_C) | Period: 4.9579
Found 6 valid OD pairs for R1C1_C
Generating focused traffic: Period 4.9579s
[INFO] Subscriptions active: 6 (libsumo, fast mode)
[INFO] Episode duration: 900s (15 min)

[DEBUG] 🎯 Célzott Forgalom Generálása (R1C1_C) | Period: 4.3959
Found 6 valid OD pairs for R1C1_C
Generating focused traffic: Period 4.3959s
[INFO] Subscriptions active: 6 (libsumo, fast mode)
[INFO] Episode duration: 900s (15 min)

[DEBUG] 🎯 Célzott Forgalom Generálása (R1C1_C) | Period: 7.1451
Found 6 valid OD pairs for R1C1_C
Generating focused traffic: Period 7.1451s
[INFO] Subscriptions active: 6 (libsumo, fast mode)
[INFO] Episode duration: 2700s (45 min)

[DEBUG] 🎯 Célzott Forgalom Generálása (R1C1_C) | Period: 6.1902
Found 6 valid OD pairs for R1C1_C
Generating focused traffic: Period 6.1902s
[INFO] Subscriptions active: 6 (libsumo, fast mode)
[INFO] Episode duration: 900s (15 min)

[DEBUG] 🎯 Célzott Forgalom Generálása (R1C1_C) | Period: 7.4615
Found 6 valid OD pairs for R1C1_C
Generating focused traffic: Period 7.4615s
[INFO] Subscriptions active: 6 (libsumo, fast mode)
[INFO] Episode duration: 2700s (45 min)

[DEBUG] 🎯 Célzott Forgalom Generálása (R1C1_C) | Period: 6.9931
Found 6 valid OD pairs for R1C1_C
Generating focused traffic: Period 6.9931s
[INFO] Subscriptions active: 6 (libsumo, fast mode)
[INFO] Episode duration: 3600s (60 min)

[DEBUG] 🎯 Célzott Forgalom Generálása (R1C1_C) | Period: 6.8599
Found 6 valid OD pairs for R1C1_C
Generating focused traffic: Period 6.8599s
[INFO] Subscriptions active: 6 (libsumo, fast mode)
[INFO] Episode duration: 2700s (45 min)

[DEBUG] 🎯 Célzott Forgalom Generálása (R1C1_C) | Period: 6.5345
Found 6 valid OD pairs for R1C1_C
Generating focused traffic: Period 6.5345s
[INFO] Subscriptions active: 6 (libsumo, fast mode)
[INFO] Episode duration: 900s (15 min)

[DEBUG] 🎯 Célzott Forgalom Generálása (R1C1_C) | Period: 6.4126
Found 6 valid OD pairs for R1C1_C
Generating focused traffic: Period 6.4126s
[INFO] Subscriptions active: 6 (libsumo, fast mode)
[INFO] Episode duration: 2700s (45 min)

[DEBUG] 🎯 Célzott Forgalom Generálása (R1C1_C) | Period: 4.024
Found 6 valid OD pairs for R1C1_C
Generating focused traffic: Period 4.0240s
[INFO] Subscriptions active: 6 (libsumo, fast mode)
[INFO] Episode duration: 1800s (30 min)

[DEBUG] 🎯 Célzott Forgalom Generálása (R1C1_C) | Period: 7.1709
Found 6 valid OD pairs for R1C1_C
Generating focused traffic: Period 7.1709s
[INFO] Subscriptions active: 6 (libsumo, fast mode)
[INFO] Episode duration: 1800s (30 min)

[DEBUG] 🎯 Célzott Forgalom Generálása (R1C1_C) | Period: 7.3023
Found 6 valid OD pairs for R1C1_C
Generating focused traffic: Period 7.3023s
[INFO] Subscriptions active: 6 (libsumo, fast mode)
[INFO] Episode duration: 1800s (30 min)

[DEBUG] 🎯 Célzott Forgalom Generálása (R1C1_C) | Period: 6.7858
Found 6 valid OD pairs for R1C1_C
Generating focused traffic: Period 6.7858s
[INFO] Subscriptions active: 6 (libsumo, fast mode)
[INFO] Episode duration: 2700s (45 min)

[DEBUG] 🎯 Célzott Forgalom Generálása (R1C1_C) | Period: 4.1781
Found 6 valid OD pairs for R1C1_C
Generating focused traffic: Period 4.1781s
[INFO] Subscriptions active: 6 (libsumo, fast mode)
[INFO] Episode duration: 900s (15 min)

[DEBUG] 🎯 Célzott Forgalom Generálása (R1C1_C) | Period: 7.5274
Found 6 valid OD pairs for R1C1_C
Generating focused traffic: Period 7.5274s
[INFO] Subscriptions active: 6 (libsumo, fast mode)
[INFO] Episode duration: 900s (15 min)

[DEBUG] 🎯 Célzott Forgalom Generálása (R1C1_C) | Period: 6.8623
Found 6 valid OD pairs for R1C1_C
Generating focused traffic: Period 6.8623s
[INFO] Subscriptions active: 6 (libsumo, fast mode)
[INFO] Episode duration: 2700s (45 min)

[DEBUG] 🎯 Célzott Forgalom Generálása (R1C1_C) | Period: 7.8818
Found 6 valid OD pairs for R1C1_C
Generating focused traffic: Period 7.8818s
[INFO] Subscriptions active: 6 (libsumo, fast mode)
[INFO] Episode duration: 1800s (30 min)

[DEBUG] 🎯 Célzott Forgalom Generálása (R1C1_C) | Period: 5.5847
Found 6 valid OD pairs for R1C1_C
Generating focused traffic: Period 5.5847s
[INFO] Subscriptions active: 6 (libsumo, fast mode)
[INFO] Episode duration: 2700s (45 min)

[DEBUG] 🎯 Célzott Forgalom Generálása (R1C1_C) | Period: 6.192
Found 6 valid OD pairs for R1C1_C
Generating focused traffic: Period 6.1920s
[INFO] Subscriptions active: 6 (libsumo, fast mode)
[INFO] Episode duration: 1800s (30 min)

[DEBUG] 🎯 Célzott Forgalom Generálása (R1C1_C) | Period: 5.0838
Found 6 valid OD pairs for R1C1_C
Generating focused traffic: Period 5.0838s
[INFO] Subscriptions active: 6 (libsumo, fast mode)
[INFO] Episode duration: 1800s (30 min)

[DEBUG] 🎯 Célzott Forgalom Generálása (R1C1_C) | Period: 6.6642
Found 6 valid OD pairs for R1C1_C
Generating focused traffic: Period 6.6642s
[INFO] Subscriptions active: 6 (libsumo, fast mode)
[INFO] Episode duration: 1800s (30 min)

[DEBUG] 🎯 Célzott Forgalom Generálása (R1C1_C) | Period: 7.1925
Found 6 valid OD pairs for R1C1_C
Generating focused traffic: Period 7.1925s
[INFO] Subscriptions active: 6 (libsumo, fast mode)
[INFO] Episode duration: 900s (15 min)

[DEBUG] 🎯 Célzott Forgalom Generálása (R1C1_C) | Period: 5.3082
Found 6 valid OD pairs for R1C1_C
Generating focused traffic: Period 5.3082s
[INFO] Subscriptions active: 6 (libsumo, fast mode)
[INFO] Episode duration: 2700s (45 min)

[DEBUG] 🎯 Célzott Forgalom Generálása (R1C1_C) | Period: 4.0745
Found 6 valid OD pairs for R1C1_C
Generating focused traffic: Period 4.0745s
[INFO] Subscriptions active: 6 (libsumo, fast mode)
[INFO] Episode duration: 2700s (45 min)

[DEBUG] 🎯 Célzott Forgalom Generálása (R1C1_C) | Period: 5.2
Found 6 valid OD pairs for R1C1_C
Generating focused traffic: Period 5.2000s
[INFO] Subscriptions active: 6 (libsumo, fast mode)
[INFO] Episode duration: 2700s (45 min)

[DEBUG] 🎯 Célzott Forgalom Generálása (R1C1_C) | Period: 6.6118
Found 6 valid OD pairs for R1C1_C
Generating focused traffic: Period 6.6118s
[INFO] Subscriptions active: 6 (libsumo, fast mode)
[INFO] Episode duration: 3600s (60 min)

[DEBUG] 🎯 Célzott Forgalom Generálása (R1C1_C) | Period: 4.5513
Found 6 valid OD pairs for R1C1_C
Generating focused traffic: Period 4.5513s
[INFO] Subscriptions active: 6 (libsumo, fast mode)
[INFO] Episode duration: 3600s (60 min)

[DEBUG] 🎯 Célzott Forgalom Generálása (R1C1_C) | Period: 7.41
Found 6 valid OD pairs for R1C1_C
Generating focused traffic: Period 7.4100s
[INFO] Subscriptions active: 6 (libsumo, fast mode)
[INFO] Episode duration: 2700s (45 min)

[DEBUG] 🎯 Célzott Forgalom Generálása (R1C1_C) | Period: 5.7824
Found 6 valid OD pairs for R1C1_C
Generating focused traffic: Period 5.7824s
[INFO] Subscriptions active: 6 (libsumo, fast mode)
------------------------------------
| rollout/              |          |
|    ep_len_mean        | 437      |
|    ep_rew_mean        | 71.8     |
| time/                 |          |
|    fps                | 184      |
|    iterations         | 40       |
|    time_elapsed       | 445      |
|    total_timesteps    | 81920    |
| train/                |          |
|    entropy_loss       | -1.38    |
|    explained_variance | -0.203   |
|    learning_rate      | 0.0001   |
|    n_updates          | 39       |
|    policy_loss        | 10.7     |
|    value_loss         | 84.9     |
------------------------------------
[INFO] Episode duration: 2700s (45 min)

[DEBUG] 🎯 Célzott Forgalom Generálása (R1C1_C) | Period: 5.9584
Found 6 valid OD pairs for R1C1_C
Generating focused traffic: Period 5.9584s
[INFO] Subscriptions active: 6 (libsumo, fast mode)
[INFO] Episode duration: 3600s (60 min)

[DEBUG] 🎯 Célzott Forgalom Generálása (R1C1_C) | Period: 7.442
Found 6 valid OD pairs for R1C1_C
Generating focused traffic: Period 7.4420s
[INFO] Subscriptions active: 6 (libsumo, fast mode)
[INFO] Episode duration: 900s (15 min)

[DEBUG] 🎯 Célzott Forgalom Generálása (R1C1_C) | Period: 4.8941
Found 6 valid OD pairs for R1C1_C
Generating focused traffic: Period 4.8941s
[INFO] Subscriptions active: 6 (libsumo, fast mode)
[INFO] Episode duration: 1800s (30 min)

[DEBUG] 🎯 Célzott Forgalom Generálása (R1C1_C) | Period: 7.1832
Found 6 valid OD pairs for R1C1_C
Generating focused traffic: Period 7.1832s
[INFO] Subscriptions active: 6 (libsumo, fast mode)
[INFO] Episode duration: 900s (15 min)

[DEBUG] 🎯 Célzott Forgalom Generálása (R1C1_C) | Period: 7.2498
Found 6 valid OD pairs for R1C1_C
Generating focused traffic: Period 7.2498s
[INFO] Subscriptions active: 6 (libsumo, fast mode)
[INFO] Episode duration: 1800s (30 min)

[DEBUG] 🎯 Célzott Forgalom Generálása (R1C1_C) | Period: 4.8264
Found 6 valid OD pairs for R1C1_C
Generating focused traffic: Period 4.8264s
[INFO] Subscriptions active: 6 (libsumo, fast mode)
[INFO] Episode duration: 1800s (30 min)

[DEBUG] 🎯 Célzott Forgalom Generálása (R1C1_C) | Period: 4.9549
Found 6 valid OD pairs for R1C1_C
Generating focused traffic: Period 4.9549s
[INFO] Subscriptions active: 6 (libsumo, fast mode)
[INFO] Episode duration: 900s (15 min)

[DEBUG] 🎯 Célzott Forgalom Generálása (R1C1_C) | Period: 7.8639
Found 6 valid OD pairs for R1C1_C
Generating focused traffic: Period 7.8639s
[INFO] Subscriptions active: 6 (libsumo, fast mode)
[INFO] Episode duration: 2700s (45 min)

[DEBUG] 🎯 Célzott Forgalom Generálása (R1C1_C) | Period: 6.6884
Found 6 valid OD pairs for R1C1_C
Generating focused traffic: Period 6.6884s
[INFO] Subscriptions active: 6 (libsumo, fast mode)
[INFO] Episode duration: 3600s (60 min)

[DEBUG] 🎯 Célzott Forgalom Generálása (R1C1_C) | Period: 5.775
Found 6 valid OD pairs for R1C1_C
Generating focused traffic: Period 5.7750s
[INFO] Subscriptions active: 6 (libsumo, fast mode)
[INFO] Episode duration: 3600s (60 min)

[DEBUG] 🎯 Célzott Forgalom Generálása (R1C1_C) | Period: 6.422
Found 6 valid OD pairs for R1C1_C
Generating focused traffic: Period 6.4220s
[INFO] Subscriptions active: 6 (libsumo, fast mode)
[INFO] Episode duration: 900s (15 min)

[DEBUG] 🎯 Célzott Forgalom Generálása (R1C1_C) | Period: 7.3711
Found 6 valid OD pairs for R1C1_C
Generating focused traffic: Period 7.3711s
[INFO] Subscriptions active: 6 (libsumo, fast mode)
[INFO] Episode duration: 1800s (30 min)

[DEBUG] 🎯 Célzott Forgalom Generálása (R1C1_C) | Period: 5.7918
Found 6 valid OD pairs for R1C1_C
Generating focused traffic: Period 5.7918s
[INFO] Subscriptions active: 6 (libsumo, fast mode)
[INFO] Episode duration: 2700s (45 min)

[DEBUG] 🎯 Célzott Forgalom Generálása (R1C1_C) | Period: 6.0145
Found 6 valid OD pairs for R1C1_C
Generating focused traffic: Period 6.0145s
[INFO] Subscriptions active: 6 (libsumo, fast mode)
[INFO] Episode duration: 900s (15 min)

[DEBUG] 🎯 Célzott Forgalom Generálása (R1C1_C) | Period: 7.3114
Found 6 valid OD pairs for R1C1_C
Generating focused traffic: Period 7.3114s
[INFO] Subscriptions active: 6 (libsumo, fast mode)
[INFO] Episode duration: 900s (15 min)

[DEBUG] 🎯 Célzott Forgalom Generálása (R1C1_C) | Period: 5.7125
Found 6 valid OD pairs for R1C1_C
Generating focused traffic: Period 5.7125s
[INFO] Subscriptions active: 6 (libsumo, fast mode)
[INFO] Episode duration: 2700s (45 min)

[DEBUG] 🎯 Célzott Forgalom Generálása (R1C1_C) | Period: 5.0998
Found 6 valid OD pairs for R1C1_C
Generating focused traffic: Period 5.0998s
[INFO] Subscriptions active: 6 (libsumo, fast mode)
[INFO] Episode duration: 2700s (45 min)

[DEBUG] 🎯 Célzott Forgalom Generálása (R1C1_C) | Period: 4.7053
Found 6 valid OD pairs for R1C1_C
Generating focused traffic: Period 4.7053s
[INFO] Subscriptions active: 6 (libsumo, fast mode)
[INFO] Episode duration: 1800s (30 min)

[DEBUG] 🎯 Célzott Forgalom Generálása (R1C1_C) | Period: 4.582
Found 6 valid OD pairs for R1C1_C
Generating focused traffic: Period 4.5820s
[INFO] Subscriptions active: 6 (libsumo, fast mode)
[INFO] Episode duration: 900s (15 min)

[DEBUG] 🎯 Célzott Forgalom Generálása (R1C1_C) | Period: 6.1729
Found 6 valid OD pairs for R1C1_C
Generating focused traffic: Period 6.1729s
[INFO] Subscriptions active: 6 (libsumo, fast mode)
[INFO] Episode duration: 3600s (60 min)

[DEBUG] 🎯 Célzott Forgalom Generálása (R1C1_C) | Period: 6.9453
Found 6 valid OD pairs for R1C1_C
Generating focused traffic: Period 6.9453s
[INFO] Subscriptions active: 6 (libsumo, fast mode)
[INFO] Episode duration: 1800s (30 min)

[DEBUG] 🎯 Célzott Forgalom Generálása (R1C1_C) | Period: 4.1448
Found 6 valid OD pairs for R1C1_C
Generating focused traffic: Period 4.1448s
[INFO] Subscriptions active: 6 (libsumo, fast mode)
[INFO] Episode duration: 3600s (60 min)

[DEBUG] 🎯 Célzott Forgalom Generálása (R1C1_C) | Period: 7.1322
Found 6 valid OD pairs for R1C1_C
Generating focused traffic: Period 7.1322s
[INFO] Subscriptions active: 6 (libsumo, fast mode)
[INFO] Episode duration: 1800s (30 min)

[DEBUG] 🎯 Célzott Forgalom Generálása (R1C1_C) | Period: 7.1134
Found 6 valid OD pairs for R1C1_C
Generating focused traffic: Period 7.1134s
[INFO] Subscriptions active: 6 (libsumo, fast mode)
[INFO] Episode duration: 900s (15 min)

[DEBUG] 🎯 Célzott Forgalom Generálása (R1C1_C) | Period: 4.9657
Found 6 valid OD pairs for R1C1_C
Generating focused traffic: Period 4.9657s
[INFO] Subscriptions active: 6 (libsumo, fast mode)
[INFO] Episode duration: 3600s (60 min)

[DEBUG] 🎯 Célzott Forgalom Generálása (R1C1_C) | Period: 5.8632
Found 6 valid OD pairs for R1C1_C
Generating focused traffic: Period 5.8632s
[INFO] Subscriptions active: 6 (libsumo, fast mode)
[INFO] Episode duration: 2700s (45 min)

[DEBUG] 🎯 Célzott Forgalom Generálása (R1C1_C) | Period: 6.912
Found 6 valid OD pairs for R1C1_C
Generating focused traffic: Period 6.9120s
[INFO] Subscriptions active: 6 (libsumo, fast mode)
[INFO] Episode duration: 900s (15 min)

[DEBUG] 🎯 Célzott Forgalom Generálása (R1C1_C) | Period: 5.4017
Found 6 valid OD pairs for R1C1_C
Generating focused traffic: Period 5.4017s
[INFO] Subscriptions active: 6 (libsumo, fast mode)
[INFO] Episode duration: 1800s (30 min)

[DEBUG] 🎯 Célzott Forgalom Generálása (R1C1_C) | Period: 5.4367
Found 6 valid OD pairs for R1C1_C
Generating focused traffic: Period 5.4367s
[INFO] Subscriptions active: 6 (libsumo, fast mode)
[INFO] Episode duration: 2700s (45 min)

[DEBUG] 🎯 Célzott Forgalom Generálása (R1C1_C) | Period: 5.9637
Found 6 valid OD pairs for R1C1_C
Generating focused traffic: Period 5.9637s
[INFO] Subscriptions active: 6 (libsumo, fast mode)
[INFO] Episode duration: 2700s (45 min)

[DEBUG] 🎯 Célzott Forgalom Generálása (R1C1_C) | Period: 5.2829
Found 6 valid OD pairs for R1C1_C
Generating focused traffic: Period 5.2829s
[INFO] Subscriptions active: 6 (libsumo, fast mode)
[INFO] Episode duration: 1800s (30 min)

[DEBUG] 🎯 Célzott Forgalom Generálása (R1C1_C) | Period: 5.7928
Found 6 valid OD pairs for R1C1_C
Generating focused traffic: Period 5.7928s
[INFO] Subscriptions active: 6 (libsumo, fast mode)
[INFO] Episode duration: 900s (15 min)

[DEBUG] 🎯 Célzott Forgalom Generálása (R1C1_C) | Period: 4.1415
Found 6 valid OD pairs for R1C1_C
Generating focused traffic: Period 4.1415s
[INFO] Subscriptions active: 6 (libsumo, fast mode)
[INFO] Episode duration: 1800s (30 min)

[DEBUG] 🎯 Célzott Forgalom Generálása (R1C1_C) | Period: 6.5233
Found 6 valid OD pairs for R1C1_C
Generating focused traffic: Period 6.5233s
[INFO] Subscriptions active: 6 (libsumo, fast mode)
[INFO] Episode duration: 2700s (45 min)
wandb: WARNING Symlinked 1 file into the W&B run directory; call wandb.save again to sync new files.
/Users/wagnertamas/Documents/Munka/cikkek/AI_agens_konyvtar/support/intergreen_matrix_calculator/rl_trainer.py:857: UserWarning: Exporting a model while it is in training mode. Please ensure that this is intended, as it may lead to different behavior during inference. Calling model.eval() before export is recommended.
  torch.onnx.export(
/Users/wagnertamas/Documents/Munka/cikkek/AI_agens_konyvtar/support/intergreen_matrix_calculator/rl_trainer.py:857: UserWarning: # 'dynamic_axes' is not recommended when dynamo=True, and may lead to 'torch._dynamo.exc.UserError: Constraints violated.' Supply the 'dynamic_shapes' argument instead if export is unsuccessful.
  torch.onnx.export(
wandb: updating run metadata
wandb: uploading pytorch_models/R1C1_C.zip; uploading output.log; uploading wandb-summary.json; uploading config.yaml
wandb: uploading pytorch_models/R1C1_C.zip; uploading output.log; uploading wandb-summary.json
wandb: uploading pytorch_models/R1C1_C.zip
wandb: uploading history steps 992-1002, summary, console lines 1461-1483
wandb: 
wandb: Run history:
wandb:  R1C1_C/action_pct/phase_0 ▅▂▅▅▄▃▆▅▆▅▁▄▆▆▅▃▇▆▇▇▃▆▇▅▆▆█▄▇▃▅▂▇█▅▃▅█▅▆
wandb:  R1C1_C/action_pct/phase_1 ▅▅▅▇▆▆▅▇▆▆▄▆▅▅▆█▅▄▅▄▆▅▁▄▄▃▃▆▅▆▅▄▃▅▅▆▃▄▄▅
wandb:  R1C1_C/action_pct/phase_2 ▃▄▃▂▄▄▃▃▃▃▃▃▂▁▃▄▃▃▃▄▃▃▅▄▄▄▃▄▂▃▅█▃▃▄▅▄▃▃▃
wandb:  R1C1_C/action_pct/phase_3 ▅▆▅▄▃▄▃▃▄▃█▄▅▇▄▃▄▅▃▃▅▅▄▅▄▅▅▃▄▄▂▁▅▃▄▃▅▅▆▄
wandb:  R1C1_C/train/entropy_loss ▁▁▁▁▂▃▃▃▃▃▄▄▄▄▄▃▃▃▂▂▃▃▃▃▄▄▄▄▄▄▅▆▆▆▆▆▆▆▇█
wandb: R1C1_C/train/learning_rate ▁▁▁▁▁▁▁▁▁▁▁▁▁▁▁▁▁▁▁▁▁▁▁▁▁▁▁▁▁▁▁▁▁▁▁▁▁▁▁▁
wandb:    R1C1_C/train/value_loss ▄▄▄▇█▅▄▃▇▇▄▄▄▃▂▃▂▁▄▃▃▂▅▅▆▆▆▅▂▂▂▂▂▂▄▃▁▄▂▃
wandb:                 avg_reward ▂▂▃▃▆▄▂▂▂▃▃▅▃▄▂▁▂▂▂▃▂▅▂▁▄▅▅▅▃▃▂▁▂█▁▁▂▃▃▃
wandb:                    episode ▁▁▁▁▂▂▂▂▂▂▃▃▃▃▃▃▃▄▄▄▄▅▅▅▅▅▅▅▅▅▆▆▆▆▆▇▇▇▇█
wandb:         episode/avg_reward ▃▂▂▃▄▂▁▄▆▃▃▁▅▁▂▅▅▂▃▅▆▅▂▅▄▁█▆▄▆▁▄▄▇▂▂▃▂▇▅
wandb:                         +7 ...
wandb: 
wandb: Run summary:
wandb:  R1C1_C/action_pct/phase_0 24.16667
wandb:  R1C1_C/action_pct/phase_1 23.33333
wandb:  R1C1_C/action_pct/phase_2 27.22222
wandb:  R1C1_C/action_pct/phase_3 25.27778
wandb:  R1C1_C/train/entropy_loss -1.38282
wandb: R1C1_C/train/learning_rate 0.0001
wandb:    R1C1_C/train/value_loss 136.62927
wandb:                 avg_reward 0.16343
wandb:                    episode 230
wandb:         episode/avg_reward 0.15414
wandb:                         +7 ...
wandb: 
wandb: 🚀 View run a2c_halt_ratio_2x128_1_R1C1_C at: https://wandb.ai/wagnertamas-budapesti-m-szaki-s-gazdas-gtudom-nyi-egyetem/sumo-rl-stat/runs/w6i0dr3q
wandb: ⭐️ View project at: https://wandb.ai/wagnertamas-budapesti-m-szaki-s-gazdas-gtudom-nyi-egyetem/sumo-rl-stat
wandb: Synced 5 W&B file(s), 0 media file(s), 0 artifact file(s) and 1 other file(s)
wandb: Find logs at: ./wandb/run-20260322_021451-w6i0dr3q/logs

[DEBUG] 🎯 Célzott Forgalom Generálása (R1C1_C) | Period: 6.6668
Found 6 valid OD pairs for R1C1_C
Generating focused traffic: Period 6.6668s
[INFO] Subscriptions active: 6 (libsumo, fast mode)
[INFO] Episode duration: 900s (15 min)

[DEBUG] 🎯 Célzott Forgalom Generálása (R1C1_C) | Period: 4.3701
Found 6 valid OD pairs for R1C1_C
Generating focused traffic: Period 4.3701s
[INFO] Subscriptions active: 6 (libsumo, fast mode)
[INFO] Episode duration: 900s (15 min)

[DEBUG] 🎯 Célzott Forgalom Generálása (R1C1_C) | Period: 6.3686
Found 6 valid OD pairs for R1C1_C
Generating focused traffic: Period 6.3686s
[INFO] Subscriptions active: 6 (libsumo, fast mode)
[INFO] Episode duration: 900s (15 min)

[DEBUG] 🎯 Célzott Forgalom Generálása (R1C1_C) | Period: 5.7434
Found 6 valid OD pairs for R1C1_C
Generating focused traffic: Period 5.7434s
[INFO] Subscriptions active: 6 (libsumo, fast mode)
[INFO] Episode duration: 1800s (30 min)

[DEBUG] 🎯 Célzott Forgalom Generálása (R1C1_C) | Period: 6.5616
Found 6 valid OD pairs for R1C1_C
Generating focused traffic: Period 6.5616s
[INFO] Subscriptions active: 6 (libsumo, fast mode)
[INFO] Episode duration: 2700s (45 min)

[DEBUG] 🎯 Célzott Forgalom Generálása (R1C1_C) | Period: 7.7707
Found 6 valid OD pairs for R1C1_C
Generating focused traffic: Period 7.7707s
[INFO] Subscriptions active: 6 (libsumo, fast mode)
[INFO] Episode duration: 2700s (45 min)

[DEBUG] 🎯 Célzott Forgalom Generálása (R1C1_C) | Period: 7.4002
Found 6 valid OD pairs for R1C1_C
Generating focused traffic: Period 7.4002s
[INFO] Subscriptions active: 6 (libsumo, fast mode)
[INFO] Episode duration: 900s (15 min)

[DEBUG] 🎯 Célzott Forgalom Generálása (R1C1_C) | Period: 4.4183
Found 6 valid OD pairs for R1C1_C
Generating focused traffic: Period 4.4183s
[INFO] Subscriptions active: 6 (libsumo, fast mode)
[INFO] Episode duration: 2700s (45 min)

[DEBUG] 🎯 Célzott Forgalom Generálása (R1C1_C) | Period: 4.5788
Found 6 valid OD pairs for R1C1_C
Generating focused traffic: Period 4.5788s
[INFO] Subscriptions active: 6 (libsumo, fast mode)
[INFO] Episode duration: 1800s (30 min)

[DEBUG] 🎯 Célzott Forgalom Generálása (R1C1_C) | Period: 5.8352
Found 6 valid OD pairs for R1C1_C
Generating focused traffic: Period 5.8352s
[INFO] Subscriptions active: 6 (libsumo, fast mode)
[INFO] Episode duration: 2700s (45 min)

[DEBUG] 🎯 Célzott Forgalom Generálása (R1C1_C) | Period: 6.7621
Found 6 valid OD pairs for R1C1_C
Generating focused traffic: Period 6.7621s
[INFO] Subscriptions active: 6 (libsumo, fast mode)
On-policy training completed.
Closing environment and EXPORTING models...
Saving PyTorch ZIP models to /Users/wagnertamas/Documents/Munka/cikkek/AI_agens_konyvtar/support/intergreen_matrix_calculator/data/runs/pytorch_models...
Saved PyTorch R1C1_C to /Users/wagnertamas/Documents/Munka/cikkek/AI_agens_konyvtar/support/intergreen_matrix_calculator/data/runs/pytorch_models/R1C1_C.zip
Exporting ONNX models to /Users/wagnertamas/Documents/Munka/cikkek/AI_agens_konyvtar/support/intergreen_matrix_calculator/data/runs/onnx_models...
Failed to export R1C1_C: # Failed to convert 'dynamic_axes' to 'dynamic_shapes'. Please provide 'dynamic_shapes' directly. Refer to the documentation for 'torch.export.export' for more information on dynamic shapes.
Cleanup done.
