wandb: [wandb.login()] Loaded credentials for https://api.wandb.ai from /Users/wagnertamas/.netrc.
wandb: Currently logged in as: wagnertamas (wagnertamas-budapesti-m-szaki-s-gazdas-gtudom-nyi-egyetem) to https://api.wandb.ai. Use `wandb login --relogin` to force relogin
wandb: setting up run vht99qwg
wandb: Tracking run with wandb version 0.25.0
wandb: Run data is saved locally in /Users/wagnertamas/Documents/Munka/cikkek/AI_agens_konyvtar/support/intergreen_matrix_calculator/wandb/run-20260322_030043-vht99qwg
wandb: Run `wandb offline` to turn off syncing.
wandb: Syncing run a2c_co2_speedstd_3x16_1_R1C1_C
wandb: ⭐️ View project at https://wandb.ai/wagnertamas-budapesti-m-szaki-s-gazdas-gtudom-nyi-egyetem/sumo-rl-stat
wandb: 🚀 View run at https://wandb.ai/wagnertamas-budapesti-m-szaki-s-gazdas-gtudom-nyi-egyetem/sumo-rl-stat/runs/vht99qwg
[INFO] Config: training_config.yaml
[INFO] Net: /Users/wagnertamas/Documents/Munka/cikkek/AI_agens_konyvtar/support/intergreen_matrix_calculator/data/mega_catalogue_v2.net.xml
[INFO] Timesteps: 100000 | Project: sumo-rl-stat
[INFO] Junction: R1C1_C
[INFO] Algorithm: a2c | Reward: co2_speedstd
[INFO] Load model: None (fresh)
[INFO] Traffic: random target+spread (epizódonként)
Initializing Environment (algorithm=a2c, reward=co2_speedstd)...
[INFO] Algorithm: a2c (on_policy)
[INFO] Reward mode: co2_speedstd
WandB config applied (Sweep compatible).
[INFO] Junction reward params auto-loaded from /Users/wagnertamas/Documents/Munka/cikkek/AI_agens_konyvtar/support/intergreen_matrix_calculator/data/junction_reward_params.json
[INFO] Using 'libsumo' (fast headless mode, OS=darwin).
Starting SUMO...
[INFO] Episode duration: 2700s (45 min)

[DEBUG] 🎯 Célzott Forgalom Generálása (R1C1_C) | Period: 5.3577
Found 6 valid OD pairs for R1C1_C
Generating focused traffic: Period 5.3577s
[INFO] Network mapped: 1 agents, 3 detectors, 3 lanes
[INFO] Subscriptions active: 6 (libsumo, fast mode)
Agents discovered: ['R1C1_C']
[INFO] RL device: mps
[INFO] On-policy training: a2c → R1C1_C
Using mps device
Wrapping the env with a `Monitor` wrapper
Wrapping the env in a DummyVecEnv.
Starting on-policy training: 100000 timesteps...
[INFO] Episode duration: 1800s (30 min)

[DEBUG] 🎯 Célzott Forgalom Generálása (R1C1_C) | Period: 5.3259
Found 6 valid OD pairs for R1C1_C
Generating focused traffic: Period 5.3259s
[INFO] Subscriptions active: 6 (libsumo, fast mode)
Logging to /Users/wagnertamas/Documents/Munka/cikkek/AI_agens_konyvtar/support/intergreen_matrix_calculator/data/runs/sumo-rl-stat/R1C1_C/A2C_125
[INFO] Episode duration: 3600s (60 min)

[DEBUG] 🎯 Célzott Forgalom Generálása (R1C1_C) | Period: 6.9302
Found 6 valid OD pairs for R1C1_C
Generating focused traffic: Period 6.9302s
[INFO] Subscriptions active: 6 (libsumo, fast mode)
[INFO] Episode duration: 1800s (30 min)

[DEBUG] 🎯 Célzott Forgalom Generálása (R1C1_C) | Period: 6.0646
Found 6 valid OD pairs for R1C1_C
Generating focused traffic: Period 6.0646s
[INFO] Subscriptions active: 6 (libsumo, fast mode)
[INFO] Episode duration: 1800s (30 min)

[DEBUG] 🎯 Célzott Forgalom Generálása (R1C1_C) | Period: 4.4377
Found 6 valid OD pairs for R1C1_C
Generating focused traffic: Period 4.4377s
[INFO] Subscriptions active: 6 (libsumo, fast mode)
[INFO] Episode duration: 3600s (60 min)

[DEBUG] 🎯 Célzott Forgalom Generálása (R1C1_C) | Period: 5.6573
Found 6 valid OD pairs for R1C1_C
Generating focused traffic: Period 5.6573s
[INFO] Subscriptions active: 6 (libsumo, fast mode)
[INFO] Episode duration: 3600s (60 min)

[DEBUG] 🎯 Célzott Forgalom Generálása (R1C1_C) | Period: 7.8426
Found 6 valid OD pairs for R1C1_C
Generating focused traffic: Period 7.8426s
[INFO] Subscriptions active: 6 (libsumo, fast mode)
[INFO] Episode duration: 1800s (30 min)

[DEBUG] 🎯 Célzott Forgalom Generálása (R1C1_C) | Period: 7.7016
Found 6 valid OD pairs for R1C1_C
Generating focused traffic: Period 7.7016s
[INFO] Subscriptions active: 6 (libsumo, fast mode)
[INFO] Episode duration: 3600s (60 min)

[DEBUG] 🎯 Célzott Forgalom Generálása (R1C1_C) | Period: 5.2283
Found 6 valid OD pairs for R1C1_C
Generating focused traffic: Period 5.2283s
[INFO] Subscriptions active: 6 (libsumo, fast mode)
[INFO] Episode duration: 3600s (60 min)

[DEBUG] 🎯 Célzott Forgalom Generálása (R1C1_C) | Period: 7.2968
Found 6 valid OD pairs for R1C1_C
Generating focused traffic: Period 7.2968s
[INFO] Subscriptions active: 6 (libsumo, fast mode)
[INFO] Episode duration: 900s (15 min)

[DEBUG] 🎯 Célzott Forgalom Generálása (R1C1_C) | Period: 7.6656
Found 6 valid OD pairs for R1C1_C
Generating focused traffic: Period 7.6656s
[INFO] Subscriptions active: 6 (libsumo, fast mode)
[INFO] Episode duration: 2700s (45 min)

[DEBUG] 🎯 Célzott Forgalom Generálása (R1C1_C) | Period: 5.04
Found 6 valid OD pairs for R1C1_C
Generating focused traffic: Period 5.0400s
[INFO] Subscriptions active: 6 (libsumo, fast mode)
[INFO] Episode duration: 3600s (60 min)

[DEBUG] 🎯 Célzott Forgalom Generálása (R1C1_C) | Period: 7.5465
Found 6 valid OD pairs for R1C1_C
Generating focused traffic: Period 7.5465s
[INFO] Subscriptions active: 6 (libsumo, fast mode)
[INFO] Episode duration: 900s (15 min)

[DEBUG] 🎯 Célzott Forgalom Generálása (R1C1_C) | Period: 7.9843
Found 6 valid OD pairs for R1C1_C
Generating focused traffic: Period 7.9843s
[INFO] Subscriptions active: 6 (libsumo, fast mode)
[INFO] Episode duration: 3600s (60 min)

[DEBUG] 🎯 Célzott Forgalom Generálása (R1C1_C) | Period: 4.5518
Found 6 valid OD pairs for R1C1_C
Generating focused traffic: Period 4.5518s
[INFO] Subscriptions active: 6 (libsumo, fast mode)
[INFO] Episode duration: 2700s (45 min)

[DEBUG] 🎯 Célzott Forgalom Generálása (R1C1_C) | Period: 5.0457
Found 6 valid OD pairs for R1C1_C
Generating focused traffic: Period 5.0457s
[INFO] Subscriptions active: 6 (libsumo, fast mode)
[INFO] Episode duration: 1800s (30 min)

[DEBUG] 🎯 Célzott Forgalom Generálása (R1C1_C) | Period: 7.7752
Found 6 valid OD pairs for R1C1_C
Generating focused traffic: Period 7.7752s
[INFO] Subscriptions active: 6 (libsumo, fast mode)
[INFO] Episode duration: 2700s (45 min)

[DEBUG] 🎯 Célzott Forgalom Generálása (R1C1_C) | Period: 5.6282
Found 6 valid OD pairs for R1C1_C
Generating focused traffic: Period 5.6282s
[INFO] Subscriptions active: 6 (libsumo, fast mode)
[INFO] Episode duration: 900s (15 min)

[DEBUG] 🎯 Célzott Forgalom Generálása (R1C1_C) | Period: 6.2586
Found 6 valid OD pairs for R1C1_C
Generating focused traffic: Period 6.2586s
[INFO] Subscriptions active: 6 (libsumo, fast mode)
[INFO] Episode duration: 3600s (60 min)

[DEBUG] 🎯 Célzott Forgalom Generálása (R1C1_C) | Period: 7.9204
Found 6 valid OD pairs for R1C1_C
Generating focused traffic: Period 7.9204s
[INFO] Subscriptions active: 6 (libsumo, fast mode)
[INFO] Episode duration: 2700s (45 min)

[DEBUG] 🎯 Célzott Forgalom Generálása (R1C1_C) | Period: 7.0107
Found 6 valid OD pairs for R1C1_C
Generating focused traffic: Period 7.0107s
[INFO] Subscriptions active: 6 (libsumo, fast mode)
[INFO] Episode duration: 3600s (60 min)

[DEBUG] 🎯 Célzott Forgalom Generálása (R1C1_C) | Period: 5.8654
Found 6 valid OD pairs for R1C1_C
Generating focused traffic: Period 5.8654s
[INFO] Subscriptions active: 6 (libsumo, fast mode)
[INFO] Episode duration: 1800s (30 min)

[DEBUG] 🎯 Célzott Forgalom Generálása (R1C1_C) | Period: 5.3116
Found 6 valid OD pairs for R1C1_C
Generating focused traffic: Period 5.3116s
[INFO] Subscriptions active: 6 (libsumo, fast mode)
[INFO] Episode duration: 900s (15 min)

[DEBUG] 🎯 Célzott Forgalom Generálása (R1C1_C) | Period: 4.3394
Found 6 valid OD pairs for R1C1_C
Generating focused traffic: Period 4.3394s
[INFO] Subscriptions active: 6 (libsumo, fast mode)
[INFO] Episode duration: 1800s (30 min)

[DEBUG] 🎯 Célzott Forgalom Generálása (R1C1_C) | Period: 4.4006
Found 6 valid OD pairs for R1C1_C
Generating focused traffic: Period 4.4006s
[INFO] Subscriptions active: 6 (libsumo, fast mode)
[INFO] Episode duration: 900s (15 min)

[DEBUG] 🎯 Célzott Forgalom Generálása (R1C1_C) | Period: 5.2794
Found 6 valid OD pairs for R1C1_C
Generating focused traffic: Period 5.2794s
[INFO] Subscriptions active: 6 (libsumo, fast mode)
[INFO] Episode duration: 900s (15 min)

[DEBUG] 🎯 Célzott Forgalom Generálása (R1C1_C) | Period: 5.724
Found 6 valid OD pairs for R1C1_C
Generating focused traffic: Period 5.7240s
[INFO] Subscriptions active: 6 (libsumo, fast mode)
[INFO] Episode duration: 1800s (30 min)

[DEBUG] 🎯 Célzott Forgalom Generálása (R1C1_C) | Period: 5.006
Found 6 valid OD pairs for R1C1_C
Generating focused traffic: Period 5.0060s
[INFO] Subscriptions active: 6 (libsumo, fast mode)
[INFO] Episode duration: 1800s (30 min)

[DEBUG] 🎯 Célzott Forgalom Generálása (R1C1_C) | Period: 4.4112
Found 6 valid OD pairs for R1C1_C
Generating focused traffic: Period 4.4112s
[INFO] Subscriptions active: 6 (libsumo, fast mode)
[INFO] Episode duration: 900s (15 min)

[DEBUG] 🎯 Célzott Forgalom Generálása (R1C1_C) | Period: 5.4056
Found 6 valid OD pairs for R1C1_C
Generating focused traffic: Period 5.4056s
[INFO] Subscriptions active: 6 (libsumo, fast mode)
[INFO] Episode duration: 2700s (45 min)

[DEBUG] 🎯 Célzott Forgalom Generálása (R1C1_C) | Period: 4.2384
Found 6 valid OD pairs for R1C1_C
Generating focused traffic: Period 4.2384s
[INFO] Subscriptions active: 6 (libsumo, fast mode)
[INFO] Episode duration: 1800s (30 min)

[DEBUG] 🎯 Célzott Forgalom Generálása (R1C1_C) | Period: 5.0284
Found 6 valid OD pairs for R1C1_C
Generating focused traffic: Period 5.0284s
[INFO] Subscriptions active: 6 (libsumo, fast mode)
[INFO] Episode duration: 2700s (45 min)

[DEBUG] 🎯 Célzott Forgalom Generálása (R1C1_C) | Period: 4.6641
Found 6 valid OD pairs for R1C1_C
Generating focused traffic: Period 4.6641s
[INFO] Subscriptions active: 6 (libsumo, fast mode)
[INFO] Episode duration: 900s (15 min)

[DEBUG] 🎯 Célzott Forgalom Generálása (R1C1_C) | Period: 6.2112
Found 6 valid OD pairs for R1C1_C
Generating focused traffic: Period 6.2112s
[INFO] Subscriptions active: 6 (libsumo, fast mode)
[INFO] Episode duration: 2700s (45 min)

[DEBUG] 🎯 Célzott Forgalom Generálása (R1C1_C) | Period: 5.552
Found 6 valid OD pairs for R1C1_C
Generating focused traffic: Period 5.5520s
[INFO] Subscriptions active: 6 (libsumo, fast mode)
[INFO] Episode duration: 3600s (60 min)

[DEBUG] 🎯 Célzott Forgalom Generálása (R1C1_C) | Period: 6.8784
Found 6 valid OD pairs for R1C1_C
Generating focused traffic: Period 6.8784s
[INFO] Subscriptions active: 6 (libsumo, fast mode)
[INFO] Episode duration: 3600s (60 min)

[DEBUG] 🎯 Célzott Forgalom Generálása (R1C1_C) | Period: 7.5435
Found 6 valid OD pairs for R1C1_C
Generating focused traffic: Period 7.5435s
[INFO] Subscriptions active: 6 (libsumo, fast mode)
[INFO] Episode duration: 1800s (30 min)

[DEBUG] 🎯 Célzott Forgalom Generálása (R1C1_C) | Period: 5.9528
Found 6 valid OD pairs for R1C1_C
Generating focused traffic: Period 5.9528s
[INFO] Subscriptions active: 6 (libsumo, fast mode)
[INFO] Episode duration: 3600s (60 min)

[DEBUG] 🎯 Célzott Forgalom Generálása (R1C1_C) | Period: 6.315
Found 6 valid OD pairs for R1C1_C
Generating focused traffic: Period 6.3150s
[INFO] Subscriptions active: 6 (libsumo, fast mode)
[INFO] Episode duration: 3600s (60 min)

[DEBUG] 🎯 Célzott Forgalom Generálása (R1C1_C) | Period: 6.8814
Found 6 valid OD pairs for R1C1_C
Generating focused traffic: Period 6.8814s
[INFO] Subscriptions active: 6 (libsumo, fast mode)
[INFO] Episode duration: 3600s (60 min)

[DEBUG] 🎯 Célzott Forgalom Generálása (R1C1_C) | Period: 7.242
Found 6 valid OD pairs for R1C1_C
Generating focused traffic: Period 7.2420s
[INFO] Subscriptions active: 6 (libsumo, fast mode)
[INFO] Episode duration: 900s (15 min)

[DEBUG] 🎯 Célzott Forgalom Generálása (R1C1_C) | Period: 6.3356
Found 6 valid OD pairs for R1C1_C
Generating focused traffic: Period 6.3356s
[INFO] Subscriptions active: 6 (libsumo, fast mode)
[INFO] Episode duration: 900s (15 min)

[DEBUG] 🎯 Célzott Forgalom Generálása (R1C1_C) | Period: 6.6997
Found 6 valid OD pairs for R1C1_C
Generating focused traffic: Period 6.6997s
[INFO] Subscriptions active: 6 (libsumo, fast mode)
[INFO] Episode duration: 900s (15 min)

[DEBUG] 🎯 Célzott Forgalom Generálása (R1C1_C) | Period: 5.967
Found 6 valid OD pairs for R1C1_C
Generating focused traffic: Period 5.9670s
[INFO] Subscriptions active: 6 (libsumo, fast mode)
[INFO] Episode duration: 2700s (45 min)

[DEBUG] 🎯 Célzott Forgalom Generálása (R1C1_C) | Period: 7.4646
Found 6 valid OD pairs for R1C1_C
Generating focused traffic: Period 7.4646s
[INFO] Subscriptions active: 6 (libsumo, fast mode)
[INFO] Episode duration: 1800s (30 min)

[DEBUG] 🎯 Célzott Forgalom Generálása (R1C1_C) | Period: 5.0533
Found 6 valid OD pairs for R1C1_C
Generating focused traffic: Period 5.0533s
[INFO] Subscriptions active: 6 (libsumo, fast mode)
------------------------------------
| rollout/              |          |
|    ep_len_mean        | 462      |
|    ep_rew_mean        | 165      |
| time/                 |          |
|    fps                | 180      |
|    iterations         | 10       |
|    time_elapsed       | 113      |
|    total_timesteps    | 20480    |
| train/                |          |
|    entropy_loss       | -1.39    |
|    explained_variance | -0.0014  |
|    learning_rate      | 0.0001   |
|    n_updates          | 9        |
|    policy_loss        | 43.7     |
|    value_loss         | 1.09e+03 |
------------------------------------
[INFO] Episode duration: 2700s (45 min)

[DEBUG] 🎯 Célzott Forgalom Generálása (R1C1_C) | Period: 6.2247
Found 6 valid OD pairs for R1C1_C
Generating focused traffic: Period 6.2247s
[INFO] Subscriptions active: 6 (libsumo, fast mode)
[INFO] Episode duration: 900s (15 min)

[DEBUG] 🎯 Célzott Forgalom Generálása (R1C1_C) | Period: 4.68
Found 6 valid OD pairs for R1C1_C
Generating focused traffic: Period 4.6800s
[INFO] Subscriptions active: 6 (libsumo, fast mode)
[INFO] Episode duration: 1800s (30 min)

[DEBUG] 🎯 Célzott Forgalom Generálása (R1C1_C) | Period: 5.3125
Found 6 valid OD pairs for R1C1_C
Generating focused traffic: Period 5.3125s
[INFO] Subscriptions active: 6 (libsumo, fast mode)
[INFO] Episode duration: 3600s (60 min)

[DEBUG] 🎯 Célzott Forgalom Generálása (R1C1_C) | Period: 5.5364
Found 6 valid OD pairs for R1C1_C
Generating focused traffic: Period 5.5364s
[INFO] Subscriptions active: 6 (libsumo, fast mode)
[INFO] Episode duration: 2700s (45 min)

[DEBUG] 🎯 Célzott Forgalom Generálása (R1C1_C) | Period: 4.5604
Found 6 valid OD pairs for R1C1_C
Generating focused traffic: Period 4.5604s
[INFO] Subscriptions active: 6 (libsumo, fast mode)
[INFO] Episode duration: 3600s (60 min)

[DEBUG] 🎯 Célzott Forgalom Generálása (R1C1_C) | Period: 6.5841
Found 6 valid OD pairs for R1C1_C
Generating focused traffic: Period 6.5841s
[INFO] Subscriptions active: 6 (libsumo, fast mode)
[INFO] Episode duration: 900s (15 min)

[DEBUG] 🎯 Célzott Forgalom Generálása (R1C1_C) | Period: 4.4875
Found 6 valid OD pairs for R1C1_C
Generating focused traffic: Period 4.4875s
[INFO] Subscriptions active: 6 (libsumo, fast mode)
[INFO] Episode duration: 2700s (45 min)

[DEBUG] 🎯 Célzott Forgalom Generálása (R1C1_C) | Period: 4.4367
Found 6 valid OD pairs for R1C1_C
Generating focused traffic: Period 4.4367s
[INFO] Subscriptions active: 6 (libsumo, fast mode)
[INFO] Episode duration: 1800s (30 min)

[DEBUG] 🎯 Célzott Forgalom Generálása (R1C1_C) | Period: 4.155
Found 6 valid OD pairs for R1C1_C
Generating focused traffic: Period 4.1550s
[INFO] Subscriptions active: 6 (libsumo, fast mode)
[INFO] Episode duration: 900s (15 min)

[DEBUG] 🎯 Célzott Forgalom Generálása (R1C1_C) | Period: 5.2356
Found 6 valid OD pairs for R1C1_C
Generating focused traffic: Period 5.2356s
[INFO] Subscriptions active: 6 (libsumo, fast mode)
[INFO] Episode duration: 1800s (30 min)

[DEBUG] 🎯 Célzott Forgalom Generálása (R1C1_C) | Period: 6.4735
Found 6 valid OD pairs for R1C1_C
Generating focused traffic: Period 6.4735s
[INFO] Subscriptions active: 6 (libsumo, fast mode)
[INFO] Episode duration: 1800s (30 min)

[DEBUG] 🎯 Célzott Forgalom Generálása (R1C1_C) | Period: 7.2478
Found 6 valid OD pairs for R1C1_C
Generating focused traffic: Period 7.2478s
[INFO] Subscriptions active: 6 (libsumo, fast mode)
[INFO] Episode duration: 900s (15 min)

[DEBUG] 🎯 Célzott Forgalom Generálása (R1C1_C) | Period: 5.1625
Found 6 valid OD pairs for R1C1_C
Generating focused traffic: Period 5.1625s
[INFO] Subscriptions active: 6 (libsumo, fast mode)
[INFO] Episode duration: 2700s (45 min)

[DEBUG] 🎯 Célzott Forgalom Generálása (R1C1_C) | Period: 6.2009
Found 6 valid OD pairs for R1C1_C
Generating focused traffic: Period 6.2009s
[INFO] Subscriptions active: 6 (libsumo, fast mode)
[INFO] Episode duration: 3600s (60 min)

[DEBUG] 🎯 Célzott Forgalom Generálása (R1C1_C) | Period: 6.6584
Found 6 valid OD pairs for R1C1_C
Generating focused traffic: Period 6.6584s
[INFO] Subscriptions active: 6 (libsumo, fast mode)
[INFO] Episode duration: 3600s (60 min)

[DEBUG] 🎯 Célzott Forgalom Generálása (R1C1_C) | Period: 4.4602
Found 6 valid OD pairs for R1C1_C
Generating focused traffic: Period 4.4602s
[INFO] Subscriptions active: 6 (libsumo, fast mode)
[INFO] Episode duration: 2700s (45 min)

[DEBUG] 🎯 Célzott Forgalom Generálása (R1C1_C) | Period: 7.2718
Found 6 valid OD pairs for R1C1_C
Generating focused traffic: Period 7.2718s
[INFO] Subscriptions active: 6 (libsumo, fast mode)
[INFO] Episode duration: 1800s (30 min)

[DEBUG] 🎯 Célzott Forgalom Generálása (R1C1_C) | Period: 5.4382
Found 6 valid OD pairs for R1C1_C
Generating focused traffic: Period 5.4382s
[INFO] Subscriptions active: 6 (libsumo, fast mode)
[INFO] Episode duration: 3600s (60 min)

[DEBUG] 🎯 Célzott Forgalom Generálása (R1C1_C) | Period: 6.8134
Found 6 valid OD pairs for R1C1_C
Generating focused traffic: Period 6.8134s
[INFO] Subscriptions active: 6 (libsumo, fast mode)
[INFO] Episode duration: 3600s (60 min)

[DEBUG] 🎯 Célzott Forgalom Generálása (R1C1_C) | Period: 5.1473
Found 6 valid OD pairs for R1C1_C
Generating focused traffic: Period 5.1473s
[INFO] Subscriptions active: 6 (libsumo, fast mode)
[INFO] Episode duration: 1800s (30 min)

[DEBUG] 🎯 Célzott Forgalom Generálása (R1C1_C) | Period: 6.1096
Found 6 valid OD pairs for R1C1_C
Generating focused traffic: Period 6.1096s
[INFO] Subscriptions active: 6 (libsumo, fast mode)
[INFO] Episode duration: 3600s (60 min)

[DEBUG] 🎯 Célzott Forgalom Generálása (R1C1_C) | Period: 7.9377
Found 6 valid OD pairs for R1C1_C
Generating focused traffic: Period 7.9377s
[INFO] Subscriptions active: 6 (libsumo, fast mode)
[INFO] Episode duration: 900s (15 min)

[DEBUG] 🎯 Célzott Forgalom Generálása (R1C1_C) | Period: 6.1573
Found 6 valid OD pairs for R1C1_C
Generating focused traffic: Period 6.1573s
[INFO] Subscriptions active: 6 (libsumo, fast mode)
[INFO] Episode duration: 2700s (45 min)

[DEBUG] 🎯 Célzott Forgalom Generálása (R1C1_C) | Period: 7.0104
Found 6 valid OD pairs for R1C1_C
Generating focused traffic: Period 7.0104s
[INFO] Subscriptions active: 6 (libsumo, fast mode)
[INFO] Episode duration: 2700s (45 min)

[DEBUG] 🎯 Célzott Forgalom Generálása (R1C1_C) | Period: 4.8837
Found 6 valid OD pairs for R1C1_C
Generating focused traffic: Period 4.8837s
[INFO] Subscriptions active: 6 (libsumo, fast mode)
[INFO] Episode duration: 2700s (45 min)

[DEBUG] 🎯 Célzott Forgalom Generálása (R1C1_C) | Period: 5.4239
Found 6 valid OD pairs for R1C1_C
Generating focused traffic: Period 5.4239s
[INFO] Subscriptions active: 6 (libsumo, fast mode)
[INFO] Episode duration: 900s (15 min)

[DEBUG] 🎯 Célzott Forgalom Generálása (R1C1_C) | Period: 4.582
Found 6 valid OD pairs for R1C1_C
Generating focused traffic: Period 4.5820s
[INFO] Subscriptions active: 6 (libsumo, fast mode)
[INFO] Episode duration: 900s (15 min)

[DEBUG] 🎯 Célzott Forgalom Generálása (R1C1_C) | Period: 5.2905
Found 6 valid OD pairs for R1C1_C
Generating focused traffic: Period 5.2905s
[INFO] Subscriptions active: 6 (libsumo, fast mode)
[INFO] Episode duration: 900s (15 min)

[DEBUG] 🎯 Célzott Forgalom Generálása (R1C1_C) | Period: 4.8468
Found 6 valid OD pairs for R1C1_C
Generating focused traffic: Period 4.8468s
[INFO] Subscriptions active: 6 (libsumo, fast mode)
[INFO] Episode duration: 900s (15 min)

[DEBUG] 🎯 Célzott Forgalom Generálása (R1C1_C) | Period: 7.3333
Found 6 valid OD pairs for R1C1_C
Generating focused traffic: Period 7.3333s
[INFO] Subscriptions active: 6 (libsumo, fast mode)
[INFO] Episode duration: 2700s (45 min)

[DEBUG] 🎯 Célzott Forgalom Generálása (R1C1_C) | Period: 6.3138
Found 6 valid OD pairs for R1C1_C
Generating focused traffic: Period 6.3138s
[INFO] Subscriptions active: 6 (libsumo, fast mode)
[INFO] Episode duration: 1800s (30 min)

[DEBUG] 🎯 Célzott Forgalom Generálása (R1C1_C) | Period: 5.9305
Found 6 valid OD pairs for R1C1_C
Generating focused traffic: Period 5.9305s
[INFO] Subscriptions active: 6 (libsumo, fast mode)
[INFO] Episode duration: 900s (15 min)

[DEBUG] 🎯 Célzott Forgalom Generálása (R1C1_C) | Period: 7.3053
Found 6 valid OD pairs for R1C1_C
Generating focused traffic: Period 7.3053s
[INFO] Subscriptions active: 6 (libsumo, fast mode)
[INFO] Episode duration: 2700s (45 min)

[DEBUG] 🎯 Célzott Forgalom Generálása (R1C1_C) | Period: 5.6618
Found 6 valid OD pairs for R1C1_C
Generating focused traffic: Period 5.6618s
[INFO] Subscriptions active: 6 (libsumo, fast mode)
[INFO] Episode duration: 900s (15 min)

[DEBUG] 🎯 Célzott Forgalom Generálása (R1C1_C) | Period: 7.8783
Found 6 valid OD pairs for R1C1_C
Generating focused traffic: Period 7.8783s
[INFO] Subscriptions active: 6 (libsumo, fast mode)
[INFO] Episode duration: 1800s (30 min)

[DEBUG] 🎯 Célzott Forgalom Generálása (R1C1_C) | Period: 4.7291
Found 6 valid OD pairs for R1C1_C
Generating focused traffic: Period 4.7291s
[INFO] Subscriptions active: 6 (libsumo, fast mode)
[INFO] Episode duration: 900s (15 min)

[DEBUG] 🎯 Célzott Forgalom Generálása (R1C1_C) | Period: 5.3077
Found 6 valid OD pairs for R1C1_C
Generating focused traffic: Period 5.3077s
[INFO] Subscriptions active: 6 (libsumo, fast mode)
[INFO] Episode duration: 1800s (30 min)

[DEBUG] 🎯 Célzott Forgalom Generálása (R1C1_C) | Period: 5.5515
Found 6 valid OD pairs for R1C1_C
Generating focused traffic: Period 5.5515s
[INFO] Subscriptions active: 6 (libsumo, fast mode)
[INFO] Episode duration: 900s (15 min)

[DEBUG] 🎯 Célzott Forgalom Generálása (R1C1_C) | Period: 4.1905
Found 6 valid OD pairs for R1C1_C
Generating focused traffic: Period 4.1905s
[INFO] Subscriptions active: 6 (libsumo, fast mode)
[INFO] Episode duration: 1800s (30 min)

[DEBUG] 🎯 Célzott Forgalom Generálása (R1C1_C) | Period: 7.1692
Found 6 valid OD pairs for R1C1_C
Generating focused traffic: Period 7.1692s
[INFO] Subscriptions active: 6 (libsumo, fast mode)
[INFO] Episode duration: 2700s (45 min)

[DEBUG] 🎯 Célzott Forgalom Generálása (R1C1_C) | Period: 4.655
Found 6 valid OD pairs for R1C1_C
Generating focused traffic: Period 4.6550s
[INFO] Subscriptions active: 6 (libsumo, fast mode)
[INFO] Episode duration: 900s (15 min)

[DEBUG] 🎯 Célzott Forgalom Generálása (R1C1_C) | Period: 5.3174
Found 6 valid OD pairs for R1C1_C
Generating focused traffic: Period 5.3174s
[INFO] Subscriptions active: 6 (libsumo, fast mode)
[INFO] Episode duration: 1800s (30 min)

[DEBUG] 🎯 Célzott Forgalom Generálása (R1C1_C) | Period: 4.3466
Found 6 valid OD pairs for R1C1_C
Generating focused traffic: Period 4.3466s
[INFO] Subscriptions active: 6 (libsumo, fast mode)
[INFO] Episode duration: 3600s (60 min)

[DEBUG] 🎯 Célzott Forgalom Generálása (R1C1_C) | Period: 7.529
Found 6 valid OD pairs for R1C1_C
Generating focused traffic: Period 7.5290s
[INFO] Subscriptions active: 6 (libsumo, fast mode)
[INFO] Episode duration: 900s (15 min)

[DEBUG] 🎯 Célzott Forgalom Generálása (R1C1_C) | Period: 7.949
Found 6 valid OD pairs for R1C1_C
Generating focused traffic: Period 7.9490s
[INFO] Subscriptions active: 6 (libsumo, fast mode)
[INFO] Episode duration: 900s (15 min)

[DEBUG] 🎯 Célzott Forgalom Generálása (R1C1_C) | Period: 5.5528
Found 6 valid OD pairs for R1C1_C
Generating focused traffic: Period 5.5528s
[INFO] Subscriptions active: 6 (libsumo, fast mode)
[INFO] Episode duration: 3600s (60 min)

[DEBUG] 🎯 Célzott Forgalom Generálása (R1C1_C) | Period: 6.4271
Found 6 valid OD pairs for R1C1_C
Generating focused traffic: Period 6.4271s
[INFO] Subscriptions active: 6 (libsumo, fast mode)
[INFO] Episode duration: 3600s (60 min)

[DEBUG] 🎯 Célzott Forgalom Generálása (R1C1_C) | Period: 4.7039
Found 6 valid OD pairs for R1C1_C
Generating focused traffic: Period 4.7039s
[INFO] Subscriptions active: 6 (libsumo, fast mode)
[INFO] Episode duration: 1800s (30 min)

[DEBUG] 🎯 Célzott Forgalom Generálása (R1C1_C) | Period: 6.1811
Found 6 valid OD pairs for R1C1_C
Generating focused traffic: Period 6.1811s
[INFO] Subscriptions active: 6 (libsumo, fast mode)
------------------------------------
| rollout/              |          |
|    ep_len_mean        | 437      |
|    ep_rew_mean        | 153      |
| time/                 |          |
|    fps                | 179      |
|    iterations         | 20       |
|    time_elapsed       | 227      |
|    total_timesteps    | 40960    |
| train/                |          |
|    entropy_loss       | -1.39    |
|    explained_variance | -0.00471 |
|    learning_rate      | 0.0001   |
|    n_updates          | 19       |
|    policy_loss        | 35.4     |
|    value_loss         | 824      |
------------------------------------
[INFO] Episode duration: 3600s (60 min)

[DEBUG] 🎯 Célzott Forgalom Generálása (R1C1_C) | Period: 7.2492
Found 6 valid OD pairs for R1C1_C
Generating focused traffic: Period 7.2492s
[INFO] Subscriptions active: 6 (libsumo, fast mode)
[INFO] Episode duration: 2700s (45 min)

[DEBUG] 🎯 Célzott Forgalom Generálása (R1C1_C) | Period: 5.6449
Found 6 valid OD pairs for R1C1_C
Generating focused traffic: Period 5.6449s
[INFO] Subscriptions active: 6 (libsumo, fast mode)
[INFO] Episode duration: 3600s (60 min)

[DEBUG] 🎯 Célzott Forgalom Generálása (R1C1_C) | Period: 5.9403
Found 6 valid OD pairs for R1C1_C
Generating focused traffic: Period 5.9403s
[INFO] Subscriptions active: 6 (libsumo, fast mode)
[INFO] Episode duration: 900s (15 min)

[DEBUG] 🎯 Célzott Forgalom Generálása (R1C1_C) | Period: 5.5713
Found 6 valid OD pairs for R1C1_C
Generating focused traffic: Period 5.5713s
[INFO] Subscriptions active: 6 (libsumo, fast mode)
[INFO] Episode duration: 1800s (30 min)

[DEBUG] 🎯 Célzott Forgalom Generálása (R1C1_C) | Period: 7.4475
Found 6 valid OD pairs for R1C1_C
Generating focused traffic: Period 7.4475s
[INFO] Subscriptions active: 6 (libsumo, fast mode)
[INFO] Episode duration: 3600s (60 min)

[DEBUG] 🎯 Célzott Forgalom Generálása (R1C1_C) | Period: 4.3661
Found 6 valid OD pairs for R1C1_C
Generating focused traffic: Period 4.3661s
[INFO] Subscriptions active: 6 (libsumo, fast mode)
[INFO] Episode duration: 2700s (45 min)

[DEBUG] 🎯 Célzott Forgalom Generálása (R1C1_C) | Period: 6.9247
Found 6 valid OD pairs for R1C1_C
Generating focused traffic: Period 6.9247s
[INFO] Subscriptions active: 6 (libsumo, fast mode)
[INFO] Episode duration: 1800s (30 min)

[DEBUG] 🎯 Célzott Forgalom Generálása (R1C1_C) | Period: 5.3013
Found 6 valid OD pairs for R1C1_C
Generating focused traffic: Period 5.3013s
[INFO] Subscriptions active: 6 (libsumo, fast mode)
[INFO] Episode duration: 900s (15 min)

[DEBUG] 🎯 Célzott Forgalom Generálása (R1C1_C) | Period: 4.3954
Found 6 valid OD pairs for R1C1_C
Generating focused traffic: Period 4.3954s
[INFO] Subscriptions active: 6 (libsumo, fast mode)
[INFO] Episode duration: 2700s (45 min)

[DEBUG] 🎯 Célzott Forgalom Generálása (R1C1_C) | Period: 7.4936
Found 6 valid OD pairs for R1C1_C
Generating focused traffic: Period 7.4936s
[INFO] Subscriptions active: 6 (libsumo, fast mode)
[INFO] Episode duration: 1800s (30 min)

[DEBUG] 🎯 Célzott Forgalom Generálása (R1C1_C) | Period: 7.1107
Found 6 valid OD pairs for R1C1_C
Generating focused traffic: Period 7.1107s
[INFO] Subscriptions active: 6 (libsumo, fast mode)
[INFO] Episode duration: 3600s (60 min)

[DEBUG] 🎯 Célzott Forgalom Generálása (R1C1_C) | Period: 5.6583
Found 6 valid OD pairs for R1C1_C
Generating focused traffic: Period 5.6583s
[INFO] Subscriptions active: 6 (libsumo, fast mode)
[INFO] Episode duration: 3600s (60 min)

[DEBUG] 🎯 Célzott Forgalom Generálása (R1C1_C) | Period: 5.446
Found 6 valid OD pairs for R1C1_C
Generating focused traffic: Period 5.4460s
[INFO] Subscriptions active: 6 (libsumo, fast mode)
[INFO] Episode duration: 3600s (60 min)

[DEBUG] 🎯 Célzott Forgalom Generálása (R1C1_C) | Period: 6.7745
Found 6 valid OD pairs for R1C1_C
Generating focused traffic: Period 6.7745s
[INFO] Subscriptions active: 6 (libsumo, fast mode)
[INFO] Episode duration: 3600s (60 min)

[DEBUG] 🎯 Célzott Forgalom Generálása (R1C1_C) | Period: 6.7231
Found 6 valid OD pairs for R1C1_C
Generating focused traffic: Period 6.7231s
[INFO] Subscriptions active: 6 (libsumo, fast mode)
[INFO] Episode duration: 1800s (30 min)

[DEBUG] 🎯 Célzott Forgalom Generálása (R1C1_C) | Period: 6.8775
Found 6 valid OD pairs for R1C1_C
Generating focused traffic: Period 6.8775s
[INFO] Subscriptions active: 6 (libsumo, fast mode)
[INFO] Episode duration: 900s (15 min)

[DEBUG] 🎯 Célzott Forgalom Generálása (R1C1_C) | Period: 7.1399
Found 6 valid OD pairs for R1C1_C
Generating focused traffic: Period 7.1399s
[INFO] Subscriptions active: 6 (libsumo, fast mode)
[INFO] Episode duration: 3600s (60 min)

[DEBUG] 🎯 Célzott Forgalom Generálása (R1C1_C) | Period: 7.2702
Found 6 valid OD pairs for R1C1_C
Generating focused traffic: Period 7.2702s
[INFO] Subscriptions active: 6 (libsumo, fast mode)
[INFO] Episode duration: 900s (15 min)

[DEBUG] 🎯 Célzott Forgalom Generálása (R1C1_C) | Period: 6.6087
Found 6 valid OD pairs for R1C1_C
Generating focused traffic: Period 6.6087s
[INFO] Subscriptions active: 6 (libsumo, fast mode)
[INFO] Episode duration: 900s (15 min)

[DEBUG] 🎯 Célzott Forgalom Generálása (R1C1_C) | Period: 4.8114
Found 6 valid OD pairs for R1C1_C
Generating focused traffic: Period 4.8114s
[INFO] Subscriptions active: 6 (libsumo, fast mode)
[INFO] Episode duration: 900s (15 min)

[DEBUG] 🎯 Célzott Forgalom Generálása (R1C1_C) | Period: 7.5228
Found 6 valid OD pairs for R1C1_C
Generating focused traffic: Period 7.5228s
[INFO] Subscriptions active: 6 (libsumo, fast mode)
[INFO] Episode duration: 2700s (45 min)

[DEBUG] 🎯 Célzott Forgalom Generálása (R1C1_C) | Period: 6.0499
Found 6 valid OD pairs for R1C1_C
Generating focused traffic: Period 6.0499s
[INFO] Subscriptions active: 6 (libsumo, fast mode)
[INFO] Episode duration: 3600s (60 min)

[DEBUG] 🎯 Célzott Forgalom Generálása (R1C1_C) | Period: 4.1949
Found 6 valid OD pairs for R1C1_C
Generating focused traffic: Period 4.1949s
[INFO] Subscriptions active: 6 (libsumo, fast mode)
[INFO] Episode duration: 3600s (60 min)

[DEBUG] 🎯 Célzott Forgalom Generálása (R1C1_C) | Period: 6.1611
Found 6 valid OD pairs for R1C1_C
Generating focused traffic: Period 6.1611s
[INFO] Subscriptions active: 6 (libsumo, fast mode)
[INFO] Episode duration: 2700s (45 min)

[DEBUG] 🎯 Célzott Forgalom Generálása (R1C1_C) | Period: 5.9255
Found 6 valid OD pairs for R1C1_C
Generating focused traffic: Period 5.9255s
[INFO] Subscriptions active: 6 (libsumo, fast mode)
[INFO] Episode duration: 2700s (45 min)

[DEBUG] 🎯 Célzott Forgalom Generálása (R1C1_C) | Period: 6.771
Found 6 valid OD pairs for R1C1_C
Generating focused traffic: Period 6.7710s
[INFO] Subscriptions active: 6 (libsumo, fast mode)
[INFO] Episode duration: 2700s (45 min)

[DEBUG] 🎯 Célzott Forgalom Generálása (R1C1_C) | Period: 7.5484
Found 6 valid OD pairs for R1C1_C
Generating focused traffic: Period 7.5484s
[INFO] Subscriptions active: 6 (libsumo, fast mode)
[INFO] Episode duration: 1800s (30 min)

[DEBUG] 🎯 Célzott Forgalom Generálása (R1C1_C) | Period: 4.2911
Found 6 valid OD pairs for R1C1_C
Generating focused traffic: Period 4.2911s
[INFO] Subscriptions active: 6 (libsumo, fast mode)
[INFO] Episode duration: 1800s (30 min)

[DEBUG] 🎯 Célzott Forgalom Generálása (R1C1_C) | Period: 5.0655
Found 6 valid OD pairs for R1C1_C
Generating focused traffic: Period 5.0655s
[INFO] Subscriptions active: 6 (libsumo, fast mode)
[INFO] Episode duration: 2700s (45 min)

[DEBUG] 🎯 Célzott Forgalom Generálása (R1C1_C) | Period: 7.9637
Found 6 valid OD pairs for R1C1_C
Generating focused traffic: Period 7.9637s
[INFO] Subscriptions active: 6 (libsumo, fast mode)
[INFO] Episode duration: 2700s (45 min)

[DEBUG] 🎯 Célzott Forgalom Generálása (R1C1_C) | Period: 5.9782
Found 6 valid OD pairs for R1C1_C
Generating focused traffic: Period 5.9782s
[INFO] Subscriptions active: 6 (libsumo, fast mode)
[INFO] Episode duration: 3600s (60 min)

[DEBUG] 🎯 Célzott Forgalom Generálása (R1C1_C) | Period: 4.3232
Found 6 valid OD pairs for R1C1_C
Generating focused traffic: Period 4.3232s
[INFO] Subscriptions active: 6 (libsumo, fast mode)
[INFO] Episode duration: 2700s (45 min)

[DEBUG] 🎯 Célzott Forgalom Generálása (R1C1_C) | Period: 6.0385
Found 6 valid OD pairs for R1C1_C
Generating focused traffic: Period 6.0385s
[INFO] Subscriptions active: 6 (libsumo, fast mode)
[INFO] Episode duration: 2700s (45 min)

[DEBUG] 🎯 Célzott Forgalom Generálása (R1C1_C) | Period: 6.8089
Found 6 valid OD pairs for R1C1_C
Generating focused traffic: Period 6.8089s
[INFO] Subscriptions active: 6 (libsumo, fast mode)
[INFO] Episode duration: 900s (15 min)

[DEBUG] 🎯 Célzott Forgalom Generálása (R1C1_C) | Period: 6.8218
Found 6 valid OD pairs for R1C1_C
Generating focused traffic: Period 6.8218s
[INFO] Subscriptions active: 6 (libsumo, fast mode)
[INFO] Episode duration: 1800s (30 min)

[DEBUG] 🎯 Célzott Forgalom Generálása (R1C1_C) | Period: 4.0868
Found 6 valid OD pairs for R1C1_C
Generating focused traffic: Period 4.0868s
[INFO] Subscriptions active: 6 (libsumo, fast mode)
[INFO] Episode duration: 900s (15 min)

[DEBUG] 🎯 Célzott Forgalom Generálása (R1C1_C) | Period: 4.3624
Found 6 valid OD pairs for R1C1_C
Generating focused traffic: Period 4.3624s
[INFO] Subscriptions active: 6 (libsumo, fast mode)
[INFO] Episode duration: 2700s (45 min)

[DEBUG] 🎯 Célzott Forgalom Generálása (R1C1_C) | Period: 5.2929
Found 6 valid OD pairs for R1C1_C
Generating focused traffic: Period 5.2929s
[INFO] Subscriptions active: 6 (libsumo, fast mode)
[INFO] Episode duration: 2700s (45 min)

[DEBUG] 🎯 Célzott Forgalom Generálása (R1C1_C) | Period: 7.9964
Found 6 valid OD pairs for R1C1_C
Generating focused traffic: Period 7.9964s
[INFO] Subscriptions active: 6 (libsumo, fast mode)
[INFO] Episode duration: 3600s (60 min)

[DEBUG] 🎯 Célzott Forgalom Generálása (R1C1_C) | Period: 7.2157
Found 6 valid OD pairs for R1C1_C
Generating focused traffic: Period 7.2157s
[INFO] Subscriptions active: 6 (libsumo, fast mode)
[INFO] Episode duration: 1800s (30 min)

[DEBUG] 🎯 Célzott Forgalom Generálása (R1C1_C) | Period: 5.9802
Found 6 valid OD pairs for R1C1_C
Generating focused traffic: Period 5.9802s
[INFO] Subscriptions active: 6 (libsumo, fast mode)
[INFO] Episode duration: 2700s (45 min)

[DEBUG] 🎯 Célzott Forgalom Generálása (R1C1_C) | Period: 4.4261
Found 6 valid OD pairs for R1C1_C
Generating focused traffic: Period 4.4261s
[INFO] Subscriptions active: 6 (libsumo, fast mode)
------------------------------------
| rollout/              |          |
|    ep_len_mean        | 450      |
|    ep_rew_mean        | 160      |
| time/                 |          |
|    fps                | 180      |
|    iterations         | 30       |
|    time_elapsed       | 340      |
|    total_timesteps    | 61440    |
| train/                |          |
|    entropy_loss       | -1.39    |
|    explained_variance | -0.00427 |
|    learning_rate      | 0.0001   |
|    n_updates          | 29       |
|    policy_loss        | 33.4     |
|    value_loss         | 713      |
------------------------------------
[INFO] Episode duration: 2700s (45 min)

[DEBUG] 🎯 Célzott Forgalom Generálása (R1C1_C) | Period: 7.3762
Found 6 valid OD pairs for R1C1_C
Generating focused traffic: Period 7.3762s
[INFO] Subscriptions active: 6 (libsumo, fast mode)
[INFO] Episode duration: 1800s (30 min)

[DEBUG] 🎯 Célzott Forgalom Generálása (R1C1_C) | Period: 6.8073
Found 6 valid OD pairs for R1C1_C
Generating focused traffic: Period 6.8073s
[INFO] Subscriptions active: 6 (libsumo, fast mode)
[INFO] Episode duration: 1800s (30 min)

[DEBUG] 🎯 Célzott Forgalom Generálása (R1C1_C) | Period: 5.3784
Found 6 valid OD pairs for R1C1_C
Generating focused traffic: Period 5.3784s
[INFO] Subscriptions active: 6 (libsumo, fast mode)
[INFO] Episode duration: 1800s (30 min)

[DEBUG] 🎯 Célzott Forgalom Generálása (R1C1_C) | Period: 7.8763
Found 6 valid OD pairs for R1C1_C
Generating focused traffic: Period 7.8763s
[INFO] Subscriptions active: 6 (libsumo, fast mode)
[INFO] Episode duration: 1800s (30 min)

[DEBUG] 🎯 Célzott Forgalom Generálása (R1C1_C) | Period: 5.9754
Found 6 valid OD pairs for R1C1_C
Generating focused traffic: Period 5.9754s
[INFO] Subscriptions active: 6 (libsumo, fast mode)
[INFO] Episode duration: 2700s (45 min)

[DEBUG] 🎯 Célzott Forgalom Generálása (R1C1_C) | Period: 4.7185
Found 6 valid OD pairs for R1C1_C
Generating focused traffic: Period 4.7185s
[INFO] Subscriptions active: 6 (libsumo, fast mode)
[INFO] Episode duration: 900s (15 min)

[DEBUG] 🎯 Célzott Forgalom Generálása (R1C1_C) | Period: 7.5644
Found 6 valid OD pairs for R1C1_C
Generating focused traffic: Period 7.5644s
[INFO] Subscriptions active: 6 (libsumo, fast mode)
[INFO] Episode duration: 2700s (45 min)

[DEBUG] 🎯 Célzott Forgalom Generálása (R1C1_C) | Period: 7.0773
Found 6 valid OD pairs for R1C1_C
Generating focused traffic: Period 7.0773s
[INFO] Subscriptions active: 6 (libsumo, fast mode)
[INFO] Episode duration: 2700s (45 min)

[DEBUG] 🎯 Célzott Forgalom Generálása (R1C1_C) | Period: 6.2949
Found 6 valid OD pairs for R1C1_C
Generating focused traffic: Period 6.2949s
[INFO] Subscriptions active: 6 (libsumo, fast mode)
[INFO] Episode duration: 2700s (45 min)

[DEBUG] 🎯 Célzott Forgalom Generálása (R1C1_C) | Period: 7.5434
Found 6 valid OD pairs for R1C1_C
Generating focused traffic: Period 7.5434s
[INFO] Subscriptions active: 6 (libsumo, fast mode)
[INFO] Episode duration: 1800s (30 min)

[DEBUG] 🎯 Célzott Forgalom Generálása (R1C1_C) | Period: 4.8833
Found 6 valid OD pairs for R1C1_C
Generating focused traffic: Period 4.8833s
[INFO] Subscriptions active: 6 (libsumo, fast mode)
[INFO] Episode duration: 3600s (60 min)

[DEBUG] 🎯 Célzott Forgalom Generálása (R1C1_C) | Period: 6.0858
Found 6 valid OD pairs for R1C1_C
Generating focused traffic: Period 6.0858s
[INFO] Subscriptions active: 6 (libsumo, fast mode)
[INFO] Episode duration: 1800s (30 min)

[DEBUG] 🎯 Célzott Forgalom Generálása (R1C1_C) | Period: 7.2183
Found 6 valid OD pairs for R1C1_C
Generating focused traffic: Period 7.2183s
[INFO] Subscriptions active: 6 (libsumo, fast mode)
[INFO] Episode duration: 900s (15 min)

[DEBUG] 🎯 Célzott Forgalom Generálása (R1C1_C) | Period: 7.0443
Found 6 valid OD pairs for R1C1_C
Generating focused traffic: Period 7.0443s
[INFO] Subscriptions active: 6 (libsumo, fast mode)
[INFO] Episode duration: 900s (15 min)

[DEBUG] 🎯 Célzott Forgalom Generálása (R1C1_C) | Period: 6.2912
Found 6 valid OD pairs for R1C1_C
Generating focused traffic: Period 6.2912s
[INFO] Subscriptions active: 6 (libsumo, fast mode)
[INFO] Episode duration: 900s (15 min)

[DEBUG] 🎯 Célzott Forgalom Generálása (R1C1_C) | Period: 6.3102
Found 6 valid OD pairs for R1C1_C
Generating focused traffic: Period 6.3102s
[INFO] Subscriptions active: 6 (libsumo, fast mode)
[INFO] Episode duration: 900s (15 min)

[DEBUG] 🎯 Célzott Forgalom Generálása (R1C1_C) | Period: 6.9504
Found 6 valid OD pairs for R1C1_C
Generating focused traffic: Period 6.9504s
[INFO] Subscriptions active: 6 (libsumo, fast mode)
[INFO] Episode duration: 900s (15 min)

[DEBUG] 🎯 Célzott Forgalom Generálása (R1C1_C) | Period: 5.1289
Found 6 valid OD pairs for R1C1_C
Generating focused traffic: Period 5.1289s
[INFO] Subscriptions active: 6 (libsumo, fast mode)
[INFO] Episode duration: 1800s (30 min)

[DEBUG] 🎯 Célzott Forgalom Generálása (R1C1_C) | Period: 7.7096
Found 6 valid OD pairs for R1C1_C
Generating focused traffic: Period 7.7096s
[INFO] Subscriptions active: 6 (libsumo, fast mode)
[INFO] Episode duration: 2700s (45 min)

[DEBUG] 🎯 Célzott Forgalom Generálása (R1C1_C) | Period: 7.4196
Found 6 valid OD pairs for R1C1_C
Generating focused traffic: Period 7.4196s
[INFO] Subscriptions active: 6 (libsumo, fast mode)
[INFO] Episode duration: 1800s (30 min)

[DEBUG] 🎯 Célzott Forgalom Generálása (R1C1_C) | Period: 5.0844
Found 6 valid OD pairs for R1C1_C
Generating focused traffic: Period 5.0844s
[INFO] Subscriptions active: 6 (libsumo, fast mode)
[INFO] Episode duration: 3600s (60 min)

[DEBUG] 🎯 Célzott Forgalom Generálása (R1C1_C) | Period: 7.9011
Found 6 valid OD pairs for R1C1_C
Generating focused traffic: Period 7.9011s
[INFO] Subscriptions active: 6 (libsumo, fast mode)
[INFO] Episode duration: 900s (15 min)

[DEBUG] 🎯 Célzott Forgalom Generálása (R1C1_C) | Period: 7.83
Found 6 valid OD pairs for R1C1_C
Generating focused traffic: Period 7.8300s
[INFO] Subscriptions active: 6 (libsumo, fast mode)
[INFO] Episode duration: 2700s (45 min)

[DEBUG] 🎯 Célzott Forgalom Generálása (R1C1_C) | Period: 6.2344
Found 6 valid OD pairs for R1C1_C
Generating focused traffic: Period 6.2344s
[INFO] Subscriptions active: 6 (libsumo, fast mode)
[INFO] Episode duration: 3600s (60 min)

[DEBUG] 🎯 Célzott Forgalom Generálása (R1C1_C) | Period: 4.7668
Found 6 valid OD pairs for R1C1_C
Generating focused traffic: Period 4.7668s
[INFO] Subscriptions active: 6 (libsumo, fast mode)
[INFO] Episode duration: 900s (15 min)

[DEBUG] 🎯 Célzott Forgalom Generálása (R1C1_C) | Period: 6.9854
Found 6 valid OD pairs for R1C1_C
Generating focused traffic: Period 6.9854s
[INFO] Subscriptions active: 6 (libsumo, fast mode)
[INFO] Episode duration: 2700s (45 min)

[DEBUG] 🎯 Célzott Forgalom Generálása (R1C1_C) | Period: 4.1541
Found 6 valid OD pairs for R1C1_C
Generating focused traffic: Period 4.1541s
[INFO] Subscriptions active: 6 (libsumo, fast mode)
[INFO] Episode duration: 2700s (45 min)

[DEBUG] 🎯 Célzott Forgalom Generálása (R1C1_C) | Period: 5.3171
Found 6 valid OD pairs for R1C1_C
Generating focused traffic: Period 5.3171s
[INFO] Subscriptions active: 6 (libsumo, fast mode)
[INFO] Episode duration: 2700s (45 min)

[DEBUG] 🎯 Célzott Forgalom Generálása (R1C1_C) | Period: 4.1323
Found 6 valid OD pairs for R1C1_C
Generating focused traffic: Period 4.1323s
[INFO] Subscriptions active: 6 (libsumo, fast mode)
[INFO] Episode duration: 900s (15 min)

[DEBUG] 🎯 Célzott Forgalom Generálása (R1C1_C) | Period: 5.8113
Found 6 valid OD pairs for R1C1_C
Generating focused traffic: Period 5.8113s
[INFO] Subscriptions active: 6 (libsumo, fast mode)
[INFO] Episode duration: 1800s (30 min)

[DEBUG] 🎯 Célzott Forgalom Generálása (R1C1_C) | Period: 5.5582
Found 6 valid OD pairs for R1C1_C
Generating focused traffic: Period 5.5582s
[INFO] Subscriptions active: 6 (libsumo, fast mode)
[INFO] Episode duration: 2700s (45 min)

[DEBUG] 🎯 Célzott Forgalom Generálása (R1C1_C) | Period: 6.86
Found 6 valid OD pairs for R1C1_C
Generating focused traffic: Period 6.8600s
[INFO] Subscriptions active: 6 (libsumo, fast mode)
[INFO] Episode duration: 900s (15 min)

[DEBUG] 🎯 Célzott Forgalom Generálása (R1C1_C) | Period: 7.067
Found 6 valid OD pairs for R1C1_C
Generating focused traffic: Period 7.0670s
[INFO] Subscriptions active: 6 (libsumo, fast mode)
[INFO] Episode duration: 1800s (30 min)

[DEBUG] 🎯 Célzott Forgalom Generálása (R1C1_C) | Period: 5.3865
Found 6 valid OD pairs for R1C1_C
Generating focused traffic: Period 5.3865s
[INFO] Subscriptions active: 6 (libsumo, fast mode)
[INFO] Episode duration: 3600s (60 min)

[DEBUG] 🎯 Célzott Forgalom Generálása (R1C1_C) | Period: 6.9443
Found 6 valid OD pairs for R1C1_C
Generating focused traffic: Period 6.9443s
[INFO] Subscriptions active: 6 (libsumo, fast mode)
[INFO] Episode duration: 2700s (45 min)

[DEBUG] 🎯 Célzott Forgalom Generálása (R1C1_C) | Period: 7.6726
Found 6 valid OD pairs for R1C1_C
Generating focused traffic: Period 7.6726s
[INFO] Subscriptions active: 6 (libsumo, fast mode)
[INFO] Episode duration: 2700s (45 min)

[DEBUG] 🎯 Célzott Forgalom Generálása (R1C1_C) | Period: 4.4892
Found 6 valid OD pairs for R1C1_C
Generating focused traffic: Period 4.4892s
[INFO] Subscriptions active: 6 (libsumo, fast mode)
[INFO] Episode duration: 900s (15 min)

[DEBUG] 🎯 Célzott Forgalom Generálása (R1C1_C) | Period: 5.6735
Found 6 valid OD pairs for R1C1_C
Generating focused traffic: Period 5.6735s
[INFO] Subscriptions active: 6 (libsumo, fast mode)
[INFO] Episode duration: 1800s (30 min)

[DEBUG] 🎯 Célzott Forgalom Generálása (R1C1_C) | Period: 6.1301
Found 6 valid OD pairs for R1C1_C
Generating focused traffic: Period 6.1301s
[INFO] Subscriptions active: 6 (libsumo, fast mode)
[INFO] Episode duration: 2700s (45 min)

[DEBUG] 🎯 Célzott Forgalom Generálása (R1C1_C) | Period: 4.8273
Found 6 valid OD pairs for R1C1_C
Generating focused traffic: Period 4.8273s
[INFO] Subscriptions active: 6 (libsumo, fast mode)
[INFO] Episode duration: 1800s (30 min)

[DEBUG] 🎯 Célzott Forgalom Generálása (R1C1_C) | Period: 6.9089
Found 6 valid OD pairs for R1C1_C
Generating focused traffic: Period 6.9089s
[INFO] Subscriptions active: 6 (libsumo, fast mode)
[INFO] Episode duration: 2700s (45 min)

[DEBUG] 🎯 Célzott Forgalom Generálása (R1C1_C) | Period: 7.2682
Found 6 valid OD pairs for R1C1_C
Generating focused traffic: Period 7.2682s
[INFO] Subscriptions active: 6 (libsumo, fast mode)
[INFO] Episode duration: 900s (15 min)

[DEBUG] 🎯 Célzott Forgalom Generálása (R1C1_C) | Period: 6.4849
Found 6 valid OD pairs for R1C1_C
Generating focused traffic: Period 6.4849s
[INFO] Subscriptions active: 6 (libsumo, fast mode)
[INFO] Episode duration: 900s (15 min)

[DEBUG] 🎯 Célzott Forgalom Generálása (R1C1_C) | Period: 5.2888
Found 6 valid OD pairs for R1C1_C
Generating focused traffic: Period 5.2888s
[INFO] Subscriptions active: 6 (libsumo, fast mode)
[INFO] Episode duration: 1800s (30 min)

[DEBUG] 🎯 Célzott Forgalom Generálása (R1C1_C) | Period: 4.5385
Found 6 valid OD pairs for R1C1_C
Generating focused traffic: Period 4.5385s
[INFO] Subscriptions active: 6 (libsumo, fast mode)
[INFO] Episode duration: 3600s (60 min)

[DEBUG] 🎯 Célzott Forgalom Generálása (R1C1_C) | Period: 7.2105
Found 6 valid OD pairs for R1C1_C
Generating focused traffic: Period 7.2105s
[INFO] Subscriptions active: 6 (libsumo, fast mode)
[INFO] Episode duration: 2700s (45 min)

[DEBUG] 🎯 Célzott Forgalom Generálása (R1C1_C) | Period: 4.2975
Found 6 valid OD pairs for R1C1_C
Generating focused traffic: Period 4.2975s
[INFO] Subscriptions active: 6 (libsumo, fast mode)
[INFO] Episode duration: 900s (15 min)

[DEBUG] 🎯 Célzott Forgalom Generálása (R1C1_C) | Period: 7.9862
Found 6 valid OD pairs for R1C1_C
Generating focused traffic: Period 7.9862s
[INFO] Subscriptions active: 6 (libsumo, fast mode)
[INFO] Episode duration: 3600s (60 min)

[DEBUG] 🎯 Célzott Forgalom Generálása (R1C1_C) | Period: 4.241
Found 6 valid OD pairs for R1C1_C
Generating focused traffic: Period 4.2410s
[INFO] Subscriptions active: 6 (libsumo, fast mode)
[INFO] Episode duration: 900s (15 min)

[DEBUG] 🎯 Célzott Forgalom Generálása (R1C1_C) | Period: 6.3672
Found 6 valid OD pairs for R1C1_C
Generating focused traffic: Period 6.3672s
[INFO] Subscriptions active: 6 (libsumo, fast mode)
[INFO] Episode duration: 3600s (60 min)

[DEBUG] 🎯 Célzott Forgalom Generálása (R1C1_C) | Period: 5.281
Found 6 valid OD pairs for R1C1_C
Generating focused traffic: Period 5.2810s
[INFO] Subscriptions active: 6 (libsumo, fast mode)
------------------------------------
| rollout/              |          |
|    ep_len_mean        | 443      |
|    ep_rew_mean        | 156      |
| time/                 |          |
|    fps                | 180      |
|    iterations         | 40       |
|    time_elapsed       | 454      |
|    total_timesteps    | 81920    |
| train/                |          |
|    entropy_loss       | -1.39    |
|    explained_variance | -0.00305 |
|    learning_rate      | 0.0001   |
|    n_updates          | 39       |
|    policy_loss        | 34.3     |
|    value_loss         | 762      |
------------------------------------
[INFO] Episode duration: 3600s (60 min)

[DEBUG] 🎯 Célzott Forgalom Generálása (R1C1_C) | Period: 6.3853
Found 6 valid OD pairs for R1C1_C
Generating focused traffic: Period 6.3853s
[INFO] Subscriptions active: 6 (libsumo, fast mode)
[INFO] Episode duration: 2700s (45 min)

[DEBUG] 🎯 Célzott Forgalom Generálása (R1C1_C) | Period: 6.1494
Found 6 valid OD pairs for R1C1_C
Generating focused traffic: Period 6.1494s
[INFO] Subscriptions active: 6 (libsumo, fast mode)
[INFO] Episode duration: 2700s (45 min)

[DEBUG] 🎯 Célzott Forgalom Generálása (R1C1_C) | Period: 6.9322
Found 6 valid OD pairs for R1C1_C
Generating focused traffic: Period 6.9322s
[INFO] Subscriptions active: 6 (libsumo, fast mode)
[INFO] Episode duration: 2700s (45 min)

[DEBUG] 🎯 Célzott Forgalom Generálása (R1C1_C) | Period: 5.7649
Found 6 valid OD pairs for R1C1_C
Generating focused traffic: Period 5.7649s
[INFO] Subscriptions active: 6 (libsumo, fast mode)
[INFO] Episode duration: 900s (15 min)

[DEBUG] 🎯 Célzott Forgalom Generálása (R1C1_C) | Period: 6.5297
Found 6 valid OD pairs for R1C1_C
Generating focused traffic: Period 6.5297s
[INFO] Subscriptions active: 6 (libsumo, fast mode)
[INFO] Episode duration: 2700s (45 min)

[DEBUG] 🎯 Célzott Forgalom Generálása (R1C1_C) | Period: 5.1775
Found 6 valid OD pairs for R1C1_C
Generating focused traffic: Period 5.1775s
[INFO] Subscriptions active: 6 (libsumo, fast mode)
[INFO] Episode duration: 2700s (45 min)

[DEBUG] 🎯 Célzott Forgalom Generálása (R1C1_C) | Period: 6.7736
Found 6 valid OD pairs for R1C1_C
Generating focused traffic: Period 6.7736s
[INFO] Subscriptions active: 6 (libsumo, fast mode)
[INFO] Episode duration: 3600s (60 min)

[DEBUG] 🎯 Célzott Forgalom Generálása (R1C1_C) | Period: 5.6493
Found 6 valid OD pairs for R1C1_C
Generating focused traffic: Period 5.6493s
[INFO] Subscriptions active: 6 (libsumo, fast mode)
[INFO] Episode duration: 900s (15 min)

[DEBUG] 🎯 Célzott Forgalom Generálása (R1C1_C) | Period: 5.2544
Found 6 valid OD pairs for R1C1_C
Generating focused traffic: Period 5.2544s
[INFO] Subscriptions active: 6 (libsumo, fast mode)
[INFO] Episode duration: 3600s (60 min)

[DEBUG] 🎯 Célzott Forgalom Generálása (R1C1_C) | Period: 7.1669
Found 6 valid OD pairs for R1C1_C
Generating focused traffic: Period 7.1669s
[INFO] Subscriptions active: 6 (libsumo, fast mode)
[INFO] Episode duration: 900s (15 min)

[DEBUG] 🎯 Célzott Forgalom Generálása (R1C1_C) | Period: 7.0684
Found 6 valid OD pairs for R1C1_C
Generating focused traffic: Period 7.0684s
[INFO] Subscriptions active: 6 (libsumo, fast mode)
[INFO] Episode duration: 2700s (45 min)

[DEBUG] 🎯 Célzott Forgalom Generálása (R1C1_C) | Period: 4.6765
Found 6 valid OD pairs for R1C1_C
Generating focused traffic: Period 4.6765s
[INFO] Subscriptions active: 6 (libsumo, fast mode)
[INFO] Episode duration: 2700s (45 min)

[DEBUG] 🎯 Célzott Forgalom Generálása (R1C1_C) | Period: 5.1592
Found 6 valid OD pairs for R1C1_C
Generating focused traffic: Period 5.1592s
[INFO] Subscriptions active: 6 (libsumo, fast mode)
[INFO] Episode duration: 1800s (30 min)

[DEBUG] 🎯 Célzott Forgalom Generálása (R1C1_C) | Period: 4.5014
Found 6 valid OD pairs for R1C1_C
Generating focused traffic: Period 4.5014s
[INFO] Subscriptions active: 6 (libsumo, fast mode)
[INFO] Episode duration: 900s (15 min)

[DEBUG] 🎯 Célzott Forgalom Generálása (R1C1_C) | Period: 7.6828
Found 6 valid OD pairs for R1C1_C
Generating focused traffic: Period 7.6828s
[INFO] Subscriptions active: 6 (libsumo, fast mode)
[INFO] Episode duration: 2700s (45 min)

[DEBUG] 🎯 Célzott Forgalom Generálása (R1C1_C) | Period: 4.4827
Found 6 valid OD pairs for R1C1_C
Generating focused traffic: Period 4.4827s
[INFO] Subscriptions active: 6 (libsumo, fast mode)
[INFO] Episode duration: 1800s (30 min)

[DEBUG] 🎯 Célzott Forgalom Generálása (R1C1_C) | Period: 7.8164
Found 6 valid OD pairs for R1C1_C
Generating focused traffic: Period 7.8164s
[INFO] Subscriptions active: 6 (libsumo, fast mode)
[INFO] Episode duration: 3600s (60 min)

[DEBUG] 🎯 Célzott Forgalom Generálása (R1C1_C) | Period: 7.3611
Found 6 valid OD pairs for R1C1_C
Generating focused traffic: Period 7.3611s
[INFO] Subscriptions active: 6 (libsumo, fast mode)
[INFO] Episode duration: 900s (15 min)

[DEBUG] 🎯 Célzott Forgalom Generálása (R1C1_C) | Period: 6.3386
Found 6 valid OD pairs for R1C1_C
Generating focused traffic: Period 6.3386s
[INFO] Subscriptions active: 6 (libsumo, fast mode)
[INFO] Episode duration: 1800s (30 min)

[DEBUG] 🎯 Célzott Forgalom Generálása (R1C1_C) | Period: 5.1371
Found 6 valid OD pairs for R1C1_C
Generating focused traffic: Period 5.1371s
[INFO] Subscriptions active: 6 (libsumo, fast mode)
[INFO] Episode duration: 900s (15 min)

[DEBUG] 🎯 Célzott Forgalom Generálása (R1C1_C) | Period: 7.4266
Found 6 valid OD pairs for R1C1_C
Generating focused traffic: Period 7.4266s
[INFO] Subscriptions active: 6 (libsumo, fast mode)
[INFO] Episode duration: 900s (15 min)

[DEBUG] 🎯 Célzott Forgalom Generálása (R1C1_C) | Period: 7.4832
Found 6 valid OD pairs for R1C1_C
Generating focused traffic: Period 7.4832s
[INFO] Subscriptions active: 6 (libsumo, fast mode)
[INFO] Episode duration: 2700s (45 min)

[DEBUG] 🎯 Célzott Forgalom Generálása (R1C1_C) | Period: 7.437
Found 6 valid OD pairs for R1C1_C
Generating focused traffic: Period 7.4370s
[INFO] Subscriptions active: 6 (libsumo, fast mode)
[INFO] Episode duration: 1800s (30 min)

[DEBUG] 🎯 Célzott Forgalom Generálása (R1C1_C) | Period: 5.9852
Found 6 valid OD pairs for R1C1_C
Generating focused traffic: Period 5.9852s
[INFO] Subscriptions active: 6 (libsumo, fast mode)
[INFO] Episode duration: 3600s (60 min)

[DEBUG] 🎯 Célzott Forgalom Generálása (R1C1_C) | Period: 6.342
Found 6 valid OD pairs for R1C1_C
Generating focused traffic: Period 6.3420s
[INFO] Subscriptions active: 6 (libsumo, fast mode)
[INFO] Episode duration: 2700s (45 min)

[DEBUG] 🎯 Célzott Forgalom Generálása (R1C1_C) | Period: 7.2241
Found 6 valid OD pairs for R1C1_C
Generating focused traffic: Period 7.2241s
[INFO] Subscriptions active: 6 (libsumo, fast mode)
[INFO] Episode duration: 2700s (45 min)

[DEBUG] 🎯 Célzott Forgalom Generálása (R1C1_C) | Period: 7.7963
Found 6 valid OD pairs for R1C1_C
Generating focused traffic: Period 7.7963s
[INFO] Subscriptions active: 6 (libsumo, fast mode)
[INFO] Episode duration: 2700s (45 min)

[DEBUG] 🎯 Célzott Forgalom Generálása (R1C1_C) | Period: 5.2131
Found 6 valid OD pairs for R1C1_C
Generating focused traffic: Period 5.2131s
[INFO] Subscriptions active: 6 (libsumo, fast mode)
[INFO] Episode duration: 2700s (45 min)

[DEBUG] 🎯 Célzott Forgalom Generálása (R1C1_C) | Period: 5.9924
Found 6 valid OD pairs for R1C1_C
Generating focused traffic: Period 5.9924s
[INFO] Subscriptions active: 6 (libsumo, fast mode)
[INFO] Episode duration: 3600s (60 min)

[DEBUG] 🎯 Célzott Forgalom Generálása (R1C1_C) | Period: 4.022
Found 6 valid OD pairs for R1C1_C
Generating focused traffic: Period 4.0220s
[INFO] Subscriptions active: 6 (libsumo, fast mode)
[INFO] Episode duration: 3600s (60 min)

[DEBUG] 🎯 Célzott Forgalom Generálása (R1C1_C) | Period: 6.2499
Found 6 valid OD pairs for R1C1_C
Generating focused traffic: Period 6.2499s
[INFO] Subscriptions active: 6 (libsumo, fast mode)
[INFO] Episode duration: 3600s (60 min)

[DEBUG] 🎯 Célzott Forgalom Generálása (R1C1_C) | Period: 4.7224
Found 6 valid OD pairs for R1C1_C
Generating focused traffic: Period 4.7224s
[INFO] Subscriptions active: 6 (libsumo, fast mode)
[INFO] Episode duration: 3600s (60 min)

[DEBUG] 🎯 Célzott Forgalom Generálása (R1C1_C) | Period: 4.6578
Found 6 valid OD pairs for R1C1_C
Generating focused traffic: Period 4.6578s
[INFO] Subscriptions active: 6 (libsumo, fast mode)
[INFO] Episode duration: 1800s (30 min)

[DEBUG] 🎯 Célzott Forgalom Generálása (R1C1_C) | Period: 6.6195
Found 6 valid OD pairs for R1C1_C
Generating focused traffic: Period 6.6195s
[INFO] Subscriptions active: 6 (libsumo, fast mode)
[INFO] Episode duration: 3600s (60 min)
wandb: WARNING Symlinked 1 file into the W&B run directory; call wandb.save again to sync new files.
/Users/wagnertamas/Documents/Munka/cikkek/AI_agens_konyvtar/support/intergreen_matrix_calculator/rl_trainer.py:857: UserWarning: Exporting a model while it is in training mode. Please ensure that this is intended, as it may lead to different behavior during inference. Calling model.eval() before export is recommended.
  torch.onnx.export(
/Users/wagnertamas/Documents/Munka/cikkek/AI_agens_konyvtar/support/intergreen_matrix_calculator/rl_trainer.py:857: UserWarning: # 'dynamic_axes' is not recommended when dynamo=True, and may lead to 'torch._dynamo.exc.UserError: Constraints violated.' Supply the 'dynamic_shapes' argument instead if export is unsuccessful.
  torch.onnx.export(
wandb: updating run metadata
wandb: uploading pytorch_models/R1C1_C.zip; uploading output.log; uploading config.yaml
wandb: uploading output.log
wandb: 
wandb: Run history:
wandb:  R1C1_C/action_pct/phase_0 ▄▆▂▇▆▇▆▂▃▅▅▄█▅█▁▅▆▃▆▅▄▃▂▇▃▂█▂▇▅▆▂▄▇▇▆▆▂▆
wandb:  R1C1_C/action_pct/phase_1 ▅▃▆▄▆▃▄▄▂▆▅▆▁▃▅▆▄▆▃▄▄▅▂█▂▇▇▅▄▅▄▆▄▄▄▄▃▅▅▄
wandb:  R1C1_C/action_pct/phase_2 ▄▃▅▃▆▄▅▇▄▄▄▅▆█▁▅▆▅█▄▁▄█▄▅▂▆▃▆▄▆▄▅▄▆▄▄▅▇▄
wandb:  R1C1_C/action_pct/phase_3 ▅▇▅▅▁▅▄▄█▃▅▄▄▃▅▅▃▂▄▄█▅▅▃▄▅▃▄▅▃▄▃▇▆▃▄▅▃▄▅
wandb:  R1C1_C/train/entropy_loss ▁▁▁▁▂▂▄▄▄▃▂▂▂▂▁▁▃▂▂▂▃▃▃▂▂▂▃▃▃▃▆▆▅▅▅▅▇▆▆█
wandb: R1C1_C/train/learning_rate ▁▁▁▁▁▁▁▁▁▁▁▁▁▁▁▁▁▁▁▁▁▁▁▁▁▁▁▁▁▁▁▁▁▁▁▁▁▁▁▁
wandb:    R1C1_C/train/value_loss ▆▆▃█▃███▂▂▅▇▇▃▃▃▆▆▄▆▆▃▅▅▄███▅▅▇▄▄▄▆▁▇█▅▄
wandb:                 avg_reward ▂▅▄██▃▇▇▅▁▅▂▄▂▅▅█▆▆▅▄▅▁▆▄▆▆▇▇▇█▄▆▁▅▄▂▆▆▆
wandb:                    episode ▁▁▁▁▁▂▂▂▃▃▃▃▃▃▃▄▄▄▄▄▅▅▅▅▆▆▆▆▆▆▆▆▆▆▆▇▇▇▇█
wandb:         episode/avg_reward ▆▃▂▇█▂▄▅▇▁▆▄▇▇▃▇█▆▃▆▆▃▇▇▂▄▆▂██▃▄▅▇▅▁▆▆▄▆
wandb:                         +7 ...
wandb: 
wandb: Run summary:
wandb:  R1C1_C/action_pct/phase_0 26.25
wandb:  R1C1_C/action_pct/phase_1 24.72222
wandb:  R1C1_C/action_pct/phase_2 23.47222
wandb:  R1C1_C/action_pct/phase_3 25.55556
wandb:  R1C1_C/train/entropy_loss -1.3862
wandb: R1C1_C/train/learning_rate 0.0001
wandb:    R1C1_C/train/value_loss 676.83203
wandb:                 avg_reward 0.48248
wandb:                    episode 223
wandb:         episode/avg_reward 0.3376
wandb:                         +7 ...
wandb: 
wandb: 🚀 View run a2c_co2_speedstd_3x16_1_R1C1_C at: https://wandb.ai/wagnertamas-budapesti-m-szaki-s-gazdas-gtudom-nyi-egyetem/sumo-rl-stat/runs/vht99qwg
wandb: ⭐️ View project at: https://wandb.ai/wagnertamas-budapesti-m-szaki-s-gazdas-gtudom-nyi-egyetem/sumo-rl-stat
wandb: Synced 5 W&B file(s), 0 media file(s), 0 artifact file(s) and 1 other file(s)
wandb: Find logs at: ./wandb/run-20260322_030043-vht99qwg/logs

[DEBUG] 🎯 Célzott Forgalom Generálása (R1C1_C) | Period: 5.6808
Found 6 valid OD pairs for R1C1_C
Generating focused traffic: Period 5.6808s
[INFO] Subscriptions active: 6 (libsumo, fast mode)
[INFO] Episode duration: 1800s (30 min)

[DEBUG] 🎯 Célzott Forgalom Generálása (R1C1_C) | Period: 4.9353
Found 6 valid OD pairs for R1C1_C
Generating focused traffic: Period 4.9353s
[INFO] Subscriptions active: 6 (libsumo, fast mode)
[INFO] Episode duration: 3600s (60 min)

[DEBUG] 🎯 Célzott Forgalom Generálása (R1C1_C) | Period: 6.7616
Found 6 valid OD pairs for R1C1_C
Generating focused traffic: Period 6.7616s
[INFO] Subscriptions active: 6 (libsumo, fast mode)
On-policy training completed.
Closing environment and EXPORTING models...
Saving PyTorch ZIP models to /Users/wagnertamas/Documents/Munka/cikkek/AI_agens_konyvtar/support/intergreen_matrix_calculator/data/runs/pytorch_models...
Saved PyTorch R1C1_C to /Users/wagnertamas/Documents/Munka/cikkek/AI_agens_konyvtar/support/intergreen_matrix_calculator/data/runs/pytorch_models/R1C1_C.zip
Exporting ONNX models to /Users/wagnertamas/Documents/Munka/cikkek/AI_agens_konyvtar/support/intergreen_matrix_calculator/data/runs/onnx_models...
Failed to export R1C1_C: # Failed to convert 'dynamic_axes' to 'dynamic_shapes'. Please provide 'dynamic_shapes' directly. Refer to the documentation for 'torch.export.export' for more information on dynamic shapes.
Cleanup done.
