wandb: [wandb.login()] Loaded credentials for https://api.wandb.ai from /Users/wagnertamas/.netrc.
wandb: Currently logged in as: wagnertamas (wagnertamas-budapesti-m-szaki-s-gazdas-gtudom-nyi-egyetem) to https://api.wandb.ai. Use `wandb login --relogin` to force relogin
wandb: setting up run 1hvshkmo
wandb: Tracking run with wandb version 0.25.0
wandb: Run data is saved locally in /Users/wagnertamas/Documents/Munka/cikkek/AI_agens_konyvtar/support/intergreen_matrix_calculator/wandb/run-20260322_020548-1hvshkmo
wandb: Run `wandb offline` to turn off syncing.
wandb: Syncing run a2c_halt_ratio_2x16_1_R1C1_C
wandb: ⭐️ View project at https://wandb.ai/wagnertamas-budapesti-m-szaki-s-gazdas-gtudom-nyi-egyetem/sumo-rl-stat
wandb: 🚀 View run at https://wandb.ai/wagnertamas-budapesti-m-szaki-s-gazdas-gtudom-nyi-egyetem/sumo-rl-stat/runs/1hvshkmo
[INFO] Config: training_config.yaml
[INFO] Net: /Users/wagnertamas/Documents/Munka/cikkek/AI_agens_konyvtar/support/intergreen_matrix_calculator/data/mega_catalogue_v2.net.xml
[INFO] Timesteps: 100000 | Project: sumo-rl-stat
[INFO] Junction: R1C1_C
[INFO] Algorithm: a2c | Reward: halt_ratio
[INFO] Load model: None (fresh)
[INFO] Traffic: random target+spread (epizódonként)
Initializing Environment (algorithm=a2c, reward=halt_ratio)...
[INFO] Algorithm: a2c (on_policy)
[INFO] Reward mode: halt_ratio
WandB config applied (Sweep compatible).
[INFO] Junction reward params auto-loaded from /Users/wagnertamas/Documents/Munka/cikkek/AI_agens_konyvtar/support/intergreen_matrix_calculator/data/junction_reward_params.json
[INFO] Using 'libsumo' (fast headless mode, OS=darwin).
Starting SUMO...
[INFO] Episode duration: 2700s (45 min)

[DEBUG] 🎯 Célzott Forgalom Generálása (R1C1_C) | Period: 4.4536
Found 6 valid OD pairs for R1C1_C
Generating focused traffic: Period 4.4536s
[INFO] Network mapped: 1 agents, 3 detectors, 3 lanes
[INFO] Subscriptions active: 6 (libsumo, fast mode)
Agents discovered: ['R1C1_C']
[INFO] RL device: mps
[INFO] On-policy training: a2c → R1C1_C
Using mps device
Wrapping the env with a `Monitor` wrapper
Wrapping the env in a DummyVecEnv.
Starting on-policy training: 100000 timesteps...
[INFO] Episode duration: 1800s (30 min)

[DEBUG] 🎯 Célzott Forgalom Generálása (R1C1_C) | Period: 7.5205
Found 6 valid OD pairs for R1C1_C
Generating focused traffic: Period 7.5205s
[INFO] Subscriptions active: 6 (libsumo, fast mode)
Logging to /Users/wagnertamas/Documents/Munka/cikkek/AI_agens_konyvtar/support/intergreen_matrix_calculator/data/runs/sumo-rl-stat/R1C1_C/A2C_65
[INFO] Episode duration: 900s (15 min)

[DEBUG] 🎯 Célzott Forgalom Generálása (R1C1_C) | Period: 4.2355
Found 6 valid OD pairs for R1C1_C
Generating focused traffic: Period 4.2355s
[INFO] Subscriptions active: 6 (libsumo, fast mode)
[INFO] Episode duration: 900s (15 min)

[DEBUG] 🎯 Célzott Forgalom Generálása (R1C1_C) | Period: 7.3008
Found 6 valid OD pairs for R1C1_C
Generating focused traffic: Period 7.3008s
[INFO] Subscriptions active: 6 (libsumo, fast mode)
[INFO] Episode duration: 1800s (30 min)

[DEBUG] 🎯 Célzott Forgalom Generálása (R1C1_C) | Period: 5.7746
Found 6 valid OD pairs for R1C1_C
Generating focused traffic: Period 5.7746s
[INFO] Subscriptions active: 6 (libsumo, fast mode)
[INFO] Episode duration: 3600s (60 min)

[DEBUG] 🎯 Célzott Forgalom Generálása (R1C1_C) | Period: 4.0052
Found 6 valid OD pairs for R1C1_C
Generating focused traffic: Period 4.0052s
[INFO] Subscriptions active: 6 (libsumo, fast mode)
[INFO] Episode duration: 1800s (30 min)

[DEBUG] 🎯 Célzott Forgalom Generálása (R1C1_C) | Period: 7.981
Found 6 valid OD pairs for R1C1_C
Generating focused traffic: Period 7.9810s
[INFO] Subscriptions active: 6 (libsumo, fast mode)
[INFO] Episode duration: 2700s (45 min)

[DEBUG] 🎯 Célzott Forgalom Generálása (R1C1_C) | Period: 6.141
Found 6 valid OD pairs for R1C1_C
Generating focused traffic: Period 6.1410s
[INFO] Subscriptions active: 6 (libsumo, fast mode)
[INFO] Episode duration: 3600s (60 min)

[DEBUG] 🎯 Célzott Forgalom Generálása (R1C1_C) | Period: 5.7899
Found 6 valid OD pairs for R1C1_C
Generating focused traffic: Period 5.7899s
[INFO] Subscriptions active: 6 (libsumo, fast mode)
[INFO] Episode duration: 3600s (60 min)

[DEBUG] 🎯 Célzott Forgalom Generálása (R1C1_C) | Period: 4.3122
Found 6 valid OD pairs for R1C1_C
Generating focused traffic: Period 4.3122s
[INFO] Subscriptions active: 6 (libsumo, fast mode)
[INFO] Episode duration: 1800s (30 min)

[DEBUG] 🎯 Célzott Forgalom Generálása (R1C1_C) | Period: 4.249
Found 6 valid OD pairs for R1C1_C
Generating focused traffic: Period 4.2490s
[INFO] Subscriptions active: 6 (libsumo, fast mode)
[INFO] Episode duration: 3600s (60 min)

[DEBUG] 🎯 Célzott Forgalom Generálása (R1C1_C) | Period: 6.8302
Found 6 valid OD pairs for R1C1_C
Generating focused traffic: Period 6.8302s
[INFO] Subscriptions active: 6 (libsumo, fast mode)
[INFO] Episode duration: 2700s (45 min)

[DEBUG] 🎯 Célzott Forgalom Generálása (R1C1_C) | Period: 7.0164
Found 6 valid OD pairs for R1C1_C
Generating focused traffic: Period 7.0164s
[INFO] Subscriptions active: 6 (libsumo, fast mode)
[INFO] Episode duration: 900s (15 min)

[DEBUG] 🎯 Célzott Forgalom Generálása (R1C1_C) | Period: 5.0846
Found 6 valid OD pairs for R1C1_C
Generating focused traffic: Period 5.0846s
[INFO] Subscriptions active: 6 (libsumo, fast mode)
[INFO] Episode duration: 2700s (45 min)

[DEBUG] 🎯 Célzott Forgalom Generálása (R1C1_C) | Period: 4.7819
Found 6 valid OD pairs for R1C1_C
Generating focused traffic: Period 4.7819s
[INFO] Subscriptions active: 6 (libsumo, fast mode)
[INFO] Episode duration: 1800s (30 min)

[DEBUG] 🎯 Célzott Forgalom Generálása (R1C1_C) | Period: 7.0248
Found 6 valid OD pairs for R1C1_C
Generating focused traffic: Period 7.0248s
[INFO] Subscriptions active: 6 (libsumo, fast mode)
[INFO] Episode duration: 1800s (30 min)

[DEBUG] 🎯 Célzott Forgalom Generálása (R1C1_C) | Period: 7.5773
Found 6 valid OD pairs for R1C1_C
Generating focused traffic: Period 7.5773s
[INFO] Subscriptions active: 6 (libsumo, fast mode)
[INFO] Episode duration: 3600s (60 min)

[DEBUG] 🎯 Célzott Forgalom Generálása (R1C1_C) | Period: 5.1748
Found 6 valid OD pairs for R1C1_C
Generating focused traffic: Period 5.1748s
[INFO] Subscriptions active: 6 (libsumo, fast mode)
[INFO] Episode duration: 3600s (60 min)

[DEBUG] 🎯 Célzott Forgalom Generálása (R1C1_C) | Period: 7.2277
Found 6 valid OD pairs for R1C1_C
Generating focused traffic: Period 7.2277s
[INFO] Subscriptions active: 6 (libsumo, fast mode)
[INFO] Episode duration: 2700s (45 min)

[DEBUG] 🎯 Célzott Forgalom Generálása (R1C1_C) | Period: 6.197
Found 6 valid OD pairs for R1C1_C
Generating focused traffic: Period 6.1970s
[INFO] Subscriptions active: 6 (libsumo, fast mode)
[INFO] Episode duration: 3600s (60 min)

[DEBUG] 🎯 Célzott Forgalom Generálása (R1C1_C) | Period: 6.8946
Found 6 valid OD pairs for R1C1_C
Generating focused traffic: Period 6.8946s
[INFO] Subscriptions active: 6 (libsumo, fast mode)
[INFO] Episode duration: 900s (15 min)

[DEBUG] 🎯 Célzott Forgalom Generálása (R1C1_C) | Period: 7.535
Found 6 valid OD pairs for R1C1_C
Generating focused traffic: Period 7.5350s
[INFO] Subscriptions active: 6 (libsumo, fast mode)
[INFO] Episode duration: 1800s (30 min)

[DEBUG] 🎯 Célzott Forgalom Generálása (R1C1_C) | Period: 6.7534
Found 6 valid OD pairs for R1C1_C
Generating focused traffic: Period 6.7534s
[INFO] Subscriptions active: 6 (libsumo, fast mode)
[INFO] Episode duration: 2700s (45 min)

[DEBUG] 🎯 Célzott Forgalom Generálása (R1C1_C) | Period: 4.998
Found 6 valid OD pairs for R1C1_C
Generating focused traffic: Period 4.9980s
[INFO] Subscriptions active: 6 (libsumo, fast mode)
[INFO] Episode duration: 3600s (60 min)

[DEBUG] 🎯 Célzott Forgalom Generálása (R1C1_C) | Period: 4.869
Found 6 valid OD pairs for R1C1_C
Generating focused traffic: Period 4.8690s
[INFO] Subscriptions active: 6 (libsumo, fast mode)
[INFO] Episode duration: 2700s (45 min)

[DEBUG] 🎯 Célzott Forgalom Generálása (R1C1_C) | Period: 5.8862
Found 6 valid OD pairs for R1C1_C
Generating focused traffic: Period 5.8862s
[INFO] Subscriptions active: 6 (libsumo, fast mode)
[INFO] Episode duration: 2700s (45 min)

[DEBUG] 🎯 Célzott Forgalom Generálása (R1C1_C) | Period: 4.0592
Found 6 valid OD pairs for R1C1_C
Generating focused traffic: Period 4.0592s
[INFO] Subscriptions active: 6 (libsumo, fast mode)
[INFO] Episode duration: 1800s (30 min)

[DEBUG] 🎯 Célzott Forgalom Generálása (R1C1_C) | Period: 5.3957
Found 6 valid OD pairs for R1C1_C
Generating focused traffic: Period 5.3957s
[INFO] Subscriptions active: 6 (libsumo, fast mode)
[INFO] Episode duration: 2700s (45 min)

[DEBUG] 🎯 Célzott Forgalom Generálása (R1C1_C) | Period: 5.0157
Found 6 valid OD pairs for R1C1_C
Generating focused traffic: Period 5.0157s
[INFO] Subscriptions active: 6 (libsumo, fast mode)
[INFO] Episode duration: 1800s (30 min)

[DEBUG] 🎯 Célzott Forgalom Generálása (R1C1_C) | Period: 5.313
Found 6 valid OD pairs for R1C1_C
Generating focused traffic: Period 5.3130s
[INFO] Subscriptions active: 6 (libsumo, fast mode)
[INFO] Episode duration: 3600s (60 min)

[DEBUG] 🎯 Célzott Forgalom Generálása (R1C1_C) | Period: 5.7365
Found 6 valid OD pairs for R1C1_C
Generating focused traffic: Period 5.7365s
[INFO] Subscriptions active: 6 (libsumo, fast mode)
[INFO] Episode duration: 1800s (30 min)

[DEBUG] 🎯 Célzott Forgalom Generálása (R1C1_C) | Period: 5.2492
Found 6 valid OD pairs for R1C1_C
Generating focused traffic: Period 5.2492s
[INFO] Subscriptions active: 6 (libsumo, fast mode)
[INFO] Episode duration: 2700s (45 min)

[DEBUG] 🎯 Célzott Forgalom Generálása (R1C1_C) | Period: 7.804
Found 6 valid OD pairs for R1C1_C
Generating focused traffic: Period 7.8040s
[INFO] Subscriptions active: 6 (libsumo, fast mode)
[INFO] Episode duration: 1800s (30 min)

[DEBUG] 🎯 Célzott Forgalom Generálása (R1C1_C) | Period: 6.6527
Found 6 valid OD pairs for R1C1_C
Generating focused traffic: Period 6.6527s
[INFO] Subscriptions active: 6 (libsumo, fast mode)
[INFO] Episode duration: 1800s (30 min)

[DEBUG] 🎯 Célzott Forgalom Generálása (R1C1_C) | Period: 6.0296
Found 6 valid OD pairs for R1C1_C
Generating focused traffic: Period 6.0296s
[INFO] Subscriptions active: 6 (libsumo, fast mode)
[INFO] Episode duration: 1800s (30 min)

[DEBUG] 🎯 Célzott Forgalom Generálása (R1C1_C) | Period: 7.4692
Found 6 valid OD pairs for R1C1_C
Generating focused traffic: Period 7.4692s
[INFO] Subscriptions active: 6 (libsumo, fast mode)
[INFO] Episode duration: 900s (15 min)

[DEBUG] 🎯 Célzott Forgalom Generálása (R1C1_C) | Period: 6.0439
Found 6 valid OD pairs for R1C1_C
Generating focused traffic: Period 6.0439s
[INFO] Subscriptions active: 6 (libsumo, fast mode)
[INFO] Episode duration: 1800s (30 min)

[DEBUG] 🎯 Célzott Forgalom Generálása (R1C1_C) | Period: 7.6245
Found 6 valid OD pairs for R1C1_C
Generating focused traffic: Period 7.6245s
[INFO] Subscriptions active: 6 (libsumo, fast mode)
[INFO] Episode duration: 2700s (45 min)

[DEBUG] 🎯 Célzott Forgalom Generálása (R1C1_C) | Period: 7.8218
Found 6 valid OD pairs for R1C1_C
Generating focused traffic: Period 7.8218s
[INFO] Subscriptions active: 6 (libsumo, fast mode)
[INFO] Episode duration: 900s (15 min)

[DEBUG] 🎯 Célzott Forgalom Generálása (R1C1_C) | Period: 5.8908
Found 6 valid OD pairs for R1C1_C
Generating focused traffic: Period 5.8908s
[INFO] Subscriptions active: 6 (libsumo, fast mode)
[INFO] Episode duration: 900s (15 min)

[DEBUG] 🎯 Célzott Forgalom Generálása (R1C1_C) | Period: 7.0223
Found 6 valid OD pairs for R1C1_C
Generating focused traffic: Period 7.0223s
[INFO] Subscriptions active: 6 (libsumo, fast mode)
[INFO] Episode duration: 2700s (45 min)

[DEBUG] 🎯 Célzott Forgalom Generálása (R1C1_C) | Period: 4.4983
Found 6 valid OD pairs for R1C1_C
Generating focused traffic: Period 4.4983s
[INFO] Subscriptions active: 6 (libsumo, fast mode)
[INFO] Episode duration: 2700s (45 min)

[DEBUG] 🎯 Célzott Forgalom Generálása (R1C1_C) | Period: 7.236
Found 6 valid OD pairs for R1C1_C
Generating focused traffic: Period 7.2360s
[INFO] Subscriptions active: 6 (libsumo, fast mode)
[INFO] Episode duration: 900s (15 min)

[DEBUG] 🎯 Célzott Forgalom Generálása (R1C1_C) | Period: 6.4619
Found 6 valid OD pairs for R1C1_C
Generating focused traffic: Period 6.4619s
[INFO] Subscriptions active: 6 (libsumo, fast mode)
[INFO] Episode duration: 2700s (45 min)

[DEBUG] 🎯 Célzott Forgalom Generálása (R1C1_C) | Period: 7.9856
Found 6 valid OD pairs for R1C1_C
Generating focused traffic: Period 7.9856s
[INFO] Subscriptions active: 6 (libsumo, fast mode)
[INFO] Episode duration: 3600s (60 min)

[DEBUG] 🎯 Célzott Forgalom Generálása (R1C1_C) | Period: 4.7818
Found 6 valid OD pairs for R1C1_C
Generating focused traffic: Period 4.7818s
[INFO] Subscriptions active: 6 (libsumo, fast mode)
------------------------------------
| rollout/              |          |
|    ep_len_mean        | 454      |
|    ep_rew_mean        | 73.6     |
| time/                 |          |
|    fps                | 184      |
|    iterations         | 10       |
|    time_elapsed       | 111      |
|    total_timesteps    | 20480    |
| train/                |          |
|    entropy_loss       | -1.39    |
|    explained_variance | 0.00951  |
|    learning_rate      | 0.0001   |
|    n_updates          | 9        |
|    policy_loss        | 16.6     |
|    value_loss         | 170      |
------------------------------------
[INFO] Episode duration: 900s (15 min)

[DEBUG] 🎯 Célzott Forgalom Generálása (R1C1_C) | Period: 4.5019
Found 6 valid OD pairs for R1C1_C
Generating focused traffic: Period 4.5019s
[INFO] Subscriptions active: 6 (libsumo, fast mode)
[INFO] Episode duration: 1800s (30 min)

[DEBUG] 🎯 Célzott Forgalom Generálása (R1C1_C) | Period: 5.6139
Found 6 valid OD pairs for R1C1_C
Generating focused traffic: Period 5.6139s
[INFO] Subscriptions active: 6 (libsumo, fast mode)
[INFO] Episode duration: 1800s (30 min)

[DEBUG] 🎯 Célzott Forgalom Generálása (R1C1_C) | Period: 4.5576
Found 6 valid OD pairs for R1C1_C
Generating focused traffic: Period 4.5576s
[INFO] Subscriptions active: 6 (libsumo, fast mode)
[INFO] Episode duration: 1800s (30 min)

[DEBUG] 🎯 Célzott Forgalom Generálása (R1C1_C) | Period: 4.199
Found 6 valid OD pairs for R1C1_C
Generating focused traffic: Period 4.1990s
[INFO] Subscriptions active: 6 (libsumo, fast mode)
[INFO] Episode duration: 900s (15 min)

[DEBUG] 🎯 Célzott Forgalom Generálása (R1C1_C) | Period: 6.1421
Found 6 valid OD pairs for R1C1_C
Generating focused traffic: Period 6.1421s
[INFO] Subscriptions active: 6 (libsumo, fast mode)
[INFO] Episode duration: 2700s (45 min)

[DEBUG] 🎯 Célzott Forgalom Generálása (R1C1_C) | Period: 4.367
Found 6 valid OD pairs for R1C1_C
Generating focused traffic: Period 4.3670s
[INFO] Subscriptions active: 6 (libsumo, fast mode)
[INFO] Episode duration: 2700s (45 min)

[DEBUG] 🎯 Célzott Forgalom Generálása (R1C1_C) | Period: 5.6054
Found 6 valid OD pairs for R1C1_C
Generating focused traffic: Period 5.6054s
[INFO] Subscriptions active: 6 (libsumo, fast mode)
[INFO] Episode duration: 2700s (45 min)

[DEBUG] 🎯 Célzott Forgalom Generálása (R1C1_C) | Period: 7.8187
Found 6 valid OD pairs for R1C1_C
Generating focused traffic: Period 7.8187s
[INFO] Subscriptions active: 6 (libsumo, fast mode)
[INFO] Episode duration: 2700s (45 min)

[DEBUG] 🎯 Célzott Forgalom Generálása (R1C1_C) | Period: 4.3761
Found 6 valid OD pairs for R1C1_C
Generating focused traffic: Period 4.3761s
[INFO] Subscriptions active: 6 (libsumo, fast mode)
[INFO] Episode duration: 900s (15 min)

[DEBUG] 🎯 Célzott Forgalom Generálása (R1C1_C) | Period: 5.6497
Found 6 valid OD pairs for R1C1_C
Generating focused traffic: Period 5.6497s
[INFO] Subscriptions active: 6 (libsumo, fast mode)
[INFO] Episode duration: 3600s (60 min)

[DEBUG] 🎯 Célzott Forgalom Generálása (R1C1_C) | Period: 4.935
Found 6 valid OD pairs for R1C1_C
Generating focused traffic: Period 4.9350s
[INFO] Subscriptions active: 6 (libsumo, fast mode)
[INFO] Episode duration: 900s (15 min)

[DEBUG] 🎯 Célzott Forgalom Generálása (R1C1_C) | Period: 6.0396
Found 6 valid OD pairs for R1C1_C
Generating focused traffic: Period 6.0396s
[INFO] Subscriptions active: 6 (libsumo, fast mode)
[INFO] Episode duration: 3600s (60 min)

[DEBUG] 🎯 Célzott Forgalom Generálása (R1C1_C) | Period: 6.6212
Found 6 valid OD pairs for R1C1_C
Generating focused traffic: Period 6.6212s
[INFO] Subscriptions active: 6 (libsumo, fast mode)
[INFO] Episode duration: 2700s (45 min)

[DEBUG] 🎯 Célzott Forgalom Generálása (R1C1_C) | Period: 4.692
Found 6 valid OD pairs for R1C1_C
Generating focused traffic: Period 4.6920s
[INFO] Subscriptions active: 6 (libsumo, fast mode)
[INFO] Episode duration: 900s (15 min)

[DEBUG] 🎯 Célzott Forgalom Generálása (R1C1_C) | Period: 7.6493
Found 6 valid OD pairs for R1C1_C
Generating focused traffic: Period 7.6493s
[INFO] Subscriptions active: 6 (libsumo, fast mode)
[INFO] Episode duration: 1800s (30 min)

[DEBUG] 🎯 Célzott Forgalom Generálása (R1C1_C) | Period: 7.0648
Found 6 valid OD pairs for R1C1_C
Generating focused traffic: Period 7.0648s
[INFO] Subscriptions active: 6 (libsumo, fast mode)
[INFO] Episode duration: 2700s (45 min)

[DEBUG] 🎯 Célzott Forgalom Generálása (R1C1_C) | Period: 7.5824
Found 6 valid OD pairs for R1C1_C
Generating focused traffic: Period 7.5824s
[INFO] Subscriptions active: 6 (libsumo, fast mode)
[INFO] Episode duration: 3600s (60 min)

[DEBUG] 🎯 Célzott Forgalom Generálása (R1C1_C) | Period: 4.3983
Found 6 valid OD pairs for R1C1_C
Generating focused traffic: Period 4.3983s
[INFO] Subscriptions active: 6 (libsumo, fast mode)
[INFO] Episode duration: 1800s (30 min)

[DEBUG] 🎯 Célzott Forgalom Generálása (R1C1_C) | Period: 6.6327
Found 6 valid OD pairs for R1C1_C
Generating focused traffic: Period 6.6327s
[INFO] Subscriptions active: 6 (libsumo, fast mode)
[INFO] Episode duration: 1800s (30 min)

[DEBUG] 🎯 Célzott Forgalom Generálása (R1C1_C) | Period: 4.7008
Found 6 valid OD pairs for R1C1_C
Generating focused traffic: Period 4.7008s
[INFO] Subscriptions active: 6 (libsumo, fast mode)
[INFO] Episode duration: 1800s (30 min)

[DEBUG] 🎯 Célzott Forgalom Generálása (R1C1_C) | Period: 7.9591
Found 6 valid OD pairs for R1C1_C
Generating focused traffic: Period 7.9591s
[INFO] Subscriptions active: 6 (libsumo, fast mode)
[INFO] Episode duration: 3600s (60 min)

[DEBUG] 🎯 Célzott Forgalom Generálása (R1C1_C) | Period: 6.7811
Found 6 valid OD pairs for R1C1_C
Generating focused traffic: Period 6.7811s
[INFO] Subscriptions active: 6 (libsumo, fast mode)
[INFO] Episode duration: 900s (15 min)

[DEBUG] 🎯 Célzott Forgalom Generálása (R1C1_C) | Period: 6.2813
Found 6 valid OD pairs for R1C1_C
Generating focused traffic: Period 6.2813s
[INFO] Subscriptions active: 6 (libsumo, fast mode)
[INFO] Episode duration: 1800s (30 min)

[DEBUG] 🎯 Célzott Forgalom Generálása (R1C1_C) | Period: 4.4629
Found 6 valid OD pairs for R1C1_C
Generating focused traffic: Period 4.4629s
[INFO] Subscriptions active: 6 (libsumo, fast mode)
[INFO] Episode duration: 900s (15 min)

[DEBUG] 🎯 Célzott Forgalom Generálása (R1C1_C) | Period: 6.5165
Found 6 valid OD pairs for R1C1_C
Generating focused traffic: Period 6.5165s
[INFO] Subscriptions active: 6 (libsumo, fast mode)
[INFO] Episode duration: 2700s (45 min)

[DEBUG] 🎯 Célzott Forgalom Generálása (R1C1_C) | Period: 4.7485
Found 6 valid OD pairs for R1C1_C
Generating focused traffic: Period 4.7485s
[INFO] Subscriptions active: 6 (libsumo, fast mode)
[INFO] Episode duration: 1800s (30 min)

[DEBUG] 🎯 Célzott Forgalom Generálása (R1C1_C) | Period: 4.5403
Found 6 valid OD pairs for R1C1_C
Generating focused traffic: Period 4.5403s
[INFO] Subscriptions active: 6 (libsumo, fast mode)
[INFO] Episode duration: 1800s (30 min)

[DEBUG] 🎯 Célzott Forgalom Generálása (R1C1_C) | Period: 7.4689
Found 6 valid OD pairs for R1C1_C
Generating focused traffic: Period 7.4689s
[INFO] Subscriptions active: 6 (libsumo, fast mode)
[INFO] Episode duration: 3600s (60 min)

[DEBUG] 🎯 Célzott Forgalom Generálása (R1C1_C) | Period: 6.1662
Found 6 valid OD pairs for R1C1_C
Generating focused traffic: Period 6.1662s
[INFO] Subscriptions active: 6 (libsumo, fast mode)
[INFO] Episode duration: 3600s (60 min)

[DEBUG] 🎯 Célzott Forgalom Generálása (R1C1_C) | Period: 7.5519
Found 6 valid OD pairs for R1C1_C
Generating focused traffic: Period 7.5519s
[INFO] Subscriptions active: 6 (libsumo, fast mode)
[INFO] Episode duration: 2700s (45 min)

[DEBUG] 🎯 Célzott Forgalom Generálása (R1C1_C) | Period: 5.8103
Found 6 valid OD pairs for R1C1_C
Generating focused traffic: Period 5.8103s
[INFO] Subscriptions active: 6 (libsumo, fast mode)
[INFO] Episode duration: 1800s (30 min)

[DEBUG] 🎯 Célzott Forgalom Generálása (R1C1_C) | Period: 4.6132
Found 6 valid OD pairs for R1C1_C
Generating focused traffic: Period 4.6132s
[INFO] Subscriptions active: 6 (libsumo, fast mode)
[INFO] Episode duration: 900s (15 min)

[DEBUG] 🎯 Célzott Forgalom Generálása (R1C1_C) | Period: 6.8883
Found 6 valid OD pairs for R1C1_C
Generating focused traffic: Period 6.8883s
[INFO] Subscriptions active: 6 (libsumo, fast mode)
[INFO] Episode duration: 900s (15 min)

[DEBUG] 🎯 Célzott Forgalom Generálása (R1C1_C) | Period: 6.1625
Found 6 valid OD pairs for R1C1_C
Generating focused traffic: Period 6.1625s
[INFO] Subscriptions active: 6 (libsumo, fast mode)
[INFO] Episode duration: 3600s (60 min)

[DEBUG] 🎯 Célzott Forgalom Generálása (R1C1_C) | Period: 6.3385
Found 6 valid OD pairs for R1C1_C
Generating focused traffic: Period 6.3385s
[INFO] Subscriptions active: 6 (libsumo, fast mode)
[INFO] Episode duration: 3600s (60 min)

[DEBUG] 🎯 Célzott Forgalom Generálása (R1C1_C) | Period: 5.8705
Found 6 valid OD pairs for R1C1_C
Generating focused traffic: Period 5.8705s
[INFO] Subscriptions active: 6 (libsumo, fast mode)
[INFO] Episode duration: 1800s (30 min)

[DEBUG] 🎯 Célzott Forgalom Generálása (R1C1_C) | Period: 7.9092
Found 6 valid OD pairs for R1C1_C
Generating focused traffic: Period 7.9092s
[INFO] Subscriptions active: 6 (libsumo, fast mode)
[INFO] Episode duration: 900s (15 min)

[DEBUG] 🎯 Célzott Forgalom Generálása (R1C1_C) | Period: 6.7577
Found 6 valid OD pairs for R1C1_C
Generating focused traffic: Period 6.7577s
[INFO] Subscriptions active: 6 (libsumo, fast mode)
[INFO] Episode duration: 2700s (45 min)

[DEBUG] 🎯 Célzott Forgalom Generálása (R1C1_C) | Period: 6.3801
Found 6 valid OD pairs for R1C1_C
Generating focused traffic: Period 6.3801s
[INFO] Subscriptions active: 6 (libsumo, fast mode)
[INFO] Episode duration: 2700s (45 min)

[DEBUG] 🎯 Célzott Forgalom Generálása (R1C1_C) | Period: 6.2319
Found 6 valid OD pairs for R1C1_C
Generating focused traffic: Period 6.2319s
[INFO] Subscriptions active: 6 (libsumo, fast mode)
[INFO] Episode duration: 900s (15 min)

[DEBUG] 🎯 Célzott Forgalom Generálása (R1C1_C) | Period: 5.1804
Found 6 valid OD pairs for R1C1_C
Generating focused traffic: Period 5.1804s
[INFO] Subscriptions active: 6 (libsumo, fast mode)
[INFO] Episode duration: 2700s (45 min)

[DEBUG] 🎯 Célzott Forgalom Generálása (R1C1_C) | Period: 5.6418
Found 6 valid OD pairs for R1C1_C
Generating focused traffic: Period 5.6418s
[INFO] Subscriptions active: 6 (libsumo, fast mode)
[INFO] Episode duration: 3600s (60 min)

[DEBUG] 🎯 Célzott Forgalom Generálása (R1C1_C) | Period: 7.2622
Found 6 valid OD pairs for R1C1_C
Generating focused traffic: Period 7.2622s
[INFO] Subscriptions active: 6 (libsumo, fast mode)
[INFO] Episode duration: 900s (15 min)

[DEBUG] 🎯 Célzott Forgalom Generálása (R1C1_C) | Period: 7.4706
Found 6 valid OD pairs for R1C1_C
Generating focused traffic: Period 7.4706s
[INFO] Subscriptions active: 6 (libsumo, fast mode)
[INFO] Episode duration: 2700s (45 min)

[DEBUG] 🎯 Célzott Forgalom Generálása (R1C1_C) | Period: 4.7541
Found 6 valid OD pairs for R1C1_C
Generating focused traffic: Period 4.7541s
[INFO] Subscriptions active: 6 (libsumo, fast mode)
[INFO] Episode duration: 2700s (45 min)

[DEBUG] 🎯 Célzott Forgalom Generálása (R1C1_C) | Period: 6.2986
Found 6 valid OD pairs for R1C1_C
Generating focused traffic: Period 6.2986s
[INFO] Subscriptions active: 6 (libsumo, fast mode)
[INFO] Episode duration: 2700s (45 min)

[DEBUG] 🎯 Célzott Forgalom Generálása (R1C1_C) | Period: 4.4877
Found 6 valid OD pairs for R1C1_C
Generating focused traffic: Period 4.4877s
[INFO] Subscriptions active: 6 (libsumo, fast mode)
------------------------------------
| rollout/              |          |
|    ep_len_mean        | 447      |
|    ep_rew_mean        | 72.8     |
| time/                 |          |
|    fps                | 184      |
|    iterations         | 20       |
|    time_elapsed       | 221      |
|    total_timesteps    | 40960    |
| train/                |          |
|    entropy_loss       | -1.39    |
|    explained_variance | 0.01     |
|    learning_rate      | 0.0001   |
|    n_updates          | 19       |
|    policy_loss        | 17.2     |
|    value_loss         | 187      |
------------------------------------
[INFO] Episode duration: 3600s (60 min)

[DEBUG] 🎯 Célzott Forgalom Generálása (R1C1_C) | Period: 4.443
Found 6 valid OD pairs for R1C1_C
Generating focused traffic: Period 4.4430s
[INFO] Subscriptions active: 6 (libsumo, fast mode)
[INFO] Episode duration: 1800s (30 min)

[DEBUG] 🎯 Célzott Forgalom Generálása (R1C1_C) | Period: 7.0628
Found 6 valid OD pairs for R1C1_C
Generating focused traffic: Period 7.0628s
[INFO] Subscriptions active: 6 (libsumo, fast mode)
[INFO] Episode duration: 900s (15 min)

[DEBUG] 🎯 Célzott Forgalom Generálása (R1C1_C) | Period: 6.481
Found 6 valid OD pairs for R1C1_C
Generating focused traffic: Period 6.4810s
[INFO] Subscriptions active: 6 (libsumo, fast mode)
[INFO] Episode duration: 1800s (30 min)

[DEBUG] 🎯 Célzott Forgalom Generálása (R1C1_C) | Period: 5.8713
Found 6 valid OD pairs for R1C1_C
Generating focused traffic: Period 5.8713s
[INFO] Subscriptions active: 6 (libsumo, fast mode)
[INFO] Episode duration: 2700s (45 min)

[DEBUG] 🎯 Célzott Forgalom Generálása (R1C1_C) | Period: 6.4077
Found 6 valid OD pairs for R1C1_C
Generating focused traffic: Period 6.4077s
[INFO] Subscriptions active: 6 (libsumo, fast mode)
[INFO] Episode duration: 1800s (30 min)

[DEBUG] 🎯 Célzott Forgalom Generálása (R1C1_C) | Period: 7.01
Found 6 valid OD pairs for R1C1_C
Generating focused traffic: Period 7.0100s
[INFO] Subscriptions active: 6 (libsumo, fast mode)
[INFO] Episode duration: 3600s (60 min)

[DEBUG] 🎯 Célzott Forgalom Generálása (R1C1_C) | Period: 5.9107
Found 6 valid OD pairs for R1C1_C
Generating focused traffic: Period 5.9107s
[INFO] Subscriptions active: 6 (libsumo, fast mode)
[INFO] Episode duration: 3600s (60 min)

[DEBUG] 🎯 Célzott Forgalom Generálása (R1C1_C) | Period: 7.6214
Found 6 valid OD pairs for R1C1_C
Generating focused traffic: Period 7.6214s
[INFO] Subscriptions active: 6 (libsumo, fast mode)
[INFO] Episode duration: 3600s (60 min)

[DEBUG] 🎯 Célzott Forgalom Generálása (R1C1_C) | Period: 4.2141
Found 6 valid OD pairs for R1C1_C
Generating focused traffic: Period 4.2141s
[INFO] Subscriptions active: 6 (libsumo, fast mode)
[INFO] Episode duration: 2700s (45 min)

[DEBUG] 🎯 Célzott Forgalom Generálása (R1C1_C) | Period: 6.064
Found 6 valid OD pairs for R1C1_C
Generating focused traffic: Period 6.0640s
[INFO] Subscriptions active: 6 (libsumo, fast mode)
[INFO] Episode duration: 1800s (30 min)

[DEBUG] 🎯 Célzott Forgalom Generálása (R1C1_C) | Period: 6.2961
Found 6 valid OD pairs for R1C1_C
Generating focused traffic: Period 6.2961s
[INFO] Subscriptions active: 6 (libsumo, fast mode)
[INFO] Episode duration: 2700s (45 min)

[DEBUG] 🎯 Célzott Forgalom Generálása (R1C1_C) | Period: 6.8351
Found 6 valid OD pairs for R1C1_C
Generating focused traffic: Period 6.8351s
[INFO] Subscriptions active: 6 (libsumo, fast mode)
[INFO] Episode duration: 900s (15 min)

[DEBUG] 🎯 Célzott Forgalom Generálása (R1C1_C) | Period: 5.6575
Found 6 valid OD pairs for R1C1_C
Generating focused traffic: Period 5.6575s
[INFO] Subscriptions active: 6 (libsumo, fast mode)
[INFO] Episode duration: 1800s (30 min)

[DEBUG] 🎯 Célzott Forgalom Generálása (R1C1_C) | Period: 7.4193
Found 6 valid OD pairs for R1C1_C
Generating focused traffic: Period 7.4193s
[INFO] Subscriptions active: 6 (libsumo, fast mode)
[INFO] Episode duration: 2700s (45 min)

[DEBUG] 🎯 Célzott Forgalom Generálása (R1C1_C) | Period: 4.6467
Found 6 valid OD pairs for R1C1_C
Generating focused traffic: Period 4.6467s
[INFO] Subscriptions active: 6 (libsumo, fast mode)
[INFO] Episode duration: 2700s (45 min)

[DEBUG] 🎯 Célzott Forgalom Generálása (R1C1_C) | Period: 7.4748
Found 6 valid OD pairs for R1C1_C
Generating focused traffic: Period 7.4748s
[INFO] Subscriptions active: 6 (libsumo, fast mode)
[INFO] Episode duration: 900s (15 min)

[DEBUG] 🎯 Célzott Forgalom Generálása (R1C1_C) | Period: 7.2302
Found 6 valid OD pairs for R1C1_C
Generating focused traffic: Period 7.2302s
[INFO] Subscriptions active: 6 (libsumo, fast mode)
[INFO] Episode duration: 3600s (60 min)

[DEBUG] 🎯 Célzott Forgalom Generálása (R1C1_C) | Period: 6.7528
Found 6 valid OD pairs for R1C1_C
Generating focused traffic: Period 6.7528s
[INFO] Subscriptions active: 6 (libsumo, fast mode)
[INFO] Episode duration: 900s (15 min)

[DEBUG] 🎯 Célzott Forgalom Generálása (R1C1_C) | Period: 7.3403
Found 6 valid OD pairs for R1C1_C
Generating focused traffic: Period 7.3403s
[INFO] Subscriptions active: 6 (libsumo, fast mode)
[INFO] Episode duration: 3600s (60 min)

[DEBUG] 🎯 Célzott Forgalom Generálása (R1C1_C) | Period: 7.1157
Found 6 valid OD pairs for R1C1_C
Generating focused traffic: Period 7.1157s
[INFO] Subscriptions active: 6 (libsumo, fast mode)
[INFO] Episode duration: 3600s (60 min)

[DEBUG] 🎯 Célzott Forgalom Generálása (R1C1_C) | Period: 4.3426
Found 6 valid OD pairs for R1C1_C
Generating focused traffic: Period 4.3426s
[INFO] Subscriptions active: 6 (libsumo, fast mode)
[INFO] Episode duration: 900s (15 min)

[DEBUG] 🎯 Célzott Forgalom Generálása (R1C1_C) | Period: 4.5374
Found 6 valid OD pairs for R1C1_C
Generating focused traffic: Period 4.5374s
[INFO] Subscriptions active: 6 (libsumo, fast mode)
[INFO] Episode duration: 3600s (60 min)

[DEBUG] 🎯 Célzott Forgalom Generálása (R1C1_C) | Period: 6.8217
Found 6 valid OD pairs for R1C1_C
Generating focused traffic: Period 6.8217s
[INFO] Subscriptions active: 6 (libsumo, fast mode)
[INFO] Episode duration: 2700s (45 min)

[DEBUG] 🎯 Célzott Forgalom Generálása (R1C1_C) | Period: 6.9345
Found 6 valid OD pairs for R1C1_C
Generating focused traffic: Period 6.9345s
[INFO] Subscriptions active: 6 (libsumo, fast mode)
[INFO] Episode duration: 900s (15 min)

[DEBUG] 🎯 Célzott Forgalom Generálása (R1C1_C) | Period: 4.484
Found 6 valid OD pairs for R1C1_C
Generating focused traffic: Period 4.4840s
[INFO] Subscriptions active: 6 (libsumo, fast mode)
[INFO] Episode duration: 2700s (45 min)

[DEBUG] 🎯 Célzott Forgalom Generálása (R1C1_C) | Period: 7.1956
Found 6 valid OD pairs for R1C1_C
Generating focused traffic: Period 7.1956s
[INFO] Subscriptions active: 6 (libsumo, fast mode)
[INFO] Episode duration: 900s (15 min)

[DEBUG] 🎯 Célzott Forgalom Generálása (R1C1_C) | Period: 6.1591
Found 6 valid OD pairs for R1C1_C
Generating focused traffic: Period 6.1591s
[INFO] Subscriptions active: 6 (libsumo, fast mode)
[INFO] Episode duration: 2700s (45 min)

[DEBUG] 🎯 Célzott Forgalom Generálása (R1C1_C) | Period: 6.5994
Found 6 valid OD pairs for R1C1_C
Generating focused traffic: Period 6.5994s
[INFO] Subscriptions active: 6 (libsumo, fast mode)
[INFO] Episode duration: 900s (15 min)

[DEBUG] 🎯 Célzott Forgalom Generálása (R1C1_C) | Period: 4.4421
Found 6 valid OD pairs for R1C1_C
Generating focused traffic: Period 4.4421s
[INFO] Subscriptions active: 6 (libsumo, fast mode)
[INFO] Episode duration: 3600s (60 min)

[DEBUG] 🎯 Célzott Forgalom Generálása (R1C1_C) | Period: 5.4403
Found 6 valid OD pairs for R1C1_C
Generating focused traffic: Period 5.4403s
[INFO] Subscriptions active: 6 (libsumo, fast mode)
[INFO] Episode duration: 3600s (60 min)

[DEBUG] 🎯 Célzott Forgalom Generálása (R1C1_C) | Period: 4.8031
Found 6 valid OD pairs for R1C1_C
Generating focused traffic: Period 4.8031s
[INFO] Subscriptions active: 6 (libsumo, fast mode)
[INFO] Episode duration: 3600s (60 min)

[DEBUG] 🎯 Célzott Forgalom Generálása (R1C1_C) | Period: 4.8011
Found 6 valid OD pairs for R1C1_C
Generating focused traffic: Period 4.8011s
[INFO] Subscriptions active: 6 (libsumo, fast mode)
[INFO] Episode duration: 900s (15 min)

[DEBUG] 🎯 Célzott Forgalom Generálása (R1C1_C) | Period: 7.17
Found 6 valid OD pairs for R1C1_C
Generating focused traffic: Period 7.1700s
[INFO] Subscriptions active: 6 (libsumo, fast mode)
[INFO] Episode duration: 1800s (30 min)

[DEBUG] 🎯 Célzott Forgalom Generálása (R1C1_C) | Period: 6.2572
Found 6 valid OD pairs for R1C1_C
Generating focused traffic: Period 6.2572s
[INFO] Subscriptions active: 6 (libsumo, fast mode)
[INFO] Episode duration: 2700s (45 min)

[DEBUG] 🎯 Célzott Forgalom Generálása (R1C1_C) | Period: 7.575
Found 6 valid OD pairs for R1C1_C
Generating focused traffic: Period 7.5750s
[INFO] Subscriptions active: 6 (libsumo, fast mode)
[INFO] Episode duration: 3600s (60 min)

[DEBUG] 🎯 Célzott Forgalom Generálása (R1C1_C) | Period: 6.3418
Found 6 valid OD pairs for R1C1_C
Generating focused traffic: Period 6.3418s
[INFO] Subscriptions active: 6 (libsumo, fast mode)
[INFO] Episode duration: 900s (15 min)

[DEBUG] 🎯 Célzott Forgalom Generálása (R1C1_C) | Period: 7.1902
Found 6 valid OD pairs for R1C1_C
Generating focused traffic: Period 7.1902s
[INFO] Subscriptions active: 6 (libsumo, fast mode)
[INFO] Episode duration: 1800s (30 min)

[DEBUG] 🎯 Célzott Forgalom Generálása (R1C1_C) | Period: 4.2016
Found 6 valid OD pairs for R1C1_C
Generating focused traffic: Period 4.2016s
[INFO] Subscriptions active: 6 (libsumo, fast mode)
[INFO] Episode duration: 3600s (60 min)

[DEBUG] 🎯 Célzott Forgalom Generálása (R1C1_C) | Period: 4.5263
Found 6 valid OD pairs for R1C1_C
Generating focused traffic: Period 4.5263s
[INFO] Subscriptions active: 6 (libsumo, fast mode)
[INFO] Episode duration: 1800s (30 min)

[DEBUG] 🎯 Célzott Forgalom Generálása (R1C1_C) | Period: 7.8043
Found 6 valid OD pairs for R1C1_C
Generating focused traffic: Period 7.8043s
[INFO] Subscriptions active: 6 (libsumo, fast mode)
[INFO] Episode duration: 2700s (45 min)

[DEBUG] 🎯 Célzott Forgalom Generálása (R1C1_C) | Period: 7.2919
Found 6 valid OD pairs for R1C1_C
Generating focused traffic: Period 7.2919s
[INFO] Subscriptions active: 6 (libsumo, fast mode)
[INFO] Episode duration: 1800s (30 min)

[DEBUG] 🎯 Célzott Forgalom Generálása (R1C1_C) | Period: 5.2699
Found 6 valid OD pairs for R1C1_C
Generating focused traffic: Period 5.2699s
[INFO] Subscriptions active: 6 (libsumo, fast mode)
[INFO] Episode duration: 3600s (60 min)

[DEBUG] 🎯 Célzott Forgalom Generálása (R1C1_C) | Period: 5.5133
Found 6 valid OD pairs for R1C1_C
Generating focused traffic: Period 5.5133s
[INFO] Subscriptions active: 6 (libsumo, fast mode)
-------------------------------------
| rollout/              |           |
|    ep_len_mean        | 446       |
|    ep_rew_mean        | 73.1      |
| time/                 |           |
|    fps                | 184       |
|    iterations         | 30        |
|    time_elapsed       | 332       |
|    total_timesteps    | 61440     |
| train/                |           |
|    entropy_loss       | -1.39     |
|    explained_variance | -0.000577 |
|    learning_rate      | 0.0001    |
|    n_updates          | 29        |
|    policy_loss        | 16.1      |
|    value_loss         | 156       |
-------------------------------------
[INFO] Episode duration: 900s (15 min)

[DEBUG] 🎯 Célzott Forgalom Generálása (R1C1_C) | Period: 6.0746
Found 6 valid OD pairs for R1C1_C
Generating focused traffic: Period 6.0746s
[INFO] Subscriptions active: 6 (libsumo, fast mode)
[INFO] Episode duration: 1800s (30 min)

[DEBUG] 🎯 Célzott Forgalom Generálása (R1C1_C) | Period: 7.31
Found 6 valid OD pairs for R1C1_C
Generating focused traffic: Period 7.3100s
[INFO] Subscriptions active: 6 (libsumo, fast mode)
[INFO] Episode duration: 1800s (30 min)

[DEBUG] 🎯 Célzott Forgalom Generálása (R1C1_C) | Period: 7.7528
Found 6 valid OD pairs for R1C1_C
Generating focused traffic: Period 7.7528s
[INFO] Subscriptions active: 6 (libsumo, fast mode)
[INFO] Episode duration: 2700s (45 min)

[DEBUG] 🎯 Célzott Forgalom Generálása (R1C1_C) | Period: 6.9059
Found 6 valid OD pairs for R1C1_C
Generating focused traffic: Period 6.9059s
[INFO] Subscriptions active: 6 (libsumo, fast mode)
[INFO] Episode duration: 2700s (45 min)

[DEBUG] 🎯 Célzott Forgalom Generálása (R1C1_C) | Period: 6.5797
Found 6 valid OD pairs for R1C1_C
Generating focused traffic: Period 6.5797s
[INFO] Subscriptions active: 6 (libsumo, fast mode)
[INFO] Episode duration: 2700s (45 min)

[DEBUG] 🎯 Célzott Forgalom Generálása (R1C1_C) | Period: 4.5045
Found 6 valid OD pairs for R1C1_C
Generating focused traffic: Period 4.5045s
[INFO] Subscriptions active: 6 (libsumo, fast mode)
[INFO] Episode duration: 1800s (30 min)

[DEBUG] 🎯 Célzott Forgalom Generálása (R1C1_C) | Period: 7.4128
Found 6 valid OD pairs for R1C1_C
Generating focused traffic: Period 7.4128s
[INFO] Subscriptions active: 6 (libsumo, fast mode)
[INFO] Episode duration: 2700s (45 min)

[DEBUG] 🎯 Célzott Forgalom Generálása (R1C1_C) | Period: 7.3906
Found 6 valid OD pairs for R1C1_C
Generating focused traffic: Period 7.3906s
[INFO] Subscriptions active: 6 (libsumo, fast mode)
[INFO] Episode duration: 1800s (30 min)

[DEBUG] 🎯 Célzott Forgalom Generálása (R1C1_C) | Period: 7.1223
Found 6 valid OD pairs for R1C1_C
Generating focused traffic: Period 7.1223s
[INFO] Subscriptions active: 6 (libsumo, fast mode)
[INFO] Episode duration: 3600s (60 min)

[DEBUG] 🎯 Célzott Forgalom Generálása (R1C1_C) | Period: 5.3216
Found 6 valid OD pairs for R1C1_C
Generating focused traffic: Period 5.3216s
[INFO] Subscriptions active: 6 (libsumo, fast mode)
[INFO] Episode duration: 3600s (60 min)

[DEBUG] 🎯 Célzott Forgalom Generálása (R1C1_C) | Period: 6.4585
Found 6 valid OD pairs for R1C1_C
Generating focused traffic: Period 6.4585s
[INFO] Subscriptions active: 6 (libsumo, fast mode)
[INFO] Episode duration: 1800s (30 min)

[DEBUG] 🎯 Célzott Forgalom Generálása (R1C1_C) | Period: 5.8356
Found 6 valid OD pairs for R1C1_C
Generating focused traffic: Period 5.8356s
[INFO] Subscriptions active: 6 (libsumo, fast mode)
[INFO] Episode duration: 900s (15 min)

[DEBUG] 🎯 Célzott Forgalom Generálása (R1C1_C) | Period: 6.132
Found 6 valid OD pairs for R1C1_C
Generating focused traffic: Period 6.1320s
[INFO] Subscriptions active: 6 (libsumo, fast mode)
[INFO] Episode duration: 1800s (30 min)

[DEBUG] 🎯 Célzott Forgalom Generálása (R1C1_C) | Period: 7.2869
Found 6 valid OD pairs for R1C1_C
Generating focused traffic: Period 7.2869s
[INFO] Subscriptions active: 6 (libsumo, fast mode)
[INFO] Episode duration: 1800s (30 min)

[DEBUG] 🎯 Célzott Forgalom Generálása (R1C1_C) | Period: 6.7659
Found 6 valid OD pairs for R1C1_C
Generating focused traffic: Period 6.7659s
[INFO] Subscriptions active: 6 (libsumo, fast mode)
[INFO] Episode duration: 2700s (45 min)

[DEBUG] 🎯 Célzott Forgalom Generálása (R1C1_C) | Period: 6.6014
Found 6 valid OD pairs for R1C1_C
Generating focused traffic: Period 6.6014s
[INFO] Subscriptions active: 6 (libsumo, fast mode)
[INFO] Episode duration: 3600s (60 min)

[DEBUG] 🎯 Célzott Forgalom Generálása (R1C1_C) | Period: 5.7378
Found 6 valid OD pairs for R1C1_C
Generating focused traffic: Period 5.7378s
[INFO] Subscriptions active: 6 (libsumo, fast mode)
[INFO] Episode duration: 900s (15 min)

[DEBUG] 🎯 Célzott Forgalom Generálása (R1C1_C) | Period: 4.6196
Found 6 valid OD pairs for R1C1_C
Generating focused traffic: Period 4.6196s
[INFO] Subscriptions active: 6 (libsumo, fast mode)
[INFO] Episode duration: 900s (15 min)

[DEBUG] 🎯 Célzott Forgalom Generálása (R1C1_C) | Period: 4.7439
Found 6 valid OD pairs for R1C1_C
Generating focused traffic: Period 4.7439s
[INFO] Subscriptions active: 6 (libsumo, fast mode)
[INFO] Episode duration: 900s (15 min)

[DEBUG] 🎯 Célzott Forgalom Generálása (R1C1_C) | Period: 4.5488
Found 6 valid OD pairs for R1C1_C
Generating focused traffic: Period 4.5488s
[INFO] Subscriptions active: 6 (libsumo, fast mode)
[INFO] Episode duration: 900s (15 min)

[DEBUG] 🎯 Célzott Forgalom Generálása (R1C1_C) | Period: 4.2109
Found 6 valid OD pairs for R1C1_C
Generating focused traffic: Period 4.2109s
[INFO] Subscriptions active: 6 (libsumo, fast mode)
[INFO] Episode duration: 1800s (30 min)

[DEBUG] 🎯 Célzott Forgalom Generálása (R1C1_C) | Period: 6.7494
Found 6 valid OD pairs for R1C1_C
Generating focused traffic: Period 6.7494s
[INFO] Subscriptions active: 6 (libsumo, fast mode)
[INFO] Episode duration: 900s (15 min)

[DEBUG] 🎯 Célzott Forgalom Generálása (R1C1_C) | Period: 6.9534
Found 6 valid OD pairs for R1C1_C
Generating focused traffic: Period 6.9534s
[INFO] Subscriptions active: 6 (libsumo, fast mode)
[INFO] Episode duration: 3600s (60 min)

[DEBUG] 🎯 Célzott Forgalom Generálása (R1C1_C) | Period: 6.6561
Found 6 valid OD pairs for R1C1_C
Generating focused traffic: Period 6.6561s
[INFO] Subscriptions active: 6 (libsumo, fast mode)
[INFO] Episode duration: 900s (15 min)

[DEBUG] 🎯 Célzott Forgalom Generálása (R1C1_C) | Period: 4.4789
Found 6 valid OD pairs for R1C1_C
Generating focused traffic: Period 4.4789s
[INFO] Subscriptions active: 6 (libsumo, fast mode)
[INFO] Episode duration: 2700s (45 min)

[DEBUG] 🎯 Célzott Forgalom Generálása (R1C1_C) | Period: 6.5339
Found 6 valid OD pairs for R1C1_C
Generating focused traffic: Period 6.5339s
[INFO] Subscriptions active: 6 (libsumo, fast mode)
[INFO] Episode duration: 1800s (30 min)

[DEBUG] 🎯 Célzott Forgalom Generálása (R1C1_C) | Period: 6.1573
Found 6 valid OD pairs for R1C1_C
Generating focused traffic: Period 6.1573s
[INFO] Subscriptions active: 6 (libsumo, fast mode)
[INFO] Episode duration: 900s (15 min)

[DEBUG] 🎯 Célzott Forgalom Generálása (R1C1_C) | Period: 4.7434
Found 6 valid OD pairs for R1C1_C
Generating focused traffic: Period 4.7434s
[INFO] Subscriptions active: 6 (libsumo, fast mode)
[INFO] Episode duration: 3600s (60 min)

[DEBUG] 🎯 Célzott Forgalom Generálása (R1C1_C) | Period: 4.5181
Found 6 valid OD pairs for R1C1_C
Generating focused traffic: Period 4.5181s
[INFO] Subscriptions active: 6 (libsumo, fast mode)
[INFO] Episode duration: 900s (15 min)

[DEBUG] 🎯 Célzott Forgalom Generálása (R1C1_C) | Period: 4.9422
Found 6 valid OD pairs for R1C1_C
Generating focused traffic: Period 4.9422s
[INFO] Subscriptions active: 6 (libsumo, fast mode)
[INFO] Episode duration: 900s (15 min)

[DEBUG] 🎯 Célzott Forgalom Generálása (R1C1_C) | Period: 5.8064
Found 6 valid OD pairs for R1C1_C
Generating focused traffic: Period 5.8064s
[INFO] Subscriptions active: 6 (libsumo, fast mode)
[INFO] Episode duration: 3600s (60 min)

[DEBUG] 🎯 Célzott Forgalom Generálása (R1C1_C) | Period: 6.7179
Found 6 valid OD pairs for R1C1_C
Generating focused traffic: Period 6.7179s
[INFO] Subscriptions active: 6 (libsumo, fast mode)
[INFO] Episode duration: 3600s (60 min)

[DEBUG] 🎯 Célzott Forgalom Generálása (R1C1_C) | Period: 4.141
Found 6 valid OD pairs for R1C1_C
Generating focused traffic: Period 4.1410s
[INFO] Subscriptions active: 6 (libsumo, fast mode)
[INFO] Episode duration: 900s (15 min)

[DEBUG] 🎯 Célzott Forgalom Generálása (R1C1_C) | Period: 7.3246
Found 6 valid OD pairs for R1C1_C
Generating focused traffic: Period 7.3246s
[INFO] Subscriptions active: 6 (libsumo, fast mode)
[INFO] Episode duration: 2700s (45 min)

[DEBUG] 🎯 Célzott Forgalom Generálása (R1C1_C) | Period: 7.61
Found 6 valid OD pairs for R1C1_C
Generating focused traffic: Period 7.6100s
[INFO] Subscriptions active: 6 (libsumo, fast mode)
[INFO] Episode duration: 3600s (60 min)

[DEBUG] 🎯 Célzott Forgalom Generálása (R1C1_C) | Period: 5.1287
Found 6 valid OD pairs for R1C1_C
Generating focused traffic: Period 5.1287s
[INFO] Subscriptions active: 6 (libsumo, fast mode)
[INFO] Episode duration: 1800s (30 min)

[DEBUG] 🎯 Célzott Forgalom Generálása (R1C1_C) | Period: 4.9908
Found 6 valid OD pairs for R1C1_C
Generating focused traffic: Period 4.9908s
[INFO] Subscriptions active: 6 (libsumo, fast mode)
[INFO] Episode duration: 2700s (45 min)

[DEBUG] 🎯 Célzott Forgalom Generálása (R1C1_C) | Period: 7.1135
Found 6 valid OD pairs for R1C1_C
Generating focused traffic: Period 7.1135s
[INFO] Subscriptions active: 6 (libsumo, fast mode)
[INFO] Episode duration: 3600s (60 min)

[DEBUG] 🎯 Célzott Forgalom Generálása (R1C1_C) | Period: 4.0489
Found 6 valid OD pairs for R1C1_C
Generating focused traffic: Period 4.0489s
[INFO] Subscriptions active: 6 (libsumo, fast mode)
[INFO] Episode duration: 900s (15 min)

[DEBUG] 🎯 Célzott Forgalom Generálása (R1C1_C) | Period: 6.7278
Found 6 valid OD pairs for R1C1_C
Generating focused traffic: Period 6.7278s
[INFO] Subscriptions active: 6 (libsumo, fast mode)
[INFO] Episode duration: 2700s (45 min)

[DEBUG] 🎯 Célzott Forgalom Generálása (R1C1_C) | Period: 6.7159
Found 6 valid OD pairs for R1C1_C
Generating focused traffic: Period 6.7159s
[INFO] Subscriptions active: 6 (libsumo, fast mode)
[INFO] Episode duration: 1800s (30 min)

[DEBUG] 🎯 Célzott Forgalom Generálása (R1C1_C) | Period: 6.5157
Found 6 valid OD pairs for R1C1_C
Generating focused traffic: Period 6.5157s
[INFO] Subscriptions active: 6 (libsumo, fast mode)
[INFO] Episode duration: 1800s (30 min)

[DEBUG] 🎯 Célzott Forgalom Generálása (R1C1_C) | Period: 4.7858
Found 6 valid OD pairs for R1C1_C
Generating focused traffic: Period 4.7858s
[INFO] Subscriptions active: 6 (libsumo, fast mode)
[INFO] Episode duration: 3600s (60 min)

[DEBUG] 🎯 Célzott Forgalom Generálása (R1C1_C) | Period: 7.0851
Found 6 valid OD pairs for R1C1_C
Generating focused traffic: Period 7.0851s
[INFO] Subscriptions active: 6 (libsumo, fast mode)
[INFO] Episode duration: 1800s (30 min)

[DEBUG] 🎯 Célzott Forgalom Generálása (R1C1_C) | Period: 5.9757
Found 6 valid OD pairs for R1C1_C
Generating focused traffic: Period 5.9757s
[INFO] Subscriptions active: 6 (libsumo, fast mode)
[INFO] Episode duration: 3600s (60 min)

[DEBUG] 🎯 Célzott Forgalom Generálása (R1C1_C) | Period: 7.0237
Found 6 valid OD pairs for R1C1_C
Generating focused traffic: Period 7.0237s
[INFO] Subscriptions active: 6 (libsumo, fast mode)
[INFO] Episode duration: 900s (15 min)

[DEBUG] 🎯 Célzott Forgalom Generálása (R1C1_C) | Period: 6.2151
Found 6 valid OD pairs for R1C1_C
Generating focused traffic: Period 6.2151s
[INFO] Subscriptions active: 6 (libsumo, fast mode)
[INFO] Episode duration: 1800s (30 min)

[DEBUG] 🎯 Célzott Forgalom Generálása (R1C1_C) | Period: 5.5176
Found 6 valid OD pairs for R1C1_C
Generating focused traffic: Period 5.5176s
[INFO] Subscriptions active: 6 (libsumo, fast mode)
------------------------------------
| rollout/              |          |
|    ep_len_mean        | 450      |
|    ep_rew_mean        | 73.5     |
| time/                 |          |
|    fps                | 184      |
|    iterations         | 40       |
|    time_elapsed       | 443      |
|    total_timesteps    | 81920    |
| train/                |          |
|    entropy_loss       | -1.39    |
|    explained_variance | -0.00215 |
|    learning_rate      | 0.0001   |
|    n_updates          | 39       |
|    policy_loss        | 15.8     |
|    value_loss         | 151      |
------------------------------------
[INFO] Episode duration: 2700s (45 min)

[DEBUG] 🎯 Célzott Forgalom Generálása (R1C1_C) | Period: 6.4157
Found 6 valid OD pairs for R1C1_C
Generating focused traffic: Period 6.4157s
[INFO] Subscriptions active: 6 (libsumo, fast mode)
[INFO] Episode duration: 2700s (45 min)

[DEBUG] 🎯 Célzott Forgalom Generálása (R1C1_C) | Period: 5.1963
Found 6 valid OD pairs for R1C1_C
Generating focused traffic: Period 5.1963s
[INFO] Subscriptions active: 6 (libsumo, fast mode)
[INFO] Episode duration: 1800s (30 min)

[DEBUG] 🎯 Célzott Forgalom Generálása (R1C1_C) | Period: 7.1939
Found 6 valid OD pairs for R1C1_C
Generating focused traffic: Period 7.1939s
[INFO] Subscriptions active: 6 (libsumo, fast mode)
[INFO] Episode duration: 3600s (60 min)

[DEBUG] 🎯 Célzott Forgalom Generálása (R1C1_C) | Period: 6.5343
Found 6 valid OD pairs for R1C1_C
Generating focused traffic: Period 6.5343s
[INFO] Subscriptions active: 6 (libsumo, fast mode)
[INFO] Episode duration: 3600s (60 min)

[DEBUG] 🎯 Célzott Forgalom Generálása (R1C1_C) | Period: 7.0123
Found 6 valid OD pairs for R1C1_C
Generating focused traffic: Period 7.0123s
[INFO] Subscriptions active: 6 (libsumo, fast mode)
[INFO] Episode duration: 2700s (45 min)

[DEBUG] 🎯 Célzott Forgalom Generálása (R1C1_C) | Period: 7.2475
Found 6 valid OD pairs for R1C1_C
Generating focused traffic: Period 7.2475s
[INFO] Subscriptions active: 6 (libsumo, fast mode)
[INFO] Episode duration: 3600s (60 min)

[DEBUG] 🎯 Célzott Forgalom Generálása (R1C1_C) | Period: 6.2108
Found 6 valid OD pairs for R1C1_C
Generating focused traffic: Period 6.2108s
[INFO] Subscriptions active: 6 (libsumo, fast mode)
[INFO] Episode duration: 3600s (60 min)

[DEBUG] 🎯 Célzott Forgalom Generálása (R1C1_C) | Period: 5.2568
Found 6 valid OD pairs for R1C1_C
Generating focused traffic: Period 5.2568s
[INFO] Subscriptions active: 6 (libsumo, fast mode)
[INFO] Episode duration: 3600s (60 min)

[DEBUG] 🎯 Célzott Forgalom Generálása (R1C1_C) | Period: 7.9665
Found 6 valid OD pairs for R1C1_C
Generating focused traffic: Period 7.9665s
[INFO] Subscriptions active: 6 (libsumo, fast mode)
[INFO] Episode duration: 2700s (45 min)

[DEBUG] 🎯 Célzott Forgalom Generálása (R1C1_C) | Period: 4.6865
Found 6 valid OD pairs for R1C1_C
Generating focused traffic: Period 4.6865s
[INFO] Subscriptions active: 6 (libsumo, fast mode)
[INFO] Episode duration: 2700s (45 min)

[DEBUG] 🎯 Célzott Forgalom Generálása (R1C1_C) | Period: 7.1189
Found 6 valid OD pairs for R1C1_C
Generating focused traffic: Period 7.1189s
[INFO] Subscriptions active: 6 (libsumo, fast mode)
[INFO] Episode duration: 2700s (45 min)

[DEBUG] 🎯 Célzott Forgalom Generálása (R1C1_C) | Period: 6.7716
Found 6 valid OD pairs for R1C1_C
Generating focused traffic: Period 6.7716s
[INFO] Subscriptions active: 6 (libsumo, fast mode)
[INFO] Episode duration: 2700s (45 min)

[DEBUG] 🎯 Célzott Forgalom Generálása (R1C1_C) | Period: 4.8853
Found 6 valid OD pairs for R1C1_C
Generating focused traffic: Period 4.8853s
[INFO] Subscriptions active: 6 (libsumo, fast mode)
[INFO] Episode duration: 2700s (45 min)

[DEBUG] 🎯 Célzott Forgalom Generálása (R1C1_C) | Period: 5.116
Found 6 valid OD pairs for R1C1_C
Generating focused traffic: Period 5.1160s
[INFO] Subscriptions active: 6 (libsumo, fast mode)
[INFO] Episode duration: 900s (15 min)

[DEBUG] 🎯 Célzott Forgalom Generálása (R1C1_C) | Period: 7.4864
Found 6 valid OD pairs for R1C1_C
Generating focused traffic: Period 7.4864s
[INFO] Subscriptions active: 6 (libsumo, fast mode)
[INFO] Episode duration: 2700s (45 min)

[DEBUG] 🎯 Célzott Forgalom Generálása (R1C1_C) | Period: 5.7765
Found 6 valid OD pairs for R1C1_C
Generating focused traffic: Period 5.7765s
[INFO] Subscriptions active: 6 (libsumo, fast mode)
[INFO] Episode duration: 900s (15 min)

[DEBUG] 🎯 Célzott Forgalom Generálása (R1C1_C) | Period: 6.087
Found 6 valid OD pairs for R1C1_C
Generating focused traffic: Period 6.0870s
[INFO] Subscriptions active: 6 (libsumo, fast mode)
[INFO] Episode duration: 900s (15 min)

[DEBUG] 🎯 Célzott Forgalom Generálása (R1C1_C) | Period: 5.5848
Found 6 valid OD pairs for R1C1_C
Generating focused traffic: Period 5.5848s
[INFO] Subscriptions active: 6 (libsumo, fast mode)
[INFO] Episode duration: 1800s (30 min)

[DEBUG] 🎯 Célzott Forgalom Generálása (R1C1_C) | Period: 4.0797
Found 6 valid OD pairs for R1C1_C
Generating focused traffic: Period 4.0797s
[INFO] Subscriptions active: 6 (libsumo, fast mode)
[INFO] Episode duration: 1800s (30 min)

[DEBUG] 🎯 Célzott Forgalom Generálása (R1C1_C) | Period: 5.4216
Found 6 valid OD pairs for R1C1_C
Generating focused traffic: Period 5.4216s
[INFO] Subscriptions active: 6 (libsumo, fast mode)
[INFO] Episode duration: 2700s (45 min)

[DEBUG] 🎯 Célzott Forgalom Generálása (R1C1_C) | Period: 6.1213
Found 6 valid OD pairs for R1C1_C
Generating focused traffic: Period 6.1213s
[INFO] Subscriptions active: 6 (libsumo, fast mode)
[INFO] Episode duration: 900s (15 min)

[DEBUG] 🎯 Célzott Forgalom Generálása (R1C1_C) | Period: 4.6676
Found 6 valid OD pairs for R1C1_C
Generating focused traffic: Period 4.6676s
[INFO] Subscriptions active: 6 (libsumo, fast mode)
[INFO] Episode duration: 1800s (30 min)

[DEBUG] 🎯 Célzott Forgalom Generálása (R1C1_C) | Period: 4.36
Found 6 valid OD pairs for R1C1_C
Generating focused traffic: Period 4.3600s
[INFO] Subscriptions active: 6 (libsumo, fast mode)
[INFO] Episode duration: 900s (15 min)

[DEBUG] 🎯 Célzott Forgalom Generálása (R1C1_C) | Period: 7.0782
Found 6 valid OD pairs for R1C1_C
Generating focused traffic: Period 7.0782s
[INFO] Subscriptions active: 6 (libsumo, fast mode)
[INFO] Episode duration: 900s (15 min)

[DEBUG] 🎯 Célzott Forgalom Generálása (R1C1_C) | Period: 7.6158
Found 6 valid OD pairs for R1C1_C
Generating focused traffic: Period 7.6158s
[INFO] Subscriptions active: 6 (libsumo, fast mode)
[INFO] Episode duration: 3600s (60 min)

[DEBUG] 🎯 Célzott Forgalom Generálása (R1C1_C) | Period: 4.4189
Found 6 valid OD pairs for R1C1_C
Generating focused traffic: Period 4.4189s
[INFO] Subscriptions active: 6 (libsumo, fast mode)
[INFO] Episode duration: 2700s (45 min)

[DEBUG] 🎯 Célzott Forgalom Generálása (R1C1_C) | Period: 6.9905
Found 6 valid OD pairs for R1C1_C
Generating focused traffic: Period 6.9905s
[INFO] Subscriptions active: 6 (libsumo, fast mode)
[INFO] Episode duration: 1800s (30 min)

[DEBUG] 🎯 Célzott Forgalom Generálása (R1C1_C) | Period: 5.4117
Found 6 valid OD pairs for R1C1_C
Generating focused traffic: Period 5.4117s
[INFO] Subscriptions active: 6 (libsumo, fast mode)
[INFO] Episode duration: 900s (15 min)

[DEBUG] 🎯 Célzott Forgalom Generálása (R1C1_C) | Period: 7.7801
Found 6 valid OD pairs for R1C1_C
Generating focused traffic: Period 7.7801s
[INFO] Subscriptions active: 6 (libsumo, fast mode)
[INFO] Episode duration: 900s (15 min)

[DEBUG] 🎯 Célzott Forgalom Generálása (R1C1_C) | Period: 7.6486
Found 6 valid OD pairs for R1C1_C
Generating focused traffic: Period 7.6486s
[INFO] Subscriptions active: 6 (libsumo, fast mode)
[INFO] Episode duration: 1800s (30 min)

[DEBUG] 🎯 Célzott Forgalom Generálása (R1C1_C) | Period: 6.3317
Found 6 valid OD pairs for R1C1_C
Generating focused traffic: Period 6.3317s
[INFO] Subscriptions active: 6 (libsumo, fast mode)
[INFO] Episode duration: 1800s (30 min)

[DEBUG] 🎯 Célzott Forgalom Generálása (R1C1_C) | Period: 6.4834
Found 6 valid OD pairs for R1C1_C
Generating focused traffic: Period 6.4834s
[INFO] Subscriptions active: 6 (libsumo, fast mode)
[INFO] Episode duration: 900s (15 min)

[DEBUG] 🎯 Célzott Forgalom Generálása (R1C1_C) | Period: 5.0535
Found 6 valid OD pairs for R1C1_C
Generating focused traffic: Period 5.0535s
[INFO] Subscriptions active: 6 (libsumo, fast mode)
[INFO] Episode duration: 1800s (30 min)

[DEBUG] 🎯 Célzott Forgalom Generálása (R1C1_C) | Period: 4.8314
Found 6 valid OD pairs for R1C1_C
Generating focused traffic: Period 4.8314s
[INFO] Subscriptions active: 6 (libsumo, fast mode)
[INFO] Episode duration: 3600s (60 min)
wandb: WARNING Symlinked 1 file into the W&B run directory; call wandb.save again to sync new files.
/Users/wagnertamas/Documents/Munka/cikkek/AI_agens_konyvtar/support/intergreen_matrix_calculator/rl_trainer.py:857: UserWarning: Exporting a model while it is in training mode. Please ensure that this is intended, as it may lead to different behavior during inference. Calling model.eval() before export is recommended.
  torch.onnx.export(
/Users/wagnertamas/Documents/Munka/cikkek/AI_agens_konyvtar/support/intergreen_matrix_calculator/rl_trainer.py:857: UserWarning: # 'dynamic_axes' is not recommended when dynamo=True, and may lead to 'torch._dynamo.exc.UserError: Constraints violated.' Supply the 'dynamic_shapes' argument instead if export is unsuccessful.
  torch.onnx.export(
wandb: updating run metadata
wandb: uploading pytorch_models/R1C1_C.zip; uploading output.log; uploading wandb-summary.json; uploading config.yaml
wandb: uploading pytorch_models/R1C1_C.zip; uploading output.log
wandb: 
wandb: Run history:
wandb:  R1C1_C/action_pct/phase_0 ▅▃▆▃▄▃▄▆▅▂▃▆▆▃▃▅▃▃▃█▄▂▂▅▄▃▄▁▄▅▄▂▅▃▃▃▃▆▁▄
wandb:  R1C1_C/action_pct/phase_1 ▆▆▇▅▅▅▇▅▅▆▇▅▁▅▅▅█▅▆▂▄▆▄▇▆▆▆▆▅▃▆█▆▆▆▆▇▄▇▅
wandb:  R1C1_C/action_pct/phase_2 ▅▃▃▅▅▆▁▂▄▅▅▄▆▅▄▃▅▄▇▅▄▅▇▂▆▄▄▇▅█▃▅▄▅▆▅▄▂▄▅
wandb:  R1C1_C/action_pct/phase_3 ▃▆▁▆▅▅▆▆▅▇▃▄▇▇▇▆▃█▄▅█▇▇▆▃▅▅▆▅▃▆▄▃▆▅▄▅█▆▄
wandb:  R1C1_C/train/entropy_loss ▁▁▃▃▄▅▆▅▅▅▄▄▄▄▄▅▅▃▄▅▇▇▇▇▇▇▅█▇▇▇▇▆▆▇▇▇▇▇▇
wandb: R1C1_C/train/learning_rate ▁▁▁▁▁▁▁▁▁▁▁▁▁▁▁▁▁▁▁▁▁▁▁▁▁▁▁▁▁▁▁▁▁▁▁▁▁▁▁▁
wandb:    R1C1_C/train/value_loss ▃▃▃▃▃▃▃▄▄▄▆▆▆▄▂▄██▅▅▃▃▃▃▃▅▅▂▄▅▅▄▄▆▄▁▁▁▄▂
wandb:                 avg_reward ▃▂▂▁▁▆▄▂▃▃▄▃▂▁▆▁█▃▃▁▂▂▁▁▂▂▁▂▄▂▃▂▂▃▂▂▂▂▃▂
wandb:                    episode ▁▁▂▂▂▂▂▃▃▃▃▃▃▄▄▄▄▄▄▄▅▅▅▅▆▆▆▆▆▇▇▇▇▇▇█████
wandb:         episode/avg_reward ▁█▃▂▃▂▃▃▂▁▁▄▁▂▁▃▁▂▂▄▁▁▁▂▄▁▂▄▂▇▂▁▂▂▂▁▁▂▃▂
wandb:                         +7 ...
wandb: 
wandb: Run summary:
wandb:  R1C1_C/action_pct/phase_0 25.69444
wandb:  R1C1_C/action_pct/phase_1 23.88889
wandb:  R1C1_C/action_pct/phase_2 25.97222
wandb:  R1C1_C/action_pct/phase_3 24.44444
wandb:  R1C1_C/train/entropy_loss -1.38618
wandb: R1C1_C/train/learning_rate 0.0001
wandb:    R1C1_C/train/value_loss 128.01401
wandb:                 avg_reward 0.15846
wandb:                    episode 222
wandb:         episode/avg_reward 0.16572
wandb:                         +7 ...
wandb: 
wandb: 🚀 View run a2c_halt_ratio_2x16_1_R1C1_C at: https://wandb.ai/wagnertamas-budapesti-m-szaki-s-gazdas-gtudom-nyi-egyetem/sumo-rl-stat/runs/1hvshkmo
wandb: ⭐️ View project at: https://wandb.ai/wagnertamas-budapesti-m-szaki-s-gazdas-gtudom-nyi-egyetem/sumo-rl-stat
wandb: Synced 5 W&B file(s), 0 media file(s), 0 artifact file(s) and 1 other file(s)
wandb: Find logs at: ./wandb/run-20260322_020548-1hvshkmo/logs

[DEBUG] 🎯 Célzott Forgalom Generálása (R1C1_C) | Period: 4.7783
Found 6 valid OD pairs for R1C1_C
Generating focused traffic: Period 4.7783s
[INFO] Subscriptions active: 6 (libsumo, fast mode)
[INFO] Episode duration: 2700s (45 min)

[DEBUG] 🎯 Célzott Forgalom Generálása (R1C1_C) | Period: 6.6179
Found 6 valid OD pairs for R1C1_C
Generating focused traffic: Period 6.6179s
[INFO] Subscriptions active: 6 (libsumo, fast mode)
[INFO] Episode duration: 3600s (60 min)

[DEBUG] 🎯 Célzott Forgalom Generálása (R1C1_C) | Period: 6.2855
Found 6 valid OD pairs for R1C1_C
Generating focused traffic: Period 6.2855s
[INFO] Subscriptions active: 6 (libsumo, fast mode)
[INFO] Episode duration: 2700s (45 min)

[DEBUG] 🎯 Célzott Forgalom Generálása (R1C1_C) | Period: 4.5928
Found 6 valid OD pairs for R1C1_C
Generating focused traffic: Period 4.5928s
[INFO] Subscriptions active: 6 (libsumo, fast mode)
[INFO] Episode duration: 2700s (45 min)

[DEBUG] 🎯 Célzott Forgalom Generálása (R1C1_C) | Period: 5.7111
Found 6 valid OD pairs for R1C1_C
Generating focused traffic: Period 5.7111s
[INFO] Subscriptions active: 6 (libsumo, fast mode)
[INFO] Episode duration: 3600s (60 min)

[DEBUG] 🎯 Célzott Forgalom Generálása (R1C1_C) | Period: 6.272
Found 6 valid OD pairs for R1C1_C
Generating focused traffic: Period 6.2720s
[INFO] Subscriptions active: 6 (libsumo, fast mode)
On-policy training completed.
Closing environment and EXPORTING models...
Saving PyTorch ZIP models to /Users/wagnertamas/Documents/Munka/cikkek/AI_agens_konyvtar/support/intergreen_matrix_calculator/data/runs/pytorch_models...
Saved PyTorch R1C1_C to /Users/wagnertamas/Documents/Munka/cikkek/AI_agens_konyvtar/support/intergreen_matrix_calculator/data/runs/pytorch_models/R1C1_C.zip
Exporting ONNX models to /Users/wagnertamas/Documents/Munka/cikkek/AI_agens_konyvtar/support/intergreen_matrix_calculator/data/runs/onnx_models...
Failed to export R1C1_C: # Failed to convert 'dynamic_axes' to 'dynamic_shapes'. Please provide 'dynamic_shapes' directly. Refer to the documentation for 'torch.export.export' for more information on dynamic shapes.
Cleanup done.
