wandb: [wandb.login()] Loaded credentials for https://api.wandb.ai from /Users/wagnertamas/.netrc.
wandb: Currently logged in as: wagnertamas (wagnertamas-budapesti-m-szaki-s-gazdas-gtudom-nyi-egyetem) to https://api.wandb.ai. Use `wandb login --relogin` to force relogin
wandb: setting up run v3ek5aet
wandb: Tracking run with wandb version 0.25.1
wandb: Run data is saved locally in /Users/wagnertamas/Documents/Munka/cikkek/AI_agens_konyvtar/support/intergreen_matrix_calculator/wandb/run-20260408_011202-v3ek5aet
wandb: Run `wandb offline` to turn off syncing.
wandb: Syncing run ppo_speed_throughput_1x64_1_R1C1_C
wandb: ⭐️ View project at https://wandb.ai/wagnertamas-budapesti-m-szaki-s-gazdas-gtudom-nyi-egyetem/sumo-rl-stat-2
wandb: 🚀 View run at https://wandb.ai/wagnertamas-budapesti-m-szaki-s-gazdas-gtudom-nyi-egyetem/sumo-rl-stat-2/runs/v3ek5aet
[INFO] Config: training_config.yaml
[INFO] Net: /Users/wagnertamas/Documents/Munka/cikkek/AI_agens_konyvtar/support/intergreen_matrix_calculator/data/mega_catalogue_v2.net.xml
[INFO] Timesteps: 100000 | Project: sumo-rl-stat-2
[INFO] Junction: R1C1_C
[INFO] Algorithm: ppo | Reward: speed_throughput
[INFO] Load model: None (fresh)
[INFO] Traffic: random target+spread (epizódonként)
Initializing Environment (algorithm=ppo, reward=speed_throughput)...
[INFO] Algorithm: ppo (on_policy)
[INFO] Reward mode: speed_throughput
WandB config applied (Sweep compatible).
[INFO] Junction reward params auto-loaded from /Users/wagnertamas/Documents/Munka/cikkek/AI_agens_konyvtar/support/intergreen_matrix_calculator/data/junction_reward_params.json
[INFO] Using 'traci' (USE_LIBSUMO=0, parallel slave).
Starting SUMO...
[INFO] Episode duration: 900s (15 min)

[DEBUG] 🎯 Célzott Forgalom Generálása (R1C1_C) | Period: 4.2922
Found 6 valid OD pairs for R1C1_C
Generating focused traffic: Period 4.2922s
 Retrying in 1 seconds
[INFO] Network mapped: 1 agents, 3 detectors, 3 lanes
[INFO] Subscriptions active: 6 (traci, fast mode)
Agents discovered: ['R1C1_C']
[INFO] RL device: mps
[INFO] On-policy training: ppo → R1C1_C
[INFO] Env reset az observation/action space inicializálásához...
[INFO] Episode duration: 900s (15 min)

[DEBUG] 🎯 Célzott Forgalom Generálása (R1C1_C) | Period: 4.6811
Found 6 valid OD pairs for R1C1_C
Generating focused traffic: Period 4.6811s
[INFO] Subscriptions active: 6 (traci, fast mode)
Using mps device
Wrapping the env with a `Monitor` wrapper
Wrapping the env in a DummyVecEnv.
Starting on-policy training: 100000 timesteps...
[INFO] Episode duration: 1800s (30 min)

[DEBUG] 🎯 Célzott Forgalom Generálása (R1C1_C) | Period: 4.1277
Found 6 valid OD pairs for R1C1_C
Generating focused traffic: Period 4.1277s
[INFO] Subscriptions active: 6 (traci, fast mode)
Logging to /Users/wagnertamas/Documents/Munka/cikkek/AI_agens_konyvtar/support/intergreen_matrix_calculator/data/runs/sumo-rl-stat-2/R1C1_C/PPO_11
[INFO] Episode duration: 3600s (60 min)

[DEBUG] 🎯 Célzott Forgalom Generálása (R1C1_C) | Period: 4.6191
Found 6 valid OD pairs for R1C1_C
Generating focused traffic: Period 4.6191s
[INFO] Subscriptions active: 6 (traci, fast mode)
  [ACTION PPO] R1C1_C: a0=25% (89) a1=20% (72) a2=24% (88) a3=31% (111)
[INFO] Episode duration: 900s (15 min)

[DEBUG] 🎯 Célzott Forgalom Generálása (R1C1_C) | Period: 6.7729
Found 6 valid OD pairs for R1C1_C
Generating focused traffic: Period 6.7729s
[INFO] Subscriptions active: 6 (traci, fast mode)
  [ACTION PPO] R1C1_C: a0=23% (169) a1=26% (190) a2=27% (191) a3=24% (170)
[INFO] Episode duration: 1800s (30 min)

[DEBUG] 🎯 Célzott Forgalom Generálása (R1C1_C) | Period: 5.9284
Found 6 valid OD pairs for R1C1_C
Generating focused traffic: Period 5.9284s
[INFO] Subscriptions active: 6 (traci, fast mode)
  [ACTION PPO] R1C1_C: a0=29% (52) a1=27% (48) a2=18% (33) a3=26% (47)
[INFO] Episode duration: 2700s (45 min)

[DEBUG] 🎯 Célzott Forgalom Generálása (R1C1_C) | Period: 6.5456
Found 6 valid OD pairs for R1C1_C
Generating focused traffic: Period 6.5456s
[INFO] Subscriptions active: 6 (traci, fast mode)
  [ACTION PPO] R1C1_C: a0=24% (86) a1=30% (109) a2=25% (89) a3=21% (76)
[INFO] Episode duration: 900s (15 min)

[DEBUG] 🎯 Célzott Forgalom Generálása (R1C1_C) | Period: 6.721
Found 6 valid OD pairs for R1C1_C
Generating focused traffic: Period 6.7210s
[INFO] Subscriptions active: 6 (traci, fast mode)
  [ACTION PPO] R1C1_C: a0=26% (138) a1=27% (147) a2=24% (127) a3=24% (128)
[INFO] Episode duration: 2700s (45 min)

[DEBUG] 🎯 Célzott Forgalom Generálása (R1C1_C) | Period: 6.5423
Found 6 valid OD pairs for R1C1_C
Generating focused traffic: Period 6.5423s
[INFO] Subscriptions active: 6 (traci, fast mode)
  [ACTION PPO] R1C1_C: a0=27% (49) a1=22% (40) a2=24% (44) a3=26% (47)
[INFO] Episode duration: 2700s (45 min)

[DEBUG] 🎯 Célzott Forgalom Generálása (R1C1_C) | Period: 4.6167
Found 6 valid OD pairs for R1C1_C
Generating focused traffic: Period 4.6167s
[INFO] Subscriptions active: 6 (traci, fast mode)
  [ACTION PPO] R1C1_C: a0=27% (144) a1=22% (119) a2=24% (127) a3=28% (150)
[INFO] Episode duration: 1800s (30 min)

[DEBUG] 🎯 Célzott Forgalom Generálása (R1C1_C) | Period: 4.0761
Found 6 valid OD pairs for R1C1_C
Generating focused traffic: Period 4.0761s
[INFO] Subscriptions active: 6 (traci, fast mode)
  [ACTION PPO] R1C1_C: a0=29% (158) a1=23% (126) a2=24% (131) a3=23% (125)
[INFO] Episode duration: 900s (15 min)

[DEBUG] 🎯 Célzott Forgalom Generálása (R1C1_C) | Period: 4.7607
Found 6 valid OD pairs for R1C1_C
Generating focused traffic: Period 4.7607s
[INFO] Subscriptions active: 6 (traci, fast mode)
  [ACTION PPO] R1C1_C: a0=26% (95) a1=22% (78) a2=21% (74) a3=31% (113)
[INFO] Episode duration: 2700s (45 min)

[DEBUG] 🎯 Célzott Forgalom Generálása (R1C1_C) | Period: 5.931
Found 6 valid OD pairs for R1C1_C
Generating focused traffic: Period 5.9310s
[INFO] Subscriptions active: 6 (traci, fast mode)
  [ACTION PPO] R1C1_C: a0=37% (66) a1=19% (35) a2=19% (34) a3=25% (45)
[INFO] Episode duration: 900s (15 min)

[DEBUG] 🎯 Célzott Forgalom Generálása (R1C1_C) | Period: 6.6602
Found 6 valid OD pairs for R1C1_C
Generating focused traffic: Period 6.6602s
[INFO] Subscriptions active: 6 (traci, fast mode)
  [ACTION PPO] R1C1_C: a0=22% (121) a1=23% (126) a2=24% (130) a3=30% (163)
[INFO] Episode duration: 2700s (45 min)

[DEBUG] 🎯 Célzott Forgalom Generálása (R1C1_C) | Period: 4.8683
Found 6 valid OD pairs for R1C1_C
Generating focused traffic: Period 4.8683s
[INFO] Subscriptions active: 6 (traci, fast mode)
  [ACTION PPO] R1C1_C: a0=27% (48) a1=23% (41) a2=26% (47) a3=24% (44)
[INFO] Episode duration: 2700s (45 min)

[DEBUG] 🎯 Célzott Forgalom Generálása (R1C1_C) | Period: 4.7436
Found 6 valid OD pairs for R1C1_C
Generating focused traffic: Period 4.7436s
[INFO] Subscriptions active: 6 (traci, fast mode)
  [ACTION PPO] R1C1_C: a0=25% (135) a1=18% (95) a2=25% (133) a3=33% (177)
[INFO] Episode duration: 1800s (30 min)

[DEBUG] 🎯 Célzott Forgalom Generálása (R1C1_C) | Period: 5.0189
Found 6 valid OD pairs for R1C1_C
Generating focused traffic: Period 5.0189s
[INFO] Subscriptions active: 6 (traci, fast mode)
  [ACTION PPO] R1C1_C: a0=23% (124) a1=20% (108) a2=24% (127) a3=34% (181)
[INFO] Episode duration: 2700s (45 min)

[DEBUG] 🎯 Célzott Forgalom Generálása (R1C1_C) | Period: 5.1236
Found 6 valid OD pairs for R1C1_C
Generating focused traffic: Period 5.1236s
[INFO] Subscriptions active: 6 (traci, fast mode)
  [ACTION PPO] R1C1_C: a0=22% (80) a1=19% (69) a2=24% (87) a3=34% (124)
[INFO] Episode duration: 3600s (60 min)

[DEBUG] 🎯 Célzott Forgalom Generálása (R1C1_C) | Period: 7.1061
Found 6 valid OD pairs for R1C1_C
Generating focused traffic: Period 7.1061s
[INFO] Subscriptions active: 6 (traci, fast mode)
  [ACTION PPO] R1C1_C: a0=22% (117) a1=20% (110) a2=26% (143) a3=31% (170)
[INFO] Episode duration: 900s (15 min)

[DEBUG] 🎯 Célzott Forgalom Generálása (R1C1_C) | Period: 5.6314
Found 6 valid OD pairs for R1C1_C
Generating focused traffic: Period 5.6314s
[INFO] Subscriptions active: 6 (traci, fast mode)
  [ACTION PPO] R1C1_C: a0=21% (151) a1=22% (156) a2=30% (216) a3=27% (197)
[INFO] Episode duration: 2700s (45 min)

[DEBUG] 🎯 Célzott Forgalom Generálása (R1C1_C) | Period: 7.2496
Found 6 valid OD pairs for R1C1_C
Generating focused traffic: Period 7.2496s
[INFO] Subscriptions active: 6 (traci, fast mode)
  [ACTION PPO] R1C1_C: a0=19% (34) a1=23% (41) a2=29% (53) a3=29% (52)
[INFO] Episode duration: 3600s (60 min)

[DEBUG] 🎯 Célzott Forgalom Generálása (R1C1_C) | Period: 6.8458
Found 6 valid OD pairs for R1C1_C
Generating focused traffic: Period 6.8458s
[INFO] Subscriptions active: 6 (traci, fast mode)
  [ACTION PPO] R1C1_C: a0=18% (99) a1=23% (126) a2=28% (149) a3=31% (166)
[INFO] Episode duration: 900s (15 min)

[DEBUG] 🎯 Célzott Forgalom Generálása (R1C1_C) | Period: 4.0031
Found 6 valid OD pairs for R1C1_C
Generating focused traffic: Period 4.0031s
[INFO] Subscriptions active: 6 (traci, fast mode)
  [ACTION PPO] R1C1_C: a0=25% (179) a1=17% (121) a2=24% (172) a3=34% (248)
[INFO] Episode duration: 1800s (30 min)

[DEBUG] 🎯 Célzott Forgalom Generálása (R1C1_C) | Period: 7.7658
Found 6 valid OD pairs for R1C1_C
Generating focused traffic: Period 7.7658s
[INFO] Subscriptions active: 6 (traci, fast mode)
  [ACTION PPO] R1C1_C: a0=24% (43) a1=22% (40) a2=20% (36) a3=34% (61)
[INFO] Episode duration: 2700s (45 min)

[DEBUG] 🎯 Célzott Forgalom Generálása (R1C1_C) | Period: 7.4769
Found 6 valid OD pairs for R1C1_C
Generating focused traffic: Period 7.4769s
[INFO] Subscriptions active: 6 (traci, fast mode)
  [ACTION PPO] R1C1_C: a0=21% (76) a1=19% (70) a2=23% (84) a3=36% (130)
[INFO] Episode duration: 2700s (45 min)

[DEBUG] 🎯 Célzott Forgalom Generálása (R1C1_C) | Period: 7.491
Found 6 valid OD pairs for R1C1_C
Generating focused traffic: Period 7.4910s
[INFO] Subscriptions active: 6 (traci, fast mode)
  [ACTION PPO] R1C1_C: a0=23% (126) a1=20% (109) a2=29% (154) a3=28% (151)
[INFO] Episode duration: 2700s (45 min)

[DEBUG] 🎯 Célzott Forgalom Generálása (R1C1_C) | Period: 5.1726
Found 6 valid OD pairs for R1C1_C
Generating focused traffic: Period 5.1726s
[INFO] Subscriptions active: 6 (traci, fast mode)
  [ACTION PPO] R1C1_C: a0=23% (122) a1=19% (105) a2=28% (150) a3=30% (163)
[INFO] Episode duration: 1800s (30 min)

[DEBUG] 🎯 Célzott Forgalom Generálása (R1C1_C) | Period: 7.092
Found 6 valid OD pairs for R1C1_C
Generating focused traffic: Period 7.0920s
[INFO] Subscriptions active: 6 (traci, fast mode)
  [ACTION PPO] R1C1_C: a0=17% (94) a1=15% (81) a2=27% (145) a3=41% (220)
[INFO] Episode duration: 2700s (45 min)

[DEBUG] 🎯 Célzott Forgalom Generálása (R1C1_C) | Period: 4.7859
Found 6 valid OD pairs for R1C1_C
Generating focused traffic: Period 4.7859s
[INFO] Subscriptions active: 6 (traci, fast mode)
  [ACTION PPO] R1C1_C: a0=19% (69) a1=16% (58) a2=29% (106) a3=35% (127)
[INFO] Episode duration: 1800s (30 min)

[DEBUG] 🎯 Célzott Forgalom Generálása (R1C1_C) | Period: 5.1905
Found 6 valid OD pairs for R1C1_C
Generating focused traffic: Period 5.1905s
[INFO] Subscriptions active: 6 (traci, fast mode)
  [ACTION PPO] R1C1_C: a0=19% (101) a1=16% (87) a2=29% (155) a3=36% (197)
[INFO] Episode duration: 2700s (45 min)

[DEBUG] 🎯 Célzott Forgalom Generálása (R1C1_C) | Period: 6.8244
Found 6 valid OD pairs for R1C1_C
Generating focused traffic: Period 6.8244s
[INFO] Subscriptions active: 6 (traci, fast mode)
  [ACTION PPO] R1C1_C: a0=18% (63) a1=19% (69) a2=32% (115) a3=31% (113)
[INFO] Episode duration: 3600s (60 min)

[DEBUG] 🎯 Célzott Forgalom Generálása (R1C1_C) | Period: 7.1753
Found 6 valid OD pairs for R1C1_C
Generating focused traffic: Period 7.1753s
[INFO] Subscriptions active: 6 (traci, fast mode)
  [ACTION PPO] R1C1_C: a0=20% (110) a1=18% (97) a2=24% (129) a3=38% (204)
[INFO] Episode duration: 1800s (30 min)

[DEBUG] 🎯 Célzott Forgalom Generálása (R1C1_C) | Period: 5.9068
Found 6 valid OD pairs for R1C1_C
Generating focused traffic: Period 5.9068s
[INFO] Subscriptions active: 6 (traci, fast mode)
  [ACTION PPO] R1C1_C: a0=19% (135) a1=15% (108) a2=24% (171) a3=42% (306)
[INFO] Episode duration: 1800s (30 min)

[DEBUG] 🎯 Célzott Forgalom Generálása (R1C1_C) | Period: 5.9238
Found 6 valid OD pairs for R1C1_C
Generating focused traffic: Period 5.9238s
[INFO] Subscriptions active: 6 (traci, fast mode)
  [ACTION PPO] R1C1_C: a0=21% (75) a1=14% (51) a2=27% (97) a3=38% (137)
[INFO] Episode duration: 1800s (30 min)

[DEBUG] 🎯 Célzott Forgalom Generálása (R1C1_C) | Period: 5.5004
Found 6 valid OD pairs for R1C1_C
Generating focused traffic: Period 5.5004s
[INFO] Subscriptions active: 6 (traci, fast mode)
  [ACTION PPO] R1C1_C: a0=18% (66) a1=17% (62) a2=22% (80) a3=42% (152)
[INFO] Episode duration: 900s (15 min)

[DEBUG] 🎯 Célzott Forgalom Generálása (R1C1_C) | Period: 7.9565
Found 6 valid OD pairs for R1C1_C
Generating focused traffic: Period 7.9565s
[INFO] Subscriptions active: 6 (traci, fast mode)
  [ACTION PPO] R1C1_C: a0=18% (65) a1=14% (51) a2=33% (119) a3=35% (125)
[INFO] Episode duration: 3600s (60 min)

[DEBUG] 🎯 Célzott Forgalom Generálása (R1C1_C) | Period: 4.1029
Found 6 valid OD pairs for R1C1_C
Generating focused traffic: Period 4.1029s
[INFO] Subscriptions active: 6 (traci, fast mode)
  [ACTION PPO] R1C1_C: a0=24% (43) a1=18% (33) a2=24% (43) a3=34% (61)
[INFO] Episode duration: 900s (15 min)

[DEBUG] 🎯 Célzott Forgalom Generálása (R1C1_C) | Period: 6.8165
Found 6 valid OD pairs for R1C1_C
Generating focused traffic: Period 6.8165s
[INFO] Subscriptions active: 6 (traci, fast mode)
  [ACTION PPO] R1C1_C: a0=20% (143) a1=13% (93) a2=26% (184) a3=42% (300)
[INFO] Episode duration: 900s (15 min)

[DEBUG] 🎯 Célzott Forgalom Generálása (R1C1_C) | Period: 7.9919
Found 6 valid OD pairs for R1C1_C
Generating focused traffic: Period 7.9919s
[INFO] Subscriptions active: 6 (traci, fast mode)
  [ACTION PPO] R1C1_C: a0=21% (38) a1=14% (25) a2=31% (56) a3=34% (61)
[INFO] Episode duration: 2700s (45 min)

[DEBUG] 🎯 Célzott Forgalom Generálása (R1C1_C) | Period: 5.9408
Found 6 valid OD pairs for R1C1_C
Generating focused traffic: Period 5.9408s
[INFO] Subscriptions active: 6 (traci, fast mode)
  [ACTION PPO] R1C1_C: a0=19% (34) a1=16% (28) a2=38% (69) a3=27% (49)
[INFO] Episode duration: 900s (15 min)

[DEBUG] 🎯 Célzott Forgalom Generálása (R1C1_C) | Period: 6.6601
Found 6 valid OD pairs for R1C1_C
Generating focused traffic: Period 6.6601s
[INFO] Subscriptions active: 6 (traci, fast mode)
  [ACTION PPO] R1C1_C: a0=24% (129) a1=16% (84) a2=26% (143) a3=34% (184)
[INFO] Episode duration: 900s (15 min)

[DEBUG] 🎯 Célzott Forgalom Generálása (R1C1_C) | Period: 5.1372
Found 6 valid OD pairs for R1C1_C
Generating focused traffic: Period 5.1372s
[INFO] Subscriptions active: 6 (traci, fast mode)
  [ACTION PPO] R1C1_C: a0=19% (34) a1=18% (33) a2=23% (42) a3=39% (71)
[INFO] Episode duration: 3600s (60 min)

[DEBUG] 🎯 Célzott Forgalom Generálása (R1C1_C) | Period: 5.9824
Found 6 valid OD pairs for R1C1_C
Generating focused traffic: Period 5.9824s
[INFO] Subscriptions active: 6 (traci, fast mode)
  [ACTION PPO] R1C1_C: a0=17% (30) a1=19% (34) a2=19% (34) a3=46% (82)
[INFO] Episode duration: 2700s (45 min)

[DEBUG] 🎯 Célzott Forgalom Generálása (R1C1_C) | Period: 5.7109
Found 6 valid OD pairs for R1C1_C
Generating focused traffic: Period 5.7109s
[INFO] Subscriptions active: 6 (traci, fast mode)
  [ACTION PPO] R1C1_C: a0=19% (136) a1=17% (124) a2=27% (193) a3=37% (267)
[INFO] Episode duration: 900s (15 min)

[DEBUG] 🎯 Célzott Forgalom Generálása (R1C1_C) | Period: 6.709
Found 6 valid OD pairs for R1C1_C
Generating focused traffic: Period 6.7090s
[INFO] Subscriptions active: 6 (traci, fast mode)
  [ACTION PPO] R1C1_C: a0=21% (111) a1=15% (83) a2=25% (136) a3=39% (210)
[INFO] Episode duration: 2700s (45 min)

[DEBUG] 🎯 Célzott Forgalom Generálása (R1C1_C) | Period: 6.2645
Found 6 valid OD pairs for R1C1_C
Generating focused traffic: Period 6.2645s
[INFO] Subscriptions active: 6 (traci, fast mode)
  [ACTION PPO] R1C1_C: a0=17% (30) a1=19% (34) a2=24% (43) a3=41% (73)
[INFO] Episode duration: 1800s (30 min)

[DEBUG] 🎯 Célzott Forgalom Generálása (R1C1_C) | Period: 6.8888
Found 6 valid OD pairs for R1C1_C
Generating focused traffic: Period 6.8888s
[INFO] Subscriptions active: 6 (traci, fast mode)
  [ACTION PPO] R1C1_C: a0=24% (127) a1=19% (104) a2=24% (130) a3=33% (179)
[INFO] Episode duration: 1800s (30 min)

[DEBUG] 🎯 Célzott Forgalom Generálása (R1C1_C) | Period: 4.2671
Found 6 valid OD pairs for R1C1_C
Generating focused traffic: Period 4.2671s
[INFO] Subscriptions active: 6 (traci, fast mode)
  [ACTION PPO] R1C1_C: a0=23% (83) a1=16% (57) a2=26% (94) a3=35% (126)
[INFO] Episode duration: 900s (15 min)

[DEBUG] 🎯 Célzott Forgalom Generálása (R1C1_C) | Period: 7.7284
Found 6 valid OD pairs for R1C1_C
Generating focused traffic: Period 7.7284s
[INFO] Subscriptions active: 6 (traci, fast mode)
  [ACTION PPO] R1C1_C: a0=23% (83) a1=18% (64) a2=28% (101) a3=31% (112)
[INFO] Episode duration: 2700s (45 min)

[DEBUG] 🎯 Célzott Forgalom Generálása (R1C1_C) | Period: 4.7298
Found 6 valid OD pairs for R1C1_C
Generating focused traffic: Period 4.7298s
[INFO] Subscriptions active: 6 (traci, fast mode)
  [ACTION PPO] R1C1_C: a0=21% (37) a1=18% (32) a2=23% (42) a3=38% (69)
[INFO] Episode duration: 2700s (45 min)

[DEBUG] 🎯 Célzott Forgalom Generálása (R1C1_C) | Period: 4.4303
Found 6 valid OD pairs for R1C1_C
Generating focused traffic: Period 4.4303s
[INFO] Subscriptions active: 6 (traci, fast mode)
  [ACTION PPO] R1C1_C: a0=23% (122) a1=17% (93) a2=25% (136) a3=35% (189)
------------------------------------------
| rollout/                |              |
|    ep_len_mean          | 420          |
|    ep_rew_mean          | 48.9         |
| time/                   |              |
|    fps                  | 86           |
|    iterations           | 10           |
|    time_elapsed         | 236          |
|    total_timesteps      | 20480        |
| train/                  |              |
|    approx_kl            | 0.0057200775 |
|    clip_fraction        | 0.0145       |
|    clip_range           | 0.2          |
|    entropy_loss         | -1.34        |
|    explained_variance   | -0.0318      |
|    learning_rate        | 0.0001       |
|    loss                 | 1.49         |
|    n_updates            | 90           |
|    policy_gradient_loss | -0.0029      |
|    value_loss           | 1.24         |
------------------------------------------
[INFO] Episode duration: 3600s (60 min)

[DEBUG] 🎯 Célzott Forgalom Generálása (R1C1_C) | Period: 7.2295
Found 6 valid OD pairs for R1C1_C
Generating focused traffic: Period 7.2295s
[INFO] Subscriptions active: 6 (traci, fast mode)
  [ACTION PPO] R1C1_C: a0=21% (115) a1=13% (71) a2=28% (152) a3=37% (202)
[INFO] Episode duration: 3600s (60 min)

[DEBUG] 🎯 Célzott Forgalom Generálása (R1C1_C) | Period: 6.2812
Found 6 valid OD pairs for R1C1_C
Generating focused traffic: Period 6.2812s
[INFO] Subscriptions active: 6 (traci, fast mode)
  [ACTION PPO] R1C1_C: a0=19% (140) a1=15% (105) a2=31% (223) a3=35% (252)
[INFO] Episode duration: 2700s (45 min)

[DEBUG] 🎯 Célzott Forgalom Generálása (R1C1_C) | Period: 7.0766
Found 6 valid OD pairs for R1C1_C
Generating focused traffic: Period 7.0766s
[INFO] Subscriptions active: 6 (traci, fast mode)
  [ACTION PPO] R1C1_C: a0=22% (160) a1=15% (109) a2=31% (224) a3=32% (227)
[INFO] Episode duration: 3600s (60 min)

[DEBUG] 🎯 Célzott Forgalom Generálása (R1C1_C) | Period: 7.0487
Found 6 valid OD pairs for R1C1_C
Generating focused traffic: Period 7.0487s
[INFO] Subscriptions active: 6 (traci, fast mode)
  [ACTION PPO] R1C1_C: a0=15% (82) a1=16% (86) a2=35% (190) a3=34% (182)
[INFO] Episode duration: 3600s (60 min)

[DEBUG] 🎯 Célzott Forgalom Generálása (R1C1_C) | Period: 5.7558
Found 6 valid OD pairs for R1C1_C
Generating focused traffic: Period 5.7558s
[INFO] Subscriptions active: 6 (traci, fast mode)
  [ACTION PPO] R1C1_C: a0=21% (151) a1=16% (112) a2=34% (244) a3=30% (213)
[INFO] Episode duration: 1800s (30 min)

[DEBUG] 🎯 Célzott Forgalom Generálása (R1C1_C) | Period: 5.2168
Found 6 valid OD pairs for R1C1_C
Generating focused traffic: Period 5.2168s
[INFO] Subscriptions active: 6 (traci, fast mode)
  [ACTION PPO] R1C1_C: a0=24% (171) a1=16% (115) a2=32% (228) a3=29% (206)
[INFO] Episode duration: 3600s (60 min)

[DEBUG] 🎯 Célzott Forgalom Generálása (R1C1_C) | Period: 4.5927
Found 6 valid OD pairs for R1C1_C
Generating focused traffic: Period 4.5927s
[INFO] Subscriptions active: 6 (traci, fast mode)
  [ACTION PPO] R1C1_C: a0=22% (80) a1=17% (62) a2=29% (105) a3=31% (113)
[INFO] Episode duration: 3600s (60 min)

[DEBUG] 🎯 Célzott Forgalom Generálása (R1C1_C) | Period: 4.2175
Found 6 valid OD pairs for R1C1_C
Generating focused traffic: Period 4.2175s
[INFO] Subscriptions active: 6 (traci, fast mode)
  [ACTION PPO] R1C1_C: a0=23% (169) a1=10% (70) a2=36% (262) a3=30% (219)
[INFO] Episode duration: 900s (15 min)

[DEBUG] 🎯 Célzott Forgalom Generálása (R1C1_C) | Period: 6.9686
Found 6 valid OD pairs for R1C1_C
Generating focused traffic: Period 6.9686s
[INFO] Subscriptions active: 6 (traci, fast mode)
  [ACTION PPO] R1C1_C: a0=23% (163) a1=10% (75) a2=36% (257) a3=31% (225)
[INFO] Episode duration: 2700s (45 min)

[DEBUG] 🎯 Célzott Forgalom Generálása (R1C1_C) | Period: 5.5621
Found 6 valid OD pairs for R1C1_C
Generating focused traffic: Period 5.5621s
[INFO] Subscriptions active: 6 (traci, fast mode)
  [ACTION PPO] R1C1_C: a0=14% (26) a1=15% (27) a2=33% (60) a3=37% (67)
[INFO] Episode duration: 3600s (60 min)

[DEBUG] 🎯 Célzott Forgalom Generálása (R1C1_C) | Period: 7.0743
Found 6 valid OD pairs for R1C1_C
Generating focused traffic: Period 7.0743s
[INFO] Subscriptions active: 6 (traci, fast mode)
  [ACTION PPO] R1C1_C: a0=23% (123) a1=14% (73) a2=32% (175) a3=31% (169)
[INFO] Episode duration: 2700s (45 min)

[DEBUG] 🎯 Célzott Forgalom Generálása (R1C1_C) | Period: 7.7102
Found 6 valid OD pairs for R1C1_C
Generating focused traffic: Period 7.7102s
[INFO] Subscriptions active: 6 (traci, fast mode)
  [ACTION PPO] R1C1_C: a0=22% (155) a1=12% (85) a2=36% (262) a3=30% (218)
[INFO] Episode duration: 900s (15 min)

[DEBUG] 🎯 Célzott Forgalom Generálása (R1C1_C) | Period: 5.1804
Found 6 valid OD pairs for R1C1_C
Generating focused traffic: Period 5.1804s
[INFO] Subscriptions active: 6 (traci, fast mode)
  [ACTION PPO] R1C1_C: a0=24% (129) a1=13% (69) a2=39% (211) a3=24% (131)
[INFO] Episode duration: 900s (15 min)

[DEBUG] 🎯 Célzott Forgalom Generálása (R1C1_C) | Period: 4.8833
Found 6 valid OD pairs for R1C1_C
Generating focused traffic: Period 4.8833s
[INFO] Subscriptions active: 6 (traci, fast mode)
  [ACTION PPO] R1C1_C: a0=23% (41) a1=17% (30) a2=36% (65) a3=24% (44)
[INFO] Episode duration: 900s (15 min)

[DEBUG] 🎯 Célzott Forgalom Generálása (R1C1_C) | Period: 5.9455
Found 6 valid OD pairs for R1C1_C
Generating focused traffic: Period 5.9455s
[INFO] Subscriptions active: 6 (traci, fast mode)
  [ACTION PPO] R1C1_C: a0=26% (47) a1=6% (11) a2=37% (66) a3=31% (56)
[INFO] Episode duration: 2700s (45 min)

[DEBUG] 🎯 Célzott Forgalom Generálása (R1C1_C) | Period: 7.4678
Found 6 valid OD pairs for R1C1_C
Generating focused traffic: Period 7.4678s
[INFO] Subscriptions active: 6 (traci, fast mode)
  [ACTION PPO] R1C1_C: a0=26% (47) a1=11% (20) a2=38% (68) a3=25% (45)
[INFO] Episode duration: 1800s (30 min)

[DEBUG] 🎯 Célzott Forgalom Generálása (R1C1_C) | Period: 5.5747
Found 6 valid OD pairs for R1C1_C
Generating focused traffic: Period 5.5747s
[INFO] Subscriptions active: 6 (traci, fast mode)
  [ACTION PPO] R1C1_C: a0=25% (137) a1=14% (77) a2=35% (189) a3=25% (137)
[INFO] Episode duration: 1800s (30 min)

[DEBUG] 🎯 Célzott Forgalom Generálása (R1C1_C) | Period: 4.291
Found 6 valid OD pairs for R1C1_C
Generating focused traffic: Period 4.2910s
[INFO] Subscriptions active: 6 (traci, fast mode)
  [ACTION PPO] R1C1_C: a0=24% (88) a1=9% (34) a2=33% (120) a3=33% (118)
[INFO] Episode duration: 900s (15 min)

[DEBUG] 🎯 Célzott Forgalom Generálása (R1C1_C) | Period: 7.1501
Found 6 valid OD pairs for R1C1_C
Generating focused traffic: Period 7.1501s
[INFO] Subscriptions active: 6 (traci, fast mode)
  [ACTION PPO] R1C1_C: a0=27% (98) a1=9% (34) a2=34% (121) a3=30% (107)
[INFO] Episode duration: 3600s (60 min)

[DEBUG] 🎯 Célzott Forgalom Generálása (R1C1_C) | Period: 4.5112
Found 6 valid OD pairs for R1C1_C
Generating focused traffic: Period 4.5112s
[INFO] Subscriptions active: 6 (traci, fast mode)
  [ACTION PPO] R1C1_C: a0=18% (32) a1=9% (16) a2=44% (80) a3=29% (52)
[INFO] Episode duration: 900s (15 min)

[DEBUG] 🎯 Célzott Forgalom Generálása (R1C1_C) | Period: 5.0758
Found 6 valid OD pairs for R1C1_C
Generating focused traffic: Period 5.0758s
[INFO] Subscriptions active: 6 (traci, fast mode)
  [ACTION PPO] R1C1_C: a0=31% (225) a1=8% (56) a2=33% (239) a3=28% (200)
[INFO] Episode duration: 3600s (60 min)

[DEBUG] 🎯 Célzott Forgalom Generálása (R1C1_C) | Period: 5.6025
Found 6 valid OD pairs for R1C1_C
Generating focused traffic: Period 5.6025s
[INFO] Subscriptions active: 6 (traci, fast mode)
  [ACTION PPO] R1C1_C: a0=26% (47) a1=11% (20) a2=37% (67) a3=26% (46)
[INFO] Episode duration: 900s (15 min)

[DEBUG] 🎯 Célzott Forgalom Generálása (R1C1_C) | Period: 4.5814
Found 6 valid OD pairs for R1C1_C
Generating focused traffic: Period 4.5814s
[INFO] Subscriptions active: 6 (traci, fast mode)
  [ACTION PPO] R1C1_C: a0=31% (225) a1=8% (55) a2=28% (200) a3=33% (240)
[INFO] Episode duration: 900s (15 min)

[DEBUG] 🎯 Célzott Forgalom Generálása (R1C1_C) | Period: 7.6919
Found 6 valid OD pairs for R1C1_C
Generating focused traffic: Period 7.6919s
[INFO] Subscriptions active: 6 (traci, fast mode)
  [ACTION PPO] R1C1_C: a0=28% (51) a1=9% (17) a2=28% (51) a3=34% (61)
[INFO] Episode duration: 3600s (60 min)

[DEBUG] 🎯 Célzott Forgalom Generálása (R1C1_C) | Period: 7.2921
Found 6 valid OD pairs for R1C1_C
Generating focused traffic: Period 7.2921s
[INFO] Subscriptions active: 6 (traci, fast mode)
  [ACTION PPO] R1C1_C: a0=22% (39) a1=11% (20) a2=31% (56) a3=36% (65)
[INFO] Episode duration: 2700s (45 min)

[DEBUG] 🎯 Célzott Forgalom Generálása (R1C1_C) | Period: 5.4466
Found 6 valid OD pairs for R1C1_C
Generating focused traffic: Period 5.4466s
[INFO] Subscriptions active: 6 (traci, fast mode)
  [ACTION PPO] R1C1_C: a0=24% (174) a1=12% (84) a2=35% (249) a3=30% (213)
[INFO] Episode duration: 3600s (60 min)

[DEBUG] 🎯 Célzott Forgalom Generálása (R1C1_C) | Period: 4.8449
Found 6 valid OD pairs for R1C1_C
Generating focused traffic: Period 4.8449s
[INFO] Subscriptions active: 6 (traci, fast mode)
  [ACTION PPO] R1C1_C: a0=30% (164) a1=11% (58) a2=29% (158) a3=30% (160)
[INFO] Episode duration: 900s (15 min)

[DEBUG] 🎯 Célzott Forgalom Generálása (R1C1_C) | Period: 6.2186
Found 6 valid OD pairs for R1C1_C
Generating focused traffic: Period 6.2186s
[INFO] Subscriptions active: 6 (traci, fast mode)
  [ACTION PPO] R1C1_C: a0=27% (192) a1=8% (55) a2=33% (235) a3=33% (238)
[INFO] Episode duration: 900s (15 min)

[DEBUG] 🎯 Célzott Forgalom Generálása (R1C1_C) | Period: 4.4419
Found 6 valid OD pairs for R1C1_C
Generating focused traffic: Period 4.4419s
[INFO] Subscriptions active: 6 (traci, fast mode)
  [ACTION PPO] R1C1_C: a0=27% (48) a1=11% (19) a2=29% (52) a3=34% (61)
[INFO] Episode duration: 3600s (60 min)

[DEBUG] 🎯 Célzott Forgalom Generálása (R1C1_C) | Period: 5.6679
Found 6 valid OD pairs for R1C1_C
Generating focused traffic: Period 5.6679s
[INFO] Subscriptions active: 6 (traci, fast mode)
  [ACTION PPO] R1C1_C: a0=34% (62) a1=8% (15) a2=29% (52) a3=28% (51)
[INFO] Episode duration: 1800s (30 min)

[DEBUG] 🎯 Célzott Forgalom Generálása (R1C1_C) | Period: 5.3453
Found 6 valid OD pairs for R1C1_C
Generating focused traffic: Period 5.3453s
[INFO] Subscriptions active: 6 (traci, fast mode)
  [ACTION PPO] R1C1_C: a0=28% (205) a1=8% (55) a2=31% (224) a3=33% (236)
[INFO] Episode duration: 1800s (30 min)

[DEBUG] 🎯 Célzott Forgalom Generálása (R1C1_C) | Period: 5.7337
Found 6 valid OD pairs for R1C1_C
Generating focused traffic: Period 5.7337s
[INFO] Subscriptions active: 6 (traci, fast mode)
  [ACTION PPO] R1C1_C: a0=29% (103) a1=8% (27) a2=31% (110) a3=33% (120)
[INFO] Episode duration: 1800s (30 min)

[DEBUG] 🎯 Célzott Forgalom Generálása (R1C1_C) | Period: 5.7362
Found 6 valid OD pairs for R1C1_C
Generating focused traffic: Period 5.7362s
[INFO] Subscriptions active: 6 (traci, fast mode)
  [ACTION PPO] R1C1_C: a0=27% (97) a1=8% (28) a2=29% (106) a3=36% (129)
[INFO] Episode duration: 3600s (60 min)

[DEBUG] 🎯 Célzott Forgalom Generálása (R1C1_C) | Period: 6.4557
Found 6 valid OD pairs for R1C1_C
Generating focused traffic: Period 6.4557s
[INFO] Subscriptions active: 6 (traci, fast mode)
  [ACTION PPO] R1C1_C: a0=36% (131) a1=9% (33) a2=26% (93) a3=29% (103)
[INFO] Episode duration: 1800s (30 min)

[DEBUG] 🎯 Célzott Forgalom Generálása (R1C1_C) | Period: 7.936
Found 6 valid OD pairs for R1C1_C
Generating focused traffic: Period 7.9360s
[INFO] Subscriptions active: 6 (traci, fast mode)
  [ACTION PPO] R1C1_C: a0=22% (155) a1=9% (63) a2=29% (212) a3=40% (290)
[INFO] Episode duration: 900s (15 min)

[DEBUG] 🎯 Célzott Forgalom Generálása (R1C1_C) | Period: 5.9531
Found 6 valid OD pairs for R1C1_C
Generating focused traffic: Period 5.9531s
[INFO] Subscriptions active: 6 (traci, fast mode)
  [ACTION PPO] R1C1_C: a0=19% (70) a1=8% (27) a2=33% (119) a3=40% (144)
[INFO] Episode duration: 1800s (30 min)

[DEBUG] 🎯 Célzott Forgalom Generálása (R1C1_C) | Period: 4.1283
Found 6 valid OD pairs for R1C1_C
Generating focused traffic: Period 4.1283s
[INFO] Subscriptions active: 6 (traci, fast mode)
  [ACTION PPO] R1C1_C: a0=18% (32) a1=8% (14) a2=39% (70) a3=36% (64)
[INFO] Episode duration: 3600s (60 min)

[DEBUG] 🎯 Célzott Forgalom Generálása (R1C1_C) | Period: 4.696
Found 6 valid OD pairs for R1C1_C
Generating focused traffic: Period 4.6960s
[INFO] Subscriptions active: 6 (traci, fast mode)
  [ACTION PPO] R1C1_C: a0=38% (138) a1=8% (28) a2=26% (93) a3=28% (101)
[INFO] Episode duration: 900s (15 min)

[DEBUG] 🎯 Célzott Forgalom Generálása (R1C1_C) | Period: 6.5686
Found 6 valid OD pairs for R1C1_C
Generating focused traffic: Period 6.5686s
[INFO] Subscriptions active: 6 (traci, fast mode)
  [ACTION PPO] R1C1_C: a0=27% (193) a1=7% (52) a2=29% (206) a3=37% (269)
[INFO] Episode duration: 900s (15 min)

[DEBUG] 🎯 Célzott Forgalom Generálása (R1C1_C) | Period: 6.9774
Found 6 valid OD pairs for R1C1_C
Generating focused traffic: Period 6.9774s
[INFO] Subscriptions active: 6 (traci, fast mode)
  [ACTION PPO] R1C1_C: a0=24% (44) a1=7% (13) a2=34% (61) a3=34% (62)
[INFO] Episode duration: 2700s (45 min)

[DEBUG] 🎯 Célzott Forgalom Generálása (R1C1_C) | Period: 4.4481
Found 6 valid OD pairs for R1C1_C
Generating focused traffic: Period 4.4481s
[INFO] Subscriptions active: 6 (traci, fast mode)
  [ACTION PPO] R1C1_C: a0=17% (30) a1=6% (10) a2=36% (65) a3=42% (75)
[INFO] Episode duration: 900s (15 min)

[DEBUG] 🎯 Célzott Forgalom Generálása (R1C1_C) | Period: 7.3671
Found 6 valid OD pairs for R1C1_C
Generating focused traffic: Period 7.3671s
[INFO] Subscriptions active: 6 (traci, fast mode)
  [ACTION PPO] R1C1_C: a0=33% (180) a1=5% (26) a2=34% (182) a3=28% (152)
[INFO] Episode duration: 3600s (60 min)

[DEBUG] 🎯 Célzott Forgalom Generálása (R1C1_C) | Period: 4.8126
Found 6 valid OD pairs for R1C1_C
Generating focused traffic: Period 4.8126s
[INFO] Subscriptions active: 6 (traci, fast mode)
  [ACTION PPO] R1C1_C: a0=19% (34) a1=8% (15) a2=35% (63) a3=38% (68)
[INFO] Episode duration: 2700s (45 min)

[DEBUG] 🎯 Célzott Forgalom Generálása (R1C1_C) | Period: 7.9629
Found 6 valid OD pairs for R1C1_C
Generating focused traffic: Period 7.9629s
[INFO] Subscriptions active: 6 (traci, fast mode)
  [ACTION PPO] R1C1_C: a0=28% (199) a1=5% (37) a2=39% (278) a3=29% (206)
[INFO] Episode duration: 900s (15 min)

[DEBUG] 🎯 Célzott Forgalom Generálása (R1C1_C) | Period: 4.5867
Found 6 valid OD pairs for R1C1_C
Generating focused traffic: Period 4.5867s
[INFO] Subscriptions active: 6 (traci, fast mode)
  [ACTION PPO] R1C1_C: a0=20% (107) a1=8% (45) a2=39% (213) a3=32% (175)
[INFO] Episode duration: 900s (15 min)

[DEBUG] 🎯 Célzott Forgalom Generálása (R1C1_C) | Period: 6.7732
Found 6 valid OD pairs for R1C1_C
Generating focused traffic: Period 6.7732s
[INFO] Subscriptions active: 6 (traci, fast mode)
  [ACTION PPO] R1C1_C: a0=26% (46) a1=5% (9) a2=34% (61) a3=36% (64)
------------------------------------------
| rollout/                |              |
|    ep_len_mean          | 435          |
|    ep_rew_mean          | 53.6         |
| time/                   |              |
|    fps                  | 92           |
|    iterations           | 20           |
|    time_elapsed         | 440          |
|    total_timesteps      | 40960        |
| train/                  |              |
|    approx_kl            | 0.0076293116 |
|    clip_fraction        | 0.00278      |
|    clip_range           | 0.2          |
|    entropy_loss         | -1.18        |
|    explained_variance   | 0.000909     |
|    learning_rate        | 0.0001       |
|    loss                 | 0.197        |
|    n_updates            | 190          |
|    policy_gradient_loss | -0.00247     |
|    value_loss           | 2.75         |
------------------------------------------
[INFO] Episode duration: 900s (15 min)

[DEBUG] 🎯 Célzott Forgalom Generálása (R1C1_C) | Period: 5.2497
Found 6 valid OD pairs for R1C1_C
Generating focused traffic: Period 5.2497s
[INFO] Subscriptions active: 6 (traci, fast mode)
  [ACTION PPO] R1C1_C: a0=29% (52) a1=9% (16) a2=32% (57) a3=31% (55)
[INFO] Episode duration: 1800s (30 min)

[DEBUG] 🎯 Célzott Forgalom Generálása (R1C1_C) | Period: 5.4034
Found 6 valid OD pairs for R1C1_C
Generating focused traffic: Period 5.4034s
[INFO] Subscriptions active: 6 (traci, fast mode)
  [ACTION PPO] R1C1_C: a0=36% (65) a1=6% (10) a2=31% (56) a3=27% (49)
[INFO] Episode duration: 3600s (60 min)

[DEBUG] 🎯 Célzott Forgalom Generálása (R1C1_C) | Period: 5.6578
Found 6 valid OD pairs for R1C1_C
Generating focused traffic: Period 5.6578s
[INFO] Subscriptions active: 6 (traci, fast mode)
  [ACTION PPO] R1C1_C: a0=34% (123) a1=7% (26) a2=29% (103) a3=30% (108)
[INFO] Episode duration: 2700s (45 min)

[DEBUG] 🎯 Célzott Forgalom Generálása (R1C1_C) | Period: 6.3183
Found 6 valid OD pairs for R1C1_C
Generating focused traffic: Period 6.3183s
[INFO] Subscriptions active: 6 (traci, fast mode)
  [ACTION PPO] R1C1_C: a0=28% (203) a1=5% (34) a2=34% (243) a3=33% (240)
[INFO] Episode duration: 900s (15 min)

[DEBUG] 🎯 Célzott Forgalom Generálása (R1C1_C) | Period: 5.7096
Found 6 valid OD pairs for R1C1_C
Generating focused traffic: Period 5.7096s
[INFO] Subscriptions active: 6 (traci, fast mode)
  [ACTION PPO] R1C1_C: a0=25% (133) a1=8% (45) a2=38% (203) a3=29% (159)
[INFO] Episode duration: 2700s (45 min)

[DEBUG] 🎯 Célzott Forgalom Generálása (R1C1_C) | Period: 5.6602
Found 6 valid OD pairs for R1C1_C
Generating focused traffic: Period 5.6602s
[INFO] Subscriptions active: 6 (traci, fast mode)
  [ACTION PPO] R1C1_C: a0=31% (55) a1=6% (10) a2=36% (64) a3=28% (51)
[INFO] Episode duration: 3600s (60 min)

[DEBUG] 🎯 Célzott Forgalom Generálása (R1C1_C) | Period: 7.9061
Found 6 valid OD pairs for R1C1_C
Generating focused traffic: Period 7.9061s
[INFO] Subscriptions active: 6 (traci, fast mode)
  [ACTION PPO] R1C1_C: a0=31% (170) a1=7% (37) a2=37% (200) a3=25% (133)
[INFO] Episode duration: 3600s (60 min)

[DEBUG] 🎯 Célzott Forgalom Generálása (R1C1_C) | Period: 6.6736
Found 6 valid OD pairs for R1C1_C
Generating focused traffic: Period 6.6736s
[INFO] Subscriptions active: 6 (traci, fast mode)
  [ACTION PPO] R1C1_C: a0=19% (134) a1=9% (63) a2=43% (307) a3=30% (216)
[INFO] Episode duration: 900s (15 min)

[DEBUG] 🎯 Célzott Forgalom Generálása (R1C1_C) | Period: 7.9291
Found 6 valid OD pairs for R1C1_C
Generating focused traffic: Period 7.9291s
[INFO] Subscriptions active: 6 (traci, fast mode)
  [ACTION PPO] R1C1_C: a0=22% (161) a1=8% (61) a2=40% (289) a3=29% (209)
[INFO] Episode duration: 2700s (45 min)

[DEBUG] 🎯 Célzott Forgalom Generálása (R1C1_C) | Period: 7.1161
Found 6 valid OD pairs for R1C1_C
Generating focused traffic: Period 7.1161s
[INFO] Subscriptions active: 6 (traci, fast mode)
  [ACTION PPO] R1C1_C: a0=20% (36) a1=6% (11) a2=36% (64) a3=38% (69)
[INFO] Episode duration: 3600s (60 min)

[DEBUG] 🎯 Célzott Forgalom Generálása (R1C1_C) | Period: 5.3737
Found 6 valid OD pairs for R1C1_C
Generating focused traffic: Period 5.3737s
[INFO] Subscriptions active: 6 (traci, fast mode)
  [ACTION PPO] R1C1_C: a0=22% (118) a1=5% (27) a2=45% (241) a3=29% (154)
[INFO] Episode duration: 2700s (45 min)

[DEBUG] 🎯 Célzott Forgalom Generálása (R1C1_C) | Period: 4.5045
Found 6 valid OD pairs for R1C1_C
Generating focused traffic: Period 4.5045s
[INFO] Subscriptions active: 6 (traci, fast mode)
  [ACTION PPO] R1C1_C: a0=32% (228) a1=5% (39) a2=37% (265) a3=26% (188)
[INFO] Episode duration: 1800s (30 min)

[DEBUG] 🎯 Célzott Forgalom Generálása (R1C1_C) | Period: 4.1358
Found 6 valid OD pairs for R1C1_C
Generating focused traffic: Period 4.1358s
[INFO] Subscriptions active: 6 (traci, fast mode)
  [ACTION PPO] R1C1_C: a0=40% (217) a1=4% (23) a2=29% (157) a3=26% (143)
[INFO] Episode duration: 2700s (45 min)

[DEBUG] 🎯 Célzott Forgalom Generálása (R1C1_C) | Period: 4.689
Found 6 valid OD pairs for R1C1_C
Generating focused traffic: Period 4.6890s
[INFO] Subscriptions active: 6 (traci, fast mode)
  [ACTION PPO] R1C1_C: a0=39% (139) a1=4% (13) a2=32% (115) a3=26% (93)
[INFO] Episode duration: 900s (15 min)

[DEBUG] 🎯 Célzott Forgalom Generálása (R1C1_C) | Period: 4.562
Found 6 valid OD pairs for R1C1_C
Generating focused traffic: Period 4.5620s
[INFO] Subscriptions active: 6 (traci, fast mode)
  [ACTION PPO] R1C1_C: a0=36% (195) a1=4% (22) a2=29% (157) a3=31% (166)
[INFO] Episode duration: 2700s (45 min)

[DEBUG] 🎯 Célzott Forgalom Generálása (R1C1_C) | Period: 4.2729
Found 6 valid OD pairs for R1C1_C
Generating focused traffic: Period 4.2729s
[INFO] Subscriptions active: 6 (traci, fast mode)
  [ACTION PPO] R1C1_C: a0=49% (88) a1=5% (9) a2=25% (45) a3=21% (38)
[INFO] Episode duration: 900s (15 min)

[DEBUG] 🎯 Célzott Forgalom Generálása (R1C1_C) | Period: 6.6997
Found 6 valid OD pairs for R1C1_C
Generating focused traffic: Period 6.6997s
[INFO] Subscriptions active: 6 (traci, fast mode)
  [ACTION PPO] R1C1_C: a0=42% (227) a1=5% (29) a2=26% (140) a3=27% (144)
[INFO] Episode duration: 1800s (30 min)

[DEBUG] 🎯 Célzott Forgalom Generálása (R1C1_C) | Period: 7.2726
Found 6 valid OD pairs for R1C1_C
Generating focused traffic: Period 7.2726s
[INFO] Subscriptions active: 6 (traci, fast mode)
  [ACTION PPO] R1C1_C: a0=32% (58) a1=4% (8) a2=37% (66) a3=27% (48)
[INFO] Episode duration: 2700s (45 min)

[DEBUG] 🎯 Célzott Forgalom Generálása (R1C1_C) | Period: 7.6514
Found 6 valid OD pairs for R1C1_C
Generating focused traffic: Period 7.6514s
[INFO] Subscriptions active: 6 (traci, fast mode)
  [ACTION PPO] R1C1_C: a0=24% (85) a1=6% (22) a2=41% (146) a3=30% (107)
[INFO] Episode duration: 3600s (60 min)

[DEBUG] 🎯 Célzott Forgalom Generálása (R1C1_C) | Period: 6.4164
Found 6 valid OD pairs for R1C1_C
Generating focused traffic: Period 6.4164s
[INFO] Subscriptions active: 6 (traci, fast mode)
  [ACTION PPO] R1C1_C: a0=23% (124) a1=7% (38) a2=41% (223) a3=29% (155)
[INFO] Episode duration: 3600s (60 min)

[DEBUG] 🎯 Célzott Forgalom Generálása (R1C1_C) | Period: 5.8665
Found 6 valid OD pairs for R1C1_C
Generating focused traffic: Period 5.8665s
[INFO] Subscriptions active: 6 (traci, fast mode)
  [ACTION PPO] R1C1_C: a0=23% (169) a1=6% (40) a2=40% (289) a3=31% (222)
[INFO] Episode duration: 3600s (60 min)

[DEBUG] 🎯 Célzott Forgalom Generálása (R1C1_C) | Period: 5.5872
Found 6 valid OD pairs for R1C1_C
Generating focused traffic: Period 5.5872s
[INFO] Subscriptions active: 6 (traci, fast mode)
  [ACTION PPO] R1C1_C: a0=33% (241) a1=5% (35) a2=36% (262) a3=25% (182)
[INFO] Episode duration: 2700s (45 min)

[DEBUG] 🎯 Célzott Forgalom Generálása (R1C1_C) | Period: 5.6214
Found 6 valid OD pairs for R1C1_C
Generating focused traffic: Period 5.6214s
[INFO] Subscriptions active: 6 (traci, fast mode)
  [ACTION PPO] R1C1_C: a0=29% (207) a1=4% (27) a2=37% (265) a3=31% (221)
[INFO] Episode duration: 3600s (60 min)

[DEBUG] 🎯 Célzott Forgalom Generálása (R1C1_C) | Period: 4.7267
Found 6 valid OD pairs for R1C1_C
Generating focused traffic: Period 4.7267s
[INFO] Subscriptions active: 6 (traci, fast mode)
  [ACTION PPO] R1C1_C: a0=27% (145) a1=5% (26) a2=38% (203) a3=31% (166)
[INFO] Episode duration: 2700s (45 min)

[DEBUG] 🎯 Célzott Forgalom Generálása (R1C1_C) | Period: 5.4867
Found 6 valid OD pairs for R1C1_C
Generating focused traffic: Period 5.4867s
[INFO] Subscriptions active: 6 (traci, fast mode)
  [ACTION PPO] R1C1_C: a0=35% (253) a1=4% (26) a2=33% (237) a3=28% (204)
[INFO] Episode duration: 1800s (30 min)

[DEBUG] 🎯 Célzott Forgalom Generálása (R1C1_C) | Period: 5.3891
Found 6 valid OD pairs for R1C1_C
Generating focused traffic: Period 5.3891s
[INFO] Subscriptions active: 6 (traci, fast mode)
  [ACTION PPO] R1C1_C: a0=27% (145) a1=4% (22) a2=41% (221) a3=28% (152)
[INFO] Episode duration: 3600s (60 min)

[DEBUG] 🎯 Célzott Forgalom Generálása (R1C1_C) | Period: 4.887
Found 6 valid OD pairs for R1C1_C
Generating focused traffic: Period 4.8870s
[INFO] Subscriptions active: 6 (traci, fast mode)
  [ACTION PPO] R1C1_C: a0=26% (94) a1=3% (10) a2=46% (165) a3=25% (91)
[INFO] Episode duration: 3600s (60 min)

[DEBUG] 🎯 Célzott Forgalom Generálása (R1C1_C) | Period: 5.2141
Found 6 valid OD pairs for R1C1_C
Generating focused traffic: Period 5.2141s
[INFO] Subscriptions active: 6 (traci, fast mode)
  [ACTION PPO] R1C1_C: a0=33% (241) a1=2% (18) a2=39% (278) a3=25% (183)
[INFO] Episode duration: 900s (15 min)

[DEBUG] 🎯 Célzott Forgalom Generálása (R1C1_C) | Period: 7.5356
Found 6 valid OD pairs for R1C1_C
Generating focused traffic: Period 7.5356s
[INFO] Subscriptions active: 6 (traci, fast mode)
  [ACTION PPO] R1C1_C: a0=35% (250) a1=4% (26) a2=39% (278) a3=23% (166)
[INFO] Episode duration: 900s (15 min)

[DEBUG] 🎯 Célzott Forgalom Generálása (R1C1_C) | Period: 4.2662
Found 6 valid OD pairs for R1C1_C
Generating focused traffic: Period 4.2662s
[INFO] Subscriptions active: 6 (traci, fast mode)
  [ACTION PPO] R1C1_C: a0=24% (43) a1=3% (6) a2=48% (86) a3=25% (45)
[INFO] Episode duration: 2700s (45 min)

[DEBUG] 🎯 Célzott Forgalom Generálása (R1C1_C) | Period: 6.2993
Found 6 valid OD pairs for R1C1_C
Generating focused traffic: Period 6.2993s
[INFO] Subscriptions active: 6 (traci, fast mode)
  [ACTION PPO] R1C1_C: a0=37% (66) a1=4% (7) a2=31% (55) a3=29% (52)
[INFO] Episode duration: 3600s (60 min)

[DEBUG] 🎯 Célzott Forgalom Generálása (R1C1_C) | Period: 6.2216
Found 6 valid OD pairs for R1C1_C
Generating focused traffic: Period 6.2216s
[INFO] Subscriptions active: 6 (traci, fast mode)
  [ACTION PPO] R1C1_C: a0=34% (181) a1=4% (23) a2=38% (207) a3=24% (129)
[INFO] Episode duration: 900s (15 min)

[DEBUG] 🎯 Célzott Forgalom Generálása (R1C1_C) | Period: 6.4495
Found 6 valid OD pairs for R1C1_C
Generating focused traffic: Period 6.4495s
[INFO] Subscriptions active: 6 (traci, fast mode)
  [ACTION PPO] R1C1_C: a0=29% (211) a1=3% (22) a2=38% (276) a3=29% (211)
[INFO] Episode duration: 1800s (30 min)

[DEBUG] 🎯 Célzott Forgalom Generálása (R1C1_C) | Period: 7.4182
Found 6 valid OD pairs for R1C1_C
Generating focused traffic: Period 7.4182s
[INFO] Subscriptions active: 6 (traci, fast mode)
  [ACTION PPO] R1C1_C: a0=26% (47) a1=6% (11) a2=41% (74) a3=27% (48)
[INFO] Episode duration: 900s (15 min)

[DEBUG] 🎯 Célzott Forgalom Generálása (R1C1_C) | Period: 6.2908
Found 6 valid OD pairs for R1C1_C
Generating focused traffic: Period 6.2908s
[INFO] Subscriptions active: 6 (traci, fast mode)
  [ACTION PPO] R1C1_C: a0=25% (91) a1=3% (11) a2=48% (171) a3=24% (87)
[INFO] Episode duration: 3600s (60 min)

[DEBUG] 🎯 Célzott Forgalom Generálása (R1C1_C) | Period: 4.94
Found 6 valid OD pairs for R1C1_C
Generating focused traffic: Period 4.9400s
[INFO] Subscriptions active: 6 (traci, fast mode)
  [ACTION PPO] R1C1_C: a0=27% (49) a1=5% (9) a2=41% (73) a3=27% (49)
[INFO] Episode duration: 3600s (60 min)

[DEBUG] 🎯 Célzott Forgalom Generálása (R1C1_C) | Period: 7.6426
Found 6 valid OD pairs for R1C1_C
Generating focused traffic: Period 7.6426s
[INFO] Subscriptions active: 6 (traci, fast mode)
  [ACTION PPO] R1C1_C: a0=36% (262) a1=3% (20) a2=37% (267) a3=24% (171)
[INFO] Episode duration: 2700s (45 min)

[DEBUG] 🎯 Célzott Forgalom Generálása (R1C1_C) | Period: 5.6002
Found 6 valid OD pairs for R1C1_C
Generating focused traffic: Period 5.6002s
[INFO] Subscriptions active: 6 (traci, fast mode)
  [ACTION PPO] R1C1_C: a0=26% (185) a1=3% (25) a2=44% (317) a3=27% (193)
[INFO] Episode duration: 3600s (60 min)

[DEBUG] 🎯 Célzott Forgalom Generálása (R1C1_C) | Period: 4.5742
Found 6 valid OD pairs for R1C1_C
Generating focused traffic: Period 4.5742s
[INFO] Subscriptions active: 6 (traci, fast mode)
  [ACTION PPO] R1C1_C: a0=48% (260) a1=3% (15) a2=29% (154) a3=21% (111)
[INFO] Episode duration: 900s (15 min)

[DEBUG] 🎯 Célzott Forgalom Generálása (R1C1_C) | Period: 5.2685
Found 6 valid OD pairs for R1C1_C
Generating focused traffic: Period 5.2685s
[INFO] Subscriptions active: 6 (traci, fast mode)
  [ACTION PPO] R1C1_C: a0=51% (365) a1=2% (17) a2=26% (184) a3=21% (154)
[INFO] Episode duration: 2700s (45 min)

[DEBUG] 🎯 Célzott Forgalom Generálása (R1C1_C) | Period: 7.9206
Found 6 valid OD pairs for R1C1_C
Generating focused traffic: Period 7.9206s
[INFO] Subscriptions active: 6 (traci, fast mode)
  [ACTION PPO] R1C1_C: a0=44% (80) a1=3% (5) a2=29% (52) a3=24% (43)
[INFO] Episode duration: 3600s (60 min)

[DEBUG] 🎯 Célzott Forgalom Generálása (R1C1_C) | Period: 7.1599
Found 6 valid OD pairs for R1C1_C
Generating focused traffic: Period 7.1599s
[INFO] Subscriptions active: 6 (traci, fast mode)
  [ACTION PPO] R1C1_C: a0=28% (151) a1=5% (26) a2=39% (212) a3=28% (151)
-----------------------------------------
| rollout/                |             |
|    ep_len_mean          | 455         |
|    ep_rew_mean          | 61.2        |
| time/                   |             |
|    fps                  | 95          |
|    iterations           | 30          |
|    time_elapsed         | 645         |
|    total_timesteps      | 61440       |
| train/                  |             |
|    approx_kl            | 0.006879978 |
|    clip_fraction        | 0.0281      |
|    clip_range           | 0.2         |
|    entropy_loss         | -1.03       |
|    explained_variance   | 0.0427      |
|    learning_rate        | 0.0001      |
|    loss                 | 1.13        |
|    n_updates            | 290         |
|    policy_gradient_loss | -0.00344    |
|    value_loss           | 2.66        |
-----------------------------------------
[INFO] Episode duration: 900s (15 min)

[DEBUG] 🎯 Célzott Forgalom Generálása (R1C1_C) | Period: 6.3941
Found 6 valid OD pairs for R1C1_C
Generating focused traffic: Period 6.3941s
[INFO] Subscriptions active: 6 (traci, fast mode)
  [ACTION PPO] R1C1_C: a0=36% (262) a1=4% (29) a2=33% (236) a3=27% (193)
[INFO] Episode duration: 900s (15 min)

[DEBUG] 🎯 Célzott Forgalom Generálása (R1C1_C) | Period: 7.9396
Found 6 valid OD pairs for R1C1_C
Generating focused traffic: Period 7.9396s
[INFO] Subscriptions active: 6 (traci, fast mode)
  [ACTION PPO] R1C1_C: a0=43% (77) a1=4% (8) a2=28% (50) a3=25% (45)
[INFO] Episode duration: 1800s (30 min)

[DEBUG] 🎯 Célzott Forgalom Generálása (R1C1_C) | Period: 5.612
Found 6 valid OD pairs for R1C1_C
Generating focused traffic: Period 5.6120s
[INFO] Subscriptions active: 6 (traci, fast mode)
  [ACTION PPO] R1C1_C: a0=40% (72) a1=5% (9) a2=29% (52) a3=26% (47)
[INFO] Episode duration: 2700s (45 min)

[DEBUG] 🎯 Célzott Forgalom Generálása (R1C1_C) | Period: 7.8052
Found 6 valid OD pairs for R1C1_C
Generating focused traffic: Period 7.8052s
[INFO] Subscriptions active: 6 (traci, fast mode)
  [ACTION PPO] R1C1_C: a0=49% (175) a1=2% (7) a2=25% (90) a3=24% (88)
[INFO] Episode duration: 1800s (30 min)

[DEBUG] 🎯 Célzott Forgalom Generálása (R1C1_C) | Period: 6.4716
Found 6 valid OD pairs for R1C1_C
Generating focused traffic: Period 6.4716s
[INFO] Subscriptions active: 6 (traci, fast mode)
  [ACTION PPO] R1C1_C: a0=28% (149) a1=4% (24) a2=41% (219) a3=27% (148)
[INFO] Episode duration: 1800s (30 min)

[DEBUG] 🎯 Célzott Forgalom Generálása (R1C1_C) | Period: 7.6269
Found 6 valid OD pairs for R1C1_C
Generating focused traffic: Period 7.6269s
[INFO] Subscriptions active: 6 (traci, fast mode)
  [ACTION PPO] R1C1_C: a0=54% (196) a1=4% (13) a2=21% (76) a3=21% (75)
[INFO] Episode duration: 900s (15 min)

[DEBUG] 🎯 Célzott Forgalom Generálása (R1C1_C) | Period: 7.5831
Found 6 valid OD pairs for R1C1_C
Generating focused traffic: Period 7.5831s
[INFO] Subscriptions active: 6 (traci, fast mode)
  [ACTION PPO] R1C1_C: a0=30% (109) a1=3% (11) a2=38% (136) a3=29% (104)
[INFO] Episode duration: 900s (15 min)

[DEBUG] 🎯 Célzott Forgalom Generálása (R1C1_C) | Period: 4.1424
Found 6 valid OD pairs for R1C1_C
Generating focused traffic: Period 4.1424s
[INFO] Subscriptions active: 6 (traci, fast mode)
  [ACTION PPO] R1C1_C: a0=32% (57) a1=6% (11) a2=37% (67) a3=25% (45)
[INFO] Episode duration: 2700s (45 min)

[DEBUG] 🎯 Célzott Forgalom Generálása (R1C1_C) | Period: 6.7734
Found 6 valid OD pairs for R1C1_C
Generating focused traffic: Period 6.7734s
[INFO] Subscriptions active: 6 (traci, fast mode)
  [ACTION PPO] R1C1_C: a0=48% (86) a1=1% (2) a2=28% (50) a3=23% (42)
[INFO] Episode duration: 1800s (30 min)

[DEBUG] 🎯 Célzott Forgalom Generálása (R1C1_C) | Period: 6.0104
Found 6 valid OD pairs for R1C1_C
Generating focused traffic: Period 6.0104s
[INFO] Subscriptions active: 6 (traci, fast mode)
  [ACTION PPO] R1C1_C: a0=37% (199) a1=4% (19) a2=30% (161) a3=30% (161)
[INFO] Episode duration: 900s (15 min)

[DEBUG] 🎯 Célzott Forgalom Generálása (R1C1_C) | Period: 7.9882
Found 6 valid OD pairs for R1C1_C
Generating focused traffic: Period 7.9882s
[INFO] Subscriptions active: 6 (traci, fast mode)
  [ACTION PPO] R1C1_C: a0=42% (152) a1=4% (15) a2=30% (109) a3=23% (84)
[INFO] Episode duration: 3600s (60 min)

[DEBUG] 🎯 Célzott Forgalom Generálása (R1C1_C) | Period: 4.009
Found 6 valid OD pairs for R1C1_C
Generating focused traffic: Period 4.0090s
[INFO] Subscriptions active: 6 (traci, fast mode)
  [ACTION PPO] R1C1_C: a0=37% (66) a1=7% (12) a2=29% (53) a3=27% (49)
[INFO] Episode duration: 1800s (30 min)

[DEBUG] 🎯 Célzott Forgalom Generálása (R1C1_C) | Period: 5.6627
Found 6 valid OD pairs for R1C1_C
Generating focused traffic: Period 5.6627s
[INFO] Subscriptions active: 6 (traci, fast mode)
  [ACTION PPO] R1C1_C: a0=57% (414) a1=2% (14) a2=21% (148) a3=20% (144)
[INFO] Episode duration: 1800s (30 min)

[DEBUG] 🎯 Célzott Forgalom Generálása (R1C1_C) | Period: 5.9087
Found 6 valid OD pairs for R1C1_C
Generating focused traffic: Period 5.9087s
[INFO] Subscriptions active: 6 (traci, fast mode)
  [ACTION PPO] R1C1_C: a0=39% (140) a1=3% (10) a2=33% (118) a3=26% (92)
[INFO] Episode duration: 3600s (60 min)

[DEBUG] 🎯 Célzott Forgalom Generálása (R1C1_C) | Period: 7.7208
Found 6 valid OD pairs for R1C1_C
Generating focused traffic: Period 7.7208s
[INFO] Subscriptions active: 6 (traci, fast mode)
  [ACTION PPO] R1C1_C: a0=37% (133) a1=3% (11) a2=33% (120) a3=27% (96)
[INFO] Episode duration: 1800s (30 min)

[DEBUG] 🎯 Célzott Forgalom Generálása (R1C1_C) | Period: 7.3262
Found 6 valid OD pairs for R1C1_C
Generating focused traffic: Period 7.3262s
[INFO] Subscriptions active: 6 (traci, fast mode)
  [ACTION PPO] R1C1_C: a0=28% (204) a1=4% (27) a2=41% (297) a3=27% (192)
[INFO] Episode duration: 900s (15 min)

[DEBUG] 🎯 Célzott Forgalom Generálása (R1C1_C) | Period: 4.42
Found 6 valid OD pairs for R1C1_C
Generating focused traffic: Period 4.4200s
[INFO] Subscriptions active: 6 (traci, fast mode)
  [ACTION PPO] R1C1_C: a0=26% (94) a1=5% (17) a2=44% (159) a3=25% (90)
[INFO] Episode duration: 900s (15 min)

[DEBUG] 🎯 Célzott Forgalom Generálása (R1C1_C) | Period: 6.8152
Found 6 valid OD pairs for R1C1_C
Generating focused traffic: Period 6.8152s
[INFO] Subscriptions active: 6 (traci, fast mode)
  [ACTION PPO] R1C1_C: a0=52% (93) a1=4% (8) a2=22% (39) a3=22% (40)
[INFO] Episode duration: 2700s (45 min)

[DEBUG] 🎯 Célzott Forgalom Generálása (R1C1_C) | Period: 6.8478
Found 6 valid OD pairs for R1C1_C
Generating focused traffic: Period 6.8478s
[INFO] Subscriptions active: 6 (traci, fast mode)
  [ACTION PPO] R1C1_C: a0=21% (38) a1=6% (11) a2=44% (80) a3=28% (51)
[INFO] Episode duration: 900s (15 min)

[DEBUG] 🎯 Célzott Forgalom Generálása (R1C1_C) | Period: 4.2553
Found 6 valid OD pairs for R1C1_C
Generating focused traffic: Period 4.2553s
[INFO] Subscriptions active: 6 (traci, fast mode)
  [ACTION PPO] R1C1_C: a0=29% (155) a1=5% (25) a2=41% (222) a3=26% (138)
[INFO] Episode duration: 1800s (30 min)

[DEBUG] 🎯 Célzott Forgalom Generálása (R1C1_C) | Period: 5.5176
Found 6 valid OD pairs for R1C1_C
Generating focused traffic: Period 5.5176s
[INFO] Subscriptions active: 6 (traci, fast mode)
  [ACTION PPO] R1C1_C: a0=44% (80) a1=2% (4) a2=29% (52) a3=24% (44)
[INFO] Episode duration: 1800s (30 min)

[DEBUG] 🎯 Célzott Forgalom Generálása (R1C1_C) | Period: 4.3803
Found 6 valid OD pairs for R1C1_C
Generating focused traffic: Period 4.3803s
[INFO] Subscriptions active: 6 (traci, fast mode)
  [ACTION PPO] R1C1_C: a0=42% (152) a1=2% (8) a2=32% (117) a3=23% (83)
[INFO] Episode duration: 900s (15 min)

[DEBUG] 🎯 Célzott Forgalom Generálása (R1C1_C) | Period: 5.088
Found 6 valid OD pairs for R1C1_C
Generating focused traffic: Period 5.0880s
[INFO] Subscriptions active: 6 (traci, fast mode)
  [ACTION PPO] R1C1_C: a0=46% (164) a1=3% (12) a2=29% (106) a3=22% (78)
[INFO] Episode duration: 2700s (45 min)

[DEBUG] 🎯 Célzott Forgalom Generálása (R1C1_C) | Period: 5.7798
Found 6 valid OD pairs for R1C1_C
Generating focused traffic: Period 5.7798s
[INFO] Subscriptions active: 6 (traci, fast mode)
  [ACTION PPO] R1C1_C: a0=34% (62) a1=4% (7) a2=32% (58) a3=29% (53)
[INFO] Episode duration: 2700s (45 min)

[DEBUG] 🎯 Célzott Forgalom Generálása (R1C1_C) | Period: 4.8239
Found 6 valid OD pairs for R1C1_C
Generating focused traffic: Period 4.8239s
[INFO] Subscriptions active: 6 (traci, fast mode)
  [ACTION PPO] R1C1_C: a0=36% (192) a1=3% (17) a2=38% (204) a3=24% (127)
[INFO] Episode duration: 2700s (45 min)

[DEBUG] 🎯 Célzott Forgalom Generálása (R1C1_C) | Period: 6.0725
Found 6 valid OD pairs for R1C1_C
Generating focused traffic: Period 6.0725s
[INFO] Subscriptions active: 6 (traci, fast mode)
  [ACTION PPO] R1C1_C: a0=41% (223) a1=4% (21) a2=34% (181) a3=21% (115)
[INFO] Episode duration: 1800s (30 min)

[DEBUG] 🎯 Célzott Forgalom Generálása (R1C1_C) | Period: 6.663
Found 6 valid OD pairs for R1C1_C
Generating focused traffic: Period 6.6630s
[INFO] Subscriptions active: 6 (traci, fast mode)
  [ACTION PPO] R1C1_C: a0=32% (172) a1=3% (14) a2=40% (218) a3=25% (136)
[INFO] Episode duration: 2700s (45 min)

[DEBUG] 🎯 Célzott Forgalom Generálása (R1C1_C) | Period: 6.966
Found 6 valid OD pairs for R1C1_C
Generating focused traffic: Period 6.9660s
[INFO] Subscriptions active: 6 (traci, fast mode)
  [ACTION PPO] R1C1_C: a0=37% (132) a1=2% (8) a2=42% (150) a3=19% (70)
[INFO] Episode duration: 3600s (60 min)

[DEBUG] 🎯 Célzott Forgalom Generálása (R1C1_C) | Period: 6.4744
Found 6 valid OD pairs for R1C1_C
Generating focused traffic: Period 6.4744s
[INFO] Subscriptions active: 6 (traci, fast mode)
  [ACTION PPO] R1C1_C: a0=31% (166) a1=4% (22) a2=39% (211) a3=26% (141)
[INFO] Episode duration: 2700s (45 min)

[DEBUG] 🎯 Célzott Forgalom Generálása (R1C1_C) | Period: 4.3071
Found 6 valid OD pairs for R1C1_C
Generating focused traffic: Period 4.3071s
[INFO] Subscriptions active: 6 (traci, fast mode)
  [ACTION PPO] R1C1_C: a0=37% (269) a1=3% (21) a2=37% (266) a3=23% (164)
[INFO] Episode duration: 3600s (60 min)

[DEBUG] 🎯 Célzott Forgalom Generálása (R1C1_C) | Period: 4.4106
Found 6 valid OD pairs for R1C1_C
Generating focused traffic: Period 4.4106s
[INFO] Subscriptions active: 6 (traci, fast mode)
  [ACTION PPO] R1C1_C: a0=53% (288) a1=2% (9) a2=25% (135) a3=20% (108)
[INFO] Episode duration: 1800s (30 min)

[DEBUG] 🎯 Célzott Forgalom Generálása (R1C1_C) | Period: 4.0961
Found 6 valid OD pairs for R1C1_C
Generating focused traffic: Period 4.0961s
[INFO] Subscriptions active: 6 (traci, fast mode)
  [ACTION PPO] R1C1_C: a0=49% (353) a1=2% (15) a2=27% (194) a3=22% (158)
[INFO] Episode duration: 1800s (30 min)

[DEBUG] 🎯 Célzott Forgalom Generálása (R1C1_C) | Period: 4.2394
Found 6 valid OD pairs for R1C1_C
Generating focused traffic: Period 4.2394s
[INFO] Subscriptions active: 6 (traci, fast mode)
  [ACTION PPO] R1C1_C: a0=53% (191) a1=4% (13) a2=22% (79) a3=21% (77)
[INFO] Episode duration: 1800s (30 min)

[DEBUG] 🎯 Célzott Forgalom Generálása (R1C1_C) | Period: 4.6361
Found 6 valid OD pairs for R1C1_C
Generating focused traffic: Period 4.6361s
[INFO] Subscriptions active: 6 (traci, fast mode)
  [ACTION PPO] R1C1_C: a0=46% (164) a1=1% (5) a2=28% (101) a3=25% (90)
[INFO] Episode duration: 3600s (60 min)

[DEBUG] 🎯 Célzott Forgalom Generálása (R1C1_C) | Period: 6.2361
Found 6 valid OD pairs for R1C1_C
Generating focused traffic: Period 6.2361s
[INFO] Subscriptions active: 6 (traci, fast mode)
  [ACTION PPO] R1C1_C: a0=41% (147) a1=3% (12) a2=34% (124) a3=21% (77)
[INFO] Episode duration: 2700s (45 min)

[DEBUG] 🎯 Célzott Forgalom Generálása (R1C1_C) | Period: 6.3952
Found 6 valid OD pairs for R1C1_C
Generating focused traffic: Period 6.3952s
[INFO] Subscriptions active: 6 (traci, fast mode)
  [ACTION PPO] R1C1_C: a0=43% (308) a1=4% (30) a2=32% (230) a3=21% (152)
[INFO] Episode duration: 1800s (30 min)

[DEBUG] 🎯 Célzott Forgalom Generálása (R1C1_C) | Period: 5.2085
Found 6 valid OD pairs for R1C1_C
Generating focused traffic: Period 5.2085s
[INFO] Subscriptions active: 6 (traci, fast mode)
  [ACTION PPO] R1C1_C: a0=30% (161) a1=3% (18) a2=40% (216) a3=27% (145)
[INFO] Episode duration: 900s (15 min)

[DEBUG] 🎯 Célzott Forgalom Generálása (R1C1_C) | Period: 7.3965
Found 6 valid OD pairs for R1C1_C
Generating focused traffic: Period 7.3965s
[INFO] Subscriptions active: 6 (traci, fast mode)
  [ACTION PPO] R1C1_C: a0=45% (161) a1=4% (16) a2=29% (103) a3=22% (80)
[INFO] Episode duration: 1800s (30 min)

[DEBUG] 🎯 Célzott Forgalom Generálása (R1C1_C) | Period: 5.3879
Found 6 valid OD pairs for R1C1_C
Generating focused traffic: Period 5.3879s
[INFO] Subscriptions active: 6 (traci, fast mode)
  [ACTION PPO] R1C1_C: a0=37% (67) a1=4% (7) a2=34% (61) a3=25% (45)
[INFO] Episode duration: 3600s (60 min)

[DEBUG] 🎯 Célzott Forgalom Generálása (R1C1_C) | Period: 7.5594
Found 6 valid OD pairs for R1C1_C
Generating focused traffic: Period 7.5594s
[INFO] Subscriptions active: 6 (traci, fast mode)
  [ACTION PPO] R1C1_C: a0=36% (131) a1=3% (10) a2=36% (128) a3=25% (91)
[INFO] Episode duration: 900s (15 min)

[DEBUG] 🎯 Célzott Forgalom Generálása (R1C1_C) | Period: 6.0069
Found 6 valid OD pairs for R1C1_C
Generating focused traffic: Period 6.0069s
[INFO] Subscriptions active: 6 (traci, fast mode)
  [ACTION PPO] R1C1_C: a0=34% (247) a1=4% (30) a2=37% (265) a3=25% (178)
[INFO] Episode duration: 2700s (45 min)

[DEBUG] 🎯 Célzott Forgalom Generálása (R1C1_C) | Period: 7.0552
Found 6 valid OD pairs for R1C1_C
Generating focused traffic: Period 7.0552s
[INFO] Subscriptions active: 6 (traci, fast mode)
  [ACTION PPO] R1C1_C: a0=30% (54) a1=3% (6) a2=38% (69) a3=28% (51)
[INFO] Episode duration: 3600s (60 min)

[DEBUG] 🎯 Célzott Forgalom Generálása (R1C1_C) | Period: 5.8475
Found 6 valid OD pairs for R1C1_C
Generating focused traffic: Period 5.8475s
[INFO] Subscriptions active: 6 (traci, fast mode)
  [ACTION PPO] R1C1_C: a0=30% (160) a1=4% (19) a2=43% (234) a3=24% (127)
[INFO] Episode duration: 2700s (45 min)

[DEBUG] 🎯 Célzott Forgalom Generálása (R1C1_C) | Period: 6.3292
Found 6 valid OD pairs for R1C1_C
Generating focused traffic: Period 6.3292s
[INFO] Subscriptions active: 6 (traci, fast mode)
  [ACTION PPO] R1C1_C: a0=34% (247) a1=3% (25) a2=36% (260) a3=26% (188)
[INFO] Episode duration: 900s (15 min)

[DEBUG] 🎯 Célzott Forgalom Generálása (R1C1_C) | Period: 6.7288
Found 6 valid OD pairs for R1C1_C
Generating focused traffic: Period 6.7288s
[INFO] Subscriptions active: 6 (traci, fast mode)
  [ACTION PPO] R1C1_C: a0=34% (184) a1=2% (10) a2=37% (198) a3=27% (148)
[INFO] Episode duration: 2700s (45 min)

[DEBUG] 🎯 Célzott Forgalom Generálása (R1C1_C) | Period: 4.2715
Found 6 valid OD pairs for R1C1_C
Generating focused traffic: Period 4.2715s
[INFO] Subscriptions active: 6 (traci, fast mode)
  [ACTION PPO] R1C1_C: a0=33% (60) a1=4% (7) a2=38% (68) a3=25% (45)
[INFO] Episode duration: 900s (15 min)

[DEBUG] 🎯 Célzott Forgalom Generálása (R1C1_C) | Period: 5.5596
Found 6 valid OD pairs for R1C1_C
Generating focused traffic: Period 5.5596s
[INFO] Subscriptions active: 6 (traci, fast mode)
  [ACTION PPO] R1C1_C: a0=43% (233) a1=3% (16) a2=30% (163) a3=24% (128)
[INFO] Episode duration: 900s (15 min)

[DEBUG] 🎯 Célzott Forgalom Generálása (R1C1_C) | Period: 4.389
Found 6 valid OD pairs for R1C1_C
Generating focused traffic: Period 4.3890s
[INFO] Subscriptions active: 6 (traci, fast mode)
  [ACTION PPO] R1C1_C: a0=32% (58) a1=2% (4) a2=39% (71) a3=26% (47)
[INFO] Episode duration: 1800s (30 min)

[DEBUG] 🎯 Célzott Forgalom Generálása (R1C1_C) | Period: 6.4702
Found 6 valid OD pairs for R1C1_C
Generating focused traffic: Period 6.4702s
[INFO] Subscriptions active: 6 (traci, fast mode)
  [ACTION PPO] R1C1_C: a0=41% (73) a1=3% (6) a2=36% (64) a3=21% (37)
[INFO] Episode duration: 2700s (45 min)

[DEBUG] 🎯 Célzott Forgalom Generálása (R1C1_C) | Period: 4.2717
Found 6 valid OD pairs for R1C1_C
Generating focused traffic: Period 4.2717s
[INFO] Subscriptions active: 6 (traci, fast mode)
  [ACTION PPO] R1C1_C: a0=30% (107) a1=4% (13) a2=38% (136) a3=29% (104)
------------------------------------------
| rollout/                |              |
|    ep_len_mean          | 441          |
|    ep_rew_mean          | 63.8         |
| time/                   |              |
|    fps                  | 96           |
|    iterations           | 40           |
|    time_elapsed         | 852          |
|    total_timesteps      | 81920        |
| train/                  |              |
|    approx_kl            | 0.0025641266 |
|    clip_fraction        | 0.0121       |
|    clip_range           | 0.2          |
|    entropy_loss         | -1           |
|    explained_variance   | -0.029       |
|    learning_rate        | 0.0001       |
|    loss                 | 0.511        |
|    n_updates            | 390          |
|    policy_gradient_loss | -0.00165     |
|    value_loss           | 2.73         |
------------------------------------------
[INFO] Episode duration: 1800s (30 min)

[DEBUG] 🎯 Célzott Forgalom Generálása (R1C1_C) | Period: 4.1662
Found 6 valid OD pairs for R1C1_C
Generating focused traffic: Period 4.1662s
[INFO] Subscriptions active: 6 (traci, fast mode)
  [ACTION PPO] R1C1_C: a0=42% (225) a1=2% (11) a2=26% (143) a3=30% (161)
[INFO] Episode duration: 1800s (30 min)

[DEBUG] 🎯 Célzott Forgalom Generálása (R1C1_C) | Period: 5.2429
Found 6 valid OD pairs for R1C1_C
Generating focused traffic: Period 5.2429s
[INFO] Subscriptions active: 6 (traci, fast mode)
  [ACTION PPO] R1C1_C: a0=48% (171) a1=3% (11) a2=23% (83) a3=26% (95)
[INFO] Episode duration: 2700s (45 min)

[DEBUG] 🎯 Célzott Forgalom Generálása (R1C1_C) | Period: 5.8495
Found 6 valid OD pairs for R1C1_C
Generating focused traffic: Period 5.8495s
[INFO] Subscriptions active: 6 (traci, fast mode)
  [ACTION PPO] R1C1_C: a0=39% (141) a1=2% (9) a2=31% (112) a3=27% (98)
[INFO] Episode duration: 1800s (30 min)

[DEBUG] 🎯 Célzott Forgalom Generálása (R1C1_C) | Period: 5.8816
Found 6 valid OD pairs for R1C1_C
Generating focused traffic: Period 5.8816s
[INFO] Subscriptions active: 6 (traci, fast mode)
  [ACTION PPO] R1C1_C: a0=32% (171) a1=4% (21) a2=36% (193) a3=29% (155)
[INFO] Episode duration: 2700s (45 min)

[DEBUG] 🎯 Célzott Forgalom Generálása (R1C1_C) | Period: 5.2509
Found 6 valid OD pairs for R1C1_C
Generating focused traffic: Period 5.2509s
[INFO] Subscriptions active: 6 (traci, fast mode)
  [ACTION PPO] R1C1_C: a0=39% (140) a1=3% (10) a2=34% (124) a3=24% (86)
[INFO] Episode duration: 2700s (45 min)

[DEBUG] 🎯 Célzott Forgalom Generálása (R1C1_C) | Period: 5.1979
Found 6 valid OD pairs for R1C1_C
Generating focused traffic: Period 5.1979s
[INFO] Subscriptions active: 6 (traci, fast mode)
  [ACTION PPO] R1C1_C: a0=43% (234) a1=2% (10) a2=26% (140) a3=29% (156)
[INFO] Episode duration: 2700s (45 min)

[DEBUG] 🎯 Célzott Forgalom Generálása (R1C1_C) | Period: 7.7931
Found 6 valid OD pairs for R1C1_C
Generating focused traffic: Period 7.7931s
[INFO] Subscriptions active: 6 (traci, fast mode)
  [ACTION PPO] R1C1_C: a0=41% (224) a1=1% (8) a2=27% (146) a3=30% (162)
[INFO] Episode duration: 900s (15 min)

[DEBUG] 🎯 Célzott Forgalom Generálása (R1C1_C) | Period: 6.9724
Found 6 valid OD pairs for R1C1_C
Generating focused traffic: Period 6.9724s
[INFO] Subscriptions active: 6 (traci, fast mode)
  [ACTION PPO] R1C1_C: a0=36% (195) a1=3% (15) a2=31% (169) a3=30% (161)
[INFO] Episode duration: 2700s (45 min)

[DEBUG] 🎯 Célzott Forgalom Generálása (R1C1_C) | Period: 6.21
Found 6 valid OD pairs for R1C1_C
Generating focused traffic: Period 6.2100s
[INFO] Subscriptions active: 6 (traci, fast mode)
  [ACTION PPO] R1C1_C: a0=42% (75) a1=3% (5) a2=30% (54) a3=26% (46)
[INFO] Episode duration: 1800s (30 min)

[DEBUG] 🎯 Célzott Forgalom Generálása (R1C1_C) | Period: 7.1157
Found 6 valid OD pairs for R1C1_C
Generating focused traffic: Period 7.1157s
[INFO] Subscriptions active: 6 (traci, fast mode)
  [ACTION PPO] R1C1_C: a0=37% (199) a1=4% (19) a2=33% (177) a3=27% (145)
[INFO] Episode duration: 3600s (60 min)

[DEBUG] 🎯 Célzott Forgalom Generálása (R1C1_C) | Period: 4.0411
Found 6 valid OD pairs for R1C1_C
Generating focused traffic: Period 4.0411s
[INFO] Subscriptions active: 6 (traci, fast mode)
  [ACTION PPO] R1C1_C: a0=38% (136) a1=3% (10) a2=31% (112) a3=28% (102)
[INFO] Episode duration: 1800s (30 min)

[DEBUG] 🎯 Célzott Forgalom Generálása (R1C1_C) | Period: 4.5769
Found 6 valid OD pairs for R1C1_C
Generating focused traffic: Period 4.5769s
[INFO] Subscriptions active: 6 (traci, fast mode)
  [ACTION PPO] R1C1_C: a0=58% (420) a1=1% (9) a2=20% (146) a3=20% (145)
[INFO] Episode duration: 1800s (30 min)

[DEBUG] 🎯 Célzott Forgalom Generálása (R1C1_C) | Period: 5.3243
Found 6 valid OD pairs for R1C1_C
Generating focused traffic: Period 5.3243s
[INFO] Subscriptions active: 6 (traci, fast mode)
  [ACTION PPO] R1C1_C: a0=57% (205) a1=2% (7) a2=22% (79) a3=19% (69)
[INFO] Episode duration: 2700s (45 min)

[DEBUG] 🎯 Célzott Forgalom Generálása (R1C1_C) | Period: 5.5098
Found 6 valid OD pairs for R1C1_C
Generating focused traffic: Period 5.5098s
[INFO] Subscriptions active: 6 (traci, fast mode)
  [ACTION PPO] R1C1_C: a0=41% (147) a1=1% (3) a2=32% (117) a3=26% (93)
[INFO] Episode duration: 2700s (45 min)

[DEBUG] 🎯 Célzott Forgalom Generálása (R1C1_C) | Period: 6.8981
Found 6 valid OD pairs for R1C1_C
Generating focused traffic: Period 6.8981s
[INFO] Subscriptions active: 6 (traci, fast mode)
  [ACTION PPO] R1C1_C: a0=54% (291) a1=2% (12) a2=23% (122) a3=21% (115)
[INFO] Episode duration: 2700s (45 min)

[DEBUG] 🎯 Célzott Forgalom Generálása (R1C1_C) | Period: 6.0937
Found 6 valid OD pairs for R1C1_C
Generating focused traffic: Period 6.0937s
[INFO] Subscriptions active: 6 (traci, fast mode)
  [ACTION PPO] R1C1_C: a0=55% (297) a1=2% (12) a2=21% (115) a3=21% (116)
[INFO] Episode duration: 2700s (45 min)

[DEBUG] 🎯 Célzott Forgalom Generálása (R1C1_C) | Period: 5.6121
Found 6 valid OD pairs for R1C1_C
Generating focused traffic: Period 5.6121s
[INFO] Subscriptions active: 6 (traci, fast mode)
  [ACTION PPO] R1C1_C: a0=51% (274) a1=1% (8) a2=24% (132) a3=23% (126)
[INFO] Episode duration: 1800s (30 min)

[DEBUG] 🎯 Célzott Forgalom Generálása (R1C1_C) | Period: 4.4717
Found 6 valid OD pairs for R1C1_C
Generating focused traffic: Period 4.4717s
[INFO] Subscriptions active: 6 (traci, fast mode)
  [ACTION PPO] R1C1_C: a0=64% (343) a1=1% (3) a2=17% (93) a3=19% (101)
[INFO] Episode duration: 3600s (60 min)

[DEBUG] 🎯 Célzott Forgalom Generálása (R1C1_C) | Period: 7.9874
Found 6 valid OD pairs for R1C1_C
Generating focused traffic: Period 7.9874s
[INFO] Subscriptions active: 6 (traci, fast mode)
  [ACTION PPO] R1C1_C: a0=61% (220) a1=1% (3) a2=23% (84) a3=15% (53)
[INFO] Episode duration: 3600s (60 min)

[DEBUG] 🎯 Célzott Forgalom Generálása (R1C1_C) | Period: 7.5086
Found 6 valid OD pairs for R1C1_C
Generating focused traffic: Period 7.5086s
[INFO] Subscriptions active: 6 (traci, fast mode)
  [ACTION PPO] R1C1_C: a0=31% (224) a1=5% (36) a2=36% (257) a3=28% (203)
[INFO] Episode duration: 2700s (45 min)

[DEBUG] 🎯 Célzott Forgalom Generálása (R1C1_C) | Period: 7.5734
Found 6 valid OD pairs for R1C1_C
Generating focused traffic: Period 7.5734s
[INFO] Subscriptions active: 6 (traci, fast mode)
  [ACTION PPO] R1C1_C: a0=36% (259) a1=3% (22) a2=38% (273) a3=23% (166)
[INFO] Episode duration: 2700s (45 min)

[DEBUG] 🎯 Célzott Forgalom Generálása (R1C1_C) | Period: 5.9451
Found 6 valid OD pairs for R1C1_C
Generating focused traffic: Period 5.9451s
[INFO] Subscriptions active: 6 (traci, fast mode)
  [ACTION PPO] R1C1_C: a0=49% (262) a1=1% (3) a2=30% (161) a3=21% (114)
[INFO] Episode duration: 2700s (45 min)

[DEBUG] 🎯 Célzott Forgalom Generálása (R1C1_C) | Period: 7.8673
Found 6 valid OD pairs for R1C1_C
Generating focused traffic: Period 7.8673s
[INFO] Subscriptions active: 6 (traci, fast mode)
  [ACTION PPO] R1C1_C: a0=34% (183) a1=2% (10) a2=36% (192) a3=29% (155)
[INFO] Episode duration: 1800s (30 min)

[DEBUG] 🎯 Célzott Forgalom Generálása (R1C1_C) | Period: 6.3943
Found 6 valid OD pairs for R1C1_C
Generating focused traffic: Period 6.3943s
[INFO] Subscriptions active: 6 (traci, fast mode)
  [ACTION PPO] R1C1_C: a0=32% (175) a1=4% (21) a2=36% (197) a3=27% (147)
[INFO] Episode duration: 1800s (30 min)

[DEBUG] 🎯 Célzott Forgalom Generálása (R1C1_C) | Period: 6.2776
Found 6 valid OD pairs for R1C1_C
Generating focused traffic: Period 6.2776s
[INFO] Subscriptions active: 6 (traci, fast mode)
  [ACTION PPO] R1C1_C: a0=25% (89) a1=3% (11) a2=38% (138) a3=34% (122)
[INFO] Episode duration: 1800s (30 min)

[DEBUG] 🎯 Célzott Forgalom Generálása (R1C1_C) | Period: 6.2698
Found 6 valid OD pairs for R1C1_C
Generating focused traffic: Period 6.2698s
[INFO] Subscriptions active: 6 (traci, fast mode)
  [ACTION PPO] R1C1_C: a0=56% (201) a1=1% (5) a2=21% (77) a3=21% (77)
[INFO] Episode duration: 1800s (30 min)

[DEBUG] 🎯 Célzott Forgalom Generálása (R1C1_C) | Period: 6.8175
wandb: WARNING Symlinked 1 file into the W&B run directory; call wandb.save again to sync new files.
/Users/wagnertamas/Documents/Munka/cikkek/AI_agens_konyvtar/support/intergreen_matrix_calculator/rl_trainer.py:992: UserWarning: Exporting a model while it is in training mode. Please ensure that this is intended, as it may lead to different behavior during inference. Calling model.eval() before export is recommended.
  torch.onnx.export(
/Users/wagnertamas/Documents/Munka/cikkek/AI_agens_konyvtar/support/intergreen_matrix_calculator/rl_trainer.py:992: UserWarning: # 'dynamic_axes' is not recommended when dynamo=True, and may lead to 'torch._dynamo.exc.UserError: Constraints violated.' Supply the 'dynamic_shapes' argument instead if export is unsuccessful.
  torch.onnx.export(
wandb: updating run metadata
wandb: uploading pytorch_models/R1C1_C.zip; uploading output.log; uploading wandb-summary.json; uploading config.yaml
wandb: uploading pytorch_models/R1C1_C.zip; uploading output.log; uploading wandb-summary.json
wandb: uploading output.log
wandb: 
wandb: Run history:
wandb:         R1C1_C/action_pct/phase_0 ▃▃▃▃▂▃▂▁▂▃▄▂▅▃▄▂▄▂▃▃▃▆▃█▃▆▆▄▅▃▄▆▅▅▅▃██▇▅
wandb:         R1C1_C/action_pct/phase_1 █▆▇▇▇▆▅▆▅▅▆▄▃▄▄▃▂▂▃▂▂▂▂▂▂▂▁▂▂▂▂▂▂▁▂▁▁▂▂▁
wandb:         R1C1_C/action_pct/phase_2 ▁▃▂▄▂▅▅▃▄▅▃▄▅▄▅▅▂▆██▆▃▄▂▂▂▅▅▅▆▄▅▃▃▂▅▆▂▃▆
wandb:         R1C1_C/action_pct/phase_3 ▂▂▂▄▅▇▆▆▇█▅▄▄▃▄▄▃▄▃▄▃▄▃▂▃▄▂▂▃▂▂▂▃▃▃▄▁▃▂▁
wandb:         R1C1_C/train/entropy_loss ▁▁▁▂▂▂▂▂▂▂▃▄▄▄▄▄▄▄▅▅▅▆▅▆▆▆▆▆▆▆▆▆▆▆▇▇▇██▇
wandb:        R1C1_C/train/learning_rate ▁▁▁▁▁▁▁▁▁▁▁▁▁▁▁▁▁▁▁▁▁▁▁▁▁▁▁▁▁▁▁▁▁▁▁▁▁▁▁▁
wandb:                 R1C1_C/train/loss ▁▁▁▂▂▁▁▃▂▂▁▁▁▁▁▃▁▁▂▂▂▂▂▂▂█▄▄▄▆▅▅▅▂▂▁▁▁▁▂
wandb: R1C1_C/train/policy_gradient_loss ▂▁▁▆▆▆▄▄▅▆▇▇▆▂▅██▅▅▇▇▆▄▄▄▅▅▆▅▃▃▇▇▆▆▇▆▆▆▆
wandb:           R1C1_C/train/value_loss ▁▁▃▃▃▃▂▄▄▃▄▄▄▄▄▄▆▄▄▄▃▇▅██▅▅▅▆▆▇▆▅▃▃▆▇▇▇█
wandb:                        avg_reward ▂▁▃▃█▁▃▂▃▂▄▄▄▂▃▅▃▄▂▃▄▃▆▄▃▃▃█▃▄▃▅▃▃▄▃▆▅▃▄
wandb:                                +9 ...
wandb: 
wandb: Run summary:
wandb:         R1C1_C/action_pct/phase_0 26.80556
wandb:         R1C1_C/action_pct/phase_1 2.77778
wandb:         R1C1_C/action_pct/phase_2 40
wandb:         R1C1_C/action_pct/phase_3 30.41667
wandb:         R1C1_C/train/entropy_loss -0.91601
wandb:        R1C1_C/train/learning_rate 0.0001
wandb:                 R1C1_C/train/loss 3.384
wandb: R1C1_C/train/policy_gradient_loss -0.00318
wandb:           R1C1_C/train/value_loss 3.91011
wandb:                        avg_reward 0.22891
wandb:                                +9 ...
wandb: 
wandb: 🚀 View run ppo_speed_throughput_1x64_1_R1C1_C at: https://wandb.ai/wagnertamas-budapesti-m-szaki-s-gazdas-gtudom-nyi-egyetem/sumo-rl-stat-2/runs/v3ek5aet
wandb: ⭐️ View project at: https://wandb.ai/wagnertamas-budapesti-m-szaki-s-gazdas-gtudom-nyi-egyetem/sumo-rl-stat-2
wandb: Synced 5 W&B file(s), 0 media file(s), 0 artifact file(s) and 1 other file(s)
wandb: Find logs at: ./wandb/run-20260408_011202-v3ek5aet/logs
Found 6 valid OD pairs for R1C1_C
Generating focused traffic: Period 6.8175s
[INFO] Subscriptions active: 6 (traci, fast mode)
  [ACTION PPO] R1C1_C: a0=38% (137) a1=2% (9) a2=36% (128) a3=24% (86)
[INFO] Episode duration: 3600s (60 min)

[DEBUG] 🎯 Célzott Forgalom Generálása (R1C1_C) | Period: 6.6094
Found 6 valid OD pairs for R1C1_C
Generating focused traffic: Period 6.6094s
[INFO] Subscriptions active: 6 (traci, fast mode)
  [ACTION PPO] R1C1_C: a0=49% (176) a1=1% (4) a2=31% (111) a3=19% (69)
[INFO] Episode duration: 900s (15 min)

[DEBUG] 🎯 Célzott Forgalom Generálása (R1C1_C) | Period: 5.6493
Found 6 valid OD pairs for R1C1_C
Generating focused traffic: Period 5.6493s
[INFO] Subscriptions active: 6 (traci, fast mode)
  [ACTION PPO] R1C1_C: a0=31% (223) a1=3% (20) a2=39% (281) a3=27% (196)
[INFO] Episode duration: 900s (15 min)

[DEBUG] 🎯 Célzott Forgalom Generálása (R1C1_C) | Period: 5.4923
Found 6 valid OD pairs for R1C1_C
Generating focused traffic: Period 5.4923s
[INFO] Subscriptions active: 6 (traci, fast mode)
  [ACTION PPO] R1C1_C: a0=47% (84) a1=2% (4) a2=26% (47) a3=25% (45)
[INFO] Episode duration: 3600s (60 min)

[DEBUG] 🎯 Célzott Forgalom Generálása (R1C1_C) | Period: 4.1425
Found 6 valid OD pairs for R1C1_C
Generating focused traffic: Period 4.1425s
[INFO] Subscriptions active: 6 (traci, fast mode)
  [ACTION PPO] R1C1_C: a0=29% (53) a1=2% (3) a2=37% (67) a3=32% (57)
[INFO] Episode duration: 1800s (30 min)

[DEBUG] 🎯 Célzott Forgalom Generálása (R1C1_C) | Period: 4.736
Found 6 valid OD pairs for R1C1_C
Generating focused traffic: Period 4.7360s
[INFO] Subscriptions active: 6 (traci, fast mode)
  [ACTION PPO] R1C1_C: a0=56% (405) a1=2% (11) a2=20% (142) a3=22% (162)
[INFO] Episode duration: 900s (15 min)

[DEBUG] 🎯 Célzott Forgalom Generálása (R1C1_C) | Period: 4.6497
Found 6 valid OD pairs for R1C1_C
Generating focused traffic: Period 4.6497s
[INFO] Subscriptions active: 6 (traci, fast mode)
  [ACTION PPO] R1C1_C: a0=49% (175) a1=2% (6) a2=24% (87) a3=26% (92)
[INFO] Episode duration: 1800s (30 min)

[DEBUG] 🎯 Célzott Forgalom Generálása (R1C1_C) | Period: 7.8058
Found 6 valid OD pairs for R1C1_C
Generating focused traffic: Period 7.8058s
[INFO] Subscriptions active: 6 (traci, fast mode)
  [ACTION PPO] R1C1_C: a0=50% (90) a1=2% (3) a2=28% (51) a3=20% (36)
[INFO] Episode duration: 1800s (30 min)

[DEBUG] 🎯 Célzott Forgalom Generálása (R1C1_C) | Period: 7.7825
Found 6 valid OD pairs for R1C1_C
Generating focused traffic: Period 7.7825s
[INFO] Subscriptions active: 6 (traci, fast mode)
  [ACTION PPO] R1C1_C: a0=34% (124) a1=2% (8) a2=32% (116) a3=31% (112)
[INFO] Episode duration: 900s (15 min)

[DEBUG] 🎯 Célzott Forgalom Generálása (R1C1_C) | Period: 7.1281
Found 6 valid OD pairs for R1C1_C
Generating focused traffic: Period 7.1281s
[INFO] Subscriptions active: 6 (traci, fast mode)
  [ACTION PPO] R1C1_C: a0=24% (86) a1=4% (14) a2=41% (147) a3=31% (113)
[INFO] Episode duration: 1800s (30 min)

[DEBUG] 🎯 Célzott Forgalom Generálása (R1C1_C) | Period: 6.4372
Found 6 valid OD pairs for R1C1_C
Generating focused traffic: Period 6.4372s
[INFO] Subscriptions active: 6 (traci, fast mode)
  [ACTION PPO] R1C1_C: a0=34% (61) a1=3% (6) a2=33% (60) a3=29% (53)
[INFO] Episode duration: 3600s (60 min)

[DEBUG] 🎯 Célzott Forgalom Generálása (R1C1_C) | Period: 6.417
Found 6 valid OD pairs for R1C1_C
Generating focused traffic: Period 6.4170s
[INFO] Subscriptions active: 6 (traci, fast mode)
  [ACTION PPO] R1C1_C: a0=31% (112) a1=2% (8) a2=39% (139) a3=28% (101)
[INFO] Episode duration: 900s (15 min)

[DEBUG] 🎯 Célzott Forgalom Generálása (R1C1_C) | Period: 5.6622
Found 6 valid OD pairs for R1C1_C
Generating focused traffic: Period 5.6622s
[INFO] Subscriptions active: 6 (traci, fast mode)
  [ACTION PPO] R1C1_C: a0=33% (241) a1=2% (16) a2=38% (274) a3=26% (189)
[INFO] Episode duration: 3600s (60 min)

[DEBUG] 🎯 Célzott Forgalom Generálása (R1C1_C) | Period: 7.503
Found 6 valid OD pairs for R1C1_C
Generating focused traffic: Period 7.5030s
[INFO] Subscriptions active: 6 (traci, fast mode)
  [ACTION PPO] R1C1_C: a0=37% (66) a1=2% (4) a2=35% (63) a3=26% (47)
[INFO] Episode duration: 900s (15 min)

[DEBUG] 🎯 Célzott Forgalom Generálása (R1C1_C) | Period: 6.5266
Found 6 valid OD pairs for R1C1_C
Generating focused traffic: Period 6.5266s
[INFO] Subscriptions active: 6 (traci, fast mode)
  [ACTION PPO] R1C1_C: a0=27% (193) a1=3% (20) a2=40% (288) a3=30% (219)
On-policy training completed.
Closing environment and EXPORTING models...
Saving PyTorch ZIP models to /Users/wagnertamas/Documents/Munka/cikkek/AI_agens_konyvtar/support/intergreen_matrix_calculator/data/runs/pytorch_models...
Saved PyTorch R1C1_C to /Users/wagnertamas/Documents/Munka/cikkek/AI_agens_konyvtar/support/intergreen_matrix_calculator/data/runs/pytorch_models/R1C1_C.zip
Exporting ONNX models to /Users/wagnertamas/Documents/Munka/cikkek/AI_agens_konyvtar/support/intergreen_matrix_calculator/data/runs/onnx_models...
Failed to export R1C1_C: # Failed to convert 'dynamic_axes' to 'dynamic_shapes'. Please provide 'dynamic_shapes' directly. Refer to the documentation for 'torch.export.export' for more information on dynamic shapes.
Cleanup done.
