wandb: [wandb.login()] Loaded credentials for https://api.wandb.ai from /Users/wagnertamas/.netrc.
wandb: Currently logged in as: wagnertamas (wagnertamas-budapesti-m-szaki-s-gazdas-gtudom-nyi-egyetem) to https://api.wandb.ai. Use `wandb login --relogin` to force relogin
wandb: setting up run e02k4u60
wandb: Tracking run with wandb version 0.25.0
wandb: Run data is saved locally in /Users/wagnertamas/Documents/Munka/cikkek/AI_agens_konyvtar/support/intergreen_matrix_calculator/wandb/run-20260322_005923-e02k4u60
wandb: Run `wandb offline` to turn off syncing.
wandb: Syncing run ppo_co2_speedstd_3x64_2_R1C1_C
wandb: ⭐️ View project at https://wandb.ai/wagnertamas-budapesti-m-szaki-s-gazdas-gtudom-nyi-egyetem/sumo-rl-stat
wandb: 🚀 View run at https://wandb.ai/wagnertamas-budapesti-m-szaki-s-gazdas-gtudom-nyi-egyetem/sumo-rl-stat/runs/e02k4u60
[INFO] Config: training_config.yaml
[INFO] Net: /Users/wagnertamas/Documents/Munka/cikkek/AI_agens_konyvtar/support/intergreen_matrix_calculator/data/mega_catalogue_v2.net.xml
[INFO] Timesteps: 100000 | Project: sumo-rl-stat
[INFO] Junction: R1C1_C
[INFO] Algorithm: ppo | Reward: co2_speedstd
[INFO] Load model: None (fresh)
[INFO] Traffic: random target+spread (epizódonként)
Initializing Environment (algorithm=ppo, reward=co2_speedstd)...
[INFO] Algorithm: ppo (on_policy)
[INFO] Reward mode: co2_speedstd
WandB config applied (Sweep compatible).
[INFO] Junction reward params auto-loaded from /Users/wagnertamas/Documents/Munka/cikkek/AI_agens_konyvtar/support/intergreen_matrix_calculator/data/junction_reward_params.json
[INFO] Using 'libsumo' (fast headless mode, OS=darwin).
Starting SUMO...
[INFO] Episode duration: 2700s (45 min)

[DEBUG] 🎯 Célzott Forgalom Generálása (R1C1_C) | Period: 5.9335
Found 6 valid OD pairs for R1C1_C
Generating focused traffic: Period 5.9335s
[INFO] Network mapped: 1 agents, 3 detectors, 3 lanes
[INFO] Subscriptions active: 6 (libsumo, fast mode)
Agents discovered: ['R1C1_C']
[INFO] RL device: mps
[INFO] On-policy training: ppo → R1C1_C
Using mps device
Wrapping the env with a `Monitor` wrapper
Wrapping the env in a DummyVecEnv.
Starting on-policy training: 100000 timesteps...
[INFO] Episode duration: 3600s (60 min)

[DEBUG] 🎯 Célzott Forgalom Generálása (R1C1_C) | Period: 7.4984
Found 6 valid OD pairs for R1C1_C
Generating focused traffic: Period 7.4984s
[INFO] Subscriptions active: 6 (libsumo, fast mode)
Logging to /Users/wagnertamas/Documents/Munka/cikkek/AI_agens_konyvtar/support/intergreen_matrix_calculator/data/runs/sumo-rl-stat/R1C1_C/PPO_176
[INFO] Episode duration: 2700s (45 min)

[DEBUG] 🎯 Célzott Forgalom Generálása (R1C1_C) | Period: 7.7338
Found 6 valid OD pairs for R1C1_C
Generating focused traffic: Period 7.7338s
[INFO] Subscriptions active: 6 (libsumo, fast mode)
[INFO] Episode duration: 3600s (60 min)

[DEBUG] 🎯 Célzott Forgalom Generálása (R1C1_C) | Period: 4.5201
Found 6 valid OD pairs for R1C1_C
Generating focused traffic: Period 4.5201s
[INFO] Subscriptions active: 6 (libsumo, fast mode)
[INFO] Episode duration: 2700s (45 min)

[DEBUG] 🎯 Célzott Forgalom Generálása (R1C1_C) | Period: 7.0178
Found 6 valid OD pairs for R1C1_C
Generating focused traffic: Period 7.0178s
[INFO] Subscriptions active: 6 (libsumo, fast mode)
[INFO] Episode duration: 900s (15 min)

[DEBUG] 🎯 Célzott Forgalom Generálása (R1C1_C) | Period: 7.2403
Found 6 valid OD pairs for R1C1_C
Generating focused traffic: Period 7.2403s
[INFO] Subscriptions active: 6 (libsumo, fast mode)
[INFO] Episode duration: 900s (15 min)

[DEBUG] 🎯 Célzott Forgalom Generálása (R1C1_C) | Period: 7.4476
Found 6 valid OD pairs for R1C1_C
Generating focused traffic: Period 7.4476s
[INFO] Subscriptions active: 6 (libsumo, fast mode)
[INFO] Episode duration: 1800s (30 min)

[DEBUG] 🎯 Célzott Forgalom Generálása (R1C1_C) | Period: 7.609
Found 6 valid OD pairs for R1C1_C
Generating focused traffic: Period 7.6090s
[INFO] Subscriptions active: 6 (libsumo, fast mode)
[INFO] Episode duration: 1800s (30 min)

[DEBUG] 🎯 Célzott Forgalom Generálása (R1C1_C) | Period: 5.7547
Found 6 valid OD pairs for R1C1_C
Generating focused traffic: Period 5.7547s
[INFO] Subscriptions active: 6 (libsumo, fast mode)
[INFO] Episode duration: 1800s (30 min)

[DEBUG] 🎯 Célzott Forgalom Generálása (R1C1_C) | Period: 7.3079
Found 6 valid OD pairs for R1C1_C
Generating focused traffic: Period 7.3079s
[INFO] Subscriptions active: 6 (libsumo, fast mode)
[INFO] Episode duration: 1800s (30 min)

[DEBUG] 🎯 Célzott Forgalom Generálása (R1C1_C) | Period: 6.2335
Found 6 valid OD pairs for R1C1_C
Generating focused traffic: Period 6.2335s
[INFO] Subscriptions active: 6 (libsumo, fast mode)
[INFO] Episode duration: 2700s (45 min)

[DEBUG] 🎯 Célzott Forgalom Generálása (R1C1_C) | Period: 5.0464
Found 6 valid OD pairs for R1C1_C
Generating focused traffic: Period 5.0464s
[INFO] Subscriptions active: 6 (libsumo, fast mode)
[INFO] Episode duration: 2700s (45 min)

[DEBUG] 🎯 Célzott Forgalom Generálása (R1C1_C) | Period: 6.4049
Found 6 valid OD pairs for R1C1_C
Generating focused traffic: Period 6.4049s
[INFO] Subscriptions active: 6 (libsumo, fast mode)
[INFO] Episode duration: 900s (15 min)

[DEBUG] 🎯 Célzott Forgalom Generálása (R1C1_C) | Period: 4.256
Found 6 valid OD pairs for R1C1_C
Generating focused traffic: Period 4.2560s
[INFO] Subscriptions active: 6 (libsumo, fast mode)
[INFO] Episode duration: 2700s (45 min)

[DEBUG] 🎯 Célzott Forgalom Generálása (R1C1_C) | Period: 4.6516
Found 6 valid OD pairs for R1C1_C
Generating focused traffic: Period 4.6516s
[INFO] Subscriptions active: 6 (libsumo, fast mode)
[INFO] Episode duration: 900s (15 min)

[DEBUG] 🎯 Célzott Forgalom Generálása (R1C1_C) | Period: 7.6349
Found 6 valid OD pairs for R1C1_C
Generating focused traffic: Period 7.6349s
[INFO] Subscriptions active: 6 (libsumo, fast mode)
[INFO] Episode duration: 1800s (30 min)

[DEBUG] 🎯 Célzott Forgalom Generálása (R1C1_C) | Period: 7.1457
Found 6 valid OD pairs for R1C1_C
Generating focused traffic: Period 7.1457s
[INFO] Subscriptions active: 6 (libsumo, fast mode)
[INFO] Episode duration: 1800s (30 min)

[DEBUG] 🎯 Célzott Forgalom Generálása (R1C1_C) | Period: 6.5452
Found 6 valid OD pairs for R1C1_C
Generating focused traffic: Period 6.5452s
[INFO] Subscriptions active: 6 (libsumo, fast mode)
[INFO] Episode duration: 2700s (45 min)

[DEBUG] 🎯 Célzott Forgalom Generálása (R1C1_C) | Period: 7.5912
Found 6 valid OD pairs for R1C1_C
Generating focused traffic: Period 7.5912s
[INFO] Subscriptions active: 6 (libsumo, fast mode)
[INFO] Episode duration: 2700s (45 min)

[DEBUG] 🎯 Célzott Forgalom Generálása (R1C1_C) | Period: 5.9211
Found 6 valid OD pairs for R1C1_C
Generating focused traffic: Period 5.9211s
[INFO] Subscriptions active: 6 (libsumo, fast mode)
[INFO] Episode duration: 900s (15 min)

[DEBUG] 🎯 Célzott Forgalom Generálása (R1C1_C) | Period: 4.7554
Found 6 valid OD pairs for R1C1_C
Generating focused traffic: Period 4.7554s
[INFO] Subscriptions active: 6 (libsumo, fast mode)
[INFO] Episode duration: 1800s (30 min)

[DEBUG] 🎯 Célzott Forgalom Generálása (R1C1_C) | Period: 6.9996
Found 6 valid OD pairs for R1C1_C
Generating focused traffic: Period 6.9996s
[INFO] Subscriptions active: 6 (libsumo, fast mode)
[INFO] Episode duration: 900s (15 min)

[DEBUG] 🎯 Célzott Forgalom Generálása (R1C1_C) | Period: 5.123
Found 6 valid OD pairs for R1C1_C
Generating focused traffic: Period 5.1230s
[INFO] Subscriptions active: 6 (libsumo, fast mode)
[INFO] Episode duration: 1800s (30 min)

[DEBUG] 🎯 Célzott Forgalom Generálása (R1C1_C) | Period: 7.5371
Found 6 valid OD pairs for R1C1_C
Generating focused traffic: Period 7.5371s
[INFO] Subscriptions active: 6 (libsumo, fast mode)
[INFO] Episode duration: 3600s (60 min)

[DEBUG] 🎯 Célzott Forgalom Generálása (R1C1_C) | Period: 7.2687
Found 6 valid OD pairs for R1C1_C
Generating focused traffic: Period 7.2687s
[INFO] Subscriptions active: 6 (libsumo, fast mode)
[INFO] Episode duration: 900s (15 min)

[DEBUG] 🎯 Célzott Forgalom Generálása (R1C1_C) | Period: 4.3654
Found 6 valid OD pairs for R1C1_C
Generating focused traffic: Period 4.3654s
[INFO] Subscriptions active: 6 (libsumo, fast mode)
[INFO] Episode duration: 1800s (30 min)

[DEBUG] 🎯 Célzott Forgalom Generálása (R1C1_C) | Period: 4.6779
Found 6 valid OD pairs for R1C1_C
Generating focused traffic: Period 4.6779s
[INFO] Subscriptions active: 6 (libsumo, fast mode)
[INFO] Episode duration: 900s (15 min)

[DEBUG] 🎯 Célzott Forgalom Generálása (R1C1_C) | Period: 6.6041
Found 6 valid OD pairs for R1C1_C
Generating focused traffic: Period 6.6041s
[INFO] Subscriptions active: 6 (libsumo, fast mode)
[INFO] Episode duration: 1800s (30 min)

[DEBUG] 🎯 Célzott Forgalom Generálása (R1C1_C) | Period: 6.8734
Found 6 valid OD pairs for R1C1_C
Generating focused traffic: Period 6.8734s
[INFO] Subscriptions active: 6 (libsumo, fast mode)
[INFO] Episode duration: 1800s (30 min)

[DEBUG] 🎯 Célzott Forgalom Generálása (R1C1_C) | Period: 5.6831
Found 6 valid OD pairs for R1C1_C
Generating focused traffic: Period 5.6831s
[INFO] Subscriptions active: 6 (libsumo, fast mode)
[INFO] Episode duration: 3600s (60 min)

[DEBUG] 🎯 Célzott Forgalom Generálása (R1C1_C) | Period: 5.2015
Found 6 valid OD pairs for R1C1_C
Generating focused traffic: Period 5.2015s
[INFO] Subscriptions active: 6 (libsumo, fast mode)
[INFO] Episode duration: 1800s (30 min)

[DEBUG] 🎯 Célzott Forgalom Generálása (R1C1_C) | Period: 7.7386
Found 6 valid OD pairs for R1C1_C
Generating focused traffic: Period 7.7386s
[INFO] Subscriptions active: 6 (libsumo, fast mode)
[INFO] Episode duration: 900s (15 min)

[DEBUG] 🎯 Célzott Forgalom Generálása (R1C1_C) | Period: 4.5685
Found 6 valid OD pairs for R1C1_C
Generating focused traffic: Period 4.5685s
[INFO] Subscriptions active: 6 (libsumo, fast mode)
[INFO] Episode duration: 2700s (45 min)

[DEBUG] 🎯 Célzott Forgalom Generálása (R1C1_C) | Period: 7.6465
Found 6 valid OD pairs for R1C1_C
Generating focused traffic: Period 7.6465s
[INFO] Subscriptions active: 6 (libsumo, fast mode)
[INFO] Episode duration: 1800s (30 min)

[DEBUG] 🎯 Célzott Forgalom Generálása (R1C1_C) | Period: 5.3036
Found 6 valid OD pairs for R1C1_C
Generating focused traffic: Period 5.3036s
[INFO] Subscriptions active: 6 (libsumo, fast mode)
[INFO] Episode duration: 2700s (45 min)

[DEBUG] 🎯 Célzott Forgalom Generálása (R1C1_C) | Period: 7.5383
Found 6 valid OD pairs for R1C1_C
Generating focused traffic: Period 7.5383s
[INFO] Subscriptions active: 6 (libsumo, fast mode)
[INFO] Episode duration: 2700s (45 min)

[DEBUG] 🎯 Célzott Forgalom Generálása (R1C1_C) | Period: 6.9079
Found 6 valid OD pairs for R1C1_C
Generating focused traffic: Period 6.9079s
[INFO] Subscriptions active: 6 (libsumo, fast mode)
[INFO] Episode duration: 3600s (60 min)

[DEBUG] 🎯 Célzott Forgalom Generálása (R1C1_C) | Period: 7.8428
Found 6 valid OD pairs for R1C1_C
Generating focused traffic: Period 7.8428s
[INFO] Subscriptions active: 6 (libsumo, fast mode)
[INFO] Episode duration: 1800s (30 min)

[DEBUG] 🎯 Célzott Forgalom Generálása (R1C1_C) | Period: 7.4612
Found 6 valid OD pairs for R1C1_C
Generating focused traffic: Period 7.4612s
[INFO] Subscriptions active: 6 (libsumo, fast mode)
[INFO] Episode duration: 2700s (45 min)

[DEBUG] 🎯 Célzott Forgalom Generálása (R1C1_C) | Period: 4.0454
Found 6 valid OD pairs for R1C1_C
Generating focused traffic: Period 4.0454s
[INFO] Subscriptions active: 6 (libsumo, fast mode)
[INFO] Episode duration: 3600s (60 min)

[DEBUG] 🎯 Célzott Forgalom Generálása (R1C1_C) | Period: 7.5053
Found 6 valid OD pairs for R1C1_C
Generating focused traffic: Period 7.5053s
[INFO] Subscriptions active: 6 (libsumo, fast mode)
[INFO] Episode duration: 1800s (30 min)

[DEBUG] 🎯 Célzott Forgalom Generálása (R1C1_C) | Period: 7.6098
Found 6 valid OD pairs for R1C1_C
Generating focused traffic: Period 7.6098s
[INFO] Subscriptions active: 6 (libsumo, fast mode)
[INFO] Episode duration: 900s (15 min)

[DEBUG] 🎯 Célzott Forgalom Generálása (R1C1_C) | Period: 7.0773
Found 6 valid OD pairs for R1C1_C
Generating focused traffic: Period 7.0773s
[INFO] Subscriptions active: 6 (libsumo, fast mode)
[INFO] Episode duration: 2700s (45 min)

[DEBUG] 🎯 Célzott Forgalom Generálása (R1C1_C) | Period: 7.7155
Found 6 valid OD pairs for R1C1_C
Generating focused traffic: Period 7.7155s
[INFO] Subscriptions active: 6 (libsumo, fast mode)
[INFO] Episode duration: 900s (15 min)

[DEBUG] 🎯 Célzott Forgalom Generálása (R1C1_C) | Period: 4.4927
Found 6 valid OD pairs for R1C1_C
Generating focused traffic: Period 4.4927s
[INFO] Subscriptions active: 6 (libsumo, fast mode)
[INFO] Episode duration: 3600s (60 min)

[DEBUG] 🎯 Célzott Forgalom Generálása (R1C1_C) | Period: 6.7966
Found 6 valid OD pairs for R1C1_C
Generating focused traffic: Period 6.7966s
[INFO] Subscriptions active: 6 (libsumo, fast mode)
[INFO] Episode duration: 3600s (60 min)

[DEBUG] 🎯 Célzott Forgalom Generálása (R1C1_C) | Period: 7.0601
Found 6 valid OD pairs for R1C1_C
Generating focused traffic: Period 7.0601s
[INFO] Subscriptions active: 6 (libsumo, fast mode)
[INFO] Episode duration: 900s (15 min)

[DEBUG] 🎯 Célzott Forgalom Generálása (R1C1_C) | Period: 4.051
Found 6 valid OD pairs for R1C1_C
Generating focused traffic: Period 4.0510s
[INFO] Subscriptions active: 6 (libsumo, fast mode)
[INFO] Episode duration: 900s (15 min)

[DEBUG] 🎯 Célzott Forgalom Generálása (R1C1_C) | Period: 7.4565
Found 6 valid OD pairs for R1C1_C
Generating focused traffic: Period 7.4565s
[INFO] Subscriptions active: 6 (libsumo, fast mode)
[INFO] Episode duration: 2700s (45 min)

[DEBUG] 🎯 Célzott Forgalom Generálása (R1C1_C) | Period: 6.5864
Found 6 valid OD pairs for R1C1_C
Generating focused traffic: Period 6.5864s
[INFO] Subscriptions active: 6 (libsumo, fast mode)
------------------------------------------
| rollout/                |              |
|    ep_len_mean          | 416          |
|    ep_rew_mean          | 165          |
| time/                   |              |
|    fps                  | 112          |
|    iterations           | 10           |
|    time_elapsed         | 182          |
|    total_timesteps      | 20480        |
| train/                  |              |
|    approx_kl            | 0.0031743501 |
|    clip_fraction        | 0.0351       |
|    clip_range           | 0.2          |
|    entropy_loss         | -0.976       |
|    explained_variance   | 0.0162       |
|    learning_rate        | 0.0001       |
|    loss                 | 9.61         |
|    n_updates            | 90           |
|    policy_gradient_loss | -0.00204     |
|    value_loss           | 17.2         |
------------------------------------------
[INFO] Episode duration: 3600s (60 min)

[DEBUG] 🎯 Célzott Forgalom Generálása (R1C1_C) | Period: 4.0879
Found 6 valid OD pairs for R1C1_C
Generating focused traffic: Period 4.0879s
[INFO] Subscriptions active: 6 (libsumo, fast mode)
[INFO] Episode duration: 2700s (45 min)

[DEBUG] 🎯 Célzott Forgalom Generálása (R1C1_C) | Period: 6.8636
Found 6 valid OD pairs for R1C1_C
Generating focused traffic: Period 6.8636s
[INFO] Subscriptions active: 6 (libsumo, fast mode)
[INFO] Episode duration: 900s (15 min)

[DEBUG] 🎯 Célzott Forgalom Generálása (R1C1_C) | Period: 5.2582
Found 6 valid OD pairs for R1C1_C
Generating focused traffic: Period 5.2582s
[INFO] Subscriptions active: 6 (libsumo, fast mode)
[INFO] Episode duration: 900s (15 min)

[DEBUG] 🎯 Célzott Forgalom Generálása (R1C1_C) | Period: 7.2677
Found 6 valid OD pairs for R1C1_C
Generating focused traffic: Period 7.2677s
[INFO] Subscriptions active: 6 (libsumo, fast mode)
[INFO] Episode duration: 2700s (45 min)

[DEBUG] 🎯 Célzott Forgalom Generálása (R1C1_C) | Period: 5.7271
Found 6 valid OD pairs for R1C1_C
Generating focused traffic: Period 5.7271s
[INFO] Subscriptions active: 6 (libsumo, fast mode)
[INFO] Episode duration: 1800s (30 min)

[DEBUG] 🎯 Célzott Forgalom Generálása (R1C1_C) | Period: 7.9697
Found 6 valid OD pairs for R1C1_C
Generating focused traffic: Period 7.9697s
[INFO] Subscriptions active: 6 (libsumo, fast mode)
[INFO] Episode duration: 2700s (45 min)

[DEBUG] 🎯 Célzott Forgalom Generálása (R1C1_C) | Period: 4.0168
Found 6 valid OD pairs for R1C1_C
Generating focused traffic: Period 4.0168s
[INFO] Subscriptions active: 6 (libsumo, fast mode)
[INFO] Episode duration: 1800s (30 min)

[DEBUG] 🎯 Célzott Forgalom Generálása (R1C1_C) | Period: 6.0722
Found 6 valid OD pairs for R1C1_C
Generating focused traffic: Period 6.0722s
[INFO] Subscriptions active: 6 (libsumo, fast mode)
[INFO] Episode duration: 900s (15 min)

[DEBUG] 🎯 Célzott Forgalom Generálása (R1C1_C) | Period: 6.2212
Found 6 valid OD pairs for R1C1_C
Generating focused traffic: Period 6.2212s
[INFO] Subscriptions active: 6 (libsumo, fast mode)
[INFO] Episode duration: 1800s (30 min)

[DEBUG] 🎯 Célzott Forgalom Generálása (R1C1_C) | Period: 7.9571
Found 6 valid OD pairs for R1C1_C
Generating focused traffic: Period 7.9571s
[INFO] Subscriptions active: 6 (libsumo, fast mode)
[INFO] Episode duration: 3600s (60 min)

[DEBUG] 🎯 Célzott Forgalom Generálása (R1C1_C) | Period: 6.656
Found 6 valid OD pairs for R1C1_C
Generating focused traffic: Period 6.6560s
[INFO] Subscriptions active: 6 (libsumo, fast mode)
[INFO] Episode duration: 3600s (60 min)

[DEBUG] 🎯 Célzott Forgalom Generálása (R1C1_C) | Period: 7.4984
Found 6 valid OD pairs for R1C1_C
Generating focused traffic: Period 7.4984s
[INFO] Subscriptions active: 6 (libsumo, fast mode)
[INFO] Episode duration: 900s (15 min)

[DEBUG] 🎯 Célzott Forgalom Generálása (R1C1_C) | Period: 5.7649
Found 6 valid OD pairs for R1C1_C
Generating focused traffic: Period 5.7649s
[INFO] Subscriptions active: 6 (libsumo, fast mode)
[INFO] Episode duration: 3600s (60 min)

[DEBUG] 🎯 Célzott Forgalom Generálása (R1C1_C) | Period: 5.0365
Found 6 valid OD pairs for R1C1_C
Generating focused traffic: Period 5.0365s
[INFO] Subscriptions active: 6 (libsumo, fast mode)
[INFO] Episode duration: 1800s (30 min)

[DEBUG] 🎯 Célzott Forgalom Generálása (R1C1_C) | Period: 5.0188
Found 6 valid OD pairs for R1C1_C
Generating focused traffic: Period 5.0188s
[INFO] Subscriptions active: 6 (libsumo, fast mode)
[INFO] Episode duration: 2700s (45 min)

[DEBUG] 🎯 Célzott Forgalom Generálása (R1C1_C) | Period: 4.0008
Found 6 valid OD pairs for R1C1_C
Generating focused traffic: Period 4.0008s
[INFO] Subscriptions active: 6 (libsumo, fast mode)
[INFO] Episode duration: 3600s (60 min)

[DEBUG] 🎯 Célzott Forgalom Generálása (R1C1_C) | Period: 4.2685
Found 6 valid OD pairs for R1C1_C
Generating focused traffic: Period 4.2685s
[INFO] Subscriptions active: 6 (libsumo, fast mode)
[INFO] Episode duration: 1800s (30 min)

[DEBUG] 🎯 Célzott Forgalom Generálása (R1C1_C) | Period: 6.3744
Found 6 valid OD pairs for R1C1_C
Generating focused traffic: Period 6.3744s
[INFO] Subscriptions active: 6 (libsumo, fast mode)
[INFO] Episode duration: 3600s (60 min)

[DEBUG] 🎯 Célzott Forgalom Generálása (R1C1_C) | Period: 7.8188
Found 6 valid OD pairs for R1C1_C
Generating focused traffic: Period 7.8188s
[INFO] Subscriptions active: 6 (libsumo, fast mode)
[INFO] Episode duration: 2700s (45 min)

[DEBUG] 🎯 Célzott Forgalom Generálása (R1C1_C) | Period: 6.4668
Found 6 valid OD pairs for R1C1_C
Generating focused traffic: Period 6.4668s
[INFO] Subscriptions active: 6 (libsumo, fast mode)
[INFO] Episode duration: 1800s (30 min)

[DEBUG] 🎯 Célzott Forgalom Generálása (R1C1_C) | Period: 4.6948
Found 6 valid OD pairs for R1C1_C
Generating focused traffic: Period 4.6948s
[INFO] Subscriptions active: 6 (libsumo, fast mode)
[INFO] Episode duration: 3600s (60 min)

[DEBUG] 🎯 Célzott Forgalom Generálása (R1C1_C) | Period: 4.9884
Found 6 valid OD pairs for R1C1_C
Generating focused traffic: Period 4.9884s
[INFO] Subscriptions active: 6 (libsumo, fast mode)
[INFO] Episode duration: 3600s (60 min)

[DEBUG] 🎯 Célzott Forgalom Generálása (R1C1_C) | Period: 5.0186
Found 6 valid OD pairs for R1C1_C
Generating focused traffic: Period 5.0186s
[INFO] Subscriptions active: 6 (libsumo, fast mode)
[INFO] Episode duration: 1800s (30 min)

[DEBUG] 🎯 Célzott Forgalom Generálása (R1C1_C) | Period: 4.2229
Found 6 valid OD pairs for R1C1_C
Generating focused traffic: Period 4.2229s
[INFO] Subscriptions active: 6 (libsumo, fast mode)
[INFO] Episode duration: 900s (15 min)

[DEBUG] 🎯 Célzott Forgalom Generálása (R1C1_C) | Period: 4.4497
Found 6 valid OD pairs for R1C1_C
Generating focused traffic: Period 4.4497s
[INFO] Subscriptions active: 6 (libsumo, fast mode)
[INFO] Episode duration: 900s (15 min)

[DEBUG] 🎯 Célzott Forgalom Generálása (R1C1_C) | Period: 4.7169
Found 6 valid OD pairs for R1C1_C
Generating focused traffic: Period 4.7169s
[INFO] Subscriptions active: 6 (libsumo, fast mode)
[INFO] Episode duration: 2700s (45 min)

[DEBUG] 🎯 Célzott Forgalom Generálása (R1C1_C) | Period: 5.7712
Found 6 valid OD pairs for R1C1_C
Generating focused traffic: Period 5.7712s
[INFO] Subscriptions active: 6 (libsumo, fast mode)
[INFO] Episode duration: 3600s (60 min)

[DEBUG] 🎯 Célzott Forgalom Generálása (R1C1_C) | Period: 7.5571
Found 6 valid OD pairs for R1C1_C
Generating focused traffic: Period 7.5571s
[INFO] Subscriptions active: 6 (libsumo, fast mode)
[INFO] Episode duration: 3600s (60 min)

[DEBUG] 🎯 Célzott Forgalom Generálása (R1C1_C) | Period: 4.5202
Found 6 valid OD pairs for R1C1_C
Generating focused traffic: Period 4.5202s
[INFO] Subscriptions active: 6 (libsumo, fast mode)
[INFO] Episode duration: 2700s (45 min)

[DEBUG] 🎯 Célzott Forgalom Generálása (R1C1_C) | Period: 7.8504
Found 6 valid OD pairs for R1C1_C
Generating focused traffic: Period 7.8504s
[INFO] Subscriptions active: 6 (libsumo, fast mode)
[INFO] Episode duration: 3600s (60 min)

[DEBUG] 🎯 Célzott Forgalom Generálása (R1C1_C) | Period: 5.2456
Found 6 valid OD pairs for R1C1_C
Generating focused traffic: Period 5.2456s
[INFO] Subscriptions active: 6 (libsumo, fast mode)
[INFO] Episode duration: 900s (15 min)

[DEBUG] 🎯 Célzott Forgalom Generálása (R1C1_C) | Period: 4.8126
Found 6 valid OD pairs for R1C1_C
Generating focused traffic: Period 4.8126s
[INFO] Subscriptions active: 6 (libsumo, fast mode)
[INFO] Episode duration: 3600s (60 min)

[DEBUG] 🎯 Célzott Forgalom Generálása (R1C1_C) | Period: 6.1692
Found 6 valid OD pairs for R1C1_C
Generating focused traffic: Period 6.1692s
[INFO] Subscriptions active: 6 (libsumo, fast mode)
[INFO] Episode duration: 2700s (45 min)

[DEBUG] 🎯 Célzott Forgalom Generálása (R1C1_C) | Period: 6.9034
Found 6 valid OD pairs for R1C1_C
Generating focused traffic: Period 6.9034s
[INFO] Subscriptions active: 6 (libsumo, fast mode)
[INFO] Episode duration: 900s (15 min)

[DEBUG] 🎯 Célzott Forgalom Generálása (R1C1_C) | Period: 4.5577
Found 6 valid OD pairs for R1C1_C
Generating focused traffic: Period 4.5577s
[INFO] Subscriptions active: 6 (libsumo, fast mode)
[INFO] Episode duration: 900s (15 min)

[DEBUG] 🎯 Célzott Forgalom Generálása (R1C1_C) | Period: 6.2128
Found 6 valid OD pairs for R1C1_C
Generating focused traffic: Period 6.2128s
[INFO] Subscriptions active: 6 (libsumo, fast mode)
[INFO] Episode duration: 2700s (45 min)

[DEBUG] 🎯 Célzott Forgalom Generálása (R1C1_C) | Period: 4.0619
Found 6 valid OD pairs for R1C1_C
Generating focused traffic: Period 4.0619s
[INFO] Subscriptions active: 6 (libsumo, fast mode)
[INFO] Episode duration: 3600s (60 min)

[DEBUG] 🎯 Célzott Forgalom Generálása (R1C1_C) | Period: 4.4015
Found 6 valid OD pairs for R1C1_C
Generating focused traffic: Period 4.4015s
[INFO] Subscriptions active: 6 (libsumo, fast mode)
[INFO] Episode duration: 1800s (30 min)

[DEBUG] 🎯 Célzott Forgalom Generálása (R1C1_C) | Period: 6.5413
Found 6 valid OD pairs for R1C1_C
Generating focused traffic: Period 6.5413s
[INFO] Subscriptions active: 6 (libsumo, fast mode)
[INFO] Episode duration: 2700s (45 min)

[DEBUG] 🎯 Célzott Forgalom Generálása (R1C1_C) | Period: 6.9931
Found 6 valid OD pairs for R1C1_C
Generating focused traffic: Period 6.9931s
[INFO] Subscriptions active: 6 (libsumo, fast mode)
[INFO] Episode duration: 900s (15 min)

[DEBUG] 🎯 Célzott Forgalom Generálása (R1C1_C) | Period: 7.073
Found 6 valid OD pairs for R1C1_C
Generating focused traffic: Period 7.0730s
[INFO] Subscriptions active: 6 (libsumo, fast mode)
[INFO] Episode duration: 900s (15 min)

[DEBUG] 🎯 Célzott Forgalom Generálása (R1C1_C) | Period: 4.9012
Found 6 valid OD pairs for R1C1_C
Generating focused traffic: Period 4.9012s
[INFO] Subscriptions active: 6 (libsumo, fast mode)
[INFO] Episode duration: 900s (15 min)

[DEBUG] 🎯 Célzott Forgalom Generálása (R1C1_C) | Period: 7.0641
Found 6 valid OD pairs for R1C1_C
Generating focused traffic: Period 7.0641s
[INFO] Subscriptions active: 6 (libsumo, fast mode)
[INFO] Episode duration: 2700s (45 min)

[DEBUG] 🎯 Célzott Forgalom Generálása (R1C1_C) | Period: 5.9438
Found 6 valid OD pairs for R1C1_C
Generating focused traffic: Period 5.9438s
[INFO] Subscriptions active: 6 (libsumo, fast mode)
[INFO] Episode duration: 2700s (45 min)

[DEBUG] 🎯 Célzott Forgalom Generálása (R1C1_C) | Period: 4.2523
Found 6 valid OD pairs for R1C1_C
Generating focused traffic: Period 4.2523s
[INFO] Subscriptions active: 6 (libsumo, fast mode)
-----------------------------------------
| rollout/                |             |
|    ep_len_mean          | 439         |
|    ep_rew_mean          | 186         |
| time/                   |             |
|    fps                  | 110         |
|    iterations           | 20          |
|    time_elapsed         | 370         |
|    total_timesteps      | 40960       |
| train/                  |             |
|    approx_kl            | 0.001430187 |
|    clip_fraction        | 0.0154      |
|    clip_range           | 0.2         |
|    entropy_loss         | -0.299      |
|    explained_variance   | 0.00226     |
|    learning_rate        | 0.0001      |
|    loss                 | 10.2        |
|    n_updates            | 190         |
|    policy_gradient_loss | -0.000769   |
|    value_loss           | 26.9        |
-----------------------------------------
[INFO] Episode duration: 3600s (60 min)

[DEBUG] 🎯 Célzott Forgalom Generálása (R1C1_C) | Period: 7.5333
Found 6 valid OD pairs for R1C1_C
Generating focused traffic: Period 7.5333s
[INFO] Subscriptions active: 6 (libsumo, fast mode)
[INFO] Episode duration: 900s (15 min)

[DEBUG] 🎯 Célzott Forgalom Generálása (R1C1_C) | Period: 6.585
Found 6 valid OD pairs for R1C1_C
Generating focused traffic: Period 6.5850s
[INFO] Subscriptions active: 6 (libsumo, fast mode)
[INFO] Episode duration: 2700s (45 min)

[DEBUG] 🎯 Célzott Forgalom Generálása (R1C1_C) | Period: 6.9183
Found 6 valid OD pairs for R1C1_C
Generating focused traffic: Period 6.9183s
[INFO] Subscriptions active: 6 (libsumo, fast mode)
[INFO] Episode duration: 1800s (30 min)

[DEBUG] 🎯 Célzott Forgalom Generálása (R1C1_C) | Period: 4.3829
Found 6 valid OD pairs for R1C1_C
Generating focused traffic: Period 4.3829s
[INFO] Subscriptions active: 6 (libsumo, fast mode)
[INFO] Episode duration: 900s (15 min)

[DEBUG] 🎯 Célzott Forgalom Generálása (R1C1_C) | Period: 5.2419
Found 6 valid OD pairs for R1C1_C
Generating focused traffic: Period 5.2419s
[INFO] Subscriptions active: 6 (libsumo, fast mode)
[INFO] Episode duration: 3600s (60 min)

[DEBUG] 🎯 Célzott Forgalom Generálása (R1C1_C) | Period: 4.7544
Found 6 valid OD pairs for R1C1_C
Generating focused traffic: Period 4.7544s
[INFO] Subscriptions active: 6 (libsumo, fast mode)
[INFO] Episode duration: 3600s (60 min)

[DEBUG] 🎯 Célzott Forgalom Generálása (R1C1_C) | Period: 6.0509
Found 6 valid OD pairs for R1C1_C
Generating focused traffic: Period 6.0509s
[INFO] Subscriptions active: 6 (libsumo, fast mode)
[INFO] Episode duration: 900s (15 min)

[DEBUG] 🎯 Célzott Forgalom Generálása (R1C1_C) | Period: 6.7986
Found 6 valid OD pairs for R1C1_C
Generating focused traffic: Period 6.7986s
[INFO] Subscriptions active: 6 (libsumo, fast mode)
[INFO] Episode duration: 900s (15 min)

[DEBUG] 🎯 Célzott Forgalom Generálása (R1C1_C) | Period: 7.2031
Found 6 valid OD pairs for R1C1_C
Generating focused traffic: Period 7.2031s
[INFO] Subscriptions active: 6 (libsumo, fast mode)
[INFO] Episode duration: 900s (15 min)

[DEBUG] 🎯 Célzott Forgalom Generálása (R1C1_C) | Period: 4.1237
Found 6 valid OD pairs for R1C1_C
Generating focused traffic: Period 4.1237s
[INFO] Subscriptions active: 6 (libsumo, fast mode)
[INFO] Episode duration: 1800s (30 min)

[DEBUG] 🎯 Célzott Forgalom Generálása (R1C1_C) | Period: 7.8877
Found 6 valid OD pairs for R1C1_C
Generating focused traffic: Period 7.8877s
[INFO] Subscriptions active: 6 (libsumo, fast mode)
[INFO] Episode duration: 3600s (60 min)

[DEBUG] 🎯 Célzott Forgalom Generálása (R1C1_C) | Period: 6.5623
Found 6 valid OD pairs for R1C1_C
Generating focused traffic: Period 6.5623s
[INFO] Subscriptions active: 6 (libsumo, fast mode)
[INFO] Episode duration: 2700s (45 min)

[DEBUG] 🎯 Célzott Forgalom Generálása (R1C1_C) | Period: 5.7466
Found 6 valid OD pairs for R1C1_C
Generating focused traffic: Period 5.7466s
[INFO] Subscriptions active: 6 (libsumo, fast mode)
[INFO] Episode duration: 3600s (60 min)

[DEBUG] 🎯 Célzott Forgalom Generálása (R1C1_C) | Period: 4.5482
Found 6 valid OD pairs for R1C1_C
Generating focused traffic: Period 4.5482s
[INFO] Subscriptions active: 6 (libsumo, fast mode)
[INFO] Episode duration: 2700s (45 min)

[DEBUG] 🎯 Célzott Forgalom Generálása (R1C1_C) | Period: 6.0899
Found 6 valid OD pairs for R1C1_C
Generating focused traffic: Period 6.0899s
[INFO] Subscriptions active: 6 (libsumo, fast mode)
[INFO] Episode duration: 2700s (45 min)

[DEBUG] 🎯 Célzott Forgalom Generálása (R1C1_C) | Period: 4.0518
Found 6 valid OD pairs for R1C1_C
Generating focused traffic: Period 4.0518s
[INFO] Subscriptions active: 6 (libsumo, fast mode)
[INFO] Episode duration: 1800s (30 min)

[DEBUG] 🎯 Célzott Forgalom Generálása (R1C1_C) | Period: 5.532
Found 6 valid OD pairs for R1C1_C
Generating focused traffic: Period 5.5320s
[INFO] Subscriptions active: 6 (libsumo, fast mode)
[INFO] Episode duration: 3600s (60 min)

[DEBUG] 🎯 Célzott Forgalom Generálása (R1C1_C) | Period: 4.4668
Found 6 valid OD pairs for R1C1_C
Generating focused traffic: Period 4.4668s
[INFO] Subscriptions active: 6 (libsumo, fast mode)
[INFO] Episode duration: 1800s (30 min)

[DEBUG] 🎯 Célzott Forgalom Generálása (R1C1_C) | Period: 6.33
Found 6 valid OD pairs for R1C1_C
Generating focused traffic: Period 6.3300s
[INFO] Subscriptions active: 6 (libsumo, fast mode)
[INFO] Episode duration: 1800s (30 min)

[DEBUG] 🎯 Célzott Forgalom Generálása (R1C1_C) | Period: 5.4027
Found 6 valid OD pairs for R1C1_C
Generating focused traffic: Period 5.4027s
[INFO] Subscriptions active: 6 (libsumo, fast mode)
[INFO] Episode duration: 3600s (60 min)

[DEBUG] 🎯 Célzott Forgalom Generálása (R1C1_C) | Period: 7.1224
Found 6 valid OD pairs for R1C1_C
Generating focused traffic: Period 7.1224s
[INFO] Subscriptions active: 6 (libsumo, fast mode)
[INFO] Episode duration: 900s (15 min)

[DEBUG] 🎯 Célzott Forgalom Generálása (R1C1_C) | Period: 5.1528
Found 6 valid OD pairs for R1C1_C
Generating focused traffic: Period 5.1528s
[INFO] Subscriptions active: 6 (libsumo, fast mode)
[INFO] Episode duration: 2700s (45 min)

[DEBUG] 🎯 Célzott Forgalom Generálása (R1C1_C) | Period: 4.1893
Found 6 valid OD pairs for R1C1_C
Generating focused traffic: Period 4.1893s
[INFO] Subscriptions active: 6 (libsumo, fast mode)
[INFO] Episode duration: 2700s (45 min)

[DEBUG] 🎯 Célzott Forgalom Generálása (R1C1_C) | Period: 7.6993
Found 6 valid OD pairs for R1C1_C
Generating focused traffic: Period 7.6993s
[INFO] Subscriptions active: 6 (libsumo, fast mode)
[INFO] Episode duration: 1800s (30 min)

[DEBUG] 🎯 Célzott Forgalom Generálása (R1C1_C) | Period: 7.5829
Found 6 valid OD pairs for R1C1_C
Generating focused traffic: Period 7.5829s
[INFO] Subscriptions active: 6 (libsumo, fast mode)
[INFO] Episode duration: 3600s (60 min)

[DEBUG] 🎯 Célzott Forgalom Generálása (R1C1_C) | Period: 4.7763
Found 6 valid OD pairs for R1C1_C
Generating focused traffic: Period 4.7763s
[INFO] Subscriptions active: 6 (libsumo, fast mode)
[INFO] Episode duration: 2700s (45 min)

[DEBUG] 🎯 Célzott Forgalom Generálása (R1C1_C) | Period: 5.0837
Found 6 valid OD pairs for R1C1_C
Generating focused traffic: Period 5.0837s
[INFO] Subscriptions active: 6 (libsumo, fast mode)
[INFO] Episode duration: 900s (15 min)

[DEBUG] 🎯 Célzott Forgalom Generálása (R1C1_C) | Period: 5.7194
Found 6 valid OD pairs for R1C1_C
Generating focused traffic: Period 5.7194s
[INFO] Subscriptions active: 6 (libsumo, fast mode)
[INFO] Episode duration: 3600s (60 min)

[DEBUG] 🎯 Célzott Forgalom Generálása (R1C1_C) | Period: 4.8474
Found 6 valid OD pairs for R1C1_C
Generating focused traffic: Period 4.8474s
[INFO] Subscriptions active: 6 (libsumo, fast mode)
[INFO] Episode duration: 1800s (30 min)

[DEBUG] 🎯 Célzott Forgalom Generálása (R1C1_C) | Period: 4.136
Found 6 valid OD pairs for R1C1_C
Generating focused traffic: Period 4.1360s
[INFO] Subscriptions active: 6 (libsumo, fast mode)
[INFO] Episode duration: 2700s (45 min)

[DEBUG] 🎯 Célzott Forgalom Generálása (R1C1_C) | Period: 6.4654
Found 6 valid OD pairs for R1C1_C
Generating focused traffic: Period 6.4654s
[INFO] Subscriptions active: 6 (libsumo, fast mode)
[INFO] Episode duration: 3600s (60 min)

[DEBUG] 🎯 Célzott Forgalom Generálása (R1C1_C) | Period: 5.9
Found 6 valid OD pairs for R1C1_C
Generating focused traffic: Period 5.9000s
[INFO] Subscriptions active: 6 (libsumo, fast mode)
[INFO] Episode duration: 2700s (45 min)

[DEBUG] 🎯 Célzott Forgalom Generálása (R1C1_C) | Period: 5.1079
Found 6 valid OD pairs for R1C1_C
Generating focused traffic: Period 5.1079s
[INFO] Subscriptions active: 6 (libsumo, fast mode)
[INFO] Episode duration: 900s (15 min)

[DEBUG] 🎯 Célzott Forgalom Generálása (R1C1_C) | Period: 5.3555
Found 6 valid OD pairs for R1C1_C
Generating focused traffic: Period 5.3555s
[INFO] Subscriptions active: 6 (libsumo, fast mode)
[INFO] Episode duration: 3600s (60 min)

[DEBUG] 🎯 Célzott Forgalom Generálása (R1C1_C) | Period: 7.3234
Found 6 valid OD pairs for R1C1_C
Generating focused traffic: Period 7.3234s
[INFO] Subscriptions active: 6 (libsumo, fast mode)
[INFO] Episode duration: 3600s (60 min)

[DEBUG] 🎯 Célzott Forgalom Generálása (R1C1_C) | Period: 6.8963
Found 6 valid OD pairs for R1C1_C
Generating focused traffic: Period 6.8963s
[INFO] Subscriptions active: 6 (libsumo, fast mode)
[INFO] Episode duration: 3600s (60 min)

[DEBUG] 🎯 Célzott Forgalom Generálása (R1C1_C) | Period: 7.8832
Found 6 valid OD pairs for R1C1_C
Generating focused traffic: Period 7.8832s
[INFO] Subscriptions active: 6 (libsumo, fast mode)
[INFO] Episode duration: 2700s (45 min)

[DEBUG] 🎯 Célzott Forgalom Generálása (R1C1_C) | Period: 5.7515
Found 6 valid OD pairs for R1C1_C
Generating focused traffic: Period 5.7515s
[INFO] Subscriptions active: 6 (libsumo, fast mode)
[INFO] Episode duration: 2700s (45 min)

[DEBUG] 🎯 Célzott Forgalom Generálása (R1C1_C) | Period: 5.5439
Found 6 valid OD pairs for R1C1_C
Generating focused traffic: Period 5.5439s
[INFO] Subscriptions active: 6 (libsumo, fast mode)
[INFO] Episode duration: 2700s (45 min)

[DEBUG] 🎯 Célzott Forgalom Generálása (R1C1_C) | Period: 5.7274
Found 6 valid OD pairs for R1C1_C
Generating focused traffic: Period 5.7274s
[INFO] Subscriptions active: 6 (libsumo, fast mode)
[INFO] Episode duration: 1800s (30 min)

[DEBUG] 🎯 Célzott Forgalom Generálása (R1C1_C) | Period: 4.4518
Found 6 valid OD pairs for R1C1_C
Generating focused traffic: Period 4.4518s
[INFO] Subscriptions active: 6 (libsumo, fast mode)
------------------------------------------
| rollout/                |              |
|    ep_len_mean          | 477          |
|    ep_rew_mean          | 225          |
| time/                   |              |
|    fps                  | 109          |
|    iterations           | 30           |
|    time_elapsed         | 560          |
|    total_timesteps      | 61440        |
| train/                  |              |
|    approx_kl            | 0.0005796234 |
|    clip_fraction        | 0.00444      |
|    clip_range           | 0.2          |
|    entropy_loss         | -0.0534      |
|    explained_variance   | 0.0082       |
|    learning_rate        | 0.0001       |
|    loss                 | 44.7         |
|    n_updates            | 290          |
|    policy_gradient_loss | -0.00072     |
|    value_loss           | 23.5         |
------------------------------------------
[INFO] Episode duration: 2700s (45 min)

[DEBUG] 🎯 Célzott Forgalom Generálása (R1C1_C) | Period: 5.6392
Found 6 valid OD pairs for R1C1_C
Generating focused traffic: Period 5.6392s
[INFO] Subscriptions active: 6 (libsumo, fast mode)
[INFO] Episode duration: 900s (15 min)

[DEBUG] 🎯 Célzott Forgalom Generálása (R1C1_C) | Period: 5.0816
Found 6 valid OD pairs for R1C1_C
Generating focused traffic: Period 5.0816s
[INFO] Subscriptions active: 6 (libsumo, fast mode)
[INFO] Episode duration: 2700s (45 min)

[DEBUG] 🎯 Célzott Forgalom Generálása (R1C1_C) | Period: 7.6709
Found 6 valid OD pairs for R1C1_C
Generating focused traffic: Period 7.6709s
[INFO] Subscriptions active: 6 (libsumo, fast mode)
[INFO] Episode duration: 1800s (30 min)

[DEBUG] 🎯 Célzott Forgalom Generálása (R1C1_C) | Period: 7.3378
Found 6 valid OD pairs for R1C1_C
Generating focused traffic: Period 7.3378s
[INFO] Subscriptions active: 6 (libsumo, fast mode)
[INFO] Episode duration: 3600s (60 min)

[DEBUG] 🎯 Célzott Forgalom Generálása (R1C1_C) | Period: 6.8824
Found 6 valid OD pairs for R1C1_C
Generating focused traffic: Period 6.8824s
[INFO] Subscriptions active: 6 (libsumo, fast mode)
[INFO] Episode duration: 900s (15 min)

[DEBUG] 🎯 Célzott Forgalom Generálása (R1C1_C) | Period: 7.5048
Found 6 valid OD pairs for R1C1_C
Generating focused traffic: Period 7.5048s
[INFO] Subscriptions active: 6 (libsumo, fast mode)
[INFO] Episode duration: 900s (15 min)

[DEBUG] 🎯 Célzott Forgalom Generálása (R1C1_C) | Period: 6.2445
Found 6 valid OD pairs for R1C1_C
Generating focused traffic: Period 6.2445s
[INFO] Subscriptions active: 6 (libsumo, fast mode)
[INFO] Episode duration: 3600s (60 min)

[DEBUG] 🎯 Célzott Forgalom Generálása (R1C1_C) | Period: 6.1023
Found 6 valid OD pairs for R1C1_C
Generating focused traffic: Period 6.1023s
[INFO] Subscriptions active: 6 (libsumo, fast mode)
[INFO] Episode duration: 1800s (30 min)

[DEBUG] 🎯 Célzott Forgalom Generálása (R1C1_C) | Period: 5.6719
Found 6 valid OD pairs for R1C1_C
Generating focused traffic: Period 5.6719s
[INFO] Subscriptions active: 6 (libsumo, fast mode)
[INFO] Episode duration: 1800s (30 min)

[DEBUG] 🎯 Célzott Forgalom Generálása (R1C1_C) | Period: 5.3726
Found 6 valid OD pairs for R1C1_C
Generating focused traffic: Period 5.3726s
[INFO] Subscriptions active: 6 (libsumo, fast mode)
[INFO] Episode duration: 1800s (30 min)

[DEBUG] 🎯 Célzott Forgalom Generálása (R1C1_C) | Period: 6.2769
Found 6 valid OD pairs for R1C1_C
Generating focused traffic: Period 6.2769s
[INFO] Subscriptions active: 6 (libsumo, fast mode)
[INFO] Episode duration: 2700s (45 min)

[DEBUG] 🎯 Célzott Forgalom Generálása (R1C1_C) | Period: 4.0103
Found 6 valid OD pairs for R1C1_C
Generating focused traffic: Period 4.0103s
[INFO] Subscriptions active: 6 (libsumo, fast mode)
[INFO] Episode duration: 2700s (45 min)

[DEBUG] 🎯 Célzott Forgalom Generálása (R1C1_C) | Period: 4.1692
Found 6 valid OD pairs for R1C1_C
Generating focused traffic: Period 4.1692s
[INFO] Subscriptions active: 6 (libsumo, fast mode)
[INFO] Episode duration: 900s (15 min)

[DEBUG] 🎯 Célzott Forgalom Generálása (R1C1_C) | Period: 7.4001
Found 6 valid OD pairs for R1C1_C
Generating focused traffic: Period 7.4001s
[INFO] Subscriptions active: 6 (libsumo, fast mode)
[INFO] Episode duration: 3600s (60 min)

[DEBUG] 🎯 Célzott Forgalom Generálása (R1C1_C) | Period: 5.4765
Found 6 valid OD pairs for R1C1_C
Generating focused traffic: Period 5.4765s
[INFO] Subscriptions active: 6 (libsumo, fast mode)
[INFO] Episode duration: 2700s (45 min)

[DEBUG] 🎯 Célzott Forgalom Generálása (R1C1_C) | Period: 7.472
Found 6 valid OD pairs for R1C1_C
Generating focused traffic: Period 7.4720s
[INFO] Subscriptions active: 6 (libsumo, fast mode)
[INFO] Episode duration: 2700s (45 min)

[DEBUG] 🎯 Célzott Forgalom Generálása (R1C1_C) | Period: 4.5636
Found 6 valid OD pairs for R1C1_C
Generating focused traffic: Period 4.5636s
[INFO] Subscriptions active: 6 (libsumo, fast mode)
[INFO] Episode duration: 1800s (30 min)

[DEBUG] 🎯 Célzott Forgalom Generálása (R1C1_C) | Period: 7.9635
Found 6 valid OD pairs for R1C1_C
Generating focused traffic: Period 7.9635s
[INFO] Subscriptions active: 6 (libsumo, fast mode)
[INFO] Episode duration: 2700s (45 min)

[DEBUG] 🎯 Célzott Forgalom Generálása (R1C1_C) | Period: 7.2691
Found 6 valid OD pairs for R1C1_C
Generating focused traffic: Period 7.2691s
[INFO] Subscriptions active: 6 (libsumo, fast mode)
[INFO] Episode duration: 900s (15 min)

[DEBUG] 🎯 Célzott Forgalom Generálása (R1C1_C) | Period: 7.2092
Found 6 valid OD pairs for R1C1_C
Generating focused traffic: Period 7.2092s
[INFO] Subscriptions active: 6 (libsumo, fast mode)
[INFO] Episode duration: 1800s (30 min)

[DEBUG] 🎯 Célzott Forgalom Generálása (R1C1_C) | Period: 4.5691
Found 6 valid OD pairs for R1C1_C
Generating focused traffic: Period 4.5691s
[INFO] Subscriptions active: 6 (libsumo, fast mode)
[INFO] Episode duration: 1800s (30 min)

[DEBUG] 🎯 Célzott Forgalom Generálása (R1C1_C) | Period: 4.4243
Found 6 valid OD pairs for R1C1_C
Generating focused traffic: Period 4.4243s
[INFO] Subscriptions active: 6 (libsumo, fast mode)
[INFO] Episode duration: 3600s (60 min)

[DEBUG] 🎯 Célzott Forgalom Generálása (R1C1_C) | Period: 5.1538
Found 6 valid OD pairs for R1C1_C
Generating focused traffic: Period 5.1538s
[INFO] Subscriptions active: 6 (libsumo, fast mode)
[INFO] Episode duration: 2700s (45 min)

[DEBUG] 🎯 Célzott Forgalom Generálása (R1C1_C) | Period: 5.383
Found 6 valid OD pairs for R1C1_C
Generating focused traffic: Period 5.3830s
[INFO] Subscriptions active: 6 (libsumo, fast mode)
[INFO] Episode duration: 900s (15 min)

[DEBUG] 🎯 Célzott Forgalom Generálása (R1C1_C) | Period: 6.0657
Found 6 valid OD pairs for R1C1_C
Generating focused traffic: Period 6.0657s
[INFO] Subscriptions active: 6 (libsumo, fast mode)
[INFO] Episode duration: 1800s (30 min)

[DEBUG] 🎯 Célzott Forgalom Generálása (R1C1_C) | Period: 4.3706
Found 6 valid OD pairs for R1C1_C
Generating focused traffic: Period 4.3706s
[INFO] Subscriptions active: 6 (libsumo, fast mode)
[INFO] Episode duration: 3600s (60 min)

[DEBUG] 🎯 Célzott Forgalom Generálása (R1C1_C) | Period: 5.8685
Found 6 valid OD pairs for R1C1_C
Generating focused traffic: Period 5.8685s
[INFO] Subscriptions active: 6 (libsumo, fast mode)
[INFO] Episode duration: 1800s (30 min)

[DEBUG] 🎯 Célzott Forgalom Generálása (R1C1_C) | Period: 6.4472
Found 6 valid OD pairs for R1C1_C
Generating focused traffic: Period 6.4472s
[INFO] Subscriptions active: 6 (libsumo, fast mode)
[INFO] Episode duration: 2700s (45 min)

[DEBUG] 🎯 Célzott Forgalom Generálása (R1C1_C) | Period: 4.1582
Found 6 valid OD pairs for R1C1_C
Generating focused traffic: Period 4.1582s
[INFO] Subscriptions active: 6 (libsumo, fast mode)
[INFO] Episode duration: 2700s (45 min)

[DEBUG] 🎯 Célzott Forgalom Generálása (R1C1_C) | Period: 5.649
Found 6 valid OD pairs for R1C1_C
Generating focused traffic: Period 5.6490s
[INFO] Subscriptions active: 6 (libsumo, fast mode)
[INFO] Episode duration: 900s (15 min)

[DEBUG] 🎯 Célzott Forgalom Generálása (R1C1_C) | Period: 5.9276
Found 6 valid OD pairs for R1C1_C
Generating focused traffic: Period 5.9276s
[INFO] Subscriptions active: 6 (libsumo, fast mode)
[INFO] Episode duration: 1800s (30 min)

[DEBUG] 🎯 Célzott Forgalom Generálása (R1C1_C) | Period: 7.4236
Found 6 valid OD pairs for R1C1_C
Generating focused traffic: Period 7.4236s
[INFO] Subscriptions active: 6 (libsumo, fast mode)
[INFO] Episode duration: 900s (15 min)

[DEBUG] 🎯 Célzott Forgalom Generálása (R1C1_C) | Period: 5.6257
Found 6 valid OD pairs for R1C1_C
Generating focused traffic: Period 5.6257s
[INFO] Subscriptions active: 6 (libsumo, fast mode)
[INFO] Episode duration: 2700s (45 min)

[DEBUG] 🎯 Célzott Forgalom Generálása (R1C1_C) | Period: 7.06
Found 6 valid OD pairs for R1C1_C
Generating focused traffic: Period 7.0600s
[INFO] Subscriptions active: 6 (libsumo, fast mode)
[INFO] Episode duration: 3600s (60 min)

[DEBUG] 🎯 Célzott Forgalom Generálása (R1C1_C) | Period: 5.1759
Found 6 valid OD pairs for R1C1_C
Generating focused traffic: Period 5.1759s
[INFO] Subscriptions active: 6 (libsumo, fast mode)
[INFO] Episode duration: 1800s (30 min)

[DEBUG] 🎯 Célzott Forgalom Generálása (R1C1_C) | Period: 5.7173
Found 6 valid OD pairs for R1C1_C
Generating focused traffic: Period 5.7173s
[INFO] Subscriptions active: 6 (libsumo, fast mode)
[INFO] Episode duration: 1800s (30 min)

[DEBUG] 🎯 Célzott Forgalom Generálása (R1C1_C) | Period: 4.059
Found 6 valid OD pairs for R1C1_C
Generating focused traffic: Period 4.0590s
[INFO] Subscriptions active: 6 (libsumo, fast mode)
[INFO] Episode duration: 900s (15 min)

[DEBUG] 🎯 Célzott Forgalom Generálása (R1C1_C) | Period: 6.9714
Found 6 valid OD pairs for R1C1_C
Generating focused traffic: Period 6.9714s
[INFO] Subscriptions active: 6 (libsumo, fast mode)
[INFO] Episode duration: 1800s (30 min)

[DEBUG] 🎯 Célzott Forgalom Generálása (R1C1_C) | Period: 7.1138
Found 6 valid OD pairs for R1C1_C
Generating focused traffic: Period 7.1138s
[INFO] Subscriptions active: 6 (libsumo, fast mode)
[INFO] Episode duration: 900s (15 min)

[DEBUG] 🎯 Célzott Forgalom Generálása (R1C1_C) | Period: 6.1914
Found 6 valid OD pairs for R1C1_C
Generating focused traffic: Period 6.1914s
[INFO] Subscriptions active: 6 (libsumo, fast mode)
[INFO] Episode duration: 1800s (30 min)

[DEBUG] 🎯 Célzott Forgalom Generálása (R1C1_C) | Period: 5.6859
Found 6 valid OD pairs for R1C1_C
Generating focused traffic: Period 5.6859s
[INFO] Subscriptions active: 6 (libsumo, fast mode)
[INFO] Episode duration: 900s (15 min)

[DEBUG] 🎯 Célzott Forgalom Generálása (R1C1_C) | Period: 6.0964
Found 6 valid OD pairs for R1C1_C
Generating focused traffic: Period 6.0964s
[INFO] Subscriptions active: 6 (libsumo, fast mode)
[INFO] Episode duration: 1800s (30 min)

[DEBUG] 🎯 Célzott Forgalom Generálása (R1C1_C) | Period: 7.7687
Found 6 valid OD pairs for R1C1_C
Generating focused traffic: Period 7.7687s
[INFO] Subscriptions active: 6 (libsumo, fast mode)
[INFO] Episode duration: 900s (15 min)

[DEBUG] 🎯 Célzott Forgalom Generálása (R1C1_C) | Period: 6.5357
Found 6 valid OD pairs for R1C1_C
Generating focused traffic: Period 6.5357s
[INFO] Subscriptions active: 6 (libsumo, fast mode)
[INFO] Episode duration: 2700s (45 min)

[DEBUG] 🎯 Célzott Forgalom Generálása (R1C1_C) | Period: 6.7175
Found 6 valid OD pairs for R1C1_C
Generating focused traffic: Period 6.7175s
[INFO] Subscriptions active: 6 (libsumo, fast mode)
[INFO] Episode duration: 1800s (30 min)

[DEBUG] 🎯 Célzott Forgalom Generálása (R1C1_C) | Period: 6.8452
Found 6 valid OD pairs for R1C1_C
Generating focused traffic: Period 6.8452s
[INFO] Subscriptions active: 6 (libsumo, fast mode)
[INFO] Episode duration: 2700s (45 min)

[DEBUG] 🎯 Célzott Forgalom Generálása (R1C1_C) | Period: 6.1432
Found 6 valid OD pairs for R1C1_C
Generating focused traffic: Period 6.1432s
[INFO] Subscriptions active: 6 (libsumo, fast mode)
[INFO] Episode duration: 1800s (30 min)

[DEBUG] 🎯 Célzott Forgalom Generálása (R1C1_C) | Period: 4.368
Found 6 valid OD pairs for R1C1_C
Generating focused traffic: Period 4.3680s
[INFO] Subscriptions active: 6 (libsumo, fast mode)
[INFO] Episode duration: 1800s (30 min)

[DEBUG] 🎯 Célzott Forgalom Generálása (R1C1_C) | Period: 7.6639
Found 6 valid OD pairs for R1C1_C
Generating focused traffic: Period 7.6639s
[INFO] Subscriptions active: 6 (libsumo, fast mode)
[INFO] Episode duration: 2700s (45 min)

[DEBUG] 🎯 Célzott Forgalom Generálása (R1C1_C) | Period: 6.7159
Found 6 valid OD pairs for R1C1_C
Generating focused traffic: Period 6.7159s
[INFO] Subscriptions active: 6 (libsumo, fast mode)
-------------------------------------------
| rollout/                |               |
|    ep_len_mean          | 441           |
|    ep_rew_mean          | 225           |
| time/                   |               |
|    fps                  | 109           |
|    iterations           | 40            |
|    time_elapsed         | 748           |
|    total_timesteps      | 81920         |
| train/                  |               |
|    approx_kl            | 0.00018598745 |
|    clip_fraction        | 0.00234       |
|    clip_range           | 0.2           |
|    entropy_loss         | -0.0473       |
|    explained_variance   | 0.0441        |
|    learning_rate        | 0.0001        |
|    loss                 | 39.6          |
|    n_updates            | 390           |
|    policy_gradient_loss | -9.15e-05     |
|    value_loss           | 41.5          |
-------------------------------------------
[INFO] Episode duration: 2700s (45 min)

[DEBUG] 🎯 Célzott Forgalom Generálása (R1C1_C) | Period: 6.2473
Found 6 valid OD pairs for R1C1_C
Generating focused traffic: Period 6.2473s
[INFO] Subscriptions active: 6 (libsumo, fast mode)
[INFO] Episode duration: 3600s (60 min)

[DEBUG] 🎯 Célzott Forgalom Generálása (R1C1_C) | Period: 5.494
Found 6 valid OD pairs for R1C1_C
Generating focused traffic: Period 5.4940s
[INFO] Subscriptions active: 6 (libsumo, fast mode)
[INFO] Episode duration: 1800s (30 min)

[DEBUG] 🎯 Célzott Forgalom Generálása (R1C1_C) | Period: 4.696
Found 6 valid OD pairs for R1C1_C
Generating focused traffic: Period 4.6960s
[INFO] Subscriptions active: 6 (libsumo, fast mode)
[INFO] Episode duration: 3600s (60 min)

[DEBUG] 🎯 Célzott Forgalom Generálása (R1C1_C) | Period: 7.5838
Found 6 valid OD pairs for R1C1_C
Generating focused traffic: Period 7.5838s
[INFO] Subscriptions active: 6 (libsumo, fast mode)
[INFO] Episode duration: 900s (15 min)

[DEBUG] 🎯 Célzott Forgalom Generálása (R1C1_C) | Period: 7.4134
Found 6 valid OD pairs for R1C1_C
Generating focused traffic: Period 7.4134s
[INFO] Subscriptions active: 6 (libsumo, fast mode)
[INFO] Episode duration: 900s (15 min)

[DEBUG] 🎯 Célzott Forgalom Generálása (R1C1_C) | Period: 6.4911
Found 6 valid OD pairs for R1C1_C
Generating focused traffic: Period 6.4911s
[INFO] Subscriptions active: 6 (libsumo, fast mode)
[INFO] Episode duration: 900s (15 min)

[DEBUG] 🎯 Célzott Forgalom Generálása (R1C1_C) | Period: 5.8022
Found 6 valid OD pairs for R1C1_C
Generating focused traffic: Period 5.8022s
[INFO] Subscriptions active: 6 (libsumo, fast mode)
[INFO] Episode duration: 2700s (45 min)

[DEBUG] 🎯 Célzott Forgalom Generálása (R1C1_C) | Period: 7.5979
Found 6 valid OD pairs for R1C1_C
Generating focused traffic: Period 7.5979s
[INFO] Subscriptions active: 6 (libsumo, fast mode)
[INFO] Episode duration: 900s (15 min)

[DEBUG] 🎯 Célzott Forgalom Generálása (R1C1_C) | Period: 7.0613
Found 6 valid OD pairs for R1C1_C
Generating focused traffic: Period 7.0613s
[INFO] Subscriptions active: 6 (libsumo, fast mode)
[INFO] Episode duration: 3600s (60 min)

[DEBUG] 🎯 Célzott Forgalom Generálása (R1C1_C) | Period: 6.3689
Found 6 valid OD pairs for R1C1_C
Generating focused traffic: Period 6.3689s
[INFO] Subscriptions active: 6 (libsumo, fast mode)
[INFO] Episode duration: 900s (15 min)

[DEBUG] 🎯 Célzott Forgalom Generálása (R1C1_C) | Period: 4.2814
Found 6 valid OD pairs for R1C1_C
Generating focused traffic: Period 4.2814s
[INFO] Subscriptions active: 6 (libsumo, fast mode)
[INFO] Episode duration: 3600s (60 min)

[DEBUG] 🎯 Célzott Forgalom Generálása (R1C1_C) | Period: 4.4821
Found 6 valid OD pairs for R1C1_C
Generating focused traffic: Period 4.4821s
[INFO] Subscriptions active: 6 (libsumo, fast mode)
[INFO] Episode duration: 2700s (45 min)

[DEBUG] 🎯 Célzott Forgalom Generálása (R1C1_C) | Period: 6.8053
Found 6 valid OD pairs for R1C1_C
Generating focused traffic: Period 6.8053s
[INFO] Subscriptions active: 6 (libsumo, fast mode)
[INFO] Episode duration: 3600s (60 min)

[DEBUG] 🎯 Célzott Forgalom Generálása (R1C1_C) | Period: 4.472
Found 6 valid OD pairs for R1C1_C
Generating focused traffic: Period 4.4720s
[INFO] Subscriptions active: 6 (libsumo, fast mode)
[INFO] Episode duration: 900s (15 min)

[DEBUG] 🎯 Célzott Forgalom Generálása (R1C1_C) | Period: 5.6624
Found 6 valid OD pairs for R1C1_C
Generating focused traffic: Period 5.6624s
[INFO] Subscriptions active: 6 (libsumo, fast mode)
[INFO] Episode duration: 3600s (60 min)

[DEBUG] 🎯 Célzott Forgalom Generálása (R1C1_C) | Period: 6.497
Found 6 valid OD pairs for R1C1_C
Generating focused traffic: Period 6.4970s
[INFO] Subscriptions active: 6 (libsumo, fast mode)
[INFO] Episode duration: 1800s (30 min)

[DEBUG] 🎯 Célzott Forgalom Generálása (R1C1_C) | Period: 6.3783
Found 6 valid OD pairs for R1C1_C
Generating focused traffic: Period 6.3783s
[INFO] Subscriptions active: 6 (libsumo, fast mode)
[INFO] Episode duration: 1800s (30 min)

[DEBUG] 🎯 Célzott Forgalom Generálása (R1C1_C) | Period: 4.1279
Found 6 valid OD pairs for R1C1_C
Generating focused traffic: Period 4.1279s
[INFO] Subscriptions active: 6 (libsumo, fast mode)
[INFO] Episode duration: 3600s (60 min)

[DEBUG] 🎯 Célzott Forgalom Generálása (R1C1_C) | Period: 4.2411
Found 6 valid OD pairs for R1C1_C
Generating focused traffic: Period 4.2411s
[INFO] Subscriptions active: 6 (libsumo, fast mode)
[INFO] Episode duration: 1800s (30 min)

[DEBUG] 🎯 Célzott Forgalom Generálása (R1C1_C) | Period: 6.6024
Found 6 valid OD pairs for R1C1_C
Generating focused traffic: Period 6.6024s
[INFO] Subscriptions active: 6 (libsumo, fast mode)
[INFO] Episode duration: 2700s (45 min)

[DEBUG] 🎯 Célzott Forgalom Generálása (R1C1_C) | Period: 6.8085
Found 6 valid OD pairs for R1C1_C
Generating focused traffic: Period 6.8085s
[INFO] Subscriptions active: 6 (libsumo, fast mode)
[INFO] Episode duration: 1800s (30 min)

[DEBUG] 🎯 Célzott Forgalom Generálása (R1C1_C) | Period: 5.6733
Found 6 valid OD pairs for R1C1_C
Generating focused traffic: Period 5.6733s
[INFO] Subscriptions active: 6 (libsumo, fast mode)
[INFO] Episode duration: 1800s (30 min)

[DEBUG] 🎯 Célzott Forgalom Generálása (R1C1_C) | Period: 7.3015
Found 6 valid OD pairs for R1C1_C
Generating focused traffic: Period 7.3015s
[INFO] Subscriptions active: 6 (libsumo, fast mode)
[INFO] Episode duration: 3600s (60 min)

[DEBUG] 🎯 Célzott Forgalom Generálása (R1C1_C) | Period: 5.7514
Found 6 valid OD pairs for R1C1_C
Generating focused traffic: Period 5.7514s
[INFO] Subscriptions active: 6 (libsumo, fast mode)
[INFO] Episode duration: 3600s (60 min)

[DEBUG] 🎯 Célzott Forgalom Generálása (R1C1_C) | Period: 4.1031
Found 6 valid OD pairs for R1C1_C
Generating focused traffic: Period 4.1031s
[INFO] Subscriptions active: 6 (libsumo, fast mode)
[INFO] Episode duration: 900s (15 min)

[DEBUG] 🎯 Célzott Forgalom Generálása (R1C1_C) | Period: 6.9912
Found 6 valid OD pairs for R1C1_C
Generating focused traffic: Period 6.9912s
[INFO] Subscriptions active: 6 (libsumo, fast mode)
[INFO] Episode duration: 900s (15 min)

[DEBUG] 🎯 Célzott Forgalom Generálása (R1C1_C) | Period: 6.9713
Found 6 valid OD pairs for R1C1_C
Generating focused traffic: Period 6.9713s
[INFO] Subscriptions active: 6 (libsumo, fast mode)
[INFO] Episode duration: 2700s (45 min)

[DEBUG] 🎯 Célzott Forgalom Generálása (R1C1_C) | Period: 7.5631
Found 6 valid OD pairs for R1C1_C
Generating focused traffic: Period 7.5631s
[INFO] Subscriptions active: 6 (libsumo, fast mode)
[INFO] Episode duration: 2700s (45 min)

[DEBUG] 🎯 Célzott Forgalom Generálása (R1C1_C) | Period: 5.0558
Found 6 valid OD pairs for R1C1_C
Generating focused traffic: Period 5.0558s
[INFO] Subscriptions active: 6 (libsumo, fast mode)
[INFO] Episode duration: 900s (15 min)

[DEBUG] 🎯 Célzott Forgalom Generálása (R1C1_C) | Period: 6.8026
Found 6 valid OD pairs for R1C1_C
Generating focused traffic: Period 6.8026s
[INFO] Subscriptions active: 6 (libsumo, fast mode)
[INFO] Episode duration: 900s (15 min)

[DEBUG] 🎯 Célzott Forgalom Generálása (R1C1_C) | Period: 5.4466
Found 6 valid OD pairs for R1C1_C
Generating focused traffic: Period 5.4466s
[INFO] Subscriptions active: 6 (libsumo, fast mode)
[INFO] Episode duration: 900s (15 min)

[DEBUG] 🎯 Célzott Forgalom Generálása (R1C1_C) | Period: 7.2866
Found 6 valid OD pairs for R1C1_C
Generating focused traffic: Period 7.2866s
[INFO] Subscriptions active: 6 (libsumo, fast mode)
[INFO] Episode duration: 3600s (60 min)

[DEBUG] 🎯 Célzott Forgalom Generálása (R1C1_C) | Period: 6.9091
Found 6 valid OD pairs for R1C1_C
Generating focused traffic: Period 6.9091s
[INFO] Subscriptions active: 6 (libsumo, fast mode)
[INFO] Episode duration: 1800s (30 min)

[DEBUG] 🎯 Célzott Forgalom Generálása (R1C1_C) | Period: 5.0172
Found 6 valid OD pairs for R1C1_C
Generating focused traffic: Period 5.0172s
[INFO] Subscriptions active: 6 (libsumo, fast mode)
[INFO] Episode duration: 2700s (45 min)
wandb: WARNING Symlinked 1 file into the W&B run directory; call wandb.save again to sync new files.
/Users/wagnertamas/Documents/Munka/cikkek/AI_agens_konyvtar/support/intergreen_matrix_calculator/rl_trainer.py:857: UserWarning: Exporting a model while it is in training mode. Please ensure that this is intended, as it may lead to different behavior during inference. Calling model.eval() before export is recommended.
  torch.onnx.export(
/Users/wagnertamas/Documents/Munka/cikkek/AI_agens_konyvtar/support/intergreen_matrix_calculator/rl_trainer.py:857: UserWarning: # 'dynamic_axes' is not recommended when dynamo=True, and may lead to 'torch._dynamo.exc.UserError: Constraints violated.' Supply the 'dynamic_shapes' argument instead if export is unsuccessful.
  torch.onnx.export(
wandb: updating run metadata
wandb: uploading wandb-summary.json; uploading config.yaml; uploading pytorch_models/R1C1_C.zip; uploading output.log
wandb: uploading config.yaml; uploading pytorch_models/R1C1_C.zip; uploading output.log
wandb: uploading pytorch_models/R1C1_C.zip
wandb: uploading history steps 997-1002, summary, console lines 1459-1475
wandb: 
wandb: Run history:
wandb:         R1C1_C/action_pct/phase_0 █▇▆█▇▇▇▅▆▆▄▄▃▃▃▂▂▂▁▂▁▁▁▁▁▁▁▁▁▁▁▁▁▁▁▁▂▁▁▁
wandb:         R1C1_C/action_pct/phase_1 █▇▆▅▇▅▄▄▄▃▂▃▃▂▂▂▂▁▂▁▂▁▁▁▁▁▁▁▁▁▁▁▁▁▁▁▁
wandb:         R1C1_C/action_pct/phase_2 ██▇▆▆▅▄▄▄▃▃▃▃▃▃▂▁▂▂▁▁▁▁▁▁▁▁▁▁▁▁▁▁▁▁▁
wandb:         R1C1_C/action_pct/phase_3 ▁▂▃▃▂▃▄▅▅▆▆▆▆▇▇▇▇█▇█████████████████████
wandb:         R1C1_C/train/entropy_loss ▁▁▁▂▂▂▃▃▃▄▄▄▅▆▆▇▇▇▇▇████████████████████
wandb:        R1C1_C/train/learning_rate ▁▁▁▁▁▁▁▁▁▁▁▁▁▁▁▁▁▁▁▁▁▁▁▁▁▁▁▁▁▁▁▁▁▁▁▁▁▁▁▁
wandb:                 R1C1_C/train/loss ▁▁▁▁▁▁▁▁▄▄▂▁▁▅▂▂▂▄▄▅██▁▁▁▁▅▅▁▁▁▇▁▁▁▁▁▂▂▃
wandb: R1C1_C/train/policy_gradient_loss ▁▁▂▅▄▂▁▅▇▆▆▆▆▆▆▇▇▇▇▇█▇▇▇██████▇▇█▆▆▆▇▇▇▇
wandb:           R1C1_C/train/value_loss ▁▁▁▁▁▂▂▃▃▄▃▃▃▄▄▄▃▄▄▅▄▄▅▆▆▄▄▇▇▇▅▅▇▇█▅▅▇▅▇
wandb:                        avg_reward ▅▆▄▁▃▃▇▂▅▄▄▃▁▄▇▃▄▇▄▇▇▇▆▆▇▅▇▆▅▅▅▅▇█▃▅▇▅▅▆
wandb:                                +9 ...
wandb: 
wandb: Run summary:
wandb:         R1C1_C/action_pct/phase_0 0.18519
wandb:         R1C1_C/action_pct/phase_1 0.18519
wandb:         R1C1_C/action_pct/phase_2 0.27778
wandb:         R1C1_C/action_pct/phase_3 99.72222
wandb:         R1C1_C/train/entropy_loss -0.039
wandb:        R1C1_C/train/learning_rate 0.0001
wandb:                 R1C1_C/train/loss 10.41985
wandb: R1C1_C/train/policy_gradient_loss -0.00074
wandb:           R1C1_C/train/value_loss 35.51671
wandb:                        avg_reward 0.50986
wandb:                                +9 ...
wandb: 
wandb: 🚀 View run ppo_co2_speedstd_3x64_2_R1C1_C at: https://wandb.ai/wagnertamas-budapesti-m-szaki-s-gazdas-gtudom-nyi-egyetem/sumo-rl-stat/runs/e02k4u60
wandb: ⭐️ View project at: https://wandb.ai/wagnertamas-budapesti-m-szaki-s-gazdas-gtudom-nyi-egyetem/sumo-rl-stat
wandb: Synced 5 W&B file(s), 0 media file(s), 0 artifact file(s) and 1 other file(s)
wandb: Find logs at: ./wandb/run-20260322_005923-e02k4u60/logs

[DEBUG] 🎯 Célzott Forgalom Generálása (R1C1_C) | Period: 6.5552
Found 6 valid OD pairs for R1C1_C
Generating focused traffic: Period 6.5552s
[INFO] Subscriptions active: 6 (libsumo, fast mode)
[INFO] Episode duration: 900s (15 min)

[DEBUG] 🎯 Célzott Forgalom Generálása (R1C1_C) | Period: 7.5844
Found 6 valid OD pairs for R1C1_C
Generating focused traffic: Period 7.5844s
[INFO] Subscriptions active: 6 (libsumo, fast mode)
[INFO] Episode duration: 2700s (45 min)

[DEBUG] 🎯 Célzott Forgalom Generálása (R1C1_C) | Period: 7.552
Found 6 valid OD pairs for R1C1_C
Generating focused traffic: Period 7.5520s
[INFO] Subscriptions active: 6 (libsumo, fast mode)
[INFO] Episode duration: 1800s (30 min)

[DEBUG] 🎯 Célzott Forgalom Generálása (R1C1_C) | Period: 7.0973
Found 6 valid OD pairs for R1C1_C
Generating focused traffic: Period 7.0973s
[INFO] Subscriptions active: 6 (libsumo, fast mode)
[INFO] Episode duration: 3600s (60 min)

[DEBUG] 🎯 Célzott Forgalom Generálása (R1C1_C) | Period: 6.6929
Found 6 valid OD pairs for R1C1_C
Generating focused traffic: Period 6.6929s
[INFO] Subscriptions active: 6 (libsumo, fast mode)
[INFO] Episode duration: 1800s (30 min)

[DEBUG] 🎯 Célzott Forgalom Generálása (R1C1_C) | Period: 4.8643
Found 6 valid OD pairs for R1C1_C
Generating focused traffic: Period 4.8643s
[INFO] Subscriptions active: 6 (libsumo, fast mode)
[INFO] Episode duration: 1800s (30 min)

[DEBUG] 🎯 Célzott Forgalom Generálása (R1C1_C) | Period: 5.8621
Found 6 valid OD pairs for R1C1_C
Generating focused traffic: Period 5.8621s
[INFO] Subscriptions active: 6 (libsumo, fast mode)
[INFO] Episode duration: 3600s (60 min)

[DEBUG] 🎯 Célzott Forgalom Generálása (R1C1_C) | Period: 6.5716
Found 6 valid OD pairs for R1C1_C
Generating focused traffic: Period 6.5716s
[INFO] Subscriptions active: 6 (libsumo, fast mode)
On-policy training completed.
Closing environment and EXPORTING models...
Saving PyTorch ZIP models to /Users/wagnertamas/Documents/Munka/cikkek/AI_agens_konyvtar/support/intergreen_matrix_calculator/data/runs/pytorch_models...
Saved PyTorch R1C1_C to /Users/wagnertamas/Documents/Munka/cikkek/AI_agens_konyvtar/support/intergreen_matrix_calculator/data/runs/pytorch_models/R1C1_C.zip
Exporting ONNX models to /Users/wagnertamas/Documents/Munka/cikkek/AI_agens_konyvtar/support/intergreen_matrix_calculator/data/runs/onnx_models...
Failed to export R1C1_C: # Failed to convert 'dynamic_axes' to 'dynamic_shapes'. Please provide 'dynamic_shapes' directly. Refer to the documentation for 'torch.export.export' for more information on dynamic shapes.
Cleanup done.
