wandb: [wandb.login()] Loaded credentials for https://api.wandb.ai from /Users/wagnertamas/.netrc.
wandb: Currently logged in as: wagnertamas (wagnertamas-budapesti-m-szaki-s-gazdas-gtudom-nyi-egyetem) to https://api.wandb.ai. Use `wandb login --relogin` to force relogin
wandb: setting up run k0c9uzjg
wandb: Tracking run with wandb version 0.25.0
wandb: Run data is saved locally in /Users/wagnertamas/Documents/Munka/cikkek/AI_agens_konyvtar/support/intergreen_matrix_calculator/wandb/run-20260322_002925-k0c9uzjg
wandb: Run `wandb offline` to turn off syncing.
wandb: Syncing run ppo_co2_speedstd_2x128_2_R1C1_C
wandb: ⭐️ View project at https://wandb.ai/wagnertamas-budapesti-m-szaki-s-gazdas-gtudom-nyi-egyetem/sumo-rl-stat
wandb: 🚀 View run at https://wandb.ai/wagnertamas-budapesti-m-szaki-s-gazdas-gtudom-nyi-egyetem/sumo-rl-stat/runs/k0c9uzjg
[INFO] Config: training_config.yaml
[INFO] Net: /Users/wagnertamas/Documents/Munka/cikkek/AI_agens_konyvtar/support/intergreen_matrix_calculator/data/mega_catalogue_v2.net.xml
[INFO] Timesteps: 100000 | Project: sumo-rl-stat
[INFO] Junction: R1C1_C
[INFO] Algorithm: ppo | Reward: co2_speedstd
[INFO] Load model: None (fresh)
[INFO] Traffic: random target+spread (epizódonként)
Initializing Environment (algorithm=ppo, reward=co2_speedstd)...
[INFO] Algorithm: ppo (on_policy)
[INFO] Reward mode: co2_speedstd
WandB config applied (Sweep compatible).
[INFO] Junction reward params auto-loaded from /Users/wagnertamas/Documents/Munka/cikkek/AI_agens_konyvtar/support/intergreen_matrix_calculator/data/junction_reward_params.json
[INFO] Using 'libsumo' (fast headless mode, OS=darwin).
Starting SUMO...
[INFO] Episode duration: 1800s (30 min)

[DEBUG] 🎯 Célzott Forgalom Generálása (R1C1_C) | Period: 4.8822
Found 6 valid OD pairs for R1C1_C
Generating focused traffic: Period 4.8822s
[INFO] Network mapped: 1 agents, 3 detectors, 3 lanes
[INFO] Subscriptions active: 6 (libsumo, fast mode)
Agents discovered: ['R1C1_C']
[INFO] RL device: mps
[INFO] On-policy training: ppo → R1C1_C
Using mps device
Wrapping the env with a `Monitor` wrapper
Wrapping the env in a DummyVecEnv.
Starting on-policy training: 100000 timesteps...
[INFO] Episode duration: 900s (15 min)

[DEBUG] 🎯 Célzott Forgalom Generálása (R1C1_C) | Period: 7.4456
Found 6 valid OD pairs for R1C1_C
Generating focused traffic: Period 7.4456s
[INFO] Subscriptions active: 6 (libsumo, fast mode)
Logging to /Users/wagnertamas/Documents/Munka/cikkek/AI_agens_konyvtar/support/intergreen_matrix_calculator/data/runs/sumo-rl-stat/R1C1_C/PPO_165
[INFO] Episode duration: 900s (15 min)

[DEBUG] 🎯 Célzott Forgalom Generálása (R1C1_C) | Period: 5.4786
Found 6 valid OD pairs for R1C1_C
Generating focused traffic: Period 5.4786s
[INFO] Subscriptions active: 6 (libsumo, fast mode)
[INFO] Episode duration: 2700s (45 min)

[DEBUG] 🎯 Célzott Forgalom Generálása (R1C1_C) | Period: 4.2818
Found 6 valid OD pairs for R1C1_C
Generating focused traffic: Period 4.2818s
[INFO] Subscriptions active: 6 (libsumo, fast mode)
[INFO] Episode duration: 1800s (30 min)

[DEBUG] 🎯 Célzott Forgalom Generálása (R1C1_C) | Period: 7.8201
Found 6 valid OD pairs for R1C1_C
Generating focused traffic: Period 7.8201s
[INFO] Subscriptions active: 6 (libsumo, fast mode)
[INFO] Episode duration: 900s (15 min)

[DEBUG] 🎯 Célzott Forgalom Generálása (R1C1_C) | Period: 6.5652
Found 6 valid OD pairs for R1C1_C
Generating focused traffic: Period 6.5652s
[INFO] Subscriptions active: 6 (libsumo, fast mode)
[INFO] Episode duration: 900s (15 min)

[DEBUG] 🎯 Célzott Forgalom Generálása (R1C1_C) | Period: 6.8953
Found 6 valid OD pairs for R1C1_C
Generating focused traffic: Period 6.8953s
[INFO] Subscriptions active: 6 (libsumo, fast mode)
[INFO] Episode duration: 3600s (60 min)

[DEBUG] 🎯 Célzott Forgalom Generálása (R1C1_C) | Period: 7.9794
Found 6 valid OD pairs for R1C1_C
Generating focused traffic: Period 7.9794s
[INFO] Subscriptions active: 6 (libsumo, fast mode)
[INFO] Episode duration: 2700s (45 min)

[DEBUG] 🎯 Célzott Forgalom Generálása (R1C1_C) | Period: 7.2688
Found 6 valid OD pairs for R1C1_C
Generating focused traffic: Period 7.2688s
[INFO] Subscriptions active: 6 (libsumo, fast mode)
[INFO] Episode duration: 3600s (60 min)

[DEBUG] 🎯 Célzott Forgalom Generálása (R1C1_C) | Period: 5.3539
Found 6 valid OD pairs for R1C1_C
Generating focused traffic: Period 5.3539s
[INFO] Subscriptions active: 6 (libsumo, fast mode)
[INFO] Episode duration: 3600s (60 min)

[DEBUG] 🎯 Célzott Forgalom Generálása (R1C1_C) | Period: 7.2554
Found 6 valid OD pairs for R1C1_C
Generating focused traffic: Period 7.2554s
[INFO] Subscriptions active: 6 (libsumo, fast mode)
[INFO] Episode duration: 3600s (60 min)

[DEBUG] 🎯 Célzott Forgalom Generálása (R1C1_C) | Period: 5.3851
Found 6 valid OD pairs for R1C1_C
Generating focused traffic: Period 5.3851s
[INFO] Subscriptions active: 6 (libsumo, fast mode)
[INFO] Episode duration: 2700s (45 min)

[DEBUG] 🎯 Célzott Forgalom Generálása (R1C1_C) | Period: 4.2529
Found 6 valid OD pairs for R1C1_C
Generating focused traffic: Period 4.2529s
[INFO] Subscriptions active: 6 (libsumo, fast mode)
[INFO] Episode duration: 900s (15 min)

[DEBUG] 🎯 Célzott Forgalom Generálása (R1C1_C) | Period: 6.9302
Found 6 valid OD pairs for R1C1_C
Generating focused traffic: Period 6.9302s
[INFO] Subscriptions active: 6 (libsumo, fast mode)
[INFO] Episode duration: 3600s (60 min)

[DEBUG] 🎯 Célzott Forgalom Generálása (R1C1_C) | Period: 7.9538
Found 6 valid OD pairs for R1C1_C
Generating focused traffic: Period 7.9538s
[INFO] Subscriptions active: 6 (libsumo, fast mode)
[INFO] Episode duration: 900s (15 min)

[DEBUG] 🎯 Célzott Forgalom Generálása (R1C1_C) | Period: 4.4074
Found 6 valid OD pairs for R1C1_C
Generating focused traffic: Period 4.4074s
[INFO] Subscriptions active: 6 (libsumo, fast mode)
[INFO] Episode duration: 1800s (30 min)

[DEBUG] 🎯 Célzott Forgalom Generálása (R1C1_C) | Period: 4.6655
Found 6 valid OD pairs for R1C1_C
Generating focused traffic: Period 4.6655s
[INFO] Subscriptions active: 6 (libsumo, fast mode)
[INFO] Episode duration: 2700s (45 min)

[DEBUG] 🎯 Célzott Forgalom Generálása (R1C1_C) | Period: 7.6509
Found 6 valid OD pairs for R1C1_C
Generating focused traffic: Period 7.6509s
[INFO] Subscriptions active: 6 (libsumo, fast mode)
[INFO] Episode duration: 900s (15 min)

[DEBUG] 🎯 Célzott Forgalom Generálása (R1C1_C) | Period: 6.5458
Found 6 valid OD pairs for R1C1_C
Generating focused traffic: Period 6.5458s
[INFO] Subscriptions active: 6 (libsumo, fast mode)
[INFO] Episode duration: 1800s (30 min)

[DEBUG] 🎯 Célzott Forgalom Generálása (R1C1_C) | Period: 4.3976
Found 6 valid OD pairs for R1C1_C
Generating focused traffic: Period 4.3976s
[INFO] Subscriptions active: 6 (libsumo, fast mode)
[INFO] Episode duration: 1800s (30 min)

[DEBUG] 🎯 Célzott Forgalom Generálása (R1C1_C) | Period: 6.1194
Found 6 valid OD pairs for R1C1_C
Generating focused traffic: Period 6.1194s
[INFO] Subscriptions active: 6 (libsumo, fast mode)
[INFO] Episode duration: 3600s (60 min)

[DEBUG] 🎯 Célzott Forgalom Generálása (R1C1_C) | Period: 5.3852
Found 6 valid OD pairs for R1C1_C
Generating focused traffic: Period 5.3852s
[INFO] Subscriptions active: 6 (libsumo, fast mode)
[INFO] Episode duration: 2700s (45 min)

[DEBUG] 🎯 Célzott Forgalom Generálása (R1C1_C) | Period: 6.1678
Found 6 valid OD pairs for R1C1_C
Generating focused traffic: Period 6.1678s
[INFO] Subscriptions active: 6 (libsumo, fast mode)
[INFO] Episode duration: 900s (15 min)

[DEBUG] 🎯 Célzott Forgalom Generálása (R1C1_C) | Period: 7.5923
Found 6 valid OD pairs for R1C1_C
Generating focused traffic: Period 7.5923s
[INFO] Subscriptions active: 6 (libsumo, fast mode)
[INFO] Episode duration: 2700s (45 min)

[DEBUG] 🎯 Célzott Forgalom Generálása (R1C1_C) | Period: 7.8047
Found 6 valid OD pairs for R1C1_C
Generating focused traffic: Period 7.8047s
[INFO] Subscriptions active: 6 (libsumo, fast mode)
[INFO] Episode duration: 1800s (30 min)

[DEBUG] 🎯 Célzott Forgalom Generálása (R1C1_C) | Period: 6.7504
Found 6 valid OD pairs for R1C1_C
Generating focused traffic: Period 6.7504s
[INFO] Subscriptions active: 6 (libsumo, fast mode)
[INFO] Episode duration: 2700s (45 min)

[DEBUG] 🎯 Célzott Forgalom Generálása (R1C1_C) | Period: 5.6959
Found 6 valid OD pairs for R1C1_C
Generating focused traffic: Period 5.6959s
[INFO] Subscriptions active: 6 (libsumo, fast mode)
[INFO] Episode duration: 1800s (30 min)

[DEBUG] 🎯 Célzott Forgalom Generálása (R1C1_C) | Period: 7.1518
Found 6 valid OD pairs for R1C1_C
Generating focused traffic: Period 7.1518s
[INFO] Subscriptions active: 6 (libsumo, fast mode)
[INFO] Episode duration: 1800s (30 min)

[DEBUG] 🎯 Célzott Forgalom Generálása (R1C1_C) | Period: 7.9983
Found 6 valid OD pairs for R1C1_C
Generating focused traffic: Period 7.9983s
[INFO] Subscriptions active: 6 (libsumo, fast mode)
[INFO] Episode duration: 1800s (30 min)

[DEBUG] 🎯 Célzott Forgalom Generálása (R1C1_C) | Period: 7.3969
Found 6 valid OD pairs for R1C1_C
Generating focused traffic: Period 7.3969s
[INFO] Subscriptions active: 6 (libsumo, fast mode)
[INFO] Episode duration: 900s (15 min)

[DEBUG] 🎯 Célzott Forgalom Generálása (R1C1_C) | Period: 4.1158
Found 6 valid OD pairs for R1C1_C
Generating focused traffic: Period 4.1158s
[INFO] Subscriptions active: 6 (libsumo, fast mode)
[INFO] Episode duration: 1800s (30 min)

[DEBUG] 🎯 Célzott Forgalom Generálása (R1C1_C) | Period: 6.4319
Found 6 valid OD pairs for R1C1_C
Generating focused traffic: Period 6.4319s
[INFO] Subscriptions active: 6 (libsumo, fast mode)
[INFO] Episode duration: 900s (15 min)

[DEBUG] 🎯 Célzott Forgalom Generálása (R1C1_C) | Period: 5.3476
Found 6 valid OD pairs for R1C1_C
Generating focused traffic: Period 5.3476s
[INFO] Subscriptions active: 6 (libsumo, fast mode)
[INFO] Episode duration: 900s (15 min)

[DEBUG] 🎯 Célzott Forgalom Generálása (R1C1_C) | Period: 7.4461
Found 6 valid OD pairs for R1C1_C
Generating focused traffic: Period 7.4461s
[INFO] Subscriptions active: 6 (libsumo, fast mode)
[INFO] Episode duration: 3600s (60 min)

[DEBUG] 🎯 Célzott Forgalom Generálása (R1C1_C) | Period: 4.3179
Found 6 valid OD pairs for R1C1_C
Generating focused traffic: Period 4.3179s
[INFO] Subscriptions active: 6 (libsumo, fast mode)
[INFO] Episode duration: 2700s (45 min)

[DEBUG] 🎯 Célzott Forgalom Generálása (R1C1_C) | Period: 5.1958
Found 6 valid OD pairs for R1C1_C
Generating focused traffic: Period 5.1958s
[INFO] Subscriptions active: 6 (libsumo, fast mode)
[INFO] Episode duration: 3600s (60 min)

[DEBUG] 🎯 Célzott Forgalom Generálása (R1C1_C) | Period: 4.8945
Found 6 valid OD pairs for R1C1_C
Generating focused traffic: Period 4.8945s
[INFO] Subscriptions active: 6 (libsumo, fast mode)
[INFO] Episode duration: 1800s (30 min)

[DEBUG] 🎯 Célzott Forgalom Generálása (R1C1_C) | Period: 5.317
Found 6 valid OD pairs for R1C1_C
Generating focused traffic: Period 5.3170s
[INFO] Subscriptions active: 6 (libsumo, fast mode)
[INFO] Episode duration: 3600s (60 min)

[DEBUG] 🎯 Célzott Forgalom Generálása (R1C1_C) | Period: 5.6399
Found 6 valid OD pairs for R1C1_C
Generating focused traffic: Period 5.6399s
[INFO] Subscriptions active: 6 (libsumo, fast mode)
[INFO] Episode duration: 3600s (60 min)

[DEBUG] 🎯 Célzott Forgalom Generálása (R1C1_C) | Period: 5.1007
Found 6 valid OD pairs for R1C1_C
Generating focused traffic: Period 5.1007s
[INFO] Subscriptions active: 6 (libsumo, fast mode)
[INFO] Episode duration: 2700s (45 min)

[DEBUG] 🎯 Célzott Forgalom Generálása (R1C1_C) | Period: 7.6312
Found 6 valid OD pairs for R1C1_C
Generating focused traffic: Period 7.6312s
[INFO] Subscriptions active: 6 (libsumo, fast mode)
[INFO] Episode duration: 2700s (45 min)

[DEBUG] 🎯 Célzott Forgalom Generálása (R1C1_C) | Period: 5.4092
Found 6 valid OD pairs for R1C1_C
Generating focused traffic: Period 5.4092s
[INFO] Subscriptions active: 6 (libsumo, fast mode)
[INFO] Episode duration: 900s (15 min)

[DEBUG] 🎯 Célzott Forgalom Generálása (R1C1_C) | Period: 5.3499
Found 6 valid OD pairs for R1C1_C
Generating focused traffic: Period 5.3499s
[INFO] Subscriptions active: 6 (libsumo, fast mode)
[INFO] Episode duration: 2700s (45 min)

[DEBUG] 🎯 Célzott Forgalom Generálása (R1C1_C) | Period: 5.7483
Found 6 valid OD pairs for R1C1_C
Generating focused traffic: Period 5.7483s
[INFO] Subscriptions active: 6 (libsumo, fast mode)
[INFO] Episode duration: 1800s (30 min)

[DEBUG] 🎯 Célzott Forgalom Generálása (R1C1_C) | Period: 5.4533
Found 6 valid OD pairs for R1C1_C
Generating focused traffic: Period 5.4533s
[INFO] Subscriptions active: 6 (libsumo, fast mode)
[INFO] Episode duration: 1800s (30 min)

[DEBUG] 🎯 Célzott Forgalom Generálása (R1C1_C) | Period: 6.2426
Found 6 valid OD pairs for R1C1_C
Generating focused traffic: Period 6.2426s
[INFO] Subscriptions active: 6 (libsumo, fast mode)
[INFO] Episode duration: 2700s (45 min)

[DEBUG] 🎯 Célzott Forgalom Generálása (R1C1_C) | Period: 4.0375
Found 6 valid OD pairs for R1C1_C
Generating focused traffic: Period 4.0375s
[INFO] Subscriptions active: 6 (libsumo, fast mode)
[INFO] Episode duration: 1800s (30 min)

[DEBUG] 🎯 Célzott Forgalom Generálása (R1C1_C) | Period: 4.0622
Found 6 valid OD pairs for R1C1_C
Generating focused traffic: Period 4.0622s
[INFO] Subscriptions active: 6 (libsumo, fast mode)
------------------------------------------
| rollout/                |              |
|    ep_len_mean          | 438          |
|    ep_rew_mean          | 166          |
| time/                   |              |
|    fps                  | 117          |
|    iterations           | 10           |
|    time_elapsed         | 174          |
|    total_timesteps      | 20480        |
| train/                  |              |
|    approx_kl            | 0.0066181794 |
|    clip_fraction        | 0.0403       |
|    clip_range           | 0.2          |
|    entropy_loss         | -1.11        |
|    explained_variance   | 0.0153       |
|    learning_rate        | 0.0001       |
|    loss                 | 1.63         |
|    n_updates            | 90           |
|    policy_gradient_loss | -0.00398     |
|    value_loss           | 12.7         |
------------------------------------------
[INFO] Episode duration: 1800s (30 min)

[DEBUG] 🎯 Célzott Forgalom Generálása (R1C1_C) | Period: 7.0119
Found 6 valid OD pairs for R1C1_C
Generating focused traffic: Period 7.0119s
[INFO] Subscriptions active: 6 (libsumo, fast mode)
[INFO] Episode duration: 1800s (30 min)

[DEBUG] 🎯 Célzott Forgalom Generálása (R1C1_C) | Period: 4.4117
Found 6 valid OD pairs for R1C1_C
Generating focused traffic: Period 4.4117s
[INFO] Subscriptions active: 6 (libsumo, fast mode)
[INFO] Episode duration: 2700s (45 min)

[DEBUG] 🎯 Célzott Forgalom Generálása (R1C1_C) | Period: 4.904
Found 6 valid OD pairs for R1C1_C
Generating focused traffic: Period 4.9040s
[INFO] Subscriptions active: 6 (libsumo, fast mode)
[INFO] Episode duration: 900s (15 min)

[DEBUG] 🎯 Célzott Forgalom Generálása (R1C1_C) | Period: 6.5367
Found 6 valid OD pairs for R1C1_C
Generating focused traffic: Period 6.5367s
[INFO] Subscriptions active: 6 (libsumo, fast mode)
[INFO] Episode duration: 1800s (30 min)

[DEBUG] 🎯 Célzott Forgalom Generálása (R1C1_C) | Period: 7.4776
Found 6 valid OD pairs for R1C1_C
Generating focused traffic: Period 7.4776s
[INFO] Subscriptions active: 6 (libsumo, fast mode)
[INFO] Episode duration: 3600s (60 min)

[DEBUG] 🎯 Célzott Forgalom Generálása (R1C1_C) | Period: 4.9134
Found 6 valid OD pairs for R1C1_C
Generating focused traffic: Period 4.9134s
[INFO] Subscriptions active: 6 (libsumo, fast mode)
[INFO] Episode duration: 3600s (60 min)

[DEBUG] 🎯 Célzott Forgalom Generálása (R1C1_C) | Period: 5.2221
Found 6 valid OD pairs for R1C1_C
Generating focused traffic: Period 5.2221s
[INFO] Subscriptions active: 6 (libsumo, fast mode)
[INFO] Episode duration: 900s (15 min)

[DEBUG] 🎯 Célzott Forgalom Generálása (R1C1_C) | Period: 5.4267
Found 6 valid OD pairs for R1C1_C
Generating focused traffic: Period 5.4267s
[INFO] Subscriptions active: 6 (libsumo, fast mode)
[INFO] Episode duration: 3600s (60 min)

[DEBUG] 🎯 Célzott Forgalom Generálása (R1C1_C) | Period: 4.3593
Found 6 valid OD pairs for R1C1_C
Generating focused traffic: Period 4.3593s
[INFO] Subscriptions active: 6 (libsumo, fast mode)
[INFO] Episode duration: 1800s (30 min)

[DEBUG] 🎯 Célzott Forgalom Generálása (R1C1_C) | Period: 4.2825
Found 6 valid OD pairs for R1C1_C
Generating focused traffic: Period 4.2825s
[INFO] Subscriptions active: 6 (libsumo, fast mode)
[INFO] Episode duration: 1800s (30 min)

[DEBUG] 🎯 Célzott Forgalom Generálása (R1C1_C) | Period: 7.2963
Found 6 valid OD pairs for R1C1_C
Generating focused traffic: Period 7.2963s
[INFO] Subscriptions active: 6 (libsumo, fast mode)
[INFO] Episode duration: 3600s (60 min)

[DEBUG] 🎯 Célzott Forgalom Generálása (R1C1_C) | Period: 6.9109
Found 6 valid OD pairs for R1C1_C
Generating focused traffic: Period 6.9109s
[INFO] Subscriptions active: 6 (libsumo, fast mode)
[INFO] Episode duration: 900s (15 min)

[DEBUG] 🎯 Célzott Forgalom Generálása (R1C1_C) | Period: 5.4083
Found 6 valid OD pairs for R1C1_C
Generating focused traffic: Period 5.4083s
[INFO] Subscriptions active: 6 (libsumo, fast mode)
[INFO] Episode duration: 900s (15 min)

[DEBUG] 🎯 Célzott Forgalom Generálása (R1C1_C) | Period: 4.1965
Found 6 valid OD pairs for R1C1_C
Generating focused traffic: Period 4.1965s
[INFO] Subscriptions active: 6 (libsumo, fast mode)
[INFO] Episode duration: 2700s (45 min)

[DEBUG] 🎯 Célzott Forgalom Generálása (R1C1_C) | Period: 6.2991
Found 6 valid OD pairs for R1C1_C
Generating focused traffic: Period 6.2991s
[INFO] Subscriptions active: 6 (libsumo, fast mode)
[INFO] Episode duration: 3600s (60 min)

[DEBUG] 🎯 Célzott Forgalom Generálása (R1C1_C) | Period: 6.8182
Found 6 valid OD pairs for R1C1_C
Generating focused traffic: Period 6.8182s
[INFO] Subscriptions active: 6 (libsumo, fast mode)
[INFO] Episode duration: 3600s (60 min)

[DEBUG] 🎯 Célzott Forgalom Generálása (R1C1_C) | Period: 5.7868
Found 6 valid OD pairs for R1C1_C
Generating focused traffic: Period 5.7868s
[INFO] Subscriptions active: 6 (libsumo, fast mode)
[INFO] Episode duration: 3600s (60 min)

[DEBUG] 🎯 Célzott Forgalom Generálása (R1C1_C) | Period: 7.9113
Found 6 valid OD pairs for R1C1_C
Generating focused traffic: Period 7.9113s
[INFO] Subscriptions active: 6 (libsumo, fast mode)
[INFO] Episode duration: 900s (15 min)

[DEBUG] 🎯 Célzott Forgalom Generálása (R1C1_C) | Period: 6.453
Found 6 valid OD pairs for R1C1_C
Generating focused traffic: Period 6.4530s
[INFO] Subscriptions active: 6 (libsumo, fast mode)
[INFO] Episode duration: 1800s (30 min)

[DEBUG] 🎯 Célzott Forgalom Generálása (R1C1_C) | Period: 4.814
Found 6 valid OD pairs for R1C1_C
Generating focused traffic: Period 4.8140s
[INFO] Subscriptions active: 6 (libsumo, fast mode)
[INFO] Episode duration: 1800s (30 min)

[DEBUG] 🎯 Célzott Forgalom Generálása (R1C1_C) | Period: 7.6788
Found 6 valid OD pairs for R1C1_C
Generating focused traffic: Period 7.6788s
[INFO] Subscriptions active: 6 (libsumo, fast mode)
[INFO] Episode duration: 1800s (30 min)

[DEBUG] 🎯 Célzott Forgalom Generálása (R1C1_C) | Period: 6.4026
Found 6 valid OD pairs for R1C1_C
Generating focused traffic: Period 6.4026s
[INFO] Subscriptions active: 6 (libsumo, fast mode)
[INFO] Episode duration: 1800s (30 min)

[DEBUG] 🎯 Célzott Forgalom Generálása (R1C1_C) | Period: 7.7566
Found 6 valid OD pairs for R1C1_C
Generating focused traffic: Period 7.7566s
[INFO] Subscriptions active: 6 (libsumo, fast mode)
[INFO] Episode duration: 2700s (45 min)

[DEBUG] 🎯 Célzott Forgalom Generálása (R1C1_C) | Period: 7.1977
Found 6 valid OD pairs for R1C1_C
Generating focused traffic: Period 7.1977s
[INFO] Subscriptions active: 6 (libsumo, fast mode)
[INFO] Episode duration: 3600s (60 min)

[DEBUG] 🎯 Célzott Forgalom Generálása (R1C1_C) | Period: 4.9206
Found 6 valid OD pairs for R1C1_C
Generating focused traffic: Period 4.9206s
[INFO] Subscriptions active: 6 (libsumo, fast mode)
[INFO] Episode duration: 2700s (45 min)

[DEBUG] 🎯 Célzott Forgalom Generálása (R1C1_C) | Period: 7.3759
Found 6 valid OD pairs for R1C1_C
Generating focused traffic: Period 7.3759s
[INFO] Subscriptions active: 6 (libsumo, fast mode)
[INFO] Episode duration: 1800s (30 min)

[DEBUG] 🎯 Célzott Forgalom Generálása (R1C1_C) | Period: 6.6438
Found 6 valid OD pairs for R1C1_C
Generating focused traffic: Period 6.6438s
[INFO] Subscriptions active: 6 (libsumo, fast mode)
[INFO] Episode duration: 900s (15 min)

[DEBUG] 🎯 Célzott Forgalom Generálása (R1C1_C) | Period: 5.1623
Found 6 valid OD pairs for R1C1_C
Generating focused traffic: Period 5.1623s
[INFO] Subscriptions active: 6 (libsumo, fast mode)
[INFO] Episode duration: 2700s (45 min)

[DEBUG] 🎯 Célzott Forgalom Generálása (R1C1_C) | Period: 5.9401
Found 6 valid OD pairs for R1C1_C
Generating focused traffic: Period 5.9401s
[INFO] Subscriptions active: 6 (libsumo, fast mode)
[INFO] Episode duration: 3600s (60 min)

[DEBUG] 🎯 Célzott Forgalom Generálása (R1C1_C) | Period: 5.0863
Found 6 valid OD pairs for R1C1_C
Generating focused traffic: Period 5.0863s
[INFO] Subscriptions active: 6 (libsumo, fast mode)
[INFO] Episode duration: 900s (15 min)

[DEBUG] 🎯 Célzott Forgalom Generálása (R1C1_C) | Period: 7.6291
Found 6 valid OD pairs for R1C1_C
Generating focused traffic: Period 7.6291s
[INFO] Subscriptions active: 6 (libsumo, fast mode)
[INFO] Episode duration: 2700s (45 min)

[DEBUG] 🎯 Célzott Forgalom Generálása (R1C1_C) | Period: 6.5709
Found 6 valid OD pairs for R1C1_C
Generating focused traffic: Period 6.5709s
[INFO] Subscriptions active: 6 (libsumo, fast mode)
[INFO] Episode duration: 1800s (30 min)

[DEBUG] 🎯 Célzott Forgalom Generálása (R1C1_C) | Period: 7.2526
Found 6 valid OD pairs for R1C1_C
Generating focused traffic: Period 7.2526s
[INFO] Subscriptions active: 6 (libsumo, fast mode)
[INFO] Episode duration: 3600s (60 min)

[DEBUG] 🎯 Célzott Forgalom Generálása (R1C1_C) | Period: 5.578
Found 6 valid OD pairs for R1C1_C
Generating focused traffic: Period 5.5780s
[INFO] Subscriptions active: 6 (libsumo, fast mode)
[INFO] Episode duration: 2700s (45 min)

[DEBUG] 🎯 Célzott Forgalom Generálása (R1C1_C) | Period: 7.22
Found 6 valid OD pairs for R1C1_C
Generating focused traffic: Period 7.2200s
[INFO] Subscriptions active: 6 (libsumo, fast mode)
[INFO] Episode duration: 2700s (45 min)

[DEBUG] 🎯 Célzott Forgalom Generálása (R1C1_C) | Period: 4.9575
Found 6 valid OD pairs for R1C1_C
Generating focused traffic: Period 4.9575s
[INFO] Subscriptions active: 6 (libsumo, fast mode)
[INFO] Episode duration: 2700s (45 min)

[DEBUG] 🎯 Célzott Forgalom Generálása (R1C1_C) | Period: 4.9452
Found 6 valid OD pairs for R1C1_C
Generating focused traffic: Period 4.9452s
[INFO] Subscriptions active: 6 (libsumo, fast mode)
[INFO] Episode duration: 2700s (45 min)

[DEBUG] 🎯 Célzott Forgalom Generálása (R1C1_C) | Period: 6.9701
Found 6 valid OD pairs for R1C1_C
Generating focused traffic: Period 6.9701s
[INFO] Subscriptions active: 6 (libsumo, fast mode)
[INFO] Episode duration: 1800s (30 min)

[DEBUG] 🎯 Célzott Forgalom Generálása (R1C1_C) | Period: 7.9683
Found 6 valid OD pairs for R1C1_C
Generating focused traffic: Period 7.9683s
[INFO] Subscriptions active: 6 (libsumo, fast mode)
[INFO] Episode duration: 3600s (60 min)

[DEBUG] 🎯 Célzott Forgalom Generálása (R1C1_C) | Period: 5.6429
Found 6 valid OD pairs for R1C1_C
Generating focused traffic: Period 5.6429s
[INFO] Subscriptions active: 6 (libsumo, fast mode)
[INFO] Episode duration: 1800s (30 min)

[DEBUG] 🎯 Célzott Forgalom Generálása (R1C1_C) | Period: 6.583
Found 6 valid OD pairs for R1C1_C
Generating focused traffic: Period 6.5830s
[INFO] Subscriptions active: 6 (libsumo, fast mode)
[INFO] Episode duration: 3600s (60 min)

[DEBUG] 🎯 Célzott Forgalom Generálása (R1C1_C) | Period: 7.0519
Found 6 valid OD pairs for R1C1_C
Generating focused traffic: Period 7.0519s
[INFO] Subscriptions active: 6 (libsumo, fast mode)
[INFO] Episode duration: 900s (15 min)

[DEBUG] 🎯 Célzott Forgalom Generálása (R1C1_C) | Period: 6.3402
Found 6 valid OD pairs for R1C1_C
Generating focused traffic: Period 6.3402s
[INFO] Subscriptions active: 6 (libsumo, fast mode)
[INFO] Episode duration: 2700s (45 min)

[DEBUG] 🎯 Célzott Forgalom Generálása (R1C1_C) | Period: 4.9647
Found 6 valid OD pairs for R1C1_C
Generating focused traffic: Period 4.9647s
[INFO] Subscriptions active: 6 (libsumo, fast mode)
------------------------------------------
| rollout/                |              |
|    ep_len_mean          | 452          |
|    ep_rew_mean          | 185          |
| time/                   |              |
|    fps                  | 109          |
|    iterations           | 20           |
|    time_elapsed         | 372          |
|    total_timesteps      | 40960        |
| train/                  |              |
|    approx_kl            | 0.0024362425 |
|    clip_fraction        | 0.0331       |
|    clip_range           | 0.2          |
|    entropy_loss         | -0.372       |
|    explained_variance   | 0.0525       |
|    learning_rate        | 0.0001       |
|    loss                 | 38.6         |
|    n_updates            | 190          |
|    policy_gradient_loss | -0.00185     |
|    value_loss           | 21.2         |
------------------------------------------
[INFO] Episode duration: 2700s (45 min)

[DEBUG] 🎯 Célzott Forgalom Generálása (R1C1_C) | Period: 7.9002
Found 6 valid OD pairs for R1C1_C
Generating focused traffic: Period 7.9002s
[INFO] Subscriptions active: 6 (libsumo, fast mode)
[INFO] Episode duration: 1800s (30 min)

[DEBUG] 🎯 Célzott Forgalom Generálása (R1C1_C) | Period: 7.4892
Found 6 valid OD pairs for R1C1_C
Generating focused traffic: Period 7.4892s
[INFO] Subscriptions active: 6 (libsumo, fast mode)
[INFO] Episode duration: 900s (15 min)

[DEBUG] 🎯 Célzott Forgalom Generálása (R1C1_C) | Period: 7.1578
Found 6 valid OD pairs for R1C1_C
Generating focused traffic: Period 7.1578s
[INFO] Subscriptions active: 6 (libsumo, fast mode)
[INFO] Episode duration: 1800s (30 min)

[DEBUG] 🎯 Célzott Forgalom Generálása (R1C1_C) | Period: 6.2665
Found 6 valid OD pairs for R1C1_C
Generating focused traffic: Period 6.2665s
[INFO] Subscriptions active: 6 (libsumo, fast mode)
[INFO] Episode duration: 900s (15 min)

[DEBUG] 🎯 Célzott Forgalom Generálása (R1C1_C) | Period: 5.7694
Found 6 valid OD pairs for R1C1_C
Generating focused traffic: Period 5.7694s
[INFO] Subscriptions active: 6 (libsumo, fast mode)
[INFO] Episode duration: 1800s (30 min)

[DEBUG] 🎯 Célzott Forgalom Generálása (R1C1_C) | Period: 6.3713
Found 6 valid OD pairs for R1C1_C
Generating focused traffic: Period 6.3713s
[INFO] Subscriptions active: 6 (libsumo, fast mode)
[INFO] Episode duration: 2700s (45 min)

[DEBUG] 🎯 Célzott Forgalom Generálása (R1C1_C) | Period: 7.6683
Found 6 valid OD pairs for R1C1_C
Generating focused traffic: Period 7.6683s
[INFO] Subscriptions active: 6 (libsumo, fast mode)
[INFO] Episode duration: 3600s (60 min)

[DEBUG] 🎯 Célzott Forgalom Generálása (R1C1_C) | Period: 4.8637
Found 6 valid OD pairs for R1C1_C
Generating focused traffic: Period 4.8637s
[INFO] Subscriptions active: 6 (libsumo, fast mode)
[INFO] Episode duration: 900s (15 min)

[DEBUG] 🎯 Célzott Forgalom Generálása (R1C1_C) | Period: 5.0678
Found 6 valid OD pairs for R1C1_C
Generating focused traffic: Period 5.0678s
[INFO] Subscriptions active: 6 (libsumo, fast mode)
[INFO] Episode duration: 900s (15 min)

[DEBUG] 🎯 Célzott Forgalom Generálása (R1C1_C) | Period: 4.9729
Found 6 valid OD pairs for R1C1_C
Generating focused traffic: Period 4.9729s
[INFO] Subscriptions active: 6 (libsumo, fast mode)
[INFO] Episode duration: 3600s (60 min)

[DEBUG] 🎯 Célzott Forgalom Generálása (R1C1_C) | Period: 5.9683
Found 6 valid OD pairs for R1C1_C
Generating focused traffic: Period 5.9683s
[INFO] Subscriptions active: 6 (libsumo, fast mode)
[INFO] Episode duration: 2700s (45 min)

[DEBUG] 🎯 Célzott Forgalom Generálása (R1C1_C) | Period: 5.922
Found 6 valid OD pairs for R1C1_C
Generating focused traffic: Period 5.9220s
[INFO] Subscriptions active: 6 (libsumo, fast mode)
[INFO] Episode duration: 1800s (30 min)

[DEBUG] 🎯 Célzott Forgalom Generálása (R1C1_C) | Period: 6.114
Found 6 valid OD pairs for R1C1_C
Generating focused traffic: Period 6.1140s
[INFO] Subscriptions active: 6 (libsumo, fast mode)
[INFO] Episode duration: 900s (15 min)

[DEBUG] 🎯 Célzott Forgalom Generálása (R1C1_C) | Period: 5.1926
Found 6 valid OD pairs for R1C1_C
Generating focused traffic: Period 5.1926s
[INFO] Subscriptions active: 6 (libsumo, fast mode)
[INFO] Episode duration: 3600s (60 min)

[DEBUG] 🎯 Célzott Forgalom Generálása (R1C1_C) | Period: 4.1081
Found 6 valid OD pairs for R1C1_C
Generating focused traffic: Period 4.1081s
[INFO] Subscriptions active: 6 (libsumo, fast mode)
[INFO] Episode duration: 3600s (60 min)

[DEBUG] 🎯 Célzott Forgalom Generálása (R1C1_C) | Period: 7.7046
Found 6 valid OD pairs for R1C1_C
Generating focused traffic: Period 7.7046s
[INFO] Subscriptions active: 6 (libsumo, fast mode)
[INFO] Episode duration: 900s (15 min)

[DEBUG] 🎯 Célzott Forgalom Generálása (R1C1_C) | Period: 7.9983
Found 6 valid OD pairs for R1C1_C
Generating focused traffic: Period 7.9983s
[INFO] Subscriptions active: 6 (libsumo, fast mode)
[INFO] Episode duration: 2700s (45 min)

[DEBUG] 🎯 Célzott Forgalom Generálása (R1C1_C) | Period: 6.2944
Found 6 valid OD pairs for R1C1_C
Generating focused traffic: Period 6.2944s
[INFO] Subscriptions active: 6 (libsumo, fast mode)
[INFO] Episode duration: 2700s (45 min)

[DEBUG] 🎯 Célzott Forgalom Generálása (R1C1_C) | Period: 5.1982
Found 6 valid OD pairs for R1C1_C
Generating focused traffic: Period 5.1982s
[INFO] Subscriptions active: 6 (libsumo, fast mode)
[INFO] Episode duration: 900s (15 min)

[DEBUG] 🎯 Célzott Forgalom Generálása (R1C1_C) | Period: 7.3564
Found 6 valid OD pairs for R1C1_C
Generating focused traffic: Period 7.3564s
[INFO] Subscriptions active: 6 (libsumo, fast mode)
[INFO] Episode duration: 1800s (30 min)

[DEBUG] 🎯 Célzott Forgalom Generálása (R1C1_C) | Period: 7.7291
Found 6 valid OD pairs for R1C1_C
Generating focused traffic: Period 7.7291s
[INFO] Subscriptions active: 6 (libsumo, fast mode)
[INFO] Episode duration: 2700s (45 min)

[DEBUG] 🎯 Célzott Forgalom Generálása (R1C1_C) | Period: 7.5085
Found 6 valid OD pairs for R1C1_C
Generating focused traffic: Period 7.5085s
[INFO] Subscriptions active: 6 (libsumo, fast mode)
[INFO] Episode duration: 1800s (30 min)

[DEBUG] 🎯 Célzott Forgalom Generálása (R1C1_C) | Period: 5.639
Found 6 valid OD pairs for R1C1_C
Generating focused traffic: Period 5.6390s
[INFO] Subscriptions active: 6 (libsumo, fast mode)
[INFO] Episode duration: 2700s (45 min)

[DEBUG] 🎯 Célzott Forgalom Generálása (R1C1_C) | Period: 4.9207
Found 6 valid OD pairs for R1C1_C
Generating focused traffic: Period 4.9207s
[INFO] Subscriptions active: 6 (libsumo, fast mode)
[INFO] Episode duration: 3600s (60 min)

[DEBUG] 🎯 Célzott Forgalom Generálása (R1C1_C) | Period: 7.4925
Found 6 valid OD pairs for R1C1_C
Generating focused traffic: Period 7.4925s
[INFO] Subscriptions active: 6 (libsumo, fast mode)
[INFO] Episode duration: 2700s (45 min)

[DEBUG] 🎯 Célzott Forgalom Generálása (R1C1_C) | Period: 6.4255
Found 6 valid OD pairs for R1C1_C
Generating focused traffic: Period 6.4255s
[INFO] Subscriptions active: 6 (libsumo, fast mode)
[INFO] Episode duration: 1800s (30 min)

[DEBUG] 🎯 Célzott Forgalom Generálása (R1C1_C) | Period: 6.5257
Found 6 valid OD pairs for R1C1_C
Generating focused traffic: Period 6.5257s
[INFO] Subscriptions active: 6 (libsumo, fast mode)
[INFO] Episode duration: 3600s (60 min)

[DEBUG] 🎯 Célzott Forgalom Generálása (R1C1_C) | Period: 5.1482
Found 6 valid OD pairs for R1C1_C
Generating focused traffic: Period 5.1482s
[INFO] Subscriptions active: 6 (libsumo, fast mode)
[INFO] Episode duration: 1800s (30 min)

[DEBUG] 🎯 Célzott Forgalom Generálása (R1C1_C) | Period: 7.4536
Found 6 valid OD pairs for R1C1_C
Generating focused traffic: Period 7.4536s
[INFO] Subscriptions active: 6 (libsumo, fast mode)
[INFO] Episode duration: 1800s (30 min)

[DEBUG] 🎯 Célzott Forgalom Generálása (R1C1_C) | Period: 5.3764
Found 6 valid OD pairs for R1C1_C
Generating focused traffic: Period 5.3764s
[INFO] Subscriptions active: 6 (libsumo, fast mode)
[INFO] Episode duration: 900s (15 min)

[DEBUG] 🎯 Célzott Forgalom Generálása (R1C1_C) | Period: 4.8527
Found 6 valid OD pairs for R1C1_C
Generating focused traffic: Period 4.8527s
[INFO] Subscriptions active: 6 (libsumo, fast mode)
[INFO] Episode duration: 1800s (30 min)

[DEBUG] 🎯 Célzott Forgalom Generálása (R1C1_C) | Period: 5.309
Found 6 valid OD pairs for R1C1_C
Generating focused traffic: Period 5.3090s
[INFO] Subscriptions active: 6 (libsumo, fast mode)
[INFO] Episode duration: 2700s (45 min)

[DEBUG] 🎯 Célzott Forgalom Generálása (R1C1_C) | Period: 4.3637
Found 6 valid OD pairs for R1C1_C
Generating focused traffic: Period 4.3637s
[INFO] Subscriptions active: 6 (libsumo, fast mode)
[INFO] Episode duration: 900s (15 min)

[DEBUG] 🎯 Célzott Forgalom Generálása (R1C1_C) | Period: 6.1861
Found 6 valid OD pairs for R1C1_C
Generating focused traffic: Period 6.1861s
[INFO] Subscriptions active: 6 (libsumo, fast mode)
[INFO] Episode duration: 3600s (60 min)

[DEBUG] 🎯 Célzott Forgalom Generálása (R1C1_C) | Period: 5.9798
Found 6 valid OD pairs for R1C1_C
Generating focused traffic: Period 5.9798s
[INFO] Subscriptions active: 6 (libsumo, fast mode)
[INFO] Episode duration: 1800s (30 min)

[DEBUG] 🎯 Célzott Forgalom Generálása (R1C1_C) | Period: 6.9143
Found 6 valid OD pairs for R1C1_C
Generating focused traffic: Period 6.9143s
[INFO] Subscriptions active: 6 (libsumo, fast mode)
[INFO] Episode duration: 1800s (30 min)

[DEBUG] 🎯 Célzott Forgalom Generálása (R1C1_C) | Period: 6.1199
Found 6 valid OD pairs for R1C1_C
Generating focused traffic: Period 6.1199s
[INFO] Subscriptions active: 6 (libsumo, fast mode)
[INFO] Episode duration: 1800s (30 min)

[DEBUG] 🎯 Célzott Forgalom Generálása (R1C1_C) | Period: 6.1436
Found 6 valid OD pairs for R1C1_C
Generating focused traffic: Period 6.1436s
[INFO] Subscriptions active: 6 (libsumo, fast mode)
[INFO] Episode duration: 3600s (60 min)

[DEBUG] 🎯 Célzott Forgalom Generálása (R1C1_C) | Period: 6.4069
Found 6 valid OD pairs for R1C1_C
Generating focused traffic: Period 6.4069s
[INFO] Subscriptions active: 6 (libsumo, fast mode)
[INFO] Episode duration: 900s (15 min)

[DEBUG] 🎯 Célzott Forgalom Generálása (R1C1_C) | Period: 7.9593
Found 6 valid OD pairs for R1C1_C
Generating focused traffic: Period 7.9593s
[INFO] Subscriptions active: 6 (libsumo, fast mode)
[INFO] Episode duration: 3600s (60 min)

[DEBUG] 🎯 Célzott Forgalom Generálása (R1C1_C) | Period: 6.1073
Found 6 valid OD pairs for R1C1_C
Generating focused traffic: Period 6.1073s
[INFO] Subscriptions active: 6 (libsumo, fast mode)
[INFO] Episode duration: 3600s (60 min)

[DEBUG] 🎯 Célzott Forgalom Generálása (R1C1_C) | Period: 6.2251
Found 6 valid OD pairs for R1C1_C
Generating focused traffic: Period 6.2251s
[INFO] Subscriptions active: 6 (libsumo, fast mode)
[INFO] Episode duration: 3600s (60 min)

[DEBUG] 🎯 Célzott Forgalom Generálása (R1C1_C) | Period: 4.0829
Found 6 valid OD pairs for R1C1_C
Generating focused traffic: Period 4.0829s
[INFO] Subscriptions active: 6 (libsumo, fast mode)
[INFO] Episode duration: 900s (15 min)

[DEBUG] 🎯 Célzott Forgalom Generálása (R1C1_C) | Period: 7.738
Found 6 valid OD pairs for R1C1_C
Generating focused traffic: Period 7.7380s
[INFO] Subscriptions active: 6 (libsumo, fast mode)
[INFO] Episode duration: 3600s (60 min)

[DEBUG] 🎯 Célzott Forgalom Generálása (R1C1_C) | Period: 6.03
Found 6 valid OD pairs for R1C1_C
Generating focused traffic: Period 6.0300s
[INFO] Subscriptions active: 6 (libsumo, fast mode)
[INFO] Episode duration: 1800s (30 min)

[DEBUG] 🎯 Célzott Forgalom Generálása (R1C1_C) | Period: 5.5513
Found 6 valid OD pairs for R1C1_C
Generating focused traffic: Period 5.5513s
[INFO] Subscriptions active: 6 (libsumo, fast mode)
------------------------------------------
| rollout/                |              |
|    ep_len_mean          | 461          |
|    ep_rew_mean          | 208          |
| time/                   |              |
|    fps                  | 108          |
|    iterations           | 30           |
|    time_elapsed         | 564          |
|    total_timesteps      | 61440        |
| train/                  |              |
|    approx_kl            | 0.0027202219 |
|    clip_fraction        | 0.0268       |
|    clip_range           | 0.2          |
|    entropy_loss         | -0.457       |
|    explained_variance   | 0.0607       |
|    learning_rate        | 0.0001       |
|    loss                 | 4.46         |
|    n_updates            | 290          |
|    policy_gradient_loss | -0.00177     |
|    value_loss           | 24           |
------------------------------------------
[INFO] Episode duration: 1800s (30 min)

[DEBUG] 🎯 Célzott Forgalom Generálása (R1C1_C) | Period: 5.0745
Found 6 valid OD pairs for R1C1_C
Generating focused traffic: Period 5.0745s
[INFO] Subscriptions active: 6 (libsumo, fast mode)
[INFO] Episode duration: 1800s (30 min)

[DEBUG] 🎯 Célzott Forgalom Generálása (R1C1_C) | Period: 6.2102
Found 6 valid OD pairs for R1C1_C
Generating focused traffic: Period 6.2102s
[INFO] Subscriptions active: 6 (libsumo, fast mode)
[INFO] Episode duration: 2700s (45 min)

[DEBUG] 🎯 Célzott Forgalom Generálása (R1C1_C) | Period: 6.447
Found 6 valid OD pairs for R1C1_C
Generating focused traffic: Period 6.4470s
[INFO] Subscriptions active: 6 (libsumo, fast mode)
[INFO] Episode duration: 3600s (60 min)

[DEBUG] 🎯 Célzott Forgalom Generálása (R1C1_C) | Period: 7.1875
Found 6 valid OD pairs for R1C1_C
Generating focused traffic: Period 7.1875s
[INFO] Subscriptions active: 6 (libsumo, fast mode)
[INFO] Episode duration: 3600s (60 min)

[DEBUG] 🎯 Célzott Forgalom Generálása (R1C1_C) | Period: 5.201
Found 6 valid OD pairs for R1C1_C
Generating focused traffic: Period 5.2010s
[INFO] Subscriptions active: 6 (libsumo, fast mode)
[INFO] Episode duration: 900s (15 min)

[DEBUG] 🎯 Célzott Forgalom Generálása (R1C1_C) | Period: 7.5567
Found 6 valid OD pairs for R1C1_C
Generating focused traffic: Period 7.5567s
[INFO] Subscriptions active: 6 (libsumo, fast mode)
[INFO] Episode duration: 2700s (45 min)

[DEBUG] 🎯 Célzott Forgalom Generálása (R1C1_C) | Period: 7.8283
Found 6 valid OD pairs for R1C1_C
Generating focused traffic: Period 7.8283s
[INFO] Subscriptions active: 6 (libsumo, fast mode)
[INFO] Episode duration: 900s (15 min)

[DEBUG] 🎯 Célzott Forgalom Generálása (R1C1_C) | Period: 4.2518
Found 6 valid OD pairs for R1C1_C
Generating focused traffic: Period 4.2518s
[INFO] Subscriptions active: 6 (libsumo, fast mode)
[INFO] Episode duration: 1800s (30 min)

[DEBUG] 🎯 Célzott Forgalom Generálása (R1C1_C) | Period: 6.0219
Found 6 valid OD pairs for R1C1_C
Generating focused traffic: Period 6.0219s
[INFO] Subscriptions active: 6 (libsumo, fast mode)
[INFO] Episode duration: 900s (15 min)

[DEBUG] 🎯 Célzott Forgalom Generálása (R1C1_C) | Period: 7.545
Found 6 valid OD pairs for R1C1_C
Generating focused traffic: Period 7.5450s
[INFO] Subscriptions active: 6 (libsumo, fast mode)
[INFO] Episode duration: 900s (15 min)

[DEBUG] 🎯 Célzott Forgalom Generálása (R1C1_C) | Period: 4.2255
Found 6 valid OD pairs for R1C1_C
Generating focused traffic: Period 4.2255s
[INFO] Subscriptions active: 6 (libsumo, fast mode)
[INFO] Episode duration: 1800s (30 min)

[DEBUG] 🎯 Célzott Forgalom Generálása (R1C1_C) | Period: 5.0849
Found 6 valid OD pairs for R1C1_C
Generating focused traffic: Period 5.0849s
[INFO] Subscriptions active: 6 (libsumo, fast mode)
[INFO] Episode duration: 3600s (60 min)

[DEBUG] 🎯 Célzott Forgalom Generálása (R1C1_C) | Period: 7.379
Found 6 valid OD pairs for R1C1_C
Generating focused traffic: Period 7.3790s
[INFO] Subscriptions active: 6 (libsumo, fast mode)
[INFO] Episode duration: 2700s (45 min)

[DEBUG] 🎯 Célzott Forgalom Generálása (R1C1_C) | Period: 6.8145
Found 6 valid OD pairs for R1C1_C
Generating focused traffic: Period 6.8145s
[INFO] Subscriptions active: 6 (libsumo, fast mode)
[INFO] Episode duration: 2700s (45 min)

[DEBUG] 🎯 Célzott Forgalom Generálása (R1C1_C) | Period: 4.5426
Found 6 valid OD pairs for R1C1_C
Generating focused traffic: Period 4.5426s
[INFO] Subscriptions active: 6 (libsumo, fast mode)
[INFO] Episode duration: 3600s (60 min)

[DEBUG] 🎯 Célzott Forgalom Generálása (R1C1_C) | Period: 5.9388
Found 6 valid OD pairs for R1C1_C
Generating focused traffic: Period 5.9388s
[INFO] Subscriptions active: 6 (libsumo, fast mode)
[INFO] Episode duration: 1800s (30 min)

[DEBUG] 🎯 Célzott Forgalom Generálása (R1C1_C) | Period: 5.6276
Found 6 valid OD pairs for R1C1_C
Generating focused traffic: Period 5.6276s
[INFO] Subscriptions active: 6 (libsumo, fast mode)
[INFO] Episode duration: 3600s (60 min)

[DEBUG] 🎯 Célzott Forgalom Generálása (R1C1_C) | Period: 5.9978
Found 6 valid OD pairs for R1C1_C
Generating focused traffic: Period 5.9978s
[INFO] Subscriptions active: 6 (libsumo, fast mode)
[INFO] Episode duration: 900s (15 min)

[DEBUG] 🎯 Célzott Forgalom Generálása (R1C1_C) | Period: 6.1186
Found 6 valid OD pairs for R1C1_C
Generating focused traffic: Period 6.1186s
[INFO] Subscriptions active: 6 (libsumo, fast mode)
[INFO] Episode duration: 900s (15 min)

[DEBUG] 🎯 Célzott Forgalom Generálása (R1C1_C) | Period: 4.4434
Found 6 valid OD pairs for R1C1_C
Generating focused traffic: Period 4.4434s
[INFO] Subscriptions active: 6 (libsumo, fast mode)
[INFO] Episode duration: 1800s (30 min)

[DEBUG] 🎯 Célzott Forgalom Generálása (R1C1_C) | Period: 6.0964
Found 6 valid OD pairs for R1C1_C
Generating focused traffic: Period 6.0964s
[INFO] Subscriptions active: 6 (libsumo, fast mode)
[INFO] Episode duration: 1800s (30 min)

[DEBUG] 🎯 Célzott Forgalom Generálása (R1C1_C) | Period: 7.1654
Found 6 valid OD pairs for R1C1_C
Generating focused traffic: Period 7.1654s
[INFO] Subscriptions active: 6 (libsumo, fast mode)
[INFO] Episode duration: 1800s (30 min)

[DEBUG] 🎯 Célzott Forgalom Generálása (R1C1_C) | Period: 6.7786
Found 6 valid OD pairs for R1C1_C
Generating focused traffic: Period 6.7786s
[INFO] Subscriptions active: 6 (libsumo, fast mode)
[INFO] Episode duration: 3600s (60 min)

[DEBUG] 🎯 Célzott Forgalom Generálása (R1C1_C) | Period: 5.4064
Found 6 valid OD pairs for R1C1_C
Generating focused traffic: Period 5.4064s
[INFO] Subscriptions active: 6 (libsumo, fast mode)
[INFO] Episode duration: 2700s (45 min)

[DEBUG] 🎯 Célzott Forgalom Generálása (R1C1_C) | Period: 4.8984
Found 6 valid OD pairs for R1C1_C
Generating focused traffic: Period 4.8984s
[INFO] Subscriptions active: 6 (libsumo, fast mode)
[INFO] Episode duration: 3600s (60 min)

[DEBUG] 🎯 Célzott Forgalom Generálása (R1C1_C) | Period: 5.6754
Found 6 valid OD pairs for R1C1_C
Generating focused traffic: Period 5.6754s
[INFO] Subscriptions active: 6 (libsumo, fast mode)
[INFO] Episode duration: 1800s (30 min)

[DEBUG] 🎯 Célzott Forgalom Generálása (R1C1_C) | Period: 7.4158
Found 6 valid OD pairs for R1C1_C
Generating focused traffic: Period 7.4158s
[INFO] Subscriptions active: 6 (libsumo, fast mode)
[INFO] Episode duration: 1800s (30 min)

[DEBUG] 🎯 Célzott Forgalom Generálása (R1C1_C) | Period: 5.6693
Found 6 valid OD pairs for R1C1_C
Generating focused traffic: Period 5.6693s
[INFO] Subscriptions active: 6 (libsumo, fast mode)
[INFO] Episode duration: 3600s (60 min)

[DEBUG] 🎯 Célzott Forgalom Generálása (R1C1_C) | Period: 4.9961
Found 6 valid OD pairs for R1C1_C
Generating focused traffic: Period 4.9961s
[INFO] Subscriptions active: 6 (libsumo, fast mode)
[INFO] Episode duration: 1800s (30 min)

[DEBUG] 🎯 Célzott Forgalom Generálása (R1C1_C) | Period: 5.3834
Found 6 valid OD pairs for R1C1_C
Generating focused traffic: Period 5.3834s
[INFO] Subscriptions active: 6 (libsumo, fast mode)
[INFO] Episode duration: 3600s (60 min)

[DEBUG] 🎯 Célzott Forgalom Generálása (R1C1_C) | Period: 5.5324
Found 6 valid OD pairs for R1C1_C
Generating focused traffic: Period 5.5324s
[INFO] Subscriptions active: 6 (libsumo, fast mode)
[INFO] Episode duration: 2700s (45 min)

[DEBUG] 🎯 Célzott Forgalom Generálása (R1C1_C) | Period: 7.6016
Found 6 valid OD pairs for R1C1_C
Generating focused traffic: Period 7.6016s
[INFO] Subscriptions active: 6 (libsumo, fast mode)
[INFO] Episode duration: 3600s (60 min)

[DEBUG] 🎯 Célzott Forgalom Generálása (R1C1_C) | Period: 6.5418
Found 6 valid OD pairs for R1C1_C
Generating focused traffic: Period 6.5418s
[INFO] Subscriptions active: 6 (libsumo, fast mode)
[INFO] Episode duration: 900s (15 min)

[DEBUG] 🎯 Célzott Forgalom Generálása (R1C1_C) | Period: 7.0966
Found 6 valid OD pairs for R1C1_C
Generating focused traffic: Period 7.0966s
[INFO] Subscriptions active: 6 (libsumo, fast mode)
[INFO] Episode duration: 1800s (30 min)

[DEBUG] 🎯 Célzott Forgalom Generálása (R1C1_C) | Period: 5.8648
Found 6 valid OD pairs for R1C1_C
Generating focused traffic: Period 5.8648s
[INFO] Subscriptions active: 6 (libsumo, fast mode)
[INFO] Episode duration: 3600s (60 min)

[DEBUG] 🎯 Célzott Forgalom Generálása (R1C1_C) | Period: 7.2919
Found 6 valid OD pairs for R1C1_C
Generating focused traffic: Period 7.2919s
[INFO] Subscriptions active: 6 (libsumo, fast mode)
[INFO] Episode duration: 900s (15 min)

[DEBUG] 🎯 Célzott Forgalom Generálása (R1C1_C) | Period: 4.5459
Found 6 valid OD pairs for R1C1_C
Generating focused traffic: Period 4.5459s
[INFO] Subscriptions active: 6 (libsumo, fast mode)
[INFO] Episode duration: 900s (15 min)

[DEBUG] 🎯 Célzott Forgalom Generálása (R1C1_C) | Period: 6.1504
Found 6 valid OD pairs for R1C1_C
Generating focused traffic: Period 6.1504s
[INFO] Subscriptions active: 6 (libsumo, fast mode)
[INFO] Episode duration: 3600s (60 min)

[DEBUG] 🎯 Célzott Forgalom Generálása (R1C1_C) | Period: 6.8159
Found 6 valid OD pairs for R1C1_C
Generating focused traffic: Period 6.8159s
[INFO] Subscriptions active: 6 (libsumo, fast mode)
[INFO] Episode duration: 2700s (45 min)

[DEBUG] 🎯 Célzott Forgalom Generálása (R1C1_C) | Period: 6.6764
Found 6 valid OD pairs for R1C1_C
Generating focused traffic: Period 6.6764s
[INFO] Subscriptions active: 6 (libsumo, fast mode)
[INFO] Episode duration: 3600s (60 min)

[DEBUG] 🎯 Célzott Forgalom Generálása (R1C1_C) | Period: 4.3016
Found 6 valid OD pairs for R1C1_C
Generating focused traffic: Period 4.3016s
[INFO] Subscriptions active: 6 (libsumo, fast mode)
[INFO] Episode duration: 1800s (30 min)

[DEBUG] 🎯 Célzott Forgalom Generálása (R1C1_C) | Period: 6.808
Found 6 valid OD pairs for R1C1_C
Generating focused traffic: Period 6.8080s
[INFO] Subscriptions active: 6 (libsumo, fast mode)
[INFO] Episode duration: 3600s (60 min)

[DEBUG] 🎯 Célzott Forgalom Generálása (R1C1_C) | Period: 4.0503
Found 6 valid OD pairs for R1C1_C
Generating focused traffic: Period 4.0503s
[INFO] Subscriptions active: 6 (libsumo, fast mode)
[INFO] Episode duration: 3600s (60 min)

[DEBUG] 🎯 Célzott Forgalom Generálása (R1C1_C) | Period: 5.6618
Found 6 valid OD pairs for R1C1_C
Generating focused traffic: Period 5.6618s
[INFO] Subscriptions active: 6 (libsumo, fast mode)
------------------------------------------
| rollout/                |              |
|    ep_len_mean          | 464          |
|    ep_rew_mean          | 222          |
| time/                   |              |
|    fps                  | 108          |
|    iterations           | 40           |
|    time_elapsed         | 756          |
|    total_timesteps      | 81920        |
| train/                  |              |
|    approx_kl            | 0.0040141074 |
|    clip_fraction        | 0.0464       |
|    clip_range           | 0.2          |
|    entropy_loss         | -0.383       |
|    explained_variance   | 0.0254       |
|    learning_rate        | 0.0001       |
|    loss                 | 43.4         |
|    n_updates            | 390          |
|    policy_gradient_loss | -0.00323     |
|    value_loss           | 29.2         |
------------------------------------------
[INFO] Episode duration: 2700s (45 min)

[DEBUG] 🎯 Célzott Forgalom Generálása (R1C1_C) | Period: 6.1689
Found 6 valid OD pairs for R1C1_C
Generating focused traffic: Period 6.1689s
[INFO] Subscriptions active: 6 (libsumo, fast mode)
[INFO] Episode duration: 3600s (60 min)

[DEBUG] 🎯 Célzott Forgalom Generálása (R1C1_C) | Period: 7.9447
Found 6 valid OD pairs for R1C1_C
Generating focused traffic: Period 7.9447s
[INFO] Subscriptions active: 6 (libsumo, fast mode)
[INFO] Episode duration: 1800s (30 min)

[DEBUG] 🎯 Célzott Forgalom Generálása (R1C1_C) | Period: 6.9361
Found 6 valid OD pairs for R1C1_C
Generating focused traffic: Period 6.9361s
[INFO] Subscriptions active: 6 (libsumo, fast mode)
[INFO] Episode duration: 1800s (30 min)

[DEBUG] 🎯 Célzott Forgalom Generálása (R1C1_C) | Period: 6.8642
Found 6 valid OD pairs for R1C1_C
Generating focused traffic: Period 6.8642s
[INFO] Subscriptions active: 6 (libsumo, fast mode)
[INFO] Episode duration: 900s (15 min)

[DEBUG] 🎯 Célzott Forgalom Generálása (R1C1_C) | Period: 4.7178
Found 6 valid OD pairs for R1C1_C
Generating focused traffic: Period 4.7178s
[INFO] Subscriptions active: 6 (libsumo, fast mode)
[INFO] Episode duration: 1800s (30 min)

[DEBUG] 🎯 Célzott Forgalom Generálása (R1C1_C) | Period: 7.2835
Found 6 valid OD pairs for R1C1_C
Generating focused traffic: Period 7.2835s
[INFO] Subscriptions active: 6 (libsumo, fast mode)
[INFO] Episode duration: 2700s (45 min)

[DEBUG] 🎯 Célzott Forgalom Generálása (R1C1_C) | Period: 6.3935
Found 6 valid OD pairs for R1C1_C
Generating focused traffic: Period 6.3935s
[INFO] Subscriptions active: 6 (libsumo, fast mode)
[INFO] Episode duration: 2700s (45 min)

[DEBUG] 🎯 Célzott Forgalom Generálása (R1C1_C) | Period: 4.4148
Found 6 valid OD pairs for R1C1_C
Generating focused traffic: Period 4.4148s
[INFO] Subscriptions active: 6 (libsumo, fast mode)
[INFO] Episode duration: 3600s (60 min)

[DEBUG] 🎯 Célzott Forgalom Generálása (R1C1_C) | Period: 7.707
Found 6 valid OD pairs for R1C1_C
Generating focused traffic: Period 7.7070s
[INFO] Subscriptions active: 6 (libsumo, fast mode)
[INFO] Episode duration: 900s (15 min)

[DEBUG] 🎯 Célzott Forgalom Generálása (R1C1_C) | Period: 5.5229
Found 6 valid OD pairs for R1C1_C
Generating focused traffic: Period 5.5229s
[INFO] Subscriptions active: 6 (libsumo, fast mode)
[INFO] Episode duration: 1800s (30 min)

[DEBUG] 🎯 Célzott Forgalom Generálása (R1C1_C) | Period: 7.9726
Found 6 valid OD pairs for R1C1_C
Generating focused traffic: Period 7.9726s
[INFO] Subscriptions active: 6 (libsumo, fast mode)
[INFO] Episode duration: 1800s (30 min)

[DEBUG] 🎯 Célzott Forgalom Generálása (R1C1_C) | Period: 7.3753
Found 6 valid OD pairs for R1C1_C
Generating focused traffic: Period 7.3753s
[INFO] Subscriptions active: 6 (libsumo, fast mode)
[INFO] Episode duration: 3600s (60 min)

[DEBUG] 🎯 Célzott Forgalom Generálása (R1C1_C) | Period: 5.5545
Found 6 valid OD pairs for R1C1_C
Generating focused traffic: Period 5.5545s
[INFO] Subscriptions active: 6 (libsumo, fast mode)
[INFO] Episode duration: 2700s (45 min)

[DEBUG] 🎯 Célzott Forgalom Generálása (R1C1_C) | Period: 6.7061
Found 6 valid OD pairs for R1C1_C
Generating focused traffic: Period 6.7061s
[INFO] Subscriptions active: 6 (libsumo, fast mode)
[INFO] Episode duration: 900s (15 min)

[DEBUG] 🎯 Célzott Forgalom Generálása (R1C1_C) | Period: 4.5858
Found 6 valid OD pairs for R1C1_C
Generating focused traffic: Period 4.5858s
[INFO] Subscriptions active: 6 (libsumo, fast mode)
[INFO] Episode duration: 900s (15 min)

[DEBUG] 🎯 Célzott Forgalom Generálása (R1C1_C) | Period: 4.2336
Found 6 valid OD pairs for R1C1_C
Generating focused traffic: Period 4.2336s
[INFO] Subscriptions active: 6 (libsumo, fast mode)
[INFO] Episode duration: 1800s (30 min)

[DEBUG] 🎯 Célzott Forgalom Generálása (R1C1_C) | Period: 5.1379
Found 6 valid OD pairs for R1C1_C
Generating focused traffic: Period 5.1379s
[INFO] Subscriptions active: 6 (libsumo, fast mode)
[INFO] Episode duration: 1800s (30 min)

[DEBUG] 🎯 Célzott Forgalom Generálása (R1C1_C) | Period: 5.0654
Found 6 valid OD pairs for R1C1_C
Generating focused traffic: Period 5.0654s
[INFO] Subscriptions active: 6 (libsumo, fast mode)
[INFO] Episode duration: 900s (15 min)

[DEBUG] 🎯 Célzott Forgalom Generálása (R1C1_C) | Period: 6.7005
Found 6 valid OD pairs for R1C1_C
Generating focused traffic: Period 6.7005s
[INFO] Subscriptions active: 6 (libsumo, fast mode)
[INFO] Episode duration: 2700s (45 min)

[DEBUG] 🎯 Célzott Forgalom Generálása (R1C1_C) | Period: 5.7592
Found 6 valid OD pairs for R1C1_C
Generating focused traffic: Period 5.7592s
[INFO] Subscriptions active: 6 (libsumo, fast mode)
[INFO] Episode duration: 1800s (30 min)

[DEBUG] 🎯 Célzott Forgalom Generálása (R1C1_C) | Period: 7.523
Found 6 valid OD pairs for R1C1_C
Generating focused traffic: Period 7.5230s
[INFO] Subscriptions active: 6 (libsumo, fast mode)
[INFO] Episode duration: 1800s (30 min)

[DEBUG] 🎯 Célzott Forgalom Generálása (R1C1_C) | Period: 6.2233
Found 6 valid OD pairs for R1C1_C
Generating focused traffic: Period 6.2233s
[INFO] Subscriptions active: 6 (libsumo, fast mode)
[INFO] Episode duration: 1800s (30 min)

[DEBUG] 🎯 Célzott Forgalom Generálása (R1C1_C) | Period: 7.366
Found 6 valid OD pairs for R1C1_C
Generating focused traffic: Period 7.3660s
[INFO] Subscriptions active: 6 (libsumo, fast mode)
[INFO] Episode duration: 2700s (45 min)

[DEBUG] 🎯 Célzott Forgalom Generálása (R1C1_C) | Period: 4.5917
Found 6 valid OD pairs for R1C1_C
Generating focused traffic: Period 4.5917s
[INFO] Subscriptions active: 6 (libsumo, fast mode)
[INFO] Episode duration: 1800s (30 min)

[DEBUG] 🎯 Célzott Forgalom Generálása (R1C1_C) | Period: 6.171
Found 6 valid OD pairs for R1C1_C
Generating focused traffic: Period 6.1710s
[INFO] Subscriptions active: 6 (libsumo, fast mode)
[INFO] Episode duration: 3600s (60 min)

[DEBUG] 🎯 Célzott Forgalom Generálása (R1C1_C) | Period: 7.2495
Found 6 valid OD pairs for R1C1_C
Generating focused traffic: Period 7.2495s
[INFO] Subscriptions active: 6 (libsumo, fast mode)
[INFO] Episode duration: 1800s (30 min)

[DEBUG] 🎯 Célzott Forgalom Generálása (R1C1_C) | Period: 5.359
Found 6 valid OD pairs for R1C1_C
Generating focused traffic: Period 5.3590s
[INFO] Subscriptions active: 6 (libsumo, fast mode)
[INFO] Episode duration: 3600s (60 min)

[DEBUG] 🎯 Célzott Forgalom Generálása (R1C1_C) | Period: 7.7011
Found 6 valid OD pairs for R1C1_C
Generating focused traffic: Period 7.7011s
[INFO] Subscriptions active: 6 (libsumo, fast mode)
[INFO] Episode duration: 900s (15 min)

[DEBUG] 🎯 Célzott Forgalom Generálása (R1C1_C) | Period: 6.2401
Found 6 valid OD pairs for R1C1_C
Generating focused traffic: Period 6.2401s
[INFO] Subscriptions active: 6 (libsumo, fast mode)
[INFO] Episode duration: 2700s (45 min)

[DEBUG] 🎯 Célzott Forgalom Generálása (R1C1_C) | Period: 7.5482
Found 6 valid OD pairs for R1C1_C
Generating focused traffic: Period 7.5482s
[INFO] Subscriptions active: 6 (libsumo, fast mode)
[INFO] Episode duration: 2700s (45 min)

[DEBUG] 🎯 Célzott Forgalom Generálása (R1C1_C) | Period: 7.3701
Found 6 valid OD pairs for R1C1_C
Generating focused traffic: Period 7.3701s
[INFO] Subscriptions active: 6 (libsumo, fast mode)
[INFO] Episode duration: 3600s (60 min)

[DEBUG] 🎯 Célzott Forgalom Generálása (R1C1_C) | Period: 6.1058
Found 6 valid OD pairs for R1C1_C
Generating focused traffic: Period 6.1058s
[INFO] Subscriptions active: 6 (libsumo, fast mode)
[INFO] Episode duration: 1800s (30 min)

[DEBUG] 🎯 Célzott Forgalom Generálása (R1C1_C) | Period: 7.9546
Found 6 valid OD pairs for R1C1_C
Generating focused traffic: Period 7.9546s
[INFO] Subscriptions active: 6 (libsumo, fast mode)
[INFO] Episode duration: 3600s (60 min)

[DEBUG] 🎯 Célzott Forgalom Generálása (R1C1_C) | Period: 5.4601
Found 6 valid OD pairs for R1C1_C
Generating focused traffic: Period 5.4601s
[INFO] Subscriptions active: 6 (libsumo, fast mode)
[INFO] Episode duration: 2700s (45 min)
wandb: WARNING Symlinked 1 file into the W&B run directory; call wandb.save again to sync new files.
/Users/wagnertamas/Documents/Munka/cikkek/AI_agens_konyvtar/support/intergreen_matrix_calculator/rl_trainer.py:857: UserWarning: Exporting a model while it is in training mode. Please ensure that this is intended, as it may lead to different behavior during inference. Calling model.eval() before export is recommended.
  torch.onnx.export(
/Users/wagnertamas/Documents/Munka/cikkek/AI_agens_konyvtar/support/intergreen_matrix_calculator/rl_trainer.py:857: UserWarning: # 'dynamic_axes' is not recommended when dynamo=True, and may lead to 'torch._dynamo.exc.UserError: Constraints violated.' Supply the 'dynamic_shapes' argument instead if export is unsuccessful.
  torch.onnx.export(
wandb: updating run metadata
wandb: uploading pytorch_models/R1C1_C.zip; uploading output.log; uploading config.yaml
wandb: uploading pytorch_models/R1C1_C.zip; uploading output.log
wandb: uploading pytorch_models/R1C1_C.zip
wandb: 
wandb: Run history:
wandb:         R1C1_C/action_pct/phase_0 ▃▃▃▃▃▄▃▃▃▅▄▆▅▆▄▇▂█▇███▇▇▇▆▂▇▆▁██▁▆▄▁▁▃▃▁
wandb:         R1C1_C/action_pct/phase_1 ▇██▆▅▆▅▄▄▃▄▃▃▂▁▂▂▂▁▁▂▂▂▂▂▂▂▂▂▂▁▂▁▁▁▁▁▁▂▁
wandb:         R1C1_C/action_pct/phase_2 ▆▄▄▅▅▄▄▅▅▅▅▄▃▂▄▂▆▂▃▁▂▂▃▂▂▄█▃▃▆▁▁▅▂▃▄▃▂▂▂
wandb:         R1C1_C/action_pct/phase_3 ▃▃▃▃▃▃▃▃▃▂▃▂▃▂▄▂▄▁▁▁▁▁▂▁▂▂▄▂▂▆▁▁▆▃▅▇▇▆▆█
wandb:         R1C1_C/train/entropy_loss ▁▁▁▁▁▁▂▃▄▆▇▇▇▇▇▇███▆▆▆▇▇▇▇▇▇▇▇▇█▇██▇▇▇██
wandb:        R1C1_C/train/learning_rate ▁▁▁▁▁▁▁▁▁▁▁▁▁▁▁▁▁▁▁▁▁▁▁▁▁▁▁▁▁▁▁▁▁▁▁▁▁▁▁▁
wandb:                 R1C1_C/train/loss ▁▁▂▃▂▁▃▃▃▁▂▂▂▁▄▄▂▁▂▂▃▃▃▁▁▁▃▁▁▁█▁▇▁▁▁▄▂▂▆
wandb: R1C1_C/train/policy_gradient_loss ▄▄▃▃▃▄▄▃▃▅▂▂▄▄▂▁▁▁▅▆▄██▅▅▆▇▆▆▆▇▂▇▇▇█▄▇▂▄
wandb:           R1C1_C/train/value_loss ▁▁▁▂▃▃▂▂▂▄▂▅▃▅▅▅▅▄▄▅▆▅▅▆▆▅▅▅▅▇▇▇▅▅▇▇██▆▆
wandb:                        avg_reward ▆▄▅▄▇▄▁▄▃▃▆▅▃█▃▆▅▅▅▅▇▇▆▆▆▅▆▆▅▅▆▆▆▆▆▇▆▅█▅
wandb:                                +9 ...
wandb: 
wandb: Run summary:
wandb:         R1C1_C/action_pct/phase_0 0.55556
wandb:         R1C1_C/action_pct/phase_1 0.13889
wandb:         R1C1_C/action_pct/phase_2 4.30556
wandb:         R1C1_C/action_pct/phase_3 95
wandb:         R1C1_C/train/entropy_loss -0.20638
wandb:        R1C1_C/train/learning_rate 0.0001
wandb:                 R1C1_C/train/loss 18.4482
wandb: R1C1_C/train/policy_gradient_loss -0.00324
wandb:           R1C1_C/train/value_loss 26.96509
wandb:                        avg_reward 0.59145
wandb:                                +9 ...
wandb: 
wandb: 🚀 View run ppo_co2_speedstd_2x128_2_R1C1_C at: https://wandb.ai/wagnertamas-budapesti-m-szaki-s-gazdas-gtudom-nyi-egyetem/sumo-rl-stat/runs/k0c9uzjg
wandb: ⭐️ View project at: https://wandb.ai/wagnertamas-budapesti-m-szaki-s-gazdas-gtudom-nyi-egyetem/sumo-rl-stat
wandb: Synced 5 W&B file(s), 0 media file(s), 0 artifact file(s) and 1 other file(s)
wandb: Find logs at: ./wandb/run-20260322_002925-k0c9uzjg/logs

[DEBUG] 🎯 Célzott Forgalom Generálása (R1C1_C) | Period: 7.173
Found 6 valid OD pairs for R1C1_C
Generating focused traffic: Period 7.1730s
[INFO] Subscriptions active: 6 (libsumo, fast mode)
[INFO] Episode duration: 3600s (60 min)

[DEBUG] 🎯 Célzott Forgalom Generálása (R1C1_C) | Period: 6.0405
Found 6 valid OD pairs for R1C1_C
Generating focused traffic: Period 6.0405s
[INFO] Subscriptions active: 6 (libsumo, fast mode)
[INFO] Episode duration: 900s (15 min)

[DEBUG] 🎯 Célzott Forgalom Generálása (R1C1_C) | Period: 6.1935
Found 6 valid OD pairs for R1C1_C
Generating focused traffic: Period 6.1935s
[INFO] Subscriptions active: 6 (libsumo, fast mode)
[INFO] Episode duration: 2700s (45 min)

[DEBUG] 🎯 Célzott Forgalom Generálása (R1C1_C) | Period: 4.2072
Found 6 valid OD pairs for R1C1_C
Generating focused traffic: Period 4.2072s
[INFO] Subscriptions active: 6 (libsumo, fast mode)
[INFO] Episode duration: 3600s (60 min)

[DEBUG] 🎯 Célzott Forgalom Generálása (R1C1_C) | Period: 7.5341
Found 6 valid OD pairs for R1C1_C
Generating focused traffic: Period 7.5341s
[INFO] Subscriptions active: 6 (libsumo, fast mode)
On-policy training completed.
Closing environment and EXPORTING models...
Saving PyTorch ZIP models to /Users/wagnertamas/Documents/Munka/cikkek/AI_agens_konyvtar/support/intergreen_matrix_calculator/data/runs/pytorch_models...
Saved PyTorch R1C1_C to /Users/wagnertamas/Documents/Munka/cikkek/AI_agens_konyvtar/support/intergreen_matrix_calculator/data/runs/pytorch_models/R1C1_C.zip
Exporting ONNX models to /Users/wagnertamas/Documents/Munka/cikkek/AI_agens_konyvtar/support/intergreen_matrix_calculator/data/runs/onnx_models...
Failed to export R1C1_C: # Failed to convert 'dynamic_axes' to 'dynamic_shapes'. Please provide 'dynamic_shapes' directly. Refer to the documentation for 'torch.export.export' for more information on dynamic shapes.
Cleanup done.
