wandb: [wandb.login()] Loaded credentials for https://api.wandb.ai from /Users/wagnertamas/.netrc.
wandb: Currently logged in as: wagnertamas (wagnertamas-budapesti-m-szaki-s-gazdas-gtudom-nyi-egyetem) to https://api.wandb.ai. Use `wandb login --relogin` to force relogin
wandb: setting up run grfiqp6p
wandb: Tracking run with wandb version 0.25.0
wandb: Run data is saved locally in /Users/wagnertamas/Documents/Munka/cikkek/AI_agens_konyvtar/support/intergreen_matrix_calculator/wandb/run-20260322_001341-grfiqp6p
wandb: Run `wandb offline` to turn off syncing.
wandb: Syncing run ppo_co2_speedstd_1x64_2_R1C1_C
wandb: ⭐️ View project at https://wandb.ai/wagnertamas-budapesti-m-szaki-s-gazdas-gtudom-nyi-egyetem/sumo-rl-stat
wandb: 🚀 View run at https://wandb.ai/wagnertamas-budapesti-m-szaki-s-gazdas-gtudom-nyi-egyetem/sumo-rl-stat/runs/grfiqp6p
[INFO] Config: training_config.yaml
[INFO] Net: /Users/wagnertamas/Documents/Munka/cikkek/AI_agens_konyvtar/support/intergreen_matrix_calculator/data/mega_catalogue_v2.net.xml
[INFO] Timesteps: 100000 | Project: sumo-rl-stat
[INFO] Junction: R1C1_C
[INFO] Algorithm: ppo | Reward: co2_speedstd
[INFO] Load model: None (fresh)
[INFO] Traffic: random target+spread (epizódonként)
Initializing Environment (algorithm=ppo, reward=co2_speedstd)...
[INFO] Algorithm: ppo (on_policy)
[INFO] Reward mode: co2_speedstd
WandB config applied (Sweep compatible).
[INFO] Junction reward params auto-loaded from /Users/wagnertamas/Documents/Munka/cikkek/AI_agens_konyvtar/support/intergreen_matrix_calculator/data/junction_reward_params.json
[INFO] Using 'libsumo' (fast headless mode, OS=darwin).
Starting SUMO...
[INFO] Episode duration: 1800s (30 min)

[DEBUG] 🎯 Célzott Forgalom Generálása (R1C1_C) | Period: 5.9676
Found 6 valid OD pairs for R1C1_C
Generating focused traffic: Period 5.9676s
[INFO] Network mapped: 1 agents, 3 detectors, 3 lanes
[INFO] Subscriptions active: 6 (libsumo, fast mode)
Agents discovered: ['R1C1_C']
[INFO] RL device: mps
[INFO] On-policy training: ppo → R1C1_C
Using mps device
Wrapping the env with a `Monitor` wrapper
Wrapping the env in a DummyVecEnv.
Starting on-policy training: 100000 timesteps...
[INFO] Episode duration: 3600s (60 min)

[DEBUG] 🎯 Célzott Forgalom Generálása (R1C1_C) | Period: 6.5989
Found 6 valid OD pairs for R1C1_C
Generating focused traffic: Period 6.5989s
[INFO] Subscriptions active: 6 (libsumo, fast mode)
Logging to /Users/wagnertamas/Documents/Munka/cikkek/AI_agens_konyvtar/support/intergreen_matrix_calculator/data/runs/sumo-rl-stat/R1C1_C/PPO_149
[INFO] Episode duration: 2700s (45 min)

[DEBUG] 🎯 Célzott Forgalom Generálása (R1C1_C) | Period: 4.3972
Found 6 valid OD pairs for R1C1_C
Generating focused traffic: Period 4.3972s
[INFO] Subscriptions active: 6 (libsumo, fast mode)
[INFO] Episode duration: 900s (15 min)

[DEBUG] 🎯 Célzott Forgalom Generálása (R1C1_C) | Period: 4.5341
Found 6 valid OD pairs for R1C1_C
Generating focused traffic: Period 4.5341s
[INFO] Subscriptions active: 6 (libsumo, fast mode)
[INFO] Episode duration: 1800s (30 min)

[DEBUG] 🎯 Célzott Forgalom Generálása (R1C1_C) | Period: 7.2374
Found 6 valid OD pairs for R1C1_C
Generating focused traffic: Period 7.2374s
[INFO] Subscriptions active: 6 (libsumo, fast mode)
[INFO] Episode duration: 900s (15 min)

[DEBUG] 🎯 Célzott Forgalom Generálása (R1C1_C) | Period: 4.664
Found 6 valid OD pairs for R1C1_C
Generating focused traffic: Period 4.6640s
[INFO] Subscriptions active: 6 (libsumo, fast mode)
[INFO] Episode duration: 3600s (60 min)

[DEBUG] 🎯 Célzott Forgalom Generálása (R1C1_C) | Period: 6.138
Found 6 valid OD pairs for R1C1_C
Generating focused traffic: Period 6.1380s
[INFO] Subscriptions active: 6 (libsumo, fast mode)
[INFO] Episode duration: 3600s (60 min)

[DEBUG] 🎯 Célzott Forgalom Generálása (R1C1_C) | Period: 6.1821
Found 6 valid OD pairs for R1C1_C
Generating focused traffic: Period 6.1821s
[INFO] Subscriptions active: 6 (libsumo, fast mode)
[INFO] Episode duration: 900s (15 min)

[DEBUG] 🎯 Célzott Forgalom Generálása (R1C1_C) | Period: 7.802
Found 6 valid OD pairs for R1C1_C
Generating focused traffic: Period 7.8020s
[INFO] Subscriptions active: 6 (libsumo, fast mode)
[INFO] Episode duration: 900s (15 min)

[DEBUG] 🎯 Célzott Forgalom Generálása (R1C1_C) | Period: 7.9805
Found 6 valid OD pairs for R1C1_C
Generating focused traffic: Period 7.9805s
[INFO] Subscriptions active: 6 (libsumo, fast mode)
[INFO] Episode duration: 1800s (30 min)

[DEBUG] 🎯 Célzott Forgalom Generálása (R1C1_C) | Period: 6.2989
Found 6 valid OD pairs for R1C1_C
Generating focused traffic: Period 6.2989s
[INFO] Subscriptions active: 6 (libsumo, fast mode)
[INFO] Episode duration: 1800s (30 min)

[DEBUG] 🎯 Célzott Forgalom Generálása (R1C1_C) | Period: 4.1736
Found 6 valid OD pairs for R1C1_C
Generating focused traffic: Period 4.1736s
[INFO] Subscriptions active: 6 (libsumo, fast mode)
[INFO] Episode duration: 3600s (60 min)

[DEBUG] 🎯 Célzott Forgalom Generálása (R1C1_C) | Period: 5.9871
Found 6 valid OD pairs for R1C1_C
Generating focused traffic: Period 5.9871s
[INFO] Subscriptions active: 6 (libsumo, fast mode)
[INFO] Episode duration: 1800s (30 min)

[DEBUG] 🎯 Célzott Forgalom Generálása (R1C1_C) | Period: 6.048
Found 6 valid OD pairs for R1C1_C
Generating focused traffic: Period 6.0480s
[INFO] Subscriptions active: 6 (libsumo, fast mode)
[INFO] Episode duration: 2700s (45 min)

[DEBUG] 🎯 Célzott Forgalom Generálása (R1C1_C) | Period: 6.2495
Found 6 valid OD pairs for R1C1_C
Generating focused traffic: Period 6.2495s
[INFO] Subscriptions active: 6 (libsumo, fast mode)
[INFO] Episode duration: 900s (15 min)

[DEBUG] 🎯 Célzott Forgalom Generálása (R1C1_C) | Period: 4.6582
Found 6 valid OD pairs for R1C1_C
Generating focused traffic: Period 4.6582s
[INFO] Subscriptions active: 6 (libsumo, fast mode)
[INFO] Episode duration: 3600s (60 min)

[DEBUG] 🎯 Célzott Forgalom Generálása (R1C1_C) | Period: 4.2524
Found 6 valid OD pairs for R1C1_C
Generating focused traffic: Period 4.2524s
[INFO] Subscriptions active: 6 (libsumo, fast mode)
[INFO] Episode duration: 900s (15 min)

[DEBUG] 🎯 Célzott Forgalom Generálása (R1C1_C) | Period: 4.2415
Found 6 valid OD pairs for R1C1_C
Generating focused traffic: Period 4.2415s
[INFO] Subscriptions active: 6 (libsumo, fast mode)
[INFO] Episode duration: 1800s (30 min)

[DEBUG] 🎯 Célzott Forgalom Generálása (R1C1_C) | Period: 7.9387
Found 6 valid OD pairs for R1C1_C
Generating focused traffic: Period 7.9387s
[INFO] Subscriptions active: 6 (libsumo, fast mode)
[INFO] Episode duration: 900s (15 min)

[DEBUG] 🎯 Célzott Forgalom Generálása (R1C1_C) | Period: 7.3517
Found 6 valid OD pairs for R1C1_C
Generating focused traffic: Period 7.3517s
[INFO] Subscriptions active: 6 (libsumo, fast mode)
[INFO] Episode duration: 900s (15 min)

[DEBUG] 🎯 Célzott Forgalom Generálása (R1C1_C) | Period: 6.8217
Found 6 valid OD pairs for R1C1_C
Generating focused traffic: Period 6.8217s
[INFO] Subscriptions active: 6 (libsumo, fast mode)
[INFO] Episode duration: 900s (15 min)

[DEBUG] 🎯 Célzott Forgalom Generálása (R1C1_C) | Period: 7.6825
Found 6 valid OD pairs for R1C1_C
Generating focused traffic: Period 7.6825s
[INFO] Subscriptions active: 6 (libsumo, fast mode)
[INFO] Episode duration: 2700s (45 min)

[DEBUG] 🎯 Célzott Forgalom Generálása (R1C1_C) | Period: 7.348
Found 6 valid OD pairs for R1C1_C
Generating focused traffic: Period 7.3480s
[INFO] Subscriptions active: 6 (libsumo, fast mode)
[INFO] Episode duration: 1800s (30 min)

[DEBUG] 🎯 Célzott Forgalom Generálása (R1C1_C) | Period: 6.5036
Found 6 valid OD pairs for R1C1_C
Generating focused traffic: Period 6.5036s
[INFO] Subscriptions active: 6 (libsumo, fast mode)
[INFO] Episode duration: 1800s (30 min)

[DEBUG] 🎯 Célzott Forgalom Generálása (R1C1_C) | Period: 7.0951
Found 6 valid OD pairs for R1C1_C
Generating focused traffic: Period 7.0951s
[INFO] Subscriptions active: 6 (libsumo, fast mode)
[INFO] Episode duration: 3600s (60 min)

[DEBUG] 🎯 Célzott Forgalom Generálása (R1C1_C) | Period: 7.4231
Found 6 valid OD pairs for R1C1_C
Generating focused traffic: Period 7.4231s
[INFO] Subscriptions active: 6 (libsumo, fast mode)
[INFO] Episode duration: 1800s (30 min)

[DEBUG] 🎯 Célzott Forgalom Generálása (R1C1_C) | Period: 5.4961
Found 6 valid OD pairs for R1C1_C
Generating focused traffic: Period 5.4961s
[INFO] Subscriptions active: 6 (libsumo, fast mode)
[INFO] Episode duration: 2700s (45 min)

[DEBUG] 🎯 Célzott Forgalom Generálása (R1C1_C) | Period: 5.5236
Found 6 valid OD pairs for R1C1_C
Generating focused traffic: Period 5.5236s
[INFO] Subscriptions active: 6 (libsumo, fast mode)
[INFO] Episode duration: 900s (15 min)

[DEBUG] 🎯 Célzott Forgalom Generálása (R1C1_C) | Period: 7.4809
Found 6 valid OD pairs for R1C1_C
Generating focused traffic: Period 7.4809s
[INFO] Subscriptions active: 6 (libsumo, fast mode)
[INFO] Episode duration: 3600s (60 min)

[DEBUG] 🎯 Célzott Forgalom Generálása (R1C1_C) | Period: 7.5182
Found 6 valid OD pairs for R1C1_C
Generating focused traffic: Period 7.5182s
[INFO] Subscriptions active: 6 (libsumo, fast mode)
[INFO] Episode duration: 900s (15 min)

[DEBUG] 🎯 Célzott Forgalom Generálása (R1C1_C) | Period: 6.9431
Found 6 valid OD pairs for R1C1_C
Generating focused traffic: Period 6.9431s
[INFO] Subscriptions active: 6 (libsumo, fast mode)
[INFO] Episode duration: 1800s (30 min)

[DEBUG] 🎯 Célzott Forgalom Generálása (R1C1_C) | Period: 4.9118
Found 6 valid OD pairs for R1C1_C
Generating focused traffic: Period 4.9118s
[INFO] Subscriptions active: 6 (libsumo, fast mode)
[INFO] Episode duration: 1800s (30 min)

[DEBUG] 🎯 Célzott Forgalom Generálása (R1C1_C) | Period: 6.8953
Found 6 valid OD pairs for R1C1_C
Generating focused traffic: Period 6.8953s
[INFO] Subscriptions active: 6 (libsumo, fast mode)
[INFO] Episode duration: 1800s (30 min)

[DEBUG] 🎯 Célzott Forgalom Generálása (R1C1_C) | Period: 4.255
Found 6 valid OD pairs for R1C1_C
Generating focused traffic: Period 4.2550s
[INFO] Subscriptions active: 6 (libsumo, fast mode)
[INFO] Episode duration: 3600s (60 min)

[DEBUG] 🎯 Célzott Forgalom Generálása (R1C1_C) | Period: 7.2968
Found 6 valid OD pairs for R1C1_C
Generating focused traffic: Period 7.2968s
[INFO] Subscriptions active: 6 (libsumo, fast mode)
[INFO] Episode duration: 2700s (45 min)

[DEBUG] 🎯 Célzott Forgalom Generálása (R1C1_C) | Period: 4.6584
Found 6 valid OD pairs for R1C1_C
Generating focused traffic: Period 4.6584s
[INFO] Subscriptions active: 6 (libsumo, fast mode)
[INFO] Episode duration: 2700s (45 min)

[DEBUG] 🎯 Célzott Forgalom Generálása (R1C1_C) | Period: 7.5177
Found 6 valid OD pairs for R1C1_C
Generating focused traffic: Period 7.5177s
[INFO] Subscriptions active: 6 (libsumo, fast mode)
[INFO] Episode duration: 1800s (30 min)

[DEBUG] 🎯 Célzott Forgalom Generálása (R1C1_C) | Period: 7.9971
Found 6 valid OD pairs for R1C1_C
Generating focused traffic: Period 7.9971s
[INFO] Subscriptions active: 6 (libsumo, fast mode)
[INFO] Episode duration: 2700s (45 min)

[DEBUG] 🎯 Célzott Forgalom Generálása (R1C1_C) | Period: 7.095
Found 6 valid OD pairs for R1C1_C
Generating focused traffic: Period 7.0950s
[INFO] Subscriptions active: 6 (libsumo, fast mode)
[INFO] Episode duration: 1800s (30 min)

[DEBUG] 🎯 Célzott Forgalom Generálása (R1C1_C) | Period: 7.4517
Found 6 valid OD pairs for R1C1_C
Generating focused traffic: Period 7.4517s
[INFO] Subscriptions active: 6 (libsumo, fast mode)
[INFO] Episode duration: 2700s (45 min)

[DEBUG] 🎯 Célzott Forgalom Generálása (R1C1_C) | Period: 4.5581
Found 6 valid OD pairs for R1C1_C
Generating focused traffic: Period 4.5581s
[INFO] Subscriptions active: 6 (libsumo, fast mode)
[INFO] Episode duration: 1800s (30 min)

[DEBUG] 🎯 Célzott Forgalom Generálása (R1C1_C) | Period: 6.0437
Found 6 valid OD pairs for R1C1_C
Generating focused traffic: Period 6.0437s
[INFO] Subscriptions active: 6 (libsumo, fast mode)
[INFO] Episode duration: 900s (15 min)

[DEBUG] 🎯 Célzott Forgalom Generálása (R1C1_C) | Period: 4.4547
Found 6 valid OD pairs for R1C1_C
Generating focused traffic: Period 4.4547s
[INFO] Subscriptions active: 6 (libsumo, fast mode)
[INFO] Episode duration: 2700s (45 min)

[DEBUG] 🎯 Célzott Forgalom Generálása (R1C1_C) | Period: 6.7292
Found 6 valid OD pairs for R1C1_C
Generating focused traffic: Period 6.7292s
[INFO] Subscriptions active: 6 (libsumo, fast mode)
[INFO] Episode duration: 900s (15 min)

[DEBUG] 🎯 Célzott Forgalom Generálása (R1C1_C) | Period: 7.678
Found 6 valid OD pairs for R1C1_C
Generating focused traffic: Period 7.6780s
[INFO] Subscriptions active: 6 (libsumo, fast mode)
[INFO] Episode duration: 3600s (60 min)

[DEBUG] 🎯 Célzott Forgalom Generálása (R1C1_C) | Period: 4.0131
Found 6 valid OD pairs for R1C1_C
Generating focused traffic: Period 4.0131s
[INFO] Subscriptions active: 6 (libsumo, fast mode)
[INFO] Episode duration: 900s (15 min)

[DEBUG] 🎯 Célzott Forgalom Generálása (R1C1_C) | Period: 7.669
Found 6 valid OD pairs for R1C1_C
Generating focused traffic: Period 7.6690s
[INFO] Subscriptions active: 6 (libsumo, fast mode)
[INFO] Episode duration: 2700s (45 min)

[DEBUG] 🎯 Célzott Forgalom Generálása (R1C1_C) | Period: 4.3213
Found 6 valid OD pairs for R1C1_C
Generating focused traffic: Period 4.3213s
[INFO] Subscriptions active: 6 (libsumo, fast mode)
[INFO] Episode duration: 3600s (60 min)

[DEBUG] 🎯 Célzott Forgalom Generálása (R1C1_C) | Period: 7.9319
Found 6 valid OD pairs for R1C1_C
Generating focused traffic: Period 7.9319s
[INFO] Subscriptions active: 6 (libsumo, fast mode)
[INFO] Episode duration: 900s (15 min)

[DEBUG] 🎯 Célzott Forgalom Generálása (R1C1_C) | Period: 4.0928
Found 6 valid OD pairs for R1C1_C
Generating focused traffic: Period 4.0928s
[INFO] Subscriptions active: 6 (libsumo, fast mode)
[INFO] Episode duration: 3600s (60 min)

[DEBUG] 🎯 Célzott Forgalom Generálása (R1C1_C) | Period: 7.7462
Found 6 valid OD pairs for R1C1_C
Generating focused traffic: Period 7.7462s
[INFO] Subscriptions active: 6 (libsumo, fast mode)
------------------------------------------
| rollout/                |              |
|    ep_len_mean          | 415          |
|    ep_rew_mean          | 156          |
| time/                   |              |
|    fps                  | 122          |
|    iterations           | 10           |
|    time_elapsed         | 167          |
|    total_timesteps      | 20480        |
| train/                  |              |
|    approx_kl            | 0.0061923685 |
|    clip_fraction        | 0.0495       |
|    clip_range           | 0.2          |
|    entropy_loss         | -1.19        |
|    explained_variance   | -0.388       |
|    learning_rate        | 0.0001       |
|    loss                 | 6.86         |
|    n_updates            | 90           |
|    policy_gradient_loss | -0.00566     |
|    value_loss           | 18.3         |
------------------------------------------
[INFO] Episode duration: 900s (15 min)

[DEBUG] 🎯 Célzott Forgalom Generálása (R1C1_C) | Period: 7.9059
Found 6 valid OD pairs for R1C1_C
Generating focused traffic: Period 7.9059s
[INFO] Subscriptions active: 6 (libsumo, fast mode)
[INFO] Episode duration: 2700s (45 min)

[DEBUG] 🎯 Célzott Forgalom Generálása (R1C1_C) | Period: 6.145
Found 6 valid OD pairs for R1C1_C
Generating focused traffic: Period 6.1450s
[INFO] Subscriptions active: 6 (libsumo, fast mode)
[INFO] Episode duration: 2700s (45 min)

[DEBUG] 🎯 Célzott Forgalom Generálása (R1C1_C) | Period: 5.0743
Found 6 valid OD pairs for R1C1_C
Generating focused traffic: Period 5.0743s
[INFO] Subscriptions active: 6 (libsumo, fast mode)
[INFO] Episode duration: 1800s (30 min)

[DEBUG] 🎯 Célzott Forgalom Generálása (R1C1_C) | Period: 7.8722
Found 6 valid OD pairs for R1C1_C
Generating focused traffic: Period 7.8722s
[INFO] Subscriptions active: 6 (libsumo, fast mode)
[INFO] Episode duration: 900s (15 min)

[DEBUG] 🎯 Célzott Forgalom Generálása (R1C1_C) | Period: 6.6242
Found 6 valid OD pairs for R1C1_C
Generating focused traffic: Period 6.6242s
[INFO] Subscriptions active: 6 (libsumo, fast mode)
[INFO] Episode duration: 3600s (60 min)

[DEBUG] 🎯 Célzott Forgalom Generálása (R1C1_C) | Period: 4.6464
Found 6 valid OD pairs for R1C1_C
Generating focused traffic: Period 4.6464s
[INFO] Subscriptions active: 6 (libsumo, fast mode)
[INFO] Episode duration: 1800s (30 min)

[DEBUG] 🎯 Célzott Forgalom Generálása (R1C1_C) | Period: 7.0927
Found 6 valid OD pairs for R1C1_C
Generating focused traffic: Period 7.0927s
[INFO] Subscriptions active: 6 (libsumo, fast mode)
[INFO] Episode duration: 3600s (60 min)

[DEBUG] 🎯 Célzott Forgalom Generálása (R1C1_C) | Period: 5.8263
Found 6 valid OD pairs for R1C1_C
Generating focused traffic: Period 5.8263s
[INFO] Subscriptions active: 6 (libsumo, fast mode)
[INFO] Episode duration: 1800s (30 min)

[DEBUG] 🎯 Célzott Forgalom Generálása (R1C1_C) | Period: 7.0133
Found 6 valid OD pairs for R1C1_C
Generating focused traffic: Period 7.0133s
[INFO] Subscriptions active: 6 (libsumo, fast mode)
[INFO] Episode duration: 1800s (30 min)

[DEBUG] 🎯 Célzott Forgalom Generálása (R1C1_C) | Period: 5.1288
Found 6 valid OD pairs for R1C1_C
Generating focused traffic: Period 5.1288s
[INFO] Subscriptions active: 6 (libsumo, fast mode)
[INFO] Episode duration: 3600s (60 min)

[DEBUG] 🎯 Célzott Forgalom Generálása (R1C1_C) | Period: 7.6668
Found 6 valid OD pairs for R1C1_C
Generating focused traffic: Period 7.6668s
[INFO] Subscriptions active: 6 (libsumo, fast mode)
[INFO] Episode duration: 900s (15 min)

[DEBUG] 🎯 Célzott Forgalom Generálása (R1C1_C) | Period: 7.4554
Found 6 valid OD pairs for R1C1_C
Generating focused traffic: Period 7.4554s
[INFO] Subscriptions active: 6 (libsumo, fast mode)
[INFO] Episode duration: 2700s (45 min)

[DEBUG] 🎯 Célzott Forgalom Generálása (R1C1_C) | Period: 7.2643
Found 6 valid OD pairs for R1C1_C
Generating focused traffic: Period 7.2643s
[INFO] Subscriptions active: 6 (libsumo, fast mode)
[INFO] Episode duration: 900s (15 min)

[DEBUG] 🎯 Célzott Forgalom Generálása (R1C1_C) | Period: 7.903
Found 6 valid OD pairs for R1C1_C
Generating focused traffic: Period 7.9030s
[INFO] Subscriptions active: 6 (libsumo, fast mode)
[INFO] Episode duration: 1800s (30 min)

[DEBUG] 🎯 Célzott Forgalom Generálása (R1C1_C) | Period: 6.8292
Found 6 valid OD pairs for R1C1_C
Generating focused traffic: Period 6.8292s
[INFO] Subscriptions active: 6 (libsumo, fast mode)
[INFO] Episode duration: 900s (15 min)

[DEBUG] 🎯 Célzott Forgalom Generálása (R1C1_C) | Period: 6.2169
Found 6 valid OD pairs for R1C1_C
Generating focused traffic: Period 6.2169s
[INFO] Subscriptions active: 6 (libsumo, fast mode)
[INFO] Episode duration: 1800s (30 min)

[DEBUG] 🎯 Célzott Forgalom Generálása (R1C1_C) | Period: 5.1446
Found 6 valid OD pairs for R1C1_C
Generating focused traffic: Period 5.1446s
[INFO] Subscriptions active: 6 (libsumo, fast mode)
[INFO] Episode duration: 3600s (60 min)

[DEBUG] 🎯 Célzott Forgalom Generálása (R1C1_C) | Period: 4.6766
Found 6 valid OD pairs for R1C1_C
Generating focused traffic: Period 4.6766s
[INFO] Subscriptions active: 6 (libsumo, fast mode)
[INFO] Episode duration: 1800s (30 min)

[DEBUG] 🎯 Célzott Forgalom Generálása (R1C1_C) | Period: 5.8661
Found 6 valid OD pairs for R1C1_C
Generating focused traffic: Period 5.8661s
[INFO] Subscriptions active: 6 (libsumo, fast mode)
[INFO] Episode duration: 3600s (60 min)

[DEBUG] 🎯 Célzott Forgalom Generálása (R1C1_C) | Period: 5.0625
Found 6 valid OD pairs for R1C1_C
Generating focused traffic: Period 5.0625s
[INFO] Subscriptions active: 6 (libsumo, fast mode)
[INFO] Episode duration: 2700s (45 min)

[DEBUG] 🎯 Célzott Forgalom Generálása (R1C1_C) | Period: 5.5996
Found 6 valid OD pairs for R1C1_C
Generating focused traffic: Period 5.5996s
[INFO] Subscriptions active: 6 (libsumo, fast mode)
[INFO] Episode duration: 900s (15 min)

[DEBUG] 🎯 Célzott Forgalom Generálása (R1C1_C) | Period: 7.2263
Found 6 valid OD pairs for R1C1_C
Generating focused traffic: Period 7.2263s
[INFO] Subscriptions active: 6 (libsumo, fast mode)
[INFO] Episode duration: 900s (15 min)

[DEBUG] 🎯 Célzott Forgalom Generálása (R1C1_C) | Period: 5.0091
Found 6 valid OD pairs for R1C1_C
Generating focused traffic: Period 5.0091s
[INFO] Subscriptions active: 6 (libsumo, fast mode)
[INFO] Episode duration: 900s (15 min)

[DEBUG] 🎯 Célzott Forgalom Generálása (R1C1_C) | Period: 7.1257
Found 6 valid OD pairs for R1C1_C
Generating focused traffic: Period 7.1257s
[INFO] Subscriptions active: 6 (libsumo, fast mode)
[INFO] Episode duration: 1800s (30 min)

[DEBUG] 🎯 Célzott Forgalom Generálása (R1C1_C) | Period: 7.7114
Found 6 valid OD pairs for R1C1_C
Generating focused traffic: Period 7.7114s
[INFO] Subscriptions active: 6 (libsumo, fast mode)
[INFO] Episode duration: 1800s (30 min)

[DEBUG] 🎯 Célzott Forgalom Generálása (R1C1_C) | Period: 4.6111
Found 6 valid OD pairs for R1C1_C
Generating focused traffic: Period 4.6111s
[INFO] Subscriptions active: 6 (libsumo, fast mode)
[INFO] Episode duration: 1800s (30 min)

[DEBUG] 🎯 Célzott Forgalom Generálása (R1C1_C) | Period: 7.2513
Found 6 valid OD pairs for R1C1_C
Generating focused traffic: Period 7.2513s
[INFO] Subscriptions active: 6 (libsumo, fast mode)
[INFO] Episode duration: 3600s (60 min)

[DEBUG] 🎯 Célzott Forgalom Generálása (R1C1_C) | Period: 5.1158
Found 6 valid OD pairs for R1C1_C
Generating focused traffic: Period 5.1158s
[INFO] Subscriptions active: 6 (libsumo, fast mode)
[INFO] Episode duration: 1800s (30 min)

[DEBUG] 🎯 Célzott Forgalom Generálása (R1C1_C) | Period: 7.2425
Found 6 valid OD pairs for R1C1_C
Generating focused traffic: Period 7.2425s
[INFO] Subscriptions active: 6 (libsumo, fast mode)
[INFO] Episode duration: 2700s (45 min)

[DEBUG] 🎯 Célzott Forgalom Generálása (R1C1_C) | Period: 4.9902
Found 6 valid OD pairs for R1C1_C
Generating focused traffic: Period 4.9902s
[INFO] Subscriptions active: 6 (libsumo, fast mode)
[INFO] Episode duration: 2700s (45 min)

[DEBUG] 🎯 Célzott Forgalom Generálása (R1C1_C) | Period: 6.487
Found 6 valid OD pairs for R1C1_C
Generating focused traffic: Period 6.4870s
[INFO] Subscriptions active: 6 (libsumo, fast mode)
[INFO] Episode duration: 2700s (45 min)

[DEBUG] 🎯 Célzott Forgalom Generálása (R1C1_C) | Period: 7.4957
Found 6 valid OD pairs for R1C1_C
Generating focused traffic: Period 7.4957s
[INFO] Subscriptions active: 6 (libsumo, fast mode)
[INFO] Episode duration: 2700s (45 min)

[DEBUG] 🎯 Célzott Forgalom Generálása (R1C1_C) | Period: 7.6381
Found 6 valid OD pairs for R1C1_C
Generating focused traffic: Period 7.6381s
[INFO] Subscriptions active: 6 (libsumo, fast mode)
[INFO] Episode duration: 3600s (60 min)

[DEBUG] 🎯 Célzott Forgalom Generálása (R1C1_C) | Period: 7.798
Found 6 valid OD pairs for R1C1_C
Generating focused traffic: Period 7.7980s
[INFO] Subscriptions active: 6 (libsumo, fast mode)
[INFO] Episode duration: 1800s (30 min)

[DEBUG] 🎯 Célzott Forgalom Generálása (R1C1_C) | Period: 5.5558
Found 6 valid OD pairs for R1C1_C
Generating focused traffic: Period 5.5558s
[INFO] Subscriptions active: 6 (libsumo, fast mode)
[INFO] Episode duration: 900s (15 min)

[DEBUG] 🎯 Célzott Forgalom Generálása (R1C1_C) | Period: 6.469
Found 6 valid OD pairs for R1C1_C
Generating focused traffic: Period 6.4690s
[INFO] Subscriptions active: 6 (libsumo, fast mode)
[INFO] Episode duration: 1800s (30 min)

[DEBUG] 🎯 Célzott Forgalom Generálása (R1C1_C) | Period: 4.2142
Found 6 valid OD pairs for R1C1_C
Generating focused traffic: Period 4.2142s
[INFO] Subscriptions active: 6 (libsumo, fast mode)
[INFO] Episode duration: 2700s (45 min)

[DEBUG] 🎯 Célzott Forgalom Generálása (R1C1_C) | Period: 6.8866
Found 6 valid OD pairs for R1C1_C
Generating focused traffic: Period 6.8866s
[INFO] Subscriptions active: 6 (libsumo, fast mode)
[INFO] Episode duration: 900s (15 min)

[DEBUG] 🎯 Célzott Forgalom Generálása (R1C1_C) | Period: 7.9861
Found 6 valid OD pairs for R1C1_C
Generating focused traffic: Period 7.9861s
[INFO] Subscriptions active: 6 (libsumo, fast mode)
[INFO] Episode duration: 900s (15 min)

[DEBUG] 🎯 Célzott Forgalom Generálása (R1C1_C) | Period: 7.4987
Found 6 valid OD pairs for R1C1_C
Generating focused traffic: Period 7.4987s
[INFO] Subscriptions active: 6 (libsumo, fast mode)
[INFO] Episode duration: 2700s (45 min)

[DEBUG] 🎯 Célzott Forgalom Generálása (R1C1_C) | Period: 6.7405
Found 6 valid OD pairs for R1C1_C
Generating focused traffic: Period 6.7405s
[INFO] Subscriptions active: 6 (libsumo, fast mode)
[INFO] Episode duration: 3600s (60 min)

[DEBUG] 🎯 Célzott Forgalom Generálása (R1C1_C) | Period: 4.7422
Found 6 valid OD pairs for R1C1_C
Generating focused traffic: Period 4.7422s
[INFO] Subscriptions active: 6 (libsumo, fast mode)
[INFO] Episode duration: 900s (15 min)

[DEBUG] 🎯 Célzott Forgalom Generálása (R1C1_C) | Period: 6.6282
Found 6 valid OD pairs for R1C1_C
Generating focused traffic: Period 6.6282s
[INFO] Subscriptions active: 6 (libsumo, fast mode)
[INFO] Episode duration: 900s (15 min)

[DEBUG] 🎯 Célzott Forgalom Generálása (R1C1_C) | Period: 7.5729
Found 6 valid OD pairs for R1C1_C
Generating focused traffic: Period 7.5729s
[INFO] Subscriptions active: 6 (libsumo, fast mode)
[INFO] Episode duration: 1800s (30 min)

[DEBUG] 🎯 Célzott Forgalom Generálása (R1C1_C) | Period: 5.418
Found 6 valid OD pairs for R1C1_C
Generating focused traffic: Period 5.4180s
[INFO] Subscriptions active: 6 (libsumo, fast mode)
[INFO] Episode duration: 1800s (30 min)

[DEBUG] 🎯 Célzott Forgalom Generálása (R1C1_C) | Period: 5.7151
Found 6 valid OD pairs for R1C1_C
Generating focused traffic: Period 5.7151s
[INFO] Subscriptions active: 6 (libsumo, fast mode)
[INFO] Episode duration: 3600s (60 min)

[DEBUG] 🎯 Célzott Forgalom Generálása (R1C1_C) | Period: 4.6264
Found 6 valid OD pairs for R1C1_C
Generating focused traffic: Period 4.6264s
[INFO] Subscriptions active: 6 (libsumo, fast mode)
[INFO] Episode duration: 3600s (60 min)

[DEBUG] 🎯 Célzott Forgalom Generálása (R1C1_C) | Period: 6.7575
Found 6 valid OD pairs for R1C1_C
Generating focused traffic: Period 6.7575s
[INFO] Subscriptions active: 6 (libsumo, fast mode)
------------------------------------------
| rollout/                |              |
|    ep_len_mean          | 419          |
|    ep_rew_mean          | 169          |
| time/                   |              |
|    fps                  | 120          |
|    iterations           | 20           |
|    time_elapsed         | 340          |
|    total_timesteps      | 40960        |
| train/                  |              |
|    approx_kl            | 0.0027378248 |
|    clip_fraction        | 0.0356       |
|    clip_range           | 0.2          |
|    entropy_loss         | -0.449       |
|    explained_variance   | 0.00532      |
|    learning_rate        | 0.0001       |
|    loss                 | 29           |
|    n_updates            | 190          |
|    policy_gradient_loss | -0.00388     |
|    value_loss           | 25.5         |
------------------------------------------
[INFO] Episode duration: 1800s (30 min)

[DEBUG] 🎯 Célzott Forgalom Generálása (R1C1_C) | Period: 6.7357
Found 6 valid OD pairs for R1C1_C
Generating focused traffic: Period 6.7357s
[INFO] Subscriptions active: 6 (libsumo, fast mode)
[INFO] Episode duration: 1800s (30 min)

[DEBUG] 🎯 Célzott Forgalom Generálása (R1C1_C) | Period: 4.6482
Found 6 valid OD pairs for R1C1_C
Generating focused traffic: Period 4.6482s
[INFO] Subscriptions active: 6 (libsumo, fast mode)
[INFO] Episode duration: 3600s (60 min)

[DEBUG] 🎯 Célzott Forgalom Generálása (R1C1_C) | Period: 6.2617
Found 6 valid OD pairs for R1C1_C
Generating focused traffic: Period 6.2617s
[INFO] Subscriptions active: 6 (libsumo, fast mode)
[INFO] Episode duration: 900s (15 min)

[DEBUG] 🎯 Célzott Forgalom Generálása (R1C1_C) | Period: 5.9971
Found 6 valid OD pairs for R1C1_C
Generating focused traffic: Period 5.9971s
[INFO] Subscriptions active: 6 (libsumo, fast mode)
[INFO] Episode duration: 1800s (30 min)

[DEBUG] 🎯 Célzott Forgalom Generálása (R1C1_C) | Period: 4.5542
Found 6 valid OD pairs for R1C1_C
Generating focused traffic: Period 4.5542s
[INFO] Subscriptions active: 6 (libsumo, fast mode)
[INFO] Episode duration: 1800s (30 min)

[DEBUG] 🎯 Célzott Forgalom Generálása (R1C1_C) | Period: 5.2314
Found 6 valid OD pairs for R1C1_C
Generating focused traffic: Period 5.2314s
[INFO] Subscriptions active: 6 (libsumo, fast mode)
[INFO] Episode duration: 1800s (30 min)

[DEBUG] 🎯 Célzott Forgalom Generálása (R1C1_C) | Period: 4.243
Found 6 valid OD pairs for R1C1_C
Generating focused traffic: Period 4.2430s
[INFO] Subscriptions active: 6 (libsumo, fast mode)
[INFO] Episode duration: 3600s (60 min)

[DEBUG] 🎯 Célzott Forgalom Generálása (R1C1_C) | Period: 4.3964
Found 6 valid OD pairs for R1C1_C
Generating focused traffic: Period 4.3964s
[INFO] Subscriptions active: 6 (libsumo, fast mode)
[INFO] Episode duration: 2700s (45 min)

[DEBUG] 🎯 Célzott Forgalom Generálása (R1C1_C) | Period: 4.0051
Found 6 valid OD pairs for R1C1_C
Generating focused traffic: Period 4.0051s
[INFO] Subscriptions active: 6 (libsumo, fast mode)
[INFO] Episode duration: 2700s (45 min)

[DEBUG] 🎯 Célzott Forgalom Generálása (R1C1_C) | Period: 7.4725
Found 6 valid OD pairs for R1C1_C
Generating focused traffic: Period 7.4725s
[INFO] Subscriptions active: 6 (libsumo, fast mode)
[INFO] Episode duration: 900s (15 min)

[DEBUG] 🎯 Célzott Forgalom Generálása (R1C1_C) | Period: 5.0969
Found 6 valid OD pairs for R1C1_C
Generating focused traffic: Period 5.0969s
[INFO] Subscriptions active: 6 (libsumo, fast mode)
[INFO] Episode duration: 2700s (45 min)

[DEBUG] 🎯 Célzott Forgalom Generálása (R1C1_C) | Period: 7.2658
Found 6 valid OD pairs for R1C1_C
Generating focused traffic: Period 7.2658s
[INFO] Subscriptions active: 6 (libsumo, fast mode)
[INFO] Episode duration: 1800s (30 min)

[DEBUG] 🎯 Célzott Forgalom Generálása (R1C1_C) | Period: 7.8709
Found 6 valid OD pairs for R1C1_C
Generating focused traffic: Period 7.8709s
[INFO] Subscriptions active: 6 (libsumo, fast mode)
[INFO] Episode duration: 1800s (30 min)

[DEBUG] 🎯 Célzott Forgalom Generálása (R1C1_C) | Period: 4.0447
Found 6 valid OD pairs for R1C1_C
Generating focused traffic: Period 4.0447s
[INFO] Subscriptions active: 6 (libsumo, fast mode)
[INFO] Episode duration: 1800s (30 min)

[DEBUG] 🎯 Célzott Forgalom Generálása (R1C1_C) | Period: 7.9624
Found 6 valid OD pairs for R1C1_C
Generating focused traffic: Period 7.9624s
[INFO] Subscriptions active: 6 (libsumo, fast mode)
[INFO] Episode duration: 1800s (30 min)

[DEBUG] 🎯 Célzott Forgalom Generálása (R1C1_C) | Period: 7.192
Found 6 valid OD pairs for R1C1_C
Generating focused traffic: Period 7.1920s
[INFO] Subscriptions active: 6 (libsumo, fast mode)
[INFO] Episode duration: 3600s (60 min)

[DEBUG] 🎯 Célzott Forgalom Generálása (R1C1_C) | Period: 5.3756
Found 6 valid OD pairs for R1C1_C
Generating focused traffic: Period 5.3756s
[INFO] Subscriptions active: 6 (libsumo, fast mode)
[INFO] Episode duration: 1800s (30 min)

[DEBUG] 🎯 Célzott Forgalom Generálása (R1C1_C) | Period: 5.5781
Found 6 valid OD pairs for R1C1_C
Generating focused traffic: Period 5.5781s
[INFO] Subscriptions active: 6 (libsumo, fast mode)
[INFO] Episode duration: 900s (15 min)

[DEBUG] 🎯 Célzott Forgalom Generálása (R1C1_C) | Period: 4.3604
Found 6 valid OD pairs for R1C1_C
Generating focused traffic: Period 4.3604s
[INFO] Subscriptions active: 6 (libsumo, fast mode)
[INFO] Episode duration: 2700s (45 min)

[DEBUG] 🎯 Célzott Forgalom Generálása (R1C1_C) | Period: 4.6166
Found 6 valid OD pairs for R1C1_C
Generating focused traffic: Period 4.6166s
[INFO] Subscriptions active: 6 (libsumo, fast mode)
[INFO] Episode duration: 900s (15 min)

[DEBUG] 🎯 Célzott Forgalom Generálása (R1C1_C) | Period: 4.9763
Found 6 valid OD pairs for R1C1_C
Generating focused traffic: Period 4.9763s
[INFO] Subscriptions active: 6 (libsumo, fast mode)
[INFO] Episode duration: 3600s (60 min)

[DEBUG] 🎯 Célzott Forgalom Generálása (R1C1_C) | Period: 7.2603
Found 6 valid OD pairs for R1C1_C
Generating focused traffic: Period 7.2603s
[INFO] Subscriptions active: 6 (libsumo, fast mode)
[INFO] Episode duration: 2700s (45 min)

[DEBUG] 🎯 Célzott Forgalom Generálása (R1C1_C) | Period: 4.4645
Found 6 valid OD pairs for R1C1_C
Generating focused traffic: Period 4.4645s
[INFO] Subscriptions active: 6 (libsumo, fast mode)
[INFO] Episode duration: 2700s (45 min)

[DEBUG] 🎯 Célzott Forgalom Generálása (R1C1_C) | Period: 5.4969
Found 6 valid OD pairs for R1C1_C
Generating focused traffic: Period 5.4969s
[INFO] Subscriptions active: 6 (libsumo, fast mode)
[INFO] Episode duration: 1800s (30 min)

[DEBUG] 🎯 Célzott Forgalom Generálása (R1C1_C) | Period: 5.6912
Found 6 valid OD pairs for R1C1_C
Generating focused traffic: Period 5.6912s
[INFO] Subscriptions active: 6 (libsumo, fast mode)
[INFO] Episode duration: 1800s (30 min)

[DEBUG] 🎯 Célzott Forgalom Generálása (R1C1_C) | Period: 5.7661
Found 6 valid OD pairs for R1C1_C
Generating focused traffic: Period 5.7661s
[INFO] Subscriptions active: 6 (libsumo, fast mode)
[INFO] Episode duration: 2700s (45 min)

[DEBUG] 🎯 Célzott Forgalom Generálása (R1C1_C) | Period: 4.1286
Found 6 valid OD pairs for R1C1_C
Generating focused traffic: Period 4.1286s
[INFO] Subscriptions active: 6 (libsumo, fast mode)
[INFO] Episode duration: 900s (15 min)

[DEBUG] 🎯 Célzott Forgalom Generálása (R1C1_C) | Period: 4.8471
Found 6 valid OD pairs for R1C1_C
Generating focused traffic: Period 4.8471s
[INFO] Subscriptions active: 6 (libsumo, fast mode)
[INFO] Episode duration: 3600s (60 min)

[DEBUG] 🎯 Célzott Forgalom Generálása (R1C1_C) | Period: 6.896
Found 6 valid OD pairs for R1C1_C
Generating focused traffic: Period 6.8960s
[INFO] Subscriptions active: 6 (libsumo, fast mode)
[INFO] Episode duration: 900s (15 min)

[DEBUG] 🎯 Célzott Forgalom Generálása (R1C1_C) | Period: 7.0523
Found 6 valid OD pairs for R1C1_C
Generating focused traffic: Period 7.0523s
[INFO] Subscriptions active: 6 (libsumo, fast mode)
[INFO] Episode duration: 2700s (45 min)

[DEBUG] 🎯 Célzott Forgalom Generálása (R1C1_C) | Period: 6.9254
Found 6 valid OD pairs for R1C1_C
Generating focused traffic: Period 6.9254s
[INFO] Subscriptions active: 6 (libsumo, fast mode)
[INFO] Episode duration: 1800s (30 min)

[DEBUG] 🎯 Célzott Forgalom Generálása (R1C1_C) | Period: 5.0519
Found 6 valid OD pairs for R1C1_C
Generating focused traffic: Period 5.0519s
[INFO] Subscriptions active: 6 (libsumo, fast mode)
[INFO] Episode duration: 2700s (45 min)

[DEBUG] 🎯 Célzott Forgalom Generálása (R1C1_C) | Period: 4.3842
Found 6 valid OD pairs for R1C1_C
Generating focused traffic: Period 4.3842s
[INFO] Subscriptions active: 6 (libsumo, fast mode)
[INFO] Episode duration: 1800s (30 min)

[DEBUG] 🎯 Célzott Forgalom Generálása (R1C1_C) | Period: 6.0423
Found 6 valid OD pairs for R1C1_C
Generating focused traffic: Period 6.0423s
[INFO] Subscriptions active: 6 (libsumo, fast mode)
[INFO] Episode duration: 900s (15 min)

[DEBUG] 🎯 Célzott Forgalom Generálása (R1C1_C) | Period: 5.3352
Found 6 valid OD pairs for R1C1_C
Generating focused traffic: Period 5.3352s
[INFO] Subscriptions active: 6 (libsumo, fast mode)
[INFO] Episode duration: 2700s (45 min)

[DEBUG] 🎯 Célzott Forgalom Generálása (R1C1_C) | Period: 6.8493
Found 6 valid OD pairs for R1C1_C
Generating focused traffic: Period 6.8493s
[INFO] Subscriptions active: 6 (libsumo, fast mode)
[INFO] Episode duration: 1800s (30 min)

[DEBUG] 🎯 Célzott Forgalom Generálása (R1C1_C) | Period: 6.91
Found 6 valid OD pairs for R1C1_C
Generating focused traffic: Period 6.9100s
[INFO] Subscriptions active: 6 (libsumo, fast mode)
[INFO] Episode duration: 3600s (60 min)

[DEBUG] 🎯 Célzott Forgalom Generálása (R1C1_C) | Period: 5.2681
Found 6 valid OD pairs for R1C1_C
Generating focused traffic: Period 5.2681s
[INFO] Subscriptions active: 6 (libsumo, fast mode)
[INFO] Episode duration: 3600s (60 min)

[DEBUG] 🎯 Célzott Forgalom Generálása (R1C1_C) | Period: 6.6102
Found 6 valid OD pairs for R1C1_C
Generating focused traffic: Period 6.6102s
[INFO] Subscriptions active: 6 (libsumo, fast mode)
[INFO] Episode duration: 3600s (60 min)

[DEBUG] 🎯 Célzott Forgalom Generálása (R1C1_C) | Period: 6.1055
Found 6 valid OD pairs for R1C1_C
Generating focused traffic: Period 6.1055s
[INFO] Subscriptions active: 6 (libsumo, fast mode)
[INFO] Episode duration: 900s (15 min)

[DEBUG] 🎯 Célzott Forgalom Generálása (R1C1_C) | Period: 5.1896
Found 6 valid OD pairs for R1C1_C
Generating focused traffic: Period 5.1896s
[INFO] Subscriptions active: 6 (libsumo, fast mode)
[INFO] Episode duration: 3600s (60 min)

[DEBUG] 🎯 Célzott Forgalom Generálása (R1C1_C) | Period: 7.1774
Found 6 valid OD pairs for R1C1_C
Generating focused traffic: Period 7.1774s
[INFO] Subscriptions active: 6 (libsumo, fast mode)
[INFO] Episode duration: 2700s (45 min)

[DEBUG] 🎯 Célzott Forgalom Generálása (R1C1_C) | Period: 7.1544
Found 6 valid OD pairs for R1C1_C
Generating focused traffic: Period 7.1544s
[INFO] Subscriptions active: 6 (libsumo, fast mode)
[INFO] Episode duration: 3600s (60 min)

[DEBUG] 🎯 Célzott Forgalom Generálása (R1C1_C) | Period: 6.7467
Found 6 valid OD pairs for R1C1_C
Generating focused traffic: Period 6.7467s
[INFO] Subscriptions active: 6 (libsumo, fast mode)
[INFO] Episode duration: 2700s (45 min)

[DEBUG] 🎯 Célzott Forgalom Generálása (R1C1_C) | Period: 7.3807
Found 6 valid OD pairs for R1C1_C
Generating focused traffic: Period 7.3807s
[INFO] Subscriptions active: 6 (libsumo, fast mode)
-------------------------------------------
| rollout/                |               |
|    ep_len_mean          | 441           |
|    ep_rew_mean          | 202           |
| time/                   |               |
|    fps                  | 119           |
|    iterations           | 30            |
|    time_elapsed         | 513           |
|    total_timesteps      | 61440         |
| train/                  |               |
|    approx_kl            | 0.00043133835 |
|    clip_fraction        | 0.00811       |
|    clip_range           | 0.2           |
|    entropy_loss         | -0.0851       |
|    explained_variance   | -0.00229      |
|    learning_rate        | 0.0001        |
|    loss                 | 13.2          |
|    n_updates            | 290           |
|    policy_gradient_loss | -0.000996     |
|    value_loss           | 19.8          |
-------------------------------------------
[INFO] Episode duration: 1800s (30 min)

[DEBUG] 🎯 Célzott Forgalom Generálása (R1C1_C) | Period: 5.921
Found 6 valid OD pairs for R1C1_C
Generating focused traffic: Period 5.9210s
[INFO] Subscriptions active: 6 (libsumo, fast mode)
[INFO] Episode duration: 900s (15 min)

[DEBUG] 🎯 Célzott Forgalom Generálása (R1C1_C) | Period: 6.087
Found 6 valid OD pairs for R1C1_C
Generating focused traffic: Period 6.0870s
[INFO] Subscriptions active: 6 (libsumo, fast mode)
[INFO] Episode duration: 900s (15 min)

[DEBUG] 🎯 Célzott Forgalom Generálása (R1C1_C) | Period: 4.0781
Found 6 valid OD pairs for R1C1_C
Generating focused traffic: Period 4.0781s
[INFO] Subscriptions active: 6 (libsumo, fast mode)
[INFO] Episode duration: 2700s (45 min)

[DEBUG] 🎯 Célzott Forgalom Generálása (R1C1_C) | Period: 5.4393
Found 6 valid OD pairs for R1C1_C
Generating focused traffic: Period 5.4393s
[INFO] Subscriptions active: 6 (libsumo, fast mode)
[INFO] Episode duration: 900s (15 min)

[DEBUG] 🎯 Célzott Forgalom Generálása (R1C1_C) | Period: 4.265
Found 6 valid OD pairs for R1C1_C
Generating focused traffic: Period 4.2650s
[INFO] Subscriptions active: 6 (libsumo, fast mode)
[INFO] Episode duration: 2700s (45 min)

[DEBUG] 🎯 Célzott Forgalom Generálása (R1C1_C) | Period: 6.5761
Found 6 valid OD pairs for R1C1_C
Generating focused traffic: Period 6.5761s
[INFO] Subscriptions active: 6 (libsumo, fast mode)
[INFO] Episode duration: 3600s (60 min)

[DEBUG] 🎯 Célzott Forgalom Generálása (R1C1_C) | Period: 6.9823
Found 6 valid OD pairs for R1C1_C
Generating focused traffic: Period 6.9823s
[INFO] Subscriptions active: 6 (libsumo, fast mode)
[INFO] Episode duration: 900s (15 min)

[DEBUG] 🎯 Célzott Forgalom Generálása (R1C1_C) | Period: 7.2057
Found 6 valid OD pairs for R1C1_C
Generating focused traffic: Period 7.2057s
[INFO] Subscriptions active: 6 (libsumo, fast mode)
[INFO] Episode duration: 1800s (30 min)

[DEBUG] 🎯 Célzott Forgalom Generálása (R1C1_C) | Period: 4.4601
Found 6 valid OD pairs for R1C1_C
Generating focused traffic: Period 4.4601s
[INFO] Subscriptions active: 6 (libsumo, fast mode)
[INFO] Episode duration: 900s (15 min)

[DEBUG] 🎯 Célzott Forgalom Generálása (R1C1_C) | Period: 4.4508
Found 6 valid OD pairs for R1C1_C
Generating focused traffic: Period 4.4508s
[INFO] Subscriptions active: 6 (libsumo, fast mode)
[INFO] Episode duration: 1800s (30 min)

[DEBUG] 🎯 Célzott Forgalom Generálása (R1C1_C) | Period: 6.2333
Found 6 valid OD pairs for R1C1_C
Generating focused traffic: Period 6.2333s
[INFO] Subscriptions active: 6 (libsumo, fast mode)
[INFO] Episode duration: 2700s (45 min)

[DEBUG] 🎯 Célzott Forgalom Generálása (R1C1_C) | Period: 5.9234
Found 6 valid OD pairs for R1C1_C
Generating focused traffic: Period 5.9234s
[INFO] Subscriptions active: 6 (libsumo, fast mode)
[INFO] Episode duration: 900s (15 min)

[DEBUG] 🎯 Célzott Forgalom Generálása (R1C1_C) | Period: 5.6319
Found 6 valid OD pairs for R1C1_C
Generating focused traffic: Period 5.6319s
[INFO] Subscriptions active: 6 (libsumo, fast mode)
[INFO] Episode duration: 2700s (45 min)

[DEBUG] 🎯 Célzott Forgalom Generálása (R1C1_C) | Period: 6.9132
Found 6 valid OD pairs for R1C1_C
Generating focused traffic: Period 6.9132s
[INFO] Subscriptions active: 6 (libsumo, fast mode)
[INFO] Episode duration: 3600s (60 min)

[DEBUG] 🎯 Célzott Forgalom Generálása (R1C1_C) | Period: 7.429
Found 6 valid OD pairs for R1C1_C
Generating focused traffic: Period 7.4290s
[INFO] Subscriptions active: 6 (libsumo, fast mode)
[INFO] Episode duration: 900s (15 min)

[DEBUG] 🎯 Célzott Forgalom Generálása (R1C1_C) | Period: 4.0474
Found 6 valid OD pairs for R1C1_C
Generating focused traffic: Period 4.0474s
[INFO] Subscriptions active: 6 (libsumo, fast mode)
[INFO] Episode duration: 3600s (60 min)

[DEBUG] 🎯 Célzott Forgalom Generálása (R1C1_C) | Period: 5.5535
Found 6 valid OD pairs for R1C1_C
Generating focused traffic: Period 5.5535s
[INFO] Subscriptions active: 6 (libsumo, fast mode)
[INFO] Episode duration: 3600s (60 min)

[DEBUG] 🎯 Célzott Forgalom Generálása (R1C1_C) | Period: 4.9266
Found 6 valid OD pairs for R1C1_C
Generating focused traffic: Period 4.9266s
[INFO] Subscriptions active: 6 (libsumo, fast mode)
[INFO] Episode duration: 2700s (45 min)

[DEBUG] 🎯 Célzott Forgalom Generálása (R1C1_C) | Period: 6.509
Found 6 valid OD pairs for R1C1_C
Generating focused traffic: Period 6.5090s
[INFO] Subscriptions active: 6 (libsumo, fast mode)
[INFO] Episode duration: 1800s (30 min)

[DEBUG] 🎯 Célzott Forgalom Generálása (R1C1_C) | Period: 5.9419
Found 6 valid OD pairs for R1C1_C
Generating focused traffic: Period 5.9419s
[INFO] Subscriptions active: 6 (libsumo, fast mode)
[INFO] Episode duration: 1800s (30 min)

[DEBUG] 🎯 Célzott Forgalom Generálása (R1C1_C) | Period: 4.7879
Found 6 valid OD pairs for R1C1_C
Generating focused traffic: Period 4.7879s
[INFO] Subscriptions active: 6 (libsumo, fast mode)
[INFO] Episode duration: 900s (15 min)

[DEBUG] 🎯 Célzott Forgalom Generálása (R1C1_C) | Period: 6.5757
Found 6 valid OD pairs for R1C1_C
Generating focused traffic: Period 6.5757s
[INFO] Subscriptions active: 6 (libsumo, fast mode)
[INFO] Episode duration: 900s (15 min)

[DEBUG] 🎯 Célzott Forgalom Generálása (R1C1_C) | Period: 5.9487
Found 6 valid OD pairs for R1C1_C
Generating focused traffic: Period 5.9487s
[INFO] Subscriptions active: 6 (libsumo, fast mode)
[INFO] Episode duration: 3600s (60 min)

[DEBUG] 🎯 Célzott Forgalom Generálása (R1C1_C) | Period: 5.8838
Found 6 valid OD pairs for R1C1_C
Generating focused traffic: Period 5.8838s
[INFO] Subscriptions active: 6 (libsumo, fast mode)
[INFO] Episode duration: 2700s (45 min)

[DEBUG] 🎯 Célzott Forgalom Generálása (R1C1_C) | Period: 7.3753
Found 6 valid OD pairs for R1C1_C
Generating focused traffic: Period 7.3753s
[INFO] Subscriptions active: 6 (libsumo, fast mode)
[INFO] Episode duration: 3600s (60 min)

[DEBUG] 🎯 Célzott Forgalom Generálása (R1C1_C) | Period: 5.5605
Found 6 valid OD pairs for R1C1_C
Generating focused traffic: Period 5.5605s
[INFO] Subscriptions active: 6 (libsumo, fast mode)
[INFO] Episode duration: 3600s (60 min)

[DEBUG] 🎯 Célzott Forgalom Generálása (R1C1_C) | Period: 7.848
Found 6 valid OD pairs for R1C1_C
Generating focused traffic: Period 7.8480s
[INFO] Subscriptions active: 6 (libsumo, fast mode)
[INFO] Episode duration: 1800s (30 min)

[DEBUG] 🎯 Célzott Forgalom Generálása (R1C1_C) | Period: 6.0072
Found 6 valid OD pairs for R1C1_C
Generating focused traffic: Period 6.0072s
[INFO] Subscriptions active: 6 (libsumo, fast mode)
[INFO] Episode duration: 900s (15 min)

[DEBUG] 🎯 Célzott Forgalom Generálása (R1C1_C) | Period: 5.3324
Found 6 valid OD pairs for R1C1_C
Generating focused traffic: Period 5.3324s
[INFO] Subscriptions active: 6 (libsumo, fast mode)
[INFO] Episode duration: 900s (15 min)

[DEBUG] 🎯 Célzott Forgalom Generálása (R1C1_C) | Period: 6.5643
Found 6 valid OD pairs for R1C1_C
Generating focused traffic: Period 6.5643s
[INFO] Subscriptions active: 6 (libsumo, fast mode)
[INFO] Episode duration: 3600s (60 min)

[DEBUG] 🎯 Célzott Forgalom Generálása (R1C1_C) | Period: 6.9487
Found 6 valid OD pairs for R1C1_C
Generating focused traffic: Period 6.9487s
[INFO] Subscriptions active: 6 (libsumo, fast mode)
[INFO] Episode duration: 2700s (45 min)

[DEBUG] 🎯 Célzott Forgalom Generálása (R1C1_C) | Period: 7.4576
Found 6 valid OD pairs for R1C1_C
Generating focused traffic: Period 7.4576s
[INFO] Subscriptions active: 6 (libsumo, fast mode)
[INFO] Episode duration: 2700s (45 min)

[DEBUG] 🎯 Célzott Forgalom Generálása (R1C1_C) | Period: 7.7563
Found 6 valid OD pairs for R1C1_C
Generating focused traffic: Period 7.7563s
[INFO] Subscriptions active: 6 (libsumo, fast mode)
[INFO] Episode duration: 2700s (45 min)

[DEBUG] 🎯 Célzott Forgalom Generálása (R1C1_C) | Period: 4.8986
Found 6 valid OD pairs for R1C1_C
Generating focused traffic: Period 4.8986s
[INFO] Subscriptions active: 6 (libsumo, fast mode)
[INFO] Episode duration: 3600s (60 min)

[DEBUG] 🎯 Célzott Forgalom Generálása (R1C1_C) | Period: 5.8643
Found 6 valid OD pairs for R1C1_C
Generating focused traffic: Period 5.8643s
[INFO] Subscriptions active: 6 (libsumo, fast mode)
[INFO] Episode duration: 3600s (60 min)

[DEBUG] 🎯 Célzott Forgalom Generálása (R1C1_C) | Period: 6.302
Found 6 valid OD pairs for R1C1_C
Generating focused traffic: Period 6.3020s
[INFO] Subscriptions active: 6 (libsumo, fast mode)
[INFO] Episode duration: 3600s (60 min)

[DEBUG] 🎯 Célzott Forgalom Generálása (R1C1_C) | Period: 6.4053
Found 6 valid OD pairs for R1C1_C
Generating focused traffic: Period 6.4053s
[INFO] Subscriptions active: 6 (libsumo, fast mode)
[INFO] Episode duration: 3600s (60 min)

[DEBUG] 🎯 Célzott Forgalom Generálása (R1C1_C) | Period: 4.6512
Found 6 valid OD pairs for R1C1_C
Generating focused traffic: Period 4.6512s
[INFO] Subscriptions active: 6 (libsumo, fast mode)
[INFO] Episode duration: 900s (15 min)

[DEBUG] 🎯 Célzott Forgalom Generálása (R1C1_C) | Period: 7.292
Found 6 valid OD pairs for R1C1_C
Generating focused traffic: Period 7.2920s
[INFO] Subscriptions active: 6 (libsumo, fast mode)
[INFO] Episode duration: 1800s (30 min)

[DEBUG] 🎯 Célzott Forgalom Generálása (R1C1_C) | Period: 6.5982
Found 6 valid OD pairs for R1C1_C
Generating focused traffic: Period 6.5982s
[INFO] Subscriptions active: 6 (libsumo, fast mode)
[INFO] Episode duration: 900s (15 min)

[DEBUG] 🎯 Célzott Forgalom Generálása (R1C1_C) | Period: 7.4566
Found 6 valid OD pairs for R1C1_C
Generating focused traffic: Period 7.4566s
[INFO] Subscriptions active: 6 (libsumo, fast mode)
[INFO] Episode duration: 2700s (45 min)

[DEBUG] 🎯 Célzott Forgalom Generálása (R1C1_C) | Period: 6.502
Found 6 valid OD pairs for R1C1_C
Generating focused traffic: Period 6.5020s
[INFO] Subscriptions active: 6 (libsumo, fast mode)
[INFO] Episode duration: 1800s (30 min)

[DEBUG] 🎯 Célzott Forgalom Generálása (R1C1_C) | Period: 7.0299
Found 6 valid OD pairs for R1C1_C
Generating focused traffic: Period 7.0299s
[INFO] Subscriptions active: 6 (libsumo, fast mode)
[INFO] Episode duration: 1800s (30 min)

[DEBUG] 🎯 Célzott Forgalom Generálása (R1C1_C) | Period: 4.7448
Found 6 valid OD pairs for R1C1_C
Generating focused traffic: Period 4.7448s
[INFO] Subscriptions active: 6 (libsumo, fast mode)
[INFO] Episode duration: 3600s (60 min)

[DEBUG] 🎯 Célzott Forgalom Generálása (R1C1_C) | Period: 5.043
Found 6 valid OD pairs for R1C1_C
Generating focused traffic: Period 5.0430s
[INFO] Subscriptions active: 6 (libsumo, fast mode)
------------------------------------------
| rollout/                |              |
|    ep_len_mean          | 448          |
|    ep_rew_mean          | 225          |
| time/                   |              |
|    fps                  | 119          |
|    iterations           | 40           |
|    time_elapsed         | 688          |
|    total_timesteps      | 81920        |
| train/                  |              |
|    approx_kl            | 4.581915e-05 |
|    clip_fraction        | 4.88e-05     |
|    clip_range           | 0.2          |
|    entropy_loss         | -0.037       |
|    explained_variance   | 0.00834      |
|    learning_rate        | 0.0001       |
|    loss                 | 1.01         |
|    n_updates            | 390          |
|    policy_gradient_loss | -0.00017     |
|    value_loss           | 31.7         |
------------------------------------------
[INFO] Episode duration: 1800s (30 min)

[DEBUG] 🎯 Célzott Forgalom Generálása (R1C1_C) | Period: 4.8197
Found 6 valid OD pairs for R1C1_C
Generating focused traffic: Period 4.8197s
[INFO] Subscriptions active: 6 (libsumo, fast mode)
[INFO] Episode duration: 3600s (60 min)

[DEBUG] 🎯 Célzott Forgalom Generálása (R1C1_C) | Period: 7.486
Found 6 valid OD pairs for R1C1_C
Generating focused traffic: Period 7.4860s
[INFO] Subscriptions active: 6 (libsumo, fast mode)
[INFO] Episode duration: 3600s (60 min)

[DEBUG] 🎯 Célzott Forgalom Generálása (R1C1_C) | Period: 5.3971
Found 6 valid OD pairs for R1C1_C
Generating focused traffic: Period 5.3971s
[INFO] Subscriptions active: 6 (libsumo, fast mode)
[INFO] Episode duration: 900s (15 min)

[DEBUG] 🎯 Célzott Forgalom Generálása (R1C1_C) | Period: 4.5757
Found 6 valid OD pairs for R1C1_C
Generating focused traffic: Period 4.5757s
[INFO] Subscriptions active: 6 (libsumo, fast mode)
[INFO] Episode duration: 3600s (60 min)

[DEBUG] 🎯 Célzott Forgalom Generálása (R1C1_C) | Period: 5.5882
Found 6 valid OD pairs for R1C1_C
Generating focused traffic: Period 5.5882s
[INFO] Subscriptions active: 6 (libsumo, fast mode)
[INFO] Episode duration: 900s (15 min)

[DEBUG] 🎯 Célzott Forgalom Generálása (R1C1_C) | Period: 4.3535
Found 6 valid OD pairs for R1C1_C
Generating focused traffic: Period 4.3535s
[INFO] Subscriptions active: 6 (libsumo, fast mode)
[INFO] Episode duration: 2700s (45 min)

[DEBUG] 🎯 Célzott Forgalom Generálása (R1C1_C) | Period: 4.077
Found 6 valid OD pairs for R1C1_C
Generating focused traffic: Period 4.0770s
[INFO] Subscriptions active: 6 (libsumo, fast mode)
[INFO] Episode duration: 1800s (30 min)

[DEBUG] 🎯 Célzott Forgalom Generálása (R1C1_C) | Period: 5.3988
Found 6 valid OD pairs for R1C1_C
Generating focused traffic: Period 5.3988s
[INFO] Subscriptions active: 6 (libsumo, fast mode)
[INFO] Episode duration: 900s (15 min)

[DEBUG] 🎯 Célzott Forgalom Generálása (R1C1_C) | Period: 6.3944
Found 6 valid OD pairs for R1C1_C
Generating focused traffic: Period 6.3944s
[INFO] Subscriptions active: 6 (libsumo, fast mode)
[INFO] Episode duration: 2700s (45 min)

[DEBUG] 🎯 Célzott Forgalom Generálása (R1C1_C) | Period: 7.9967
Found 6 valid OD pairs for R1C1_C
Generating focused traffic: Period 7.9967s
[INFO] Subscriptions active: 6 (libsumo, fast mode)
[INFO] Episode duration: 900s (15 min)

[DEBUG] 🎯 Célzott Forgalom Generálása (R1C1_C) | Period: 6.2562
Found 6 valid OD pairs for R1C1_C
Generating focused traffic: Period 6.2562s
[INFO] Subscriptions active: 6 (libsumo, fast mode)
[INFO] Episode duration: 1800s (30 min)

[DEBUG] 🎯 Célzott Forgalom Generálása (R1C1_C) | Period: 4.2699
Found 6 valid OD pairs for R1C1_C
Generating focused traffic: Period 4.2699s
[INFO] Subscriptions active: 6 (libsumo, fast mode)
[INFO] Episode duration: 900s (15 min)

[DEBUG] 🎯 Célzott Forgalom Generálása (R1C1_C) | Period: 5.0474
Found 6 valid OD pairs for R1C1_C
Generating focused traffic: Period 5.0474s
[INFO] Subscriptions active: 6 (libsumo, fast mode)
[INFO] Episode duration: 3600s (60 min)

[DEBUG] 🎯 Célzott Forgalom Generálása (R1C1_C) | Period: 6.7587
Found 6 valid OD pairs for R1C1_C
Generating focused traffic: Period 6.7587s
[INFO] Subscriptions active: 6 (libsumo, fast mode)
[INFO] Episode duration: 3600s (60 min)

[DEBUG] 🎯 Célzott Forgalom Generálása (R1C1_C) | Period: 4.4526
Found 6 valid OD pairs for R1C1_C
Generating focused traffic: Period 4.4526s
[INFO] Subscriptions active: 6 (libsumo, fast mode)
[INFO] Episode duration: 3600s (60 min)

[DEBUG] 🎯 Célzott Forgalom Generálása (R1C1_C) | Period: 5.3527
Found 6 valid OD pairs for R1C1_C
Generating focused traffic: Period 5.3527s
[INFO] Subscriptions active: 6 (libsumo, fast mode)
[INFO] Episode duration: 2700s (45 min)

[DEBUG] 🎯 Célzott Forgalom Generálása (R1C1_C) | Period: 6.7362
Found 6 valid OD pairs for R1C1_C
Generating focused traffic: Period 6.7362s
[INFO] Subscriptions active: 6 (libsumo, fast mode)
[INFO] Episode duration: 2700s (45 min)

[DEBUG] 🎯 Célzott Forgalom Generálása (R1C1_C) | Period: 5.2038
Found 6 valid OD pairs for R1C1_C
Generating focused traffic: Period 5.2038s
[INFO] Subscriptions active: 6 (libsumo, fast mode)
[INFO] Episode duration: 2700s (45 min)

[DEBUG] 🎯 Célzott Forgalom Generálása (R1C1_C) | Period: 6.5399
Found 6 valid OD pairs for R1C1_C
Generating focused traffic: Period 6.5399s
[INFO] Subscriptions active: 6 (libsumo, fast mode)
[INFO] Episode duration: 1800s (30 min)

[DEBUG] 🎯 Célzott Forgalom Generálása (R1C1_C) | Period: 4.5673
Found 6 valid OD pairs for R1C1_C
Generating focused traffic: Period 4.5673s
[INFO] Subscriptions active: 6 (libsumo, fast mode)
[INFO] Episode duration: 1800s (30 min)

[DEBUG] 🎯 Célzott Forgalom Generálása (R1C1_C) | Period: 7.8378
Found 6 valid OD pairs for R1C1_C
Generating focused traffic: Period 7.8378s
[INFO] Subscriptions active: 6 (libsumo, fast mode)
[INFO] Episode duration: 1800s (30 min)

[DEBUG] 🎯 Célzott Forgalom Generálása (R1C1_C) | Period: 6.2469
Found 6 valid OD pairs for R1C1_C
Generating focused traffic: Period 6.2469s
[INFO] Subscriptions active: 6 (libsumo, fast mode)
[INFO] Episode duration: 1800s (30 min)

[DEBUG] 🎯 Célzott Forgalom Generálása (R1C1_C) | Period: 5.111
Found 6 valid OD pairs for R1C1_C
Generating focused traffic: Period 5.1110s
[INFO] Subscriptions active: 6 (libsumo, fast mode)
[INFO] Episode duration: 900s (15 min)

[DEBUG] 🎯 Célzott Forgalom Generálása (R1C1_C) | Period: 7.2876
Found 6 valid OD pairs for R1C1_C
Generating focused traffic: Period 7.2876s
[INFO] Subscriptions active: 6 (libsumo, fast mode)
[INFO] Episode duration: 900s (15 min)

[DEBUG] 🎯 Célzott Forgalom Generálása (R1C1_C) | Period: 5.0634
Found 6 valid OD pairs for R1C1_C
Generating focused traffic: Period 5.0634s
[INFO] Subscriptions active: 6 (libsumo, fast mode)
[INFO] Episode duration: 2700s (45 min)

[DEBUG] 🎯 Célzott Forgalom Generálása (R1C1_C) | Period: 5.2687
Found 6 valid OD pairs for R1C1_C
Generating focused traffic: Period 5.2687s
[INFO] Subscriptions active: 6 (libsumo, fast mode)
[INFO] Episode duration: 1800s (30 min)

[DEBUG] 🎯 Célzott Forgalom Generálása (R1C1_C) | Period: 6.111
Found 6 valid OD pairs for R1C1_C
Generating focused traffic: Period 6.1110s
[INFO] Subscriptions active: 6 (libsumo, fast mode)
[INFO] Episode duration: 900s (15 min)

[DEBUG] 🎯 Célzott Forgalom Generálása (R1C1_C) | Period: 7.3646
Found 6 valid OD pairs for R1C1_C
Generating focused traffic: Period 7.3646s
[INFO] Subscriptions active: 6 (libsumo, fast mode)
[INFO] Episode duration: 2700s (45 min)

[DEBUG] 🎯 Célzott Forgalom Generálása (R1C1_C) | Period: 4.3296
Found 6 valid OD pairs for R1C1_C
Generating focused traffic: Period 4.3296s
[INFO] Subscriptions active: 6 (libsumo, fast mode)
[INFO] Episode duration: 900s (15 min)

[DEBUG] 🎯 Célzott Forgalom Generálása (R1C1_C) | Period: 7.3878
Found 6 valid OD pairs for R1C1_C
Generating focused traffic: Period 7.3878s
[INFO] Subscriptions active: 6 (libsumo, fast mode)
[INFO] Episode duration: 2700s (45 min)

[DEBUG] 🎯 Célzott Forgalom Generálása (R1C1_C) | Period: 7.1142
Found 6 valid OD pairs for R1C1_C
Generating focused traffic: Period 7.1142s
[INFO] Subscriptions active: 6 (libsumo, fast mode)
[INFO] Episode duration: 1800s (30 min)

[DEBUG] 🎯 Célzott Forgalom Generálása (R1C1_C) | Period: 4.2933
Found 6 valid OD pairs for R1C1_C
Generating focused traffic: Period 4.2933s
[INFO] Subscriptions active: 6 (libsumo, fast mode)
[INFO] Episode duration: 900s (15 min)

[DEBUG] 🎯 Célzott Forgalom Generálása (R1C1_C) | Period: 7.8891
Found 6 valid OD pairs for R1C1_C
Generating focused traffic: Period 7.8891s
[INFO] Subscriptions active: 6 (libsumo, fast mode)
[INFO] Episode duration: 3600s (60 min)

[DEBUG] 🎯 Célzott Forgalom Generálása (R1C1_C) | Period: 6.6146
Found 6 valid OD pairs for R1C1_C
Generating focused traffic: Period 6.6146s
[INFO] Subscriptions active: 6 (libsumo, fast mode)
[INFO] Episode duration: 1800s (30 min)
wandb: WARNING Symlinked 1 file into the W&B run directory; call wandb.save again to sync new files.
/Users/wagnertamas/Documents/Munka/cikkek/AI_agens_konyvtar/support/intergreen_matrix_calculator/rl_trainer.py:857: UserWarning: Exporting a model while it is in training mode. Please ensure that this is intended, as it may lead to different behavior during inference. Calling model.eval() before export is recommended.
  torch.onnx.export(
/Users/wagnertamas/Documents/Munka/cikkek/AI_agens_konyvtar/support/intergreen_matrix_calculator/rl_trainer.py:857: UserWarning: # 'dynamic_axes' is not recommended when dynamo=True, and may lead to 'torch._dynamo.exc.UserError: Constraints violated.' Supply the 'dynamic_shapes' argument instead if export is unsuccessful.
  torch.onnx.export(
wandb: updating run metadata
wandb: uploading output.log; uploading wandb-summary.json; uploading config.yaml; uploading pytorch_models/R1C1_C.zip
wandb: uploading history steps 991-1002, summary, console lines 1465-1481
wandb: 
wandb: Run history:
wandb:         R1C1_C/action_pct/phase_0 ██▅▇▇▆▅▄▄▄▅▃▂▂▂▂▂▁▁▂▁▁▁▁▁▁▁▁▁▁▁▁▁▁▁▁▁▁
wandb:         R1C1_C/action_pct/phase_1 ██▆▇▆▅▅▅▄▄▅▄▅▄▃▄▃▃▂▂▂▂▂▂▁▁▁▁▁▁▁▁▁▁▁▁▁▁▁
wandb:         R1C1_C/action_pct/phase_2 ▆▆█▆▇▆▇▇▇▇▆▄▆▄▄▃▃▃▂▂▂▂▂▁▁▁▁▁▁▁▁▁▁▁▁▁▁▁▁
wandb:         R1C1_C/action_pct/phase_3 ▁▁▂▂▁▃▃▃▃▃▅▄▅▆▆▆▇▇▇▇▇███████████████████
wandb:         R1C1_C/train/entropy_loss ▁▁▁▁▁▂▂▂▂▂▄▄▅▅▆▇▇▇▇▇████████████████████
wandb:        R1C1_C/train/learning_rate ▁▁▁▁▁▁▁▁▁▁▁▁▁▁▁▁▁▁▁▁▁▁▁▁▁▁▁▁▁▁▁▁▁▁▁▁▁▁▁▁
wandb:                 R1C1_C/train/loss ▁▂▂▂▃▁▂▃▃▃▂▁▁▁▁▁▅█▁▄▃▁▄▃▇▂▂▄▄▂▁▁▃▃▄▂▂▃▂▂
wandb: R1C1_C/train/policy_gradient_loss ▅▁▁▇▅▂▆▇▅▅▅▅▅▄▅▅▅▇▇▇█▇▇▇█▇▇█▇▇███▇█████▇
wandb:           R1C1_C/train/value_loss ▁▁▁▁▁▂▂▂▂▁▂▂▂▂▃▂▃▃▄▄▂▂▃█▄▄█▂▂▃▆▆▆▂▂██▂▂▂
wandb:                        avg_reward ▂▅▅▂▄▆▁▂▃█▆▂█▄▇▅▇▅▅▇▇▇▆▇██▆██▇▇█▇█▇▆▆▆▆▇
wandb:                                +9 ...
wandb: 
wandb: Run summary:
wandb:         R1C1_C/action_pct/phase_0 0.13889
wandb:         R1C1_C/action_pct/phase_1 0.83333
wandb:         R1C1_C/action_pct/phase_2 0.13889
wandb:         R1C1_C/action_pct/phase_3 99.72222
wandb:         R1C1_C/train/entropy_loss -0.04082
wandb:        R1C1_C/train/learning_rate 0.0001
wandb:                 R1C1_C/train/loss 0.77487
wandb: R1C1_C/train/policy_gradient_loss -8e-05
wandb:           R1C1_C/train/value_loss 21.95456
wandb:                        avg_reward 0.57567
wandb:                                +9 ...
wandb: 
wandb: 🚀 View run ppo_co2_speedstd_1x64_2_R1C1_C at: https://wandb.ai/wagnertamas-budapesti-m-szaki-s-gazdas-gtudom-nyi-egyetem/sumo-rl-stat/runs/grfiqp6p
wandb: ⭐️ View project at: https://wandb.ai/wagnertamas-budapesti-m-szaki-s-gazdas-gtudom-nyi-egyetem/sumo-rl-stat
wandb: Synced 5 W&B file(s), 0 media file(s), 0 artifact file(s) and 1 other file(s)
wandb: Find logs at: ./wandb/run-20260322_001341-grfiqp6p/logs

[DEBUG] 🎯 Célzott Forgalom Generálása (R1C1_C) | Period: 6.6081
Found 6 valid OD pairs for R1C1_C
Generating focused traffic: Period 6.6081s
[INFO] Subscriptions active: 6 (libsumo, fast mode)
[INFO] Episode duration: 3600s (60 min)

[DEBUG] 🎯 Célzott Forgalom Generálása (R1C1_C) | Period: 4.937
Found 6 valid OD pairs for R1C1_C
Generating focused traffic: Period 4.9370s
[INFO] Subscriptions active: 6 (libsumo, fast mode)
[INFO] Episode duration: 3600s (60 min)

[DEBUG] 🎯 Célzott Forgalom Generálása (R1C1_C) | Period: 5.8403
Found 6 valid OD pairs for R1C1_C
Generating focused traffic: Period 5.8403s
[INFO] Subscriptions active: 6 (libsumo, fast mode)
[INFO] Episode duration: 3600s (60 min)

[DEBUG] 🎯 Célzott Forgalom Generálása (R1C1_C) | Period: 4.6903
Found 6 valid OD pairs for R1C1_C
Generating focused traffic: Period 4.6903s
[INFO] Subscriptions active: 6 (libsumo, fast mode)
[INFO] Episode duration: 3600s (60 min)

[DEBUG] 🎯 Célzott Forgalom Generálása (R1C1_C) | Period: 6.5124
Found 6 valid OD pairs for R1C1_C
Generating focused traffic: Period 6.5124s
[INFO] Subscriptions active: 6 (libsumo, fast mode)
[INFO] Episode duration: 3600s (60 min)

[DEBUG] 🎯 Célzott Forgalom Generálása (R1C1_C) | Period: 7.6029
Found 6 valid OD pairs for R1C1_C
Generating focused traffic: Period 7.6029s
[INFO] Subscriptions active: 6 (libsumo, fast mode)
On-policy training completed.
Closing environment and EXPORTING models...
Saving PyTorch ZIP models to /Users/wagnertamas/Documents/Munka/cikkek/AI_agens_konyvtar/support/intergreen_matrix_calculator/data/runs/pytorch_models...
Saved PyTorch R1C1_C to /Users/wagnertamas/Documents/Munka/cikkek/AI_agens_konyvtar/support/intergreen_matrix_calculator/data/runs/pytorch_models/R1C1_C.zip
Exporting ONNX models to /Users/wagnertamas/Documents/Munka/cikkek/AI_agens_konyvtar/support/intergreen_matrix_calculator/data/runs/onnx_models...
Failed to export R1C1_C: # Failed to convert 'dynamic_axes' to 'dynamic_shapes'. Please provide 'dynamic_shapes' directly. Refer to the documentation for 'torch.export.export' for more information on dynamic shapes.
Cleanup done.
