wandb: [wandb.login()] Loaded credentials for https://api.wandb.ai from /Users/wagnertamas/.netrc.
wandb: Currently logged in as: wagnertamas (wagnertamas-budapesti-m-szaki-s-gazdas-gtudom-nyi-egyetem) to https://api.wandb.ai. Use `wandb login --relogin` to force relogin
wandb: setting up run utx809qv
wandb: Tracking run with wandb version 0.25.0
wandb: Run data is saved locally in /Users/wagnertamas/Documents/Munka/cikkek/AI_agens_konyvtar/support/intergreen_matrix_calculator/wandb/run-20260321_223253-utx809qv
wandb: Run `wandb offline` to turn off syncing.
wandb: Syncing run ppo_halt_ratio_1x8_1_R1C1_C
wandb: ⭐️ View project at https://wandb.ai/wagnertamas-budapesti-m-szaki-s-gazdas-gtudom-nyi-egyetem/sumo-rl-stat
wandb: 🚀 View run at https://wandb.ai/wagnertamas-budapesti-m-szaki-s-gazdas-gtudom-nyi-egyetem/sumo-rl-stat/runs/utx809qv
[INFO] Config: training_config.yaml
[INFO] Net: /Users/wagnertamas/Documents/Munka/cikkek/AI_agens_konyvtar/support/intergreen_matrix_calculator/data/mega_catalogue_v2.net.xml
[INFO] Timesteps: 100000 | Project: sumo-rl-stat
[INFO] Junction: R1C1_C
[INFO] Algorithm: ppo | Reward: halt_ratio
[INFO] Load model: None (fresh)
[INFO] Traffic: random target+spread (epizódonként)
Initializing Environment (algorithm=ppo, reward=halt_ratio)...
[INFO] Algorithm: ppo (on_policy)
[INFO] Reward mode: halt_ratio
WandB config applied (Sweep compatible).
[INFO] Junction reward params auto-loaded from /Users/wagnertamas/Documents/Munka/cikkek/AI_agens_konyvtar/support/intergreen_matrix_calculator/data/junction_reward_params.json
[INFO] Using 'libsumo' (fast headless mode, OS=darwin).
Starting SUMO...
[INFO] Episode duration: 3600s (60 min)

[DEBUG] 🎯 Célzott Forgalom Generálása (R1C1_C) | Period: 6.7411
Found 6 valid OD pairs for R1C1_C
Generating focused traffic: Period 6.7411s
[INFO] Network mapped: 1 agents, 3 detectors, 3 lanes
[INFO] Subscriptions active: 6 (libsumo, fast mode)
Agents discovered: ['R1C1_C']
[INFO] RL device: mps
[INFO] On-policy training: ppo → R1C1_C
Using mps device
Wrapping the env with a `Monitor` wrapper
Wrapping the env in a DummyVecEnv.
Starting on-policy training: 100000 timesteps...
[INFO] Episode duration: 900s (15 min)

[DEBUG] 🎯 Célzott Forgalom Generálása (R1C1_C) | Period: 5.5924
Found 6 valid OD pairs for R1C1_C
Generating focused traffic: Period 5.5924s
[INFO] Subscriptions active: 6 (libsumo, fast mode)
Logging to /Users/wagnertamas/Documents/Munka/cikkek/AI_agens_konyvtar/support/intergreen_matrix_calculator/data/runs/sumo-rl-stat/R1C1_C/PPO_95
[INFO] Episode duration: 3600s (60 min)

[DEBUG] 🎯 Célzott Forgalom Generálása (R1C1_C) | Period: 5.5351
Found 6 valid OD pairs for R1C1_C
Generating focused traffic: Period 5.5351s
[INFO] Subscriptions active: 6 (libsumo, fast mode)
[INFO] Episode duration: 900s (15 min)

[DEBUG] 🎯 Célzott Forgalom Generálása (R1C1_C) | Period: 7.2888
Found 6 valid OD pairs for R1C1_C
Generating focused traffic: Period 7.2888s
[INFO] Subscriptions active: 6 (libsumo, fast mode)
[INFO] Episode duration: 1800s (30 min)

[DEBUG] 🎯 Célzott Forgalom Generálása (R1C1_C) | Period: 5.51
Found 6 valid OD pairs for R1C1_C
Generating focused traffic: Period 5.5100s
[INFO] Subscriptions active: 6 (libsumo, fast mode)
[INFO] Episode duration: 900s (15 min)

[DEBUG] 🎯 Célzott Forgalom Generálása (R1C1_C) | Period: 6.0239
Found 6 valid OD pairs for R1C1_C
Generating focused traffic: Period 6.0239s
[INFO] Subscriptions active: 6 (libsumo, fast mode)
[INFO] Episode duration: 1800s (30 min)

[DEBUG] 🎯 Célzott Forgalom Generálása (R1C1_C) | Period: 7.3168
Found 6 valid OD pairs for R1C1_C
Generating focused traffic: Period 7.3168s
[INFO] Subscriptions active: 6 (libsumo, fast mode)
[INFO] Episode duration: 3600s (60 min)

[DEBUG] 🎯 Célzott Forgalom Generálása (R1C1_C) | Period: 7.4003
Found 6 valid OD pairs for R1C1_C
Generating focused traffic: Period 7.4003s
[INFO] Subscriptions active: 6 (libsumo, fast mode)
[INFO] Episode duration: 1800s (30 min)

[DEBUG] 🎯 Célzott Forgalom Generálása (R1C1_C) | Period: 5.2227
Found 6 valid OD pairs for R1C1_C
Generating focused traffic: Period 5.2227s
[INFO] Subscriptions active: 6 (libsumo, fast mode)
[INFO] Episode duration: 3600s (60 min)

[DEBUG] 🎯 Célzott Forgalom Generálása (R1C1_C) | Period: 7.5337
Found 6 valid OD pairs for R1C1_C
Generating focused traffic: Period 7.5337s
[INFO] Subscriptions active: 6 (libsumo, fast mode)
[INFO] Episode duration: 3600s (60 min)

[DEBUG] 🎯 Célzott Forgalom Generálása (R1C1_C) | Period: 6.3797
Found 6 valid OD pairs for R1C1_C
Generating focused traffic: Period 6.3797s
[INFO] Subscriptions active: 6 (libsumo, fast mode)
[INFO] Episode duration: 3600s (60 min)

[DEBUG] 🎯 Célzott Forgalom Generálása (R1C1_C) | Period: 7.6382
Found 6 valid OD pairs for R1C1_C
Generating focused traffic: Period 7.6382s
[INFO] Subscriptions active: 6 (libsumo, fast mode)
[INFO] Episode duration: 3600s (60 min)

[DEBUG] 🎯 Célzott Forgalom Generálása (R1C1_C) | Period: 7.1036
Found 6 valid OD pairs for R1C1_C
Generating focused traffic: Period 7.1036s
[INFO] Subscriptions active: 6 (libsumo, fast mode)
[INFO] Episode duration: 3600s (60 min)

[DEBUG] 🎯 Célzott Forgalom Generálása (R1C1_C) | Period: 5.3887
Found 6 valid OD pairs for R1C1_C
Generating focused traffic: Period 5.3887s
[INFO] Subscriptions active: 6 (libsumo, fast mode)
[INFO] Episode duration: 3600s (60 min)

[DEBUG] 🎯 Célzott Forgalom Generálása (R1C1_C) | Period: 4.3341
Found 6 valid OD pairs for R1C1_C
Generating focused traffic: Period 4.3341s
[INFO] Subscriptions active: 6 (libsumo, fast mode)
[INFO] Episode duration: 1800s (30 min)

[DEBUG] 🎯 Célzott Forgalom Generálása (R1C1_C) | Period: 7.4539
Found 6 valid OD pairs for R1C1_C
Generating focused traffic: Period 7.4539s
[INFO] Subscriptions active: 6 (libsumo, fast mode)
[INFO] Episode duration: 3600s (60 min)

[DEBUG] 🎯 Célzott Forgalom Generálása (R1C1_C) | Period: 5.1295
Found 6 valid OD pairs for R1C1_C
Generating focused traffic: Period 5.1295s
[INFO] Subscriptions active: 6 (libsumo, fast mode)
[INFO] Episode duration: 1800s (30 min)

[DEBUG] 🎯 Célzott Forgalom Generálása (R1C1_C) | Period: 7.4924
Found 6 valid OD pairs for R1C1_C
Generating focused traffic: Period 7.4924s
[INFO] Subscriptions active: 6 (libsumo, fast mode)
[INFO] Episode duration: 3600s (60 min)

[DEBUG] 🎯 Célzott Forgalom Generálása (R1C1_C) | Period: 5.9579
Found 6 valid OD pairs for R1C1_C
Generating focused traffic: Period 5.9579s
[INFO] Subscriptions active: 6 (libsumo, fast mode)
[INFO] Episode duration: 1800s (30 min)

[DEBUG] 🎯 Célzott Forgalom Generálása (R1C1_C) | Period: 7.1646
Found 6 valid OD pairs for R1C1_C
Generating focused traffic: Period 7.1646s
[INFO] Subscriptions active: 6 (libsumo, fast mode)
[INFO] Episode duration: 3600s (60 min)

[DEBUG] 🎯 Célzott Forgalom Generálása (R1C1_C) | Period: 5.0207
Found 6 valid OD pairs for R1C1_C
Generating focused traffic: Period 5.0207s
[INFO] Subscriptions active: 6 (libsumo, fast mode)
[INFO] Episode duration: 3600s (60 min)

[DEBUG] 🎯 Célzott Forgalom Generálása (R1C1_C) | Period: 4.7006
Found 6 valid OD pairs for R1C1_C
Generating focused traffic: Period 4.7006s
[INFO] Subscriptions active: 6 (libsumo, fast mode)
[INFO] Episode duration: 2700s (45 min)

[DEBUG] 🎯 Célzott Forgalom Generálása (R1C1_C) | Period: 7.0625
Found 6 valid OD pairs for R1C1_C
Generating focused traffic: Period 7.0625s
[INFO] Subscriptions active: 6 (libsumo, fast mode)
[INFO] Episode duration: 2700s (45 min)

[DEBUG] 🎯 Célzott Forgalom Generálása (R1C1_C) | Period: 4.7795
Found 6 valid OD pairs for R1C1_C
Generating focused traffic: Period 4.7795s
[INFO] Subscriptions active: 6 (libsumo, fast mode)
[INFO] Episode duration: 3600s (60 min)

[DEBUG] 🎯 Célzott Forgalom Generálása (R1C1_C) | Period: 5.9984
Found 6 valid OD pairs for R1C1_C
Generating focused traffic: Period 5.9984s
[INFO] Subscriptions active: 6 (libsumo, fast mode)
[INFO] Episode duration: 1800s (30 min)

[DEBUG] 🎯 Célzott Forgalom Generálása (R1C1_C) | Period: 6.2316
Found 6 valid OD pairs for R1C1_C
Generating focused traffic: Period 6.2316s
[INFO] Subscriptions active: 6 (libsumo, fast mode)
[INFO] Episode duration: 3600s (60 min)

[DEBUG] 🎯 Célzott Forgalom Generálása (R1C1_C) | Period: 7.9146
Found 6 valid OD pairs for R1C1_C
Generating focused traffic: Period 7.9146s
[INFO] Subscriptions active: 6 (libsumo, fast mode)
[INFO] Episode duration: 900s (15 min)

[DEBUG] 🎯 Célzott Forgalom Generálása (R1C1_C) | Period: 5.1105
Found 6 valid OD pairs for R1C1_C
Generating focused traffic: Period 5.1105s
[INFO] Subscriptions active: 6 (libsumo, fast mode)
[INFO] Episode duration: 900s (15 min)

[DEBUG] 🎯 Célzott Forgalom Generálása (R1C1_C) | Period: 4.6263
Found 6 valid OD pairs for R1C1_C
Generating focused traffic: Period 4.6263s
[INFO] Subscriptions active: 6 (libsumo, fast mode)
[INFO] Episode duration: 3600s (60 min)

[DEBUG] 🎯 Célzott Forgalom Generálása (R1C1_C) | Period: 7.0226
Found 6 valid OD pairs for R1C1_C
Generating focused traffic: Period 7.0226s
[INFO] Subscriptions active: 6 (libsumo, fast mode)
[INFO] Episode duration: 900s (15 min)

[DEBUG] 🎯 Célzott Forgalom Generálása (R1C1_C) | Period: 5.3881
Found 6 valid OD pairs for R1C1_C
Generating focused traffic: Period 5.3881s
[INFO] Subscriptions active: 6 (libsumo, fast mode)
[INFO] Episode duration: 900s (15 min)

[DEBUG] 🎯 Célzott Forgalom Generálása (R1C1_C) | Period: 7.6048
Found 6 valid OD pairs for R1C1_C
Generating focused traffic: Period 7.6048s
[INFO] Subscriptions active: 6 (libsumo, fast mode)
[INFO] Episode duration: 2700s (45 min)

[DEBUG] 🎯 Célzott Forgalom Generálása (R1C1_C) | Period: 6.8229
Found 6 valid OD pairs for R1C1_C
Generating focused traffic: Period 6.8229s
[INFO] Subscriptions active: 6 (libsumo, fast mode)
[INFO] Episode duration: 3600s (60 min)

[DEBUG] 🎯 Célzott Forgalom Generálása (R1C1_C) | Period: 4.2175
Found 6 valid OD pairs for R1C1_C
Generating focused traffic: Period 4.2175s
[INFO] Subscriptions active: 6 (libsumo, fast mode)
[INFO] Episode duration: 900s (15 min)

[DEBUG] 🎯 Célzott Forgalom Generálása (R1C1_C) | Period: 4.353
Found 6 valid OD pairs for R1C1_C
Generating focused traffic: Period 4.3530s
[INFO] Subscriptions active: 6 (libsumo, fast mode)
[INFO] Episode duration: 3600s (60 min)

[DEBUG] 🎯 Célzott Forgalom Generálása (R1C1_C) | Period: 7.6902
Found 6 valid OD pairs for R1C1_C
Generating focused traffic: Period 7.6902s
[INFO] Subscriptions active: 6 (libsumo, fast mode)
[INFO] Episode duration: 3600s (60 min)

[DEBUG] 🎯 Célzott Forgalom Generálása (R1C1_C) | Period: 7.1311
Found 6 valid OD pairs for R1C1_C
Generating focused traffic: Period 7.1311s
[INFO] Subscriptions active: 6 (libsumo, fast mode)
[INFO] Episode duration: 2700s (45 min)

[DEBUG] 🎯 Célzott Forgalom Generálása (R1C1_C) | Period: 5.9771
Found 6 valid OD pairs for R1C1_C
Generating focused traffic: Period 5.9771s
[INFO] Subscriptions active: 6 (libsumo, fast mode)
[INFO] Episode duration: 1800s (30 min)

[DEBUG] 🎯 Célzott Forgalom Generálása (R1C1_C) | Period: 7.735
Found 6 valid OD pairs for R1C1_C
Generating focused traffic: Period 7.7350s
[INFO] Subscriptions active: 6 (libsumo, fast mode)
[INFO] Episode duration: 3600s (60 min)

[DEBUG] 🎯 Célzott Forgalom Generálása (R1C1_C) | Period: 4.6202
Found 6 valid OD pairs for R1C1_C
Generating focused traffic: Period 4.6202s
[INFO] Subscriptions active: 6 (libsumo, fast mode)
[INFO] Episode duration: 2700s (45 min)

[DEBUG] 🎯 Célzott Forgalom Generálása (R1C1_C) | Period: 6.3515
Found 6 valid OD pairs for R1C1_C
Generating focused traffic: Period 6.3515s
[INFO] Subscriptions active: 6 (libsumo, fast mode)
------------------------------------------
| rollout/                |              |
|    ep_len_mean          | 517          |
|    ep_rew_mean          | 93.2         |
| time/                   |              |
|    fps                  | 119          |
|    iterations           | 10           |
|    time_elapsed         | 171          |
|    total_timesteps      | 20480        |
| train/                  |              |
|    approx_kl            | 0.0016262722 |
|    clip_fraction        | 0            |
|    clip_range           | 0.2          |
|    entropy_loss         | -1.33        |
|    explained_variance   | -0.66        |
|    learning_rate        | 0.0001       |
|    loss                 | 3.69         |
|    n_updates            | 90           |
|    policy_gradient_loss | -0.00135     |
|    value_loss           | 7.61         |
------------------------------------------
[INFO] Episode duration: 1800s (30 min)

[DEBUG] 🎯 Célzott Forgalom Generálása (R1C1_C) | Period: 4.4591
Found 6 valid OD pairs for R1C1_C
Generating focused traffic: Period 4.4591s
[INFO] Subscriptions active: 6 (libsumo, fast mode)
[INFO] Episode duration: 3600s (60 min)

[DEBUG] 🎯 Célzott Forgalom Generálása (R1C1_C) | Period: 7.3369
Found 6 valid OD pairs for R1C1_C
Generating focused traffic: Period 7.3369s
[INFO] Subscriptions active: 6 (libsumo, fast mode)
[INFO] Episode duration: 1800s (30 min)

[DEBUG] 🎯 Célzott Forgalom Generálása (R1C1_C) | Period: 7.494
Found 6 valid OD pairs for R1C1_C
Generating focused traffic: Period 7.4940s
[INFO] Subscriptions active: 6 (libsumo, fast mode)
[INFO] Episode duration: 1800s (30 min)

[DEBUG] 🎯 Célzott Forgalom Generálása (R1C1_C) | Period: 7.0647
Found 6 valid OD pairs for R1C1_C
Generating focused traffic: Period 7.0647s
[INFO] Subscriptions active: 6 (libsumo, fast mode)
[INFO] Episode duration: 2700s (45 min)

[DEBUG] 🎯 Célzott Forgalom Generálása (R1C1_C) | Period: 5.5875
Found 6 valid OD pairs for R1C1_C
Generating focused traffic: Period 5.5875s
[INFO] Subscriptions active: 6 (libsumo, fast mode)
[INFO] Episode duration: 3600s (60 min)

[DEBUG] 🎯 Célzott Forgalom Generálása (R1C1_C) | Period: 4.6397
Found 6 valid OD pairs for R1C1_C
Generating focused traffic: Period 4.6397s
[INFO] Subscriptions active: 6 (libsumo, fast mode)
[INFO] Episode duration: 1800s (30 min)

[DEBUG] 🎯 Célzott Forgalom Generálása (R1C1_C) | Period: 6.4092
Found 6 valid OD pairs for R1C1_C
Generating focused traffic: Period 6.4092s
[INFO] Subscriptions active: 6 (libsumo, fast mode)
[INFO] Episode duration: 1800s (30 min)

[DEBUG] 🎯 Célzott Forgalom Generálása (R1C1_C) | Period: 4.4904
Found 6 valid OD pairs for R1C1_C
Generating focused traffic: Period 4.4904s
[INFO] Subscriptions active: 6 (libsumo, fast mode)
[INFO] Episode duration: 2700s (45 min)

[DEBUG] 🎯 Célzott Forgalom Generálása (R1C1_C) | Period: 5.9792
Found 6 valid OD pairs for R1C1_C
Generating focused traffic: Period 5.9792s
[INFO] Subscriptions active: 6 (libsumo, fast mode)
[INFO] Episode duration: 2700s (45 min)

[DEBUG] 🎯 Célzott Forgalom Generálása (R1C1_C) | Period: 7.3518
Found 6 valid OD pairs for R1C1_C
Generating focused traffic: Period 7.3518s
[INFO] Subscriptions active: 6 (libsumo, fast mode)
[INFO] Episode duration: 1800s (30 min)

[DEBUG] 🎯 Célzott Forgalom Generálása (R1C1_C) | Period: 7.9531
Found 6 valid OD pairs for R1C1_C
Generating focused traffic: Period 7.9531s
[INFO] Subscriptions active: 6 (libsumo, fast mode)
[INFO] Episode duration: 1800s (30 min)

[DEBUG] 🎯 Célzott Forgalom Generálása (R1C1_C) | Period: 6.8269
Found 6 valid OD pairs for R1C1_C
Generating focused traffic: Period 6.8269s
[INFO] Subscriptions active: 6 (libsumo, fast mode)
[INFO] Episode duration: 2700s (45 min)

[DEBUG] 🎯 Célzott Forgalom Generálása (R1C1_C) | Period: 4.1171
Found 6 valid OD pairs for R1C1_C
Generating focused traffic: Period 4.1171s
[INFO] Subscriptions active: 6 (libsumo, fast mode)
[INFO] Episode duration: 3600s (60 min)

[DEBUG] 🎯 Célzott Forgalom Generálása (R1C1_C) | Period: 5.663
Found 6 valid OD pairs for R1C1_C
Generating focused traffic: Period 5.6630s
[INFO] Subscriptions active: 6 (libsumo, fast mode)
[INFO] Episode duration: 1800s (30 min)

[DEBUG] 🎯 Célzott Forgalom Generálása (R1C1_C) | Period: 7.3608
Found 6 valid OD pairs for R1C1_C
Generating focused traffic: Period 7.3608s
[INFO] Subscriptions active: 6 (libsumo, fast mode)
[INFO] Episode duration: 3600s (60 min)

[DEBUG] 🎯 Célzott Forgalom Generálása (R1C1_C) | Period: 7.1576
Found 6 valid OD pairs for R1C1_C
Generating focused traffic: Period 7.1576s
[INFO] Subscriptions active: 6 (libsumo, fast mode)
[INFO] Episode duration: 2700s (45 min)

[DEBUG] 🎯 Célzott Forgalom Generálása (R1C1_C) | Period: 7.1655
Found 6 valid OD pairs for R1C1_C
Generating focused traffic: Period 7.1655s
[INFO] Subscriptions active: 6 (libsumo, fast mode)
[INFO] Episode duration: 1800s (30 min)

[DEBUG] 🎯 Célzott Forgalom Generálása (R1C1_C) | Period: 7.8273
Found 6 valid OD pairs for R1C1_C
Generating focused traffic: Period 7.8273s
[INFO] Subscriptions active: 6 (libsumo, fast mode)
[INFO] Episode duration: 900s (15 min)

[DEBUG] 🎯 Célzott Forgalom Generálása (R1C1_C) | Period: 4.9328
Found 6 valid OD pairs for R1C1_C
Generating focused traffic: Period 4.9328s
[INFO] Subscriptions active: 6 (libsumo, fast mode)
[INFO] Episode duration: 900s (15 min)

[DEBUG] 🎯 Célzott Forgalom Generálása (R1C1_C) | Period: 4.642
Found 6 valid OD pairs for R1C1_C
Generating focused traffic: Period 4.6420s
[INFO] Subscriptions active: 6 (libsumo, fast mode)
[INFO] Episode duration: 900s (15 min)

[DEBUG] 🎯 Célzott Forgalom Generálása (R1C1_C) | Period: 6.8808
Found 6 valid OD pairs for R1C1_C
Generating focused traffic: Period 6.8808s
[INFO] Subscriptions active: 6 (libsumo, fast mode)
[INFO] Episode duration: 3600s (60 min)

[DEBUG] 🎯 Célzott Forgalom Generálása (R1C1_C) | Period: 5.2214
Found 6 valid OD pairs for R1C1_C
Generating focused traffic: Period 5.2214s
[INFO] Subscriptions active: 6 (libsumo, fast mode)
[INFO] Episode duration: 1800s (30 min)

[DEBUG] 🎯 Célzott Forgalom Generálása (R1C1_C) | Period: 6.189
Found 6 valid OD pairs for R1C1_C
Generating focused traffic: Period 6.1890s
[INFO] Subscriptions active: 6 (libsumo, fast mode)
[INFO] Episode duration: 2700s (45 min)

[DEBUG] 🎯 Célzott Forgalom Generálása (R1C1_C) | Period: 7.1183
Found 6 valid OD pairs for R1C1_C
Generating focused traffic: Period 7.1183s
[INFO] Subscriptions active: 6 (libsumo, fast mode)
[INFO] Episode duration: 900s (15 min)

[DEBUG] 🎯 Célzott Forgalom Generálása (R1C1_C) | Period: 4.7211
Found 6 valid OD pairs for R1C1_C
Generating focused traffic: Period 4.7211s
[INFO] Subscriptions active: 6 (libsumo, fast mode)
[INFO] Episode duration: 900s (15 min)

[DEBUG] 🎯 Célzott Forgalom Generálása (R1C1_C) | Period: 7.5873
Found 6 valid OD pairs for R1C1_C
Generating focused traffic: Period 7.5873s
[INFO] Subscriptions active: 6 (libsumo, fast mode)
[INFO] Episode duration: 2700s (45 min)

[DEBUG] 🎯 Célzott Forgalom Generálása (R1C1_C) | Period: 7.4251
Found 6 valid OD pairs for R1C1_C
Generating focused traffic: Period 7.4251s
[INFO] Subscriptions active: 6 (libsumo, fast mode)
[INFO] Episode duration: 2700s (45 min)

[DEBUG] 🎯 Célzott Forgalom Generálása (R1C1_C) | Period: 6.4544
Found 6 valid OD pairs for R1C1_C
Generating focused traffic: Period 6.4544s
[INFO] Subscriptions active: 6 (libsumo, fast mode)
[INFO] Episode duration: 1800s (30 min)

[DEBUG] 🎯 Célzott Forgalom Generálása (R1C1_C) | Period: 4.8552
Found 6 valid OD pairs for R1C1_C
Generating focused traffic: Period 4.8552s
[INFO] Subscriptions active: 6 (libsumo, fast mode)
[INFO] Episode duration: 2700s (45 min)

[DEBUG] 🎯 Célzott Forgalom Generálása (R1C1_C) | Period: 7.9393
Found 6 valid OD pairs for R1C1_C
Generating focused traffic: Period 7.9393s
[INFO] Subscriptions active: 6 (libsumo, fast mode)
[INFO] Episode duration: 2700s (45 min)

[DEBUG] 🎯 Célzott Forgalom Generálása (R1C1_C) | Period: 4.2997
Found 6 valid OD pairs for R1C1_C
Generating focused traffic: Period 4.2997s
[INFO] Subscriptions active: 6 (libsumo, fast mode)
[INFO] Episode duration: 2700s (45 min)

[DEBUG] 🎯 Célzott Forgalom Generálása (R1C1_C) | Period: 5.2822
Found 6 valid OD pairs for R1C1_C
Generating focused traffic: Period 5.2822s
[INFO] Subscriptions active: 6 (libsumo, fast mode)
[INFO] Episode duration: 1800s (30 min)

[DEBUG] 🎯 Célzott Forgalom Generálása (R1C1_C) | Period: 7.257
Found 6 valid OD pairs for R1C1_C
Generating focused traffic: Period 7.2570s
[INFO] Subscriptions active: 6 (libsumo, fast mode)
[INFO] Episode duration: 900s (15 min)

[DEBUG] 🎯 Célzott Forgalom Generálása (R1C1_C) | Period: 6.2067
Found 6 valid OD pairs for R1C1_C
Generating focused traffic: Period 6.2067s
[INFO] Subscriptions active: 6 (libsumo, fast mode)
[INFO] Episode duration: 2700s (45 min)

[DEBUG] 🎯 Célzott Forgalom Generálása (R1C1_C) | Period: 6.0668
Found 6 valid OD pairs for R1C1_C
Generating focused traffic: Period 6.0668s
[INFO] Subscriptions active: 6 (libsumo, fast mode)
[INFO] Episode duration: 900s (15 min)

[DEBUG] 🎯 Célzott Forgalom Generálása (R1C1_C) | Period: 6.6293
Found 6 valid OD pairs for R1C1_C
Generating focused traffic: Period 6.6293s
[INFO] Subscriptions active: 6 (libsumo, fast mode)
[INFO] Episode duration: 3600s (60 min)

[DEBUG] 🎯 Célzott Forgalom Generálása (R1C1_C) | Period: 4.2714
Found 6 valid OD pairs for R1C1_C
Generating focused traffic: Period 4.2714s
[INFO] Subscriptions active: 6 (libsumo, fast mode)
[INFO] Episode duration: 3600s (60 min)

[DEBUG] 🎯 Célzott Forgalom Generálása (R1C1_C) | Period: 4.5818
Found 6 valid OD pairs for R1C1_C
Generating focused traffic: Period 4.5818s
[INFO] Subscriptions active: 6 (libsumo, fast mode)
[INFO] Episode duration: 900s (15 min)

[DEBUG] 🎯 Célzott Forgalom Generálása (R1C1_C) | Period: 6.4672
Found 6 valid OD pairs for R1C1_C
Generating focused traffic: Period 6.4672s
[INFO] Subscriptions active: 6 (libsumo, fast mode)
[INFO] Episode duration: 3600s (60 min)

[DEBUG] 🎯 Célzott Forgalom Generálása (R1C1_C) | Period: 7.0529
Found 6 valid OD pairs for R1C1_C
Generating focused traffic: Period 7.0529s
[INFO] Subscriptions active: 6 (libsumo, fast mode)
[INFO] Episode duration: 3600s (60 min)

[DEBUG] 🎯 Célzott Forgalom Generálása (R1C1_C) | Period: 6.007
Found 6 valid OD pairs for R1C1_C
Generating focused traffic: Period 6.0070s
[INFO] Subscriptions active: 6 (libsumo, fast mode)
[INFO] Episode duration: 2700s (45 min)

[DEBUG] 🎯 Célzott Forgalom Generálása (R1C1_C) | Period: 4.3998
Found 6 valid OD pairs for R1C1_C
Generating focused traffic: Period 4.3998s
[INFO] Subscriptions active: 6 (libsumo, fast mode)
[INFO] Episode duration: 900s (15 min)

[DEBUG] 🎯 Célzott Forgalom Generálása (R1C1_C) | Period: 4.6254
Found 6 valid OD pairs for R1C1_C
Generating focused traffic: Period 4.6254s
[INFO] Subscriptions active: 6 (libsumo, fast mode)
[INFO] Episode duration: 1800s (30 min)

[DEBUG] 🎯 Célzott Forgalom Generálása (R1C1_C) | Period: 6.6061
Found 6 valid OD pairs for R1C1_C
Generating focused traffic: Period 6.6061s
[INFO] Subscriptions active: 6 (libsumo, fast mode)
[INFO] Episode duration: 1800s (30 min)

[DEBUG] 🎯 Célzott Forgalom Generálása (R1C1_C) | Period: 7.1035
Found 6 valid OD pairs for R1C1_C
Generating focused traffic: Period 7.1035s
[INFO] Subscriptions active: 6 (libsumo, fast mode)
[INFO] Episode duration: 900s (15 min)

[DEBUG] 🎯 Célzott Forgalom Generálása (R1C1_C) | Period: 4.7409
Found 6 valid OD pairs for R1C1_C
Generating focused traffic: Period 4.7409s
[INFO] Subscriptions active: 6 (libsumo, fast mode)
------------------------------------------
| rollout/                |              |
|    ep_len_mean          | 481          |
|    ep_rew_mean          | 90.3         |
| time/                   |              |
|    fps                  | 117          |
|    iterations           | 20           |
|    time_elapsed         | 348          |
|    total_timesteps      | 40960        |
| train/                  |              |
|    approx_kl            | 0.0017998957 |
|    clip_fraction        | 0            |
|    clip_range           | 0.2          |
|    entropy_loss         | -1.26        |
|    explained_variance   | -0.151       |
|    learning_rate        | 0.0001       |
|    loss                 | 0.669        |
|    n_updates            | 190          |
|    policy_gradient_loss | -0.00132     |
|    value_loss           | 5.13         |
------------------------------------------
[INFO] Episode duration: 2700s (45 min)

[DEBUG] 🎯 Célzott Forgalom Generálása (R1C1_C) | Period: 4.9432
Found 6 valid OD pairs for R1C1_C
Generating focused traffic: Period 4.9432s
[INFO] Subscriptions active: 6 (libsumo, fast mode)
[INFO] Episode duration: 1800s (30 min)

[DEBUG] 🎯 Célzott Forgalom Generálása (R1C1_C) | Period: 4.483
Found 6 valid OD pairs for R1C1_C
Generating focused traffic: Period 4.4830s
[INFO] Subscriptions active: 6 (libsumo, fast mode)
[INFO] Episode duration: 2700s (45 min)

[DEBUG] 🎯 Célzott Forgalom Generálása (R1C1_C) | Period: 5.1837
Found 6 valid OD pairs for R1C1_C
Generating focused traffic: Period 5.1837s
[INFO] Subscriptions active: 6 (libsumo, fast mode)
[INFO] Episode duration: 900s (15 min)

[DEBUG] 🎯 Célzott Forgalom Generálása (R1C1_C) | Period: 5.4356
Found 6 valid OD pairs for R1C1_C
Generating focused traffic: Period 5.4356s
[INFO] Subscriptions active: 6 (libsumo, fast mode)
[INFO] Episode duration: 900s (15 min)

[DEBUG] 🎯 Célzott Forgalom Generálása (R1C1_C) | Period: 5.6394
Found 6 valid OD pairs for R1C1_C
Generating focused traffic: Period 5.6394s
[INFO] Subscriptions active: 6 (libsumo, fast mode)
[INFO] Episode duration: 2700s (45 min)

[DEBUG] 🎯 Célzott Forgalom Generálása (R1C1_C) | Period: 4.0822
Found 6 valid OD pairs for R1C1_C
Generating focused traffic: Period 4.0822s
[INFO] Subscriptions active: 6 (libsumo, fast mode)
[INFO] Episode duration: 2700s (45 min)

[DEBUG] 🎯 Célzott Forgalom Generálása (R1C1_C) | Period: 4.8926
Found 6 valid OD pairs for R1C1_C
Generating focused traffic: Period 4.8926s
[INFO] Subscriptions active: 6 (libsumo, fast mode)
[INFO] Episode duration: 900s (15 min)

[DEBUG] 🎯 Célzott Forgalom Generálása (R1C1_C) | Period: 5.9708
Found 6 valid OD pairs for R1C1_C
Generating focused traffic: Period 5.9708s
[INFO] Subscriptions active: 6 (libsumo, fast mode)
[INFO] Episode duration: 900s (15 min)

[DEBUG] 🎯 Célzott Forgalom Generálása (R1C1_C) | Period: 7.5337
Found 6 valid OD pairs for R1C1_C
Generating focused traffic: Period 7.5337s
[INFO] Subscriptions active: 6 (libsumo, fast mode)
[INFO] Episode duration: 1800s (30 min)

[DEBUG] 🎯 Célzott Forgalom Generálása (R1C1_C) | Period: 6.1631
Found 6 valid OD pairs for R1C1_C
Generating focused traffic: Period 6.1631s
[INFO] Subscriptions active: 6 (libsumo, fast mode)
[INFO] Episode duration: 900s (15 min)

[DEBUG] 🎯 Célzott Forgalom Generálása (R1C1_C) | Period: 4.291
Found 6 valid OD pairs for R1C1_C
Generating focused traffic: Period 4.2910s
[INFO] Subscriptions active: 6 (libsumo, fast mode)
[INFO] Episode duration: 1800s (30 min)

[DEBUG] 🎯 Célzott Forgalom Generálása (R1C1_C) | Period: 7.7065
Found 6 valid OD pairs for R1C1_C
Generating focused traffic: Period 7.7065s
[INFO] Subscriptions active: 6 (libsumo, fast mode)
[INFO] Episode duration: 2700s (45 min)

[DEBUG] 🎯 Célzott Forgalom Generálása (R1C1_C) | Period: 4.9419
Found 6 valid OD pairs for R1C1_C
Generating focused traffic: Period 4.9419s
[INFO] Subscriptions active: 6 (libsumo, fast mode)
[INFO] Episode duration: 900s (15 min)

[DEBUG] 🎯 Célzott Forgalom Generálása (R1C1_C) | Period: 7.7937
Found 6 valid OD pairs for R1C1_C
Generating focused traffic: Period 7.7937s
[INFO] Subscriptions active: 6 (libsumo, fast mode)
[INFO] Episode duration: 3600s (60 min)

[DEBUG] 🎯 Célzott Forgalom Generálása (R1C1_C) | Period: 7.7687
Found 6 valid OD pairs for R1C1_C
Generating focused traffic: Period 7.7687s
[INFO] Subscriptions active: 6 (libsumo, fast mode)
[INFO] Episode duration: 900s (15 min)

[DEBUG] 🎯 Célzott Forgalom Generálása (R1C1_C) | Period: 4.9184
Found 6 valid OD pairs for R1C1_C
Generating focused traffic: Period 4.9184s
[INFO] Subscriptions active: 6 (libsumo, fast mode)
[INFO] Episode duration: 2700s (45 min)

[DEBUG] 🎯 Célzott Forgalom Generálása (R1C1_C) | Period: 5.0182
Found 6 valid OD pairs for R1C1_C
Generating focused traffic: Period 5.0182s
[INFO] Subscriptions active: 6 (libsumo, fast mode)
[INFO] Episode duration: 2700s (45 min)

[DEBUG] 🎯 Célzott Forgalom Generálása (R1C1_C) | Period: 5.1039
Found 6 valid OD pairs for R1C1_C
Generating focused traffic: Period 5.1039s
[INFO] Subscriptions active: 6 (libsumo, fast mode)
[INFO] Episode duration: 3600s (60 min)

[DEBUG] 🎯 Célzott Forgalom Generálása (R1C1_C) | Period: 7.1938
Found 6 valid OD pairs for R1C1_C
Generating focused traffic: Period 7.1938s
[INFO] Subscriptions active: 6 (libsumo, fast mode)
[INFO] Episode duration: 1800s (30 min)

[DEBUG] 🎯 Célzott Forgalom Generálása (R1C1_C) | Period: 5.9947
Found 6 valid OD pairs for R1C1_C
Generating focused traffic: Period 5.9947s
[INFO] Subscriptions active: 6 (libsumo, fast mode)
[INFO] Episode duration: 900s (15 min)

[DEBUG] 🎯 Célzott Forgalom Generálása (R1C1_C) | Period: 5.3058
Found 6 valid OD pairs for R1C1_C
Generating focused traffic: Period 5.3058s
[INFO] Subscriptions active: 6 (libsumo, fast mode)
[INFO] Episode duration: 900s (15 min)

[DEBUG] 🎯 Célzott Forgalom Generálása (R1C1_C) | Period: 6.3328
Found 6 valid OD pairs for R1C1_C
Generating focused traffic: Period 6.3328s
[INFO] Subscriptions active: 6 (libsumo, fast mode)
[INFO] Episode duration: 3600s (60 min)

[DEBUG] 🎯 Célzott Forgalom Generálása (R1C1_C) | Period: 7.8601
Found 6 valid OD pairs for R1C1_C
Generating focused traffic: Period 7.8601s
[INFO] Subscriptions active: 6 (libsumo, fast mode)
[INFO] Episode duration: 900s (15 min)

[DEBUG] 🎯 Célzott Forgalom Generálása (R1C1_C) | Period: 5.3418
Found 6 valid OD pairs for R1C1_C
Generating focused traffic: Period 5.3418s
[INFO] Subscriptions active: 6 (libsumo, fast mode)
[INFO] Episode duration: 3600s (60 min)

[DEBUG] 🎯 Célzott Forgalom Generálása (R1C1_C) | Period: 5.5517
Found 6 valid OD pairs for R1C1_C
Generating focused traffic: Period 5.5517s
[INFO] Subscriptions active: 6 (libsumo, fast mode)
[INFO] Episode duration: 3600s (60 min)

[DEBUG] 🎯 Célzott Forgalom Generálása (R1C1_C) | Period: 6.7901
Found 6 valid OD pairs for R1C1_C
Generating focused traffic: Period 6.7901s
[INFO] Subscriptions active: 6 (libsumo, fast mode)
[INFO] Episode duration: 3600s (60 min)

[DEBUG] 🎯 Célzott Forgalom Generálása (R1C1_C) | Period: 5.4029
Found 6 valid OD pairs for R1C1_C
Generating focused traffic: Period 5.4029s
[INFO] Subscriptions active: 6 (libsumo, fast mode)
[INFO] Episode duration: 900s (15 min)

[DEBUG] 🎯 Célzott Forgalom Generálása (R1C1_C) | Period: 7.2346
Found 6 valid OD pairs for R1C1_C
Generating focused traffic: Period 7.2346s
[INFO] Subscriptions active: 6 (libsumo, fast mode)
[INFO] Episode duration: 1800s (30 min)

[DEBUG] 🎯 Célzott Forgalom Generálása (R1C1_C) | Period: 6.0309
Found 6 valid OD pairs for R1C1_C
Generating focused traffic: Period 6.0309s
[INFO] Subscriptions active: 6 (libsumo, fast mode)
[INFO] Episode duration: 1800s (30 min)

[DEBUG] 🎯 Célzott Forgalom Generálása (R1C1_C) | Period: 5.0717
Found 6 valid OD pairs for R1C1_C
Generating focused traffic: Period 5.0717s
[INFO] Subscriptions active: 6 (libsumo, fast mode)
[INFO] Episode duration: 900s (15 min)

[DEBUG] 🎯 Célzott Forgalom Generálása (R1C1_C) | Period: 6.0839
Found 6 valid OD pairs for R1C1_C
Generating focused traffic: Period 6.0839s
[INFO] Subscriptions active: 6 (libsumo, fast mode)
[INFO] Episode duration: 3600s (60 min)

[DEBUG] 🎯 Célzott Forgalom Generálása (R1C1_C) | Period: 7.0042
Found 6 valid OD pairs for R1C1_C
Generating focused traffic: Period 7.0042s
[INFO] Subscriptions active: 6 (libsumo, fast mode)
[INFO] Episode duration: 1800s (30 min)

[DEBUG] 🎯 Célzott Forgalom Generálása (R1C1_C) | Period: 4.6458
Found 6 valid OD pairs for R1C1_C
Generating focused traffic: Period 4.6458s
[INFO] Subscriptions active: 6 (libsumo, fast mode)
[INFO] Episode duration: 2700s (45 min)

[DEBUG] 🎯 Célzott Forgalom Generálása (R1C1_C) | Period: 4.5954
Found 6 valid OD pairs for R1C1_C
Generating focused traffic: Period 4.5954s
[INFO] Subscriptions active: 6 (libsumo, fast mode)
[INFO] Episode duration: 900s (15 min)

[DEBUG] 🎯 Célzott Forgalom Generálása (R1C1_C) | Period: 5.379
Found 6 valid OD pairs for R1C1_C
Generating focused traffic: Period 5.3790s
[INFO] Subscriptions active: 6 (libsumo, fast mode)
[INFO] Episode duration: 3600s (60 min)

[DEBUG] 🎯 Célzott Forgalom Generálása (R1C1_C) | Period: 4.4256
Found 6 valid OD pairs for R1C1_C
Generating focused traffic: Period 4.4256s
[INFO] Subscriptions active: 6 (libsumo, fast mode)
[INFO] Episode duration: 900s (15 min)

[DEBUG] 🎯 Célzott Forgalom Generálása (R1C1_C) | Period: 5.3013
Found 6 valid OD pairs for R1C1_C
Generating focused traffic: Period 5.3013s
[INFO] Subscriptions active: 6 (libsumo, fast mode)
[INFO] Episode duration: 3600s (60 min)

[DEBUG] 🎯 Célzott Forgalom Generálása (R1C1_C) | Period: 4.6712
Found 6 valid OD pairs for R1C1_C
Generating focused traffic: Period 4.6712s
[INFO] Subscriptions active: 6 (libsumo, fast mode)
[INFO] Episode duration: 2700s (45 min)

[DEBUG] 🎯 Célzott Forgalom Generálása (R1C1_C) | Period: 5.6677
Found 6 valid OD pairs for R1C1_C
Generating focused traffic: Period 5.6677s
[INFO] Subscriptions active: 6 (libsumo, fast mode)
[INFO] Episode duration: 2700s (45 min)

[DEBUG] 🎯 Célzott Forgalom Generálása (R1C1_C) | Period: 5.348
Found 6 valid OD pairs for R1C1_C
Generating focused traffic: Period 5.3480s
[INFO] Subscriptions active: 6 (libsumo, fast mode)
[INFO] Episode duration: 3600s (60 min)

[DEBUG] 🎯 Célzott Forgalom Generálása (R1C1_C) | Period: 7.8873
Found 6 valid OD pairs for R1C1_C
Generating focused traffic: Period 7.8873s
[INFO] Subscriptions active: 6 (libsumo, fast mode)
[INFO] Episode duration: 900s (15 min)

[DEBUG] 🎯 Célzott Forgalom Generálása (R1C1_C) | Period: 6.1171
Found 6 valid OD pairs for R1C1_C
Generating focused traffic: Period 6.1171s
[INFO] Subscriptions active: 6 (libsumo, fast mode)
[INFO] Episode duration: 3600s (60 min)

[DEBUG] 🎯 Célzott Forgalom Generálása (R1C1_C) | Period: 4.9396
Found 6 valid OD pairs for R1C1_C
Generating focused traffic: Period 4.9396s
[INFO] Subscriptions active: 6 (libsumo, fast mode)
[INFO] Episode duration: 1800s (30 min)

[DEBUG] 🎯 Célzott Forgalom Generálása (R1C1_C) | Period: 4.6773
Found 6 valid OD pairs for R1C1_C
Generating focused traffic: Period 4.6773s
[INFO] Subscriptions active: 6 (libsumo, fast mode)
[INFO] Episode duration: 1800s (30 min)

[DEBUG] 🎯 Célzott Forgalom Generálása (R1C1_C) | Period: 6.2793
Found 6 valid OD pairs for R1C1_C
Generating focused traffic: Period 6.2793s
[INFO] Subscriptions active: 6 (libsumo, fast mode)
[INFO] Episode duration: 1800s (30 min)

[DEBUG] 🎯 Célzott Forgalom Generálása (R1C1_C) | Period: 6.4563
Found 6 valid OD pairs for R1C1_C
Generating focused traffic: Period 6.4563s
[INFO] Subscriptions active: 6 (libsumo, fast mode)
[INFO] Episode duration: 900s (15 min)

[DEBUG] 🎯 Célzott Forgalom Generálása (R1C1_C) | Period: 7.1443
Found 6 valid OD pairs for R1C1_C
Generating focused traffic: Period 7.1443s
[INFO] Subscriptions active: 6 (libsumo, fast mode)
[INFO] Episode duration: 3600s (60 min)

[DEBUG] 🎯 Célzott Forgalom Generálása (R1C1_C) | Period: 5.864
Found 6 valid OD pairs for R1C1_C
Generating focused traffic: Period 5.8640s
[INFO] Subscriptions active: 6 (libsumo, fast mode)
-----------------------------------------
| rollout/                |             |
|    ep_len_mean          | 439         |
|    ep_rew_mean          | 87.4        |
| time/                   |             |
|    fps                  | 116         |
|    iterations           | 30          |
|    time_elapsed         | 526         |
|    total_timesteps      | 61440       |
| train/                  |             |
|    approx_kl            | 0.002111625 |
|    clip_fraction        | 0           |
|    clip_range           | 0.2         |
|    entropy_loss         | -1.24       |
|    explained_variance   | -0.0506     |
|    learning_rate        | 0.0001      |
|    loss                 | 2.92        |
|    n_updates            | 290         |
|    policy_gradient_loss | -0.00202    |
|    value_loss           | 6.06        |
-----------------------------------------
[INFO] Episode duration: 900s (15 min)

[DEBUG] 🎯 Célzott Forgalom Generálása (R1C1_C) | Period: 6.0169
Found 6 valid OD pairs for R1C1_C
Generating focused traffic: Period 6.0169s
[INFO] Subscriptions active: 6 (libsumo, fast mode)
[INFO] Episode duration: 3600s (60 min)

[DEBUG] 🎯 Célzott Forgalom Generálása (R1C1_C) | Period: 6.8652
Found 6 valid OD pairs for R1C1_C
Generating focused traffic: Period 6.8652s
[INFO] Subscriptions active: 6 (libsumo, fast mode)
[INFO] Episode duration: 1800s (30 min)

[DEBUG] 🎯 Célzott Forgalom Generálása (R1C1_C) | Period: 4.3822
Found 6 valid OD pairs for R1C1_C
Generating focused traffic: Period 4.3822s
[INFO] Subscriptions active: 6 (libsumo, fast mode)
[INFO] Episode duration: 3600s (60 min)

[DEBUG] 🎯 Célzott Forgalom Generálása (R1C1_C) | Period: 4.5216
Found 6 valid OD pairs for R1C1_C
Generating focused traffic: Period 4.5216s
[INFO] Subscriptions active: 6 (libsumo, fast mode)
[INFO] Episode duration: 900s (15 min)

[DEBUG] 🎯 Célzott Forgalom Generálása (R1C1_C) | Period: 5.2125
Found 6 valid OD pairs for R1C1_C
Generating focused traffic: Period 5.2125s
[INFO] Subscriptions active: 6 (libsumo, fast mode)
[INFO] Episode duration: 2700s (45 min)

[DEBUG] 🎯 Célzott Forgalom Generálása (R1C1_C) | Period: 7.5376
Found 6 valid OD pairs for R1C1_C
Generating focused traffic: Period 7.5376s
[INFO] Subscriptions active: 6 (libsumo, fast mode)
[INFO] Episode duration: 1800s (30 min)

[DEBUG] 🎯 Célzott Forgalom Generálása (R1C1_C) | Period: 4.8287
Found 6 valid OD pairs for R1C1_C
Generating focused traffic: Period 4.8287s
[INFO] Subscriptions active: 6 (libsumo, fast mode)
[INFO] Episode duration: 2700s (45 min)

[DEBUG] 🎯 Célzott Forgalom Generálása (R1C1_C) | Period: 6.3916
Found 6 valid OD pairs for R1C1_C
Generating focused traffic: Period 6.3916s
[INFO] Subscriptions active: 6 (libsumo, fast mode)
[INFO] Episode duration: 1800s (30 min)

[DEBUG] 🎯 Célzott Forgalom Generálása (R1C1_C) | Period: 6.2618
Found 6 valid OD pairs for R1C1_C
Generating focused traffic: Period 6.2618s
[INFO] Subscriptions active: 6 (libsumo, fast mode)
[INFO] Episode duration: 3600s (60 min)

[DEBUG] 🎯 Célzott Forgalom Generálása (R1C1_C) | Period: 5.3741
Found 6 valid OD pairs for R1C1_C
Generating focused traffic: Period 5.3741s
[INFO] Subscriptions active: 6 (libsumo, fast mode)
[INFO] Episode duration: 1800s (30 min)

[DEBUG] 🎯 Célzott Forgalom Generálása (R1C1_C) | Period: 4.2783
Found 6 valid OD pairs for R1C1_C
Generating focused traffic: Period 4.2783s
[INFO] Subscriptions active: 6 (libsumo, fast mode)
[INFO] Episode duration: 3600s (60 min)

[DEBUG] 🎯 Célzott Forgalom Generálása (R1C1_C) | Period: 6.2311
Found 6 valid OD pairs for R1C1_C
Generating focused traffic: Period 6.2311s
[INFO] Subscriptions active: 6 (libsumo, fast mode)
[INFO] Episode duration: 900s (15 min)

[DEBUG] 🎯 Célzott Forgalom Generálása (R1C1_C) | Period: 4.7055
Found 6 valid OD pairs for R1C1_C
Generating focused traffic: Period 4.7055s
[INFO] Subscriptions active: 6 (libsumo, fast mode)
[INFO] Episode duration: 900s (15 min)

[DEBUG] 🎯 Célzott Forgalom Generálása (R1C1_C) | Period: 5.415
Found 6 valid OD pairs for R1C1_C
Generating focused traffic: Period 5.4150s
[INFO] Subscriptions active: 6 (libsumo, fast mode)
[INFO] Episode duration: 1800s (30 min)

[DEBUG] 🎯 Célzott Forgalom Generálása (R1C1_C) | Period: 5.2434
Found 6 valid OD pairs for R1C1_C
Generating focused traffic: Period 5.2434s
[INFO] Subscriptions active: 6 (libsumo, fast mode)
[INFO] Episode duration: 900s (15 min)

[DEBUG] 🎯 Célzott Forgalom Generálása (R1C1_C) | Period: 6.724
Found 6 valid OD pairs for R1C1_C
Generating focused traffic: Period 6.7240s
[INFO] Subscriptions active: 6 (libsumo, fast mode)
[INFO] Episode duration: 2700s (45 min)

[DEBUG] 🎯 Célzott Forgalom Generálása (R1C1_C) | Period: 5.3962
Found 6 valid OD pairs for R1C1_C
Generating focused traffic: Period 5.3962s
[INFO] Subscriptions active: 6 (libsumo, fast mode)
[INFO] Episode duration: 1800s (30 min)

[DEBUG] 🎯 Célzott Forgalom Generálása (R1C1_C) | Period: 6.2731
Found 6 valid OD pairs for R1C1_C
Generating focused traffic: Period 6.2731s
[INFO] Subscriptions active: 6 (libsumo, fast mode)
[INFO] Episode duration: 3600s (60 min)

[DEBUG] 🎯 Célzott Forgalom Generálása (R1C1_C) | Period: 7.3861
Found 6 valid OD pairs for R1C1_C
Generating focused traffic: Period 7.3861s
[INFO] Subscriptions active: 6 (libsumo, fast mode)
[INFO] Episode duration: 900s (15 min)

[DEBUG] 🎯 Célzott Forgalom Generálása (R1C1_C) | Period: 6.6329
Found 6 valid OD pairs for R1C1_C
Generating focused traffic: Period 6.6329s
[INFO] Subscriptions active: 6 (libsumo, fast mode)
[INFO] Episode duration: 3600s (60 min)

[DEBUG] 🎯 Célzott Forgalom Generálása (R1C1_C) | Period: 4.8572
Found 6 valid OD pairs for R1C1_C
Generating focused traffic: Period 4.8572s
[INFO] Subscriptions active: 6 (libsumo, fast mode)
[INFO] Episode duration: 2700s (45 min)

[DEBUG] 🎯 Célzott Forgalom Generálása (R1C1_C) | Period: 6.7508
Found 6 valid OD pairs for R1C1_C
Generating focused traffic: Period 6.7508s
[INFO] Subscriptions active: 6 (libsumo, fast mode)
[INFO] Episode duration: 1800s (30 min)

[DEBUG] 🎯 Célzott Forgalom Generálása (R1C1_C) | Period: 5.8791
Found 6 valid OD pairs for R1C1_C
Generating focused traffic: Period 5.8791s
[INFO] Subscriptions active: 6 (libsumo, fast mode)
[INFO] Episode duration: 900s (15 min)

[DEBUG] 🎯 Célzott Forgalom Generálása (R1C1_C) | Period: 6.7959
Found 6 valid OD pairs for R1C1_C
Generating focused traffic: Period 6.7959s
[INFO] Subscriptions active: 6 (libsumo, fast mode)
[INFO] Episode duration: 2700s (45 min)

[DEBUG] 🎯 Célzott Forgalom Generálása (R1C1_C) | Period: 6.5211
Found 6 valid OD pairs for R1C1_C
Generating focused traffic: Period 6.5211s
[INFO] Subscriptions active: 6 (libsumo, fast mode)
[INFO] Episode duration: 900s (15 min)

[DEBUG] 🎯 Célzott Forgalom Generálása (R1C1_C) | Period: 5.9131
Found 6 valid OD pairs for R1C1_C
Generating focused traffic: Period 5.9131s
[INFO] Subscriptions active: 6 (libsumo, fast mode)
[INFO] Episode duration: 3600s (60 min)

[DEBUG] 🎯 Célzott Forgalom Generálása (R1C1_C) | Period: 5.4894
Found 6 valid OD pairs for R1C1_C
Generating focused traffic: Period 5.4894s
[INFO] Subscriptions active: 6 (libsumo, fast mode)
[INFO] Episode duration: 900s (15 min)

[DEBUG] 🎯 Célzott Forgalom Generálása (R1C1_C) | Period: 7.0542
Found 6 valid OD pairs for R1C1_C
Generating focused traffic: Period 7.0542s
[INFO] Subscriptions active: 6 (libsumo, fast mode)
[INFO] Episode duration: 2700s (45 min)

[DEBUG] 🎯 Célzott Forgalom Generálása (R1C1_C) | Period: 5.2104
Found 6 valid OD pairs for R1C1_C
Generating focused traffic: Period 5.2104s
[INFO] Subscriptions active: 6 (libsumo, fast mode)
[INFO] Episode duration: 1800s (30 min)

[DEBUG] 🎯 Célzott Forgalom Generálása (R1C1_C) | Period: 5.716
Found 6 valid OD pairs for R1C1_C
Generating focused traffic: Period 5.7160s
[INFO] Subscriptions active: 6 (libsumo, fast mode)
[INFO] Episode duration: 1800s (30 min)

[DEBUG] 🎯 Célzott Forgalom Generálása (R1C1_C) | Period: 7.5167
Found 6 valid OD pairs for R1C1_C
Generating focused traffic: Period 7.5167s
[INFO] Subscriptions active: 6 (libsumo, fast mode)
[INFO] Episode duration: 3600s (60 min)

[DEBUG] 🎯 Célzott Forgalom Generálása (R1C1_C) | Period: 7.5557
Found 6 valid OD pairs for R1C1_C
Generating focused traffic: Period 7.5557s
[INFO] Subscriptions active: 6 (libsumo, fast mode)
[INFO] Episode duration: 3600s (60 min)

[DEBUG] 🎯 Célzott Forgalom Generálása (R1C1_C) | Period: 6.0762
Found 6 valid OD pairs for R1C1_C
Generating focused traffic: Period 6.0762s
[INFO] Subscriptions active: 6 (libsumo, fast mode)
[INFO] Episode duration: 2700s (45 min)

[DEBUG] 🎯 Célzott Forgalom Generálása (R1C1_C) | Period: 7.2664
Found 6 valid OD pairs for R1C1_C
Generating focused traffic: Period 7.2664s
[INFO] Subscriptions active: 6 (libsumo, fast mode)
[INFO] Episode duration: 3600s (60 min)

[DEBUG] 🎯 Célzott Forgalom Generálása (R1C1_C) | Period: 5.6613
Found 6 valid OD pairs for R1C1_C
Generating focused traffic: Period 5.6613s
[INFO] Subscriptions active: 6 (libsumo, fast mode)
[INFO] Episode duration: 3600s (60 min)

[DEBUG] 🎯 Célzott Forgalom Generálása (R1C1_C) | Period: 4.2649
Found 6 valid OD pairs for R1C1_C
Generating focused traffic: Period 4.2649s
[INFO] Subscriptions active: 6 (libsumo, fast mode)
[INFO] Episode duration: 2700s (45 min)

[DEBUG] 🎯 Célzott Forgalom Generálása (R1C1_C) | Period: 5.4375
Found 6 valid OD pairs for R1C1_C
Generating focused traffic: Period 5.4375s
[INFO] Subscriptions active: 6 (libsumo, fast mode)
[INFO] Episode duration: 2700s (45 min)

[DEBUG] 🎯 Célzott Forgalom Generálása (R1C1_C) | Period: 6.2718
Found 6 valid OD pairs for R1C1_C
Generating focused traffic: Period 6.2718s
[INFO] Subscriptions active: 6 (libsumo, fast mode)
[INFO] Episode duration: 900s (15 min)

[DEBUG] 🎯 Célzott Forgalom Generálása (R1C1_C) | Period: 4.2336
Found 6 valid OD pairs for R1C1_C
Generating focused traffic: Period 4.2336s
[INFO] Subscriptions active: 6 (libsumo, fast mode)
[INFO] Episode duration: 1800s (30 min)

[DEBUG] 🎯 Célzott Forgalom Generálása (R1C1_C) | Period: 4.0787
Found 6 valid OD pairs for R1C1_C
Generating focused traffic: Period 4.0787s
[INFO] Subscriptions active: 6 (libsumo, fast mode)
[INFO] Episode duration: 1800s (30 min)

[DEBUG] 🎯 Célzott Forgalom Generálása (R1C1_C) | Period: 7.6236
Found 6 valid OD pairs for R1C1_C
Generating focused traffic: Period 7.6236s
[INFO] Subscriptions active: 6 (libsumo, fast mode)
[INFO] Episode duration: 900s (15 min)

[DEBUG] 🎯 Célzott Forgalom Generálása (R1C1_C) | Period: 4.5907
Found 6 valid OD pairs for R1C1_C
Generating focused traffic: Period 4.5907s
[INFO] Subscriptions active: 6 (libsumo, fast mode)
[INFO] Episode duration: 1800s (30 min)

[DEBUG] 🎯 Célzott Forgalom Generálása (R1C1_C) | Period: 7.468
Found 6 valid OD pairs for R1C1_C
Generating focused traffic: Period 7.4680s
[INFO] Subscriptions active: 6 (libsumo, fast mode)
[INFO] Episode duration: 2700s (45 min)

[DEBUG] 🎯 Célzott Forgalom Generálása (R1C1_C) | Period: 5.5428
Found 6 valid OD pairs for R1C1_C
Generating focused traffic: Period 5.5428s
[INFO] Subscriptions active: 6 (libsumo, fast mode)
[INFO] Episode duration: 900s (15 min)

[DEBUG] 🎯 Célzott Forgalom Generálása (R1C1_C) | Period: 6.6275
Found 6 valid OD pairs for R1C1_C
Generating focused traffic: Period 6.6275s
[INFO] Subscriptions active: 6 (libsumo, fast mode)
[INFO] Episode duration: 1800s (30 min)

[DEBUG] 🎯 Célzott Forgalom Generálása (R1C1_C) | Period: 7.1208
Found 6 valid OD pairs for R1C1_C
Generating focused traffic: Period 7.1208s
[INFO] Subscriptions active: 6 (libsumo, fast mode)
[INFO] Episode duration: 2700s (45 min)

[DEBUG] 🎯 Célzott Forgalom Generálása (R1C1_C) | Period: 6.6723
Found 6 valid OD pairs for R1C1_C
Generating focused traffic: Period 6.6723s
[INFO] Subscriptions active: 6 (libsumo, fast mode)
------------------------------------------
| rollout/                |              |
|    ep_len_mean          | 430          |
|    ep_rew_mean          | 89.4         |
| time/                   |              |
|    fps                  | 113          |
|    iterations           | 40           |
|    time_elapsed         | 722          |
|    total_timesteps      | 81920        |
| train/                  |              |
|    approx_kl            | 0.0006728468 |
|    clip_fraction        | 0            |
|    clip_range           | 0.2          |
|    entropy_loss         | -1.24        |
|    explained_variance   | -0.0175      |
|    learning_rate        | 0.0001       |
|    loss                 | 0.309        |
|    n_updates            | 390          |
|    policy_gradient_loss | -0.000448    |
|    value_loss           | 6.11         |
------------------------------------------
[INFO] Episode duration: 3600s (60 min)

[DEBUG] 🎯 Célzott Forgalom Generálása (R1C1_C) | Period: 6.2272
Found 6 valid OD pairs for R1C1_C
Generating focused traffic: Period 6.2272s
[INFO] Subscriptions active: 6 (libsumo, fast mode)
[INFO] Episode duration: 900s (15 min)

[DEBUG] 🎯 Célzott Forgalom Generálása (R1C1_C) | Period: 7.1577
Found 6 valid OD pairs for R1C1_C
Generating focused traffic: Period 7.1577s
[INFO] Subscriptions active: 6 (libsumo, fast mode)
[INFO] Episode duration: 3600s (60 min)

[DEBUG] 🎯 Célzott Forgalom Generálása (R1C1_C) | Period: 4.3555
Found 6 valid OD pairs for R1C1_C
Generating focused traffic: Period 4.3555s
[INFO] Subscriptions active: 6 (libsumo, fast mode)
[INFO] Episode duration: 1800s (30 min)

[DEBUG] 🎯 Célzott Forgalom Generálása (R1C1_C) | Period: 5.86
Found 6 valid OD pairs for R1C1_C
Generating focused traffic: Period 5.8600s
[INFO] Subscriptions active: 6 (libsumo, fast mode)
[INFO] Episode duration: 1800s (30 min)

[DEBUG] 🎯 Célzott Forgalom Generálása (R1C1_C) | Period: 5.1214
Found 6 valid OD pairs for R1C1_C
Generating focused traffic: Period 5.1214s
[INFO] Subscriptions active: 6 (libsumo, fast mode)
[INFO] Episode duration: 900s (15 min)

[DEBUG] 🎯 Célzott Forgalom Generálása (R1C1_C) | Period: 6.2123
Found 6 valid OD pairs for R1C1_C
Generating focused traffic: Period 6.2123s
[INFO] Subscriptions active: 6 (libsumo, fast mode)
[INFO] Episode duration: 1800s (30 min)

[DEBUG] 🎯 Célzott Forgalom Generálása (R1C1_C) | Period: 5.7048
Found 6 valid OD pairs for R1C1_C
Generating focused traffic: Period 5.7048s
[INFO] Subscriptions active: 6 (libsumo, fast mode)
[INFO] Episode duration: 900s (15 min)

[DEBUG] 🎯 Célzott Forgalom Generálása (R1C1_C) | Period: 5.9279
Found 6 valid OD pairs for R1C1_C
Generating focused traffic: Period 5.9279s
[INFO] Subscriptions active: 6 (libsumo, fast mode)
[INFO] Episode duration: 3600s (60 min)

[DEBUG] 🎯 Célzott Forgalom Generálása (R1C1_C) | Period: 7.4603
Found 6 valid OD pairs for R1C1_C
Generating focused traffic: Period 7.4603s
[INFO] Subscriptions active: 6 (libsumo, fast mode)
[INFO] Episode duration: 2700s (45 min)

[DEBUG] 🎯 Célzott Forgalom Generálása (R1C1_C) | Period: 4.8807
Found 6 valid OD pairs for R1C1_C
Generating focused traffic: Period 4.8807s
[INFO] Subscriptions active: 6 (libsumo, fast mode)
[INFO] Episode duration: 2700s (45 min)

[DEBUG] 🎯 Célzott Forgalom Generálása (R1C1_C) | Period: 7.5861
Found 6 valid OD pairs for R1C1_C
Generating focused traffic: Period 7.5861s
[INFO] Subscriptions active: 6 (libsumo, fast mode)
[INFO] Episode duration: 3600s (60 min)

[DEBUG] 🎯 Célzott Forgalom Generálása (R1C1_C) | Period: 4.0516
Found 6 valid OD pairs for R1C1_C
Generating focused traffic: Period 4.0516s
[INFO] Subscriptions active: 6 (libsumo, fast mode)
[INFO] Episode duration: 1800s (30 min)

[DEBUG] 🎯 Célzott Forgalom Generálása (R1C1_C) | Period: 6.4948
Found 6 valid OD pairs for R1C1_C
Generating focused traffic: Period 6.4948s
[INFO] Subscriptions active: 6 (libsumo, fast mode)
[INFO] Episode duration: 900s (15 min)

[DEBUG] 🎯 Célzott Forgalom Generálása (R1C1_C) | Period: 6.0827
Found 6 valid OD pairs for R1C1_C
Generating focused traffic: Period 6.0827s
[INFO] Subscriptions active: 6 (libsumo, fast mode)
[INFO] Episode duration: 900s (15 min)

[DEBUG] 🎯 Célzott Forgalom Generálása (R1C1_C) | Period: 4.0636
Found 6 valid OD pairs for R1C1_C
Generating focused traffic: Period 4.0636s
[INFO] Subscriptions active: 6 (libsumo, fast mode)
[INFO] Episode duration: 1800s (30 min)

[DEBUG] 🎯 Célzott Forgalom Generálása (R1C1_C) | Period: 6.8554
Found 6 valid OD pairs for R1C1_C
Generating focused traffic: Period 6.8554s
[INFO] Subscriptions active: 6 (libsumo, fast mode)
[INFO] Episode duration: 2700s (45 min)

[DEBUG] 🎯 Célzott Forgalom Generálása (R1C1_C) | Period: 6.5731
Found 6 valid OD pairs for R1C1_C
Generating focused traffic: Period 6.5731s
[INFO] Subscriptions active: 6 (libsumo, fast mode)
[INFO] Episode duration: 1800s (30 min)

[DEBUG] 🎯 Célzott Forgalom Generálása (R1C1_C) | Period: 6.0776
Found 6 valid OD pairs for R1C1_C
Generating focused traffic: Period 6.0776s
[INFO] Subscriptions active: 6 (libsumo, fast mode)
[INFO] Episode duration: 1800s (30 min)

[DEBUG] 🎯 Célzott Forgalom Generálása (R1C1_C) | Period: 4.2809
Found 6 valid OD pairs for R1C1_C
Generating focused traffic: Period 4.2809s
[INFO] Subscriptions active: 6 (libsumo, fast mode)
[INFO] Episode duration: 1800s (30 min)

[DEBUG] 🎯 Célzott Forgalom Generálása (R1C1_C) | Period: 7.7732
Found 6 valid OD pairs for R1C1_C
Generating focused traffic: Period 7.7732s
[INFO] Subscriptions active: 6 (libsumo, fast mode)
[INFO] Episode duration: 900s (15 min)

[DEBUG] 🎯 Célzott Forgalom Generálása (R1C1_C) | Period: 5.1279
Found 6 valid OD pairs for R1C1_C
Generating focused traffic: Period 5.1279s
[INFO] Subscriptions active: 6 (libsumo, fast mode)
[INFO] Episode duration: 1800s (30 min)

[DEBUG] 🎯 Célzott Forgalom Generálása (R1C1_C) | Period: 4.6671
Found 6 valid OD pairs for R1C1_C
Generating focused traffic: Period 4.6671s
[INFO] Subscriptions active: 6 (libsumo, fast mode)
[INFO] Episode duration: 2700s (45 min)

[DEBUG] 🎯 Célzott Forgalom Generálása (R1C1_C) | Period: 6.6984
Found 6 valid OD pairs for R1C1_C
Generating focused traffic: Period 6.6984s
[INFO] Subscriptions active: 6 (libsumo, fast mode)
[INFO] Episode duration: 2700s (45 min)

[DEBUG] 🎯 Célzott Forgalom Generálása (R1C1_C) | Period: 4.9826
Found 6 valid OD pairs for R1C1_C
Generating focused traffic: Period 4.9826s
[INFO] Subscriptions active: 6 (libsumo, fast mode)
[INFO] Episode duration: 2700s (45 min)

[DEBUG] 🎯 Célzott Forgalom Generálása (R1C1_C) | Period: 5.1934
Found 6 valid OD pairs for R1C1_C
Generating focused traffic: Period 5.1934s
[INFO] Subscriptions active: 6 (libsumo, fast mode)
[INFO] Episode duration: 3600s (60 min)

[DEBUG] 🎯 Célzott Forgalom Generálása (R1C1_C) | Period: 5.6014
Found 6 valid OD pairs for R1C1_C
Generating focused traffic: Period 5.6014s
[INFO] Subscriptions active: 6 (libsumo, fast mode)
[INFO] Episode duration: 1800s (30 min)

[DEBUG] 🎯 Célzott Forgalom Generálása (R1C1_C) | Period: 5.5996
Found 6 valid OD pairs for R1C1_C
Generating focused traffic: Period 5.5996s
[INFO] Subscriptions active: 6 (libsumo, fast mode)
[INFO] Episode duration: 3600s (60 min)

[DEBUG] 🎯 Célzott Forgalom Generálása (R1C1_C) | Period: 6.7115
Found 6 valid OD pairs for R1C1_C
Generating focused traffic: Period 6.7115s
[INFO] Subscriptions active: 6 (libsumo, fast mode)
[INFO] Episode duration: 2700s (45 min)

[DEBUG] 🎯 Célzott Forgalom Generálása (R1C1_C) | Period: 6.6234
Found 6 valid OD pairs for R1C1_C
Generating focused traffic: Period 6.6234s
[INFO] Subscriptions active: 6 (libsumo, fast mode)
[INFO] Episode duration: 900s (15 min)

[DEBUG] 🎯 Célzott Forgalom Generálása (R1C1_C) | Period: 5.0181
Found 6 valid OD pairs for R1C1_C
Generating focused traffic: Period 5.0181s
[INFO] Subscriptions active: 6 (libsumo, fast mode)
[INFO] Episode duration: 2700s (45 min)

[DEBUG] 🎯 Célzott Forgalom Generálása (R1C1_C) | Period: 5.4245
Found 6 valid OD pairs for R1C1_C
Generating focused traffic: Period 5.4245s
[INFO] Subscriptions active: 6 (libsumo, fast mode)
[INFO] Episode duration: 1800s (30 min)

[DEBUG] 🎯 Célzott Forgalom Generálása (R1C1_C) | Period: 6.2242
Found 6 valid OD pairs for R1C1_C
Generating focused traffic: Period 6.2242s
[INFO] Subscriptions active: 6 (libsumo, fast mode)
[INFO] Episode duration: 3600s (60 min)

[DEBUG] 🎯 Célzott Forgalom Generálása (R1C1_C) | Period: 7.9492
Found 6 valid OD pairs for R1C1_C
Generating focused traffic: Period 7.9492s
[INFO] Subscriptions active: 6 (libsumo, fast mode)
[INFO] Episode duration: 900s (15 min)

[DEBUG] 🎯 Célzott Forgalom Generálása (R1C1_C) | Period: 6.7619
Found 6 valid OD pairs for R1C1_C
Generating focused traffic: Period 6.7619s
[INFO] Subscriptions active: 6 (libsumo, fast mode)
[INFO] Episode duration: 2700s (45 min)
wandb: WARNING Symlinked 1 file into the W&B run directory; call wandb.save again to sync new files.
/Users/wagnertamas/Documents/Munka/cikkek/AI_agens_konyvtar/support/intergreen_matrix_calculator/rl_trainer.py:857: UserWarning: Exporting a model while it is in training mode. Please ensure that this is intended, as it may lead to different behavior during inference. Calling model.eval() before export is recommended.
  torch.onnx.export(
/Users/wagnertamas/Documents/Munka/cikkek/AI_agens_konyvtar/support/intergreen_matrix_calculator/rl_trainer.py:857: UserWarning: # 'dynamic_axes' is not recommended when dynamo=True, and may lead to 'torch._dynamo.exc.UserError: Constraints violated.' Supply the 'dynamic_shapes' argument instead if export is unsuccessful.
  torch.onnx.export(
wandb: updating run metadata
wandb: uploading config.yaml; uploading pytorch_models/R1C1_C.zip; uploading output.log; uploading wandb-summary.json
wandb: uploading pytorch_models/R1C1_C.zip
wandb: uploading summary, console lines 1447-1457
wandb: 
wandb: Run history:
wandb:         R1C1_C/action_pct/phase_0 ▄▄▅▄▆▆▅▃▄▃▃▂▃▂▂▃▁▂▂▂▃▆▅▃▄▆█▇█▄▇▅▅▅▇▅█▆▆▇
wandb:         R1C1_C/action_pct/phase_1 █▇▆▅▃▄▄▅▃▄▃▂▃▃▃▂▂▄▂▂▂▂▂▂▂▂▁▂▂▂▂▂▂▂▂▂▁▁▁▂
wandb:         R1C1_C/action_pct/phase_2 ▂▁▃▅▆▄▅▆▆▄▆▆▄▆▄▅█▆▆▆▇▆▆█▅▇▅▆▄▃▅▆▅▇▆█▆▅▆▆
wandb:         R1C1_C/action_pct/phase_3 ▁▃▂▂▂▃▂▃▃▅▅▅▆▆▆▆▅▄▅▅▅▃▄▄▆▂▄▃▄█▅▄▅▃▃▂▃▅▅▃
wandb:         R1C1_C/train/entropy_loss ▁▁▁▁▁▃▄▄▄▄▄▆▆▆▆▆▇▇▇▇▇▇▆▆▆▆▇▇▇▇▇█████████
wandb:        R1C1_C/train/learning_rate ▁▁▁▁▁▁▁▁▁▁▁▁▁▁▁▁▁▁▁▁▁▁▁▁▁▁▁▁▁▁▁▁▁▁▁▁▁▁▁▁
wandb:                 R1C1_C/train/loss ▄▄▄▂▂▂▄▅▂▂▃▃▃▃▁▄▂▁▁▄▇▇▂▂▄▄▄▄▁▁▁▁▂▂▂█▅▅▂▆
wandb: R1C1_C/train/policy_gradient_loss ▇▇▁▁▃▃▅▇▃▃▆▇▂▄▄▇▇██▇▂▇▂█▇▆▆▆▇▇▇▇▇▆▁▇▇▇▆▆
wandb:           R1C1_C/train/value_loss ▂▂▆▇▇▇▇▂▂▂▄▄▄▂▂▂▃▃▂▂▁▁▁█▄▇▇▇▂▂▅▄▁▄▄▄███▇
wandb:                        avg_reward ▂▁▁▄▂▂▂▃▂▂▂▂▂▂▁▃▂▇▃▂█▁▁▃▄▂▄▃▃▃▂▂▃▆▄▇▂▆▅█
wandb:                                +9 ...
wandb: 
wandb: Run summary:
wandb:         R1C1_C/action_pct/phase_0 30
wandb:         R1C1_C/action_pct/phase_1 5.55556
wandb:         R1C1_C/action_pct/phase_2 34.44444
wandb:         R1C1_C/action_pct/phase_3 30
wandb:         R1C1_C/train/entropy_loss -1.22142
wandb:        R1C1_C/train/learning_rate 0.0001
wandb:                 R1C1_C/train/loss 4.69885
wandb: R1C1_C/train/policy_gradient_loss -0.00109
wandb:           R1C1_C/train/value_loss 7.54465
wandb:                        avg_reward 0.21997
wandb:                                +9 ...
wandb: 
wandb: 🚀 View run ppo_halt_ratio_1x8_1_R1C1_C at: https://wandb.ai/wagnertamas-budapesti-m-szaki-s-gazdas-gtudom-nyi-egyetem/sumo-rl-stat/runs/utx809qv
wandb: ⭐️ View project at: https://wandb.ai/wagnertamas-budapesti-m-szaki-s-gazdas-gtudom-nyi-egyetem/sumo-rl-stat
wandb: Synced 5 W&B file(s), 0 media file(s), 0 artifact file(s) and 1 other file(s)
wandb: Find logs at: ./wandb/run-20260321_223253-utx809qv/logs

[DEBUG] 🎯 Célzott Forgalom Generálása (R1C1_C) | Period: 6.1005
Found 6 valid OD pairs for R1C1_C
Generating focused traffic: Period 6.1005s
[INFO] Subscriptions active: 6 (libsumo, fast mode)
[INFO] Episode duration: 3600s (60 min)

[DEBUG] 🎯 Célzott Forgalom Generálása (R1C1_C) | Period: 4.9626
Found 6 valid OD pairs for R1C1_C
Generating focused traffic: Period 4.9626s
[INFO] Subscriptions active: 6 (libsumo, fast mode)
[INFO] Episode duration: 900s (15 min)

[DEBUG] 🎯 Célzott Forgalom Generálása (R1C1_C) | Period: 5.5155
Found 6 valid OD pairs for R1C1_C
Generating focused traffic: Period 5.5155s
[INFO] Subscriptions active: 6 (libsumo, fast mode)
[INFO] Episode duration: 900s (15 min)

[DEBUG] 🎯 Célzott Forgalom Generálása (R1C1_C) | Period: 6.9633
Found 6 valid OD pairs for R1C1_C
Generating focused traffic: Period 6.9633s
[INFO] Subscriptions active: 6 (libsumo, fast mode)
[INFO] Episode duration: 2700s (45 min)

[DEBUG] 🎯 Célzott Forgalom Generálása (R1C1_C) | Period: 7.1624
Found 6 valid OD pairs for R1C1_C
Generating focused traffic: Period 7.1624s
[INFO] Subscriptions active: 6 (libsumo, fast mode)
[INFO] Episode duration: 900s (15 min)

[DEBUG] 🎯 Célzott Forgalom Generálása (R1C1_C) | Period: 4.2251
Found 6 valid OD pairs for R1C1_C
Generating focused traffic: Period 4.2251s
[INFO] Subscriptions active: 6 (libsumo, fast mode)
[INFO] Episode duration: 900s (15 min)

[DEBUG] 🎯 Célzott Forgalom Generálása (R1C1_C) | Period: 4.5733
Found 6 valid OD pairs for R1C1_C
Generating focused traffic: Period 4.5733s
[INFO] Subscriptions active: 6 (libsumo, fast mode)
[INFO] Episode duration: 3600s (60 min)

[DEBUG] 🎯 Célzott Forgalom Generálása (R1C1_C) | Period: 6.0518
Found 6 valid OD pairs for R1C1_C
Generating focused traffic: Period 6.0518s
[INFO] Subscriptions active: 6 (libsumo, fast mode)
[INFO] Episode duration: 1800s (30 min)

[DEBUG] 🎯 Célzott Forgalom Generálása (R1C1_C) | Period: 6.1836
Found 6 valid OD pairs for R1C1_C
Generating focused traffic: Period 6.1836s
[INFO] Subscriptions active: 6 (libsumo, fast mode)
On-policy training completed.
Closing environment and EXPORTING models...
Saving PyTorch ZIP models to /Users/wagnertamas/Documents/Munka/cikkek/AI_agens_konyvtar/support/intergreen_matrix_calculator/data/runs/pytorch_models...
Saved PyTorch R1C1_C to /Users/wagnertamas/Documents/Munka/cikkek/AI_agens_konyvtar/support/intergreen_matrix_calculator/data/runs/pytorch_models/R1C1_C.zip
Exporting ONNX models to /Users/wagnertamas/Documents/Munka/cikkek/AI_agens_konyvtar/support/intergreen_matrix_calculator/data/runs/onnx_models...
Failed to export R1C1_C: # Failed to convert 'dynamic_axes' to 'dynamic_shapes'. Please provide 'dynamic_shapes' directly. Refer to the documentation for 'torch.export.export' for more information on dynamic shapes.
Cleanup done.
