wandb: [wandb.login()] Loaded credentials for https://api.wandb.ai from /Users/wagnertamas/.netrc.
wandb: Currently logged in as: wagnertamas (wagnertamas-budapesti-m-szaki-s-gazdas-gtudom-nyi-egyetem) to https://api.wandb.ai. Use `wandb login --relogin` to force relogin
wandb: setting up run 0ux1tcca
wandb: Tracking run with wandb version 0.25.0
wandb: Run data is saved locally in /Users/wagnertamas/Documents/Munka/cikkek/AI_agens_konyvtar/support/intergreen_matrix_calculator/wandb/run-20260321_230452-0ux1tcca
wandb: Run `wandb offline` to turn off syncing.
wandb: Syncing run ppo_halt_ratio_2x16_2_R1C1_C
wandb: ⭐️ View project at https://wandb.ai/wagnertamas-budapesti-m-szaki-s-gazdas-gtudom-nyi-egyetem/sumo-rl-stat
wandb: 🚀 View run at https://wandb.ai/wagnertamas-budapesti-m-szaki-s-gazdas-gtudom-nyi-egyetem/sumo-rl-stat/runs/0ux1tcca
[INFO] Config: training_config.yaml
[INFO] Net: /Users/wagnertamas/Documents/Munka/cikkek/AI_agens_konyvtar/support/intergreen_matrix_calculator/data/mega_catalogue_v2.net.xml
[INFO] Timesteps: 100000 | Project: sumo-rl-stat
[INFO] Junction: R1C1_C
[INFO] Algorithm: ppo | Reward: halt_ratio
[INFO] Load model: None (fresh)
[INFO] Traffic: random target+spread (epizódonként)
Initializing Environment (algorithm=ppo, reward=halt_ratio)...
[INFO] Algorithm: ppo (on_policy)
[INFO] Reward mode: halt_ratio
WandB config applied (Sweep compatible).
[INFO] Junction reward params auto-loaded from /Users/wagnertamas/Documents/Munka/cikkek/AI_agens_konyvtar/support/intergreen_matrix_calculator/data/junction_reward_params.json
[INFO] Using 'libsumo' (fast headless mode, OS=darwin).
Starting SUMO...
[INFO] Episode duration: 2700s (45 min)

[DEBUG] 🎯 Célzott Forgalom Generálása (R1C1_C) | Period: 5.6414
Found 6 valid OD pairs for R1C1_C
Generating focused traffic: Period 5.6414s
[INFO] Network mapped: 1 agents, 3 detectors, 3 lanes
[INFO] Subscriptions active: 6 (libsumo, fast mode)
Agents discovered: ['R1C1_C']
[INFO] RL device: mps
[INFO] On-policy training: ppo → R1C1_C
Using mps device
Wrapping the env with a `Monitor` wrapper
Wrapping the env in a DummyVecEnv.
Starting on-policy training: 100000 timesteps...
[INFO] Episode duration: 3600s (60 min)

[DEBUG] 🎯 Célzott Forgalom Generálása (R1C1_C) | Period: 4.8119
Found 6 valid OD pairs for R1C1_C
Generating focused traffic: Period 4.8119s
[INFO] Subscriptions active: 6 (libsumo, fast mode)
Logging to /Users/wagnertamas/Documents/Munka/cikkek/AI_agens_konyvtar/support/intergreen_matrix_calculator/data/runs/sumo-rl-stat/R1C1_C/PPO_113
[INFO] Episode duration: 3600s (60 min)

[DEBUG] 🎯 Célzott Forgalom Generálása (R1C1_C) | Period: 5.1947
Found 6 valid OD pairs for R1C1_C
Generating focused traffic: Period 5.1947s
[INFO] Subscriptions active: 6 (libsumo, fast mode)
[INFO] Episode duration: 3600s (60 min)

[DEBUG] 🎯 Célzott Forgalom Generálása (R1C1_C) | Period: 5.6151
Found 6 valid OD pairs for R1C1_C
Generating focused traffic: Period 5.6151s
[INFO] Subscriptions active: 6 (libsumo, fast mode)
[INFO] Episode duration: 2700s (45 min)

[DEBUG] 🎯 Célzott Forgalom Generálása (R1C1_C) | Period: 7.1391
Found 6 valid OD pairs for R1C1_C
Generating focused traffic: Period 7.1391s
[INFO] Subscriptions active: 6 (libsumo, fast mode)
[INFO] Episode duration: 2700s (45 min)

[DEBUG] 🎯 Célzott Forgalom Generálása (R1C1_C) | Period: 4.4968
Found 6 valid OD pairs for R1C1_C
Generating focused traffic: Period 4.4968s
[INFO] Subscriptions active: 6 (libsumo, fast mode)
[INFO] Episode duration: 2700s (45 min)

[DEBUG] 🎯 Célzott Forgalom Generálása (R1C1_C) | Period: 7.5628
Found 6 valid OD pairs for R1C1_C
Generating focused traffic: Period 7.5628s
[INFO] Subscriptions active: 6 (libsumo, fast mode)
[INFO] Episode duration: 1800s (30 min)

[DEBUG] 🎯 Célzott Forgalom Generálása (R1C1_C) | Period: 6.1889
Found 6 valid OD pairs for R1C1_C
Generating focused traffic: Period 6.1889s
[INFO] Subscriptions active: 6 (libsumo, fast mode)
[INFO] Episode duration: 900s (15 min)

[DEBUG] 🎯 Célzott Forgalom Generálása (R1C1_C) | Period: 6.4792
Found 6 valid OD pairs for R1C1_C
Generating focused traffic: Period 6.4792s
[INFO] Subscriptions active: 6 (libsumo, fast mode)
[INFO] Episode duration: 2700s (45 min)

[DEBUG] 🎯 Célzott Forgalom Generálása (R1C1_C) | Period: 4.0085
Found 6 valid OD pairs for R1C1_C
Generating focused traffic: Period 4.0085s
[INFO] Subscriptions active: 6 (libsumo, fast mode)
[INFO] Episode duration: 3600s (60 min)

[DEBUG] 🎯 Célzott Forgalom Generálása (R1C1_C) | Period: 5.2038
Found 6 valid OD pairs for R1C1_C
Generating focused traffic: Period 5.2038s
[INFO] Subscriptions active: 6 (libsumo, fast mode)
[INFO] Episode duration: 3600s (60 min)

[DEBUG] 🎯 Célzott Forgalom Generálása (R1C1_C) | Period: 6.9998
Found 6 valid OD pairs for R1C1_C
Generating focused traffic: Period 6.9998s
[INFO] Subscriptions active: 6 (libsumo, fast mode)
[INFO] Episode duration: 3600s (60 min)

[DEBUG] 🎯 Célzott Forgalom Generálása (R1C1_C) | Period: 6.0912
Found 6 valid OD pairs for R1C1_C
Generating focused traffic: Period 6.0912s
[INFO] Subscriptions active: 6 (libsumo, fast mode)
[INFO] Episode duration: 900s (15 min)

[DEBUG] 🎯 Célzott Forgalom Generálása (R1C1_C) | Period: 7.5372
Found 6 valid OD pairs for R1C1_C
Generating focused traffic: Period 7.5372s
[INFO] Subscriptions active: 6 (libsumo, fast mode)
[INFO] Episode duration: 900s (15 min)

[DEBUG] 🎯 Célzott Forgalom Generálása (R1C1_C) | Period: 4.2286
Found 6 valid OD pairs for R1C1_C
Generating focused traffic: Period 4.2286s
[INFO] Subscriptions active: 6 (libsumo, fast mode)
[INFO] Episode duration: 1800s (30 min)

[DEBUG] 🎯 Célzott Forgalom Generálása (R1C1_C) | Period: 4.0886
Found 6 valid OD pairs for R1C1_C
Generating focused traffic: Period 4.0886s
[INFO] Subscriptions active: 6 (libsumo, fast mode)
[INFO] Episode duration: 1800s (30 min)

[DEBUG] 🎯 Célzott Forgalom Generálása (R1C1_C) | Period: 5.3733
Found 6 valid OD pairs for R1C1_C
Generating focused traffic: Period 5.3733s
[INFO] Subscriptions active: 6 (libsumo, fast mode)
[INFO] Episode duration: 2700s (45 min)

[DEBUG] 🎯 Célzott Forgalom Generálása (R1C1_C) | Period: 6.4774
Found 6 valid OD pairs for R1C1_C
Generating focused traffic: Period 6.4774s
[INFO] Subscriptions active: 6 (libsumo, fast mode)
[INFO] Episode duration: 900s (15 min)

[DEBUG] 🎯 Célzott Forgalom Generálása (R1C1_C) | Period: 5.1335
Found 6 valid OD pairs for R1C1_C
Generating focused traffic: Period 5.1335s
[INFO] Subscriptions active: 6 (libsumo, fast mode)
[INFO] Episode duration: 900s (15 min)

[DEBUG] 🎯 Célzott Forgalom Generálása (R1C1_C) | Period: 4.1964
Found 6 valid OD pairs for R1C1_C
Generating focused traffic: Period 4.1964s
[INFO] Subscriptions active: 6 (libsumo, fast mode)
[INFO] Episode duration: 3600s (60 min)

[DEBUG] 🎯 Célzott Forgalom Generálása (R1C1_C) | Period: 7.6727
Found 6 valid OD pairs for R1C1_C
Generating focused traffic: Period 7.6727s
[INFO] Subscriptions active: 6 (libsumo, fast mode)
[INFO] Episode duration: 2700s (45 min)

[DEBUG] 🎯 Célzott Forgalom Generálása (R1C1_C) | Period: 6.5982
Found 6 valid OD pairs for R1C1_C
Generating focused traffic: Period 6.5982s
[INFO] Subscriptions active: 6 (libsumo, fast mode)
[INFO] Episode duration: 2700s (45 min)

[DEBUG] 🎯 Célzott Forgalom Generálása (R1C1_C) | Period: 4.0826
Found 6 valid OD pairs for R1C1_C
Generating focused traffic: Period 4.0826s
[INFO] Subscriptions active: 6 (libsumo, fast mode)
[INFO] Episode duration: 1800s (30 min)

[DEBUG] 🎯 Célzott Forgalom Generálása (R1C1_C) | Period: 7.4148
Found 6 valid OD pairs for R1C1_C
Generating focused traffic: Period 7.4148s
[INFO] Subscriptions active: 6 (libsumo, fast mode)
[INFO] Episode duration: 1800s (30 min)

[DEBUG] 🎯 Célzott Forgalom Generálása (R1C1_C) | Period: 7.6064
Found 6 valid OD pairs for R1C1_C
Generating focused traffic: Period 7.6064s
[INFO] Subscriptions active: 6 (libsumo, fast mode)
[INFO] Episode duration: 2700s (45 min)

[DEBUG] 🎯 Célzott Forgalom Generálása (R1C1_C) | Period: 7.3373
Found 6 valid OD pairs for R1C1_C
Generating focused traffic: Period 7.3373s
[INFO] Subscriptions active: 6 (libsumo, fast mode)
[INFO] Episode duration: 1800s (30 min)

[DEBUG] 🎯 Célzott Forgalom Generálása (R1C1_C) | Period: 6.0404
Found 6 valid OD pairs for R1C1_C
Generating focused traffic: Period 6.0404s
[INFO] Subscriptions active: 6 (libsumo, fast mode)
[INFO] Episode duration: 3600s (60 min)

[DEBUG] 🎯 Célzott Forgalom Generálása (R1C1_C) | Period: 7.122
Found 6 valid OD pairs for R1C1_C
Generating focused traffic: Period 7.1220s
[INFO] Subscriptions active: 6 (libsumo, fast mode)
[INFO] Episode duration: 3600s (60 min)

[DEBUG] 🎯 Célzott Forgalom Generálása (R1C1_C) | Period: 6.0174
Found 6 valid OD pairs for R1C1_C
Generating focused traffic: Period 6.0174s
[INFO] Subscriptions active: 6 (libsumo, fast mode)
[INFO] Episode duration: 3600s (60 min)

[DEBUG] 🎯 Célzott Forgalom Generálása (R1C1_C) | Period: 5.7848
Found 6 valid OD pairs for R1C1_C
Generating focused traffic: Period 5.7848s
[INFO] Subscriptions active: 6 (libsumo, fast mode)
[INFO] Episode duration: 2700s (45 min)

[DEBUG] 🎯 Célzott Forgalom Generálása (R1C1_C) | Period: 4.9789
Found 6 valid OD pairs for R1C1_C
Generating focused traffic: Period 4.9789s
[INFO] Subscriptions active: 6 (libsumo, fast mode)
[INFO] Episode duration: 1800s (30 min)

[DEBUG] 🎯 Célzott Forgalom Generálása (R1C1_C) | Period: 4.2554
Found 6 valid OD pairs for R1C1_C
Generating focused traffic: Period 4.2554s
[INFO] Subscriptions active: 6 (libsumo, fast mode)
[INFO] Episode duration: 3600s (60 min)

[DEBUG] 🎯 Célzott Forgalom Generálása (R1C1_C) | Period: 6.1304
Found 6 valid OD pairs for R1C1_C
Generating focused traffic: Period 6.1304s
[INFO] Subscriptions active: 6 (libsumo, fast mode)
[INFO] Episode duration: 3600s (60 min)

[DEBUG] 🎯 Célzott Forgalom Generálása (R1C1_C) | Period: 7.0038
Found 6 valid OD pairs for R1C1_C
Generating focused traffic: Period 7.0038s
[INFO] Subscriptions active: 6 (libsumo, fast mode)
[INFO] Episode duration: 1800s (30 min)

[DEBUG] 🎯 Célzott Forgalom Generálása (R1C1_C) | Period: 4.1369
Found 6 valid OD pairs for R1C1_C
Generating focused traffic: Period 4.1369s
[INFO] Subscriptions active: 6 (libsumo, fast mode)
[INFO] Episode duration: 1800s (30 min)

[DEBUG] 🎯 Célzott Forgalom Generálása (R1C1_C) | Period: 4.1213
Found 6 valid OD pairs for R1C1_C
Generating focused traffic: Period 4.1213s
[INFO] Subscriptions active: 6 (libsumo, fast mode)
[INFO] Episode duration: 900s (15 min)

[DEBUG] 🎯 Célzott Forgalom Generálása (R1C1_C) | Period: 4.7467
Found 6 valid OD pairs for R1C1_C
Generating focused traffic: Period 4.7467s
[INFO] Subscriptions active: 6 (libsumo, fast mode)
[INFO] Episode duration: 1800s (30 min)

[DEBUG] 🎯 Célzott Forgalom Generálása (R1C1_C) | Period: 6.4683
Found 6 valid OD pairs for R1C1_C
Generating focused traffic: Period 6.4683s
[INFO] Subscriptions active: 6 (libsumo, fast mode)
[INFO] Episode duration: 900s (15 min)

[DEBUG] 🎯 Célzott Forgalom Generálása (R1C1_C) | Period: 6.1388
Found 6 valid OD pairs for R1C1_C
Generating focused traffic: Period 6.1388s
[INFO] Subscriptions active: 6 (libsumo, fast mode)
[INFO] Episode duration: 3600s (60 min)

[DEBUG] 🎯 Célzott Forgalom Generálása (R1C1_C) | Period: 4.676
Found 6 valid OD pairs for R1C1_C
Generating focused traffic: Period 4.6760s
[INFO] Subscriptions active: 6 (libsumo, fast mode)
[INFO] Episode duration: 3600s (60 min)

[DEBUG] 🎯 Célzott Forgalom Generálása (R1C1_C) | Period: 5.2797
Found 6 valid OD pairs for R1C1_C
Generating focused traffic: Period 5.2797s
[INFO] Subscriptions active: 6 (libsumo, fast mode)
[INFO] Episode duration: 1800s (30 min)

[DEBUG] 🎯 Célzott Forgalom Generálása (R1C1_C) | Period: 4.9408
Found 6 valid OD pairs for R1C1_C
Generating focused traffic: Period 4.9408s
[INFO] Subscriptions active: 6 (libsumo, fast mode)
[INFO] Episode duration: 2700s (45 min)

[DEBUG] 🎯 Célzott Forgalom Generálása (R1C1_C) | Period: 5.3517
Found 6 valid OD pairs for R1C1_C
Generating focused traffic: Period 5.3517s
[INFO] Subscriptions active: 6 (libsumo, fast mode)
-----------------------------------------
| rollout/                |             |
|    ep_len_mean          | 492         |
|    ep_rew_mean          | 82.7        |
| time/                   |             |
|    fps                  | 96          |
|    iterations           | 10          |
|    time_elapsed         | 212         |
|    total_timesteps      | 20480       |
| train/                  |             |
|    approx_kl            | 0.005197878 |
|    clip_fraction        | 0.000928    |
|    clip_range           | 0.2         |
|    entropy_loss         | -1.35       |
|    explained_variance   | -0.00766    |
|    learning_rate        | 0.0001      |
|    loss                 | 1.9         |
|    n_updates            | 90          |
|    policy_gradient_loss | -0.00223    |
|    value_loss           | 5.6         |
-----------------------------------------
[INFO] Episode duration: 1800s (30 min)

[DEBUG] 🎯 Célzott Forgalom Generálása (R1C1_C) | Period: 4.0317
Found 6 valid OD pairs for R1C1_C
Generating focused traffic: Period 4.0317s
[INFO] Subscriptions active: 6 (libsumo, fast mode)
[INFO] Episode duration: 900s (15 min)

[DEBUG] 🎯 Célzott Forgalom Generálása (R1C1_C) | Period: 7.8176
Found 6 valid OD pairs for R1C1_C
Generating focused traffic: Period 7.8176s
[INFO] Subscriptions active: 6 (libsumo, fast mode)
[INFO] Episode duration: 3600s (60 min)

[DEBUG] 🎯 Célzott Forgalom Generálása (R1C1_C) | Period: 4.9125
Found 6 valid OD pairs for R1C1_C
Generating focused traffic: Period 4.9125s
[INFO] Subscriptions active: 6 (libsumo, fast mode)
[INFO] Episode duration: 2700s (45 min)

[DEBUG] 🎯 Célzott Forgalom Generálása (R1C1_C) | Period: 6.2472
Found 6 valid OD pairs for R1C1_C
Generating focused traffic: Period 6.2472s
[INFO] Subscriptions active: 6 (libsumo, fast mode)
[INFO] Episode duration: 2700s (45 min)

[DEBUG] 🎯 Célzott Forgalom Generálása (R1C1_C) | Period: 7.3658
Found 6 valid OD pairs for R1C1_C
Generating focused traffic: Period 7.3658s
[INFO] Subscriptions active: 6 (libsumo, fast mode)
[INFO] Episode duration: 1800s (30 min)

[DEBUG] 🎯 Célzott Forgalom Generálása (R1C1_C) | Period: 4.1861
Found 6 valid OD pairs for R1C1_C
Generating focused traffic: Period 4.1861s
[INFO] Subscriptions active: 6 (libsumo, fast mode)
[INFO] Episode duration: 2700s (45 min)

[DEBUG] 🎯 Célzott Forgalom Generálása (R1C1_C) | Period: 4.2598
Found 6 valid OD pairs for R1C1_C
Generating focused traffic: Period 4.2598s
[INFO] Subscriptions active: 6 (libsumo, fast mode)
[INFO] Episode duration: 900s (15 min)

[DEBUG] 🎯 Célzott Forgalom Generálása (R1C1_C) | Period: 7.2011
Found 6 valid OD pairs for R1C1_C
Generating focused traffic: Period 7.2011s
[INFO] Subscriptions active: 6 (libsumo, fast mode)
[INFO] Episode duration: 2700s (45 min)

[DEBUG] 🎯 Célzott Forgalom Generálása (R1C1_C) | Period: 6.5996
Found 6 valid OD pairs for R1C1_C
Generating focused traffic: Period 6.5996s
[INFO] Subscriptions active: 6 (libsumo, fast mode)
[INFO] Episode duration: 900s (15 min)

[DEBUG] 🎯 Célzott Forgalom Generálása (R1C1_C) | Period: 6.3793
Found 6 valid OD pairs for R1C1_C
Generating focused traffic: Period 6.3793s
[INFO] Subscriptions active: 6 (libsumo, fast mode)
[INFO] Episode duration: 1800s (30 min)

[DEBUG] 🎯 Célzott Forgalom Generálása (R1C1_C) | Period: 6.0778
Found 6 valid OD pairs for R1C1_C
Generating focused traffic: Period 6.0778s
[INFO] Subscriptions active: 6 (libsumo, fast mode)
[INFO] Episode duration: 1800s (30 min)

[DEBUG] 🎯 Célzott Forgalom Generálása (R1C1_C) | Period: 4.4778
Found 6 valid OD pairs for R1C1_C
Generating focused traffic: Period 4.4778s
[INFO] Subscriptions active: 6 (libsumo, fast mode)
[INFO] Episode duration: 3600s (60 min)

[DEBUG] 🎯 Célzott Forgalom Generálása (R1C1_C) | Period: 5.5955
Found 6 valid OD pairs for R1C1_C
Generating focused traffic: Period 5.5955s
[INFO] Subscriptions active: 6 (libsumo, fast mode)
[INFO] Episode duration: 2700s (45 min)

[DEBUG] 🎯 Célzott Forgalom Generálása (R1C1_C) | Period: 6.7388
Found 6 valid OD pairs for R1C1_C
Generating focused traffic: Period 6.7388s
[INFO] Subscriptions active: 6 (libsumo, fast mode)
[INFO] Episode duration: 900s (15 min)

[DEBUG] 🎯 Célzott Forgalom Generálása (R1C1_C) | Period: 6.2863
Found 6 valid OD pairs for R1C1_C
Generating focused traffic: Period 6.2863s
[INFO] Subscriptions active: 6 (libsumo, fast mode)
[INFO] Episode duration: 3600s (60 min)

[DEBUG] 🎯 Célzott Forgalom Generálása (R1C1_C) | Period: 4.6875
Found 6 valid OD pairs for R1C1_C
Generating focused traffic: Period 4.6875s
[INFO] Subscriptions active: 6 (libsumo, fast mode)
[INFO] Episode duration: 2700s (45 min)

[DEBUG] 🎯 Célzott Forgalom Generálása (R1C1_C) | Period: 7.5077
Found 6 valid OD pairs for R1C1_C
Generating focused traffic: Period 7.5077s
[INFO] Subscriptions active: 6 (libsumo, fast mode)
[INFO] Episode duration: 1800s (30 min)

[DEBUG] 🎯 Célzott Forgalom Generálása (R1C1_C) | Period: 5.6173
Found 6 valid OD pairs for R1C1_C
Generating focused traffic: Period 5.6173s
[INFO] Subscriptions active: 6 (libsumo, fast mode)
[INFO] Episode duration: 1800s (30 min)

[DEBUG] 🎯 Célzott Forgalom Generálása (R1C1_C) | Period: 7.4939
Found 6 valid OD pairs for R1C1_C
Generating focused traffic: Period 7.4939s
[INFO] Subscriptions active: 6 (libsumo, fast mode)
[INFO] Episode duration: 3600s (60 min)

[DEBUG] 🎯 Célzott Forgalom Generálása (R1C1_C) | Period: 5.2224
Found 6 valid OD pairs for R1C1_C
Generating focused traffic: Period 5.2224s
[INFO] Subscriptions active: 6 (libsumo, fast mode)
[INFO] Episode duration: 2700s (45 min)

[DEBUG] 🎯 Célzott Forgalom Generálása (R1C1_C) | Period: 6.437
Found 6 valid OD pairs for R1C1_C
Generating focused traffic: Period 6.4370s
[INFO] Subscriptions active: 6 (libsumo, fast mode)
[INFO] Episode duration: 900s (15 min)

[DEBUG] 🎯 Célzott Forgalom Generálása (R1C1_C) | Period: 5.2054
Found 6 valid OD pairs for R1C1_C
Generating focused traffic: Period 5.2054s
[INFO] Subscriptions active: 6 (libsumo, fast mode)
[INFO] Episode duration: 2700s (45 min)

[DEBUG] 🎯 Célzott Forgalom Generálása (R1C1_C) | Period: 5.2169
Found 6 valid OD pairs for R1C1_C
Generating focused traffic: Period 5.2169s
[INFO] Subscriptions active: 6 (libsumo, fast mode)
[INFO] Episode duration: 3600s (60 min)

[DEBUG] 🎯 Célzott Forgalom Generálása (R1C1_C) | Period: 7.6888
Found 6 valid OD pairs for R1C1_C
Generating focused traffic: Period 7.6888s
[INFO] Subscriptions active: 6 (libsumo, fast mode)
[INFO] Episode duration: 1800s (30 min)

[DEBUG] 🎯 Célzott Forgalom Generálása (R1C1_C) | Period: 4.4673
Found 6 valid OD pairs for R1C1_C
Generating focused traffic: Period 4.4673s
[INFO] Subscriptions active: 6 (libsumo, fast mode)
[INFO] Episode duration: 2700s (45 min)

[DEBUG] 🎯 Célzott Forgalom Generálása (R1C1_C) | Period: 7.2691
Found 6 valid OD pairs for R1C1_C
Generating focused traffic: Period 7.2691s
[INFO] Subscriptions active: 6 (libsumo, fast mode)
[INFO] Episode duration: 1800s (30 min)

[DEBUG] 🎯 Célzott Forgalom Generálása (R1C1_C) | Period: 6.8596
Found 6 valid OD pairs for R1C1_C
Generating focused traffic: Period 6.8596s
[INFO] Subscriptions active: 6 (libsumo, fast mode)
[INFO] Episode duration: 3600s (60 min)

[DEBUG] 🎯 Célzott Forgalom Generálása (R1C1_C) | Period: 4.773
Found 6 valid OD pairs for R1C1_C
Generating focused traffic: Period 4.7730s
[INFO] Subscriptions active: 6 (libsumo, fast mode)
[INFO] Episode duration: 900s (15 min)

[DEBUG] 🎯 Célzott Forgalom Generálása (R1C1_C) | Period: 5.1553
Found 6 valid OD pairs for R1C1_C
Generating focused traffic: Period 5.1553s
[INFO] Subscriptions active: 6 (libsumo, fast mode)
[INFO] Episode duration: 3600s (60 min)

[DEBUG] 🎯 Célzott Forgalom Generálása (R1C1_C) | Period: 4.5012
Found 6 valid OD pairs for R1C1_C
Generating focused traffic: Period 4.5012s
[INFO] Subscriptions active: 6 (libsumo, fast mode)
[INFO] Episode duration: 1800s (30 min)

[DEBUG] 🎯 Célzott Forgalom Generálása (R1C1_C) | Period: 4.6953
Found 6 valid OD pairs for R1C1_C
Generating focused traffic: Period 4.6953s
[INFO] Subscriptions active: 6 (libsumo, fast mode)
[INFO] Episode duration: 900s (15 min)

[DEBUG] 🎯 Célzott Forgalom Generálása (R1C1_C) | Period: 6.6115
Found 6 valid OD pairs for R1C1_C
Generating focused traffic: Period 6.6115s
[INFO] Subscriptions active: 6 (libsumo, fast mode)
[INFO] Episode duration: 2700s (45 min)

[DEBUG] 🎯 Célzott Forgalom Generálása (R1C1_C) | Period: 7.4311
Found 6 valid OD pairs for R1C1_C
Generating focused traffic: Period 7.4311s
[INFO] Subscriptions active: 6 (libsumo, fast mode)
[INFO] Episode duration: 3600s (60 min)

[DEBUG] 🎯 Célzott Forgalom Generálása (R1C1_C) | Period: 5.6195
Found 6 valid OD pairs for R1C1_C
Generating focused traffic: Period 5.6195s
[INFO] Subscriptions active: 6 (libsumo, fast mode)
[INFO] Episode duration: 900s (15 min)

[DEBUG] 🎯 Célzott Forgalom Generálása (R1C1_C) | Period: 4.5188
Found 6 valid OD pairs for R1C1_C
Generating focused traffic: Period 4.5188s
[INFO] Subscriptions active: 6 (libsumo, fast mode)
[INFO] Episode duration: 3600s (60 min)

[DEBUG] 🎯 Célzott Forgalom Generálása (R1C1_C) | Period: 7.8146
Found 6 valid OD pairs for R1C1_C
Generating focused traffic: Period 7.8146s
[INFO] Subscriptions active: 6 (libsumo, fast mode)
[INFO] Episode duration: 2700s (45 min)

[DEBUG] 🎯 Célzott Forgalom Generálása (R1C1_C) | Period: 7.171
Found 6 valid OD pairs for R1C1_C
Generating focused traffic: Period 7.1710s
[INFO] Subscriptions active: 6 (libsumo, fast mode)
[INFO] Episode duration: 1800s (30 min)

[DEBUG] 🎯 Célzott Forgalom Generálása (R1C1_C) | Period: 6.6137
Found 6 valid OD pairs for R1C1_C
Generating focused traffic: Period 6.6137s
[INFO] Subscriptions active: 6 (libsumo, fast mode)
[INFO] Episode duration: 2700s (45 min)

[DEBUG] 🎯 Célzott Forgalom Generálása (R1C1_C) | Period: 4.968
Found 6 valid OD pairs for R1C1_C
Generating focused traffic: Period 4.9680s
[INFO] Subscriptions active: 6 (libsumo, fast mode)
[INFO] Episode duration: 1800s (30 min)

[DEBUG] 🎯 Célzott Forgalom Generálása (R1C1_C) | Period: 5.3537
Found 6 valid OD pairs for R1C1_C
Generating focused traffic: Period 5.3537s
[INFO] Subscriptions active: 6 (libsumo, fast mode)
[INFO] Episode duration: 900s (15 min)

[DEBUG] 🎯 Célzott Forgalom Generálása (R1C1_C) | Period: 4.8908
Found 6 valid OD pairs for R1C1_C
Generating focused traffic: Period 4.8908s
[INFO] Subscriptions active: 6 (libsumo, fast mode)
[INFO] Episode duration: 3600s (60 min)

[DEBUG] 🎯 Célzott Forgalom Generálása (R1C1_C) | Period: 6.5482
Found 6 valid OD pairs for R1C1_C
Generating focused traffic: Period 6.5482s
[INFO] Subscriptions active: 6 (libsumo, fast mode)
[INFO] Episode duration: 3600s (60 min)

[DEBUG] 🎯 Célzott Forgalom Generálása (R1C1_C) | Period: 6.7856
Found 6 valid OD pairs for R1C1_C
Generating focused traffic: Period 6.7856s
[INFO] Subscriptions active: 6 (libsumo, fast mode)
[INFO] Episode duration: 1800s (30 min)

[DEBUG] 🎯 Célzott Forgalom Generálása (R1C1_C) | Period: 6.5765
Found 6 valid OD pairs for R1C1_C
Generating focused traffic: Period 6.5765s
[INFO] Subscriptions active: 6 (libsumo, fast mode)
-----------------------------------------
| rollout/                |             |
|    ep_len_mean          | 479         |
|    ep_rew_mean          | 88.5        |
| time/                   |             |
|    fps                  | 94          |
|    iterations           | 20          |
|    time_elapsed         | 432         |
|    total_timesteps      | 40960       |
| train/                  |             |
|    approx_kl            | 0.001235552 |
|    clip_fraction        | 0           |
|    clip_range           | 0.2         |
|    entropy_loss         | -1.27       |
|    explained_variance   | -0.000251   |
|    learning_rate        | 0.0001      |
|    loss                 | 4.51        |
|    n_updates            | 190         |
|    policy_gradient_loss | -0.00103    |
|    value_loss           | 5.02        |
-----------------------------------------
[INFO] Episode duration: 3600s (60 min)

[DEBUG] 🎯 Célzott Forgalom Generálása (R1C1_C) | Period: 5.0988
Found 6 valid OD pairs for R1C1_C
Generating focused traffic: Period 5.0988s
[INFO] Subscriptions active: 6 (libsumo, fast mode)
[INFO] Episode duration: 2700s (45 min)

[DEBUG] 🎯 Célzott Forgalom Generálása (R1C1_C) | Period: 4.3228
Found 6 valid OD pairs for R1C1_C
Generating focused traffic: Period 4.3228s
[INFO] Subscriptions active: 6 (libsumo, fast mode)
[INFO] Episode duration: 2700s (45 min)

[DEBUG] 🎯 Célzott Forgalom Generálása (R1C1_C) | Period: 5.248
Found 6 valid OD pairs for R1C1_C
Generating focused traffic: Period 5.2480s
[INFO] Subscriptions active: 6 (libsumo, fast mode)
[INFO] Episode duration: 2700s (45 min)

[DEBUG] 🎯 Célzott Forgalom Generálása (R1C1_C) | Period: 4.3046
Found 6 valid OD pairs for R1C1_C
Generating focused traffic: Period 4.3046s
[INFO] Subscriptions active: 6 (libsumo, fast mode)
[INFO] Episode duration: 2700s (45 min)

[DEBUG] 🎯 Célzott Forgalom Generálása (R1C1_C) | Period: 4.5378
Found 6 valid OD pairs for R1C1_C
Generating focused traffic: Period 4.5378s
[INFO] Subscriptions active: 6 (libsumo, fast mode)
[INFO] Episode duration: 1800s (30 min)

[DEBUG] 🎯 Célzott Forgalom Generálása (R1C1_C) | Period: 4.0333
Found 6 valid OD pairs for R1C1_C
Generating focused traffic: Period 4.0333s
[INFO] Subscriptions active: 6 (libsumo, fast mode)
[INFO] Episode duration: 900s (15 min)

[DEBUG] 🎯 Célzott Forgalom Generálása (R1C1_C) | Period: 6.9118
Found 6 valid OD pairs for R1C1_C
Generating focused traffic: Period 6.9118s
[INFO] Subscriptions active: 6 (libsumo, fast mode)
[INFO] Episode duration: 900s (15 min)

[DEBUG] 🎯 Célzott Forgalom Generálása (R1C1_C) | Period: 7.4774
Found 6 valid OD pairs for R1C1_C
Generating focused traffic: Period 7.4774s
[INFO] Subscriptions active: 6 (libsumo, fast mode)
[INFO] Episode duration: 3600s (60 min)

[DEBUG] 🎯 Célzott Forgalom Generálása (R1C1_C) | Period: 4.3483
Found 6 valid OD pairs for R1C1_C
Generating focused traffic: Period 4.3483s
[INFO] Subscriptions active: 6 (libsumo, fast mode)
[INFO] Episode duration: 3600s (60 min)

[DEBUG] 🎯 Célzott Forgalom Generálása (R1C1_C) | Period: 4.7774
Found 6 valid OD pairs for R1C1_C
Generating focused traffic: Period 4.7774s
[INFO] Subscriptions active: 6 (libsumo, fast mode)
[INFO] Episode duration: 900s (15 min)

[DEBUG] 🎯 Célzott Forgalom Generálása (R1C1_C) | Period: 4.7584
Found 6 valid OD pairs for R1C1_C
Generating focused traffic: Period 4.7584s
[INFO] Subscriptions active: 6 (libsumo, fast mode)
[INFO] Episode duration: 1800s (30 min)

[DEBUG] 🎯 Célzott Forgalom Generálása (R1C1_C) | Period: 5.8233
Found 6 valid OD pairs for R1C1_C
Generating focused traffic: Period 5.8233s
[INFO] Subscriptions active: 6 (libsumo, fast mode)
[INFO] Episode duration: 2700s (45 min)

[DEBUG] 🎯 Célzott Forgalom Generálása (R1C1_C) | Period: 5.9739
Found 6 valid OD pairs for R1C1_C
Generating focused traffic: Period 5.9739s
[INFO] Subscriptions active: 6 (libsumo, fast mode)
[INFO] Episode duration: 2700s (45 min)

[DEBUG] 🎯 Célzott Forgalom Generálása (R1C1_C) | Period: 7.9253
Found 6 valid OD pairs for R1C1_C
Generating focused traffic: Period 7.9253s
[INFO] Subscriptions active: 6 (libsumo, fast mode)
[INFO] Episode duration: 900s (15 min)

[DEBUG] 🎯 Célzott Forgalom Generálása (R1C1_C) | Period: 7.2093
Found 6 valid OD pairs for R1C1_C
Generating focused traffic: Period 7.2093s
[INFO] Subscriptions active: 6 (libsumo, fast mode)
[INFO] Episode duration: 2700s (45 min)

[DEBUG] 🎯 Célzott Forgalom Generálása (R1C1_C) | Period: 4.0815
Found 6 valid OD pairs for R1C1_C
Generating focused traffic: Period 4.0815s
[INFO] Subscriptions active: 6 (libsumo, fast mode)
[INFO] Episode duration: 2700s (45 min)

[DEBUG] 🎯 Célzott Forgalom Generálása (R1C1_C) | Period: 4.8096
Found 6 valid OD pairs for R1C1_C
Generating focused traffic: Period 4.8096s
[INFO] Subscriptions active: 6 (libsumo, fast mode)
[INFO] Episode duration: 900s (15 min)

[DEBUG] 🎯 Célzott Forgalom Generálása (R1C1_C) | Period: 6.7424
Found 6 valid OD pairs for R1C1_C
Generating focused traffic: Period 6.7424s
[INFO] Subscriptions active: 6 (libsumo, fast mode)
[INFO] Episode duration: 1800s (30 min)

[DEBUG] 🎯 Célzott Forgalom Generálása (R1C1_C) | Period: 5.369
Found 6 valid OD pairs for R1C1_C
Generating focused traffic: Period 5.3690s
[INFO] Subscriptions active: 6 (libsumo, fast mode)
[INFO] Episode duration: 2700s (45 min)

[DEBUG] 🎯 Célzott Forgalom Generálása (R1C1_C) | Period: 6.8009
Found 6 valid OD pairs for R1C1_C
Generating focused traffic: Period 6.8009s
[INFO] Subscriptions active: 6 (libsumo, fast mode)
[INFO] Episode duration: 3600s (60 min)

[DEBUG] 🎯 Célzott Forgalom Generálása (R1C1_C) | Period: 6.8364
Found 6 valid OD pairs for R1C1_C
Generating focused traffic: Period 6.8364s
[INFO] Subscriptions active: 6 (libsumo, fast mode)
[INFO] Episode duration: 3600s (60 min)

[DEBUG] 🎯 Célzott Forgalom Generálása (R1C1_C) | Period: 7.8197
Found 6 valid OD pairs for R1C1_C
Generating focused traffic: Period 7.8197s
[INFO] Subscriptions active: 6 (libsumo, fast mode)
[INFO] Episode duration: 1800s (30 min)

[DEBUG] 🎯 Célzott Forgalom Generálása (R1C1_C) | Period: 4.94
Found 6 valid OD pairs for R1C1_C
Generating focused traffic: Period 4.9400s
[INFO] Subscriptions active: 6 (libsumo, fast mode)
[INFO] Episode duration: 2700s (45 min)

[DEBUG] 🎯 Célzott Forgalom Generálása (R1C1_C) | Period: 7.8313
Found 6 valid OD pairs for R1C1_C
Generating focused traffic: Period 7.8313s
[INFO] Subscriptions active: 6 (libsumo, fast mode)
[INFO] Episode duration: 3600s (60 min)

[DEBUG] 🎯 Célzott Forgalom Generálása (R1C1_C) | Period: 4.0801
Found 6 valid OD pairs for R1C1_C
Generating focused traffic: Period 4.0801s
[INFO] Subscriptions active: 6 (libsumo, fast mode)
[INFO] Episode duration: 2700s (45 min)

[DEBUG] 🎯 Célzott Forgalom Generálása (R1C1_C) | Period: 5.2944
Found 6 valid OD pairs for R1C1_C
Generating focused traffic: Period 5.2944s
[INFO] Subscriptions active: 6 (libsumo, fast mode)
[INFO] Episode duration: 900s (15 min)

[DEBUG] 🎯 Célzott Forgalom Generálása (R1C1_C) | Period: 4.2381
Found 6 valid OD pairs for R1C1_C
Generating focused traffic: Period 4.2381s
[INFO] Subscriptions active: 6 (libsumo, fast mode)
[INFO] Episode duration: 1800s (30 min)

[DEBUG] 🎯 Célzott Forgalom Generálása (R1C1_C) | Period: 5.572
Found 6 valid OD pairs for R1C1_C
Generating focused traffic: Period 5.5720s
[INFO] Subscriptions active: 6 (libsumo, fast mode)
[INFO] Episode duration: 1800s (30 min)

[DEBUG] 🎯 Célzott Forgalom Generálása (R1C1_C) | Period: 4.4595
Found 6 valid OD pairs for R1C1_C
Generating focused traffic: Period 4.4595s
[INFO] Subscriptions active: 6 (libsumo, fast mode)
[INFO] Episode duration: 3600s (60 min)

[DEBUG] 🎯 Célzott Forgalom Generálása (R1C1_C) | Period: 5.5311
Found 6 valid OD pairs for R1C1_C
Generating focused traffic: Period 5.5311s
[INFO] Subscriptions active: 6 (libsumo, fast mode)
[INFO] Episode duration: 1800s (30 min)

[DEBUG] 🎯 Célzott Forgalom Generálása (R1C1_C) | Period: 6.6886
Found 6 valid OD pairs for R1C1_C
Generating focused traffic: Period 6.6886s
[INFO] Subscriptions active: 6 (libsumo, fast mode)
[INFO] Episode duration: 3600s (60 min)

[DEBUG] 🎯 Célzott Forgalom Generálása (R1C1_C) | Period: 5.7267
Found 6 valid OD pairs for R1C1_C
Generating focused traffic: Period 5.7267s
[INFO] Subscriptions active: 6 (libsumo, fast mode)
[INFO] Episode duration: 900s (15 min)

[DEBUG] 🎯 Célzott Forgalom Generálása (R1C1_C) | Period: 5.0696
Found 6 valid OD pairs for R1C1_C
Generating focused traffic: Period 5.0696s
[INFO] Subscriptions active: 6 (libsumo, fast mode)
[INFO] Episode duration: 3600s (60 min)

[DEBUG] 🎯 Célzott Forgalom Generálása (R1C1_C) | Period: 6.1919
Found 6 valid OD pairs for R1C1_C
Generating focused traffic: Period 6.1919s
[INFO] Subscriptions active: 6 (libsumo, fast mode)
[INFO] Episode duration: 1800s (30 min)

[DEBUG] 🎯 Célzott Forgalom Generálása (R1C1_C) | Period: 4.0276
Found 6 valid OD pairs for R1C1_C
Generating focused traffic: Period 4.0276s
[INFO] Subscriptions active: 6 (libsumo, fast mode)
[INFO] Episode duration: 3600s (60 min)

[DEBUG] 🎯 Célzott Forgalom Generálása (R1C1_C) | Period: 6.2839
Found 6 valid OD pairs for R1C1_C
Generating focused traffic: Period 6.2839s
[INFO] Subscriptions active: 6 (libsumo, fast mode)
[INFO] Episode duration: 2700s (45 min)

[DEBUG] 🎯 Célzott Forgalom Generálása (R1C1_C) | Period: 7.3145
Found 6 valid OD pairs for R1C1_C
Generating focused traffic: Period 7.3145s
[INFO] Subscriptions active: 6 (libsumo, fast mode)
[INFO] Episode duration: 2700s (45 min)

[DEBUG] 🎯 Célzott Forgalom Generálása (R1C1_C) | Period: 4.0964
Found 6 valid OD pairs for R1C1_C
Generating focused traffic: Period 4.0964s
[INFO] Subscriptions active: 6 (libsumo, fast mode)
[INFO] Episode duration: 1800s (30 min)

[DEBUG] 🎯 Célzott Forgalom Generálása (R1C1_C) | Period: 4.562
Found 6 valid OD pairs for R1C1_C
Generating focused traffic: Period 4.5620s
[INFO] Subscriptions active: 6 (libsumo, fast mode)
[INFO] Episode duration: 3600s (60 min)

[DEBUG] 🎯 Célzott Forgalom Generálása (R1C1_C) | Period: 7.5553
Found 6 valid OD pairs for R1C1_C
Generating focused traffic: Period 7.5553s
[INFO] Subscriptions active: 6 (libsumo, fast mode)
[INFO] Episode duration: 2700s (45 min)

[DEBUG] 🎯 Célzott Forgalom Generálása (R1C1_C) | Period: 5.3546
Found 6 valid OD pairs for R1C1_C
Generating focused traffic: Period 5.3546s
[INFO] Subscriptions active: 6 (libsumo, fast mode)
[INFO] Episode duration: 1800s (30 min)

[DEBUG] 🎯 Célzott Forgalom Generálása (R1C1_C) | Period: 6.759
Found 6 valid OD pairs for R1C1_C
Generating focused traffic: Period 6.7590s
[INFO] Subscriptions active: 6 (libsumo, fast mode)
[INFO] Episode duration: 2700s (45 min)

[DEBUG] 🎯 Célzott Forgalom Generálása (R1C1_C) | Period: 6.7454
Found 6 valid OD pairs for R1C1_C
Generating focused traffic: Period 6.7454s
[INFO] Subscriptions active: 6 (libsumo, fast mode)
------------------------------------------
| rollout/                |              |
|    ep_len_mean          | 475          |
|    ep_rew_mean          | 96.9         |
| time/                   |              |
|    fps                  | 93           |
|    iterations           | 30           |
|    time_elapsed         | 659          |
|    total_timesteps      | 61440        |
| train/                  |              |
|    approx_kl            | 0.0047561657 |
|    clip_fraction        | 0.00508      |
|    clip_range           | 0.2          |
|    entropy_loss         | -1.21        |
|    explained_variance   | -2.28e-05    |
|    learning_rate        | 0.0001       |
|    loss                 | 7.11         |
|    n_updates            | 290          |
|    policy_gradient_loss | -0.00352     |
|    value_loss           | 6.12         |
------------------------------------------
[INFO] Episode duration: 2700s (45 min)

[DEBUG] 🎯 Célzott Forgalom Generálása (R1C1_C) | Period: 5.9163
Found 6 valid OD pairs for R1C1_C
Generating focused traffic: Period 5.9163s
[INFO] Subscriptions active: 6 (libsumo, fast mode)
[INFO] Episode duration: 900s (15 min)

[DEBUG] 🎯 Célzott Forgalom Generálása (R1C1_C) | Period: 4.5978
Found 6 valid OD pairs for R1C1_C
Generating focused traffic: Period 4.5978s
[INFO] Subscriptions active: 6 (libsumo, fast mode)
[INFO] Episode duration: 900s (15 min)

[DEBUG] 🎯 Célzott Forgalom Generálása (R1C1_C) | Period: 6.8531
Found 6 valid OD pairs for R1C1_C
Generating focused traffic: Period 6.8531s
[INFO] Subscriptions active: 6 (libsumo, fast mode)
[INFO] Episode duration: 3600s (60 min)

[DEBUG] 🎯 Célzott Forgalom Generálása (R1C1_C) | Period: 6.8591
Found 6 valid OD pairs for R1C1_C
Generating focused traffic: Period 6.8591s
[INFO] Subscriptions active: 6 (libsumo, fast mode)
[INFO] Episode duration: 2700s (45 min)

[DEBUG] 🎯 Célzott Forgalom Generálása (R1C1_C) | Period: 6.9656
Found 6 valid OD pairs for R1C1_C
Generating focused traffic: Period 6.9656s
[INFO] Subscriptions active: 6 (libsumo, fast mode)
[INFO] Episode duration: 1800s (30 min)

[DEBUG] 🎯 Célzott Forgalom Generálása (R1C1_C) | Period: 4.4661
Found 6 valid OD pairs for R1C1_C
Generating focused traffic: Period 4.4661s
[INFO] Subscriptions active: 6 (libsumo, fast mode)
[INFO] Episode duration: 1800s (30 min)

[DEBUG] 🎯 Célzott Forgalom Generálása (R1C1_C) | Period: 7.2215
Found 6 valid OD pairs for R1C1_C
Generating focused traffic: Period 7.2215s
[INFO] Subscriptions active: 6 (libsumo, fast mode)
[INFO] Episode duration: 3600s (60 min)

[DEBUG] 🎯 Célzott Forgalom Generálása (R1C1_C) | Period: 5.0045
Found 6 valid OD pairs for R1C1_C
Generating focused traffic: Period 5.0045s
[INFO] Subscriptions active: 6 (libsumo, fast mode)
[INFO] Episode duration: 900s (15 min)

[DEBUG] 🎯 Célzott Forgalom Generálása (R1C1_C) | Period: 5.0946
Found 6 valid OD pairs for R1C1_C
Generating focused traffic: Period 5.0946s
[INFO] Subscriptions active: 6 (libsumo, fast mode)
[INFO] Episode duration: 1800s (30 min)

[DEBUG] 🎯 Célzott Forgalom Generálása (R1C1_C) | Period: 6.0765
Found 6 valid OD pairs for R1C1_C
Generating focused traffic: Period 6.0765s
[INFO] Subscriptions active: 6 (libsumo, fast mode)
[INFO] Episode duration: 3600s (60 min)

[DEBUG] 🎯 Célzott Forgalom Generálása (R1C1_C) | Period: 6.0091
Found 6 valid OD pairs for R1C1_C
Generating focused traffic: Period 6.0091s
[INFO] Subscriptions active: 6 (libsumo, fast mode)
[INFO] Episode duration: 900s (15 min)

[DEBUG] 🎯 Célzott Forgalom Generálása (R1C1_C) | Period: 5.5928
Found 6 valid OD pairs for R1C1_C
Generating focused traffic: Period 5.5928s
[INFO] Subscriptions active: 6 (libsumo, fast mode)
[INFO] Episode duration: 3600s (60 min)

[DEBUG] 🎯 Célzott Forgalom Generálása (R1C1_C) | Period: 4.0105
Found 6 valid OD pairs for R1C1_C
Generating focused traffic: Period 4.0105s
[INFO] Subscriptions active: 6 (libsumo, fast mode)
[INFO] Episode duration: 1800s (30 min)

[DEBUG] 🎯 Célzott Forgalom Generálása (R1C1_C) | Period: 4.3979
Found 6 valid OD pairs for R1C1_C
Generating focused traffic: Period 4.3979s
[INFO] Subscriptions active: 6 (libsumo, fast mode)
[INFO] Episode duration: 2700s (45 min)

[DEBUG] 🎯 Célzott Forgalom Generálása (R1C1_C) | Period: 5.5702
Found 6 valid OD pairs for R1C1_C
Generating focused traffic: Period 5.5702s
[INFO] Subscriptions active: 6 (libsumo, fast mode)
[INFO] Episode duration: 900s (15 min)

[DEBUG] 🎯 Célzott Forgalom Generálása (R1C1_C) | Period: 5.4913
Found 6 valid OD pairs for R1C1_C
Generating focused traffic: Period 5.4913s
[INFO] Subscriptions active: 6 (libsumo, fast mode)
[INFO] Episode duration: 3600s (60 min)

[DEBUG] 🎯 Célzott Forgalom Generálása (R1C1_C) | Period: 7.9318
Found 6 valid OD pairs for R1C1_C
Generating focused traffic: Period 7.9318s
[INFO] Subscriptions active: 6 (libsumo, fast mode)
[INFO] Episode duration: 3600s (60 min)

[DEBUG] 🎯 Célzott Forgalom Generálása (R1C1_C) | Period: 5.425
Found 6 valid OD pairs for R1C1_C
Generating focused traffic: Period 5.4250s
[INFO] Subscriptions active: 6 (libsumo, fast mode)
[INFO] Episode duration: 900s (15 min)

[DEBUG] 🎯 Célzott Forgalom Generálása (R1C1_C) | Period: 7.56
Found 6 valid OD pairs for R1C1_C
Generating focused traffic: Period 7.5600s
[INFO] Subscriptions active: 6 (libsumo, fast mode)
[INFO] Episode duration: 3600s (60 min)

[DEBUG] 🎯 Célzott Forgalom Generálása (R1C1_C) | Period: 6.5942
Found 6 valid OD pairs for R1C1_C
Generating focused traffic: Period 6.5942s
[INFO] Subscriptions active: 6 (libsumo, fast mode)
[INFO] Episode duration: 3600s (60 min)

[DEBUG] 🎯 Célzott Forgalom Generálása (R1C1_C) | Period: 4.7613
Found 6 valid OD pairs for R1C1_C
Generating focused traffic: Period 4.7613s
[INFO] Subscriptions active: 6 (libsumo, fast mode)
[INFO] Episode duration: 900s (15 min)

[DEBUG] 🎯 Célzott Forgalom Generálása (R1C1_C) | Period: 6.7548
Found 6 valid OD pairs for R1C1_C
Generating focused traffic: Period 6.7548s
[INFO] Subscriptions active: 6 (libsumo, fast mode)
[INFO] Episode duration: 2700s (45 min)

[DEBUG] 🎯 Célzott Forgalom Generálása (R1C1_C) | Period: 4.1545
Found 6 valid OD pairs for R1C1_C
Generating focused traffic: Period 4.1545s
[INFO] Subscriptions active: 6 (libsumo, fast mode)
[INFO] Episode duration: 2700s (45 min)

[DEBUG] 🎯 Célzott Forgalom Generálása (R1C1_C) | Period: 7.8837
Found 6 valid OD pairs for R1C1_C
Generating focused traffic: Period 7.8837s
[INFO] Subscriptions active: 6 (libsumo, fast mode)
[INFO] Episode duration: 3600s (60 min)

[DEBUG] 🎯 Célzott Forgalom Generálása (R1C1_C) | Period: 7.7337
Found 6 valid OD pairs for R1C1_C
Generating focused traffic: Period 7.7337s
[INFO] Subscriptions active: 6 (libsumo, fast mode)
[INFO] Episode duration: 3600s (60 min)

[DEBUG] 🎯 Célzott Forgalom Generálása (R1C1_C) | Period: 5.7212
Found 6 valid OD pairs for R1C1_C
Generating focused traffic: Period 5.7212s
[INFO] Subscriptions active: 6 (libsumo, fast mode)
[INFO] Episode duration: 2700s (45 min)

[DEBUG] 🎯 Célzott Forgalom Generálása (R1C1_C) | Period: 6.6571
Found 6 valid OD pairs for R1C1_C
Generating focused traffic: Period 6.6571s
[INFO] Subscriptions active: 6 (libsumo, fast mode)
[INFO] Episode duration: 2700s (45 min)

[DEBUG] 🎯 Célzott Forgalom Generálása (R1C1_C) | Period: 7.0598
Found 6 valid OD pairs for R1C1_C
Generating focused traffic: Period 7.0598s
[INFO] Subscriptions active: 6 (libsumo, fast mode)
[INFO] Episode duration: 2700s (45 min)

[DEBUG] 🎯 Célzott Forgalom Generálása (R1C1_C) | Period: 6.769
Found 6 valid OD pairs for R1C1_C
Generating focused traffic: Period 6.7690s
[INFO] Subscriptions active: 6 (libsumo, fast mode)
[INFO] Episode duration: 3600s (60 min)

[DEBUG] 🎯 Célzott Forgalom Generálása (R1C1_C) | Period: 5.2977
Found 6 valid OD pairs for R1C1_C
Generating focused traffic: Period 5.2977s
[INFO] Subscriptions active: 6 (libsumo, fast mode)
[INFO] Episode duration: 2700s (45 min)

[DEBUG] 🎯 Célzott Forgalom Generálása (R1C1_C) | Period: 6.1716
Found 6 valid OD pairs for R1C1_C
Generating focused traffic: Period 6.1716s
[INFO] Subscriptions active: 6 (libsumo, fast mode)
[INFO] Episode duration: 900s (15 min)

[DEBUG] 🎯 Célzott Forgalom Generálása (R1C1_C) | Period: 5.2489
Found 6 valid OD pairs for R1C1_C
Generating focused traffic: Period 5.2489s
[INFO] Subscriptions active: 6 (libsumo, fast mode)
[INFO] Episode duration: 2700s (45 min)

[DEBUG] 🎯 Célzott Forgalom Generálása (R1C1_C) | Period: 7.7558
Found 6 valid OD pairs for R1C1_C
Generating focused traffic: Period 7.7558s
[INFO] Subscriptions active: 6 (libsumo, fast mode)
[INFO] Episode duration: 1800s (30 min)

[DEBUG] 🎯 Célzott Forgalom Generálása (R1C1_C) | Period: 4.4302
Found 6 valid OD pairs for R1C1_C
Generating focused traffic: Period 4.4302s
[INFO] Subscriptions active: 6 (libsumo, fast mode)
[INFO] Episode duration: 2700s (45 min)

[DEBUG] 🎯 Célzott Forgalom Generálása (R1C1_C) | Period: 6.9003
Found 6 valid OD pairs for R1C1_C
Generating focused traffic: Period 6.9003s
[INFO] Subscriptions active: 6 (libsumo, fast mode)
[INFO] Episode duration: 3600s (60 min)

[DEBUG] 🎯 Célzott Forgalom Generálása (R1C1_C) | Period: 6.4512
Found 6 valid OD pairs for R1C1_C
Generating focused traffic: Period 6.4512s
[INFO] Subscriptions active: 6 (libsumo, fast mode)
[INFO] Episode duration: 1800s (30 min)

[DEBUG] 🎯 Célzott Forgalom Generálása (R1C1_C) | Period: 4.6775
Found 6 valid OD pairs for R1C1_C
Generating focused traffic: Period 4.6775s
[INFO] Subscriptions active: 6 (libsumo, fast mode)
[INFO] Episode duration: 2700s (45 min)

[DEBUG] 🎯 Célzott Forgalom Generálása (R1C1_C) | Period: 7.1252
Found 6 valid OD pairs for R1C1_C
Generating focused traffic: Period 7.1252s
[INFO] Subscriptions active: 6 (libsumo, fast mode)
[INFO] Episode duration: 1800s (30 min)

[DEBUG] 🎯 Célzott Forgalom Generálása (R1C1_C) | Period: 5.6949
Found 6 valid OD pairs for R1C1_C
Generating focused traffic: Period 5.6949s
[INFO] Subscriptions active: 6 (libsumo, fast mode)
[INFO] Episode duration: 900s (15 min)

[DEBUG] 🎯 Célzott Forgalom Generálása (R1C1_C) | Period: 7.1348
Found 6 valid OD pairs for R1C1_C
Generating focused traffic: Period 7.1348s
[INFO] Subscriptions active: 6 (libsumo, fast mode)
[INFO] Episode duration: 900s (15 min)

[DEBUG] 🎯 Célzott Forgalom Generálása (R1C1_C) | Period: 7.7773
Found 6 valid OD pairs for R1C1_C
Generating focused traffic: Period 7.7773s
[INFO] Subscriptions active: 6 (libsumo, fast mode)
[INFO] Episode duration: 1800s (30 min)

[DEBUG] 🎯 Célzott Forgalom Generálása (R1C1_C) | Period: 5.5475
Found 6 valid OD pairs for R1C1_C
Generating focused traffic: Period 5.5475s
[INFO] Subscriptions active: 6 (libsumo, fast mode)
[INFO] Episode duration: 900s (15 min)

[DEBUG] 🎯 Célzott Forgalom Generálása (R1C1_C) | Period: 4.9759
Found 6 valid OD pairs for R1C1_C
Generating focused traffic: Period 4.9759s
[INFO] Subscriptions active: 6 (libsumo, fast mode)
[INFO] Episode duration: 1800s (30 min)

[DEBUG] 🎯 Célzott Forgalom Generálása (R1C1_C) | Period: 7.5359
Found 6 valid OD pairs for R1C1_C
Generating focused traffic: Period 7.5359s
[INFO] Subscriptions active: 6 (libsumo, fast mode)
------------------------------------------
| rollout/                |              |
|    ep_len_mean          | 473          |
|    ep_rew_mean          | 113          |
| time/                   |              |
|    fps                  | 89           |
|    iterations           | 40           |
|    time_elapsed         | 912          |
|    total_timesteps      | 81920        |
| train/                  |              |
|    approx_kl            | 0.0010377497 |
|    clip_fraction        | 0            |
|    clip_range           | 0.2          |
|    entropy_loss         | -1.15        |
|    explained_variance   | -3.46e-06    |
|    learning_rate        | 0.0001       |
|    loss                 | 0.961        |
|    n_updates            | 390          |
|    policy_gradient_loss | -0.00116     |
|    value_loss           | 8.77         |
------------------------------------------
[INFO] Episode duration: 2700s (45 min)

[DEBUG] 🎯 Célzott Forgalom Generálása (R1C1_C) | Period: 6.2226
Found 6 valid OD pairs for R1C1_C
Generating focused traffic: Period 6.2226s
[INFO] Subscriptions active: 6 (libsumo, fast mode)
[INFO] Episode duration: 2700s (45 min)

[DEBUG] 🎯 Célzott Forgalom Generálása (R1C1_C) | Period: 5.0951
Found 6 valid OD pairs for R1C1_C
Generating focused traffic: Period 5.0951s
[INFO] Subscriptions active: 6 (libsumo, fast mode)
[INFO] Episode duration: 900s (15 min)

[DEBUG] 🎯 Célzott Forgalom Generálása (R1C1_C) | Period: 4.9565
Found 6 valid OD pairs for R1C1_C
Generating focused traffic: Period 4.9565s
[INFO] Subscriptions active: 6 (libsumo, fast mode)
[INFO] Episode duration: 900s (15 min)

[DEBUG] 🎯 Célzott Forgalom Generálása (R1C1_C) | Period: 4.7915
Found 6 valid OD pairs for R1C1_C
Generating focused traffic: Period 4.7915s
[INFO] Subscriptions active: 6 (libsumo, fast mode)
[INFO] Episode duration: 2700s (45 min)

[DEBUG] 🎯 Célzott Forgalom Generálása (R1C1_C) | Period: 5.9879
Found 6 valid OD pairs for R1C1_C
Generating focused traffic: Period 5.9879s
[INFO] Subscriptions active: 6 (libsumo, fast mode)
[INFO] Episode duration: 2700s (45 min)

[DEBUG] 🎯 Célzott Forgalom Generálása (R1C1_C) | Period: 5.8125
Found 6 valid OD pairs for R1C1_C
Generating focused traffic: Period 5.8125s
[INFO] Subscriptions active: 6 (libsumo, fast mode)
[INFO] Episode duration: 900s (15 min)

[DEBUG] 🎯 Célzott Forgalom Generálása (R1C1_C) | Period: 5.223
Found 6 valid OD pairs for R1C1_C
Generating focused traffic: Period 5.2230s
[INFO] Subscriptions active: 6 (libsumo, fast mode)
[INFO] Episode duration: 900s (15 min)

[DEBUG] 🎯 Célzott Forgalom Generálása (R1C1_C) | Period: 5.3575
Found 6 valid OD pairs for R1C1_C
Generating focused traffic: Period 5.3575s
[INFO] Subscriptions active: 6 (libsumo, fast mode)
[INFO] Episode duration: 900s (15 min)

[DEBUG] 🎯 Célzott Forgalom Generálása (R1C1_C) | Period: 7.9598
Found 6 valid OD pairs for R1C1_C
Generating focused traffic: Period 7.9598s
[INFO] Subscriptions active: 6 (libsumo, fast mode)
[INFO] Episode duration: 1800s (30 min)

[DEBUG] 🎯 Célzott Forgalom Generálása (R1C1_C) | Period: 6.8796
Found 6 valid OD pairs for R1C1_C
Generating focused traffic: Period 6.8796s
[INFO] Subscriptions active: 6 (libsumo, fast mode)
[INFO] Episode duration: 3600s (60 min)

[DEBUG] 🎯 Célzott Forgalom Generálása (R1C1_C) | Period: 5.3452
Found 6 valid OD pairs for R1C1_C
Generating focused traffic: Period 5.3452s
[INFO] Subscriptions active: 6 (libsumo, fast mode)
[INFO] Episode duration: 2700s (45 min)

[DEBUG] 🎯 Célzott Forgalom Generálása (R1C1_C) | Period: 5.4102
Found 6 valid OD pairs for R1C1_C
Generating focused traffic: Period 5.4102s
[INFO] Subscriptions active: 6 (libsumo, fast mode)
[INFO] Episode duration: 900s (15 min)

[DEBUG] 🎯 Célzott Forgalom Generálása (R1C1_C) | Period: 5.8573
Found 6 valid OD pairs for R1C1_C
Generating focused traffic: Period 5.8573s
[INFO] Subscriptions active: 6 (libsumo, fast mode)
[INFO] Episode duration: 3600s (60 min)

[DEBUG] 🎯 Célzott Forgalom Generálása (R1C1_C) | Period: 5.8472
Found 6 valid OD pairs for R1C1_C
Generating focused traffic: Period 5.8472s
[INFO] Subscriptions active: 6 (libsumo, fast mode)
[INFO] Episode duration: 900s (15 min)

[DEBUG] 🎯 Célzott Forgalom Generálása (R1C1_C) | Period: 4.3781
Found 6 valid OD pairs for R1C1_C
Generating focused traffic: Period 4.3781s
[INFO] Subscriptions active: 6 (libsumo, fast mode)
[INFO] Episode duration: 3600s (60 min)

[DEBUG] 🎯 Célzott Forgalom Generálása (R1C1_C) | Period: 6.6978
Found 6 valid OD pairs for R1C1_C
Generating focused traffic: Period 6.6978s
[INFO] Subscriptions active: 6 (libsumo, fast mode)
[INFO] Episode duration: 2700s (45 min)

[DEBUG] 🎯 Célzott Forgalom Generálása (R1C1_C) | Period: 5.6262
Found 6 valid OD pairs for R1C1_C
Generating focused traffic: Period 5.6262s
[INFO] Subscriptions active: 6 (libsumo, fast mode)
[INFO] Episode duration: 2700s (45 min)

[DEBUG] 🎯 Célzott Forgalom Generálása (R1C1_C) | Period: 6.6535
Found 6 valid OD pairs for R1C1_C
Generating focused traffic: Period 6.6535s
[INFO] Subscriptions active: 6 (libsumo, fast mode)
[INFO] Episode duration: 900s (15 min)

[DEBUG] 🎯 Célzott Forgalom Generálása (R1C1_C) | Period: 7.5357
Found 6 valid OD pairs for R1C1_C
Generating focused traffic: Period 7.5357s
[INFO] Subscriptions active: 6 (libsumo, fast mode)
[INFO] Episode duration: 3600s (60 min)

[DEBUG] 🎯 Célzott Forgalom Generálása (R1C1_C) | Period: 7.327
Found 6 valid OD pairs for R1C1_C
Generating focused traffic: Period 7.3270s
[INFO] Subscriptions active: 6 (libsumo, fast mode)
[INFO] Episode duration: 900s (15 min)

[DEBUG] 🎯 Célzott Forgalom Generálása (R1C1_C) | Period: 5.0315
Found 6 valid OD pairs for R1C1_C
Generating focused traffic: Period 5.0315s
[INFO] Subscriptions active: 6 (libsumo, fast mode)
[INFO] Episode duration: 900s (15 min)

[DEBUG] 🎯 Célzott Forgalom Generálása (R1C1_C) | Period: 4.6555
Found 6 valid OD pairs for R1C1_C
Generating focused traffic: Period 4.6555s
[INFO] Subscriptions active: 6 (libsumo, fast mode)
[INFO] Episode duration: 3600s (60 min)

[DEBUG] 🎯 Célzott Forgalom Generálása (R1C1_C) | Period: 7.7633
Found 6 valid OD pairs for R1C1_C
Generating focused traffic: Period 7.7633s
[INFO] Subscriptions active: 6 (libsumo, fast mode)
[INFO] Episode duration: 900s (15 min)

[DEBUG] 🎯 Célzott Forgalom Generálása (R1C1_C) | Period: 4.0814
Found 6 valid OD pairs for R1C1_C
Generating focused traffic: Period 4.0814s
[INFO] Subscriptions active: 6 (libsumo, fast mode)
[INFO] Episode duration: 3600s (60 min)

[DEBUG] 🎯 Célzott Forgalom Generálása (R1C1_C) | Period: 5.6084
Found 6 valid OD pairs for R1C1_C
Generating focused traffic: Period 5.6084s
[INFO] Subscriptions active: 6 (libsumo, fast mode)
[INFO] Episode duration: 900s (15 min)

[DEBUG] 🎯 Célzott Forgalom Generálása (R1C1_C) | Period: 6.3623
Found 6 valid OD pairs for R1C1_C
Generating focused traffic: Period 6.3623s
[INFO] Subscriptions active: 6 (libsumo, fast mode)
[INFO] Episode duration: 1800s (30 min)

[DEBUG] 🎯 Célzott Forgalom Generálása (R1C1_C) | Period: 4.0068
Found 6 valid OD pairs for R1C1_C
Generating focused traffic: Period 4.0068s
[INFO] Subscriptions active: 6 (libsumo, fast mode)
[INFO] Episode duration: 1800s (30 min)

[DEBUG] 🎯 Célzott Forgalom Generálása (R1C1_C) | Period: 7.8091
Found 6 valid OD pairs for R1C1_C
Generating focused traffic: Period 7.8091s
[INFO] Subscriptions active: 6 (libsumo, fast mode)
[INFO] Episode duration: 1800s (30 min)

[DEBUG] 🎯 Célzott Forgalom Generálása (R1C1_C) | Period: 7.565
Found 6 valid OD pairs for R1C1_C
Generating focused traffic: Period 7.5650s
[INFO] Subscriptions active: 6 (libsumo, fast mode)
[INFO] Episode duration: 2700s (45 min)

[DEBUG] 🎯 Célzott Forgalom Generálása (R1C1_C) | Period: 5.7971
Found 6 valid OD pairs for R1C1_C
Generating focused traffic: Period 5.7971s
[INFO] Subscriptions active: 6 (libsumo, fast mode)
[INFO] Episode duration: 2700s (45 min)

[DEBUG] 🎯 Célzott Forgalom Generálása (R1C1_C) | Period: 4.8036
Found 6 valid OD pairs for R1C1_C
Generating focused traffic: Period 4.8036s
[INFO] Subscriptions active: 6 (libsumo, fast mode)
[INFO] Episode duration: 3600s (60 min)

[DEBUG] 🎯 Célzott Forgalom Generálása (R1C1_C) | Period: 6.3296
Found 6 valid OD pairs for R1C1_C
Generating focused traffic: Period 6.3296s
[INFO] Subscriptions active: 6 (libsumo, fast mode)
[INFO] Episode duration: 1800s (30 min)

[DEBUG] 🎯 Célzott Forgalom Generálása (R1C1_C) | Period: 6.0576
Found 6 valid OD pairs for R1C1_C
Generating focused traffic: Period 6.0576s
[INFO] Subscriptions active: 6 (libsumo, fast mode)
[INFO] Episode duration: 1800s (30 min)

[DEBUG] 🎯 Célzott Forgalom Generálása (R1C1_C) | Period: 4.8232
Found 6 valid OD pairs for R1C1_C
Generating focused traffic: Period 4.8232s
[INFO] Subscriptions active: 6 (libsumo, fast mode)
[INFO] Episode duration: 1800s (30 min)
wandb: WARNING Symlinked 1 file into the W&B run directory; call wandb.save again to sync new files.
/Users/wagnertamas/Documents/Munka/cikkek/AI_agens_konyvtar/support/intergreen_matrix_calculator/rl_trainer.py:857: UserWarning: Exporting a model while it is in training mode. Please ensure that this is intended, as it may lead to different behavior during inference. Calling model.eval() before export is recommended.
  torch.onnx.export(
/Users/wagnertamas/Documents/Munka/cikkek/AI_agens_konyvtar/support/intergreen_matrix_calculator/rl_trainer.py:857: UserWarning: # 'dynamic_axes' is not recommended when dynamo=True, and may lead to 'torch._dynamo.exc.UserError: Constraints violated.' Supply the 'dynamic_shapes' argument instead if export is unsuccessful.
  torch.onnx.export(
wandb: updating run metadata
wandb: uploading output.log; uploading wandb-summary.json; uploading config.yaml; uploading pytorch_models/R1C1_C.zip
wandb: uploading history steps 1001-1002, summary, console lines 1393-1403
wandb: 
wandb: Run history:
wandb:         R1C1_C/action_pct/phase_0 ▃▂▄▁▃▃▁▄▃▃▄▅▄▃▃▁▄▄▅▃▃▄▃▅▄▆▂▃▅▅▇▅▆█▅▅▇▆█▃
wandb:         R1C1_C/action_pct/phase_1 ▇█▇█▆▆▆▆▅▅▄▄▅▄▅▄▄▄▄▄▄▅▄▃▃▃▃▂▃▃▃▃▃▂▂▂▂▂▂▁
wandb:         R1C1_C/action_pct/phase_2 ▂▃▃▂▃▂▃▂▁▃▃▄▅▅▅▇▆▅▄▆▅▅▆▆█▇██▆▅▄▆▄▄▅▃▅▃▃█
wandb:         R1C1_C/action_pct/phase_3 ▄▄▃▅▄▆▆▅█▆▆▄▃▅▄▃▃▃▄▃▄▂▃▂▁▂▄▃▃▅▅▃▄▄▅▆▄▇▅▅
wandb:         R1C1_C/train/entropy_loss ▁▁▁▁▁▂▂▂▂▂▂▂▂▃▃▃▃▃▄▄▄▅▅▅▅▅▅▆▆▆▆▆▆▆▇▇▇▇██
wandb:        R1C1_C/train/learning_rate ▁▁▁▁▁▁▁▁▁▁▁▁▁▁▁▁▁▁▁▁▁▁▁▁▁▁▁▁▁▁▁▁▁▁▁▁▁▁▁▁
wandb:                 R1C1_C/train/loss ▁▁▁▁▁▂▂▂▃▂▆▂▂▃▃▁▁▄▄▄▅▅▆▆▁▁▁▁▇▂▁▆▆▆▇▇▂▂▂█
wandb: R1C1_C/train/policy_gradient_loss ▁▇▇██▄▄▄▇▆▂▂▆▆▆███▇▆▇██▅▅▆▆▆▄▆▅▅▅▇▆▇▇▇▇▇
wandb:           R1C1_C/train/value_loss ▂▁▁▁▁▁▁▁▁▂▂▂▃▂▂▃▃▃▃▃▃▄▄▄▃▃▅▄▄▅██▇▆▆▅▆▇▇▅
wandb:                        avg_reward ▃▁▂▃▄▁▂▁▂▅▂▂▁▃▂▅▄▃▂▄▆▅▄▄▅▄▂▅▆▆▄▂▄▅▅▆█▆▄▄
wandb:                                +9 ...
wandb: 
wandb: Run summary:
wandb:         R1C1_C/action_pct/phase_0 23.14815
wandb:         R1C1_C/action_pct/phase_1 1.66667
wandb:         R1C1_C/action_pct/phase_2 43.33333
wandb:         R1C1_C/action_pct/phase_3 31.85185
wandb:         R1C1_C/train/entropy_loss -1.06164
wandb:        R1C1_C/train/learning_rate 0.0001
wandb:                 R1C1_C/train/loss 10.63428
wandb: R1C1_C/train/policy_gradient_loss -0.00085
wandb:           R1C1_C/train/value_loss 9.71877
wandb:                        avg_reward 0.42568
wandb:                                +9 ...
wandb: 
wandb: 🚀 View run ppo_halt_ratio_2x16_2_R1C1_C at: https://wandb.ai/wagnertamas-budapesti-m-szaki-s-gazdas-gtudom-nyi-egyetem/sumo-rl-stat/runs/0ux1tcca
wandb: ⭐️ View project at: https://wandb.ai/wagnertamas-budapesti-m-szaki-s-gazdas-gtudom-nyi-egyetem/sumo-rl-stat
wandb: Synced 5 W&B file(s), 0 media file(s), 0 artifact file(s) and 1 other file(s)
wandb: Find logs at: ./wandb/run-20260321_230452-0ux1tcca/logs

[DEBUG] 🎯 Célzott Forgalom Generálása (R1C1_C) | Period: 6.6418
Found 6 valid OD pairs for R1C1_C
Generating focused traffic: Period 6.6418s
[INFO] Subscriptions active: 6 (libsumo, fast mode)
[INFO] Episode duration: 2700s (45 min)

[DEBUG] 🎯 Célzott Forgalom Generálása (R1C1_C) | Period: 5.006
Found 6 valid OD pairs for R1C1_C
Generating focused traffic: Period 5.0060s
[INFO] Subscriptions active: 6 (libsumo, fast mode)
[INFO] Episode duration: 2700s (45 min)

[DEBUG] 🎯 Célzott Forgalom Generálása (R1C1_C) | Period: 7.9728
Found 6 valid OD pairs for R1C1_C
Generating focused traffic: Period 7.9728s
[INFO] Subscriptions active: 6 (libsumo, fast mode)
[INFO] Episode duration: 3600s (60 min)

[DEBUG] 🎯 Célzott Forgalom Generálása (R1C1_C) | Period: 4.2702
Found 6 valid OD pairs for R1C1_C
Generating focused traffic: Period 4.2702s
[INFO] Subscriptions active: 6 (libsumo, fast mode)
[INFO] Episode duration: 3600s (60 min)

[DEBUG] 🎯 Célzott Forgalom Generálása (R1C1_C) | Period: 4.9054
Found 6 valid OD pairs for R1C1_C
Generating focused traffic: Period 4.9054s
[INFO] Subscriptions active: 6 (libsumo, fast mode)
[INFO] Episode duration: 900s (15 min)

[DEBUG] 🎯 Célzott Forgalom Generálása (R1C1_C) | Period: 6.3267
Found 6 valid OD pairs for R1C1_C
Generating focused traffic: Period 6.3267s
[INFO] Subscriptions active: 6 (libsumo, fast mode)
[INFO] Episode duration: 2700s (45 min)

[DEBUG] 🎯 Célzott Forgalom Generálása (R1C1_C) | Period: 4.1939
Found 6 valid OD pairs for R1C1_C
Generating focused traffic: Period 4.1939s
[INFO] Subscriptions active: 6 (libsumo, fast mode)
[INFO] Episode duration: 2700s (45 min)

[DEBUG] 🎯 Célzott Forgalom Generálása (R1C1_C) | Period: 6.6276
Found 6 valid OD pairs for R1C1_C
Generating focused traffic: Period 6.6276s
[INFO] Subscriptions active: 6 (libsumo, fast mode)
On-policy training completed.
Closing environment and EXPORTING models...
Saving PyTorch ZIP models to /Users/wagnertamas/Documents/Munka/cikkek/AI_agens_konyvtar/support/intergreen_matrix_calculator/data/runs/pytorch_models...
Saved PyTorch R1C1_C to /Users/wagnertamas/Documents/Munka/cikkek/AI_agens_konyvtar/support/intergreen_matrix_calculator/data/runs/pytorch_models/R1C1_C.zip
Exporting ONNX models to /Users/wagnertamas/Documents/Munka/cikkek/AI_agens_konyvtar/support/intergreen_matrix_calculator/data/runs/onnx_models...
Failed to export R1C1_C: # Failed to convert 'dynamic_axes' to 'dynamic_shapes'. Please provide 'dynamic_shapes' directly. Refer to the documentation for 'torch.export.export' for more information on dynamic shapes.
Cleanup done.
