wandb: [wandb.login()] Loaded credentials for https://api.wandb.ai from /Users/wagnertamas/.netrc.
wandb: Currently logged in as: wagnertamas (wagnertamas-budapesti-m-szaki-s-gazdas-gtudom-nyi-egyetem) to https://api.wandb.ai. Use `wandb login --relogin` to force relogin
wandb: setting up run gsjyut8h
wandb: Tracking run with wandb version 0.25.1
wandb: Run data is saved locally in /Users/wagnertamas/Documents/Munka/cikkek/AI_agens_konyvtar/support/intergreen_matrix_calculator/wandb/run-20260408_022655-gsjyut8h
wandb: Run `wandb offline` to turn off syncing.
wandb: Syncing run ppo_speed_throughput_2x32_2_R1C1_C
wandb: ⭐️ View project at https://wandb.ai/wagnertamas-budapesti-m-szaki-s-gazdas-gtudom-nyi-egyetem/sumo-rl-stat-2
wandb: 🚀 View run at https://wandb.ai/wagnertamas-budapesti-m-szaki-s-gazdas-gtudom-nyi-egyetem/sumo-rl-stat-2/runs/gsjyut8h
[INFO] Config: training_config.yaml
[INFO] Net: /Users/wagnertamas/Documents/Munka/cikkek/AI_agens_konyvtar/support/intergreen_matrix_calculator/data/mega_catalogue_v2.net.xml
[INFO] Timesteps: 100000 | Project: sumo-rl-stat-2
[INFO] Junction: R1C1_C
[INFO] Algorithm: ppo | Reward: speed_throughput
[INFO] Load model: None (fresh)
[INFO] Traffic: random target+spread (epizódonként)
Initializing Environment (algorithm=ppo, reward=speed_throughput)...
[INFO] Algorithm: ppo (on_policy)
[INFO] Reward mode: speed_throughput
WandB config applied (Sweep compatible).
[INFO] Junction reward params auto-loaded from /Users/wagnertamas/Documents/Munka/cikkek/AI_agens_konyvtar/support/intergreen_matrix_calculator/data/junction_reward_params.json
[INFO] Using 'traci' (USE_LIBSUMO=0, parallel slave).
Starting SUMO...
[INFO] Episode duration: 1800s (30 min)

[DEBUG] 🎯 Célzott Forgalom Generálása (R1C1_C) | Period: 4.0651
Found 6 valid OD pairs for R1C1_C
Generating focused traffic: Period 4.0651s
 Retrying in 1 seconds
[INFO] Network mapped: 1 agents, 3 detectors, 3 lanes
[INFO] Subscriptions active: 6 (traci, fast mode)
Agents discovered: ['R1C1_C']
[INFO] RL device: mps
[INFO] On-policy training: ppo → R1C1_C
[INFO] Env reset az observation/action space inicializálásához...
[INFO] Episode duration: 1800s (30 min)

[DEBUG] 🎯 Célzott Forgalom Generálása (R1C1_C) | Period: 5.0307
Found 6 valid OD pairs for R1C1_C
Generating focused traffic: Period 5.0307s
[INFO] Subscriptions active: 6 (traci, fast mode)
Using mps device
Wrapping the env with a `Monitor` wrapper
Wrapping the env in a DummyVecEnv.
Starting on-policy training: 100000 timesteps...
[INFO] Episode duration: 2700s (45 min)

[DEBUG] 🎯 Célzott Forgalom Generálása (R1C1_C) | Period: 5.7461
Found 6 valid OD pairs for R1C1_C
Generating focused traffic: Period 5.7461s
[INFO] Subscriptions active: 6 (traci, fast mode)
Logging to /Users/wagnertamas/Documents/Munka/cikkek/AI_agens_konyvtar/support/intergreen_matrix_calculator/data/runs/sumo-rl-stat-2/R1C1_C/PPO_23
[INFO] Episode duration: 2700s (45 min)

[DEBUG] 🎯 Célzott Forgalom Generálása (R1C1_C) | Period: 5.3049
Found 6 valid OD pairs for R1C1_C
Generating focused traffic: Period 5.3049s
[INFO] Subscriptions active: 6 (traci, fast mode)
  [ACTION PPO] R1C1_C: a0=28% (149) a1=23% (122) a2=24% (131) a3=26% (138)
[INFO] Episode duration: 2700s (45 min)

[DEBUG] 🎯 Célzott Forgalom Generálása (R1C1_C) | Period: 7.8294
Found 6 valid OD pairs for R1C1_C
Generating focused traffic: Period 7.8294s
[INFO] Subscriptions active: 6 (traci, fast mode)
  [ACTION PPO] R1C1_C: a0=24% (130) a1=28% (150) a2=24% (132) a3=24% (128)
[INFO] Episode duration: 2700s (45 min)

[DEBUG] 🎯 Célzott Forgalom Generálása (R1C1_C) | Period: 7.5817
Found 6 valid OD pairs for R1C1_C
Generating focused traffic: Period 7.5817s
[INFO] Subscriptions active: 6 (traci, fast mode)
  [ACTION PPO] R1C1_C: a0=27% (144) a1=23% (122) a2=22% (120) a3=29% (154)
[INFO] Episode duration: 2700s (45 min)

[DEBUG] 🎯 Célzott Forgalom Generálása (R1C1_C) | Period: 6.8133
Found 6 valid OD pairs for R1C1_C
Generating focused traffic: Period 6.8133s
[INFO] Subscriptions active: 6 (traci, fast mode)
  [ACTION PPO] R1C1_C: a0=28% (149) a1=23% (125) a2=24% (132) a3=25% (134)
[INFO] Episode duration: 1800s (30 min)

[DEBUG] 🎯 Célzott Forgalom Generálása (R1C1_C) | Period: 4.0621
Found 6 valid OD pairs for R1C1_C
Generating focused traffic: Period 4.0621s
[INFO] Subscriptions active: 6 (traci, fast mode)
  [ACTION PPO] R1C1_C: a0=22% (121) a1=24% (129) a2=23% (126) a3=30% (164)
[INFO] Episode duration: 1800s (30 min)

[DEBUG] 🎯 Célzott Forgalom Generálása (R1C1_C) | Period: 5.9401
Found 6 valid OD pairs for R1C1_C
Generating focused traffic: Period 5.9401s
[INFO] Subscriptions active: 6 (traci, fast mode)
  [ACTION PPO] R1C1_C: a0=22% (79) a1=25% (90) a2=25% (91) a3=28% (100)
[INFO] Episode duration: 2700s (45 min)

[DEBUG] 🎯 Célzott Forgalom Generálása (R1C1_C) | Period: 5.4606
Found 6 valid OD pairs for R1C1_C
Generating focused traffic: Period 5.4606s
[INFO] Subscriptions active: 6 (traci, fast mode)
  [ACTION PPO] R1C1_C: a0=22% (79) a1=26% (94) a2=25% (91) a3=27% (96)
[INFO] Episode duration: 2700s (45 min)

[DEBUG] 🎯 Célzott Forgalom Generálása (R1C1_C) | Period: 6.2687
Found 6 valid OD pairs for R1C1_C
Generating focused traffic: Period 6.2687s
[INFO] Subscriptions active: 6 (traci, fast mode)
  [ACTION PPO] R1C1_C: a0=20% (109) a1=26% (138) a2=27% (147) a3=27% (146)
[INFO] Episode duration: 1800s (30 min)

[DEBUG] 🎯 Célzott Forgalom Generálása (R1C1_C) | Period: 5.6153
Found 6 valid OD pairs for R1C1_C
Generating focused traffic: Period 5.6153s
[INFO] Subscriptions active: 6 (traci, fast mode)
  [ACTION PPO] R1C1_C: a0=21% (111) a1=21% (111) a2=30% (164) a3=29% (154)
[INFO] Episode duration: 3600s (60 min)

[DEBUG] 🎯 Célzott Forgalom Generálása (R1C1_C) | Period: 5.1468
Found 6 valid OD pairs for R1C1_C
Generating focused traffic: Period 5.1468s
[INFO] Subscriptions active: 6 (traci, fast mode)
  [ACTION PPO] R1C1_C: a0=24% (86) a1=18% (64) a2=29% (104) a3=29% (106)
[INFO] Episode duration: 2700s (45 min)

[DEBUG] 🎯 Célzott Forgalom Generálása (R1C1_C) | Period: 5.345
Found 6 valid OD pairs for R1C1_C
Generating focused traffic: Period 5.3450s
[INFO] Subscriptions active: 6 (traci, fast mode)
  [ACTION PPO] R1C1_C: a0=18% (132) a1=20% (145) a2=30% (218) a3=31% (225)
[INFO] Episode duration: 1800s (30 min)

[DEBUG] 🎯 Célzott Forgalom Generálása (R1C1_C) | Period: 4.8876
Found 6 valid OD pairs for R1C1_C
Generating focused traffic: Period 4.8876s
[INFO] Subscriptions active: 6 (traci, fast mode)
  [ACTION PPO] R1C1_C: a0=21% (116) a1=19% (104) a2=31% (167) a3=28% (153)
[INFO] Episode duration: 3600s (60 min)

[DEBUG] 🎯 Célzott Forgalom Generálása (R1C1_C) | Period: 4.3114
Found 6 valid OD pairs for R1C1_C
Generating focused traffic: Period 4.3114s
[INFO] Subscriptions active: 6 (traci, fast mode)
  [ACTION PPO] R1C1_C: a0=18% (66) a1=17% (60) a2=36% (129) a3=29% (105)
[INFO] Episode duration: 1800s (30 min)

[DEBUG] 🎯 Célzott Forgalom Generálása (R1C1_C) | Period: 7.9061
Found 6 valid OD pairs for R1C1_C
Generating focused traffic: Period 7.9061s
[INFO] Subscriptions active: 6 (traci, fast mode)
  [ACTION PPO] R1C1_C: a0=20% (147) a1=13% (97) a2=34% (248) a3=32% (228)
[INFO] Episode duration: 1800s (30 min)

[DEBUG] 🎯 Célzott Forgalom Generálása (R1C1_C) | Period: 6.7658
Found 6 valid OD pairs for R1C1_C
Generating focused traffic: Period 6.7658s
[INFO] Subscriptions active: 6 (traci, fast mode)
  [ACTION PPO] R1C1_C: a0=18% (63) a1=21% (75) a2=31% (110) a3=31% (112)
[INFO] Episode duration: 1800s (30 min)

[DEBUG] 🎯 Célzott Forgalom Generálása (R1C1_C) | Period: 6.3434
Found 6 valid OD pairs for R1C1_C
Generating focused traffic: Period 6.3434s
[INFO] Subscriptions active: 6 (traci, fast mode)
  [ACTION PPO] R1C1_C: a0=16% (58) a1=16% (58) a2=34% (121) a3=34% (123)
[INFO] Episode duration: 2700s (45 min)

[DEBUG] 🎯 Célzott Forgalom Generálása (R1C1_C) | Period: 4.537
Found 6 valid OD pairs for R1C1_C
Generating focused traffic: Period 4.5370s
[INFO] Subscriptions active: 6 (traci, fast mode)
  [ACTION PPO] R1C1_C: a0=17% (62) a1=21% (77) a2=32% (114) a3=30% (107)
[INFO] Episode duration: 900s (15 min)

[DEBUG] 🎯 Célzott Forgalom Generálása (R1C1_C) | Period: 6.7944
Found 6 valid OD pairs for R1C1_C
Generating focused traffic: Period 6.7944s
[INFO] Subscriptions active: 6 (traci, fast mode)
  [ACTION PPO] R1C1_C: a0=15% (80) a1=20% (106) a2=25% (133) a3=41% (221)
[INFO] Episode duration: 3600s (60 min)

[DEBUG] 🎯 Célzott Forgalom Generálása (R1C1_C) | Period: 5.7712
Found 6 valid OD pairs for R1C1_C
Generating focused traffic: Period 5.7712s
[INFO] Subscriptions active: 6 (traci, fast mode)
  [ACTION PPO] R1C1_C: a0=17% (30) a1=19% (34) a2=28% (50) a3=37% (66)
[INFO] Episode duration: 1800s (30 min)

[DEBUG] 🎯 Célzott Forgalom Generálása (R1C1_C) | Period: 5.3286
Found 6 valid OD pairs for R1C1_C
Generating focused traffic: Period 5.3286s
[INFO] Subscriptions active: 6 (traci, fast mode)
  [ACTION PPO] R1C1_C: a0=15% (111) a1=17% (125) a2=27% (196) a3=40% (288)
[INFO] Episode duration: 900s (15 min)

[DEBUG] 🎯 Célzott Forgalom Generálása (R1C1_C) | Period: 7.8063
Found 6 valid OD pairs for R1C1_C
Generating focused traffic: Period 7.8063s
[INFO] Subscriptions active: 6 (traci, fast mode)
  [ACTION PPO] R1C1_C: a0=16% (57) a1=17% (60) a2=29% (103) a3=39% (140)
[INFO] Episode duration: 3600s (60 min)

[DEBUG] 🎯 Célzott Forgalom Generálása (R1C1_C) | Period: 7.5309
Found 6 valid OD pairs for R1C1_C
Generating focused traffic: Period 7.5309s
[INFO] Subscriptions active: 6 (traci, fast mode)
  [ACTION PPO] R1C1_C: a0=19% (35) a1=20% (36) a2=26% (46) a3=35% (63)
[INFO] Episode duration: 900s (15 min)

[DEBUG] 🎯 Célzott Forgalom Generálása (R1C1_C) | Period: 4.0887
Found 6 valid OD pairs for R1C1_C
Generating focused traffic: Period 4.0887s
[INFO] Subscriptions active: 6 (traci, fast mode)
  [ACTION PPO] R1C1_C: a0=19% (134) a1=20% (146) a2=26% (187) a3=35% (253)
[INFO] Episode duration: 900s (15 min)

[DEBUG] 🎯 Célzott Forgalom Generálása (R1C1_C) | Period: 5.9781
Found 6 valid OD pairs for R1C1_C
Generating focused traffic: Period 5.9781s
[INFO] Subscriptions active: 6 (traci, fast mode)
  [ACTION PPO] R1C1_C: a0=26% (46) a1=22% (39) a2=29% (52) a3=24% (43)
[INFO] Episode duration: 3600s (60 min)

[DEBUG] 🎯 Célzott Forgalom Generálása (R1C1_C) | Period: 6.5101
Found 6 valid OD pairs for R1C1_C
Generating focused traffic: Period 6.5101s
[INFO] Subscriptions active: 6 (traci, fast mode)
  [ACTION PPO] R1C1_C: a0=16% (28) a1=18% (33) a2=30% (54) a3=36% (65)
[INFO] Episode duration: 2700s (45 min)

[DEBUG] 🎯 Célzott Forgalom Generálása (R1C1_C) | Period: 7.8981
Found 6 valid OD pairs for R1C1_C
Generating focused traffic: Period 7.8981s
[INFO] Subscriptions active: 6 (traci, fast mode)
  [ACTION PPO] R1C1_C: a0=21% (150) a1=21% (149) a2=25% (183) a3=33% (238)
[INFO] Episode duration: 2700s (45 min)

[DEBUG] 🎯 Célzott Forgalom Generálása (R1C1_C) | Period: 7.4284
Found 6 valid OD pairs for R1C1_C
Generating focused traffic: Period 7.4284s
[INFO] Subscriptions active: 6 (traci, fast mode)
  [ACTION PPO] R1C1_C: a0=20% (109) a1=20% (110) a2=26% (140) a3=34% (181)
[INFO] Episode duration: 900s (15 min)

[DEBUG] 🎯 Célzott Forgalom Generálása (R1C1_C) | Period: 5.9914
Found 6 valid OD pairs for R1C1_C
Generating focused traffic: Period 5.9914s
[INFO] Subscriptions active: 6 (traci, fast mode)
  [ACTION PPO] R1C1_C: a0=21% (114) a1=20% (107) a2=24% (130) a3=35% (189)
[INFO] Episode duration: 1800s (30 min)

[DEBUG] 🎯 Célzott Forgalom Generálása (R1C1_C) | Period: 7.5261
Found 6 valid OD pairs for R1C1_C
Generating focused traffic: Period 7.5261s
[INFO] Subscriptions active: 6 (traci, fast mode)
  [ACTION PPO] R1C1_C: a0=19% (35) a1=14% (26) a2=26% (47) a3=40% (72)
[INFO] Episode duration: 1800s (30 min)

[DEBUG] 🎯 Célzott Forgalom Generálása (R1C1_C) | Period: 5.8774
Found 6 valid OD pairs for R1C1_C
Generating focused traffic: Period 5.8774s
[INFO] Subscriptions active: 6 (traci, fast mode)
  [ACTION PPO] R1C1_C: a0=25% (91) a1=18% (63) a2=22% (80) a3=35% (126)
[INFO] Episode duration: 900s (15 min)

[DEBUG] 🎯 Célzott Forgalom Generálása (R1C1_C) | Period: 4.2571
Found 6 valid OD pairs for R1C1_C
Generating focused traffic: Period 4.2571s
[INFO] Subscriptions active: 6 (traci, fast mode)
  [ACTION PPO] R1C1_C: a0=23% (83) a1=18% (65) a2=24% (88) a3=34% (124)
[INFO] Episode duration: 3600s (60 min)

[DEBUG] 🎯 Célzott Forgalom Generálása (R1C1_C) | Period: 5.5784
Found 6 valid OD pairs for R1C1_C
Generating focused traffic: Period 5.5784s
[INFO] Subscriptions active: 6 (traci, fast mode)
  [ACTION PPO] R1C1_C: a0=18% (32) a1=14% (26) a2=24% (44) a3=43% (78)
[INFO] Episode duration: 3600s (60 min)

[DEBUG] 🎯 Célzott Forgalom Generálása (R1C1_C) | Period: 5.9493
Found 6 valid OD pairs for R1C1_C
Generating focused traffic: Period 5.9493s
[INFO] Subscriptions active: 6 (traci, fast mode)
  [ACTION PPO] R1C1_C: a0=25% (180) a1=15% (111) a2=22% (160) a3=37% (269)
[INFO] Episode duration: 900s (15 min)

[DEBUG] 🎯 Célzott Forgalom Generálása (R1C1_C) | Period: 4.1224
Found 6 valid OD pairs for R1C1_C
Generating focused traffic: Period 4.1224s
[INFO] Subscriptions active: 6 (traci, fast mode)
  [ACTION PPO] R1C1_C: a0=24% (172) a1=19% (138) a2=22% (160) a3=35% (250)
[INFO] Episode duration: 3600s (60 min)

[DEBUG] 🎯 Célzott Forgalom Generálása (R1C1_C) | Period: 7.9546
Found 6 valid OD pairs for R1C1_C
Generating focused traffic: Period 7.9546s
[INFO] Subscriptions active: 6 (traci, fast mode)
  [ACTION PPO] R1C1_C: a0=27% (48) a1=20% (36) a2=22% (40) a3=31% (56)
[INFO] Episode duration: 2700s (45 min)

[DEBUG] 🎯 Célzott Forgalom Generálása (R1C1_C) | Period: 5.0473
Found 6 valid OD pairs for R1C1_C
Generating focused traffic: Period 5.0473s
[INFO] Subscriptions active: 6 (traci, fast mode)
  [ACTION PPO] R1C1_C: a0=23% (164) a1=15% (107) a2=29% (206) a3=34% (243)
[INFO] Episode duration: 900s (15 min)

[DEBUG] 🎯 Célzott Forgalom Generálása (R1C1_C) | Period: 7.0564
Found 6 valid OD pairs for R1C1_C
Generating focused traffic: Period 7.0564s
[INFO] Subscriptions active: 6 (traci, fast mode)
  [ACTION PPO] R1C1_C: a0=27% (145) a1=13% (71) a2=29% (159) a3=31% (165)
[INFO] Episode duration: 1800s (30 min)

[DEBUG] 🎯 Célzott Forgalom Generálása (R1C1_C) | Period: 4.9749
Found 6 valid OD pairs for R1C1_C
Generating focused traffic: Period 4.9749s
[INFO] Subscriptions active: 6 (traci, fast mode)
  [ACTION PPO] R1C1_C: a0=19% (35) a1=14% (25) a2=35% (63) a3=32% (57)
[INFO] Episode duration: 2700s (45 min)

[DEBUG] 🎯 Célzott Forgalom Generálása (R1C1_C) | Period: 4.887
Found 6 valid OD pairs for R1C1_C
Generating focused traffic: Period 4.8870s
[INFO] Subscriptions active: 6 (traci, fast mode)
  [ACTION PPO] R1C1_C: a0=27% (97) a1=11% (41) a2=29% (106) a3=32% (116)
[INFO] Episode duration: 3600s (60 min)

[DEBUG] 🎯 Célzott Forgalom Generálása (R1C1_C) | Period: 6.5598
Found 6 valid OD pairs for R1C1_C
Generating focused traffic: Period 6.5598s
[INFO] Subscriptions active: 6 (traci, fast mode)
  [ACTION PPO] R1C1_C: a0=24% (132) a1=15% (79) a2=28% (152) a3=33% (177)
[INFO] Episode duration: 3600s (60 min)

[DEBUG] 🎯 Célzott Forgalom Generálása (R1C1_C) | Period: 6.2923
Found 6 valid OD pairs for R1C1_C
Generating focused traffic: Period 6.2923s
[INFO] Subscriptions active: 6 (traci, fast mode)
  [ACTION PPO] R1C1_C: a0=26% (188) a1=16% (115) a2=29% (211) a3=29% (206)
[INFO] Episode duration: 3600s (60 min)

[DEBUG] 🎯 Célzott Forgalom Generálása (R1C1_C) | Period: 6.1739
Found 6 valid OD pairs for R1C1_C
Generating focused traffic: Period 6.1739s
[INFO] Subscriptions active: 6 (traci, fast mode)
  [ACTION PPO] R1C1_C: a0=27% (193) a1=15% (110) a2=26% (187) a3=32% (230)
[INFO] Episode duration: 900s (15 min)

[DEBUG] 🎯 Célzott Forgalom Generálása (R1C1_C) | Period: 5.7833
Found 6 valid OD pairs for R1C1_C
Generating focused traffic: Period 5.7833s
[INFO] Subscriptions active: 6 (traci, fast mode)
  [ACTION PPO] R1C1_C: a0=30% (213) a1=13% (94) a2=28% (203) a3=29% (210)
------------------------------------------
| rollout/                |              |
|    ep_len_mean          | 473          |
|    ep_rew_mean          | 55.3         |
| time/                   |              |
|    fps                  | 38           |
|    iterations           | 10           |
|    time_elapsed         | 526          |
|    total_timesteps      | 20480        |
| train/                  |              |
|    approx_kl            | 0.0043378742 |
|    clip_fraction        | 0.00601      |
|    clip_range           | 0.2          |
|    entropy_loss         | -1.34        |
|    explained_variance   | -0.018       |
|    learning_rate        | 0.0001       |
|    loss                 | 1.27         |
|    n_updates            | 90           |
|    policy_gradient_loss | -0.00175     |
|    value_loss           | 1.6          |
------------------------------------------
[INFO] Episode duration: 2700s (45 min)

[DEBUG] 🎯 Célzott Forgalom Generálása (R1C1_C) | Period: 6.5581
Found 6 valid OD pairs for R1C1_C
Generating focused traffic: Period 6.5581s
[INFO] Subscriptions active: 6 (traci, fast mode)
  [ACTION PPO] R1C1_C: a0=27% (48) a1=14% (25) a2=28% (50) a3=32% (57)
[INFO] Episode duration: 900s (15 min)

[DEBUG] 🎯 Célzott Forgalom Generálása (R1C1_C) | Period: 6.9097
Found 6 valid OD pairs for R1C1_C
Generating focused traffic: Period 6.9097s
[INFO] Subscriptions active: 6 (traci, fast mode)
  [ACTION PPO] R1C1_C: a0=25% (134) a1=10% (54) a2=32% (173) a3=33% (179)
[INFO] Episode duration: 2700s (45 min)

[DEBUG] 🎯 Célzott Forgalom Generálása (R1C1_C) | Period: 7.4936
Found 6 valid OD pairs for R1C1_C
Generating focused traffic: Period 7.4936s
[INFO] Subscriptions active: 6 (traci, fast mode)
  [ACTION PPO] R1C1_C: a0=27% (48) a1=10% (18) a2=32% (57) a3=32% (57)
[INFO] Episode duration: 1800s (30 min)

[DEBUG] 🎯 Célzott Forgalom Generálása (R1C1_C) | Period: 7.3015
Found 6 valid OD pairs for R1C1_C
Generating focused traffic: Period 7.3015s
[INFO] Subscriptions active: 6 (traci, fast mode)
  [ACTION PPO] R1C1_C: a0=24% (131) a1=13% (68) a2=30% (160) a3=34% (181)
[INFO] Episode duration: 2700s (45 min)

[DEBUG] 🎯 Célzott Forgalom Generálása (R1C1_C) | Period: 5.3325
Found 6 valid OD pairs for R1C1_C
Generating focused traffic: Period 5.3325s
[INFO] Subscriptions active: 6 (traci, fast mode)
  [ACTION PPO] R1C1_C: a0=26% (94) a1=12% (43) a2=28% (102) a3=34% (121)
[INFO] Episode duration: 3600s (60 min)

[DEBUG] 🎯 Célzott Forgalom Generálása (R1C1_C) | Period: 7.8343
Found 6 valid OD pairs for R1C1_C
Generating focused traffic: Period 7.8343s
[INFO] Subscriptions active: 6 (traci, fast mode)
  [ACTION PPO] R1C1_C: a0=24% (127) a1=11% (61) a2=34% (186) a3=31% (166)
[INFO] Episode duration: 3600s (60 min)

[DEBUG] 🎯 Célzott Forgalom Generálása (R1C1_C) | Period: 5.358
Found 6 valid OD pairs for R1C1_C
Generating focused traffic: Period 5.3580s
[INFO] Subscriptions active: 6 (traci, fast mode)
  [ACTION PPO] R1C1_C: a0=29% (210) a1=14% (99) a2=30% (219) a3=27% (192)
[INFO] Episode duration: 3600s (60 min)

[DEBUG] 🎯 Célzott Forgalom Generálása (R1C1_C) | Period: 7.0353
Found 6 valid OD pairs for R1C1_C
Generating focused traffic: Period 7.0353s
[INFO] Subscriptions active: 6 (traci, fast mode)
  [ACTION PPO] R1C1_C: a0=28% (203) a1=10% (69) a2=33% (240) a3=29% (208)
[INFO] Episode duration: 900s (15 min)

[DEBUG] 🎯 Célzott Forgalom Generálása (R1C1_C) | Period: 4.3016
Found 6 valid OD pairs for R1C1_C
Generating focused traffic: Period 4.3016s
[INFO] Subscriptions active: 6 (traci, fast mode)
  [ACTION PPO] R1C1_C: a0=33% (239) a1=11% (77) a2=32% (229) a3=24% (175)
[INFO] Episode duration: 1800s (30 min)

[DEBUG] 🎯 Célzott Forgalom Generálása (R1C1_C) | Period: 4.7407
Found 6 valid OD pairs for R1C1_C
Generating focused traffic: Period 4.7407s
[INFO] Subscriptions active: 6 (traci, fast mode)
  [ACTION PPO] R1C1_C: a0=39% (70) a1=14% (26) a2=22% (40) a3=24% (44)
[INFO] Episode duration: 3600s (60 min)

[DEBUG] 🎯 Célzott Forgalom Generálása (R1C1_C) | Period: 6.4226
Found 6 valid OD pairs for R1C1_C
Generating focused traffic: Period 6.4226s
[INFO] Subscriptions active: 6 (traci, fast mode)
  [ACTION PPO] R1C1_C: a0=35% (127) a1=14% (50) a2=31% (112) a3=20% (71)
[INFO] Episode duration: 900s (15 min)

[DEBUG] 🎯 Célzott Forgalom Generálása (R1C1_C) | Period: 4.6324
Found 6 valid OD pairs for R1C1_C
Generating focused traffic: Period 4.6324s
[INFO] Subscriptions active: 6 (traci, fast mode)
  [ACTION PPO] R1C1_C: a0=32% (231) a1=10% (69) a2=31% (223) a3=27% (197)
[INFO] Episode duration: 900s (15 min)

[DEBUG] 🎯 Célzott Forgalom Generálása (R1C1_C) | Period: 7.4328
Found 6 valid OD pairs for R1C1_C
Generating focused traffic: Period 7.4328s
[INFO] Subscriptions active: 6 (traci, fast mode)
  [ACTION PPO] R1C1_C: a0=39% (71) a1=8% (15) a2=33% (60) a3=19% (34)
[INFO] Episode duration: 3600s (60 min)

[DEBUG] 🎯 Célzott Forgalom Generálása (R1C1_C) | Period: 5.426
Found 6 valid OD pairs for R1C1_C
Generating focused traffic: Period 5.4260s
[INFO] Subscriptions active: 6 (traci, fast mode)
  [ACTION PPO] R1C1_C: a0=28% (51) a1=16% (28) a2=26% (46) a3=31% (55)
[INFO] Episode duration: 1800s (30 min)

[DEBUG] 🎯 Célzott Forgalom Generálása (R1C1_C) | Period: 4.7646
Found 6 valid OD pairs for R1C1_C
Generating focused traffic: Period 4.7646s
[INFO] Subscriptions active: 6 (traci, fast mode)
  [ACTION PPO] R1C1_C: a0=35% (254) a1=12% (87) a2=28% (198) a3=25% (181)
[INFO] Episode duration: 2700s (45 min)

[DEBUG] 🎯 Célzott Forgalom Generálása (R1C1_C) | Period: 7.4896
Found 6 valid OD pairs for R1C1_C
Generating focused traffic: Period 7.4896s
[INFO] Subscriptions active: 6 (traci, fast mode)
  [ACTION PPO] R1C1_C: a0=36% (128) a1=11% (41) a2=30% (108) a3=23% (83)
[INFO] Episode duration: 2700s (45 min)

[DEBUG] 🎯 Célzott Forgalom Generálása (R1C1_C) | Period: 4.1945
Found 6 valid OD pairs for R1C1_C
Generating focused traffic: Period 4.1945s
[INFO] Subscriptions active: 6 (traci, fast mode)
  [ACTION PPO] R1C1_C: a0=33% (178) a1=11% (62) a2=27% (147) a3=28% (153)
[INFO] Episode duration: 2700s (45 min)

[DEBUG] 🎯 Célzott Forgalom Generálása (R1C1_C) | Period: 4.6888
Found 6 valid OD pairs for R1C1_C
Generating focused traffic: Period 4.6888s
[INFO] Subscriptions active: 6 (traci, fast mode)
  [ACTION PPO] R1C1_C: a0=40% (214) a1=12% (64) a2=26% (142) a3=22% (120)
[INFO] Episode duration: 2700s (45 min)

[DEBUG] 🎯 Célzott Forgalom Generálása (R1C1_C) | Period: 7.0801
Found 6 valid OD pairs for R1C1_C
Generating focused traffic: Period 7.0801s
[INFO] Subscriptions active: 6 (traci, fast mode)
  [ACTION PPO] R1C1_C: a0=35% (188) a1=10% (52) a2=29% (155) a3=27% (145)
[INFO] Episode duration: 3600s (60 min)

[DEBUG] 🎯 Célzott Forgalom Generálása (R1C1_C) | Period: 5.5593
Found 6 valid OD pairs for R1C1_C
Generating focused traffic: Period 5.5593s
[INFO] Subscriptions active: 6 (traci, fast mode)
  [ACTION PPO] R1C1_C: a0=34% (181) a1=7% (39) a2=26% (143) a3=33% (177)
[INFO] Episode duration: 3600s (60 min)

[DEBUG] 🎯 Célzott Forgalom Generálása (R1C1_C) | Period: 7.5716
Found 6 valid OD pairs for R1C1_C
Generating focused traffic: Period 7.5716s
[INFO] Subscriptions active: 6 (traci, fast mode)
  [ACTION PPO] R1C1_C: a0=32% (231) a1=10% (71) a2=27% (195) a3=31% (223)
[INFO] Episode duration: 3600s (60 min)

[DEBUG] 🎯 Célzott Forgalom Generálása (R1C1_C) | Period: 7.8793
Found 6 valid OD pairs for R1C1_C
Generating focused traffic: Period 7.8793s
[INFO] Subscriptions active: 6 (traci, fast mode)
  [ACTION PPO] R1C1_C: a0=32% (227) a1=11% (81) a2=27% (192) a3=31% (220)
[INFO] Episode duration: 1800s (30 min)

[DEBUG] 🎯 Célzott Forgalom Generálása (R1C1_C) | Period: 5.0741
Found 6 valid OD pairs for R1C1_C
Generating focused traffic: Period 5.0741s
[INFO] Subscriptions active: 6 (traci, fast mode)
  [ACTION PPO] R1C1_C: a0=30% (218) a1=12% (85) a2=24% (173) a3=34% (244)
[INFO] Episode duration: 2700s (45 min)

[DEBUG] 🎯 Célzott Forgalom Generálása (R1C1_C) | Period: 4.4286
Found 6 valid OD pairs for R1C1_C
Generating focused traffic: Period 4.4286s
[INFO] Subscriptions active: 6 (traci, fast mode)
  [ACTION PPO] R1C1_C: a0=32% (116) a1=12% (44) a2=26% (94) a3=29% (106)
[INFO] Episode duration: 1800s (30 min)

[DEBUG] 🎯 Célzott Forgalom Generálása (R1C1_C) | Period: 5.1386
Found 6 valid OD pairs for R1C1_C
Generating focused traffic: Period 5.1386s
[INFO] Subscriptions active: 6 (traci, fast mode)
  [ACTION PPO] R1C1_C: a0=33% (179) a1=8% (44) a2=26% (141) a3=33% (176)
[INFO] Episode duration: 1800s (30 min)

[DEBUG] 🎯 Célzott Forgalom Generálása (R1C1_C) | Period: 5.2777
Found 6 valid OD pairs for R1C1_C
Generating focused traffic: Period 5.2777s
[INFO] Subscriptions active: 6 (traci, fast mode)
  [ACTION PPO] R1C1_C: a0=28% (100) a1=9% (34) a2=28% (102) a3=34% (124)
[INFO] Episode duration: 2700s (45 min)

[DEBUG] 🎯 Célzott Forgalom Generálása (R1C1_C) | Period: 4.3677
Found 6 valid OD pairs for R1C1_C
Generating focused traffic: Period 4.3677s
[INFO] Subscriptions active: 6 (traci, fast mode)
  [ACTION PPO] R1C1_C: a0=32% (117) a1=10% (36) a2=26% (93) a3=32% (114)
[INFO] Episode duration: 900s (15 min)

[DEBUG] 🎯 Célzott Forgalom Generálása (R1C1_C) | Period: 6.4428
Found 6 valid OD pairs for R1C1_C
Generating focused traffic: Period 6.4428s
[INFO] Subscriptions active: 6 (traci, fast mode)
  [ACTION PPO] R1C1_C: a0=29% (154) a1=8% (45) a2=25% (136) a3=38% (205)
[INFO] Episode duration: 1800s (30 min)

[DEBUG] 🎯 Célzott Forgalom Generálása (R1C1_C) | Period: 5.9151
Found 6 valid OD pairs for R1C1_C
Generating focused traffic: Period 5.9151s
[INFO] Subscriptions active: 6 (traci, fast mode)
  [ACTION PPO] R1C1_C: a0=26% (47) a1=11% (20) a2=28% (50) a3=35% (63)
[INFO] Episode duration: 1800s (30 min)

[DEBUG] 🎯 Célzott Forgalom Generálása (R1C1_C) | Period: 6.6013
Found 6 valid OD pairs for R1C1_C
Generating focused traffic: Period 6.6013s
[INFO] Subscriptions active: 6 (traci, fast mode)
  [ACTION PPO] R1C1_C: a0=28% (102) a1=8% (28) a2=26% (94) a3=38% (136)
[INFO] Episode duration: 2700s (45 min)

[DEBUG] 🎯 Célzott Forgalom Generálása (R1C1_C) | Period: 6.0313
Found 6 valid OD pairs for R1C1_C
Generating focused traffic: Period 6.0313s
[INFO] Subscriptions active: 6 (traci, fast mode)
  [ACTION PPO] R1C1_C: a0=29% (103) a1=7% (25) a2=28% (102) a3=36% (130)
[INFO] Episode duration: 900s (15 min)

[DEBUG] 🎯 Célzott Forgalom Generálása (R1C1_C) | Period: 7.8477
Found 6 valid OD pairs for R1C1_C
Generating focused traffic: Period 7.8477s
[INFO] Subscriptions active: 6 (traci, fast mode)
  [ACTION PPO] R1C1_C: a0=28% (150) a1=10% (53) a2=24% (128) a3=39% (209)
[INFO] Episode duration: 900s (15 min)

[DEBUG] 🎯 Célzott Forgalom Generálása (R1C1_C) | Period: 4.6527
Found 6 valid OD pairs for R1C1_C
Generating focused traffic: Period 4.6527s
[INFO] Subscriptions active: 6 (traci, fast mode)
  [ACTION PPO] R1C1_C: a0=29% (53) a1=9% (17) a2=19% (34) a3=42% (76)
[INFO] Episode duration: 3600s (60 min)

[DEBUG] 🎯 Célzott Forgalom Generálása (R1C1_C) | Period: 7.4381
Found 6 valid OD pairs for R1C1_C
Generating focused traffic: Period 7.4381s
[INFO] Subscriptions active: 6 (traci, fast mode)
  [ACTION PPO] R1C1_C: a0=31% (55) a1=9% (16) a2=28% (51) a3=32% (58)
[INFO] Episode duration: 2700s (45 min)

[DEBUG] 🎯 Célzott Forgalom Generálása (R1C1_C) | Period: 5.995
Found 6 valid OD pairs for R1C1_C
Generating focused traffic: Period 5.9950s
[INFO] Subscriptions active: 6 (traci, fast mode)
  [ACTION PPO] R1C1_C: a0=27% (195) a1=8% (61) a2=24% (173) a3=40% (291)
[INFO] Episode duration: 1800s (30 min)

[DEBUG] 🎯 Célzott Forgalom Generálása (R1C1_C) | Period: 5.7188
Found 6 valid OD pairs for R1C1_C
Generating focused traffic: Period 5.7188s
[INFO] Subscriptions active: 6 (traci, fast mode)
  [ACTION PPO] R1C1_C: a0=29% (154) a1=12% (63) a2=23% (122) a3=37% (201)
[INFO] Episode duration: 1800s (30 min)

[DEBUG] 🎯 Célzott Forgalom Generálása (R1C1_C) | Period: 7.9831
Found 6 valid OD pairs for R1C1_C
Generating focused traffic: Period 7.9831s
[INFO] Subscriptions active: 6 (traci, fast mode)
  [ACTION PPO] R1C1_C: a0=28% (100) a1=9% (33) a2=22% (80) a3=41% (147)
[INFO] Episode duration: 900s (15 min)

[DEBUG] 🎯 Célzott Forgalom Generálása (R1C1_C) | Period: 7.3479
Found 6 valid OD pairs for R1C1_C
Generating focused traffic: Period 7.3479s
[INFO] Subscriptions active: 6 (traci, fast mode)
  [ACTION PPO] R1C1_C: a0=24% (86) a1=11% (39) a2=23% (83) a3=42% (152)
[INFO] Episode duration: 3600s (60 min)

[DEBUG] 🎯 Célzott Forgalom Generálása (R1C1_C) | Period: 4.5576
Found 6 valid OD pairs for R1C1_C
Generating focused traffic: Period 4.5576s
[INFO] Subscriptions active: 6 (traci, fast mode)
  [ACTION PPO] R1C1_C: a0=22% (39) a1=9% (16) a2=26% (47) a3=43% (78)
[INFO] Episode duration: 3600s (60 min)

[DEBUG] 🎯 Célzott Forgalom Generálása (R1C1_C) | Period: 7.7667
Found 6 valid OD pairs for R1C1_C
Generating focused traffic: Period 7.7667s
[INFO] Subscriptions active: 6 (traci, fast mode)
  [ACTION PPO] R1C1_C: a0=28% (203) a1=12% (84) a2=22% (160) a3=38% (273)
[INFO] Episode duration: 1800s (30 min)

[DEBUG] 🎯 Célzott Forgalom Generálása (R1C1_C) | Period: 6.93
Found 6 valid OD pairs for R1C1_C
Generating focused traffic: Period 6.9300s
[INFO] Subscriptions active: 6 (traci, fast mode)
  [ACTION PPO] R1C1_C: a0=28% (203) a1=10% (73) a2=24% (173) a3=38% (271)
[INFO] Episode duration: 900s (15 min)

[DEBUG] 🎯 Célzott Forgalom Generálása (R1C1_C) | Period: 4.2717
Found 6 valid OD pairs for R1C1_C
Generating focused traffic: Period 4.2717s
[INFO] Subscriptions active: 6 (traci, fast mode)
  [ACTION PPO] R1C1_C: a0=24% (86) a1=8% (27) a2=29% (103) a3=40% (144)
[INFO] Episode duration: 2700s (45 min)

[DEBUG] 🎯 Célzott Forgalom Generálása (R1C1_C) | Period: 4.1667
Found 6 valid OD pairs for R1C1_C
Generating focused traffic: Period 4.1667s
[INFO] Subscriptions active: 6 (traci, fast mode)
  [ACTION PPO] R1C1_C: a0=29% (53) a1=8% (15) a2=26% (47) a3=36% (65)
[INFO] Episode duration: 2700s (45 min)

[DEBUG] 🎯 Célzott Forgalom Generálása (R1C1_C) | Period: 4.1528
Found 6 valid OD pairs for R1C1_C
Generating focused traffic: Period 4.1528s
[INFO] Subscriptions active: 6 (traci, fast mode)
  [ACTION PPO] R1C1_C: a0=35% (189) a1=7% (40) a2=23% (126) a3=34% (185)
------------------------------------------
| rollout/                |              |
|    ep_len_mean          | 466          |
|    ep_rew_mean          | 57.1         |
| time/                   |              |
|    fps                  | 37           |
|    iterations           | 20           |
|    time_elapsed         | 1089         |
|    total_timesteps      | 40960        |
| train/                  |              |
|    approx_kl            | 0.0036015129 |
|    clip_fraction        | 0.0159       |
|    clip_range           | 0.2          |
|    entropy_loss         | -1.27        |
|    explained_variance   | 0.0022       |
|    learning_rate        | 0.0001       |
|    loss                 | 0.934        |
|    n_updates            | 190          |
|    policy_gradient_loss | -0.00193     |
|    value_loss           | 2.2          |
------------------------------------------
[INFO] Episode duration: 2700s (45 min)

[DEBUG] 🎯 Célzott Forgalom Generálása (R1C1_C) | Period: 4.7474
Found 6 valid OD pairs for R1C1_C
Generating focused traffic: Period 4.7474s
[INFO] Subscriptions active: 6 (traci, fast mode)
  [ACTION PPO] R1C1_C: a0=32% (174) a1=11% (59) a2=23% (124) a3=34% (183)
[INFO] Episode duration: 2700s (45 min)

[DEBUG] 🎯 Célzott Forgalom Generálása (R1C1_C) | Period: 5.1387
Found 6 valid OD pairs for R1C1_C
Generating focused traffic: Period 5.1387s
[INFO] Subscriptions active: 6 (traci, fast mode)
  [ACTION PPO] R1C1_C: a0=30% (161) a1=6% (34) a2=23% (122) a3=41% (223)
[INFO] Episode duration: 1800s (30 min)

[DEBUG] 🎯 Célzott Forgalom Generálása (R1C1_C) | Period: 4.2735
Found 6 valid OD pairs for R1C1_C
Generating focused traffic: Period 4.2735s
[INFO] Subscriptions active: 6 (traci, fast mode)
  [ACTION PPO] R1C1_C: a0=30% (163) a1=9% (47) a2=23% (122) a3=39% (208)
[INFO] Episode duration: 2700s (45 min)

[DEBUG] 🎯 Célzott Forgalom Generálása (R1C1_C) | Period: 4.3476
Found 6 valid OD pairs for R1C1_C
Generating focused traffic: Period 4.3476s
[INFO] Subscriptions active: 6 (traci, fast mode)
  [ACTION PPO] R1C1_C: a0=26% (94) a1=8% (28) a2=22% (80) a3=44% (158)
[INFO] Episode duration: 3600s (60 min)

[DEBUG] 🎯 Célzott Forgalom Generálása (R1C1_C) | Period: 4.0441
Found 6 valid OD pairs for R1C1_C
Generating focused traffic: Period 4.0441s
[INFO] Subscriptions active: 6 (traci, fast mode)
  [ACTION PPO] R1C1_C: a0=30% (162) a1=9% (46) a2=22% (119) a3=39% (213)
[INFO] Episode duration: 900s (15 min)

[DEBUG] 🎯 Célzott Forgalom Generálása (R1C1_C) | Period: 4.1532
Found 6 valid OD pairs for R1C1_C
Generating focused traffic: Period 4.1532s
[INFO] Subscriptions active: 6 (traci, fast mode)
  [ACTION PPO] R1C1_C: a0=25% (177) a1=8% (58) a2=24% (174) a3=43% (311)
[INFO] Episode duration: 1800s (30 min)

[DEBUG] 🎯 Célzott Forgalom Generálása (R1C1_C) | Period: 4.6911
Found 6 valid OD pairs for R1C1_C
Generating focused traffic: Period 4.6911s
[INFO] Subscriptions active: 6 (traci, fast mode)
  [ACTION PPO] R1C1_C: a0=28% (51) a1=4% (7) a2=24% (44) a3=43% (78)
[INFO] Episode duration: 3600s (60 min)

[DEBUG] 🎯 Célzott Forgalom Generálása (R1C1_C) | Period: 4.4333
Found 6 valid OD pairs for R1C1_C
Generating focused traffic: Period 4.4333s
[INFO] Subscriptions active: 6 (traci, fast mode)
  [ACTION PPO] R1C1_C: a0=26% (94) a1=7% (24) a2=21% (77) a3=46% (165)
[INFO] Episode duration: 2700s (45 min)

[DEBUG] 🎯 Célzott Forgalom Generálása (R1C1_C) | Period: 7.2094
Found 6 valid OD pairs for R1C1_C
Generating focused traffic: Period 7.2094s
[INFO] Subscriptions active: 6 (traci, fast mode)
  [ACTION PPO] R1C1_C: a0=24% (175) a1=8% (54) a2=21% (149) a3=48% (342)
[INFO] Episode duration: 3600s (60 min)

[DEBUG] 🎯 Célzott Forgalom Generálása (R1C1_C) | Period: 4.9571
Found 6 valid OD pairs for R1C1_C
Generating focused traffic: Period 4.9571s
[INFO] Subscriptions active: 6 (traci, fast mode)
  [ACTION PPO] R1C1_C: a0=20% (109) a1=8% (43) a2=27% (146) a3=45% (242)
[INFO] Episode duration: 3600s (60 min)

[DEBUG] 🎯 Célzott Forgalom Generálása (R1C1_C) | Period: 4.9123
Found 6 valid OD pairs for R1C1_C
Generating focused traffic: Period 4.9123s
[INFO] Subscriptions active: 6 (traci, fast mode)
  [ACTION PPO] R1C1_C: a0=26% (184) a1=6% (43) a2=21% (153) a3=47% (340)
[INFO] Episode duration: 3600s (60 min)

[DEBUG] 🎯 Célzott Forgalom Generálása (R1C1_C) | Period: 6.743
Found 6 valid OD pairs for R1C1_C
Generating focused traffic: Period 6.7430s
[INFO] Subscriptions active: 6 (traci, fast mode)
  [ACTION PPO] R1C1_C: a0=23% (168) a1=8% (57) a2=23% (169) a3=45% (326)
[INFO] Episode duration: 3600s (60 min)

[DEBUG] 🎯 Célzott Forgalom Generálása (R1C1_C) | Period: 7.8422
Found 6 valid OD pairs for R1C1_C
Generating focused traffic: Period 7.8422s
[INFO] Subscriptions active: 6 (traci, fast mode)
  [ACTION PPO] R1C1_C: a0=24% (172) a1=9% (67) a2=28% (203) a3=39% (278)
[INFO] Episode duration: 1800s (30 min)

[DEBUG] 🎯 Célzott Forgalom Generálása (R1C1_C) | Period: 5.2601
Found 6 valid OD pairs for R1C1_C
Generating focused traffic: Period 5.2601s
[INFO] Subscriptions active: 6 (traci, fast mode)
  [ACTION PPO] R1C1_C: a0=19% (134) a1=8% (57) a2=35% (255) a3=38% (274)
[INFO] Episode duration: 900s (15 min)

[DEBUG] 🎯 Célzott Forgalom Generálása (R1C1_C) | Period: 5.7997
Found 6 valid OD pairs for R1C1_C
Generating focused traffic: Period 5.7997s
[INFO] Subscriptions active: 6 (traci, fast mode)
  [ACTION PPO] R1C1_C: a0=21% (76) a1=8% (29) a2=27% (97) a3=44% (158)
[INFO] Episode duration: 2700s (45 min)

[DEBUG] 🎯 Célzott Forgalom Generálása (R1C1_C) | Period: 5.5388
Found 6 valid OD pairs for R1C1_C
Generating focused traffic: Period 5.5388s
[INFO] Subscriptions active: 6 (traci, fast mode)
  [ACTION PPO] R1C1_C: a0=20% (36) a1=7% (13) a2=29% (53) a3=43% (78)
[INFO] Episode duration: 900s (15 min)

[DEBUG] 🎯 Célzott Forgalom Generálása (R1C1_C) | Period: 7.0617
Found 6 valid OD pairs for R1C1_C
Generating focused traffic: Period 7.0617s
[INFO] Subscriptions active: 6 (traci, fast mode)
  [ACTION PPO] R1C1_C: a0=26% (140) a1=7% (36) a2=30% (162) a3=37% (202)
[INFO] Episode duration: 900s (15 min)

[DEBUG] 🎯 Célzott Forgalom Generálása (R1C1_C) | Period: 5.0437
Found 6 valid OD pairs for R1C1_C
Generating focused traffic: Period 5.0437s
[INFO] Subscriptions active: 6 (traci, fast mode)
  [ACTION PPO] R1C1_C: a0=27% (49) a1=11% (19) a2=29% (53) a3=33% (59)
[INFO] Episode duration: 1800s (30 min)

[DEBUG] 🎯 Célzott Forgalom Generálása (R1C1_C) | Period: 7.7582
Found 6 valid OD pairs for R1C1_C
Generating focused traffic: Period 7.7582s
[INFO] Subscriptions active: 6 (traci, fast mode)
  [ACTION PPO] R1C1_C: a0=32% (58) a1=9% (17) a2=26% (46) a3=33% (59)
[INFO] Episode duration: 2700s (45 min)

[DEBUG] 🎯 Célzott Forgalom Generálása (R1C1_C) | Period: 6.3734
Found 6 valid OD pairs for R1C1_C
Generating focused traffic: Period 6.3734s
[INFO] Subscriptions active: 6 (traci, fast mode)
  [ACTION PPO] R1C1_C: a0=21% (74) a1=7% (25) a2=35% (126) a3=38% (135)
[INFO] Episode duration: 1800s (30 min)

[DEBUG] 🎯 Célzott Forgalom Generálása (R1C1_C) | Period: 4.5401
Found 6 valid OD pairs for R1C1_C
Generating focused traffic: Period 4.5401s
[INFO] Subscriptions active: 6 (traci, fast mode)
  [ACTION PPO] R1C1_C: a0=27% (145) a1=8% (43) a2=33% (176) a3=33% (176)
[INFO] Episode duration: 3600s (60 min)

[DEBUG] 🎯 Célzott Forgalom Generálása (R1C1_C) | Period: 6.427
Found 6 valid OD pairs for R1C1_C
Generating focused traffic: Period 6.4270s
[INFO] Subscriptions active: 6 (traci, fast mode)
  [ACTION PPO] R1C1_C: a0=38% (136) a1=6% (22) a2=29% (106) a3=27% (96)
[INFO] Episode duration: 3600s (60 min)

[DEBUG] 🎯 Célzott Forgalom Generálása (R1C1_C) | Period: 5.5019
Found 6 valid OD pairs for R1C1_C
Generating focused traffic: Period 5.5019s
[INFO] Subscriptions active: 6 (traci, fast mode)
  [ACTION PPO] R1C1_C: a0=26% (185) a1=6% (45) a2=38% (271) a3=30% (219)
[INFO] Episode duration: 900s (15 min)

[DEBUG] 🎯 Célzott Forgalom Generálása (R1C1_C) | Period: 5.5852
Found 6 valid OD pairs for R1C1_C
Generating focused traffic: Period 5.5852s
[INFO] Subscriptions active: 6 (traci, fast mode)
  [ACTION PPO] R1C1_C: a0=25% (178) a1=6% (44) a2=36% (262) a3=33% (236)
[INFO] Episode duration: 2700s (45 min)

[DEBUG] 🎯 Célzott Forgalom Generálása (R1C1_C) | Period: 5.2342
Found 6 valid OD pairs for R1C1_C
Generating focused traffic: Period 5.2342s
[INFO] Subscriptions active: 6 (traci, fast mode)
  [ACTION PPO] R1C1_C: a0=27% (49) a1=5% (9) a2=37% (67) a3=31% (55)
[INFO] Episode duration: 1800s (30 min)

[DEBUG] 🎯 Célzott Forgalom Generálása (R1C1_C) | Period: 7.6253
Found 6 valid OD pairs for R1C1_C
Generating focused traffic: Period 7.6253s
[INFO] Subscriptions active: 6 (traci, fast mode)
  [ACTION PPO] R1C1_C: a0=29% (156) a1=5% (27) a2=38% (204) a3=28% (153)
[INFO] Episode duration: 2700s (45 min)

[DEBUG] 🎯 Célzott Forgalom Generálása (R1C1_C) | Period: 6.3074
Found 6 valid OD pairs for R1C1_C
Generating focused traffic: Period 6.3074s
[INFO] Subscriptions active: 6 (traci, fast mode)
  [ACTION PPO] R1C1_C: a0=28% (99) a1=6% (21) a2=39% (142) a3=27% (98)
[INFO] Episode duration: 900s (15 min)

[DEBUG] 🎯 Célzott Forgalom Generálása (R1C1_C) | Period: 5.0999
Found 6 valid OD pairs for R1C1_C
Generating focused traffic: Period 5.0999s
[INFO] Subscriptions active: 6 (traci, fast mode)
  [ACTION PPO] R1C1_C: a0=25% (133) a1=7% (38) a2=39% (210) a3=29% (159)
[INFO] Episode duration: 1800s (30 min)

[DEBUG] 🎯 Célzott Forgalom Generálása (R1C1_C) | Period: 5.963
Found 6 valid OD pairs for R1C1_C
Generating focused traffic: Period 5.9630s
[INFO] Subscriptions active: 6 (traci, fast mode)
  [ACTION PPO] R1C1_C: a0=25% (45) a1=5% (9) a2=35% (63) a3=35% (63)
[INFO] Episode duration: 2700s (45 min)

[DEBUG] 🎯 Célzott Forgalom Generálása (R1C1_C) | Period: 7.8421
Found 6 valid OD pairs for R1C1_C
Generating focused traffic: Period 7.8421s
[INFO] Subscriptions active: 6 (traci, fast mode)
  [ACTION PPO] R1C1_C: a0=31% (111) a1=7% (24) a2=35% (127) a3=27% (98)
[INFO] Episode duration: 3600s (60 min)

[DEBUG] 🎯 Célzott Forgalom Generálása (R1C1_C) | Period: 5.8995
Found 6 valid OD pairs for R1C1_C
Generating focused traffic: Period 5.8995s
[INFO] Subscriptions active: 6 (traci, fast mode)
  [ACTION PPO] R1C1_C: a0=27% (144) a1=9% (47) a2=36% (192) a3=29% (157)
[INFO] Episode duration: 1800s (30 min)

[DEBUG] 🎯 Célzott Forgalom Generálása (R1C1_C) | Period: 6.2297
Found 6 valid OD pairs for R1C1_C
Generating focused traffic: Period 6.2297s
[INFO] Subscriptions active: 6 (traci, fast mode)
  [ACTION PPO] R1C1_C: a0=33% (235) a1=7% (52) a2=34% (246) a3=26% (187)
[INFO] Episode duration: 3600s (60 min)

[DEBUG] 🎯 Célzott Forgalom Generálása (R1C1_C) | Period: 7.2465
Found 6 valid OD pairs for R1C1_C
Generating focused traffic: Period 7.2465s
[INFO] Subscriptions active: 6 (traci, fast mode)
  [ACTION PPO] R1C1_C: a0=29% (105) a1=7% (26) a2=40% (144) a3=24% (85)
[INFO] Episode duration: 2700s (45 min)

[DEBUG] 🎯 Célzott Forgalom Generálása (R1C1_C) | Period: 7.3591
Found 6 valid OD pairs for R1C1_C
Generating focused traffic: Period 7.3591s
[INFO] Subscriptions active: 6 (traci, fast mode)
  [ACTION PPO] R1C1_C: a0=31% (220) a1=5% (36) a2=39% (281) a3=25% (183)
[INFO] Episode duration: 1800s (30 min)

[DEBUG] 🎯 Célzott Forgalom Generálása (R1C1_C) | Period: 6.5561
Found 6 valid OD pairs for R1C1_C
Generating focused traffic: Period 6.5561s
[INFO] Subscriptions active: 6 (traci, fast mode)
  [ACTION PPO] R1C1_C: a0=29% (156) a1=7% (39) a2=37% (202) a3=26% (143)
[INFO] Episode duration: 900s (15 min)

[DEBUG] 🎯 Célzott Forgalom Generálása (R1C1_C) | Period: 4.1314
Found 6 valid OD pairs for R1C1_C
Generating focused traffic: Period 4.1314s
[INFO] Subscriptions active: 6 (traci, fast mode)
  [ACTION PPO] R1C1_C: a0=34% (124) a1=6% (22) a2=40% (143) a3=20% (71)
[INFO] Episode duration: 1800s (30 min)

[DEBUG] 🎯 Célzott Forgalom Generálása (R1C1_C) | Period: 7.9723
Found 6 valid OD pairs for R1C1_C
Generating focused traffic: Period 7.9723s
[INFO] Subscriptions active: 6 (traci, fast mode)
  [ACTION PPO] R1C1_C: a0=31% (56) a1=7% (12) a2=41% (74) a3=21% (38)
[INFO] Episode duration: 2700s (45 min)

[DEBUG] 🎯 Célzott Forgalom Generálása (R1C1_C) | Period: 4.507
Found 6 valid OD pairs for R1C1_C
Generating focused traffic: Period 4.5070s
[INFO] Subscriptions active: 6 (traci, fast mode)
  [ACTION PPO] R1C1_C: a0=27% (98) a1=8% (27) a2=43% (156) a3=22% (79)
[INFO] Episode duration: 2700s (45 min)

[DEBUG] 🎯 Célzott Forgalom Generálása (R1C1_C) | Period: 7.0896
Found 6 valid OD pairs for R1C1_C
Generating focused traffic: Period 7.0896s
[INFO] Subscriptions active: 6 (traci, fast mode)
  [ACTION PPO] R1C1_C: a0=39% (209) a1=5% (26) a2=32% (173) a3=24% (132)
[INFO] Episode duration: 2700s (45 min)

[DEBUG] 🎯 Célzott Forgalom Generálása (R1C1_C) | Period: 6.2976
Found 6 valid OD pairs for R1C1_C
Generating focused traffic: Period 6.2976s
[INFO] Subscriptions active: 6 (traci, fast mode)
  [ACTION PPO] R1C1_C: a0=35% (189) a1=5% (25) a2=37% (200) a3=23% (126)
[INFO] Episode duration: 900s (15 min)

[DEBUG] 🎯 Célzott Forgalom Generálása (R1C1_C) | Period: 5.252
Found 6 valid OD pairs for R1C1_C
Generating focused traffic: Period 5.2520s
[INFO] Subscriptions active: 6 (traci, fast mode)
  [ACTION PPO] R1C1_C: a0=32% (175) a1=8% (42) a2=32% (174) a3=28% (149)
[INFO] Episode duration: 1800s (30 min)

[DEBUG] 🎯 Célzott Forgalom Generálása (R1C1_C) | Period: 7.8989
Found 6 valid OD pairs for R1C1_C
Generating focused traffic: Period 7.8989s
[INFO] Subscriptions active: 6 (traci, fast mode)
  [ACTION PPO] R1C1_C: a0=33% (60) a1=6% (11) a2=39% (70) a3=22% (39)
[INFO] Episode duration: 2700s (45 min)

[DEBUG] 🎯 Célzott Forgalom Generálása (R1C1_C) | Period: 7.2365
Found 6 valid OD pairs for R1C1_C
Generating focused traffic: Period 7.2365s
[INFO] Subscriptions active: 6 (traci, fast mode)
  [ACTION PPO] R1C1_C: a0=25% (90) a1=9% (32) a2=38% (138) a3=28% (100)
[INFO] Episode duration: 1800s (30 min)

[DEBUG] 🎯 Célzott Forgalom Generálása (R1C1_C) | Period: 5.7184
Found 6 valid OD pairs for R1C1_C
Generating focused traffic: Period 5.7184s
[INFO] Subscriptions active: 6 (traci, fast mode)
  [ACTION PPO] R1C1_C: a0=32% (171) a1=7% (36) a2=38% (204) a3=24% (129)
------------------------------------------
| rollout/                |              |
|    ep_len_mean          | 472          |
|    ep_rew_mean          | 61.9         |
| time/                   |              |
|    fps                  | 38           |
|    iterations           | 30           |
|    time_elapsed         | 1591         |
|    total_timesteps      | 61440        |
| train/                  |              |
|    approx_kl            | 0.0073762527 |
|    clip_fraction        | 0.018        |
|    clip_range           | 0.2          |
|    entropy_loss         | -1.18        |
|    explained_variance   | 0.0252       |
|    learning_rate        | 0.0001       |
|    loss                 | 2.05         |
|    n_updates            | 290          |
|    policy_gradient_loss | -0.00286     |
|    value_loss           | 2.93         |
------------------------------------------
[INFO] Episode duration: 900s (15 min)

[DEBUG] 🎯 Célzott Forgalom Generálása (R1C1_C) | Period: 4.9928
Found 6 valid OD pairs for R1C1_C
Generating focused traffic: Period 4.9928s
[INFO] Subscriptions active: 6 (traci, fast mode)
  [ACTION PPO] R1C1_C: a0=37% (134) a1=6% (21) a2=31% (112) a3=26% (93)
[INFO] Episode duration: 1800s (30 min)

[DEBUG] 🎯 Célzott Forgalom Generálása (R1C1_C) | Period: 6.4159
Found 6 valid OD pairs for R1C1_C
Generating focused traffic: Period 6.4159s
[INFO] Subscriptions active: 6 (traci, fast mode)
  [ACTION PPO] R1C1_C: a0=36% (64) a1=7% (12) a2=35% (63) a3=23% (41)
[INFO] Episode duration: 3600s (60 min)

[DEBUG] 🎯 Célzott Forgalom Generálása (R1C1_C) | Period: 4.6361
Found 6 valid OD pairs for R1C1_C
Generating focused traffic: Period 4.6361s
[INFO] Subscriptions active: 6 (traci, fast mode)
  [ACTION PPO] R1C1_C: a0=31% (112) a1=7% (26) a2=33% (119) a3=29% (103)
[INFO] Episode duration: 2700s (45 min)

[DEBUG] 🎯 Célzott Forgalom Generálása (R1C1_C) | Period: 7.355
Found 6 valid OD pairs for R1C1_C
Generating focused traffic: Period 7.3550s
[INFO] Subscriptions active: 6 (traci, fast mode)
  [ACTION PPO] R1C1_C: a0=37% (269) a1=7% (47) a2=31% (222) a3=25% (182)
[INFO] Episode duration: 1800s (30 min)

[DEBUG] 🎯 Célzott Forgalom Generálása (R1C1_C) | Period: 5.1172
Found 6 valid OD pairs for R1C1_C
Generating focused traffic: Period 5.1172s
[INFO] Subscriptions active: 6 (traci, fast mode)
  [ACTION PPO] R1C1_C: a0=32% (175) a1=8% (44) a2=34% (182) a3=26% (139)
[INFO] Episode duration: 2700s (45 min)

[DEBUG] 🎯 Célzott Forgalom Generálása (R1C1_C) | Period: 7.185
Found 6 valid OD pairs for R1C1_C
Generating focused traffic: Period 7.1850s
[INFO] Subscriptions active: 6 (traci, fast mode)
  [ACTION PPO] R1C1_C: a0=41% (146) a1=5% (17) a2=30% (108) a3=25% (89)
[INFO] Episode duration: 3600s (60 min)

[DEBUG] 🎯 Célzott Forgalom Generálása (R1C1_C) | Period: 5.6646
Found 6 valid OD pairs for R1C1_C
Generating focused traffic: Period 5.6646s
[INFO] Subscriptions active: 6 (traci, fast mode)
  [ACTION PPO] R1C1_C: a0=27% (146) a1=7% (37) a2=36% (196) a3=30% (161)
[INFO] Episode duration: 900s (15 min)

[DEBUG] 🎯 Célzott Forgalom Generálása (R1C1_C) | Period: 4.9838
Found 6 valid OD pairs for R1C1_C
Generating focused traffic: Period 4.9838s
[INFO] Subscriptions active: 6 (traci, fast mode)
  [ACTION PPO] R1C1_C: a0=39% (278) a1=4% (31) a2=34% (243) a3=23% (168)
[INFO] Episode duration: 1800s (30 min)

[DEBUG] 🎯 Célzott Forgalom Generálása (R1C1_C) | Period: 4.6586
Found 6 valid OD pairs for R1C1_C
Generating focused traffic: Period 4.6586s
[INFO] Subscriptions active: 6 (traci, fast mode)
  [ACTION PPO] R1C1_C: a0=41% (73) a1=4% (7) a2=29% (53) a3=26% (47)
[INFO] Episode duration: 900s (15 min)

[DEBUG] 🎯 Célzott Forgalom Generálása (R1C1_C) | Period: 5.4205
Found 6 valid OD pairs for R1C1_C
Generating focused traffic: Period 5.4205s
[INFO] Subscriptions active: 6 (traci, fast mode)
  [ACTION PPO] R1C1_C: a0=38% (136) a1=4% (16) a2=34% (122) a3=24% (86)
[INFO] Episode duration: 1800s (30 min)

[DEBUG] 🎯 Célzott Forgalom Generálása (R1C1_C) | Period: 6.3064
Found 6 valid OD pairs for R1C1_C
Generating focused traffic: Period 6.3064s
[INFO] Subscriptions active: 6 (traci, fast mode)
  [ACTION PPO] R1C1_C: a0=33% (59) a1=5% (9) a2=32% (57) a3=31% (55)
[INFO] Episode duration: 2700s (45 min)

[DEBUG] 🎯 Célzott Forgalom Generálása (R1C1_C) | Period: 6.2645
Found 6 valid OD pairs for R1C1_C
Generating focused traffic: Period 6.2645s
[INFO] Subscriptions active: 6 (traci, fast mode)
  [ACTION PPO] R1C1_C: a0=29% (105) a1=6% (23) a2=30% (109) a3=34% (123)
[INFO] Episode duration: 3600s (60 min)

[DEBUG] 🎯 Célzott Forgalom Generálása (R1C1_C) | Period: 4.5531
Found 6 valid OD pairs for R1C1_C
Generating focused traffic: Period 4.5531s
[INFO] Subscriptions active: 6 (traci, fast mode)
  [ACTION PPO] R1C1_C: a0=34% (184) a1=6% (31) a2=27% (145) a3=33% (180)
[INFO] Episode duration: 900s (15 min)

[DEBUG] 🎯 Célzott Forgalom Generálása (R1C1_C) | Period: 4.3784
Found 6 valid OD pairs for R1C1_C
Generating focused traffic: Period 4.3784s
[INFO] Subscriptions active: 6 (traci, fast mode)
  [ACTION PPO] R1C1_C: a0=38% (277) a1=3% (25) a2=29% (208) a3=29% (210)
[INFO] Episode duration: 3600s (60 min)

[DEBUG] 🎯 Célzott Forgalom Generálása (R1C1_C) | Period: 5.0546
Found 6 valid OD pairs for R1C1_C
Generating focused traffic: Period 5.0546s
[INFO] Subscriptions active: 6 (traci, fast mode)
  [ACTION PPO] R1C1_C: a0=44% (80) a1=4% (8) a2=22% (39) a3=29% (53)
[INFO] Episode duration: 2700s (45 min)

[DEBUG] 🎯 Célzott Forgalom Generálása (R1C1_C) | Period: 5.6465
Found 6 valid OD pairs for R1C1_C
Generating focused traffic: Period 5.6465s
[INFO] Subscriptions active: 6 (traci, fast mode)
  [ACTION PPO] R1C1_C: a0=42% (299) a1=3% (21) a2=32% (227) a3=24% (173)
[INFO] Episode duration: 2700s (45 min)

[DEBUG] 🎯 Célzott Forgalom Generálása (R1C1_C) | Period: 7.8466
Found 6 valid OD pairs for R1C1_C
Generating focused traffic: Period 7.8466s
[INFO] Subscriptions active: 6 (traci, fast mode)
  [ACTION PPO] R1C1_C: a0=41% (219) a1=3% (17) a2=30% (162) a3=26% (142)
[INFO] Episode duration: 900s (15 min)

[DEBUG] 🎯 Célzott Forgalom Generálása (R1C1_C) | Period: 5.7385
Found 6 valid OD pairs for R1C1_C
Generating focused traffic: Period 5.7385s
[INFO] Subscriptions active: 6 (traci, fast mode)
  [ACTION PPO] R1C1_C: a0=29% (154) a1=6% (32) a2=35% (189) a3=31% (165)
[INFO] Episode duration: 1800s (30 min)

[DEBUG] 🎯 Célzott Forgalom Generálása (R1C1_C) | Period: 6.3227
Found 6 valid OD pairs for R1C1_C
Generating focused traffic: Period 6.3227s
[INFO] Subscriptions active: 6 (traci, fast mode)
  [ACTION PPO] R1C1_C: a0=43% (78) a1=6% (10) a2=26% (46) a3=26% (46)
[INFO] Episode duration: 900s (15 min)

[DEBUG] 🎯 Célzott Forgalom Generálása (R1C1_C) | Period: 4.0954
Found 6 valid OD pairs for R1C1_C
Generating focused traffic: Period 4.0954s
[INFO] Subscriptions active: 6 (traci, fast mode)
  [ACTION PPO] R1C1_C: a0=34% (124) a1=4% (15) a2=41% (147) a3=21% (74)
[INFO] Episode duration: 1800s (30 min)

[DEBUG] 🎯 Célzott Forgalom Generálása (R1C1_C) | Period: 7.3247
Found 6 valid OD pairs for R1C1_C
Generating focused traffic: Period 7.3247s
[INFO] Subscriptions active: 6 (traci, fast mode)
  [ACTION PPO] R1C1_C: a0=36% (64) a1=7% (12) a2=39% (70) a3=19% (34)
[INFO] Episode duration: 900s (15 min)

[DEBUG] 🎯 Célzott Forgalom Generálása (R1C1_C) | Period: 7.9326
Found 6 valid OD pairs for R1C1_C
Generating focused traffic: Period 7.9326s
[INFO] Subscriptions active: 6 (traci, fast mode)
  [ACTION PPO] R1C1_C: a0=33% (120) a1=7% (26) a2=35% (126) a3=24% (88)
[INFO] Episode duration: 2700s (45 min)

[DEBUG] 🎯 Célzott Forgalom Generálása (R1C1_C) | Period: 6.6414
Found 6 valid OD pairs for R1C1_C
Generating focused traffic: Period 6.6414s
[INFO] Subscriptions active: 6 (traci, fast mode)
  [ACTION PPO] R1C1_C: a0=25% (45) a1=4% (7) a2=43% (77) a3=28% (51)
[INFO] Episode duration: 3600s (60 min)

[DEBUG] 🎯 Célzott Forgalom Generálása (R1C1_C) | Period: 6.9494
Found 6 valid OD pairs for R1C1_C
Generating focused traffic: Period 6.9494s
[INFO] Subscriptions active: 6 (traci, fast mode)
  [ACTION PPO] R1C1_C: a0=41% (224) a1=5% (25) a2=35% (189) a3=19% (102)
[INFO] Episode duration: 2700s (45 min)

[DEBUG] 🎯 Célzott Forgalom Generálása (R1C1_C) | Period: 6.5906
Found 6 valid OD pairs for R1C1_C
Generating focused traffic: Period 6.5906s
[INFO] Subscriptions active: 6 (traci, fast mode)
  [ACTION PPO] R1C1_C: a0=38% (275) a1=5% (36) a2=35% (253) a3=22% (156)
[INFO] Episode duration: 2700s (45 min)

[DEBUG] 🎯 Célzott Forgalom Generálása (R1C1_C) | Period: 4.6145
Found 6 valid OD pairs for R1C1_C
Generating focused traffic: Period 4.6145s
[INFO] Subscriptions active: 6 (traci, fast mode)
  [ACTION PPO] R1C1_C: a0=39% (209) a1=4% (19) a2=38% (204) a3=20% (108)
[INFO] Episode duration: 900s (15 min)

[DEBUG] 🎯 Célzott Forgalom Generálása (R1C1_C) | Period: 5.9646
Found 6 valid OD pairs for R1C1_C
Generating focused traffic: Period 5.9646s
[INFO] Subscriptions active: 6 (traci, fast mode)
  [ACTION PPO] R1C1_C: a0=51% (274) a1=4% (23) a2=29% (158) a3=16% (85)
[INFO] Episode duration: 2700s (45 min)

[DEBUG] 🎯 Célzott Forgalom Generálása (R1C1_C) | Period: 4.798
Found 6 valid OD pairs for R1C1_C
Generating focused traffic: Period 4.7980s
[INFO] Subscriptions active: 6 (traci, fast mode)
  [ACTION PPO] R1C1_C: a0=36% (65) a1=4% (8) a2=38% (68) a3=22% (39)
[INFO] Episode duration: 900s (15 min)

[DEBUG] 🎯 Célzott Forgalom Generálása (R1C1_C) | Period: 6.4536
Found 6 valid OD pairs for R1C1_C
Generating focused traffic: Period 6.4536s
[INFO] Subscriptions active: 6 (traci, fast mode)
  [ACTION PPO] R1C1_C: a0=45% (245) a1=4% (20) a2=34% (181) a3=17% (94)
[INFO] Episode duration: 1800s (30 min)

[DEBUG] 🎯 Célzott Forgalom Generálása (R1C1_C) | Period: 6.0809
Found 6 valid OD pairs for R1C1_C
Generating focused traffic: Period 6.0809s
[INFO] Subscriptions active: 6 (traci, fast mode)
  [ACTION PPO] R1C1_C: a0=37% (67) a1=5% (9) a2=36% (65) a3=22% (39)
[INFO] Episode duration: 900s (15 min)

[DEBUG] 🎯 Célzott Forgalom Generálása (R1C1_C) | Period: 6.336
Found 6 valid OD pairs for R1C1_C
Generating focused traffic: Period 6.3360s
[INFO] Subscriptions active: 6 (traci, fast mode)
  [ACTION PPO] R1C1_C: a0=43% (154) a1=2% (7) a2=35% (127) a3=20% (72)
[INFO] Episode duration: 2700s (45 min)

[DEBUG] 🎯 Célzott Forgalom Generálása (R1C1_C) | Period: 6.0963
Found 6 valid OD pairs for R1C1_C
Generating focused traffic: Period 6.0963s
[INFO] Subscriptions active: 6 (traci, fast mode)
  [ACTION PPO] R1C1_C: a0=48% (87) a1=2% (3) a2=33% (59) a3=17% (31)
[INFO] Episode duration: 900s (15 min)

[DEBUG] 🎯 Célzott Forgalom Generálása (R1C1_C) | Period: 7.1421
Found 6 valid OD pairs for R1C1_C
Generating focused traffic: Period 7.1421s
[INFO] Subscriptions active: 6 (traci, fast mode)
  [ACTION PPO] R1C1_C: a0=46% (247) a1=2% (10) a2=33% (179) a3=19% (104)
[INFO] Episode duration: 900s (15 min)

[DEBUG] 🎯 Célzott Forgalom Generálása (R1C1_C) | Period: 7.0299
Found 6 valid OD pairs for R1C1_C
Generating focused traffic: Period 7.0299s
[INFO] Subscriptions active: 6 (traci, fast mode)
  [ACTION PPO] R1C1_C: a0=46% (83) a1=4% (7) a2=36% (65) a3=14% (25)
[INFO] Episode duration: 900s (15 min)

[DEBUG] 🎯 Célzott Forgalom Generálása (R1C1_C) | Period: 5.3718
Found 6 valid OD pairs for R1C1_C
Generating focused traffic: Period 5.3718s
[INFO] Subscriptions active: 6 (traci, fast mode)
  [ACTION PPO] R1C1_C: a0=51% (92) a1=2% (4) a2=30% (54) a3=17% (30)
[INFO] Episode duration: 3600s (60 min)

[DEBUG] 🎯 Célzott Forgalom Generálása (R1C1_C) | Period: 5.2843
Found 6 valid OD pairs for R1C1_C
Generating focused traffic: Period 5.2843s
[INFO] Subscriptions active: 6 (traci, fast mode)
  [ACTION PPO] R1C1_C: a0=46% (82) a1=2% (4) a2=33% (59) a3=19% (35)
[INFO] Episode duration: 2700s (45 min)

[DEBUG] 🎯 Célzott Forgalom Generálása (R1C1_C) | Period: 4.1383
Found 6 valid OD pairs for R1C1_C
Generating focused traffic: Period 4.1383s
[INFO] Subscriptions active: 6 (traci, fast mode)
  [ACTION PPO] R1C1_C: a0=48% (345) a1=3% (24) a2=31% (223) a3=18% (128)
[INFO] Episode duration: 900s (15 min)

[DEBUG] 🎯 Célzott Forgalom Generálása (R1C1_C) | Period: 7.6765
Found 6 valid OD pairs for R1C1_C
Generating focused traffic: Period 7.6765s
[INFO] Subscriptions active: 6 (traci, fast mode)
  [ACTION PPO] R1C1_C: a0=48% (257) a1=3% (18) a2=31% (168) a3=18% (97)
[INFO] Episode duration: 3600s (60 min)

[DEBUG] 🎯 Célzott Forgalom Generálása (R1C1_C) | Period: 4.6092
Found 6 valid OD pairs for R1C1_C
Generating focused traffic: Period 4.6092s
[INFO] Subscriptions active: 6 (traci, fast mode)
  [ACTION PPO] R1C1_C: a0=55% (99) a1=4% (7) a2=27% (48) a3=14% (26)
[INFO] Episode duration: 900s (15 min)

[DEBUG] 🎯 Célzott Forgalom Generálása (R1C1_C) | Period: 7.1089
Found 6 valid OD pairs for R1C1_C
Generating focused traffic: Period 7.1089s
[INFO] Subscriptions active: 6 (traci, fast mode)
  [ACTION PPO] R1C1_C: a0=52% (374) a1=3% (24) a2=27% (196) a3=18% (126)
[INFO] Episode duration: 900s (15 min)

[DEBUG] 🎯 Célzott Forgalom Generálása (R1C1_C) | Period: 5.2124
Found 6 valid OD pairs for R1C1_C
Generating focused traffic: Period 5.2124s
[INFO] Subscriptions active: 6 (traci, fast mode)
  [ACTION PPO] R1C1_C: a0=36% (64) a1=7% (12) a2=37% (67) a3=21% (37)
[INFO] Episode duration: 900s (15 min)

[DEBUG] 🎯 Célzott Forgalom Generálása (R1C1_C) | Period: 7.9651
Found 6 valid OD pairs for R1C1_C
Generating focused traffic: Period 7.9651s
[INFO] Subscriptions active: 6 (traci, fast mode)
  [ACTION PPO] R1C1_C: a0=56% (100) a1=2% (3) a2=28% (51) a3=14% (26)
[INFO] Episode duration: 3600s (60 min)

[DEBUG] 🎯 Célzott Forgalom Generálása (R1C1_C) | Period: 5.9404
Found 6 valid OD pairs for R1C1_C
Generating focused traffic: Period 5.9404s
[INFO] Subscriptions active: 6 (traci, fast mode)
  [ACTION PPO] R1C1_C: a0=36% (64) a1=5% (9) a2=36% (65) a3=23% (42)
[INFO] Episode duration: 3600s (60 min)

[DEBUG] 🎯 Célzott Forgalom Generálása (R1C1_C) | Period: 6.599
Found 6 valid OD pairs for R1C1_C
Generating focused traffic: Period 6.5990s
[INFO] Subscriptions active: 6 (traci, fast mode)
  [ACTION PPO] R1C1_C: a0=46% (330) a1=5% (34) a2=35% (250) a3=15% (106)
[INFO] Episode duration: 3600s (60 min)

[DEBUG] 🎯 Célzott Forgalom Generálása (R1C1_C) | Period: 7.6842
Found 6 valid OD pairs for R1C1_C
Generating focused traffic: Period 7.6842s
[INFO] Subscriptions active: 6 (traci, fast mode)
  [ACTION PPO] R1C1_C: a0=39% (282) a1=4% (31) a2=40% (287) a3=17% (120)
[INFO] Episode duration: 1800s (30 min)

[DEBUG] 🎯 Célzott Forgalom Generálása (R1C1_C) | Period: 5.9773
Found 6 valid OD pairs for R1C1_C
Generating focused traffic: Period 5.9773s
[INFO] Subscriptions active: 6 (traci, fast mode)
  [ACTION PPO] R1C1_C: a0=40% (286) a1=4% (32) a2=40% (288) a3=16% (114)
[INFO] Episode duration: 3600s (60 min)

[DEBUG] 🎯 Célzott Forgalom Generálása (R1C1_C) | Period: 6.7565
Found 6 valid OD pairs for R1C1_C
Generating focused traffic: Period 6.7565s
[INFO] Subscriptions active: 6 (traci, fast mode)
  [ACTION PPO] R1C1_C: a0=37% (134) a1=5% (18) a2=38% (137) a3=20% (71)
[INFO] Episode duration: 2700s (45 min)

[DEBUG] 🎯 Célzott Forgalom Generálása (R1C1_C) | Period: 4.6649
Found 6 valid OD pairs for R1C1_C
Generating focused traffic: Period 4.6649s
[INFO] Subscriptions active: 6 (traci, fast mode)
  [ACTION PPO] R1C1_C: a0=37% (265) a1=3% (23) a2=40% (290) a3=20% (142)
[INFO] Episode duration: 1800s (30 min)

[DEBUG] 🎯 Célzott Forgalom Generálása (R1C1_C) | Period: 4.8494
Found 6 valid OD pairs for R1C1_C
Generating focused traffic: Period 4.8494s
[INFO] Subscriptions active: 6 (traci, fast mode)
  [ACTION PPO] R1C1_C: a0=49% (267) a1=3% (14) a2=31% (167) a3=17% (92)
----------------------------------------
| rollout/                |            |
|    ep_len_mean          | 445        |
|    ep_rew_mean          | 60.9       |
| time/                   |            |
|    fps                  | 38         |
|    iterations           | 40         |
|    time_elapsed         | 2121       |
|    total_timesteps      | 81920      |
| train/                  |            |
|    approx_kl            | 0.00783962 |
|    clip_fraction        | 0.0525     |
|    clip_range           | 0.2        |
|    entropy_loss         | -1.11      |
|    explained_variance   | 0.0136     |
|    learning_rate        | 0.0001     |
|    loss                 | 0.189      |
|    n_updates            | 390        |
|    policy_gradient_loss | -0.00578   |
|    value_loss           | 2.25       |
----------------------------------------
[INFO] Episode duration: 2700s (45 min)

[DEBUG] 🎯 Célzott Forgalom Generálása (R1C1_C) | Period: 7.9645
Found 6 valid OD pairs for R1C1_C
Generating focused traffic: Period 7.9645s
[INFO] Subscriptions active: 6 (traci, fast mode)
  [ACTION PPO] R1C1_C: a0=50% (181) a1=2% (9) a2=30% (108) a3=17% (62)
[INFO] Episode duration: 2700s (45 min)

[DEBUG] 🎯 Célzott Forgalom Generálása (R1C1_C) | Period: 5.0019
Found 6 valid OD pairs for R1C1_C
Generating focused traffic: Period 5.0019s
[INFO] Subscriptions active: 6 (traci, fast mode)
  [ACTION PPO] R1C1_C: a0=34% (181) a1=5% (27) a2=39% (211) a3=22% (121)
[INFO] Episode duration: 2700s (45 min)

[DEBUG] 🎯 Célzott Forgalom Generálása (R1C1_C) | Period: 7.3164
Found 6 valid OD pairs for R1C1_C
Generating focused traffic: Period 7.3164s
[INFO] Subscriptions active: 6 (traci, fast mode)
  [ACTION PPO] R1C1_C: a0=43% (230) a1=4% (19) a2=34% (184) a3=20% (107)
[INFO] Episode duration: 1800s (30 min)

[DEBUG] 🎯 Célzott Forgalom Generálása (R1C1_C) | Period: 6.0113
Found 6 valid OD pairs for R1C1_C
Generating focused traffic: Period 6.0113s
[INFO] Subscriptions active: 6 (traci, fast mode)
  [ACTION PPO] R1C1_C: a0=38% (203) a1=4% (24) a2=35% (191) a3=23% (122)
[INFO] Episode duration: 2700s (45 min)

[DEBUG] 🎯 Célzott Forgalom Generálása (R1C1_C) | Period: 4.7328
Found 6 valid OD pairs for R1C1_C
Generating focused traffic: Period 4.7328s
[INFO] Subscriptions active: 6 (traci, fast mode)
  [ACTION PPO] R1C1_C: a0=32% (114) a1=4% (15) a2=40% (144) a3=24% (87)
[INFO] Episode duration: 900s (15 min)

[DEBUG] 🎯 Célzott Forgalom Generálása (R1C1_C) | Period: 5.351
Found 6 valid OD pairs for R1C1_C
Generating focused traffic: Period 5.3510s
[INFO] Subscriptions active: 6 (traci, fast mode)
  [ACTION PPO] R1C1_C: a0=45% (245) a1=4% (22) a2=31% (165) a3=20% (108)
[INFO] Episode duration: 3600s (60 min)

[DEBUG] 🎯 Célzott Forgalom Generálása (R1C1_C) | Period: 7.45
Found 6 valid OD pairs for R1C1_C
Generating focused traffic: Period 7.4500s
[INFO] Subscriptions active: 6 (traci, fast mode)
  [ACTION PPO] R1C1_C: a0=31% (55) a1=7% (12) a2=39% (71) a3=23% (42)
[INFO] Episode duration: 900s (15 min)

[DEBUG] 🎯 Célzott Forgalom Generálása (R1C1_C) | Period: 6.6902
Found 6 valid OD pairs for R1C1_C
Generating focused traffic: Period 6.6902s
[INFO] Subscriptions active: 6 (traci, fast mode)
  [ACTION PPO] R1C1_C: a0=32% (230) a1=4% (28) a2=38% (272) a3=26% (190)
[INFO] Episode duration: 900s (15 min)

[DEBUG] 🎯 Célzott Forgalom Generálása (R1C1_C) | Period: 5.4652
Found 6 valid OD pairs for R1C1_C
Generating focused traffic: Period 5.4652s
[INFO] Subscriptions active: 6 (traci, fast mode)
  [ACTION PPO] R1C1_C: a0=27% (48) a1=6% (10) a2=42% (76) a3=26% (46)
[INFO] Episode duration: 900s (15 min)

[DEBUG] 🎯 Célzott Forgalom Generálása (R1C1_C) | Period: 7.1219
Found 6 valid OD pairs for R1C1_C
Generating focused traffic: Period 7.1219s
[INFO] Subscriptions active: 6 (traci, fast mode)
  [ACTION PPO] R1C1_C: a0=41% (73) a1=2% (4) a2=35% (63) a3=22% (40)
[INFO] Episode duration: 1800s (30 min)

[DEBUG] 🎯 Célzott Forgalom Generálása (R1C1_C) | Period: 4.8083
Found 6 valid OD pairs for R1C1_C
Generating focused traffic: Period 4.8083s
[INFO] Subscriptions active: 6 (traci, fast mode)
  [ACTION PPO] R1C1_C: a0=33% (60) a1=2% (3) a2=36% (64) a3=29% (53)
[INFO] Episode duration: 900s (15 min)

[DEBUG] 🎯 Célzott Forgalom Generálása (R1C1_C) | Period: 5.7201
Found 6 valid OD pairs for R1C1_C
Generating focused traffic: Period 5.7201s
[INFO] Subscriptions active: 6 (traci, fast mode)
  [ACTION PPO] R1C1_C: a0=48% (171) a1=3% (12) a2=28% (99) a3=22% (78)
[INFO] Episode duration: 3600s (60 min)

[DEBUG] 🎯 Célzott Forgalom Generálása (R1C1_C) | Period: 6.6127
Found 6 valid OD pairs for R1C1_C
Generating focused traffic: Period 6.6127s
[INFO] Subscriptions active: 6 (traci, fast mode)
  [ACTION PPO] R1C1_C: a0=38% (68) a1=1% (2) a2=37% (66) a3=24% (44)
[INFO] Episode duration: 2700s (45 min)

[DEBUG] 🎯 Célzott Forgalom Generálása (R1C1_C) | Period: 5.5965
Found 6 valid OD pairs for R1C1_C
Generating focused traffic: Period 5.5965s
[INFO] Subscriptions active: 6 (traci, fast mode)
  [ACTION PPO] R1C1_C: a0=37% (267) a1=3% (20) a2=35% (254) a3=25% (179)
[INFO] Episode duration: 900s (15 min)

[DEBUG] 🎯 Célzott Forgalom Generálása (R1C1_C) | Period: 5.4178
Found 6 valid OD pairs for R1C1_C
Generating focused traffic: Period 5.4178s
[INFO] Subscriptions active: 6 (traci, fast mode)
  [ACTION PPO] R1C1_C: a0=43% (232) a1=3% (14) a2=29% (155) a3=26% (139)
[INFO] Episode duration: 1800s (30 min)

[DEBUG] 🎯 Célzott Forgalom Generálása (R1C1_C) | Period: 5.276
Found 6 valid OD pairs for R1C1_C
Generating focused traffic: Period 5.2760s
[INFO] Subscriptions active: 6 (traci, fast mode)
  [ACTION PPO] R1C1_C: a0=44% (80) a1=3% (6) a2=34% (61) a3=18% (33)
[INFO] Episode duration: 900s (15 min)

[DEBUG] 🎯 Célzott Forgalom Generálása (R1C1_C) | Period: 4.9145
Found 6 valid OD pairs for R1C1_C
Generating focused traffic: Period 4.9145s
[INFO] Subscriptions active: 6 (traci, fast mode)
  [ACTION PPO] R1C1_C: a0=37% (133) a1=3% (11) a2=38% (135) a3=22% (81)
[INFO] Episode duration: 3600s (60 min)

[DEBUG] 🎯 Célzott Forgalom Generálása (R1C1_C) | Period: 6.8979
Found 6 valid OD pairs for R1C1_C
Generating focused traffic: Period 6.8979s
[INFO] Subscriptions active: 6 (traci, fast mode)
  [ACTION PPO] R1C1_C: a0=38% (69) a1=5% (9) a2=36% (64) a3=21% (38)
[INFO] Episode duration: 1800s (30 min)

[DEBUG] 🎯 Célzott Forgalom Generálása (R1C1_C) | Period: 6.8379
Found 6 valid OD pairs for R1C1_C
Generating focused traffic: Period 6.8379s
[INFO] Subscriptions active: 6 (traci, fast mode)
  [ACTION PPO] R1C1_C: a0=34% (243) a1=4% (29) a2=34% (243) a3=28% (205)
[INFO] Episode duration: 1800s (30 min)

[DEBUG] 🎯 Célzott Forgalom Generálása (R1C1_C) | Period: 4.3031
Found 6 valid OD pairs for R1C1_C
Generating focused traffic: Period 4.3031s
[INFO] Subscriptions active: 6 (traci, fast mode)
  [ACTION PPO] R1C1_C: a0=37% (132) a1=2% (9) a2=36% (129) a3=25% (90)
[INFO] Episode duration: 1800s (30 min)

[DEBUG] 🎯 Célzott Forgalom Generálása (R1C1_C) | Period: 7.5179
Found 6 valid OD pairs for R1C1_C
Generating focused traffic: Period 7.5179s
[INFO] Subscriptions active: 6 (traci, fast mode)
  [ACTION PPO] R1C1_C: a0=43% (155) a1=2% (6) a2=32% (115) a3=23% (84)
[INFO] Episode duration: 2700s (45 min)

[DEBUG] 🎯 Célzott Forgalom Generálása (R1C1_C) | Period: 5.9381
Found 6 valid OD pairs for R1C1_C
Generating focused traffic: Period 5.9381s
[INFO] Subscriptions active: 6 (traci, fast mode)
  [ACTION PPO] R1C1_C: a0=26% (92) a1=5% (18) a2=38% (138) a3=31% (112)
[INFO] Episode duration: 900s (15 min)

[DEBUG] 🎯 Célzott Forgalom Generálása (R1C1_C) | Period: 7.6122
Found 6 valid OD pairs for R1C1_C
Generating focused traffic: Period 7.6122s
[INFO] Subscriptions active: 6 (traci, fast mode)
  [ACTION PPO] R1C1_C: a0=29% (157) a1=4% (20) a2=33% (180) a3=34% (183)
[INFO] Episode duration: 3600s (60 min)

[DEBUG] 🎯 Célzott Forgalom Generálása (R1C1_C) | Period: 7.1943
Found 6 valid OD pairs for R1C1_C
Generating focused traffic: Period 7.1943s
[INFO] Subscriptions active: 6 (traci, fast mode)
  [ACTION PPO] R1C1_C: a0=23% (41) a1=4% (7) a2=37% (66) a3=37% (66)
[INFO] Episode duration: 2700s (45 min)

[DEBUG] 🎯 Célzott Forgalom Generálása (R1C1_C) | Period: 7.6917
Found 6 valid OD pairs for R1C1_C
Generating focused traffic: Period 7.6917s
[INFO] Subscriptions active: 6 (traci, fast mode)
  [ACTION PPO] R1C1_C: a0=29% (212) a1=2% (16) a2=36% (261) a3=32% (231)
[INFO] Episode duration: 2700s (45 min)

[DEBUG] 🎯 Célzott Forgalom Generálása (R1C1_C) | Period: 6.9855
Found 6 valid OD pairs for R1C1_C
Generating focused traffic: Period 6.9855s
[INFO] Subscriptions active: 6 (traci, fast mode)
  [ACTION PPO] R1C1_C: a0=26% (143) a1=6% (35) a2=35% (188) a3=32% (174)
[INFO] Episode duration: 3600s (60 min)

[DEBUG] 🎯 Célzott Forgalom Generálása (R1C1_C) | Period: 4.3697
Found 6 valid OD pairs for R1C1_C
wandb: WARNING Symlinked 1 file into the W&B run directory; call wandb.save again to sync new files.
/Users/wagnertamas/Documents/Munka/cikkek/AI_agens_konyvtar/support/intergreen_matrix_calculator/rl_trainer.py:992: UserWarning: Exporting a model while it is in training mode. Please ensure that this is intended, as it may lead to different behavior during inference. Calling model.eval() before export is recommended.
  torch.onnx.export(
/Users/wagnertamas/Documents/Munka/cikkek/AI_agens_konyvtar/support/intergreen_matrix_calculator/rl_trainer.py:992: UserWarning: # 'dynamic_axes' is not recommended when dynamo=True, and may lead to 'torch._dynamo.exc.UserError: Constraints violated.' Supply the 'dynamic_shapes' argument instead if export is unsuccessful.
  torch.onnx.export(
wandb: updating run metadata
wandb: uploading pytorch_models/R1C1_C.zip; uploading output.log; uploading config.yaml
wandb: uploading pytorch_models/R1C1_C.zip; uploading output.log
wandb: 
wandb: Run history:
wandb:         R1C1_C/action_pct/phase_0 ▃▃▁▁▃▃▃▃▃▄▄▄▂▄▄▃▂▂▃▅▄▃▄▆▅▅▆█▅▇▅▅▆▅▇▅▃▄▄▄
wandb:         R1C1_C/action_pct/phase_1 ▇█▆▅▆▄▃▄▄▃▃▃▃▃▃▃▃▃▃▃▂▃▂▂▂▁▂▃▂▂▂▁▂▂▂▃▁▂▂▂
wandb:         R1C1_C/action_pct/phase_2 ▄▅▄▁▂▃▄▅▂▃▂▂▁▁▁▄▂▅▆▇▆▅▇▇█▅▂█▅▆▄▆▆▅▃▆▆▅▆▂
wandb:         R1C1_C/action_pct/phase_3 ▄▄▅▅▇█▅▅▅▅▅▃▄▃▅▅▆▇█▇██▇█▅▃▂▃▅▃▂▁▁▂▃▄▅▄▃▆
wandb:         R1C1_C/train/entropy_loss ▁▂▂▂▂▂▂▂▂▂▂▂▂▂▂▃▃▃▃▄▅▅▅▅▅▅▅▆▆▆████▇▇▇▇█▇
wandb:        R1C1_C/train/learning_rate ▁▁▁▁▁▁▁▁▁▁▁▁▁▁▁▁▁▁▁▁▁▁▁▁▁▁▁▁▁▁▁▁▁▁▁▁▁▁▁▁
wandb:                 R1C1_C/train/loss ▁▁▁▁▁▁▂▃▃▁▁▁▂▂▁▁▁▂▂▂▁▁▃▄▆▄▄▄▄▃▇█▆▁▁▂▄▄▂▄
wandb: R1C1_C/train/policy_gradient_loss ▆▆▄▄▆█▆▆▇▇█▅▇▇▇▁▁▅▆▃▇▇▇▄▄▄██▇▇▇▂▇▇▇▆▆▆▆▃
wandb:           R1C1_C/train/value_loss ▁▁▁▁▂▄▄▃▃▄▄▅▅▄▄▄▄▂▃▇▄▆▆▆▅▆▅▅▅▄▄▄▄▆▆▄███▅
wandb:                        avg_reward ▁▁▁▁▃▂▂▂▄▂▂▃▂▃▁▃▂▂▆▂▃▂▃▅▄▂▁▅▂█▃▂▂▃▃▃▂▂▅▆
wandb:                                +9 ...
wandb: 
wandb: Run summary:
wandb:         R1C1_C/action_pct/phase_0 33.75
wandb:         R1C1_C/action_pct/phase_1 5
wandb:         R1C1_C/action_pct/phase_2 25.97222
wandb:         R1C1_C/action_pct/phase_3 35.27778
wandb:         R1C1_C/train/entropy_loss -1.11064
wandb:        R1C1_C/train/learning_rate 0.0001
wandb:                 R1C1_C/train/loss 1.61833
wandb: R1C1_C/train/policy_gradient_loss -0.00485
wandb:           R1C1_C/train/value_loss 2.55957
wandb:                        avg_reward 0.18824
wandb:                                +9 ...
wandb: 
wandb: 🚀 View run ppo_speed_throughput_2x32_2_R1C1_C at: https://wandb.ai/wagnertamas-budapesti-m-szaki-s-gazdas-gtudom-nyi-egyetem/sumo-rl-stat-2/runs/gsjyut8h
wandb: ⭐️ View project at: https://wandb.ai/wagnertamas-budapesti-m-szaki-s-gazdas-gtudom-nyi-egyetem/sumo-rl-stat-2
wandb: Synced 5 W&B file(s), 0 media file(s), 0 artifact file(s) and 1 other file(s)
wandb: Find logs at: ./wandb/run-20260408_022655-gsjyut8h/logs
Generating focused traffic: Period 4.3697s
[INFO] Subscriptions active: 6 (traci, fast mode)
  [ACTION PPO] R1C1_C: a0=31% (167) a1=5% (26) a2=32% (171) a3=33% (176)
[INFO] Episode duration: 3600s (60 min)

[DEBUG] 🎯 Célzott Forgalom Generálása (R1C1_C) | Period: 6.0604
Found 6 valid OD pairs for R1C1_C
Generating focused traffic: Period 6.0604s
[INFO] Subscriptions active: 6 (traci, fast mode)
  [ACTION PPO] R1C1_C: a0=45% (322) a1=2% (15) a2=29% (211) a3=24% (172)
[INFO] Episode duration: 900s (15 min)

[DEBUG] 🎯 Célzott Forgalom Generálása (R1C1_C) | Period: 5.8912
Found 6 valid OD pairs for R1C1_C
Generating focused traffic: Period 5.8912s
[INFO] Subscriptions active: 6 (traci, fast mode)
  [ACTION PPO] R1C1_C: a0=30% (216) a1=3% (22) a2=37% (267) a3=30% (215)
[INFO] Episode duration: 900s (15 min)

[DEBUG] 🎯 Célzott Forgalom Generálása (R1C1_C) | Period: 5.3684
Found 6 valid OD pairs for R1C1_C
Generating focused traffic: Period 5.3684s
[INFO] Subscriptions active: 6 (traci, fast mode)
  [ACTION PPO] R1C1_C: a0=21% (37) a1=3% (5) a2=47% (84) a3=30% (54)
[INFO] Episode duration: 900s (15 min)

[DEBUG] 🎯 Célzott Forgalom Generálása (R1C1_C) | Period: 7.6079
Found 6 valid OD pairs for R1C1_C
Generating focused traffic: Period 7.6079s
[INFO] Subscriptions active: 6 (traci, fast mode)
  [ACTION PPO] R1C1_C: a0=28% (51) a1=1% (1) a2=34% (61) a3=37% (67)
[INFO] Episode duration: 2700s (45 min)

[DEBUG] 🎯 Célzott Forgalom Generálása (R1C1_C) | Period: 7.654
Found 6 valid OD pairs for R1C1_C
Generating focused traffic: Period 7.6540s
[INFO] Subscriptions active: 6 (traci, fast mode)
  [ACTION PPO] R1C1_C: a0=29% (52) a1=5% (9) a2=42% (76) a3=24% (43)
[INFO] Episode duration: 900s (15 min)

[DEBUG] 🎯 Célzott Forgalom Generálása (R1C1_C) | Period: 6.0859
Found 6 valid OD pairs for R1C1_C
Generating focused traffic: Period 6.0859s
[INFO] Subscriptions active: 6 (traci, fast mode)
  [ACTION PPO] R1C1_C: a0=23% (126) a1=4% (21) a2=38% (207) a3=34% (186)
[INFO] Episode duration: 2700s (45 min)

[DEBUG] 🎯 Célzott Forgalom Generálása (R1C1_C) | Period: 7.1217
Found 6 valid OD pairs for R1C1_C
Generating focused traffic: Period 7.1217s
[INFO] Subscriptions active: 6 (traci, fast mode)
  [ACTION PPO] R1C1_C: a0=26% (46) a1=3% (6) a2=42% (76) a3=29% (52)
[INFO] Episode duration: 2700s (45 min)

[DEBUG] 🎯 Célzott Forgalom Generálása (R1C1_C) | Period: 7.9301
Found 6 valid OD pairs for R1C1_C
Generating focused traffic: Period 7.9301s
[INFO] Subscriptions active: 6 (traci, fast mode)
  [ACTION PPO] R1C1_C: a0=24% (127) a1=4% (22) a2=39% (210) a3=34% (181)
[INFO] Episode duration: 3600s (60 min)

[DEBUG] 🎯 Célzott Forgalom Generálása (R1C1_C) | Period: 6.6903
Found 6 valid OD pairs for R1C1_C
Generating focused traffic: Period 6.6903s
[INFO] Subscriptions active: 6 (traci, fast mode)
  [ACTION PPO] R1C1_C: a0=24% (127) a1=3% (15) a2=36% (192) a3=38% (206)
[INFO] Episode duration: 2700s (45 min)

[DEBUG] 🎯 Célzott Forgalom Generálása (R1C1_C) | Period: 4.7048
Found 6 valid OD pairs for R1C1_C
Generating focused traffic: Period 4.7048s
[INFO] Subscriptions active: 6 (traci, fast mode)
  [ACTION PPO] R1C1_C: a0=28% (205) a1=3% (22) a2=35% (250) a3=34% (243)
[INFO] Episode duration: 3600s (60 min)

[DEBUG] 🎯 Célzott Forgalom Generálása (R1C1_C) | Period: 6.7444
Found 6 valid OD pairs for R1C1_C
Generating focused traffic: Period 6.7444s
[INFO] Subscriptions active: 6 (traci, fast mode)
  [ACTION PPO] R1C1_C: a0=29% (154) a1=1% (8) a2=35% (187) a3=35% (191)
[INFO] Episode duration: 900s (15 min)

[DEBUG] 🎯 Célzott Forgalom Generálása (R1C1_C) | Period: 6.8171
Found 6 valid OD pairs for R1C1_C
Generating focused traffic: Period 6.8171s
[INFO] Subscriptions active: 6 (traci, fast mode)
  [ACTION PPO] R1C1_C: a0=29% (206) a1=5% (35) a2=30% (219) a3=36% (260)
[INFO] Episode duration: 3600s (60 min)

[DEBUG] 🎯 Célzott Forgalom Generálása (R1C1_C) | Period: 5.9276
Found 6 valid OD pairs for R1C1_C
Generating focused traffic: Period 5.9276s
[INFO] Subscriptions active: 6 (traci, fast mode)
  [ACTION PPO] R1C1_C: a0=22% (40) a1=3% (6) a2=31% (55) a3=44% (79)
[INFO] Episode duration: 3600s (60 min)

[DEBUG] 🎯 Célzott Forgalom Generálása (R1C1_C) | Period: 7.1095
Found 6 valid OD pairs for R1C1_C
Generating focused traffic: Period 7.1095s
[INFO] Subscriptions active: 6 (traci, fast mode)
  [ACTION PPO] R1C1_C: a0=34% (243) a1=5% (36) a2=26% (187) a3=35% (254)
On-policy training completed.
Closing environment and EXPORTING models...
Saving PyTorch ZIP models to /Users/wagnertamas/Documents/Munka/cikkek/AI_agens_konyvtar/support/intergreen_matrix_calculator/data/runs/pytorch_models...
Saved PyTorch R1C1_C to /Users/wagnertamas/Documents/Munka/cikkek/AI_agens_konyvtar/support/intergreen_matrix_calculator/data/runs/pytorch_models/R1C1_C.zip
Exporting ONNX models to /Users/wagnertamas/Documents/Munka/cikkek/AI_agens_konyvtar/support/intergreen_matrix_calculator/data/runs/onnx_models...
Failed to export R1C1_C: # Failed to convert 'dynamic_axes' to 'dynamic_shapes'. Please provide 'dynamic_shapes' directly. Refer to the documentation for 'torch.export.export' for more information on dynamic shapes.
Cleanup done.
