wandb: [wandb.login()] Loaded credentials for https://api.wandb.ai from /Users/wagnertamas/.netrc.
wandb: Currently logged in as: wagnertamas (wagnertamas-budapesti-m-szaki-s-gazdas-gtudom-nyi-egyetem) to https://api.wandb.ai. Use `wandb login --relogin` to force relogin
wandb: setting up run uuey0ehd
wandb: Tracking run with wandb version 0.25.0
wandb: Run data is saved locally in /Users/wagnertamas/Documents/Munka/cikkek/AI_agens_konyvtar/support/intergreen_matrix_calculator/wandb/run-20260322_001411-uuey0ehd
wandb: Run `wandb offline` to turn off syncing.
wandb: Syncing run ppo_co2_speedstd_2x8_1_R1C1_C
wandb: ⭐️ View project at https://wandb.ai/wagnertamas-budapesti-m-szaki-s-gazdas-gtudom-nyi-egyetem/sumo-rl-stat
wandb: 🚀 View run at https://wandb.ai/wagnertamas-budapesti-m-szaki-s-gazdas-gtudom-nyi-egyetem/sumo-rl-stat/runs/uuey0ehd
[INFO] Config: training_config.yaml
[INFO] Net: /Users/wagnertamas/Documents/Munka/cikkek/AI_agens_konyvtar/support/intergreen_matrix_calculator/data/mega_catalogue_v2.net.xml
[INFO] Timesteps: 100000 | Project: sumo-rl-stat
[INFO] Junction: R1C1_C
[INFO] Algorithm: ppo | Reward: co2_speedstd
[INFO] Load model: None (fresh)
[INFO] Traffic: random target+spread (epizódonként)
Initializing Environment (algorithm=ppo, reward=co2_speedstd)...
[INFO] Algorithm: ppo (on_policy)
[INFO] Reward mode: co2_speedstd
WandB config applied (Sweep compatible).
[INFO] Junction reward params auto-loaded from /Users/wagnertamas/Documents/Munka/cikkek/AI_agens_konyvtar/support/intergreen_matrix_calculator/data/junction_reward_params.json
[INFO] Using 'libsumo' (fast headless mode, OS=darwin).
Starting SUMO...
[INFO] Episode duration: 2700s (45 min)

[DEBUG] 🎯 Célzott Forgalom Generálása (R1C1_C) | Period: 4.9438
Found 6 valid OD pairs for R1C1_C
Generating focused traffic: Period 4.9438s
[INFO] Network mapped: 1 agents, 3 detectors, 3 lanes
[INFO] Subscriptions active: 6 (libsumo, fast mode)
Agents discovered: ['R1C1_C']
[INFO] RL device: mps
[INFO] On-policy training: ppo → R1C1_C
Using mps device
Wrapping the env with a `Monitor` wrapper
Wrapping the env in a DummyVecEnv.
Starting on-policy training: 100000 timesteps...
[INFO] Episode duration: 900s (15 min)

[DEBUG] 🎯 Célzott Forgalom Generálása (R1C1_C) | Period: 6.2226
Found 6 valid OD pairs for R1C1_C
Generating focused traffic: Period 6.2226s
[INFO] Subscriptions active: 6 (libsumo, fast mode)
Logging to /Users/wagnertamas/Documents/Munka/cikkek/AI_agens_konyvtar/support/intergreen_matrix_calculator/data/runs/sumo-rl-stat/R1C1_C/PPO_153
[INFO] Episode duration: 1800s (30 min)

[DEBUG] 🎯 Célzott Forgalom Generálása (R1C1_C) | Period: 7.6814
Found 6 valid OD pairs for R1C1_C
Generating focused traffic: Period 7.6814s
[INFO] Subscriptions active: 6 (libsumo, fast mode)
[INFO] Episode duration: 1800s (30 min)

[DEBUG] 🎯 Célzott Forgalom Generálása (R1C1_C) | Period: 5.2341
Found 6 valid OD pairs for R1C1_C
Generating focused traffic: Period 5.2341s
[INFO] Subscriptions active: 6 (libsumo, fast mode)
[INFO] Episode duration: 1800s (30 min)

[DEBUG] 🎯 Célzott Forgalom Generálása (R1C1_C) | Period: 6.0301
Found 6 valid OD pairs for R1C1_C
Generating focused traffic: Period 6.0301s
[INFO] Subscriptions active: 6 (libsumo, fast mode)
[INFO] Episode duration: 3600s (60 min)

[DEBUG] 🎯 Célzott Forgalom Generálása (R1C1_C) | Period: 4.6532
Found 6 valid OD pairs for R1C1_C
Generating focused traffic: Period 4.6532s
[INFO] Subscriptions active: 6 (libsumo, fast mode)
[INFO] Episode duration: 2700s (45 min)

[DEBUG] 🎯 Célzott Forgalom Generálása (R1C1_C) | Period: 5.6516
Found 6 valid OD pairs for R1C1_C
Generating focused traffic: Period 5.6516s
[INFO] Subscriptions active: 6 (libsumo, fast mode)
[INFO] Episode duration: 2700s (45 min)

[DEBUG] 🎯 Célzott Forgalom Generálása (R1C1_C) | Period: 5.0438
Found 6 valid OD pairs for R1C1_C
Generating focused traffic: Period 5.0438s
[INFO] Subscriptions active: 6 (libsumo, fast mode)
[INFO] Episode duration: 900s (15 min)

[DEBUG] 🎯 Célzott Forgalom Generálása (R1C1_C) | Period: 7.0303
Found 6 valid OD pairs for R1C1_C
Generating focused traffic: Period 7.0303s
[INFO] Subscriptions active: 6 (libsumo, fast mode)
[INFO] Episode duration: 1800s (30 min)

[DEBUG] 🎯 Célzott Forgalom Generálása (R1C1_C) | Period: 6.8014
Found 6 valid OD pairs for R1C1_C
Generating focused traffic: Period 6.8014s
[INFO] Subscriptions active: 6 (libsumo, fast mode)
[INFO] Episode duration: 1800s (30 min)

[DEBUG] 🎯 Célzott Forgalom Generálása (R1C1_C) | Period: 7.4755
Found 6 valid OD pairs for R1C1_C
Generating focused traffic: Period 7.4755s
[INFO] Subscriptions active: 6 (libsumo, fast mode)
[INFO] Episode duration: 2700s (45 min)

[DEBUG] 🎯 Célzott Forgalom Generálása (R1C1_C) | Period: 7.4298
Found 6 valid OD pairs for R1C1_C
Generating focused traffic: Period 7.4298s
[INFO] Subscriptions active: 6 (libsumo, fast mode)
[INFO] Episode duration: 1800s (30 min)

[DEBUG] 🎯 Célzott Forgalom Generálása (R1C1_C) | Period: 7.2747
Found 6 valid OD pairs for R1C1_C
Generating focused traffic: Period 7.2747s
[INFO] Subscriptions active: 6 (libsumo, fast mode)
[INFO] Episode duration: 1800s (30 min)

[DEBUG] 🎯 Célzott Forgalom Generálása (R1C1_C) | Period: 4.7498
Found 6 valid OD pairs for R1C1_C
Generating focused traffic: Period 4.7498s
[INFO] Subscriptions active: 6 (libsumo, fast mode)
[INFO] Episode duration: 2700s (45 min)

[DEBUG] 🎯 Célzott Forgalom Generálása (R1C1_C) | Period: 6.6737
Found 6 valid OD pairs for R1C1_C
Generating focused traffic: Period 6.6737s
[INFO] Subscriptions active: 6 (libsumo, fast mode)
[INFO] Episode duration: 1800s (30 min)

[DEBUG] 🎯 Célzott Forgalom Generálása (R1C1_C) | Period: 6.729
Found 6 valid OD pairs for R1C1_C
Generating focused traffic: Period 6.7290s
[INFO] Subscriptions active: 6 (libsumo, fast mode)
[INFO] Episode duration: 3600s (60 min)

[DEBUG] 🎯 Célzott Forgalom Generálása (R1C1_C) | Period: 6.5454
Found 6 valid OD pairs for R1C1_C
Generating focused traffic: Period 6.5454s
[INFO] Subscriptions active: 6 (libsumo, fast mode)
[INFO] Episode duration: 900s (15 min)

[DEBUG] 🎯 Célzott Forgalom Generálása (R1C1_C) | Period: 6.6305
Found 6 valid OD pairs for R1C1_C
Generating focused traffic: Period 6.6305s
[INFO] Subscriptions active: 6 (libsumo, fast mode)
[INFO] Episode duration: 900s (15 min)

[DEBUG] 🎯 Célzott Forgalom Generálása (R1C1_C) | Period: 4.7428
Found 6 valid OD pairs for R1C1_C
Generating focused traffic: Period 4.7428s
[INFO] Subscriptions active: 6 (libsumo, fast mode)
[INFO] Episode duration: 3600s (60 min)

[DEBUG] 🎯 Célzott Forgalom Generálása (R1C1_C) | Period: 5.3256
Found 6 valid OD pairs for R1C1_C
Generating focused traffic: Period 5.3256s
[INFO] Subscriptions active: 6 (libsumo, fast mode)
[INFO] Episode duration: 900s (15 min)

[DEBUG] 🎯 Célzott Forgalom Generálása (R1C1_C) | Period: 7.4273
Found 6 valid OD pairs for R1C1_C
Generating focused traffic: Period 7.4273s
[INFO] Subscriptions active: 6 (libsumo, fast mode)
[INFO] Episode duration: 3600s (60 min)

[DEBUG] 🎯 Célzott Forgalom Generálása (R1C1_C) | Period: 5.1908
Found 6 valid OD pairs for R1C1_C
Generating focused traffic: Period 5.1908s
[INFO] Subscriptions active: 6 (libsumo, fast mode)
[INFO] Episode duration: 1800s (30 min)

[DEBUG] 🎯 Célzott Forgalom Generálása (R1C1_C) | Period: 7.8637
Found 6 valid OD pairs for R1C1_C
Generating focused traffic: Period 7.8637s
[INFO] Subscriptions active: 6 (libsumo, fast mode)
[INFO] Episode duration: 900s (15 min)

[DEBUG] 🎯 Célzott Forgalom Generálása (R1C1_C) | Period: 4.4518
Found 6 valid OD pairs for R1C1_C
Generating focused traffic: Period 4.4518s
[INFO] Subscriptions active: 6 (libsumo, fast mode)
[INFO] Episode duration: 3600s (60 min)

[DEBUG] 🎯 Célzott Forgalom Generálása (R1C1_C) | Period: 7.8907
Found 6 valid OD pairs for R1C1_C
Generating focused traffic: Period 7.8907s
[INFO] Subscriptions active: 6 (libsumo, fast mode)
[INFO] Episode duration: 2700s (45 min)

[DEBUG] 🎯 Célzott Forgalom Generálása (R1C1_C) | Period: 5.4582
Found 6 valid OD pairs for R1C1_C
Generating focused traffic: Period 5.4582s
[INFO] Subscriptions active: 6 (libsumo, fast mode)
[INFO] Episode duration: 1800s (30 min)

[DEBUG] 🎯 Célzott Forgalom Generálása (R1C1_C) | Period: 7.196
Found 6 valid OD pairs for R1C1_C
Generating focused traffic: Period 7.1960s
[INFO] Subscriptions active: 6 (libsumo, fast mode)
[INFO] Episode duration: 3600s (60 min)

[DEBUG] 🎯 Célzott Forgalom Generálása (R1C1_C) | Period: 6.3866
Found 6 valid OD pairs for R1C1_C
Generating focused traffic: Period 6.3866s
[INFO] Subscriptions active: 6 (libsumo, fast mode)
[INFO] Episode duration: 2700s (45 min)

[DEBUG] 🎯 Célzott Forgalom Generálása (R1C1_C) | Period: 5.5679
Found 6 valid OD pairs for R1C1_C
Generating focused traffic: Period 5.5679s
[INFO] Subscriptions active: 6 (libsumo, fast mode)
[INFO] Episode duration: 900s (15 min)

[DEBUG] 🎯 Célzott Forgalom Generálása (R1C1_C) | Period: 4.0903
Found 6 valid OD pairs for R1C1_C
Generating focused traffic: Period 4.0903s
[INFO] Subscriptions active: 6 (libsumo, fast mode)
[INFO] Episode duration: 3600s (60 min)

[DEBUG] 🎯 Célzott Forgalom Generálása (R1C1_C) | Period: 4.9167
Found 6 valid OD pairs for R1C1_C
Generating focused traffic: Period 4.9167s
[INFO] Subscriptions active: 6 (libsumo, fast mode)
[INFO] Episode duration: 900s (15 min)

[DEBUG] 🎯 Célzott Forgalom Generálása (R1C1_C) | Period: 5.8589
Found 6 valid OD pairs for R1C1_C
Generating focused traffic: Period 5.8589s
[INFO] Subscriptions active: 6 (libsumo, fast mode)
[INFO] Episode duration: 2700s (45 min)

[DEBUG] 🎯 Célzott Forgalom Generálása (R1C1_C) | Period: 6.101
Found 6 valid OD pairs for R1C1_C
Generating focused traffic: Period 6.1010s
[INFO] Subscriptions active: 6 (libsumo, fast mode)
[INFO] Episode duration: 1800s (30 min)

[DEBUG] 🎯 Célzott Forgalom Generálása (R1C1_C) | Period: 6.7203
Found 6 valid OD pairs for R1C1_C
Generating focused traffic: Period 6.7203s
[INFO] Subscriptions active: 6 (libsumo, fast mode)
[INFO] Episode duration: 3600s (60 min)

[DEBUG] 🎯 Célzott Forgalom Generálása (R1C1_C) | Period: 6.8112
Found 6 valid OD pairs for R1C1_C
Generating focused traffic: Period 6.8112s
[INFO] Subscriptions active: 6 (libsumo, fast mode)
[INFO] Episode duration: 1800s (30 min)

[DEBUG] 🎯 Célzott Forgalom Generálása (R1C1_C) | Period: 6.517
Found 6 valid OD pairs for R1C1_C
Generating focused traffic: Period 6.5170s
[INFO] Subscriptions active: 6 (libsumo, fast mode)
[INFO] Episode duration: 2700s (45 min)

[DEBUG] 🎯 Célzott Forgalom Generálása (R1C1_C) | Period: 6.3837
Found 6 valid OD pairs for R1C1_C
Generating focused traffic: Period 6.3837s
[INFO] Subscriptions active: 6 (libsumo, fast mode)
[INFO] Episode duration: 900s (15 min)

[DEBUG] 🎯 Célzott Forgalom Generálása (R1C1_C) | Period: 7.3235
Found 6 valid OD pairs for R1C1_C
Generating focused traffic: Period 7.3235s
[INFO] Subscriptions active: 6 (libsumo, fast mode)
[INFO] Episode duration: 3600s (60 min)

[DEBUG] 🎯 Célzott Forgalom Generálása (R1C1_C) | Period: 7.238
Found 6 valid OD pairs for R1C1_C
Generating focused traffic: Period 7.2380s
[INFO] Subscriptions active: 6 (libsumo, fast mode)
[INFO] Episode duration: 900s (15 min)

[DEBUG] 🎯 Célzott Forgalom Generálása (R1C1_C) | Period: 6.3049
Found 6 valid OD pairs for R1C1_C
Generating focused traffic: Period 6.3049s
[INFO] Subscriptions active: 6 (libsumo, fast mode)
[INFO] Episode duration: 900s (15 min)

[DEBUG] 🎯 Célzott Forgalom Generálása (R1C1_C) | Period: 5.5054
Found 6 valid OD pairs for R1C1_C
Generating focused traffic: Period 5.5054s
[INFO] Subscriptions active: 6 (libsumo, fast mode)
[INFO] Episode duration: 1800s (30 min)

[DEBUG] 🎯 Célzott Forgalom Generálása (R1C1_C) | Period: 5.2195
Found 6 valid OD pairs for R1C1_C
Generating focused traffic: Period 5.2195s
[INFO] Subscriptions active: 6 (libsumo, fast mode)
[INFO] Episode duration: 2700s (45 min)

[DEBUG] 🎯 Célzott Forgalom Generálása (R1C1_C) | Period: 5.8815
Found 6 valid OD pairs for R1C1_C
Generating focused traffic: Period 5.8815s
[INFO] Subscriptions active: 6 (libsumo, fast mode)
[INFO] Episode duration: 900s (15 min)

[DEBUG] 🎯 Célzott Forgalom Generálása (R1C1_C) | Period: 7.2679
Found 6 valid OD pairs for R1C1_C
Generating focused traffic: Period 7.2679s
[INFO] Subscriptions active: 6 (libsumo, fast mode)
[INFO] Episode duration: 2700s (45 min)

[DEBUG] 🎯 Célzott Forgalom Generálása (R1C1_C) | Period: 7.4887
Found 6 valid OD pairs for R1C1_C
Generating focused traffic: Period 7.4887s
[INFO] Subscriptions active: 6 (libsumo, fast mode)
[INFO] Episode duration: 2700s (45 min)

[DEBUG] 🎯 Célzott Forgalom Generálása (R1C1_C) | Period: 4.1677
Found 6 valid OD pairs for R1C1_C
Generating focused traffic: Period 4.1677s
[INFO] Subscriptions active: 6 (libsumo, fast mode)
[INFO] Episode duration: 2700s (45 min)

[DEBUG] 🎯 Célzott Forgalom Generálása (R1C1_C) | Period: 4.8922
Found 6 valid OD pairs for R1C1_C
Generating focused traffic: Period 4.8922s
[INFO] Subscriptions active: 6 (libsumo, fast mode)
[INFO] Episode duration: 900s (15 min)

[DEBUG] 🎯 Célzott Forgalom Generálása (R1C1_C) | Period: 7.9554
Found 6 valid OD pairs for R1C1_C
Generating focused traffic: Period 7.9554s
[INFO] Subscriptions active: 6 (libsumo, fast mode)
[INFO] Episode duration: 3600s (60 min)

[DEBUG] 🎯 Célzott Forgalom Generálása (R1C1_C) | Period: 4.6163
Found 6 valid OD pairs for R1C1_C
Generating focused traffic: Period 4.6163s
[INFO] Subscriptions active: 6 (libsumo, fast mode)
-----------------------------------------
| rollout/                |             |
|    ep_len_mean          | 425         |
|    ep_rew_mean          | 154         |
| time/                   |             |
|    fps                  | 119         |
|    iterations           | 10          |
|    time_elapsed         | 171         |
|    total_timesteps      | 20480       |
| train/                  |             |
|    approx_kl            | 0.004147925 |
|    clip_fraction        | 0           |
|    clip_range           | 0.2         |
|    entropy_loss         | -1.36       |
|    explained_variance   | -0.0218     |
|    learning_rate        | 0.0001      |
|    loss                 | 11          |
|    n_updates            | 90          |
|    policy_gradient_loss | -0.00328    |
|    value_loss           | 22.2        |
-----------------------------------------
[INFO] Episode duration: 3600s (60 min)

[DEBUG] 🎯 Célzott Forgalom Generálása (R1C1_C) | Period: 5.5911
Found 6 valid OD pairs for R1C1_C
Generating focused traffic: Period 5.5911s
[INFO] Subscriptions active: 6 (libsumo, fast mode)
[INFO] Episode duration: 3600s (60 min)

[DEBUG] 🎯 Célzott Forgalom Generálása (R1C1_C) | Period: 4.2492
Found 6 valid OD pairs for R1C1_C
Generating focused traffic: Period 4.2492s
[INFO] Subscriptions active: 6 (libsumo, fast mode)
[INFO] Episode duration: 1800s (30 min)

[DEBUG] 🎯 Célzott Forgalom Generálása (R1C1_C) | Period: 6.3068
Found 6 valid OD pairs for R1C1_C
Generating focused traffic: Period 6.3068s
[INFO] Subscriptions active: 6 (libsumo, fast mode)
[INFO] Episode duration: 2700s (45 min)

[DEBUG] 🎯 Célzott Forgalom Generálása (R1C1_C) | Period: 4.3716
Found 6 valid OD pairs for R1C1_C
Generating focused traffic: Period 4.3716s
[INFO] Subscriptions active: 6 (libsumo, fast mode)
[INFO] Episode duration: 1800s (30 min)

[DEBUG] 🎯 Célzott Forgalom Generálása (R1C1_C) | Period: 4.2969
Found 6 valid OD pairs for R1C1_C
Generating focused traffic: Period 4.2969s
[INFO] Subscriptions active: 6 (libsumo, fast mode)
[INFO] Episode duration: 3600s (60 min)

[DEBUG] 🎯 Célzott Forgalom Generálása (R1C1_C) | Period: 7.7923
Found 6 valid OD pairs for R1C1_C
Generating focused traffic: Period 7.7923s
[INFO] Subscriptions active: 6 (libsumo, fast mode)
[INFO] Episode duration: 1800s (30 min)

[DEBUG] 🎯 Célzott Forgalom Generálása (R1C1_C) | Period: 5.0018
Found 6 valid OD pairs for R1C1_C
Generating focused traffic: Period 5.0018s
[INFO] Subscriptions active: 6 (libsumo, fast mode)
[INFO] Episode duration: 2700s (45 min)

[DEBUG] 🎯 Célzott Forgalom Generálása (R1C1_C) | Period: 4.8593
Found 6 valid OD pairs for R1C1_C
Generating focused traffic: Period 4.8593s
[INFO] Subscriptions active: 6 (libsumo, fast mode)
[INFO] Episode duration: 900s (15 min)

[DEBUG] 🎯 Célzott Forgalom Generálása (R1C1_C) | Period: 5.2979
Found 6 valid OD pairs for R1C1_C
Generating focused traffic: Period 5.2979s
[INFO] Subscriptions active: 6 (libsumo, fast mode)
[INFO] Episode duration: 2700s (45 min)

[DEBUG] 🎯 Célzott Forgalom Generálása (R1C1_C) | Period: 7.7405
Found 6 valid OD pairs for R1C1_C
Generating focused traffic: Period 7.7405s
[INFO] Subscriptions active: 6 (libsumo, fast mode)
[INFO] Episode duration: 1800s (30 min)

[DEBUG] 🎯 Célzott Forgalom Generálása (R1C1_C) | Period: 4.853
Found 6 valid OD pairs for R1C1_C
Generating focused traffic: Period 4.8530s
[INFO] Subscriptions active: 6 (libsumo, fast mode)
[INFO] Episode duration: 3600s (60 min)

[DEBUG] 🎯 Célzott Forgalom Generálása (R1C1_C) | Period: 7.5512
Found 6 valid OD pairs for R1C1_C
Generating focused traffic: Period 7.5512s
[INFO] Subscriptions active: 6 (libsumo, fast mode)
[INFO] Episode duration: 3600s (60 min)

[DEBUG] 🎯 Célzott Forgalom Generálása (R1C1_C) | Period: 7.2333
Found 6 valid OD pairs for R1C1_C
Generating focused traffic: Period 7.2333s
[INFO] Subscriptions active: 6 (libsumo, fast mode)
[INFO] Episode duration: 1800s (30 min)

[DEBUG] 🎯 Célzott Forgalom Generálása (R1C1_C) | Period: 7.2601
Found 6 valid OD pairs for R1C1_C
Generating focused traffic: Period 7.2601s
[INFO] Subscriptions active: 6 (libsumo, fast mode)
[INFO] Episode duration: 3600s (60 min)

[DEBUG] 🎯 Célzott Forgalom Generálása (R1C1_C) | Period: 7.8595
Found 6 valid OD pairs for R1C1_C
Generating focused traffic: Period 7.8595s
[INFO] Subscriptions active: 6 (libsumo, fast mode)
[INFO] Episode duration: 2700s (45 min)

[DEBUG] 🎯 Célzott Forgalom Generálása (R1C1_C) | Period: 6.3146
Found 6 valid OD pairs for R1C1_C
Generating focused traffic: Period 6.3146s
[INFO] Subscriptions active: 6 (libsumo, fast mode)
[INFO] Episode duration: 2700s (45 min)

[DEBUG] 🎯 Célzott Forgalom Generálása (R1C1_C) | Period: 4.8388
Found 6 valid OD pairs for R1C1_C
Generating focused traffic: Period 4.8388s
[INFO] Subscriptions active: 6 (libsumo, fast mode)
[INFO] Episode duration: 2700s (45 min)

[DEBUG] 🎯 Célzott Forgalom Generálása (R1C1_C) | Period: 6.5295
Found 6 valid OD pairs for R1C1_C
Generating focused traffic: Period 6.5295s
[INFO] Subscriptions active: 6 (libsumo, fast mode)
[INFO] Episode duration: 900s (15 min)

[DEBUG] 🎯 Célzott Forgalom Generálása (R1C1_C) | Period: 4.8253
Found 6 valid OD pairs for R1C1_C
Generating focused traffic: Period 4.8253s
[INFO] Subscriptions active: 6 (libsumo, fast mode)
[INFO] Episode duration: 3600s (60 min)

[DEBUG] 🎯 Célzott Forgalom Generálása (R1C1_C) | Period: 4.1102
Found 6 valid OD pairs for R1C1_C
Generating focused traffic: Period 4.1102s
[INFO] Subscriptions active: 6 (libsumo, fast mode)
[INFO] Episode duration: 900s (15 min)

[DEBUG] 🎯 Célzott Forgalom Generálása (R1C1_C) | Period: 4.4584
Found 6 valid OD pairs for R1C1_C
Generating focused traffic: Period 4.4584s
[INFO] Subscriptions active: 6 (libsumo, fast mode)
[INFO] Episode duration: 2700s (45 min)

[DEBUG] 🎯 Célzott Forgalom Generálása (R1C1_C) | Period: 6.149
Found 6 valid OD pairs for R1C1_C
Generating focused traffic: Period 6.1490s
[INFO] Subscriptions active: 6 (libsumo, fast mode)
[INFO] Episode duration: 2700s (45 min)

[DEBUG] 🎯 Célzott Forgalom Generálása (R1C1_C) | Period: 7.1182
Found 6 valid OD pairs for R1C1_C
Generating focused traffic: Period 7.1182s
[INFO] Subscriptions active: 6 (libsumo, fast mode)
[INFO] Episode duration: 900s (15 min)

[DEBUG] 🎯 Célzott Forgalom Generálása (R1C1_C) | Period: 4.677
Found 6 valid OD pairs for R1C1_C
Generating focused traffic: Period 4.6770s
[INFO] Subscriptions active: 6 (libsumo, fast mode)
[INFO] Episode duration: 1800s (30 min)

[DEBUG] 🎯 Célzott Forgalom Generálása (R1C1_C) | Period: 5.7667
Found 6 valid OD pairs for R1C1_C
Generating focused traffic: Period 5.7667s
[INFO] Subscriptions active: 6 (libsumo, fast mode)
[INFO] Episode duration: 900s (15 min)

[DEBUG] 🎯 Célzott Forgalom Generálása (R1C1_C) | Period: 5.0815
Found 6 valid OD pairs for R1C1_C
Generating focused traffic: Period 5.0815s
[INFO] Subscriptions active: 6 (libsumo, fast mode)
[INFO] Episode duration: 2700s (45 min)

[DEBUG] 🎯 Célzott Forgalom Generálása (R1C1_C) | Period: 4.7596
Found 6 valid OD pairs for R1C1_C
Generating focused traffic: Period 4.7596s
[INFO] Subscriptions active: 6 (libsumo, fast mode)
[INFO] Episode duration: 2700s (45 min)

[DEBUG] 🎯 Célzott Forgalom Generálása (R1C1_C) | Period: 4.8481
Found 6 valid OD pairs for R1C1_C
Generating focused traffic: Period 4.8481s
[INFO] Subscriptions active: 6 (libsumo, fast mode)
[INFO] Episode duration: 900s (15 min)

[DEBUG] 🎯 Célzott Forgalom Generálása (R1C1_C) | Period: 6.8838
Found 6 valid OD pairs for R1C1_C
Generating focused traffic: Period 6.8838s
[INFO] Subscriptions active: 6 (libsumo, fast mode)
[INFO] Episode duration: 900s (15 min)

[DEBUG] 🎯 Célzott Forgalom Generálása (R1C1_C) | Period: 4.5201
Found 6 valid OD pairs for R1C1_C
Generating focused traffic: Period 4.5201s
[INFO] Subscriptions active: 6 (libsumo, fast mode)
[INFO] Episode duration: 1800s (30 min)

[DEBUG] 🎯 Célzott Forgalom Generálása (R1C1_C) | Period: 5.8132
Found 6 valid OD pairs for R1C1_C
Generating focused traffic: Period 5.8132s
[INFO] Subscriptions active: 6 (libsumo, fast mode)
[INFO] Episode duration: 1800s (30 min)

[DEBUG] 🎯 Célzott Forgalom Generálása (R1C1_C) | Period: 6.5696
Found 6 valid OD pairs for R1C1_C
Generating focused traffic: Period 6.5696s
[INFO] Subscriptions active: 6 (libsumo, fast mode)
[INFO] Episode duration: 1800s (30 min)

[DEBUG] 🎯 Célzott Forgalom Generálása (R1C1_C) | Period: 7.0562
Found 6 valid OD pairs for R1C1_C
Generating focused traffic: Period 7.0562s
[INFO] Subscriptions active: 6 (libsumo, fast mode)
[INFO] Episode duration: 900s (15 min)

[DEBUG] 🎯 Célzott Forgalom Generálása (R1C1_C) | Period: 7.6341
Found 6 valid OD pairs for R1C1_C
Generating focused traffic: Period 7.6341s
[INFO] Subscriptions active: 6 (libsumo, fast mode)
[INFO] Episode duration: 2700s (45 min)

[DEBUG] 🎯 Célzott Forgalom Generálása (R1C1_C) | Period: 4.2556
Found 6 valid OD pairs for R1C1_C
Generating focused traffic: Period 4.2556s
[INFO] Subscriptions active: 6 (libsumo, fast mode)
[INFO] Episode duration: 2700s (45 min)

[DEBUG] 🎯 Célzott Forgalom Generálása (R1C1_C) | Period: 5.9126
Found 6 valid OD pairs for R1C1_C
Generating focused traffic: Period 5.9126s
[INFO] Subscriptions active: 6 (libsumo, fast mode)
[INFO] Episode duration: 2700s (45 min)

[DEBUG] 🎯 Célzott Forgalom Generálása (R1C1_C) | Period: 5.8368
Found 6 valid OD pairs for R1C1_C
Generating focused traffic: Period 5.8368s
[INFO] Subscriptions active: 6 (libsumo, fast mode)
[INFO] Episode duration: 1800s (30 min)

[DEBUG] 🎯 Célzott Forgalom Generálása (R1C1_C) | Period: 7.0642
Found 6 valid OD pairs for R1C1_C
Generating focused traffic: Period 7.0642s
[INFO] Subscriptions active: 6 (libsumo, fast mode)
[INFO] Episode duration: 2700s (45 min)

[DEBUG] 🎯 Célzott Forgalom Generálása (R1C1_C) | Period: 4.8076
Found 6 valid OD pairs for R1C1_C
Generating focused traffic: Period 4.8076s
[INFO] Subscriptions active: 6 (libsumo, fast mode)
[INFO] Episode duration: 2700s (45 min)

[DEBUG] 🎯 Célzott Forgalom Generálása (R1C1_C) | Period: 6.5217
Found 6 valid OD pairs for R1C1_C
Generating focused traffic: Period 6.5217s
[INFO] Subscriptions active: 6 (libsumo, fast mode)
[INFO] Episode duration: 900s (15 min)

[DEBUG] 🎯 Célzott Forgalom Generálása (R1C1_C) | Period: 7.3131
Found 6 valid OD pairs for R1C1_C
Generating focused traffic: Period 7.3131s
[INFO] Subscriptions active: 6 (libsumo, fast mode)
[INFO] Episode duration: 2700s (45 min)

[DEBUG] 🎯 Célzott Forgalom Generálása (R1C1_C) | Period: 6.1937
Found 6 valid OD pairs for R1C1_C
Generating focused traffic: Period 6.1937s
[INFO] Subscriptions active: 6 (libsumo, fast mode)
[INFO] Episode duration: 3600s (60 min)

[DEBUG] 🎯 Célzott Forgalom Generálása (R1C1_C) | Period: 5.0389
Found 6 valid OD pairs for R1C1_C
Generating focused traffic: Period 5.0389s
[INFO] Subscriptions active: 6 (libsumo, fast mode)
[INFO] Episode duration: 900s (15 min)

[DEBUG] 🎯 Célzott Forgalom Generálása (R1C1_C) | Period: 4.2892
Found 6 valid OD pairs for R1C1_C
Generating focused traffic: Period 4.2892s
[INFO] Subscriptions active: 6 (libsumo, fast mode)
[INFO] Episode duration: 1800s (30 min)

[DEBUG] 🎯 Célzott Forgalom Generálása (R1C1_C) | Period: 7.5128
Found 6 valid OD pairs for R1C1_C
Generating focused traffic: Period 7.5128s
[INFO] Subscriptions active: 6 (libsumo, fast mode)
[INFO] Episode duration: 3600s (60 min)

[DEBUG] 🎯 Célzott Forgalom Generálása (R1C1_C) | Period: 7.1087
Found 6 valid OD pairs for R1C1_C
Generating focused traffic: Period 7.1087s
[INFO] Subscriptions active: 6 (libsumo, fast mode)
-----------------------------------------
| rollout/                |             |
|    ep_len_mean          | 439         |
|    ep_rew_mean          | 162         |
| time/                   |             |
|    fps                  | 116         |
|    iterations           | 20          |
|    time_elapsed         | 351         |
|    total_timesteps      | 40960       |
| train/                  |             |
|    approx_kl            | 0.004073884 |
|    clip_fraction        | 0.00229     |
|    clip_range           | 0.2         |
|    entropy_loss         | -0.755      |
|    explained_variance   | -0.000131   |
|    learning_rate        | 0.0001      |
|    loss                 | 11.2        |
|    n_updates            | 190         |
|    policy_gradient_loss | -0.00293    |
|    value_loss           | 21.4        |
-----------------------------------------
[INFO] Episode duration: 900s (15 min)

[DEBUG] 🎯 Célzott Forgalom Generálása (R1C1_C) | Period: 7.7219
Found 6 valid OD pairs for R1C1_C
Generating focused traffic: Period 7.7219s
[INFO] Subscriptions active: 6 (libsumo, fast mode)
[INFO] Episode duration: 1800s (30 min)

[DEBUG] 🎯 Célzott Forgalom Generálása (R1C1_C) | Period: 5.9867
Found 6 valid OD pairs for R1C1_C
Generating focused traffic: Period 5.9867s
[INFO] Subscriptions active: 6 (libsumo, fast mode)
[INFO] Episode duration: 900s (15 min)

[DEBUG] 🎯 Célzott Forgalom Generálása (R1C1_C) | Period: 7.8025
Found 6 valid OD pairs for R1C1_C
Generating focused traffic: Period 7.8025s
[INFO] Subscriptions active: 6 (libsumo, fast mode)
[INFO] Episode duration: 900s (15 min)

[DEBUG] 🎯 Célzott Forgalom Generálása (R1C1_C) | Period: 7.8882
Found 6 valid OD pairs for R1C1_C
Generating focused traffic: Period 7.8882s
[INFO] Subscriptions active: 6 (libsumo, fast mode)
[INFO] Episode duration: 2700s (45 min)

[DEBUG] 🎯 Célzott Forgalom Generálása (R1C1_C) | Period: 6.8115
Found 6 valid OD pairs for R1C1_C
Generating focused traffic: Period 6.8115s
[INFO] Subscriptions active: 6 (libsumo, fast mode)
[INFO] Episode duration: 1800s (30 min)

[DEBUG] 🎯 Célzott Forgalom Generálása (R1C1_C) | Period: 5.6409
Found 6 valid OD pairs for R1C1_C
Generating focused traffic: Period 5.6409s
[INFO] Subscriptions active: 6 (libsumo, fast mode)
[INFO] Episode duration: 1800s (30 min)

[DEBUG] 🎯 Célzott Forgalom Generálása (R1C1_C) | Period: 6.8967
Found 6 valid OD pairs for R1C1_C
Generating focused traffic: Period 6.8967s
[INFO] Subscriptions active: 6 (libsumo, fast mode)
[INFO] Episode duration: 1800s (30 min)

[DEBUG] 🎯 Célzott Forgalom Generálása (R1C1_C) | Period: 5.5022
Found 6 valid OD pairs for R1C1_C
Generating focused traffic: Period 5.5022s
[INFO] Subscriptions active: 6 (libsumo, fast mode)
[INFO] Episode duration: 900s (15 min)

[DEBUG] 🎯 Célzott Forgalom Generálása (R1C1_C) | Period: 6.3708
Found 6 valid OD pairs for R1C1_C
Generating focused traffic: Period 6.3708s
[INFO] Subscriptions active: 6 (libsumo, fast mode)
[INFO] Episode duration: 1800s (30 min)

[DEBUG] 🎯 Célzott Forgalom Generálása (R1C1_C) | Period: 7.0735
Found 6 valid OD pairs for R1C1_C
Generating focused traffic: Period 7.0735s
[INFO] Subscriptions active: 6 (libsumo, fast mode)
[INFO] Episode duration: 3600s (60 min)

[DEBUG] 🎯 Célzott Forgalom Generálása (R1C1_C) | Period: 5.2092
Found 6 valid OD pairs for R1C1_C
Generating focused traffic: Period 5.2092s
[INFO] Subscriptions active: 6 (libsumo, fast mode)
[INFO] Episode duration: 2700s (45 min)

[DEBUG] 🎯 Célzott Forgalom Generálása (R1C1_C) | Period: 7.7433
Found 6 valid OD pairs for R1C1_C
Generating focused traffic: Period 7.7433s
[INFO] Subscriptions active: 6 (libsumo, fast mode)
[INFO] Episode duration: 3600s (60 min)

[DEBUG] 🎯 Célzott Forgalom Generálása (R1C1_C) | Period: 6.1411
Found 6 valid OD pairs for R1C1_C
Generating focused traffic: Period 6.1411s
[INFO] Subscriptions active: 6 (libsumo, fast mode)
[INFO] Episode duration: 3600s (60 min)

[DEBUG] 🎯 Célzott Forgalom Generálása (R1C1_C) | Period: 5.0273
Found 6 valid OD pairs for R1C1_C
Generating focused traffic: Period 5.0273s
[INFO] Subscriptions active: 6 (libsumo, fast mode)
[INFO] Episode duration: 2700s (45 min)

[DEBUG] 🎯 Célzott Forgalom Generálása (R1C1_C) | Period: 5.216
Found 6 valid OD pairs for R1C1_C
Generating focused traffic: Period 5.2160s
[INFO] Subscriptions active: 6 (libsumo, fast mode)
[INFO] Episode duration: 900s (15 min)

[DEBUG] 🎯 Célzott Forgalom Generálása (R1C1_C) | Period: 5.4052
Found 6 valid OD pairs for R1C1_C
Generating focused traffic: Period 5.4052s
[INFO] Subscriptions active: 6 (libsumo, fast mode)
[INFO] Episode duration: 3600s (60 min)

[DEBUG] 🎯 Célzott Forgalom Generálása (R1C1_C) | Period: 6.7115
Found 6 valid OD pairs for R1C1_C
Generating focused traffic: Period 6.7115s
[INFO] Subscriptions active: 6 (libsumo, fast mode)
[INFO] Episode duration: 1800s (30 min)

[DEBUG] 🎯 Célzott Forgalom Generálása (R1C1_C) | Period: 6.748
Found 6 valid OD pairs for R1C1_C
Generating focused traffic: Period 6.7480s
[INFO] Subscriptions active: 6 (libsumo, fast mode)
[INFO] Episode duration: 1800s (30 min)

[DEBUG] 🎯 Célzott Forgalom Generálása (R1C1_C) | Period: 6.4661
Found 6 valid OD pairs for R1C1_C
Generating focused traffic: Period 6.4661s
[INFO] Subscriptions active: 6 (libsumo, fast mode)
[INFO] Episode duration: 3600s (60 min)

[DEBUG] 🎯 Célzott Forgalom Generálása (R1C1_C) | Period: 6.0143
Found 6 valid OD pairs for R1C1_C
Generating focused traffic: Period 6.0143s
[INFO] Subscriptions active: 6 (libsumo, fast mode)
[INFO] Episode duration: 3600s (60 min)

[DEBUG] 🎯 Célzott Forgalom Generálása (R1C1_C) | Period: 7.3449
Found 6 valid OD pairs for R1C1_C
Generating focused traffic: Period 7.3449s
[INFO] Subscriptions active: 6 (libsumo, fast mode)
[INFO] Episode duration: 2700s (45 min)

[DEBUG] 🎯 Célzott Forgalom Generálása (R1C1_C) | Period: 6.8351
Found 6 valid OD pairs for R1C1_C
Generating focused traffic: Period 6.8351s
[INFO] Subscriptions active: 6 (libsumo, fast mode)
[INFO] Episode duration: 1800s (30 min)

[DEBUG] 🎯 Célzott Forgalom Generálása (R1C1_C) | Period: 6.7733
Found 6 valid OD pairs for R1C1_C
Generating focused traffic: Period 6.7733s
[INFO] Subscriptions active: 6 (libsumo, fast mode)
[INFO] Episode duration: 2700s (45 min)

[DEBUG] 🎯 Célzott Forgalom Generálása (R1C1_C) | Period: 4.2052
Found 6 valid OD pairs for R1C1_C
Generating focused traffic: Period 4.2052s
[INFO] Subscriptions active: 6 (libsumo, fast mode)
[INFO] Episode duration: 3600s (60 min)

[DEBUG] 🎯 Célzott Forgalom Generálása (R1C1_C) | Period: 7.8399
Found 6 valid OD pairs for R1C1_C
Generating focused traffic: Period 7.8399s
[INFO] Subscriptions active: 6 (libsumo, fast mode)
[INFO] Episode duration: 2700s (45 min)

[DEBUG] 🎯 Célzott Forgalom Generálása (R1C1_C) | Period: 7.7646
Found 6 valid OD pairs for R1C1_C
Generating focused traffic: Period 7.7646s
[INFO] Subscriptions active: 6 (libsumo, fast mode)
[INFO] Episode duration: 900s (15 min)

[DEBUG] 🎯 Célzott Forgalom Generálása (R1C1_C) | Period: 7.6885
Found 6 valid OD pairs for R1C1_C
Generating focused traffic: Period 7.6885s
[INFO] Subscriptions active: 6 (libsumo, fast mode)
[INFO] Episode duration: 2700s (45 min)

[DEBUG] 🎯 Célzott Forgalom Generálása (R1C1_C) | Period: 7.3351
Found 6 valid OD pairs for R1C1_C
Generating focused traffic: Period 7.3351s
[INFO] Subscriptions active: 6 (libsumo, fast mode)
[INFO] Episode duration: 2700s (45 min)

[DEBUG] 🎯 Célzott Forgalom Generálása (R1C1_C) | Period: 7.4568
Found 6 valid OD pairs for R1C1_C
Generating focused traffic: Period 7.4568s
[INFO] Subscriptions active: 6 (libsumo, fast mode)
[INFO] Episode duration: 900s (15 min)

[DEBUG] 🎯 Célzott Forgalom Generálása (R1C1_C) | Period: 7.8898
Found 6 valid OD pairs for R1C1_C
Generating focused traffic: Period 7.8898s
[INFO] Subscriptions active: 6 (libsumo, fast mode)
[INFO] Episode duration: 2700s (45 min)

[DEBUG] 🎯 Célzott Forgalom Generálása (R1C1_C) | Period: 6.2607
Found 6 valid OD pairs for R1C1_C
Generating focused traffic: Period 6.2607s
[INFO] Subscriptions active: 6 (libsumo, fast mode)
[INFO] Episode duration: 1800s (30 min)

[DEBUG] 🎯 Célzott Forgalom Generálása (R1C1_C) | Period: 6.3718
Found 6 valid OD pairs for R1C1_C
Generating focused traffic: Period 6.3718s
[INFO] Subscriptions active: 6 (libsumo, fast mode)
[INFO] Episode duration: 1800s (30 min)

[DEBUG] 🎯 Célzott Forgalom Generálása (R1C1_C) | Period: 5.645
Found 6 valid OD pairs for R1C1_C
Generating focused traffic: Period 5.6450s
[INFO] Subscriptions active: 6 (libsumo, fast mode)
[INFO] Episode duration: 2700s (45 min)

[DEBUG] 🎯 Célzott Forgalom Generálása (R1C1_C) | Period: 6.0406
Found 6 valid OD pairs for R1C1_C
Generating focused traffic: Period 6.0406s
[INFO] Subscriptions active: 6 (libsumo, fast mode)
[INFO] Episode duration: 1800s (30 min)

[DEBUG] 🎯 Célzott Forgalom Generálása (R1C1_C) | Period: 6.7043
Found 6 valid OD pairs for R1C1_C
Generating focused traffic: Period 6.7043s
[INFO] Subscriptions active: 6 (libsumo, fast mode)
[INFO] Episode duration: 1800s (30 min)

[DEBUG] 🎯 Célzott Forgalom Generálása (R1C1_C) | Period: 6.5198
Found 6 valid OD pairs for R1C1_C
Generating focused traffic: Period 6.5198s
[INFO] Subscriptions active: 6 (libsumo, fast mode)
[INFO] Episode duration: 1800s (30 min)

[DEBUG] 🎯 Célzott Forgalom Generálása (R1C1_C) | Period: 5.9497
Found 6 valid OD pairs for R1C1_C
Generating focused traffic: Period 5.9497s
[INFO] Subscriptions active: 6 (libsumo, fast mode)
[INFO] Episode duration: 3600s (60 min)

[DEBUG] 🎯 Célzott Forgalom Generálása (R1C1_C) | Period: 6.2479
Found 6 valid OD pairs for R1C1_C
Generating focused traffic: Period 6.2479s
[INFO] Subscriptions active: 6 (libsumo, fast mode)
[INFO] Episode duration: 1800s (30 min)

[DEBUG] 🎯 Célzott Forgalom Generálása (R1C1_C) | Period: 6.4234
Found 6 valid OD pairs for R1C1_C
Generating focused traffic: Period 6.4234s
[INFO] Subscriptions active: 6 (libsumo, fast mode)
[INFO] Episode duration: 2700s (45 min)

[DEBUG] 🎯 Célzott Forgalom Generálása (R1C1_C) | Period: 7.6824
Found 6 valid OD pairs for R1C1_C
Generating focused traffic: Period 7.6824s
[INFO] Subscriptions active: 6 (libsumo, fast mode)
[INFO] Episode duration: 1800s (30 min)

[DEBUG] 🎯 Célzott Forgalom Generálása (R1C1_C) | Period: 7.3697
Found 6 valid OD pairs for R1C1_C
Generating focused traffic: Period 7.3697s
[INFO] Subscriptions active: 6 (libsumo, fast mode)
[INFO] Episode duration: 2700s (45 min)

[DEBUG] 🎯 Célzott Forgalom Generálása (R1C1_C) | Period: 5.5071
Found 6 valid OD pairs for R1C1_C
Generating focused traffic: Period 5.5071s
[INFO] Subscriptions active: 6 (libsumo, fast mode)
[INFO] Episode duration: 1800s (30 min)

[DEBUG] 🎯 Célzott Forgalom Generálása (R1C1_C) | Period: 4.9748
Found 6 valid OD pairs for R1C1_C
Generating focused traffic: Period 4.9748s
[INFO] Subscriptions active: 6 (libsumo, fast mode)
[INFO] Episode duration: 3600s (60 min)

[DEBUG] 🎯 Célzott Forgalom Generálása (R1C1_C) | Period: 5.5765
Found 6 valid OD pairs for R1C1_C
Generating focused traffic: Period 5.5765s
[INFO] Subscriptions active: 6 (libsumo, fast mode)
-------------------------------------------
| rollout/                |               |
|    ep_len_mean          | 448           |
|    ep_rew_mean          | 188           |
| time/                   |               |
|    fps                  | 115           |
|    iterations           | 30            |
|    time_elapsed         | 529           |
|    total_timesteps      | 61440         |
| train/                  |               |
|    approx_kl            | 0.00056472176 |
|    clip_fraction        | 0.00303       |
|    clip_range           | 0.2           |
|    entropy_loss         | -0.182        |
|    explained_variance   | -7.63e-06     |
|    learning_rate        | 0.0001        |
|    loss                 | 16.1          |
|    n_updates            | 290           |
|    policy_gradient_loss | -0.00122      |
|    value_loss           | 27.3          |
-------------------------------------------
[INFO] Episode duration: 1800s (30 min)

[DEBUG] 🎯 Célzott Forgalom Generálása (R1C1_C) | Period: 5.6026
Found 6 valid OD pairs for R1C1_C
Generating focused traffic: Period 5.6026s
[INFO] Subscriptions active: 6 (libsumo, fast mode)
[INFO] Episode duration: 2700s (45 min)

[DEBUG] 🎯 Célzott Forgalom Generálása (R1C1_C) | Period: 6.7555
Found 6 valid OD pairs for R1C1_C
Generating focused traffic: Period 6.7555s
[INFO] Subscriptions active: 6 (libsumo, fast mode)
[INFO] Episode duration: 3600s (60 min)

[DEBUG] 🎯 Célzott Forgalom Generálása (R1C1_C) | Period: 4.2805
Found 6 valid OD pairs for R1C1_C
Generating focused traffic: Period 4.2805s
[INFO] Subscriptions active: 6 (libsumo, fast mode)
[INFO] Episode duration: 900s (15 min)

[DEBUG] 🎯 Célzott Forgalom Generálása (R1C1_C) | Period: 7.011
Found 6 valid OD pairs for R1C1_C
Generating focused traffic: Period 7.0110s
[INFO] Subscriptions active: 6 (libsumo, fast mode)
[INFO] Episode duration: 2700s (45 min)

[DEBUG] 🎯 Célzott Forgalom Generálása (R1C1_C) | Period: 5.0883
Found 6 valid OD pairs for R1C1_C
Generating focused traffic: Period 5.0883s
[INFO] Subscriptions active: 6 (libsumo, fast mode)
[INFO] Episode duration: 1800s (30 min)

[DEBUG] 🎯 Célzott Forgalom Generálása (R1C1_C) | Period: 5.9981
Found 6 valid OD pairs for R1C1_C
Generating focused traffic: Period 5.9981s
[INFO] Subscriptions active: 6 (libsumo, fast mode)
[INFO] Episode duration: 900s (15 min)

[DEBUG] 🎯 Célzott Forgalom Generálása (R1C1_C) | Period: 5.8199
Found 6 valid OD pairs for R1C1_C
Generating focused traffic: Period 5.8199s
[INFO] Subscriptions active: 6 (libsumo, fast mode)
[INFO] Episode duration: 2700s (45 min)

[DEBUG] 🎯 Célzott Forgalom Generálása (R1C1_C) | Period: 6.1112
Found 6 valid OD pairs for R1C1_C
Generating focused traffic: Period 6.1112s
[INFO] Subscriptions active: 6 (libsumo, fast mode)
[INFO] Episode duration: 2700s (45 min)

[DEBUG] 🎯 Célzott Forgalom Generálása (R1C1_C) | Period: 6.1616
Found 6 valid OD pairs for R1C1_C
Generating focused traffic: Period 6.1616s
[INFO] Subscriptions active: 6 (libsumo, fast mode)
[INFO] Episode duration: 3600s (60 min)

[DEBUG] 🎯 Célzott Forgalom Generálása (R1C1_C) | Period: 4.7546
Found 6 valid OD pairs for R1C1_C
Generating focused traffic: Period 4.7546s
[INFO] Subscriptions active: 6 (libsumo, fast mode)
[INFO] Episode duration: 1800s (30 min)

[DEBUG] 🎯 Célzott Forgalom Generálása (R1C1_C) | Period: 5.9192
Found 6 valid OD pairs for R1C1_C
Generating focused traffic: Period 5.9192s
[INFO] Subscriptions active: 6 (libsumo, fast mode)
[INFO] Episode duration: 3600s (60 min)

[DEBUG] 🎯 Célzott Forgalom Generálása (R1C1_C) | Period: 4.5528
Found 6 valid OD pairs for R1C1_C
Generating focused traffic: Period 4.5528s
[INFO] Subscriptions active: 6 (libsumo, fast mode)
[INFO] Episode duration: 900s (15 min)

[DEBUG] 🎯 Célzott Forgalom Generálása (R1C1_C) | Period: 7.8319
Found 6 valid OD pairs for R1C1_C
Generating focused traffic: Period 7.8319s
[INFO] Subscriptions active: 6 (libsumo, fast mode)
[INFO] Episode duration: 3600s (60 min)

[DEBUG] 🎯 Célzott Forgalom Generálása (R1C1_C) | Period: 4.064
Found 6 valid OD pairs for R1C1_C
Generating focused traffic: Period 4.0640s
[INFO] Subscriptions active: 6 (libsumo, fast mode)
[INFO] Episode duration: 900s (15 min)

[DEBUG] 🎯 Célzott Forgalom Generálása (R1C1_C) | Period: 5.637
Found 6 valid OD pairs for R1C1_C
Generating focused traffic: Period 5.6370s
[INFO] Subscriptions active: 6 (libsumo, fast mode)
[INFO] Episode duration: 2700s (45 min)

[DEBUG] 🎯 Célzott Forgalom Generálása (R1C1_C) | Period: 7.5751
Found 6 valid OD pairs for R1C1_C
Generating focused traffic: Period 7.5751s
[INFO] Subscriptions active: 6 (libsumo, fast mode)
[INFO] Episode duration: 3600s (60 min)

[DEBUG] 🎯 Célzott Forgalom Generálása (R1C1_C) | Period: 5.2853
Found 6 valid OD pairs for R1C1_C
Generating focused traffic: Period 5.2853s
[INFO] Subscriptions active: 6 (libsumo, fast mode)
[INFO] Episode duration: 900s (15 min)

[DEBUG] 🎯 Célzott Forgalom Generálása (R1C1_C) | Period: 7.7115
Found 6 valid OD pairs for R1C1_C
Generating focused traffic: Period 7.7115s
[INFO] Subscriptions active: 6 (libsumo, fast mode)
[INFO] Episode duration: 1800s (30 min)

[DEBUG] 🎯 Célzott Forgalom Generálása (R1C1_C) | Period: 5.5509
Found 6 valid OD pairs for R1C1_C
Generating focused traffic: Period 5.5509s
[INFO] Subscriptions active: 6 (libsumo, fast mode)
[INFO] Episode duration: 900s (15 min)

[DEBUG] 🎯 Célzott Forgalom Generálása (R1C1_C) | Period: 7.3016
Found 6 valid OD pairs for R1C1_C
Generating focused traffic: Period 7.3016s
[INFO] Subscriptions active: 6 (libsumo, fast mode)
[INFO] Episode duration: 2700s (45 min)

[DEBUG] 🎯 Célzott Forgalom Generálása (R1C1_C) | Period: 7.1919
Found 6 valid OD pairs for R1C1_C
Generating focused traffic: Period 7.1919s
[INFO] Subscriptions active: 6 (libsumo, fast mode)
[INFO] Episode duration: 2700s (45 min)

[DEBUG] 🎯 Célzott Forgalom Generálása (R1C1_C) | Period: 7.0788
Found 6 valid OD pairs for R1C1_C
Generating focused traffic: Period 7.0788s
[INFO] Subscriptions active: 6 (libsumo, fast mode)
[INFO] Episode duration: 900s (15 min)

[DEBUG] 🎯 Célzott Forgalom Generálása (R1C1_C) | Period: 4.0083
Found 6 valid OD pairs for R1C1_C
Generating focused traffic: Period 4.0083s
[INFO] Subscriptions active: 6 (libsumo, fast mode)
[INFO] Episode duration: 900s (15 min)

[DEBUG] 🎯 Célzott Forgalom Generálása (R1C1_C) | Period: 7.8714
Found 6 valid OD pairs for R1C1_C
Generating focused traffic: Period 7.8714s
[INFO] Subscriptions active: 6 (libsumo, fast mode)
[INFO] Episode duration: 2700s (45 min)

[DEBUG] 🎯 Célzott Forgalom Generálása (R1C1_C) | Period: 5.6965
Found 6 valid OD pairs for R1C1_C
Generating focused traffic: Period 5.6965s
[INFO] Subscriptions active: 6 (libsumo, fast mode)
[INFO] Episode duration: 3600s (60 min)

[DEBUG] 🎯 Célzott Forgalom Generálása (R1C1_C) | Period: 4.8946
Found 6 valid OD pairs for R1C1_C
Generating focused traffic: Period 4.8946s
[INFO] Subscriptions active: 6 (libsumo, fast mode)
[INFO] Episode duration: 900s (15 min)

[DEBUG] 🎯 Célzott Forgalom Generálása (R1C1_C) | Period: 7.4337
Found 6 valid OD pairs for R1C1_C
Generating focused traffic: Period 7.4337s
[INFO] Subscriptions active: 6 (libsumo, fast mode)
[INFO] Episode duration: 2700s (45 min)

[DEBUG] 🎯 Célzott Forgalom Generálása (R1C1_C) | Period: 4.8934
Found 6 valid OD pairs for R1C1_C
Generating focused traffic: Period 4.8934s
[INFO] Subscriptions active: 6 (libsumo, fast mode)
[INFO] Episode duration: 900s (15 min)

[DEBUG] 🎯 Célzott Forgalom Generálása (R1C1_C) | Period: 6.4321
Found 6 valid OD pairs for R1C1_C
Generating focused traffic: Period 6.4321s
[INFO] Subscriptions active: 6 (libsumo, fast mode)
[INFO] Episode duration: 1800s (30 min)

[DEBUG] 🎯 Célzott Forgalom Generálása (R1C1_C) | Period: 5.102
Found 6 valid OD pairs for R1C1_C
Generating focused traffic: Period 5.1020s
[INFO] Subscriptions active: 6 (libsumo, fast mode)
[INFO] Episode duration: 1800s (30 min)

[DEBUG] 🎯 Célzott Forgalom Generálása (R1C1_C) | Period: 5.3463
Found 6 valid OD pairs for R1C1_C
Generating focused traffic: Period 5.3463s
[INFO] Subscriptions active: 6 (libsumo, fast mode)
[INFO] Episode duration: 2700s (45 min)

[DEBUG] 🎯 Célzott Forgalom Generálása (R1C1_C) | Period: 6.3666
Found 6 valid OD pairs for R1C1_C
Generating focused traffic: Period 6.3666s
[INFO] Subscriptions active: 6 (libsumo, fast mode)
[INFO] Episode duration: 1800s (30 min)

[DEBUG] 🎯 Célzott Forgalom Generálása (R1C1_C) | Period: 4.4544
Found 6 valid OD pairs for R1C1_C
Generating focused traffic: Period 4.4544s
[INFO] Subscriptions active: 6 (libsumo, fast mode)
[INFO] Episode duration: 2700s (45 min)

[DEBUG] 🎯 Célzott Forgalom Generálása (R1C1_C) | Period: 6.6246
Found 6 valid OD pairs for R1C1_C
Generating focused traffic: Period 6.6246s
[INFO] Subscriptions active: 6 (libsumo, fast mode)
[INFO] Episode duration: 1800s (30 min)

[DEBUG] 🎯 Célzott Forgalom Generálása (R1C1_C) | Period: 7.7442
Found 6 valid OD pairs for R1C1_C
Generating focused traffic: Period 7.7442s
[INFO] Subscriptions active: 6 (libsumo, fast mode)
[INFO] Episode duration: 2700s (45 min)

[DEBUG] 🎯 Célzott Forgalom Generálása (R1C1_C) | Period: 6.2774
Found 6 valid OD pairs for R1C1_C
Generating focused traffic: Period 6.2774s
[INFO] Subscriptions active: 6 (libsumo, fast mode)
[INFO] Episode duration: 900s (15 min)

[DEBUG] 🎯 Célzott Forgalom Generálása (R1C1_C) | Period: 6.5065
Found 6 valid OD pairs for R1C1_C
Generating focused traffic: Period 6.5065s
[INFO] Subscriptions active: 6 (libsumo, fast mode)
[INFO] Episode duration: 900s (15 min)

[DEBUG] 🎯 Célzott Forgalom Generálása (R1C1_C) | Period: 5.8558
Found 6 valid OD pairs for R1C1_C
Generating focused traffic: Period 5.8558s
[INFO] Subscriptions active: 6 (libsumo, fast mode)
[INFO] Episode duration: 1800s (30 min)

[DEBUG] 🎯 Célzott Forgalom Generálása (R1C1_C) | Period: 5.9831
Found 6 valid OD pairs for R1C1_C
Generating focused traffic: Period 5.9831s
[INFO] Subscriptions active: 6 (libsumo, fast mode)
[INFO] Episode duration: 2700s (45 min)

[DEBUG] 🎯 Célzott Forgalom Generálása (R1C1_C) | Period: 6.59
Found 6 valid OD pairs for R1C1_C
Generating focused traffic: Period 6.5900s
[INFO] Subscriptions active: 6 (libsumo, fast mode)
[INFO] Episode duration: 2700s (45 min)

[DEBUG] 🎯 Célzott Forgalom Generálása (R1C1_C) | Period: 7.0178
Found 6 valid OD pairs for R1C1_C
Generating focused traffic: Period 7.0178s
[INFO] Subscriptions active: 6 (libsumo, fast mode)
[INFO] Episode duration: 1800s (30 min)

[DEBUG] 🎯 Célzott Forgalom Generálása (R1C1_C) | Period: 7.9049
Found 6 valid OD pairs for R1C1_C
Generating focused traffic: Period 7.9049s
[INFO] Subscriptions active: 6 (libsumo, fast mode)
[INFO] Episode duration: 900s (15 min)

[DEBUG] 🎯 Célzott Forgalom Generálása (R1C1_C) | Period: 5.3011
Found 6 valid OD pairs for R1C1_C
Generating focused traffic: Period 5.3011s
[INFO] Subscriptions active: 6 (libsumo, fast mode)
[INFO] Episode duration: 2700s (45 min)

[DEBUG] 🎯 Célzott Forgalom Generálása (R1C1_C) | Period: 6.8675
Found 6 valid OD pairs for R1C1_C
Generating focused traffic: Period 6.8675s
[INFO] Subscriptions active: 6 (libsumo, fast mode)
[INFO] Episode duration: 1800s (30 min)

[DEBUG] 🎯 Célzott Forgalom Generálása (R1C1_C) | Period: 7.1079
Found 6 valid OD pairs for R1C1_C
Generating focused traffic: Period 7.1079s
[INFO] Subscriptions active: 6 (libsumo, fast mode)
[INFO] Episode duration: 3600s (60 min)

[DEBUG] 🎯 Célzott Forgalom Generálása (R1C1_C) | Period: 4.6477
Found 6 valid OD pairs for R1C1_C
Generating focused traffic: Period 4.6477s
[INFO] Subscriptions active: 6 (libsumo, fast mode)
[INFO] Episode duration: 2700s (45 min)

[DEBUG] 🎯 Célzott Forgalom Generálása (R1C1_C) | Period: 7.688
Found 6 valid OD pairs for R1C1_C
Generating focused traffic: Period 7.6880s
[INFO] Subscriptions active: 6 (libsumo, fast mode)
[INFO] Episode duration: 900s (15 min)

[DEBUG] 🎯 Célzott Forgalom Generálása (R1C1_C) | Period: 5.765
Found 6 valid OD pairs for R1C1_C
Generating focused traffic: Period 5.7650s
[INFO] Subscriptions active: 6 (libsumo, fast mode)
[INFO] Episode duration: 900s (15 min)

[DEBUG] 🎯 Célzott Forgalom Generálása (R1C1_C) | Period: 7.2048
Found 6 valid OD pairs for R1C1_C
Generating focused traffic: Period 7.2048s
[INFO] Subscriptions active: 6 (libsumo, fast mode)
[INFO] Episode duration: 2700s (45 min)

[DEBUG] 🎯 Célzott Forgalom Generálása (R1C1_C) | Period: 6.8697
Found 6 valid OD pairs for R1C1_C
Generating focused traffic: Period 6.8697s
[INFO] Subscriptions active: 6 (libsumo, fast mode)
-------------------------------------------
| rollout/                |               |
|    ep_len_mean          | 436           |
|    ep_rew_mean          | 213           |
| time/                   |               |
|    fps                  | 115           |
|    iterations           | 40            |
|    time_elapsed         | 710           |
|    total_timesteps      | 81920         |
| train/                  |               |
|    approx_kl            | 0.00017177363 |
|    clip_fraction        | 0.000146      |
|    clip_range           | 0.2           |
|    entropy_loss         | -0.0614       |
|    explained_variance   | -1.31e-06     |
|    learning_rate        | 0.0001        |
|    loss                 | 10.8          |
|    n_updates            | 390           |
|    policy_gradient_loss | -0.000524     |
|    value_loss           | 25.2          |
-------------------------------------------
[INFO] Episode duration: 1800s (30 min)

[DEBUG] 🎯 Célzott Forgalom Generálása (R1C1_C) | Period: 6.0262
Found 6 valid OD pairs for R1C1_C
Generating focused traffic: Period 6.0262s
[INFO] Subscriptions active: 6 (libsumo, fast mode)
[INFO] Episode duration: 900s (15 min)

[DEBUG] 🎯 Célzott Forgalom Generálása (R1C1_C) | Period: 5.3894
Found 6 valid OD pairs for R1C1_C
Generating focused traffic: Period 5.3894s
[INFO] Subscriptions active: 6 (libsumo, fast mode)
[INFO] Episode duration: 3600s (60 min)

[DEBUG] 🎯 Célzott Forgalom Generálása (R1C1_C) | Period: 7.114
Found 6 valid OD pairs for R1C1_C
Generating focused traffic: Period 7.1140s
[INFO] Subscriptions active: 6 (libsumo, fast mode)
[INFO] Episode duration: 900s (15 min)

[DEBUG] 🎯 Célzott Forgalom Generálása (R1C1_C) | Period: 5.3007
Found 6 valid OD pairs for R1C1_C
Generating focused traffic: Period 5.3007s
[INFO] Subscriptions active: 6 (libsumo, fast mode)
[INFO] Episode duration: 1800s (30 min)

[DEBUG] 🎯 Célzott Forgalom Generálása (R1C1_C) | Period: 4.6136
Found 6 valid OD pairs for R1C1_C
Generating focused traffic: Period 4.6136s
[INFO] Subscriptions active: 6 (libsumo, fast mode)
[INFO] Episode duration: 900s (15 min)

[DEBUG] 🎯 Célzott Forgalom Generálása (R1C1_C) | Period: 7.3267
Found 6 valid OD pairs for R1C1_C
Generating focused traffic: Period 7.3267s
[INFO] Subscriptions active: 6 (libsumo, fast mode)
[INFO] Episode duration: 3600s (60 min)

[DEBUG] 🎯 Célzott Forgalom Generálása (R1C1_C) | Period: 5.0363
Found 6 valid OD pairs for R1C1_C
Generating focused traffic: Period 5.0363s
[INFO] Subscriptions active: 6 (libsumo, fast mode)
[INFO] Episode duration: 1800s (30 min)

[DEBUG] 🎯 Célzott Forgalom Generálása (R1C1_C) | Period: 4.1978
Found 6 valid OD pairs for R1C1_C
Generating focused traffic: Period 4.1978s
[INFO] Subscriptions active: 6 (libsumo, fast mode)
[INFO] Episode duration: 2700s (45 min)

[DEBUG] 🎯 Célzott Forgalom Generálása (R1C1_C) | Period: 6.3703
Found 6 valid OD pairs for R1C1_C
Generating focused traffic: Period 6.3703s
[INFO] Subscriptions active: 6 (libsumo, fast mode)
[INFO] Episode duration: 900s (15 min)

[DEBUG] 🎯 Célzott Forgalom Generálása (R1C1_C) | Period: 6.8818
Found 6 valid OD pairs for R1C1_C
Generating focused traffic: Period 6.8818s
[INFO] Subscriptions active: 6 (libsumo, fast mode)
[INFO] Episode duration: 2700s (45 min)

[DEBUG] 🎯 Célzott Forgalom Generálása (R1C1_C) | Period: 4.4075
Found 6 valid OD pairs for R1C1_C
Generating focused traffic: Period 4.4075s
[INFO] Subscriptions active: 6 (libsumo, fast mode)
[INFO] Episode duration: 1800s (30 min)

[DEBUG] 🎯 Célzott Forgalom Generálása (R1C1_C) | Period: 4.1047
Found 6 valid OD pairs for R1C1_C
Generating focused traffic: Period 4.1047s
[INFO] Subscriptions active: 6 (libsumo, fast mode)
[INFO] Episode duration: 1800s (30 min)

[DEBUG] 🎯 Célzott Forgalom Generálása (R1C1_C) | Period: 5.6854
Found 6 valid OD pairs for R1C1_C
Generating focused traffic: Period 5.6854s
[INFO] Subscriptions active: 6 (libsumo, fast mode)
[INFO] Episode duration: 3600s (60 min)

[DEBUG] 🎯 Célzott Forgalom Generálása (R1C1_C) | Period: 7.2262
Found 6 valid OD pairs for R1C1_C
Generating focused traffic: Period 7.2262s
[INFO] Subscriptions active: 6 (libsumo, fast mode)
[INFO] Episode duration: 2700s (45 min)

[DEBUG] 🎯 Célzott Forgalom Generálása (R1C1_C) | Period: 5.0575
Found 6 valid OD pairs for R1C1_C
Generating focused traffic: Period 5.0575s
[INFO] Subscriptions active: 6 (libsumo, fast mode)
[INFO] Episode duration: 1800s (30 min)

[DEBUG] 🎯 Célzott Forgalom Generálása (R1C1_C) | Period: 7.9398
Found 6 valid OD pairs for R1C1_C
Generating focused traffic: Period 7.9398s
[INFO] Subscriptions active: 6 (libsumo, fast mode)
[INFO] Episode duration: 1800s (30 min)

[DEBUG] 🎯 Célzott Forgalom Generálása (R1C1_C) | Period: 5.3341
Found 6 valid OD pairs for R1C1_C
Generating focused traffic: Period 5.3341s
[INFO] Subscriptions active: 6 (libsumo, fast mode)
[INFO] Episode duration: 3600s (60 min)

[DEBUG] 🎯 Célzott Forgalom Generálása (R1C1_C) | Period: 5.8573
Found 6 valid OD pairs for R1C1_C
Generating focused traffic: Period 5.8573s
[INFO] Subscriptions active: 6 (libsumo, fast mode)
[INFO] Episode duration: 1800s (30 min)

[DEBUG] 🎯 Célzott Forgalom Generálása (R1C1_C) | Period: 7.2585
Found 6 valid OD pairs for R1C1_C
Generating focused traffic: Period 7.2585s
[INFO] Subscriptions active: 6 (libsumo, fast mode)
[INFO] Episode duration: 900s (15 min)

[DEBUG] 🎯 Célzott Forgalom Generálása (R1C1_C) | Period: 7.2563
Found 6 valid OD pairs for R1C1_C
Generating focused traffic: Period 7.2563s
[INFO] Subscriptions active: 6 (libsumo, fast mode)
[INFO] Episode duration: 1800s (30 min)

[DEBUG] 🎯 Célzott Forgalom Generálása (R1C1_C) | Period: 4.2295
Found 6 valid OD pairs for R1C1_C
Generating focused traffic: Period 4.2295s
[INFO] Subscriptions active: 6 (libsumo, fast mode)
[INFO] Episode duration: 1800s (30 min)

[DEBUG] 🎯 Célzott Forgalom Generálása (R1C1_C) | Period: 7.0937
Found 6 valid OD pairs for R1C1_C
Generating focused traffic: Period 7.0937s
[INFO] Subscriptions active: 6 (libsumo, fast mode)
[INFO] Episode duration: 2700s (45 min)

[DEBUG] 🎯 Célzott Forgalom Generálása (R1C1_C) | Period: 6.4023
Found 6 valid OD pairs for R1C1_C
Generating focused traffic: Period 6.4023s
[INFO] Subscriptions active: 6 (libsumo, fast mode)
[INFO] Episode duration: 1800s (30 min)

[DEBUG] 🎯 Célzott Forgalom Generálása (R1C1_C) | Period: 4.2062
Found 6 valid OD pairs for R1C1_C
Generating focused traffic: Period 4.2062s
[INFO] Subscriptions active: 6 (libsumo, fast mode)
[INFO] Episode duration: 3600s (60 min)

[DEBUG] 🎯 Célzott Forgalom Generálása (R1C1_C) | Period: 6.9849
Found 6 valid OD pairs for R1C1_C
Generating focused traffic: Period 6.9849s
[INFO] Subscriptions active: 6 (libsumo, fast mode)
[INFO] Episode duration: 3600s (60 min)

[DEBUG] 🎯 Célzott Forgalom Generálása (R1C1_C) | Period: 7.9364
Found 6 valid OD pairs for R1C1_C
Generating focused traffic: Period 7.9364s
[INFO] Subscriptions active: 6 (libsumo, fast mode)
[INFO] Episode duration: 3600s (60 min)

[DEBUG] 🎯 Célzott Forgalom Generálása (R1C1_C) | Period: 7.333
Found 6 valid OD pairs for R1C1_C
Generating focused traffic: Period 7.3330s
[INFO] Subscriptions active: 6 (libsumo, fast mode)
[INFO] Episode duration: 2700s (45 min)

[DEBUG] 🎯 Célzott Forgalom Generálása (R1C1_C) | Period: 7.6452
Found 6 valid OD pairs for R1C1_C
Generating focused traffic: Period 7.6452s
[INFO] Subscriptions active: 6 (libsumo, fast mode)
[INFO] Episode duration: 2700s (45 min)

[DEBUG] 🎯 Célzott Forgalom Generálása (R1C1_C) | Period: 5.7691
Found 6 valid OD pairs for R1C1_C
Generating focused traffic: Period 5.7691s
[INFO] Subscriptions active: 6 (libsumo, fast mode)
[INFO] Episode duration: 1800s (30 min)

[DEBUG] 🎯 Célzott Forgalom Generálása (R1C1_C) | Period: 7.3748
Found 6 valid OD pairs for R1C1_C
Generating focused traffic: Period 7.3748s
[INFO] Subscriptions active: 6 (libsumo, fast mode)
[INFO] Episode duration: 1800s (30 min)

[DEBUG] 🎯 Célzott Forgalom Generálása (R1C1_C) | Period: 7.0223
Found 6 valid OD pairs for R1C1_C
Generating focused traffic: Period 7.0223s
[INFO] Subscriptions active: 6 (libsumo, fast mode)
[INFO] Episode duration: 2700s (45 min)

[DEBUG] 🎯 Célzott Forgalom Generálása (R1C1_C) | Period: 6.2771
Found 6 valid OD pairs for R1C1_C
Generating focused traffic: Period 6.2771s
[INFO] Subscriptions active: 6 (libsumo, fast mode)
[INFO] Episode duration: 900s (15 min)

[DEBUG] 🎯 Célzott Forgalom Generálása (R1C1_C) | Period: 5.7743
Found 6 valid OD pairs for R1C1_C
Generating focused traffic: Period 5.7743s
[INFO] Subscriptions active: 6 (libsumo, fast mode)
[INFO] Episode duration: 900s (15 min)

[DEBUG] 🎯 Célzott Forgalom Generálása (R1C1_C) | Period: 4.292
Found 6 valid OD pairs for R1C1_C
Generating focused traffic: Period 4.2920s
[INFO] Subscriptions active: 6 (libsumo, fast mode)
[INFO] Episode duration: 1800s (30 min)
wandb: WARNING Symlinked 1 file into the W&B run directory; call wandb.save again to sync new files.
/Users/wagnertamas/Documents/Munka/cikkek/AI_agens_konyvtar/support/intergreen_matrix_calculator/rl_trainer.py:857: UserWarning: Exporting a model while it is in training mode. Please ensure that this is intended, as it may lead to different behavior during inference. Calling model.eval() before export is recommended.
  torch.onnx.export(
/Users/wagnertamas/Documents/Munka/cikkek/AI_agens_konyvtar/support/intergreen_matrix_calculator/rl_trainer.py:857: UserWarning: # 'dynamic_axes' is not recommended when dynamo=True, and may lead to 'torch._dynamo.exc.UserError: Constraints violated.' Supply the 'dynamic_shapes' argument instead if export is unsuccessful.
  torch.onnx.export(
wandb: updating run metadata
wandb: uploading pytorch_models/R1C1_C.zip; uploading output.log; uploading wandb-summary.json; uploading config.yaml
wandb: uploading pytorch_models/R1C1_C.zip; uploading output.log; uploading config.yaml
wandb: uploading history steps 993-1002, summary, console lines 1471-1493
wandb: 
wandb: Run history:
wandb:         R1C1_C/action_pct/phase_0 ▇▆▇▇▇▇▇█▆▆▇▇▆▅▄▄▃▃▃▂▂▂▂▂▁▁▁▁▁▁▁▁▁▁▁▁▁▁▁▁
wandb:         R1C1_C/action_pct/phase_1 ▇██▇█▆▇▅▇▆▅▅▅▄▄▄▃▃▁▂▂▃▂▁▁▁▁▁▁▁▁▁▁▁▁▁▁▁▁
wandb:         R1C1_C/action_pct/phase_2 ▇█▇▇▆▇▆▆▆▆▆▅▅▄▄▃▃▂▂▃▂▂▁▁▁▁▁▁▁▁▁▁▁▁▁▁▁▁
wandb:         R1C1_C/action_pct/phase_3 ▁▁▁▁▂▂▂▂▂▃▃▃▄▅▅▆▇▇▇▇▇▇██████████████████
wandb:         R1C1_C/train/entropy_loss ▁▁▁▁▁▁▁▁▁▁▄▄▄▅▅▆▆▇▇▇▇▇▇▇▇▇██████████████
wandb:        R1C1_C/train/learning_rate ▁▁▁▁▁▁▁▁▁▁▁▁▁▁▁▁▁▁▁▁▁▁▁▁▁▁▁▁▁▁▁▁▁▁▁▁▁▁▁▁
wandb:                 R1C1_C/train/loss ▃▂▂▃▃▁▁▂▂▂▂▂▂▂▃▂▃▃▃▃▃▃▃▃▄▂▄▄▄▅▂▇▇▇▅▁▃▄▂█
wandb: R1C1_C/train/policy_gradient_loss ██▇▇▇▆▆▇▇▇▁▁▁▅▅▄▄▇▇▆▄▇▇▇▇█▆██▇▇█████▇███
wandb:           R1C1_C/train/value_loss ▅▅▅██▅▄▄▁▁▃▃▄▄▄▅▅▅▅▅▆▆██▆▆▆▅▅▅▇▅▆▅▅▅▅▅▅▅
wandb:                        avg_reward ▅▇▂▁▅▁▃▆▅▆▅▄▁▃▅▅▃▆▃▆▅▆▆▅▇▆▆▇▆▆█▇▆▇▅█▆▇█▇
wandb:                                +9 ...
wandb: 
wandb: Run summary:
wandb:         R1C1_C/action_pct/phase_0 0.18519
wandb:         R1C1_C/action_pct/phase_1 0.41667
wandb:         R1C1_C/action_pct/phase_2 0.13889
wandb:         R1C1_C/action_pct/phase_3 100
wandb:         R1C1_C/train/entropy_loss -0.03867
wandb:        R1C1_C/train/learning_rate 0.0001
wandb:                 R1C1_C/train/loss 27.15019
wandb: R1C1_C/train/policy_gradient_loss -0.00061
wandb:           R1C1_C/train/value_loss 31.12168
wandb:                        avg_reward 0.45295
wandb:                                +9 ...
wandb: 
wandb: 🚀 View run ppo_co2_speedstd_2x8_1_R1C1_C at: https://wandb.ai/wagnertamas-budapesti-m-szaki-s-gazdas-gtudom-nyi-egyetem/sumo-rl-stat/runs/uuey0ehd
wandb: ⭐️ View project at: https://wandb.ai/wagnertamas-budapesti-m-szaki-s-gazdas-gtudom-nyi-egyetem/sumo-rl-stat
wandb: Synced 5 W&B file(s), 0 media file(s), 0 artifact file(s) and 1 other file(s)
wandb: Find logs at: ./wandb/run-20260322_001411-uuey0ehd/logs

[DEBUG] 🎯 Célzott Forgalom Generálása (R1C1_C) | Period: 5.0718
Found 6 valid OD pairs for R1C1_C
Generating focused traffic: Period 5.0718s
[INFO] Subscriptions active: 6 (libsumo, fast mode)
[INFO] Episode duration: 1800s (30 min)

[DEBUG] 🎯 Célzott Forgalom Generálása (R1C1_C) | Period: 5.4005
Found 6 valid OD pairs for R1C1_C
Generating focused traffic: Period 5.4005s
[INFO] Subscriptions active: 6 (libsumo, fast mode)
[INFO] Episode duration: 900s (15 min)

[DEBUG] 🎯 Célzott Forgalom Generálása (R1C1_C) | Period: 7.7921
Found 6 valid OD pairs for R1C1_C
Generating focused traffic: Period 7.7921s
[INFO] Subscriptions active: 6 (libsumo, fast mode)
[INFO] Episode duration: 2700s (45 min)

[DEBUG] 🎯 Célzott Forgalom Generálása (R1C1_C) | Period: 4.1173
Found 6 valid OD pairs for R1C1_C
Generating focused traffic: Period 4.1173s
[INFO] Subscriptions active: 6 (libsumo, fast mode)
[INFO] Episode duration: 900s (15 min)

[DEBUG] 🎯 Célzott Forgalom Generálása (R1C1_C) | Period: 6.1787
Found 6 valid OD pairs for R1C1_C
Generating focused traffic: Period 6.1787s
[INFO] Subscriptions active: 6 (libsumo, fast mode)
[INFO] Episode duration: 3600s (60 min)

[DEBUG] 🎯 Célzott Forgalom Generálása (R1C1_C) | Period: 6.9759
Found 6 valid OD pairs for R1C1_C
Generating focused traffic: Period 6.9759s
[INFO] Subscriptions active: 6 (libsumo, fast mode)
[INFO] Episode duration: 1800s (30 min)

[DEBUG] 🎯 Célzott Forgalom Generálása (R1C1_C) | Period: 6.2336
Found 6 valid OD pairs for R1C1_C
Generating focused traffic: Period 6.2336s
[INFO] Subscriptions active: 6 (libsumo, fast mode)
[INFO] Episode duration: 2700s (45 min)

[DEBUG] 🎯 Célzott Forgalom Generálása (R1C1_C) | Period: 4.6738
Found 6 valid OD pairs for R1C1_C
Generating focused traffic: Period 4.6738s
[INFO] Subscriptions active: 6 (libsumo, fast mode)
On-policy training completed.
Closing environment and EXPORTING models...
Saving PyTorch ZIP models to /Users/wagnertamas/Documents/Munka/cikkek/AI_agens_konyvtar/support/intergreen_matrix_calculator/data/runs/pytorch_models...
Saved PyTorch R1C1_C to /Users/wagnertamas/Documents/Munka/cikkek/AI_agens_konyvtar/support/intergreen_matrix_calculator/data/runs/pytorch_models/R1C1_C.zip
Exporting ONNX models to /Users/wagnertamas/Documents/Munka/cikkek/AI_agens_konyvtar/support/intergreen_matrix_calculator/data/runs/onnx_models...
Failed to export R1C1_C: # Failed to convert 'dynamic_axes' to 'dynamic_shapes'. Please provide 'dynamic_shapes' directly. Refer to the documentation for 'torch.export.export' for more information on dynamic shapes.
Cleanup done.
