wandb: [wandb.login()] Loaded credentials for https://api.wandb.ai from /Users/wagnertamas/.netrc.
wandb: Currently logged in as: wagnertamas (wagnertamas-budapesti-m-szaki-s-gazdas-gtudom-nyi-egyetem) to https://api.wandb.ai. Use `wandb login --relogin` to force relogin
wandb: setting up run sfp8av4v
wandb: Tracking run with wandb version 0.25.1
wandb: Run data is saved locally in /Users/wagnertamas/Documents/Munka/cikkek/AI_agens_konyvtar/support/intergreen_matrix_calculator/wandb/run-20260408_005059-sfp8av4v
wandb: Run `wandb offline` to turn off syncing.
wandb: Syncing run ppo_speed_throughput_1x8_3_R1C1_C
wandb: ⭐️ View project at https://wandb.ai/wagnertamas-budapesti-m-szaki-s-gazdas-gtudom-nyi-egyetem/sumo-rl-stat-2
wandb: 🚀 View run at https://wandb.ai/wagnertamas-budapesti-m-szaki-s-gazdas-gtudom-nyi-egyetem/sumo-rl-stat-2/runs/sfp8av4v
[INFO] Config: training_config.yaml
[INFO] Net: /Users/wagnertamas/Documents/Munka/cikkek/AI_agens_konyvtar/support/intergreen_matrix_calculator/data/mega_catalogue_v2.net.xml
[INFO] Timesteps: 100000 | Project: sumo-rl-stat-2
[INFO] Junction: R1C1_C
[INFO] Algorithm: ppo | Reward: speed_throughput
[INFO] Load model: None (fresh)
[INFO] Traffic: random target+spread (epizódonként)
Initializing Environment (algorithm=ppo, reward=speed_throughput)...
[INFO] Algorithm: ppo (on_policy)
[INFO] Reward mode: speed_throughput
WandB config applied (Sweep compatible).
[INFO] Junction reward params auto-loaded from /Users/wagnertamas/Documents/Munka/cikkek/AI_agens_konyvtar/support/intergreen_matrix_calculator/data/junction_reward_params.json
[INFO] Using 'traci' (USE_LIBSUMO=0, parallel slave).
Starting SUMO...
[INFO] Episode duration: 3600s (60 min)

[DEBUG] 🎯 Célzott Forgalom Generálása (R1C1_C) | Period: 4.4284
Found 6 valid OD pairs for R1C1_C
Generating focused traffic: Period 4.4284s
 Retrying in 1 seconds
[INFO] Network mapped: 1 agents, 3 detectors, 3 lanes
[INFO] Subscriptions active: 6 (traci, fast mode)
Agents discovered: ['R1C1_C']
[INFO] RL device: mps
[INFO] On-policy training: ppo → R1C1_C
[INFO] Env reset az observation/action space inicializálásához...
[INFO] Episode duration: 3600s (60 min)

[DEBUG] 🎯 Célzott Forgalom Generálása (R1C1_C) | Period: 4.1007
Found 6 valid OD pairs for R1C1_C
Generating focused traffic: Period 4.1007s
[INFO] Subscriptions active: 6 (traci, fast mode)
Using mps device
Wrapping the env with a `Monitor` wrapper
Wrapping the env in a DummyVecEnv.
Starting on-policy training: 100000 timesteps...
[INFO] Episode duration: 900s (15 min)

[DEBUG] 🎯 Célzott Forgalom Generálása (R1C1_C) | Period: 4.1616
Found 6 valid OD pairs for R1C1_C
Generating focused traffic: Period 4.1616s
[INFO] Subscriptions active: 6 (traci, fast mode)
Logging to /Users/wagnertamas/Documents/Munka/cikkek/AI_agens_konyvtar/support/intergreen_matrix_calculator/data/runs/sumo-rl-stat-2/R1C1_C/PPO_2
[INFO] Episode duration: 2700s (45 min)

[DEBUG] 🎯 Célzott Forgalom Generálása (R1C1_C) | Period: 7.7536
Found 6 valid OD pairs for R1C1_C
Generating focused traffic: Period 7.7536s
[INFO] Subscriptions active: 6 (traci, fast mode)
  [ACTION PPO] R1C1_C: a0=28% (51) a1=26% (46) a2=24% (43) a3=22% (40)
[INFO] Episode duration: 3600s (60 min)

[DEBUG] 🎯 Célzott Forgalom Generálása (R1C1_C) | Period: 4.5887
Found 6 valid OD pairs for R1C1_C
Generating focused traffic: Period 4.5887s
[INFO] Subscriptions active: 6 (traci, fast mode)
  [ACTION PPO] R1C1_C: a0=29% (157) a1=25% (136) a2=27% (146) a3=19% (101)
[INFO] Episode duration: 900s (15 min)

[DEBUG] 🎯 Célzott Forgalom Generálása (R1C1_C) | Period: 5.8533
Found 6 valid OD pairs for R1C1_C
Generating focused traffic: Period 5.8533s
[INFO] Subscriptions active: 6 (traci, fast mode)
  [ACTION PPO] R1C1_C: a0=22% (157) a1=25% (179) a2=27% (197) a3=26% (187)
[INFO] Episode duration: 1800s (30 min)

[DEBUG] 🎯 Célzott Forgalom Generálása (R1C1_C) | Period: 6.2989
Found 6 valid OD pairs for R1C1_C
Generating focused traffic: Period 6.2989s
[INFO] Subscriptions active: 6 (traci, fast mode)
  [ACTION PPO] R1C1_C: a0=26% (47) a1=23% (41) a2=23% (42) a3=28% (50)
[INFO] Episode duration: 2700s (45 min)

[DEBUG] 🎯 Célzott Forgalom Generálása (R1C1_C) | Period: 5.4244
Found 6 valid OD pairs for R1C1_C
Generating focused traffic: Period 5.4244s
[INFO] Subscriptions active: 6 (traci, fast mode)
  [ACTION PPO] R1C1_C: a0=24% (86) a1=22% (81) a2=26% (93) a3=28% (100)
[INFO] Episode duration: 2700s (45 min)

[DEBUG] 🎯 Célzott Forgalom Generálása (R1C1_C) | Period: 7.5002
Found 6 valid OD pairs for R1C1_C
Generating focused traffic: Period 7.5002s
[INFO] Subscriptions active: 6 (traci, fast mode)
  [ACTION PPO] R1C1_C: a0=25% (137) a1=23% (124) a2=23% (126) a3=28% (153)
[INFO] Episode duration: 900s (15 min)

[DEBUG] 🎯 Célzott Forgalom Generálása (R1C1_C) | Period: 6.7501
Found 6 valid OD pairs for R1C1_C
Generating focused traffic: Period 6.7501s
[INFO] Subscriptions active: 6 (traci, fast mode)
  [ACTION PPO] R1C1_C: a0=28% (152) a1=26% (141) a2=21% (115) a3=24% (132)
[INFO] Episode duration: 1800s (30 min)

[DEBUG] 🎯 Célzott Forgalom Generálása (R1C1_C) | Period: 7.2885
Found 6 valid OD pairs for R1C1_C
Generating focused traffic: Period 7.2885s
[INFO] Subscriptions active: 6 (traci, fast mode)
  [ACTION PPO] R1C1_C: a0=26% (47) a1=30% (54) a2=17% (30) a3=27% (49)
[INFO] Episode duration: 900s (15 min)

[DEBUG] 🎯 Célzott Forgalom Generálása (R1C1_C) | Period: 6.8893
Found 6 valid OD pairs for R1C1_C
Generating focused traffic: Period 6.8893s
[INFO] Subscriptions active: 6 (traci, fast mode)
  [ACTION PPO] R1C1_C: a0=20% (71) a1=28% (99) a2=29% (104) a3=24% (86)
[INFO] Episode duration: 2700s (45 min)

[DEBUG] 🎯 Célzott Forgalom Generálása (R1C1_C) | Period: 6.1974
Found 6 valid OD pairs for R1C1_C
Generating focused traffic: Period 6.1974s
[INFO] Subscriptions active: 6 (traci, fast mode)
  [ACTION PPO] R1C1_C: a0=26% (46) a1=26% (46) a2=26% (47) a3=23% (41)
[INFO] Episode duration: 2700s (45 min)

[DEBUG] 🎯 Célzott Forgalom Generálása (R1C1_C) | Period: 5.9415
Found 6 valid OD pairs for R1C1_C
Generating focused traffic: Period 5.9415s
[INFO] Subscriptions active: 6 (traci, fast mode)
  [ACTION PPO] R1C1_C: a0=25% (136) a1=26% (142) a2=26% (142) a3=22% (120)
[INFO] Episode duration: 900s (15 min)

[DEBUG] 🎯 Célzott Forgalom Generálása (R1C1_C) | Period: 5.9119
Found 6 valid OD pairs for R1C1_C
Generating focused traffic: Period 5.9119s
[INFO] Subscriptions active: 6 (traci, fast mode)
  [ACTION PPO] R1C1_C: a0=21% (116) a1=25% (135) a2=26% (141) a3=27% (148)
[INFO] Episode duration: 1800s (30 min)

[DEBUG] 🎯 Célzott Forgalom Generálása (R1C1_C) | Period: 7.3771
Found 6 valid OD pairs for R1C1_C
Generating focused traffic: Period 7.3771s
[INFO] Subscriptions active: 6 (traci, fast mode)
  [ACTION PPO] R1C1_C: a0=19% (35) a1=26% (47) a2=26% (46) a3=29% (52)
[INFO] Episode duration: 900s (15 min)

[DEBUG] 🎯 Célzott Forgalom Generálása (R1C1_C) | Period: 6.3473
Found 6 valid OD pairs for R1C1_C
Generating focused traffic: Period 6.3473s
[INFO] Subscriptions active: 6 (traci, fast mode)
  [ACTION PPO] R1C1_C: a0=26% (93) a1=24% (86) a2=26% (95) a3=24% (86)
[INFO] Episode duration: 900s (15 min)

[DEBUG] 🎯 Célzott Forgalom Generálása (R1C1_C) | Period: 4.0393
Found 6 valid OD pairs for R1C1_C
Generating focused traffic: Period 4.0393s
[INFO] Subscriptions active: 6 (traci, fast mode)
  [ACTION PPO] R1C1_C: a0=23% (41) a1=24% (43) a2=27% (49) a3=26% (47)
[INFO] Episode duration: 2700s (45 min)

[DEBUG] 🎯 Célzott Forgalom Generálása (R1C1_C) | Period: 7.3459
Found 6 valid OD pairs for R1C1_C
Generating focused traffic: Period 7.3459s
[INFO] Subscriptions active: 6 (traci, fast mode)
  [ACTION PPO] R1C1_C: a0=22% (40) a1=22% (39) a2=27% (48) a3=29% (53)
[INFO] Episode duration: 3600s (60 min)

[DEBUG] 🎯 Célzott Forgalom Generálása (R1C1_C) | Period: 4.736
Found 6 valid OD pairs for R1C1_C
Generating focused traffic: Period 4.7360s
[INFO] Subscriptions active: 6 (traci, fast mode)
  [ACTION PPO] R1C1_C: a0=25% (136) a1=23% (122) a2=28% (152) a3=24% (130)
[INFO] Episode duration: 1800s (30 min)

[DEBUG] 🎯 Célzott Forgalom Generálása (R1C1_C) | Period: 7.6085
Found 6 valid OD pairs for R1C1_C
Generating focused traffic: Period 7.6085s
[INFO] Subscriptions active: 6 (traci, fast mode)
  [ACTION PPO] R1C1_C: a0=23% (168) a1=22% (161) a2=26% (190) a3=28% (201)
[INFO] Episode duration: 3600s (60 min)

[DEBUG] 🎯 Célzott Forgalom Generálása (R1C1_C) | Period: 6.589
Found 6 valid OD pairs for R1C1_C
Generating focused traffic: Period 6.5890s
[INFO] Subscriptions active: 6 (traci, fast mode)
  [ACTION PPO] R1C1_C: a0=24% (85) a1=27% (97) a2=24% (88) a3=25% (90)
[INFO] Episode duration: 2700s (45 min)

[DEBUG] 🎯 Célzott Forgalom Generálása (R1C1_C) | Period: 5.0362
Found 6 valid OD pairs for R1C1_C
Generating focused traffic: Period 5.0362s
[INFO] Subscriptions active: 6 (traci, fast mode)
  [ACTION PPO] R1C1_C: a0=19% (139) a1=21% (153) a2=32% (232) a3=27% (196)
[INFO] Episode duration: 1800s (30 min)

[DEBUG] 🎯 Célzott Forgalom Generálása (R1C1_C) | Period: 7.5772
Found 6 valid OD pairs for R1C1_C
Generating focused traffic: Period 7.5772s
[INFO] Subscriptions active: 6 (traci, fast mode)
  [ACTION PPO] R1C1_C: a0=22% (121) a1=21% (111) a2=33% (180) a3=24% (128)
[INFO] Episode duration: 1800s (30 min)

[DEBUG] 🎯 Célzott Forgalom Generálása (R1C1_C) | Period: 6.4847
Found 6 valid OD pairs for R1C1_C
Generating focused traffic: Period 6.4847s
[INFO] Subscriptions active: 6 (traci, fast mode)
  [ACTION PPO] R1C1_C: a0=20% (72) a1=20% (71) a2=35% (125) a3=26% (92)
[INFO] Episode duration: 1800s (30 min)

[DEBUG] 🎯 Célzott Forgalom Generálása (R1C1_C) | Period: 5.2663
Found 6 valid OD pairs for R1C1_C
Generating focused traffic: Period 5.2663s
[INFO] Subscriptions active: 6 (traci, fast mode)
  [ACTION PPO] R1C1_C: a0=20% (71) a1=24% (88) a2=28% (100) a3=28% (101)
[INFO] Episode duration: 900s (15 min)

[DEBUG] 🎯 Célzott Forgalom Generálása (R1C1_C) | Period: 7.0111
Found 6 valid OD pairs for R1C1_C
Generating focused traffic: Period 7.0111s
[INFO] Subscriptions active: 6 (traci, fast mode)
  [ACTION PPO] R1C1_C: a0=20% (71) a1=24% (86) a2=28% (99) a3=29% (104)
[INFO] Episode duration: 1800s (30 min)

[DEBUG] 🎯 Célzott Forgalom Generálása (R1C1_C) | Period: 4.2827
Found 6 valid OD pairs for R1C1_C
Generating focused traffic: Period 4.2827s
[INFO] Subscriptions active: 6 (traci, fast mode)
  [ACTION PPO] R1C1_C: a0=26% (46) a1=18% (33) a2=32% (58) a3=24% (43)
[INFO] Episode duration: 2700s (45 min)

[DEBUG] 🎯 Célzott Forgalom Generálása (R1C1_C) | Period: 6.1821
Found 6 valid OD pairs for R1C1_C
Generating focused traffic: Period 6.1821s
[INFO] Subscriptions active: 6 (traci, fast mode)
  [ACTION PPO] R1C1_C: a0=19% (70) a1=24% (88) a2=28% (100) a3=28% (102)
[INFO] Episode duration: 3600s (60 min)

[DEBUG] 🎯 Célzott Forgalom Generálása (R1C1_C) | Period: 5.1235
Found 6 valid OD pairs for R1C1_C
Generating focused traffic: Period 5.1235s
[INFO] Subscriptions active: 6 (traci, fast mode)
  [ACTION PPO] R1C1_C: a0=17% (94) a1=26% (138) a2=32% (172) a3=25% (136)
[INFO] Episode duration: 900s (15 min)

[DEBUG] 🎯 Célzott Forgalom Generálása (R1C1_C) | Period: 4.002
Found 6 valid OD pairs for R1C1_C
Generating focused traffic: Period 4.0020s
[INFO] Subscriptions active: 6 (traci, fast mode)
  [ACTION PPO] R1C1_C: a0=20% (144) a1=25% (178) a2=31% (220) a3=25% (178)
[INFO] Episode duration: 1800s (30 min)

[DEBUG] 🎯 Célzott Forgalom Generálása (R1C1_C) | Period: 7.3913
Found 6 valid OD pairs for R1C1_C
Generating focused traffic: Period 7.3913s
[INFO] Subscriptions active: 6 (traci, fast mode)
  [ACTION PPO] R1C1_C: a0=19% (34) a1=23% (42) a2=26% (46) a3=32% (58)
[INFO] Episode duration: 2700s (45 min)

[DEBUG] 🎯 Célzott Forgalom Generálása (R1C1_C) | Period: 4.3284
Found 6 valid OD pairs for R1C1_C
Generating focused traffic: Period 4.3284s
[INFO] Subscriptions active: 6 (traci, fast mode)
  [ACTION PPO] R1C1_C: a0=18% (64) a1=26% (93) a2=29% (105) a3=27% (98)
[INFO] Episode duration: 2700s (45 min)

[DEBUG] 🎯 Célzott Forgalom Generálása (R1C1_C) | Period: 7.2972
Found 6 valid OD pairs for R1C1_C
Generating focused traffic: Period 7.2972s
[INFO] Subscriptions active: 6 (traci, fast mode)
  [ACTION PPO] R1C1_C: a0=21% (112) a1=21% (115) a2=34% (185) a3=24% (128)
[INFO] Episode duration: 1800s (30 min)

[DEBUG] 🎯 Célzott Forgalom Generálása (R1C1_C) | Period: 5.3595
Found 6 valid OD pairs for R1C1_C
Generating focused traffic: Period 5.3595s
[INFO] Subscriptions active: 6 (traci, fast mode)
  [ACTION PPO] R1C1_C: a0=22% (118) a1=23% (125) a2=28% (151) a3=27% (146)
[INFO] Episode duration: 2700s (45 min)

[DEBUG] 🎯 Célzott Forgalom Generálása (R1C1_C) | Period: 5.16
Found 6 valid OD pairs for R1C1_C
Generating focused traffic: Period 5.1600s
[INFO] Subscriptions active: 6 (traci, fast mode)
  [ACTION PPO] R1C1_C: a0=20% (73) a1=22% (80) a2=36% (128) a3=22% (79)
[INFO] Episode duration: 2700s (45 min)

[DEBUG] 🎯 Célzott Forgalom Generálása (R1C1_C) | Period: 7.9579
Found 6 valid OD pairs for R1C1_C
Generating focused traffic: Period 7.9579s
[INFO] Subscriptions active: 6 (traci, fast mode)
  [ACTION PPO] R1C1_C: a0=24% (129) a1=21% (115) a2=32% (171) a3=23% (125)
[INFO] Episode duration: 2700s (45 min)

[DEBUG] 🎯 Célzott Forgalom Generálása (R1C1_C) | Period: 6.3765
Found 6 valid OD pairs for R1C1_C
Generating focused traffic: Period 6.3765s
[INFO] Subscriptions active: 6 (traci, fast mode)
  [ACTION PPO] R1C1_C: a0=21% (111) a1=25% (137) a2=29% (159) a3=25% (133)
[INFO] Episode duration: 1800s (30 min)

[DEBUG] 🎯 Célzott Forgalom Generálása (R1C1_C) | Period: 7.2274
Found 6 valid OD pairs for R1C1_C
Generating focused traffic: Period 7.2274s
[INFO] Subscriptions active: 6 (traci, fast mode)
  [ACTION PPO] R1C1_C: a0=21% (114) a1=20% (107) a2=33% (177) a3=26% (142)
[INFO] Episode duration: 2700s (45 min)

[DEBUG] 🎯 Célzott Forgalom Generálása (R1C1_C) | Period: 6.0327
Found 6 valid OD pairs for R1C1_C
Generating focused traffic: Period 6.0327s
[INFO] Subscriptions active: 6 (traci, fast mode)
  [ACTION PPO] R1C1_C: a0=21% (77) a1=24% (86) a2=28% (102) a3=26% (95)
[INFO] Episode duration: 3600s (60 min)

[DEBUG] 🎯 Célzott Forgalom Generálása (R1C1_C) | Period: 5.5837
Found 6 valid OD pairs for R1C1_C
Generating focused traffic: Period 5.5837s
[INFO] Subscriptions active: 6 (traci, fast mode)
  [ACTION PPO] R1C1_C: a0=19% (105) a1=20% (109) a2=36% (192) a3=25% (134)
[INFO] Episode duration: 3600s (60 min)

[DEBUG] 🎯 Célzott Forgalom Generálása (R1C1_C) | Period: 6.4644
Found 6 valid OD pairs for R1C1_C
Generating focused traffic: Period 6.4644s
[INFO] Subscriptions active: 6 (traci, fast mode)
  [ACTION PPO] R1C1_C: a0=19% (136) a1=20% (147) a2=33% (239) a3=28% (198)
[INFO] Episode duration: 2700s (45 min)

[DEBUG] 🎯 Célzott Forgalom Generálása (R1C1_C) | Period: 5.0747
Found 6 valid OD pairs for R1C1_C
Generating focused traffic: Period 5.0747s
[INFO] Subscriptions active: 6 (traci, fast mode)
  [ACTION PPO] R1C1_C: a0=19% (137) a1=19% (140) a2=37% (267) a3=24% (176)
[INFO] Episode duration: 1800s (30 min)

[DEBUG] 🎯 Célzott Forgalom Generálása (R1C1_C) | Period: 5.851
Found 6 valid OD pairs for R1C1_C
Generating focused traffic: Period 5.8510s
[INFO] Subscriptions active: 6 (traci, fast mode)
  [ACTION PPO] R1C1_C: a0=21% (113) a1=19% (101) a2=34% (183) a3=26% (143)
[INFO] Episode duration: 2700s (45 min)

[DEBUG] 🎯 Célzott Forgalom Generálása (R1C1_C) | Period: 6.5594
Found 6 valid OD pairs for R1C1_C
Generating focused traffic: Period 6.5594s
[INFO] Subscriptions active: 6 (traci, fast mode)
  [ACTION PPO] R1C1_C: a0=22% (79) a1=20% (73) a2=31% (112) a3=27% (96)
[INFO] Episode duration: 900s (15 min)

[DEBUG] 🎯 Célzott Forgalom Generálása (R1C1_C) | Period: 5.1353
Found 6 valid OD pairs for R1C1_C
Generating focused traffic: Period 5.1353s
[INFO] Subscriptions active: 6 (traci, fast mode)
  [ACTION PPO] R1C1_C: a0=21% (115) a1=19% (105) a2=37% (199) a3=22% (121)
[INFO] Episode duration: 2700s (45 min)

[DEBUG] 🎯 Célzott Forgalom Generálása (R1C1_C) | Period: 7.7056
Found 6 valid OD pairs for R1C1_C
Generating focused traffic: Period 7.7056s
[INFO] Subscriptions active: 6 (traci, fast mode)
  [ACTION PPO] R1C1_C: a0=18% (33) a1=17% (31) a2=38% (69) a3=26% (47)
[INFO] Episode duration: 1800s (30 min)

[DEBUG] 🎯 Célzott Forgalom Generálása (R1C1_C) | Period: 7.1414
Found 6 valid OD pairs for R1C1_C
Generating focused traffic: Period 7.1414s
[INFO] Subscriptions active: 6 (traci, fast mode)
  [ACTION PPO] R1C1_C: a0=19% (101) a1=19% (105) a2=37% (198) a3=25% (136)
[INFO] Episode duration: 2700s (45 min)

[DEBUG] 🎯 Célzott Forgalom Generálása (R1C1_C) | Period: 7.2754
Found 6 valid OD pairs for R1C1_C
Generating focused traffic: Period 7.2754s
[INFO] Subscriptions active: 6 (traci, fast mode)
  [ACTION PPO] R1C1_C: a0=13% (46) a1=20% (72) a2=40% (143) a3=28% (99)
-----------------------------------------
| rollout/                |             |
|    ep_len_mean          | 434         |
|    ep_rew_mean          | 49.5        |
| time/                   |             |
|    fps                  | 80          |
|    iterations           | 10          |
|    time_elapsed         | 254         |
|    total_timesteps      | 20480       |
| train/                  |             |
|    approx_kl            | 0.001977654 |
|    clip_fraction        | 0           |
|    clip_range           | 0.2         |
|    entropy_loss         | -1.34       |
|    explained_variance   | -1          |
|    learning_rate        | 0.0001      |
|    loss                 | 0.757       |
|    n_updates            | 90          |
|    policy_gradient_loss | -0.00161    |
|    value_loss           | 1.72        |
-----------------------------------------
[INFO] Episode duration: 1800s (30 min)

[DEBUG] 🎯 Célzott Forgalom Generálása (R1C1_C) | Period: 5.6162
Found 6 valid OD pairs for R1C1_C
Generating focused traffic: Period 5.6162s
[INFO] Subscriptions active: 6 (traci, fast mode)
  [ACTION PPO] R1C1_C: a0=18% (95) a1=20% (109) a2=37% (199) a3=25% (137)
[INFO] Episode duration: 900s (15 min)

[DEBUG] 🎯 Célzott Forgalom Generálása (R1C1_C) | Period: 4.5678
Found 6 valid OD pairs for R1C1_C
Generating focused traffic: Period 4.5678s
[INFO] Subscriptions active: 6 (traci, fast mode)
  [ACTION PPO] R1C1_C: a0=15% (54) a1=21% (75) a2=38% (136) a3=26% (95)
[INFO] Episode duration: 3600s (60 min)

[DEBUG] 🎯 Célzott Forgalom Generálása (R1C1_C) | Period: 7.8229
Found 6 valid OD pairs for R1C1_C
Generating focused traffic: Period 7.8229s
[INFO] Subscriptions active: 6 (traci, fast mode)
  [ACTION PPO] R1C1_C: a0=17% (31) a1=22% (39) a2=36% (65) a3=25% (45)
[INFO] Episode duration: 2700s (45 min)

[DEBUG] 🎯 Célzott Forgalom Generálása (R1C1_C) | Period: 4.7956
Found 6 valid OD pairs for R1C1_C
Generating focused traffic: Period 4.7956s
[INFO] Subscriptions active: 6 (traci, fast mode)
  [ACTION PPO] R1C1_C: a0=17% (119) a1=18% (132) a2=37% (268) a3=28% (201)
[INFO] Episode duration: 900s (15 min)

[DEBUG] 🎯 Célzott Forgalom Generálása (R1C1_C) | Period: 7.4504
Found 6 valid OD pairs for R1C1_C
Generating focused traffic: Period 7.4504s
[INFO] Subscriptions active: 6 (traci, fast mode)
  [ACTION PPO] R1C1_C: a0=13% (70) a1=23% (122) a2=32% (174) a3=32% (174)
[INFO] Episode duration: 3600s (60 min)

[DEBUG] 🎯 Célzott Forgalom Generálása (R1C1_C) | Period: 4.9574
Found 6 valid OD pairs for R1C1_C
Generating focused traffic: Period 4.9574s
[INFO] Subscriptions active: 6 (traci, fast mode)
  [ACTION PPO] R1C1_C: a0=13% (24) a1=17% (31) a2=38% (68) a3=32% (57)
[INFO] Episode duration: 900s (15 min)

[DEBUG] 🎯 Célzott Forgalom Generálása (R1C1_C) | Period: 4.9775
Found 6 valid OD pairs for R1C1_C
Generating focused traffic: Period 4.9775s
[INFO] Subscriptions active: 6 (traci, fast mode)
  [ACTION PPO] R1C1_C: a0=13% (97) a1=15% (107) a2=46% (329) a3=26% (187)
[INFO] Episode duration: 900s (15 min)

[DEBUG] 🎯 Célzott Forgalom Generálása (R1C1_C) | Period: 6.6516
Found 6 valid OD pairs for R1C1_C
Generating focused traffic: Period 6.6516s
[INFO] Subscriptions active: 6 (traci, fast mode)
  [ACTION PPO] R1C1_C: a0=16% (28) a1=22% (39) a2=40% (72) a3=23% (41)
[INFO] Episode duration: 3600s (60 min)

[DEBUG] 🎯 Célzott Forgalom Generálása (R1C1_C) | Period: 5.4533
Found 6 valid OD pairs for R1C1_C
Generating focused traffic: Period 5.4533s
[INFO] Subscriptions active: 6 (traci, fast mode)
  [ACTION PPO] R1C1_C: a0=14% (25) a1=21% (37) a2=44% (79) a3=22% (39)
[INFO] Episode duration: 2700s (45 min)

[DEBUG] 🎯 Célzott Forgalom Generálása (R1C1_C) | Period: 7.7513
Found 6 valid OD pairs for R1C1_C
Generating focused traffic: Period 7.7513s
[INFO] Subscriptions active: 6 (traci, fast mode)
  [ACTION PPO] R1C1_C: a0=15% (110) a1=18% (130) a2=41% (295) a3=26% (185)
[INFO] Episode duration: 2700s (45 min)

[DEBUG] 🎯 Célzott Forgalom Generálása (R1C1_C) | Period: 5.503
Found 6 valid OD pairs for R1C1_C
Generating focused traffic: Period 5.5030s
[INFO] Subscriptions active: 6 (traci, fast mode)
  [ACTION PPO] R1C1_C: a0=19% (104) a1=18% (97) a2=40% (216) a3=23% (123)
[INFO] Episode duration: 3600s (60 min)

[DEBUG] 🎯 Célzott Forgalom Generálása (R1C1_C) | Period: 5.0895
Found 6 valid OD pairs for R1C1_C
Generating focused traffic: Period 5.0895s
[INFO] Subscriptions active: 6 (traci, fast mode)
  [ACTION PPO] R1C1_C: a0=16% (84) a1=17% (92) a2=41% (224) a3=26% (140)
[INFO] Episode duration: 3600s (60 min)

[DEBUG] 🎯 Célzott Forgalom Generálása (R1C1_C) | Period: 5.1488
Found 6 valid OD pairs for R1C1_C
Generating focused traffic: Period 5.1488s
[INFO] Subscriptions active: 6 (traci, fast mode)
  [ACTION PPO] R1C1_C: a0=15% (108) a1=18% (131) a2=42% (306) a3=24% (175)
[INFO] Episode duration: 900s (15 min)

[DEBUG] 🎯 Célzott Forgalom Generálása (R1C1_C) | Period: 4.168
Found 6 valid OD pairs for R1C1_C
Generating focused traffic: Period 4.1680s
[INFO] Subscriptions active: 6 (traci, fast mode)
  [ACTION PPO] R1C1_C: a0=16% (112) a1=18% (126) a2=42% (305) a3=25% (177)
[INFO] Episode duration: 3600s (60 min)

[DEBUG] 🎯 Célzott Forgalom Generálása (R1C1_C) | Period: 7.8193
Found 6 valid OD pairs for R1C1_C
Generating focused traffic: Period 7.8193s
[INFO] Subscriptions active: 6 (traci, fast mode)
  [ACTION PPO] R1C1_C: a0=16% (29) a1=14% (26) a2=44% (80) a3=25% (45)
[INFO] Episode duration: 1800s (30 min)

[DEBUG] 🎯 Célzott Forgalom Generálása (R1C1_C) | Period: 4.167
Found 6 valid OD pairs for R1C1_C
Generating focused traffic: Period 4.1670s
[INFO] Subscriptions active: 6 (traci, fast mode)
  [ACTION PPO] R1C1_C: a0=14% (104) a1=16% (118) a2=43% (308) a3=26% (190)
[INFO] Episode duration: 3600s (60 min)

[DEBUG] 🎯 Célzott Forgalom Generálása (R1C1_C) | Period: 6.061
Found 6 valid OD pairs for R1C1_C
Generating focused traffic: Period 6.0610s
[INFO] Subscriptions active: 6 (traci, fast mode)
  [ACTION PPO] R1C1_C: a0=11% (40) a1=15% (54) a2=44% (158) a3=30% (108)
[INFO] Episode duration: 2700s (45 min)

[DEBUG] 🎯 Célzott Forgalom Generálása (R1C1_C) | Period: 7.5782
Found 6 valid OD pairs for R1C1_C
Generating focused traffic: Period 7.5782s
[INFO] Subscriptions active: 6 (traci, fast mode)
  [ACTION PPO] R1C1_C: a0=13% (97) a1=16% (112) a2=45% (326) a3=26% (185)
[INFO] Episode duration: 3600s (60 min)

[DEBUG] 🎯 Célzott Forgalom Generálása (R1C1_C) | Period: 7.9171
Found 6 valid OD pairs for R1C1_C
Generating focused traffic: Period 7.9171s
[INFO] Subscriptions active: 6 (traci, fast mode)
  [ACTION PPO] R1C1_C: a0=14% (77) a1=17% (92) a2=39% (211) a3=30% (160)
[INFO] Episode duration: 3600s (60 min)

[DEBUG] 🎯 Célzott Forgalom Generálása (R1C1_C) | Period: 5.3907
Found 6 valid OD pairs for R1C1_C
Generating focused traffic: Period 5.3907s
[INFO] Subscriptions active: 6 (traci, fast mode)
  [ACTION PPO] R1C1_C: a0=13% (95) a1=17% (122) a2=43% (309) a3=27% (194)
[INFO] Episode duration: 3600s (60 min)

[DEBUG] 🎯 Célzott Forgalom Generálása (R1C1_C) | Period: 5.4832
Found 6 valid OD pairs for R1C1_C
Generating focused traffic: Period 5.4832s
[INFO] Subscriptions active: 6 (traci, fast mode)
  [ACTION PPO] R1C1_C: a0=13% (96) a1=16% (117) a2=43% (308) a3=28% (199)
[INFO] Episode duration: 2700s (45 min)

[DEBUG] 🎯 Célzott Forgalom Generálása (R1C1_C) | Period: 5.6485
Found 6 valid OD pairs for R1C1_C
Generating focused traffic: Period 5.6485s
[INFO] Subscriptions active: 6 (traci, fast mode)
  [ACTION PPO] R1C1_C: a0=14% (99) a1=16% (114) a2=42% (306) a3=28% (201)
[INFO] Episode duration: 1800s (30 min)

[DEBUG] 🎯 Célzott Forgalom Generálása (R1C1_C) | Period: 7.0876
Found 6 valid OD pairs for R1C1_C
Generating focused traffic: Period 7.0876s
[INFO] Subscriptions active: 6 (traci, fast mode)
  [ACTION PPO] R1C1_C: a0=15% (83) a1=14% (78) a2=42% (226) a3=28% (153)
[INFO] Episode duration: 1800s (30 min)

[DEBUG] 🎯 Célzott Forgalom Generálása (R1C1_C) | Period: 7.4423
Found 6 valid OD pairs for R1C1_C
Generating focused traffic: Period 7.4423s
[INFO] Subscriptions active: 6 (traci, fast mode)
  [ACTION PPO] R1C1_C: a0=12% (42) a1=14% (49) a2=44% (158) a3=31% (111)
[INFO] Episode duration: 2700s (45 min)

[DEBUG] 🎯 Célzott Forgalom Generálása (R1C1_C) | Period: 5.2527
Found 6 valid OD pairs for R1C1_C
Generating focused traffic: Period 5.2527s
[INFO] Subscriptions active: 6 (traci, fast mode)
  [ACTION PPO] R1C1_C: a0=17% (60) a1=18% (65) a2=42% (152) a3=23% (83)
[INFO] Episode duration: 1800s (30 min)

[DEBUG] 🎯 Célzott Forgalom Generálása (R1C1_C) | Period: 6.9911
Found 6 valid OD pairs for R1C1_C
Generating focused traffic: Period 6.9911s
[INFO] Subscriptions active: 6 (traci, fast mode)
  [ACTION PPO] R1C1_C: a0=12% (66) a1=11% (62) a2=47% (256) a3=29% (156)
[INFO] Episode duration: 2700s (45 min)

[DEBUG] 🎯 Célzott Forgalom Generálása (R1C1_C) | Period: 7.4353
Found 6 valid OD pairs for R1C1_C
Generating focused traffic: Period 7.4353s
[INFO] Subscriptions active: 6 (traci, fast mode)
  [ACTION PPO] R1C1_C: a0=16% (57) a1=15% (55) a2=42% (153) a3=26% (95)
[INFO] Episode duration: 3600s (60 min)

[DEBUG] 🎯 Célzott Forgalom Generálása (R1C1_C) | Period: 5.301
Found 6 valid OD pairs for R1C1_C
Generating focused traffic: Period 5.3010s
[INFO] Subscriptions active: 6 (traci, fast mode)
  [ACTION PPO] R1C1_C: a0=13% (68) a1=11% (62) a2=47% (252) a3=29% (158)
[INFO] Episode duration: 1800s (30 min)

[DEBUG] 🎯 Célzott Forgalom Generálása (R1C1_C) | Period: 6.8143
Found 6 valid OD pairs for R1C1_C
Generating focused traffic: Period 6.8143s
[INFO] Subscriptions active: 6 (traci, fast mode)
  [ACTION PPO] R1C1_C: a0=14% (102) a1=14% (101) a2=43% (311) a3=29% (206)
[INFO] Episode duration: 1800s (30 min)

[DEBUG] 🎯 Célzott Forgalom Generálása (R1C1_C) | Period: 4.9136
Found 6 valid OD pairs for R1C1_C
Generating focused traffic: Period 4.9136s
[INFO] Subscriptions active: 6 (traci, fast mode)
  [ACTION PPO] R1C1_C: a0=16% (57) a1=13% (46) a2=44% (158) a3=28% (99)
[INFO] Episode duration: 1800s (30 min)

[DEBUG] 🎯 Célzott Forgalom Generálása (R1C1_C) | Period: 7.4343
Found 6 valid OD pairs for R1C1_C
Generating focused traffic: Period 7.4343s
[INFO] Subscriptions active: 6 (traci, fast mode)
  [ACTION PPO] R1C1_C: a0=15% (53) a1=11% (40) a2=46% (167) a3=28% (100)
[INFO] Episode duration: 900s (15 min)

[DEBUG] 🎯 Célzott Forgalom Generálása (R1C1_C) | Period: 6.5685
Found 6 valid OD pairs for R1C1_C
Generating focused traffic: Period 6.5685s
[INFO] Subscriptions active: 6 (traci, fast mode)
  [ACTION PPO] R1C1_C: a0=14% (49) a1=16% (56) a2=42% (152) a3=29% (103)
[INFO] Episode duration: 2700s (45 min)

[DEBUG] 🎯 Célzott Forgalom Generálása (R1C1_C) | Period: 4.0435
Found 6 valid OD pairs for R1C1_C
Generating focused traffic: Period 4.0435s
[INFO] Subscriptions active: 6 (traci, fast mode)
  [ACTION PPO] R1C1_C: a0=12% (22) a1=14% (26) a2=44% (79) a3=29% (53)
[INFO] Episode duration: 3600s (60 min)

[DEBUG] 🎯 Célzott Forgalom Generálása (R1C1_C) | Period: 5.178
Found 6 valid OD pairs for R1C1_C
Generating focused traffic: Period 5.1780s
[INFO] Subscriptions active: 6 (traci, fast mode)
  [ACTION PPO] R1C1_C: a0=14% (75) a1=11% (60) a2=48% (258) a3=27% (147)
[INFO] Episode duration: 1800s (30 min)

[DEBUG] 🎯 Célzott Forgalom Generálása (R1C1_C) | Period: 7.7763
Found 6 valid OD pairs for R1C1_C
Generating focused traffic: Period 7.7763s
[INFO] Subscriptions active: 6 (traci, fast mode)
  [ACTION PPO] R1C1_C: a0=15% (107) a1=11% (82) a2=46% (333) a3=28% (198)
[INFO] Episode duration: 2700s (45 min)

[DEBUG] 🎯 Célzott Forgalom Generálása (R1C1_C) | Period: 5.5997
Found 6 valid OD pairs for R1C1_C
Generating focused traffic: Period 5.5997s
[INFO] Subscriptions active: 6 (traci, fast mode)
  [ACTION PPO] R1C1_C: a0=11% (41) a1=12% (42) a2=48% (171) a3=29% (106)
[INFO] Episode duration: 1800s (30 min)

[DEBUG] 🎯 Célzott Forgalom Generálása (R1C1_C) | Period: 5.3367
Found 6 valid OD pairs for R1C1_C
Generating focused traffic: Period 5.3367s
[INFO] Subscriptions active: 6 (traci, fast mode)
  [ACTION PPO] R1C1_C: a0=16% (86) a1=10% (55) a2=44% (239) a3=30% (160)
[INFO] Episode duration: 900s (15 min)

[DEBUG] 🎯 Célzott Forgalom Generálása (R1C1_C) | Period: 7.3131
Found 6 valid OD pairs for R1C1_C
Generating focused traffic: Period 7.3131s
[INFO] Subscriptions active: 6 (traci, fast mode)
  [ACTION PPO] R1C1_C: a0=16% (57) a1=17% (61) a2=41% (147) a3=26% (95)
[INFO] Episode duration: 1800s (30 min)

[DEBUG] 🎯 Célzott Forgalom Generálása (R1C1_C) | Period: 4.9805
Found 6 valid OD pairs for R1C1_C
Generating focused traffic: Period 4.9805s
[INFO] Subscriptions active: 6 (traci, fast mode)
  [ACTION PPO] R1C1_C: a0=13% (24) a1=10% (18) a2=47% (84) a3=30% (54)
[INFO] Episode duration: 1800s (30 min)

[DEBUG] 🎯 Célzott Forgalom Generálása (R1C1_C) | Period: 5.6912
Found 6 valid OD pairs for R1C1_C
Generating focused traffic: Period 5.6912s
[INFO] Subscriptions active: 6 (traci, fast mode)
  [ACTION PPO] R1C1_C: a0=14% (49) a1=12% (45) a2=49% (177) a3=25% (89)
[INFO] Episode duration: 1800s (30 min)

[DEBUG] 🎯 Célzott Forgalom Generálása (R1C1_C) | Period: 4.1151
Found 6 valid OD pairs for R1C1_C
Generating focused traffic: Period 4.1151s
[INFO] Subscriptions active: 6 (traci, fast mode)
  [ACTION PPO] R1C1_C: a0=17% (62) a1=10% (36) a2=49% (176) a3=24% (86)
[INFO] Episode duration: 3600s (60 min)

[DEBUG] 🎯 Célzott Forgalom Generálása (R1C1_C) | Period: 7.2344
Found 6 valid OD pairs for R1C1_C
Generating focused traffic: Period 7.2344s
[INFO] Subscriptions active: 6 (traci, fast mode)
  [ACTION PPO] R1C1_C: a0=14% (52) a1=12% (43) a2=48% (173) a3=26% (92)
[INFO] Episode duration: 1800s (30 min)

[DEBUG] 🎯 Célzott Forgalom Generálása (R1C1_C) | Period: 5.0191
Found 6 valid OD pairs for R1C1_C
Generating focused traffic: Period 5.0191s
[INFO] Subscriptions active: 6 (traci, fast mode)
  [ACTION PPO] R1C1_C: a0=16% (116) a1=11% (76) a2=47% (336) a3=27% (192)
-------------------------------------------
| rollout/                |               |
|    ep_len_mean          | 457           |
|    ep_rew_mean          | 52.4          |
| time/                   |               |
|    fps                  | 80            |
|    iterations           | 20            |
|    time_elapsed         | 511           |
|    total_timesteps      | 40960         |
| train/                  |               |
|    approx_kl            | 0.00019009772 |
|    clip_fraction        | 0             |
|    clip_range           | 0.2           |
|    entropy_loss         | -1.24         |
|    explained_variance   | -0.143        |
|    learning_rate        | 0.0001        |
|    loss                 | 0.287         |
|    n_updates            | 190           |
|    policy_gradient_loss | -0.00027      |
|    value_loss           | 1.96          |
-------------------------------------------
[INFO] Episode duration: 1800s (30 min)

[DEBUG] 🎯 Célzott Forgalom Generálása (R1C1_C) | Period: 4.2864
Found 6 valid OD pairs for R1C1_C
Generating focused traffic: Period 4.2864s
[INFO] Subscriptions active: 6 (traci, fast mode)
  [ACTION PPO] R1C1_C: a0=17% (60) a1=11% (41) a2=41% (147) a3=31% (112)
[INFO] Episode duration: 3600s (60 min)

[DEBUG] 🎯 Célzott Forgalom Generálása (R1C1_C) | Period: 5.2099
Found 6 valid OD pairs for R1C1_C
Generating focused traffic: Period 5.2099s
[INFO] Subscriptions active: 6 (traci, fast mode)
  [ACTION PPO] R1C1_C: a0=14% (52) a1=12% (43) a2=51% (184) a3=22% (81)
[INFO] Episode duration: 1800s (30 min)

[DEBUG] 🎯 Célzott Forgalom Generálása (R1C1_C) | Period: 5.2379
Found 6 valid OD pairs for R1C1_C
Generating focused traffic: Period 5.2379s
[INFO] Subscriptions active: 6 (traci, fast mode)
  [ACTION PPO] R1C1_C: a0=15% (105) a1=12% (85) a2=50% (358) a3=24% (172)
[INFO] Episode duration: 2700s (45 min)

[DEBUG] 🎯 Célzott Forgalom Generálása (R1C1_C) | Period: 7.4998
Found 6 valid OD pairs for R1C1_C
Generating focused traffic: Period 7.4998s
[INFO] Subscriptions active: 6 (traci, fast mode)
  [ACTION PPO] R1C1_C: a0=15% (53) a1=10% (36) a2=47% (168) a3=29% (103)
[INFO] Episode duration: 1800s (30 min)

[DEBUG] 🎯 Célzott Forgalom Generálása (R1C1_C) | Period: 6.0439
Found 6 valid OD pairs for R1C1_C
Generating focused traffic: Period 6.0439s
[INFO] Subscriptions active: 6 (traci, fast mode)
  [ACTION PPO] R1C1_C: a0=17% (93) a1=10% (53) a2=46% (249) a3=27% (145)
[INFO] Episode duration: 900s (15 min)

[DEBUG] 🎯 Célzott Forgalom Generálása (R1C1_C) | Period: 7.8171
Found 6 valid OD pairs for R1C1_C
Generating focused traffic: Period 7.8171s
[INFO] Subscriptions active: 6 (traci, fast mode)
  [ACTION PPO] R1C1_C: a0=14% (51) a1=12% (43) a2=45% (162) a3=29% (104)
[INFO] Episode duration: 1800s (30 min)

[DEBUG] 🎯 Célzott Forgalom Generálása (R1C1_C) | Period: 7.3685
Found 6 valid OD pairs for R1C1_C
Generating focused traffic: Period 7.3685s
[INFO] Subscriptions active: 6 (traci, fast mode)
  [ACTION PPO] R1C1_C: a0=13% (24) a1=18% (32) a2=45% (81) a3=24% (43)
[INFO] Episode duration: 2700s (45 min)

[DEBUG] 🎯 Célzott Forgalom Generálása (R1C1_C) | Period: 6.2562
Found 6 valid OD pairs for R1C1_C
Generating focused traffic: Period 6.2562s
[INFO] Subscriptions active: 6 (traci, fast mode)
  [ACTION PPO] R1C1_C: a0=15% (54) a1=12% (45) a2=45% (161) a3=28% (100)
[INFO] Episode duration: 1800s (30 min)

[DEBUG] 🎯 Célzott Forgalom Generálása (R1C1_C) | Period: 6.9983
Found 6 valid OD pairs for R1C1_C
Generating focused traffic: Period 6.9983s
[INFO] Subscriptions active: 6 (traci, fast mode)
  [ACTION PPO] R1C1_C: a0=13% (71) a1=14% (74) a2=46% (250) a3=27% (145)
[INFO] Episode duration: 2700s (45 min)

[DEBUG] 🎯 Célzott Forgalom Generálása (R1C1_C) | Period: 7.2758
Found 6 valid OD pairs for R1C1_C
Generating focused traffic: Period 7.2758s
[INFO] Subscriptions active: 6 (traci, fast mode)
  [ACTION PPO] R1C1_C: a0=18% (64) a1=9% (34) a2=45% (162) a3=28% (100)
[INFO] Episode duration: 2700s (45 min)

[DEBUG] 🎯 Célzott Forgalom Generálása (R1C1_C) | Period: 6.6856
Found 6 valid OD pairs for R1C1_C
Generating focused traffic: Period 6.6856s
[INFO] Subscriptions active: 6 (traci, fast mode)
  [ACTION PPO] R1C1_C: a0=16% (89) a1=13% (69) a2=48% (259) a3=23% (123)
[INFO] Episode duration: 3600s (60 min)

[DEBUG] 🎯 Célzott Forgalom Generálása (R1C1_C) | Period: 6.1757
Found 6 valid OD pairs for R1C1_C
Generating focused traffic: Period 6.1757s
[INFO] Subscriptions active: 6 (traci, fast mode)
  [ACTION PPO] R1C1_C: a0=15% (83) a1=11% (62) a2=49% (262) a3=25% (133)
[INFO] Episode duration: 3600s (60 min)

[DEBUG] 🎯 Célzott Forgalom Generálása (R1C1_C) | Period: 4.6619
Found 6 valid OD pairs for R1C1_C
Generating focused traffic: Period 4.6619s
[INFO] Subscriptions active: 6 (traci, fast mode)
  [ACTION PPO] R1C1_C: a0=13% (94) a1=10% (74) a2=49% (356) a3=27% (196)
[INFO] Episode duration: 3600s (60 min)

[DEBUG] 🎯 Célzott Forgalom Generálása (R1C1_C) | Period: 7.741
Found 6 valid OD pairs for R1C1_C
Generating focused traffic: Period 7.7410s
[INFO] Subscriptions active: 6 (traci, fast mode)
  [ACTION PPO] R1C1_C: a0=13% (97) a1=11% (78) a2=49% (350) a3=27% (195)
[INFO] Episode duration: 3600s (60 min)

[DEBUG] 🎯 Célzott Forgalom Generálása (R1C1_C) | Period: 7.348
Found 6 valid OD pairs for R1C1_C
Generating focused traffic: Period 7.3480s
[INFO] Subscriptions active: 6 (traci, fast mode)
  [ACTION PPO] R1C1_C: a0=13% (92) a1=11% (78) a2=49% (355) a3=27% (195)
[INFO] Episode duration: 2700s (45 min)

[DEBUG] 🎯 Célzott Forgalom Generálása (R1C1_C) | Period: 5.6613
Found 6 valid OD pairs for R1C1_C
Generating focused traffic: Period 5.6613s
[INFO] Subscriptions active: 6 (traci, fast mode)
  [ACTION PPO] R1C1_C: a0=12% (85) a1=10% (73) a2=54% (391) a3=24% (171)
[INFO] Episode duration: 1800s (30 min)

[DEBUG] 🎯 Célzott Forgalom Generálása (R1C1_C) | Period: 7.588
Found 6 valid OD pairs for R1C1_C
Generating focused traffic: Period 7.5880s
[INFO] Subscriptions active: 6 (traci, fast mode)
  [ACTION PPO] R1C1_C: a0=12% (64) a1=10% (56) a2=46% (251) a3=31% (169)
[INFO] Episode duration: 2700s (45 min)

[DEBUG] 🎯 Célzott Forgalom Generálása (R1C1_C) | Period: 7.5953
Found 6 valid OD pairs for R1C1_C
Generating focused traffic: Period 7.5953s
[INFO] Subscriptions active: 6 (traci, fast mode)
  [ACTION PPO] R1C1_C: a0=16% (57) a1=13% (47) a2=42% (151) a3=29% (105)
[INFO] Episode duration: 3600s (60 min)

[DEBUG] 🎯 Célzott Forgalom Generálása (R1C1_C) | Period: 4.9478
Found 6 valid OD pairs for R1C1_C
Generating focused traffic: Period 4.9478s
[INFO] Subscriptions active: 6 (traci, fast mode)
  [ACTION PPO] R1C1_C: a0=12% (67) a1=10% (56) a2=49% (265) a3=28% (152)
[INFO] Episode duration: 1800s (30 min)

[DEBUG] 🎯 Célzott Forgalom Generálása (R1C1_C) | Period: 5.9853
Found 6 valid OD pairs for R1C1_C
Generating focused traffic: Period 5.9853s
[INFO] Subscriptions active: 6 (traci, fast mode)
  [ACTION PPO] R1C1_C: a0=14% (98) a1=10% (70) a2=47% (337) a3=30% (215)
[INFO] Episode duration: 2700s (45 min)

[DEBUG] 🎯 Célzott Forgalom Generálása (R1C1_C) | Period: 6.81
Found 6 valid OD pairs for R1C1_C
Generating focused traffic: Period 6.8100s
[INFO] Subscriptions active: 6 (traci, fast mode)
  [ACTION PPO] R1C1_C: a0=14% (52) a1=9% (32) a2=50% (181) a3=26% (95)
[INFO] Episode duration: 900s (15 min)

[DEBUG] 🎯 Célzott Forgalom Generálása (R1C1_C) | Period: 6.3428
Found 6 valid OD pairs for R1C1_C
Generating focused traffic: Period 6.3428s
[INFO] Subscriptions active: 6 (traci, fast mode)
  [ACTION PPO] R1C1_C: a0=15% (83) a1=6% (34) a2=50% (272) a3=28% (151)
[INFO] Episode duration: 1800s (30 min)

[DEBUG] 🎯 Célzott Forgalom Generálása (R1C1_C) | Period: 6.0778
Found 6 valid OD pairs for R1C1_C
Generating focused traffic: Period 6.0778s
[INFO] Subscriptions active: 6 (traci, fast mode)
  [ACTION PPO] R1C1_C: a0=13% (23) a1=11% (19) a2=47% (85) a3=29% (53)
[INFO] Episode duration: 2700s (45 min)

[DEBUG] 🎯 Célzott Forgalom Generálása (R1C1_C) | Period: 5.3627
Found 6 valid OD pairs for R1C1_C
Generating focused traffic: Period 5.3627s
[INFO] Subscriptions active: 6 (traci, fast mode)
  [ACTION PPO] R1C1_C: a0=16% (56) a1=11% (40) a2=49% (177) a3=24% (87)
[INFO] Episode duration: 2700s (45 min)

[DEBUG] 🎯 Célzott Forgalom Generálása (R1C1_C) | Period: 5.9082
Found 6 valid OD pairs for R1C1_C
Generating focused traffic: Period 5.9082s
[INFO] Subscriptions active: 6 (traci, fast mode)
  [ACTION PPO] R1C1_C: a0=13% (72) a1=10% (55) a2=53% (284) a3=24% (129)
[INFO] Episode duration: 1800s (30 min)

[DEBUG] 🎯 Célzott Forgalom Generálása (R1C1_C) | Period: 4.1941
Found 6 valid OD pairs for R1C1_C
Generating focused traffic: Period 4.1941s
[INFO] Subscriptions active: 6 (traci, fast mode)
  [ACTION PPO] R1C1_C: a0=12% (67) a1=11% (59) a2=53% (285) a3=24% (129)
[INFO] Episode duration: 2700s (45 min)

[DEBUG] 🎯 Célzott Forgalom Generálása (R1C1_C) | Period: 5.2746
Found 6 valid OD pairs for R1C1_C
Generating focused traffic: Period 5.2746s
[INFO] Subscriptions active: 6 (traci, fast mode)
  [ACTION PPO] R1C1_C: a0=18% (66) a1=14% (51) a2=46% (166) a3=21% (77)
[INFO] Episode duration: 1800s (30 min)

[DEBUG] 🎯 Célzott Forgalom Generálása (R1C1_C) | Period: 5.8041
Found 6 valid OD pairs for R1C1_C
Generating focused traffic: Period 5.8041s
[INFO] Subscriptions active: 6 (traci, fast mode)
  [ACTION PPO] R1C1_C: a0=16% (86) a1=10% (53) a2=51% (275) a3=23% (126)
[INFO] Episode duration: 900s (15 min)

[DEBUG] 🎯 Célzott Forgalom Generálása (R1C1_C) | Period: 6.0033
Found 6 valid OD pairs for R1C1_C
Generating focused traffic: Period 6.0033s
[INFO] Subscriptions active: 6 (traci, fast mode)
  [ACTION PPO] R1C1_C: a0=17% (60) a1=9% (34) a2=50% (180) a3=24% (86)
[INFO] Episode duration: 1800s (30 min)

[DEBUG] 🎯 Célzott Forgalom Generálása (R1C1_C) | Period: 7.6727
Found 6 valid OD pairs for R1C1_C
Generating focused traffic: Period 7.6727s
[INFO] Subscriptions active: 6 (traci, fast mode)
  [ACTION PPO] R1C1_C: a0=21% (38) a1=8% (15) a2=45% (81) a3=26% (46)
[INFO] Episode duration: 3600s (60 min)

[DEBUG] 🎯 Célzott Forgalom Generálása (R1C1_C) | Period: 6.9925
Found 6 valid OD pairs for R1C1_C
Generating focused traffic: Period 6.9925s
[INFO] Subscriptions active: 6 (traci, fast mode)
  [ACTION PPO] R1C1_C: a0=11% (39) a1=8% (29) a2=56% (201) a3=25% (91)
[INFO] Episode duration: 900s (15 min)

[DEBUG] 🎯 Célzott Forgalom Generálása (R1C1_C) | Period: 7.8242
Found 6 valid OD pairs for R1C1_C
Generating focused traffic: Period 7.8242s
[INFO] Subscriptions active: 6 (traci, fast mode)
  [ACTION PPO] R1C1_C: a0=15% (109) a1=9% (64) a2=49% (355) a3=27% (192)
[INFO] Episode duration: 900s (15 min)

[DEBUG] 🎯 Célzott Forgalom Generálása (R1C1_C) | Period: 7.9365
Found 6 valid OD pairs for R1C1_C
Generating focused traffic: Period 7.9365s
[INFO] Subscriptions active: 6 (traci, fast mode)
  [ACTION PPO] R1C1_C: a0=15% (27) a1=8% (15) a2=52% (93) a3=25% (45)
[INFO] Episode duration: 3600s (60 min)

[DEBUG] 🎯 Célzott Forgalom Generálása (R1C1_C) | Period: 7.6948
Found 6 valid OD pairs for R1C1_C
Generating focused traffic: Period 7.6948s
[INFO] Subscriptions active: 6 (traci, fast mode)
  [ACTION PPO] R1C1_C: a0=24% (43) a1=13% (23) a2=39% (71) a3=24% (43)
[INFO] Episode duration: 900s (15 min)

[DEBUG] 🎯 Célzott Forgalom Generálása (R1C1_C) | Period: 4.378
Found 6 valid OD pairs for R1C1_C
Generating focused traffic: Period 4.3780s
[INFO] Subscriptions active: 6 (traci, fast mode)
  [ACTION PPO] R1C1_C: a0=16% (112) a1=12% (84) a2=44% (317) a3=29% (207)
[INFO] Episode duration: 2700s (45 min)

[DEBUG] 🎯 Célzott Forgalom Generálása (R1C1_C) | Period: 6.7433
Found 6 valid OD pairs for R1C1_C
Generating focused traffic: Period 6.7433s
[INFO] Subscriptions active: 6 (traci, fast mode)
  [ACTION PPO] R1C1_C: a0=15% (27) a1=14% (26) a2=53% (96) a3=17% (31)
[INFO] Episode duration: 3600s (60 min)

[DEBUG] 🎯 Célzott Forgalom Generálása (R1C1_C) | Period: 4.6395
Found 6 valid OD pairs for R1C1_C
Generating focused traffic: Period 4.6395s
[INFO] Subscriptions active: 6 (traci, fast mode)
  [ACTION PPO] R1C1_C: a0=14% (76) a1=9% (48) a2=53% (284) a3=24% (132)
[INFO] Episode duration: 1800s (30 min)

[DEBUG] 🎯 Célzott Forgalom Generálása (R1C1_C) | Period: 6.7263
Found 6 valid OD pairs for R1C1_C
Generating focused traffic: Period 6.7263s
[INFO] Subscriptions active: 6 (traci, fast mode)
  [ACTION PPO] R1C1_C: a0=15% (109) a1=7% (47) a2=52% (377) a3=26% (187)
[INFO] Episode duration: 900s (15 min)

[DEBUG] 🎯 Célzott Forgalom Generálása (R1C1_C) | Period: 7.0875
Found 6 valid OD pairs for R1C1_C
Generating focused traffic: Period 7.0875s
[INFO] Subscriptions active: 6 (traci, fast mode)
  [ACTION PPO] R1C1_C: a0=15% (55) a1=10% (37) a2=48% (174) a3=26% (94)
[INFO] Episode duration: 2700s (45 min)

[DEBUG] 🎯 Célzott Forgalom Generálása (R1C1_C) | Period: 5.0129
Found 6 valid OD pairs for R1C1_C
Generating focused traffic: Period 5.0129s
[INFO] Subscriptions active: 6 (traci, fast mode)
  [ACTION PPO] R1C1_C: a0=13% (23) a1=7% (13) a2=58% (104) a3=22% (40)
[INFO] Episode duration: 2700s (45 min)

[DEBUG] 🎯 Célzott Forgalom Generálása (R1C1_C) | Period: 7.3311
Found 6 valid OD pairs for R1C1_C
Generating focused traffic: Period 7.3311s
[INFO] Subscriptions active: 6 (traci, fast mode)
  [ACTION PPO] R1C1_C: a0=14% (74) a1=9% (51) a2=47% (256) a3=29% (159)
[INFO] Episode duration: 1800s (30 min)

[DEBUG] 🎯 Célzott Forgalom Generálása (R1C1_C) | Period: 6.0629
Found 6 valid OD pairs for R1C1_C
Generating focused traffic: Period 6.0629s
[INFO] Subscriptions active: 6 (traci, fast mode)
  [ACTION PPO] R1C1_C: a0=16% (85) a1=10% (55) a2=49% (266) a3=25% (134)
[INFO] Episode duration: 3600s (60 min)

[DEBUG] 🎯 Célzott Forgalom Generálása (R1C1_C) | Period: 5.5088
Found 6 valid OD pairs for R1C1_C
Generating focused traffic: Period 5.5088s
[INFO] Subscriptions active: 6 (traci, fast mode)
  [ACTION PPO] R1C1_C: a0=18% (66) a1=9% (34) a2=43% (154) a3=29% (106)
[INFO] Episode duration: 1800s (30 min)

[DEBUG] 🎯 Célzott Forgalom Generálása (R1C1_C) | Period: 6.1752
Found 6 valid OD pairs for R1C1_C
Generating focused traffic: Period 6.1752s
[INFO] Subscriptions active: 6 (traci, fast mode)
  [ACTION PPO] R1C1_C: a0=14% (99) a1=8% (57) a2=52% (372) a3=27% (192)
-------------------------------------------
| rollout/                |               |
|    ep_len_mean          | 477           |
|    ep_rew_mean          | 56.7          |
| time/                   |               |
|    fps                  | 80            |
|    iterations           | 30            |
|    time_elapsed         | 767           |
|    total_timesteps      | 61440         |
| train/                  |               |
|    approx_kl            | 0.00020037932 |
|    clip_fraction        | 0             |
|    clip_range           | 0.2           |
|    entropy_loss         | -1.16         |
|    explained_variance   | -0.0484       |
|    learning_rate        | 0.0001        |
|    loss                 | 0.556         |
|    n_updates            | 290           |
|    policy_gradient_loss | -0.000292     |
|    value_loss           | 1.77          |
-------------------------------------------
[INFO] Episode duration: 3600s (60 min)

[DEBUG] 🎯 Célzott Forgalom Generálása (R1C1_C) | Period: 7.8814
Found 6 valid OD pairs for R1C1_C
Generating focused traffic: Period 7.8814s
[INFO] Subscriptions active: 6 (traci, fast mode)
  [ACTION PPO] R1C1_C: a0=11% (41) a1=8% (27) a2=54% (193) a3=28% (99)
[INFO] Episode duration: 2700s (45 min)

[DEBUG] 🎯 Célzott Forgalom Generálása (R1C1_C) | Period: 4.4847
Found 6 valid OD pairs for R1C1_C
Generating focused traffic: Period 4.4847s
[INFO] Subscriptions active: 6 (traci, fast mode)
  [ACTION PPO] R1C1_C: a0=11% (78) a1=7% (51) a2=53% (384) a3=29% (207)
[INFO] Episode duration: 3600s (60 min)

[DEBUG] 🎯 Célzott Forgalom Generálása (R1C1_C) | Period: 7.6882
Found 6 valid OD pairs for R1C1_C
Generating focused traffic: Period 7.6882s
[INFO] Subscriptions active: 6 (traci, fast mode)
  [ACTION PPO] R1C1_C: a0=11% (62) a1=8% (43) a2=53% (285) a3=28% (150)
[INFO] Episode duration: 3600s (60 min)

[DEBUG] 🎯 Célzott Forgalom Generálása (R1C1_C) | Period: 4.8978
Found 6 valid OD pairs for R1C1_C
Generating focused traffic: Period 4.8978s
[INFO] Subscriptions active: 6 (traci, fast mode)
  [ACTION PPO] R1C1_C: a0=16% (118) a1=9% (65) a2=45% (326) a3=29% (211)
[INFO] Episode duration: 900s (15 min)

[DEBUG] 🎯 Célzott Forgalom Generálása (R1C1_C) | Period: 7.9101
Found 6 valid OD pairs for R1C1_C
Generating focused traffic: Period 7.9101s
[INFO] Subscriptions active: 6 (traci, fast mode)
  [ACTION PPO] R1C1_C: a0=11% (79) a1=7% (50) a2=57% (408) a3=25% (183)
[INFO] Episode duration: 1800s (30 min)

[DEBUG] 🎯 Célzott Forgalom Generálása (R1C1_C) | Period: 4.9959
Found 6 valid OD pairs for R1C1_C
Generating focused traffic: Period 4.9959s
[INFO] Subscriptions active: 6 (traci, fast mode)
  [ACTION PPO] R1C1_C: a0=13% (24) a1=9% (17) a2=48% (86) a3=29% (53)
[INFO] Episode duration: 1800s (30 min)

[DEBUG] 🎯 Célzott Forgalom Generálása (R1C1_C) | Period: 6.0351
Found 6 valid OD pairs for R1C1_C
Generating focused traffic: Period 6.0351s
[INFO] Subscriptions active: 6 (traci, fast mode)
  [ACTION PPO] R1C1_C: a0=14% (49) a1=9% (31) a2=50% (180) a3=28% (100)
[INFO] Episode duration: 900s (15 min)

[DEBUG] 🎯 Célzott Forgalom Generálása (R1C1_C) | Period: 6.0961
Found 6 valid OD pairs for R1C1_C
Generating focused traffic: Period 6.0961s
[INFO] Subscriptions active: 6 (traci, fast mode)
  [ACTION PPO] R1C1_C: a0=14% (52) a1=9% (32) a2=51% (183) a3=26% (93)
[INFO] Episode duration: 900s (15 min)

[DEBUG] 🎯 Célzott Forgalom Generálása (R1C1_C) | Period: 7.7687
Found 6 valid OD pairs for R1C1_C
Generating focused traffic: Period 7.7687s
[INFO] Subscriptions active: 6 (traci, fast mode)
  [ACTION PPO] R1C1_C: a0=16% (29) a1=7% (12) a2=54% (97) a3=23% (42)
[INFO] Episode duration: 3600s (60 min)

[DEBUG] 🎯 Célzott Forgalom Generálása (R1C1_C) | Period: 7.3503
Found 6 valid OD pairs for R1C1_C
Generating focused traffic: Period 7.3503s
[INFO] Subscriptions active: 6 (traci, fast mode)
  [ACTION PPO] R1C1_C: a0=11% (19) a1=9% (16) a2=53% (95) a3=28% (50)
[INFO] Episode duration: 3600s (60 min)

[DEBUG] 🎯 Célzott Forgalom Generálása (R1C1_C) | Period: 7.3515
Found 6 valid OD pairs for R1C1_C
Generating focused traffic: Period 7.3515s
[INFO] Subscriptions active: 6 (traci, fast mode)
  [ACTION PPO] R1C1_C: a0=15% (109) a1=7% (52) a2=53% (379) a3=25% (180)
[INFO] Episode duration: 1800s (30 min)

[DEBUG] 🎯 Célzott Forgalom Generálása (R1C1_C) | Period: 7.1526
Found 6 valid OD pairs for R1C1_C
Generating focused traffic: Period 7.1526s
[INFO] Subscriptions active: 6 (traci, fast mode)
  [ACTION PPO] R1C1_C: a0=15% (108) a1=8% (60) a2=53% (382) a3=24% (170)
[INFO] Episode duration: 2700s (45 min)

[DEBUG] 🎯 Célzott Forgalom Generálása (R1C1_C) | Period: 5.7531
Found 6 valid OD pairs for R1C1_C
Generating focused traffic: Period 5.7531s
[INFO] Subscriptions active: 6 (traci, fast mode)
  [ACTION PPO] R1C1_C: a0=11% (41) a1=8% (30) a2=54% (194) a3=26% (95)
[INFO] Episode duration: 900s (15 min)

[DEBUG] 🎯 Célzott Forgalom Generálása (R1C1_C) | Period: 4.5529
Found 6 valid OD pairs for R1C1_C
Generating focused traffic: Period 4.5529s
[INFO] Subscriptions active: 6 (traci, fast mode)
  [ACTION PPO] R1C1_C: a0=12% (64) a1=6% (31) a2=56% (301) a3=27% (144)
[INFO] Episode duration: 3600s (60 min)

[DEBUG] 🎯 Célzott Forgalom Generálása (R1C1_C) | Period: 7.1674
Found 6 valid OD pairs for R1C1_C
Generating focused traffic: Period 7.1674s
[INFO] Subscriptions active: 6 (traci, fast mode)
  [ACTION PPO] R1C1_C: a0=11% (19) a1=6% (10) a2=61% (110) a3=23% (41)
[INFO] Episode duration: 1800s (30 min)

[DEBUG] 🎯 Célzott Forgalom Generálása (R1C1_C) | Period: 5.1332
Found 6 valid OD pairs for R1C1_C
Generating focused traffic: Period 5.1332s
[INFO] Subscriptions active: 6 (traci, fast mode)
  [ACTION PPO] R1C1_C: a0=13% (91) a1=6% (43) a2=59% (427) a3=22% (159)
[INFO] Episode duration: 900s (15 min)

[DEBUG] 🎯 Célzott Forgalom Generálása (R1C1_C) | Period: 4.8185
Found 6 valid OD pairs for R1C1_C
Generating focused traffic: Period 4.8185s
[INFO] Subscriptions active: 6 (traci, fast mode)
  [ACTION PPO] R1C1_C: a0=14% (50) a1=7% (24) a2=51% (184) a3=28% (102)
[INFO] Episode duration: 3600s (60 min)

[DEBUG] 🎯 Célzott Forgalom Generálása (R1C1_C) | Period: 7.194
Found 6 valid OD pairs for R1C1_C
Generating focused traffic: Period 7.1940s
[INFO] Subscriptions active: 6 (traci, fast mode)
  [ACTION PPO] R1C1_C: a0=12% (22) a1=6% (10) a2=56% (101) a3=26% (47)
[INFO] Episode duration: 3600s (60 min)

[DEBUG] 🎯 Célzott Forgalom Generálása (R1C1_C) | Period: 4.1447
Found 6 valid OD pairs for R1C1_C
Generating focused traffic: Period 4.1447s
[INFO] Subscriptions active: 6 (traci, fast mode)
  [ACTION PPO] R1C1_C: a0=12% (90) a1=5% (38) a2=58% (416) a3=24% (176)
[INFO] Episode duration: 3600s (60 min)

[DEBUG] 🎯 Célzott Forgalom Generálása (R1C1_C) | Period: 4.4906
Found 6 valid OD pairs for R1C1_C
Generating focused traffic: Period 4.4906s
[INFO] Subscriptions active: 6 (traci, fast mode)
  [ACTION PPO] R1C1_C: a0=12% (84) a1=6% (45) a2=58% (415) a3=24% (176)
[INFO] Episode duration: 1800s (30 min)

[DEBUG] 🎯 Célzott Forgalom Generálása (R1C1_C) | Period: 5.6416
Found 6 valid OD pairs for R1C1_C
Generating focused traffic: Period 5.6416s
[INFO] Subscriptions active: 6 (traci, fast mode)
  [ACTION PPO] R1C1_C: a0=12% (87) a1=6% (45) a2=59% (425) a3=23% (163)
[INFO] Episode duration: 900s (15 min)

[DEBUG] 🎯 Célzott Forgalom Generálása (R1C1_C) | Period: 4.6355
Found 6 valid OD pairs for R1C1_C
Generating focused traffic: Period 4.6355s
[INFO] Subscriptions active: 6 (traci, fast mode)
  [ACTION PPO] R1C1_C: a0=11% (39) a1=6% (23) a2=60% (216) a3=23% (82)
[INFO] Episode duration: 900s (15 min)

[DEBUG] 🎯 Célzott Forgalom Generálása (R1C1_C) | Period: 6.3389
Found 6 valid OD pairs for R1C1_C
Generating focused traffic: Period 6.3389s
[INFO] Subscriptions active: 6 (traci, fast mode)
  [ACTION PPO] R1C1_C: a0=12% (22) a1=6% (10) a2=60% (108) a3=22% (40)
[INFO] Episode duration: 2700s (45 min)

[DEBUG] 🎯 Célzott Forgalom Generálása (R1C1_C) | Period: 4.6724
Found 6 valid OD pairs for R1C1_C
Generating focused traffic: Period 4.6724s
[INFO] Subscriptions active: 6 (traci, fast mode)
  [ACTION PPO] R1C1_C: a0=13% (24) a1=10% (18) a2=56% (101) a3=21% (37)
[INFO] Episode duration: 2700s (45 min)

[DEBUG] 🎯 Célzott Forgalom Generálása (R1C1_C) | Period: 5.105
Found 6 valid OD pairs for R1C1_C
Generating focused traffic: Period 5.1050s
[INFO] Subscriptions active: 6 (traci, fast mode)
  [ACTION PPO] R1C1_C: a0=12% (64) a1=6% (35) a2=57% (310) a3=24% (131)
[INFO] Episode duration: 2700s (45 min)

[DEBUG] 🎯 Célzott Forgalom Generálása (R1C1_C) | Period: 4.1312
Found 6 valid OD pairs for R1C1_C
Generating focused traffic: Period 4.1312s
[INFO] Subscriptions active: 6 (traci, fast mode)
  [ACTION PPO] R1C1_C: a0=12% (66) a1=6% (34) a2=58% (315) a3=23% (125)
[INFO] Episode duration: 2700s (45 min)

[DEBUG] 🎯 Célzott Forgalom Generálása (R1C1_C) | Period: 6.5363
Found 6 valid OD pairs for R1C1_C
Generating focused traffic: Period 6.5363s
[INFO] Subscriptions active: 6 (traci, fast mode)
  [ACTION PPO] R1C1_C: a0=14% (78) a1=6% (33) a2=58% (312) a3=22% (117)
[INFO] Episode duration: 2700s (45 min)

[DEBUG] 🎯 Célzott Forgalom Generálása (R1C1_C) | Period: 5.9203
Found 6 valid OD pairs for R1C1_C
Generating focused traffic: Period 5.9203s
[INFO] Subscriptions active: 6 (traci, fast mode)
  [ACTION PPO] R1C1_C: a0=14% (75) a1=8% (42) a2=54% (290) a3=25% (133)
[INFO] Episode duration: 3600s (60 min)

[DEBUG] 🎯 Célzott Forgalom Generálása (R1C1_C) | Period: 6.4145
Found 6 valid OD pairs for R1C1_C
Generating focused traffic: Period 6.4145s
[INFO] Subscriptions active: 6 (traci, fast mode)
  [ACTION PPO] R1C1_C: a0=14% (73) a1=6% (33) a2=56% (302) a3=24% (132)
[INFO] Episode duration: 3600s (60 min)

[DEBUG] 🎯 Célzott Forgalom Generálása (R1C1_C) | Period: 6.8186
Found 6 valid OD pairs for R1C1_C
Generating focused traffic: Period 6.8186s
[INFO] Subscriptions active: 6 (traci, fast mode)
  [ACTION PPO] R1C1_C: a0=16% (114) a1=7% (51) a2=55% (397) a3=22% (158)
[INFO] Episode duration: 3600s (60 min)

[DEBUG] 🎯 Célzott Forgalom Generálása (R1C1_C) | Period: 6.6908
Found 6 valid OD pairs for R1C1_C
Generating focused traffic: Period 6.6908s
[INFO] Subscriptions active: 6 (traci, fast mode)
  [ACTION PPO] R1C1_C: a0=14% (100) a1=6% (43) a2=59% (425) a3=21% (152)
[INFO] Episode duration: 900s (15 min)

[DEBUG] 🎯 Célzott Forgalom Generálása (R1C1_C) | Period: 6.4362
Found 6 valid OD pairs for R1C1_C
Generating focused traffic: Period 6.4362s
[INFO] Subscriptions active: 6 (traci, fast mode)
  [ACTION PPO] R1C1_C: a0=15% (109) a1=8% (60) a2=57% (407) a3=20% (144)
[INFO] Episode duration: 1800s (30 min)

[DEBUG] 🎯 Célzott Forgalom Generálása (R1C1_C) | Period: 4.4342
Found 6 valid OD pairs for R1C1_C
Generating focused traffic: Period 4.4342s
[INFO] Subscriptions active: 6 (traci, fast mode)
  [ACTION PPO] R1C1_C: a0=10% (18) a1=4% (8) a2=58% (105) a3=27% (49)
[INFO] Episode duration: 1800s (30 min)

[DEBUG] 🎯 Célzott Forgalom Generálása (R1C1_C) | Period: 5.2524
Found 6 valid OD pairs for R1C1_C
Generating focused traffic: Period 5.2524s
[INFO] Subscriptions active: 6 (traci, fast mode)
  [ACTION PPO] R1C1_C: a0=15% (54) a1=4% (15) a2=58% (210) a3=22% (81)
[INFO] Episode duration: 3600s (60 min)

[DEBUG] 🎯 Célzott Forgalom Generálása (R1C1_C) | Period: 7.6908
Found 6 valid OD pairs for R1C1_C
Generating focused traffic: Period 7.6908s
[INFO] Subscriptions active: 6 (traci, fast mode)
  [ACTION PPO] R1C1_C: a0=14% (51) a1=5% (19) a2=58% (208) a3=23% (82)
[INFO] Episode duration: 3600s (60 min)

[DEBUG] 🎯 Célzott Forgalom Generálása (R1C1_C) | Period: 4.7121
Found 6 valid OD pairs for R1C1_C
Generating focused traffic: Period 4.7121s
[INFO] Subscriptions active: 6 (traci, fast mode)
  [ACTION PPO] R1C1_C: a0=18% (131) a1=8% (55) a2=51% (366) a3=23% (168)
[INFO] Episode duration: 3600s (60 min)

[DEBUG] 🎯 Célzott Forgalom Generálása (R1C1_C) | Period: 6.8416
Found 6 valid OD pairs for R1C1_C
Generating focused traffic: Period 6.8416s
[INFO] Subscriptions active: 6 (traci, fast mode)
  [ACTION PPO] R1C1_C: a0=18% (132) a1=6% (40) a2=53% (380) a3=23% (168)
[INFO] Episode duration: 900s (15 min)

[DEBUG] 🎯 Célzott Forgalom Generálása (R1C1_C) | Period: 7.2799
Found 6 valid OD pairs for R1C1_C
Generating focused traffic: Period 7.2799s
[INFO] Subscriptions active: 6 (traci, fast mode)
  [ACTION PPO] R1C1_C: a0=19% (136) a1=7% (50) a2=49% (354) a3=25% (180)
[INFO] Episode duration: 3600s (60 min)

[DEBUG] 🎯 Célzott Forgalom Generálása (R1C1_C) | Period: 6.5929
Found 6 valid OD pairs for R1C1_C
Generating focused traffic: Period 6.5929s
[INFO] Subscriptions active: 6 (traci, fast mode)
  [ACTION PPO] R1C1_C: a0=18% (32) a1=6% (11) a2=56% (100) a3=21% (37)
[INFO] Episode duration: 3600s (60 min)

[DEBUG] 🎯 Célzott Forgalom Generálása (R1C1_C) | Period: 7.0406
Found 6 valid OD pairs for R1C1_C
Generating focused traffic: Period 7.0406s
[INFO] Subscriptions active: 6 (traci, fast mode)
  [ACTION PPO] R1C1_C: a0=18% (127) a1=8% (55) a2=50% (360) a3=25% (178)
[INFO] Episode duration: 900s (15 min)

[DEBUG] 🎯 Célzott Forgalom Generálása (R1C1_C) | Period: 6.8211
Found 6 valid OD pairs for R1C1_C
Generating focused traffic: Period 6.8211s
[INFO] Subscriptions active: 6 (traci, fast mode)
  [ACTION PPO] R1C1_C: a0=20% (144) a1=7% (50) a2=45% (327) a3=28% (199)
[INFO] Episode duration: 1800s (30 min)

[DEBUG] 🎯 Célzott Forgalom Generálása (R1C1_C) | Period: 4.7903
Found 6 valid OD pairs for R1C1_C
Generating focused traffic: Period 4.7903s
[INFO] Subscriptions active: 6 (traci, fast mode)
  [ACTION PPO] R1C1_C: a0=21% (37) a1=4% (8) a2=48% (86) a3=27% (49)
-----------------------------------------
| rollout/                |             |
|    ep_len_mean          | 470         |
|    ep_rew_mean          | 58.3        |
| time/                   |             |
|    fps                  | 80          |
|    iterations           | 40          |
|    time_elapsed         | 1022        |
|    total_timesteps      | 81920       |
| train/                  |             |
|    approx_kl            | 0.003481789 |
|    clip_fraction        | 0           |
|    clip_range           | 0.2         |
|    entropy_loss         | -1.16       |
|    explained_variance   | -0.0256     |
|    learning_rate        | 0.0001      |
|    loss                 | 1.19        |
|    n_updates            | 390         |
|    policy_gradient_loss | -0.00208    |
|    value_loss           | 1.82        |
-----------------------------------------
[INFO] Episode duration: 900s (15 min)

[DEBUG] 🎯 Célzott Forgalom Generálása (R1C1_C) | Period: 5.1356
Found 6 valid OD pairs for R1C1_C
Generating focused traffic: Period 5.1356s
[INFO] Subscriptions active: 6 (traci, fast mode)
  [ACTION PPO] R1C1_C: a0=24% (85) a1=8% (27) a2=44% (157) a3=25% (91)
[INFO] Episode duration: 1800s (30 min)

[DEBUG] 🎯 Célzott Forgalom Generálása (R1C1_C) | Period: 7.9365
Found 6 valid OD pairs for R1C1_C
Generating focused traffic: Period 7.9365s
[INFO] Subscriptions active: 6 (traci, fast mode)
  [ACTION PPO] R1C1_C: a0=28% (51) a1=3% (6) a2=44% (80) a3=24% (43)
[INFO] Episode duration: 900s (15 min)

[DEBUG] 🎯 Célzott Forgalom Generálása (R1C1_C) | Period: 7.4886
Found 6 valid OD pairs for R1C1_C
Generating focused traffic: Period 7.4886s
[INFO] Subscriptions active: 6 (traci, fast mode)
  [ACTION PPO] R1C1_C: a0=19% (68) a1=8% (30) a2=47% (169) a3=26% (93)
[INFO] Episode duration: 3600s (60 min)

[DEBUG] 🎯 Célzott Forgalom Generálása (R1C1_C) | Period: 4.9851
Found 6 valid OD pairs for R1C1_C
Generating focused traffic: Period 4.9851s
[INFO] Subscriptions active: 6 (traci, fast mode)
  [ACTION PPO] R1C1_C: a0=16% (28) a1=8% (14) a2=54% (97) a3=23% (41)
[INFO] Episode duration: 1800s (30 min)

[DEBUG] 🎯 Célzott Forgalom Generálása (R1C1_C) | Period: 4.5517
Found 6 valid OD pairs for R1C1_C
Generating focused traffic: Period 4.5517s
[INFO] Subscriptions active: 6 (traci, fast mode)
  [ACTION PPO] R1C1_C: a0=22% (156) a1=5% (34) a2=48% (347) a3=25% (183)
[INFO] Episode duration: 900s (15 min)

[DEBUG] 🎯 Célzott Forgalom Generálása (R1C1_C) | Period: 6.534
Found 6 valid OD pairs for R1C1_C
Generating focused traffic: Period 6.5340s
[INFO] Subscriptions active: 6 (traci, fast mode)
  [ACTION PPO] R1C1_C: a0=17% (62) a1=7% (25) a2=52% (189) a3=23% (84)
[INFO] Episode duration: 2700s (45 min)

[DEBUG] 🎯 Célzott Forgalom Generálása (R1C1_C) | Period: 7.1935
Found 6 valid OD pairs for R1C1_C
Generating focused traffic: Period 7.1935s
[INFO] Subscriptions active: 6 (traci, fast mode)
  [ACTION PPO] R1C1_C: a0=20% (36) a1=8% (14) a2=43% (78) a3=29% (52)
[INFO] Episode duration: 1800s (30 min)

[DEBUG] 🎯 Célzott Forgalom Generálása (R1C1_C) | Period: 6.7605
Found 6 valid OD pairs for R1C1_C
Generating focused traffic: Period 6.7605s
[INFO] Subscriptions active: 6 (traci, fast mode)
  [ACTION PPO] R1C1_C: a0=17% (93) a1=7% (36) a2=48% (257) a3=29% (154)
[INFO] Episode duration: 1800s (30 min)

[DEBUG] 🎯 Célzott Forgalom Generálása (R1C1_C) | Period: 5.2257
Found 6 valid OD pairs for R1C1_C
Generating focused traffic: Period 5.2257s
[INFO] Subscriptions active: 6 (traci, fast mode)
  [ACTION PPO] R1C1_C: a0=18% (66) a1=6% (22) a2=49% (176) a3=27% (96)
[INFO] Episode duration: 3600s (60 min)

[DEBUG] 🎯 Célzott Forgalom Generálása (R1C1_C) | Period: 7.6809
Found 6 valid OD pairs for R1C1_C
Generating focused traffic: Period 7.6809s
[INFO] Subscriptions active: 6 (traci, fast mode)
  [ACTION PPO] R1C1_C: a0=18% (66) a1=7% (26) a2=50% (180) a3=24% (88)
[INFO] Episode duration: 900s (15 min)

[DEBUG] 🎯 Célzott Forgalom Generálása (R1C1_C) | Period: 5.0577
Found 6 valid OD pairs for R1C1_C
Generating focused traffic: Period 5.0577s
[INFO] Subscriptions active: 6 (traci, fast mode)
  [ACTION PPO] R1C1_C: a0=20% (147) a1=8% (56) a2=45% (323) a3=27% (194)
[INFO] Episode duration: 1800s (30 min)

[DEBUG] 🎯 Célzott Forgalom Generálása (R1C1_C) | Period: 5.2508
Found 6 valid OD pairs for R1C1_C
Generating focused traffic: Period 5.2508s
[INFO] Subscriptions active: 6 (traci, fast mode)
  [ACTION PPO] R1C1_C: a0=17% (30) a1=4% (7) a2=48% (87) a3=31% (56)
[INFO] Episode duration: 3600s (60 min)

[DEBUG] 🎯 Célzott Forgalom Generálása (R1C1_C) | Period: 5.285
Found 6 valid OD pairs for R1C1_C
Generating focused traffic: Period 5.2850s
[INFO] Subscriptions active: 6 (traci, fast mode)
  [ACTION PPO] R1C1_C: a0=15% (53) a1=7% (25) a2=47% (168) a3=32% (114)
[INFO] Episode duration: 900s (15 min)

[DEBUG] 🎯 Célzott Forgalom Generálása (R1C1_C) | Period: 5.6119
Found 6 valid OD pairs for R1C1_C
Generating focused traffic: Period 5.6119s
[INFO] Subscriptions active: 6 (traci, fast mode)
  [ACTION PPO] R1C1_C: a0=23% (165) a1=7% (49) a2=42% (300) a3=29% (206)
[INFO] Episode duration: 1800s (30 min)

[DEBUG] 🎯 Célzott Forgalom Generálása (R1C1_C) | Period: 7.9443
Found 6 valid OD pairs for R1C1_C
Generating focused traffic: Period 7.9443s
[INFO] Subscriptions active: 6 (traci, fast mode)
  [ACTION PPO] R1C1_C: a0=16% (29) a1=6% (10) a2=42% (75) a3=37% (66)
[INFO] Episode duration: 3600s (60 min)

[DEBUG] 🎯 Célzott Forgalom Generálása (R1C1_C) | Period: 4.9803
Found 6 valid OD pairs for R1C1_C
Generating focused traffic: Period 4.9803s
[INFO] Subscriptions active: 6 (traci, fast mode)
  [ACTION PPO] R1C1_C: a0=17% (61) a1=6% (22) a2=49% (177) a3=28% (100)
[INFO] Episode duration: 1800s (30 min)

[DEBUG] 🎯 Célzott Forgalom Generálása (R1C1_C) | Period: 6.5036
Found 6 valid OD pairs for R1C1_C
Generating focused traffic: Period 6.5036s
[INFO] Subscriptions active: 6 (traci, fast mode)
  [ACTION PPO] R1C1_C: a0=18% (131) a1=5% (37) a2=50% (359) a3=27% (193)
[INFO] Episode duration: 1800s (30 min)

[DEBUG] 🎯 Célzott Forgalom Generálása (R1C1_C) | Period: 6.8017
Found 6 valid OD pairs for R1C1_C
Generating focused traffic: Period 6.8017s
[INFO] Subscriptions active: 6 (traci, fast mode)
  [ACTION PPO] R1C1_C: a0=18% (63) a1=6% (22) a2=47% (170) a3=29% (105)
[INFO] Episode duration: 3600s (60 min)

[DEBUG] 🎯 Célzott Forgalom Generálása (R1C1_C) | Period: 6.3869
Found 6 valid OD pairs for R1C1_C
Generating focused traffic: Period 6.3869s
[INFO] Subscriptions active: 6 (traci, fast mode)
  [ACTION PPO] R1C1_C: a0=19% (68) a1=5% (18) a2=46% (165) a3=30% (109)
[INFO] Episode duration: 1800s (30 min)

[DEBUG] 🎯 Célzott Forgalom Generálása (R1C1_C) | Period: 5.7868
Found 6 valid OD pairs for R1C1_C
Generating focused traffic: Period 5.7868s
[INFO] Subscriptions active: 6 (traci, fast mode)
  [ACTION PPO] R1C1_C: a0=21% (150) a1=6% (41) a2=46% (329) a3=28% (200)
[INFO] Episode duration: 900s (15 min)

[DEBUG] 🎯 Célzott Forgalom Generálása (R1C1_C) | Period: 6.4197
Found 6 valid OD pairs for R1C1_C
Generating focused traffic: Period 6.4197s
[INFO] Subscriptions active: 6 (traci, fast mode)
  [ACTION PPO] R1C1_C: a0=16% (57) a1=5% (19) a2=49% (178) a3=29% (106)
[INFO] Episode duration: 900s (15 min)

[DEBUG] 🎯 Célzott Forgalom Generálása (R1C1_C) | Period: 5.3559
Found 6 valid OD pairs for R1C1_C
Generating focused traffic: Period 5.3559s
[INFO] Subscriptions active: 6 (traci, fast mode)
  [ACTION PPO] R1C1_C: a0=13% (23) a1=8% (14) a2=52% (94) a3=27% (49)
[INFO] Episode duration: 900s (15 min)

[DEBUG] 🎯 Célzott Forgalom Generálása (R1C1_C) | Period: 7.7463
Found 6 valid OD pairs for R1C1_C
Generating focused traffic: Period 7.7463s
[INFO] Subscriptions active: 6 (traci, fast mode)
  [ACTION PPO] R1C1_C: a0=20% (36) a1=6% (11) a2=43% (77) a3=31% (56)
[INFO] Episode duration: 3600s (60 min)

[DEBUG] 🎯 Célzott Forgalom Generálása (R1C1_C) | Period: 5.2337
Found 6 valid OD pairs for R1C1_C
Generating focused traffic: Period 5.2337s
[INFO] Subscriptions active: 6 (traci, fast mode)
  [ACTION PPO] R1C1_C: a0=21% (37) a1=11% (19) a2=42% (75) a3=27% (49)
[INFO] Episode duration: 900s (15 min)

[DEBUG] 🎯 Célzott Forgalom Generálása (R1C1_C) | Period: 5.7443
Found 6 valid OD pairs for R1C1_C
Generating focused traffic: Period 5.7443s
[INFO] Subscriptions active: 6 (traci, fast mode)
  [ACTION PPO] R1C1_C: a0=16% (113) a1=5% (37) a2=51% (364) a3=29% (206)
[INFO] Episode duration: 1800s (30 min)

[DEBUG] 🎯 Célzott Forgalom Generálása (R1C1_C) | Period: 6.5488
Found 6 valid OD pairs for R1C1_C
Generating focused traffic: Period 6.5488s
[INFO] Subscriptions active: 6 (traci, fast mode)
  [ACTION PPO] R1C1_C: a0=17% (30) a1=8% (15) a2=50% (90) a3=25% (45)
[INFO] Episode duration: 3600s (60 min)

[DEBUG] 🎯 Célzott Forgalom Generálása (R1C1_C) | Period: 4.7884
Found 6 valid OD pairs for R1C1_C
wandb: WARNING Symlinked 1 file into the W&B run directory; call wandb.save again to sync new files.
/Users/wagnertamas/Documents/Munka/cikkek/AI_agens_konyvtar/support/intergreen_matrix_calculator/rl_trainer.py:992: UserWarning: Exporting a model while it is in training mode. Please ensure that this is intended, as it may lead to different behavior during inference. Calling model.eval() before export is recommended.
  torch.onnx.export(
/Users/wagnertamas/Documents/Munka/cikkek/AI_agens_konyvtar/support/intergreen_matrix_calculator/rl_trainer.py:992: UserWarning: # 'dynamic_axes' is not recommended when dynamo=True, and may lead to 'torch._dynamo.exc.UserError: Constraints violated.' Supply the 'dynamic_shapes' argument instead if export is unsuccessful.
  torch.onnx.export(
wandb: updating run metadata
wandb: uploading pytorch_models/R1C1_C.zip; uploading output.log; uploading config.yaml
wandb: 
wandb: Run history:
wandb:         R1C1_C/action_pct/phase_0 ████▆▆▅▅▆▃▃▃▁▃▃▂▃▃▃▄▂▂▂▃▂▂▄▃▃▂▁▂▃▄▆▄▅▅▃▆
wandb:         R1C1_C/action_pct/phase_1 █▇█▇██▇▇█▆▅▄▃▃▃▄▄▃▃▃▄▃▃▄▃▂▂▂▁▂▁▂▁▂▁▂▁▂▂▂
wandb:         R1C1_C/action_pct/phase_2 ▁▃▃▃▄▃▄▄▄▄▅▅▅▅▆▆▆▆▆▆▇█▅▇▆▇▇██▇▆▆▆▇▅▇▅▅▅▅
wandb:         R1C1_C/action_pct/phase_3 ▄▆▄▇▄▆▆█▃▅▆▅▇▆▆▇▅▄▆▄▅▅▆▁▅▆▅▅▅▃▄▄▃▃▅▄▅▇▆▆
wandb:         R1C1_C/train/entropy_loss ▁▁▁▁▁▂▂▂▃▃▃▃▃▃▄▄▄▅▅▆▅▅▅▇▇▇█████▆▅▆▆▆▆▆▆▅
wandb:        R1C1_C/train/learning_rate ▁▁▁▁▁▁▁▁▁▁▁▁▁▁▁▁▁▁▁▁▁▁▁▁▁▁▁▁▁▁▁▁▁▁▁▁▁▁▁▁
wandb:                 R1C1_C/train/loss ▂▂▂▁▃▂▂▂▂▂▁▁██▁▄▃▂▄▄▃▂▅▅▅▃▁▄▄▂▃▃▂▄▄▁▄▄▂▂
wandb: R1C1_C/train/policy_gradient_loss ▅▆▄▆▇▇▆▇██▇▇▇▁▇███▆▆▇▇██▃▃▃▆▆▇▇▇▇▇▇▇▄▄▇▆
wandb:           R1C1_C/train/value_loss ▄▆▆▄▃▃▃▃▃▃▂▁▄▁▆▃▃▆▆▂▅▅▅▃▃▃▁▁▇▂▁▁▃▃▃▆██▂▇
wandb:                        avg_reward ▁▄▃▂▆▄▃▃▂▆▃▂▄▃▄▄▂▄▃█▇▃▅▄▂▃▅█▄▅▄▄█▃▆▅▄▆▅▃
wandb:                                +9 ...
wandb: 
wandb: Run summary:
wandb:         R1C1_C/action_pct/phase_0 22.22222
wandb:         R1C1_C/action_pct/phase_1 7.77778
wandb:         R1C1_C/action_pct/phase_2 38.33333
wandb:         R1C1_C/action_pct/phase_3 31.66667
wandb:         R1C1_C/train/entropy_loss -1.22864
wandb:        R1C1_C/train/learning_rate 0.0001
wandb:                 R1C1_C/train/loss 0.43441
wandb: R1C1_C/train/policy_gradient_loss -0.00082
wandb:           R1C1_C/train/value_loss 1.98263
wandb:                        avg_reward 0.11868
wandb:                                +9 ...
wandb: 
wandb: 🚀 View run ppo_speed_throughput_1x8_3_R1C1_C at: https://wandb.ai/wagnertamas-budapesti-m-szaki-s-gazdas-gtudom-nyi-egyetem/sumo-rl-stat-2/runs/sfp8av4v
wandb: ⭐️ View project at: https://wandb.ai/wagnertamas-budapesti-m-szaki-s-gazdas-gtudom-nyi-egyetem/sumo-rl-stat-2
wandb: Synced 5 W&B file(s), 0 media file(s), 0 artifact file(s) and 1 other file(s)
wandb: Find logs at: ./wandb/run-20260408_005059-sfp8av4v/logs
Generating focused traffic: Period 4.7884s
[INFO] Subscriptions active: 6 (traci, fast mode)
  [ACTION PPO] R1C1_C: a0=17% (62) a1=6% (23) a2=44% (158) a3=32% (117)
[INFO] Episode duration: 3600s (60 min)

[DEBUG] 🎯 Célzott Forgalom Generálása (R1C1_C) | Period: 6.1774
Found 6 valid OD pairs for R1C1_C
Generating focused traffic: Period 6.1774s
[INFO] Subscriptions active: 6 (traci, fast mode)
  [ACTION PPO] R1C1_C: a0=16% (114) a1=7% (49) a2=46% (328) a3=32% (229)
[INFO] Episode duration: 3600s (60 min)

[DEBUG] 🎯 Célzott Forgalom Generálása (R1C1_C) | Period: 7.4321
Found 6 valid OD pairs for R1C1_C
Generating focused traffic: Period 7.4321s
[INFO] Subscriptions active: 6 (traci, fast mode)
  [ACTION PPO] R1C1_C: a0=16% (118) a1=6% (42) a2=45% (326) a3=32% (234)
[INFO] Episode duration: 2700s (45 min)

[DEBUG] 🎯 Célzott Forgalom Generálása (R1C1_C) | Period: 6.8163
Found 6 valid OD pairs for R1C1_C
Generating focused traffic: Period 6.8163s
[INFO] Subscriptions active: 6 (traci, fast mode)
  [ACTION PPO] R1C1_C: a0=23% (167) a1=6% (42) a2=41% (292) a3=30% (219)
[INFO] Episode duration: 900s (15 min)

[DEBUG] 🎯 Célzott Forgalom Generálása (R1C1_C) | Period: 4.6273
Found 6 valid OD pairs for R1C1_C
Generating focused traffic: Period 4.6273s
[INFO] Subscriptions active: 6 (traci, fast mode)
  [ACTION PPO] R1C1_C: a0=24% (127) a1=6% (35) a2=40% (214) a3=30% (164)
[INFO] Episode duration: 900s (15 min)

[DEBUG] 🎯 Célzott Forgalom Generálása (R1C1_C) | Period: 6.5303
Found 6 valid OD pairs for R1C1_C
Generating focused traffic: Period 6.5303s
[INFO] Subscriptions active: 6 (traci, fast mode)
  [ACTION PPO] R1C1_C: a0=21% (38) a1=7% (13) a2=40% (72) a3=32% (57)
[INFO] Episode duration: 2700s (45 min)

[DEBUG] 🎯 Célzott Forgalom Generálása (R1C1_C) | Period: 7.2253
Found 6 valid OD pairs for R1C1_C
Generating focused traffic: Period 7.2253s
[INFO] Subscriptions active: 6 (traci, fast mode)
  [ACTION PPO] R1C1_C: a0=22% (40) a1=7% (12) a2=39% (71) a3=32% (57)
[INFO] Episode duration: 2700s (45 min)

[DEBUG] 🎯 Célzott Forgalom Generálása (R1C1_C) | Period: 6.533
Found 6 valid OD pairs for R1C1_C
Generating focused traffic: Period 6.5330s
[INFO] Subscriptions active: 6 (traci, fast mode)
  [ACTION PPO] R1C1_C: a0=22% (120) a1=7% (37) a2=42% (225) a3=29% (158)
[INFO] Episode duration: 2700s (45 min)

[DEBUG] 🎯 Célzott Forgalom Generálása (R1C1_C) | Period: 4.7939
Found 6 valid OD pairs for R1C1_C
Generating focused traffic: Period 4.7939s
[INFO] Subscriptions active: 6 (traci, fast mode)
  [ACTION PPO] R1C1_C: a0=21% (111) a1=6% (31) a2=44% (240) a3=29% (158)
[INFO] Episode duration: 1800s (30 min)

[DEBUG] 🎯 Célzott Forgalom Generálása (R1C1_C) | Period: 6.0727
Found 6 valid OD pairs for R1C1_C
Generating focused traffic: Period 6.0727s
[INFO] Subscriptions active: 6 (traci, fast mode)
  [ACTION PPO] R1C1_C: a0=23% (122) a1=6% (32) a2=42% (228) a3=29% (158)
[INFO] Episode duration: 1800s (30 min)

[DEBUG] 🎯 Célzott Forgalom Generálása (R1C1_C) | Period: 6.4262
Found 6 valid OD pairs for R1C1_C
Generating focused traffic: Period 6.4262s
[INFO] Subscriptions active: 6 (traci, fast mode)
  [ACTION PPO] R1C1_C: a0=25% (91) a1=10% (35) a2=42% (152) a3=23% (82)
[INFO] Episode duration: 3600s (60 min)

[DEBUG] 🎯 Célzott Forgalom Generálása (R1C1_C) | Period: 7.816
Found 6 valid OD pairs for R1C1_C
Generating focused traffic: Period 7.8160s
[INFO] Subscriptions active: 6 (traci, fast mode)
  [ACTION PPO] R1C1_C: a0=21% (76) a1=8% (28) a2=44% (160) a3=27% (96)
[INFO] Episode duration: 3600s (60 min)

[DEBUG] 🎯 Célzott Forgalom Generálása (R1C1_C) | Period: 4.6933
Found 6 valid OD pairs for R1C1_C
Generating focused traffic: Period 4.6933s
[INFO] Subscriptions active: 6 (traci, fast mode)
  [ACTION PPO] R1C1_C: a0=23% (164) a1=8% (56) a2=42% (303) a3=27% (197)
[INFO] Episode duration: 2700s (45 min)

[DEBUG] 🎯 Célzott Forgalom Generálása (R1C1_C) | Period: 4.3665
Found 6 valid OD pairs for R1C1_C
Generating focused traffic: Period 4.3665s
[INFO] Subscriptions active: 6 (traci, fast mode)
  [ACTION PPO] R1C1_C: a0=21% (150) a1=6% (44) a2=40% (289) a3=33% (237)
[INFO] Episode duration: 900s (15 min)

[DEBUG] 🎯 Célzott Forgalom Generálása (R1C1_C) | Period: 4.4687
Found 6 valid OD pairs for R1C1_C
Generating focused traffic: Period 4.4687s
[INFO] Subscriptions active: 6 (traci, fast mode)
  [ACTION PPO] R1C1_C: a0=21% (116) a1=9% (47) a2=41% (224) a3=28% (153)
[INFO] Episode duration: 3600s (60 min)

[DEBUG] 🎯 Célzott Forgalom Generálása (R1C1_C) | Period: 4.8587
Found 6 valid OD pairs for R1C1_C
Generating focused traffic: Period 4.8587s
[INFO] Subscriptions active: 6 (traci, fast mode)
  [ACTION PPO] R1C1_C: a0=22% (40) a1=8% (14) a2=38% (69) a3=32% (57)
On-policy training completed.
Closing environment and EXPORTING models...
Saving PyTorch ZIP models to /Users/wagnertamas/Documents/Munka/cikkek/AI_agens_konyvtar/support/intergreen_matrix_calculator/data/runs/pytorch_models...
Saved PyTorch R1C1_C to /Users/wagnertamas/Documents/Munka/cikkek/AI_agens_konyvtar/support/intergreen_matrix_calculator/data/runs/pytorch_models/R1C1_C.zip
Exporting ONNX models to /Users/wagnertamas/Documents/Munka/cikkek/AI_agens_konyvtar/support/intergreen_matrix_calculator/data/runs/onnx_models...
Failed to export R1C1_C: # Failed to convert 'dynamic_axes' to 'dynamic_shapes'. Please provide 'dynamic_shapes' directly. Refer to the documentation for 'torch.export.export' for more information on dynamic shapes.
Cleanup done.
