wandb: [wandb.login()] Loaded credentials for https://api.wandb.ai from /Users/wagnertamas/.netrc.
wandb: Currently logged in as: wagnertamas (wagnertamas-budapesti-m-szaki-s-gazdas-gtudom-nyi-egyetem) to https://api.wandb.ai. Use `wandb login --relogin` to force relogin
wandb: setting up run dukr5hy2
wandb: Tracking run with wandb version 0.25.0
wandb: Run data is saved locally in /Users/wagnertamas/Documents/Munka/cikkek/AI_agens_konyvtar/support/intergreen_matrix_calculator/wandb/run-20260321_234024-dukr5hy2
wandb: Run `wandb offline` to turn off syncing.
wandb: Syncing run ppo_halt_ratio_3x64_2_R1C1_C
wandb: ⭐️ View project at https://wandb.ai/wagnertamas-budapesti-m-szaki-s-gazdas-gtudom-nyi-egyetem/sumo-rl-stat
wandb: 🚀 View run at https://wandb.ai/wagnertamas-budapesti-m-szaki-s-gazdas-gtudom-nyi-egyetem/sumo-rl-stat/runs/dukr5hy2
[INFO] Config: training_config.yaml
[INFO] Net: /Users/wagnertamas/Documents/Munka/cikkek/AI_agens_konyvtar/support/intergreen_matrix_calculator/data/mega_catalogue_v2.net.xml
[INFO] Timesteps: 100000 | Project: sumo-rl-stat
[INFO] Junction: R1C1_C
[INFO] Algorithm: ppo | Reward: halt_ratio
[INFO] Load model: None (fresh)
[INFO] Traffic: random target+spread (epizódonként)
Initializing Environment (algorithm=ppo, reward=halt_ratio)...
[INFO] Algorithm: ppo (on_policy)
[INFO] Reward mode: halt_ratio
WandB config applied (Sweep compatible).
[INFO] Junction reward params auto-loaded from /Users/wagnertamas/Documents/Munka/cikkek/AI_agens_konyvtar/support/intergreen_matrix_calculator/data/junction_reward_params.json
[INFO] Using 'libsumo' (fast headless mode, OS=darwin).
Starting SUMO...
[INFO] Episode duration: 3600s (60 min)

[DEBUG] 🎯 Célzott Forgalom Generálása (R1C1_C) | Period: 4.354
Found 6 valid OD pairs for R1C1_C
Generating focused traffic: Period 4.3540s
[INFO] Network mapped: 1 agents, 3 detectors, 3 lanes
[INFO] Subscriptions active: 6 (libsumo, fast mode)
Agents discovered: ['R1C1_C']
[INFO] RL device: mps
[INFO] On-policy training: ppo → R1C1_C
Using mps device
Wrapping the env with a `Monitor` wrapper
Wrapping the env in a DummyVecEnv.
Starting on-policy training: 100000 timesteps...
[INFO] Episode duration: 900s (15 min)

[DEBUG] 🎯 Célzott Forgalom Generálása (R1C1_C) | Period: 4.2203
Found 6 valid OD pairs for R1C1_C
Generating focused traffic: Period 4.2203s
[INFO] Subscriptions active: 6 (libsumo, fast mode)
Logging to /Users/wagnertamas/Documents/Munka/cikkek/AI_agens_konyvtar/support/intergreen_matrix_calculator/data/runs/sumo-rl-stat/R1C1_C/PPO_134
[INFO] Episode duration: 2700s (45 min)

[DEBUG] 🎯 Célzott Forgalom Generálása (R1C1_C) | Period: 7.3409
Found 6 valid OD pairs for R1C1_C
Generating focused traffic: Period 7.3409s
[INFO] Subscriptions active: 6 (libsumo, fast mode)
[INFO] Episode duration: 3600s (60 min)

[DEBUG] 🎯 Célzott Forgalom Generálása (R1C1_C) | Period: 6.0051
Found 6 valid OD pairs for R1C1_C
Generating focused traffic: Period 6.0051s
[INFO] Subscriptions active: 6 (libsumo, fast mode)
[INFO] Episode duration: 3600s (60 min)

[DEBUG] 🎯 Célzott Forgalom Generálása (R1C1_C) | Period: 6.9363
Found 6 valid OD pairs for R1C1_C
Generating focused traffic: Period 6.9363s
[INFO] Subscriptions active: 6 (libsumo, fast mode)
[INFO] Episode duration: 900s (15 min)

[DEBUG] 🎯 Célzott Forgalom Generálása (R1C1_C) | Period: 4.4623
Found 6 valid OD pairs for R1C1_C
Generating focused traffic: Period 4.4623s
[INFO] Subscriptions active: 6 (libsumo, fast mode)
[INFO] Episode duration: 3600s (60 min)

[DEBUG] 🎯 Célzott Forgalom Generálása (R1C1_C) | Period: 5.2162
Found 6 valid OD pairs for R1C1_C
Generating focused traffic: Period 5.2162s
[INFO] Subscriptions active: 6 (libsumo, fast mode)
[INFO] Episode duration: 1800s (30 min)

[DEBUG] 🎯 Célzott Forgalom Generálása (R1C1_C) | Period: 6.3425
Found 6 valid OD pairs for R1C1_C
Generating focused traffic: Period 6.3425s
[INFO] Subscriptions active: 6 (libsumo, fast mode)
[INFO] Episode duration: 2700s (45 min)

[DEBUG] 🎯 Célzott Forgalom Generálása (R1C1_C) | Period: 7.3285
Found 6 valid OD pairs for R1C1_C
Generating focused traffic: Period 7.3285s
[INFO] Subscriptions active: 6 (libsumo, fast mode)
[INFO] Episode duration: 3600s (60 min)

[DEBUG] 🎯 Célzott Forgalom Generálása (R1C1_C) | Period: 4.0562
Found 6 valid OD pairs for R1C1_C
Generating focused traffic: Period 4.0562s
[INFO] Subscriptions active: 6 (libsumo, fast mode)
[INFO] Episode duration: 3600s (60 min)

[DEBUG] 🎯 Célzott Forgalom Generálása (R1C1_C) | Period: 6.297
Found 6 valid OD pairs for R1C1_C
Generating focused traffic: Period 6.2970s
[INFO] Subscriptions active: 6 (libsumo, fast mode)
[INFO] Episode duration: 1800s (30 min)

[DEBUG] 🎯 Célzott Forgalom Generálása (R1C1_C) | Period: 6.2807
Found 6 valid OD pairs for R1C1_C
Generating focused traffic: Period 6.2807s
[INFO] Subscriptions active: 6 (libsumo, fast mode)
[INFO] Episode duration: 2700s (45 min)

[DEBUG] 🎯 Célzott Forgalom Generálása (R1C1_C) | Period: 5.7645
Found 6 valid OD pairs for R1C1_C
Generating focused traffic: Period 5.7645s
[INFO] Subscriptions active: 6 (libsumo, fast mode)
[INFO] Episode duration: 3600s (60 min)

[DEBUG] 🎯 Célzott Forgalom Generálása (R1C1_C) | Period: 4.8298
Found 6 valid OD pairs for R1C1_C
Generating focused traffic: Period 4.8298s
[INFO] Subscriptions active: 6 (libsumo, fast mode)
[INFO] Episode duration: 900s (15 min)

[DEBUG] 🎯 Célzott Forgalom Generálása (R1C1_C) | Period: 6.3088
Found 6 valid OD pairs for R1C1_C
Generating focused traffic: Period 6.3088s
[INFO] Subscriptions active: 6 (libsumo, fast mode)
[INFO] Episode duration: 1800s (30 min)

[DEBUG] 🎯 Célzott Forgalom Generálása (R1C1_C) | Period: 5.5075
Found 6 valid OD pairs for R1C1_C
Generating focused traffic: Period 5.5075s
[INFO] Subscriptions active: 6 (libsumo, fast mode)
[INFO] Episode duration: 900s (15 min)

[DEBUG] 🎯 Célzott Forgalom Generálása (R1C1_C) | Period: 6.9607
Found 6 valid OD pairs for R1C1_C
Generating focused traffic: Period 6.9607s
[INFO] Subscriptions active: 6 (libsumo, fast mode)
[INFO] Episode duration: 1800s (30 min)

[DEBUG] 🎯 Célzott Forgalom Generálása (R1C1_C) | Period: 7.6506
Found 6 valid OD pairs for R1C1_C
Generating focused traffic: Period 7.6506s
[INFO] Subscriptions active: 6 (libsumo, fast mode)
[INFO] Episode duration: 1800s (30 min)

[DEBUG] 🎯 Célzott Forgalom Generálása (R1C1_C) | Period: 6.9371
Found 6 valid OD pairs for R1C1_C
Generating focused traffic: Period 6.9371s
[INFO] Subscriptions active: 6 (libsumo, fast mode)
[INFO] Episode duration: 3600s (60 min)

[DEBUG] 🎯 Célzott Forgalom Generálása (R1C1_C) | Period: 4.2119
Found 6 valid OD pairs for R1C1_C
Generating focused traffic: Period 4.2119s
[INFO] Subscriptions active: 6 (libsumo, fast mode)
[INFO] Episode duration: 2700s (45 min)

[DEBUG] 🎯 Célzott Forgalom Generálása (R1C1_C) | Period: 5.3146
Found 6 valid OD pairs for R1C1_C
Generating focused traffic: Period 5.3146s
[INFO] Subscriptions active: 6 (libsumo, fast mode)
[INFO] Episode duration: 900s (15 min)

[DEBUG] 🎯 Célzott Forgalom Generálása (R1C1_C) | Period: 7.8508
Found 6 valid OD pairs for R1C1_C
Generating focused traffic: Period 7.8508s
[INFO] Subscriptions active: 6 (libsumo, fast mode)
[INFO] Episode duration: 2700s (45 min)

[DEBUG] 🎯 Célzott Forgalom Generálása (R1C1_C) | Period: 6.1014
Found 6 valid OD pairs for R1C1_C
Generating focused traffic: Period 6.1014s
[INFO] Subscriptions active: 6 (libsumo, fast mode)
[INFO] Episode duration: 2700s (45 min)

[DEBUG] 🎯 Célzott Forgalom Generálása (R1C1_C) | Period: 5.242
Found 6 valid OD pairs for R1C1_C
Generating focused traffic: Period 5.2420s
[INFO] Subscriptions active: 6 (libsumo, fast mode)
[INFO] Episode duration: 900s (15 min)

[DEBUG] 🎯 Célzott Forgalom Generálása (R1C1_C) | Period: 6.8884
Found 6 valid OD pairs for R1C1_C
Generating focused traffic: Period 6.8884s
[INFO] Subscriptions active: 6 (libsumo, fast mode)
[INFO] Episode duration: 1800s (30 min)

[DEBUG] 🎯 Célzott Forgalom Generálása (R1C1_C) | Period: 4.1199
Found 6 valid OD pairs for R1C1_C
Generating focused traffic: Period 4.1199s
[INFO] Subscriptions active: 6 (libsumo, fast mode)
[INFO] Episode duration: 900s (15 min)

[DEBUG] 🎯 Célzott Forgalom Generálása (R1C1_C) | Period: 5.4491
Found 6 valid OD pairs for R1C1_C
Generating focused traffic: Period 5.4491s
[INFO] Subscriptions active: 6 (libsumo, fast mode)
[INFO] Episode duration: 1800s (30 min)

[DEBUG] 🎯 Célzott Forgalom Generálása (R1C1_C) | Period: 7.377
Found 6 valid OD pairs for R1C1_C
Generating focused traffic: Period 7.3770s
[INFO] Subscriptions active: 6 (libsumo, fast mode)
[INFO] Episode duration: 2700s (45 min)

[DEBUG] 🎯 Célzott Forgalom Generálása (R1C1_C) | Period: 5.1779
Found 6 valid OD pairs for R1C1_C
Generating focused traffic: Period 5.1779s
[INFO] Subscriptions active: 6 (libsumo, fast mode)
[INFO] Episode duration: 900s (15 min)

[DEBUG] 🎯 Célzott Forgalom Generálása (R1C1_C) | Period: 4.6627
Found 6 valid OD pairs for R1C1_C
Generating focused traffic: Period 4.6627s
[INFO] Subscriptions active: 6 (libsumo, fast mode)
[INFO] Episode duration: 3600s (60 min)

[DEBUG] 🎯 Célzott Forgalom Generálása (R1C1_C) | Period: 7.0225
Found 6 valid OD pairs for R1C1_C
Generating focused traffic: Period 7.0225s
[INFO] Subscriptions active: 6 (libsumo, fast mode)
[INFO] Episode duration: 2700s (45 min)

[DEBUG] 🎯 Célzott Forgalom Generálása (R1C1_C) | Period: 7.3752
Found 6 valid OD pairs for R1C1_C
Generating focused traffic: Period 7.3752s
[INFO] Subscriptions active: 6 (libsumo, fast mode)
[INFO] Episode duration: 3600s (60 min)

[DEBUG] 🎯 Célzott Forgalom Generálása (R1C1_C) | Period: 7.495
Found 6 valid OD pairs for R1C1_C
Generating focused traffic: Period 7.4950s
[INFO] Subscriptions active: 6 (libsumo, fast mode)
[INFO] Episode duration: 1800s (30 min)

[DEBUG] 🎯 Célzott Forgalom Generálása (R1C1_C) | Period: 7.3578
Found 6 valid OD pairs for R1C1_C
Generating focused traffic: Period 7.3578s
[INFO] Subscriptions active: 6 (libsumo, fast mode)
[INFO] Episode duration: 3600s (60 min)

[DEBUG] 🎯 Célzott Forgalom Generálása (R1C1_C) | Period: 5.2353
Found 6 valid OD pairs for R1C1_C
Generating focused traffic: Period 5.2353s
[INFO] Subscriptions active: 6 (libsumo, fast mode)
[INFO] Episode duration: 3600s (60 min)

[DEBUG] 🎯 Célzott Forgalom Generálása (R1C1_C) | Period: 7.6246
Found 6 valid OD pairs for R1C1_C
Generating focused traffic: Period 7.6246s
[INFO] Subscriptions active: 6 (libsumo, fast mode)
[INFO] Episode duration: 3600s (60 min)

[DEBUG] 🎯 Célzott Forgalom Generálása (R1C1_C) | Period: 4.9723
Found 6 valid OD pairs for R1C1_C
Generating focused traffic: Period 4.9723s
[INFO] Subscriptions active: 6 (libsumo, fast mode)
[INFO] Episode duration: 900s (15 min)

[DEBUG] 🎯 Célzott Forgalom Generálása (R1C1_C) | Period: 5.8565
Found 6 valid OD pairs for R1C1_C
Generating focused traffic: Period 5.8565s
[INFO] Subscriptions active: 6 (libsumo, fast mode)
[INFO] Episode duration: 2700s (45 min)

[DEBUG] 🎯 Célzott Forgalom Generálása (R1C1_C) | Period: 5.0633
Found 6 valid OD pairs for R1C1_C
Generating focused traffic: Period 5.0633s
[INFO] Subscriptions active: 6 (libsumo, fast mode)
[INFO] Episode duration: 900s (15 min)

[DEBUG] 🎯 Célzott Forgalom Generálása (R1C1_C) | Period: 6.2113
Found 6 valid OD pairs for R1C1_C
Generating focused traffic: Period 6.2113s
[INFO] Subscriptions active: 6 (libsumo, fast mode)
[INFO] Episode duration: 900s (15 min)

[DEBUG] 🎯 Célzott Forgalom Generálása (R1C1_C) | Period: 5.9133
Found 6 valid OD pairs for R1C1_C
Generating focused traffic: Period 5.9133s
[INFO] Subscriptions active: 6 (libsumo, fast mode)
[INFO] Episode duration: 2700s (45 min)

[DEBUG] 🎯 Célzott Forgalom Generálása (R1C1_C) | Period: 5.2326
Found 6 valid OD pairs for R1C1_C
Generating focused traffic: Period 5.2326s
[INFO] Subscriptions active: 6 (libsumo, fast mode)
[INFO] Episode duration: 900s (15 min)

[DEBUG] 🎯 Célzott Forgalom Generálása (R1C1_C) | Period: 7.3597
Found 6 valid OD pairs for R1C1_C
Generating focused traffic: Period 7.3597s
[INFO] Subscriptions active: 6 (libsumo, fast mode)
[INFO] Episode duration: 1800s (30 min)

[DEBUG] 🎯 Célzott Forgalom Generálása (R1C1_C) | Period: 5.7033
Found 6 valid OD pairs for R1C1_C
Generating focused traffic: Period 5.7033s
[INFO] Subscriptions active: 6 (libsumo, fast mode)
[INFO] Episode duration: 2700s (45 min)

[DEBUG] 🎯 Célzott Forgalom Generálása (R1C1_C) | Period: 7.3545
Found 6 valid OD pairs for R1C1_C
Generating focused traffic: Period 7.3545s
[INFO] Subscriptions active: 6 (libsumo, fast mode)
[INFO] Episode duration: 2700s (45 min)

[DEBUG] 🎯 Célzott Forgalom Generálása (R1C1_C) | Period: 7.0539
Found 6 valid OD pairs for R1C1_C
Generating focused traffic: Period 7.0539s
[INFO] Subscriptions active: 6 (libsumo, fast mode)
-----------------------------------------
| rollout/                |             |
|    ep_len_mean          | 454         |
|    ep_rew_mean          | 96          |
| time/                   |             |
|    fps                  | 107         |
|    iterations           | 10          |
|    time_elapsed         | 190         |
|    total_timesteps      | 20480       |
| train/                  |             |
|    approx_kl            | 0.006768057 |
|    clip_fraction        | 0.059       |
|    clip_range           | 0.2         |
|    entropy_loss         | -1.18       |
|    explained_variance   | -0.0313     |
|    learning_rate        | 0.0001      |
|    loss                 | 3.24        |
|    n_updates            | 90          |
|    policy_gradient_loss | -0.00606    |
|    value_loss           | 6.64        |
-----------------------------------------
[INFO] Episode duration: 2700s (45 min)

[DEBUG] 🎯 Célzott Forgalom Generálása (R1C1_C) | Period: 4.7692
Found 6 valid OD pairs for R1C1_C
Generating focused traffic: Period 4.7692s
[INFO] Subscriptions active: 6 (libsumo, fast mode)
[INFO] Episode duration: 1800s (30 min)

[DEBUG] 🎯 Célzott Forgalom Generálása (R1C1_C) | Period: 7.4087
Found 6 valid OD pairs for R1C1_C
Generating focused traffic: Period 7.4087s
[INFO] Subscriptions active: 6 (libsumo, fast mode)
[INFO] Episode duration: 2700s (45 min)

[DEBUG] 🎯 Célzott Forgalom Generálása (R1C1_C) | Period: 4.8849
Found 6 valid OD pairs for R1C1_C
Generating focused traffic: Period 4.8849s
[INFO] Subscriptions active: 6 (libsumo, fast mode)
[INFO] Episode duration: 2700s (45 min)

[DEBUG] 🎯 Célzott Forgalom Generálása (R1C1_C) | Period: 6.1173
Found 6 valid OD pairs for R1C1_C
Generating focused traffic: Period 6.1173s
[INFO] Subscriptions active: 6 (libsumo, fast mode)
[INFO] Episode duration: 900s (15 min)

[DEBUG] 🎯 Célzott Forgalom Generálása (R1C1_C) | Period: 6.7394
Found 6 valid OD pairs for R1C1_C
Generating focused traffic: Period 6.7394s
[INFO] Subscriptions active: 6 (libsumo, fast mode)
[INFO] Episode duration: 1800s (30 min)

[DEBUG] 🎯 Célzott Forgalom Generálása (R1C1_C) | Period: 7.0421
Found 6 valid OD pairs for R1C1_C
Generating focused traffic: Period 7.0421s
[INFO] Subscriptions active: 6 (libsumo, fast mode)
[INFO] Episode duration: 3600s (60 min)

[DEBUG] 🎯 Célzott Forgalom Generálása (R1C1_C) | Period: 4.3084
Found 6 valid OD pairs for R1C1_C
Generating focused traffic: Period 4.3084s
[INFO] Subscriptions active: 6 (libsumo, fast mode)
[INFO] Episode duration: 1800s (30 min)

[DEBUG] 🎯 Célzott Forgalom Generálása (R1C1_C) | Period: 6.0321
Found 6 valid OD pairs for R1C1_C
Generating focused traffic: Period 6.0321s
[INFO] Subscriptions active: 6 (libsumo, fast mode)
[INFO] Episode duration: 900s (15 min)

[DEBUG] 🎯 Célzott Forgalom Generálása (R1C1_C) | Period: 5.263
Found 6 valid OD pairs for R1C1_C
Generating focused traffic: Period 5.2630s
[INFO] Subscriptions active: 6 (libsumo, fast mode)
[INFO] Episode duration: 900s (15 min)

[DEBUG] 🎯 Célzott Forgalom Generálása (R1C1_C) | Period: 5.0766
Found 6 valid OD pairs for R1C1_C
Generating focused traffic: Period 5.0766s
[INFO] Subscriptions active: 6 (libsumo, fast mode)
[INFO] Episode duration: 1800s (30 min)

[DEBUG] 🎯 Célzott Forgalom Generálása (R1C1_C) | Period: 6.7557
Found 6 valid OD pairs for R1C1_C
Generating focused traffic: Period 6.7557s
[INFO] Subscriptions active: 6 (libsumo, fast mode)
[INFO] Episode duration: 2700s (45 min)

[DEBUG] 🎯 Célzott Forgalom Generálása (R1C1_C) | Period: 5.2857
Found 6 valid OD pairs for R1C1_C
Generating focused traffic: Period 5.2857s
[INFO] Subscriptions active: 6 (libsumo, fast mode)
[INFO] Episode duration: 3600s (60 min)

[DEBUG] 🎯 Célzott Forgalom Generálása (R1C1_C) | Period: 4.3916
Found 6 valid OD pairs for R1C1_C
Generating focused traffic: Period 4.3916s
[INFO] Subscriptions active: 6 (libsumo, fast mode)
[INFO] Episode duration: 1800s (30 min)

[DEBUG] 🎯 Célzott Forgalom Generálása (R1C1_C) | Period: 5.0174
Found 6 valid OD pairs for R1C1_C
Generating focused traffic: Period 5.0174s
[INFO] Subscriptions active: 6 (libsumo, fast mode)
[INFO] Episode duration: 1800s (30 min)

[DEBUG] 🎯 Célzott Forgalom Generálása (R1C1_C) | Period: 7.8133
Found 6 valid OD pairs for R1C1_C
Generating focused traffic: Period 7.8133s
[INFO] Subscriptions active: 6 (libsumo, fast mode)
[INFO] Episode duration: 3600s (60 min)

[DEBUG] 🎯 Célzott Forgalom Generálása (R1C1_C) | Period: 5.1831
Found 6 valid OD pairs for R1C1_C
Generating focused traffic: Period 5.1831s
[INFO] Subscriptions active: 6 (libsumo, fast mode)
[INFO] Episode duration: 3600s (60 min)

[DEBUG] 🎯 Célzott Forgalom Generálása (R1C1_C) | Period: 6.7228
Found 6 valid OD pairs for R1C1_C
Generating focused traffic: Period 6.7228s
[INFO] Subscriptions active: 6 (libsumo, fast mode)
[INFO] Episode duration: 2700s (45 min)

[DEBUG] 🎯 Célzott Forgalom Generálása (R1C1_C) | Period: 5.1787
Found 6 valid OD pairs for R1C1_C
Generating focused traffic: Period 5.1787s
[INFO] Subscriptions active: 6 (libsumo, fast mode)
[INFO] Episode duration: 1800s (30 min)

[DEBUG] 🎯 Célzott Forgalom Generálása (R1C1_C) | Period: 5.2162
Found 6 valid OD pairs for R1C1_C
Generating focused traffic: Period 5.2162s
[INFO] Subscriptions active: 6 (libsumo, fast mode)
[INFO] Episode duration: 900s (15 min)

[DEBUG] 🎯 Célzott Forgalom Generálása (R1C1_C) | Period: 6.3051
Found 6 valid OD pairs for R1C1_C
Generating focused traffic: Period 6.3051s
[INFO] Subscriptions active: 6 (libsumo, fast mode)
[INFO] Episode duration: 900s (15 min)

[DEBUG] 🎯 Célzott Forgalom Generálása (R1C1_C) | Period: 5.8739
Found 6 valid OD pairs for R1C1_C
Generating focused traffic: Period 5.8739s
[INFO] Subscriptions active: 6 (libsumo, fast mode)
[INFO] Episode duration: 2700s (45 min)

[DEBUG] 🎯 Célzott Forgalom Generálása (R1C1_C) | Period: 7.119
Found 6 valid OD pairs for R1C1_C
Generating focused traffic: Period 7.1190s
[INFO] Subscriptions active: 6 (libsumo, fast mode)
[INFO] Episode duration: 2700s (45 min)

[DEBUG] 🎯 Célzott Forgalom Generálása (R1C1_C) | Period: 6.9314
Found 6 valid OD pairs for R1C1_C
Generating focused traffic: Period 6.9314s
[INFO] Subscriptions active: 6 (libsumo, fast mode)
[INFO] Episode duration: 3600s (60 min)

[DEBUG] 🎯 Célzott Forgalom Generálása (R1C1_C) | Period: 4.755
Found 6 valid OD pairs for R1C1_C
Generating focused traffic: Period 4.7550s
[INFO] Subscriptions active: 6 (libsumo, fast mode)
[INFO] Episode duration: 3600s (60 min)

[DEBUG] 🎯 Célzott Forgalom Generálása (R1C1_C) | Period: 6.5399
Found 6 valid OD pairs for R1C1_C
Generating focused traffic: Period 6.5399s
[INFO] Subscriptions active: 6 (libsumo, fast mode)
[INFO] Episode duration: 3600s (60 min)

[DEBUG] 🎯 Célzott Forgalom Generálása (R1C1_C) | Period: 4.0926
Found 6 valid OD pairs for R1C1_C
Generating focused traffic: Period 4.0926s
[INFO] Subscriptions active: 6 (libsumo, fast mode)
[INFO] Episode duration: 2700s (45 min)

[DEBUG] 🎯 Célzott Forgalom Generálása (R1C1_C) | Period: 4.999
Found 6 valid OD pairs for R1C1_C
Generating focused traffic: Period 4.9990s
[INFO] Subscriptions active: 6 (libsumo, fast mode)
[INFO] Episode duration: 3600s (60 min)

[DEBUG] 🎯 Célzott Forgalom Generálása (R1C1_C) | Period: 6.8245
Found 6 valid OD pairs for R1C1_C
Generating focused traffic: Period 6.8245s
[INFO] Subscriptions active: 6 (libsumo, fast mode)
[INFO] Episode duration: 2700s (45 min)

[DEBUG] 🎯 Célzott Forgalom Generálása (R1C1_C) | Period: 7.9637
Found 6 valid OD pairs for R1C1_C
Generating focused traffic: Period 7.9637s
[INFO] Subscriptions active: 6 (libsumo, fast mode)
[INFO] Episode duration: 3600s (60 min)

[DEBUG] 🎯 Célzott Forgalom Generálása (R1C1_C) | Period: 5.2617
Found 6 valid OD pairs for R1C1_C
Generating focused traffic: Period 5.2617s
[INFO] Subscriptions active: 6 (libsumo, fast mode)
[INFO] Episode duration: 900s (15 min)

[DEBUG] 🎯 Célzott Forgalom Generálása (R1C1_C) | Period: 6.7332
Found 6 valid OD pairs for R1C1_C
Generating focused traffic: Period 6.7332s
[INFO] Subscriptions active: 6 (libsumo, fast mode)
[INFO] Episode duration: 900s (15 min)

[DEBUG] 🎯 Célzott Forgalom Generálása (R1C1_C) | Period: 5.0781
Found 6 valid OD pairs for R1C1_C
Generating focused traffic: Period 5.0781s
[INFO] Subscriptions active: 6 (libsumo, fast mode)
[INFO] Episode duration: 3600s (60 min)

[DEBUG] 🎯 Célzott Forgalom Generálása (R1C1_C) | Period: 6.6104
Found 6 valid OD pairs for R1C1_C
Generating focused traffic: Period 6.6104s
[INFO] Subscriptions active: 6 (libsumo, fast mode)
[INFO] Episode duration: 900s (15 min)

[DEBUG] 🎯 Célzott Forgalom Generálása (R1C1_C) | Period: 5.0606
Found 6 valid OD pairs for R1C1_C
Generating focused traffic: Period 5.0606s
[INFO] Subscriptions active: 6 (libsumo, fast mode)
[INFO] Episode duration: 900s (15 min)

[DEBUG] 🎯 Célzott Forgalom Generálása (R1C1_C) | Period: 5.0724
Found 6 valid OD pairs for R1C1_C
Generating focused traffic: Period 5.0724s
[INFO] Subscriptions active: 6 (libsumo, fast mode)
[INFO] Episode duration: 3600s (60 min)

[DEBUG] 🎯 Célzott Forgalom Generálása (R1C1_C) | Period: 5.2162
Found 6 valid OD pairs for R1C1_C
Generating focused traffic: Period 5.2162s
[INFO] Subscriptions active: 6 (libsumo, fast mode)
[INFO] Episode duration: 2700s (45 min)

[DEBUG] 🎯 Célzott Forgalom Generálása (R1C1_C) | Period: 7.5749
Found 6 valid OD pairs for R1C1_C
Generating focused traffic: Period 7.5749s
[INFO] Subscriptions active: 6 (libsumo, fast mode)
[INFO] Episode duration: 2700s (45 min)

[DEBUG] 🎯 Célzott Forgalom Generálása (R1C1_C) | Period: 5.2985
Found 6 valid OD pairs for R1C1_C
Generating focused traffic: Period 5.2985s
[INFO] Subscriptions active: 6 (libsumo, fast mode)
[INFO] Episode duration: 1800s (30 min)

[DEBUG] 🎯 Célzott Forgalom Generálása (R1C1_C) | Period: 5.6534
Found 6 valid OD pairs for R1C1_C
Generating focused traffic: Period 5.6534s
[INFO] Subscriptions active: 6 (libsumo, fast mode)
[INFO] Episode duration: 900s (15 min)

[DEBUG] 🎯 Célzott Forgalom Generálása (R1C1_C) | Period: 4.0562
Found 6 valid OD pairs for R1C1_C
Generating focused traffic: Period 4.0562s
[INFO] Subscriptions active: 6 (libsumo, fast mode)
[INFO] Episode duration: 3600s (60 min)

[DEBUG] 🎯 Célzott Forgalom Generálása (R1C1_C) | Period: 6.0435
Found 6 valid OD pairs for R1C1_C
Generating focused traffic: Period 6.0435s
[INFO] Subscriptions active: 6 (libsumo, fast mode)
[INFO] Episode duration: 3600s (60 min)

[DEBUG] 🎯 Célzott Forgalom Generálása (R1C1_C) | Period: 4.4521
Found 6 valid OD pairs for R1C1_C
Generating focused traffic: Period 4.4521s
[INFO] Subscriptions active: 6 (libsumo, fast mode)
[INFO] Episode duration: 2700s (45 min)

[DEBUG] 🎯 Célzott Forgalom Generálása (R1C1_C) | Period: 5.9792
Found 6 valid OD pairs for R1C1_C
Generating focused traffic: Period 5.9792s
[INFO] Subscriptions active: 6 (libsumo, fast mode)
------------------------------------------
| rollout/                |              |
|    ep_len_mean          | 466          |
|    ep_rew_mean          | 115          |
| time/                   |              |
|    fps                  | 105          |
|    iterations           | 20           |
|    time_elapsed         | 387          |
|    total_timesteps      | 40960        |
| train/                  |              |
|    approx_kl            | 0.0074321153 |
|    clip_fraction        | 0.0531       |
|    clip_range           | 0.2          |
|    entropy_loss         | -0.971       |
|    explained_variance   | 0.00447      |
|    learning_rate        | 0.0001       |
|    loss                 | 6.6          |
|    n_updates            | 190          |
|    policy_gradient_loss | -0.00408     |
|    value_loss           | 10.1         |
------------------------------------------
[INFO] Episode duration: 3600s (60 min)

[DEBUG] 🎯 Célzott Forgalom Generálása (R1C1_C) | Period: 7.7852
Found 6 valid OD pairs for R1C1_C
Generating focused traffic: Period 7.7852s
[INFO] Subscriptions active: 6 (libsumo, fast mode)
[INFO] Episode duration: 3600s (60 min)

[DEBUG] 🎯 Célzott Forgalom Generálása (R1C1_C) | Period: 4.2476
Found 6 valid OD pairs for R1C1_C
Generating focused traffic: Period 4.2476s
[INFO] Subscriptions active: 6 (libsumo, fast mode)
[INFO] Episode duration: 2700s (45 min)

[DEBUG] 🎯 Célzott Forgalom Generálása (R1C1_C) | Period: 5.0796
Found 6 valid OD pairs for R1C1_C
Generating focused traffic: Period 5.0796s
[INFO] Subscriptions active: 6 (libsumo, fast mode)
[INFO] Episode duration: 2700s (45 min)

[DEBUG] 🎯 Célzott Forgalom Generálása (R1C1_C) | Period: 7.4252
Found 6 valid OD pairs for R1C1_C
Generating focused traffic: Period 7.4252s
[INFO] Subscriptions active: 6 (libsumo, fast mode)
[INFO] Episode duration: 3600s (60 min)

[DEBUG] 🎯 Célzott Forgalom Generálása (R1C1_C) | Period: 6.1196
Found 6 valid OD pairs for R1C1_C
Generating focused traffic: Period 6.1196s
[INFO] Subscriptions active: 6 (libsumo, fast mode)
[INFO] Episode duration: 900s (15 min)

[DEBUG] 🎯 Célzott Forgalom Generálása (R1C1_C) | Period: 4.4834
Found 6 valid OD pairs for R1C1_C
Generating focused traffic: Period 4.4834s
[INFO] Subscriptions active: 6 (libsumo, fast mode)
[INFO] Episode duration: 2700s (45 min)

[DEBUG] 🎯 Célzott Forgalom Generálása (R1C1_C) | Period: 5.7412
Found 6 valid OD pairs for R1C1_C
Generating focused traffic: Period 5.7412s
[INFO] Subscriptions active: 6 (libsumo, fast mode)
[INFO] Episode duration: 2700s (45 min)

[DEBUG] 🎯 Célzott Forgalom Generálása (R1C1_C) | Period: 6.3252
Found 6 valid OD pairs for R1C1_C
Generating focused traffic: Period 6.3252s
[INFO] Subscriptions active: 6 (libsumo, fast mode)
[INFO] Episode duration: 2700s (45 min)

[DEBUG] 🎯 Célzott Forgalom Generálása (R1C1_C) | Period: 7.6252
Found 6 valid OD pairs for R1C1_C
Generating focused traffic: Period 7.6252s
[INFO] Subscriptions active: 6 (libsumo, fast mode)
[INFO] Episode duration: 1800s (30 min)

[DEBUG] 🎯 Célzott Forgalom Generálása (R1C1_C) | Period: 6.3396
Found 6 valid OD pairs for R1C1_C
Generating focused traffic: Period 6.3396s
[INFO] Subscriptions active: 6 (libsumo, fast mode)
[INFO] Episode duration: 2700s (45 min)

[DEBUG] 🎯 Célzott Forgalom Generálása (R1C1_C) | Period: 4.6097
Found 6 valid OD pairs for R1C1_C
Generating focused traffic: Period 4.6097s
[INFO] Subscriptions active: 6 (libsumo, fast mode)
[INFO] Episode duration: 1800s (30 min)

[DEBUG] 🎯 Célzott Forgalom Generálása (R1C1_C) | Period: 7.222
Found 6 valid OD pairs for R1C1_C
Generating focused traffic: Period 7.2220s
[INFO] Subscriptions active: 6 (libsumo, fast mode)
[INFO] Episode duration: 3600s (60 min)

[DEBUG] 🎯 Célzott Forgalom Generálása (R1C1_C) | Period: 6.578
Found 6 valid OD pairs for R1C1_C
Generating focused traffic: Period 6.5780s
[INFO] Subscriptions active: 6 (libsumo, fast mode)
[INFO] Episode duration: 1800s (30 min)

[DEBUG] 🎯 Célzott Forgalom Generálása (R1C1_C) | Period: 4.7995
Found 6 valid OD pairs for R1C1_C
Generating focused traffic: Period 4.7995s
[INFO] Subscriptions active: 6 (libsumo, fast mode)
[INFO] Episode duration: 1800s (30 min)

[DEBUG] 🎯 Célzott Forgalom Generálása (R1C1_C) | Period: 5.9987
Found 6 valid OD pairs for R1C1_C
Generating focused traffic: Period 5.9987s
[INFO] Subscriptions active: 6 (libsumo, fast mode)
[INFO] Episode duration: 3600s (60 min)

[DEBUG] 🎯 Célzott Forgalom Generálása (R1C1_C) | Period: 6.2802
Found 6 valid OD pairs for R1C1_C
Generating focused traffic: Period 6.2802s
[INFO] Subscriptions active: 6 (libsumo, fast mode)
[INFO] Episode duration: 1800s (30 min)

[DEBUG] 🎯 Célzott Forgalom Generálása (R1C1_C) | Period: 4.6233
Found 6 valid OD pairs for R1C1_C
Generating focused traffic: Period 4.6233s
[INFO] Subscriptions active: 6 (libsumo, fast mode)
[INFO] Episode duration: 900s (15 min)

[DEBUG] 🎯 Célzott Forgalom Generálása (R1C1_C) | Period: 7.9106
Found 6 valid OD pairs for R1C1_C
Generating focused traffic: Period 7.9106s
[INFO] Subscriptions active: 6 (libsumo, fast mode)
[INFO] Episode duration: 900s (15 min)

[DEBUG] 🎯 Célzott Forgalom Generálása (R1C1_C) | Period: 5.5581
Found 6 valid OD pairs for R1C1_C
Generating focused traffic: Period 5.5581s
[INFO] Subscriptions active: 6 (libsumo, fast mode)
[INFO] Episode duration: 900s (15 min)

[DEBUG] 🎯 Célzott Forgalom Generálása (R1C1_C) | Period: 6.2761
Found 6 valid OD pairs for R1C1_C
Generating focused traffic: Period 6.2761s
[INFO] Subscriptions active: 6 (libsumo, fast mode)
[INFO] Episode duration: 1800s (30 min)

[DEBUG] 🎯 Célzott Forgalom Generálása (R1C1_C) | Period: 6.7492
Found 6 valid OD pairs for R1C1_C
Generating focused traffic: Period 6.7492s
[INFO] Subscriptions active: 6 (libsumo, fast mode)
[INFO] Episode duration: 3600s (60 min)

[DEBUG] 🎯 Célzott Forgalom Generálása (R1C1_C) | Period: 6.8205
Found 6 valid OD pairs for R1C1_C
Generating focused traffic: Period 6.8205s
[INFO] Subscriptions active: 6 (libsumo, fast mode)
[INFO] Episode duration: 3600s (60 min)

[DEBUG] 🎯 Célzott Forgalom Generálása (R1C1_C) | Period: 5.3479
Found 6 valid OD pairs for R1C1_C
Generating focused traffic: Period 5.3479s
[INFO] Subscriptions active: 6 (libsumo, fast mode)
[INFO] Episode duration: 3600s (60 min)

[DEBUG] 🎯 Célzott Forgalom Generálása (R1C1_C) | Period: 6.4314
Found 6 valid OD pairs for R1C1_C
Generating focused traffic: Period 6.4314s
[INFO] Subscriptions active: 6 (libsumo, fast mode)
[INFO] Episode duration: 3600s (60 min)

[DEBUG] 🎯 Célzott Forgalom Generálása (R1C1_C) | Period: 4.9763
Found 6 valid OD pairs for R1C1_C
Generating focused traffic: Period 4.9763s
[INFO] Subscriptions active: 6 (libsumo, fast mode)
[INFO] Episode duration: 2700s (45 min)

[DEBUG] 🎯 Célzott Forgalom Generálása (R1C1_C) | Period: 6.3651
Found 6 valid OD pairs for R1C1_C
Generating focused traffic: Period 6.3651s
[INFO] Subscriptions active: 6 (libsumo, fast mode)
[INFO] Episode duration: 2700s (45 min)

[DEBUG] 🎯 Célzott Forgalom Generálása (R1C1_C) | Period: 5.6686
Found 6 valid OD pairs for R1C1_C
Generating focused traffic: Period 5.6686s
[INFO] Subscriptions active: 6 (libsumo, fast mode)
[INFO] Episode duration: 1800s (30 min)

[DEBUG] 🎯 Célzott Forgalom Generálása (R1C1_C) | Period: 6.3706
Found 6 valid OD pairs for R1C1_C
Generating focused traffic: Period 6.3706s
[INFO] Subscriptions active: 6 (libsumo, fast mode)
[INFO] Episode duration: 2700s (45 min)

[DEBUG] 🎯 Célzott Forgalom Generálása (R1C1_C) | Period: 6.14
Found 6 valid OD pairs for R1C1_C
Generating focused traffic: Period 6.1400s
[INFO] Subscriptions active: 6 (libsumo, fast mode)
[INFO] Episode duration: 3600s (60 min)

[DEBUG] 🎯 Célzott Forgalom Generálása (R1C1_C) | Period: 7.5345
Found 6 valid OD pairs for R1C1_C
Generating focused traffic: Period 7.5345s
[INFO] Subscriptions active: 6 (libsumo, fast mode)
[INFO] Episode duration: 1800s (30 min)

[DEBUG] 🎯 Célzott Forgalom Generálása (R1C1_C) | Period: 7.6995
Found 6 valid OD pairs for R1C1_C
Generating focused traffic: Period 7.6995s
[INFO] Subscriptions active: 6 (libsumo, fast mode)
[INFO] Episode duration: 1800s (30 min)

[DEBUG] 🎯 Célzott Forgalom Generálása (R1C1_C) | Period: 6.3674
Found 6 valid OD pairs for R1C1_C
Generating focused traffic: Period 6.3674s
[INFO] Subscriptions active: 6 (libsumo, fast mode)
[INFO] Episode duration: 3600s (60 min)

[DEBUG] 🎯 Célzott Forgalom Generálása (R1C1_C) | Period: 7.8138
Found 6 valid OD pairs for R1C1_C
Generating focused traffic: Period 7.8138s
[INFO] Subscriptions active: 6 (libsumo, fast mode)
[INFO] Episode duration: 2700s (45 min)

[DEBUG] 🎯 Célzott Forgalom Generálása (R1C1_C) | Period: 5.9817
Found 6 valid OD pairs for R1C1_C
Generating focused traffic: Period 5.9817s
[INFO] Subscriptions active: 6 (libsumo, fast mode)
[INFO] Episode duration: 1800s (30 min)

[DEBUG] 🎯 Célzott Forgalom Generálása (R1C1_C) | Period: 4.9597
Found 6 valid OD pairs for R1C1_C
Generating focused traffic: Period 4.9597s
[INFO] Subscriptions active: 6 (libsumo, fast mode)
[INFO] Episode duration: 3600s (60 min)

[DEBUG] 🎯 Célzott Forgalom Generálása (R1C1_C) | Period: 6.9111
Found 6 valid OD pairs for R1C1_C
Generating focused traffic: Period 6.9111s
[INFO] Subscriptions active: 6 (libsumo, fast mode)
[INFO] Episode duration: 900s (15 min)

[DEBUG] 🎯 Célzott Forgalom Generálása (R1C1_C) | Period: 7.6712
Found 6 valid OD pairs for R1C1_C
Generating focused traffic: Period 7.6712s
[INFO] Subscriptions active: 6 (libsumo, fast mode)
[INFO] Episode duration: 3600s (60 min)

[DEBUG] 🎯 Célzott Forgalom Generálása (R1C1_C) | Period: 5.1129
Found 6 valid OD pairs for R1C1_C
Generating focused traffic: Period 5.1129s
[INFO] Subscriptions active: 6 (libsumo, fast mode)
[INFO] Episode duration: 2700s (45 min)

[DEBUG] 🎯 Célzott Forgalom Generálása (R1C1_C) | Period: 4.9894
Found 6 valid OD pairs for R1C1_C
Generating focused traffic: Period 4.9894s
[INFO] Subscriptions active: 6 (libsumo, fast mode)
[INFO] Episode duration: 2700s (45 min)

[DEBUG] 🎯 Célzott Forgalom Generálása (R1C1_C) | Period: 4.7332
Found 6 valid OD pairs for R1C1_C
Generating focused traffic: Period 4.7332s
[INFO] Subscriptions active: 6 (libsumo, fast mode)
[INFO] Episode duration: 900s (15 min)

[DEBUG] 🎯 Célzott Forgalom Generálása (R1C1_C) | Period: 5.8142
Found 6 valid OD pairs for R1C1_C
Generating focused traffic: Period 5.8142s
[INFO] Subscriptions active: 6 (libsumo, fast mode)
-----------------------------------------
| rollout/                |             |
|    ep_len_mean          | 488         |
|    ep_rew_mean          | 148         |
| time/                   |             |
|    fps                  | 105         |
|    iterations           | 30          |
|    time_elapsed         | 580         |
|    total_timesteps      | 61440       |
| train/                  |             |
|    approx_kl            | 0.004600468 |
|    clip_fraction        | 0.0469      |
|    clip_range           | 0.2         |
|    entropy_loss         | -0.854      |
|    explained_variance   | 0.00517     |
|    learning_rate        | 0.0001      |
|    loss                 | 2.41        |
|    n_updates            | 290         |
|    policy_gradient_loss | -0.00396    |
|    value_loss           | 12.1        |
-----------------------------------------
[INFO] Episode duration: 2700s (45 min)

[DEBUG] 🎯 Célzott Forgalom Generálása (R1C1_C) | Period: 7.6678
Found 6 valid OD pairs for R1C1_C
Generating focused traffic: Period 7.6678s
[INFO] Subscriptions active: 6 (libsumo, fast mode)
[INFO] Episode duration: 900s (15 min)

[DEBUG] 🎯 Célzott Forgalom Generálása (R1C1_C) | Period: 5.7077
Found 6 valid OD pairs for R1C1_C
Generating focused traffic: Period 5.7077s
[INFO] Subscriptions active: 6 (libsumo, fast mode)
[INFO] Episode duration: 2700s (45 min)

[DEBUG] 🎯 Célzott Forgalom Generálása (R1C1_C) | Period: 5.2236
Found 6 valid OD pairs for R1C1_C
Generating focused traffic: Period 5.2236s
[INFO] Subscriptions active: 6 (libsumo, fast mode)
[INFO] Episode duration: 1800s (30 min)

[DEBUG] 🎯 Célzott Forgalom Generálása (R1C1_C) | Period: 7.9627
Found 6 valid OD pairs for R1C1_C
Generating focused traffic: Period 7.9627s
[INFO] Subscriptions active: 6 (libsumo, fast mode)
[INFO] Episode duration: 1800s (30 min)

[DEBUG] 🎯 Célzott Forgalom Generálása (R1C1_C) | Period: 4.6188
Found 6 valid OD pairs for R1C1_C
Generating focused traffic: Period 4.6188s
[INFO] Subscriptions active: 6 (libsumo, fast mode)
[INFO] Episode duration: 3600s (60 min)

[DEBUG] 🎯 Célzott Forgalom Generálása (R1C1_C) | Period: 6.974
Found 6 valid OD pairs for R1C1_C
Generating focused traffic: Period 6.9740s
[INFO] Subscriptions active: 6 (libsumo, fast mode)
[INFO] Episode duration: 3600s (60 min)

[DEBUG] 🎯 Célzott Forgalom Generálása (R1C1_C) | Period: 7.6985
Found 6 valid OD pairs for R1C1_C
Generating focused traffic: Period 7.6985s
[INFO] Subscriptions active: 6 (libsumo, fast mode)
[INFO] Episode duration: 1800s (30 min)

[DEBUG] 🎯 Célzott Forgalom Generálása (R1C1_C) | Period: 5.2262
Found 6 valid OD pairs for R1C1_C
Generating focused traffic: Period 5.2262s
[INFO] Subscriptions active: 6 (libsumo, fast mode)
[INFO] Episode duration: 1800s (30 min)

[DEBUG] 🎯 Célzott Forgalom Generálása (R1C1_C) | Period: 5.1733
Found 6 valid OD pairs for R1C1_C
Generating focused traffic: Period 5.1733s
[INFO] Subscriptions active: 6 (libsumo, fast mode)
[INFO] Episode duration: 900s (15 min)

[DEBUG] 🎯 Célzott Forgalom Generálása (R1C1_C) | Period: 7.7044
Found 6 valid OD pairs for R1C1_C
Generating focused traffic: Period 7.7044s
[INFO] Subscriptions active: 6 (libsumo, fast mode)
[INFO] Episode duration: 3600s (60 min)

[DEBUG] 🎯 Célzott Forgalom Generálása (R1C1_C) | Period: 4.9412
Found 6 valid OD pairs for R1C1_C
Generating focused traffic: Period 4.9412s
[INFO] Subscriptions active: 6 (libsumo, fast mode)
[INFO] Episode duration: 3600s (60 min)

[DEBUG] 🎯 Célzott Forgalom Generálása (R1C1_C) | Period: 6.0079
Found 6 valid OD pairs for R1C1_C
Generating focused traffic: Period 6.0079s
[INFO] Subscriptions active: 6 (libsumo, fast mode)
[INFO] Episode duration: 1800s (30 min)

[DEBUG] 🎯 Célzott Forgalom Generálása (R1C1_C) | Period: 5.0793
Found 6 valid OD pairs for R1C1_C
Generating focused traffic: Period 5.0793s
[INFO] Subscriptions active: 6 (libsumo, fast mode)
[INFO] Episode duration: 900s (15 min)

[DEBUG] 🎯 Célzott Forgalom Generálása (R1C1_C) | Period: 6.0703
Found 6 valid OD pairs for R1C1_C
Generating focused traffic: Period 6.0703s
[INFO] Subscriptions active: 6 (libsumo, fast mode)
[INFO] Episode duration: 1800s (30 min)

[DEBUG] 🎯 Célzott Forgalom Generálása (R1C1_C) | Period: 4.8975
Found 6 valid OD pairs for R1C1_C
Generating focused traffic: Period 4.8975s
[INFO] Subscriptions active: 6 (libsumo, fast mode)
[INFO] Episode duration: 900s (15 min)

[DEBUG] 🎯 Célzott Forgalom Generálása (R1C1_C) | Period: 5.6384
Found 6 valid OD pairs for R1C1_C
Generating focused traffic: Period 5.6384s
[INFO] Subscriptions active: 6 (libsumo, fast mode)
[INFO] Episode duration: 1800s (30 min)

[DEBUG] 🎯 Célzott Forgalom Generálása (R1C1_C) | Period: 5.8985
Found 6 valid OD pairs for R1C1_C
Generating focused traffic: Period 5.8985s
[INFO] Subscriptions active: 6 (libsumo, fast mode)
[INFO] Episode duration: 3600s (60 min)

[DEBUG] 🎯 Célzott Forgalom Generálása (R1C1_C) | Period: 7.5156
Found 6 valid OD pairs for R1C1_C
Generating focused traffic: Period 7.5156s
[INFO] Subscriptions active: 6 (libsumo, fast mode)
[INFO] Episode duration: 900s (15 min)

[DEBUG] 🎯 Célzott Forgalom Generálása (R1C1_C) | Period: 6.0936
Found 6 valid OD pairs for R1C1_C
Generating focused traffic: Period 6.0936s
[INFO] Subscriptions active: 6 (libsumo, fast mode)
[INFO] Episode duration: 900s (15 min)

[DEBUG] 🎯 Célzott Forgalom Generálása (R1C1_C) | Period: 5.4666
Found 6 valid OD pairs for R1C1_C
Generating focused traffic: Period 5.4666s
[INFO] Subscriptions active: 6 (libsumo, fast mode)
[INFO] Episode duration: 900s (15 min)

[DEBUG] 🎯 Célzott Forgalom Generálása (R1C1_C) | Period: 4.7258
Found 6 valid OD pairs for R1C1_C
Generating focused traffic: Period 4.7258s
[INFO] Subscriptions active: 6 (libsumo, fast mode)
[INFO] Episode duration: 1800s (30 min)

[DEBUG] 🎯 Célzott Forgalom Generálása (R1C1_C) | Period: 4.5587
Found 6 valid OD pairs for R1C1_C
Generating focused traffic: Period 4.5587s
[INFO] Subscriptions active: 6 (libsumo, fast mode)
[INFO] Episode duration: 900s (15 min)

[DEBUG] 🎯 Célzott Forgalom Generálása (R1C1_C) | Period: 4.7819
Found 6 valid OD pairs for R1C1_C
Generating focused traffic: Period 4.7819s
[INFO] Subscriptions active: 6 (libsumo, fast mode)
[INFO] Episode duration: 1800s (30 min)

[DEBUG] 🎯 Célzott Forgalom Generálása (R1C1_C) | Period: 6.2621
Found 6 valid OD pairs for R1C1_C
Generating focused traffic: Period 6.2621s
[INFO] Subscriptions active: 6 (libsumo, fast mode)
[INFO] Episode duration: 900s (15 min)

[DEBUG] 🎯 Célzott Forgalom Generálása (R1C1_C) | Period: 5.1355
Found 6 valid OD pairs for R1C1_C
Generating focused traffic: Period 5.1355s
[INFO] Subscriptions active: 6 (libsumo, fast mode)
[INFO] Episode duration: 2700s (45 min)

[DEBUG] 🎯 Célzott Forgalom Generálása (R1C1_C) | Period: 5.8522
Found 6 valid OD pairs for R1C1_C
Generating focused traffic: Period 5.8522s
[INFO] Subscriptions active: 6 (libsumo, fast mode)
[INFO] Episode duration: 1800s (30 min)

[DEBUG] 🎯 Célzott Forgalom Generálása (R1C1_C) | Period: 5.8401
Found 6 valid OD pairs for R1C1_C
Generating focused traffic: Period 5.8401s
[INFO] Subscriptions active: 6 (libsumo, fast mode)
[INFO] Episode duration: 1800s (30 min)

[DEBUG] 🎯 Célzott Forgalom Generálása (R1C1_C) | Period: 4.8444
Found 6 valid OD pairs for R1C1_C
Generating focused traffic: Period 4.8444s
[INFO] Subscriptions active: 6 (libsumo, fast mode)
[INFO] Episode duration: 900s (15 min)

[DEBUG] 🎯 Célzott Forgalom Generálása (R1C1_C) | Period: 4.5589
Found 6 valid OD pairs for R1C1_C
Generating focused traffic: Period 4.5589s
[INFO] Subscriptions active: 6 (libsumo, fast mode)
[INFO] Episode duration: 3600s (60 min)

[DEBUG] 🎯 Célzott Forgalom Generálása (R1C1_C) | Period: 5.6368
Found 6 valid OD pairs for R1C1_C
Generating focused traffic: Period 5.6368s
[INFO] Subscriptions active: 6 (libsumo, fast mode)
[INFO] Episode duration: 1800s (30 min)

[DEBUG] 🎯 Célzott Forgalom Generálása (R1C1_C) | Period: 6.4625
Found 6 valid OD pairs for R1C1_C
Generating focused traffic: Period 6.4625s
[INFO] Subscriptions active: 6 (libsumo, fast mode)
[INFO] Episode duration: 2700s (45 min)

[DEBUG] 🎯 Célzott Forgalom Generálása (R1C1_C) | Period: 6.3471
Found 6 valid OD pairs for R1C1_C
Generating focused traffic: Period 6.3471s
[INFO] Subscriptions active: 6 (libsumo, fast mode)
[INFO] Episode duration: 3600s (60 min)

[DEBUG] 🎯 Célzott Forgalom Generálása (R1C1_C) | Period: 7.9509
Found 6 valid OD pairs for R1C1_C
Generating focused traffic: Period 7.9509s
[INFO] Subscriptions active: 6 (libsumo, fast mode)
[INFO] Episode duration: 1800s (30 min)

[DEBUG] 🎯 Célzott Forgalom Generálása (R1C1_C) | Period: 7.549
Found 6 valid OD pairs for R1C1_C
Generating focused traffic: Period 7.5490s
[INFO] Subscriptions active: 6 (libsumo, fast mode)
[INFO] Episode duration: 900s (15 min)

[DEBUG] 🎯 Célzott Forgalom Generálása (R1C1_C) | Period: 5.4319
Found 6 valid OD pairs for R1C1_C
Generating focused traffic: Period 5.4319s
[INFO] Subscriptions active: 6 (libsumo, fast mode)
[INFO] Episode duration: 2700s (45 min)

[DEBUG] 🎯 Célzott Forgalom Generálása (R1C1_C) | Period: 7.967
Found 6 valid OD pairs for R1C1_C
Generating focused traffic: Period 7.9670s
[INFO] Subscriptions active: 6 (libsumo, fast mode)
[INFO] Episode duration: 2700s (45 min)

[DEBUG] 🎯 Célzott Forgalom Generálása (R1C1_C) | Period: 4.9641
Found 6 valid OD pairs for R1C1_C
Generating focused traffic: Period 4.9641s
[INFO] Subscriptions active: 6 (libsumo, fast mode)
[INFO] Episode duration: 1800s (30 min)

[DEBUG] 🎯 Célzott Forgalom Generálása (R1C1_C) | Period: 5.5994
Found 6 valid OD pairs for R1C1_C
Generating focused traffic: Period 5.5994s
[INFO] Subscriptions active: 6 (libsumo, fast mode)
[INFO] Episode duration: 2700s (45 min)

[DEBUG] 🎯 Célzott Forgalom Generálása (R1C1_C) | Period: 6.4027
Found 6 valid OD pairs for R1C1_C
Generating focused traffic: Period 6.4027s
[INFO] Subscriptions active: 6 (libsumo, fast mode)
[INFO] Episode duration: 900s (15 min)

[DEBUG] 🎯 Célzott Forgalom Generálása (R1C1_C) | Period: 7.3165
Found 6 valid OD pairs for R1C1_C
Generating focused traffic: Period 7.3165s
[INFO] Subscriptions active: 6 (libsumo, fast mode)
[INFO] Episode duration: 900s (15 min)

[DEBUG] 🎯 Célzott Forgalom Generálása (R1C1_C) | Period: 5.3312
Found 6 valid OD pairs for R1C1_C
Generating focused traffic: Period 5.3312s
[INFO] Subscriptions active: 6 (libsumo, fast mode)
[INFO] Episode duration: 1800s (30 min)

[DEBUG] 🎯 Célzott Forgalom Generálása (R1C1_C) | Period: 4.5313
Found 6 valid OD pairs for R1C1_C
Generating focused traffic: Period 4.5313s
[INFO] Subscriptions active: 6 (libsumo, fast mode)
[INFO] Episode duration: 3600s (60 min)

[DEBUG] 🎯 Célzott Forgalom Generálása (R1C1_C) | Period: 6.0269
Found 6 valid OD pairs for R1C1_C
Generating focused traffic: Period 6.0269s
[INFO] Subscriptions active: 6 (libsumo, fast mode)
[INFO] Episode duration: 2700s (45 min)

[DEBUG] 🎯 Célzott Forgalom Generálása (R1C1_C) | Period: 5.6353
Found 6 valid OD pairs for R1C1_C
Generating focused traffic: Period 5.6353s
[INFO] Subscriptions active: 6 (libsumo, fast mode)
[INFO] Episode duration: 2700s (45 min)

[DEBUG] 🎯 Célzott Forgalom Generálása (R1C1_C) | Period: 7.3752
Found 6 valid OD pairs for R1C1_C
Generating focused traffic: Period 7.3752s
[INFO] Subscriptions active: 6 (libsumo, fast mode)
[INFO] Episode duration: 2700s (45 min)

[DEBUG] 🎯 Célzott Forgalom Generálása (R1C1_C) | Period: 6.4397
Found 6 valid OD pairs for R1C1_C
Generating focused traffic: Period 6.4397s
[INFO] Subscriptions active: 6 (libsumo, fast mode)
[INFO] Episode duration: 2700s (45 min)

[DEBUG] 🎯 Célzott Forgalom Generálása (R1C1_C) | Period: 7.3355
Found 6 valid OD pairs for R1C1_C
Generating focused traffic: Period 7.3355s
[INFO] Subscriptions active: 6 (libsumo, fast mode)
[INFO] Episode duration: 2700s (45 min)

[DEBUG] 🎯 Célzott Forgalom Generálása (R1C1_C) | Period: 6.2721
Found 6 valid OD pairs for R1C1_C
Generating focused traffic: Period 6.2721s
[INFO] Subscriptions active: 6 (libsumo, fast mode)
[INFO] Episode duration: 900s (15 min)

[DEBUG] 🎯 Célzott Forgalom Generálása (R1C1_C) | Period: 4.1882
Found 6 valid OD pairs for R1C1_C
Generating focused traffic: Period 4.1882s
[INFO] Subscriptions active: 6 (libsumo, fast mode)
[INFO] Episode duration: 1800s (30 min)

[DEBUG] 🎯 Célzott Forgalom Generálása (R1C1_C) | Period: 7.7472
Found 6 valid OD pairs for R1C1_C
Generating focused traffic: Period 7.7472s
[INFO] Subscriptions active: 6 (libsumo, fast mode)
-----------------------------------------
| rollout/                |             |
|    ep_len_mean          | 454         |
|    ep_rew_mean          | 158         |
| time/                   |             |
|    fps                  | 101         |
|    iterations           | 40          |
|    time_elapsed         | 803         |
|    total_timesteps      | 81920       |
| train/                  |             |
|    approx_kl            | 0.007861083 |
|    clip_fraction        | 0.0667      |
|    clip_range           | 0.2         |
|    entropy_loss         | -0.793      |
|    explained_variance   | 0.0227      |
|    learning_rate        | 0.0001      |
|    loss                 | 1.05        |
|    n_updates            | 390         |
|    policy_gradient_loss | -0.00426    |
|    value_loss           | 12.6        |
-----------------------------------------
[INFO] Episode duration: 900s (15 min)

[DEBUG] 🎯 Célzott Forgalom Generálása (R1C1_C) | Period: 6.1242
Found 6 valid OD pairs for R1C1_C
Generating focused traffic: Period 6.1242s
[INFO] Subscriptions active: 6 (libsumo, fast mode)
[INFO] Episode duration: 1800s (30 min)

[DEBUG] 🎯 Célzott Forgalom Generálása (R1C1_C) | Period: 7.4569
Found 6 valid OD pairs for R1C1_C
Generating focused traffic: Period 7.4569s
[INFO] Subscriptions active: 6 (libsumo, fast mode)
[INFO] Episode duration: 3600s (60 min)

[DEBUG] 🎯 Célzott Forgalom Generálása (R1C1_C) | Period: 4.1216
Found 6 valid OD pairs for R1C1_C
Generating focused traffic: Period 4.1216s
[INFO] Subscriptions active: 6 (libsumo, fast mode)
[INFO] Episode duration: 900s (15 min)

[DEBUG] 🎯 Célzott Forgalom Generálása (R1C1_C) | Period: 7.7697
Found 6 valid OD pairs for R1C1_C
Generating focused traffic: Period 7.7697s
[INFO] Subscriptions active: 6 (libsumo, fast mode)
[INFO] Episode duration: 2700s (45 min)

[DEBUG] 🎯 Célzott Forgalom Generálása (R1C1_C) | Period: 7.6773
Found 6 valid OD pairs for R1C1_C
Generating focused traffic: Period 7.6773s
[INFO] Subscriptions active: 6 (libsumo, fast mode)
[INFO] Episode duration: 1800s (30 min)

[DEBUG] 🎯 Célzott Forgalom Generálása (R1C1_C) | Period: 7.8039
Found 6 valid OD pairs for R1C1_C
Generating focused traffic: Period 7.8039s
[INFO] Subscriptions active: 6 (libsumo, fast mode)
[INFO] Episode duration: 900s (15 min)

[DEBUG] 🎯 Célzott Forgalom Generálása (R1C1_C) | Period: 7.9173
Found 6 valid OD pairs for R1C1_C
Generating focused traffic: Period 7.9173s
[INFO] Subscriptions active: 6 (libsumo, fast mode)
[INFO] Episode duration: 1800s (30 min)

[DEBUG] 🎯 Célzott Forgalom Generálása (R1C1_C) | Period: 4.6281
Found 6 valid OD pairs for R1C1_C
Generating focused traffic: Period 4.6281s
[INFO] Subscriptions active: 6 (libsumo, fast mode)
[INFO] Episode duration: 3600s (60 min)

[DEBUG] 🎯 Célzott Forgalom Generálása (R1C1_C) | Period: 6.7475
Found 6 valid OD pairs for R1C1_C
Generating focused traffic: Period 6.7475s
[INFO] Subscriptions active: 6 (libsumo, fast mode)
[INFO] Episode duration: 1800s (30 min)

[DEBUG] 🎯 Célzott Forgalom Generálása (R1C1_C) | Period: 6.4261
Found 6 valid OD pairs for R1C1_C
Generating focused traffic: Period 6.4261s
[INFO] Subscriptions active: 6 (libsumo, fast mode)
[INFO] Episode duration: 3600s (60 min)

[DEBUG] 🎯 Célzott Forgalom Generálása (R1C1_C) | Period: 5.8083
Found 6 valid OD pairs for R1C1_C
Generating focused traffic: Period 5.8083s
[INFO] Subscriptions active: 6 (libsumo, fast mode)
[INFO] Episode duration: 1800s (30 min)

[DEBUG] 🎯 Célzott Forgalom Generálása (R1C1_C) | Period: 6.7065
Found 6 valid OD pairs for R1C1_C
Generating focused traffic: Period 6.7065s
[INFO] Subscriptions active: 6 (libsumo, fast mode)
[INFO] Episode duration: 900s (15 min)

[DEBUG] 🎯 Célzott Forgalom Generálása (R1C1_C) | Period: 6.1695
Found 6 valid OD pairs for R1C1_C
Generating focused traffic: Period 6.1695s
[INFO] Subscriptions active: 6 (libsumo, fast mode)
[INFO] Episode duration: 1800s (30 min)

[DEBUG] 🎯 Célzott Forgalom Generálása (R1C1_C) | Period: 4.1019
Found 6 valid OD pairs for R1C1_C
Generating focused traffic: Period 4.1019s
[INFO] Subscriptions active: 6 (libsumo, fast mode)
[INFO] Episode duration: 2700s (45 min)

[DEBUG] 🎯 Célzott Forgalom Generálása (R1C1_C) | Period: 4.8165
Found 6 valid OD pairs for R1C1_C
Generating focused traffic: Period 4.8165s
[INFO] Subscriptions active: 6 (libsumo, fast mode)
[INFO] Episode duration: 2700s (45 min)

[DEBUG] 🎯 Célzott Forgalom Generálása (R1C1_C) | Period: 4.9721
Found 6 valid OD pairs for R1C1_C
Generating focused traffic: Period 4.9721s
[INFO] Subscriptions active: 6 (libsumo, fast mode)
[INFO] Episode duration: 3600s (60 min)

[DEBUG] 🎯 Célzott Forgalom Generálása (R1C1_C) | Period: 5.617
Found 6 valid OD pairs for R1C1_C
Generating focused traffic: Period 5.6170s
[INFO] Subscriptions active: 6 (libsumo, fast mode)
[INFO] Episode duration: 900s (15 min)

[DEBUG] 🎯 Célzott Forgalom Generálása (R1C1_C) | Period: 7.8736
Found 6 valid OD pairs for R1C1_C
Generating focused traffic: Period 7.8736s
[INFO] Subscriptions active: 6 (libsumo, fast mode)
[INFO] Episode duration: 1800s (30 min)

[DEBUG] 🎯 Célzott Forgalom Generálása (R1C1_C) | Period: 5.2009
Found 6 valid OD pairs for R1C1_C
Generating focused traffic: Period 5.2009s
[INFO] Subscriptions active: 6 (libsumo, fast mode)
[INFO] Episode duration: 1800s (30 min)

[DEBUG] 🎯 Célzott Forgalom Generálása (R1C1_C) | Period: 4.8828
Found 6 valid OD pairs for R1C1_C
Generating focused traffic: Period 4.8828s
[INFO] Subscriptions active: 6 (libsumo, fast mode)
[INFO] Episode duration: 2700s (45 min)

[DEBUG] 🎯 Célzott Forgalom Generálása (R1C1_C) | Period: 4.5074
Found 6 valid OD pairs for R1C1_C
Generating focused traffic: Period 4.5074s
[INFO] Subscriptions active: 6 (libsumo, fast mode)
[INFO] Episode duration: 900s (15 min)

[DEBUG] 🎯 Célzott Forgalom Generálása (R1C1_C) | Period: 4.1475
Found 6 valid OD pairs for R1C1_C
Generating focused traffic: Period 4.1475s
[INFO] Subscriptions active: 6 (libsumo, fast mode)
[INFO] Episode duration: 3600s (60 min)

[DEBUG] 🎯 Célzott Forgalom Generálása (R1C1_C) | Period: 6.8629
Found 6 valid OD pairs for R1C1_C
Generating focused traffic: Period 6.8629s
[INFO] Subscriptions active: 6 (libsumo, fast mode)
[INFO] Episode duration: 2700s (45 min)

[DEBUG] 🎯 Célzott Forgalom Generálása (R1C1_C) | Period: 6.0428
Found 6 valid OD pairs for R1C1_C
Generating focused traffic: Period 6.0428s
[INFO] Subscriptions active: 6 (libsumo, fast mode)
[INFO] Episode duration: 3600s (60 min)

[DEBUG] 🎯 Célzott Forgalom Generálása (R1C1_C) | Period: 6.7718
Found 6 valid OD pairs for R1C1_C
Generating focused traffic: Period 6.7718s
[INFO] Subscriptions active: 6 (libsumo, fast mode)
[INFO] Episode duration: 2700s (45 min)

[DEBUG] 🎯 Célzott Forgalom Generálása (R1C1_C) | Period: 7.1148
Found 6 valid OD pairs for R1C1_C
Generating focused traffic: Period 7.1148s
[INFO] Subscriptions active: 6 (libsumo, fast mode)
[INFO] Episode duration: 3600s (60 min)

[DEBUG] 🎯 Célzott Forgalom Generálása (R1C1_C) | Period: 4.1775
Found 6 valid OD pairs for R1C1_C
Generating focused traffic: Period 4.1775s
[INFO] Subscriptions active: 6 (libsumo, fast mode)
[INFO] Episode duration: 3600s (60 min)

[DEBUG] 🎯 Célzott Forgalom Generálása (R1C1_C) | Period: 5.1473
Found 6 valid OD pairs for R1C1_C
Generating focused traffic: Period 5.1473s
[INFO] Subscriptions active: 6 (libsumo, fast mode)
[INFO] Episode duration: 2700s (45 min)

[DEBUG] 🎯 Célzott Forgalom Generálása (R1C1_C) | Period: 4.2324
Found 6 valid OD pairs for R1C1_C
Generating focused traffic: Period 4.2324s
[INFO] Subscriptions active: 6 (libsumo, fast mode)
[INFO] Episode duration: 3600s (60 min)

[DEBUG] 🎯 Célzott Forgalom Generálása (R1C1_C) | Period: 4.7408
Found 6 valid OD pairs for R1C1_C
Generating focused traffic: Period 4.7408s
[INFO] Subscriptions active: 6 (libsumo, fast mode)
[INFO] Episode duration: 900s (15 min)

[DEBUG] 🎯 Célzott Forgalom Generálása (R1C1_C) | Period: 7.4511
Found 6 valid OD pairs for R1C1_C
Generating focused traffic: Period 7.4511s
[INFO] Subscriptions active: 6 (libsumo, fast mode)
[INFO] Episode duration: 3600s (60 min)

[DEBUG] 🎯 Célzott Forgalom Generálása (R1C1_C) | Period: 5.7291
Found 6 valid OD pairs for R1C1_C
Generating focused traffic: Period 5.7291s
[INFO] Subscriptions active: 6 (libsumo, fast mode)
[INFO] Episode duration: 900s (15 min)

[DEBUG] 🎯 Célzott Forgalom Generálása (R1C1_C) | Period: 4.2756
Found 6 valid OD pairs for R1C1_C
Generating focused traffic: Period 4.2756s
[INFO] Subscriptions active: 6 (libsumo, fast mode)
[INFO] Episode duration: 1800s (30 min)

[DEBUG] 🎯 Célzott Forgalom Generálása (R1C1_C) | Period: 4.3606
Found 6 valid OD pairs for R1C1_C
Generating focused traffic: Period 4.3606s
[INFO] Subscriptions active: 6 (libsumo, fast mode)
[INFO] Episode duration: 3600s (60 min)
wandb: WARNING Symlinked 1 file into the W&B run directory; call wandb.save again to sync new files.
/Users/wagnertamas/Documents/Munka/cikkek/AI_agens_konyvtar/support/intergreen_matrix_calculator/rl_trainer.py:857: UserWarning: Exporting a model while it is in training mode. Please ensure that this is intended, as it may lead to different behavior during inference. Calling model.eval() before export is recommended.
  torch.onnx.export(
/Users/wagnertamas/Documents/Munka/cikkek/AI_agens_konyvtar/support/intergreen_matrix_calculator/rl_trainer.py:857: UserWarning: # 'dynamic_axes' is not recommended when dynamo=True, and may lead to 'torch._dynamo.exc.UserError: Constraints violated.' Supply the 'dynamic_shapes' argument instead if export is unsuccessful.
  torch.onnx.export(
wandb: updating run metadata
wandb: uploading output.log; uploading wandb-summary.json; uploading config.yaml; uploading pytorch_models/R1C1_C.zip
wandb: uploading output.log; uploading config.yaml; uploading pytorch_models/R1C1_C.zip
wandb: uploading summary, console lines 1417-1427
wandb: 
wandb: Run history:
wandb:         R1C1_C/action_pct/phase_0 ▃▃▁▃▁▅▅▅▅▅▆▆▅▃▂▁▆▃▂▅▄▅▆▅▇▄▆▃▆▆██▅▆▆▇▆▅▆▄
wandb:         R1C1_C/action_pct/phase_1 █▇▆▆▅▄▄▃▄▃▂▃▃▂▂▂▂▂▂▂▂▂▁▂▂▁▁▂▂▂▁▁▁▁▂▁▁▁▁▁
wandb:         R1C1_C/action_pct/phase_2 ▂▁▂▂▂▃▂▄▄▄▄▅▄▆▇▆▄██▆▇▆▄▇▅▅▅▇▅▅▄▅▃▃▄▄▄▅▃▅
wandb:         R1C1_C/action_pct/phase_3 ▃▄▆▅█▄▄▄▃▄▄▂▄▄▄▆▄▂▂▃▂▂▄▁▂▅▃▄▃▄▃▃▆▆▄▃▄▄▅▅
wandb:         R1C1_C/train/entropy_loss ▁▁▂▂▂▄▄▄▄▄▄▄▅▅▅▅▅▅▅▆▆▆▆▆▆▇▇█▇▇▆▇▇▇▇███▇█
wandb:        R1C1_C/train/learning_rate ▁▁▁▁▁▁▁▁▁▁▁▁▁▁▁▁▁▁▁▁▁▁▁▁▁▁▁▁▁▁▁▁▁▁▁▁▁▁▁▁
wandb:                 R1C1_C/train/loss ▁▁▁▁▂▂▂▁▃▂▂▁▃▃▃▃▂▂▅▅▂▂▁▁▄▂▃▃▂▂██▂▂▄▂▄▂▂▆
wandb: R1C1_C/train/policy_gradient_loss ▅▃▄▁▃▅▆▃▃▆▅▅▃▆▆▆▆▆▅▃▅█▅▅▅▇▇▇▇▄▇▇██▇▅▅▅▇▇
wandb:           R1C1_C/train/value_loss ▁▁▁▁▁▂▂▂▂▂▂▂▃▃▃▃▃▃▃▄▃▅▅▅▅▅▅█▅▅▇▄▄▄▆▆▆▆▅▄
wandb:                        avg_reward ▂▂▂▁▁▂▂▂▂▆▅▅▅▁▅▂▃█▅▅█▄▄▇▃▇▅▇▇█▇▆█▇▇▆▅▇█▇
wandb:                                +9 ...
wandb: 
wandb: Run summary:
wandb:         R1C1_C/action_pct/phase_0 32.22222
wandb:         R1C1_C/action_pct/phase_1 1.66667
wandb:         R1C1_C/action_pct/phase_2 38.88889
wandb:         R1C1_C/action_pct/phase_3 27.22222
wandb:         R1C1_C/train/entropy_loss -0.69964
wandb:        R1C1_C/train/learning_rate 0.0001
wandb:                 R1C1_C/train/loss 29.25803
wandb: R1C1_C/train/policy_gradient_loss -0.00173
wandb:           R1C1_C/train/value_loss 19.46932
wandb:                        avg_reward 0.52639
wandb:                                +9 ...
wandb: 
wandb: 🚀 View run ppo_halt_ratio_3x64_2_R1C1_C at: https://wandb.ai/wagnertamas-budapesti-m-szaki-s-gazdas-gtudom-nyi-egyetem/sumo-rl-stat/runs/dukr5hy2
wandb: ⭐️ View project at: https://wandb.ai/wagnertamas-budapesti-m-szaki-s-gazdas-gtudom-nyi-egyetem/sumo-rl-stat
wandb: Synced 5 W&B file(s), 0 media file(s), 0 artifact file(s) and 1 other file(s)
wandb: Find logs at: ./wandb/run-20260321_234024-dukr5hy2/logs

[DEBUG] 🎯 Célzott Forgalom Generálása (R1C1_C) | Period: 6.2449
Found 6 valid OD pairs for R1C1_C
Generating focused traffic: Period 6.2449s
[INFO] Subscriptions active: 6 (libsumo, fast mode)
[INFO] Episode duration: 900s (15 min)

[DEBUG] 🎯 Célzott Forgalom Generálása (R1C1_C) | Period: 5.3074
Found 6 valid OD pairs for R1C1_C
Generating focused traffic: Period 5.3074s
[INFO] Subscriptions active: 6 (libsumo, fast mode)
[INFO] Episode duration: 2700s (45 min)

[DEBUG] 🎯 Célzott Forgalom Generálása (R1C1_C) | Period: 7.2283
Found 6 valid OD pairs for R1C1_C
Generating focused traffic: Period 7.2283s
[INFO] Subscriptions active: 6 (libsumo, fast mode)
[INFO] Episode duration: 900s (15 min)

[DEBUG] 🎯 Célzott Forgalom Generálása (R1C1_C) | Period: 5.9054
Found 6 valid OD pairs for R1C1_C
Generating focused traffic: Period 5.9054s
[INFO] Subscriptions active: 6 (libsumo, fast mode)
[INFO] Episode duration: 3600s (60 min)

[DEBUG] 🎯 Célzott Forgalom Generálása (R1C1_C) | Period: 5.3224
Found 6 valid OD pairs for R1C1_C
Generating focused traffic: Period 5.3224s
[INFO] Subscriptions active: 6 (libsumo, fast mode)
[INFO] Episode duration: 1800s (30 min)

[DEBUG] 🎯 Célzott Forgalom Generálása (R1C1_C) | Period: 6.7076
Found 6 valid OD pairs for R1C1_C
Generating focused traffic: Period 6.7076s
[INFO] Subscriptions active: 6 (libsumo, fast mode)
On-policy training completed.
Closing environment and EXPORTING models...
Saving PyTorch ZIP models to /Users/wagnertamas/Documents/Munka/cikkek/AI_agens_konyvtar/support/intergreen_matrix_calculator/data/runs/pytorch_models...
Saved PyTorch R1C1_C to /Users/wagnertamas/Documents/Munka/cikkek/AI_agens_konyvtar/support/intergreen_matrix_calculator/data/runs/pytorch_models/R1C1_C.zip
Exporting ONNX models to /Users/wagnertamas/Documents/Munka/cikkek/AI_agens_konyvtar/support/intergreen_matrix_calculator/data/runs/onnx_models...
Failed to export R1C1_C: # Failed to convert 'dynamic_axes' to 'dynamic_shapes'. Please provide 'dynamic_shapes' directly. Refer to the documentation for 'torch.export.export' for more information on dynamic shapes.
Cleanup done.
