wandb: [wandb.login()] Loaded credentials for https://api.wandb.ai from /Users/wagnertamas/.netrc.
wandb: Currently logged in as: wagnertamas (wagnertamas-budapesti-m-szaki-s-gazdas-gtudom-nyi-egyetem) to https://api.wandb.ai. Use `wandb login --relogin` to force relogin
wandb: setting up run rzke2hc5
wandb: Tracking run with wandb version 0.25.1
wandb: Run data is saved locally in /Users/wagnertamas/Documents/Munka/cikkek/AI_agens_konyvtar/support/intergreen_matrix_calculator/wandb/run-20260408_005100-rzke2hc5
wandb: Run `wandb offline` to turn off syncing.
wandb: Syncing run ppo_speed_throughput_1x16_3_R1C1_C
wandb: ⭐️ View project at https://wandb.ai/wagnertamas-budapesti-m-szaki-s-gazdas-gtudom-nyi-egyetem/sumo-rl-stat-2
wandb: 🚀 View run at https://wandb.ai/wagnertamas-budapesti-m-szaki-s-gazdas-gtudom-nyi-egyetem/sumo-rl-stat-2/runs/rzke2hc5
[INFO] Config: training_config.yaml
[INFO] Net: /Users/wagnertamas/Documents/Munka/cikkek/AI_agens_konyvtar/support/intergreen_matrix_calculator/data/mega_catalogue_v2.net.xml
[INFO] Timesteps: 100000 | Project: sumo-rl-stat-2
[INFO] Junction: R1C1_C
[INFO] Algorithm: ppo | Reward: speed_throughput
[INFO] Load model: None (fresh)
[INFO] Traffic: random target+spread (epizódonként)
Initializing Environment (algorithm=ppo, reward=speed_throughput)...
[INFO] Algorithm: ppo (on_policy)
[INFO] Reward mode: speed_throughput
WandB config applied (Sweep compatible).
[INFO] Junction reward params auto-loaded from /Users/wagnertamas/Documents/Munka/cikkek/AI_agens_konyvtar/support/intergreen_matrix_calculator/data/junction_reward_params.json
[INFO] Using 'traci' (USE_LIBSUMO=0, parallel slave).
Starting SUMO...
[INFO] Episode duration: 3600s (60 min)

[DEBUG] 🎯 Célzott Forgalom Generálása (R1C1_C) | Period: 5.8964
Found 6 valid OD pairs for R1C1_C
Generating focused traffic: Period 5.8964s
 Retrying in 1 seconds
[INFO] Network mapped: 1 agents, 3 detectors, 3 lanes
[INFO] Subscriptions active: 6 (traci, fast mode)
Agents discovered: ['R1C1_C']
[INFO] RL device: mps
[INFO] On-policy training: ppo → R1C1_C
[INFO] Env reset az observation/action space inicializálásához...
[INFO] Episode duration: 900s (15 min)

[DEBUG] 🎯 Célzott Forgalom Generálása (R1C1_C) | Period: 7.4499
Found 6 valid OD pairs for R1C1_C
Generating focused traffic: Period 7.4499s
[INFO] Subscriptions active: 6 (traci, fast mode)
Using mps device
Wrapping the env with a `Monitor` wrapper
Wrapping the env in a DummyVecEnv.
Starting on-policy training: 100000 timesteps...
[INFO] Episode duration: 2700s (45 min)

[DEBUG] 🎯 Célzott Forgalom Generálása (R1C1_C) | Period: 5.3396
Found 6 valid OD pairs for R1C1_C
Generating focused traffic: Period 5.3396s
[INFO] Subscriptions active: 6 (traci, fast mode)
Logging to /Users/wagnertamas/Documents/Munka/cikkek/AI_agens_konyvtar/support/intergreen_matrix_calculator/data/runs/sumo-rl-stat-2/R1C1_C/PPO_5
[INFO] Episode duration: 2700s (45 min)

[DEBUG] 🎯 Célzott Forgalom Generálása (R1C1_C) | Period: 6.4144
Found 6 valid OD pairs for R1C1_C
Generating focused traffic: Period 6.4144s
[INFO] Subscriptions active: 6 (traci, fast mode)
  [ACTION PPO] R1C1_C: a0=27% (145) a1=27% (146) a2=25% (137) a3=21% (112)
[INFO] Episode duration: 2700s (45 min)

[DEBUG] 🎯 Célzott Forgalom Generálása (R1C1_C) | Period: 5.1453
Found 6 valid OD pairs for R1C1_C
Generating focused traffic: Period 5.1453s
[INFO] Subscriptions active: 6 (traci, fast mode)
  [ACTION PPO] R1C1_C: a0=27% (145) a1=24% (132) a2=23% (126) a3=25% (137)
[INFO] Episode duration: 2700s (45 min)

[DEBUG] 🎯 Célzott Forgalom Generálása (R1C1_C) | Period: 7.637
Found 6 valid OD pairs for R1C1_C
Generating focused traffic: Period 7.6370s
[INFO] Subscriptions active: 6 (traci, fast mode)
  [ACTION PPO] R1C1_C: a0=25% (135) a1=24% (127) a2=24% (127) a3=28% (151)
[INFO] Episode duration: 900s (15 min)

[DEBUG] 🎯 Célzott Forgalom Generálása (R1C1_C) | Period: 7.4445
Found 6 valid OD pairs for R1C1_C
Generating focused traffic: Period 7.4445s
[INFO] Subscriptions active: 6 (traci, fast mode)
  [ACTION PPO] R1C1_C: a0=22% (120) a1=28% (153) a2=21% (115) a3=28% (152)
[INFO] Episode duration: 3600s (60 min)

[DEBUG] 🎯 Célzott Forgalom Generálása (R1C1_C) | Period: 7.8519
Found 6 valid OD pairs for R1C1_C
Generating focused traffic: Period 7.8519s
[INFO] Subscriptions active: 6 (traci, fast mode)
  [ACTION PPO] R1C1_C: a0=27% (48) a1=28% (50) a2=23% (41) a3=23% (41)
[INFO] Episode duration: 2700s (45 min)

[DEBUG] 🎯 Célzott Forgalom Generálása (R1C1_C) | Period: 6.853
Found 6 valid OD pairs for R1C1_C
Generating focused traffic: Period 6.8530s
[INFO] Subscriptions active: 6 (traci, fast mode)
  [ACTION PPO] R1C1_C: a0=24% (174) a1=25% (179) a2=27% (194) a3=24% (173)
[INFO] Episode duration: 2700s (45 min)

[DEBUG] 🎯 Célzott Forgalom Generálása (R1C1_C) | Period: 6.0015
Found 6 valid OD pairs for R1C1_C
Generating focused traffic: Period 6.0015s
[INFO] Subscriptions active: 6 (traci, fast mode)
  [ACTION PPO] R1C1_C: a0=25% (135) a1=25% (134) a2=25% (137) a3=25% (134)
[INFO] Episode duration: 2700s (45 min)

[DEBUG] 🎯 Célzott Forgalom Generálása (R1C1_C) | Period: 7.96
Found 6 valid OD pairs for R1C1_C
Generating focused traffic: Period 7.9600s
[INFO] Subscriptions active: 6 (traci, fast mode)
  [ACTION PPO] R1C1_C: a0=26% (141) a1=25% (134) a2=24% (131) a3=25% (134)
[INFO] Episode duration: 3600s (60 min)

[DEBUG] 🎯 Célzott Forgalom Generálása (R1C1_C) | Period: 7.8293
Found 6 valid OD pairs for R1C1_C
Generating focused traffic: Period 7.8293s
[INFO] Subscriptions active: 6 (traci, fast mode)
  [ACTION PPO] R1C1_C: a0=21% (112) a1=27% (146) a2=25% (134) a3=27% (148)
[INFO] Episode duration: 900s (15 min)

[DEBUG] 🎯 Célzott Forgalom Generálása (R1C1_C) | Period: 7.7004
Found 6 valid OD pairs for R1C1_C
Generating focused traffic: Period 7.7004s
[INFO] Subscriptions active: 6 (traci, fast mode)
  [ACTION PPO] R1C1_C: a0=25% (179) a1=26% (187) a2=22% (160) a3=27% (194)
[INFO] Episode duration: 2700s (45 min)

[DEBUG] 🎯 Célzott Forgalom Generálása (R1C1_C) | Period: 5.0114
Found 6 valid OD pairs for R1C1_C
Generating focused traffic: Period 5.0114s
[INFO] Subscriptions active: 6 (traci, fast mode)
  [ACTION PPO] R1C1_C: a0=19% (35) a1=23% (42) a2=23% (41) a3=34% (62)
[INFO] Episode duration: 3600s (60 min)

[DEBUG] 🎯 Célzott Forgalom Generálása (R1C1_C) | Period: 7.0426
Found 6 valid OD pairs for R1C1_C
Generating focused traffic: Period 7.0426s
[INFO] Subscriptions active: 6 (traci, fast mode)
  [ACTION PPO] R1C1_C: a0=26% (139) a1=25% (133) a2=25% (136) a3=24% (132)
[INFO] Episode duration: 900s (15 min)

[DEBUG] 🎯 Célzott Forgalom Generálása (R1C1_C) | Period: 5.313
Found 6 valid OD pairs for R1C1_C
Generating focused traffic: Period 5.3130s
[INFO] Subscriptions active: 6 (traci, fast mode)
  [ACTION PPO] R1C1_C: a0=21% (148) a1=25% (181) a2=24% (175) a3=30% (216)
[INFO] Episode duration: 3600s (60 min)

[DEBUG] 🎯 Célzott Forgalom Generálása (R1C1_C) | Period: 4.5007
Found 6 valid OD pairs for R1C1_C
Generating focused traffic: Period 4.5007s
[INFO] Subscriptions active: 6 (traci, fast mode)
  [ACTION PPO] R1C1_C: a0=22% (39) a1=23% (42) a2=24% (43) a3=31% (56)
[INFO] Episode duration: 1800s (30 min)

[DEBUG] 🎯 Célzott Forgalom Generálása (R1C1_C) | Period: 6.9218
Found 6 valid OD pairs for R1C1_C
Generating focused traffic: Period 6.9218s
[INFO] Subscriptions active: 6 (traci, fast mode)
  [ACTION PPO] R1C1_C: a0=19% (136) a1=24% (174) a2=25% (183) a3=32% (227)
[INFO] Episode duration: 3600s (60 min)

[DEBUG] 🎯 Célzott Forgalom Generálása (R1C1_C) | Period: 6.9096
Found 6 valid OD pairs for R1C1_C
Generating focused traffic: Period 6.9096s
[INFO] Subscriptions active: 6 (traci, fast mode)
  [ACTION PPO] R1C1_C: a0=20% (72) a1=23% (83) a2=24% (85) a3=33% (120)
[INFO] Episode duration: 900s (15 min)

[DEBUG] 🎯 Célzott Forgalom Generálása (R1C1_C) | Period: 4.0156
Found 6 valid OD pairs for R1C1_C
Generating focused traffic: Period 4.0156s
[INFO] Subscriptions active: 6 (traci, fast mode)
  [ACTION PPO] R1C1_C: a0=19% (137) a1=22% (158) a2=21% (149) a3=38% (276)
[INFO] Episode duration: 900s (15 min)

[DEBUG] 🎯 Célzott Forgalom Generálása (R1C1_C) | Period: 5.3205
Found 6 valid OD pairs for R1C1_C
Generating focused traffic: Period 5.3205s
[INFO] Subscriptions active: 6 (traci, fast mode)
  [ACTION PPO] R1C1_C: a0=21% (38) a1=17% (30) a2=24% (44) a3=38% (68)
[INFO] Episode duration: 3600s (60 min)

[DEBUG] 🎯 Célzott Forgalom Generálása (R1C1_C) | Period: 4.4705
Found 6 valid OD pairs for R1C1_C
Generating focused traffic: Period 4.4705s
[INFO] Subscriptions active: 6 (traci, fast mode)
  [ACTION PPO] R1C1_C: a0=22% (40) a1=24% (43) a2=22% (40) a3=32% (57)
[INFO] Episode duration: 1800s (30 min)

[DEBUG] 🎯 Célzott Forgalom Generálása (R1C1_C) | Period: 7.3157
Found 6 valid OD pairs for R1C1_C
Generating focused traffic: Period 7.3157s
[INFO] Subscriptions active: 6 (traci, fast mode)
  [ACTION PPO] R1C1_C: a0=15% (110) a1=23% (165) a2=21% (148) a3=41% (297)
[INFO] Episode duration: 2700s (45 min)

[DEBUG] 🎯 Célzott Forgalom Generálása (R1C1_C) | Period: 7.7283
Found 6 valid OD pairs for R1C1_C
Generating focused traffic: Period 7.7283s
[INFO] Subscriptions active: 6 (traci, fast mode)
  [ACTION PPO] R1C1_C: a0=25% (90) a1=21% (76) a2=17% (62) a3=37% (132)
[INFO] Episode duration: 2700s (45 min)

[DEBUG] 🎯 Célzott Forgalom Generálása (R1C1_C) | Period: 5.7455
Found 6 valid OD pairs for R1C1_C
Generating focused traffic: Period 5.7455s
[INFO] Subscriptions active: 6 (traci, fast mode)
  [ACTION PPO] R1C1_C: a0=15% (83) a1=24% (129) a2=20% (110) a3=40% (218)
[INFO] Episode duration: 2700s (45 min)

[DEBUG] 🎯 Célzott Forgalom Generálása (R1C1_C) | Period: 4.0656
Found 6 valid OD pairs for R1C1_C
Generating focused traffic: Period 4.0656s
[INFO] Subscriptions active: 6 (traci, fast mode)
  [ACTION PPO] R1C1_C: a0=16% (88) a1=24% (128) a2=21% (115) a3=39% (209)
[INFO] Episode duration: 2700s (45 min)

[DEBUG] 🎯 Célzott Forgalom Generálása (R1C1_C) | Period: 6.3299
Found 6 valid OD pairs for R1C1_C
Generating focused traffic: Period 6.3299s
[INFO] Subscriptions active: 6 (traci, fast mode)
  [ACTION PPO] R1C1_C: a0=15% (80) a1=22% (119) a2=21% (116) a3=42% (225)
[INFO] Episode duration: 1800s (30 min)

[DEBUG] 🎯 Célzott Forgalom Generálása (R1C1_C) | Period: 5.2752
Found 6 valid OD pairs for R1C1_C
Generating focused traffic: Period 5.2752s
[INFO] Subscriptions active: 6 (traci, fast mode)
  [ACTION PPO] R1C1_C: a0=16% (89) a1=24% (128) a2=19% (101) a3=41% (222)
[INFO] Episode duration: 1800s (30 min)

[DEBUG] 🎯 Célzott Forgalom Generálása (R1C1_C) | Period: 5.9231
Found 6 valid OD pairs for R1C1_C
Generating focused traffic: Period 5.9231s
[INFO] Subscriptions active: 6 (traci, fast mode)
  [ACTION PPO] R1C1_C: a0=16% (57) a1=20% (72) a2=24% (88) a3=40% (143)
[INFO] Episode duration: 1800s (30 min)

[DEBUG] 🎯 Célzott Forgalom Generálása (R1C1_C) | Period: 5.787
Found 6 valid OD pairs for R1C1_C
Generating focused traffic: Period 5.7870s
[INFO] Subscriptions active: 6 (traci, fast mode)
  [ACTION PPO] R1C1_C: a0=14% (52) a1=19% (67) a2=22% (79) a3=45% (162)
[INFO] Episode duration: 1800s (30 min)

[DEBUG] 🎯 Célzott Forgalom Generálása (R1C1_C) | Period: 7.6464
Found 6 valid OD pairs for R1C1_C
Generating focused traffic: Period 7.6464s
[INFO] Subscriptions active: 6 (traci, fast mode)
  [ACTION PPO] R1C1_C: a0=14% (49) a1=20% (72) a2=21% (74) a3=46% (165)
[INFO] Episode duration: 2700s (45 min)

[DEBUG] 🎯 Célzott Forgalom Generálása (R1C1_C) | Period: 7.6755
Found 6 valid OD pairs for R1C1_C
Generating focused traffic: Period 7.6755s
[INFO] Subscriptions active: 6 (traci, fast mode)
  [ACTION PPO] R1C1_C: a0=16% (57) a1=19% (67) a2=21% (75) a3=45% (161)
[INFO] Episode duration: 1800s (30 min)

[DEBUG] 🎯 Célzott Forgalom Generálása (R1C1_C) | Period: 7.4001
Found 6 valid OD pairs for R1C1_C
Generating focused traffic: Period 7.4001s
[INFO] Subscriptions active: 6 (traci, fast mode)
  [ACTION PPO] R1C1_C: a0=14% (77) a1=23% (124) a2=24% (128) a3=39% (211)
[INFO] Episode duration: 2700s (45 min)

[DEBUG] 🎯 Célzott Forgalom Generálása (R1C1_C) | Period: 7.1252
Found 6 valid OD pairs for R1C1_C
Generating focused traffic: Period 7.1252s
[INFO] Subscriptions active: 6 (traci, fast mode)
  [ACTION PPO] R1C1_C: a0=12% (42) a1=19% (69) a2=28% (102) a3=41% (147)
[INFO] Episode duration: 1800s (30 min)

[DEBUG] 🎯 Célzott Forgalom Generálása (R1C1_C) | Period: 7.1436
Found 6 valid OD pairs for R1C1_C
Generating focused traffic: Period 7.1436s
[INFO] Subscriptions active: 6 (traci, fast mode)
  [ACTION PPO] R1C1_C: a0=14% (78) a1=20% (106) a2=22% (119) a3=44% (237)
[INFO] Episode duration: 900s (15 min)

[DEBUG] 🎯 Célzott Forgalom Generálása (R1C1_C) | Period: 5.4483
Found 6 valid OD pairs for R1C1_C
Generating focused traffic: Period 5.4483s
[INFO] Subscriptions active: 6 (traci, fast mode)
  [ACTION PPO] R1C1_C: a0=19% (69) a1=20% (72) a2=26% (93) a3=35% (126)
[INFO] Episode duration: 2700s (45 min)

[DEBUG] 🎯 Célzott Forgalom Generálása (R1C1_C) | Period: 6.131
Found 6 valid OD pairs for R1C1_C
Generating focused traffic: Period 6.1310s
[INFO] Subscriptions active: 6 (traci, fast mode)
  [ACTION PPO] R1C1_C: a0=12% (21) a1=22% (39) a2=29% (53) a3=37% (67)
[INFO] Episode duration: 900s (15 min)

[DEBUG] 🎯 Célzott Forgalom Generálása (R1C1_C) | Period: 7.7909
Found 6 valid OD pairs for R1C1_C
Generating focused traffic: Period 7.7909s
[INFO] Subscriptions active: 6 (traci, fast mode)
  [ACTION PPO] R1C1_C: a0=11% (61) a1=19% (104) a2=28% (149) a3=42% (226)
[INFO] Episode duration: 3600s (60 min)

[DEBUG] 🎯 Célzott Forgalom Generálása (R1C1_C) | Period: 7.7592
Found 6 valid OD pairs for R1C1_C
Generating focused traffic: Period 7.7592s
[INFO] Subscriptions active: 6 (traci, fast mode)
  [ACTION PPO] R1C1_C: a0=18% (33) a1=15% (27) a2=22% (39) a3=45% (81)
[INFO] Episode duration: 2700s (45 min)

[DEBUG] 🎯 Célzott Forgalom Generálása (R1C1_C) | Period: 7.765
Found 6 valid OD pairs for R1C1_C
Generating focused traffic: Period 7.7650s
[INFO] Subscriptions active: 6 (traci, fast mode)
  [ACTION PPO] R1C1_C: a0=11% (82) a1=19% (134) a2=23% (168) a3=47% (336)
[INFO] Episode duration: 2700s (45 min)

[DEBUG] 🎯 Célzott Forgalom Generálása (R1C1_C) | Period: 5.4119
Found 6 valid OD pairs for R1C1_C
Generating focused traffic: Period 5.4119s
[INFO] Subscriptions active: 6 (traci, fast mode)
  [ACTION PPO] R1C1_C: a0=12% (66) a1=18% (95) a2=24% (127) a3=47% (252)
[INFO] Episode duration: 2700s (45 min)

[DEBUG] 🎯 Célzott Forgalom Generálása (R1C1_C) | Period: 6.0527
Found 6 valid OD pairs for R1C1_C
Generating focused traffic: Period 6.0527s
[INFO] Subscriptions active: 6 (traci, fast mode)
  [ACTION PPO] R1C1_C: a0=13% (69) a1=15% (79) a2=24% (130) a3=49% (262)
[INFO] Episode duration: 1800s (30 min)

[DEBUG] 🎯 Célzott Forgalom Generálása (R1C1_C) | Period: 6.0373
Found 6 valid OD pairs for R1C1_C
Generating focused traffic: Period 6.0373s
[INFO] Subscriptions active: 6 (traci, fast mode)
  [ACTION PPO] R1C1_C: a0=16% (89) a1=19% (103) a2=26% (140) a3=39% (208)
[INFO] Episode duration: 1800s (30 min)

[DEBUG] 🎯 Célzott Forgalom Generálása (R1C1_C) | Period: 4.4732
Found 6 valid OD pairs for R1C1_C
Generating focused traffic: Period 4.4732s
[INFO] Subscriptions active: 6 (traci, fast mode)
  [ACTION PPO] R1C1_C: a0=15% (55) a1=22% (79) a2=23% (82) a3=40% (144)
[INFO] Episode duration: 1800s (30 min)

[DEBUG] 🎯 Célzott Forgalom Generálása (R1C1_C) | Period: 7.8437
Found 6 valid OD pairs for R1C1_C
Generating focused traffic: Period 7.8437s
[INFO] Subscriptions active: 6 (traci, fast mode)
  [ACTION PPO] R1C1_C: a0=15% (54) a1=22% (79) a2=21% (75) a3=42% (152)
[INFO] Episode duration: 2700s (45 min)

[DEBUG] 🎯 Célzott Forgalom Generálása (R1C1_C) | Period: 5.794
Found 6 valid OD pairs for R1C1_C
Generating focused traffic: Period 5.7940s
[INFO] Subscriptions active: 6 (traci, fast mode)
  [ACTION PPO] R1C1_C: a0=11% (40) a1=20% (72) a2=24% (88) a3=44% (160)
-----------------------------------------
| rollout/                |             |
|    ep_len_mean          | 465         |
|    ep_rew_mean          | 52.4        |
| time/                   |             |
|    fps                  | 79          |
|    iterations           | 10          |
|    time_elapsed         | 257         |
|    total_timesteps      | 20480       |
| train/                  |             |
|    approx_kl            | 0.006388732 |
|    clip_fraction        | 0.00908     |
|    clip_range           | 0.2         |
|    entropy_loss         | -1.27       |
|    explained_variance   | -0.409      |
|    learning_rate        | 0.0001      |
|    loss                 | 0.142       |
|    n_updates            | 90          |
|    policy_gradient_loss | -0.00191    |
|    value_loss           | 1.44        |
-----------------------------------------
[INFO] Episode duration: 2700s (45 min)

[DEBUG] 🎯 Célzott Forgalom Generálása (R1C1_C) | Period: 5.1384
Found 6 valid OD pairs for R1C1_C
Generating focused traffic: Period 5.1384s
[INFO] Subscriptions active: 6 (traci, fast mode)
  [ACTION PPO] R1C1_C: a0=16% (85) a1=18% (99) a2=25% (133) a3=41% (223)
[INFO] Episode duration: 3600s (60 min)

[DEBUG] 🎯 Célzott Forgalom Generálása (R1C1_C) | Period: 5.3108
Found 6 valid OD pairs for R1C1_C
Generating focused traffic: Period 5.3108s
[INFO] Subscriptions active: 6 (traci, fast mode)
  [ACTION PPO] R1C1_C: a0=12% (63) a1=22% (118) a2=21% (112) a3=46% (247)
[INFO] Episode duration: 2700s (45 min)

[DEBUG] 🎯 Célzott Forgalom Generálása (R1C1_C) | Period: 6.5174
Found 6 valid OD pairs for R1C1_C
Generating focused traffic: Period 6.5174s
[INFO] Subscriptions active: 6 (traci, fast mode)
  [ACTION PPO] R1C1_C: a0=13% (97) a1=22% (155) a2=23% (166) a3=42% (302)
[INFO] Episode duration: 900s (15 min)

[DEBUG] 🎯 Célzott Forgalom Generálása (R1C1_C) | Period: 4.8473
Found 6 valid OD pairs for R1C1_C
Generating focused traffic: Period 4.8473s
[INFO] Subscriptions active: 6 (traci, fast mode)
  [ACTION PPO] R1C1_C: a0=16% (86) a1=21% (114) a2=24% (132) a3=39% (208)
[INFO] Episode duration: 3600s (60 min)

[DEBUG] 🎯 Célzott Forgalom Generálása (R1C1_C) | Period: 6.8778
Found 6 valid OD pairs for R1C1_C
Generating focused traffic: Period 6.8778s
[INFO] Subscriptions active: 6 (traci, fast mode)
  [ACTION PPO] R1C1_C: a0=11% (20) a1=22% (39) a2=22% (40) a3=45% (81)
[INFO] Episode duration: 900s (15 min)

[DEBUG] 🎯 Célzott Forgalom Generálása (R1C1_C) | Period: 5.1109
Found 6 valid OD pairs for R1C1_C
Generating focused traffic: Period 5.1109s
[INFO] Subscriptions active: 6 (traci, fast mode)
  [ACTION PPO] R1C1_C: a0=13% (95) a1=20% (145) a2=21% (149) a3=46% (331)
[INFO] Episode duration: 1800s (30 min)

[DEBUG] 🎯 Célzott Forgalom Generálása (R1C1_C) | Period: 4.4367
Found 6 valid OD pairs for R1C1_C
Generating focused traffic: Period 4.4367s
[INFO] Subscriptions active: 6 (traci, fast mode)
  [ACTION PPO] R1C1_C: a0=12% (21) a1=18% (33) a2=21% (37) a3=49% (89)
[INFO] Episode duration: 900s (15 min)

[DEBUG] 🎯 Célzott Forgalom Generálása (R1C1_C) | Period: 4.9036
Found 6 valid OD pairs for R1C1_C
Generating focused traffic: Period 4.9036s
[INFO] Subscriptions active: 6 (traci, fast mode)
  [ACTION PPO] R1C1_C: a0=13% (46) a1=18% (64) a2=22% (78) a3=48% (172)
[INFO] Episode duration: 900s (15 min)

[DEBUG] 🎯 Célzott Forgalom Generálása (R1C1_C) | Period: 7.3361
Found 6 valid OD pairs for R1C1_C
Generating focused traffic: Period 7.3361s
[INFO] Subscriptions active: 6 (traci, fast mode)
  [ACTION PPO] R1C1_C: a0=16% (29) a1=13% (24) a2=21% (38) a3=49% (89)
[INFO] Episode duration: 3600s (60 min)

[DEBUG] 🎯 Célzott Forgalom Generálása (R1C1_C) | Period: 6.6036
Found 6 valid OD pairs for R1C1_C
Generating focused traffic: Period 6.6036s
[INFO] Subscriptions active: 6 (traci, fast mode)
  [ACTION PPO] R1C1_C: a0=11% (19) a1=14% (25) a2=22% (40) a3=53% (96)
[INFO] Episode duration: 3600s (60 min)

[DEBUG] 🎯 Célzott Forgalom Generálása (R1C1_C) | Period: 4.3201
Found 6 valid OD pairs for R1C1_C
Generating focused traffic: Period 4.3201s
[INFO] Subscriptions active: 6 (traci, fast mode)
  [ACTION PPO] R1C1_C: a0=13% (94) a1=19% (140) a2=19% (139) a3=48% (347)
[INFO] Episode duration: 900s (15 min)

[DEBUG] 🎯 Célzott Forgalom Generálása (R1C1_C) | Period: 6.5022
Found 6 valid OD pairs for R1C1_C
Generating focused traffic: Period 6.5022s
[INFO] Subscriptions active: 6 (traci, fast mode)
  [ACTION PPO] R1C1_C: a0=16% (112) a1=22% (155) a2=20% (143) a3=43% (310)
[INFO] Episode duration: 2700s (45 min)

[DEBUG] 🎯 Célzott Forgalom Generálása (R1C1_C) | Period: 4.8063
Found 6 valid OD pairs for R1C1_C
Generating focused traffic: Period 4.8063s
[INFO] Subscriptions active: 6 (traci, fast mode)
  [ACTION PPO] R1C1_C: a0=12% (21) a1=24% (44) a2=22% (39) a3=42% (76)
[INFO] Episode duration: 900s (15 min)

[DEBUG] 🎯 Célzott Forgalom Generálása (R1C1_C) | Period: 7.5757
Found 6 valid OD pairs for R1C1_C
Generating focused traffic: Period 7.5757s
[INFO] Subscriptions active: 6 (traci, fast mode)
  [ACTION PPO] R1C1_C: a0=14% (76) a1=24% (130) a2=21% (113) a3=41% (221)
[INFO] Episode duration: 1800s (30 min)

[DEBUG] 🎯 Célzott Forgalom Generálása (R1C1_C) | Period: 6.0573
Found 6 valid OD pairs for R1C1_C
Generating focused traffic: Period 6.0573s
[INFO] Subscriptions active: 6 (traci, fast mode)
  [ACTION PPO] R1C1_C: a0=11% (20) a1=21% (37) a2=29% (53) a3=39% (70)
[INFO] Episode duration: 900s (15 min)

[DEBUG] 🎯 Célzott Forgalom Generálása (R1C1_C) | Period: 4.8419
Found 6 valid OD pairs for R1C1_C
Generating focused traffic: Period 4.8419s
[INFO] Subscriptions active: 6 (traci, fast mode)
  [ACTION PPO] R1C1_C: a0=11% (40) a1=24% (88) a2=21% (75) a3=44% (157)
[INFO] Episode duration: 2700s (45 min)

[DEBUG] 🎯 Célzott Forgalom Generálása (R1C1_C) | Period: 5.1942
Found 6 valid OD pairs for R1C1_C
Generating focused traffic: Period 5.1942s
[INFO] Subscriptions active: 6 (traci, fast mode)
  [ACTION PPO] R1C1_C: a0=14% (25) a1=21% (37) a2=21% (38) a3=44% (80)
[INFO] Episode duration: 900s (15 min)

[DEBUG] 🎯 Célzott Forgalom Generálása (R1C1_C) | Period: 4.1235
Found 6 valid OD pairs for R1C1_C
Generating focused traffic: Period 4.1235s
[INFO] Subscriptions active: 6 (traci, fast mode)
  [ACTION PPO] R1C1_C: a0=15% (80) a1=23% (124) a2=16% (87) a3=46% (249)
[INFO] Episode duration: 900s (15 min)

[DEBUG] 🎯 Célzott Forgalom Generálása (R1C1_C) | Period: 5.1685
Found 6 valid OD pairs for R1C1_C
Generating focused traffic: Period 5.1685s
[INFO] Subscriptions active: 6 (traci, fast mode)
  [ACTION PPO] R1C1_C: a0=12% (21) a1=27% (48) a2=18% (33) a3=43% (78)
[INFO] Episode duration: 3600s (60 min)

[DEBUG] 🎯 Célzott Forgalom Generálása (R1C1_C) | Period: 6.821
Found 6 valid OD pairs for R1C1_C
Generating focused traffic: Period 6.8210s
[INFO] Subscriptions active: 6 (traci, fast mode)
  [ACTION PPO] R1C1_C: a0=18% (32) a1=27% (48) a2=17% (30) a3=39% (70)
[INFO] Episode duration: 900s (15 min)

[DEBUG] 🎯 Célzott Forgalom Generálása (R1C1_C) | Period: 4.6597
Found 6 valid OD pairs for R1C1_C
Generating focused traffic: Period 4.6597s
[INFO] Subscriptions active: 6 (traci, fast mode)
  [ACTION PPO] R1C1_C: a0=16% (112) a1=23% (164) a2=21% (148) a3=41% (296)
[INFO] Episode duration: 1800s (30 min)

[DEBUG] 🎯 Célzott Forgalom Generálása (R1C1_C) | Period: 4.3534
Found 6 valid OD pairs for R1C1_C
Generating focused traffic: Period 4.3534s
[INFO] Subscriptions active: 6 (traci, fast mode)
  [ACTION PPO] R1C1_C: a0=11% (20) a1=22% (40) a2=22% (39) a3=45% (81)
[INFO] Episode duration: 1800s (30 min)

[DEBUG] 🎯 Célzott Forgalom Generálása (R1C1_C) | Period: 4.3384
Found 6 valid OD pairs for R1C1_C
Generating focused traffic: Period 4.3384s
[INFO] Subscriptions active: 6 (traci, fast mode)
  [ACTION PPO] R1C1_C: a0=11% (40) a1=22% (80) a2=21% (77) a3=45% (163)
[INFO] Episode duration: 2700s (45 min)

[DEBUG] 🎯 Célzott Forgalom Generálása (R1C1_C) | Period: 5.3635
Found 6 valid OD pairs for R1C1_C
Generating focused traffic: Period 5.3635s
[INFO] Subscriptions active: 6 (traci, fast mode)
  [ACTION PPO] R1C1_C: a0=14% (50) a1=24% (88) a2=19% (70) a3=42% (152)
[INFO] Episode duration: 1800s (30 min)

[DEBUG] 🎯 Célzott Forgalom Generálása (R1C1_C) | Period: 5.7523
Found 6 valid OD pairs for R1C1_C
Generating focused traffic: Period 5.7523s
[INFO] Subscriptions active: 6 (traci, fast mode)
  [ACTION PPO] R1C1_C: a0=12% (63) a1=24% (132) a2=25% (135) a3=39% (210)
[INFO] Episode duration: 900s (15 min)

[DEBUG] 🎯 Célzott Forgalom Generálása (R1C1_C) | Period: 7.9204
Found 6 valid OD pairs for R1C1_C
Generating focused traffic: Period 7.9204s
[INFO] Subscriptions active: 6 (traci, fast mode)
  [ACTION PPO] R1C1_C: a0=13% (48) a1=22% (78) a2=24% (85) a3=41% (149)
[INFO] Episode duration: 1800s (30 min)

[DEBUG] 🎯 Célzott Forgalom Generálása (R1C1_C) | Period: 4.5486
Found 6 valid OD pairs for R1C1_C
Generating focused traffic: Period 4.5486s
[INFO] Subscriptions active: 6 (traci, fast mode)
  [ACTION PPO] R1C1_C: a0=13% (23) a1=22% (40) a2=26% (46) a3=39% (71)
[INFO] Episode duration: 1800s (30 min)

[DEBUG] 🎯 Célzott Forgalom Generálása (R1C1_C) | Period: 5.7833
Found 6 valid OD pairs for R1C1_C
Generating focused traffic: Period 5.7833s
[INFO] Subscriptions active: 6 (traci, fast mode)
  [ACTION PPO] R1C1_C: a0=18% (64) a1=21% (75) a2=24% (87) a3=37% (134)
[INFO] Episode duration: 900s (15 min)

[DEBUG] 🎯 Célzott Forgalom Generálása (R1C1_C) | Period: 5.8291
Found 6 valid OD pairs for R1C1_C
Generating focused traffic: Period 5.8291s
[INFO] Subscriptions active: 6 (traci, fast mode)
  [ACTION PPO] R1C1_C: a0=16% (58) a1=19% (67) a2=25% (89) a3=41% (146)
[INFO] Episode duration: 3600s (60 min)

[DEBUG] 🎯 Célzott Forgalom Generálása (R1C1_C) | Period: 5.6618
Found 6 valid OD pairs for R1C1_C
Generating focused traffic: Period 5.6618s
[INFO] Subscriptions active: 6 (traci, fast mode)
  [ACTION PPO] R1C1_C: a0=14% (26) a1=23% (42) a2=21% (38) a3=41% (74)
[INFO] Episode duration: 2700s (45 min)

[DEBUG] 🎯 Célzott Forgalom Generálása (R1C1_C) | Period: 6.2696
Found 6 valid OD pairs for R1C1_C
Generating focused traffic: Period 6.2696s
[INFO] Subscriptions active: 6 (traci, fast mode)
  [ACTION PPO] R1C1_C: a0=18% (130) a1=21% (152) a2=22% (157) a3=39% (281)
[INFO] Episode duration: 2700s (45 min)

[DEBUG] 🎯 Célzott Forgalom Generálása (R1C1_C) | Period: 7.7716
Found 6 valid OD pairs for R1C1_C
Generating focused traffic: Period 7.7716s
[INFO] Subscriptions active: 6 (traci, fast mode)
  [ACTION PPO] R1C1_C: a0=16% (86) a1=19% (101) a2=24% (127) a3=42% (226)
[INFO] Episode duration: 3600s (60 min)

[DEBUG] 🎯 Célzott Forgalom Generálása (R1C1_C) | Period: 7.1133
Found 6 valid OD pairs for R1C1_C
Generating focused traffic: Period 7.1133s
[INFO] Subscriptions active: 6 (traci, fast mode)
  [ACTION PPO] R1C1_C: a0=18% (97) a1=20% (108) a2=25% (133) a3=37% (202)
[INFO] Episode duration: 2700s (45 min)

[DEBUG] 🎯 Célzott Forgalom Generálása (R1C1_C) | Period: 7.1569
Found 6 valid OD pairs for R1C1_C
Generating focused traffic: Period 7.1569s
[INFO] Subscriptions active: 6 (traci, fast mode)
  [ACTION PPO] R1C1_C: a0=18% (126) a1=22% (155) a2=20% (144) a3=41% (295)
[INFO] Episode duration: 3600s (60 min)

[DEBUG] 🎯 Célzott Forgalom Generálása (R1C1_C) | Period: 4.4804
Found 6 valid OD pairs for R1C1_C
Generating focused traffic: Period 4.4804s
[INFO] Subscriptions active: 6 (traci, fast mode)
  [ACTION PPO] R1C1_C: a0=20% (106) a1=19% (103) a2=21% (115) a3=40% (216)
[INFO] Episode duration: 900s (15 min)

[DEBUG] 🎯 Célzott Forgalom Generálása (R1C1_C) | Period: 6.4835
Found 6 valid OD pairs for R1C1_C
Generating focused traffic: Period 6.4835s
[INFO] Subscriptions active: 6 (traci, fast mode)
  [ACTION PPO] R1C1_C: a0=19% (135) a1=20% (143) a2=24% (176) a3=37% (266)
[INFO] Episode duration: 3600s (60 min)

[DEBUG] 🎯 Célzott Forgalom Generálása (R1C1_C) | Period: 5.7198
Found 6 valid OD pairs for R1C1_C
Generating focused traffic: Period 5.7198s
[INFO] Subscriptions active: 6 (traci, fast mode)
  [ACTION PPO] R1C1_C: a0=19% (34) a1=24% (43) a2=26% (47) a3=31% (56)
[INFO] Episode duration: 2700s (45 min)

[DEBUG] 🎯 Célzott Forgalom Generálása (R1C1_C) | Period: 7.76
Found 6 valid OD pairs for R1C1_C
Generating focused traffic: Period 7.7600s
[INFO] Subscriptions active: 6 (traci, fast mode)
  [ACTION PPO] R1C1_C: a0=23% (167) a1=20% (142) a2=23% (166) a3=34% (245)
[INFO] Episode duration: 3600s (60 min)

[DEBUG] 🎯 Célzott Forgalom Generálása (R1C1_C) | Period: 6.6328
Found 6 valid OD pairs for R1C1_C
Generating focused traffic: Period 6.6328s
[INFO] Subscriptions active: 6 (traci, fast mode)
  [ACTION PPO] R1C1_C: a0=22% (118) a1=19% (102) a2=21% (114) a3=38% (206)
[INFO] Episode duration: 900s (15 min)

[DEBUG] 🎯 Célzott Forgalom Generálása (R1C1_C) | Period: 5.0068
Found 6 valid OD pairs for R1C1_C
Generating focused traffic: Period 5.0068s
[INFO] Subscriptions active: 6 (traci, fast mode)
  [ACTION PPO] R1C1_C: a0=21% (148) a1=20% (141) a2=26% (187) a3=34% (244)
[INFO] Episode duration: 2700s (45 min)

[DEBUG] 🎯 Célzott Forgalom Generálása (R1C1_C) | Period: 7.0699
Found 6 valid OD pairs for R1C1_C
Generating focused traffic: Period 7.0699s
[INFO] Subscriptions active: 6 (traci, fast mode)
  [ACTION PPO] R1C1_C: a0=18% (33) a1=22% (39) a2=26% (47) a3=34% (61)
[INFO] Episode duration: 900s (15 min)

[DEBUG] 🎯 Célzott Forgalom Generálása (R1C1_C) | Period: 4.4779
Found 6 valid OD pairs for R1C1_C
Generating focused traffic: Period 4.4779s
[INFO] Subscriptions active: 6 (traci, fast mode)
  [ACTION PPO] R1C1_C: a0=22% (118) a1=20% (107) a2=24% (127) a3=35% (188)
[INFO] Episode duration: 1800s (30 min)

[DEBUG] 🎯 Célzott Forgalom Generálása (R1C1_C) | Period: 4.8161
Found 6 valid OD pairs for R1C1_C
Generating focused traffic: Period 4.8161s
[INFO] Subscriptions active: 6 (traci, fast mode)
  [ACTION PPO] R1C1_C: a0=22% (39) a1=26% (47) a2=22% (39) a3=31% (55)
[INFO] Episode duration: 900s (15 min)

[DEBUG] 🎯 Célzott Forgalom Generálása (R1C1_C) | Period: 5.8654
Found 6 valid OD pairs for R1C1_C
Generating focused traffic: Period 5.8654s
[INFO] Subscriptions active: 6 (traci, fast mode)
  [ACTION PPO] R1C1_C: a0=25% (91) a1=16% (59) a2=18% (66) a3=40% (144)
[INFO] Episode duration: 2700s (45 min)

[DEBUG] 🎯 Célzott Forgalom Generálása (R1C1_C) | Period: 7.4502
Found 6 valid OD pairs for R1C1_C
Generating focused traffic: Period 7.4502s
[INFO] Subscriptions active: 6 (traci, fast mode)
  [ACTION PPO] R1C1_C: a0=23% (42) a1=22% (39) a2=20% (36) a3=35% (63)
[INFO] Episode duration: 1800s (30 min)

[DEBUG] 🎯 Célzott Forgalom Generálása (R1C1_C) | Period: 5.9272
Found 6 valid OD pairs for R1C1_C
Generating focused traffic: Period 5.9272s
[INFO] Subscriptions active: 6 (traci, fast mode)
  [ACTION PPO] R1C1_C: a0=26% (140) a1=23% (123) a2=26% (140) a3=25% (137)
[INFO] Episode duration: 2700s (45 min)

[DEBUG] 🎯 Célzott Forgalom Generálása (R1C1_C) | Period: 7.9469
Found 6 valid OD pairs for R1C1_C
Generating focused traffic: Period 7.9469s
[INFO] Subscriptions active: 6 (traci, fast mode)
  [ACTION PPO] R1C1_C: a0=24% (87) a1=21% (75) a2=19% (67) a3=36% (131)
[INFO] Episode duration: 3600s (60 min)

[DEBUG] 🎯 Célzott Forgalom Generálása (R1C1_C) | Period: 7.2443
Found 6 valid OD pairs for R1C1_C
Generating focused traffic: Period 7.2443s
[INFO] Subscriptions active: 6 (traci, fast mode)
  [ACTION PPO] R1C1_C: a0=20% (110) a1=22% (119) a2=26% (138) a3=32% (173)
-------------------------------------------
| rollout/                |               |
|    ep_len_mean          | 443           |
|    ep_rew_mean          | 50.3          |
| time/                   |               |
|    fps                  | 79            |
|    iterations           | 20            |
|    time_elapsed         | 514           |
|    total_timesteps      | 40960         |
| train/                  |               |
|    approx_kl            | 0.00021819075 |
|    clip_fraction        | 0             |
|    clip_range           | 0.2           |
|    entropy_loss         | -1.36         |
|    explained_variance   | -0.00596      |
|    learning_rate        | 0.0001        |
|    loss                 | 3.85          |
|    n_updates            | 190           |
|    policy_gradient_loss | -0.00032      |
|    value_loss           | 2.11          |
-------------------------------------------
[INFO] Episode duration: 3600s (60 min)

[DEBUG] 🎯 Célzott Forgalom Generálása (R1C1_C) | Period: 7.4551
Found 6 valid OD pairs for R1C1_C
Generating focused traffic: Period 7.4551s
[INFO] Subscriptions active: 6 (traci, fast mode)
  [ACTION PPO] R1C1_C: a0=22% (156) a1=22% (159) a2=24% (171) a3=32% (234)
[INFO] Episode duration: 1800s (30 min)

[DEBUG] 🎯 Célzott Forgalom Generálása (R1C1_C) | Period: 6.5878
Found 6 valid OD pairs for R1C1_C
Generating focused traffic: Period 6.5878s
[INFO] Subscriptions active: 6 (traci, fast mode)
  [ACTION PPO] R1C1_C: a0=22% (158) a1=18% (133) a2=23% (167) a3=36% (262)
[INFO] Episode duration: 1800s (30 min)

[DEBUG] 🎯 Célzott Forgalom Generálása (R1C1_C) | Period: 4.9044
Found 6 valid OD pairs for R1C1_C
Generating focused traffic: Period 4.9044s
[INFO] Subscriptions active: 6 (traci, fast mode)
  [ACTION PPO] R1C1_C: a0=20% (72) a1=22% (80) a2=23% (84) a3=34% (124)
[INFO] Episode duration: 1800s (30 min)

[DEBUG] 🎯 Célzott Forgalom Generálása (R1C1_C) | Period: 4.4619
Found 6 valid OD pairs for R1C1_C
Generating focused traffic: Period 4.4619s
[INFO] Subscriptions active: 6 (traci, fast mode)
  [ACTION PPO] R1C1_C: a0=21% (75) a1=18% (65) a2=28% (100) a3=33% (120)
[INFO] Episode duration: 1800s (30 min)

[DEBUG] 🎯 Célzott Forgalom Generálása (R1C1_C) | Period: 7.8907
Found 6 valid OD pairs for R1C1_C
Generating focused traffic: Period 7.8907s
[INFO] Subscriptions active: 6 (traci, fast mode)
  [ACTION PPO] R1C1_C: a0=20% (71) a1=21% (76) a2=24% (87) a3=35% (126)
[INFO] Episode duration: 2700s (45 min)

[DEBUG] 🎯 Célzott Forgalom Generálása (R1C1_C) | Period: 5.8227
Found 6 valid OD pairs for R1C1_C
Generating focused traffic: Period 5.8227s
[INFO] Subscriptions active: 6 (traci, fast mode)
  [ACTION PPO] R1C1_C: a0=24% (88) a1=17% (60) a2=21% (76) a3=38% (136)
[INFO] Episode duration: 3600s (60 min)

[DEBUG] 🎯 Célzott Forgalom Generálása (R1C1_C) | Period: 5.9807
Found 6 valid OD pairs for R1C1_C
Generating focused traffic: Period 5.9807s
[INFO] Subscriptions active: 6 (traci, fast mode)
  [ACTION PPO] R1C1_C: a0=23% (123) a1=18% (98) a2=23% (125) a3=36% (194)
[INFO] Episode duration: 3600s (60 min)

[DEBUG] 🎯 Célzott Forgalom Generálása (R1C1_C) | Period: 5.3711
Found 6 valid OD pairs for R1C1_C
Generating focused traffic: Period 5.3711s
[INFO] Subscriptions active: 6 (traci, fast mode)
  [ACTION PPO] R1C1_C: a0=25% (178) a1=18% (127) a2=22% (161) a3=35% (254)
[INFO] Episode duration: 900s (15 min)

[DEBUG] 🎯 Célzott Forgalom Generálása (R1C1_C) | Period: 6.5743
Found 6 valid OD pairs for R1C1_C
Generating focused traffic: Period 6.5743s
[INFO] Subscriptions active: 6 (traci, fast mode)
  [ACTION PPO] R1C1_C: a0=23% (168) a1=19% (140) a2=23% (165) a3=34% (247)
[INFO] Episode duration: 1800s (30 min)

[DEBUG] 🎯 Célzott Forgalom Generálása (R1C1_C) | Period: 5.3188
Found 6 valid OD pairs for R1C1_C
Generating focused traffic: Period 5.3188s
[INFO] Subscriptions active: 6 (traci, fast mode)
  [ACTION PPO] R1C1_C: a0=18% (32) a1=18% (32) a2=27% (48) a3=38% (68)
[INFO] Episode duration: 1800s (30 min)

[DEBUG] 🎯 Célzott Forgalom Generálása (R1C1_C) | Period: 6.765
Found 6 valid OD pairs for R1C1_C
Generating focused traffic: Period 6.7650s
[INFO] Subscriptions active: 6 (traci, fast mode)
  [ACTION PPO] R1C1_C: a0=23% (83) a1=18% (65) a2=22% (79) a3=37% (133)
[INFO] Episode duration: 3600s (60 min)

[DEBUG] 🎯 Célzott Forgalom Generálása (R1C1_C) | Period: 6.2626
Found 6 valid OD pairs for R1C1_C
Generating focused traffic: Period 6.2626s
[INFO] Subscriptions active: 6 (traci, fast mode)
  [ACTION PPO] R1C1_C: a0=22% (81) a1=18% (63) a2=27% (96) a3=33% (120)
[INFO] Episode duration: 900s (15 min)

[DEBUG] 🎯 Célzott Forgalom Generálása (R1C1_C) | Period: 6.3718
Found 6 valid OD pairs for R1C1_C
Generating focused traffic: Period 6.3718s
[INFO] Subscriptions active: 6 (traci, fast mode)
  [ACTION PPO] R1C1_C: a0=22% (155) a1=16% (118) a2=23% (169) a3=39% (278)
[INFO] Episode duration: 900s (15 min)

[DEBUG] 🎯 Célzott Forgalom Generálása (R1C1_C) | Period: 7.156
Found 6 valid OD pairs for R1C1_C
Generating focused traffic: Period 7.1560s
[INFO] Subscriptions active: 6 (traci, fast mode)
  [ACTION PPO] R1C1_C: a0=26% (46) a1=16% (29) a2=29% (52) a3=29% (53)
[INFO] Episode duration: 3600s (60 min)

[DEBUG] 🎯 Célzott Forgalom Generálása (R1C1_C) | Period: 7.6558
Found 6 valid OD pairs for R1C1_C
Generating focused traffic: Period 7.6558s
[INFO] Subscriptions active: 6 (traci, fast mode)
  [ACTION PPO] R1C1_C: a0=24% (44) a1=17% (31) a2=26% (46) a3=33% (59)
[INFO] Episode duration: 3600s (60 min)

[DEBUG] 🎯 Célzott Forgalom Generálása (R1C1_C) | Period: 5.0059
Found 6 valid OD pairs for R1C1_C
Generating focused traffic: Period 5.0059s
[INFO] Subscriptions active: 6 (traci, fast mode)
  [ACTION PPO] R1C1_C: a0=23% (168) a1=19% (135) a2=26% (186) a3=32% (231)
[INFO] Episode duration: 900s (15 min)

[DEBUG] 🎯 Célzott Forgalom Generálása (R1C1_C) | Period: 7.4784
Found 6 valid OD pairs for R1C1_C
Generating focused traffic: Period 7.4784s
[INFO] Subscriptions active: 6 (traci, fast mode)
  [ACTION PPO] R1C1_C: a0=24% (172) a1=20% (143) a2=22% (157) a3=34% (248)
[INFO] Episode duration: 3600s (60 min)

[DEBUG] 🎯 Célzott Forgalom Generálása (R1C1_C) | Period: 4.6534
Found 6 valid OD pairs for R1C1_C
Generating focused traffic: Period 4.6534s
[INFO] Subscriptions active: 6 (traci, fast mode)
  [ACTION PPO] R1C1_C: a0=24% (44) a1=27% (48) a2=21% (37) a3=28% (51)
[INFO] Episode duration: 3600s (60 min)

[DEBUG] 🎯 Célzott Forgalom Generálása (R1C1_C) | Period: 4.3134
Found 6 valid OD pairs for R1C1_C
Generating focused traffic: Period 4.3134s
[INFO] Subscriptions active: 6 (traci, fast mode)
  [ACTION PPO] R1C1_C: a0=24% (176) a1=18% (132) a2=25% (181) a3=32% (231)
[INFO] Episode duration: 900s (15 min)

[DEBUG] 🎯 Célzott Forgalom Generálása (R1C1_C) | Period: 4.1771
Found 6 valid OD pairs for R1C1_C
Generating focused traffic: Period 4.1771s
[INFO] Subscriptions active: 6 (traci, fast mode)
  [ACTION PPO] R1C1_C: a0=21% (150) a1=20% (145) a2=23% (166) a3=36% (259)
[INFO] Episode duration: 2700s (45 min)

[DEBUG] 🎯 Célzott Forgalom Generálása (R1C1_C) | Period: 5.9575
Found 6 valid OD pairs for R1C1_C
Generating focused traffic: Period 5.9575s
[INFO] Subscriptions active: 6 (traci, fast mode)
  [ACTION PPO] R1C1_C: a0=21% (37) a1=19% (34) a2=25% (45) a3=36% (64)
[INFO] Episode duration: 3600s (60 min)

[DEBUG] 🎯 Célzott Forgalom Generálása (R1C1_C) | Period: 7.8194
Found 6 valid OD pairs for R1C1_C
Generating focused traffic: Period 7.8194s
[INFO] Subscriptions active: 6 (traci, fast mode)
  [ACTION PPO] R1C1_C: a0=24% (132) a1=16% (89) a2=26% (140) a3=33% (179)
[INFO] Episode duration: 2700s (45 min)

[DEBUG] 🎯 Célzott Forgalom Generálása (R1C1_C) | Period: 5.568
Found 6 valid OD pairs for R1C1_C
Generating focused traffic: Period 5.5680s
[INFO] Subscriptions active: 6 (traci, fast mode)
  [ACTION PPO] R1C1_C: a0=21% (149) a1=22% (157) a2=25% (183) a3=32% (231)
[INFO] Episode duration: 3600s (60 min)

[DEBUG] 🎯 Célzott Forgalom Generálása (R1C1_C) | Period: 6.0779
Found 6 valid OD pairs for R1C1_C
Generating focused traffic: Period 6.0779s
[INFO] Subscriptions active: 6 (traci, fast mode)
  [ACTION PPO] R1C1_C: a0=27% (146) a1=21% (111) a2=20% (110) a3=32% (173)
[INFO] Episode duration: 2700s (45 min)

[DEBUG] 🎯 Célzott Forgalom Generálása (R1C1_C) | Period: 5.1893
Found 6 valid OD pairs for R1C1_C
Generating focused traffic: Period 5.1893s
[INFO] Subscriptions active: 6 (traci, fast mode)
  [ACTION PPO] R1C1_C: a0=25% (182) a1=20% (143) a2=24% (173) a3=31% (222)
[INFO] Episode duration: 2700s (45 min)

[DEBUG] 🎯 Célzott Forgalom Generálása (R1C1_C) | Period: 7.8827
Found 6 valid OD pairs for R1C1_C
Generating focused traffic: Period 7.8827s
[INFO] Subscriptions active: 6 (traci, fast mode)
  [ACTION PPO] R1C1_C: a0=25% (133) a1=19% (102) a2=24% (130) a3=32% (175)
[INFO] Episode duration: 3600s (60 min)

[DEBUG] 🎯 Célzott Forgalom Generálása (R1C1_C) | Period: 7.5326
Found 6 valid OD pairs for R1C1_C
Generating focused traffic: Period 7.5326s
[INFO] Subscriptions active: 6 (traci, fast mode)
  [ACTION PPO] R1C1_C: a0=24% (127) a1=19% (101) a2=24% (130) a3=34% (182)
[INFO] Episode duration: 900s (15 min)

[DEBUG] 🎯 Célzott Forgalom Generálása (R1C1_C) | Period: 5.5582
Found 6 valid OD pairs for R1C1_C
Generating focused traffic: Period 5.5582s
[INFO] Subscriptions active: 6 (traci, fast mode)
  [ACTION PPO] R1C1_C: a0=22% (157) a1=20% (142) a2=25% (178) a3=34% (243)
[INFO] Episode duration: 900s (15 min)

[DEBUG] 🎯 Célzott Forgalom Generálása (R1C1_C) | Period: 7.9489
Found 6 valid OD pairs for R1C1_C
Generating focused traffic: Period 7.9489s
[INFO] Subscriptions active: 6 (traci, fast mode)
  [ACTION PPO] R1C1_C: a0=22% (40) a1=16% (29) a2=24% (43) a3=38% (68)
[INFO] Episode duration: 2700s (45 min)

[DEBUG] 🎯 Célzott Forgalom Generálása (R1C1_C) | Period: 6.5068
Found 6 valid OD pairs for R1C1_C
Generating focused traffic: Period 6.5068s
[INFO] Subscriptions active: 6 (traci, fast mode)
  [ACTION PPO] R1C1_C: a0=17% (30) a1=25% (45) a2=26% (47) a3=32% (58)
[INFO] Episode duration: 1800s (30 min)

[DEBUG] 🎯 Célzott Forgalom Generálása (R1C1_C) | Period: 7.2512
Found 6 valid OD pairs for R1C1_C
Generating focused traffic: Period 7.2512s
[INFO] Subscriptions active: 6 (traci, fast mode)
  [ACTION PPO] R1C1_C: a0=22% (120) a1=19% (100) a2=23% (122) a3=37% (198)
[INFO] Episode duration: 2700s (45 min)

[DEBUG] 🎯 Célzott Forgalom Generálása (R1C1_C) | Period: 6.6379
Found 6 valid OD pairs for R1C1_C
Generating focused traffic: Period 6.6379s
[INFO] Subscriptions active: 6 (traci, fast mode)
  [ACTION PPO] R1C1_C: a0=28% (99) a1=18% (63) a2=20% (72) a3=35% (126)
[INFO] Episode duration: 900s (15 min)

[DEBUG] 🎯 Célzott Forgalom Generálása (R1C1_C) | Period: 6.7937
Found 6 valid OD pairs for R1C1_C
Generating focused traffic: Period 6.7937s
[INFO] Subscriptions active: 6 (traci, fast mode)
  [ACTION PPO] R1C1_C: a0=25% (135) a1=17% (93) a2=26% (140) a3=32% (172)
[INFO] Episode duration: 900s (15 min)

[DEBUG] 🎯 Célzott Forgalom Generálása (R1C1_C) | Period: 4.5358
Found 6 valid OD pairs for R1C1_C
Generating focused traffic: Period 4.5358s
[INFO] Subscriptions active: 6 (traci, fast mode)
  [ACTION PPO] R1C1_C: a0=30% (54) a1=19% (34) a2=24% (44) a3=27% (48)
[INFO] Episode duration: 900s (15 min)

[DEBUG] 🎯 Célzott Forgalom Generálása (R1C1_C) | Period: 6.1612
Found 6 valid OD pairs for R1C1_C
Generating focused traffic: Period 6.1612s
[INFO] Subscriptions active: 6 (traci, fast mode)
  [ACTION PPO] R1C1_C: a0=24% (44) a1=20% (36) a2=28% (50) a3=28% (50)
[INFO] Episode duration: 3600s (60 min)

[DEBUG] 🎯 Célzott Forgalom Generálása (R1C1_C) | Period: 4.7551
Found 6 valid OD pairs for R1C1_C
Generating focused traffic: Period 4.7551s
[INFO] Subscriptions active: 6 (traci, fast mode)
  [ACTION PPO] R1C1_C: a0=28% (50) a1=13% (23) a2=21% (38) a3=38% (69)
[INFO] Episode duration: 1800s (30 min)

[DEBUG] 🎯 Célzott Forgalom Generálása (R1C1_C) | Period: 6.5555
Found 6 valid OD pairs for R1C1_C
Generating focused traffic: Period 6.5555s
[INFO] Subscriptions active: 6 (traci, fast mode)
  [ACTION PPO] R1C1_C: a0=27% (196) a1=16% (114) a2=25% (180) a3=32% (230)
[INFO] Episode duration: 900s (15 min)

[DEBUG] 🎯 Célzott Forgalom Generálása (R1C1_C) | Period: 7.3003
Found 6 valid OD pairs for R1C1_C
Generating focused traffic: Period 7.3003s
[INFO] Subscriptions active: 6 (traci, fast mode)
  [ACTION PPO] R1C1_C: a0=25% (89) a1=15% (54) a2=30% (109) a3=30% (108)
[INFO] Episode duration: 900s (15 min)

[DEBUG] 🎯 Célzott Forgalom Generálása (R1C1_C) | Period: 5.0244
Found 6 valid OD pairs for R1C1_C
Generating focused traffic: Period 5.0244s
[INFO] Subscriptions active: 6 (traci, fast mode)
  [ACTION PPO] R1C1_C: a0=23% (42) a1=18% (32) a2=26% (47) a3=33% (59)
[INFO] Episode duration: 1800s (30 min)

[DEBUG] 🎯 Célzott Forgalom Generálása (R1C1_C) | Period: 7.3255
Found 6 valid OD pairs for R1C1_C
Generating focused traffic: Period 7.3255s
[INFO] Subscriptions active: 6 (traci, fast mode)
  [ACTION PPO] R1C1_C: a0=31% (56) a1=10% (18) a2=28% (50) a3=31% (56)
[INFO] Episode duration: 3600s (60 min)

[DEBUG] 🎯 Célzott Forgalom Generálása (R1C1_C) | Period: 4.8952
Found 6 valid OD pairs for R1C1_C
Generating focused traffic: Period 4.8952s
[INFO] Subscriptions active: 6 (traci, fast mode)
  [ACTION PPO] R1C1_C: a0=26% (95) a1=24% (85) a2=20% (72) a3=30% (108)
[INFO] Episode duration: 1800s (30 min)

[DEBUG] 🎯 Célzott Forgalom Generálása (R1C1_C) | Period: 4.8725
Found 6 valid OD pairs for R1C1_C
Generating focused traffic: Period 4.8725s
[INFO] Subscriptions active: 6 (traci, fast mode)
  [ACTION PPO] R1C1_C: a0=29% (209) a1=17% (123) a2=25% (183) a3=28% (205)
[INFO] Episode duration: 2700s (45 min)

[DEBUG] 🎯 Célzott Forgalom Generálása (R1C1_C) | Period: 4.6436
Found 6 valid OD pairs for R1C1_C
Generating focused traffic: Period 4.6436s
[INFO] Subscriptions active: 6 (traci, fast mode)
  [ACTION PPO] R1C1_C: a0=27% (98) a1=18% (65) a2=25% (89) a3=30% (108)
[INFO] Episode duration: 3600s (60 min)

[DEBUG] 🎯 Célzott Forgalom Generálása (R1C1_C) | Period: 5.6176
Found 6 valid OD pairs for R1C1_C
Generating focused traffic: Period 5.6176s
[INFO] Subscriptions active: 6 (traci, fast mode)
  [ACTION PPO] R1C1_C: a0=33% (179) a1=15% (81) a2=27% (144) a3=25% (136)
[INFO] Episode duration: 3600s (60 min)

[DEBUG] 🎯 Célzott Forgalom Generálása (R1C1_C) | Period: 6.1863
Found 6 valid OD pairs for R1C1_C
Generating focused traffic: Period 6.1863s
[INFO] Subscriptions active: 6 (traci, fast mode)
  [ACTION PPO] R1C1_C: a0=32% (228) a1=14% (103) a2=27% (194) a3=27% (195)
------------------------------------------
| rollout/                |              |
|    ep_len_mean          | 446          |
|    ep_rew_mean          | 51.8         |
| time/                   |              |
|    fps                  | 79           |
|    iterations           | 30           |
|    time_elapsed         | 769          |
|    total_timesteps      | 61440        |
| train/                  |              |
|    approx_kl            | 0.0016867162 |
|    clip_fraction        | 0            |
|    clip_range           | 0.2          |
|    entropy_loss         | -1.35        |
|    explained_variance   | 0.0173       |
|    learning_rate        | 0.0001       |
|    loss                 | 0.102        |
|    n_updates            | 290          |
|    policy_gradient_loss | -0.00114     |
|    value_loss           | 2.01         |
------------------------------------------
[INFO] Episode duration: 2700s (45 min)

[DEBUG] 🎯 Célzott Forgalom Generálása (R1C1_C) | Period: 4.3807
Found 6 valid OD pairs for R1C1_C
Generating focused traffic: Period 4.3807s
[INFO] Subscriptions active: 6 (traci, fast mode)
  [ACTION PPO] R1C1_C: a0=30% (213) a1=18% (127) a2=26% (186) a3=27% (194)
[INFO] Episode duration: 900s (15 min)

[DEBUG] 🎯 Célzott Forgalom Generálása (R1C1_C) | Period: 4.6264
Found 6 valid OD pairs for R1C1_C
Generating focused traffic: Period 4.6264s
[INFO] Subscriptions active: 6 (traci, fast mode)
  [ACTION PPO] R1C1_C: a0=28% (153) a1=16% (87) a2=28% (152) a3=27% (148)
[INFO] Episode duration: 3600s (60 min)

[DEBUG] 🎯 Célzott Forgalom Generálása (R1C1_C) | Period: 6.6116
Found 6 valid OD pairs for R1C1_C
Generating focused traffic: Period 6.6116s
[INFO] Subscriptions active: 6 (traci, fast mode)
  [ACTION PPO] R1C1_C: a0=27% (48) a1=18% (33) a2=30% (54) a3=25% (45)
[INFO] Episode duration: 3600s (60 min)

[DEBUG] 🎯 Célzott Forgalom Generálása (R1C1_C) | Period: 7.2466
Found 6 valid OD pairs for R1C1_C
Generating focused traffic: Period 7.2466s
[INFO] Subscriptions active: 6 (traci, fast mode)
  [ACTION PPO] R1C1_C: a0=28% (203) a1=16% (113) a2=27% (192) a3=29% (212)
[INFO] Episode duration: 2700s (45 min)

[DEBUG] 🎯 Célzott Forgalom Generálása (R1C1_C) | Period: 7.0705
Found 6 valid OD pairs for R1C1_C
Generating focused traffic: Period 7.0705s
[INFO] Subscriptions active: 6 (traci, fast mode)
  [ACTION PPO] R1C1_C: a0=26% (188) a1=15% (108) a2=30% (215) a3=29% (209)
[INFO] Episode duration: 1800s (30 min)

[DEBUG] 🎯 Célzott Forgalom Generálása (R1C1_C) | Period: 4.2627
Found 6 valid OD pairs for R1C1_C
Generating focused traffic: Period 4.2627s
[INFO] Subscriptions active: 6 (traci, fast mode)
  [ACTION PPO] R1C1_C: a0=26% (141) a1=17% (94) a2=29% (159) a3=27% (146)
[INFO] Episode duration: 3600s (60 min)

[DEBUG] 🎯 Célzott Forgalom Generálása (R1C1_C) | Period: 5.382
Found 6 valid OD pairs for R1C1_C
Generating focused traffic: Period 5.3820s
[INFO] Subscriptions active: 6 (traci, fast mode)
  [ACTION PPO] R1C1_C: a0=35% (125) a1=13% (47) a2=26% (94) a3=26% (94)
[INFO] Episode duration: 900s (15 min)

[DEBUG] 🎯 Célzott Forgalom Generálása (R1C1_C) | Period: 4.7932
Found 6 valid OD pairs for R1C1_C
Generating focused traffic: Period 4.7932s
[INFO] Subscriptions active: 6 (traci, fast mode)
  [ACTION PPO] R1C1_C: a0=31% (222) a1=18% (133) a2=22% (162) a3=28% (203)
[INFO] Episode duration: 2700s (45 min)

[DEBUG] 🎯 Célzott Forgalom Generálása (R1C1_C) | Period: 7.4424
Found 6 valid OD pairs for R1C1_C
Generating focused traffic: Period 7.4424s
[INFO] Subscriptions active: 6 (traci, fast mode)
  [ACTION PPO] R1C1_C: a0=34% (62) a1=14% (25) a2=29% (52) a3=23% (41)
[INFO] Episode duration: 1800s (30 min)

[DEBUG] 🎯 Célzott Forgalom Generálása (R1C1_C) | Period: 5.6367
Found 6 valid OD pairs for R1C1_C
Generating focused traffic: Period 5.6367s
[INFO] Subscriptions active: 6 (traci, fast mode)
  [ACTION PPO] R1C1_C: a0=26% (139) a1=17% (91) a2=29% (158) a3=28% (152)
[INFO] Episode duration: 2700s (45 min)

[DEBUG] 🎯 Célzott Forgalom Generálása (R1C1_C) | Period: 4.6085
Found 6 valid OD pairs for R1C1_C
Generating focused traffic: Period 4.6085s
[INFO] Subscriptions active: 6 (traci, fast mode)
  [ACTION PPO] R1C1_C: a0=31% (111) a1=17% (61) a2=30% (109) a3=22% (79)
[INFO] Episode duration: 3600s (60 min)

[DEBUG] 🎯 Célzott Forgalom Generálása (R1C1_C) | Period: 6.6286
Found 6 valid OD pairs for R1C1_C
Generating focused traffic: Period 6.6286s
[INFO] Subscriptions active: 6 (traci, fast mode)
  [ACTION PPO] R1C1_C: a0=34% (185) a1=18% (98) a2=27% (145) a3=21% (112)
[INFO] Episode duration: 1800s (30 min)

[DEBUG] 🎯 Célzott Forgalom Generálása (R1C1_C) | Period: 6.9849
Found 6 valid OD pairs for R1C1_C
Generating focused traffic: Period 6.9849s
[INFO] Subscriptions active: 6 (traci, fast mode)
  [ACTION PPO] R1C1_C: a0=26% (186) a1=18% (131) a2=32% (228) a3=24% (175)
[INFO] Episode duration: 3600s (60 min)

[DEBUG] 🎯 Célzott Forgalom Generálása (R1C1_C) | Period: 4.4736
Found 6 valid OD pairs for R1C1_C
Generating focused traffic: Period 4.4736s
[INFO] Subscriptions active: 6 (traci, fast mode)
  [ACTION PPO] R1C1_C: a0=30% (107) a1=18% (63) a2=33% (120) a3=19% (70)
[INFO] Episode duration: 2700s (45 min)

[DEBUG] 🎯 Célzott Forgalom Generálása (R1C1_C) | Period: 7.1766
Found 6 valid OD pairs for R1C1_C
Generating focused traffic: Period 7.1766s
[INFO] Subscriptions active: 6 (traci, fast mode)
  [ACTION PPO] R1C1_C: a0=34% (242) a1=15% (110) a2=29% (206) a3=22% (162)
[INFO] Episode duration: 3600s (60 min)

[DEBUG] 🎯 Célzott Forgalom Generálása (R1C1_C) | Period: 4.6603
Found 6 valid OD pairs for R1C1_C
Generating focused traffic: Period 4.6603s
[INFO] Subscriptions active: 6 (traci, fast mode)
  [ACTION PPO] R1C1_C: a0=27% (147) a1=18% (95) a2=32% (171) a3=24% (127)
[INFO] Episode duration: 2700s (45 min)

[DEBUG] 🎯 Célzott Forgalom Generálása (R1C1_C) | Period: 4.9322
Found 6 valid OD pairs for R1C1_C
Generating focused traffic: Period 4.9322s
[INFO] Subscriptions active: 6 (traci, fast mode)
  [ACTION PPO] R1C1_C: a0=31% (220) a1=13% (96) a2=33% (239) a3=23% (165)
[INFO] Episode duration: 900s (15 min)

[DEBUG] 🎯 Célzott Forgalom Generálása (R1C1_C) | Period: 6.6042
Found 6 valid OD pairs for R1C1_C
Generating focused traffic: Period 6.6042s
[INFO] Subscriptions active: 6 (traci, fast mode)
  [ACTION PPO] R1C1_C: a0=28% (153) a1=14% (74) a2=33% (180) a3=25% (133)
[INFO] Episode duration: 1800s (30 min)

[DEBUG] 🎯 Célzott Forgalom Generálása (R1C1_C) | Period: 5.325
Found 6 valid OD pairs for R1C1_C
Generating focused traffic: Period 5.3250s
[INFO] Subscriptions active: 6 (traci, fast mode)
  [ACTION PPO] R1C1_C: a0=32% (58) a1=16% (29) a2=30% (54) a3=22% (39)
[INFO] Episode duration: 3600s (60 min)

[DEBUG] 🎯 Célzott Forgalom Generálása (R1C1_C) | Period: 5.9784
Found 6 valid OD pairs for R1C1_C
Generating focused traffic: Period 5.9784s
[INFO] Subscriptions active: 6 (traci, fast mode)
  [ACTION PPO] R1C1_C: a0=35% (127) a1=18% (65) a2=26% (92) a3=21% (76)
[INFO] Episode duration: 3600s (60 min)

[DEBUG] 🎯 Célzott Forgalom Generálása (R1C1_C) | Period: 6.9639
Found 6 valid OD pairs for R1C1_C
Generating focused traffic: Period 6.9639s
[INFO] Subscriptions active: 6 (traci, fast mode)
  [ACTION PPO] R1C1_C: a0=28% (205) a1=18% (130) a2=31% (224) a3=22% (161)
[INFO] Episode duration: 900s (15 min)

[DEBUG] 🎯 Célzott Forgalom Generálása (R1C1_C) | Period: 6.1494
Found 6 valid OD pairs for R1C1_C
Generating focused traffic: Period 6.1494s
[INFO] Subscriptions active: 6 (traci, fast mode)
  [ACTION PPO] R1C1_C: a0=29% (207) a1=17% (120) a2=30% (215) a3=25% (178)
[INFO] Episode duration: 900s (15 min)

[DEBUG] 🎯 Célzott Forgalom Generálása (R1C1_C) | Period: 7.2118
Found 6 valid OD pairs for R1C1_C
Generating focused traffic: Period 7.2118s
[INFO] Subscriptions active: 6 (traci, fast mode)
  [ACTION PPO] R1C1_C: a0=32% (57) a1=18% (33) a2=29% (52) a3=21% (38)
[INFO] Episode duration: 900s (15 min)

[DEBUG] 🎯 Célzott Forgalom Generálása (R1C1_C) | Period: 7.6445
Found 6 valid OD pairs for R1C1_C
Generating focused traffic: Period 7.6445s
[INFO] Subscriptions active: 6 (traci, fast mode)
  [ACTION PPO] R1C1_C: a0=32% (57) a1=13% (24) a2=36% (64) a3=19% (35)
[INFO] Episode duration: 3600s (60 min)

[DEBUG] 🎯 Célzott Forgalom Generálása (R1C1_C) | Period: 5.5344
Found 6 valid OD pairs for R1C1_C
Generating focused traffic: Period 5.5344s
[INFO] Subscriptions active: 6 (traci, fast mode)
  [ACTION PPO] R1C1_C: a0=28% (50) a1=14% (25) a2=30% (54) a3=28% (51)
[INFO] Episode duration: 3600s (60 min)

[DEBUG] 🎯 Célzott Forgalom Generálása (R1C1_C) | Period: 5.5971
Found 6 valid OD pairs for R1C1_C
Generating focused traffic: Period 5.5971s
[INFO] Subscriptions active: 6 (traci, fast mode)
  [ACTION PPO] R1C1_C: a0=31% (224) a1=14% (101) a2=32% (232) a3=23% (163)
[INFO] Episode duration: 900s (15 min)

[DEBUG] 🎯 Célzott Forgalom Generálása (R1C1_C) | Period: 5.2659
Found 6 valid OD pairs for R1C1_C
Generating focused traffic: Period 5.2659s
[INFO] Subscriptions active: 6 (traci, fast mode)
  [ACTION PPO] R1C1_C: a0=30% (217) a1=15% (105) a2=32% (227) a3=24% (171)
[INFO] Episode duration: 2700s (45 min)

[DEBUG] 🎯 Célzott Forgalom Generálása (R1C1_C) | Period: 6.4551
Found 6 valid OD pairs for R1C1_C
Generating focused traffic: Period 6.4551s
[INFO] Subscriptions active: 6 (traci, fast mode)
  [ACTION PPO] R1C1_C: a0=26% (47) a1=18% (32) a2=30% (54) a3=26% (47)
[INFO] Episode duration: 3600s (60 min)

[DEBUG] 🎯 Célzott Forgalom Generálása (R1C1_C) | Period: 4.7703
Found 6 valid OD pairs for R1C1_C
Generating focused traffic: Period 4.7703s
[INFO] Subscriptions active: 6 (traci, fast mode)
  [ACTION PPO] R1C1_C: a0=31% (169) a1=13% (69) a2=33% (179) a3=23% (123)
[INFO] Episode duration: 900s (15 min)

[DEBUG] 🎯 Célzott Forgalom Generálása (R1C1_C) | Period: 4.3543
Found 6 valid OD pairs for R1C1_C
Generating focused traffic: Period 4.3543s
[INFO] Subscriptions active: 6 (traci, fast mode)
  [ACTION PPO] R1C1_C: a0=32% (232) a1=12% (83) a2=31% (220) a3=26% (185)
[INFO] Episode duration: 900s (15 min)

[DEBUG] 🎯 Célzott Forgalom Generálása (R1C1_C) | Period: 6.9443
Found 6 valid OD pairs for R1C1_C
Generating focused traffic: Period 6.9443s
[INFO] Subscriptions active: 6 (traci, fast mode)
  [ACTION PPO] R1C1_C: a0=29% (53) a1=12% (22) a2=34% (61) a3=24% (44)
[INFO] Episode duration: 3600s (60 min)

[DEBUG] 🎯 Célzott Forgalom Generálása (R1C1_C) | Period: 4.2905
Found 6 valid OD pairs for R1C1_C
Generating focused traffic: Period 4.2905s
[INFO] Subscriptions active: 6 (traci, fast mode)
  [ACTION PPO] R1C1_C: a0=24% (44) a1=9% (16) a2=33% (60) a3=33% (60)
[INFO] Episode duration: 3600s (60 min)

[DEBUG] 🎯 Célzott Forgalom Generálása (R1C1_C) | Period: 4.4064
Found 6 valid OD pairs for R1C1_C
Generating focused traffic: Period 4.4064s
[INFO] Subscriptions active: 6 (traci, fast mode)
  [ACTION PPO] R1C1_C: a0=26% (187) a1=12% (85) a2=34% (248) a3=28% (200)
[INFO] Episode duration: 3600s (60 min)

[DEBUG] 🎯 Célzott Forgalom Generálása (R1C1_C) | Period: 7.0071
Found 6 valid OD pairs for R1C1_C
Generating focused traffic: Period 7.0071s
[INFO] Subscriptions active: 6 (traci, fast mode)
  [ACTION PPO] R1C1_C: a0=34% (246) a1=10% (74) a2=29% (207) a3=27% (193)
[INFO] Episode duration: 2700s (45 min)

[DEBUG] 🎯 Célzott Forgalom Generálása (R1C1_C) | Period: 7.2317
Found 6 valid OD pairs for R1C1_C
Generating focused traffic: Period 7.2317s
[INFO] Subscriptions active: 6 (traci, fast mode)
  [ACTION PPO] R1C1_C: a0=25% (178) a1=13% (94) a2=35% (249) a3=28% (199)
[INFO] Episode duration: 2700s (45 min)

[DEBUG] 🎯 Célzott Forgalom Generálása (R1C1_C) | Period: 7.6172
Found 6 valid OD pairs for R1C1_C
Generating focused traffic: Period 7.6172s
[INFO] Subscriptions active: 6 (traci, fast mode)
  [ACTION PPO] R1C1_C: a0=26% (138) a1=13% (68) a2=34% (181) a3=28% (153)
[INFO] Episode duration: 1800s (30 min)

[DEBUG] 🎯 Célzott Forgalom Generálása (R1C1_C) | Period: 5.9359
Found 6 valid OD pairs for R1C1_C
Generating focused traffic: Period 5.9359s
[INFO] Subscriptions active: 6 (traci, fast mode)
  [ACTION PPO] R1C1_C: a0=26% (138) a1=15% (80) a2=34% (181) a3=26% (141)
[INFO] Episode duration: 900s (15 min)

[DEBUG] 🎯 Célzott Forgalom Generálása (R1C1_C) | Period: 4.6994
Found 6 valid OD pairs for R1C1_C
Generating focused traffic: Period 4.6994s
[INFO] Subscriptions active: 6 (traci, fast mode)
  [ACTION PPO] R1C1_C: a0=31% (112) a1=12% (43) a2=35% (125) a3=22% (80)
[INFO] Episode duration: 1800s (30 min)

[DEBUG] 🎯 Célzott Forgalom Generálása (R1C1_C) | Period: 7.599
Found 6 valid OD pairs for R1C1_C
Generating focused traffic: Period 7.5990s
[INFO] Subscriptions active: 6 (traci, fast mode)
  [ACTION PPO] R1C1_C: a0=33% (60) a1=12% (22) a2=31% (55) a3=24% (43)
[INFO] Episode duration: 900s (15 min)

[DEBUG] 🎯 Célzott Forgalom Generálása (R1C1_C) | Period: 4.7915
Found 6 valid OD pairs for R1C1_C
Generating focused traffic: Period 4.7915s
[INFO] Subscriptions active: 6 (traci, fast mode)
  [ACTION PPO] R1C1_C: a0=25% (90) a1=13% (47) a2=33% (119) a3=29% (104)
[INFO] Episode duration: 900s (15 min)

[DEBUG] 🎯 Célzott Forgalom Generálása (R1C1_C) | Period: 6.7408
Found 6 valid OD pairs for R1C1_C
Generating focused traffic: Period 6.7408s
[INFO] Subscriptions active: 6 (traci, fast mode)
  [ACTION PPO] R1C1_C: a0=31% (55) a1=16% (29) a2=28% (51) a3=25% (45)
[INFO] Episode duration: 2700s (45 min)

[DEBUG] 🎯 Célzott Forgalom Generálása (R1C1_C) | Period: 4.678
Found 6 valid OD pairs for R1C1_C
Generating focused traffic: Period 4.6780s
[INFO] Subscriptions active: 6 (traci, fast mode)
  [ACTION PPO] R1C1_C: a0=26% (46) a1=18% (32) a2=32% (57) a3=25% (45)
[INFO] Episode duration: 2700s (45 min)

[DEBUG] 🎯 Célzott Forgalom Generálása (R1C1_C) | Period: 6.1998
Found 6 valid OD pairs for R1C1_C
Generating focused traffic: Period 6.1998s
[INFO] Subscriptions active: 6 (traci, fast mode)
  [ACTION PPO] R1C1_C: a0=29% (154) a1=10% (52) a2=38% (206) a3=24% (128)
------------------------------------------
| rollout/                |              |
|    ep_len_mean          | 464          |
|    ep_rew_mean          | 56           |
| time/                   |              |
|    fps                  | 80           |
|    iterations           | 40           |
|    time_elapsed         | 1023         |
|    total_timesteps      | 81920        |
| train/                  |              |
|    approx_kl            | 0.0010565284 |
|    clip_fraction        | 0            |
|    clip_range           | 0.2          |
|    entropy_loss         | -1.3         |
|    explained_variance   | 0.0219       |
|    learning_rate        | 0.0001       |
|    loss                 | 0.146        |
|    n_updates            | 390          |
|    policy_gradient_loss | -0.00117     |
|    value_loss           | 1.53         |
------------------------------------------
[INFO] Episode duration: 3600s (60 min)

[DEBUG] 🎯 Célzott Forgalom Generálása (R1C1_C) | Period: 6.117
Found 6 valid OD pairs for R1C1_C
Generating focused traffic: Period 6.1170s
[INFO] Subscriptions active: 6 (traci, fast mode)
  [ACTION PPO] R1C1_C: a0=29% (156) a1=13% (72) a2=32% (174) a3=26% (138)
[INFO] Episode duration: 3600s (60 min)

[DEBUG] 🎯 Célzott Forgalom Generálása (R1C1_C) | Period: 6.5624
Found 6 valid OD pairs for R1C1_C
Generating focused traffic: Period 6.5624s
[INFO] Subscriptions active: 6 (traci, fast mode)
  [ACTION PPO] R1C1_C: a0=27% (195) a1=13% (93) a2=33% (241) a3=27% (191)
[INFO] Episode duration: 2700s (45 min)

[DEBUG] 🎯 Célzott Forgalom Generálása (R1C1_C) | Period: 5.853
Found 6 valid OD pairs for R1C1_C
Generating focused traffic: Period 5.8530s
[INFO] Subscriptions active: 6 (traci, fast mode)
  [ACTION PPO] R1C1_C: a0=26% (187) a1=16% (114) a2=31% (221) a3=28% (198)
[INFO] Episode duration: 3600s (60 min)

[DEBUG] 🎯 Célzott Forgalom Generálása (R1C1_C) | Period: 7.8816
Found 6 valid OD pairs for R1C1_C
Generating focused traffic: Period 7.8816s
[INFO] Subscriptions active: 6 (traci, fast mode)
  [ACTION PPO] R1C1_C: a0=24% (131) a1=11% (61) a2=37% (202) a3=27% (146)
[INFO] Episode duration: 3600s (60 min)

[DEBUG] 🎯 Célzott Forgalom Generálása (R1C1_C) | Period: 5.6914
Found 6 valid OD pairs for R1C1_C
Generating focused traffic: Period 5.6914s
[INFO] Subscriptions active: 6 (traci, fast mode)
  [ACTION PPO] R1C1_C: a0=21% (148) a1=14% (100) a2=41% (292) a3=25% (180)
[INFO] Episode duration: 2700s (45 min)

[DEBUG] 🎯 Célzott Forgalom Generálása (R1C1_C) | Period: 4.35
Found 6 valid OD pairs for R1C1_C
Generating focused traffic: Period 4.3500s
[INFO] Subscriptions active: 6 (traci, fast mode)
  [ACTION PPO] R1C1_C: a0=25% (178) a1=11% (77) a2=38% (276) a3=26% (189)
[INFO] Episode duration: 900s (15 min)

[DEBUG] 🎯 Célzott Forgalom Generálása (R1C1_C) | Period: 7.0571
Found 6 valid OD pairs for R1C1_C
Generating focused traffic: Period 7.0571s
[INFO] Subscriptions active: 6 (traci, fast mode)
  [ACTION PPO] R1C1_C: a0=28% (151) a1=12% (65) a2=41% (219) a3=19% (105)
[INFO] Episode duration: 2700s (45 min)

[DEBUG] 🎯 Célzott Forgalom Generálása (R1C1_C) | Period: 4.6719
Found 6 valid OD pairs for R1C1_C
Generating focused traffic: Period 4.6719s
[INFO] Subscriptions active: 6 (traci, fast mode)
  [ACTION PPO] R1C1_C: a0=28% (50) a1=16% (29) a2=34% (62) a3=22% (39)
[INFO] Episode duration: 900s (15 min)

[DEBUG] 🎯 Célzott Forgalom Generálása (R1C1_C) | Period: 7.1833
Found 6 valid OD pairs for R1C1_C
Generating focused traffic: Period 7.1833s
[INFO] Subscriptions active: 6 (traci, fast mode)
  [ACTION PPO] R1C1_C: a0=29% (154) a1=10% (52) a2=36% (192) a3=26% (142)
[INFO] Episode duration: 3600s (60 min)

[DEBUG] 🎯 Célzott Forgalom Generálása (R1C1_C) | Period: 6.7789
Found 6 valid OD pairs for R1C1_C
Generating focused traffic: Period 6.7789s
[INFO] Subscriptions active: 6 (traci, fast mode)
  [ACTION PPO] R1C1_C: a0=16% (28) a1=13% (23) a2=44% (79) a3=28% (50)
[INFO] Episode duration: 1800s (30 min)

[DEBUG] 🎯 Célzott Forgalom Generálása (R1C1_C) | Period: 6.6635
Found 6 valid OD pairs for R1C1_C
Generating focused traffic: Period 6.6635s
[INFO] Subscriptions active: 6 (traci, fast mode)
  [ACTION PPO] R1C1_C: a0=24% (171) a1=14% (98) a2=37% (269) a3=25% (182)
[INFO] Episode duration: 1800s (30 min)

[DEBUG] 🎯 Célzott Forgalom Generálása (R1C1_C) | Period: 4.5929
Found 6 valid OD pairs for R1C1_C
Generating focused traffic: Period 4.5929s
[INFO] Subscriptions active: 6 (traci, fast mode)
  [ACTION PPO] R1C1_C: a0=28% (99) a1=11% (40) a2=38% (135) a3=24% (86)
[INFO] Episode duration: 900s (15 min)

[DEBUG] 🎯 Célzott Forgalom Generálása (R1C1_C) | Period: 7.6157
Found 6 valid OD pairs for R1C1_C
Generating focused traffic: Period 7.6157s
[INFO] Subscriptions active: 6 (traci, fast mode)
  [ACTION PPO] R1C1_C: a0=32% (116) a1=10% (36) a2=33% (119) a3=25% (89)
[INFO] Episode duration: 1800s (30 min)

[DEBUG] 🎯 Célzott Forgalom Generálása (R1C1_C) | Period: 6.5431
Found 6 valid OD pairs for R1C1_C
Generating focused traffic: Period 6.5431s
[INFO] Subscriptions active: 6 (traci, fast mode)
  [ACTION PPO] R1C1_C: a0=29% (53) a1=16% (28) a2=29% (53) a3=26% (46)
[INFO] Episode duration: 1800s (30 min)

[DEBUG] 🎯 Célzott Forgalom Generálása (R1C1_C) | Period: 4.3623
Found 6 valid OD pairs for R1C1_C
Generating focused traffic: Period 4.3623s
[INFO] Subscriptions active: 6 (traci, fast mode)
  [ACTION PPO] R1C1_C: a0=28% (102) a1=9% (34) a2=39% (140) a3=23% (84)
[INFO] Episode duration: 2700s (45 min)

[DEBUG] 🎯 Célzott Forgalom Generálása (R1C1_C) | Period: 4.1322
Found 6 valid OD pairs for R1C1_C
Generating focused traffic: Period 4.1322s
[INFO] Subscriptions active: 6 (traci, fast mode)
  [ACTION PPO] R1C1_C: a0=31% (111) a1=11% (38) a2=35% (126) a3=24% (85)
[INFO] Episode duration: 3600s (60 min)

[DEBUG] 🎯 Célzott Forgalom Generálása (R1C1_C) | Period: 7.7328
Found 6 valid OD pairs for R1C1_C
Generating focused traffic: Period 7.7328s
[INFO] Subscriptions active: 6 (traci, fast mode)
  [ACTION PPO] R1C1_C: a0=37% (198) a1=9% (47) a2=34% (185) a3=20% (110)
[INFO] Episode duration: 2700s (45 min)

[DEBUG] 🎯 Célzott Forgalom Generálása (R1C1_C) | Period: 4.9773
Found 6 valid OD pairs for R1C1_C
Generating focused traffic: Period 4.9773s
[INFO] Subscriptions active: 6 (traci, fast mode)
  [ACTION PPO] R1C1_C: a0=26% (184) a1=13% (96) a2=38% (276) a3=23% (164)
[INFO] Episode duration: 2700s (45 min)

[DEBUG] 🎯 Célzott Forgalom Generálása (R1C1_C) | Period: 4.3259
Found 6 valid OD pairs for R1C1_C
Generating focused traffic: Period 4.3259s
[INFO] Subscriptions active: 6 (traci, fast mode)
  [ACTION PPO] R1C1_C: a0=26% (143) a1=11% (61) a2=36% (194) a3=26% (142)
[INFO] Episode duration: 900s (15 min)

[DEBUG] 🎯 Célzott Forgalom Generálása (R1C1_C) | Period: 4.6353
Found 6 valid OD pairs for R1C1_C
Generating focused traffic: Period 4.6353s
[INFO] Subscriptions active: 6 (traci, fast mode)
  [ACTION PPO] R1C1_C: a0=29% (158) a1=11% (61) a2=38% (207) a3=21% (114)
[INFO] Episode duration: 1800s (30 min)

[DEBUG] 🎯 Célzott Forgalom Generálása (R1C1_C) | Period: 7.0226
Found 6 valid OD pairs for R1C1_C
Generating focused traffic: Period 7.0226s
[INFO] Subscriptions active: 6 (traci, fast mode)
  [ACTION PPO] R1C1_C: a0=29% (52) a1=9% (16) a2=35% (63) a3=27% (49)
[INFO] Episode duration: 2700s (45 min)

[DEBUG] 🎯 Célzott Forgalom Generálása (R1C1_C) | Period: 7.3276
Found 6 valid OD pairs for R1C1_C
Generating focused traffic: Period 7.3276s
[INFO] Subscriptions active: 6 (traci, fast mode)
  [ACTION PPO] R1C1_C: a0=27% (96) a1=12% (43) a2=35% (127) a3=26% (94)
[INFO] Episode duration: 900s (15 min)

[DEBUG] 🎯 Célzott Forgalom Generálása (R1C1_C) | Period: 5.4066
Found 6 valid OD pairs for R1C1_C
Generating focused traffic: Period 5.4066s
[INFO] Subscriptions active: 6 (traci, fast mode)
  [ACTION PPO] R1C1_C: a0=26% (138) a1=11% (61) a2=39% (212) a3=24% (129)
[INFO] Episode duration: 1800s (30 min)

[DEBUG] 🎯 Célzott Forgalom Generálása (R1C1_C) | Period: 5.9457
Found 6 valid OD pairs for R1C1_C
Generating focused traffic: Period 5.9457s
[INFO] Subscriptions active: 6 (traci, fast mode)
  [ACTION PPO] R1C1_C: a0=32% (58) a1=8% (15) a2=44% (80) a3=15% (27)
[INFO] Episode duration: 1800s (30 min)

[DEBUG] 🎯 Célzott Forgalom Generálása (R1C1_C) | Period: 4.1017
Found 6 valid OD pairs for R1C1_C
Generating focused traffic: Period 4.1017s
[INFO] Subscriptions active: 6 (traci, fast mode)
  [ACTION PPO] R1C1_C: a0=30% (109) a1=11% (40) a2=35% (126) a3=24% (85)
[INFO] Episode duration: 3600s (60 min)

[DEBUG] 🎯 Célzott Forgalom Generálása (R1C1_C) | Period: 4.2663
Found 6 valid OD pairs for R1C1_C
Generating focused traffic: Period 4.2663s
[INFO] Subscriptions active: 6 (traci, fast mode)
  [ACTION PPO] R1C1_C: a0=39% (139) a1=10% (37) a2=31% (113) a3=20% (71)
[INFO] Episode duration: 3600s (60 min)

[DEBUG] 🎯 Célzott Forgalom Generálása (R1C1_C) | Period: 4.4206
wandb: WARNING Symlinked 1 file into the W&B run directory; call wandb.save again to sync new files.
/Users/wagnertamas/Documents/Munka/cikkek/AI_agens_konyvtar/support/intergreen_matrix_calculator/rl_trainer.py:992: UserWarning: Exporting a model while it is in training mode. Please ensure that this is intended, as it may lead to different behavior during inference. Calling model.eval() before export is recommended.
  torch.onnx.export(
/Users/wagnertamas/Documents/Munka/cikkek/AI_agens_konyvtar/support/intergreen_matrix_calculator/rl_trainer.py:992: UserWarning: # 'dynamic_axes' is not recommended when dynamo=True, and may lead to 'torch._dynamo.exc.UserError: Constraints violated.' Supply the 'dynamic_shapes' argument instead if export is unsuccessful.
  torch.onnx.export(
wandb: updating run metadata
wandb: uploading config.yaml; uploading pytorch_models/R1C1_C.zip; uploading output.log
wandb: 
wandb: Run history:
wandb:         R1C1_C/action_pct/phase_0 ▅▅▃▄▂▁▂▂▂▂▁▁▂▂▂▄▄▄▃▄▃▄▄▂▆▅▇▆▅▆▇▅▇▄▅▅█▅▇▅
wandb:         R1C1_C/action_pct/phase_1 ███▇█▇▅▆▆▆▇▆▃▄▇▇▆▅▆▆▅▅▆▅▅▆▅█▄▃▃▄▃▂▃▃▁▂▁▂
wandb:         R1C1_C/action_pct/phase_2 ▃▃▁▁▂▃▃▃▂▂▂▂▃▂▃▃▃▂▃▃▃▃▃▃▃▃▄▄▅▄▄▅▅▆▇▆█▅▄▄
wandb:         R1C1_C/action_pct/phase_3 ▃▂▃▃▅▆▇▇▆▇▇▅██▇▅▆▆▆▃▃▃▄▃▃▂▂▂▃▃▃▃▃▂▂▂▃▁▂▃
wandb:         R1C1_C/train/entropy_loss ▁▁▂▂▂▄▄▄▅▄▅▄▄▄▃▂▂▂▂▂▂▂▂▂▂▂▂▂▂▃▃▄▄▅▅▆▇▇█▇
wandb:        R1C1_C/train/learning_rate ▁▁▁▁▁▁▁▁▁▁▁▁▁▁▁▁▁▁▁▁▁▁▁▁▁▁▁▁▁▁▁▁▁▁▁▁▁▁▁▁
wandb:                 R1C1_C/train/loss ▂▂▂▂▃▃▂▁▁▁▂▃▃▄▄▄▂▂▂▁▁▁▁▁▃▆▆▄▃▃▁▁▆▁██▄▂▂▃
wandb: R1C1_C/train/policy_gradient_loss ▅▅▃▇▆▁▁▅█▅▄▇█▆▆▅▇▇▇▇▇█▇▆▆▆▇▇▃▃█▆▅▅█▃▆▄▇▇
wandb:           R1C1_C/train/value_loss ▃▃▄▃▃▂▂▁▁▂▄▄▄▂▂▂▁▄▄▁▆▃▁▅▆▂▂▂▂▂▃▃▂▂▂▃▆█▄▄
wandb:                        avg_reward ▄▁▂▃▅█▇▄▂▂▃▂▃▃▂▁▃▁▃▅▂▃▄▂▂▅▄▂▃▂▂▂▂▃▃▇▂▄▅█
wandb:                                +9 ...
wandb: 
wandb: Run summary:
wandb:         R1C1_C/action_pct/phase_0 26.48148
wandb:         R1C1_C/action_pct/phase_1 8.51852
wandb:         R1C1_C/action_pct/phase_2 36.48148
wandb:         R1C1_C/action_pct/phase_3 28.51852
wandb:         R1C1_C/train/entropy_loss -1.22388
wandb:        R1C1_C/train/learning_rate 0.0001
wandb:                 R1C1_C/train/loss 0.8975
wandb: R1C1_C/train/policy_gradient_loss -0.00119
wandb:           R1C1_C/train/value_loss 1.7267
wandb:                        avg_reward 0.11918
wandb:                                +9 ...
wandb: 
wandb: 🚀 View run ppo_speed_throughput_1x16_3_R1C1_C at: https://wandb.ai/wagnertamas-budapesti-m-szaki-s-gazdas-gtudom-nyi-egyetem/sumo-rl-stat-2/runs/rzke2hc5
wandb: ⭐️ View project at: https://wandb.ai/wagnertamas-budapesti-m-szaki-s-gazdas-gtudom-nyi-egyetem/sumo-rl-stat-2
wandb: Synced 5 W&B file(s), 0 media file(s), 0 artifact file(s) and 1 other file(s)
wandb: Find logs at: ./wandb/run-20260408_005100-rzke2hc5/logs
Found 6 valid OD pairs for R1C1_C
Generating focused traffic: Period 4.4206s
[INFO] Subscriptions active: 6 (traci, fast mode)
  [ACTION PPO] R1C1_C: a0=33% (235) a1=8% (60) a2=33% (240) a3=26% (185)
[INFO] Episode duration: 1800s (30 min)

[DEBUG] 🎯 Célzott Forgalom Generálása (R1C1_C) | Period: 5.3535
Found 6 valid OD pairs for R1C1_C
Generating focused traffic: Period 5.3535s
[INFO] Subscriptions active: 6 (traci, fast mode)
  [ACTION PPO] R1C1_C: a0=38% (276) a1=7% (47) a2=31% (221) a3=24% (176)
[INFO] Episode duration: 2700s (45 min)

[DEBUG] 🎯 Célzott Forgalom Generálása (R1C1_C) | Period: 5.1687
Found 6 valid OD pairs for R1C1_C
Generating focused traffic: Period 5.1687s
[INFO] Subscriptions active: 6 (traci, fast mode)
  [ACTION PPO] R1C1_C: a0=28% (100) a1=14% (49) a2=30% (109) a3=28% (102)
[INFO] Episode duration: 3600s (60 min)

[DEBUG] 🎯 Célzott Forgalom Generálása (R1C1_C) | Period: 7.1828
Found 6 valid OD pairs for R1C1_C
Generating focused traffic: Period 7.1828s
[INFO] Subscriptions active: 6 (traci, fast mode)
  [ACTION PPO] R1C1_C: a0=35% (187) a1=8% (44) a2=31% (170) a3=26% (139)
[INFO] Episode duration: 3600s (60 min)

[DEBUG] 🎯 Célzott Forgalom Generálása (R1C1_C) | Period: 5.4071
Found 6 valid OD pairs for R1C1_C
Generating focused traffic: Period 5.4071s
[INFO] Subscriptions active: 6 (traci, fast mode)
  [ACTION PPO] R1C1_C: a0=33% (237) a1=10% (72) a2=32% (233) a3=25% (178)
[INFO] Episode duration: 3600s (60 min)

[DEBUG] 🎯 Célzott Forgalom Generálása (R1C1_C) | Period: 7.7478
Found 6 valid OD pairs for R1C1_C
Generating focused traffic: Period 7.7478s
[INFO] Subscriptions active: 6 (traci, fast mode)
  [ACTION PPO] R1C1_C: a0=35% (254) a1=8% (60) a2=34% (243) a3=23% (163)
[INFO] Episode duration: 3600s (60 min)

[DEBUG] 🎯 Célzott Forgalom Generálása (R1C1_C) | Period: 6.002
Found 6 valid OD pairs for R1C1_C
Generating focused traffic: Period 6.0020s
[INFO] Subscriptions active: 6 (traci, fast mode)
  [ACTION PPO] R1C1_C: a0=32% (233) a1=9% (68) a2=32% (227) a3=27% (192)
[INFO] Episode duration: 1800s (30 min)

[DEBUG] 🎯 Célzott Forgalom Generálása (R1C1_C) | Period: 6.283
Found 6 valid OD pairs for R1C1_C
Generating focused traffic: Period 6.2830s
[INFO] Subscriptions active: 6 (traci, fast mode)
  [ACTION PPO] R1C1_C: a0=38% (274) a1=8% (57) a2=31% (223) a3=23% (166)
[INFO] Episode duration: 900s (15 min)

[DEBUG] 🎯 Célzott Forgalom Generálása (R1C1_C) | Period: 6.324
Found 6 valid OD pairs for R1C1_C
Generating focused traffic: Period 6.3240s
[INFO] Subscriptions active: 6 (traci, fast mode)
  [ACTION PPO] R1C1_C: a0=37% (133) a1=8% (28) a2=29% (106) a3=26% (93)
[INFO] Episode duration: 2700s (45 min)

[DEBUG] 🎯 Célzott Forgalom Generálása (R1C1_C) | Period: 7.8777
Found 6 valid OD pairs for R1C1_C
Generating focused traffic: Period 7.8777s
[INFO] Subscriptions active: 6 (traci, fast mode)
  [ACTION PPO] R1C1_C: a0=36% (65) a1=6% (10) a2=33% (60) a3=25% (45)
[INFO] Episode duration: 1800s (30 min)

[DEBUG] 🎯 Célzott Forgalom Generálása (R1C1_C) | Period: 6.6247
Found 6 valid OD pairs for R1C1_C
Generating focused traffic: Period 6.6247s
[INFO] Subscriptions active: 6 (traci, fast mode)
  [ACTION PPO] R1C1_C: a0=26% (143) a1=9% (46) a2=36% (197) a3=29% (154)
On-policy training completed.
Closing environment and EXPORTING models...
Saving PyTorch ZIP models to /Users/wagnertamas/Documents/Munka/cikkek/AI_agens_konyvtar/support/intergreen_matrix_calculator/data/runs/pytorch_models...
Saved PyTorch R1C1_C to /Users/wagnertamas/Documents/Munka/cikkek/AI_agens_konyvtar/support/intergreen_matrix_calculator/data/runs/pytorch_models/R1C1_C.zip
Exporting ONNX models to /Users/wagnertamas/Documents/Munka/cikkek/AI_agens_konyvtar/support/intergreen_matrix_calculator/data/runs/onnx_models...
Failed to export R1C1_C: # Failed to convert 'dynamic_axes' to 'dynamic_shapes'. Please provide 'dynamic_shapes' directly. Refer to the documentation for 'torch.export.export' for more information on dynamic shapes.
Cleanup done.
