wandb: [wandb.login()] Loaded credentials for https://api.wandb.ai from /Users/wagnertamas/.netrc.
wandb: Currently logged in as: wagnertamas (wagnertamas-budapesti-m-szaki-s-gazdas-gtudom-nyi-egyetem) to https://api.wandb.ai. Use `wandb login --relogin` to force relogin
wandb: setting up run tghcrx9s
wandb: Tracking run with wandb version 0.25.0
wandb: Run data is saved locally in /Users/wagnertamas/Documents/Munka/cikkek/AI_agens_konyvtar/support/intergreen_matrix_calculator/wandb/run-20260322_005935-tghcrx9s
wandb: Run `wandb offline` to turn off syncing.
wandb: Syncing run ppo_co2_speedstd_3x64_3_R1C1_C
wandb: ⭐️ View project at https://wandb.ai/wagnertamas-budapesti-m-szaki-s-gazdas-gtudom-nyi-egyetem/sumo-rl-stat
wandb: 🚀 View run at https://wandb.ai/wagnertamas-budapesti-m-szaki-s-gazdas-gtudom-nyi-egyetem/sumo-rl-stat/runs/tghcrx9s
[INFO] Config: training_config.yaml
[INFO] Net: /Users/wagnertamas/Documents/Munka/cikkek/AI_agens_konyvtar/support/intergreen_matrix_calculator/data/mega_catalogue_v2.net.xml
[INFO] Timesteps: 100000 | Project: sumo-rl-stat
[INFO] Junction: R1C1_C
[INFO] Algorithm: ppo | Reward: co2_speedstd
[INFO] Load model: None (fresh)
[INFO] Traffic: random target+spread (epizódonként)
Initializing Environment (algorithm=ppo, reward=co2_speedstd)...
[INFO] Algorithm: ppo (on_policy)
[INFO] Reward mode: co2_speedstd
WandB config applied (Sweep compatible).
[INFO] Junction reward params auto-loaded from /Users/wagnertamas/Documents/Munka/cikkek/AI_agens_konyvtar/support/intergreen_matrix_calculator/data/junction_reward_params.json
[INFO] Using 'libsumo' (fast headless mode, OS=darwin).
Starting SUMO...
[INFO] Episode duration: 2700s (45 min)

[DEBUG] 🎯 Célzott Forgalom Generálása (R1C1_C) | Period: 6.9582
Found 6 valid OD pairs for R1C1_C
Generating focused traffic: Period 6.9582s
[INFO] Network mapped: 1 agents, 3 detectors, 3 lanes
[INFO] Subscriptions active: 6 (libsumo, fast mode)
Agents discovered: ['R1C1_C']
[INFO] RL device: mps
[INFO] On-policy training: ppo → R1C1_C
Using mps device
Wrapping the env with a `Monitor` wrapper
Wrapping the env in a DummyVecEnv.
Starting on-policy training: 100000 timesteps...
[INFO] Episode duration: 3600s (60 min)

[DEBUG] 🎯 Célzott Forgalom Generálása (R1C1_C) | Period: 4.1838
Found 6 valid OD pairs for R1C1_C
Generating focused traffic: Period 4.1838s
[INFO] Subscriptions active: 6 (libsumo, fast mode)
Logging to /Users/wagnertamas/Documents/Munka/cikkek/AI_agens_konyvtar/support/intergreen_matrix_calculator/data/runs/sumo-rl-stat/R1C1_C/PPO_177
[INFO] Episode duration: 2700s (45 min)

[DEBUG] 🎯 Célzott Forgalom Generálása (R1C1_C) | Period: 6.9383
Found 6 valid OD pairs for R1C1_C
Generating focused traffic: Period 6.9383s
[INFO] Subscriptions active: 6 (libsumo, fast mode)
[INFO] Episode duration: 2700s (45 min)

[DEBUG] 🎯 Célzott Forgalom Generálása (R1C1_C) | Period: 7.9377
Found 6 valid OD pairs for R1C1_C
Generating focused traffic: Period 7.9377s
[INFO] Subscriptions active: 6 (libsumo, fast mode)
[INFO] Episode duration: 900s (15 min)

[DEBUG] 🎯 Célzott Forgalom Generálása (R1C1_C) | Period: 6.2991
Found 6 valid OD pairs for R1C1_C
Generating focused traffic: Period 6.2991s
[INFO] Subscriptions active: 6 (libsumo, fast mode)
[INFO] Episode duration: 2700s (45 min)

[DEBUG] 🎯 Célzott Forgalom Generálása (R1C1_C) | Period: 5.6536
Found 6 valid OD pairs for R1C1_C
Generating focused traffic: Period 5.6536s
[INFO] Subscriptions active: 6 (libsumo, fast mode)
[INFO] Episode duration: 900s (15 min)

[DEBUG] 🎯 Célzott Forgalom Generálása (R1C1_C) | Period: 4.9973
Found 6 valid OD pairs for R1C1_C
Generating focused traffic: Period 4.9973s
[INFO] Subscriptions active: 6 (libsumo, fast mode)
[INFO] Episode duration: 2700s (45 min)

[DEBUG] 🎯 Célzott Forgalom Generálása (R1C1_C) | Period: 5.0343
Found 6 valid OD pairs for R1C1_C
Generating focused traffic: Period 5.0343s
[INFO] Subscriptions active: 6 (libsumo, fast mode)
[INFO] Episode duration: 900s (15 min)

[DEBUG] 🎯 Célzott Forgalom Generálása (R1C1_C) | Period: 5.3773
Found 6 valid OD pairs for R1C1_C
Generating focused traffic: Period 5.3773s
[INFO] Subscriptions active: 6 (libsumo, fast mode)
[INFO] Episode duration: 2700s (45 min)

[DEBUG] 🎯 Célzott Forgalom Generálása (R1C1_C) | Period: 5.4621
Found 6 valid OD pairs for R1C1_C
Generating focused traffic: Period 5.4621s
[INFO] Subscriptions active: 6 (libsumo, fast mode)
[INFO] Episode duration: 1800s (30 min)

[DEBUG] 🎯 Célzott Forgalom Generálása (R1C1_C) | Period: 7.2119
Found 6 valid OD pairs for R1C1_C
Generating focused traffic: Period 7.2119s
[INFO] Subscriptions active: 6 (libsumo, fast mode)
[INFO] Episode duration: 1800s (30 min)

[DEBUG] 🎯 Célzott Forgalom Generálása (R1C1_C) | Period: 4.1127
Found 6 valid OD pairs for R1C1_C
Generating focused traffic: Period 4.1127s
[INFO] Subscriptions active: 6 (libsumo, fast mode)
[INFO] Episode duration: 2700s (45 min)

[DEBUG] 🎯 Célzott Forgalom Generálása (R1C1_C) | Period: 5.4633
Found 6 valid OD pairs for R1C1_C
Generating focused traffic: Period 5.4633s
[INFO] Subscriptions active: 6 (libsumo, fast mode)
[INFO] Episode duration: 1800s (30 min)

[DEBUG] 🎯 Célzott Forgalom Generálása (R1C1_C) | Period: 7.4728
Found 6 valid OD pairs for R1C1_C
Generating focused traffic: Period 7.4728s
[INFO] Subscriptions active: 6 (libsumo, fast mode)
[INFO] Episode duration: 3600s (60 min)

[DEBUG] 🎯 Célzott Forgalom Generálása (R1C1_C) | Period: 6.2102
Found 6 valid OD pairs for R1C1_C
Generating focused traffic: Period 6.2102s
[INFO] Subscriptions active: 6 (libsumo, fast mode)
[INFO] Episode duration: 1800s (30 min)

[DEBUG] 🎯 Célzott Forgalom Generálása (R1C1_C) | Period: 7.4518
Found 6 valid OD pairs for R1C1_C
Generating focused traffic: Period 7.4518s
[INFO] Subscriptions active: 6 (libsumo, fast mode)
[INFO] Episode duration: 3600s (60 min)

[DEBUG] 🎯 Célzott Forgalom Generálása (R1C1_C) | Period: 5.7858
Found 6 valid OD pairs for R1C1_C
Generating focused traffic: Period 5.7858s
[INFO] Subscriptions active: 6 (libsumo, fast mode)
[INFO] Episode duration: 1800s (30 min)

[DEBUG] 🎯 Célzott Forgalom Generálása (R1C1_C) | Period: 4.946
Found 6 valid OD pairs for R1C1_C
Generating focused traffic: Period 4.9460s
[INFO] Subscriptions active: 6 (libsumo, fast mode)
[INFO] Episode duration: 2700s (45 min)

[DEBUG] 🎯 Célzott Forgalom Generálása (R1C1_C) | Period: 6.8893
Found 6 valid OD pairs for R1C1_C
Generating focused traffic: Period 6.8893s
[INFO] Subscriptions active: 6 (libsumo, fast mode)
[INFO] Episode duration: 2700s (45 min)

[DEBUG] 🎯 Célzott Forgalom Generálása (R1C1_C) | Period: 7.4864
Found 6 valid OD pairs for R1C1_C
Generating focused traffic: Period 7.4864s
[INFO] Subscriptions active: 6 (libsumo, fast mode)
[INFO] Episode duration: 3600s (60 min)

[DEBUG] 🎯 Célzott Forgalom Generálása (R1C1_C) | Period: 7.0231
Found 6 valid OD pairs for R1C1_C
Generating focused traffic: Period 7.0231s
[INFO] Subscriptions active: 6 (libsumo, fast mode)
[INFO] Episode duration: 900s (15 min)

[DEBUG] 🎯 Célzott Forgalom Generálása (R1C1_C) | Period: 6.4467
Found 6 valid OD pairs for R1C1_C
Generating focused traffic: Period 6.4467s
[INFO] Subscriptions active: 6 (libsumo, fast mode)
[INFO] Episode duration: 3600s (60 min)

[DEBUG] 🎯 Célzott Forgalom Generálása (R1C1_C) | Period: 5.6605
Found 6 valid OD pairs for R1C1_C
Generating focused traffic: Period 5.6605s
[INFO] Subscriptions active: 6 (libsumo, fast mode)
[INFO] Episode duration: 1800s (30 min)

[DEBUG] 🎯 Célzott Forgalom Generálása (R1C1_C) | Period: 6.0083
Found 6 valid OD pairs for R1C1_C
Generating focused traffic: Period 6.0083s
[INFO] Subscriptions active: 6 (libsumo, fast mode)
[INFO] Episode duration: 3600s (60 min)

[DEBUG] 🎯 Célzott Forgalom Generálása (R1C1_C) | Period: 6.2988
Found 6 valid OD pairs for R1C1_C
Generating focused traffic: Period 6.2988s
[INFO] Subscriptions active: 6 (libsumo, fast mode)
[INFO] Episode duration: 900s (15 min)

[DEBUG] 🎯 Célzott Forgalom Generálása (R1C1_C) | Period: 7.4396
Found 6 valid OD pairs for R1C1_C
Generating focused traffic: Period 7.4396s
[INFO] Subscriptions active: 6 (libsumo, fast mode)
[INFO] Episode duration: 900s (15 min)

[DEBUG] 🎯 Célzott Forgalom Generálása (R1C1_C) | Period: 5.212
Found 6 valid OD pairs for R1C1_C
Generating focused traffic: Period 5.2120s
[INFO] Subscriptions active: 6 (libsumo, fast mode)
[INFO] Episode duration: 900s (15 min)

[DEBUG] 🎯 Célzott Forgalom Generálása (R1C1_C) | Period: 7.713
Found 6 valid OD pairs for R1C1_C
Generating focused traffic: Period 7.7130s
[INFO] Subscriptions active: 6 (libsumo, fast mode)
[INFO] Episode duration: 900s (15 min)

[DEBUG] 🎯 Célzott Forgalom Generálása (R1C1_C) | Period: 7.9259
Found 6 valid OD pairs for R1C1_C
Generating focused traffic: Period 7.9259s
[INFO] Subscriptions active: 6 (libsumo, fast mode)
[INFO] Episode duration: 1800s (30 min)

[DEBUG] 🎯 Célzott Forgalom Generálása (R1C1_C) | Period: 7.4309
Found 6 valid OD pairs for R1C1_C
Generating focused traffic: Period 7.4309s
[INFO] Subscriptions active: 6 (libsumo, fast mode)
[INFO] Episode duration: 1800s (30 min)

[DEBUG] 🎯 Célzott Forgalom Generálása (R1C1_C) | Period: 4.9158
Found 6 valid OD pairs for R1C1_C
Generating focused traffic: Period 4.9158s
[INFO] Subscriptions active: 6 (libsumo, fast mode)
[INFO] Episode duration: 900s (15 min)

[DEBUG] 🎯 Célzott Forgalom Generálása (R1C1_C) | Period: 6.4887
Found 6 valid OD pairs for R1C1_C
Generating focused traffic: Period 6.4887s
[INFO] Subscriptions active: 6 (libsumo, fast mode)
[INFO] Episode duration: 2700s (45 min)

[DEBUG] 🎯 Célzott Forgalom Generálása (R1C1_C) | Period: 5.787
Found 6 valid OD pairs for R1C1_C
Generating focused traffic: Period 5.7870s
[INFO] Subscriptions active: 6 (libsumo, fast mode)
[INFO] Episode duration: 1800s (30 min)

[DEBUG] 🎯 Célzott Forgalom Generálása (R1C1_C) | Period: 4.3777
Found 6 valid OD pairs for R1C1_C
Generating focused traffic: Period 4.3777s
[INFO] Subscriptions active: 6 (libsumo, fast mode)
[INFO] Episode duration: 2700s (45 min)

[DEBUG] 🎯 Célzott Forgalom Generálása (R1C1_C) | Period: 4.421
Found 6 valid OD pairs for R1C1_C
Generating focused traffic: Period 4.4210s
[INFO] Subscriptions active: 6 (libsumo, fast mode)
[INFO] Episode duration: 900s (15 min)

[DEBUG] 🎯 Célzott Forgalom Generálása (R1C1_C) | Period: 5.9943
Found 6 valid OD pairs for R1C1_C
Generating focused traffic: Period 5.9943s
[INFO] Subscriptions active: 6 (libsumo, fast mode)
[INFO] Episode duration: 900s (15 min)

[DEBUG] 🎯 Célzott Forgalom Generálása (R1C1_C) | Period: 5.3945
Found 6 valid OD pairs for R1C1_C
Generating focused traffic: Period 5.3945s
[INFO] Subscriptions active: 6 (libsumo, fast mode)
[INFO] Episode duration: 2700s (45 min)

[DEBUG] 🎯 Célzott Forgalom Generálása (R1C1_C) | Period: 6.1666
Found 6 valid OD pairs for R1C1_C
Generating focused traffic: Period 6.1666s
[INFO] Subscriptions active: 6 (libsumo, fast mode)
[INFO] Episode duration: 900s (15 min)

[DEBUG] 🎯 Célzott Forgalom Generálása (R1C1_C) | Period: 7.5683
Found 6 valid OD pairs for R1C1_C
Generating focused traffic: Period 7.5683s
[INFO] Subscriptions active: 6 (libsumo, fast mode)
[INFO] Episode duration: 3600s (60 min)

[DEBUG] 🎯 Célzott Forgalom Generálása (R1C1_C) | Period: 4.5563
Found 6 valid OD pairs for R1C1_C
Generating focused traffic: Period 4.5563s
[INFO] Subscriptions active: 6 (libsumo, fast mode)
[INFO] Episode duration: 3600s (60 min)

[DEBUG] 🎯 Célzott Forgalom Generálása (R1C1_C) | Period: 4.3698
Found 6 valid OD pairs for R1C1_C
Generating focused traffic: Period 4.3698s
[INFO] Subscriptions active: 6 (libsumo, fast mode)
[INFO] Episode duration: 1800s (30 min)

[DEBUG] 🎯 Célzott Forgalom Generálása (R1C1_C) | Period: 7.6319
Found 6 valid OD pairs for R1C1_C
Generating focused traffic: Period 7.6319s
[INFO] Subscriptions active: 6 (libsumo, fast mode)
[INFO] Episode duration: 1800s (30 min)

[DEBUG] 🎯 Célzott Forgalom Generálása (R1C1_C) | Period: 7.2734
Found 6 valid OD pairs for R1C1_C
Generating focused traffic: Period 7.2734s
[INFO] Subscriptions active: 6 (libsumo, fast mode)
[INFO] Episode duration: 2700s (45 min)

[DEBUG] 🎯 Célzott Forgalom Generálása (R1C1_C) | Period: 5.2327
Found 6 valid OD pairs for R1C1_C
Generating focused traffic: Period 5.2327s
[INFO] Subscriptions active: 6 (libsumo, fast mode)
[INFO] Episode duration: 2700s (45 min)

[DEBUG] 🎯 Célzott Forgalom Generálása (R1C1_C) | Period: 7.7664
Found 6 valid OD pairs for R1C1_C
Generating focused traffic: Period 7.7664s
[INFO] Subscriptions active: 6 (libsumo, fast mode)
[INFO] Episode duration: 2700s (45 min)

[DEBUG] 🎯 Célzott Forgalom Generálása (R1C1_C) | Period: 6.0922
Found 6 valid OD pairs for R1C1_C
Generating focused traffic: Period 6.0922s
[INFO] Subscriptions active: 6 (libsumo, fast mode)
[INFO] Episode duration: 900s (15 min)

[DEBUG] 🎯 Célzott Forgalom Generálása (R1C1_C) | Period: 7.8997
Found 6 valid OD pairs for R1C1_C
Generating focused traffic: Period 7.8997s
[INFO] Subscriptions active: 6 (libsumo, fast mode)
[INFO] Episode duration: 1800s (30 min)

[DEBUG] 🎯 Célzott Forgalom Generálása (R1C1_C) | Period: 4.1168
Found 6 valid OD pairs for R1C1_C
Generating focused traffic: Period 4.1168s
[INFO] Subscriptions active: 6 (libsumo, fast mode)
[INFO] Episode duration: 3600s (60 min)

[DEBUG] 🎯 Célzott Forgalom Generálása (R1C1_C) | Period: 7.805
Found 6 valid OD pairs for R1C1_C
Generating focused traffic: Period 7.8050s
[INFO] Subscriptions active: 6 (libsumo, fast mode)
-----------------------------------------
| rollout/                |             |
|    ep_len_mean          | 425         |
|    ep_rew_mean          | 151         |
| time/                   |             |
|    fps                  | 113         |
|    iterations           | 10          |
|    time_elapsed         | 180         |
|    total_timesteps      | 20480       |
| train/                  |             |
|    approx_kl            | 0.007284238 |
|    clip_fraction        | 0.0441      |
|    clip_range           | 0.2         |
|    entropy_loss         | -1.23       |
|    explained_variance   | 0.0929      |
|    learning_rate        | 0.0001      |
|    loss                 | 2.37        |
|    n_updates            | 90          |
|    policy_gradient_loss | -0.00379    |
|    value_loss           | 12.6        |
-----------------------------------------
[INFO] Episode duration: 900s (15 min)

[DEBUG] 🎯 Célzott Forgalom Generálása (R1C1_C) | Period: 4.6456
Found 6 valid OD pairs for R1C1_C
Generating focused traffic: Period 4.6456s
[INFO] Subscriptions active: 6 (libsumo, fast mode)
[INFO] Episode duration: 2700s (45 min)

[DEBUG] 🎯 Célzott Forgalom Generálása (R1C1_C) | Period: 7.6164
Found 6 valid OD pairs for R1C1_C
Generating focused traffic: Period 7.6164s
[INFO] Subscriptions active: 6 (libsumo, fast mode)
[INFO] Episode duration: 3600s (60 min)

[DEBUG] 🎯 Célzott Forgalom Generálása (R1C1_C) | Period: 4.3774
Found 6 valid OD pairs for R1C1_C
Generating focused traffic: Period 4.3774s
[INFO] Subscriptions active: 6 (libsumo, fast mode)
[INFO] Episode duration: 1800s (30 min)

[DEBUG] 🎯 Célzott Forgalom Generálása (R1C1_C) | Period: 6.2688
Found 6 valid OD pairs for R1C1_C
Generating focused traffic: Period 6.2688s
[INFO] Subscriptions active: 6 (libsumo, fast mode)
[INFO] Episode duration: 2700s (45 min)

[DEBUG] 🎯 Célzott Forgalom Generálása (R1C1_C) | Period: 5.2546
Found 6 valid OD pairs for R1C1_C
Generating focused traffic: Period 5.2546s
[INFO] Subscriptions active: 6 (libsumo, fast mode)
[INFO] Episode duration: 1800s (30 min)

[DEBUG] 🎯 Célzott Forgalom Generálása (R1C1_C) | Period: 5.6458
Found 6 valid OD pairs for R1C1_C
Generating focused traffic: Period 5.6458s
[INFO] Subscriptions active: 6 (libsumo, fast mode)
[INFO] Episode duration: 900s (15 min)

[DEBUG] 🎯 Célzott Forgalom Generálása (R1C1_C) | Period: 5.7295
Found 6 valid OD pairs for R1C1_C
Generating focused traffic: Period 5.7295s
[INFO] Subscriptions active: 6 (libsumo, fast mode)
[INFO] Episode duration: 1800s (30 min)

[DEBUG] 🎯 Célzott Forgalom Generálása (R1C1_C) | Period: 4.3052
Found 6 valid OD pairs for R1C1_C
Generating focused traffic: Period 4.3052s
[INFO] Subscriptions active: 6 (libsumo, fast mode)
[INFO] Episode duration: 900s (15 min)

[DEBUG] 🎯 Célzott Forgalom Generálása (R1C1_C) | Period: 4.007
Found 6 valid OD pairs for R1C1_C
Generating focused traffic: Period 4.0070s
[INFO] Subscriptions active: 6 (libsumo, fast mode)
[INFO] Episode duration: 1800s (30 min)

[DEBUG] 🎯 Célzott Forgalom Generálása (R1C1_C) | Period: 6.1812
Found 6 valid OD pairs for R1C1_C
Generating focused traffic: Period 6.1812s
[INFO] Subscriptions active: 6 (libsumo, fast mode)
[INFO] Episode duration: 1800s (30 min)

[DEBUG] 🎯 Célzott Forgalom Generálása (R1C1_C) | Period: 6.5182
Found 6 valid OD pairs for R1C1_C
Generating focused traffic: Period 6.5182s
[INFO] Subscriptions active: 6 (libsumo, fast mode)
[INFO] Episode duration: 900s (15 min)

[DEBUG] 🎯 Célzott Forgalom Generálása (R1C1_C) | Period: 5.2316
Found 6 valid OD pairs for R1C1_C
Generating focused traffic: Period 5.2316s
[INFO] Subscriptions active: 6 (libsumo, fast mode)
[INFO] Episode duration: 900s (15 min)

[DEBUG] 🎯 Célzott Forgalom Generálása (R1C1_C) | Period: 6.3428
Found 6 valid OD pairs for R1C1_C
Generating focused traffic: Period 6.3428s
[INFO] Subscriptions active: 6 (libsumo, fast mode)
[INFO] Episode duration: 900s (15 min)

[DEBUG] 🎯 Célzott Forgalom Generálása (R1C1_C) | Period: 4.9412
Found 6 valid OD pairs for R1C1_C
Generating focused traffic: Period 4.9412s
[INFO] Subscriptions active: 6 (libsumo, fast mode)
[INFO] Episode duration: 3600s (60 min)

[DEBUG] 🎯 Célzott Forgalom Generálása (R1C1_C) | Period: 5.7187
Found 6 valid OD pairs for R1C1_C
Generating focused traffic: Period 5.7187s
[INFO] Subscriptions active: 6 (libsumo, fast mode)
[INFO] Episode duration: 1800s (30 min)

[DEBUG] 🎯 Célzott Forgalom Generálása (R1C1_C) | Period: 5.8082
Found 6 valid OD pairs for R1C1_C
Generating focused traffic: Period 5.8082s
[INFO] Subscriptions active: 6 (libsumo, fast mode)
[INFO] Episode duration: 3600s (60 min)

[DEBUG] 🎯 Célzott Forgalom Generálása (R1C1_C) | Period: 5.9225
Found 6 valid OD pairs for R1C1_C
Generating focused traffic: Period 5.9225s
[INFO] Subscriptions active: 6 (libsumo, fast mode)
[INFO] Episode duration: 3600s (60 min)

[DEBUG] 🎯 Célzott Forgalom Generálása (R1C1_C) | Period: 6.8688
Found 6 valid OD pairs for R1C1_C
Generating focused traffic: Period 6.8688s
[INFO] Subscriptions active: 6 (libsumo, fast mode)
[INFO] Episode duration: 2700s (45 min)

[DEBUG] 🎯 Célzott Forgalom Generálása (R1C1_C) | Period: 7.4207
Found 6 valid OD pairs for R1C1_C
Generating focused traffic: Period 7.4207s
[INFO] Subscriptions active: 6 (libsumo, fast mode)
[INFO] Episode duration: 2700s (45 min)

[DEBUG] 🎯 Célzott Forgalom Generálása (R1C1_C) | Period: 7.0138
Found 6 valid OD pairs for R1C1_C
Generating focused traffic: Period 7.0138s
[INFO] Subscriptions active: 6 (libsumo, fast mode)
[INFO] Episode duration: 3600s (60 min)

[DEBUG] 🎯 Célzott Forgalom Generálása (R1C1_C) | Period: 5.4844
Found 6 valid OD pairs for R1C1_C
Generating focused traffic: Period 5.4844s
[INFO] Subscriptions active: 6 (libsumo, fast mode)
[INFO] Episode duration: 2700s (45 min)

[DEBUG] 🎯 Célzott Forgalom Generálása (R1C1_C) | Period: 6.7344
Found 6 valid OD pairs for R1C1_C
Generating focused traffic: Period 6.7344s
[INFO] Subscriptions active: 6 (libsumo, fast mode)
[INFO] Episode duration: 3600s (60 min)

[DEBUG] 🎯 Célzott Forgalom Generálása (R1C1_C) | Period: 7.9055
Found 6 valid OD pairs for R1C1_C
Generating focused traffic: Period 7.9055s
[INFO] Subscriptions active: 6 (libsumo, fast mode)
[INFO] Episode duration: 2700s (45 min)

[DEBUG] 🎯 Célzott Forgalom Generálása (R1C1_C) | Period: 7.6625
Found 6 valid OD pairs for R1C1_C
Generating focused traffic: Period 7.6625s
[INFO] Subscriptions active: 6 (libsumo, fast mode)
[INFO] Episode duration: 3600s (60 min)

[DEBUG] 🎯 Célzott Forgalom Generálása (R1C1_C) | Period: 7.298
Found 6 valid OD pairs for R1C1_C
Generating focused traffic: Period 7.2980s
[INFO] Subscriptions active: 6 (libsumo, fast mode)
[INFO] Episode duration: 2700s (45 min)

[DEBUG] 🎯 Célzott Forgalom Generálása (R1C1_C) | Period: 4.0163
Found 6 valid OD pairs for R1C1_C
Generating focused traffic: Period 4.0163s
[INFO] Subscriptions active: 6 (libsumo, fast mode)
[INFO] Episode duration: 1800s (30 min)

[DEBUG] 🎯 Célzott Forgalom Generálása (R1C1_C) | Period: 5.556
Found 6 valid OD pairs for R1C1_C
Generating focused traffic: Period 5.5560s
[INFO] Subscriptions active: 6 (libsumo, fast mode)
[INFO] Episode duration: 3600s (60 min)

[DEBUG] 🎯 Célzott Forgalom Generálása (R1C1_C) | Period: 4.699
Found 6 valid OD pairs for R1C1_C
Generating focused traffic: Period 4.6990s
[INFO] Subscriptions active: 6 (libsumo, fast mode)
[INFO] Episode duration: 3600s (60 min)

[DEBUG] 🎯 Célzott Forgalom Generálása (R1C1_C) | Period: 5.4352
Found 6 valid OD pairs for R1C1_C
Generating focused traffic: Period 5.4352s
[INFO] Subscriptions active: 6 (libsumo, fast mode)
[INFO] Episode duration: 900s (15 min)

[DEBUG] 🎯 Célzott Forgalom Generálása (R1C1_C) | Period: 5.9209
Found 6 valid OD pairs for R1C1_C
Generating focused traffic: Period 5.9209s
[INFO] Subscriptions active: 6 (libsumo, fast mode)
[INFO] Episode duration: 1800s (30 min)

[DEBUG] 🎯 Célzott Forgalom Generálása (R1C1_C) | Period: 4.2676
Found 6 valid OD pairs for R1C1_C
Generating focused traffic: Period 4.2676s
[INFO] Subscriptions active: 6 (libsumo, fast mode)
[INFO] Episode duration: 1800s (30 min)

[DEBUG] 🎯 Célzott Forgalom Generálása (R1C1_C) | Period: 4.972
Found 6 valid OD pairs for R1C1_C
Generating focused traffic: Period 4.9720s
[INFO] Subscriptions active: 6 (libsumo, fast mode)
[INFO] Episode duration: 3600s (60 min)

[DEBUG] 🎯 Célzott Forgalom Generálása (R1C1_C) | Period: 5.2637
Found 6 valid OD pairs for R1C1_C
Generating focused traffic: Period 5.2637s
[INFO] Subscriptions active: 6 (libsumo, fast mode)
[INFO] Episode duration: 2700s (45 min)

[DEBUG] 🎯 Célzott Forgalom Generálása (R1C1_C) | Period: 6.4113
Found 6 valid OD pairs for R1C1_C
Generating focused traffic: Period 6.4113s
[INFO] Subscriptions active: 6 (libsumo, fast mode)
[INFO] Episode duration: 1800s (30 min)

[DEBUG] 🎯 Célzott Forgalom Generálása (R1C1_C) | Period: 7.4097
Found 6 valid OD pairs for R1C1_C
Generating focused traffic: Period 7.4097s
[INFO] Subscriptions active: 6 (libsumo, fast mode)
[INFO] Episode duration: 1800s (30 min)

[DEBUG] 🎯 Célzott Forgalom Generálása (R1C1_C) | Period: 7.8785
Found 6 valid OD pairs for R1C1_C
Generating focused traffic: Period 7.8785s
[INFO] Subscriptions active: 6 (libsumo, fast mode)
[INFO] Episode duration: 2700s (45 min)

[DEBUG] 🎯 Célzott Forgalom Generálása (R1C1_C) | Period: 6.5503
Found 6 valid OD pairs for R1C1_C
Generating focused traffic: Period 6.5503s
[INFO] Subscriptions active: 6 (libsumo, fast mode)
[INFO] Episode duration: 1800s (30 min)

[DEBUG] 🎯 Célzott Forgalom Generálása (R1C1_C) | Period: 5.9657
Found 6 valid OD pairs for R1C1_C
Generating focused traffic: Period 5.9657s
[INFO] Subscriptions active: 6 (libsumo, fast mode)
[INFO] Episode duration: 3600s (60 min)

[DEBUG] 🎯 Célzott Forgalom Generálása (R1C1_C) | Period: 7.0024
Found 6 valid OD pairs for R1C1_C
Generating focused traffic: Period 7.0024s
[INFO] Subscriptions active: 6 (libsumo, fast mode)
[INFO] Episode duration: 3600s (60 min)

[DEBUG] 🎯 Célzott Forgalom Generálása (R1C1_C) | Period: 7.8224
Found 6 valid OD pairs for R1C1_C
Generating focused traffic: Period 7.8224s
[INFO] Subscriptions active: 6 (libsumo, fast mode)
[INFO] Episode duration: 1800s (30 min)

[DEBUG] 🎯 Célzott Forgalom Generálása (R1C1_C) | Period: 6.9761
Found 6 valid OD pairs for R1C1_C
Generating focused traffic: Period 6.9761s
[INFO] Subscriptions active: 6 (libsumo, fast mode)
[INFO] Episode duration: 1800s (30 min)

[DEBUG] 🎯 Célzott Forgalom Generálása (R1C1_C) | Period: 7.8706
Found 6 valid OD pairs for R1C1_C
Generating focused traffic: Period 7.8706s
[INFO] Subscriptions active: 6 (libsumo, fast mode)
[INFO] Episode duration: 900s (15 min)

[DEBUG] 🎯 Célzott Forgalom Generálása (R1C1_C) | Period: 4.1489
Found 6 valid OD pairs for R1C1_C
Generating focused traffic: Period 4.1489s
[INFO] Subscriptions active: 6 (libsumo, fast mode)
[INFO] Episode duration: 900s (15 min)

[DEBUG] 🎯 Célzott Forgalom Generálása (R1C1_C) | Period: 4.0131
Found 6 valid OD pairs for R1C1_C
Generating focused traffic: Period 4.0131s
[INFO] Subscriptions active: 6 (libsumo, fast mode)
[INFO] Episode duration: 1800s (30 min)

[DEBUG] 🎯 Célzott Forgalom Generálása (R1C1_C) | Period: 6.9138
Found 6 valid OD pairs for R1C1_C
Generating focused traffic: Period 6.9138s
[INFO] Subscriptions active: 6 (libsumo, fast mode)
------------------------------------------
| rollout/                |              |
|    ep_len_mean          | 444          |
|    ep_rew_mean          | 170          |
| time/                   |              |
|    fps                  | 111          |
|    iterations           | 20           |
|    time_elapsed         | 367          |
|    total_timesteps      | 40960        |
| train/                  |              |
|    approx_kl            | 0.0058317883 |
|    clip_fraction        | 0.0426       |
|    clip_range           | 0.2          |
|    entropy_loss         | -0.725       |
|    explained_variance   | 0.0876       |
|    learning_rate        | 0.0001       |
|    loss                 | 3.07         |
|    n_updates            | 190          |
|    policy_gradient_loss | -0.00327     |
|    value_loss           | 18.5         |
------------------------------------------
[INFO] Episode duration: 900s (15 min)

[DEBUG] 🎯 Célzott Forgalom Generálása (R1C1_C) | Period: 6.9465
Found 6 valid OD pairs for R1C1_C
Generating focused traffic: Period 6.9465s
[INFO] Subscriptions active: 6 (libsumo, fast mode)
[INFO] Episode duration: 2700s (45 min)

[DEBUG] 🎯 Célzott Forgalom Generálása (R1C1_C) | Period: 6.7475
Found 6 valid OD pairs for R1C1_C
Generating focused traffic: Period 6.7475s
[INFO] Subscriptions active: 6 (libsumo, fast mode)
[INFO] Episode duration: 900s (15 min)

[DEBUG] 🎯 Célzott Forgalom Generálása (R1C1_C) | Period: 6.5678
Found 6 valid OD pairs for R1C1_C
Generating focused traffic: Period 6.5678s
[INFO] Subscriptions active: 6 (libsumo, fast mode)
[INFO] Episode duration: 1800s (30 min)

[DEBUG] 🎯 Célzott Forgalom Generálása (R1C1_C) | Period: 5.3671
Found 6 valid OD pairs for R1C1_C
Generating focused traffic: Period 5.3671s
[INFO] Subscriptions active: 6 (libsumo, fast mode)
[INFO] Episode duration: 1800s (30 min)

[DEBUG] 🎯 Célzott Forgalom Generálása (R1C1_C) | Period: 6.2865
Found 6 valid OD pairs for R1C1_C
Generating focused traffic: Period 6.2865s
[INFO] Subscriptions active: 6 (libsumo, fast mode)
[INFO] Episode duration: 2700s (45 min)

[DEBUG] 🎯 Célzott Forgalom Generálása (R1C1_C) | Period: 5.2584
Found 6 valid OD pairs for R1C1_C
Generating focused traffic: Period 5.2584s
[INFO] Subscriptions active: 6 (libsumo, fast mode)
[INFO] Episode duration: 3600s (60 min)

[DEBUG] 🎯 Célzott Forgalom Generálása (R1C1_C) | Period: 4.8197
Found 6 valid OD pairs for R1C1_C
Generating focused traffic: Period 4.8197s
[INFO] Subscriptions active: 6 (libsumo, fast mode)
[INFO] Episode duration: 2700s (45 min)

[DEBUG] 🎯 Célzott Forgalom Generálása (R1C1_C) | Period: 7.4198
Found 6 valid OD pairs for R1C1_C
Generating focused traffic: Period 7.4198s
[INFO] Subscriptions active: 6 (libsumo, fast mode)
[INFO] Episode duration: 900s (15 min)

[DEBUG] 🎯 Célzott Forgalom Generálása (R1C1_C) | Period: 7.5558
Found 6 valid OD pairs for R1C1_C
Generating focused traffic: Period 7.5558s
[INFO] Subscriptions active: 6 (libsumo, fast mode)
[INFO] Episode duration: 900s (15 min)

[DEBUG] 🎯 Célzott Forgalom Generálása (R1C1_C) | Period: 4.2408
Found 6 valid OD pairs for R1C1_C
Generating focused traffic: Period 4.2408s
[INFO] Subscriptions active: 6 (libsumo, fast mode)
[INFO] Episode duration: 2700s (45 min)

[DEBUG] 🎯 Célzott Forgalom Generálása (R1C1_C) | Period: 4.2046
Found 6 valid OD pairs for R1C1_C
Generating focused traffic: Period 4.2046s
[INFO] Subscriptions active: 6 (libsumo, fast mode)
[INFO] Episode duration: 2700s (45 min)

[DEBUG] 🎯 Célzott Forgalom Generálása (R1C1_C) | Period: 4.0382
Found 6 valid OD pairs for R1C1_C
Generating focused traffic: Period 4.0382s
[INFO] Subscriptions active: 6 (libsumo, fast mode)
[INFO] Episode duration: 900s (15 min)

[DEBUG] 🎯 Célzott Forgalom Generálása (R1C1_C) | Period: 4.8819
Found 6 valid OD pairs for R1C1_C
Generating focused traffic: Period 4.8819s
[INFO] Subscriptions active: 6 (libsumo, fast mode)
[INFO] Episode duration: 2700s (45 min)

[DEBUG] 🎯 Célzott Forgalom Generálása (R1C1_C) | Period: 4.3084
Found 6 valid OD pairs for R1C1_C
Generating focused traffic: Period 4.3084s
[INFO] Subscriptions active: 6 (libsumo, fast mode)
[INFO] Episode duration: 1800s (30 min)

[DEBUG] 🎯 Célzott Forgalom Generálása (R1C1_C) | Period: 6.7011
Found 6 valid OD pairs for R1C1_C
Generating focused traffic: Period 6.7011s
[INFO] Subscriptions active: 6 (libsumo, fast mode)
[INFO] Episode duration: 1800s (30 min)

[DEBUG] 🎯 Célzott Forgalom Generálása (R1C1_C) | Period: 7.9232
Found 6 valid OD pairs for R1C1_C
Generating focused traffic: Period 7.9232s
[INFO] Subscriptions active: 6 (libsumo, fast mode)
[INFO] Episode duration: 2700s (45 min)

[DEBUG] 🎯 Célzott Forgalom Generálása (R1C1_C) | Period: 7.3027
Found 6 valid OD pairs for R1C1_C
Generating focused traffic: Period 7.3027s
[INFO] Subscriptions active: 6 (libsumo, fast mode)
[INFO] Episode duration: 900s (15 min)

[DEBUG] 🎯 Célzott Forgalom Generálása (R1C1_C) | Period: 4.6854
Found 6 valid OD pairs for R1C1_C
Generating focused traffic: Period 4.6854s
[INFO] Subscriptions active: 6 (libsumo, fast mode)
[INFO] Episode duration: 900s (15 min)

[DEBUG] 🎯 Célzott Forgalom Generálása (R1C1_C) | Period: 5.6837
Found 6 valid OD pairs for R1C1_C
Generating focused traffic: Period 5.6837s
[INFO] Subscriptions active: 6 (libsumo, fast mode)
[INFO] Episode duration: 900s (15 min)

[DEBUG] 🎯 Célzott Forgalom Generálása (R1C1_C) | Period: 6.6132
Found 6 valid OD pairs for R1C1_C
Generating focused traffic: Period 6.6132s
[INFO] Subscriptions active: 6 (libsumo, fast mode)
[INFO] Episode duration: 3600s (60 min)

[DEBUG] 🎯 Célzott Forgalom Generálása (R1C1_C) | Period: 6.1302
Found 6 valid OD pairs for R1C1_C
Generating focused traffic: Period 6.1302s
[INFO] Subscriptions active: 6 (libsumo, fast mode)
[INFO] Episode duration: 1800s (30 min)

[DEBUG] 🎯 Célzott Forgalom Generálása (R1C1_C) | Period: 7.9491
Found 6 valid OD pairs for R1C1_C
Generating focused traffic: Period 7.9491s
[INFO] Subscriptions active: 6 (libsumo, fast mode)
[INFO] Episode duration: 2700s (45 min)

[DEBUG] 🎯 Célzott Forgalom Generálása (R1C1_C) | Period: 6.6675
Found 6 valid OD pairs for R1C1_C
Generating focused traffic: Period 6.6675s
[INFO] Subscriptions active: 6 (libsumo, fast mode)
[INFO] Episode duration: 3600s (60 min)

[DEBUG] 🎯 Célzott Forgalom Generálása (R1C1_C) | Period: 4.8342
Found 6 valid OD pairs for R1C1_C
Generating focused traffic: Period 4.8342s
[INFO] Subscriptions active: 6 (libsumo, fast mode)
[INFO] Episode duration: 2700s (45 min)

[DEBUG] 🎯 Célzott Forgalom Generálása (R1C1_C) | Period: 4.4712
Found 6 valid OD pairs for R1C1_C
Generating focused traffic: Period 4.4712s
[INFO] Subscriptions active: 6 (libsumo, fast mode)
[INFO] Episode duration: 900s (15 min)

[DEBUG] 🎯 Célzott Forgalom Generálása (R1C1_C) | Period: 7.0763
Found 6 valid OD pairs for R1C1_C
Generating focused traffic: Period 7.0763s
[INFO] Subscriptions active: 6 (libsumo, fast mode)
[INFO] Episode duration: 2700s (45 min)

[DEBUG] 🎯 Célzott Forgalom Generálása (R1C1_C) | Period: 7.5085
Found 6 valid OD pairs for R1C1_C
Generating focused traffic: Period 7.5085s
[INFO] Subscriptions active: 6 (libsumo, fast mode)
[INFO] Episode duration: 1800s (30 min)

[DEBUG] 🎯 Célzott Forgalom Generálása (R1C1_C) | Period: 4.5516
Found 6 valid OD pairs for R1C1_C
Generating focused traffic: Period 4.5516s
[INFO] Subscriptions active: 6 (libsumo, fast mode)
[INFO] Episode duration: 3600s (60 min)

[DEBUG] 🎯 Célzott Forgalom Generálása (R1C1_C) | Period: 4.0374
Found 6 valid OD pairs for R1C1_C
Generating focused traffic: Period 4.0374s
[INFO] Subscriptions active: 6 (libsumo, fast mode)
[INFO] Episode duration: 1800s (30 min)

[DEBUG] 🎯 Célzott Forgalom Generálása (R1C1_C) | Period: 6.2182
Found 6 valid OD pairs for R1C1_C
Generating focused traffic: Period 6.2182s
[INFO] Subscriptions active: 6 (libsumo, fast mode)
[INFO] Episode duration: 3600s (60 min)

[DEBUG] 🎯 Célzott Forgalom Generálása (R1C1_C) | Period: 4.1798
Found 6 valid OD pairs for R1C1_C
Generating focused traffic: Period 4.1798s
[INFO] Subscriptions active: 6 (libsumo, fast mode)
[INFO] Episode duration: 3600s (60 min)

[DEBUG] 🎯 Célzott Forgalom Generálása (R1C1_C) | Period: 6.5006
Found 6 valid OD pairs for R1C1_C
Generating focused traffic: Period 6.5006s
[INFO] Subscriptions active: 6 (libsumo, fast mode)
[INFO] Episode duration: 1800s (30 min)

[DEBUG] 🎯 Célzott Forgalom Generálása (R1C1_C) | Period: 4.9575
Found 6 valid OD pairs for R1C1_C
Generating focused traffic: Period 4.9575s
[INFO] Subscriptions active: 6 (libsumo, fast mode)
[INFO] Episode duration: 900s (15 min)

[DEBUG] 🎯 Célzott Forgalom Generálása (R1C1_C) | Period: 5.5509
Found 6 valid OD pairs for R1C1_C
Generating focused traffic: Period 5.5509s
[INFO] Subscriptions active: 6 (libsumo, fast mode)
[INFO] Episode duration: 900s (15 min)

[DEBUG] 🎯 Célzott Forgalom Generálása (R1C1_C) | Period: 5.9212
Found 6 valid OD pairs for R1C1_C
Generating focused traffic: Period 5.9212s
[INFO] Subscriptions active: 6 (libsumo, fast mode)
[INFO] Episode duration: 900s (15 min)

[DEBUG] 🎯 Célzott Forgalom Generálása (R1C1_C) | Period: 4.9999
Found 6 valid OD pairs for R1C1_C
Generating focused traffic: Period 4.9999s
[INFO] Subscriptions active: 6 (libsumo, fast mode)
[INFO] Episode duration: 2700s (45 min)

[DEBUG] 🎯 Célzott Forgalom Generálása (R1C1_C) | Period: 7.9604
Found 6 valid OD pairs for R1C1_C
Generating focused traffic: Period 7.9604s
[INFO] Subscriptions active: 6 (libsumo, fast mode)
[INFO] Episode duration: 2700s (45 min)

[DEBUG] 🎯 Célzott Forgalom Generálása (R1C1_C) | Period: 7.0097
Found 6 valid OD pairs for R1C1_C
Generating focused traffic: Period 7.0097s
[INFO] Subscriptions active: 6 (libsumo, fast mode)
[INFO] Episode duration: 2700s (45 min)

[DEBUG] 🎯 Célzott Forgalom Generálása (R1C1_C) | Period: 4.3888
Found 6 valid OD pairs for R1C1_C
Generating focused traffic: Period 4.3888s
[INFO] Subscriptions active: 6 (libsumo, fast mode)
[INFO] Episode duration: 2700s (45 min)

[DEBUG] 🎯 Célzott Forgalom Generálása (R1C1_C) | Period: 5.231
Found 6 valid OD pairs for R1C1_C
Generating focused traffic: Period 5.2310s
[INFO] Subscriptions active: 6 (libsumo, fast mode)
[INFO] Episode duration: 1800s (30 min)

[DEBUG] 🎯 Célzott Forgalom Generálása (R1C1_C) | Period: 6.7776
Found 6 valid OD pairs for R1C1_C
Generating focused traffic: Period 6.7776s
[INFO] Subscriptions active: 6 (libsumo, fast mode)
[INFO] Episode duration: 2700s (45 min)

[DEBUG] 🎯 Célzott Forgalom Generálása (R1C1_C) | Period: 5.7884
Found 6 valid OD pairs for R1C1_C
Generating focused traffic: Period 5.7884s
[INFO] Subscriptions active: 6 (libsumo, fast mode)
[INFO] Episode duration: 2700s (45 min)

[DEBUG] 🎯 Célzott Forgalom Generálása (R1C1_C) | Period: 6.2128
Found 6 valid OD pairs for R1C1_C
Generating focused traffic: Period 6.2128s
[INFO] Subscriptions active: 6 (libsumo, fast mode)
[INFO] Episode duration: 2700s (45 min)

[DEBUG] 🎯 Célzott Forgalom Generálása (R1C1_C) | Period: 7.1772
Found 6 valid OD pairs for R1C1_C
Generating focused traffic: Period 7.1772s
[INFO] Subscriptions active: 6 (libsumo, fast mode)
[INFO] Episode duration: 900s (15 min)

[DEBUG] 🎯 Célzott Forgalom Generálása (R1C1_C) | Period: 5.6056
Found 6 valid OD pairs for R1C1_C
Generating focused traffic: Period 5.6056s
[INFO] Subscriptions active: 6 (libsumo, fast mode)
[INFO] Episode duration: 3600s (60 min)

[DEBUG] 🎯 Célzott Forgalom Generálása (R1C1_C) | Period: 7.4412
Found 6 valid OD pairs for R1C1_C
Generating focused traffic: Period 7.4412s
[INFO] Subscriptions active: 6 (libsumo, fast mode)
[INFO] Episode duration: 3600s (60 min)

[DEBUG] 🎯 Célzott Forgalom Generálása (R1C1_C) | Period: 7.2525
Found 6 valid OD pairs for R1C1_C
Generating focused traffic: Period 7.2525s
[INFO] Subscriptions active: 6 (libsumo, fast mode)
-----------------------------------------
| rollout/                |             |
|    ep_len_mean          | 446         |
|    ep_rew_mean          | 190         |
| time/                   |             |
|    fps                  | 110         |
|    iterations           | 30          |
|    time_elapsed         | 554         |
|    total_timesteps      | 61440       |
| train/                  |             |
|    approx_kl            | 0.004006992 |
|    clip_fraction        | 0.042       |
|    clip_range           | 0.2         |
|    entropy_loss         | -0.278      |
|    explained_variance   | 0.156       |
|    learning_rate        | 0.0001      |
|    loss                 | 2.76        |
|    n_updates            | 290         |
|    policy_gradient_loss | -0.00297    |
|    value_loss           | 20.6        |
-----------------------------------------
[INFO] Episode duration: 3600s (60 min)

[DEBUG] 🎯 Célzott Forgalom Generálása (R1C1_C) | Period: 5.3566
Found 6 valid OD pairs for R1C1_C
Generating focused traffic: Period 5.3566s
[INFO] Subscriptions active: 6 (libsumo, fast mode)
[INFO] Episode duration: 2700s (45 min)

[DEBUG] 🎯 Célzott Forgalom Generálása (R1C1_C) | Period: 5.0382
Found 6 valid OD pairs for R1C1_C
Generating focused traffic: Period 5.0382s
[INFO] Subscriptions active: 6 (libsumo, fast mode)
[INFO] Episode duration: 1800s (30 min)

[DEBUG] 🎯 Célzott Forgalom Generálása (R1C1_C) | Period: 7.1175
Found 6 valid OD pairs for R1C1_C
Generating focused traffic: Period 7.1175s
[INFO] Subscriptions active: 6 (libsumo, fast mode)
[INFO] Episode duration: 900s (15 min)

[DEBUG] 🎯 Célzott Forgalom Generálása (R1C1_C) | Period: 7.5358
Found 6 valid OD pairs for R1C1_C
Generating focused traffic: Period 7.5358s
[INFO] Subscriptions active: 6 (libsumo, fast mode)
[INFO] Episode duration: 2700s (45 min)

[DEBUG] 🎯 Célzott Forgalom Generálása (R1C1_C) | Period: 6.6471
Found 6 valid OD pairs for R1C1_C
Generating focused traffic: Period 6.6471s
[INFO] Subscriptions active: 6 (libsumo, fast mode)
[INFO] Episode duration: 2700s (45 min)

[DEBUG] 🎯 Célzott Forgalom Generálása (R1C1_C) | Period: 5.758
Found 6 valid OD pairs for R1C1_C
Generating focused traffic: Period 5.7580s
[INFO] Subscriptions active: 6 (libsumo, fast mode)
[INFO] Episode duration: 2700s (45 min)

[DEBUG] 🎯 Célzott Forgalom Generálása (R1C1_C) | Period: 4.808
Found 6 valid OD pairs for R1C1_C
Generating focused traffic: Period 4.8080s
[INFO] Subscriptions active: 6 (libsumo, fast mode)
[INFO] Episode duration: 3600s (60 min)

[DEBUG] 🎯 Célzott Forgalom Generálása (R1C1_C) | Period: 4.8088
Found 6 valid OD pairs for R1C1_C
Generating focused traffic: Period 4.8088s
[INFO] Subscriptions active: 6 (libsumo, fast mode)
[INFO] Episode duration: 2700s (45 min)

[DEBUG] 🎯 Célzott Forgalom Generálása (R1C1_C) | Period: 4.4477
Found 6 valid OD pairs for R1C1_C
Generating focused traffic: Period 4.4477s
[INFO] Subscriptions active: 6 (libsumo, fast mode)
[INFO] Episode duration: 2700s (45 min)

[DEBUG] 🎯 Célzott Forgalom Generálása (R1C1_C) | Period: 7.9513
Found 6 valid OD pairs for R1C1_C
Generating focused traffic: Period 7.9513s
[INFO] Subscriptions active: 6 (libsumo, fast mode)
[INFO] Episode duration: 1800s (30 min)

[DEBUG] 🎯 Célzott Forgalom Generálása (R1C1_C) | Period: 5.3981
Found 6 valid OD pairs for R1C1_C
Generating focused traffic: Period 5.3981s
[INFO] Subscriptions active: 6 (libsumo, fast mode)
[INFO] Episode duration: 2700s (45 min)

[DEBUG] 🎯 Célzott Forgalom Generálása (R1C1_C) | Period: 4.6586
Found 6 valid OD pairs for R1C1_C
Generating focused traffic: Period 4.6586s
[INFO] Subscriptions active: 6 (libsumo, fast mode)
[INFO] Episode duration: 1800s (30 min)

[DEBUG] 🎯 Célzott Forgalom Generálása (R1C1_C) | Period: 5.0584
Found 6 valid OD pairs for R1C1_C
Generating focused traffic: Period 5.0584s
[INFO] Subscriptions active: 6 (libsumo, fast mode)
[INFO] Episode duration: 1800s (30 min)

[DEBUG] 🎯 Célzott Forgalom Generálása (R1C1_C) | Period: 7.4615
Found 6 valid OD pairs for R1C1_C
Generating focused traffic: Period 7.4615s
[INFO] Subscriptions active: 6 (libsumo, fast mode)
[INFO] Episode duration: 1800s (30 min)

[DEBUG] 🎯 Célzott Forgalom Generálása (R1C1_C) | Period: 7.755
Found 6 valid OD pairs for R1C1_C
Generating focused traffic: Period 7.7550s
[INFO] Subscriptions active: 6 (libsumo, fast mode)
[INFO] Episode duration: 900s (15 min)

[DEBUG] 🎯 Célzott Forgalom Generálása (R1C1_C) | Period: 7.3122
Found 6 valid OD pairs for R1C1_C
Generating focused traffic: Period 7.3122s
[INFO] Subscriptions active: 6 (libsumo, fast mode)
[INFO] Episode duration: 900s (15 min)

[DEBUG] 🎯 Célzott Forgalom Generálása (R1C1_C) | Period: 7.7167
Found 6 valid OD pairs for R1C1_C
Generating focused traffic: Period 7.7167s
[INFO] Subscriptions active: 6 (libsumo, fast mode)
[INFO] Episode duration: 2700s (45 min)

[DEBUG] 🎯 Célzott Forgalom Generálása (R1C1_C) | Period: 5.8987
Found 6 valid OD pairs for R1C1_C
Generating focused traffic: Period 5.8987s
[INFO] Subscriptions active: 6 (libsumo, fast mode)
[INFO] Episode duration: 3600s (60 min)

[DEBUG] 🎯 Célzott Forgalom Generálása (R1C1_C) | Period: 4.9337
Found 6 valid OD pairs for R1C1_C
Generating focused traffic: Period 4.9337s
[INFO] Subscriptions active: 6 (libsumo, fast mode)
[INFO] Episode duration: 3600s (60 min)

[DEBUG] 🎯 Célzott Forgalom Generálása (R1C1_C) | Period: 7.512
Found 6 valid OD pairs for R1C1_C
Generating focused traffic: Period 7.5120s
[INFO] Subscriptions active: 6 (libsumo, fast mode)
[INFO] Episode duration: 900s (15 min)

[DEBUG] 🎯 Célzott Forgalom Generálása (R1C1_C) | Period: 4.7051
Found 6 valid OD pairs for R1C1_C
Generating focused traffic: Period 4.7051s
[INFO] Subscriptions active: 6 (libsumo, fast mode)
[INFO] Episode duration: 2700s (45 min)

[DEBUG] 🎯 Célzott Forgalom Generálása (R1C1_C) | Period: 6.9161
Found 6 valid OD pairs for R1C1_C
Generating focused traffic: Period 6.9161s
[INFO] Subscriptions active: 6 (libsumo, fast mode)
[INFO] Episode duration: 2700s (45 min)

[DEBUG] 🎯 Célzott Forgalom Generálása (R1C1_C) | Period: 7.4281
Found 6 valid OD pairs for R1C1_C
Generating focused traffic: Period 7.4281s
[INFO] Subscriptions active: 6 (libsumo, fast mode)
[INFO] Episode duration: 900s (15 min)

[DEBUG] 🎯 Célzott Forgalom Generálása (R1C1_C) | Period: 4.2395
Found 6 valid OD pairs for R1C1_C
Generating focused traffic: Period 4.2395s
[INFO] Subscriptions active: 6 (libsumo, fast mode)
[INFO] Episode duration: 3600s (60 min)

[DEBUG] 🎯 Célzott Forgalom Generálása (R1C1_C) | Period: 7.3147
Found 6 valid OD pairs for R1C1_C
Generating focused traffic: Period 7.3147s
[INFO] Subscriptions active: 6 (libsumo, fast mode)
[INFO] Episode duration: 1800s (30 min)

[DEBUG] 🎯 Célzott Forgalom Generálása (R1C1_C) | Period: 7.1322
Found 6 valid OD pairs for R1C1_C
Generating focused traffic: Period 7.1322s
[INFO] Subscriptions active: 6 (libsumo, fast mode)
[INFO] Episode duration: 2700s (45 min)

[DEBUG] 🎯 Célzott Forgalom Generálása (R1C1_C) | Period: 4.5534
Found 6 valid OD pairs for R1C1_C
Generating focused traffic: Period 4.5534s
[INFO] Subscriptions active: 6 (libsumo, fast mode)
[INFO] Episode duration: 900s (15 min)

[DEBUG] 🎯 Célzott Forgalom Generálása (R1C1_C) | Period: 4.0875
Found 6 valid OD pairs for R1C1_C
Generating focused traffic: Period 4.0875s
[INFO] Subscriptions active: 6 (libsumo, fast mode)
[INFO] Episode duration: 1800s (30 min)

[DEBUG] 🎯 Célzott Forgalom Generálása (R1C1_C) | Period: 5.1567
Found 6 valid OD pairs for R1C1_C
Generating focused traffic: Period 5.1567s
[INFO] Subscriptions active: 6 (libsumo, fast mode)
[INFO] Episode duration: 3600s (60 min)

[DEBUG] 🎯 Célzott Forgalom Generálása (R1C1_C) | Period: 4.7646
Found 6 valid OD pairs for R1C1_C
Generating focused traffic: Period 4.7646s
[INFO] Subscriptions active: 6 (libsumo, fast mode)
[INFO] Episode duration: 3600s (60 min)

[DEBUG] 🎯 Célzott Forgalom Generálása (R1C1_C) | Period: 6.7849
Found 6 valid OD pairs for R1C1_C
Generating focused traffic: Period 6.7849s
[INFO] Subscriptions active: 6 (libsumo, fast mode)
[INFO] Episode duration: 3600s (60 min)

[DEBUG] 🎯 Célzott Forgalom Generálása (R1C1_C) | Period: 4.5406
Found 6 valid OD pairs for R1C1_C
Generating focused traffic: Period 4.5406s
[INFO] Subscriptions active: 6 (libsumo, fast mode)
[INFO] Episode duration: 1800s (30 min)

[DEBUG] 🎯 Célzott Forgalom Generálása (R1C1_C) | Period: 6.4984
Found 6 valid OD pairs for R1C1_C
Generating focused traffic: Period 6.4984s
[INFO] Subscriptions active: 6 (libsumo, fast mode)
[INFO] Episode duration: 2700s (45 min)

[DEBUG] 🎯 Célzott Forgalom Generálása (R1C1_C) | Period: 6.3222
Found 6 valid OD pairs for R1C1_C
Generating focused traffic: Period 6.3222s
[INFO] Subscriptions active: 6 (libsumo, fast mode)
[INFO] Episode duration: 2700s (45 min)

[DEBUG] 🎯 Célzott Forgalom Generálása (R1C1_C) | Period: 5.333
Found 6 valid OD pairs for R1C1_C
Generating focused traffic: Period 5.3330s
[INFO] Subscriptions active: 6 (libsumo, fast mode)
[INFO] Episode duration: 3600s (60 min)

[DEBUG] 🎯 Célzott Forgalom Generálása (R1C1_C) | Period: 4.15
Found 6 valid OD pairs for R1C1_C
Generating focused traffic: Period 4.1500s
[INFO] Subscriptions active: 6 (libsumo, fast mode)
[INFO] Episode duration: 1800s (30 min)

[DEBUG] 🎯 Célzott Forgalom Generálása (R1C1_C) | Period: 6.4079
Found 6 valid OD pairs for R1C1_C
Generating focused traffic: Period 6.4079s
[INFO] Subscriptions active: 6 (libsumo, fast mode)
[INFO] Episode duration: 3600s (60 min)

[DEBUG] 🎯 Célzott Forgalom Generálása (R1C1_C) | Period: 4.3759
Found 6 valid OD pairs for R1C1_C
Generating focused traffic: Period 4.3759s
[INFO] Subscriptions active: 6 (libsumo, fast mode)
[INFO] Episode duration: 3600s (60 min)

[DEBUG] 🎯 Célzott Forgalom Generálása (R1C1_C) | Period: 7.033
Found 6 valid OD pairs for R1C1_C
Generating focused traffic: Period 7.0330s
[INFO] Subscriptions active: 6 (libsumo, fast mode)
[INFO] Episode duration: 1800s (30 min)

[DEBUG] 🎯 Célzott Forgalom Generálása (R1C1_C) | Period: 4.6147
Found 6 valid OD pairs for R1C1_C
Generating focused traffic: Period 4.6147s
[INFO] Subscriptions active: 6 (libsumo, fast mode)
[INFO] Episode duration: 2700s (45 min)

[DEBUG] 🎯 Célzott Forgalom Generálása (R1C1_C) | Period: 4.05
Found 6 valid OD pairs for R1C1_C
Generating focused traffic: Period 4.0500s
[INFO] Subscriptions active: 6 (libsumo, fast mode)
[INFO] Episode duration: 1800s (30 min)

[DEBUG] 🎯 Célzott Forgalom Generálása (R1C1_C) | Period: 6.0334
Found 6 valid OD pairs for R1C1_C
Generating focused traffic: Period 6.0334s
[INFO] Subscriptions active: 6 (libsumo, fast mode)
------------------------------------------
| rollout/                |              |
|    ep_len_mean          | 457          |
|    ep_rew_mean          | 215          |
| time/                   |              |
|    fps                  | 110          |
|    iterations           | 40           |
|    time_elapsed         | 741          |
|    total_timesteps      | 81920        |
| train/                  |              |
|    approx_kl            | 0.0007410539 |
|    clip_fraction        | 0.00737      |
|    clip_range           | 0.2          |
|    entropy_loss         | -0.0755      |
|    explained_variance   | -0.00361     |
|    learning_rate        | 0.0001       |
|    loss                 | 25.2         |
|    n_updates            | 390          |
|    policy_gradient_loss | -0.00091     |
|    value_loss           | 27.8         |
------------------------------------------
[INFO] Episode duration: 2700s (45 min)

[DEBUG] 🎯 Célzott Forgalom Generálása (R1C1_C) | Period: 4.8252
Found 6 valid OD pairs for R1C1_C
Generating focused traffic: Period 4.8252s
[INFO] Subscriptions active: 6 (libsumo, fast mode)
[INFO] Episode duration: 900s (15 min)

[DEBUG] 🎯 Célzott Forgalom Generálása (R1C1_C) | Period: 6.2214
Found 6 valid OD pairs for R1C1_C
Generating focused traffic: Period 6.2214s
[INFO] Subscriptions active: 6 (libsumo, fast mode)
[INFO] Episode duration: 900s (15 min)

[DEBUG] 🎯 Célzott Forgalom Generálása (R1C1_C) | Period: 6.8429
Found 6 valid OD pairs for R1C1_C
Generating focused traffic: Period 6.8429s
[INFO] Subscriptions active: 6 (libsumo, fast mode)
[INFO] Episode duration: 900s (15 min)

[DEBUG] 🎯 Célzott Forgalom Generálása (R1C1_C) | Period: 7.9631
Found 6 valid OD pairs for R1C1_C
Generating focused traffic: Period 7.9631s
[INFO] Subscriptions active: 6 (libsumo, fast mode)
[INFO] Episode duration: 3600s (60 min)

[DEBUG] 🎯 Célzott Forgalom Generálása (R1C1_C) | Period: 4.1725
Found 6 valid OD pairs for R1C1_C
Generating focused traffic: Period 4.1725s
[INFO] Subscriptions active: 6 (libsumo, fast mode)
[INFO] Episode duration: 2700s (45 min)

[DEBUG] 🎯 Célzott Forgalom Generálása (R1C1_C) | Period: 6.8691
Found 6 valid OD pairs for R1C1_C
Generating focused traffic: Period 6.8691s
[INFO] Subscriptions active: 6 (libsumo, fast mode)
[INFO] Episode duration: 900s (15 min)

[DEBUG] 🎯 Célzott Forgalom Generálása (R1C1_C) | Period: 7.9036
Found 6 valid OD pairs for R1C1_C
Generating focused traffic: Period 7.9036s
[INFO] Subscriptions active: 6 (libsumo, fast mode)
[INFO] Episode duration: 2700s (45 min)

[DEBUG] 🎯 Célzott Forgalom Generálása (R1C1_C) | Period: 4.3239
Found 6 valid OD pairs for R1C1_C
Generating focused traffic: Period 4.3239s
[INFO] Subscriptions active: 6 (libsumo, fast mode)
[INFO] Episode duration: 1800s (30 min)

[DEBUG] 🎯 Célzott Forgalom Generálása (R1C1_C) | Period: 6.0267
Found 6 valid OD pairs for R1C1_C
Generating focused traffic: Period 6.0267s
[INFO] Subscriptions active: 6 (libsumo, fast mode)
[INFO] Episode duration: 1800s (30 min)

[DEBUG] 🎯 Célzott Forgalom Generálása (R1C1_C) | Period: 6.6498
Found 6 valid OD pairs for R1C1_C
Generating focused traffic: Period 6.6498s
[INFO] Subscriptions active: 6 (libsumo, fast mode)
[INFO] Episode duration: 900s (15 min)

[DEBUG] 🎯 Célzott Forgalom Generálása (R1C1_C) | Period: 5.6453
Found 6 valid OD pairs for R1C1_C
Generating focused traffic: Period 5.6453s
[INFO] Subscriptions active: 6 (libsumo, fast mode)
[INFO] Episode duration: 2700s (45 min)

[DEBUG] 🎯 Célzott Forgalom Generálása (R1C1_C) | Period: 7.6203
Found 6 valid OD pairs for R1C1_C
Generating focused traffic: Period 7.6203s
[INFO] Subscriptions active: 6 (libsumo, fast mode)
[INFO] Episode duration: 900s (15 min)

[DEBUG] 🎯 Célzott Forgalom Generálása (R1C1_C) | Period: 7.1595
Found 6 valid OD pairs for R1C1_C
Generating focused traffic: Period 7.1595s
[INFO] Subscriptions active: 6 (libsumo, fast mode)
[INFO] Episode duration: 2700s (45 min)

[DEBUG] 🎯 Célzott Forgalom Generálása (R1C1_C) | Period: 5.0564
Found 6 valid OD pairs for R1C1_C
Generating focused traffic: Period 5.0564s
[INFO] Subscriptions active: 6 (libsumo, fast mode)
[INFO] Episode duration: 3600s (60 min)

[DEBUG] 🎯 Célzott Forgalom Generálása (R1C1_C) | Period: 6.3945
Found 6 valid OD pairs for R1C1_C
Generating focused traffic: Period 6.3945s
[INFO] Subscriptions active: 6 (libsumo, fast mode)
[INFO] Episode duration: 2700s (45 min)

[DEBUG] 🎯 Célzott Forgalom Generálása (R1C1_C) | Period: 4.5741
Found 6 valid OD pairs for R1C1_C
Generating focused traffic: Period 4.5741s
[INFO] Subscriptions active: 6 (libsumo, fast mode)
[INFO] Episode duration: 3600s (60 min)

[DEBUG] 🎯 Célzott Forgalom Generálása (R1C1_C) | Period: 6.1696
Found 6 valid OD pairs for R1C1_C
Generating focused traffic: Period 6.1696s
[INFO] Subscriptions active: 6 (libsumo, fast mode)
[INFO] Episode duration: 1800s (30 min)

[DEBUG] 🎯 Célzott Forgalom Generálása (R1C1_C) | Period: 4.7923
Found 6 valid OD pairs for R1C1_C
Generating focused traffic: Period 4.7923s
[INFO] Subscriptions active: 6 (libsumo, fast mode)
[INFO] Episode duration: 1800s (30 min)

[DEBUG] 🎯 Célzott Forgalom Generálása (R1C1_C) | Period: 6.4298
Found 6 valid OD pairs for R1C1_C
Generating focused traffic: Period 6.4298s
[INFO] Subscriptions active: 6 (libsumo, fast mode)
[INFO] Episode duration: 1800s (30 min)

[DEBUG] 🎯 Célzott Forgalom Generálása (R1C1_C) | Period: 7.8721
Found 6 valid OD pairs for R1C1_C
Generating focused traffic: Period 7.8721s
[INFO] Subscriptions active: 6 (libsumo, fast mode)
[INFO] Episode duration: 1800s (30 min)

[DEBUG] 🎯 Célzott Forgalom Generálása (R1C1_C) | Period: 7.2993
Found 6 valid OD pairs for R1C1_C
Generating focused traffic: Period 7.2993s
[INFO] Subscriptions active: 6 (libsumo, fast mode)
[INFO] Episode duration: 3600s (60 min)

[DEBUG] 🎯 Célzott Forgalom Generálása (R1C1_C) | Period: 6.2773
Found 6 valid OD pairs for R1C1_C
Generating focused traffic: Period 6.2773s
[INFO] Subscriptions active: 6 (libsumo, fast mode)
[INFO] Episode duration: 2700s (45 min)

[DEBUG] 🎯 Célzott Forgalom Generálása (R1C1_C) | Period: 7.433
Found 6 valid OD pairs for R1C1_C
Generating focused traffic: Period 7.4330s
[INFO] Subscriptions active: 6 (libsumo, fast mode)
[INFO] Episode duration: 1800s (30 min)

[DEBUG] 🎯 Célzott Forgalom Generálása (R1C1_C) | Period: 4.4311
Found 6 valid OD pairs for R1C1_C
Generating focused traffic: Period 4.4311s
[INFO] Subscriptions active: 6 (libsumo, fast mode)
[INFO] Episode duration: 3600s (60 min)

[DEBUG] 🎯 Célzott Forgalom Generálása (R1C1_C) | Period: 5.1007
Found 6 valid OD pairs for R1C1_C
Generating focused traffic: Period 5.1007s
[INFO] Subscriptions active: 6 (libsumo, fast mode)
[INFO] Episode duration: 2700s (45 min)

[DEBUG] 🎯 Célzott Forgalom Generálása (R1C1_C) | Period: 5.6298
Found 6 valid OD pairs for R1C1_C
Generating focused traffic: Period 5.6298s
[INFO] Subscriptions active: 6 (libsumo, fast mode)
[INFO] Episode duration: 2700s (45 min)

[DEBUG] 🎯 Célzott Forgalom Generálása (R1C1_C) | Period: 5.5775
Found 6 valid OD pairs for R1C1_C
Generating focused traffic: Period 5.5775s
[INFO] Subscriptions active: 6 (libsumo, fast mode)
[INFO] Episode duration: 2700s (45 min)

[DEBUG] 🎯 Célzott Forgalom Generálása (R1C1_C) | Period: 6.2695
Found 6 valid OD pairs for R1C1_C
Generating focused traffic: Period 6.2695s
[INFO] Subscriptions active: 6 (libsumo, fast mode)
[INFO] Episode duration: 3600s (60 min)

[DEBUG] 🎯 Célzott Forgalom Generálása (R1C1_C) | Period: 6.9294
Found 6 valid OD pairs for R1C1_C
Generating focused traffic: Period 6.9294s
[INFO] Subscriptions active: 6 (libsumo, fast mode)
[INFO] Episode duration: 3600s (60 min)

[DEBUG] 🎯 Célzott Forgalom Generálása (R1C1_C) | Period: 4.579
Found 6 valid OD pairs for R1C1_C
Generating focused traffic: Period 4.5790s
[INFO] Subscriptions active: 6 (libsumo, fast mode)
[INFO] Episode duration: 900s (15 min)

[DEBUG] 🎯 Célzott Forgalom Generálása (R1C1_C) | Period: 6.8358
Found 6 valid OD pairs for R1C1_C
Generating focused traffic: Period 6.8358s
[INFO] Subscriptions active: 6 (libsumo, fast mode)
[INFO] Episode duration: 900s (15 min)

[DEBUG] 🎯 Célzott Forgalom Generálása (R1C1_C) | Period: 4.6643
Found 6 valid OD pairs for R1C1_C
Generating focused traffic: Period 4.6643s
[INFO] Subscriptions active: 6 (libsumo, fast mode)
[INFO] Episode duration: 900s (15 min)

[DEBUG] 🎯 Célzott Forgalom Generálása (R1C1_C) | Period: 7.9869
Found 6 valid OD pairs for R1C1_C
Generating focused traffic: Period 7.9869s
[INFO] Subscriptions active: 6 (libsumo, fast mode)
[INFO] Episode duration: 2700s (45 min)

[DEBUG] 🎯 Célzott Forgalom Generálása (R1C1_C) | Period: 4.2555
Found 6 valid OD pairs for R1C1_C
Generating focused traffic: Period 4.2555s
[INFO] Subscriptions active: 6 (libsumo, fast mode)
[INFO] Episode duration: 2700s (45 min)
wandb: WARNING Symlinked 1 file into the W&B run directory; call wandb.save again to sync new files.
/Users/wagnertamas/Documents/Munka/cikkek/AI_agens_konyvtar/support/intergreen_matrix_calculator/rl_trainer.py:857: UserWarning: Exporting a model while it is in training mode. Please ensure that this is intended, as it may lead to different behavior during inference. Calling model.eval() before export is recommended.
  torch.onnx.export(
/Users/wagnertamas/Documents/Munka/cikkek/AI_agens_konyvtar/support/intergreen_matrix_calculator/rl_trainer.py:857: UserWarning: # 'dynamic_axes' is not recommended when dynamo=True, and may lead to 'torch._dynamo.exc.UserError: Constraints violated.' Supply the 'dynamic_shapes' argument instead if export is unsuccessful.
  torch.onnx.export(
wandb: updating run metadata
wandb: uploading output.log; uploading pytorch_models/R1C1_C.zip
wandb: uploading summary, console lines 1447-1457
wandb: 
wandb: Run history:
wandb:         R1C1_C/action_pct/phase_0 ▇▇▇▇▇▆▅▆▅▇▇█▅▅▄▃▃▃▂▂▂▄▃▂▂▂▂▁▁▁▁▁▁▁▁▂▁▁
wandb:         R1C1_C/action_pct/phase_1 ▆█▇▆▆▆▆▆▆▅▅▅▄▃▂▃▂▂▂▂▂▂▂▂▂▂▂▁▂▁▁▁▁▁▁▁▁▁▁▁
wandb:         R1C1_C/action_pct/phase_2 ▂▂▂▂▂▃▃▂▂▂▂▂▁▂▁▁▁▁▁▂▇▃▆▇▇███████████████
wandb:         R1C1_C/action_pct/phase_3 ▃▃▃▃▃▃▃▄▅▄▄▄▆▆▆▇▇▇██▇▂▁▇▃▁▂▁▁▁▁▁▁▁▁▁▁▁▁▁
wandb:         R1C1_C/train/entropy_loss ▁▁▁▂▂▂▂▂▂▃▃▃▃▄▄▅▄▆▆▆▆▇▇▇▇███████████████
wandb:        R1C1_C/train/learning_rate ▁▁▁▁▁▁▁▁▁▁▁▁▁▁▁▁▁▁▁▁▁▁▁▁▁▁▁▁▁▁▁▁▁▁▁▁▁▁▁▁
wandb:                 R1C1_C/train/loss ▁▁▁▁▁▁▁▂▁▁▄▄▁▁▁▂▂▃▃▁▃▃▂▆▁▁▇▇▅▆▇▇▇▄▄█▃▄▄▃
wandb: R1C1_C/train/policy_gradient_loss ▆▆▅▆▄▆▃▄▄▄▁▁▁▂▅▅▅▄▄▅▅▅▅▅▆▅▅▆▇▇▇▇▇▇█▇████
wandb:           R1C1_C/train/value_loss ▁▁▁▂▂▂▂▃▃▄▂▂▃▃▃▃▅▅▅▅▄▄▄▅▅▄▆▄▄▅▅▅▅▆▄▇▇▇▄█
wandb:                        avg_reward ▅▃▁▅▂▄▄▅▃▂▅▃█▃▃▅▄▃▆▄▆▆▆▅██▅▆▅▅▆▆▆▅▆▆▆█▅█
wandb:                                +9 ...
wandb: 
wandb: Run summary:
wandb:         R1C1_C/action_pct/phase_0 0.18519
wandb:         R1C1_C/action_pct/phase_1 1.11111
wandb:         R1C1_C/action_pct/phase_2 98.88889
wandb:         R1C1_C/action_pct/phase_3 0.55556
wandb:         R1C1_C/train/entropy_loss -0.05552
wandb:        R1C1_C/train/learning_rate 0.0001
wandb:                 R1C1_C/train/loss 8.27161
wandb: R1C1_C/train/policy_gradient_loss -0.00019
wandb:           R1C1_C/train/value_loss 43.70971
wandb:                        avg_reward 0.60693
wandb:                                +9 ...
wandb: 
wandb: 🚀 View run ppo_co2_speedstd_3x64_3_R1C1_C at: https://wandb.ai/wagnertamas-budapesti-m-szaki-s-gazdas-gtudom-nyi-egyetem/sumo-rl-stat/runs/tghcrx9s
wandb: ⭐️ View project at: https://wandb.ai/wagnertamas-budapesti-m-szaki-s-gazdas-gtudom-nyi-egyetem/sumo-rl-stat
wandb: Synced 5 W&B file(s), 0 media file(s), 0 artifact file(s) and 1 other file(s)
wandb: Find logs at: ./wandb/run-20260322_005935-tghcrx9s/logs

[DEBUG] 🎯 Célzott Forgalom Generálása (R1C1_C) | Period: 7.5185
Found 6 valid OD pairs for R1C1_C
Generating focused traffic: Period 7.5185s
[INFO] Subscriptions active: 6 (libsumo, fast mode)
[INFO] Episode duration: 2700s (45 min)

[DEBUG] 🎯 Célzott Forgalom Generálása (R1C1_C) | Period: 7.9934
Found 6 valid OD pairs for R1C1_C
Generating focused traffic: Period 7.9934s
[INFO] Subscriptions active: 6 (libsumo, fast mode)
[INFO] Episode duration: 900s (15 min)

[DEBUG] 🎯 Célzott Forgalom Generálása (R1C1_C) | Period: 5.0196
Found 6 valid OD pairs for R1C1_C
Generating focused traffic: Period 5.0196s
[INFO] Subscriptions active: 6 (libsumo, fast mode)
[INFO] Episode duration: 900s (15 min)

[DEBUG] 🎯 Célzott Forgalom Generálása (R1C1_C) | Period: 7.033
Found 6 valid OD pairs for R1C1_C
Generating focused traffic: Period 7.0330s
[INFO] Subscriptions active: 6 (libsumo, fast mode)
[INFO] Episode duration: 3600s (60 min)

[DEBUG] 🎯 Célzott Forgalom Generálása (R1C1_C) | Period: 5.166
Found 6 valid OD pairs for R1C1_C
Generating focused traffic: Period 5.1660s
[INFO] Subscriptions active: 6 (libsumo, fast mode)
[INFO] Episode duration: 2700s (45 min)

[DEBUG] 🎯 Célzott Forgalom Generálása (R1C1_C) | Period: 5.8705
Found 6 valid OD pairs for R1C1_C
Generating focused traffic: Period 5.8705s
[INFO] Subscriptions active: 6 (libsumo, fast mode)
[INFO] Episode duration: 900s (15 min)

[DEBUG] 🎯 Célzott Forgalom Generálása (R1C1_C) | Period: 4.5789
Found 6 valid OD pairs for R1C1_C
Generating focused traffic: Period 4.5789s
[INFO] Subscriptions active: 6 (libsumo, fast mode)
[INFO] Episode duration: 2700s (45 min)

[DEBUG] 🎯 Célzott Forgalom Generálása (R1C1_C) | Period: 7.2031
Found 6 valid OD pairs for R1C1_C
Generating focused traffic: Period 7.2031s
[INFO] Subscriptions active: 6 (libsumo, fast mode)
On-policy training completed.
Closing environment and EXPORTING models...
Saving PyTorch ZIP models to /Users/wagnertamas/Documents/Munka/cikkek/AI_agens_konyvtar/support/intergreen_matrix_calculator/data/runs/pytorch_models...
Saved PyTorch R1C1_C to /Users/wagnertamas/Documents/Munka/cikkek/AI_agens_konyvtar/support/intergreen_matrix_calculator/data/runs/pytorch_models/R1C1_C.zip
Exporting ONNX models to /Users/wagnertamas/Documents/Munka/cikkek/AI_agens_konyvtar/support/intergreen_matrix_calculator/data/runs/onnx_models...
Failed to export R1C1_C: # Failed to convert 'dynamic_axes' to 'dynamic_shapes'. Please provide 'dynamic_shapes' directly. Refer to the documentation for 'torch.export.export' for more information on dynamic shapes.
Cleanup done.
