wandb: [wandb.login()] Loaded credentials for https://api.wandb.ai from /Users/wagnertamas/.netrc.
wandb: Currently logged in as: wagnertamas (wagnertamas-budapesti-m-szaki-s-gazdas-gtudom-nyi-egyetem) to https://api.wandb.ai. Use `wandb login --relogin` to force relogin
wandb: setting up run e7joeskh
wandb: Tracking run with wandb version 0.25.1
wandb: Run data is saved locally in /Users/wagnertamas/Documents/Munka/cikkek/AI_agens_konyvtar/support/intergreen_matrix_calculator/wandb/run-20260408_030822-e7joeskh
wandb: Run `wandb offline` to turn off syncing.
wandb: Syncing run ppo_speed_throughput_2x64_2_R1C1_C
wandb: ⭐️ View project at https://wandb.ai/wagnertamas-budapesti-m-szaki-s-gazdas-gtudom-nyi-egyetem/sumo-rl-stat-2
wandb: 🚀 View run at https://wandb.ai/wagnertamas-budapesti-m-szaki-s-gazdas-gtudom-nyi-egyetem/sumo-rl-stat-2/runs/e7joeskh
[INFO] Config: training_config.yaml
[INFO] Net: /Users/wagnertamas/Documents/Munka/cikkek/AI_agens_konyvtar/support/intergreen_matrix_calculator/data/mega_catalogue_v2.net.xml
[INFO] Timesteps: 100000 | Project: sumo-rl-stat-2
[INFO] Junction: R1C1_C
[INFO] Algorithm: ppo | Reward: speed_throughput
[INFO] Load model: None (fresh)
[INFO] Traffic: random target+spread (epizódonként)
Initializing Environment (algorithm=ppo, reward=speed_throughput)...
[INFO] Algorithm: ppo (on_policy)
[INFO] Reward mode: speed_throughput
WandB config applied (Sweep compatible).
[INFO] Junction reward params auto-loaded from /Users/wagnertamas/Documents/Munka/cikkek/AI_agens_konyvtar/support/intergreen_matrix_calculator/data/junction_reward_params.json
[INFO] Using 'traci' (USE_LIBSUMO=0, parallel slave).
Starting SUMO...
[INFO] Episode duration: 1800s (30 min)

[DEBUG] 🎯 Célzott Forgalom Generálása (R1C1_C) | Period: 4.6908
Found 6 valid OD pairs for R1C1_C
Generating focused traffic: Period 4.6908s
 Retrying in 1 seconds
[INFO] Network mapped: 1 agents, 3 detectors, 3 lanes
[INFO] Subscriptions active: 6 (traci, fast mode)
Agents discovered: ['R1C1_C']
[INFO] RL device: mps
[INFO] On-policy training: ppo → R1C1_C
[INFO] Env reset az observation/action space inicializálásához...
[INFO] Episode duration: 900s (15 min)

[DEBUG] 🎯 Célzott Forgalom Generálása (R1C1_C) | Period: 5.3259
Found 6 valid OD pairs for R1C1_C
Generating focused traffic: Period 5.3259s
[INFO] Subscriptions active: 6 (traci, fast mode)
Using mps device
Wrapping the env with a `Monitor` wrapper
Wrapping the env in a DummyVecEnv.
Starting on-policy training: 100000 timesteps...
[INFO] Episode duration: 3600s (60 min)

[DEBUG] 🎯 Célzott Forgalom Generálása (R1C1_C) | Period: 6.4361
Found 6 valid OD pairs for R1C1_C
Generating focused traffic: Period 6.4361s
[INFO] Subscriptions active: 6 (traci, fast mode)
Logging to /Users/wagnertamas/Documents/Munka/cikkek/AI_agens_konyvtar/support/intergreen_matrix_calculator/data/runs/sumo-rl-stat-2/R1C1_C/PPO_27
[INFO] Episode duration: 2700s (45 min)

[DEBUG] 🎯 Célzott Forgalom Generálása (R1C1_C) | Period: 6.696
Found 6 valid OD pairs for R1C1_C
Generating focused traffic: Period 6.6960s
[INFO] Subscriptions active: 6 (traci, fast mode)
  [ACTION PPO] R1C1_C: a0=25% (177) a1=27% (191) a2=25% (179) a3=24% (173)
[INFO] Episode duration: 900s (15 min)

[DEBUG] 🎯 Célzott Forgalom Generálása (R1C1_C) | Period: 4.8199
Found 6 valid OD pairs for R1C1_C
Generating focused traffic: Period 4.8199s
[INFO] Subscriptions active: 6 (traci, fast mode)
  [ACTION PPO] R1C1_C: a0=26% (142) a1=24% (130) a2=23% (124) a3=27% (144)
[INFO] Episode duration: 1800s (30 min)

[DEBUG] 🎯 Célzott Forgalom Generálása (R1C1_C) | Period: 7.9961
Found 6 valid OD pairs for R1C1_C
Generating focused traffic: Period 7.9961s
[INFO] Subscriptions active: 6 (traci, fast mode)
  [ACTION PPO] R1C1_C: a0=24% (44) a1=21% (37) a2=26% (47) a3=29% (52)
[INFO] Episode duration: 2700s (45 min)

[DEBUG] 🎯 Célzott Forgalom Generálása (R1C1_C) | Period: 6.9047
Found 6 valid OD pairs for R1C1_C
Generating focused traffic: Period 6.9047s
[INFO] Subscriptions active: 6 (traci, fast mode)
  [ACTION PPO] R1C1_C: a0=23% (84) a1=25% (91) a2=24% (86) a3=28% (99)
[INFO] Episode duration: 1800s (30 min)

[DEBUG] 🎯 Célzott Forgalom Generálása (R1C1_C) | Period: 7.5831
Found 6 valid OD pairs for R1C1_C
Generating focused traffic: Period 7.5831s
[INFO] Subscriptions active: 6 (traci, fast mode)
  [ACTION PPO] R1C1_C: a0=27% (146) a1=21% (114) a2=24% (132) a3=27% (148)
[INFO] Episode duration: 1800s (30 min)

[DEBUG] 🎯 Célzott Forgalom Generálása (R1C1_C) | Period: 5.2024
Found 6 valid OD pairs for R1C1_C
Generating focused traffic: Period 5.2024s
[INFO] Subscriptions active: 6 (traci, fast mode)
  [ACTION PPO] R1C1_C: a0=22% (81) a1=24% (86) a2=26% (93) a3=28% (100)
[INFO] Episode duration: 900s (15 min)

[DEBUG] 🎯 Célzott Forgalom Generálása (R1C1_C) | Period: 6.1782
Found 6 valid OD pairs for R1C1_C
Generating focused traffic: Period 6.1782s
[INFO] Subscriptions active: 6 (traci, fast mode)
  [ACTION PPO] R1C1_C: a0=26% (94) a1=23% (83) a2=26% (92) a3=25% (91)
[INFO] Episode duration: 2700s (45 min)

[DEBUG] 🎯 Célzott Forgalom Generálása (R1C1_C) | Period: 5.6621
Found 6 valid OD pairs for R1C1_C
Generating focused traffic: Period 5.6621s
[INFO] Subscriptions active: 6 (traci, fast mode)
  [ACTION PPO] R1C1_C: a0=23% (42) a1=23% (42) a2=23% (42) a3=30% (54)
[INFO] Episode duration: 900s (15 min)

[DEBUG] 🎯 Célzott Forgalom Generálása (R1C1_C) | Period: 4.7497
Found 6 valid OD pairs for R1C1_C
Generating focused traffic: Period 4.7497s
[INFO] Subscriptions active: 6 (traci, fast mode)
  [ACTION PPO] R1C1_C: a0=32% (171) a1=22% (118) a2=23% (123) a3=24% (128)
[INFO] Episode duration: 3600s (60 min)

[DEBUG] 🎯 Célzott Forgalom Generálása (R1C1_C) | Period: 5.9428
Found 6 valid OD pairs for R1C1_C
Generating focused traffic: Period 5.9428s
[INFO] Subscriptions active: 6 (traci, fast mode)
  [ACTION PPO] R1C1_C: a0=31% (55) a1=20% (36) a2=23% (41) a3=27% (48)
[INFO] Episode duration: 1800s (30 min)

[DEBUG] 🎯 Célzott Forgalom Generálása (R1C1_C) | Period: 6.5908
Found 6 valid OD pairs for R1C1_C
Generating focused traffic: Period 6.5908s
[INFO] Subscriptions active: 6 (traci, fast mode)
  [ACTION PPO] R1C1_C: a0=27% (194) a1=16% (118) a2=25% (182) a3=31% (226)
[INFO] Episode duration: 2700s (45 min)

[DEBUG] 🎯 Célzott Forgalom Generálása (R1C1_C) | Period: 7.3241
Found 6 valid OD pairs for R1C1_C
Generating focused traffic: Period 7.3241s
[INFO] Subscriptions active: 6 (traci, fast mode)
  [ACTION PPO] R1C1_C: a0=29% (103) a1=16% (56) a2=26% (95) a3=29% (106)
[INFO] Episode duration: 900s (15 min)

[DEBUG] 🎯 Célzott Forgalom Generálása (R1C1_C) | Period: 5.3981
Found 6 valid OD pairs for R1C1_C
Generating focused traffic: Period 5.3981s
[INFO] Subscriptions active: 6 (traci, fast mode)
  [ACTION PPO] R1C1_C: a0=26% (141) a1=20% (108) a2=22% (118) a3=32% (173)
[INFO] Episode duration: 1800s (30 min)

[DEBUG] 🎯 Célzott Forgalom Generálása (R1C1_C) | Period: 5.2059
Found 6 valid OD pairs for R1C1_C
Generating focused traffic: Period 5.2059s
[INFO] Subscriptions active: 6 (traci, fast mode)
  [ACTION PPO] R1C1_C: a0=24% (43) a1=23% (42) a2=25% (45) a3=28% (50)
[INFO] Episode duration: 1800s (30 min)

[DEBUG] 🎯 Célzott Forgalom Generálása (R1C1_C) | Period: 4.9451
Found 6 valid OD pairs for R1C1_C
Generating focused traffic: Period 4.9451s
[INFO] Subscriptions active: 6 (traci, fast mode)
  [ACTION PPO] R1C1_C: a0=22% (78) a1=16% (58) a2=27% (98) a3=35% (126)
[INFO] Episode duration: 1800s (30 min)

[DEBUG] 🎯 Célzott Forgalom Generálása (R1C1_C) | Period: 5.1436
Found 6 valid OD pairs for R1C1_C
Generating focused traffic: Period 5.1436s
[INFO] Subscriptions active: 6 (traci, fast mode)
  [ACTION PPO] R1C1_C: a0=28% (99) a1=14% (51) a2=25% (91) a3=33% (119)
[INFO] Episode duration: 900s (15 min)

[DEBUG] 🎯 Célzott Forgalom Generálása (R1C1_C) | Period: 6.6738
Found 6 valid OD pairs for R1C1_C
Generating focused traffic: Period 6.6738s
[INFO] Subscriptions active: 6 (traci, fast mode)
  [ACTION PPO] R1C1_C: a0=31% (112) a1=11% (41) a2=25% (90) a3=32% (117)
[INFO] Episode duration: 3600s (60 min)

[DEBUG] 🎯 Célzott Forgalom Generálása (R1C1_C) | Period: 4.1171
Found 6 valid OD pairs for R1C1_C
Generating focused traffic: Period 4.1171s
[INFO] Subscriptions active: 6 (traci, fast mode)
  [ACTION PPO] R1C1_C: a0=27% (49) a1=12% (21) a2=31% (56) a3=30% (54)
[INFO] Episode duration: 2700s (45 min)

[DEBUG] 🎯 Célzott Forgalom Generálása (R1C1_C) | Period: 4.1076
Found 6 valid OD pairs for R1C1_C
Generating focused traffic: Period 4.1076s
[INFO] Subscriptions active: 6 (traci, fast mode)
  [ACTION PPO] R1C1_C: a0=24% (176) a1=14% (104) a2=25% (178) a3=36% (262)
[INFO] Episode duration: 3600s (60 min)

[DEBUG] 🎯 Célzott Forgalom Generálása (R1C1_C) | Period: 6.5507
Found 6 valid OD pairs for R1C1_C
Generating focused traffic: Period 6.5507s
[INFO] Subscriptions active: 6 (traci, fast mode)
  [ACTION PPO] R1C1_C: a0=25% (137) a1=13% (69) a2=24% (127) a3=38% (207)
[INFO] Episode duration: 1800s (30 min)

[DEBUG] 🎯 Célzott Forgalom Generálása (R1C1_C) | Period: 7.752
Found 6 valid OD pairs for R1C1_C
Generating focused traffic: Period 7.7520s
[INFO] Subscriptions active: 6 (traci, fast mode)
  [ACTION PPO] R1C1_C: a0=23% (167) a1=12% (89) a2=24% (175) a3=40% (289)
[INFO] Episode duration: 900s (15 min)

[DEBUG] 🎯 Célzott Forgalom Generálása (R1C1_C) | Period: 4.1295
Found 6 valid OD pairs for R1C1_C
Generating focused traffic: Period 4.1295s
[INFO] Subscriptions active: 6 (traci, fast mode)
  [ACTION PPO] R1C1_C: a0=21% (74) a1=14% (50) a2=22% (78) a3=44% (158)
[INFO] Episode duration: 1800s (30 min)

[DEBUG] 🎯 Célzott Forgalom Generálása (R1C1_C) | Period: 4.4733
Found 6 valid OD pairs for R1C1_C
Generating focused traffic: Period 4.4733s
[INFO] Subscriptions active: 6 (traci, fast mode)
  [ACTION PPO] R1C1_C: a0=21% (38) a1=12% (22) a2=24% (43) a3=43% (77)
[INFO] Episode duration: 3600s (60 min)

[DEBUG] 🎯 Célzott Forgalom Generálása (R1C1_C) | Period: 6.6939
Found 6 valid OD pairs for R1C1_C
Generating focused traffic: Period 6.6939s
[INFO] Subscriptions active: 6 (traci, fast mode)
  [ACTION PPO] R1C1_C: a0=22% (81) a1=12% (45) a2=25% (89) a3=40% (145)
[INFO] Episode duration: 3600s (60 min)

[DEBUG] 🎯 Célzott Forgalom Generálása (R1C1_C) | Period: 7.9459
Found 6 valid OD pairs for R1C1_C
Generating focused traffic: Period 7.9459s
[INFO] Subscriptions active: 6 (traci, fast mode)
  [ACTION PPO] R1C1_C: a0=23% (164) a1=14% (102) a2=24% (170) a3=39% (284)
[INFO] Episode duration: 900s (15 min)

[DEBUG] 🎯 Célzott Forgalom Generálása (R1C1_C) | Period: 4.2251
Found 6 valid OD pairs for R1C1_C
Generating focused traffic: Period 4.2251s
[INFO] Subscriptions active: 6 (traci, fast mode)
  [ACTION PPO] R1C1_C: a0=23% (165) a1=13% (95) a2=27% (195) a3=37% (265)
[INFO] Episode duration: 900s (15 min)

[DEBUG] 🎯 Célzott Forgalom Generálása (R1C1_C) | Period: 6.4821
Found 6 valid OD pairs for R1C1_C
Generating focused traffic: Period 6.4821s
[INFO] Subscriptions active: 6 (traci, fast mode)
  [ACTION PPO] R1C1_C: a0=24% (44) a1=13% (23) a2=27% (49) a3=36% (64)
[INFO] Episode duration: 3600s (60 min)

[DEBUG] 🎯 Célzott Forgalom Generálása (R1C1_C) | Period: 6.0365
Found 6 valid OD pairs for R1C1_C
Generating focused traffic: Period 6.0365s
[INFO] Subscriptions active: 6 (traci, fast mode)
  [ACTION PPO] R1C1_C: a0=31% (55) a1=16% (28) a2=25% (45) a3=29% (52)
[INFO] Episode duration: 3600s (60 min)

[DEBUG] 🎯 Célzott Forgalom Generálása (R1C1_C) | Period: 4.3015
Found 6 valid OD pairs for R1C1_C
Generating focused traffic: Period 4.3015s
[INFO] Subscriptions active: 6 (traci, fast mode)
  [ACTION PPO] R1C1_C: a0=25% (179) a1=10% (69) a2=24% (176) a3=41% (296)
[INFO] Episode duration: 1800s (30 min)

[DEBUG] 🎯 Célzott Forgalom Generálása (R1C1_C) | Period: 4.4847
Found 6 valid OD pairs for R1C1_C
Generating focused traffic: Period 4.4847s
[INFO] Subscriptions active: 6 (traci, fast mode)
  [ACTION PPO] R1C1_C: a0=25% (178) a1=9% (62) a2=23% (166) a3=44% (314)
[INFO] Episode duration: 3600s (60 min)

[DEBUG] 🎯 Célzott Forgalom Generálása (R1C1_C) | Period: 6.1124
Found 6 valid OD pairs for R1C1_C
Generating focused traffic: Period 6.1124s
[INFO] Subscriptions active: 6 (traci, fast mode)
  [ACTION PPO] R1C1_C: a0=22% (80) a1=10% (36) a2=21% (76) a3=47% (168)
[INFO] Episode duration: 2700s (45 min)

[DEBUG] 🎯 Célzott Forgalom Generálása (R1C1_C) | Period: 6.0061
Found 6 valid OD pairs for R1C1_C
Generating focused traffic: Period 6.0061s
[INFO] Subscriptions active: 6 (traci, fast mode)
  [ACTION PPO] R1C1_C: a0=25% (182) a1=12% (85) a2=23% (168) a3=40% (285)
[INFO] Episode duration: 3600s (60 min)

[DEBUG] 🎯 Célzott Forgalom Generálása (R1C1_C) | Period: 4.5471
Found 6 valid OD pairs for R1C1_C
Generating focused traffic: Period 4.5471s
[INFO] Subscriptions active: 6 (traci, fast mode)
  [ACTION PPO] R1C1_C: a0=24% (130) a1=7% (40) a2=23% (125) a3=45% (245)
[INFO] Episode duration: 2700s (45 min)

[DEBUG] 🎯 Célzott Forgalom Generálása (R1C1_C) | Period: 4.4284
Found 6 valid OD pairs for R1C1_C
Generating focused traffic: Period 4.4284s
[INFO] Subscriptions active: 6 (traci, fast mode)
  [ACTION PPO] R1C1_C: a0=23% (165) a1=9% (65) a2=22% (162) a3=46% (328)
[INFO] Episode duration: 2700s (45 min)

[DEBUG] 🎯 Célzott Forgalom Generálása (R1C1_C) | Period: 7.9154
Found 6 valid OD pairs for R1C1_C
Generating focused traffic: Period 7.9154s
[INFO] Subscriptions active: 6 (traci, fast mode)
  [ACTION PPO] R1C1_C: a0=24% (130) a1=9% (49) a2=25% (135) a3=42% (226)
[INFO] Episode duration: 900s (15 min)

[DEBUG] 🎯 Célzott Forgalom Generálása (R1C1_C) | Period: 6.3061
Found 6 valid OD pairs for R1C1_C
Generating focused traffic: Period 6.3061s
[INFO] Subscriptions active: 6 (traci, fast mode)
  [ACTION PPO] R1C1_C: a0=21% (112) a1=9% (51) a2=24% (129) a3=46% (248)
[INFO] Episode duration: 2700s (45 min)

[DEBUG] 🎯 Célzott Forgalom Generálása (R1C1_C) | Period: 6.0216
Found 6 valid OD pairs for R1C1_C
Generating focused traffic: Period 6.0216s
[INFO] Subscriptions active: 6 (traci, fast mode)
  [ACTION PPO] R1C1_C: a0=22% (40) a1=7% (12) a2=24% (44) a3=47% (84)
[INFO] Episode duration: 2700s (45 min)

[DEBUG] 🎯 Célzott Forgalom Generálása (R1C1_C) | Period: 4.2729
Found 6 valid OD pairs for R1C1_C
Generating focused traffic: Period 4.2729s
[INFO] Subscriptions active: 6 (traci, fast mode)
  [ACTION PPO] R1C1_C: a0=25% (136) a1=6% (33) a2=21% (114) a3=48% (257)
[INFO] Episode duration: 2700s (45 min)

[DEBUG] 🎯 Célzott Forgalom Generálása (R1C1_C) | Period: 6.6127
Found 6 valid OD pairs for R1C1_C
Generating focused traffic: Period 6.6127s
[INFO] Subscriptions active: 6 (traci, fast mode)
  [ACTION PPO] R1C1_C: a0=25% (135) a1=5% (27) a2=19% (103) a3=51% (275)
[INFO] Episode duration: 1800s (30 min)

[DEBUG] 🎯 Célzott Forgalom Generálása (R1C1_C) | Period: 6.4123
Found 6 valid OD pairs for R1C1_C
Generating focused traffic: Period 6.4123s
[INFO] Subscriptions active: 6 (traci, fast mode)
  [ACTION PPO] R1C1_C: a0=24% (127) a1=7% (37) a2=18% (98) a3=51% (278)
[INFO] Episode duration: 1800s (30 min)

[DEBUG] 🎯 Célzott Forgalom Generálása (R1C1_C) | Period: 4.9557
Found 6 valid OD pairs for R1C1_C
Generating focused traffic: Period 4.9557s
[INFO] Subscriptions active: 6 (traci, fast mode)
  [ACTION PPO] R1C1_C: a0=20% (71) a1=9% (34) a2=22% (78) a3=49% (177)
[INFO] Episode duration: 2700s (45 min)

[DEBUG] 🎯 Célzott Forgalom Generálása (R1C1_C) | Period: 7.2063
Found 6 valid OD pairs for R1C1_C
Generating focused traffic: Period 7.2063s
[INFO] Subscriptions active: 6 (traci, fast mode)
  [ACTION PPO] R1C1_C: a0=23% (82) a1=7% (24) a2=19% (68) a3=52% (186)
[INFO] Episode duration: 1800s (30 min)

[DEBUG] 🎯 Célzott Forgalom Generálása (R1C1_C) | Period: 5.374
Found 6 valid OD pairs for R1C1_C
Generating focused traffic: Period 5.3740s
[INFO] Subscriptions active: 6 (traci, fast mode)
  [ACTION PPO] R1C1_C: a0=21% (112) a1=8% (41) a2=21% (112) a3=51% (275)
[INFO] Episode duration: 1800s (30 min)

[DEBUG] 🎯 Célzott Forgalom Generálása (R1C1_C) | Period: 5.4361
Found 6 valid OD pairs for R1C1_C
Generating focused traffic: Period 5.4361s
[INFO] Subscriptions active: 6 (traci, fast mode)
  [ACTION PPO] R1C1_C: a0=21% (77) a1=6% (20) a2=23% (84) a3=50% (179)
[INFO] Episode duration: 900s (15 min)

[DEBUG] 🎯 Célzott Forgalom Generálása (R1C1_C) | Period: 4.711
Found 6 valid OD pairs for R1C1_C
Generating focused traffic: Period 4.7110s
[INFO] Subscriptions active: 6 (traci, fast mode)
  [ACTION PPO] R1C1_C: a0=19% (67) a1=9% (31) a2=22% (81) a3=50% (181)
------------------------------------------
| rollout/                |              |
|    ep_len_mean          | 452          |
|    ep_rew_mean          | 54.3         |
| time/                   |              |
|    fps                  | 40           |
|    iterations           | 10           |
|    time_elapsed         | 501          |
|    total_timesteps      | 20480        |
| train/                  |              |
|    approx_kl            | 0.0056215185 |
|    clip_fraction        | 0.00996      |
|    clip_range           | 0.2          |
|    entropy_loss         | -1.18        |
|    explained_variance   | 0.0176       |
|    learning_rate        | 0.0001       |
|    loss                 | 0.652        |
|    n_updates            | 90           |
|    policy_gradient_loss | -0.00209     |
|    value_loss           | 1.6          |
------------------------------------------
[INFO] Episode duration: 900s (15 min)

[DEBUG] 🎯 Célzott Forgalom Generálása (R1C1_C) | Period: 4.1709
Found 6 valid OD pairs for R1C1_C
Generating focused traffic: Period 4.1709s
[INFO] Subscriptions active: 6 (traci, fast mode)
  [ACTION PPO] R1C1_C: a0=26% (46) a1=5% (9) a2=21% (38) a3=48% (87)
[INFO] Episode duration: 900s (15 min)

[DEBUG] 🎯 Célzott Forgalom Generálása (R1C1_C) | Period: 5.2546
Found 6 valid OD pairs for R1C1_C
Generating focused traffic: Period 5.2546s
[INFO] Subscriptions active: 6 (traci, fast mode)
  [ACTION PPO] R1C1_C: a0=29% (52) a1=7% (12) a2=23% (42) a3=41% (74)
[INFO] Episode duration: 1800s (30 min)

[DEBUG] 🎯 Célzott Forgalom Generálása (R1C1_C) | Period: 5.5928
Found 6 valid OD pairs for R1C1_C
Generating focused traffic: Period 5.5928s
[INFO] Subscriptions active: 6 (traci, fast mode)
  [ACTION PPO] R1C1_C: a0=23% (41) a1=11% (19) a2=25% (45) a3=42% (75)
[INFO] Episode duration: 3600s (60 min)

[DEBUG] 🎯 Célzott Forgalom Generálása (R1C1_C) | Period: 4.0352
Found 6 valid OD pairs for R1C1_C
Generating focused traffic: Period 4.0352s
[INFO] Subscriptions active: 6 (traci, fast mode)
  [ACTION PPO] R1C1_C: a0=26% (93) a1=7% (24) a2=20% (72) a3=48% (171)
[INFO] Episode duration: 900s (15 min)

[DEBUG] 🎯 Célzott Forgalom Generálása (R1C1_C) | Period: 6.5873
Found 6 valid OD pairs for R1C1_C
Generating focused traffic: Period 6.5873s
[INFO] Subscriptions active: 6 (traci, fast mode)
  [ACTION PPO] R1C1_C: a0=24% (174) a1=5% (34) a2=22% (158) a3=49% (354)
[INFO] Episode duration: 1800s (30 min)

[DEBUG] 🎯 Célzott Forgalom Generálása (R1C1_C) | Period: 4.4182
Found 6 valid OD pairs for R1C1_C
Generating focused traffic: Period 4.4182s
[INFO] Subscriptions active: 6 (traci, fast mode)
  [ACTION PPO] R1C1_C: a0=27% (49) a1=8% (14) a2=29% (53) a3=36% (64)
[INFO] Episode duration: 1800s (30 min)

[DEBUG] 🎯 Célzott Forgalom Generálása (R1C1_C) | Period: 4.332
Found 6 valid OD pairs for R1C1_C
Generating focused traffic: Period 4.3320s
[INFO] Subscriptions active: 6 (traci, fast mode)
  [ACTION PPO] R1C1_C: a0=25% (90) a1=6% (21) a2=19% (70) a3=50% (179)
[INFO] Episode duration: 3600s (60 min)

[DEBUG] 🎯 Célzott Forgalom Generálása (R1C1_C) | Period: 5.0504
Found 6 valid OD pairs for R1C1_C
Generating focused traffic: Period 5.0504s
[INFO] Subscriptions active: 6 (traci, fast mode)
  [ACTION PPO] R1C1_C: a0=26% (95) a1=4% (16) a2=17% (61) a3=52% (188)
[INFO] Episode duration: 1800s (30 min)

[DEBUG] 🎯 Célzott Forgalom Generálása (R1C1_C) | Period: 5.1343
Found 6 valid OD pairs for R1C1_C
Generating focused traffic: Period 5.1343s
[INFO] Subscriptions active: 6 (traci, fast mode)
  [ACTION PPO] R1C1_C: a0=28% (205) a1=6% (40) a2=23% (168) a3=43% (307)
[INFO] Episode duration: 2700s (45 min)

[DEBUG] 🎯 Célzott Forgalom Generálása (R1C1_C) | Period: 4.8471
Found 6 valid OD pairs for R1C1_C
Generating focused traffic: Period 4.8471s
[INFO] Subscriptions active: 6 (traci, fast mode)
  [ACTION PPO] R1C1_C: a0=29% (105) a1=7% (25) a2=19% (69) a3=45% (161)
[INFO] Episode duration: 900s (15 min)

[DEBUG] 🎯 Célzott Forgalom Generálása (R1C1_C) | Period: 6.8716
Found 6 valid OD pairs for R1C1_C
Generating focused traffic: Period 6.8716s
[INFO] Subscriptions active: 6 (traci, fast mode)
  [ACTION PPO] R1C1_C: a0=29% (159) a1=6% (35) a2=19% (102) a3=45% (244)
[INFO] Episode duration: 1800s (30 min)

[DEBUG] 🎯 Célzott Forgalom Generálása (R1C1_C) | Period: 6.2046
Found 6 valid OD pairs for R1C1_C
Generating focused traffic: Period 6.2046s
[INFO] Subscriptions active: 6 (traci, fast mode)
  [ACTION PPO] R1C1_C: a0=34% (62) a1=7% (13) a2=24% (44) a3=34% (61)
[INFO] Episode duration: 2700s (45 min)

[DEBUG] 🎯 Célzott Forgalom Generálása (R1C1_C) | Period: 5.4409
Found 6 valid OD pairs for R1C1_C
Generating focused traffic: Period 5.4409s
[INFO] Subscriptions active: 6 (traci, fast mode)
  [ACTION PPO] R1C1_C: a0=29% (105) a1=9% (33) a2=25% (90) a3=37% (132)
[INFO] Episode duration: 1800s (30 min)

[DEBUG] 🎯 Célzott Forgalom Generálása (R1C1_C) | Period: 5.8238
Found 6 valid OD pairs for R1C1_C
Generating focused traffic: Period 5.8238s
[INFO] Subscriptions active: 6 (traci, fast mode)
  [ACTION PPO] R1C1_C: a0=29% (155) a1=6% (34) a2=25% (134) a3=40% (217)
[INFO] Episode duration: 1800s (30 min)

[DEBUG] 🎯 Célzott Forgalom Generálása (R1C1_C) | Period: 4.6761
Found 6 valid OD pairs for R1C1_C
Generating focused traffic: Period 4.6761s
[INFO] Subscriptions active: 6 (traci, fast mode)
  [ACTION PPO] R1C1_C: a0=31% (113) a1=6% (23) a2=25% (90) a3=37% (134)
[INFO] Episode duration: 900s (15 min)

[DEBUG] 🎯 Célzott Forgalom Generálása (R1C1_C) | Period: 4.1398
Found 6 valid OD pairs for R1C1_C
Generating focused traffic: Period 4.1398s
[INFO] Subscriptions active: 6 (traci, fast mode)
  [ACTION PPO] R1C1_C: a0=31% (110) a1=7% (24) a2=23% (83) a3=40% (143)
[INFO] Episode duration: 1800s (30 min)

[DEBUG] 🎯 Célzott Forgalom Generálása (R1C1_C) | Period: 4.723
Found 6 valid OD pairs for R1C1_C
Generating focused traffic: Period 4.7230s
[INFO] Subscriptions active: 6 (traci, fast mode)
  [ACTION PPO] R1C1_C: a0=28% (51) a1=6% (11) a2=22% (39) a3=44% (79)
[INFO] Episode duration: 2700s (45 min)

[DEBUG] 🎯 Célzott Forgalom Generálása (R1C1_C) | Period: 4.7245
Found 6 valid OD pairs for R1C1_C
Generating focused traffic: Period 4.7245s
[INFO] Subscriptions active: 6 (traci, fast mode)
  [ACTION PPO] R1C1_C: a0=31% (111) a1=8% (27) a2=25% (91) a3=36% (131)
[INFO] Episode duration: 1800s (30 min)

[DEBUG] 🎯 Célzott Forgalom Generálása (R1C1_C) | Period: 5.0825
Found 6 valid OD pairs for R1C1_C
Generating focused traffic: Period 5.0825s
[INFO] Subscriptions active: 6 (traci, fast mode)
  [ACTION PPO] R1C1_C: a0=32% (171) a1=8% (42) a2=28% (152) a3=32% (175)
[INFO] Episode duration: 1800s (30 min)

[DEBUG] 🎯 Célzott Forgalom Generálása (R1C1_C) | Period: 6.3324
Found 6 valid OD pairs for R1C1_C
Generating focused traffic: Period 6.3324s
[INFO] Subscriptions active: 6 (traci, fast mode)
  [ACTION PPO] R1C1_C: a0=30% (107) a1=9% (31) a2=27% (98) a3=34% (124)
[INFO] Episode duration: 2700s (45 min)

[DEBUG] 🎯 Célzott Forgalom Generálása (R1C1_C) | Period: 6.8688
Found 6 valid OD pairs for R1C1_C
Generating focused traffic: Period 6.8688s
[INFO] Subscriptions active: 6 (traci, fast mode)
  [ACTION PPO] R1C1_C: a0=30% (108) a1=6% (20) a2=30% (108) a3=34% (124)
[INFO] Episode duration: 3600s (60 min)

[DEBUG] 🎯 Célzott Forgalom Generálása (R1C1_C) | Period: 7.6594
Found 6 valid OD pairs for R1C1_C
Generating focused traffic: Period 7.6594s
[INFO] Subscriptions active: 6 (traci, fast mode)
  [ACTION PPO] R1C1_C: a0=28% (149) a1=8% (43) a2=29% (155) a3=36% (193)
[INFO] Episode duration: 900s (15 min)

[DEBUG] 🎯 Célzott Forgalom Generálása (R1C1_C) | Period: 6.2609
Found 6 valid OD pairs for R1C1_C
Generating focused traffic: Period 6.2609s
[INFO] Subscriptions active: 6 (traci, fast mode)
  [ACTION PPO] R1C1_C: a0=24% (174) a1=7% (50) a2=37% (269) a3=32% (227)
[INFO] Episode duration: 1800s (30 min)

[DEBUG] 🎯 Célzott Forgalom Generálása (R1C1_C) | Period: 7.4667
Found 6 valid OD pairs for R1C1_C
Generating focused traffic: Period 7.4667s
[INFO] Subscriptions active: 6 (traci, fast mode)
  [ACTION PPO] R1C1_C: a0=29% (53) a1=4% (8) a2=32% (58) a3=34% (61)
[INFO] Episode duration: 900s (15 min)

[DEBUG] 🎯 Célzott Forgalom Generálása (R1C1_C) | Period: 7.3254
Found 6 valid OD pairs for R1C1_C
Generating focused traffic: Period 7.3254s
[INFO] Subscriptions active: 6 (traci, fast mode)
  [ACTION PPO] R1C1_C: a0=31% (113) a1=8% (29) a2=32% (115) a3=29% (103)
[INFO] Episode duration: 900s (15 min)

[DEBUG] 🎯 Célzott Forgalom Generálása (R1C1_C) | Period: 7.4898
Found 6 valid OD pairs for R1C1_C
Generating focused traffic: Period 7.4898s
[INFO] Subscriptions active: 6 (traci, fast mode)
  [ACTION PPO] R1C1_C: a0=28% (50) a1=6% (11) a2=31% (56) a3=35% (63)
[INFO] Episode duration: 1800s (30 min)

[DEBUG] 🎯 Célzott Forgalom Generálása (R1C1_C) | Period: 4.601
Found 6 valid OD pairs for R1C1_C
Generating focused traffic: Period 4.6010s
[INFO] Subscriptions active: 6 (traci, fast mode)
  [ACTION PPO] R1C1_C: a0=26% (47) a1=6% (11) a2=34% (62) a3=33% (60)
[INFO] Episode duration: 1800s (30 min)

[DEBUG] 🎯 Célzott Forgalom Generálása (R1C1_C) | Period: 5.5968
Found 6 valid OD pairs for R1C1_C
Generating focused traffic: Period 5.5968s
[INFO] Subscriptions active: 6 (traci, fast mode)
  [ACTION PPO] R1C1_C: a0=36% (131) a1=9% (33) a2=27% (96) a3=28% (100)
[INFO] Episode duration: 900s (15 min)

[DEBUG] 🎯 Célzott Forgalom Generálása (R1C1_C) | Period: 5.9787
Found 6 valid OD pairs for R1C1_C
Generating focused traffic: Period 5.9787s
[INFO] Subscriptions active: 6 (traci, fast mode)
  [ACTION PPO] R1C1_C: a0=29% (105) a1=6% (22) a2=34% (121) a3=31% (112)
[INFO] Episode duration: 900s (15 min)

[DEBUG] 🎯 Célzott Forgalom Generálása (R1C1_C) | Period: 5.4989
Found 6 valid OD pairs for R1C1_C
Generating focused traffic: Period 5.4989s
[INFO] Subscriptions active: 6 (traci, fast mode)
  [ACTION PPO] R1C1_C: a0=26% (46) a1=8% (14) a2=27% (49) a3=39% (71)
[INFO] Episode duration: 900s (15 min)

[DEBUG] 🎯 Célzott Forgalom Generálása (R1C1_C) | Period: 4.8933
Found 6 valid OD pairs for R1C1_C
Generating focused traffic: Period 4.8933s
[INFO] Subscriptions active: 6 (traci, fast mode)
  [ACTION PPO] R1C1_C: a0=33% (60) a1=9% (16) a2=27% (49) a3=31% (55)
[INFO] Episode duration: 2700s (45 min)

[DEBUG] 🎯 Célzott Forgalom Generálása (R1C1_C) | Period: 5.9208
Found 6 valid OD pairs for R1C1_C
Generating focused traffic: Period 5.9208s
[INFO] Subscriptions active: 6 (traci, fast mode)
  [ACTION PPO] R1C1_C: a0=33% (59) a1=4% (7) a2=32% (58) a3=31% (56)
[INFO] Episode duration: 2700s (45 min)

[DEBUG] 🎯 Célzott Forgalom Generálása (R1C1_C) | Period: 5.8682
Found 6 valid OD pairs for R1C1_C
Generating focused traffic: Period 5.8682s
[INFO] Subscriptions active: 6 (traci, fast mode)
  [ACTION PPO] R1C1_C: a0=33% (176) a1=5% (29) a2=28% (151) a3=34% (184)
[INFO] Episode duration: 2700s (45 min)

[DEBUG] 🎯 Célzott Forgalom Generálása (R1C1_C) | Period: 6.2061
Found 6 valid OD pairs for R1C1_C
Generating focused traffic: Period 6.2061s
[INFO] Subscriptions active: 6 (traci, fast mode)
  [ACTION PPO] R1C1_C: a0=30% (164) a1=5% (27) a2=29% (156) a3=36% (193)
[INFO] Episode duration: 1800s (30 min)

[DEBUG] 🎯 Célzott Forgalom Generálása (R1C1_C) | Period: 6.3613
Found 6 valid OD pairs for R1C1_C
Generating focused traffic: Period 6.3613s
[INFO] Subscriptions active: 6 (traci, fast mode)
  [ACTION PPO] R1C1_C: a0=27% (147) a1=5% (27) a2=32% (172) a3=36% (194)
[INFO] Episode duration: 1800s (30 min)

[DEBUG] 🎯 Célzott Forgalom Generálása (R1C1_C) | Period: 7.3312
Found 6 valid OD pairs for R1C1_C
Generating focused traffic: Period 7.3312s
[INFO] Subscriptions active: 6 (traci, fast mode)
  [ACTION PPO] R1C1_C: a0=26% (92) a1=4% (14) a2=35% (125) a3=36% (129)
[INFO] Episode duration: 1800s (30 min)

[DEBUG] 🎯 Célzott Forgalom Generálása (R1C1_C) | Period: 6.7865
Found 6 valid OD pairs for R1C1_C
Generating focused traffic: Period 6.7865s
[INFO] Subscriptions active: 6 (traci, fast mode)
  [ACTION PPO] R1C1_C: a0=24% (88) a1=4% (16) a2=35% (126) a3=36% (130)
[INFO] Episode duration: 1800s (30 min)

[DEBUG] 🎯 Célzott Forgalom Generálása (R1C1_C) | Period: 5.9538
Found 6 valid OD pairs for R1C1_C
Generating focused traffic: Period 5.9538s
[INFO] Subscriptions active: 6 (traci, fast mode)
  [ACTION PPO] R1C1_C: a0=25% (91) a1=6% (22) a2=36% (128) a3=33% (119)
[INFO] Episode duration: 2700s (45 min)

[DEBUG] 🎯 Célzott Forgalom Generálása (R1C1_C) | Period: 7.1466
Found 6 valid OD pairs for R1C1_C
Generating focused traffic: Period 7.1466s
[INFO] Subscriptions active: 6 (traci, fast mode)
  [ACTION PPO] R1C1_C: a0=27% (97) a1=6% (21) a2=31% (110) a3=37% (132)
[INFO] Episode duration: 3600s (60 min)

[DEBUG] 🎯 Célzott Forgalom Generálása (R1C1_C) | Period: 7.0762
Found 6 valid OD pairs for R1C1_C
Generating focused traffic: Period 7.0762s
[INFO] Subscriptions active: 6 (traci, fast mode)
  [ACTION PPO] R1C1_C: a0=28% (153) a1=4% (22) a2=36% (196) a3=31% (169)
[INFO] Episode duration: 3600s (60 min)

[DEBUG] 🎯 Célzott Forgalom Generálása (R1C1_C) | Period: 7.817
Found 6 valid OD pairs for R1C1_C
Generating focused traffic: Period 7.8170s
[INFO] Subscriptions active: 6 (traci, fast mode)
  [ACTION PPO] R1C1_C: a0=29% (211) a1=5% (33) a2=39% (281) a3=27% (195)
[INFO] Episode duration: 2700s (45 min)

[DEBUG] 🎯 Célzott Forgalom Generálása (R1C1_C) | Period: 6.0231
Found 6 valid OD pairs for R1C1_C
Generating focused traffic: Period 6.0231s
[INFO] Subscriptions active: 6 (traci, fast mode)
  [ACTION PPO] R1C1_C: a0=30% (216) a1=5% (33) a2=39% (282) a3=26% (189)
[INFO] Episode duration: 900s (15 min)

[DEBUG] 🎯 Célzott Forgalom Generálása (R1C1_C) | Period: 6.4027
Found 6 valid OD pairs for R1C1_C
Generating focused traffic: Period 6.4027s
[INFO] Subscriptions active: 6 (traci, fast mode)
  [ACTION PPO] R1C1_C: a0=33% (180) a1=5% (27) a2=36% (195) a3=26% (138)
[INFO] Episode duration: 2700s (45 min)

[DEBUG] 🎯 Célzott Forgalom Generálása (R1C1_C) | Period: 4.7787
Found 6 valid OD pairs for R1C1_C
Generating focused traffic: Period 4.7787s
[INFO] Subscriptions active: 6 (traci, fast mode)
  [ACTION PPO] R1C1_C: a0=32% (57) a1=4% (7) a2=43% (78) a3=21% (38)
[INFO] Episode duration: 2700s (45 min)

[DEBUG] 🎯 Célzott Forgalom Generálása (R1C1_C) | Period: 7.6788
Found 6 valid OD pairs for R1C1_C
Generating focused traffic: Period 7.6788s
[INFO] Subscriptions active: 6 (traci, fast mode)
  [ACTION PPO] R1C1_C: a0=34% (182) a1=2% (12) a2=36% (197) a3=28% (149)
[INFO] Episode duration: 2700s (45 min)

[DEBUG] 🎯 Célzott Forgalom Generálása (R1C1_C) | Period: 7.3581
Found 6 valid OD pairs for R1C1_C
Generating focused traffic: Period 7.3581s
[INFO] Subscriptions active: 6 (traci, fast mode)
  [ACTION PPO] R1C1_C: a0=27% (146) a1=8% (42) a2=39% (208) a3=27% (144)
[INFO] Episode duration: 1800s (30 min)

[DEBUG] 🎯 Célzott Forgalom Generálása (R1C1_C) | Period: 7.2198
Found 6 valid OD pairs for R1C1_C
Generating focused traffic: Period 7.2198s
[INFO] Subscriptions active: 6 (traci, fast mode)
  [ACTION PPO] R1C1_C: a0=33% (177) a1=3% (14) a2=38% (203) a3=27% (146)
[INFO] Episode duration: 3600s (60 min)

[DEBUG] 🎯 Célzott Forgalom Generálása (R1C1_C) | Period: 5.588
Found 6 valid OD pairs for R1C1_C
Generating focused traffic: Period 5.5880s
[INFO] Subscriptions active: 6 (traci, fast mode)
  [ACTION PPO] R1C1_C: a0=29% (103) a1=4% (13) a2=40% (144) a3=28% (100)
[INFO] Episode duration: 3600s (60 min)

[DEBUG] 🎯 Célzott Forgalom Generálása (R1C1_C) | Period: 5.9812
Found 6 valid OD pairs for R1C1_C
Generating focused traffic: Period 5.9812s
[INFO] Subscriptions active: 6 (traci, fast mode)
  [ACTION PPO] R1C1_C: a0=37% (264) a1=3% (22) a2=39% (278) a3=22% (156)
[INFO] Episode duration: 900s (15 min)

[DEBUG] 🎯 Célzott Forgalom Generálása (R1C1_C) | Period: 4.4407
Found 6 valid OD pairs for R1C1_C
Generating focused traffic: Period 4.4407s
[INFO] Subscriptions active: 6 (traci, fast mode)
  [ACTION PPO] R1C1_C: a0=33% (240) a1=3% (22) a2=37% (267) a3=27% (191)
[INFO] Episode duration: 1800s (30 min)

[DEBUG] 🎯 Célzott Forgalom Generálása (R1C1_C) | Period: 7.2909
Found 6 valid OD pairs for R1C1_C
Generating focused traffic: Period 7.2909s
[INFO] Subscriptions active: 6 (traci, fast mode)
  [ACTION PPO] R1C1_C: a0=33% (59) a1=4% (7) a2=37% (67) a3=26% (47)
------------------------------------------
| rollout/                |              |
|    ep_len_mean          | 426          |
|    ep_rew_mean          | 54.5         |
| time/                   |              |
|    fps                  | 39           |
|    iterations           | 20           |
|    time_elapsed         | 1026         |
|    total_timesteps      | 40960        |
| train/                  |              |
|    approx_kl            | 0.0027660457 |
|    clip_fraction        | 0.00742      |
|    clip_range           | 0.2          |
|    entropy_loss         | -1.16        |
|    explained_variance   | 0.0303       |
|    learning_rate        | 0.0001       |
|    loss                 | 1.04         |
|    n_updates            | 190          |
|    policy_gradient_loss | -0.0013      |
|    value_loss           | 2.86         |
------------------------------------------
[INFO] Episode duration: 1800s (30 min)

[DEBUG] 🎯 Célzott Forgalom Generálása (R1C1_C) | Period: 5.2955
Found 6 valid OD pairs for R1C1_C
Generating focused traffic: Period 5.2955s
[INFO] Subscriptions active: 6 (traci, fast mode)
  [ACTION PPO] R1C1_C: a0=31% (113) a1=5% (18) a2=37% (133) a3=27% (96)
[INFO] Episode duration: 900s (15 min)

[DEBUG] 🎯 Célzott Forgalom Generálása (R1C1_C) | Period: 4.0651
Found 6 valid OD pairs for R1C1_C
Generating focused traffic: Period 4.0651s
[INFO] Subscriptions active: 6 (traci, fast mode)
  [ACTION PPO] R1C1_C: a0=41% (148) a1=4% (15) a2=30% (109) a3=24% (88)
[INFO] Episode duration: 900s (15 min)

[DEBUG] 🎯 Célzott Forgalom Generálása (R1C1_C) | Period: 4.205
Found 6 valid OD pairs for R1C1_C
Generating focused traffic: Period 4.2050s
[INFO] Subscriptions active: 6 (traci, fast mode)
  [ACTION PPO] R1C1_C: a0=41% (73) a1=2% (3) a2=31% (55) a3=27% (49)
[INFO] Episode duration: 1800s (30 min)

[DEBUG] 🎯 Célzott Forgalom Generálása (R1C1_C) | Period: 4.256
Found 6 valid OD pairs for R1C1_C
Generating focused traffic: Period 4.2560s
[INFO] Subscriptions active: 6 (traci, fast mode)
  [ACTION PPO] R1C1_C: a0=43% (78) a1=3% (6) a2=29% (53) a3=24% (43)
[INFO] Episode duration: 3600s (60 min)

[DEBUG] 🎯 Célzott Forgalom Generálása (R1C1_C) | Period: 4.0227
Found 6 valid OD pairs for R1C1_C
Generating focused traffic: Period 4.0227s
[INFO] Subscriptions active: 6 (traci, fast mode)
  [ACTION PPO] R1C1_C: a0=41% (147) a1=2% (7) a2=30% (107) a3=28% (99)
[INFO] Episode duration: 2700s (45 min)

[DEBUG] 🎯 Célzott Forgalom Generálása (R1C1_C) | Period: 6.9922
Found 6 valid OD pairs for R1C1_C
Generating focused traffic: Period 6.9922s
[INFO] Subscriptions active: 6 (traci, fast mode)
  [ACTION PPO] R1C1_C: a0=45% (327) a1=1% (10) a2=28% (204) a3=25% (179)
[INFO] Episode duration: 900s (15 min)

[DEBUG] 🎯 Célzott Forgalom Generálása (R1C1_C) | Period: 5.1504
Found 6 valid OD pairs for R1C1_C
Generating focused traffic: Period 5.1504s
[INFO] Subscriptions active: 6 (traci, fast mode)
  [ACTION PPO] R1C1_C: a0=33% (177) a1=4% (19) a2=35% (191) a3=28% (153)
[INFO] Episode duration: 2700s (45 min)

[DEBUG] 🎯 Célzott Forgalom Generálása (R1C1_C) | Period: 4.0529
Found 6 valid OD pairs for R1C1_C
Generating focused traffic: Period 4.0529s
[INFO] Subscriptions active: 6 (traci, fast mode)
  [ACTION PPO] R1C1_C: a0=30% (54) a1=2% (3) a2=42% (75) a3=27% (48)
[INFO] Episode duration: 1800s (30 min)

[DEBUG] 🎯 Célzott Forgalom Generálása (R1C1_C) | Period: 7.9076
Found 6 valid OD pairs for R1C1_C
Generating focused traffic: Period 7.9076s
[INFO] Subscriptions active: 6 (traci, fast mode)
  [ACTION PPO] R1C1_C: a0=37% (202) a1=2% (10) a2=33% (178) a3=28% (150)
[INFO] Episode duration: 3600s (60 min)

[DEBUG] 🎯 Célzott Forgalom Generálása (R1C1_C) | Period: 5.2795
Found 6 valid OD pairs for R1C1_C
Generating focused traffic: Period 5.2795s
[INFO] Subscriptions active: 6 (traci, fast mode)
  [ACTION PPO] R1C1_C: a0=30% (109) a1=2% (8) a2=36% (131) a3=31% (112)
[INFO] Episode duration: 900s (15 min)

[DEBUG] 🎯 Célzott Forgalom Generálása (R1C1_C) | Period: 7.2035
Found 6 valid OD pairs for R1C1_C
Generating focused traffic: Period 7.2035s
[INFO] Subscriptions active: 6 (traci, fast mode)
  [ACTION PPO] R1C1_C: a0=34% (247) a1=3% (24) a2=32% (231) a3=30% (218)
[INFO] Episode duration: 900s (15 min)

[DEBUG] 🎯 Célzott Forgalom Generálása (R1C1_C) | Period: 6.7116
Found 6 valid OD pairs for R1C1_C
Generating focused traffic: Period 6.7116s
[INFO] Subscriptions active: 6 (traci, fast mode)
  [ACTION PPO] R1C1_C: a0=33% (60) a1=7% (12) a2=29% (53) a3=31% (55)
[INFO] Episode duration: 2700s (45 min)

[DEBUG] 🎯 Célzott Forgalom Generálása (R1C1_C) | Period: 7.9059
Found 6 valid OD pairs for R1C1_C
Generating focused traffic: Period 7.9059s
[INFO] Subscriptions active: 6 (traci, fast mode)
  [ACTION PPO] R1C1_C: a0=30% (54) a1=2% (3) a2=29% (53) a3=39% (70)
[INFO] Episode duration: 1800s (30 min)

[DEBUG] 🎯 Célzott Forgalom Generálása (R1C1_C) | Period: 4.569
Found 6 valid OD pairs for R1C1_C
Generating focused traffic: Period 4.5690s
[INFO] Subscriptions active: 6 (traci, fast mode)
  [ACTION PPO] R1C1_C: a0=31% (170) a1=4% (22) a2=32% (172) a3=33% (176)
[INFO] Episode duration: 3600s (60 min)

[DEBUG] 🎯 Célzott Forgalom Generálása (R1C1_C) | Period: 7.3506
Found 6 valid OD pairs for R1C1_C
Generating focused traffic: Period 7.3506s
[INFO] Subscriptions active: 6 (traci, fast mode)
  [ACTION PPO] R1C1_C: a0=34% (123) a1=2% (9) a2=26% (94) a3=37% (134)
[INFO] Episode duration: 1800s (30 min)

[DEBUG] 🎯 Célzott Forgalom Generálása (R1C1_C) | Period: 5.8079
Found 6 valid OD pairs for R1C1_C
Generating focused traffic: Period 5.8079s
[INFO] Subscriptions active: 6 (traci, fast mode)
  [ACTION PPO] R1C1_C: a0=31% (226) a1=4% (32) a2=33% (236) a3=31% (226)
[INFO] Episode duration: 1800s (30 min)

[DEBUG] 🎯 Célzott Forgalom Generálása (R1C1_C) | Period: 4.7208
Found 6 valid OD pairs for R1C1_C
Generating focused traffic: Period 4.7208s
[INFO] Subscriptions active: 6 (traci, fast mode)
  [ACTION PPO] R1C1_C: a0=38% (135) a1=4% (15) a2=31% (111) a3=28% (99)
[INFO] Episode duration: 900s (15 min)

[DEBUG] 🎯 Célzott Forgalom Generálása (R1C1_C) | Period: 5.0604
Found 6 valid OD pairs for R1C1_C
Generating focused traffic: Period 5.0604s
[INFO] Subscriptions active: 6 (traci, fast mode)
  [ACTION PPO] R1C1_C: a0=33% (119) a1=3% (12) a2=32% (117) a3=31% (112)
[INFO] Episode duration: 1800s (30 min)

[DEBUG] 🎯 Célzott Forgalom Generálása (R1C1_C) | Period: 5.6649
Found 6 valid OD pairs for R1C1_C
Generating focused traffic: Period 5.6649s
[INFO] Subscriptions active: 6 (traci, fast mode)
  [ACTION PPO] R1C1_C: a0=35% (63) a1=5% (9) a2=32% (58) a3=28% (50)
[INFO] Episode duration: 2700s (45 min)

[DEBUG] 🎯 Célzott Forgalom Generálása (R1C1_C) | Period: 4.1027
Found 6 valid OD pairs for R1C1_C
Generating focused traffic: Period 4.1027s
[INFO] Subscriptions active: 6 (traci, fast mode)
  [ACTION PPO] R1C1_C: a0=32% (116) a1=4% (15) a2=38% (135) a3=26% (94)
[INFO] Episode duration: 2700s (45 min)

[DEBUG] 🎯 Célzott Forgalom Generálása (R1C1_C) | Period: 4.2288
Found 6 valid OD pairs for R1C1_C
Generating focused traffic: Period 4.2288s
[INFO] Subscriptions active: 6 (traci, fast mode)
  [ACTION PPO] R1C1_C: a0=36% (194) a1=4% (21) a2=36% (197) a3=24% (128)
[INFO] Episode duration: 1800s (30 min)

[DEBUG] 🎯 Célzott Forgalom Generálása (R1C1_C) | Period: 6.523
Found 6 valid OD pairs for R1C1_C
Generating focused traffic: Period 6.5230s
[INFO] Subscriptions active: 6 (traci, fast mode)
  [ACTION PPO] R1C1_C: a0=43% (231) a1=3% (17) a2=28% (153) a3=26% (139)
[INFO] Episode duration: 2700s (45 min)

[DEBUG] 🎯 Célzott Forgalom Generálása (R1C1_C) | Period: 5.9332
Found 6 valid OD pairs for R1C1_C
Generating focused traffic: Period 5.9332s
[INFO] Subscriptions active: 6 (traci, fast mode)
  [ACTION PPO] R1C1_C: a0=39% (139) a1=4% (14) a2=31% (111) a3=27% (96)
[INFO] Episode duration: 3600s (60 min)

[DEBUG] 🎯 Célzott Forgalom Generálása (R1C1_C) | Period: 7.3609
Found 6 valid OD pairs for R1C1_C
Generating focused traffic: Period 7.3609s
[INFO] Subscriptions active: 6 (traci, fast mode)
  [ACTION PPO] R1C1_C: a0=40% (215) a1=3% (16) a2=32% (173) a3=25% (136)
[INFO] Episode duration: 2700s (45 min)

[DEBUG] 🎯 Célzott Forgalom Generálása (R1C1_C) | Period: 7.0948
Found 6 valid OD pairs for R1C1_C
Generating focused traffic: Period 7.0948s
[INFO] Subscriptions active: 6 (traci, fast mode)
  [ACTION PPO] R1C1_C: a0=37% (268) a1=4% (29) a2=28% (204) a3=30% (219)
[INFO] Episode duration: 900s (15 min)

[DEBUG] 🎯 Célzott Forgalom Generálása (R1C1_C) | Period: 4.5298
Found 6 valid OD pairs for R1C1_C
Generating focused traffic: Period 4.5298s
[INFO] Subscriptions active: 6 (traci, fast mode)
  [ACTION PPO] R1C1_C: a0=36% (196) a1=4% (19) a2=30% (163) a3=30% (162)
[INFO] Episode duration: 3600s (60 min)

[DEBUG] 🎯 Célzott Forgalom Generálása (R1C1_C) | Period: 4.5532
Found 6 valid OD pairs for R1C1_C
Generating focused traffic: Period 4.5532s
[INFO] Subscriptions active: 6 (traci, fast mode)
  [ACTION PPO] R1C1_C: a0=38% (68) a1=4% (8) a2=29% (53) a3=28% (51)
[INFO] Episode duration: 3600s (60 min)

[DEBUG] 🎯 Célzott Forgalom Generálása (R1C1_C) | Period: 5.4413
Found 6 valid OD pairs for R1C1_C
Generating focused traffic: Period 5.4413s
[INFO] Subscriptions active: 6 (traci, fast mode)
  [ACTION PPO] R1C1_C: a0=42% (299) a1=3% (25) a2=27% (195) a3=28% (201)
[INFO] Episode duration: 900s (15 min)

[DEBUG] 🎯 Célzott Forgalom Generálása (R1C1_C) | Period: 6.7413
Found 6 valid OD pairs for R1C1_C
Generating focused traffic: Period 6.7413s
[INFO] Subscriptions active: 6 (traci, fast mode)
  [ACTION PPO] R1C1_C: a0=40% (287) a1=3% (20) a2=28% (198) a3=30% (215)
[INFO] Episode duration: 900s (15 min)

[DEBUG] 🎯 Célzott Forgalom Generálása (R1C1_C) | Period: 4.0174
Found 6 valid OD pairs for R1C1_C
Generating focused traffic: Period 4.0174s
[INFO] Subscriptions active: 6 (traci, fast mode)
  [ACTION PPO] R1C1_C: a0=31% (56) a1=6% (10) a2=31% (56) a3=32% (58)
[INFO] Episode duration: 1800s (30 min)

[DEBUG] 🎯 Célzott Forgalom Generálása (R1C1_C) | Period: 5.9718
Found 6 valid OD pairs for R1C1_C
Generating focused traffic: Period 5.9718s
[INFO] Subscriptions active: 6 (traci, fast mode)
  [ACTION PPO] R1C1_C: a0=39% (70) a1=2% (3) a2=31% (56) a3=28% (51)
[INFO] Episode duration: 2700s (45 min)

[DEBUG] 🎯 Célzott Forgalom Generálása (R1C1_C) | Period: 6.3685
Found 6 valid OD pairs for R1C1_C
Generating focused traffic: Period 6.3685s
[INFO] Subscriptions active: 6 (traci, fast mode)
  [ACTION PPO] R1C1_C: a0=31% (113) a1=4% (13) a2=32% (115) a3=33% (119)
[INFO] Episode duration: 900s (15 min)

[DEBUG] 🎯 Célzott Forgalom Generálása (R1C1_C) | Period: 5.3796
Found 6 valid OD pairs for R1C1_C
Generating focused traffic: Period 5.3796s
[INFO] Subscriptions active: 6 (traci, fast mode)
  [ACTION PPO] R1C1_C: a0=40% (214) a1=3% (16) a2=31% (170) a3=26% (140)
[INFO] Episode duration: 2700s (45 min)

[DEBUG] 🎯 Célzott Forgalom Generálása (R1C1_C) | Period: 7.5652
Found 6 valid OD pairs for R1C1_C
Generating focused traffic: Period 7.5652s
[INFO] Subscriptions active: 6 (traci, fast mode)
  [ACTION PPO] R1C1_C: a0=35% (63) a1=3% (5) a2=36% (64) a3=27% (48)
[INFO] Episode duration: 3600s (60 min)

[DEBUG] 🎯 Célzott Forgalom Generálása (R1C1_C) | Period: 5.9414
Found 6 valid OD pairs for R1C1_C
Generating focused traffic: Period 5.9414s
[INFO] Subscriptions active: 6 (traci, fast mode)
  [ACTION PPO] R1C1_C: a0=26% (143) a1=4% (23) a2=37% (199) a3=32% (175)
[INFO] Episode duration: 3600s (60 min)

[DEBUG] 🎯 Célzott Forgalom Generálása (R1C1_C) | Period: 5.3677
Found 6 valid OD pairs for R1C1_C
Generating focused traffic: Period 5.3677s
[INFO] Subscriptions active: 6 (traci, fast mode)
  [ACTION PPO] R1C1_C: a0=34% (248) a1=2% (17) a2=29% (211) a3=34% (244)
[INFO] Episode duration: 1800s (30 min)

[DEBUG] 🎯 Célzott Forgalom Generálása (R1C1_C) | Period: 5.7017
Found 6 valid OD pairs for R1C1_C
Generating focused traffic: Period 5.7017s
[INFO] Subscriptions active: 6 (traci, fast mode)
  [ACTION PPO] R1C1_C: a0=32% (234) a1=4% (32) a2=32% (231) a3=31% (223)
[INFO] Episode duration: 900s (15 min)

[DEBUG] 🎯 Célzott Forgalom Generálása (R1C1_C) | Period: 5.9133
Found 6 valid OD pairs for R1C1_C
Generating focused traffic: Period 5.9133s
[INFO] Subscriptions active: 6 (traci, fast mode)
  [ACTION PPO] R1C1_C: a0=38% (137) a1=4% (14) a2=25% (91) a3=33% (118)
[INFO] Episode duration: 3600s (60 min)

[DEBUG] 🎯 Célzott Forgalom Generálása (R1C1_C) | Period: 7.7973
Found 6 valid OD pairs for R1C1_C
Generating focused traffic: Period 7.7973s
[INFO] Subscriptions active: 6 (traci, fast mode)
  [ACTION PPO] R1C1_C: a0=26% (47) a1=3% (6) a2=41% (74) a3=29% (53)
[INFO] Episode duration: 900s (15 min)

[DEBUG] 🎯 Célzott Forgalom Generálása (R1C1_C) | Period: 6.9027
Found 6 valid OD pairs for R1C1_C
Generating focused traffic: Period 6.9027s
[INFO] Subscriptions active: 6 (traci, fast mode)
  [ACTION PPO] R1C1_C: a0=31% (226) a1=3% (22) a2=35% (253) a3=30% (219)
[INFO] Episode duration: 3600s (60 min)

[DEBUG] 🎯 Célzott Forgalom Generálása (R1C1_C) | Period: 7.3756
Found 6 valid OD pairs for R1C1_C
Generating focused traffic: Period 7.3756s
[INFO] Subscriptions active: 6 (traci, fast mode)
  [ACTION PPO] R1C1_C: a0=38% (69) a1=3% (6) a2=31% (55) a3=28% (50)
[INFO] Episode duration: 1800s (30 min)

[DEBUG] 🎯 Célzott Forgalom Generálása (R1C1_C) | Period: 7.575
Found 6 valid OD pairs for R1C1_C
Generating focused traffic: Period 7.5750s
[INFO] Subscriptions active: 6 (traci, fast mode)
  [ACTION PPO] R1C1_C: a0=29% (209) a1=3% (23) a2=38% (274) a3=30% (214)
[INFO] Episode duration: 3600s (60 min)

[DEBUG] 🎯 Célzott Forgalom Generálása (R1C1_C) | Period: 6.8256
Found 6 valid OD pairs for R1C1_C
Generating focused traffic: Period 6.8256s
[INFO] Subscriptions active: 6 (traci, fast mode)
  [ACTION PPO] R1C1_C: a0=28% (102) a1=2% (9) a2=42% (150) a3=28% (99)
[INFO] Episode duration: 3600s (60 min)

[DEBUG] 🎯 Célzott Forgalom Generálása (R1C1_C) | Period: 7.0811
Found 6 valid OD pairs for R1C1_C
Generating focused traffic: Period 7.0811s
[INFO] Subscriptions active: 6 (traci, fast mode)
  [ACTION PPO] R1C1_C: a0=26% (189) a1=3% (19) a2=34% (247) a3=37% (265)
[INFO] Episode duration: 3600s (60 min)

[DEBUG] 🎯 Célzott Forgalom Generálása (R1C1_C) | Period: 7.382
Found 6 valid OD pairs for R1C1_C
Generating focused traffic: Period 7.3820s
[INFO] Subscriptions active: 6 (traci, fast mode)
  [ACTION PPO] R1C1_C: a0=28% (203) a1=2% (18) a2=32% (234) a3=37% (265)
------------------------------------------
| rollout/                |              |
|    ep_len_mean          | 421          |
|    ep_rew_mean          | 58.8         |
| time/                   |              |
|    fps                  | 39           |
|    iterations           | 30           |
|    time_elapsed         | 1545         |
|    total_timesteps      | 61440        |
| train/                  |              |
|    approx_kl            | 0.0081943255 |
|    clip_fraction        | 0.0561       |
|    clip_range           | 0.2          |
|    entropy_loss         | -1.1         |
|    explained_variance   | 0.00229      |
|    learning_rate        | 0.0001       |
|    loss                 | 0.15         |
|    n_updates            | 290          |
|    policy_gradient_loss | -0.00483     |
|    value_loss           | 2.51         |
------------------------------------------
[INFO] Episode duration: 2700s (45 min)

[DEBUG] 🎯 Célzott Forgalom Generálása (R1C1_C) | Period: 6.5138
Found 6 valid OD pairs for R1C1_C
Generating focused traffic: Period 6.5138s
[INFO] Subscriptions active: 6 (traci, fast mode)
  [ACTION PPO] R1C1_C: a0=32% (228) a1=3% (19) a2=33% (238) a3=33% (235)
[INFO] Episode duration: 900s (15 min)

[DEBUG] 🎯 Célzott Forgalom Generálása (R1C1_C) | Period: 4.3956
Found 6 valid OD pairs for R1C1_C
Generating focused traffic: Period 4.3956s
[INFO] Subscriptions active: 6 (traci, fast mode)
  [ACTION PPO] R1C1_C: a0=31% (169) a1=2% (12) a2=38% (204) a3=29% (155)
[INFO] Episode duration: 900s (15 min)

[DEBUG] 🎯 Célzott Forgalom Generálása (R1C1_C) | Period: 7.6777
Found 6 valid OD pairs for R1C1_C
Generating focused traffic: Period 7.6777s
[INFO] Subscriptions active: 6 (traci, fast mode)
  [ACTION PPO] R1C1_C: a0=42% (75) a1=1% (2) a2=32% (58) a3=25% (45)
[INFO] Episode duration: 900s (15 min)

[DEBUG] 🎯 Célzott Forgalom Generálása (R1C1_C) | Period: 4.4396
Found 6 valid OD pairs for R1C1_C
Generating focused traffic: Period 4.4396s
[INFO] Subscriptions active: 6 (traci, fast mode)
  [ACTION PPO] R1C1_C: a0=26% (46) a1=1% (2) a2=39% (70) a3=34% (62)
[INFO] Episode duration: 1800s (30 min)

[DEBUG] 🎯 Célzott Forgalom Generálása (R1C1_C) | Period: 5.601
Found 6 valid OD pairs for R1C1_C
Generating focused traffic: Period 5.6010s
[INFO] Subscriptions active: 6 (traci, fast mode)
  [ACTION PPO] R1C1_C: a0=41% (73) a1=2% (3) a2=33% (60) a3=24% (44)
[INFO] Episode duration: 3600s (60 min)

[DEBUG] 🎯 Célzott Forgalom Generálása (R1C1_C) | Period: 7.166
Found 6 valid OD pairs for R1C1_C
Generating focused traffic: Period 7.1660s
[INFO] Subscriptions active: 6 (traci, fast mode)
  [ACTION PPO] R1C1_C: a0=36% (129) a1=2% (9) a2=35% (127) a3=26% (95)
[INFO] Episode duration: 2700s (45 min)

[DEBUG] 🎯 Célzott Forgalom Generálása (R1C1_C) | Period: 6.1305
Found 6 valid OD pairs for R1C1_C
Generating focused traffic: Period 6.1305s
[INFO] Subscriptions active: 6 (traci, fast mode)
  [ACTION PPO] R1C1_C: a0=28% (204) a1=2% (16) a2=37% (263) a3=33% (237)
[INFO] Episode duration: 3600s (60 min)

[DEBUG] 🎯 Célzott Forgalom Generálása (R1C1_C) | Period: 6.4458
Found 6 valid OD pairs for R1C1_C
Generating focused traffic: Period 6.4458s
[INFO] Subscriptions active: 6 (traci, fast mode)
  [ACTION PPO] R1C1_C: a0=30% (164) a1=2% (9) a2=35% (190) a3=33% (177)
[INFO] Episode duration: 1800s (30 min)

[DEBUG] 🎯 Célzott Forgalom Generálása (R1C1_C) | Period: 7.4886
Found 6 valid OD pairs for R1C1_C
Generating focused traffic: Period 7.4886s
[INFO] Subscriptions active: 6 (traci, fast mode)
  [ACTION PPO] R1C1_C: a0=28% (201) a1=2% (11) a2=33% (238) a3=38% (270)
[INFO] Episode duration: 900s (15 min)

[DEBUG] 🎯 Célzott Forgalom Generálása (R1C1_C) | Period: 7.0363
Found 6 valid OD pairs for R1C1_C
Generating focused traffic: Period 7.0363s
[INFO] Subscriptions active: 6 (traci, fast mode)
  [ACTION PPO] R1C1_C: a0=33% (118) a1=1% (2) a2=31% (111) a3=36% (129)
[INFO] Episode duration: 2700s (45 min)

[DEBUG] 🎯 Célzott Forgalom Generálása (R1C1_C) | Period: 4.9831
Found 6 valid OD pairs for R1C1_C
Generating focused traffic: Period 4.9831s
[INFO] Subscriptions active: 6 (traci, fast mode)
  [ACTION PPO] R1C1_C: a0=26% (46) a1=2% (4) a2=34% (61) a3=38% (69)
[INFO] Episode duration: 900s (15 min)

[DEBUG] 🎯 Célzott Forgalom Generálása (R1C1_C) | Period: 6.9688
Found 6 valid OD pairs for R1C1_C
Generating focused traffic: Period 6.9688s
[INFO] Subscriptions active: 6 (traci, fast mode)
  [ACTION PPO] R1C1_C: a0=32% (172) a1=1% (4) a2=38% (204) a3=30% (160)
[INFO] Episode duration: 900s (15 min)

[DEBUG] 🎯 Célzott Forgalom Generálása (R1C1_C) | Period: 7.5082
Found 6 valid OD pairs for R1C1_C
Generating focused traffic: Period 7.5082s
[INFO] Subscriptions active: 6 (traci, fast mode)
  [ACTION PPO] R1C1_C: a0=27% (48) a1=2% (3) a2=41% (74) a3=31% (55)
[INFO] Episode duration: 1800s (30 min)

[DEBUG] 🎯 Célzott Forgalom Generálása (R1C1_C) | Period: 5.7195
Found 6 valid OD pairs for R1C1_C
Generating focused traffic: Period 5.7195s
[INFO] Subscriptions active: 6 (traci, fast mode)
  [ACTION PPO] R1C1_C: a0=22% (40) a1=2% (4) a2=39% (70) a3=37% (66)
[INFO] Episode duration: 3600s (60 min)

[DEBUG] 🎯 Célzott Forgalom Generálása (R1C1_C) | Period: 5.7049
Found 6 valid OD pairs for R1C1_C
Generating focused traffic: Period 5.7049s
[INFO] Subscriptions active: 6 (traci, fast mode)
  [ACTION PPO] R1C1_C: a0=26% (94) a1=2% (7) a2=40% (145) a3=32% (114)
[INFO] Episode duration: 2700s (45 min)

[DEBUG] 🎯 Célzott Forgalom Generálása (R1C1_C) | Period: 7.5978
Found 6 valid OD pairs for R1C1_C
Generating focused traffic: Period 7.5978s
[INFO] Subscriptions active: 6 (traci, fast mode)
  [ACTION PPO] R1C1_C: a0=31% (221) a1=1% (6) a2=37% (267) a3=31% (226)
[INFO] Episode duration: 900s (15 min)

[DEBUG] 🎯 Célzott Forgalom Generálása (R1C1_C) | Period: 6.6542
Found 6 valid OD pairs for R1C1_C
Generating focused traffic: Period 6.6542s
[INFO] Subscriptions active: 6 (traci, fast mode)
  [ACTION PPO] R1C1_C: a0=24% (130) a1=1% (4) a2=43% (232) a3=32% (174)
[INFO] Episode duration: 1800s (30 min)

[DEBUG] 🎯 Célzott Forgalom Generálása (R1C1_C) | Period: 6.2839
Found 6 valid OD pairs for R1C1_C
Generating focused traffic: Period 6.2839s
[INFO] Subscriptions active: 6 (traci, fast mode)
  [ACTION PPO] R1C1_C: a0=26% (47) a1=2% (3) a2=41% (73) a3=32% (57)
[INFO] Episode duration: 900s (15 min)

[DEBUG] 🎯 Célzott Forgalom Generálása (R1C1_C) | Period: 5.8692
Found 6 valid OD pairs for R1C1_C
Generating focused traffic: Period 5.8692s
[INFO] Subscriptions active: 6 (traci, fast mode)
  [ACTION PPO] R1C1_C: a0=26% (94) a1=2% (6) a2=42% (153) a3=30% (107)
[INFO] Episode duration: 2700s (45 min)

[DEBUG] 🎯 Célzott Forgalom Generálása (R1C1_C) | Period: 6.5651
Found 6 valid OD pairs for R1C1_C
Generating focused traffic: Period 6.5651s
[INFO] Subscriptions active: 6 (traci, fast mode)
  [ACTION PPO] R1C1_C: a0=29% (52) a1=2% (3) a2=43% (78) a3=26% (47)
[INFO] Episode duration: 900s (15 min)

[DEBUG] 🎯 Célzott Forgalom Generálása (R1C1_C) | Period: 7.725
Found 6 valid OD pairs for R1C1_C
Generating focused traffic: Period 7.7250s
[INFO] Subscriptions active: 6 (traci, fast mode)
  [ACTION PPO] R1C1_C: a0=27% (148) a1=2% (10) a2=43% (231) a3=28% (151)
[INFO] Episode duration: 3600s (60 min)

[DEBUG] 🎯 Célzott Forgalom Generálása (R1C1_C) | Period: 4.576
Found 6 valid OD pairs for R1C1_C
Generating focused traffic: Period 4.5760s
[INFO] Subscriptions active: 6 (traci, fast mode)
  [ACTION PPO] R1C1_C: a0=26% (46) a1=1% (1) a2=43% (78) a3=31% (55)
[INFO] Episode duration: 1800s (30 min)

[DEBUG] 🎯 Célzott Forgalom Generálása (R1C1_C) | Period: 5.4562
Found 6 valid OD pairs for R1C1_C
Generating focused traffic: Period 5.4562s
[INFO] Subscriptions active: 6 (traci, fast mode)
  [ACTION PPO] R1C1_C: a0=35% (253) a1=1% (4) a2=34% (245) a3=30% (218)
[INFO] Episode duration: 1800s (30 min)

[DEBUG] 🎯 Célzott Forgalom Generálása (R1C1_C) | Period: 7.8167
Found 6 valid OD pairs for R1C1_C
Generating focused traffic: Period 7.8167s
[INFO] Subscriptions active: 6 (traci, fast mode)
  [ACTION PPO] R1C1_C: a0=31% (112) a1=1% (3) a2=36% (129) a3=32% (116)
[INFO] Episode duration: 3600s (60 min)

[DEBUG] 🎯 Célzott Forgalom Generálása (R1C1_C) | Period: 7.3999
Found 6 valid OD pairs for R1C1_C
Generating focused traffic: Period 7.3999s
[INFO] Subscriptions active: 6 (traci, fast mode)
  [ACTION PPO] R1C1_C: a0=20% (72) a1=1% (4) a2=41% (149) a3=38% (135)
[INFO] Episode duration: 3600s (60 min)

[DEBUG] 🎯 Célzott Forgalom Generálása (R1C1_C) | Period: 7.0832
Found 6 valid OD pairs for R1C1_C
Generating focused traffic: Period 7.0832s
[INFO] Subscriptions active: 6 (traci, fast mode)
  [ACTION PPO] R1C1_C: a0=26% (185) a1=1% (8) a2=41% (297) a3=32% (230)
[INFO] Episode duration: 2700s (45 min)

[DEBUG] 🎯 Célzott Forgalom Generálása (R1C1_C) | Period: 5.7075
Found 6 valid OD pairs for R1C1_C
Generating focused traffic: Period 5.7075s
[INFO] Subscriptions active: 6 (traci, fast mode)
  [ACTION PPO] R1C1_C: a0=25% (182) a1=3% (19) a2=44% (316) a3=28% (203)
[INFO] Episode duration: 2700s (45 min)

[DEBUG] 🎯 Célzott Forgalom Generálása (R1C1_C) | Period: 4.5386
Found 6 valid OD pairs for R1C1_C
Generating focused traffic: Period 4.5386s
[INFO] Subscriptions active: 6 (traci, fast mode)
  [ACTION PPO] R1C1_C: a0=29% (157) a1=1% (5) a2=41% (222) a3=29% (156)
[INFO] Episode duration: 900s (15 min)

[DEBUG] 🎯 Célzott Forgalom Generálása (R1C1_C) | Period: 5.0844
Found 6 valid OD pairs for R1C1_C
Generating focused traffic: Period 5.0844s
[INFO] Subscriptions active: 6 (traci, fast mode)
  [ACTION PPO] R1C1_C: a0=36% (194) a1=1% (6) a2=36% (192) a3=27% (148)
[INFO] Episode duration: 900s (15 min)

[DEBUG] 🎯 Célzott Forgalom Generálása (R1C1_C) | Period: 4.8152
Found 6 valid OD pairs for R1C1_C
Generating focused traffic: Period 4.8152s
[INFO] Subscriptions active: 6 (traci, fast mode)
  [ACTION PPO] R1C1_C: a0=35% (63) a1=3% (5) a2=42% (76) a3=20% (36)
[INFO] Episode duration: 1800s (30 min)

[DEBUG] 🎯 Célzott Forgalom Generálása (R1C1_C) | Period: 4.6937
Found 6 valid OD pairs for R1C1_C
Generating focused traffic: Period 4.6937s
[INFO] Subscriptions active: 6 (traci, fast mode)
  [ACTION PPO] R1C1_C: a0=37% (67) a1=2% (4) a2=37% (67) a3=23% (42)
[INFO] Episode duration: 3600s (60 min)

[DEBUG] 🎯 Célzott Forgalom Generálása (R1C1_C) | Period: 7.0801
Found 6 valid OD pairs for R1C1_C
Generating focused traffic: Period 7.0801s
[INFO] Subscriptions active: 6 (traci, fast mode)
  [ACTION PPO] R1C1_C: a0=28% (101) a1=2% (6) a2=44% (157) a3=27% (96)
[INFO] Episode duration: 3600s (60 min)

[DEBUG] 🎯 Célzott Forgalom Generálása (R1C1_C) | Period: 4.6332
Found 6 valid OD pairs for R1C1_C
Generating focused traffic: Period 4.6332s
[INFO] Subscriptions active: 6 (traci, fast mode)
  [ACTION PPO] R1C1_C: a0=29% (207) a1=1% (10) a2=46% (332) a3=24% (171)
[INFO] Episode duration: 900s (15 min)

[DEBUG] 🎯 Célzott Forgalom Generálása (R1C1_C) | Period: 4.5635
Found 6 valid OD pairs for R1C1_C
Generating focused traffic: Period 4.5635s
[INFO] Subscriptions active: 6 (traci, fast mode)
  [ACTION PPO] R1C1_C: a0=35% (250) a1=1% (6) a2=42% (301) a3=23% (163)
[INFO] Episode duration: 2700s (45 min)

[DEBUG] 🎯 Célzott Forgalom Generálása (R1C1_C) | Period: 7.9352
Found 6 valid OD pairs for R1C1_C
Generating focused traffic: Period 7.9352s
[INFO] Subscriptions active: 6 (traci, fast mode)
  [ACTION PPO] R1C1_C: a0=37% (67) a1=2% (3) a2=43% (78) a3=18% (32)
[INFO] Episode duration: 900s (15 min)

[DEBUG] 🎯 Célzott Forgalom Generálása (R1C1_C) | Period: 7.323
Found 6 valid OD pairs for R1C1_C
Generating focused traffic: Period 7.3230s
[INFO] Subscriptions active: 6 (traci, fast mode)
  [ACTION PPO] R1C1_C: a0=21% (115) a1=2% (10) a2=50% (272) a3=26% (143)
[INFO] Episode duration: 3600s (60 min)

[DEBUG] 🎯 Célzott Forgalom Generálása (R1C1_C) | Period: 6.2738
Found 6 valid OD pairs for R1C1_C
Generating focused traffic: Period 6.2738s
[INFO] Subscriptions active: 6 (traci, fast mode)
  [ACTION PPO] R1C1_C: a0=26% (47) a1=2% (3) a2=44% (80) a3=28% (50)
[INFO] Episode duration: 900s (15 min)

[DEBUG] 🎯 Célzott Forgalom Generálása (R1C1_C) | Period: 4.0569
Found 6 valid OD pairs for R1C1_C
Generating focused traffic: Period 4.0569s
[INFO] Subscriptions active: 6 (traci, fast mode)
  [ACTION PPO] R1C1_C: a0=27% (192) a1=2% (13) a2=43% (308) a3=29% (207)
[INFO] Episode duration: 3600s (60 min)

[DEBUG] 🎯 Célzott Forgalom Generálása (R1C1_C) | Period: 5.5581
Found 6 valid OD pairs for R1C1_C
Generating focused traffic: Period 5.5581s
[INFO] Subscriptions active: 6 (traci, fast mode)
  [ACTION PPO] R1C1_C: a0=36% (65) a2=42% (75) a3=22% (40)
[INFO] Episode duration: 3600s (60 min)

[DEBUG] 🎯 Célzott Forgalom Generálása (R1C1_C) | Period: 5.1318
Found 6 valid OD pairs for R1C1_C
Generating focused traffic: Period 5.1318s
[INFO] Subscriptions active: 6 (traci, fast mode)
  [ACTION PPO] R1C1_C: a0=25% (183) a1=1% (5) a2=44% (320) a3=29% (212)
[INFO] Episode duration: 900s (15 min)

[DEBUG] 🎯 Célzott Forgalom Generálása (R1C1_C) | Period: 6.3528
Found 6 valid OD pairs for R1C1_C
Generating focused traffic: Period 6.3528s
[INFO] Subscriptions active: 6 (traci, fast mode)
  [ACTION PPO] R1C1_C: a0=30% (214) a1=1% (8) a2=39% (283) a3=30% (215)
[INFO] Episode duration: 3600s (60 min)

[DEBUG] 🎯 Célzott Forgalom Generálása (R1C1_C) | Period: 6.827
Found 6 valid OD pairs for R1C1_C
Generating focused traffic: Period 6.8270s
[INFO] Subscriptions active: 6 (traci, fast mode)
  [ACTION PPO] R1C1_C: a0=23% (41) a1=1% (1) a2=47% (84) a3=30% (54)
[INFO] Episode duration: 2700s (45 min)

[DEBUG] 🎯 Célzott Forgalom Generálása (R1C1_C) | Period: 5.5136
Found 6 valid OD pairs for R1C1_C
Generating focused traffic: Period 5.5136s
[INFO] Subscriptions active: 6 (traci, fast mode)
  [ACTION PPO] R1C1_C: a0=26% (185) a1=1% (6) a2=46% (330) a3=28% (199)
[INFO] Episode duration: 2700s (45 min)

[DEBUG] 🎯 Célzott Forgalom Generálása (R1C1_C) | Period: 6.2955
Found 6 valid OD pairs for R1C1_C
Generating focused traffic: Period 6.2955s
[INFO] Subscriptions active: 6 (traci, fast mode)
  [ACTION PPO] R1C1_C: a0=29% (154) a1=1% (3) a2=41% (221) a3=30% (162)
[INFO] Episode duration: 900s (15 min)

[DEBUG] 🎯 Célzott Forgalom Generálása (R1C1_C) | Period: 4.3539
Found 6 valid OD pairs for R1C1_C
Generating focused traffic: Period 4.3539s
[INFO] Subscriptions active: 6 (traci, fast mode)
  [ACTION PPO] R1C1_C: a0=22% (120) a1=1% (4) a2=41% (221) a3=36% (195)
[INFO] Episode duration: 3600s (60 min)

[DEBUG] 🎯 Célzott Forgalom Generálása (R1C1_C) | Period: 7.0608
Found 6 valid OD pairs for R1C1_C
Generating focused traffic: Period 7.0608s
[INFO] Subscriptions active: 6 (traci, fast mode)
  [ACTION PPO] R1C1_C: a0=31% (56) a1=2% (3) a2=38% (68) a3=29% (53)
[INFO] Episode duration: 3600s (60 min)

[DEBUG] 🎯 Célzott Forgalom Generálása (R1C1_C) | Period: 5.7631
Found 6 valid OD pairs for R1C1_C
Generating focused traffic: Period 5.7631s
[INFO] Subscriptions active: 6 (traci, fast mode)
  [ACTION PPO] R1C1_C: a0=24% (173) a1=2% (11) a2=42% (300) a3=33% (236)
------------------------------------------
| rollout/                |              |
|    ep_len_mean          | 446          |
|    ep_rew_mean          | 67.2         |
| time/                   |              |
|    fps                  | 39           |
|    iterations           | 40           |
|    time_elapsed         | 2074         |
|    total_timesteps      | 81920        |
| train/                  |              |
|    approx_kl            | 0.0063193184 |
|    clip_fraction        | 0.0119       |
|    clip_range           | 0.2          |
|    entropy_loss         | -0.964       |
|    explained_variance   | 0.00818      |
|    learning_rate        | 0.0001       |
|    loss                 | 0.851        |
|    n_updates            | 390          |
|    policy_gradient_loss | -0.000556    |
|    value_loss           | 3.01         |
------------------------------------------
[INFO] Episode duration: 3600s (60 min)

[DEBUG] 🎯 Célzott Forgalom Generálása (R1C1_C) | Period: 5.0209
Found 6 valid OD pairs for R1C1_C
Generating focused traffic: Period 5.0209s
[INFO] Subscriptions active: 6 (traci, fast mode)
  [ACTION PPO] R1C1_C: a0=28% (201) a1=1% (5) a2=40% (287) a3=32% (227)
[INFO] Episode duration: 1800s (30 min)

[DEBUG] 🎯 Célzott Forgalom Generálása (R1C1_C) | Period: 6.1666
Found 6 valid OD pairs for R1C1_C
Generating focused traffic: Period 6.1666s
[INFO] Subscriptions active: 6 (traci, fast mode)
  [ACTION PPO] R1C1_C: a0=26% (185) a1=1% (6) a2=40% (286) a3=34% (243)
[INFO] Episode duration: 900s (15 min)

[DEBUG] 🎯 Célzott Forgalom Generálása (R1C1_C) | Period: 4.9474
Found 6 valid OD pairs for R1C1_C
Generating focused traffic: Period 4.9474s
[INFO] Subscriptions active: 6 (traci, fast mode)
  [ACTION PPO] R1C1_C: a0=25% (89) a1=1% (2) a2=42% (152) a3=32% (117)
[INFO] Episode duration: 900s (15 min)

[DEBUG] 🎯 Célzott Forgalom Generálása (R1C1_C) | Period: 7.6071
Found 6 valid OD pairs for R1C1_C
Generating focused traffic: Period 7.6071s
[INFO] Subscriptions active: 6 (traci, fast mode)
  [ACTION PPO] R1C1_C: a0=23% (42) a1=1% (1) a2=43% (78) a3=33% (59)
[INFO] Episode duration: 3600s (60 min)

[DEBUG] 🎯 Célzott Forgalom Generálása (R1C1_C) | Period: 7.3
Found 6 valid OD pairs for R1C1_C
Generating focused traffic: Period 7.3000s
[INFO] Subscriptions active: 6 (traci, fast mode)
  [ACTION PPO] R1C1_C: a0=22% (40) a2=45% (81) a3=33% (59)
[INFO] Episode duration: 900s (15 min)

[DEBUG] 🎯 Célzott Forgalom Generálása (R1C1_C) | Period: 7.1244
Found 6 valid OD pairs for R1C1_C
Generating focused traffic: Period 7.1244s
[INFO] Subscriptions active: 6 (traci, fast mode)
  [ACTION PPO] R1C1_C: a0=20% (142) a1=1% (6) a2=46% (332) a3=33% (240)
[INFO] Episode duration: 3600s (60 min)

[DEBUG] 🎯 Célzott Forgalom Generálása (R1C1_C) | Period: 6.6209
Found 6 valid OD pairs for R1C1_C
Generating focused traffic: Period 6.6209s
[INFO] Subscriptions active: 6 (traci, fast mode)
  [ACTION PPO] R1C1_C: a0=17% (31) a1=1% (1) a2=48% (87) a3=34% (61)
[INFO] Episode duration: 1800s (30 min)

[DEBUG] 🎯 Célzott Forgalom Generálása (R1C1_C) | Period: 5.264
Found 6 valid OD pairs for R1C1_C
Generating focused traffic: Period 5.2640s
[INFO] Subscriptions active: 6 (traci, fast mode)
  [ACTION PPO] R1C1_C: a0=24% (173) a1=1% (4) a2=40% (290) a3=35% (253)
[INFO] Episode duration: 900s (15 min)

[DEBUG] 🎯 Célzott Forgalom Generálása (R1C1_C) | Period: 7.3845
Found 6 valid OD pairs for R1C1_C
Generating focused traffic: Period 7.3845s
[INFO] Subscriptions active: 6 (traci, fast mode)
  [ACTION PPO] R1C1_C: a0=26% (93) a1=3% (12) a2=39% (142) a3=31% (113)
[INFO] Episode duration: 2700s (45 min)

[DEBUG] 🎯 Célzott Forgalom Generálása (R1C1_C) | Period: 4.5704
Found 6 valid OD pairs for R1C1_C
Generating focused traffic: Period 4.5704s
[INFO] Subscriptions active: 6 (traci, fast mode)
  [ACTION PPO] R1C1_C: a0=20% (36) a1=1% (2) a2=35% (63) a3=44% (79)
[INFO] Episode duration: 3600s (60 min)

[DEBUG] 🎯 Célzott Forgalom Generálása (R1C1_C) | Period: 6.6757
Found 6 valid OD pairs for R1C1_C
Generating focused traffic: Period 6.6757s
[INFO] Subscriptions active: 6 (traci, fast mode)
  [ACTION PPO] R1C1_C: a0=24% (131) a1=1% (4) a2=36% (192) a3=39% (213)
[INFO] Episode duration: 900s (15 min)

[DEBUG] 🎯 Célzott Forgalom Generálása (R1C1_C) | Period: 7.6167
Found 6 valid OD pairs for R1C1_C
Generating focused traffic: Period 7.6167s
[INFO] Subscriptions active: 6 (traci, fast mode)
  [ACTION PPO] R1C1_C: a0=23% (168) a1=0% (1) a2=35% (253) a3=41% (298)
[INFO] Episode duration: 3600s (60 min)

[DEBUG] 🎯 Célzott Forgalom Generálása (R1C1_C) | Period: 4.3
Found 6 valid OD pairs for R1C1_C
Generating focused traffic: Period 4.3000s
[INFO] Subscriptions active: 6 (traci, fast mode)
  [ACTION PPO] R1C1_C: a0=19% (34) a1=1% (1) a2=31% (55) a3=50% (90)
[INFO] Episode duration: 1800s (30 min)

[DEBUG] 🎯 Célzott Forgalom Generálása (R1C1_C) | Period: 4.9702
Found 6 valid OD pairs for R1C1_C
Generating focused traffic: Period 4.9702s
[INFO] Subscriptions active: 6 (traci, fast mode)
  [ACTION PPO] R1C1_C: a0=29% (210) a1=1% (8) a2=30% (218) a3=39% (284)
[INFO] Episode duration: 3600s (60 min)

[DEBUG] 🎯 Célzott Forgalom Generálása (R1C1_C) | Period: 6.6239
Found 6 valid OD pairs for R1C1_C
Generating focused traffic: Period 6.6239s
[INFO] Subscriptions active: 6 (traci, fast mode)
  [ACTION PPO] R1C1_C: a0=25% (89) a1=1% (4) a2=34% (122) a3=40% (145)
[INFO] Episode duration: 2700s (45 min)

[DEBUG] 🎯 Célzott Forgalom Generálása (R1C1_C) | Period: 6.7502
Found 6 valid OD pairs for R1C1_C
Generating focused traffic: Period 6.7502s
[INFO] Subscriptions active: 6 (traci, fast mode)
  [ACTION PPO] R1C1_C: a0=23% (167) a1=1% (5) a2=38% (276) a3=38% (272)
[INFO] Episode duration: 3600s (60 min)

[DEBUG] 🎯 Célzott Forgalom Generálása (R1C1_C) | Period: 5.6184
Found 6 valid OD pairs for R1C1_C
Generating focused traffic: Period 5.6184s
[INFO] Subscriptions active: 6 (traci, fast mode)
  [ACTION PPO] R1C1_C: a0=21% (114) a1=1% (8) a2=33% (178) a3=44% (240)
[INFO] Episode duration: 1800s (30 min)

[DEBUG] 🎯 Célzott Forgalom Generálása (R1C1_C) | Period: 7.8554
Found 6 valid OD pairs for R1C1_C
Generating focused traffic: Period 7.8554s
[INFO] Subscriptions active: 6 (traci, fast mode)
  [ACTION PPO] R1C1_C: a0=30% (216) a1=0% (3) a2=34% (246) a3=35% (255)
[INFO] Episode duration: 3600s (60 min)

[DEBUG] 🎯 Célzott Forgalom Generálása (R1C1_C) | Period: 4.9671
Found 6 valid OD pairs for R1C1_C
Generating focused traffic: Period 4.9671s
[INFO] Subscriptions active: 6 (traci, fast mode)
  [ACTION PPO] R1C1_C: a0=20% (71) a1=1% (2) a2=43% (156) a3=36% (131)
[INFO] Episode duration: 2700s (45 min)

[DEBUG] 🎯 Célzott Forgalom Generálása (R1C1_C) | Period: 5.3979
Found 6 valid OD pairs for R1C1_C
Generating focused traffic: Period 5.3979s
[INFO] Subscriptions active: 6 (traci, fast mode)
  [ACTION PPO] R1C1_C: a0=29% (211) a1=0% (3) a2=37% (263) a3=34% (243)
[INFO] Episode duration: 900s (15 min)

[DEBUG] 🎯 Célzott Forgalom Generálása (R1C1_C) | Period: 4.3635
Found 6 valid OD pairs for R1C1_C
Generating focused traffic: Period 4.3635s
[INFO] Subscriptions active: 6 (traci, fast mode)
  [ACTION PPO] R1C1_C: a0=28% (153) a1=1% (4) a2=36% (196) a3=35% (187)
[INFO] Episode duration: 3600s (60 min)

[DEBUG] 🎯 Célzott Forgalom Generálása (R1C1_C) | Period: 7.8781
Found 6 valid OD pairs for R1C1_C
Generating focused traffic: Period 7.8781s
[INFO] Subscriptions active: 6 (traci, fast mode)
  [ACTION PPO] R1C1_C: a0=25% (45) a2=39% (70) a3=36% (65)
[INFO] Episode duration: 900s (15 min)

[DEBUG] 🎯 Célzott Forgalom Generálása (R1C1_C) | Period: 5.1803
Found 6 valid OD pairs for R1C1_C
Generating focused traffic: Period 5.1803s
[INFO] Subscriptions active: 6 (traci, fast mode)
  [ACTION PPO] R1C1_C: a0=21% (150) a1=1% (4) a2=49% (352) a3=30% (214)
[INFO] Episode duration: 900s (15 min)

[DEBUG] 🎯 Célzott Forgalom Generálása (R1C1_C) | Period: 5.4923
Found 6 valid OD pairs for R1C1_C
Generating focused traffic: Period 5.4923s
[INFO] Subscriptions active: 6 (traci, fast mode)
  [ACTION PPO] R1C1_C: a0=27% (48) a1=1% (1) a2=41% (73) a3=32% (58)
[INFO] Episode duration: 3600s (60 min)

[DEBUG] 🎯 Célzott Forgalom Generálása (R1C1_C) | Period: 4.867
Found 6 valid OD pairs for R1C1_C
Generating focused traffic: Period 4.8670s
[INFO] Subscriptions active: 6 (traci, fast mode)
  [ACTION PPO] R1C1_C: a0=24% (43) a1=1% (2) a2=46% (82) a3=29% (53)
[INFO] Episode duration: 2700s (45 min)

[DEBUG] 🎯 Célzott Forgalom Generálása (R1C1_C) | Period: 6.0597
Found 6 valid OD pairs for R1C1_C
Generating focused traffic: Period 6.0597s
[INFO] Subscriptions active: 6 (traci, fast mode)
  [ACTION PPO] R1C1_C: a0=34% (242) a1=0% (3) a2=38% (274) a3=28% (201)
[INFO] Episode duration: 900s (15 min)

[DEBUG] 🎯 Célzott Forgalom Generálása (R1C1_C) | Period: 6.0052
Found 6 valid OD pairs for R1C1_C
Generating focused traffic: Period 6.0052s
wandb: WARNING Symlinked 1 file into the W&B run directory; call wandb.save again to sync new files.
/Users/wagnertamas/Documents/Munka/cikkek/AI_agens_konyvtar/support/intergreen_matrix_calculator/rl_trainer.py:992: UserWarning: Exporting a model while it is in training mode. Please ensure that this is intended, as it may lead to different behavior during inference. Calling model.eval() before export is recommended.
  torch.onnx.export(
/Users/wagnertamas/Documents/Munka/cikkek/AI_agens_konyvtar/support/intergreen_matrix_calculator/rl_trainer.py:992: UserWarning: # 'dynamic_axes' is not recommended when dynamo=True, and may lead to 'torch._dynamo.exc.UserError: Constraints violated.' Supply the 'dynamic_shapes' argument instead if export is unsuccessful.
  torch.onnx.export(
wandb: updating run metadata
wandb: uploading pytorch_models/R1C1_C.zip; uploading output.log; uploading config.yaml
wandb: uploading pytorch_models/R1C1_C.zip; uploading output.log
wandb: uploading summary, console lines 1699-1709
wandb: 
wandb: Run history:
wandb:         R1C1_C/action_pct/phase_0 ▂▃▃▃▅▂▃▂▆▅▄▃▅▅▄▅▅▅██▄▇▆▅█▅▃▅█▅▁▄▃▂▃▄▂▄▅▁
wandb:         R1C1_C/action_pct/phase_1 █▇▇▇▆▅▅▄▄▃▃▃▃▂▃▂▂▂▁▂▁▂▁▁▃▂▂▂▁▁▁▁▁▁▁▁▁▁▁▁
wandb:         R1C1_C/action_pct/phase_2 ▂▃▂▂▃▂▁▂▁▂▂▄▄▅▄▃▄▅▅▄▇▄▄▅▄▃▅▄▆▄▅▆▇███▅▄▆█
wandb:         R1C1_C/action_pct/phase_3 ▃▂▅█▇▆▄▅▄▅▄▂▃▃▃▄▄▃▄▄▄▄▃▂▄▅▅▄▄▁▂▂▂▃▅▆▇▅▄▄
wandb:         R1C1_C/train/entropy_loss ▁▁▁▁▂▃▄▃▃▄▄▄▄▄▄▄▅▅▅▅▆▆▆▆▆▇▇▇▇▇▇▇▇▇▇█████
wandb:        R1C1_C/train/learning_rate ▁▁▁▁▁▁▁▁▁▁▁▁▁▁▁▁▁▁▁▁▁▁▁▁▁▁▁▁▁▁▁▁▁▁▁▁▁▁▁▁
wandb:                 R1C1_C/train/loss ▁▁▂▂▁▃▂▁▃▃▂▂▁▁▁██▇▂▂▂▁▁▁▇▂▁▆▆▄▆▆▂▂▃▃▃▂▁▃
wandb: R1C1_C/train/policy_gradient_loss ▄▃▃▃▆▇▅▄▆█▇██▅▃▅▅▇▇▇▅█▆▆▇▇▇▇▇▆██▇▇▇▇▁▁▆▆
wandb:           R1C1_C/train/value_loss ▁▁▁▁▁▂▂▂▃▃▃▅▆▅▅▅▅▅▅▅▆▅▅▇▅▇███▆▇▆▆▆▆███▆▆
wandb:                        avg_reward ▃▂▅▂▃▆▃▄▂▁▃▁▃▃▄▄▂▂▆▄▃▅▅▃▄▇▃▄▄▇▇█▃▆█▅▂▅▇▆
wandb:                                +9 ...
wandb: 
wandb: Run summary:
wandb:         R1C1_C/action_pct/phase_0 30.83333
wandb:         R1C1_C/action_pct/phase_1 0.97222
wandb:         R1C1_C/action_pct/phase_2 38.61111
wandb:         R1C1_C/action_pct/phase_3 30.55556
wandb:         R1C1_C/train/entropy_loss -0.87509
wandb:        R1C1_C/train/learning_rate 0.0001
wandb:                 R1C1_C/train/loss 3.50256
wandb: R1C1_C/train/policy_gradient_loss -0.00388
wandb:           R1C1_C/train/value_loss 3.383
wandb:                        avg_reward 0.18128
wandb:                                +9 ...
wandb: 
wandb: 🚀 View run ppo_speed_throughput_2x64_2_R1C1_C at: https://wandb.ai/wagnertamas-budapesti-m-szaki-s-gazdas-gtudom-nyi-egyetem/sumo-rl-stat-2/runs/e7joeskh
wandb: ⭐️ View project at: https://wandb.ai/wagnertamas-budapesti-m-szaki-s-gazdas-gtudom-nyi-egyetem/sumo-rl-stat-2
wandb: Synced 5 W&B file(s), 0 media file(s), 0 artifact file(s) and 1 other file(s)
wandb: Find logs at: ./wandb/run-20260408_030822-e7joeskh/logs
[INFO] Subscriptions active: 6 (traci, fast mode)
  [ACTION PPO] R1C1_C: a0=28% (150) a1=1% (3) a2=41% (223) a3=30% (164)
[INFO] Episode duration: 1800s (30 min)

[DEBUG] 🎯 Célzott Forgalom Generálása (R1C1_C) | Period: 6.7991
Found 6 valid OD pairs for R1C1_C
Generating focused traffic: Period 6.7991s
[INFO] Subscriptions active: 6 (traci, fast mode)
  [ACTION PPO] R1C1_C: a0=33% (60) a2=43% (77) a3=24% (43)
[INFO] Episode duration: 3600s (60 min)

[DEBUG] 🎯 Célzott Forgalom Generálása (R1C1_C) | Period: 7.4378
Found 6 valid OD pairs for R1C1_C
Generating focused traffic: Period 7.4378s
[INFO] Subscriptions active: 6 (traci, fast mode)
  [ACTION PPO] R1C1_C: a0=28% (100) a1=1% (3) a2=40% (145) a3=31% (112)
[INFO] Episode duration: 900s (15 min)

[DEBUG] 🎯 Célzott Forgalom Generálása (R1C1_C) | Period: 6.2109
Found 6 valid OD pairs for R1C1_C
Generating focused traffic: Period 6.2109s
[INFO] Subscriptions active: 6 (traci, fast mode)
  [ACTION PPO] R1C1_C: a0=24% (174) a1=1% (4) a2=44% (318) a3=31% (224)
[INFO] Episode duration: 2700s (45 min)

[DEBUG] 🎯 Célzott Forgalom Generálása (R1C1_C) | Period: 7.6949
Found 6 valid OD pairs for R1C1_C
Generating focused traffic: Period 7.6949s
[INFO] Subscriptions active: 6 (traci, fast mode)
  [ACTION PPO] R1C1_C: a0=29% (53) a1=1% (1) a2=42% (76) a3=28% (50)
[INFO] Episode duration: 2700s (45 min)

[DEBUG] 🎯 Célzott Forgalom Generálása (R1C1_C) | Period: 6.4451
Found 6 valid OD pairs for R1C1_C
Generating focused traffic: Period 6.4451s
[INFO] Subscriptions active: 6 (traci, fast mode)
  [ACTION PPO] R1C1_C: a0=27% (144) a1=0% (2) a2=41% (219) a3=32% (175)
[INFO] Episode duration: 1800s (30 min)

[DEBUG] 🎯 Célzott Forgalom Generálása (R1C1_C) | Period: 6.1593
Found 6 valid OD pairs for R1C1_C
Generating focused traffic: Period 6.1593s
[INFO] Subscriptions active: 6 (traci, fast mode)
  [ACTION PPO] R1C1_C: a0=27% (145) a1=1% (5) a2=34% (186) a3=38% (204)
[INFO] Episode duration: 3600s (60 min)

[DEBUG] 🎯 Célzott Forgalom Generálása (R1C1_C) | Period: 6.9889
Found 6 valid OD pairs for R1C1_C
Generating focused traffic: Period 6.9889s
[INFO] Subscriptions active: 6 (traci, fast mode)
  [ACTION PPO] R1C1_C: a0=28% (101) a2=36% (129) a3=36% (130)
[INFO] Episode duration: 3600s (60 min)

[DEBUG] 🎯 Célzott Forgalom Generálása (R1C1_C) | Period: 4.7275
Found 6 valid OD pairs for R1C1_C
Generating focused traffic: Period 4.7275s
[INFO] Subscriptions active: 6 (traci, fast mode)
  [ACTION PPO] R1C1_C: a0=28% (199) a1=0% (2) a2=35% (251) a3=37% (268)
[INFO] Episode duration: 3600s (60 min)

[DEBUG] 🎯 Célzott Forgalom Generálása (R1C1_C) | Period: 7.9007
Found 6 valid OD pairs for R1C1_C
Generating focused traffic: Period 7.9007s
[INFO] Subscriptions active: 6 (traci, fast mode)
  [ACTION PPO] R1C1_C: a0=29% (209) a1=0% (1) a2=39% (280) a3=32% (230)
[INFO] Episode duration: 1800s (30 min)

[DEBUG] 🎯 Célzott Forgalom Generálása (R1C1_C) | Period: 5.2593
Found 6 valid OD pairs for R1C1_C
Generating focused traffic: Period 5.2593s
[INFO] Subscriptions active: 6 (traci, fast mode)
  [ACTION PPO] R1C1_C: a0=21% (150) a1=1% (7) a2=46% (333) a3=32% (230)
[INFO] Episode duration: 2700s (45 min)

[DEBUG] 🎯 Célzott Forgalom Generálása (R1C1_C) | Period: 5.8765
Found 6 valid OD pairs for R1C1_C
Generating focused traffic: Period 5.8765s
[INFO] Subscriptions active: 6 (traci, fast mode)
  [ACTION PPO] R1C1_C: a0=31% (111) a2=39% (139) a3=31% (110)
On-policy training completed.
Closing environment and EXPORTING models...
Saving PyTorch ZIP models to /Users/wagnertamas/Documents/Munka/cikkek/AI_agens_konyvtar/support/intergreen_matrix_calculator/data/runs/pytorch_models...
Saved PyTorch R1C1_C to /Users/wagnertamas/Documents/Munka/cikkek/AI_agens_konyvtar/support/intergreen_matrix_calculator/data/runs/pytorch_models/R1C1_C.zip
Exporting ONNX models to /Users/wagnertamas/Documents/Munka/cikkek/AI_agens_konyvtar/support/intergreen_matrix_calculator/data/runs/onnx_models...
Failed to export R1C1_C: # Failed to convert 'dynamic_axes' to 'dynamic_shapes'. Please provide 'dynamic_shapes' directly. Refer to the documentation for 'torch.export.export' for more information on dynamic shapes.
Cleanup done.
