wandb: [wandb.login()] Loaded credentials for https://api.wandb.ai from /Users/wagnertamas/.netrc.
wandb: Currently logged in as: wagnertamas (wagnertamas-budapesti-m-szaki-s-gazdas-gtudom-nyi-egyetem) to https://api.wandb.ai. Use `wandb login --relogin` to force relogin
wandb: setting up run 08thcwnz
wandb: Tracking run with wandb version 0.25.0
wandb: Run data is saved locally in /Users/wagnertamas/Documents/Munka/cikkek/AI_agens_konyvtar/support/intergreen_matrix_calculator/wandb/run-20260321_234034-08thcwnz
wandb: Run `wandb offline` to turn off syncing.
wandb: Syncing run ppo_halt_ratio_3x128_1_R1C1_C
wandb: ⭐️ View project at https://wandb.ai/wagnertamas-budapesti-m-szaki-s-gazdas-gtudom-nyi-egyetem/sumo-rl-stat
wandb: 🚀 View run at https://wandb.ai/wagnertamas-budapesti-m-szaki-s-gazdas-gtudom-nyi-egyetem/sumo-rl-stat/runs/08thcwnz
[INFO] Config: training_config.yaml
[INFO] Net: /Users/wagnertamas/Documents/Munka/cikkek/AI_agens_konyvtar/support/intergreen_matrix_calculator/data/mega_catalogue_v2.net.xml
[INFO] Timesteps: 100000 | Project: sumo-rl-stat
[INFO] Junction: R1C1_C
[INFO] Algorithm: ppo | Reward: halt_ratio
[INFO] Load model: None (fresh)
[INFO] Traffic: random target+spread (epizódonként)
Initializing Environment (algorithm=ppo, reward=halt_ratio)...
[INFO] Algorithm: ppo (on_policy)
[INFO] Reward mode: halt_ratio
WandB config applied (Sweep compatible).
[INFO] Junction reward params auto-loaded from /Users/wagnertamas/Documents/Munka/cikkek/AI_agens_konyvtar/support/intergreen_matrix_calculator/data/junction_reward_params.json
[INFO] Using 'libsumo' (fast headless mode, OS=darwin).
Starting SUMO...
[INFO] Episode duration: 900s (15 min)

[DEBUG] 🎯 Célzott Forgalom Generálása (R1C1_C) | Period: 5.5228
Found 6 valid OD pairs for R1C1_C
Generating focused traffic: Period 5.5228s
[INFO] Network mapped: 1 agents, 3 detectors, 3 lanes
[INFO] Subscriptions active: 6 (libsumo, fast mode)
Agents discovered: ['R1C1_C']
[INFO] RL device: mps
[INFO] On-policy training: ppo → R1C1_C
Using mps device
Wrapping the env with a `Monitor` wrapper
Wrapping the env in a DummyVecEnv.
Starting on-policy training: 100000 timesteps...
[INFO] Episode duration: 2700s (45 min)

[DEBUG] 🎯 Célzott Forgalom Generálása (R1C1_C) | Period: 7.2783
Found 6 valid OD pairs for R1C1_C
Generating focused traffic: Period 7.2783s
[INFO] Subscriptions active: 6 (libsumo, fast mode)
Logging to /Users/wagnertamas/Documents/Munka/cikkek/AI_agens_konyvtar/support/intergreen_matrix_calculator/data/runs/sumo-rl-stat/R1C1_C/PPO_136
[INFO] Episode duration: 1800s (30 min)

[DEBUG] 🎯 Célzott Forgalom Generálása (R1C1_C) | Period: 4.9182
Found 6 valid OD pairs for R1C1_C
Generating focused traffic: Period 4.9182s
[INFO] Subscriptions active: 6 (libsumo, fast mode)
[INFO] Episode duration: 1800s (30 min)

[DEBUG] 🎯 Célzott Forgalom Generálása (R1C1_C) | Period: 5.7046
Found 6 valid OD pairs for R1C1_C
Generating focused traffic: Period 5.7046s
[INFO] Subscriptions active: 6 (libsumo, fast mode)
[INFO] Episode duration: 3600s (60 min)

[DEBUG] 🎯 Célzott Forgalom Generálása (R1C1_C) | Period: 5.6234
Found 6 valid OD pairs for R1C1_C
Generating focused traffic: Period 5.6234s
[INFO] Subscriptions active: 6 (libsumo, fast mode)
[INFO] Episode duration: 2700s (45 min)

[DEBUG] 🎯 Célzott Forgalom Generálása (R1C1_C) | Period: 5.474
Found 6 valid OD pairs for R1C1_C
Generating focused traffic: Period 5.4740s
[INFO] Subscriptions active: 6 (libsumo, fast mode)
[INFO] Episode duration: 3600s (60 min)

[DEBUG] 🎯 Célzott Forgalom Generálása (R1C1_C) | Period: 5.4903
Found 6 valid OD pairs for R1C1_C
Generating focused traffic: Period 5.4903s
[INFO] Subscriptions active: 6 (libsumo, fast mode)
[INFO] Episode duration: 900s (15 min)

[DEBUG] 🎯 Célzott Forgalom Generálása (R1C1_C) | Period: 4.4105
Found 6 valid OD pairs for R1C1_C
Generating focused traffic: Period 4.4105s
[INFO] Subscriptions active: 6 (libsumo, fast mode)
[INFO] Episode duration: 1800s (30 min)

[DEBUG] 🎯 Célzott Forgalom Generálása (R1C1_C) | Period: 7.7809
Found 6 valid OD pairs for R1C1_C
Generating focused traffic: Period 7.7809s
[INFO] Subscriptions active: 6 (libsumo, fast mode)
[INFO] Episode duration: 3600s (60 min)

[DEBUG] 🎯 Célzott Forgalom Generálása (R1C1_C) | Period: 4.3176
Found 6 valid OD pairs for R1C1_C
Generating focused traffic: Period 4.3176s
[INFO] Subscriptions active: 6 (libsumo, fast mode)
[INFO] Episode duration: 2700s (45 min)

[DEBUG] 🎯 Célzott Forgalom Generálása (R1C1_C) | Period: 4.4174
Found 6 valid OD pairs for R1C1_C
Generating focused traffic: Period 4.4174s
[INFO] Subscriptions active: 6 (libsumo, fast mode)
[INFO] Episode duration: 1800s (30 min)

[DEBUG] 🎯 Célzott Forgalom Generálása (R1C1_C) | Period: 7.1019
Found 6 valid OD pairs for R1C1_C
Generating focused traffic: Period 7.1019s
[INFO] Subscriptions active: 6 (libsumo, fast mode)
[INFO] Episode duration: 3600s (60 min)

[DEBUG] 🎯 Célzott Forgalom Generálása (R1C1_C) | Period: 7.0339
Found 6 valid OD pairs for R1C1_C
Generating focused traffic: Period 7.0339s
[INFO] Subscriptions active: 6 (libsumo, fast mode)
[INFO] Episode duration: 1800s (30 min)

[DEBUG] 🎯 Célzott Forgalom Generálása (R1C1_C) | Period: 4.8824
Found 6 valid OD pairs for R1C1_C
Generating focused traffic: Period 4.8824s
[INFO] Subscriptions active: 6 (libsumo, fast mode)
[INFO] Episode duration: 2700s (45 min)

[DEBUG] 🎯 Célzott Forgalom Generálása (R1C1_C) | Period: 5.7063
Found 6 valid OD pairs for R1C1_C
Generating focused traffic: Period 5.7063s
[INFO] Subscriptions active: 6 (libsumo, fast mode)
[INFO] Episode duration: 2700s (45 min)

[DEBUG] 🎯 Célzott Forgalom Generálása (R1C1_C) | Period: 7.6044
Found 6 valid OD pairs for R1C1_C
Generating focused traffic: Period 7.6044s
[INFO] Subscriptions active: 6 (libsumo, fast mode)
[INFO] Episode duration: 2700s (45 min)

[DEBUG] 🎯 Célzott Forgalom Generálása (R1C1_C) | Period: 5.7351
Found 6 valid OD pairs for R1C1_C
Generating focused traffic: Period 5.7351s
[INFO] Subscriptions active: 6 (libsumo, fast mode)
[INFO] Episode duration: 3600s (60 min)

[DEBUG] 🎯 Célzott Forgalom Generálása (R1C1_C) | Period: 6.4688
Found 6 valid OD pairs for R1C1_C
Generating focused traffic: Period 6.4688s
[INFO] Subscriptions active: 6 (libsumo, fast mode)
[INFO] Episode duration: 1800s (30 min)

[DEBUG] 🎯 Célzott Forgalom Generálása (R1C1_C) | Period: 6.4486
Found 6 valid OD pairs for R1C1_C
Generating focused traffic: Period 6.4486s
[INFO] Subscriptions active: 6 (libsumo, fast mode)
[INFO] Episode duration: 900s (15 min)

[DEBUG] 🎯 Célzott Forgalom Generálása (R1C1_C) | Period: 6.8901
Found 6 valid OD pairs for R1C1_C
Generating focused traffic: Period 6.8901s
[INFO] Subscriptions active: 6 (libsumo, fast mode)
[INFO] Episode duration: 900s (15 min)

[DEBUG] 🎯 Célzott Forgalom Generálása (R1C1_C) | Period: 4.4096
Found 6 valid OD pairs for R1C1_C
Generating focused traffic: Period 4.4096s
[INFO] Subscriptions active: 6 (libsumo, fast mode)
[INFO] Episode duration: 900s (15 min)

[DEBUG] 🎯 Célzott Forgalom Generálása (R1C1_C) | Period: 6.061
Found 6 valid OD pairs for R1C1_C
Generating focused traffic: Period 6.0610s
[INFO] Subscriptions active: 6 (libsumo, fast mode)
[INFO] Episode duration: 3600s (60 min)

[DEBUG] 🎯 Célzott Forgalom Generálása (R1C1_C) | Period: 6.2374
Found 6 valid OD pairs for R1C1_C
Generating focused traffic: Period 6.2374s
[INFO] Subscriptions active: 6 (libsumo, fast mode)
[INFO] Episode duration: 3600s (60 min)

[DEBUG] 🎯 Célzott Forgalom Generálása (R1C1_C) | Period: 5.4453
Found 6 valid OD pairs for R1C1_C
Generating focused traffic: Period 5.4453s
[INFO] Subscriptions active: 6 (libsumo, fast mode)
[INFO] Episode duration: 1800s (30 min)

[DEBUG] 🎯 Célzott Forgalom Generálása (R1C1_C) | Period: 5.4765
Found 6 valid OD pairs for R1C1_C
Generating focused traffic: Period 5.4765s
[INFO] Subscriptions active: 6 (libsumo, fast mode)
[INFO] Episode duration: 1800s (30 min)

[DEBUG] 🎯 Célzott Forgalom Generálása (R1C1_C) | Period: 7.565
Found 6 valid OD pairs for R1C1_C
Generating focused traffic: Period 7.5650s
[INFO] Subscriptions active: 6 (libsumo, fast mode)
[INFO] Episode duration: 3600s (60 min)

[DEBUG] 🎯 Célzott Forgalom Generálása (R1C1_C) | Period: 4.9394
Found 6 valid OD pairs for R1C1_C
Generating focused traffic: Period 4.9394s
[INFO] Subscriptions active: 6 (libsumo, fast mode)
[INFO] Episode duration: 1800s (30 min)

[DEBUG] 🎯 Célzott Forgalom Generálása (R1C1_C) | Period: 7.1546
Found 6 valid OD pairs for R1C1_C
Generating focused traffic: Period 7.1546s
[INFO] Subscriptions active: 6 (libsumo, fast mode)
[INFO] Episode duration: 3600s (60 min)

[DEBUG] 🎯 Célzott Forgalom Generálása (R1C1_C) | Period: 5.2328
Found 6 valid OD pairs for R1C1_C
Generating focused traffic: Period 5.2328s
[INFO] Subscriptions active: 6 (libsumo, fast mode)
[INFO] Episode duration: 3600s (60 min)

[DEBUG] 🎯 Célzott Forgalom Generálása (R1C1_C) | Period: 6.5314
Found 6 valid OD pairs for R1C1_C
Generating focused traffic: Period 6.5314s
[INFO] Subscriptions active: 6 (libsumo, fast mode)
[INFO] Episode duration: 3600s (60 min)

[DEBUG] 🎯 Célzott Forgalom Generálása (R1C1_C) | Period: 7.7065
Found 6 valid OD pairs for R1C1_C
Generating focused traffic: Period 7.7065s
[INFO] Subscriptions active: 6 (libsumo, fast mode)
[INFO] Episode duration: 3600s (60 min)

[DEBUG] 🎯 Célzott Forgalom Generálása (R1C1_C) | Period: 6.5746
Found 6 valid OD pairs for R1C1_C
Generating focused traffic: Period 6.5746s
[INFO] Subscriptions active: 6 (libsumo, fast mode)
[INFO] Episode duration: 3600s (60 min)

[DEBUG] 🎯 Célzott Forgalom Generálása (R1C1_C) | Period: 6.2268
Found 6 valid OD pairs for R1C1_C
Generating focused traffic: Period 6.2268s
[INFO] Subscriptions active: 6 (libsumo, fast mode)
[INFO] Episode duration: 1800s (30 min)

[DEBUG] 🎯 Célzott Forgalom Generálása (R1C1_C) | Period: 5.0383
Found 6 valid OD pairs for R1C1_C
Generating focused traffic: Period 5.0383s
[INFO] Subscriptions active: 6 (libsumo, fast mode)
[INFO] Episode duration: 2700s (45 min)

[DEBUG] 🎯 Célzott Forgalom Generálása (R1C1_C) | Period: 7.3148
Found 6 valid OD pairs for R1C1_C
Generating focused traffic: Period 7.3148s
[INFO] Subscriptions active: 6 (libsumo, fast mode)
[INFO] Episode duration: 2700s (45 min)

[DEBUG] 🎯 Célzott Forgalom Generálása (R1C1_C) | Period: 7.4731
Found 6 valid OD pairs for R1C1_C
Generating focused traffic: Period 7.4731s
[INFO] Subscriptions active: 6 (libsumo, fast mode)
[INFO] Episode duration: 3600s (60 min)

[DEBUG] 🎯 Célzott Forgalom Generálása (R1C1_C) | Period: 4.5911
Found 6 valid OD pairs for R1C1_C
Generating focused traffic: Period 4.5911s
[INFO] Subscriptions active: 6 (libsumo, fast mode)
[INFO] Episode duration: 1800s (30 min)

[DEBUG] 🎯 Célzott Forgalom Generálása (R1C1_C) | Period: 6.6701
Found 6 valid OD pairs for R1C1_C
Generating focused traffic: Period 6.6701s
[INFO] Subscriptions active: 6 (libsumo, fast mode)
[INFO] Episode duration: 1800s (30 min)

[DEBUG] 🎯 Célzott Forgalom Generálása (R1C1_C) | Period: 6.821
Found 6 valid OD pairs for R1C1_C
Generating focused traffic: Period 6.8210s
[INFO] Subscriptions active: 6 (libsumo, fast mode)
[INFO] Episode duration: 2700s (45 min)

[DEBUG] 🎯 Célzott Forgalom Generálása (R1C1_C) | Period: 4.6023
Found 6 valid OD pairs for R1C1_C
Generating focused traffic: Period 4.6023s
[INFO] Subscriptions active: 6 (libsumo, fast mode)
[INFO] Episode duration: 2700s (45 min)

[DEBUG] 🎯 Célzott Forgalom Generálása (R1C1_C) | Period: 5.2331
Found 6 valid OD pairs for R1C1_C
Generating focused traffic: Period 5.2331s
[INFO] Subscriptions active: 6 (libsumo, fast mode)
-----------------------------------------
| rollout/                |             |
|    ep_len_mean          | 512         |
|    ep_rew_mean          | 114         |
| time/                   |             |
|    fps                  | 107         |
|    iterations           | 10          |
|    time_elapsed         | 191         |
|    total_timesteps      | 20480       |
| train/                  |             |
|    approx_kl            | 0.005437034 |
|    clip_fraction        | 0.0988      |
|    clip_range           | 0.2         |
|    entropy_loss         | -1.16       |
|    explained_variance   | 0.0648      |
|    learning_rate        | 0.0001      |
|    loss                 | 3.13        |
|    n_updates            | 90          |
|    policy_gradient_loss | -0.0065     |
|    value_loss           | 6.73        |
-----------------------------------------
[INFO] Episode duration: 3600s (60 min)

[DEBUG] 🎯 Célzott Forgalom Generálása (R1C1_C) | Period: 6.1184
Found 6 valid OD pairs for R1C1_C
Generating focused traffic: Period 6.1184s
[INFO] Subscriptions active: 6 (libsumo, fast mode)
[INFO] Episode duration: 1800s (30 min)

[DEBUG] 🎯 Célzott Forgalom Generálása (R1C1_C) | Period: 7.2038
Found 6 valid OD pairs for R1C1_C
Generating focused traffic: Period 7.2038s
[INFO] Subscriptions active: 6 (libsumo, fast mode)
[INFO] Episode duration: 3600s (60 min)

[DEBUG] 🎯 Célzott Forgalom Generálása (R1C1_C) | Period: 4.8193
Found 6 valid OD pairs for R1C1_C
Generating focused traffic: Period 4.8193s
[INFO] Subscriptions active: 6 (libsumo, fast mode)
[INFO] Episode duration: 3600s (60 min)

[DEBUG] 🎯 Célzott Forgalom Generálása (R1C1_C) | Period: 5.5297
Found 6 valid OD pairs for R1C1_C
Generating focused traffic: Period 5.5297s
[INFO] Subscriptions active: 6 (libsumo, fast mode)
[INFO] Episode duration: 3600s (60 min)

[DEBUG] 🎯 Célzott Forgalom Generálása (R1C1_C) | Period: 6.9186
Found 6 valid OD pairs for R1C1_C
Generating focused traffic: Period 6.9186s
[INFO] Subscriptions active: 6 (libsumo, fast mode)
[INFO] Episode duration: 3600s (60 min)

[DEBUG] 🎯 Célzott Forgalom Generálása (R1C1_C) | Period: 7.1236
Found 6 valid OD pairs for R1C1_C
Generating focused traffic: Period 7.1236s
[INFO] Subscriptions active: 6 (libsumo, fast mode)
[INFO] Episode duration: 2700s (45 min)

[DEBUG] 🎯 Célzott Forgalom Generálása (R1C1_C) | Period: 4.2199
Found 6 valid OD pairs for R1C1_C
Generating focused traffic: Period 4.2199s
[INFO] Subscriptions active: 6 (libsumo, fast mode)
[INFO] Episode duration: 3600s (60 min)

[DEBUG] 🎯 Célzott Forgalom Generálása (R1C1_C) | Period: 7.5644
Found 6 valid OD pairs for R1C1_C
Generating focused traffic: Period 7.5644s
[INFO] Subscriptions active: 6 (libsumo, fast mode)
[INFO] Episode duration: 2700s (45 min)

[DEBUG] 🎯 Célzott Forgalom Generálása (R1C1_C) | Period: 7.3397
Found 6 valid OD pairs for R1C1_C
Generating focused traffic: Period 7.3397s
[INFO] Subscriptions active: 6 (libsumo, fast mode)
[INFO] Episode duration: 3600s (60 min)

[DEBUG] 🎯 Célzott Forgalom Generálása (R1C1_C) | Period: 5.2161
Found 6 valid OD pairs for R1C1_C
Generating focused traffic: Period 5.2161s
[INFO] Subscriptions active: 6 (libsumo, fast mode)
[INFO] Episode duration: 3600s (60 min)

[DEBUG] 🎯 Célzott Forgalom Generálása (R1C1_C) | Period: 6.0145
Found 6 valid OD pairs for R1C1_C
Generating focused traffic: Period 6.0145s
[INFO] Subscriptions active: 6 (libsumo, fast mode)
[INFO] Episode duration: 3600s (60 min)

[DEBUG] 🎯 Célzott Forgalom Generálása (R1C1_C) | Period: 6.8459
Found 6 valid OD pairs for R1C1_C
Generating focused traffic: Period 6.8459s
[INFO] Subscriptions active: 6 (libsumo, fast mode)
[INFO] Episode duration: 1800s (30 min)

[DEBUG] 🎯 Célzott Forgalom Generálása (R1C1_C) | Period: 5.7509
Found 6 valid OD pairs for R1C1_C
Generating focused traffic: Period 5.7509s
[INFO] Subscriptions active: 6 (libsumo, fast mode)
[INFO] Episode duration: 900s (15 min)

[DEBUG] 🎯 Célzott Forgalom Generálása (R1C1_C) | Period: 7.9012
Found 6 valid OD pairs for R1C1_C
Generating focused traffic: Period 7.9012s
[INFO] Subscriptions active: 6 (libsumo, fast mode)
[INFO] Episode duration: 900s (15 min)

[DEBUG] 🎯 Célzott Forgalom Generálása (R1C1_C) | Period: 5.7496
Found 6 valid OD pairs for R1C1_C
Generating focused traffic: Period 5.7496s
[INFO] Subscriptions active: 6 (libsumo, fast mode)
[INFO] Episode duration: 2700s (45 min)

[DEBUG] 🎯 Célzott Forgalom Generálása (R1C1_C) | Period: 4.8957
Found 6 valid OD pairs for R1C1_C
Generating focused traffic: Period 4.8957s
[INFO] Subscriptions active: 6 (libsumo, fast mode)
[INFO] Episode duration: 2700s (45 min)

[DEBUG] 🎯 Célzott Forgalom Generálása (R1C1_C) | Period: 6.4555
Found 6 valid OD pairs for R1C1_C
Generating focused traffic: Period 6.4555s
[INFO] Subscriptions active: 6 (libsumo, fast mode)
[INFO] Episode duration: 2700s (45 min)

[DEBUG] 🎯 Célzott Forgalom Generálása (R1C1_C) | Period: 7.0019
Found 6 valid OD pairs for R1C1_C
Generating focused traffic: Period 7.0019s
[INFO] Subscriptions active: 6 (libsumo, fast mode)
[INFO] Episode duration: 1800s (30 min)

[DEBUG] 🎯 Célzott Forgalom Generálása (R1C1_C) | Period: 7.2247
Found 6 valid OD pairs for R1C1_C
Generating focused traffic: Period 7.2247s
[INFO] Subscriptions active: 6 (libsumo, fast mode)
[INFO] Episode duration: 1800s (30 min)

[DEBUG] 🎯 Célzott Forgalom Generálása (R1C1_C) | Period: 7.7096
Found 6 valid OD pairs for R1C1_C
Generating focused traffic: Period 7.7096s
[INFO] Subscriptions active: 6 (libsumo, fast mode)
[INFO] Episode duration: 900s (15 min)

[DEBUG] 🎯 Célzott Forgalom Generálása (R1C1_C) | Period: 6.1824
Found 6 valid OD pairs for R1C1_C
Generating focused traffic: Period 6.1824s
[INFO] Subscriptions active: 6 (libsumo, fast mode)
[INFO] Episode duration: 3600s (60 min)

[DEBUG] 🎯 Célzott Forgalom Generálása (R1C1_C) | Period: 4.243
Found 6 valid OD pairs for R1C1_C
Generating focused traffic: Period 4.2430s
[INFO] Subscriptions active: 6 (libsumo, fast mode)
[INFO] Episode duration: 3600s (60 min)

[DEBUG] 🎯 Célzott Forgalom Generálása (R1C1_C) | Period: 6.4467
Found 6 valid OD pairs for R1C1_C
Generating focused traffic: Period 6.4467s
[INFO] Subscriptions active: 6 (libsumo, fast mode)
[INFO] Episode duration: 2700s (45 min)

[DEBUG] 🎯 Célzott Forgalom Generálása (R1C1_C) | Period: 5.454
Found 6 valid OD pairs for R1C1_C
Generating focused traffic: Period 5.4540s
[INFO] Subscriptions active: 6 (libsumo, fast mode)
[INFO] Episode duration: 1800s (30 min)

[DEBUG] 🎯 Célzott Forgalom Generálása (R1C1_C) | Period: 6.2042
Found 6 valid OD pairs for R1C1_C
Generating focused traffic: Period 6.2042s
[INFO] Subscriptions active: 6 (libsumo, fast mode)
[INFO] Episode duration: 1800s (30 min)

[DEBUG] 🎯 Célzott Forgalom Generálása (R1C1_C) | Period: 5.9314
Found 6 valid OD pairs for R1C1_C
Generating focused traffic: Period 5.9314s
[INFO] Subscriptions active: 6 (libsumo, fast mode)
[INFO] Episode duration: 900s (15 min)

[DEBUG] 🎯 Célzott Forgalom Generálása (R1C1_C) | Period: 6.1536
Found 6 valid OD pairs for R1C1_C
Generating focused traffic: Period 6.1536s
[INFO] Subscriptions active: 6 (libsumo, fast mode)
[INFO] Episode duration: 900s (15 min)

[DEBUG] 🎯 Célzott Forgalom Generálása (R1C1_C) | Period: 4.9725
Found 6 valid OD pairs for R1C1_C
Generating focused traffic: Period 4.9725s
[INFO] Subscriptions active: 6 (libsumo, fast mode)
[INFO] Episode duration: 2700s (45 min)

[DEBUG] 🎯 Célzott Forgalom Generálása (R1C1_C) | Period: 6.5796
Found 6 valid OD pairs for R1C1_C
Generating focused traffic: Period 6.5796s
[INFO] Subscriptions active: 6 (libsumo, fast mode)
[INFO] Episode duration: 1800s (30 min)

[DEBUG] 🎯 Célzott Forgalom Generálása (R1C1_C) | Period: 5.4641
Found 6 valid OD pairs for R1C1_C
Generating focused traffic: Period 5.4641s
[INFO] Subscriptions active: 6 (libsumo, fast mode)
[INFO] Episode duration: 900s (15 min)

[DEBUG] 🎯 Célzott Forgalom Generálása (R1C1_C) | Period: 5.176
Found 6 valid OD pairs for R1C1_C
Generating focused traffic: Period 5.1760s
[INFO] Subscriptions active: 6 (libsumo, fast mode)
[INFO] Episode duration: 900s (15 min)

[DEBUG] 🎯 Célzott Forgalom Generálása (R1C1_C) | Period: 5.8713
Found 6 valid OD pairs for R1C1_C
Generating focused traffic: Period 5.8713s
[INFO] Subscriptions active: 6 (libsumo, fast mode)
[INFO] Episode duration: 2700s (45 min)

[DEBUG] 🎯 Célzott Forgalom Generálása (R1C1_C) | Period: 5.0201
Found 6 valid OD pairs for R1C1_C
Generating focused traffic: Period 5.0201s
[INFO] Subscriptions active: 6 (libsumo, fast mode)
[INFO] Episode duration: 3600s (60 min)

[DEBUG] 🎯 Célzott Forgalom Generálása (R1C1_C) | Period: 6.6592
Found 6 valid OD pairs for R1C1_C
Generating focused traffic: Period 6.6592s
[INFO] Subscriptions active: 6 (libsumo, fast mode)
[INFO] Episode duration: 900s (15 min)

[DEBUG] 🎯 Célzott Forgalom Generálása (R1C1_C) | Period: 6.2655
Found 6 valid OD pairs for R1C1_C
Generating focused traffic: Period 6.2655s
[INFO] Subscriptions active: 6 (libsumo, fast mode)
[INFO] Episode duration: 900s (15 min)

[DEBUG] 🎯 Célzott Forgalom Generálása (R1C1_C) | Period: 7.3037
Found 6 valid OD pairs for R1C1_C
Generating focused traffic: Period 7.3037s
[INFO] Subscriptions active: 6 (libsumo, fast mode)
[INFO] Episode duration: 3600s (60 min)

[DEBUG] 🎯 Célzott Forgalom Generálása (R1C1_C) | Period: 6.5362
Found 6 valid OD pairs for R1C1_C
Generating focused traffic: Period 6.5362s
[INFO] Subscriptions active: 6 (libsumo, fast mode)
[INFO] Episode duration: 1800s (30 min)

[DEBUG] 🎯 Célzott Forgalom Generálása (R1C1_C) | Period: 4.7925
Found 6 valid OD pairs for R1C1_C
Generating focused traffic: Period 4.7925s
[INFO] Subscriptions active: 6 (libsumo, fast mode)
[INFO] Episode duration: 3600s (60 min)

[DEBUG] 🎯 Célzott Forgalom Generálása (R1C1_C) | Period: 5.1112
Found 6 valid OD pairs for R1C1_C
Generating focused traffic: Period 5.1112s
[INFO] Subscriptions active: 6 (libsumo, fast mode)
[INFO] Episode duration: 3600s (60 min)

[DEBUG] 🎯 Célzott Forgalom Generálása (R1C1_C) | Period: 5.502
Found 6 valid OD pairs for R1C1_C
Generating focused traffic: Period 5.5020s
[INFO] Subscriptions active: 6 (libsumo, fast mode)
[INFO] Episode duration: 1800s (30 min)

[DEBUG] 🎯 Célzott Forgalom Generálása (R1C1_C) | Period: 6.5331
Found 6 valid OD pairs for R1C1_C
Generating focused traffic: Period 6.5331s
[INFO] Subscriptions active: 6 (libsumo, fast mode)
[INFO] Episode duration: 900s (15 min)

[DEBUG] 🎯 Célzott Forgalom Generálása (R1C1_C) | Period: 7.9438
Found 6 valid OD pairs for R1C1_C
Generating focused traffic: Period 7.9438s
[INFO] Subscriptions active: 6 (libsumo, fast mode)
[INFO] Episode duration: 2700s (45 min)

[DEBUG] 🎯 Célzott Forgalom Generálása (R1C1_C) | Period: 6.0798
Found 6 valid OD pairs for R1C1_C
Generating focused traffic: Period 6.0798s
[INFO] Subscriptions active: 6 (libsumo, fast mode)
----------------------------------------
| rollout/                |            |
|    ep_len_mean          | 496        |
|    ep_rew_mean          | 135        |
| time/                   |            |
|    fps                  | 105        |
|    iterations           | 20         |
|    time_elapsed         | 388        |
|    total_timesteps      | 40960      |
| train/                  |            |
|    approx_kl            | 0.00501149 |
|    clip_fraction        | 0.0612     |
|    clip_range           | 0.2        |
|    entropy_loss         | -0.917     |
|    explained_variance   | 0.00812    |
|    learning_rate        | 0.0001     |
|    loss                 | 1.87       |
|    n_updates            | 190        |
|    policy_gradient_loss | -0.00265   |
|    value_loss           | 16.3       |
----------------------------------------
[INFO] Episode duration: 1800s (30 min)

[DEBUG] 🎯 Célzott Forgalom Generálása (R1C1_C) | Period: 6.3273
Found 6 valid OD pairs for R1C1_C
Generating focused traffic: Period 6.3273s
[INFO] Subscriptions active: 6 (libsumo, fast mode)
[INFO] Episode duration: 2700s (45 min)

[DEBUG] 🎯 Célzott Forgalom Generálása (R1C1_C) | Period: 6.2245
Found 6 valid OD pairs for R1C1_C
Generating focused traffic: Period 6.2245s
[INFO] Subscriptions active: 6 (libsumo, fast mode)
[INFO] Episode duration: 900s (15 min)

[DEBUG] 🎯 Célzott Forgalom Generálása (R1C1_C) | Period: 5.6675
Found 6 valid OD pairs for R1C1_C
Generating focused traffic: Period 5.6675s
[INFO] Subscriptions active: 6 (libsumo, fast mode)
[INFO] Episode duration: 3600s (60 min)

[DEBUG] 🎯 Célzott Forgalom Generálása (R1C1_C) | Period: 6.4365
Found 6 valid OD pairs for R1C1_C
Generating focused traffic: Period 6.4365s
[INFO] Subscriptions active: 6 (libsumo, fast mode)
[INFO] Episode duration: 2700s (45 min)

[DEBUG] 🎯 Célzott Forgalom Generálása (R1C1_C) | Period: 5.9052
Found 6 valid OD pairs for R1C1_C
Generating focused traffic: Period 5.9052s
[INFO] Subscriptions active: 6 (libsumo, fast mode)
[INFO] Episode duration: 1800s (30 min)

[DEBUG] 🎯 Célzott Forgalom Generálása (R1C1_C) | Period: 4.5065
Found 6 valid OD pairs for R1C1_C
Generating focused traffic: Period 4.5065s
[INFO] Subscriptions active: 6 (libsumo, fast mode)
[INFO] Episode duration: 2700s (45 min)

[DEBUG] 🎯 Célzott Forgalom Generálása (R1C1_C) | Period: 4.8988
Found 6 valid OD pairs for R1C1_C
Generating focused traffic: Period 4.8988s
[INFO] Subscriptions active: 6 (libsumo, fast mode)
[INFO] Episode duration: 2700s (45 min)

[DEBUG] 🎯 Célzott Forgalom Generálása (R1C1_C) | Period: 7.4175
Found 6 valid OD pairs for R1C1_C
Generating focused traffic: Period 7.4175s
[INFO] Subscriptions active: 6 (libsumo, fast mode)
[INFO] Episode duration: 2700s (45 min)

[DEBUG] 🎯 Célzott Forgalom Generálása (R1C1_C) | Period: 5.4431
Found 6 valid OD pairs for R1C1_C
Generating focused traffic: Period 5.4431s
[INFO] Subscriptions active: 6 (libsumo, fast mode)
[INFO] Episode duration: 3600s (60 min)

[DEBUG] 🎯 Célzott Forgalom Generálása (R1C1_C) | Period: 6.0564
Found 6 valid OD pairs for R1C1_C
Generating focused traffic: Period 6.0564s
[INFO] Subscriptions active: 6 (libsumo, fast mode)
[INFO] Episode duration: 1800s (30 min)

[DEBUG] 🎯 Célzott Forgalom Generálása (R1C1_C) | Period: 4.6568
Found 6 valid OD pairs for R1C1_C
Generating focused traffic: Period 4.6568s
[INFO] Subscriptions active: 6 (libsumo, fast mode)
[INFO] Episode duration: 1800s (30 min)

[DEBUG] 🎯 Célzott Forgalom Generálása (R1C1_C) | Period: 5.0179
Found 6 valid OD pairs for R1C1_C
Generating focused traffic: Period 5.0179s
[INFO] Subscriptions active: 6 (libsumo, fast mode)
[INFO] Episode duration: 3600s (60 min)

[DEBUG] 🎯 Célzott Forgalom Generálása (R1C1_C) | Period: 7.7124
Found 6 valid OD pairs for R1C1_C
Generating focused traffic: Period 7.7124s
[INFO] Subscriptions active: 6 (libsumo, fast mode)
[INFO] Episode duration: 900s (15 min)

[DEBUG] 🎯 Célzott Forgalom Generálása (R1C1_C) | Period: 5.3255
Found 6 valid OD pairs for R1C1_C
Generating focused traffic: Period 5.3255s
[INFO] Subscriptions active: 6 (libsumo, fast mode)
[INFO] Episode duration: 3600s (60 min)

[DEBUG] 🎯 Célzott Forgalom Generálása (R1C1_C) | Period: 5.8829
Found 6 valid OD pairs for R1C1_C
Generating focused traffic: Period 5.8829s
[INFO] Subscriptions active: 6 (libsumo, fast mode)
[INFO] Episode duration: 3600s (60 min)

[DEBUG] 🎯 Célzott Forgalom Generálása (R1C1_C) | Period: 7.0886
Found 6 valid OD pairs for R1C1_C
Generating focused traffic: Period 7.0886s
[INFO] Subscriptions active: 6 (libsumo, fast mode)
[INFO] Episode duration: 1800s (30 min)

[DEBUG] 🎯 Célzott Forgalom Generálása (R1C1_C) | Period: 4.9464
Found 6 valid OD pairs for R1C1_C
Generating focused traffic: Period 4.9464s
[INFO] Subscriptions active: 6 (libsumo, fast mode)
[INFO] Episode duration: 3600s (60 min)

[DEBUG] 🎯 Célzott Forgalom Generálása (R1C1_C) | Period: 7.6906
Found 6 valid OD pairs for R1C1_C
Generating focused traffic: Period 7.6906s
[INFO] Subscriptions active: 6 (libsumo, fast mode)
[INFO] Episode duration: 3600s (60 min)

[DEBUG] 🎯 Célzott Forgalom Generálása (R1C1_C) | Period: 7.9312
Found 6 valid OD pairs for R1C1_C
Generating focused traffic: Period 7.9312s
[INFO] Subscriptions active: 6 (libsumo, fast mode)
[INFO] Episode duration: 1800s (30 min)

[DEBUG] 🎯 Célzott Forgalom Generálása (R1C1_C) | Period: 4.8908
Found 6 valid OD pairs for R1C1_C
Generating focused traffic: Period 4.8908s
[INFO] Subscriptions active: 6 (libsumo, fast mode)
[INFO] Episode duration: 2700s (45 min)

[DEBUG] 🎯 Célzott Forgalom Generálása (R1C1_C) | Period: 6.4522
Found 6 valid OD pairs for R1C1_C
Generating focused traffic: Period 6.4522s
[INFO] Subscriptions active: 6 (libsumo, fast mode)
[INFO] Episode duration: 3600s (60 min)

[DEBUG] 🎯 Célzott Forgalom Generálása (R1C1_C) | Period: 7.8623
Found 6 valid OD pairs for R1C1_C
Generating focused traffic: Period 7.8623s
[INFO] Subscriptions active: 6 (libsumo, fast mode)
[INFO] Episode duration: 3600s (60 min)

[DEBUG] 🎯 Célzott Forgalom Generálása (R1C1_C) | Period: 7.4144
Found 6 valid OD pairs for R1C1_C
Generating focused traffic: Period 7.4144s
[INFO] Subscriptions active: 6 (libsumo, fast mode)
[INFO] Episode duration: 1800s (30 min)

[DEBUG] 🎯 Célzott Forgalom Generálása (R1C1_C) | Period: 6.65
Found 6 valid OD pairs for R1C1_C
Generating focused traffic: Period 6.6500s
[INFO] Subscriptions active: 6 (libsumo, fast mode)
[INFO] Episode duration: 1800s (30 min)

[DEBUG] 🎯 Célzott Forgalom Generálása (R1C1_C) | Period: 7.4486
Found 6 valid OD pairs for R1C1_C
Generating focused traffic: Period 7.4486s
[INFO] Subscriptions active: 6 (libsumo, fast mode)
[INFO] Episode duration: 3600s (60 min)

[DEBUG] 🎯 Célzott Forgalom Generálása (R1C1_C) | Period: 6.7873
Found 6 valid OD pairs for R1C1_C
Generating focused traffic: Period 6.7873s
[INFO] Subscriptions active: 6 (libsumo, fast mode)
[INFO] Episode duration: 1800s (30 min)

[DEBUG] 🎯 Célzott Forgalom Generálása (R1C1_C) | Period: 5.4313
Found 6 valid OD pairs for R1C1_C
Generating focused traffic: Period 5.4313s
[INFO] Subscriptions active: 6 (libsumo, fast mode)
[INFO] Episode duration: 3600s (60 min)

[DEBUG] 🎯 Célzott Forgalom Generálása (R1C1_C) | Period: 5.5879
Found 6 valid OD pairs for R1C1_C
Generating focused traffic: Period 5.5879s
[INFO] Subscriptions active: 6 (libsumo, fast mode)
[INFO] Episode duration: 2700s (45 min)

[DEBUG] 🎯 Célzott Forgalom Generálása (R1C1_C) | Period: 5.5533
Found 6 valid OD pairs for R1C1_C
Generating focused traffic: Period 5.5533s
[INFO] Subscriptions active: 6 (libsumo, fast mode)
[INFO] Episode duration: 1800s (30 min)

[DEBUG] 🎯 Célzott Forgalom Generálása (R1C1_C) | Period: 6.3258
Found 6 valid OD pairs for R1C1_C
Generating focused traffic: Period 6.3258s
[INFO] Subscriptions active: 6 (libsumo, fast mode)
[INFO] Episode duration: 1800s (30 min)

[DEBUG] 🎯 Célzott Forgalom Generálása (R1C1_C) | Period: 4.584
Found 6 valid OD pairs for R1C1_C
Generating focused traffic: Period 4.5840s
[INFO] Subscriptions active: 6 (libsumo, fast mode)
[INFO] Episode duration: 900s (15 min)

[DEBUG] 🎯 Célzott Forgalom Generálása (R1C1_C) | Period: 4.0855
Found 6 valid OD pairs for R1C1_C
Generating focused traffic: Period 4.0855s
[INFO] Subscriptions active: 6 (libsumo, fast mode)
[INFO] Episode duration: 2700s (45 min)

[DEBUG] 🎯 Célzott Forgalom Generálása (R1C1_C) | Period: 7.8872
Found 6 valid OD pairs for R1C1_C
Generating focused traffic: Period 7.8872s
[INFO] Subscriptions active: 6 (libsumo, fast mode)
[INFO] Episode duration: 900s (15 min)

[DEBUG] 🎯 Célzott Forgalom Generálása (R1C1_C) | Period: 4.5616
Found 6 valid OD pairs for R1C1_C
Generating focused traffic: Period 4.5616s
[INFO] Subscriptions active: 6 (libsumo, fast mode)
[INFO] Episode duration: 2700s (45 min)

[DEBUG] 🎯 Célzott Forgalom Generálása (R1C1_C) | Period: 6.8743
Found 6 valid OD pairs for R1C1_C
Generating focused traffic: Period 6.8743s
[INFO] Subscriptions active: 6 (libsumo, fast mode)
[INFO] Episode duration: 2700s (45 min)

[DEBUG] 🎯 Célzott Forgalom Generálása (R1C1_C) | Period: 5.6617
Found 6 valid OD pairs for R1C1_C
Generating focused traffic: Period 5.6617s
[INFO] Subscriptions active: 6 (libsumo, fast mode)
[INFO] Episode duration: 1800s (30 min)

[DEBUG] 🎯 Célzott Forgalom Generálása (R1C1_C) | Period: 6.2107
Found 6 valid OD pairs for R1C1_C
Generating focused traffic: Period 6.2107s
[INFO] Subscriptions active: 6 (libsumo, fast mode)
[INFO] Episode duration: 1800s (30 min)

[DEBUG] 🎯 Célzott Forgalom Generálása (R1C1_C) | Period: 5.402
Found 6 valid OD pairs for R1C1_C
Generating focused traffic: Period 5.4020s
[INFO] Subscriptions active: 6 (libsumo, fast mode)
[INFO] Episode duration: 1800s (30 min)

[DEBUG] 🎯 Célzott Forgalom Generálása (R1C1_C) | Period: 6.6095
Found 6 valid OD pairs for R1C1_C
Generating focused traffic: Period 6.6095s
[INFO] Subscriptions active: 6 (libsumo, fast mode)
[INFO] Episode duration: 3600s (60 min)

[DEBUG] 🎯 Célzott Forgalom Generálása (R1C1_C) | Period: 5.3195
Found 6 valid OD pairs for R1C1_C
Generating focused traffic: Period 5.3195s
[INFO] Subscriptions active: 6 (libsumo, fast mode)
[INFO] Episode duration: 900s (15 min)

[DEBUG] 🎯 Célzott Forgalom Generálása (R1C1_C) | Period: 5.2554
Found 6 valid OD pairs for R1C1_C
Generating focused traffic: Period 5.2554s
[INFO] Subscriptions active: 6 (libsumo, fast mode)
[INFO] Episode duration: 900s (15 min)

[DEBUG] 🎯 Célzott Forgalom Generálása (R1C1_C) | Period: 5.0007
Found 6 valid OD pairs for R1C1_C
Generating focused traffic: Period 5.0007s
[INFO] Subscriptions active: 6 (libsumo, fast mode)
[INFO] Episode duration: 2700s (45 min)

[DEBUG] 🎯 Célzott Forgalom Generálása (R1C1_C) | Period: 5.917
Found 6 valid OD pairs for R1C1_C
Generating focused traffic: Period 5.9170s
[INFO] Subscriptions active: 6 (libsumo, fast mode)
------------------------------------------
| rollout/                |              |
|    ep_len_mean          | 495          |
|    ep_rew_mean          | 162          |
| time/                   |              |
|    fps                  | 105          |
|    iterations           | 30           |
|    time_elapsed         | 581          |
|    total_timesteps      | 61440        |
| train/                  |              |
|    approx_kl            | 0.0054557165 |
|    clip_fraction        | 0.0417       |
|    clip_range           | 0.2          |
|    entropy_loss         | -0.797       |
|    explained_variance   | 0.0319       |
|    learning_rate        | 0.0001       |
|    loss                 | 6.37         |
|    n_updates            | 290          |
|    policy_gradient_loss | -0.00114     |
|    value_loss           | 19           |
------------------------------------------
[INFO] Episode duration: 1800s (30 min)

[DEBUG] 🎯 Célzott Forgalom Generálása (R1C1_C) | Period: 5.5144
Found 6 valid OD pairs for R1C1_C
Generating focused traffic: Period 5.5144s
[INFO] Subscriptions active: 6 (libsumo, fast mode)
[INFO] Episode duration: 900s (15 min)

[DEBUG] 🎯 Célzott Forgalom Generálása (R1C1_C) | Period: 5.9614
Found 6 valid OD pairs for R1C1_C
Generating focused traffic: Period 5.9614s
[INFO] Subscriptions active: 6 (libsumo, fast mode)
[INFO] Episode duration: 900s (15 min)

[DEBUG] 🎯 Célzott Forgalom Generálása (R1C1_C) | Period: 5.1382
Found 6 valid OD pairs for R1C1_C
Generating focused traffic: Period 5.1382s
[INFO] Subscriptions active: 6 (libsumo, fast mode)
[INFO] Episode duration: 3600s (60 min)

[DEBUG] 🎯 Célzott Forgalom Generálása (R1C1_C) | Period: 6.0444
Found 6 valid OD pairs for R1C1_C
Generating focused traffic: Period 6.0444s
[INFO] Subscriptions active: 6 (libsumo, fast mode)
[INFO] Episode duration: 1800s (30 min)

[DEBUG] 🎯 Célzott Forgalom Generálása (R1C1_C) | Period: 4.4714
Found 6 valid OD pairs for R1C1_C
Generating focused traffic: Period 4.4714s
[INFO] Subscriptions active: 6 (libsumo, fast mode)
[INFO] Episode duration: 1800s (30 min)

[DEBUG] 🎯 Célzott Forgalom Generálása (R1C1_C) | Period: 5.0123
Found 6 valid OD pairs for R1C1_C
Generating focused traffic: Period 5.0123s
[INFO] Subscriptions active: 6 (libsumo, fast mode)
[INFO] Episode duration: 2700s (45 min)

[DEBUG] 🎯 Célzott Forgalom Generálása (R1C1_C) | Period: 4.0495
Found 6 valid OD pairs for R1C1_C
Generating focused traffic: Period 4.0495s
[INFO] Subscriptions active: 6 (libsumo, fast mode)
[INFO] Episode duration: 3600s (60 min)

[DEBUG] 🎯 Célzott Forgalom Generálása (R1C1_C) | Period: 4.2566
Found 6 valid OD pairs for R1C1_C
Generating focused traffic: Period 4.2566s
[INFO] Subscriptions active: 6 (libsumo, fast mode)
[INFO] Episode duration: 1800s (30 min)

[DEBUG] 🎯 Célzott Forgalom Generálása (R1C1_C) | Period: 7.5038
Found 6 valid OD pairs for R1C1_C
Generating focused traffic: Period 7.5038s
[INFO] Subscriptions active: 6 (libsumo, fast mode)
[INFO] Episode duration: 2700s (45 min)

[DEBUG] 🎯 Célzott Forgalom Generálása (R1C1_C) | Period: 6.779
Found 6 valid OD pairs for R1C1_C
Generating focused traffic: Period 6.7790s
[INFO] Subscriptions active: 6 (libsumo, fast mode)
[INFO] Episode duration: 1800s (30 min)

[DEBUG] 🎯 Célzott Forgalom Generálása (R1C1_C) | Period: 4.6476
Found 6 valid OD pairs for R1C1_C
Generating focused traffic: Period 4.6476s
[INFO] Subscriptions active: 6 (libsumo, fast mode)
[INFO] Episode duration: 3600s (60 min)

[DEBUG] 🎯 Célzott Forgalom Generálása (R1C1_C) | Period: 7.3132
Found 6 valid OD pairs for R1C1_C
Generating focused traffic: Period 7.3132s
[INFO] Subscriptions active: 6 (libsumo, fast mode)
[INFO] Episode duration: 3600s (60 min)

[DEBUG] 🎯 Célzott Forgalom Generálása (R1C1_C) | Period: 6.879
Found 6 valid OD pairs for R1C1_C
Generating focused traffic: Period 6.8790s
[INFO] Subscriptions active: 6 (libsumo, fast mode)
[INFO] Episode duration: 1800s (30 min)

[DEBUG] 🎯 Célzott Forgalom Generálása (R1C1_C) | Period: 4.7359
Found 6 valid OD pairs for R1C1_C
Generating focused traffic: Period 4.7359s
[INFO] Subscriptions active: 6 (libsumo, fast mode)
[INFO] Episode duration: 1800s (30 min)

[DEBUG] 🎯 Célzott Forgalom Generálása (R1C1_C) | Period: 7.8609
Found 6 valid OD pairs for R1C1_C
Generating focused traffic: Period 7.8609s
[INFO] Subscriptions active: 6 (libsumo, fast mode)
[INFO] Episode duration: 2700s (45 min)

[DEBUG] 🎯 Célzott Forgalom Generálása (R1C1_C) | Period: 6.6763
Found 6 valid OD pairs for R1C1_C
Generating focused traffic: Period 6.6763s
[INFO] Subscriptions active: 6 (libsumo, fast mode)
[INFO] Episode duration: 900s (15 min)

[DEBUG] 🎯 Célzott Forgalom Generálása (R1C1_C) | Period: 7.6654
Found 6 valid OD pairs for R1C1_C
Generating focused traffic: Period 7.6654s
[INFO] Subscriptions active: 6 (libsumo, fast mode)
[INFO] Episode duration: 900s (15 min)

[DEBUG] 🎯 Célzott Forgalom Generálása (R1C1_C) | Period: 4.5492
Found 6 valid OD pairs for R1C1_C
Generating focused traffic: Period 4.5492s
[INFO] Subscriptions active: 6 (libsumo, fast mode)
[INFO] Episode duration: 2700s (45 min)

[DEBUG] 🎯 Célzott Forgalom Generálása (R1C1_C) | Period: 6.9431
Found 6 valid OD pairs for R1C1_C
Generating focused traffic: Period 6.9431s
[INFO] Subscriptions active: 6 (libsumo, fast mode)
[INFO] Episode duration: 1800s (30 min)

[DEBUG] 🎯 Célzott Forgalom Generálása (R1C1_C) | Period: 7.2293
Found 6 valid OD pairs for R1C1_C
Generating focused traffic: Period 7.2293s
[INFO] Subscriptions active: 6 (libsumo, fast mode)
[INFO] Episode duration: 900s (15 min)

[DEBUG] 🎯 Célzott Forgalom Generálása (R1C1_C) | Period: 5.8813
Found 6 valid OD pairs for R1C1_C
Generating focused traffic: Period 5.8813s
[INFO] Subscriptions active: 6 (libsumo, fast mode)
[INFO] Episode duration: 3600s (60 min)

[DEBUG] 🎯 Célzott Forgalom Generálása (R1C1_C) | Period: 6.0911
Found 6 valid OD pairs for R1C1_C
Generating focused traffic: Period 6.0911s
[INFO] Subscriptions active: 6 (libsumo, fast mode)
[INFO] Episode duration: 900s (15 min)

[DEBUG] 🎯 Célzott Forgalom Generálása (R1C1_C) | Period: 6.2934
Found 6 valid OD pairs for R1C1_C
Generating focused traffic: Period 6.2934s
[INFO] Subscriptions active: 6 (libsumo, fast mode)
[INFO] Episode duration: 1800s (30 min)

[DEBUG] 🎯 Célzott Forgalom Generálása (R1C1_C) | Period: 4.7675
Found 6 valid OD pairs for R1C1_C
Generating focused traffic: Period 4.7675s
[INFO] Subscriptions active: 6 (libsumo, fast mode)
[INFO] Episode duration: 900s (15 min)

[DEBUG] 🎯 Célzott Forgalom Generálása (R1C1_C) | Period: 6.1352
Found 6 valid OD pairs for R1C1_C
Generating focused traffic: Period 6.1352s
[INFO] Subscriptions active: 6 (libsumo, fast mode)
[INFO] Episode duration: 2700s (45 min)

[DEBUG] 🎯 Célzott Forgalom Generálása (R1C1_C) | Period: 6.2503
Found 6 valid OD pairs for R1C1_C
Generating focused traffic: Period 6.2503s
[INFO] Subscriptions active: 6 (libsumo, fast mode)
[INFO] Episode duration: 3600s (60 min)

[DEBUG] 🎯 Célzott Forgalom Generálása (R1C1_C) | Period: 5.8416
Found 6 valid OD pairs for R1C1_C
Generating focused traffic: Period 5.8416s
[INFO] Subscriptions active: 6 (libsumo, fast mode)
[INFO] Episode duration: 2700s (45 min)

[DEBUG] 🎯 Célzott Forgalom Generálása (R1C1_C) | Period: 6.0208
Found 6 valid OD pairs for R1C1_C
Generating focused traffic: Period 6.0208s
[INFO] Subscriptions active: 6 (libsumo, fast mode)
[INFO] Episode duration: 3600s (60 min)

[DEBUG] 🎯 Célzott Forgalom Generálása (R1C1_C) | Period: 6.6722
Found 6 valid OD pairs for R1C1_C
Generating focused traffic: Period 6.6722s
[INFO] Subscriptions active: 6 (libsumo, fast mode)
[INFO] Episode duration: 3600s (60 min)

[DEBUG] 🎯 Célzott Forgalom Generálása (R1C1_C) | Period: 6.5382
Found 6 valid OD pairs for R1C1_C
Generating focused traffic: Period 6.5382s
[INFO] Subscriptions active: 6 (libsumo, fast mode)
[INFO] Episode duration: 2700s (45 min)

[DEBUG] 🎯 Célzott Forgalom Generálása (R1C1_C) | Period: 5.4792
Found 6 valid OD pairs for R1C1_C
Generating focused traffic: Period 5.4792s
[INFO] Subscriptions active: 6 (libsumo, fast mode)
[INFO] Episode duration: 900s (15 min)

[DEBUG] 🎯 Célzott Forgalom Generálása (R1C1_C) | Period: 5.3754
Found 6 valid OD pairs for R1C1_C
Generating focused traffic: Period 5.3754s
[INFO] Subscriptions active: 6 (libsumo, fast mode)
[INFO] Episode duration: 3600s (60 min)

[DEBUG] 🎯 Célzott Forgalom Generálása (R1C1_C) | Period: 7.7481
Found 6 valid OD pairs for R1C1_C
Generating focused traffic: Period 7.7481s
[INFO] Subscriptions active: 6 (libsumo, fast mode)
[INFO] Episode duration: 900s (15 min)

[DEBUG] 🎯 Célzott Forgalom Generálása (R1C1_C) | Period: 6.5232
Found 6 valid OD pairs for R1C1_C
Generating focused traffic: Period 6.5232s
[INFO] Subscriptions active: 6 (libsumo, fast mode)
[INFO] Episode duration: 1800s (30 min)

[DEBUG] 🎯 Célzott Forgalom Generálása (R1C1_C) | Period: 5.05
Found 6 valid OD pairs for R1C1_C
Generating focused traffic: Period 5.0500s
[INFO] Subscriptions active: 6 (libsumo, fast mode)
[INFO] Episode duration: 900s (15 min)

[DEBUG] 🎯 Célzott Forgalom Generálása (R1C1_C) | Period: 7.4135
Found 6 valid OD pairs for R1C1_C
Generating focused traffic: Period 7.4135s
[INFO] Subscriptions active: 6 (libsumo, fast mode)
[INFO] Episode duration: 2700s (45 min)

[DEBUG] 🎯 Célzott Forgalom Generálása (R1C1_C) | Period: 6.8748
Found 6 valid OD pairs for R1C1_C
Generating focused traffic: Period 6.8748s
[INFO] Subscriptions active: 6 (libsumo, fast mode)
[INFO] Episode duration: 1800s (30 min)

[DEBUG] 🎯 Célzott Forgalom Generálása (R1C1_C) | Period: 4.9625
Found 6 valid OD pairs for R1C1_C
Generating focused traffic: Period 4.9625s
[INFO] Subscriptions active: 6 (libsumo, fast mode)
[INFO] Episode duration: 1800s (30 min)

[DEBUG] 🎯 Célzott Forgalom Generálása (R1C1_C) | Period: 7.3378
Found 6 valid OD pairs for R1C1_C
Generating focused traffic: Period 7.3378s
[INFO] Subscriptions active: 6 (libsumo, fast mode)
[INFO] Episode duration: 2700s (45 min)

[DEBUG] 🎯 Célzott Forgalom Generálása (R1C1_C) | Period: 6.1199
Found 6 valid OD pairs for R1C1_C
Generating focused traffic: Period 6.1199s
[INFO] Subscriptions active: 6 (libsumo, fast mode)
[INFO] Episode duration: 900s (15 min)

[DEBUG] 🎯 Célzott Forgalom Generálása (R1C1_C) | Period: 7.0681
Found 6 valid OD pairs for R1C1_C
Generating focused traffic: Period 7.0681s
[INFO] Subscriptions active: 6 (libsumo, fast mode)
[INFO] Episode duration: 1800s (30 min)

[DEBUG] 🎯 Célzott Forgalom Generálása (R1C1_C) | Period: 7.3267
Found 6 valid OD pairs for R1C1_C
Generating focused traffic: Period 7.3267s
[INFO] Subscriptions active: 6 (libsumo, fast mode)
[INFO] Episode duration: 3600s (60 min)

[DEBUG] 🎯 Célzott Forgalom Generálása (R1C1_C) | Period: 7.6272
Found 6 valid OD pairs for R1C1_C
Generating focused traffic: Period 7.6272s
[INFO] Subscriptions active: 6 (libsumo, fast mode)
[INFO] Episode duration: 3600s (60 min)

[DEBUG] 🎯 Célzott Forgalom Generálása (R1C1_C) | Period: 4.9136
Found 6 valid OD pairs for R1C1_C
Generating focused traffic: Period 4.9136s
[INFO] Subscriptions active: 6 (libsumo, fast mode)
[INFO] Episode duration: 2700s (45 min)

[DEBUG] 🎯 Célzott Forgalom Generálása (R1C1_C) | Period: 5.6568
Found 6 valid OD pairs for R1C1_C
Generating focused traffic: Period 5.6568s
[INFO] Subscriptions active: 6 (libsumo, fast mode)
[INFO] Episode duration: 1800s (30 min)

[DEBUG] 🎯 Célzott Forgalom Generálása (R1C1_C) | Period: 4.1482
Found 6 valid OD pairs for R1C1_C
Generating focused traffic: Period 4.1482s
[INFO] Subscriptions active: 6 (libsumo, fast mode)
------------------------------------------
| rollout/                |              |
|    ep_len_mean          | 461          |
|    ep_rew_mean          | 164          |
| time/                   |              |
|    fps                  | 101          |
|    iterations           | 40           |
|    time_elapsed         | 807          |
|    total_timesteps      | 81920        |
| train/                  |              |
|    approx_kl            | 0.0057784063 |
|    clip_fraction        | 0.0678       |
|    clip_range           | 0.2          |
|    entropy_loss         | -0.764       |
|    explained_variance   | -0.00255     |
|    learning_rate        | 0.0001       |
|    loss                 | 3.45         |
|    n_updates            | 390          |
|    policy_gradient_loss | -0.00127     |
|    value_loss           | 19.9         |
------------------------------------------
[INFO] Episode duration: 2700s (45 min)

[DEBUG] 🎯 Célzott Forgalom Generálása (R1C1_C) | Period: 6.4097
Found 6 valid OD pairs for R1C1_C
Generating focused traffic: Period 6.4097s
[INFO] Subscriptions active: 6 (libsumo, fast mode)
[INFO] Episode duration: 900s (15 min)

[DEBUG] 🎯 Célzott Forgalom Generálása (R1C1_C) | Period: 4.8477
Found 6 valid OD pairs for R1C1_C
Generating focused traffic: Period 4.8477s
[INFO] Subscriptions active: 6 (libsumo, fast mode)
[INFO] Episode duration: 3600s (60 min)

[DEBUG] 🎯 Célzott Forgalom Generálása (R1C1_C) | Period: 6.0926
Found 6 valid OD pairs for R1C1_C
Generating focused traffic: Period 6.0926s
[INFO] Subscriptions active: 6 (libsumo, fast mode)
[INFO] Episode duration: 1800s (30 min)

[DEBUG] 🎯 Célzott Forgalom Generálása (R1C1_C) | Period: 6.6868
Found 6 valid OD pairs for R1C1_C
Generating focused traffic: Period 6.6868s
[INFO] Subscriptions active: 6 (libsumo, fast mode)
[INFO] Episode duration: 1800s (30 min)

[DEBUG] 🎯 Célzott Forgalom Generálása (R1C1_C) | Period: 7.4545
Found 6 valid OD pairs for R1C1_C
Generating focused traffic: Period 7.4545s
[INFO] Subscriptions active: 6 (libsumo, fast mode)
[INFO] Episode duration: 3600s (60 min)

[DEBUG] 🎯 Célzott Forgalom Generálása (R1C1_C) | Period: 4.6761
Found 6 valid OD pairs for R1C1_C
Generating focused traffic: Period 4.6761s
[INFO] Subscriptions active: 6 (libsumo, fast mode)
[INFO] Episode duration: 900s (15 min)

[DEBUG] 🎯 Célzott Forgalom Generálása (R1C1_C) | Period: 7.2651
Found 6 valid OD pairs for R1C1_C
Generating focused traffic: Period 7.2651s
[INFO] Subscriptions active: 6 (libsumo, fast mode)
[INFO] Episode duration: 3600s (60 min)

[DEBUG] 🎯 Célzott Forgalom Generálása (R1C1_C) | Period: 6.1637
Found 6 valid OD pairs for R1C1_C
Generating focused traffic: Period 6.1637s
[INFO] Subscriptions active: 6 (libsumo, fast mode)
[INFO] Episode duration: 3600s (60 min)

[DEBUG] 🎯 Célzott Forgalom Generálása (R1C1_C) | Period: 5.4248
Found 6 valid OD pairs for R1C1_C
Generating focused traffic: Period 5.4248s
[INFO] Subscriptions active: 6 (libsumo, fast mode)
[INFO] Episode duration: 3600s (60 min)

[DEBUG] 🎯 Célzott Forgalom Generálása (R1C1_C) | Period: 6.5823
Found 6 valid OD pairs for R1C1_C
Generating focused traffic: Period 6.5823s
[INFO] Subscriptions active: 6 (libsumo, fast mode)
[INFO] Episode duration: 900s (15 min)

[DEBUG] 🎯 Célzott Forgalom Generálása (R1C1_C) | Period: 4.5197
Found 6 valid OD pairs for R1C1_C
Generating focused traffic: Period 4.5197s
[INFO] Subscriptions active: 6 (libsumo, fast mode)
[INFO] Episode duration: 1800s (30 min)

[DEBUG] 🎯 Célzott Forgalom Generálása (R1C1_C) | Period: 4.5254
Found 6 valid OD pairs for R1C1_C
Generating focused traffic: Period 4.5254s
[INFO] Subscriptions active: 6 (libsumo, fast mode)
[INFO] Episode duration: 1800s (30 min)

[DEBUG] 🎯 Célzott Forgalom Generálása (R1C1_C) | Period: 4.0936
Found 6 valid OD pairs for R1C1_C
Generating focused traffic: Period 4.0936s
[INFO] Subscriptions active: 6 (libsumo, fast mode)
[INFO] Episode duration: 1800s (30 min)

[DEBUG] 🎯 Célzott Forgalom Generálása (R1C1_C) | Period: 4.9552
Found 6 valid OD pairs for R1C1_C
Generating focused traffic: Period 4.9552s
[INFO] Subscriptions active: 6 (libsumo, fast mode)
[INFO] Episode duration: 2700s (45 min)

[DEBUG] 🎯 Célzott Forgalom Generálása (R1C1_C) | Period: 4.2771
Found 6 valid OD pairs for R1C1_C
Generating focused traffic: Period 4.2771s
[INFO] Subscriptions active: 6 (libsumo, fast mode)
[INFO] Episode duration: 3600s (60 min)

[DEBUG] 🎯 Célzott Forgalom Generálása (R1C1_C) | Period: 5.5412
Found 6 valid OD pairs for R1C1_C
Generating focused traffic: Period 5.5412s
[INFO] Subscriptions active: 6 (libsumo, fast mode)
[INFO] Episode duration: 1800s (30 min)

[DEBUG] 🎯 Célzott Forgalom Generálása (R1C1_C) | Period: 6.4048
Found 6 valid OD pairs for R1C1_C
Generating focused traffic: Period 6.4048s
[INFO] Subscriptions active: 6 (libsumo, fast mode)
[INFO] Episode duration: 3600s (60 min)

[DEBUG] 🎯 Célzott Forgalom Generálása (R1C1_C) | Period: 7.6282
Found 6 valid OD pairs for R1C1_C
Generating focused traffic: Period 7.6282s
[INFO] Subscriptions active: 6 (libsumo, fast mode)
[INFO] Episode duration: 1800s (30 min)

[DEBUG] 🎯 Célzott Forgalom Generálása (R1C1_C) | Period: 6.8249
Found 6 valid OD pairs for R1C1_C
Generating focused traffic: Period 6.8249s
[INFO] Subscriptions active: 6 (libsumo, fast mode)
[INFO] Episode duration: 1800s (30 min)

[DEBUG] 🎯 Célzott Forgalom Generálása (R1C1_C) | Period: 4.3656
Found 6 valid OD pairs for R1C1_C
Generating focused traffic: Period 4.3656s
[INFO] Subscriptions active: 6 (libsumo, fast mode)
[INFO] Episode duration: 3600s (60 min)

[DEBUG] 🎯 Célzott Forgalom Generálása (R1C1_C) | Period: 6.816
Found 6 valid OD pairs for R1C1_C
Generating focused traffic: Period 6.8160s
[INFO] Subscriptions active: 6 (libsumo, fast mode)
[INFO] Episode duration: 3600s (60 min)

[DEBUG] 🎯 Célzott Forgalom Generálása (R1C1_C) | Period: 7.4726
Found 6 valid OD pairs for R1C1_C
Generating focused traffic: Period 7.4726s
[INFO] Subscriptions active: 6 (libsumo, fast mode)
[INFO] Episode duration: 3600s (60 min)

[DEBUG] 🎯 Célzott Forgalom Generálása (R1C1_C) | Period: 4.7571
Found 6 valid OD pairs for R1C1_C
Generating focused traffic: Period 4.7571s
[INFO] Subscriptions active: 6 (libsumo, fast mode)
[INFO] Episode duration: 3600s (60 min)

[DEBUG] 🎯 Célzott Forgalom Generálása (R1C1_C) | Period: 4.8435
Found 6 valid OD pairs for R1C1_C
Generating focused traffic: Period 4.8435s
[INFO] Subscriptions active: 6 (libsumo, fast mode)
[INFO] Episode duration: 3600s (60 min)

[DEBUG] 🎯 Célzott Forgalom Generálása (R1C1_C) | Period: 4.4523
Found 6 valid OD pairs for R1C1_C
Generating focused traffic: Period 4.4523s
[INFO] Subscriptions active: 6 (libsumo, fast mode)
[INFO] Episode duration: 3600s (60 min)

[DEBUG] 🎯 Célzott Forgalom Generálása (R1C1_C) | Period: 6.0893
Found 6 valid OD pairs for R1C1_C
Generating focused traffic: Period 6.0893s
[INFO] Subscriptions active: 6 (libsumo, fast mode)
[INFO] Episode duration: 2700s (45 min)

[DEBUG] 🎯 Célzott Forgalom Generálása (R1C1_C) | Period: 5.4424
Found 6 valid OD pairs for R1C1_C
Generating focused traffic: Period 5.4424s
[INFO] Subscriptions active: 6 (libsumo, fast mode)
[INFO] Episode duration: 3600s (60 min)

[DEBUG] 🎯 Célzott Forgalom Generálása (R1C1_C) | Period: 5.4033
Found 6 valid OD pairs for R1C1_C
Generating focused traffic: Period 5.4033s
[INFO] Subscriptions active: 6 (libsumo, fast mode)
[INFO] Episode duration: 2700s (45 min)

[DEBUG] 🎯 Célzott Forgalom Generálása (R1C1_C) | Period: 7.6459
Found 6 valid OD pairs for R1C1_C
Generating focused traffic: Period 7.6459s
[INFO] Subscriptions active: 6 (libsumo, fast mode)
[INFO] Episode duration: 3600s (60 min)

[DEBUG] 🎯 Célzott Forgalom Generálása (R1C1_C) | Period: 5.1993
Found 6 valid OD pairs for R1C1_C
Generating focused traffic: Period 5.1993s
[INFO] Subscriptions active: 6 (libsumo, fast mode)
[INFO] Episode duration: 1800s (30 min)

[DEBUG] 🎯 Célzott Forgalom Generálása (R1C1_C) | Period: 5.5318
Found 6 valid OD pairs for R1C1_C
Generating focused traffic: Period 5.5318s
[INFO] Subscriptions active: 6 (libsumo, fast mode)
[INFO] Episode duration: 900s (15 min)

[DEBUG] 🎯 Célzott Forgalom Generálása (R1C1_C) | Period: 6.4167
Found 6 valid OD pairs for R1C1_C
Generating focused traffic: Period 6.4167s
[INFO] Subscriptions active: 6 (libsumo, fast mode)
[INFO] Episode duration: 3600s (60 min)

[DEBUG] 🎯 Célzott Forgalom Generálása (R1C1_C) | Period: 4.4948
Found 6 valid OD pairs for R1C1_C
Generating focused traffic: Period 4.4948s
[INFO] Subscriptions active: 6 (libsumo, fast mode)
[INFO] Episode duration: 1800s (30 min)

[DEBUG] 🎯 Célzott Forgalom Generálása (R1C1_C) | Period: 5.4007
Found 6 valid OD pairs for R1C1_C
Generating focused traffic: Period 5.4007s
[INFO] Subscriptions active: 6 (libsumo, fast mode)
wandb: WARNING Symlinked 1 file into the W&B run directory; call wandb.save again to sync new files.
/Users/wagnertamas/Documents/Munka/cikkek/AI_agens_konyvtar/support/intergreen_matrix_calculator/rl_trainer.py:857: UserWarning: Exporting a model while it is in training mode. Please ensure that this is intended, as it may lead to different behavior during inference. Calling model.eval() before export is recommended.
  torch.onnx.export(
/Users/wagnertamas/Documents/Munka/cikkek/AI_agens_konyvtar/support/intergreen_matrix_calculator/rl_trainer.py:857: UserWarning: # 'dynamic_axes' is not recommended when dynamo=True, and may lead to 'torch._dynamo.exc.UserError: Constraints violated.' Supply the 'dynamic_shapes' argument instead if export is unsuccessful.
  torch.onnx.export(
wandb: updating run metadata
wandb: uploading output.log; uploading wandb-summary.json; uploading config.yaml; uploading pytorch_models/R1C1_C.zip
wandb: uploading pytorch_models/R1C1_C.zip
wandb: 
wandb: Run history:
wandb:         R1C1_C/action_pct/phase_0 ▄▄▂▂▁▃▃▃▅▃▆▅▅▅█▅▆▅▆▅▇█▃▇▅▄▇▆▆▆▅▅▅▆▇▇▅▇▆▅
wandb:         R1C1_C/action_pct/phase_1 █▇▆▅▅▄▃▃▃▃▂▂▂▂▂▂▂▂▂▂▂▂▂▂▁▁▁▁▁▁▂▁▁▁▂▂▁▂▁▂
wandb:         R1C1_C/action_pct/phase_2 ▃▂▄▄▄▄▃▅▂▄▃▂▄▄▁▅▂▃▄▄▃▁▅▄▆▇▆▆█▅█▇▇▅▄▃▇▅▅▆
wandb:         R1C1_C/action_pct/phase_3 ▂▄▅▇▇▆▇▆▇▇▅▇▅▆▅▄▅▆▄▄▄▄█▄▄▄▁▃▁▄▂▃▃▄▃▃▃▂▄▄
wandb:         R1C1_C/train/entropy_loss ▁▁▂▂▂▃▃▄▃▃▄▅▅▅▆▅▆▆▆▆▅▅▆▇▇▇▇▇▇▇▇▇▇▇▇▇█▇▇█
wandb:        R1C1_C/train/learning_rate ▁▁▁▁▁▁▁▁▁▁▁▁▁▁▁▁▁▁▁▁▁▁▁▁▁▁▁▁▁▁▁▁▁▁▁▁▁▁▁▁
wandb:                 R1C1_C/train/loss ▁▁▁▁▁▁▂▂▂▂▂▃▃▄▃▂▂▂██▂▂▄██▂▂▃▁▅▅▅▃▃▅▅▅▂▂▁
wandb: R1C1_C/train/policy_gradient_loss ▁▁▁▁▁▄▄▄▂▃▄▄▄▅▅▆▅▅▃▃▇▇▇▆▅██▆▆▆▇▇▇▅▄▄▄▄▆█
wandb:           R1C1_C/train/value_loss ▁▁▁▁▂▂▂▃▃▃▃▆▆▆▅▄▅▅▅▇▆▆▇▇▇▅██▆▆█▇▇▇▇▆▇▄▄▄
wandb:                        avg_reward ▂▂▂▁▁▆▄▁▃▅▄▆▅▇▁▅▅▄▄▄█▆▃▅▄▄▆▇▅▂▇▆▅▄▆▆▇▅▆▆
wandb:                                +9 ...
wandb: 
wandb: Run summary:
wandb:         R1C1_C/action_pct/phase_0 33.33333
wandb:         R1C1_C/action_pct/phase_1 1.80556
wandb:         R1C1_C/action_pct/phase_2 36.94444
wandb:         R1C1_C/action_pct/phase_3 27.91667
wandb:         R1C1_C/train/entropy_loss -0.66523
wandb:        R1C1_C/train/learning_rate 0.0001
wandb:                 R1C1_C/train/loss 0.73694
wandb: R1C1_C/train/policy_gradient_loss 0.00039
wandb:           R1C1_C/train/value_loss 12.09809
wandb:                        avg_reward 0.28184
wandb:                                +9 ...
wandb: 
wandb: 🚀 View run ppo_halt_ratio_3x128_1_R1C1_C at: https://wandb.ai/wagnertamas-budapesti-m-szaki-s-gazdas-gtudom-nyi-egyetem/sumo-rl-stat/runs/08thcwnz
wandb: ⭐️ View project at: https://wandb.ai/wagnertamas-budapesti-m-szaki-s-gazdas-gtudom-nyi-egyetem/sumo-rl-stat
wandb: Synced 5 W&B file(s), 0 media file(s), 0 artifact file(s) and 1 other file(s)
wandb: Find logs at: ./wandb/run-20260321_234034-08thcwnz/logs
[INFO] Episode duration: 3600s (60 min)

[DEBUG] 🎯 Célzott Forgalom Generálása (R1C1_C) | Period: 4.0324
Found 6 valid OD pairs for R1C1_C
Generating focused traffic: Period 4.0324s
[INFO] Subscriptions active: 6 (libsumo, fast mode)
On-policy training completed.
Closing environment and EXPORTING models...
Saving PyTorch ZIP models to /Users/wagnertamas/Documents/Munka/cikkek/AI_agens_konyvtar/support/intergreen_matrix_calculator/data/runs/pytorch_models...
Saved PyTorch R1C1_C to /Users/wagnertamas/Documents/Munka/cikkek/AI_agens_konyvtar/support/intergreen_matrix_calculator/data/runs/pytorch_models/R1C1_C.zip
Exporting ONNX models to /Users/wagnertamas/Documents/Munka/cikkek/AI_agens_konyvtar/support/intergreen_matrix_calculator/data/runs/onnx_models...
Failed to export R1C1_C: # Failed to convert 'dynamic_axes' to 'dynamic_shapes'. Please provide 'dynamic_shapes' directly. Refer to the documentation for 'torch.export.export' for more information on dynamic shapes.
Cleanup done.
