wandb: [wandb.login()] Loaded credentials for https://api.wandb.ai from /Users/wagnertamas/.netrc.
wandb: Currently logged in as: wagnertamas (wagnertamas-budapesti-m-szaki-s-gazdas-gtudom-nyi-egyetem) to https://api.wandb.ai. Use `wandb login --relogin` to force relogin
wandb: setting up run f8b4art3
wandb: Tracking run with wandb version 0.25.1
wandb: Run data is saved locally in /Users/wagnertamas/Documents/Munka/cikkek/AI_agens_konyvtar/support/intergreen_matrix_calculator/wandb/run-20260408_005100-f8b4art3
wandb: Run `wandb offline` to turn off syncing.
wandb: Syncing run ppo_speed_throughput_1x16_1_R1C1_C
wandb: ⭐️ View project at https://wandb.ai/wagnertamas-budapesti-m-szaki-s-gazdas-gtudom-nyi-egyetem/sumo-rl-stat-2
wandb: 🚀 View run at https://wandb.ai/wagnertamas-budapesti-m-szaki-s-gazdas-gtudom-nyi-egyetem/sumo-rl-stat-2/runs/f8b4art3
[INFO] Config: training_config.yaml
[INFO] Net: /Users/wagnertamas/Documents/Munka/cikkek/AI_agens_konyvtar/support/intergreen_matrix_calculator/data/mega_catalogue_v2.net.xml
[INFO] Timesteps: 100000 | Project: sumo-rl-stat-2
[INFO] Junction: R1C1_C
[INFO] Algorithm: ppo | Reward: speed_throughput
[INFO] Load model: None (fresh)
[INFO] Traffic: random target+spread (epizódonként)
Initializing Environment (algorithm=ppo, reward=speed_throughput)...
[INFO] Algorithm: ppo (on_policy)
[INFO] Reward mode: speed_throughput
WandB config applied (Sweep compatible).
[INFO] Junction reward params auto-loaded from /Users/wagnertamas/Documents/Munka/cikkek/AI_agens_konyvtar/support/intergreen_matrix_calculator/data/junction_reward_params.json
[INFO] Using 'traci' (USE_LIBSUMO=0, parallel slave).
Starting SUMO...
[INFO] Episode duration: 1800s (30 min)

[DEBUG] 🎯 Célzott Forgalom Generálása (R1C1_C) | Period: 4.4968
Found 6 valid OD pairs for R1C1_C
Generating focused traffic: Period 4.4968s
 Retrying in 1 seconds
[INFO] Network mapped: 1 agents, 3 detectors, 3 lanes
[INFO] Subscriptions active: 6 (traci, fast mode)
Agents discovered: ['R1C1_C']
[INFO] RL device: mps
[INFO] On-policy training: ppo → R1C1_C
[INFO] Env reset az observation/action space inicializálásához...
[INFO] Episode duration: 900s (15 min)

[DEBUG] 🎯 Célzott Forgalom Generálása (R1C1_C) | Period: 5.6568
Found 6 valid OD pairs for R1C1_C
Generating focused traffic: Period 5.6568s
[INFO] Subscriptions active: 6 (traci, fast mode)
Using mps device
Wrapping the env with a `Monitor` wrapper
Wrapping the env in a DummyVecEnv.
Starting on-policy training: 100000 timesteps...
[INFO] Episode duration: 3600s (60 min)

[DEBUG] 🎯 Célzott Forgalom Generálása (R1C1_C) | Period: 5.6039
Found 6 valid OD pairs for R1C1_C
Generating focused traffic: Period 5.6039s
[INFO] Subscriptions active: 6 (traci, fast mode)
Logging to /Users/wagnertamas/Documents/Munka/cikkek/AI_agens_konyvtar/support/intergreen_matrix_calculator/data/runs/sumo-rl-stat-2/R1C1_C/PPO_4
[INFO] Episode duration: 900s (15 min)

[DEBUG] 🎯 Célzott Forgalom Generálása (R1C1_C) | Period: 4.958
Found 6 valid OD pairs for R1C1_C
Generating focused traffic: Period 4.9580s
[INFO] Subscriptions active: 6 (traci, fast mode)
  [ACTION PPO] R1C1_C: a0=24% (175) a1=22% (160) a2=28% (204) a3=25% (181)
[INFO] Episode duration: 2700s (45 min)

[DEBUG] 🎯 Célzott Forgalom Generálása (R1C1_C) | Period: 7.4306
Found 6 valid OD pairs for R1C1_C
Generating focused traffic: Period 7.4306s
[INFO] Subscriptions active: 6 (traci, fast mode)
  [ACTION PPO] R1C1_C: a0=25% (45) a1=26% (47) a2=23% (41) a3=26% (47)
[INFO] Episode duration: 900s (15 min)

[DEBUG] 🎯 Célzott Forgalom Generálása (R1C1_C) | Period: 6.2305
Found 6 valid OD pairs for R1C1_C
Generating focused traffic: Period 6.2305s
[INFO] Subscriptions active: 6 (traci, fast mode)
  [ACTION PPO] R1C1_C: a0=23% (123) a1=23% (125) a2=27% (147) a3=27% (145)
[INFO] Episode duration: 3600s (60 min)

[DEBUG] 🎯 Célzott Forgalom Generálása (R1C1_C) | Period: 5.7548
Found 6 valid OD pairs for R1C1_C
Generating focused traffic: Period 5.7548s
[INFO] Subscriptions active: 6 (traci, fast mode)
  [ACTION PPO] R1C1_C: a0=23% (41) a1=21% (38) a2=27% (48) a3=29% (53)
[INFO] Episode duration: 900s (15 min)

[DEBUG] 🎯 Célzott Forgalom Generálása (R1C1_C) | Period: 6.1343
Found 6 valid OD pairs for R1C1_C
Generating focused traffic: Period 6.1343s
[INFO] Subscriptions active: 6 (traci, fast mode)
  [ACTION PPO] R1C1_C: a0=24% (171) a1=21% (152) a2=30% (213) a3=26% (184)
[INFO] Episode duration: 2700s (45 min)

[DEBUG] 🎯 Célzott Forgalom Generálása (R1C1_C) | Period: 4.1597
Found 6 valid OD pairs for R1C1_C
Generating focused traffic: Period 4.1597s
[INFO] Subscriptions active: 6 (traci, fast mode)
  [ACTION PPO] R1C1_C: a0=23% (41) a1=18% (33) a2=29% (52) a3=30% (54)
[INFO] Episode duration: 900s (15 min)

[DEBUG] 🎯 Célzott Forgalom Generálása (R1C1_C) | Period: 5.8539
Found 6 valid OD pairs for R1C1_C
Generating focused traffic: Period 5.8539s
[INFO] Subscriptions active: 6 (traci, fast mode)
  [ACTION PPO] R1C1_C: a0=26% (142) a1=22% (120) a2=29% (156) a3=23% (122)
[INFO] Episode duration: 900s (15 min)

[DEBUG] 🎯 Célzott Forgalom Generálása (R1C1_C) | Period: 6.7899
Found 6 valid OD pairs for R1C1_C
Generating focused traffic: Period 6.7899s
[INFO] Subscriptions active: 6 (traci, fast mode)
  [ACTION PPO] R1C1_C: a0=27% (49) a1=24% (43) a2=30% (54) a3=19% (34)
[INFO] Episode duration: 900s (15 min)

[DEBUG] 🎯 Célzott Forgalom Generálása (R1C1_C) | Period: 7.46
Found 6 valid OD pairs for R1C1_C
Generating focused traffic: Period 7.4600s
[INFO] Subscriptions active: 6 (traci, fast mode)
  [ACTION PPO] R1C1_C: a0=19% (35) a1=21% (37) a2=33% (59) a3=27% (49)
[INFO] Episode duration: 2700s (45 min)

[DEBUG] 🎯 Célzott Forgalom Generálása (R1C1_C) | Period: 5.0447
Found 6 valid OD pairs for R1C1_C
Generating focused traffic: Period 5.0447s
[INFO] Subscriptions active: 6 (traci, fast mode)
  [ACTION PPO] R1C1_C: a0=23% (41) a1=19% (34) a2=33% (59) a3=26% (46)
[INFO] Episode duration: 900s (15 min)

[DEBUG] 🎯 Célzott Forgalom Generálása (R1C1_C) | Period: 5.5035
Found 6 valid OD pairs for R1C1_C
Generating focused traffic: Period 5.5035s
[INFO] Subscriptions active: 6 (traci, fast mode)
  [ACTION PPO] R1C1_C: a0=21% (116) a1=24% (130) a2=29% (158) a3=25% (136)
[INFO] Episode duration: 1800s (30 min)

[DEBUG] 🎯 Célzott Forgalom Generálása (R1C1_C) | Period: 4.6831
Found 6 valid OD pairs for R1C1_C
Generating focused traffic: Period 4.6831s
[INFO] Subscriptions active: 6 (traci, fast mode)
  [ACTION PPO] R1C1_C: a0=21% (38) a1=29% (52) a2=28% (50) a3=22% (40)
[INFO] Episode duration: 2700s (45 min)

[DEBUG] 🎯 Célzott Forgalom Generálása (R1C1_C) | Period: 4.2921
Found 6 valid OD pairs for R1C1_C
Generating focused traffic: Period 4.2921s
[INFO] Subscriptions active: 6 (traci, fast mode)
  [ACTION PPO] R1C1_C: a0=23% (83) a1=26% (95) a2=30% (109) a3=20% (73)
[INFO] Episode duration: 900s (15 min)

[DEBUG] 🎯 Célzott Forgalom Generálása (R1C1_C) | Period: 4.5013
Found 6 valid OD pairs for R1C1_C
Generating focused traffic: Period 4.5013s
[INFO] Subscriptions active: 6 (traci, fast mode)
  [ACTION PPO] R1C1_C: a0=21% (116) a1=24% (128) a2=32% (172) a3=23% (124)
[INFO] Episode duration: 900s (15 min)

[DEBUG] 🎯 Célzott Forgalom Generálása (R1C1_C) | Period: 5.7973
Found 6 valid OD pairs for R1C1_C
Generating focused traffic: Period 5.7973s
[INFO] Subscriptions active: 6 (traci, fast mode)
  [ACTION PPO] R1C1_C: a0=20% (36) a1=22% (39) a2=30% (54) a3=28% (51)
[INFO] Episode duration: 900s (15 min)

[DEBUG] 🎯 Célzott Forgalom Generálása (R1C1_C) | Period: 4.1726
Found 6 valid OD pairs for R1C1_C
Generating focused traffic: Period 4.1726s
[INFO] Subscriptions active: 6 (traci, fast mode)
  [ACTION PPO] R1C1_C: a0=26% (46) a1=21% (37) a2=31% (55) a3=23% (42)
[INFO] Episode duration: 1800s (30 min)

[DEBUG] 🎯 Célzott Forgalom Generálása (R1C1_C) | Period: 6.1969
Found 6 valid OD pairs for R1C1_C
Generating focused traffic: Period 6.1969s
[INFO] Subscriptions active: 6 (traci, fast mode)
  [ACTION PPO] R1C1_C: a0=27% (49) a1=17% (31) a2=34% (61) a3=22% (39)
[INFO] Episode duration: 1800s (30 min)

[DEBUG] 🎯 Célzott Forgalom Generálása (R1C1_C) | Period: 5.6344
Found 6 valid OD pairs for R1C1_C
Generating focused traffic: Period 5.6344s
[INFO] Subscriptions active: 6 (traci, fast mode)
  [ACTION PPO] R1C1_C: a0=23% (83) a1=20% (73) a2=34% (121) a3=23% (83)
[INFO] Episode duration: 900s (15 min)

[DEBUG] 🎯 Célzott Forgalom Generálása (R1C1_C) | Period: 6.2525
Found 6 valid OD pairs for R1C1_C
Generating focused traffic: Period 6.2525s
[INFO] Subscriptions active: 6 (traci, fast mode)
  [ACTION PPO] R1C1_C: a0=27% (97) a1=21% (77) a2=30% (108) a3=22% (78)
[INFO] Episode duration: 2700s (45 min)

[DEBUG] 🎯 Célzott Forgalom Generálása (R1C1_C) | Period: 7.5077
Found 6 valid OD pairs for R1C1_C
Generating focused traffic: Period 7.5077s
[INFO] Subscriptions active: 6 (traci, fast mode)
  [ACTION PPO] R1C1_C: a0=22% (40) a1=21% (38) a2=34% (62) a3=22% (40)
[INFO] Episode duration: 1800s (30 min)

[DEBUG] 🎯 Célzott Forgalom Generálása (R1C1_C) | Period: 4.5922
Found 6 valid OD pairs for R1C1_C
Generating focused traffic: Period 4.5922s
[INFO] Subscriptions active: 6 (traci, fast mode)
  [ACTION PPO] R1C1_C: a0=25% (137) a1=24% (129) a2=29% (158) a3=21% (116)
[INFO] Episode duration: 1800s (30 min)

[DEBUG] 🎯 Célzott Forgalom Generálása (R1C1_C) | Period: 6.8753
Found 6 valid OD pairs for R1C1_C
Generating focused traffic: Period 6.8753s
[INFO] Subscriptions active: 6 (traci, fast mode)
  [ACTION PPO] R1C1_C: a0=21% (76) a1=24% (87) a2=29% (106) a3=25% (91)
[INFO] Episode duration: 1800s (30 min)

[DEBUG] 🎯 Célzott Forgalom Generálása (R1C1_C) | Period: 4.2715
Found 6 valid OD pairs for R1C1_C
Generating focused traffic: Period 4.2715s
[INFO] Subscriptions active: 6 (traci, fast mode)
  [ACTION PPO] R1C1_C: a0=21% (77) a1=28% (102) a2=31% (111) a3=19% (70)
[INFO] Episode duration: 1800s (30 min)

[DEBUG] 🎯 Célzott Forgalom Generálása (R1C1_C) | Period: 7.9893
Found 6 valid OD pairs for R1C1_C
Generating focused traffic: Period 7.9893s
[INFO] Subscriptions active: 6 (traci, fast mode)
  [ACTION PPO] R1C1_C: a0=26% (93) a1=18% (66) a2=31% (112) a3=25% (89)
[INFO] Episode duration: 2700s (45 min)

[DEBUG] 🎯 Célzott Forgalom Generálása (R1C1_C) | Period: 6.0465
Found 6 valid OD pairs for R1C1_C
Generating focused traffic: Period 6.0465s
[INFO] Subscriptions active: 6 (traci, fast mode)
  [ACTION PPO] R1C1_C: a0=21% (77) a1=23% (83) a2=28% (102) a3=27% (98)
[INFO] Episode duration: 1800s (30 min)

[DEBUG] 🎯 Célzott Forgalom Generálása (R1C1_C) | Period: 5.6897
Found 6 valid OD pairs for R1C1_C
Generating focused traffic: Period 5.6897s
[INFO] Subscriptions active: 6 (traci, fast mode)
  [ACTION PPO] R1C1_C: a0=24% (129) a1=20% (106) a2=31% (169) a3=25% (136)
[INFO] Episode duration: 900s (15 min)

[DEBUG] 🎯 Célzott Forgalom Generálása (R1C1_C) | Period: 4.3521
Found 6 valid OD pairs for R1C1_C
Generating focused traffic: Period 4.3521s
[INFO] Subscriptions active: 6 (traci, fast mode)
  [ACTION PPO] R1C1_C: a0=21% (75) a1=25% (91) a2=28% (101) a3=26% (93)
[INFO] Episode duration: 900s (15 min)

[DEBUG] 🎯 Célzott Forgalom Generálása (R1C1_C) | Period: 6.0496
Found 6 valid OD pairs for R1C1_C
Generating focused traffic: Period 6.0496s
[INFO] Subscriptions active: 6 (traci, fast mode)
  [ACTION PPO] R1C1_C: a0=21% (37) a1=21% (38) a2=32% (57) a3=27% (48)
[INFO] Episode duration: 2700s (45 min)

[DEBUG] 🎯 Célzott Forgalom Generálása (R1C1_C) | Period: 6.5222
Found 6 valid OD pairs for R1C1_C
Generating focused traffic: Period 6.5222s
[INFO] Subscriptions active: 6 (traci, fast mode)
  [ACTION PPO] R1C1_C: a0=22% (40) a1=18% (33) a2=34% (61) a3=26% (46)
[INFO] Episode duration: 3600s (60 min)

[DEBUG] 🎯 Célzott Forgalom Generálása (R1C1_C) | Period: 5.5914
Found 6 valid OD pairs for R1C1_C
Generating focused traffic: Period 5.5914s
[INFO] Subscriptions active: 6 (traci, fast mode)
  [ACTION PPO] R1C1_C: a0=20% (107) a1=23% (122) a2=33% (179) a3=24% (132)
[INFO] Episode duration: 2700s (45 min)

[DEBUG] 🎯 Célzott Forgalom Generálása (R1C1_C) | Period: 5.797
Found 6 valid OD pairs for R1C1_C
Generating focused traffic: Period 5.7970s
[INFO] Subscriptions active: 6 (traci, fast mode)
  [ACTION PPO] R1C1_C: a0=23% (163) a1=21% (154) a2=34% (243) a3=22% (160)
[INFO] Episode duration: 2700s (45 min)

[DEBUG] 🎯 Célzott Forgalom Generálása (R1C1_C) | Period: 7.6948
Found 6 valid OD pairs for R1C1_C
Generating focused traffic: Period 7.6948s
[INFO] Subscriptions active: 6 (traci, fast mode)
  [ACTION PPO] R1C1_C: a0=24% (128) a1=20% (106) a2=31% (166) a3=26% (140)
[INFO] Episode duration: 900s (15 min)

[DEBUG] 🎯 Célzott Forgalom Generálása (R1C1_C) | Period: 4.3843
Found 6 valid OD pairs for R1C1_C
Generating focused traffic: Period 4.3843s
[INFO] Subscriptions active: 6 (traci, fast mode)
  [ACTION PPO] R1C1_C: a0=21% (111) a1=22% (120) a2=31% (168) a3=26% (141)
[INFO] Episode duration: 2700s (45 min)

[DEBUG] 🎯 Célzott Forgalom Generálása (R1C1_C) | Period: 7.4061
Found 6 valid OD pairs for R1C1_C
Generating focused traffic: Period 7.4061s
[INFO] Subscriptions active: 6 (traci, fast mode)
  [ACTION PPO] R1C1_C: a0=19% (35) a1=23% (41) a2=28% (50) a3=30% (54)
[INFO] Episode duration: 900s (15 min)

[DEBUG] 🎯 Célzott Forgalom Generálása (R1C1_C) | Period: 7.5943
Found 6 valid OD pairs for R1C1_C
Generating focused traffic: Period 7.5943s
[INFO] Subscriptions active: 6 (traci, fast mode)
  [ACTION PPO] R1C1_C: a0=22% (117) a1=23% (124) a2=30% (161) a3=26% (138)
[INFO] Episode duration: 3600s (60 min)

[DEBUG] 🎯 Célzott Forgalom Generálása (R1C1_C) | Period: 7.856
Found 6 valid OD pairs for R1C1_C
Generating focused traffic: Period 7.8560s
[INFO] Subscriptions active: 6 (traci, fast mode)
  [ACTION PPO] R1C1_C: a0=26% (47) a1=19% (34) a2=31% (56) a3=24% (43)
[INFO] Episode duration: 3600s (60 min)

[DEBUG] 🎯 Célzott Forgalom Generálása (R1C1_C) | Period: 4.7179
Found 6 valid OD pairs for R1C1_C
Generating focused traffic: Period 4.7179s
[INFO] Subscriptions active: 6 (traci, fast mode)
  [ACTION PPO] R1C1_C: a0=21% (153) a1=21% (152) a2=33% (241) a3=24% (174)
[INFO] Episode duration: 3600s (60 min)

[DEBUG] 🎯 Célzott Forgalom Generálása (R1C1_C) | Period: 5.8793
Found 6 valid OD pairs for R1C1_C
Generating focused traffic: Period 5.8793s
[INFO] Subscriptions active: 6 (traci, fast mode)
  [ACTION PPO] R1C1_C: a0=21% (152) a1=23% (167) a2=30% (219) a3=25% (182)
[INFO] Episode duration: 900s (15 min)

[DEBUG] 🎯 Célzott Forgalom Generálása (R1C1_C) | Period: 6.2171
Found 6 valid OD pairs for R1C1_C
Generating focused traffic: Period 6.2171s
[INFO] Subscriptions active: 6 (traci, fast mode)
  [ACTION PPO] R1C1_C: a0=22% (157) a1=25% (183) a2=27% (197) a3=25% (183)
[INFO] Episode duration: 1800s (30 min)

[DEBUG] 🎯 Célzott Forgalom Generálása (R1C1_C) | Period: 4.505
Found 6 valid OD pairs for R1C1_C
Generating focused traffic: Period 4.5050s
[INFO] Subscriptions active: 6 (traci, fast mode)
  [ACTION PPO] R1C1_C: a0=24% (43) a1=23% (42) a2=29% (52) a3=24% (43)
[INFO] Episode duration: 2700s (45 min)

[DEBUG] 🎯 Célzott Forgalom Generálása (R1C1_C) | Period: 5.8193
Found 6 valid OD pairs for R1C1_C
Generating focused traffic: Period 5.8193s
[INFO] Subscriptions active: 6 (traci, fast mode)
  [ACTION PPO] R1C1_C: a0=16% (59) a1=22% (78) a2=34% (121) a3=28% (102)
[INFO] Episode duration: 2700s (45 min)

[DEBUG] 🎯 Célzott Forgalom Generálása (R1C1_C) | Period: 7.9733
Found 6 valid OD pairs for R1C1_C
Generating focused traffic: Period 7.9733s
[INFO] Subscriptions active: 6 (traci, fast mode)
  [ACTION PPO] R1C1_C: a0=20% (108) a1=23% (124) a2=30% (162) a3=27% (146)
[INFO] Episode duration: 1800s (30 min)

[DEBUG] 🎯 Célzott Forgalom Generálása (R1C1_C) | Period: 5.4166
Found 6 valid OD pairs for R1C1_C
Generating focused traffic: Period 5.4166s
[INFO] Subscriptions active: 6 (traci, fast mode)
  [ACTION PPO] R1C1_C: a0=20% (110) a1=20% (109) a2=30% (160) a3=30% (161)
[INFO] Episode duration: 1800s (30 min)

[DEBUG] 🎯 Célzott Forgalom Generálása (R1C1_C) | Period: 7.8577
Found 6 valid OD pairs for R1C1_C
Generating focused traffic: Period 7.8577s
[INFO] Subscriptions active: 6 (traci, fast mode)
  [ACTION PPO] R1C1_C: a0=18% (64) a1=19% (69) a2=32% (116) a3=31% (111)
[INFO] Episode duration: 1800s (30 min)

[DEBUG] 🎯 Célzott Forgalom Generálása (R1C1_C) | Period: 5.9476
Found 6 valid OD pairs for R1C1_C
Generating focused traffic: Period 5.9476s
[INFO] Subscriptions active: 6 (traci, fast mode)
  [ACTION PPO] R1C1_C: a0=19% (68) a1=19% (69) a2=32% (115) a3=30% (108)
[INFO] Episode duration: 3600s (60 min)

[DEBUG] 🎯 Célzott Forgalom Generálása (R1C1_C) | Period: 7.5417
Found 6 valid OD pairs for R1C1_C
Generating focused traffic: Period 7.5417s
[INFO] Subscriptions active: 6 (traci, fast mode)
  [ACTION PPO] R1C1_C: a0=21% (75) a1=20% (73) a2=24% (88) a3=34% (124)
[INFO] Episode duration: 3600s (60 min)

[DEBUG] 🎯 Célzott Forgalom Generálása (R1C1_C) | Period: 6.0567
Found 6 valid OD pairs for R1C1_C
Generating focused traffic: Period 6.0567s
[INFO] Subscriptions active: 6 (traci, fast mode)
  [ACTION PPO] R1C1_C: a0=21% (154) a1=25% (178) a2=25% (183) a3=28% (205)
[INFO] Episode duration: 2700s (45 min)

[DEBUG] 🎯 Célzott Forgalom Generálása (R1C1_C) | Period: 7.1108
Found 6 valid OD pairs for R1C1_C
Generating focused traffic: Period 7.1108s
[INFO] Subscriptions active: 6 (traci, fast mode)
  [ACTION PPO] R1C1_C: a0=22% (156) a1=25% (178) a2=26% (186) a3=28% (200)
[INFO] Episode duration: 2700s (45 min)

[DEBUG] 🎯 Célzott Forgalom Generálása (R1C1_C) | Period: 6.5699
Found 6 valid OD pairs for R1C1_C
Generating focused traffic: Period 6.5699s
[INFO] Subscriptions active: 6 (traci, fast mode)
  [ACTION PPO] R1C1_C: a0=20% (107) a1=28% (150) a2=26% (141) a3=26% (142)
------------------------------------------
| rollout/                |              |
|    ep_len_mean          | 408          |
|    ep_rew_mean          | 47.1         |
| time/                   |              |
|    fps                  | 79           |
|    iterations           | 10           |
|    time_elapsed         | 257          |
|    total_timesteps      | 20480        |
| train/                  |              |
|    approx_kl            | 0.0018215659 |
|    clip_fraction        | 0            |
|    clip_range           | 0.2          |
|    entropy_loss         | -1.37        |
|    explained_variance   | -0.465       |
|    learning_rate        | 0.0001       |
|    loss                 | 0.893        |
|    n_updates            | 90           |
|    policy_gradient_loss | -0.00113     |
|    value_loss           | 1.73         |
------------------------------------------
[INFO] Episode duration: 2700s (45 min)

[DEBUG] 🎯 Célzott Forgalom Generálása (R1C1_C) | Period: 6.5578
Found 6 valid OD pairs for R1C1_C
Generating focused traffic: Period 6.5578s
[INFO] Subscriptions active: 6 (traci, fast mode)
  [ACTION PPO] R1C1_C: a0=19% (100) a1=25% (135) a2=27% (145) a3=30% (160)
[INFO] Episode duration: 3600s (60 min)

[DEBUG] 🎯 Célzott Forgalom Generálása (R1C1_C) | Period: 4.3586
Found 6 valid OD pairs for R1C1_C
Generating focused traffic: Period 4.3586s
[INFO] Subscriptions active: 6 (traci, fast mode)
  [ACTION PPO] R1C1_C: a0=22% (120) a1=23% (126) a2=28% (151) a3=26% (143)
[INFO] Episode duration: 1800s (30 min)

[DEBUG] 🎯 Célzott Forgalom Generálása (R1C1_C) | Period: 6.8557
Found 6 valid OD pairs for R1C1_C
Generating focused traffic: Period 6.8557s
[INFO] Subscriptions active: 6 (traci, fast mode)
  [ACTION PPO] R1C1_C: a0=20% (141) a1=22% (162) a2=26% (190) a3=32% (227)
[INFO] Episode duration: 1800s (30 min)

[DEBUG] 🎯 Célzott Forgalom Generálása (R1C1_C) | Period: 6.9233
Found 6 valid OD pairs for R1C1_C
Generating focused traffic: Period 6.9233s
[INFO] Subscriptions active: 6 (traci, fast mode)
  [ACTION PPO] R1C1_C: a0=23% (83) a1=24% (87) a2=28% (101) a3=25% (89)
[INFO] Episode duration: 900s (15 min)

[DEBUG] 🎯 Célzott Forgalom Generálása (R1C1_C) | Period: 7.3042
Found 6 valid OD pairs for R1C1_C
Generating focused traffic: Period 7.3042s
[INFO] Subscriptions active: 6 (traci, fast mode)
  [ACTION PPO] R1C1_C: a0=24% (86) a1=21% (74) a2=28% (101) a3=28% (99)
[INFO] Episode duration: 1800s (30 min)

[DEBUG] 🎯 Célzott Forgalom Generálása (R1C1_C) | Period: 4.6606
Found 6 valid OD pairs for R1C1_C
Generating focused traffic: Period 4.6606s
[INFO] Subscriptions active: 6 (traci, fast mode)
  [ACTION PPO] R1C1_C: a0=17% (31) a1=21% (38) a2=31% (55) a3=31% (56)
[INFO] Episode duration: 2700s (45 min)

[DEBUG] 🎯 Célzott Forgalom Generálása (R1C1_C) | Period: 5.9824
Found 6 valid OD pairs for R1C1_C
Generating focused traffic: Period 5.9824s
[INFO] Subscriptions active: 6 (traci, fast mode)
  [ACTION PPO] R1C1_C: a0=20% (73) a1=17% (61) a2=26% (92) a3=37% (134)
[INFO] Episode duration: 900s (15 min)

[DEBUG] 🎯 Célzott Forgalom Generálása (R1C1_C) | Period: 4.188
Found 6 valid OD pairs for R1C1_C
Generating focused traffic: Period 4.1880s
[INFO] Subscriptions active: 6 (traci, fast mode)
  [ACTION PPO] R1C1_C: a0=22% (120) a1=19% (103) a2=26% (143) a3=32% (174)
[INFO] Episode duration: 1800s (30 min)

[DEBUG] 🎯 Célzott Forgalom Generálása (R1C1_C) | Period: 6.425
Found 6 valid OD pairs for R1C1_C
Generating focused traffic: Period 6.4250s
[INFO] Subscriptions active: 6 (traci, fast mode)
  [ACTION PPO] R1C1_C: a0=16% (29) a1=15% (27) a2=30% (54) a3=39% (70)
[INFO] Episode duration: 2700s (45 min)

[DEBUG] 🎯 Célzott Forgalom Generálása (R1C1_C) | Period: 5.2165
Found 6 valid OD pairs for R1C1_C
Generating focused traffic: Period 5.2165s
[INFO] Subscriptions active: 6 (traci, fast mode)
  [ACTION PPO] R1C1_C: a0=20% (72) a1=19% (68) a2=28% (99) a3=34% (121)
[INFO] Episode duration: 900s (15 min)

[DEBUG] 🎯 Célzott Forgalom Generálása (R1C1_C) | Period: 5.7454
Found 6 valid OD pairs for R1C1_C
Generating focused traffic: Period 5.7454s
[INFO] Subscriptions active: 6 (traci, fast mode)
  [ACTION PPO] R1C1_C: a0=22% (119) a1=17% (93) a2=27% (146) a3=34% (182)
[INFO] Episode duration: 3600s (60 min)

[DEBUG] 🎯 Célzott Forgalom Generálása (R1C1_C) | Period: 7.9843
Found 6 valid OD pairs for R1C1_C
Generating focused traffic: Period 7.9843s
[INFO] Subscriptions active: 6 (traci, fast mode)
  [ACTION PPO] R1C1_C: a0=22% (40) a1=18% (33) a2=29% (53) a3=30% (54)
[INFO] Episode duration: 1800s (30 min)

[DEBUG] 🎯 Célzott Forgalom Generálása (R1C1_C) | Period: 6.5962
Found 6 valid OD pairs for R1C1_C
Generating focused traffic: Period 6.5962s
[INFO] Subscriptions active: 6 (traci, fast mode)
  [ACTION PPO] R1C1_C: a0=20% (141) a1=20% (141) a2=29% (207) a3=32% (231)
[INFO] Episode duration: 900s (15 min)

[DEBUG] 🎯 Célzott Forgalom Generálása (R1C1_C) | Period: 7.2839
Found 6 valid OD pairs for R1C1_C
Generating focused traffic: Period 7.2839s
[INFO] Subscriptions active: 6 (traci, fast mode)
  [ACTION PPO] R1C1_C: a0=18% (66) a1=19% (69) a2=32% (114) a3=31% (111)
[INFO] Episode duration: 900s (15 min)

[DEBUG] 🎯 Célzott Forgalom Generálása (R1C1_C) | Period: 7.4599
Found 6 valid OD pairs for R1C1_C
Generating focused traffic: Period 7.4599s
[INFO] Subscriptions active: 6 (traci, fast mode)
  [ACTION PPO] R1C1_C: a0=20% (36) a1=16% (29) a2=34% (61) a3=30% (54)
[INFO] Episode duration: 2700s (45 min)

[DEBUG] 🎯 Célzott Forgalom Generálása (R1C1_C) | Period: 4.1914
Found 6 valid OD pairs for R1C1_C
Generating focused traffic: Period 4.1914s
[INFO] Subscriptions active: 6 (traci, fast mode)
  [ACTION PPO] R1C1_C: a0=22% (39) a1=20% (36) a2=29% (52) a3=29% (53)
[INFO] Episode duration: 900s (15 min)

[DEBUG] 🎯 Célzott Forgalom Generálása (R1C1_C) | Period: 7.9016
Found 6 valid OD pairs for R1C1_C
Generating focused traffic: Period 7.9016s
[INFO] Subscriptions active: 6 (traci, fast mode)
  [ACTION PPO] R1C1_C: a0=20% (107) a1=18% (99) a2=26% (140) a3=36% (194)
[INFO] Episode duration: 1800s (30 min)

[DEBUG] 🎯 Célzott Forgalom Generálása (R1C1_C) | Period: 6.991
Found 6 valid OD pairs for R1C1_C
Generating focused traffic: Period 6.9910s
[INFO] Subscriptions active: 6 (traci, fast mode)
  [ACTION PPO] R1C1_C: a0=16% (29) a1=18% (32) a2=30% (54) a3=36% (65)
[INFO] Episode duration: 3600s (60 min)

[DEBUG] 🎯 Célzott Forgalom Generálása (R1C1_C) | Period: 6.6557
Found 6 valid OD pairs for R1C1_C
Generating focused traffic: Period 6.6557s
[INFO] Subscriptions active: 6 (traci, fast mode)
  [ACTION PPO] R1C1_C: a0=20% (72) a1=19% (67) a2=31% (111) a3=31% (110)
[INFO] Episode duration: 1800s (30 min)

[DEBUG] 🎯 Célzott Forgalom Generálása (R1C1_C) | Period: 5.5062
Found 6 valid OD pairs for R1C1_C
Generating focused traffic: Period 5.5062s
[INFO] Subscriptions active: 6 (traci, fast mode)
  [ACTION PPO] R1C1_C: a0=18% (133) a1=17% (120) a2=32% (231) a3=33% (236)
[INFO] Episode duration: 3600s (60 min)

[DEBUG] 🎯 Célzott Forgalom Generálása (R1C1_C) | Period: 6.8961
Found 6 valid OD pairs for R1C1_C
Generating focused traffic: Period 6.8961s
[INFO] Subscriptions active: 6 (traci, fast mode)
  [ACTION PPO] R1C1_C: a0=25% (89) a1=16% (56) a2=28% (100) a3=32% (115)
[INFO] Episode duration: 900s (15 min)

[DEBUG] 🎯 Célzott Forgalom Generálása (R1C1_C) | Period: 7.9146
Found 6 valid OD pairs for R1C1_C
Generating focused traffic: Period 7.9146s
[INFO] Subscriptions active: 6 (traci, fast mode)
  [ACTION PPO] R1C1_C: a0=18% (133) a1=17% (125) a2=31% (226) a3=33% (236)
[INFO] Episode duration: 900s (15 min)

[DEBUG] 🎯 Célzott Forgalom Generálása (R1C1_C) | Period: 5.0118
Found 6 valid OD pairs for R1C1_C
Generating focused traffic: Period 5.0118s
[INFO] Subscriptions active: 6 (traci, fast mode)
  [ACTION PPO] R1C1_C: a0=18% (33) a1=15% (27) a2=30% (54) a3=37% (66)
[INFO] Episode duration: 900s (15 min)

[DEBUG] 🎯 Célzott Forgalom Generálása (R1C1_C) | Period: 6.3359
Found 6 valid OD pairs for R1C1_C
Generating focused traffic: Period 6.3359s
[INFO] Subscriptions active: 6 (traci, fast mode)
  [ACTION PPO] R1C1_C: a0=17% (30) a1=18% (32) a2=31% (56) a3=34% (62)
[INFO] Episode duration: 1800s (30 min)

[DEBUG] 🎯 Célzott Forgalom Generálása (R1C1_C) | Period: 7.332
Found 6 valid OD pairs for R1C1_C
Generating focused traffic: Period 7.3320s
[INFO] Subscriptions active: 6 (traci, fast mode)
  [ACTION PPO] R1C1_C: a0=19% (35) a1=20% (36) a2=38% (69) a3=22% (40)
[INFO] Episode duration: 3600s (60 min)

[DEBUG] 🎯 Célzott Forgalom Generálása (R1C1_C) | Period: 7.4016
Found 6 valid OD pairs for R1C1_C
Generating focused traffic: Period 7.4016s
[INFO] Subscriptions active: 6 (traci, fast mode)
  [ACTION PPO] R1C1_C: a0=18% (64) a1=22% (80) a2=29% (105) a3=31% (111)
[INFO] Episode duration: 2700s (45 min)

[DEBUG] 🎯 Célzott Forgalom Generálása (R1C1_C) | Period: 5.1144
Found 6 valid OD pairs for R1C1_C
Generating focused traffic: Period 5.1144s
[INFO] Subscriptions active: 6 (traci, fast mode)
  [ACTION PPO] R1C1_C: a0=19% (136) a1=16% (117) a2=34% (246) a3=31% (221)
[INFO] Episode duration: 2700s (45 min)

[DEBUG] 🎯 Célzott Forgalom Generálása (R1C1_C) | Period: 6.255
Found 6 valid OD pairs for R1C1_C
Generating focused traffic: Period 6.2550s
[INFO] Subscriptions active: 6 (traci, fast mode)
  [ACTION PPO] R1C1_C: a0=14% (76) a1=17% (91) a2=35% (191) a3=34% (182)
[INFO] Episode duration: 2700s (45 min)

[DEBUG] 🎯 Célzott Forgalom Generálása (R1C1_C) | Period: 6.1421
Found 6 valid OD pairs for R1C1_C
Generating focused traffic: Period 6.1421s
[INFO] Subscriptions active: 6 (traci, fast mode)
  [ACTION PPO] R1C1_C: a0=18% (96) a1=18% (97) a2=31% (169) a3=33% (178)
[INFO] Episode duration: 1800s (30 min)

[DEBUG] 🎯 Célzott Forgalom Generálása (R1C1_C) | Period: 6.9468
Found 6 valid OD pairs for R1C1_C
Generating focused traffic: Period 6.9468s
[INFO] Subscriptions active: 6 (traci, fast mode)
  [ACTION PPO] R1C1_C: a0=20% (108) a1=17% (90) a2=30% (164) a3=33% (178)
[INFO] Episode duration: 2700s (45 min)

[DEBUG] 🎯 Célzott Forgalom Generálása (R1C1_C) | Period: 6.1492
Found 6 valid OD pairs for R1C1_C
Generating focused traffic: Period 6.1492s
[INFO] Subscriptions active: 6 (traci, fast mode)
  [ACTION PPO] R1C1_C: a0=19% (68) a1=16% (59) a2=31% (110) a3=34% (123)
[INFO] Episode duration: 3600s (60 min)

[DEBUG] 🎯 Célzott Forgalom Generálása (R1C1_C) | Period: 7.3343
Found 6 valid OD pairs for R1C1_C
Generating focused traffic: Period 7.3343s
[INFO] Subscriptions active: 6 (traci, fast mode)
  [ACTION PPO] R1C1_C: a0=19% (103) a1=16% (89) a2=31% (169) a3=33% (179)
[INFO] Episode duration: 3600s (60 min)

[DEBUG] 🎯 Célzott Forgalom Generálása (R1C1_C) | Period: 5.8064
Found 6 valid OD pairs for R1C1_C
Generating focused traffic: Period 5.8064s
[INFO] Subscriptions active: 6 (traci, fast mode)
  [ACTION PPO] R1C1_C: a0=19% (140) a1=17% (119) a2=33% (238) a3=31% (223)
[INFO] Episode duration: 2700s (45 min)

[DEBUG] 🎯 Célzott Forgalom Generálása (R1C1_C) | Period: 4.8789
Found 6 valid OD pairs for R1C1_C
Generating focused traffic: Period 4.8789s
[INFO] Subscriptions active: 6 (traci, fast mode)
  [ACTION PPO] R1C1_C: a0=18% (133) a1=14% (100) a2=32% (231) a3=36% (256)
[INFO] Episode duration: 3600s (60 min)

[DEBUG] 🎯 Célzott Forgalom Generálása (R1C1_C) | Period: 4.5791
Found 6 valid OD pairs for R1C1_C
Generating focused traffic: Period 4.5791s
[INFO] Subscriptions active: 6 (traci, fast mode)
  [ACTION PPO] R1C1_C: a0=18% (96) a1=12% (67) a2=32% (174) a3=38% (203)
[INFO] Episode duration: 900s (15 min)

[DEBUG] 🎯 Célzott Forgalom Generálása (R1C1_C) | Period: 7.5531
Found 6 valid OD pairs for R1C1_C
Generating focused traffic: Period 7.5531s
[INFO] Subscriptions active: 6 (traci, fast mode)
  [ACTION PPO] R1C1_C: a0=18% (133) a1=12% (88) a2=32% (231) a3=37% (268)
[INFO] Episode duration: 1800s (30 min)

[DEBUG] 🎯 Célzott Forgalom Generálása (R1C1_C) | Period: 5.299
Found 6 valid OD pairs for R1C1_C
Generating focused traffic: Period 5.2990s
[INFO] Subscriptions active: 6 (traci, fast mode)
  [ACTION PPO] R1C1_C: a0=20% (36) a1=15% (27) a2=31% (56) a3=34% (61)
[INFO] Episode duration: 2700s (45 min)

[DEBUG] 🎯 Célzott Forgalom Generálása (R1C1_C) | Period: 4.1985
Found 6 valid OD pairs for R1C1_C
Generating focused traffic: Period 4.1985s
[INFO] Subscriptions active: 6 (traci, fast mode)
  [ACTION PPO] R1C1_C: a0=19% (68) a1=17% (60) a2=27% (98) a3=37% (134)
[INFO] Episode duration: 2700s (45 min)

[DEBUG] 🎯 Célzott Forgalom Generálása (R1C1_C) | Period: 6.414
Found 6 valid OD pairs for R1C1_C
Generating focused traffic: Period 6.4140s
[INFO] Subscriptions active: 6 (traci, fast mode)
  [ACTION PPO] R1C1_C: a0=20% (108) a1=10% (54) a2=33% (177) a3=37% (201)
[INFO] Episode duration: 2700s (45 min)

[DEBUG] 🎯 Célzott Forgalom Generálása (R1C1_C) | Period: 4.6628
Found 6 valid OD pairs for R1C1_C
Generating focused traffic: Period 4.6628s
[INFO] Subscriptions active: 6 (traci, fast mode)
  [ACTION PPO] R1C1_C: a0=16% (88) a1=14% (74) a2=32% (175) a3=38% (203)
[INFO] Episode duration: 2700s (45 min)

[DEBUG] 🎯 Célzott Forgalom Generálása (R1C1_C) | Period: 7.6695
Found 6 valid OD pairs for R1C1_C
Generating focused traffic: Period 7.6695s
[INFO] Subscriptions active: 6 (traci, fast mode)
  [ACTION PPO] R1C1_C: a0=18% (98) a1=11% (62) a2=31% (167) a3=39% (213)
[INFO] Episode duration: 3600s (60 min)

[DEBUG] 🎯 Célzott Forgalom Generálása (R1C1_C) | Period: 5.7885
Found 6 valid OD pairs for R1C1_C
Generating focused traffic: Period 5.7885s
[INFO] Subscriptions active: 6 (traci, fast mode)
  [ACTION PPO] R1C1_C: a0=14% (76) a1=13% (72) a2=35% (191) a3=37% (201)
[INFO] Episode duration: 2700s (45 min)

[DEBUG] 🎯 Célzott Forgalom Generálása (R1C1_C) | Period: 5.3204
Found 6 valid OD pairs for R1C1_C
Generating focused traffic: Period 5.3204s
[INFO] Subscriptions active: 6 (traci, fast mode)
  [ACTION PPO] R1C1_C: a0=17% (122) a1=14% (104) a2=33% (240) a3=35% (254)
[INFO] Episode duration: 2700s (45 min)

[DEBUG] 🎯 Célzott Forgalom Generálása (R1C1_C) | Period: 5.5668
Found 6 valid OD pairs for R1C1_C
Generating focused traffic: Period 5.5668s
[INFO] Subscriptions active: 6 (traci, fast mode)
  [ACTION PPO] R1C1_C: a0=18% (97) a1=12% (67) a2=34% (186) a3=35% (190)
[INFO] Episode duration: 3600s (60 min)

[DEBUG] 🎯 Célzott Forgalom Generálása (R1C1_C) | Period: 5.2149
Found 6 valid OD pairs for R1C1_C
Generating focused traffic: Period 5.2149s
[INFO] Subscriptions active: 6 (traci, fast mode)
  [ACTION PPO] R1C1_C: a0=16% (86) a1=15% (82) a2=35% (190) a3=34% (182)
-----------------------------------------
| rollout/                |             |
|    ep_len_mean          | 431         |
|    ep_rew_mean          | 50.5        |
| time/                   |             |
|    fps                  | 79          |
|    iterations           | 20          |
|    time_elapsed         | 513         |
|    total_timesteps      | 40960       |
| train/                  |             |
|    approx_kl            | 0.002843583 |
|    clip_fraction        | 0           |
|    clip_range           | 0.2         |
|    entropy_loss         | -1.28       |
|    explained_variance   | -0.00722    |
|    learning_rate        | 0.0001      |
|    loss                 | 1.1         |
|    n_updates            | 190         |
|    policy_gradient_loss | -0.00107    |
|    value_loss           | 1.64        |
-----------------------------------------
[INFO] Episode duration: 1800s (30 min)

[DEBUG] 🎯 Célzott Forgalom Generálása (R1C1_C) | Period: 4.7656
Found 6 valid OD pairs for R1C1_C
Generating focused traffic: Period 4.7656s
[INFO] Subscriptions active: 6 (traci, fast mode)
  [ACTION PPO] R1C1_C: a0=16% (115) a1=17% (122) a2=34% (244) a3=33% (239)
[INFO] Episode duration: 900s (15 min)

[DEBUG] 🎯 Célzott Forgalom Generálása (R1C1_C) | Period: 4.4129
Found 6 valid OD pairs for R1C1_C
Generating focused traffic: Period 4.4129s
[INFO] Subscriptions active: 6 (traci, fast mode)
  [ACTION PPO] R1C1_C: a0=16% (59) a1=13% (48) a2=33% (120) a3=37% (133)
[INFO] Episode duration: 2700s (45 min)

[DEBUG] 🎯 Célzott Forgalom Generálása (R1C1_C) | Period: 6.1569
Found 6 valid OD pairs for R1C1_C
Generating focused traffic: Period 6.1569s
[INFO] Subscriptions active: 6 (traci, fast mode)
  [ACTION PPO] R1C1_C: a0=16% (28) a1=11% (20) a2=33% (59) a3=41% (73)
[INFO] Episode duration: 1800s (30 min)

[DEBUG] 🎯 Célzott Forgalom Generálása (R1C1_C) | Period: 5.0323
Found 6 valid OD pairs for R1C1_C
Generating focused traffic: Period 5.0323s
[INFO] Subscriptions active: 6 (traci, fast mode)
  [ACTION PPO] R1C1_C: a0=17% (94) a1=11% (62) a2=31% (167) a3=40% (217)
[INFO] Episode duration: 900s (15 min)

[DEBUG] 🎯 Célzott Forgalom Generálása (R1C1_C) | Period: 4.9058
Found 6 valid OD pairs for R1C1_C
Generating focused traffic: Period 4.9058s
[INFO] Subscriptions active: 6 (traci, fast mode)
  [ACTION PPO] R1C1_C: a0=15% (53) a1=12% (44) a2=36% (130) a3=37% (133)
[INFO] Episode duration: 1800s (30 min)

[DEBUG] 🎯 Célzott Forgalom Generálása (R1C1_C) | Period: 5.4068
Found 6 valid OD pairs for R1C1_C
Generating focused traffic: Period 5.4068s
[INFO] Subscriptions active: 6 (traci, fast mode)
  [ACTION PPO] R1C1_C: a0=15% (27) a1=16% (29) a2=26% (47) a3=43% (77)
[INFO] Episode duration: 1800s (30 min)

[DEBUG] 🎯 Célzott Forgalom Generálása (R1C1_C) | Period: 5.7653
Found 6 valid OD pairs for R1C1_C
Generating focused traffic: Period 5.7653s
[INFO] Subscriptions active: 6 (traci, fast mode)
  [ACTION PPO] R1C1_C: a0=19% (69) a1=14% (51) a2=32% (115) a3=35% (125)
[INFO] Episode duration: 3600s (60 min)

[DEBUG] 🎯 Célzott Forgalom Generálása (R1C1_C) | Period: 5.3636
Found 6 valid OD pairs for R1C1_C
Generating focused traffic: Period 5.3636s
[INFO] Subscriptions active: 6 (traci, fast mode)
  [ACTION PPO] R1C1_C: a0=16% (58) a1=9% (34) a2=38% (136) a3=37% (132)
[INFO] Episode duration: 1800s (30 min)

[DEBUG] 🎯 Célzott Forgalom Generálása (R1C1_C) | Period: 6.0429
Found 6 valid OD pairs for R1C1_C
Generating focused traffic: Period 6.0429s
[INFO] Subscriptions active: 6 (traci, fast mode)
  [ACTION PPO] R1C1_C: a0=17% (120) a1=13% (93) a2=34% (244) a3=37% (263)
[INFO] Episode duration: 3600s (60 min)

[DEBUG] 🎯 Célzott Forgalom Generálása (R1C1_C) | Period: 4.7809
Found 6 valid OD pairs for R1C1_C
Generating focused traffic: Period 4.7809s
[INFO] Subscriptions active: 6 (traci, fast mode)
  [ACTION PPO] R1C1_C: a0=21% (74) a1=13% (46) a2=34% (123) a3=32% (117)
[INFO] Episode duration: 3600s (60 min)

[DEBUG] 🎯 Célzott Forgalom Generálása (R1C1_C) | Period: 6.4268
Found 6 valid OD pairs for R1C1_C
Generating focused traffic: Period 6.4268s
[INFO] Subscriptions active: 6 (traci, fast mode)
  [ACTION PPO] R1C1_C: a0=16% (113) a1=12% (89) a2=35% (255) a3=37% (263)
[INFO] Episode duration: 1800s (30 min)

[DEBUG] 🎯 Célzott Forgalom Generálása (R1C1_C) | Period: 4.1523
Found 6 valid OD pairs for R1C1_C
Generating focused traffic: Period 4.1523s
[INFO] Subscriptions active: 6 (traci, fast mode)
  [ACTION PPO] R1C1_C: a0=15% (108) a1=11% (79) a2=42% (299) a3=32% (234)
[INFO] Episode duration: 900s (15 min)

[DEBUG] 🎯 Célzott Forgalom Generálása (R1C1_C) | Period: 4.0739
Found 6 valid OD pairs for R1C1_C
Generating focused traffic: Period 4.0739s
[INFO] Subscriptions active: 6 (traci, fast mode)
  [ACTION PPO] R1C1_C: a0=15% (54) a1=10% (37) a2=40% (145) a3=34% (124)
[INFO] Episode duration: 2700s (45 min)

[DEBUG] 🎯 Célzott Forgalom Generálása (R1C1_C) | Period: 6.3546
Found 6 valid OD pairs for R1C1_C
Generating focused traffic: Period 6.3546s
[INFO] Subscriptions active: 6 (traci, fast mode)
  [ACTION PPO] R1C1_C: a0=14% (25) a1=13% (23) a2=35% (63) a3=38% (69)
[INFO] Episode duration: 3600s (60 min)

[DEBUG] 🎯 Célzott Forgalom Generálása (R1C1_C) | Period: 5.5885
Found 6 valid OD pairs for R1C1_C
Generating focused traffic: Period 5.5885s
[INFO] Subscriptions active: 6 (traci, fast mode)
  [ACTION PPO] R1C1_C: a0=18% (95) a1=13% (68) a2=38% (204) a3=32% (173)
[INFO] Episode duration: 1800s (30 min)

[DEBUG] 🎯 Célzott Forgalom Generálása (R1C1_C) | Period: 5.4466
Found 6 valid OD pairs for R1C1_C
Generating focused traffic: Period 5.4466s
[INFO] Subscriptions active: 6 (traci, fast mode)
  [ACTION PPO] R1C1_C: a0=18% (127) a1=13% (97) a2=35% (254) a3=34% (242)
[INFO] Episode duration: 2700s (45 min)

[DEBUG] 🎯 Célzott Forgalom Generálása (R1C1_C) | Period: 7.2799
Found 6 valid OD pairs for R1C1_C
Generating focused traffic: Period 7.2799s
[INFO] Subscriptions active: 6 (traci, fast mode)
  [ACTION PPO] R1C1_C: a0=16% (59) a1=14% (51) a2=36% (130) a3=33% (120)
[INFO] Episode duration: 3600s (60 min)

[DEBUG] 🎯 Célzott Forgalom Generálása (R1C1_C) | Period: 7.8969
Found 6 valid OD pairs for R1C1_C
Generating focused traffic: Period 7.8969s
[INFO] Subscriptions active: 6 (traci, fast mode)
  [ACTION PPO] R1C1_C: a0=21% (114) a1=14% (78) a2=33% (180) a3=31% (168)
[INFO] Episode duration: 1800s (30 min)

[DEBUG] 🎯 Célzott Forgalom Generálása (R1C1_C) | Period: 5.6632
Found 6 valid OD pairs for R1C1_C
Generating focused traffic: Period 5.6632s
[INFO] Subscriptions active: 6 (traci, fast mode)
  [ACTION PPO] R1C1_C: a0=18% (131) a1=13% (94) a2=35% (254) a3=33% (241)
[INFO] Episode duration: 900s (15 min)

[DEBUG] 🎯 Célzott Forgalom Generálása (R1C1_C) | Period: 4.0214
Found 6 valid OD pairs for R1C1_C
Generating focused traffic: Period 4.0214s
[INFO] Subscriptions active: 6 (traci, fast mode)
  [ACTION PPO] R1C1_C: a0=22% (80) a1=12% (44) a2=40% (143) a3=26% (93)
[INFO] Episode duration: 2700s (45 min)

[DEBUG] 🎯 Célzott Forgalom Generálása (R1C1_C) | Period: 4.0074
Found 6 valid OD pairs for R1C1_C
Generating focused traffic: Period 4.0074s
[INFO] Subscriptions active: 6 (traci, fast mode)
  [ACTION PPO] R1C1_C: a0=17% (31) a1=17% (31) a2=33% (59) a3=33% (59)
[INFO] Episode duration: 2700s (45 min)

[DEBUG] 🎯 Célzott Forgalom Generálása (R1C1_C) | Period: 5.5859
Found 6 valid OD pairs for R1C1_C
Generating focused traffic: Period 5.5859s
[INFO] Subscriptions active: 6 (traci, fast mode)
  [ACTION PPO] R1C1_C: a0=22% (120) a1=12% (65) a2=36% (197) a3=29% (158)
[INFO] Episode duration: 900s (15 min)

[DEBUG] 🎯 Célzott Forgalom Generálása (R1C1_C) | Period: 4.0355
Found 6 valid OD pairs for R1C1_C
Generating focused traffic: Period 4.0355s
[INFO] Subscriptions active: 6 (traci, fast mode)
  [ACTION PPO] R1C1_C: a0=20% (110) a1=12% (66) a2=37% (201) a3=30% (163)
[INFO] Episode duration: 900s (15 min)

[DEBUG] 🎯 Célzott Forgalom Generálása (R1C1_C) | Period: 7.0598
Found 6 valid OD pairs for R1C1_C
Generating focused traffic: Period 7.0598s
[INFO] Subscriptions active: 6 (traci, fast mode)
  [ACTION PPO] R1C1_C: a0=27% (49) a1=12% (21) a2=28% (51) a3=33% (59)
[INFO] Episode duration: 2700s (45 min)

[DEBUG] 🎯 Célzott Forgalom Generálása (R1C1_C) | Period: 5.3617
Found 6 valid OD pairs for R1C1_C
Generating focused traffic: Period 5.3617s
[INFO] Subscriptions active: 6 (traci, fast mode)
  [ACTION PPO] R1C1_C: a0=21% (38) a1=14% (26) a2=41% (74) a3=23% (42)
[INFO] Episode duration: 2700s (45 min)

[DEBUG] 🎯 Célzott Forgalom Generálása (R1C1_C) | Period: 6.2906
Found 6 valid OD pairs for R1C1_C
Generating focused traffic: Period 6.2906s
[INFO] Subscriptions active: 6 (traci, fast mode)
  [ACTION PPO] R1C1_C: a0=21% (113) a1=9% (47) a2=36% (192) a3=35% (188)
[INFO] Episode duration: 2700s (45 min)

[DEBUG] 🎯 Célzott Forgalom Generálása (R1C1_C) | Period: 7.8964
Found 6 valid OD pairs for R1C1_C
Generating focused traffic: Period 7.8964s
[INFO] Subscriptions active: 6 (traci, fast mode)
  [ACTION PPO] R1C1_C: a0=23% (122) a1=12% (63) a2=36% (196) a3=29% (159)
[INFO] Episode duration: 900s (15 min)

[DEBUG] 🎯 Célzott Forgalom Generálása (R1C1_C) | Period: 5.5189
Found 6 valid OD pairs for R1C1_C
Generating focused traffic: Period 5.5189s
[INFO] Subscriptions active: 6 (traci, fast mode)
  [ACTION PPO] R1C1_C: a0=21% (111) a1=11% (62) a2=37% (202) a3=31% (165)
[INFO] Episode duration: 2700s (45 min)

[DEBUG] 🎯 Célzott Forgalom Generálása (R1C1_C) | Period: 7.6454
Found 6 valid OD pairs for R1C1_C
Generating focused traffic: Period 7.6454s
[INFO] Subscriptions active: 6 (traci, fast mode)
  [ACTION PPO] R1C1_C: a0=23% (41) a1=13% (24) a2=30% (54) a3=34% (61)
[INFO] Episode duration: 2700s (45 min)

[DEBUG] 🎯 Célzott Forgalom Generálása (R1C1_C) | Period: 7.8369
Found 6 valid OD pairs for R1C1_C
Generating focused traffic: Period 7.8369s
[INFO] Subscriptions active: 6 (traci, fast mode)
  [ACTION PPO] R1C1_C: a0=18% (99) a1=12% (67) a2=43% (231) a3=26% (143)
[INFO] Episode duration: 2700s (45 min)

[DEBUG] 🎯 Célzott Forgalom Generálása (R1C1_C) | Period: 6.8784
Found 6 valid OD pairs for R1C1_C
Generating focused traffic: Period 6.8784s
[INFO] Subscriptions active: 6 (traci, fast mode)
  [ACTION PPO] R1C1_C: a0=18% (97) a1=13% (68) a2=43% (231) a3=27% (144)
[INFO] Episode duration: 900s (15 min)

[DEBUG] 🎯 Célzott Forgalom Generálása (R1C1_C) | Period: 7.2438
Found 6 valid OD pairs for R1C1_C
Generating focused traffic: Period 7.2438s
[INFO] Subscriptions active: 6 (traci, fast mode)
  [ACTION PPO] R1C1_C: a0=17% (91) a1=10% (55) a2=43% (230) a3=30% (164)
[INFO] Episode duration: 1800s (30 min)

[DEBUG] 🎯 Célzott Forgalom Generálása (R1C1_C) | Period: 5.9672
Found 6 valid OD pairs for R1C1_C
Generating focused traffic: Period 5.9672s
[INFO] Subscriptions active: 6 (traci, fast mode)
  [ACTION PPO] R1C1_C: a0=21% (38) a1=12% (21) a2=41% (73) a3=27% (48)
[INFO] Episode duration: 3600s (60 min)

[DEBUG] 🎯 Célzott Forgalom Generálása (R1C1_C) | Period: 6.7616
Found 6 valid OD pairs for R1C1_C
Generating focused traffic: Period 6.7616s
[INFO] Subscriptions active: 6 (traci, fast mode)
  [ACTION PPO] R1C1_C: a0=15% (54) a1=8% (27) a2=46% (164) a3=32% (115)
[INFO] Episode duration: 2700s (45 min)

[DEBUG] 🎯 Célzott Forgalom Generálása (R1C1_C) | Period: 5.6026
Found 6 valid OD pairs for R1C1_C
Generating focused traffic: Period 5.6026s
[INFO] Subscriptions active: 6 (traci, fast mode)
  [ACTION PPO] R1C1_C: a0=20% (145) a1=7% (53) a2=44% (317) a3=28% (205)
[INFO] Episode duration: 1800s (30 min)

[DEBUG] 🎯 Célzott Forgalom Generálása (R1C1_C) | Period: 5.1306
Found 6 valid OD pairs for R1C1_C
Generating focused traffic: Period 5.1306s
[INFO] Subscriptions active: 6 (traci, fast mode)
  [ACTION PPO] R1C1_C: a0=18% (99) a1=9% (47) a2=42% (228) a3=31% (166)
[INFO] Episode duration: 3600s (60 min)

[DEBUG] 🎯 Célzott Forgalom Generálása (R1C1_C) | Period: 7.4541
Found 6 valid OD pairs for R1C1_C
Generating focused traffic: Period 7.4541s
[INFO] Subscriptions active: 6 (traci, fast mode)
  [ACTION PPO] R1C1_C: a0=20% (72) a1=10% (37) a2=43% (156) a3=26% (95)
[INFO] Episode duration: 3600s (60 min)

[DEBUG] 🎯 Célzott Forgalom Generálása (R1C1_C) | Period: 4.901
Found 6 valid OD pairs for R1C1_C
Generating focused traffic: Period 4.9010s
[INFO] Subscriptions active: 6 (traci, fast mode)
  [ACTION PPO] R1C1_C: a0=17% (125) a1=8% (56) a2=46% (332) a3=29% (207)
[INFO] Episode duration: 2700s (45 min)

[DEBUG] 🎯 Célzott Forgalom Generálása (R1C1_C) | Period: 5.7815
Found 6 valid OD pairs for R1C1_C
Generating focused traffic: Period 5.7815s
[INFO] Subscriptions active: 6 (traci, fast mode)
  [ACTION PPO] R1C1_C: a0=22% (156) a1=9% (63) a2=41% (298) a3=28% (203)
[INFO] Episode duration: 3600s (60 min)

[DEBUG] 🎯 Célzott Forgalom Generálása (R1C1_C) | Period: 5.6758
Found 6 valid OD pairs for R1C1_C
Generating focused traffic: Period 5.6758s
[INFO] Subscriptions active: 6 (traci, fast mode)
  [ACTION PPO] R1C1_C: a0=20% (108) a1=7% (40) a2=47% (255) a3=25% (137)
[INFO] Episode duration: 3600s (60 min)

[DEBUG] 🎯 Célzott Forgalom Generálása (R1C1_C) | Period: 6.8491
Found 6 valid OD pairs for R1C1_C
Generating focused traffic: Period 6.8491s
[INFO] Subscriptions active: 6 (traci, fast mode)
  [ACTION PPO] R1C1_C: a0=23% (166) a1=10% (69) a2=42% (306) a3=25% (179)
[INFO] Episode duration: 900s (15 min)

[DEBUG] 🎯 Célzott Forgalom Generálása (R1C1_C) | Period: 5.2939
Found 6 valid OD pairs for R1C1_C
Generating focused traffic: Period 5.2939s
[INFO] Subscriptions active: 6 (traci, fast mode)
  [ACTION PPO] R1C1_C: a0=23% (167) a1=8% (54) a2=40% (290) a3=29% (209)
[INFO] Episode duration: 2700s (45 min)

[DEBUG] 🎯 Célzott Forgalom Generálása (R1C1_C) | Period: 4.5124
Found 6 valid OD pairs for R1C1_C
Generating focused traffic: Period 4.5124s
[INFO] Subscriptions active: 6 (traci, fast mode)
  [ACTION PPO] R1C1_C: a0=24% (43) a1=12% (22) a2=38% (69) a3=26% (46)
[INFO] Episode duration: 900s (15 min)

[DEBUG] 🎯 Célzott Forgalom Generálása (R1C1_C) | Period: 5.8244
Found 6 valid OD pairs for R1C1_C
Generating focused traffic: Period 5.8244s
[INFO] Subscriptions active: 6 (traci, fast mode)
  [ACTION PPO] R1C1_C: a0=22% (117) a1=9% (49) a2=45% (244) a3=24% (130)
[INFO] Episode duration: 3600s (60 min)

[DEBUG] 🎯 Célzott Forgalom Generálása (R1C1_C) | Period: 4.4333
Found 6 valid OD pairs for R1C1_C
Generating focused traffic: Period 4.4333s
[INFO] Subscriptions active: 6 (traci, fast mode)
  [ACTION PPO] R1C1_C: a0=23% (41) a1=11% (20) a2=38% (69) a3=28% (50)
------------------------------------------
| rollout/                |              |
|    ep_len_mean          | 461          |
|    ep_rew_mean          | 55.5         |
| time/                   |              |
|    fps                  | 79           |
|    iterations           | 30           |
|    time_elapsed         | 768          |
|    total_timesteps      | 61440        |
| train/                  |              |
|    approx_kl            | 0.0010130533 |
|    clip_fraction        | 0            |
|    clip_range           | 0.2          |
|    entropy_loss         | -1.24        |
|    explained_variance   | 0.0426       |
|    learning_rate        | 0.0001       |
|    loss                 | 1.95         |
|    n_updates            | 290          |
|    policy_gradient_loss | -0.00109     |
|    value_loss           | 1.48         |
------------------------------------------
[INFO] Episode duration: 3600s (60 min)

[DEBUG] 🎯 Célzott Forgalom Generálása (R1C1_C) | Period: 6.6606
Found 6 valid OD pairs for R1C1_C
Generating focused traffic: Period 6.6606s
[INFO] Subscriptions active: 6 (traci, fast mode)
  [ACTION PPO] R1C1_C: a0=18% (133) a1=6% (40) a2=47% (341) a3=29% (206)
[INFO] Episode duration: 3600s (60 min)

[DEBUG] 🎯 Célzott Forgalom Generálása (R1C1_C) | Period: 6.7031
Found 6 valid OD pairs for R1C1_C
Generating focused traffic: Period 6.7031s
[INFO] Subscriptions active: 6 (traci, fast mode)
  [ACTION PPO] R1C1_C: a0=18% (132) a1=11% (77) a2=40% (285) a3=31% (226)
[INFO] Episode duration: 2700s (45 min)

[DEBUG] 🎯 Célzott Forgalom Generálása (R1C1_C) | Period: 4.6454
Found 6 valid OD pairs for R1C1_C
Generating focused traffic: Period 4.6454s
[INFO] Subscriptions active: 6 (traci, fast mode)
  [ACTION PPO] R1C1_C: a0=21% (154) a1=10% (70) a2=44% (317) a3=25% (179)
[INFO] Episode duration: 1800s (30 min)

[DEBUG] 🎯 Célzott Forgalom Generálása (R1C1_C) | Period: 6.6746
Found 6 valid OD pairs for R1C1_C
Generating focused traffic: Period 6.6746s
[INFO] Subscriptions active: 6 (traci, fast mode)
  [ACTION PPO] R1C1_C: a0=23% (126) a1=7% (40) a2=40% (215) a3=29% (159)
[INFO] Episode duration: 1800s (30 min)

[DEBUG] 🎯 Célzott Forgalom Generálása (R1C1_C) | Period: 4.5247
Found 6 valid OD pairs for R1C1_C
Generating focused traffic: Period 4.5247s
[INFO] Subscriptions active: 6 (traci, fast mode)
  [ACTION PPO] R1C1_C: a0=22% (80) a1=11% (41) a2=40% (143) a3=27% (96)
[INFO] Episode duration: 1800s (30 min)

[DEBUG] 🎯 Célzott Forgalom Generálása (R1C1_C) | Period: 4.7898
Found 6 valid OD pairs for R1C1_C
Generating focused traffic: Period 4.7898s
[INFO] Subscriptions active: 6 (traci, fast mode)
  [ACTION PPO] R1C1_C: a0=26% (92) a1=9% (31) a2=40% (143) a3=26% (94)
[INFO] Episode duration: 2700s (45 min)

[DEBUG] 🎯 Célzott Forgalom Generálása (R1C1_C) | Period: 5.401
Found 6 valid OD pairs for R1C1_C
Generating focused traffic: Period 5.4010s
[INFO] Subscriptions active: 6 (traci, fast mode)
  [ACTION PPO] R1C1_C: a0=24% (88) a1=7% (26) a2=39% (142) a3=29% (104)
[INFO] Episode duration: 2700s (45 min)

[DEBUG] 🎯 Célzott Forgalom Generálása (R1C1_C) | Period: 5.3121
Found 6 valid OD pairs for R1C1_C
Generating focused traffic: Period 5.3121s
[INFO] Subscriptions active: 6 (traci, fast mode)
  [ACTION PPO] R1C1_C: a0=23% (125) a1=10% (56) a2=39% (210) a3=28% (149)
[INFO] Episode duration: 3600s (60 min)

[DEBUG] 🎯 Célzott Forgalom Generálása (R1C1_C) | Period: 6.3022
Found 6 valid OD pairs for R1C1_C
Generating focused traffic: Period 6.3022s
[INFO] Subscriptions active: 6 (traci, fast mode)
  [ACTION PPO] R1C1_C: a0=26% (143) a1=9% (51) a2=39% (211) a3=25% (135)
[INFO] Episode duration: 2700s (45 min)

[DEBUG] 🎯 Célzott Forgalom Generálása (R1C1_C) | Period: 5.8639
Found 6 valid OD pairs for R1C1_C
Generating focused traffic: Period 5.8639s
[INFO] Subscriptions active: 6 (traci, fast mode)
  [ACTION PPO] R1C1_C: a0=23% (164) a1=12% (88) a2=39% (284) a3=26% (184)
[INFO] Episode duration: 1800s (30 min)

[DEBUG] 🎯 Célzott Forgalom Generálása (R1C1_C) | Period: 4.1856
Found 6 valid OD pairs for R1C1_C
Generating focused traffic: Period 4.1856s
[INFO] Subscriptions active: 6 (traci, fast mode)
  [ACTION PPO] R1C1_C: a0=23% (123) a1=12% (65) a2=41% (221) a3=24% (131)
[INFO] Episode duration: 3600s (60 min)

[DEBUG] 🎯 Célzott Forgalom Generálása (R1C1_C) | Period: 4.0523
Found 6 valid OD pairs for R1C1_C
Generating focused traffic: Period 4.0523s
[INFO] Subscriptions active: 6 (traci, fast mode)
  [ACTION PPO] R1C1_C: a0=23% (83) a1=10% (35) a2=46% (165) a3=21% (77)
[INFO] Episode duration: 900s (15 min)

[DEBUG] 🎯 Célzott Forgalom Generálása (R1C1_C) | Period: 5.4172
Found 6 valid OD pairs for R1C1_C
Generating focused traffic: Period 5.4172s
[INFO] Subscriptions active: 6 (traci, fast mode)
  [ACTION PPO] R1C1_C: a0=26% (184) a1=8% (59) a2=42% (304) a3=24% (173)
[INFO] Episode duration: 3600s (60 min)

[DEBUG] 🎯 Célzott Forgalom Generálása (R1C1_C) | Period: 6.0703
Found 6 valid OD pairs for R1C1_C
Generating focused traffic: Period 6.0703s
[INFO] Subscriptions active: 6 (traci, fast mode)
  [ACTION PPO] R1C1_C: a0=24% (44) a1=11% (20) a2=42% (76) a3=22% (40)
[INFO] Episode duration: 2700s (45 min)

[DEBUG] 🎯 Célzott Forgalom Generálása (R1C1_C) | Period: 5.1625
Found 6 valid OD pairs for R1C1_C
Generating focused traffic: Period 5.1625s
[INFO] Subscriptions active: 6 (traci, fast mode)
  [ACTION PPO] R1C1_C: a0=23% (168) a1=10% (74) a2=42% (302) a3=24% (176)
[INFO] Episode duration: 900s (15 min)

[DEBUG] 🎯 Célzott Forgalom Generálása (R1C1_C) | Period: 6.8483
Found 6 valid OD pairs for R1C1_C
Generating focused traffic: Period 6.8483s
[INFO] Subscriptions active: 6 (traci, fast mode)
  [ACTION PPO] R1C1_C: a0=22% (120) a1=8% (41) a2=43% (234) a3=27% (145)
[INFO] Episode duration: 900s (15 min)

[DEBUG] 🎯 Célzott Forgalom Generálása (R1C1_C) | Period: 7.1753
Found 6 valid OD pairs for R1C1_C
Generating focused traffic: Period 7.1753s
[INFO] Subscriptions active: 6 (traci, fast mode)
  [ACTION PPO] R1C1_C: a0=21% (38) a1=12% (22) a2=42% (75) a3=25% (45)
[INFO] Episode duration: 1800s (30 min)

[DEBUG] 🎯 Célzott Forgalom Generálása (R1C1_C) | Period: 5.0327
Found 6 valid OD pairs for R1C1_C
Generating focused traffic: Period 5.0327s
[INFO] Subscriptions active: 6 (traci, fast mode)
  [ACTION PPO] R1C1_C: a0=27% (48) a1=11% (20) a2=39% (71) a3=23% (41)
[INFO] Episode duration: 2700s (45 min)

[DEBUG] 🎯 Célzott Forgalom Generálása (R1C1_C) | Period: 5.0403
Found 6 valid OD pairs for R1C1_C
Generating focused traffic: Period 5.0403s
[INFO] Subscriptions active: 6 (traci, fast mode)
  [ACTION PPO] R1C1_C: a0=26% (93) a1=8% (30) a2=40% (143) a3=26% (94)
[INFO] Episode duration: 900s (15 min)

[DEBUG] 🎯 Célzott Forgalom Generálása (R1C1_C) | Period: 4.5988
Found 6 valid OD pairs for R1C1_C
Generating focused traffic: Period 4.5988s
[INFO] Subscriptions active: 6 (traci, fast mode)
  [ACTION PPO] R1C1_C: a0=26% (138) a1=10% (56) a2=40% (216) a3=24% (130)
[INFO] Episode duration: 1800s (30 min)

[DEBUG] 🎯 Célzott Forgalom Generálása (R1C1_C) | Period: 6.163
Found 6 valid OD pairs for R1C1_C
Generating focused traffic: Period 6.1630s
[INFO] Subscriptions active: 6 (traci, fast mode)
  [ACTION PPO] R1C1_C: a0=23% (42) a1=12% (22) a2=38% (68) a3=27% (48)
[INFO] Episode duration: 2700s (45 min)

[DEBUG] 🎯 Célzott Forgalom Generálása (R1C1_C) | Period: 4.5684
Found 6 valid OD pairs for R1C1_C
Generating focused traffic: Period 4.5684s
[INFO] Subscriptions active: 6 (traci, fast mode)
  [ACTION PPO] R1C1_C: a0=27% (98) a1=11% (38) a2=40% (143) a3=22% (81)
[INFO] Episode duration: 900s (15 min)

[DEBUG] 🎯 Célzott Forgalom Generálása (R1C1_C) | Period: 4.1831
Found 6 valid OD pairs for R1C1_C
Generating focused traffic: Period 4.1831s
[INFO] Subscriptions active: 6 (traci, fast mode)
  [ACTION PPO] R1C1_C: a0=26% (140) a1=11% (59) a2=39% (211) a3=24% (130)
[INFO] Episode duration: 2700s (45 min)

[DEBUG] 🎯 Célzott Forgalom Generálása (R1C1_C) | Period: 6.2885
Found 6 valid OD pairs for R1C1_C
Generating focused traffic: Period 6.2885s
[INFO] Subscriptions active: 6 (traci, fast mode)
  [ACTION PPO] R1C1_C: a0=22% (40) a1=11% (20) a2=34% (62) a3=32% (58)
[INFO] Episode duration: 1800s (30 min)

[DEBUG] 🎯 Célzott Forgalom Generálása (R1C1_C) | Period: 7.3042
Found 6 valid OD pairs for R1C1_C
Generating focused traffic: Period 7.3042s
[INFO] Subscriptions active: 6 (traci, fast mode)
  [ACTION PPO] R1C1_C: a0=24% (130) a1=13% (71) a2=38% (207) a3=24% (132)
[INFO] Episode duration: 2700s (45 min)

[DEBUG] 🎯 Célzott Forgalom Generálása (R1C1_C) | Period: 7.3849
Found 6 valid OD pairs for R1C1_C
Generating focused traffic: Period 7.3849s
[INFO] Subscriptions active: 6 (traci, fast mode)
  [ACTION PPO] R1C1_C: a0=21% (76) a1=12% (42) a2=42% (153) a3=25% (89)
[INFO] Episode duration: 1800s (30 min)

[DEBUG] 🎯 Célzott Forgalom Generálása (R1C1_C) | Period: 4.0153
Found 6 valid OD pairs for R1C1_C
Generating focused traffic: Period 4.0153s
[INFO] Subscriptions active: 6 (traci, fast mode)
  [ACTION PPO] R1C1_C: a0=21% (113) a1=13% (70) a2=40% (217) a3=26% (140)
[INFO] Episode duration: 1800s (30 min)

[DEBUG] 🎯 Célzott Forgalom Generálása (R1C1_C) | Period: 6.2737
Found 6 valid OD pairs for R1C1_C
Generating focused traffic: Period 6.2737s
[INFO] Subscriptions active: 6 (traci, fast mode)
  [ACTION PPO] R1C1_C: a0=22% (79) a1=12% (43) a2=39% (141) a3=27% (97)
[INFO] Episode duration: 1800s (30 min)

[DEBUG] 🎯 Célzott Forgalom Generálása (R1C1_C) | Period: 4.2977
Found 6 valid OD pairs for R1C1_C
Generating focused traffic: Period 4.2977s
[INFO] Subscriptions active: 6 (traci, fast mode)
  [ACTION PPO] R1C1_C: a0=24% (87) a1=13% (47) a2=38% (135) a3=25% (91)
[INFO] Episode duration: 3600s (60 min)

[DEBUG] 🎯 Célzott Forgalom Generálása (R1C1_C) | Period: 5.0797
Found 6 valid OD pairs for R1C1_C
Generating focused traffic: Period 5.0797s
[INFO] Subscriptions active: 6 (traci, fast mode)
  [ACTION PPO] R1C1_C: a0=24% (86) a1=16% (56) a2=38% (138) a3=22% (80)
[INFO] Episode duration: 1800s (30 min)

[DEBUG] 🎯 Célzott Forgalom Generálása (R1C1_C) | Period: 7.5792
Found 6 valid OD pairs for R1C1_C
Generating focused traffic: Period 7.5792s
[INFO] Subscriptions active: 6 (traci, fast mode)
  [ACTION PPO] R1C1_C: a0=23% (167) a1=11% (80) a2=40% (286) a3=26% (187)
[INFO] Episode duration: 900s (15 min)

[DEBUG] 🎯 Célzott Forgalom Generálása (R1C1_C) | Period: 4.2582
Found 6 valid OD pairs for R1C1_C
Generating focused traffic: Period 4.2582s
[INFO] Subscriptions active: 6 (traci, fast mode)
  [ACTION PPO] R1C1_C: a0=27% (96) a1=12% (43) a2=38% (136) a3=24% (85)
[INFO] Episode duration: 1800s (30 min)

[DEBUG] 🎯 Célzott Forgalom Generálása (R1C1_C) | Period: 7.2001
Found 6 valid OD pairs for R1C1_C
Generating focused traffic: Period 7.2001s
[INFO] Subscriptions active: 6 (traci, fast mode)
  [ACTION PPO] R1C1_C: a0=27% (48) a1=11% (20) a2=39% (70) a3=23% (42)
[INFO] Episode duration: 900s (15 min)

[DEBUG] 🎯 Célzott Forgalom Generálása (R1C1_C) | Period: 6.3301
Found 6 valid OD pairs for R1C1_C
Generating focused traffic: Period 6.3301s
[INFO] Subscriptions active: 6 (traci, fast mode)
  [ACTION PPO] R1C1_C: a0=24% (85) a1=13% (47) a2=39% (140) a3=24% (88)
[INFO] Episode duration: 2700s (45 min)

[DEBUG] 🎯 Célzott Forgalom Generálása (R1C1_C) | Period: 7.6652
Found 6 valid OD pairs for R1C1_C
Generating focused traffic: Period 7.6652s
[INFO] Subscriptions active: 6 (traci, fast mode)
  [ACTION PPO] R1C1_C: a0=24% (44) a1=12% (22) a2=46% (83) a3=17% (31)
[INFO] Episode duration: 1800s (30 min)

[DEBUG] 🎯 Célzott Forgalom Generálása (R1C1_C) | Period: 6.0204
Found 6 valid OD pairs for R1C1_C
Generating focused traffic: Period 6.0204s
[INFO] Subscriptions active: 6 (traci, fast mode)
  [ACTION PPO] R1C1_C: a0=26% (143) a1=15% (83) a2=34% (185) a3=24% (129)
[INFO] Episode duration: 900s (15 min)

[DEBUG] 🎯 Célzott Forgalom Generálása (R1C1_C) | Period: 5.2721
Found 6 valid OD pairs for R1C1_C
Generating focused traffic: Period 5.2721s
[INFO] Subscriptions active: 6 (traci, fast mode)
  [ACTION PPO] R1C1_C: a0=31% (110) a1=8% (30) a2=43% (154) a3=18% (66)
[INFO] Episode duration: 1800s (30 min)

[DEBUG] 🎯 Célzott Forgalom Generálása (R1C1_C) | Period: 5.3687
Found 6 valid OD pairs for R1C1_C
Generating focused traffic: Period 5.3687s
[INFO] Subscriptions active: 6 (traci, fast mode)
  [ACTION PPO] R1C1_C: a0=26% (46) a1=14% (26) a2=41% (74) a3=19% (34)
[INFO] Episode duration: 900s (15 min)

[DEBUG] 🎯 Célzott Forgalom Generálása (R1C1_C) | Period: 5.7834
Found 6 valid OD pairs for R1C1_C
Generating focused traffic: Period 5.7834s
[INFO] Subscriptions active: 6 (traci, fast mode)
  [ACTION PPO] R1C1_C: a0=26% (92) a1=9% (31) a2=44% (159) a3=22% (78)
[INFO] Episode duration: 1800s (30 min)

[DEBUG] 🎯 Célzott Forgalom Generálása (R1C1_C) | Period: 4.1101
Found 6 valid OD pairs for R1C1_C
Generating focused traffic: Period 4.1101s
[INFO] Subscriptions active: 6 (traci, fast mode)
  [ACTION PPO] R1C1_C: a0=27% (48) a1=13% (23) a2=42% (76) a3=18% (33)
[INFO] Episode duration: 3600s (60 min)

[DEBUG] 🎯 Célzott Forgalom Generálása (R1C1_C) | Period: 6.039
Found 6 valid OD pairs for R1C1_C
Generating focused traffic: Period 6.0390s
[INFO] Subscriptions active: 6 (traci, fast mode)
  [ACTION PPO] R1C1_C: a0=25% (91) a1=11% (39) a2=44% (159) a3=20% (71)
[INFO] Episode duration: 3600s (60 min)

[DEBUG] 🎯 Célzott Forgalom Generálása (R1C1_C) | Period: 4.2147
Found 6 valid OD pairs for R1C1_C
Generating focused traffic: Period 4.2147s
[INFO] Subscriptions active: 6 (traci, fast mode)
  [ACTION PPO] R1C1_C: a0=22% (159) a1=12% (89) a2=42% (304) a3=23% (168)
[INFO] Episode duration: 3600s (60 min)

[DEBUG] 🎯 Célzott Forgalom Generálása (R1C1_C) | Period: 6.8116
Found 6 valid OD pairs for R1C1_C
Generating focused traffic: Period 6.8116s
[INFO] Subscriptions active: 6 (traci, fast mode)
  [ACTION PPO] R1C1_C: a0=27% (195) a1=10% (71) a2=39% (280) a3=24% (174)
[INFO] Episode duration: 3600s (60 min)

[DEBUG] 🎯 Célzott Forgalom Generálása (R1C1_C) | Period: 7.5488
Found 6 valid OD pairs for R1C1_C
Generating focused traffic: Period 7.5488s
[INFO] Subscriptions active: 6 (traci, fast mode)
  [ACTION PPO] R1C1_C: a0=26% (185) a1=15% (111) a2=37% (269) a3=22% (155)
[INFO] Episode duration: 3600s (60 min)

[DEBUG] 🎯 Célzott Forgalom Generálása (R1C1_C) | Period: 5.8646
Found 6 valid OD pairs for R1C1_C
Generating focused traffic: Period 5.8646s
[INFO] Subscriptions active: 6 (traci, fast mode)
  [ACTION PPO] R1C1_C: a0=24% (176) a1=16% (116) a2=37% (264) a3=23% (164)
-------------------------------------------
| rollout/                |               |
|    ep_len_mean          | 464           |
|    ep_rew_mean          | 57.3          |
| time/                   |               |
|    fps                  | 80            |
|    iterations           | 40            |
|    time_elapsed         | 1021          |
|    total_timesteps      | 81920         |
| train/                  |               |
|    approx_kl            | 0.00017313473 |
|    clip_fraction        | 0             |
|    clip_range           | 0.2           |
|    entropy_loss         | -1.28         |
|    explained_variance   | 0.000225      |
|    learning_rate        | 0.0001        |
|    loss                 | 0.812         |
|    n_updates            | 390           |
|    policy_gradient_loss | -7.71e-05     |
|    value_loss           | 2.21          |
-------------------------------------------
[INFO] Episode duration: 3600s (60 min)

[DEBUG] 🎯 Célzott Forgalom Generálása (R1C1_C) | Period: 6.8448
Found 6 valid OD pairs for R1C1_C
Generating focused traffic: Period 6.8448s
[INFO] Subscriptions active: 6 (traci, fast mode)
  [ACTION PPO] R1C1_C: a0=28% (198) a1=12% (88) a2=39% (278) a3=22% (156)
[INFO] Episode duration: 900s (15 min)

[DEBUG] 🎯 Célzott Forgalom Generálása (R1C1_C) | Period: 4.1392
Found 6 valid OD pairs for R1C1_C
Generating focused traffic: Period 4.1392s
[INFO] Subscriptions active: 6 (traci, fast mode)
  [ACTION PPO] R1C1_C: a0=26% (187) a1=14% (99) a2=37% (264) a3=24% (170)
[INFO] Episode duration: 1800s (30 min)

[DEBUG] 🎯 Célzott Forgalom Generálása (R1C1_C) | Period: 7.7868
Found 6 valid OD pairs for R1C1_C
Generating focused traffic: Period 7.7868s
[INFO] Subscriptions active: 6 (traci, fast mode)
  [ACTION PPO] R1C1_C: a0=24% (43) a1=10% (18) a2=39% (71) a3=27% (48)
[INFO] Episode duration: 2700s (45 min)

[DEBUG] 🎯 Célzott Forgalom Generálása (R1C1_C) | Period: 6.5419
Found 6 valid OD pairs for R1C1_C
Generating focused traffic: Period 6.5419s
[INFO] Subscriptions active: 6 (traci, fast mode)
  [ACTION PPO] R1C1_C: a0=21% (76) a1=13% (48) a2=40% (144) a3=26% (92)
[INFO] Episode duration: 3600s (60 min)

[DEBUG] 🎯 Célzott Forgalom Generálása (R1C1_C) | Period: 7.3664
Found 6 valid OD pairs for R1C1_C
Generating focused traffic: Period 7.3664s
[INFO] Subscriptions active: 6 (traci, fast mode)
  [ACTION PPO] R1C1_C: a0=30% (160) a1=13% (68) a2=39% (209) a3=19% (103)
[INFO] Episode duration: 2700s (45 min)

[DEBUG] 🎯 Célzott Forgalom Generálása (R1C1_C) | Period: 6.8589
Found 6 valid OD pairs for R1C1_C
Generating focused traffic: Period 6.8589s
[INFO] Subscriptions active: 6 (traci, fast mode)
  [ACTION PPO] R1C1_C: a0=27% (196) a1=13% (91) a2=40% (288) a3=20% (145)
[INFO] Episode duration: 900s (15 min)

[DEBUG] 🎯 Célzott Forgalom Generálása (R1C1_C) | Period: 4.3804
Found 6 valid OD pairs for R1C1_C
Generating focused traffic: Period 4.3804s
[INFO] Subscriptions active: 6 (traci, fast mode)
  [ACTION PPO] R1C1_C: a0=28% (151) a1=12% (66) a2=38% (205) a3=22% (118)
[INFO] Episode duration: 900s (15 min)

[DEBUG] 🎯 Célzott Forgalom Generálása (R1C1_C) | Period: 4.6511
Found 6 valid OD pairs for R1C1_C
Generating focused traffic: Period 4.6511s
[INFO] Subscriptions active: 6 (traci, fast mode)
  [ACTION PPO] R1C1_C: a0=33% (60) a1=12% (22) a2=31% (56) a3=23% (42)
[INFO] Episode duration: 2700s (45 min)

[DEBUG] 🎯 Célzott Forgalom Generálása (R1C1_C) | Period: 5.887
Found 6 valid OD pairs for R1C1_C
Generating focused traffic: Period 5.8870s
[INFO] Subscriptions active: 6 (traci, fast mode)
  [ACTION PPO] R1C1_C: a0=23% (42) a1=12% (21) a2=40% (72) a3=25% (45)
[INFO] Episode duration: 1800s (30 min)

[DEBUG] 🎯 Célzott Forgalom Generálása (R1C1_C) | Period: 4.0712
Found 6 valid OD pairs for R1C1_C
Generating focused traffic: Period 4.0712s
[INFO] Subscriptions active: 6 (traci, fast mode)
  [ACTION PPO] R1C1_C: a0=27% (145) a1=13% (71) a2=40% (216) a3=20% (108)
[INFO] Episode duration: 1800s (30 min)

[DEBUG] 🎯 Célzott Forgalom Generálása (R1C1_C) | Period: 7.4952
Found 6 valid OD pairs for R1C1_C
Generating focused traffic: Period 7.4952s
[INFO] Subscriptions active: 6 (traci, fast mode)
  [ACTION PPO] R1C1_C: a0=26% (95) a1=11% (39) a2=42% (153) a3=20% (73)
[INFO] Episode duration: 2700s (45 min)

[DEBUG] 🎯 Célzott Forgalom Generálása (R1C1_C) | Period: 7.5464
Found 6 valid OD pairs for R1C1_C
Generating focused traffic: Period 7.5464s
[INFO] Subscriptions active: 6 (traci, fast mode)
  [ACTION PPO] R1C1_C: a0=25% (90) a1=11% (40) a2=44% (158) a3=20% (72)
[INFO] Episode duration: 1800s (30 min)

[DEBUG] 🎯 Célzott Forgalom Generálása (R1C1_C) | Period: 4.0066
Found 6 valid OD pairs for R1C1_C
Generating focused traffic: Period 4.0066s
[INFO] Subscriptions active: 6 (traci, fast mode)
  [ACTION PPO] R1C1_C: a0=28% (149) a1=15% (79) a2=38% (206) a3=20% (106)
[INFO] Episode duration: 2700s (45 min)

[DEBUG] 🎯 Célzott Forgalom Generálása (R1C1_C) | Period: 5.2401
Found 6 valid OD pairs for R1C1_C
Generating focused traffic: Period 5.2401s
[INFO] Subscriptions active: 6 (traci, fast mode)
  [ACTION PPO] R1C1_C: a0=33% (120) a1=10% (35) a2=39% (140) a3=18% (65)
[INFO] Episode duration: 900s (15 min)

[DEBUG] 🎯 Célzott Forgalom Generálása (R1C1_C) | Period: 6.0531
Found 6 valid OD pairs for R1C1_C
Generating focused traffic: Period 6.0531s
[INFO] Subscriptions active: 6 (traci, fast mode)
  [ACTION PPO] R1C1_C: a0=26% (142) a1=11% (58) a2=42% (225) a3=21% (115)
[INFO] Episode duration: 1800s (30 min)

[DEBUG] 🎯 Célzott Forgalom Generálása (R1C1_C) | Period: 7.0588
Found 6 valid OD pairs for R1C1_C
Generating focused traffic: Period 7.0588s
[INFO] Subscriptions active: 6 (traci, fast mode)
  [ACTION PPO] R1C1_C: a0=21% (37) a1=12% (22) a2=43% (78) a3=24% (43)
[INFO] Episode duration: 900s (15 min)

[DEBUG] 🎯 Célzott Forgalom Generálása (R1C1_C) | Period: 5.2847
Found 6 valid OD pairs for R1C1_C
Generating focused traffic: Period 5.2847s
[INFO] Subscriptions active: 6 (traci, fast mode)
  [ACTION PPO] R1C1_C: a0=24% (88) a1=13% (48) a2=42% (152) a3=20% (72)
[INFO] Episode duration: 2700s (45 min)

[DEBUG] 🎯 Célzott Forgalom Generálása (R1C1_C) | Period: 5.3767
Found 6 valid OD pairs for R1C1_C
Generating focused traffic: Period 5.3767s
[INFO] Subscriptions active: 6 (traci, fast mode)
  [ACTION PPO] R1C1_C: a0=26% (47) a1=10% (18) a2=43% (78) a3=21% (37)
[INFO] Episode duration: 1800s (30 min)

[DEBUG] 🎯 Célzott Forgalom Generálása (R1C1_C) | Period: 4.7094
Found 6 valid OD pairs for R1C1_C
Generating focused traffic: Period 4.7094s
[INFO] Subscriptions active: 6 (traci, fast mode)
  [ACTION PPO] R1C1_C: a0=25% (134) a1=9% (47) a2=45% (243) a3=21% (116)
[INFO] Episode duration: 2700s (45 min)

[DEBUG] 🎯 Célzott Forgalom Generálása (R1C1_C) | Period: 5.7672
Found 6 valid OD pairs for R1C1_C
Generating focused traffic: Period 5.7672s
[INFO] Subscriptions active: 6 (traci, fast mode)
  [ACTION PPO] R1C1_C: a0=28% (100) a1=10% (36) a2=46% (164) a3=17% (60)
[INFO] Episode duration: 3600s (60 min)

[DEBUG] 🎯 Célzott Forgalom Generálása (R1C1_C) | Period: 5.9278
Found 6 valid OD pairs for R1C1_C
Generating focused traffic: Period 5.9278s
[INFO] Subscriptions active: 6 (traci, fast mode)
  [ACTION PPO] R1C1_C: a0=24% (130) a1=10% (52) a2=47% (255) a3=19% (103)
[INFO] Episode duration: 1800s (30 min)

[DEBUG] 🎯 Célzott Forgalom Generálása (R1C1_C) | Period: 5.3114
Found 6 valid OD pairs for R1C1_C
Generating focused traffic: Period 5.3114s
[INFO] Subscriptions active: 6 (traci, fast mode)
  [ACTION PPO] R1C1_C: a0=24% (170) a1=11% (81) a2=46% (332) a3=19% (137)
[INFO] Episode duration: 2700s (45 min)

[DEBUG] 🎯 Célzott Forgalom Generálása (R1C1_C) | Period: 6.5135
Found 6 valid OD pairs for R1C1_C
Generating focused traffic: Period 6.5135s
[INFO] Subscriptions active: 6 (traci, fast mode)
  [ACTION PPO] R1C1_C: a0=24% (88) a1=10% (35) a2=44% (159) a3=22% (78)
[INFO] Episode duration: 2700s (45 min)

[DEBUG] 🎯 Célzott Forgalom Generálása (R1C1_C) | Period: 7.0082
Found 6 valid OD pairs for R1C1_C
Generating focused traffic: Period 7.0082s
[INFO] Subscriptions active: 6 (traci, fast mode)
  [ACTION PPO] R1C1_C: a0=23% (124) a1=12% (65) a2=44% (238) a3=21% (113)
[INFO] Episode duration: 1800s (30 min)

[DEBUG] 🎯 Célzott Forgalom Generálása (R1C1_C) | Period: 5.8419
Found 6 valid OD pairs for R1C1_C
Generating focused traffic: Period 5.8419s
[INFO] Subscriptions active: 6 (traci, fast mode)
  [ACTION PPO] R1C1_C: a0=24% (129) a1=13% (69) a2=42% (227) a3=21% (115)
[INFO] Episode duration: 900s (15 min)

[DEBUG] 🎯 Célzott Forgalom Generálása (R1C1_C) | Period: 4.8991
Found 6 valid OD pairs for R1C1_C
Generating focused traffic: Period 4.8991s
[INFO] Subscriptions active: 6 (traci, fast mode)
  [ACTION PPO] R1C1_C: a0=21% (75) a1=9% (34) a2=47% (169) a3=23% (82)
[INFO] Episode duration: 3600s (60 min)

[DEBUG] 🎯 Célzott Forgalom Generálása (R1C1_C) | Period: 4.4054
wandb: WARNING Symlinked 1 file into the W&B run directory; call wandb.save again to sync new files.
/Users/wagnertamas/Documents/Munka/cikkek/AI_agens_konyvtar/support/intergreen_matrix_calculator/rl_trainer.py:992: UserWarning: Exporting a model while it is in training mode. Please ensure that this is intended, as it may lead to different behavior during inference. Calling model.eval() before export is recommended.
  torch.onnx.export(
/Users/wagnertamas/Documents/Munka/cikkek/AI_agens_konyvtar/support/intergreen_matrix_calculator/rl_trainer.py:992: UserWarning: # 'dynamic_axes' is not recommended when dynamo=True, and may lead to 'torch._dynamo.exc.UserError: Constraints violated.' Supply the 'dynamic_shapes' argument instead if export is unsuccessful.
  torch.onnx.export(
wandb: updating run metadata
wandb: uploading pytorch_models/R1C1_C.zip; uploading output.log; uploading wandb-summary.json
wandb: 
wandb: Run history:
wandb:         R1C1_C/action_pct/phase_0 ▄▂▃▄▃▅▃▄▂▃▃▃▁▅▂▂▂▂▁▁▃▃▃▄▄▄▄▃▅▅▆▅█▅▄▄▃▄▃▅
wandb:         R1C1_C/action_pct/phase_1 ▅▆▆▆█▅▆▆▅▆▆▅▅▃▃▃▂▃▄▂▂▂▂▂▃▂▂▃▂▂▂▂▃▃▃▂▁▂▂▁
wandb:         R1C1_C/action_pct/phase_2 ▂▂▂▂▃▁▃▂▃▁▃▂▄▃▃▃▃▃▃▁▃▄▅▆▆▄▅▅▄▅▄▅▄▄▆▆██▇▆
wandb:         R1C1_C/action_pct/phase_3 ▃▂▄▂▂▃▄▄▄▆▅▅▅▅▅▆█▆▅▅▅▄▄▅▄▄▄▃▃▅▁▁▂▂▁▃▂▃▃▄
wandb:         R1C1_C/train/entropy_loss ▁▁▁▁▁▁▁▁▁▁▂▂▂▂▃▄▄▅▅▅▆▇▇▇▆▆▆▆▅▅▄▄▅▅▅▆▆▇▇█
wandb:        R1C1_C/train/learning_rate ▁▁▁▁▁▁▁▁▁▁▁▁▁▁▁▁▁▁▁▁▁▁▁▁▁▁▁▁▁▁▁▁▁▁▁▁▁▁▁▁
wandb:                 R1C1_C/train/loss ▂▂▂▃▃▂▃▃▃▁▁▃▃▃▁▅▂▂▁▂▂▂▂▂▄▁▆█▂▂▅▂▃▃▁▃▃▂▄▆
wandb: R1C1_C/train/policy_gradient_loss ▄▄▇████▇▇▇▇▇▇██▅▅▅▅▅▇▇▇▆▆▇████████▇█▅█▁▁
wandb:           R1C1_C/train/value_loss ▃▃▄▃▃▃▁▃▄▄▃▃▃▃▅▃▃▃▃▃▅▆▆▆▄██▅▃▅▃▃▄▄▆▄▄▆▅▅
wandb:                        avg_reward ▄▂█▅▂▃▄▆▃▇▃▁▆▁▃▂▃▁▄▄▄▂▂▃▄▃▆▃▃▂▅▇▅▇▂▅▄▃▃▆
wandb:                                +9 ...
wandb: 
wandb: Run summary:
wandb:         R1C1_C/action_pct/phase_0 22.77778
wandb:         R1C1_C/action_pct/phase_1 6.85185
wandb:         R1C1_C/action_pct/phase_2 40.92593
wandb:         R1C1_C/action_pct/phase_3 29.44444
wandb:         R1C1_C/train/entropy_loss -1.24076
wandb:        R1C1_C/train/learning_rate 0.0001
wandb:                 R1C1_C/train/loss 2.33314
wandb: R1C1_C/train/policy_gradient_loss -0.00664
wandb:           R1C1_C/train/value_loss 2.16901
wandb:                        avg_reward 0.24824
wandb:                                +9 ...
wandb: 
wandb: 🚀 View run ppo_speed_throughput_1x16_1_R1C1_C at: https://wandb.ai/wagnertamas-budapesti-m-szaki-s-gazdas-gtudom-nyi-egyetem/sumo-rl-stat-2/runs/f8b4art3
wandb: ⭐️ View project at: https://wandb.ai/wagnertamas-budapesti-m-szaki-s-gazdas-gtudom-nyi-egyetem/sumo-rl-stat-2
wandb: Synced 5 W&B file(s), 0 media file(s), 0 artifact file(s) and 1 other file(s)
wandb: Find logs at: ./wandb/run-20260408_005100-f8b4art3/logs
Found 6 valid OD pairs for R1C1_C
Generating focused traffic: Period 4.4054s
[INFO] Subscriptions active: 6 (traci, fast mode)
  [ACTION PPO] R1C1_C: a0=18% (33) a1=13% (24) a2=45% (81) a3=23% (42)
[INFO] Episode duration: 1800s (30 min)

[DEBUG] 🎯 Célzott Forgalom Generálása (R1C1_C) | Period: 7.8438
Found 6 valid OD pairs for R1C1_C
Generating focused traffic: Period 7.8438s
[INFO] Subscriptions active: 6 (traci, fast mode)
  [ACTION PPO] R1C1_C: a0=24% (173) a1=8% (61) a2=44% (317) a3=23% (169)
[INFO] Episode duration: 2700s (45 min)

[DEBUG] 🎯 Célzott Forgalom Generálása (R1C1_C) | Period: 7.2976
Found 6 valid OD pairs for R1C1_C
Generating focused traffic: Period 7.2976s
[INFO] Subscriptions active: 6 (traci, fast mode)
  [ACTION PPO] R1C1_C: a0=20% (73) a1=11% (40) a2=47% (168) a3=22% (79)
[INFO] Episode duration: 1800s (30 min)

[DEBUG] 🎯 Célzott Forgalom Generálása (R1C1_C) | Period: 6.7096
Found 6 valid OD pairs for R1C1_C
Generating focused traffic: Period 6.7096s
[INFO] Subscriptions active: 6 (traci, fast mode)
  [ACTION PPO] R1C1_C: a0=19% (105) a1=9% (51) a2=48% (258) a3=23% (126)
[INFO] Episode duration: 900s (15 min)

[DEBUG] 🎯 Célzott Forgalom Generálása (R1C1_C) | Period: 7.1602
Found 6 valid OD pairs for R1C1_C
Generating focused traffic: Period 7.1602s
[INFO] Subscriptions active: 6 (traci, fast mode)
  [ACTION PPO] R1C1_C: a0=20% (73) a1=5% (17) a2=52% (188) a3=23% (82)
[INFO] Episode duration: 900s (15 min)

[DEBUG] 🎯 Célzott Forgalom Generálása (R1C1_C) | Period: 6.4865
Found 6 valid OD pairs for R1C1_C
Generating focused traffic: Period 6.4865s
[INFO] Subscriptions active: 6 (traci, fast mode)
  [ACTION PPO] R1C1_C: a0=19% (35) a1=6% (10) a2=59% (106) a3=16% (29)
[INFO] Episode duration: 2700s (45 min)

[DEBUG] 🎯 Célzott Forgalom Generálása (R1C1_C) | Period: 7.3459
Found 6 valid OD pairs for R1C1_C
Generating focused traffic: Period 7.3459s
[INFO] Subscriptions active: 6 (traci, fast mode)
  [ACTION PPO] R1C1_C: a0=14% (26) a1=10% (18) a2=51% (92) a3=24% (44)
[INFO] Episode duration: 1800s (30 min)

[DEBUG] 🎯 Célzott Forgalom Generálása (R1C1_C) | Period: 6.3947
Found 6 valid OD pairs for R1C1_C
Generating focused traffic: Period 6.3947s
[INFO] Subscriptions active: 6 (traci, fast mode)
  [ACTION PPO] R1C1_C: a0=22% (117) a1=9% (51) a2=46% (246) a3=23% (126)
[INFO] Episode duration: 2700s (45 min)

[DEBUG] 🎯 Célzott Forgalom Generálása (R1C1_C) | Period: 7.0555
Found 6 valid OD pairs for R1C1_C
Generating focused traffic: Period 7.0555s
[INFO] Subscriptions active: 6 (traci, fast mode)
  [ACTION PPO] R1C1_C: a0=18% (65) a1=9% (33) a2=48% (173) a3=25% (89)
[INFO] Episode duration: 3600s (60 min)

[DEBUG] 🎯 Célzott Forgalom Generálása (R1C1_C) | Period: 7.4271
Found 6 valid OD pairs for R1C1_C
Generating focused traffic: Period 7.4271s
[INFO] Subscriptions active: 6 (traci, fast mode)
  [ACTION PPO] R1C1_C: a0=19% (101) a1=12% (64) a2=43% (232) a3=26% (143)
[INFO] Episode duration: 3600s (60 min)

[DEBUG] 🎯 Célzott Forgalom Generálása (R1C1_C) | Period: 6.4928
Found 6 valid OD pairs for R1C1_C
Generating focused traffic: Period 6.4928s
[INFO] Subscriptions active: 6 (traci, fast mode)
  [ACTION PPO] R1C1_C: a0=21% (148) a1=10% (69) a2=44% (315) a3=26% (188)
[INFO] Episode duration: 1800s (30 min)

[DEBUG] 🎯 Célzott Forgalom Generálása (R1C1_C) | Period: 6.393
Found 6 valid OD pairs for R1C1_C
Generating focused traffic: Period 6.3930s
[INFO] Subscriptions active: 6 (traci, fast mode)
  [ACTION PPO] R1C1_C: a0=25% (181) a1=9% (65) a2=41% (293) a3=25% (181)
[INFO] Episode duration: 2700s (45 min)

[DEBUG] 🎯 Célzott Forgalom Generálása (R1C1_C) | Period: 4.6712
Found 6 valid OD pairs for R1C1_C
Generating focused traffic: Period 4.6712s
[INFO] Subscriptions active: 6 (traci, fast mode)
  [ACTION PPO] R1C1_C: a0=26% (92) a1=8% (28) a2=39% (141) a3=28% (99)
[INFO] Episode duration: 900s (15 min)

[DEBUG] 🎯 Célzott Forgalom Generálása (R1C1_C) | Period: 6.5549
Found 6 valid OD pairs for R1C1_C
Generating focused traffic: Period 6.5549s
[INFO] Subscriptions active: 6 (traci, fast mode)
  [ACTION PPO] R1C1_C: a0=25% (137) a1=9% (47) a2=36% (196) a3=30% (160)
[INFO] Episode duration: 2700s (45 min)

[DEBUG] 🎯 Célzott Forgalom Generálása (R1C1_C) | Period: 5.0797
Found 6 valid OD pairs for R1C1_C
Generating focused traffic: Period 5.0797s
[INFO] Subscriptions active: 6 (traci, fast mode)
  [ACTION PPO] R1C1_C: a0=21% (38) a1=11% (20) a2=39% (70) a3=29% (52)
[INFO] Episode duration: 3600s (60 min)

[DEBUG] 🎯 Célzott Forgalom Generálása (R1C1_C) | Period: 7.2227
Found 6 valid OD pairs for R1C1_C
Generating focused traffic: Period 7.2227s
[INFO] Subscriptions active: 6 (traci, fast mode)
  [ACTION PPO] R1C1_C: a0=23% (123) a1=7% (37) a2=41% (221) a3=29% (159)
On-policy training completed.
Closing environment and EXPORTING models...
Saving PyTorch ZIP models to /Users/wagnertamas/Documents/Munka/cikkek/AI_agens_konyvtar/support/intergreen_matrix_calculator/data/runs/pytorch_models...
Saved PyTorch R1C1_C to /Users/wagnertamas/Documents/Munka/cikkek/AI_agens_konyvtar/support/intergreen_matrix_calculator/data/runs/pytorch_models/R1C1_C.zip
Exporting ONNX models to /Users/wagnertamas/Documents/Munka/cikkek/AI_agens_konyvtar/support/intergreen_matrix_calculator/data/runs/onnx_models...
Failed to export R1C1_C: # Failed to convert 'dynamic_axes' to 'dynamic_shapes'. Please provide 'dynamic_shapes' directly. Refer to the documentation for 'torch.export.export' for more information on dynamic shapes.
Cleanup done.
