wandb: [wandb.login()] Loaded credentials for https://api.wandb.ai from /Users/wagnertamas/.netrc.
wandb: Currently logged in as: wagnertamas (wagnertamas-budapesti-m-szaki-s-gazdas-gtudom-nyi-egyetem) to https://api.wandb.ai. Use `wandb login --relogin` to force relogin
wandb: setting up run 4cgy79tx
wandb: Tracking run with wandb version 0.25.1
wandb: Run data is saved locally in /Users/wagnertamas/Documents/Munka/cikkek/AI_agens_konyvtar/support/intergreen_matrix_calculator/wandb/run-20260408_041245-4cgy79tx
wandb: Run `wandb offline` to turn off syncing.
wandb: Syncing run ppo_speed_throughput_3x32_1_R1C1_C
wandb: ⭐️ View project at https://wandb.ai/wagnertamas-budapesti-m-szaki-s-gazdas-gtudom-nyi-egyetem/sumo-rl-stat-2
wandb: 🚀 View run at https://wandb.ai/wagnertamas-budapesti-m-szaki-s-gazdas-gtudom-nyi-egyetem/sumo-rl-stat-2/runs/4cgy79tx
[INFO] Config: training_config.yaml
[INFO] Net: /Users/wagnertamas/Documents/Munka/cikkek/AI_agens_konyvtar/support/intergreen_matrix_calculator/data/mega_catalogue_v2.net.xml
[INFO] Timesteps: 100000 | Project: sumo-rl-stat-2
[INFO] Junction: R1C1_C
[INFO] Algorithm: ppo | Reward: speed_throughput
[INFO] Load model: None (fresh)
[INFO] Traffic: random target+spread (epizódonként)
Initializing Environment (algorithm=ppo, reward=speed_throughput)...
[INFO] Algorithm: ppo (on_policy)
[INFO] Reward mode: speed_throughput
WandB config applied (Sweep compatible).
[INFO] Junction reward params auto-loaded from /Users/wagnertamas/Documents/Munka/cikkek/AI_agens_konyvtar/support/intergreen_matrix_calculator/data/junction_reward_params.json
[INFO] Using 'traci' (USE_LIBSUMO=0, parallel slave).
Starting SUMO...
[INFO] Episode duration: 900s (15 min)

[DEBUG] 🎯 Célzott Forgalom Generálása (R1C1_C) | Period: 5.3693
Found 6 valid OD pairs for R1C1_C
Generating focused traffic: Period 5.3693s
 Retrying in 1 seconds
[INFO] Network mapped: 1 agents, 3 detectors, 3 lanes
[INFO] Subscriptions active: 6 (traci, fast mode)
Agents discovered: ['R1C1_C']
[INFO] RL device: mps
[INFO] On-policy training: ppo → R1C1_C
[INFO] Env reset az observation/action space inicializálásához...
[INFO] Episode duration: 3600s (60 min)

[DEBUG] 🎯 Célzott Forgalom Generálása (R1C1_C) | Period: 6.2185
Found 6 valid OD pairs for R1C1_C
Generating focused traffic: Period 6.2185s
[INFO] Subscriptions active: 6 (traci, fast mode)
Using mps device
Wrapping the env with a `Monitor` wrapper
Wrapping the env in a DummyVecEnv.
Starting on-policy training: 100000 timesteps...
[INFO] Episode duration: 2700s (45 min)

[DEBUG] 🎯 Célzott Forgalom Generálása (R1C1_C) | Period: 4.8525
Found 6 valid OD pairs for R1C1_C
Generating focused traffic: Period 4.8525s
[INFO] Subscriptions active: 6 (traci, fast mode)
Logging to /Users/wagnertamas/Documents/Munka/cikkek/AI_agens_konyvtar/support/intergreen_matrix_calculator/data/runs/sumo-rl-stat-2/R1C1_C/PPO_37
[INFO] Episode duration: 900s (15 min)

[DEBUG] 🎯 Célzott Forgalom Generálása (R1C1_C) | Period: 5.3455
Found 6 valid OD pairs for R1C1_C
Generating focused traffic: Period 5.3455s
[INFO] Subscriptions active: 6 (traci, fast mode)
  [ACTION PPO] R1C1_C: a0=23% (126) a1=27% (148) a2=27% (148) a3=22% (118)
[INFO] Episode duration: 3600s (60 min)

[DEBUG] 🎯 Célzott Forgalom Generálása (R1C1_C) | Period: 6.9041
Found 6 valid OD pairs for R1C1_C
Generating focused traffic: Period 6.9041s
[INFO] Subscriptions active: 6 (traci, fast mode)
  [ACTION PPO] R1C1_C: a0=18% (32) a1=26% (47) a2=31% (56) a3=25% (45)
[INFO] Episode duration: 1800s (30 min)

[DEBUG] 🎯 Célzott Forgalom Generálása (R1C1_C) | Period: 7.8771
Found 6 valid OD pairs for R1C1_C
Generating focused traffic: Period 7.8771s
[INFO] Subscriptions active: 6 (traci, fast mode)
  [ACTION PPO] R1C1_C: a0=21% (154) a1=29% (210) a2=24% (176) a3=25% (180)
[INFO] Episode duration: 3600s (60 min)

[DEBUG] 🎯 Célzott Forgalom Generálása (R1C1_C) | Period: 7.4341
Found 6 valid OD pairs for R1C1_C
Generating focused traffic: Period 7.4341s
[INFO] Subscriptions active: 6 (traci, fast mode)
  [ACTION PPO] R1C1_C: a0=22% (79) a1=26% (93) a2=31% (112) a3=21% (76)
[INFO] Episode duration: 1800s (30 min)

[DEBUG] 🎯 Célzott Forgalom Generálása (R1C1_C) | Period: 5.0696
Found 6 valid OD pairs for R1C1_C
Generating focused traffic: Period 5.0696s
[INFO] Subscriptions active: 6 (traci, fast mode)
  [ACTION PPO] R1C1_C: a0=26% (190) a1=24% (170) a2=23% (169) a3=27% (191)
[INFO] Episode duration: 2700s (45 min)

[DEBUG] 🎯 Célzott Forgalom Generálása (R1C1_C) | Period: 6.2438
Found 6 valid OD pairs for R1C1_C
Generating focused traffic: Period 6.2438s
[INFO] Subscriptions active: 6 (traci, fast mode)
  [ACTION PPO] R1C1_C: a0=26% (92) a1=24% (85) a2=24% (87) a3=27% (96)
[INFO] Episode duration: 3600s (60 min)

[DEBUG] 🎯 Célzott Forgalom Generálása (R1C1_C) | Period: 6.3169
Found 6 valid OD pairs for R1C1_C
Generating focused traffic: Period 6.3169s
[INFO] Subscriptions active: 6 (traci, fast mode)
  [ACTION PPO] R1C1_C: a0=24% (132) a1=25% (133) a2=22% (120) a3=29% (155)
[INFO] Episode duration: 900s (15 min)

[DEBUG] 🎯 Célzott Forgalom Generálása (R1C1_C) | Period: 4.4874
Found 6 valid OD pairs for R1C1_C
Generating focused traffic: Period 4.4874s
[INFO] Subscriptions active: 6 (traci, fast mode)
  [ACTION PPO] R1C1_C: a0=22% (162) a1=23% (166) a2=26% (186) a3=29% (206)
[INFO] Episode duration: 900s (15 min)

[DEBUG] 🎯 Célzott Forgalom Generálása (R1C1_C) | Period: 4.5487
Found 6 valid OD pairs for R1C1_C
Generating focused traffic: Period 4.5487s
[INFO] Subscriptions active: 6 (traci, fast mode)
  [ACTION PPO] R1C1_C: a0=25% (45) a1=20% (36) a2=26% (47) a3=29% (52)
[INFO] Episode duration: 3600s (60 min)

[DEBUG] 🎯 Célzott Forgalom Generálása (R1C1_C) | Period: 7.3107
Found 6 valid OD pairs for R1C1_C
Generating focused traffic: Period 7.3107s
[INFO] Subscriptions active: 6 (traci, fast mode)
  [ACTION PPO] R1C1_C: a0=33% (60) a1=19% (35) a2=20% (36) a3=27% (49)
[INFO] Episode duration: 1800s (30 min)

[DEBUG] 🎯 Célzott Forgalom Generálása (R1C1_C) | Period: 7.1613
Found 6 valid OD pairs for R1C1_C
Generating focused traffic: Period 7.1613s
[INFO] Subscriptions active: 6 (traci, fast mode)
  [ACTION PPO] R1C1_C: a0=22% (156) a1=18% (133) a2=30% (217) a3=30% (214)
[INFO] Episode duration: 1800s (30 min)

[DEBUG] 🎯 Célzott Forgalom Generálása (R1C1_C) | Period: 5.3474
Found 6 valid OD pairs for R1C1_C
Generating focused traffic: Period 5.3474s
[INFO] Subscriptions active: 6 (traci, fast mode)
  [ACTION PPO] R1C1_C: a0=24% (86) a1=20% (71) a2=25% (89) a3=32% (114)
[INFO] Episode duration: 1800s (30 min)

[DEBUG] 🎯 Célzott Forgalom Generálása (R1C1_C) | Period: 4.2065
Found 6 valid OD pairs for R1C1_C
Generating focused traffic: Period 4.2065s
[INFO] Subscriptions active: 6 (traci, fast mode)
  [ACTION PPO] R1C1_C: a0=28% (99) a1=19% (67) a2=27% (97) a3=27% (97)
[INFO] Episode duration: 900s (15 min)

[DEBUG] 🎯 Célzott Forgalom Generálása (R1C1_C) | Period: 4.117
Found 6 valid OD pairs for R1C1_C
Generating focused traffic: Period 4.1170s
[INFO] Subscriptions active: 6 (traci, fast mode)
  [ACTION PPO] R1C1_C: a0=29% (105) a1=20% (73) a2=26% (92) a3=25% (90)
[INFO] Episode duration: 3600s (60 min)

[DEBUG] 🎯 Célzott Forgalom Generálása (R1C1_C) | Period: 7.8738
Found 6 valid OD pairs for R1C1_C
Generating focused traffic: Period 7.8738s
[INFO] Subscriptions active: 6 (traci, fast mode)
  [ACTION PPO] R1C1_C: a0=27% (49) a1=17% (31) a2=26% (47) a3=29% (53)
[INFO] Episode duration: 3600s (60 min)

[DEBUG] 🎯 Célzott Forgalom Generálása (R1C1_C) | Period: 5.3808
Found 6 valid OD pairs for R1C1_C
Generating focused traffic: Period 5.3808s
[INFO] Subscriptions active: 6 (traci, fast mode)
  [ACTION PPO] R1C1_C: a0=22% (159) a1=19% (135) a2=34% (247) a3=25% (179)
[INFO] Episode duration: 2700s (45 min)

[DEBUG] 🎯 Célzott Forgalom Generálása (R1C1_C) | Period: 5.4768
Found 6 valid OD pairs for R1C1_C
Generating focused traffic: Period 5.4768s
[INFO] Subscriptions active: 6 (traci, fast mode)
  [ACTION PPO] R1C1_C: a0=26% (190) a1=14% (103) a2=29% (208) a3=30% (219)
[INFO] Episode duration: 900s (15 min)

[DEBUG] 🎯 Célzott Forgalom Generálása (R1C1_C) | Period: 4.0003
Found 6 valid OD pairs for R1C1_C
Generating focused traffic: Period 4.0003s
[INFO] Subscriptions active: 6 (traci, fast mode)
  [ACTION PPO] R1C1_C: a0=25% (136) a1=18% (98) a2=30% (162) a3=27% (144)
[INFO] Episode duration: 900s (15 min)

[DEBUG] 🎯 Célzott Forgalom Generálása (R1C1_C) | Period: 5.2738
Found 6 valid OD pairs for R1C1_C
Generating focused traffic: Period 5.2738s
[INFO] Subscriptions active: 6 (traci, fast mode)
  [ACTION PPO] R1C1_C: a0=28% (51) a1=13% (23) a2=32% (58) a3=27% (48)
[INFO] Episode duration: 900s (15 min)

[DEBUG] 🎯 Célzott Forgalom Generálása (R1C1_C) | Period: 5.7386
Found 6 valid OD pairs for R1C1_C
Generating focused traffic: Period 5.7386s
[INFO] Subscriptions active: 6 (traci, fast mode)
  [ACTION PPO] R1C1_C: a0=18% (32) a1=12% (22) a2=34% (61) a3=36% (65)
[INFO] Episode duration: 2700s (45 min)

[DEBUG] 🎯 Célzott Forgalom Generálása (R1C1_C) | Period: 7.3148
Found 6 valid OD pairs for R1C1_C
Generating focused traffic: Period 7.3148s
[INFO] Subscriptions active: 6 (traci, fast mode)
  [ACTION PPO] R1C1_C: a0=19% (34) a1=13% (23) a2=36% (65) a3=32% (58)
[INFO] Episode duration: 900s (15 min)

[DEBUG] 🎯 Célzott Forgalom Generálása (R1C1_C) | Period: 5.0061
Found 6 valid OD pairs for R1C1_C
Generating focused traffic: Period 5.0061s
[INFO] Subscriptions active: 6 (traci, fast mode)
  [ACTION PPO] R1C1_C: a0=19% (104) a1=20% (107) a2=30% (162) a3=31% (167)
[INFO] Episode duration: 3600s (60 min)

[DEBUG] 🎯 Célzott Forgalom Generálása (R1C1_C) | Period: 4.5162
Found 6 valid OD pairs for R1C1_C
Generating focused traffic: Period 4.5162s
[INFO] Subscriptions active: 6 (traci, fast mode)
  [ACTION PPO] R1C1_C: a0=26% (47) a1=18% (32) a2=33% (59) a3=23% (42)
[INFO] Episode duration: 900s (15 min)

[DEBUG] 🎯 Célzott Forgalom Generálása (R1C1_C) | Period: 4.2176
Found 6 valid OD pairs for R1C1_C
Generating focused traffic: Period 4.2176s
[INFO] Subscriptions active: 6 (traci, fast mode)
  [ACTION PPO] R1C1_C: a0=23% (164) a1=14% (103) a2=29% (212) a3=33% (241)
[INFO] Episode duration: 2700s (45 min)

[DEBUG] 🎯 Célzott Forgalom Generálása (R1C1_C) | Period: 5.7322
Found 6 valid OD pairs for R1C1_C
Generating focused traffic: Period 5.7322s
[INFO] Subscriptions active: 6 (traci, fast mode)
  [ACTION PPO] R1C1_C: a0=17% (31) a1=14% (26) a2=29% (52) a3=39% (71)
[INFO] Episode duration: 900s (15 min)

[DEBUG] 🎯 Célzott Forgalom Generálása (R1C1_C) | Period: 5.8093
Found 6 valid OD pairs for R1C1_C
Generating focused traffic: Period 5.8093s
[INFO] Subscriptions active: 6 (traci, fast mode)
  [ACTION PPO] R1C1_C: a0=20% (110) a1=13% (72) a2=27% (148) a3=39% (210)
[INFO] Episode duration: 3600s (60 min)

[DEBUG] 🎯 Célzott Forgalom Generálása (R1C1_C) | Period: 4.8305
Found 6 valid OD pairs for R1C1_C
Generating focused traffic: Period 4.8305s
[INFO] Subscriptions active: 6 (traci, fast mode)
  [ACTION PPO] R1C1_C: a0=21% (37) a1=14% (25) a2=21% (38) a3=44% (80)
[INFO] Episode duration: 3600s (60 min)

[DEBUG] 🎯 Célzott Forgalom Generálása (R1C1_C) | Period: 6.3009
Found 6 valid OD pairs for R1C1_C
Generating focused traffic: Period 6.3009s
[INFO] Subscriptions active: 6 (traci, fast mode)
  [ACTION PPO] R1C1_C: a0=19% (139) a1=14% (104) a2=28% (199) a3=39% (278)
[INFO] Episode duration: 3600s (60 min)

[DEBUG] 🎯 Célzott Forgalom Generálása (R1C1_C) | Period: 4.9677
Found 6 valid OD pairs for R1C1_C
Generating focused traffic: Period 4.9677s
[INFO] Subscriptions active: 6 (traci, fast mode)
  [ACTION PPO] R1C1_C: a0=22% (156) a1=13% (91) a2=28% (201) a3=38% (272)
[INFO] Episode duration: 1800s (30 min)

[DEBUG] 🎯 Célzott Forgalom Generálása (R1C1_C) | Period: 4.0627
Found 6 valid OD pairs for R1C1_C
Generating focused traffic: Period 4.0627s
[INFO] Subscriptions active: 6 (traci, fast mode)
  [ACTION PPO] R1C1_C: a0=22% (161) a1=14% (99) a2=25% (179) a3=39% (281)
[INFO] Episode duration: 3600s (60 min)

[DEBUG] 🎯 Célzott Forgalom Generálása (R1C1_C) | Period: 5.0922
Found 6 valid OD pairs for R1C1_C
Generating focused traffic: Period 5.0922s
[INFO] Subscriptions active: 6 (traci, fast mode)
  [ACTION PPO] R1C1_C: a0=24% (85) a1=11% (41) a2=24% (85) a3=41% (149)
[INFO] Episode duration: 1800s (30 min)

[DEBUG] 🎯 Célzott Forgalom Generálása (R1C1_C) | Period: 5.7012
Found 6 valid OD pairs for R1C1_C
Generating focused traffic: Period 5.7012s
[INFO] Subscriptions active: 6 (traci, fast mode)
  [ACTION PPO] R1C1_C: a0=20% (143) a1=11% (81) a2=29% (206) a3=40% (290)
[INFO] Episode duration: 3600s (60 min)

[DEBUG] 🎯 Célzott Forgalom Generálása (R1C1_C) | Period: 4.2713
Found 6 valid OD pairs for R1C1_C
Generating focused traffic: Period 4.2713s
[INFO] Subscriptions active: 6 (traci, fast mode)
  [ACTION PPO] R1C1_C: a0=20% (71) a1=12% (45) a2=24% (86) a3=44% (158)
[INFO] Episode duration: 3600s (60 min)

[DEBUG] 🎯 Célzott Forgalom Generálása (R1C1_C) | Period: 6.4939
Found 6 valid OD pairs for R1C1_C
Generating focused traffic: Period 6.4939s
[INFO] Subscriptions active: 6 (traci, fast mode)
  [ACTION PPO] R1C1_C: a0=20% (143) a1=12% (88) a2=27% (196) a3=41% (293)
[INFO] Episode duration: 2700s (45 min)

[DEBUG] 🎯 Célzott Forgalom Generálása (R1C1_C) | Period: 5.0249
Found 6 valid OD pairs for R1C1_C
Generating focused traffic: Period 5.0249s
[INFO] Subscriptions active: 6 (traci, fast mode)
  [ACTION PPO] R1C1_C: a0=17% (125) a1=11% (81) a2=32% (228) a3=40% (286)
[INFO] Episode duration: 3600s (60 min)

[DEBUG] 🎯 Célzott Forgalom Generálása (R1C1_C) | Period: 6.2614
Found 6 valid OD pairs for R1C1_C
Generating focused traffic: Period 6.2614s
[INFO] Subscriptions active: 6 (traci, fast mode)
  [ACTION PPO] R1C1_C: a0=19% (103) a1=9% (47) a2=23% (122) a3=50% (268)
[INFO] Episode duration: 3600s (60 min)

[DEBUG] 🎯 Célzott Forgalom Generálása (R1C1_C) | Period: 4.3768
Found 6 valid OD pairs for R1C1_C
Generating focused traffic: Period 4.3768s
[INFO] Subscriptions active: 6 (traci, fast mode)
  [ACTION PPO] R1C1_C: a0=20% (147) a1=12% (88) a2=24% (170) a3=44% (315)
[INFO] Episode duration: 2700s (45 min)

[DEBUG] 🎯 Célzott Forgalom Generálása (R1C1_C) | Period: 7.6732
Found 6 valid OD pairs for R1C1_C
Generating focused traffic: Period 7.6732s
[INFO] Subscriptions active: 6 (traci, fast mode)
  [ACTION PPO] R1C1_C: a0=21% (151) a1=11% (78) a2=25% (182) a3=43% (309)
[INFO] Episode duration: 1800s (30 min)

[DEBUG] 🎯 Célzott Forgalom Generálása (R1C1_C) | Period: 7.1076
Found 6 valid OD pairs for R1C1_C
Generating focused traffic: Period 7.1076s
[INFO] Subscriptions active: 6 (traci, fast mode)
  [ACTION PPO] R1C1_C: a0=18% (95) a1=11% (57) a2=32% (173) a3=40% (215)
[INFO] Episode duration: 1800s (30 min)

[DEBUG] 🎯 Célzott Forgalom Generálása (R1C1_C) | Period: 7.9457
Found 6 valid OD pairs for R1C1_C
Generating focused traffic: Period 7.9457s
[INFO] Subscriptions active: 6 (traci, fast mode)
  [ACTION PPO] R1C1_C: a0=21% (76) a1=10% (35) a2=28% (102) a3=41% (147)
[INFO] Episode duration: 2700s (45 min)

[DEBUG] 🎯 Célzott Forgalom Generálása (R1C1_C) | Period: 6.5852
Found 6 valid OD pairs for R1C1_C
Generating focused traffic: Period 6.5852s
[INFO] Subscriptions active: 6 (traci, fast mode)
  [ACTION PPO] R1C1_C: a0=19% (70) a1=11% (41) a2=31% (112) a3=38% (137)
[INFO] Episode duration: 2700s (45 min)

[DEBUG] 🎯 Célzott Forgalom Generálása (R1C1_C) | Period: 6.0293
Found 6 valid OD pairs for R1C1_C
Generating focused traffic: Period 6.0293s
[INFO] Subscriptions active: 6 (traci, fast mode)
  [ACTION PPO] R1C1_C: a0=20% (107) a1=9% (46) a2=31% (170) a3=40% (217)
-----------------------------------------
| rollout/                |             |
|    ep_len_mean          | 480         |
|    ep_rew_mean          | 57.1        |
| time/                   |             |
|    fps                  | 97          |
|    iterations           | 10          |
|    time_elapsed         | 209         |
|    total_timesteps      | 20480       |
| train/                  |             |
|    approx_kl            | 0.008146249 |
|    clip_fraction        | 0.0258      |
|    clip_range           | 0.2         |
|    entropy_loss         | -1.24       |
|    explained_variance   | 0.0128      |
|    learning_rate        | 0.0001      |
|    loss                 | 0.519       |
|    n_updates            | 90          |
|    policy_gradient_loss | -0.00383    |
|    value_loss           | 0.976       |
-----------------------------------------
[INFO] Episode duration: 1800s (30 min)

[DEBUG] 🎯 Célzott Forgalom Generálása (R1C1_C) | Period: 4.1607
Found 6 valid OD pairs for R1C1_C
Generating focused traffic: Period 4.1607s
[INFO] Subscriptions active: 6 (traci, fast mode)
  [ACTION PPO] R1C1_C: a0=24% (131) a1=10% (55) a2=28% (149) a3=38% (205)
[INFO] Episode duration: 2700s (45 min)

[DEBUG] 🎯 Célzott Forgalom Generálása (R1C1_C) | Period: 5.5153
Found 6 valid OD pairs for R1C1_C
Generating focused traffic: Period 5.5153s
[INFO] Subscriptions active: 6 (traci, fast mode)
  [ACTION PPO] R1C1_C: a0=22% (78) a1=9% (32) a2=29% (106) a3=40% (144)
[INFO] Episode duration: 3600s (60 min)

[DEBUG] 🎯 Célzott Forgalom Generálása (R1C1_C) | Period: 7.2356
Found 6 valid OD pairs for R1C1_C
Generating focused traffic: Period 7.2356s
[INFO] Subscriptions active: 6 (traci, fast mode)
  [ACTION PPO] R1C1_C: a0=22% (121) a1=6% (34) a2=25% (135) a3=46% (250)
[INFO] Episode duration: 1800s (30 min)

[DEBUG] 🎯 Célzott Forgalom Generálása (R1C1_C) | Period: 7.8026
Found 6 valid OD pairs for R1C1_C
Generating focused traffic: Period 7.8026s
[INFO] Subscriptions active: 6 (traci, fast mode)
  [ACTION PPO] R1C1_C: a0=23% (166) a1=9% (68) a2=28% (199) a3=40% (287)
[INFO] Episode duration: 2700s (45 min)

[DEBUG] 🎯 Célzott Forgalom Generálása (R1C1_C) | Period: 7.119
Found 6 valid OD pairs for R1C1_C
Generating focused traffic: Period 7.1190s
[INFO] Subscriptions active: 6 (traci, fast mode)
  [ACTION PPO] R1C1_C: a0=26% (92) a1=8% (30) a2=26% (92) a3=41% (146)
[INFO] Episode duration: 1800s (30 min)

[DEBUG] 🎯 Célzott Forgalom Generálása (R1C1_C) | Period: 6.381
Found 6 valid OD pairs for R1C1_C
Generating focused traffic: Period 6.3810s
[INFO] Subscriptions active: 6 (traci, fast mode)
  [ACTION PPO] R1C1_C: a0=21% (113) a1=9% (49) a2=31% (167) a3=39% (211)
[INFO] Episode duration: 900s (15 min)

[DEBUG] 🎯 Célzott Forgalom Generálása (R1C1_C) | Period: 4.6183
Found 6 valid OD pairs for R1C1_C
Generating focused traffic: Period 4.6183s
[INFO] Subscriptions active: 6 (traci, fast mode)
  [ACTION PPO] R1C1_C: a0=28% (99) a1=11% (40) a2=24% (87) a3=37% (134)
[INFO] Episode duration: 2700s (45 min)

[DEBUG] 🎯 Célzott Forgalom Generálása (R1C1_C) | Period: 6.7425
Found 6 valid OD pairs for R1C1_C
Generating focused traffic: Period 6.7425s
[INFO] Subscriptions active: 6 (traci, fast mode)
  [ACTION PPO] R1C1_C: a0=28% (50) a1=6% (10) a2=24% (44) a3=42% (76)
[INFO] Episode duration: 1800s (30 min)

[DEBUG] 🎯 Célzott Forgalom Generálása (R1C1_C) | Period: 7.1572
Found 6 valid OD pairs for R1C1_C
Generating focused traffic: Period 7.1572s
[INFO] Subscriptions active: 6 (traci, fast mode)
  [ACTION PPO] R1C1_C: a0=26% (139) a1=7% (39) a2=25% (136) a3=42% (226)
[INFO] Episode duration: 1800s (30 min)

[DEBUG] 🎯 Célzott Forgalom Generálása (R1C1_C) | Period: 7.808
Found 6 valid OD pairs for R1C1_C
Generating focused traffic: Period 7.8080s
[INFO] Subscriptions active: 6 (traci, fast mode)
  [ACTION PPO] R1C1_C: a0=28% (100) a1=7% (24) a2=21% (77) a3=44% (159)
[INFO] Episode duration: 2700s (45 min)

[DEBUG] 🎯 Célzott Forgalom Generálása (R1C1_C) | Period: 5.9035
Found 6 valid OD pairs for R1C1_C
Generating focused traffic: Period 5.9035s
[INFO] Subscriptions active: 6 (traci, fast mode)
  [ACTION PPO] R1C1_C: a0=21% (77) a1=7% (25) a2=31% (111) a3=41% (147)
[INFO] Episode duration: 900s (15 min)

[DEBUG] 🎯 Célzott Forgalom Generálása (R1C1_C) | Period: 7.092
Found 6 valid OD pairs for R1C1_C
Generating focused traffic: Period 7.0920s
[INFO] Subscriptions active: 6 (traci, fast mode)
  [ACTION PPO] R1C1_C: a0=24% (129) a1=6% (32) a2=28% (153) a3=42% (226)
[INFO] Episode duration: 1800s (30 min)

[DEBUG] 🎯 Célzott Forgalom Generálása (R1C1_C) | Period: 7.9478
Found 6 valid OD pairs for R1C1_C
Generating focused traffic: Period 7.9478s
[INFO] Subscriptions active: 6 (traci, fast mode)
  [ACTION PPO] R1C1_C: a0=17% (30) a1=7% (13) a2=27% (48) a3=49% (89)
[INFO] Episode duration: 2700s (45 min)

[DEBUG] 🎯 Célzott Forgalom Generálása (R1C1_C) | Period: 6.737
Found 6 valid OD pairs for R1C1_C
Generating focused traffic: Period 6.7370s
[INFO] Subscriptions active: 6 (traci, fast mode)
  [ACTION PPO] R1C1_C: a0=26% (95) a1=9% (34) a2=28% (102) a3=36% (129)
[INFO] Episode duration: 1800s (30 min)

[DEBUG] 🎯 Célzott Forgalom Generálása (R1C1_C) | Period: 4.912
Found 6 valid OD pairs for R1C1_C
Generating focused traffic: Period 4.9120s
[INFO] Subscriptions active: 6 (traci, fast mode)
  [ACTION PPO] R1C1_C: a0=26% (143) a1=7% (36) a2=30% (162) a3=37% (199)
[INFO] Episode duration: 900s (15 min)

[DEBUG] 🎯 Célzott Forgalom Generálása (R1C1_C) | Period: 6.6835
Found 6 valid OD pairs for R1C1_C
Generating focused traffic: Period 6.6835s
[INFO] Subscriptions active: 6 (traci, fast mode)
  [ACTION PPO] R1C1_C: a0=24% (88) a1=7% (25) a2=25% (89) a3=44% (158)
[INFO] Episode duration: 3600s (60 min)

[DEBUG] 🎯 Célzott Forgalom Generálása (R1C1_C) | Period: 5.2932
Found 6 valid OD pairs for R1C1_C
Generating focused traffic: Period 5.2932s
[INFO] Subscriptions active: 6 (traci, fast mode)
  [ACTION PPO] R1C1_C: a0=26% (46) a1=4% (7) a2=32% (57) a3=39% (70)
[INFO] Episode duration: 3600s (60 min)

[DEBUG] 🎯 Célzott Forgalom Generálása (R1C1_C) | Period: 5.3295
Found 6 valid OD pairs for R1C1_C
Generating focused traffic: Period 5.3295s
[INFO] Subscriptions active: 6 (traci, fast mode)
  [ACTION PPO] R1C1_C: a0=27% (191) a1=8% (54) a2=27% (194) a3=39% (281)
[INFO] Episode duration: 2700s (45 min)

[DEBUG] 🎯 Célzott Forgalom Generálása (R1C1_C) | Period: 5.3245
Found 6 valid OD pairs for R1C1_C
Generating focused traffic: Period 5.3245s
[INFO] Subscriptions active: 6 (traci, fast mode)
  [ACTION PPO] R1C1_C: a0=23% (167) a1=7% (47) a2=28% (202) a3=42% (304)
[INFO] Episode duration: 900s (15 min)

[DEBUG] 🎯 Célzott Forgalom Generálása (R1C1_C) | Period: 6.6785
Found 6 valid OD pairs for R1C1_C
Generating focused traffic: Period 6.6785s
[INFO] Subscriptions active: 6 (traci, fast mode)
  [ACTION PPO] R1C1_C: a0=23% (122) a1=7% (36) a2=29% (159) a3=41% (223)
[INFO] Episode duration: 1800s (30 min)

[DEBUG] 🎯 Célzott Forgalom Generálása (R1C1_C) | Period: 6.235
Found 6 valid OD pairs for R1C1_C
Generating focused traffic: Period 6.2350s
[INFO] Subscriptions active: 6 (traci, fast mode)
  [ACTION PPO] R1C1_C: a0=21% (38) a1=6% (11) a2=35% (63) a3=38% (68)
[INFO] Episode duration: 3600s (60 min)

[DEBUG] 🎯 Célzott Forgalom Generálása (R1C1_C) | Period: 7.0521
Found 6 valid OD pairs for R1C1_C
Generating focused traffic: Period 7.0521s
[INFO] Subscriptions active: 6 (traci, fast mode)
  [ACTION PPO] R1C1_C: a0=22% (79) a1=4% (16) a2=36% (129) a3=38% (136)
[INFO] Episode duration: 2700s (45 min)

[DEBUG] 🎯 Célzott Forgalom Generálása (R1C1_C) | Period: 5.7412
Found 6 valid OD pairs for R1C1_C
Generating focused traffic: Period 5.7412s
[INFO] Subscriptions active: 6 (traci, fast mode)
  [ACTION PPO] R1C1_C: a0=22% (156) a1=7% (53) a2=32% (230) a3=39% (281)
[INFO] Episode duration: 1800s (30 min)

[DEBUG] 🎯 Célzott Forgalom Generálása (R1C1_C) | Period: 7.542
Found 6 valid OD pairs for R1C1_C
Generating focused traffic: Period 7.5420s
[INFO] Subscriptions active: 6 (traci, fast mode)
  [ACTION PPO] R1C1_C: a0=25% (135) a1=4% (23) a2=28% (149) a3=43% (233)
[INFO] Episode duration: 1800s (30 min)

[DEBUG] 🎯 Célzott Forgalom Generálása (R1C1_C) | Period: 7.4405
Found 6 valid OD pairs for R1C1_C
Generating focused traffic: Period 7.4405s
[INFO] Subscriptions active: 6 (traci, fast mode)
  [ACTION PPO] R1C1_C: a0=21% (75) a1=5% (19) a2=30% (108) a3=44% (158)
[INFO] Episode duration: 900s (15 min)

[DEBUG] 🎯 Célzott Forgalom Generálása (R1C1_C) | Period: 7.1697
Found 6 valid OD pairs for R1C1_C
Generating focused traffic: Period 7.1697s
[INFO] Subscriptions active: 6 (traci, fast mode)
  [ACTION PPO] R1C1_C: a0=20% (72) a1=7% (25) a2=28% (101) a3=45% (162)
[INFO] Episode duration: 900s (15 min)

[DEBUG] 🎯 Célzott Forgalom Generálása (R1C1_C) | Period: 6.6972
Found 6 valid OD pairs for R1C1_C
Generating focused traffic: Period 6.6972s
[INFO] Subscriptions active: 6 (traci, fast mode)
  [ACTION PPO] R1C1_C: a0=22% (39) a1=5% (9) a2=29% (52) a3=44% (80)
[INFO] Episode duration: 1800s (30 min)

[DEBUG] 🎯 Célzott Forgalom Generálása (R1C1_C) | Period: 4.8674
Found 6 valid OD pairs for R1C1_C
Generating focused traffic: Period 4.8674s
[INFO] Subscriptions active: 6 (traci, fast mode)
  [ACTION PPO] R1C1_C: a0=22% (40) a1=6% (11) a2=28% (50) a3=44% (79)
[INFO] Episode duration: 3600s (60 min)

[DEBUG] 🎯 Célzott Forgalom Generálása (R1C1_C) | Period: 7.77
Found 6 valid OD pairs for R1C1_C
Generating focused traffic: Period 7.7700s
[INFO] Subscriptions active: 6 (traci, fast mode)
  [ACTION PPO] R1C1_C: a0=19% (67) a1=5% (17) a2=30% (107) a3=47% (169)
[INFO] Episode duration: 3600s (60 min)

[DEBUG] 🎯 Célzott Forgalom Generálása (R1C1_C) | Period: 5.3876
Found 6 valid OD pairs for R1C1_C
Generating focused traffic: Period 5.3876s
[INFO] Subscriptions active: 6 (traci, fast mode)
  [ACTION PPO] R1C1_C: a0=23% (164) a1=5% (34) a2=33% (235) a3=40% (287)
[INFO] Episode duration: 3600s (60 min)

[DEBUG] 🎯 Célzott Forgalom Generálása (R1C1_C) | Period: 7.5285
Found 6 valid OD pairs for R1C1_C
Generating focused traffic: Period 7.5285s
[INFO] Subscriptions active: 6 (traci, fast mode)
  [ACTION PPO] R1C1_C: a0=24% (171) a1=6% (45) a2=32% (233) a3=38% (271)
[INFO] Episode duration: 1800s (30 min)

[DEBUG] 🎯 Célzott Forgalom Generálása (R1C1_C) | Period: 7.8351
Found 6 valid OD pairs for R1C1_C
Generating focused traffic: Period 7.8351s
[INFO] Subscriptions active: 6 (traci, fast mode)
  [ACTION PPO] R1C1_C: a0=24% (174) a1=5% (36) a2=34% (246) a3=37% (264)
[INFO] Episode duration: 2700s (45 min)

[DEBUG] 🎯 Célzott Forgalom Generálása (R1C1_C) | Period: 4.791
Found 6 valid OD pairs for R1C1_C
Generating focused traffic: Period 4.7910s
[INFO] Subscriptions active: 6 (traci, fast mode)
  [ACTION PPO] R1C1_C: a0=22% (78) a1=6% (23) a2=37% (132) a3=35% (127)
[INFO] Episode duration: 3600s (60 min)

[DEBUG] 🎯 Célzott Forgalom Generálása (R1C1_C) | Period: 6.5503
Found 6 valid OD pairs for R1C1_C
Generating focused traffic: Period 6.5503s
[INFO] Subscriptions active: 6 (traci, fast mode)
  [ACTION PPO] R1C1_C: a0=28% (151) a1=5% (29) a2=37% (198) a3=30% (162)
[INFO] Episode duration: 900s (15 min)

[DEBUG] 🎯 Célzott Forgalom Generálása (R1C1_C) | Period: 6.3848
Found 6 valid OD pairs for R1C1_C
Generating focused traffic: Period 6.3848s
[INFO] Subscriptions active: 6 (traci, fast mode)
  [ACTION PPO] R1C1_C: a0=25% (183) a1=8% (54) a2=38% (276) a3=29% (207)
[INFO] Episode duration: 900s (15 min)

[DEBUG] 🎯 Célzott Forgalom Generálása (R1C1_C) | Period: 4.1139
Found 6 valid OD pairs for R1C1_C
Generating focused traffic: Period 4.1139s
[INFO] Subscriptions active: 6 (traci, fast mode)
  [ACTION PPO] R1C1_C: a0=24% (43) a1=5% (9) a2=43% (78) a3=28% (50)
[INFO] Episode duration: 2700s (45 min)

[DEBUG] 🎯 Célzott Forgalom Generálása (R1C1_C) | Period: 7.8724
Found 6 valid OD pairs for R1C1_C
Generating focused traffic: Period 7.8724s
[INFO] Subscriptions active: 6 (traci, fast mode)
  [ACTION PPO] R1C1_C: a0=23% (41) a1=9% (16) a2=36% (65) a3=32% (58)
[INFO] Episode duration: 3600s (60 min)

[DEBUG] 🎯 Célzott Forgalom Generálása (R1C1_C) | Period: 7.2212
Found 6 valid OD pairs for R1C1_C
Generating focused traffic: Period 7.2212s
[INFO] Subscriptions active: 6 (traci, fast mode)
  [ACTION PPO] R1C1_C: a0=26% (141) a1=5% (28) a2=41% (219) a3=28% (152)
[INFO] Episode duration: 3600s (60 min)

[DEBUG] 🎯 Célzott Forgalom Generálása (R1C1_C) | Period: 4.3925
Found 6 valid OD pairs for R1C1_C
Generating focused traffic: Period 4.3925s
[INFO] Subscriptions active: 6 (traci, fast mode)
  [ACTION PPO] R1C1_C: a0=29% (212) a1=6% (40) a2=35% (249) a3=30% (219)
[INFO] Episode duration: 2700s (45 min)

[DEBUG] 🎯 Célzott Forgalom Generálása (R1C1_C) | Period: 4.8496
Found 6 valid OD pairs for R1C1_C
Generating focused traffic: Period 4.8496s
[INFO] Subscriptions active: 6 (traci, fast mode)
  [ACTION PPO] R1C1_C: a0=35% (252) a1=6% (46) a2=31% (224) a3=28% (198)
[INFO] Episode duration: 900s (15 min)

[DEBUG] 🎯 Célzott Forgalom Generálása (R1C1_C) | Period: 7.145
Found 6 valid OD pairs for R1C1_C
Generating focused traffic: Period 7.1450s
[INFO] Subscriptions active: 6 (traci, fast mode)
  [ACTION PPO] R1C1_C: a0=33% (180) a1=4% (23) a2=36% (194) a3=26% (143)
[INFO] Episode duration: 1800s (30 min)

[DEBUG] 🎯 Célzott Forgalom Generálása (R1C1_C) | Period: 7.5966
Found 6 valid OD pairs for R1C1_C
Generating focused traffic: Period 7.5966s
[INFO] Subscriptions active: 6 (traci, fast mode)
  [ACTION PPO] R1C1_C: a0=26% (47) a1=5% (9) a2=42% (76) a3=27% (48)
[INFO] Episode duration: 3600s (60 min)

[DEBUG] 🎯 Célzott Forgalom Generálása (R1C1_C) | Period: 4.5904
Found 6 valid OD pairs for R1C1_C
Generating focused traffic: Period 4.5904s
[INFO] Subscriptions active: 6 (traci, fast mode)
  [ACTION PPO] R1C1_C: a0=28% (101) a1=7% (25) a2=41% (148) a3=24% (86)
[INFO] Episode duration: 900s (15 min)

[DEBUG] 🎯 Célzott Forgalom Generálása (R1C1_C) | Period: 7.1462
Found 6 valid OD pairs for R1C1_C
Generating focused traffic: Period 7.1462s
[INFO] Subscriptions active: 6 (traci, fast mode)
  [ACTION PPO] R1C1_C: a0=29% (212) a1=4% (28) a2=41% (292) a3=26% (188)
[INFO] Episode duration: 1800s (30 min)

[DEBUG] 🎯 Célzott Forgalom Generálása (R1C1_C) | Period: 7.0134
Found 6 valid OD pairs for R1C1_C
Generating focused traffic: Period 7.0134s
[INFO] Subscriptions active: 6 (traci, fast mode)
  [ACTION PPO] R1C1_C: a0=31% (56) a1=3% (6) a2=41% (73) a3=25% (45)
[INFO] Episode duration: 2700s (45 min)

[DEBUG] 🎯 Célzott Forgalom Generálása (R1C1_C) | Period: 7.9824
Found 6 valid OD pairs for R1C1_C
Generating focused traffic: Period 7.9824s
[INFO] Subscriptions active: 6 (traci, fast mode)
  [ACTION PPO] R1C1_C: a0=31% (113) a1=4% (14) a2=39% (139) a3=26% (94)
-----------------------------------------
| rollout/                |             |
|    ep_len_mean          | 464         |
|    ep_rew_mean          | 59.5        |
| time/                   |             |
|    fps                  | 95          |
|    iterations           | 20          |
|    time_elapsed         | 430         |
|    total_timesteps      | 40960       |
| train/                  |             |
|    approx_kl            | 0.010111654 |
|    clip_fraction        | 0.0155      |
|    clip_range           | 0.2         |
|    entropy_loss         | -1.18       |
|    explained_variance   | -0.00378    |
|    learning_rate        | 0.0001      |
|    loss                 | 0.982       |
|    n_updates            | 190         |
|    policy_gradient_loss | -0.00318    |
|    value_loss           | 1.76        |
-----------------------------------------
[INFO] Episode duration: 3600s (60 min)

[DEBUG] 🎯 Célzott Forgalom Generálása (R1C1_C) | Period: 4.255
Found 6 valid OD pairs for R1C1_C
Generating focused traffic: Period 4.2550s
[INFO] Subscriptions active: 6 (traci, fast mode)
  [ACTION PPO] R1C1_C: a0=25% (133) a1=6% (32) a2=44% (236) a3=26% (139)
[INFO] Episode duration: 2700s (45 min)

[DEBUG] 🎯 Célzott Forgalom Generálása (R1C1_C) | Period: 4.6784
Found 6 valid OD pairs for R1C1_C
Generating focused traffic: Period 4.6784s
[INFO] Subscriptions active: 6 (traci, fast mode)
  [ACTION PPO] R1C1_C: a0=27% (197) a1=3% (24) a2=44% (314) a3=26% (185)
[INFO] Episode duration: 3600s (60 min)

[DEBUG] 🎯 Célzott Forgalom Generálása (R1C1_C) | Period: 4.5105
Found 6 valid OD pairs for R1C1_C
Generating focused traffic: Period 4.5105s
[INFO] Subscriptions active: 6 (traci, fast mode)
  [ACTION PPO] R1C1_C: a0=30% (164) a1=4% (21) a2=41% (223) a3=24% (132)
[INFO] Episode duration: 900s (15 min)

[DEBUG] 🎯 Célzott Forgalom Generálása (R1C1_C) | Period: 5.7654
Found 6 valid OD pairs for R1C1_C
Generating focused traffic: Period 5.7654s
[INFO] Subscriptions active: 6 (traci, fast mode)
  [ACTION PPO] R1C1_C: a0=28% (199) a1=4% (26) a2=42% (304) a3=27% (191)
[INFO] Episode duration: 3600s (60 min)

[DEBUG] 🎯 Célzott Forgalom Generálása (R1C1_C) | Period: 6.3012
Found 6 valid OD pairs for R1C1_C
Generating focused traffic: Period 6.3012s
[INFO] Subscriptions active: 6 (traci, fast mode)
  [ACTION PPO] R1C1_C: a0=24% (44) a1=6% (10) a2=47% (84) a3=23% (42)
[INFO] Episode duration: 1800s (30 min)

[DEBUG] 🎯 Célzott Forgalom Generálása (R1C1_C) | Period: 4.3119
Found 6 valid OD pairs for R1C1_C
Generating focused traffic: Period 4.3119s
[INFO] Subscriptions active: 6 (traci, fast mode)
  [ACTION PPO] R1C1_C: a0=28% (204) a1=6% (41) a2=39% (278) a3=27% (197)
[INFO] Episode duration: 3600s (60 min)

[DEBUG] 🎯 Célzott Forgalom Generálása (R1C1_C) | Period: 6.2998
Found 6 valid OD pairs for R1C1_C
Generating focused traffic: Period 6.2998s
[INFO] Subscriptions active: 6 (traci, fast mode)
  [ACTION PPO] R1C1_C: a0=27% (97) a1=4% (16) a2=44% (160) a3=24% (87)
[INFO] Episode duration: 900s (15 min)

[DEBUG] 🎯 Célzott Forgalom Generálása (R1C1_C) | Period: 4.5234
Found 6 valid OD pairs for R1C1_C
Generating focused traffic: Period 4.5234s
[INFO] Subscriptions active: 6 (traci, fast mode)
  [ACTION PPO] R1C1_C: a0=27% (195) a1=5% (38) a2=42% (301) a3=26% (186)
[INFO] Episode duration: 1800s (30 min)

[DEBUG] 🎯 Célzott Forgalom Generálása (R1C1_C) | Period: 4.8211
Found 6 valid OD pairs for R1C1_C
Generating focused traffic: Period 4.8211s
[INFO] Subscriptions active: 6 (traci, fast mode)
  [ACTION PPO] R1C1_C: a0=30% (54) a1=4% (8) a2=32% (57) a3=34% (61)
[INFO] Episode duration: 1800s (30 min)

[DEBUG] 🎯 Célzott Forgalom Generálása (R1C1_C) | Period: 5.9351
Found 6 valid OD pairs for R1C1_C
Generating focused traffic: Period 5.9351s
[INFO] Subscriptions active: 6 (traci, fast mode)
  [ACTION PPO] R1C1_C: a0=29% (103) a1=7% (26) a2=37% (132) a3=28% (99)
[INFO] Episode duration: 1800s (30 min)

[DEBUG] 🎯 Célzott Forgalom Generálása (R1C1_C) | Period: 5.3429
Found 6 valid OD pairs for R1C1_C
Generating focused traffic: Period 5.3429s
[INFO] Subscriptions active: 6 (traci, fast mode)
  [ACTION PPO] R1C1_C: a0=26% (95) a1=7% (26) a2=34% (124) a3=32% (115)
[INFO] Episode duration: 1800s (30 min)

[DEBUG] 🎯 Célzott Forgalom Generálása (R1C1_C) | Period: 5.1435
Found 6 valid OD pairs for R1C1_C
Generating focused traffic: Period 5.1435s
[INFO] Subscriptions active: 6 (traci, fast mode)
  [ACTION PPO] R1C1_C: a0=31% (112) a1=4% (13) a2=32% (115) a3=33% (120)
[INFO] Episode duration: 1800s (30 min)

[DEBUG] 🎯 Célzott Forgalom Generálása (R1C1_C) | Period: 6.1755
Found 6 valid OD pairs for R1C1_C
Generating focused traffic: Period 6.1755s
[INFO] Subscriptions active: 6 (traci, fast mode)
  [ACTION PPO] R1C1_C: a0=32% (116) a1=4% (16) a2=36% (129) a3=28% (99)
[INFO] Episode duration: 3600s (60 min)

[DEBUG] 🎯 Célzott Forgalom Generálása (R1C1_C) | Period: 6.2747
Found 6 valid OD pairs for R1C1_C
Generating focused traffic: Period 6.2747s
[INFO] Subscriptions active: 6 (traci, fast mode)
  [ACTION PPO] R1C1_C: a0=31% (111) a1=4% (16) a2=40% (144) a3=25% (89)
[INFO] Episode duration: 3600s (60 min)

[DEBUG] 🎯 Célzott Forgalom Generálása (R1C1_C) | Period: 5.7431
Found 6 valid OD pairs for R1C1_C
Generating focused traffic: Period 5.7431s
[INFO] Subscriptions active: 6 (traci, fast mode)
  [ACTION PPO] R1C1_C: a0=32% (231) a1=4% (28) a2=39% (283) a3=25% (178)
[INFO] Episode duration: 3600s (60 min)

[DEBUG] 🎯 Célzott Forgalom Generálása (R1C1_C) | Period: 5.6548
Found 6 valid OD pairs for R1C1_C
Generating focused traffic: Period 5.6548s
[INFO] Subscriptions active: 6 (traci, fast mode)
  [ACTION PPO] R1C1_C: a0=34% (245) a1=4% (28) a2=38% (270) a3=25% (177)
[INFO] Episode duration: 1800s (30 min)

[DEBUG] 🎯 Célzott Forgalom Generálása (R1C1_C) | Period: 7.1145
Found 6 valid OD pairs for R1C1_C
Generating focused traffic: Period 7.1145s
[INFO] Subscriptions active: 6 (traci, fast mode)
  [ACTION PPO] R1C1_C: a0=33% (235) a1=4% (32) a2=38% (273) a3=25% (180)
[INFO] Episode duration: 3600s (60 min)

[DEBUG] 🎯 Célzott Forgalom Generálása (R1C1_C) | Period: 4.1985
Found 6 valid OD pairs for R1C1_C
Generating focused traffic: Period 4.1985s
[INFO] Subscriptions active: 6 (traci, fast mode)
  [ACTION PPO] R1C1_C: a0=31% (110) a1=5% (18) a2=45% (162) a3=19% (70)
[INFO] Episode duration: 900s (15 min)

[DEBUG] 🎯 Célzott Forgalom Generálása (R1C1_C) | Period: 7.7848
Found 6 valid OD pairs for R1C1_C
Generating focused traffic: Period 7.7848s
[INFO] Subscriptions active: 6 (traci, fast mode)
  [ACTION PPO] R1C1_C: a0=35% (251) a1=3% (24) a2=39% (278) a3=23% (167)
[INFO] Episode duration: 3600s (60 min)

[DEBUG] 🎯 Célzott Forgalom Generálása (R1C1_C) | Period: 5.6589
Found 6 valid OD pairs for R1C1_C
Generating focused traffic: Period 5.6589s
[INFO] Subscriptions active: 6 (traci, fast mode)
  [ACTION PPO] R1C1_C: a0=33% (60) a1=6% (11) a2=44% (80) a3=16% (29)
[INFO] Episode duration: 900s (15 min)

[DEBUG] 🎯 Célzott Forgalom Generálása (R1C1_C) | Period: 5.4422
Found 6 valid OD pairs for R1C1_C
Generating focused traffic: Period 5.4422s
[INFO] Subscriptions active: 6 (traci, fast mode)
  [ACTION PPO] R1C1_C: a0=37% (263) a1=4% (28) a2=37% (263) a3=23% (166)
[INFO] Episode duration: 900s (15 min)

[DEBUG] 🎯 Célzott Forgalom Generálása (R1C1_C) | Period: 6.079
Found 6 valid OD pairs for R1C1_C
Generating focused traffic: Period 6.0790s
[INFO] Subscriptions active: 6 (traci, fast mode)
  [ACTION PPO] R1C1_C: a0=34% (62) a1=3% (6) a2=42% (76) a3=20% (36)
[INFO] Episode duration: 3600s (60 min)

[DEBUG] 🎯 Célzott Forgalom Generálása (R1C1_C) | Period: 5.7822
Found 6 valid OD pairs for R1C1_C
Generating focused traffic: Period 5.7822s
[INFO] Subscriptions active: 6 (traci, fast mode)
  [ACTION PPO] R1C1_C: a0=39% (70) a1=2% (4) a2=38% (69) a3=21% (37)
[INFO] Episode duration: 2700s (45 min)

[DEBUG] 🎯 Célzott Forgalom Generálása (R1C1_C) | Period: 4.9853
Found 6 valid OD pairs for R1C1_C
Generating focused traffic: Period 4.9853s
[INFO] Subscriptions active: 6 (traci, fast mode)
  [ACTION PPO] R1C1_C: a0=39% (282) a1=3% (24) a2=36% (258) a3=22% (156)
[INFO] Episode duration: 900s (15 min)

[DEBUG] 🎯 Célzott Forgalom Generálása (R1C1_C) | Period: 7.0459
Found 6 valid OD pairs for R1C1_C
Generating focused traffic: Period 7.0459s
[INFO] Subscriptions active: 6 (traci, fast mode)
  [ACTION PPO] R1C1_C: a0=39% (211) a1=3% (18) a2=34% (183) a3=24% (128)
[INFO] Episode duration: 1800s (30 min)

[DEBUG] 🎯 Célzott Forgalom Generálása (R1C1_C) | Period: 7.8899
Found 6 valid OD pairs for R1C1_C
Generating focused traffic: Period 7.8899s
[INFO] Subscriptions active: 6 (traci, fast mode)
  [ACTION PPO] R1C1_C: a0=37% (67) a1=4% (8) a2=33% (59) a3=26% (46)
[INFO] Episode duration: 1800s (30 min)

[DEBUG] 🎯 Célzott Forgalom Generálása (R1C1_C) | Period: 6.1065
Found 6 valid OD pairs for R1C1_C
Generating focused traffic: Period 6.1065s
[INFO] Subscriptions active: 6 (traci, fast mode)
  [ACTION PPO] R1C1_C: a0=37% (134) a1=4% (13) a2=37% (133) a3=22% (80)
[INFO] Episode duration: 900s (15 min)

[DEBUG] 🎯 Célzott Forgalom Generálása (R1C1_C) | Period: 7.8314
Found 6 valid OD pairs for R1C1_C
Generating focused traffic: Period 7.8314s
[INFO] Subscriptions active: 6 (traci, fast mode)
  [ACTION PPO] R1C1_C: a0=37% (132) a1=2% (9) a2=36% (128) a3=25% (91)
[INFO] Episode duration: 2700s (45 min)

[DEBUG] 🎯 Célzott Forgalom Generálása (R1C1_C) | Period: 4.8614
Found 6 valid OD pairs for R1C1_C
Generating focused traffic: Period 4.8614s
[INFO] Subscriptions active: 6 (traci, fast mode)
  [ACTION PPO] R1C1_C: a0=31% (56) a1=3% (5) a2=38% (68) a3=28% (51)
[INFO] Episode duration: 900s (15 min)

[DEBUG] 🎯 Célzott Forgalom Generálása (R1C1_C) | Period: 5.3193
Found 6 valid OD pairs for R1C1_C
Generating focused traffic: Period 5.3193s
[INFO] Subscriptions active: 6 (traci, fast mode)
  [ACTION PPO] R1C1_C: a0=35% (190) a1=2% (12) a2=36% (194) a3=27% (144)
[INFO] Episode duration: 2700s (45 min)

[DEBUG] 🎯 Célzott Forgalom Generálása (R1C1_C) | Period: 4.2078
Found 6 valid OD pairs for R1C1_C
Generating focused traffic: Period 4.2078s
[INFO] Subscriptions active: 6 (traci, fast mode)
  [ACTION PPO] R1C1_C: a0=37% (67) a1=3% (6) a2=33% (60) a3=26% (47)
[INFO] Episode duration: 1800s (30 min)

[DEBUG] 🎯 Célzott Forgalom Generálása (R1C1_C) | Period: 6.9731
Found 6 valid OD pairs for R1C1_C
Generating focused traffic: Period 6.9731s
[INFO] Subscriptions active: 6 (traci, fast mode)
  [ACTION PPO] R1C1_C: a0=40% (216) a1=2% (9) a2=36% (193) a3=23% (122)
[INFO] Episode duration: 900s (15 min)

[DEBUG] 🎯 Célzott Forgalom Generálása (R1C1_C) | Period: 5.9325
Found 6 valid OD pairs for R1C1_C
Generating focused traffic: Period 5.9325s
[INFO] Subscriptions active: 6 (traci, fast mode)
  [ACTION PPO] R1C1_C: a0=35% (127) a1=2% (9) a2=35% (125) a3=28% (99)
[INFO] Episode duration: 2700s (45 min)

[DEBUG] 🎯 Célzott Forgalom Generálása (R1C1_C) | Period: 6.4463
Found 6 valid OD pairs for R1C1_C
Generating focused traffic: Period 6.4463s
[INFO] Subscriptions active: 6 (traci, fast mode)
  [ACTION PPO] R1C1_C: a0=43% (77) a1=4% (7) a2=33% (60) a3=20% (36)
[INFO] Episode duration: 2700s (45 min)

[DEBUG] 🎯 Célzott Forgalom Generálása (R1C1_C) | Period: 6.9429
Found 6 valid OD pairs for R1C1_C
Generating focused traffic: Period 6.9429s
[INFO] Subscriptions active: 6 (traci, fast mode)
  [ACTION PPO] R1C1_C: a0=36% (196) a1=2% (10) a2=40% (218) a3=21% (116)
[INFO] Episode duration: 3600s (60 min)

[DEBUG] 🎯 Célzott Forgalom Generálása (R1C1_C) | Period: 7.1644
Found 6 valid OD pairs for R1C1_C
Generating focused traffic: Period 7.1644s
[INFO] Subscriptions active: 6 (traci, fast mode)
  [ACTION PPO] R1C1_C: a0=39% (209) a1=2% (12) a2=34% (184) a3=25% (135)
[INFO] Episode duration: 3600s (60 min)

[DEBUG] 🎯 Célzott Forgalom Generálása (R1C1_C) | Period: 7.4212
Found 6 valid OD pairs for R1C1_C
Generating focused traffic: Period 7.4212s
[INFO] Subscriptions active: 6 (traci, fast mode)
  [ACTION PPO] R1C1_C: a0=41% (297) a1=2% (13) a2=30% (219) a3=27% (191)
[INFO] Episode duration: 900s (15 min)

[DEBUG] 🎯 Célzott Forgalom Generálása (R1C1_C) | Period: 6.9248
Found 6 valid OD pairs for R1C1_C
Generating focused traffic: Period 6.9248s
[INFO] Subscriptions active: 6 (traci, fast mode)
  [ACTION PPO] R1C1_C: a0=42% (302) a1=2% (12) a2=27% (195) a3=29% (211)
[INFO] Episode duration: 900s (15 min)

[DEBUG] 🎯 Célzott Forgalom Generálása (R1C1_C) | Period: 4.3944
Found 6 valid OD pairs for R1C1_C
Generating focused traffic: Period 4.3944s
[INFO] Subscriptions active: 6 (traci, fast mode)
  [ACTION PPO] R1C1_C: a0=43% (78) a1=2% (3) a2=30% (54) a3=25% (45)
[INFO] Episode duration: 900s (15 min)

[DEBUG] 🎯 Célzott Forgalom Generálása (R1C1_C) | Period: 6.6314
Found 6 valid OD pairs for R1C1_C
Generating focused traffic: Period 6.6314s
[INFO] Subscriptions active: 6 (traci, fast mode)
  [ACTION PPO] R1C1_C: a0=44% (80) a1=2% (3) a2=26% (47) a3=28% (50)
[INFO] Episode duration: 900s (15 min)

[DEBUG] 🎯 Célzott Forgalom Generálása (R1C1_C) | Period: 4.9769
Found 6 valid OD pairs for R1C1_C
Generating focused traffic: Period 4.9769s
[INFO] Subscriptions active: 6 (traci, fast mode)
  [ACTION PPO] R1C1_C: a0=53% (95) a1=1% (1) a2=26% (47) a3=21% (37)
[INFO] Episode duration: 1800s (30 min)

[DEBUG] 🎯 Célzott Forgalom Generálása (R1C1_C) | Period: 5.982
Found 6 valid OD pairs for R1C1_C
Generating focused traffic: Period 5.9820s
[INFO] Subscriptions active: 6 (traci, fast mode)
  [ACTION PPO] R1C1_C: a0=44% (79) a1=3% (5) a2=28% (51) a3=25% (45)
[INFO] Episode duration: 1800s (30 min)

[DEBUG] 🎯 Célzott Forgalom Generálása (R1C1_C) | Period: 5.1073
Found 6 valid OD pairs for R1C1_C
Generating focused traffic: Period 5.1073s
[INFO] Subscriptions active: 6 (traci, fast mode)
  [ACTION PPO] R1C1_C: a0=45% (162) a1=1% (5) a2=29% (104) a3=25% (89)
[INFO] Episode duration: 900s (15 min)

[DEBUG] 🎯 Célzott Forgalom Generálása (R1C1_C) | Period: 7.609
Found 6 valid OD pairs for R1C1_C
Generating focused traffic: Period 7.6090s
[INFO] Subscriptions active: 6 (traci, fast mode)
  [ACTION PPO] R1C1_C: a0=41% (148) a1=2% (8) a2=28% (101) a3=29% (103)
[INFO] Episode duration: 900s (15 min)

[DEBUG] 🎯 Célzott Forgalom Generálása (R1C1_C) | Period: 4.7873
Found 6 valid OD pairs for R1C1_C
Generating focused traffic: Period 4.7873s
[INFO] Subscriptions active: 6 (traci, fast mode)
  [ACTION PPO] R1C1_C: a0=47% (84) a1=4% (7) a2=22% (40) a3=27% (49)
[INFO] Episode duration: 2700s (45 min)

[DEBUG] 🎯 Célzott Forgalom Generálása (R1C1_C) | Period: 4.1453
Found 6 valid OD pairs for R1C1_C
Generating focused traffic: Period 4.1453s
[INFO] Subscriptions active: 6 (traci, fast mode)
  [ACTION PPO] R1C1_C: a0=32% (58) a1=3% (5) a2=31% (56) a3=34% (61)
[INFO] Episode duration: 1800s (30 min)

[DEBUG] 🎯 Célzott Forgalom Generálása (R1C1_C) | Period: 4.9543
Found 6 valid OD pairs for R1C1_C
Generating focused traffic: Period 4.9543s
[INFO] Subscriptions active: 6 (traci, fast mode)
  [ACTION PPO] R1C1_C: a0=41% (219) a1=1% (8) a2=29% (159) a3=29% (154)
[INFO] Episode duration: 2700s (45 min)

[DEBUG] 🎯 Célzott Forgalom Generálása (R1C1_C) | Period: 4.6891
Found 6 valid OD pairs for R1C1_C
Generating focused traffic: Period 4.6891s
[INFO] Subscriptions active: 6 (traci, fast mode)
  [ACTION PPO] R1C1_C: a0=42% (150) a1=0% (1) a2=30% (107) a3=28% (102)
------------------------------------------
| rollout/                |              |
|    ep_len_mean          | 443          |
|    ep_rew_mean          | 61.6         |
| time/                   |              |
|    fps                  | 93           |
|    iterations           | 30           |
|    time_elapsed         | 654          |
|    total_timesteps      | 61440        |
| train/                  |              |
|    approx_kl            | 0.0024227202 |
|    clip_fraction        | 0.00825      |
|    clip_range           | 0.2          |
|    entropy_loss         | -1.03        |
|    explained_variance   | 0.0323       |
|    learning_rate        | 0.0001       |
|    loss                 | 4.2          |
|    n_updates            | 290          |
|    policy_gradient_loss | -0.00154     |
|    value_loss           | 3.68         |
------------------------------------------
[INFO] Episode duration: 3600s (60 min)

[DEBUG] 🎯 Célzott Forgalom Generálása (R1C1_C) | Period: 5.5211
Found 6 valid OD pairs for R1C1_C
Generating focused traffic: Period 5.5211s
[INFO] Subscriptions active: 6 (traci, fast mode)
  [ACTION PPO] R1C1_C: a0=41% (220) a1=2% (9) a2=30% (163) a3=27% (148)
[INFO] Episode duration: 2700s (45 min)

[DEBUG] 🎯 Célzott Forgalom Generálása (R1C1_C) | Period: 7.0101
Found 6 valid OD pairs for R1C1_C
Generating focused traffic: Period 7.0101s
[INFO] Subscriptions active: 6 (traci, fast mode)
  [ACTION PPO] R1C1_C: a0=39% (283) a1=1% (9) a2=30% (216) a3=29% (212)
[INFO] Episode duration: 2700s (45 min)

[DEBUG] 🎯 Célzott Forgalom Generálása (R1C1_C) | Period: 4.6878
Found 6 valid OD pairs for R1C1_C
Generating focused traffic: Period 4.6878s
[INFO] Subscriptions active: 6 (traci, fast mode)
  [ACTION PPO] R1C1_C: a0=41% (219) a1=1% (5) a2=25% (135) a3=34% (181)
[INFO] Episode duration: 2700s (45 min)

[DEBUG] 🎯 Célzott Forgalom Generálása (R1C1_C) | Period: 4.4228
Found 6 valid OD pairs for R1C1_C
Generating focused traffic: Period 4.4228s
[INFO] Subscriptions active: 6 (traci, fast mode)
  [ACTION PPO] R1C1_C: a0=43% (230) a1=1% (7) a2=27% (147) a3=29% (156)
[INFO] Episode duration: 1800s (30 min)

[DEBUG] 🎯 Célzott Forgalom Generálása (R1C1_C) | Period: 4.2394
Found 6 valid OD pairs for R1C1_C
Generating focused traffic: Period 4.2394s
[INFO] Subscriptions active: 6 (traci, fast mode)
  [ACTION PPO] R1C1_C: a0=48% (258) a1=1% (4) a2=25% (135) a3=26% (143)
[INFO] Episode duration: 3600s (60 min)

[DEBUG] 🎯 Célzott Forgalom Generálása (R1C1_C) | Period: 4.8719
Found 6 valid OD pairs for R1C1_C
Generating focused traffic: Period 4.8719s
[INFO] Subscriptions active: 6 (traci, fast mode)
  [ACTION PPO] R1C1_C: a0=39% (142) a1=1% (4) a2=32% (116) a3=27% (98)
[INFO] Episode duration: 1800s (30 min)

[DEBUG] 🎯 Célzott Forgalom Generálása (R1C1_C) | Period: 4.4867
Found 6 valid OD pairs for R1C1_C
Generating focused traffic: Period 4.4867s
[INFO] Subscriptions active: 6 (traci, fast mode)
  [ACTION PPO] R1C1_C: a0=43% (307) a1=2% (11) a2=31% (226) a3=24% (176)
[INFO] Episode duration: 1800s (30 min)

[DEBUG] 🎯 Célzott Forgalom Generálása (R1C1_C) | Period: 4.5843
Found 6 valid OD pairs for R1C1_C
Generating focused traffic: Period 4.5843s
[INFO] Subscriptions active: 6 (traci, fast mode)
  [ACTION PPO] R1C1_C: a0=43% (155) a1=1% (4) a2=34% (122) a3=22% (79)
[INFO] Episode duration: 3600s (60 min)

[DEBUG] 🎯 Célzott Forgalom Generálása (R1C1_C) | Period: 4.755
Found 6 valid OD pairs for R1C1_C
Generating focused traffic: Period 4.7550s
[INFO] Subscriptions active: 6 (traci, fast mode)
  [ACTION PPO] R1C1_C: a0=52% (187) a1=1% (2) a2=26% (94) a3=21% (77)
[INFO] Episode duration: 2700s (45 min)

[DEBUG] 🎯 Célzott Forgalom Generálása (R1C1_C) | Period: 6.0545
Found 6 valid OD pairs for R1C1_C
Generating focused traffic: Period 6.0545s
[INFO] Subscriptions active: 6 (traci, fast mode)
  [ACTION PPO] R1C1_C: a0=49% (355) a1=1% (8) a2=28% (203) a3=21% (154)
[INFO] Episode duration: 1800s (30 min)

[DEBUG] 🎯 Célzott Forgalom Generálása (R1C1_C) | Period: 6.7846
Found 6 valid OD pairs for R1C1_C
Generating focused traffic: Period 6.7846s
[INFO] Subscriptions active: 6 (traci, fast mode)
  [ACTION PPO] R1C1_C: a0=46% (249) a1=1% (7) a2=29% (155) a3=24% (129)
[INFO] Episode duration: 3600s (60 min)

[DEBUG] 🎯 Célzott Forgalom Generálása (R1C1_C) | Period: 6.6784
Found 6 valid OD pairs for R1C1_C
Generating focused traffic: Period 6.6784s
[INFO] Subscriptions active: 6 (traci, fast mode)
  [ACTION PPO] R1C1_C: a0=51% (183) a1=1% (4) a2=24% (88) a3=24% (85)
[INFO] Episode duration: 2700s (45 min)

[DEBUG] 🎯 Célzott Forgalom Generálása (R1C1_C) | Period: 4.2879
Found 6 valid OD pairs for R1C1_C
Generating focused traffic: Period 4.2879s
[INFO] Subscriptions active: 6 (traci, fast mode)
  [ACTION PPO] R1C1_C: a0=41% (292) a1=2% (15) a2=31% (220) a3=27% (193)
[INFO] Episode duration: 1800s (30 min)

[DEBUG] 🎯 Célzott Forgalom Generálása (R1C1_C) | Period: 7.6535
Found 6 valid OD pairs for R1C1_C
Generating focused traffic: Period 7.6535s
[INFO] Subscriptions active: 6 (traci, fast mode)
  [ACTION PPO] R1C1_C: a0=42% (225) a1=1% (7) a2=29% (157) a3=28% (151)
[INFO] Episode duration: 2700s (45 min)

[DEBUG] 🎯 Célzott Forgalom Generálása (R1C1_C) | Period: 5.0947
Found 6 valid OD pairs for R1C1_C
Generating focused traffic: Period 5.0947s
[INFO] Subscriptions active: 6 (traci, fast mode)
  [ACTION PPO] R1C1_C: a0=44% (158) a1=2% (6) a2=31% (110) a3=24% (86)
[INFO] Episode duration: 2700s (45 min)

[DEBUG] 🎯 Célzott Forgalom Generálása (R1C1_C) | Period: 5.4853
Found 6 valid OD pairs for R1C1_C
Generating focused traffic: Period 5.4853s
[INFO] Subscriptions active: 6 (traci, fast mode)
  [ACTION PPO] R1C1_C: a0=45% (241) a1=1% (5) a2=31% (167) a3=24% (127)
[INFO] Episode duration: 3600s (60 min)

[DEBUG] 🎯 Célzott Forgalom Generálása (R1C1_C) | Period: 6.8071
Found 6 valid OD pairs for R1C1_C
Generating focused traffic: Period 6.8071s
[INFO] Subscriptions active: 6 (traci, fast mode)
  [ACTION PPO] R1C1_C: a0=40% (217) a1=1% (5) a2=30% (161) a3=29% (157)
[INFO] Episode duration: 3600s (60 min)

[DEBUG] 🎯 Célzott Forgalom Generálása (R1C1_C) | Period: 4.1973
Found 6 valid OD pairs for R1C1_C
Generating focused traffic: Period 4.1973s
[INFO] Subscriptions active: 6 (traci, fast mode)
  [ACTION PPO] R1C1_C: a0=43% (307) a1=2% (12) a2=28% (198) a3=28% (203)
[INFO] Episode duration: 3600s (60 min)

[DEBUG] 🎯 Célzott Forgalom Generálása (R1C1_C) | Period: 4.9068
Found 6 valid OD pairs for R1C1_C
Generating focused traffic: Period 4.9068s
[INFO] Subscriptions active: 6 (traci, fast mode)
  [ACTION PPO] R1C1_C: a0=41% (298) a1=2% (15) a2=30% (216) a3=27% (191)
[INFO] Episode duration: 2700s (45 min)

[DEBUG] 🎯 Célzott Forgalom Generálása (R1C1_C) | Period: 7.1167
Found 6 valid OD pairs for R1C1_C
Generating focused traffic: Period 7.1167s
[INFO] Subscriptions active: 6 (traci, fast mode)
  [ACTION PPO] R1C1_C: a0=42% (301) a1=2% (11) a2=24% (176) a3=32% (232)
[INFO] Episode duration: 1800s (30 min)

[DEBUG] 🎯 Célzott Forgalom Generálása (R1C1_C) | Period: 4.5512
Found 6 valid OD pairs for R1C1_C
Generating focused traffic: Period 4.5512s
[INFO] Subscriptions active: 6 (traci, fast mode)
  [ACTION PPO] R1C1_C: a0=41% (223) a1=1% (8) a2=27% (144) a3=31% (165)
[INFO] Episode duration: 2700s (45 min)

[DEBUG] 🎯 Célzott Forgalom Generálása (R1C1_C) | Period: 5.4246
Found 6 valid OD pairs for R1C1_C
Generating focused traffic: Period 5.4246s
[INFO] Subscriptions active: 6 (traci, fast mode)
  [ACTION PPO] R1C1_C: a0=39% (141) a1=1% (5) a2=24% (86) a3=36% (128)
[INFO] Episode duration: 2700s (45 min)

[DEBUG] 🎯 Célzott Forgalom Generálása (R1C1_C) | Period: 6.6928
Found 6 valid OD pairs for R1C1_C
Generating focused traffic: Period 6.6928s
[INFO] Subscriptions active: 6 (traci, fast mode)
  [ACTION PPO] R1C1_C: a0=39% (212) a1=1% (7) a2=27% (147) a3=32% (174)
[INFO] Episode duration: 3600s (60 min)

[DEBUG] 🎯 Célzott Forgalom Generálása (R1C1_C) | Period: 6.236
Found 6 valid OD pairs for R1C1_C
Generating focused traffic: Period 6.2360s
[INFO] Subscriptions active: 6 (traci, fast mode)
  [ACTION PPO] R1C1_C: a0=37% (200) a1=2% (10) a2=33% (178) a3=28% (152)
[INFO] Episode duration: 900s (15 min)

[DEBUG] 🎯 Célzott Forgalom Generálása (R1C1_C) | Period: 6.9304
Found 6 valid OD pairs for R1C1_C
Generating focused traffic: Period 6.9304s
[INFO] Subscriptions active: 6 (traci, fast mode)
  [ACTION PPO] R1C1_C: a0=41% (296) a1=1% (8) a2=30% (217) a3=28% (199)
[INFO] Episode duration: 900s (15 min)

[DEBUG] 🎯 Célzott Forgalom Generálása (R1C1_C) | Period: 5.4635
Found 6 valid OD pairs for R1C1_C
Generating focused traffic: Period 5.4635s
[INFO] Subscriptions active: 6 (traci, fast mode)
  [ACTION PPO] R1C1_C: a0=36% (65) a1=2% (3) a2=34% (61) a3=28% (51)
[INFO] Episode duration: 1800s (30 min)

[DEBUG] 🎯 Célzott Forgalom Generálása (R1C1_C) | Period: 4.9458
Found 6 valid OD pairs for R1C1_C
Generating focused traffic: Period 4.9458s
[INFO] Subscriptions active: 6 (traci, fast mode)
  [ACTION PPO] R1C1_C: a0=40% (72) a1=1% (2) a2=29% (53) a3=29% (53)
[INFO] Episode duration: 1800s (30 min)

[DEBUG] 🎯 Célzott Forgalom Generálása (R1C1_C) | Period: 4.4568
Found 6 valid OD pairs for R1C1_C
Generating focused traffic: Period 4.4568s
[INFO] Subscriptions active: 6 (traci, fast mode)
  [ACTION PPO] R1C1_C: a0=37% (134) a1=1% (3) a2=30% (109) a3=32% (114)
[INFO] Episode duration: 900s (15 min)

[DEBUG] 🎯 Célzott Forgalom Generálása (R1C1_C) | Period: 4.405
Found 6 valid OD pairs for R1C1_C
Generating focused traffic: Period 4.4050s
[INFO] Subscriptions active: 6 (traci, fast mode)
  [ACTION PPO] R1C1_C: a0=40% (143) a1=1% (5) a2=32% (114) a3=27% (98)
[INFO] Episode duration: 900s (15 min)

[DEBUG] 🎯 Célzott Forgalom Generálása (R1C1_C) | Period: 4.4732
Found 6 valid OD pairs for R1C1_C
Generating focused traffic: Period 4.4732s
[INFO] Subscriptions active: 6 (traci, fast mode)
  [ACTION PPO] R1C1_C: a0=43% (77) a1=1% (1) a2=27% (48) a3=30% (54)
[INFO] Episode duration: 1800s (30 min)

[DEBUG] 🎯 Célzott Forgalom Generálása (R1C1_C) | Period: 4.8708
Found 6 valid OD pairs for R1C1_C
Generating focused traffic: Period 4.8708s
[INFO] Subscriptions active: 6 (traci, fast mode)
  [ACTION PPO] R1C1_C: a0=39% (70) a1=1% (1) a2=31% (56) a3=29% (53)
[INFO] Episode duration: 1800s (30 min)

[DEBUG] 🎯 Célzott Forgalom Generálása (R1C1_C) | Period: 5.329
Found 6 valid OD pairs for R1C1_C
Generating focused traffic: Period 5.3290s
[INFO] Subscriptions active: 6 (traci, fast mode)
  [ACTION PPO] R1C1_C: a0=35% (126) a1=2% (8) a2=32% (117) a3=30% (109)
[INFO] Episode duration: 3600s (60 min)

[DEBUG] 🎯 Célzott Forgalom Generálása (R1C1_C) | Period: 5.5492
Found 6 valid OD pairs for R1C1_C
Generating focused traffic: Period 5.5492s
[INFO] Subscriptions active: 6 (traci, fast mode)
  [ACTION PPO] R1C1_C: a0=38% (136) a1=1% (3) a2=30% (109) a3=31% (112)
[INFO] Episode duration: 900s (15 min)

[DEBUG] 🎯 Célzott Forgalom Generálása (R1C1_C) | Period: 7.373
Found 6 valid OD pairs for R1C1_C
Generating focused traffic: Period 7.3730s
[INFO] Subscriptions active: 6 (traci, fast mode)
  [ACTION PPO] R1C1_C: a0=34% (242) a1=1% (10) a2=34% (243) a3=31% (225)
[INFO] Episode duration: 2700s (45 min)

[DEBUG] 🎯 Célzott Forgalom Generálása (R1C1_C) | Period: 5.4193
Found 6 valid OD pairs for R1C1_C
Generating focused traffic: Period 5.4193s
[INFO] Subscriptions active: 6 (traci, fast mode)
  [ACTION PPO] R1C1_C: a0=43% (77) a1=2% (3) a2=35% (63) a3=21% (37)
[INFO] Episode duration: 1800s (30 min)

[DEBUG] 🎯 Célzott Forgalom Generálása (R1C1_C) | Period: 7.3643
Found 6 valid OD pairs for R1C1_C
Generating focused traffic: Period 7.3643s
[INFO] Subscriptions active: 6 (traci, fast mode)
  [ACTION PPO] R1C1_C: a0=33% (178) a1=1% (7) a2=42% (226) a3=24% (129)
[INFO] Episode duration: 3600s (60 min)

[DEBUG] 🎯 Célzott Forgalom Generálása (R1C1_C) | Period: 6.7065
Found 6 valid OD pairs for R1C1_C
Generating focused traffic: Period 6.7065s
[INFO] Subscriptions active: 6 (traci, fast mode)
  [ACTION PPO] R1C1_C: a0=37% (133) a1=0% (1) a2=38% (136) a3=25% (90)
[INFO] Episode duration: 900s (15 min)

[DEBUG] 🎯 Célzott Forgalom Generálása (R1C1_C) | Period: 4.6686
Found 6 valid OD pairs for R1C1_C
Generating focused traffic: Period 4.6686s
[INFO] Subscriptions active: 6 (traci, fast mode)
  [ACTION PPO] R1C1_C: a0=35% (253) a1=2% (11) a2=38% (273) a3=25% (183)
[INFO] Episode duration: 2700s (45 min)

[DEBUG] 🎯 Célzott Forgalom Generálása (R1C1_C) | Period: 7.5607
Found 6 valid OD pairs for R1C1_C
Generating focused traffic: Period 7.5607s
[INFO] Subscriptions active: 6 (traci, fast mode)
  [ACTION PPO] R1C1_C: a0=32% (58) a1=1% (1) a2=39% (71) a3=28% (50)
[INFO] Episode duration: 1800s (30 min)

[DEBUG] 🎯 Célzott Forgalom Generálása (R1C1_C) | Period: 6.4329
Found 6 valid OD pairs for R1C1_C
Generating focused traffic: Period 6.4329s
[INFO] Subscriptions active: 6 (traci, fast mode)
  [ACTION PPO] R1C1_C: a0=37% (202) a1=1% (7) a2=38% (206) a3=23% (125)
[INFO] Episode duration: 3600s (60 min)

[DEBUG] 🎯 Célzott Forgalom Generálása (R1C1_C) | Period: 6.2174
Found 6 valid OD pairs for R1C1_C
Generating focused traffic: Period 6.2174s
[INFO] Subscriptions active: 6 (traci, fast mode)
  [ACTION PPO] R1C1_C: a0=34% (122) a1=2% (6) a2=39% (142) a3=25% (90)
[INFO] Episode duration: 1800s (30 min)

[DEBUG] 🎯 Célzott Forgalom Generálása (R1C1_C) | Period: 4.5511
Found 6 valid OD pairs for R1C1_C
Generating focused traffic: Period 4.5511s
[INFO] Subscriptions active: 6 (traci, fast mode)
  [ACTION PPO] R1C1_C: a0=39% (278) a1=1% (6) a2=33% (237) a3=28% (199)
[INFO] Episode duration: 2700s (45 min)

[DEBUG] 🎯 Célzott Forgalom Generálása (R1C1_C) | Period: 4.2726
Found 6 valid OD pairs for R1C1_C
Generating focused traffic: Period 4.2726s
[INFO] Subscriptions active: 6 (traci, fast mode)
  [ACTION PPO] R1C1_C: a0=35% (126) a1=1% (5) a2=35% (127) a3=28% (102)
------------------------------------------
| rollout/                |              |
|    ep_len_mean          | 454          |
|    ep_rew_mean          | 65           |
| time/                   |              |
|    fps                  | 93           |
|    iterations           | 40           |
|    time_elapsed         | 877          |
|    total_timesteps      | 81920        |
| train/                  |              |
|    approx_kl            | 0.0029127914 |
|    clip_fraction        | 0.0236       |
|    clip_range           | 0.2          |
|    entropy_loss         | -1.02        |
|    explained_variance   | -0.0115      |
|    learning_rate        | 0.0001       |
|    loss                 | 0.793        |
|    n_updates            | 390          |
|    policy_gradient_loss | -0.00267     |
|    value_loss           | 3.28         |
------------------------------------------
[INFO] Episode duration: 1800s (30 min)

[DEBUG] 🎯 Célzott Forgalom Generálása (R1C1_C) | Period: 5.1461
Found 6 valid OD pairs for R1C1_C
Generating focused traffic: Period 5.1461s
[INFO] Subscriptions active: 6 (traci, fast mode)
  [ACTION PPO] R1C1_C: a0=41% (220) a1=1% (4) a2=36% (192) a3=23% (124)
[INFO] Episode duration: 1800s (30 min)

[DEBUG] 🎯 Célzott Forgalom Generálása (R1C1_C) | Period: 4.5126
Found 6 valid OD pairs for R1C1_C
Generating focused traffic: Period 4.5126s
[INFO] Subscriptions active: 6 (traci, fast mode)
  [ACTION PPO] R1C1_C: a0=36% (131) a1=0% (1) a2=36% (128) a3=28% (100)
[INFO] Episode duration: 2700s (45 min)

[DEBUG] 🎯 Célzott Forgalom Generálása (R1C1_C) | Period: 4.5826
Found 6 valid OD pairs for R1C1_C
Generating focused traffic: Period 4.5826s
[INFO] Subscriptions active: 6 (traci, fast mode)
  [ACTION PPO] R1C1_C: a0=43% (154) a1=1% (2) a2=29% (106) a3=27% (98)
[INFO] Episode duration: 900s (15 min)

[DEBUG] 🎯 Célzott Forgalom Generálása (R1C1_C) | Period: 4.5107
Found 6 valid OD pairs for R1C1_C
Generating focused traffic: Period 4.5107s
[INFO] Subscriptions active: 6 (traci, fast mode)
  [ACTION PPO] R1C1_C: a0=36% (195) a1=1% (8) a2=37% (199) a3=26% (138)
[INFO] Episode duration: 900s (15 min)

[DEBUG] 🎯 Célzott Forgalom Generálása (R1C1_C) | Period: 5.3865
Found 6 valid OD pairs for R1C1_C
Generating focused traffic: Period 5.3865s
[INFO] Subscriptions active: 6 (traci, fast mode)
  [ACTION PPO] R1C1_C: a0=44% (79) a2=33% (59) a3=23% (42)
[INFO] Episode duration: 3600s (60 min)

[DEBUG] 🎯 Célzott Forgalom Generálása (R1C1_C) | Period: 6.0925
Found 6 valid OD pairs for R1C1_C
Generating focused traffic: Period 6.0925s
[INFO] Subscriptions active: 6 (traci, fast mode)
  [ACTION PPO] R1C1_C: a0=33% (59) a1=2% (3) a2=41% (74) a3=24% (44)
[INFO] Episode duration: 3600s (60 min)

[DEBUG] 🎯 Célzott Forgalom Generálása (R1C1_C) | Period: 7.1374
Found 6 valid OD pairs for R1C1_C
Generating focused traffic: Period 7.1374s
[INFO] Subscriptions active: 6 (traci, fast mode)
  [ACTION PPO] R1C1_C: a0=34% (246) a1=1% (6) a2=42% (302) a3=23% (166)
[INFO] Episode duration: 3600s (60 min)

[DEBUG] 🎯 Célzott Forgalom Generálása (R1C1_C) | Period: 4.5914
Found 6 valid OD pairs for R1C1_C
Generating focused traffic: Period 4.5914s
[INFO] Subscriptions active: 6 (traci, fast mode)
  [ACTION PPO] R1C1_C: a0=38% (277) a1=1% (7) a2=36% (262) a3=24% (174)
[INFO] Episode duration: 3600s (60 min)

[DEBUG] 🎯 Célzott Forgalom Generálása (R1C1_C) | Period: 6.2027
Found 6 valid OD pairs for R1C1_C
Generating focused traffic: Period 6.2027s
[INFO] Subscriptions active: 6 (traci, fast mode)
  [ACTION PPO] R1C1_C: a0=36% (258) a1=1% (10) a2=42% (300) a3=21% (152)
[INFO] Episode duration: 3600s (60 min)

[DEBUG] 🎯 Célzott Forgalom Generálása (R1C1_C) | Period: 5.26
Found 6 valid OD pairs for R1C1_C
Generating focused traffic: Period 5.2600s
[INFO] Subscriptions active: 6 (traci, fast mode)
  [ACTION PPO] R1C1_C: a0=40% (288) a1=1% (5) a2=34% (245) a3=25% (182)
[INFO] Episode duration: 2700s (45 min)

[DEBUG] 🎯 Célzott Forgalom Generálása (R1C1_C) | Period: 7.7316
Found 6 valid OD pairs for R1C1_C
Generating focused traffic: Period 7.7316s
[INFO] Subscriptions active: 6 (traci, fast mode)
  [ACTION PPO] R1C1_C: a0=36% (261) a1=1% (4) a2=36% (258) a3=27% (197)
[INFO] Episode duration: 900s (15 min)

[DEBUG] 🎯 Célzott Forgalom Generálása (R1C1_C) | Period: 6.4537
Found 6 valid OD pairs for R1C1_C
Generating focused traffic: Period 6.4537s
[INFO] Subscriptions active: 6 (traci, fast mode)
  [ACTION PPO] R1C1_C: a0=37% (199) a1=1% (8) a2=36% (196) a3=25% (137)
[INFO] Episode duration: 1800s (30 min)

[DEBUG] 🎯 Célzott Forgalom Generálása (R1C1_C) | Period: 6.4287
Found 6 valid OD pairs for R1C1_C
Generating focused traffic: Period 6.4287s
[INFO] Subscriptions active: 6 (traci, fast mode)
  [ACTION PPO] R1C1_C: a0=34% (62) a1=2% (4) a2=28% (50) a3=36% (64)
[INFO] Episode duration: 900s (15 min)

[DEBUG] 🎯 Célzott Forgalom Generálása (R1C1_C) | Period: 6.3908
Found 6 valid OD pairs for R1C1_C
Generating focused traffic: Period 6.3908s
[INFO] Subscriptions active: 6 (traci, fast mode)
  [ACTION PPO] R1C1_C: a0=35% (125) a1=1% (2) a2=35% (126) a3=30% (107)
[INFO] Episode duration: 3600s (60 min)

[DEBUG] 🎯 Célzott Forgalom Generálása (R1C1_C) | Period: 4.0629
Found 6 valid OD pairs for R1C1_C
Generating focused traffic: Period 4.0629s
[INFO] Subscriptions active: 6 (traci, fast mode)
  [ACTION PPO] R1C1_C: a0=33% (60) a1=1% (2) a2=37% (67) a3=28% (51)
[INFO] Episode duration: 900s (15 min)

[DEBUG] 🎯 Célzott Forgalom Generálása (R1C1_C) | Period: 6.1098
Found 6 valid OD pairs for R1C1_C
Generating focused traffic: Period 6.1098s
[INFO] Subscriptions active: 6 (traci, fast mode)
  [ACTION PPO] R1C1_C: a0=35% (253) a1=1% (8) a2=37% (265) a3=27% (194)
[INFO] Episode duration: 1800s (30 min)

[DEBUG] 🎯 Célzott Forgalom Generálása (R1C1_C) | Period: 4.0764
Found 6 valid OD pairs for R1C1_C
Generating focused traffic: Period 4.0764s
[INFO] Subscriptions active: 6 (traci, fast mode)
  [ACTION PPO] R1C1_C: a0=34% (62) a1=1% (1) a2=32% (58) a3=33% (59)
[INFO] Episode duration: 900s (15 min)

[DEBUG] 🎯 Célzott Forgalom Generálása (R1C1_C) | Period: 5.1657
Found 6 valid OD pairs for R1C1_C
Generating focused traffic: Period 5.1657s
[INFO] Subscriptions active: 6 (traci, fast mode)
  [ACTION PPO] R1C1_C: a0=37% (133) a1=2% (7) a2=33% (118) a3=28% (102)
[INFO] Episode duration: 900s (15 min)

[DEBUG] 🎯 Célzott Forgalom Generálása (R1C1_C) | Period: 4.2022
Found 6 valid OD pairs for R1C1_C
Generating focused traffic: Period 4.2022s
[INFO] Subscriptions active: 6 (traci, fast mode)
  [ACTION PPO] R1C1_C: a0=39% (71) a1=2% (4) a2=31% (55) a3=28% (50)
[INFO] Episode duration: 2700s (45 min)

[DEBUG] 🎯 Célzott Forgalom Generálása (R1C1_C) | Period: 5.6117
Found 6 valid OD pairs for R1C1_C
Generating focused traffic: Period 5.6117s
[INFO] Subscriptions active: 6 (traci, fast mode)
  [ACTION PPO] R1C1_C: a0=46% (82) a2=30% (54) a3=24% (44)
[INFO] Episode duration: 1800s (30 min)

[DEBUG] 🎯 Célzott Forgalom Generálása (R1C1_C) | Period: 6.865
Found 6 valid OD pairs for R1C1_C
Generating focused traffic: Period 6.8650s
[INFO] Subscriptions active: 6 (traci, fast mode)
  [ACTION PPO] R1C1_C: a0=33% (176) a1=2% (12) a2=36% (195) a3=29% (157)
[INFO] Episode duration: 900s (15 min)

[DEBUG] 🎯 Célzott Forgalom Generálása (R1C1_C) | Period: 7.5101
Found 6 valid OD pairs for R1C1_C
Generating focused traffic: Period 7.5101s
[INFO] Subscriptions active: 6 (traci, fast mode)
  [ACTION PPO] R1C1_C: a0=35% (127) a1=3% (11) a2=35% (127) a3=26% (95)
[INFO] Episode duration: 2700s (45 min)

[DEBUG] 🎯 Célzott Forgalom Generálása (R1C1_C) | Period: 4.9123
Found 6 valid OD pairs for R1C1_C
Generating focused traffic: Period 4.9123s
[INFO] Subscriptions active: 6 (traci, fast mode)
  [ACTION PPO] R1C1_C: a0=29% (52) a1=2% (3) a2=35% (63) a3=34% (62)
[INFO] Episode duration: 3600s (60 min)

[DEBUG] 🎯 Célzott Forgalom Generálása (R1C1_C) | Period: 7.1822
Found 6 valid OD pairs for R1C1_C
Generating focused traffic: Period 7.1822s
[INFO] Subscriptions active: 6 (traci, fast mode)
  [ACTION PPO] R1C1_C: a0=35% (187) a1=2% (11) a2=38% (203) a3=26% (139)
[INFO] Episode duration: 1800s (30 min)

[DEBUG] 🎯 Célzott Forgalom Generálása (R1C1_C) | Period: 7.1453
Found 6 valid OD pairs for R1C1_C
Generating focused traffic: Period 7.1453s
[INFO] Subscriptions active: 6 (traci, fast mode)
  [ACTION PPO] R1C1_C: a0=34% (247) a1=2% (11) a2=36% (261) a3=28% (201)
[INFO] Episode duration: 900s (15 min)

[DEBUG] 🎯 Célzott Forgalom Generálása (R1C1_C) | Period: 6.1713
Found 6 valid OD pairs for R1C1_C
Generating focused traffic: Period 6.1713s
[INFO] Subscriptions active: 6 (traci, fast mode)
  [ACTION PPO] R1C1_C: a0=26% (94) a1=2% (7) a2=50% (179) a3=22% (80)
[INFO] Episode duration: 3600s (60 min)

[DEBUG] 🎯 Célzott Forgalom Generálása (R1C1_C) | Period: 7.8536
Found 6 valid OD pairs for R1C1_C
Generating focused traffic: Period 7.8536swandb: WARNING Symlinked 1 file into the W&B run directory; call wandb.save again to sync new files.
/Users/wagnertamas/Documents/Munka/cikkek/AI_agens_konyvtar/support/intergreen_matrix_calculator/rl_trainer.py:992: UserWarning: Exporting a model while it is in training mode. Please ensure that this is intended, as it may lead to different behavior during inference. Calling model.eval() before export is recommended.
  torch.onnx.export(
/Users/wagnertamas/Documents/Munka/cikkek/AI_agens_konyvtar/support/intergreen_matrix_calculator/rl_trainer.py:992: UserWarning: # 'dynamic_axes' is not recommended when dynamo=True, and may lead to 'torch._dynamo.exc.UserError: Constraints violated.' Supply the 'dynamic_shapes' argument instead if export is unsuccessful.
  torch.onnx.export(
wandb: updating run metadata
wandb: uploading wandb-summary.json; uploading config.yaml; uploading pytorch_models/R1C1_C.zip; uploading output.log
wandb: uploading wandb-summary.json; uploading config.yaml; uploading pytorch_models/R1C1_C.zip
wandb: uploading pytorch_models/R1C1_C.zip
wandb: 
wandb: Run history:
wandb:         R1C1_C/action_pct/phase_0 ▂▁▃▁▁▃▂▂▂▃▃▃▅▄▄▆▆▆▆▅▇▅▆▇█▆▆▆▄▄▄▄▄▄▅▅▅▄▄▄
wandb:         R1C1_C/action_pct/phase_1 ▇█▇▅▇▅▅▄▃▃▃▃▃▃▂▂▂▁▁▂▁▁▁▁▁▁▁▁▁▁▁▁▁▂▁▂▁▂▁▁
wandb:         R1C1_C/action_pct/phase_2 ▁▁▃▂▂▃▁▂▂▁▁▂▂▃▂▅▃▄▆▆▇▆▄▅▃▁▃▃▃▁▃▅▄▂▃▅▄█▄▅
wandb:         R1C1_C/action_pct/phase_3 ▁▃▃▁▄▅█▆▅▅▅▅▅▅▅▄▂▂▂▂▂▃▄▁▁▂▄▂▁▂▂▃▂▁▂▁▃▂▃▂
wandb:         R1C1_C/train/entropy_loss ▁▂▂▂▂▃▃▃▃▃▄▄▄▄▄▄▄▄▄▅▇▇▇▇▇█▇█████████████
wandb:        R1C1_C/train/learning_rate ▁▁▁▁▁▁▁▁▁▁▁▁▁▁▁▁▁▁▁▁▁▁▁▁▁▁▁▁▁▁▁▁▁▁▁▁▁▁▁▁
wandb:                 R1C1_C/train/loss ▁▁▁▁▁▁▃▂▂▂▃▃▂▄▄█▂▂▂▄▄▁▄▂▃▅▃▂▂▂▂▄▄▄▁▃▄▃▃▁
wandb: R1C1_C/train/policy_gradient_loss ▃▃▃▅▅▇▃██▅▅████▅▆▆▇▆▃▁▅▅▄▆▅▅▅▄▆▆▅██▇▇▇██
wandb:           R1C1_C/train/value_loss ▁▂▂▂▂▂▂▂▂▃▄▄▅▅▄▄▆▄▇▃▇▆▇▄▅▅▅▅▄▄▆▆▆▆▆▆▆▆█▆
wandb:                        avg_reward ▁▃▃▂▄▃▃▅▂▂▂▂▃▃▃▂▂▂█▃▄▃▃▅▄▆▅▃▄▃▃▄▄▄▃▄▃▅▄▃
wandb:                                +9 ...
wandb: 
wandb: Run summary:
wandb:         R1C1_C/action_pct/phase_0 35
wandb:         R1C1_C/action_pct/phase_1 3.33333
wandb:         R1C1_C/action_pct/phase_2 33.88889
wandb:         R1C1_C/action_pct/phase_3 27.77778
wandb:         R1C1_C/train/entropy_loss -0.96702
wandb:        R1C1_C/train/learning_rate 0.0001
wandb:                 R1C1_C/train/loss 0.36278
wandb: R1C1_C/train/policy_gradient_loss -0.00155
wandb:           R1C1_C/train/value_loss 2.99855
wandb:                        avg_reward 0.17616
wandb:                                +9 ...
wandb: 
wandb: 🚀 View run ppo_speed_throughput_3x32_1_R1C1_C at: https://wandb.ai/wagnertamas-budapesti-m-szaki-s-gazdas-gtudom-nyi-egyetem/sumo-rl-stat-2/runs/4cgy79tx
wandb: ⭐️ View project at: https://wandb.ai/wagnertamas-budapesti-m-szaki-s-gazdas-gtudom-nyi-egyetem/sumo-rl-stat-2
wandb: Synced 5 W&B file(s), 0 media file(s), 0 artifact file(s) and 1 other file(s)
wandb: Find logs at: ./wandb/run-20260408_041245-4cgy79tx/logs

[INFO] Subscriptions active: 6 (traci, fast mode)
  [ACTION PPO] R1C1_C: a0=29% (53) a1=1% (1) a2=43% (78) a3=27% (48)
[INFO] Episode duration: 3600s (60 min)

[DEBUG] 🎯 Célzott Forgalom Generálása (R1C1_C) | Period: 6.816
Found 6 valid OD pairs for R1C1_C
Generating focused traffic: Period 6.8160s
[INFO] Subscriptions active: 6 (traci, fast mode)
  [ACTION PPO] R1C1_C: a0=35% (253) a1=1% (10) a2=35% (250) a3=29% (207)
[INFO] Episode duration: 1800s (30 min)

[DEBUG] 🎯 Célzott Forgalom Generálása (R1C1_C) | Period: 6.4462
Found 6 valid OD pairs for R1C1_C
Generating focused traffic: Period 6.4462s
[INFO] Subscriptions active: 6 (traci, fast mode)
  [ACTION PPO] R1C1_C: a0=38% (277) a1=2% (16) a2=31% (225) a3=28% (202)
[INFO] Episode duration: 2700s (45 min)

[DEBUG] 🎯 Célzott Forgalom Generálása (R1C1_C) | Period: 4.3495
Found 6 valid OD pairs for R1C1_C
Generating focused traffic: Period 4.3495s
[INFO] Subscriptions active: 6 (traci, fast mode)
  [ACTION PPO] R1C1_C: a0=32% (114) a1=2% (6) a2=34% (124) a3=32% (116)
[INFO] Episode duration: 900s (15 min)

[DEBUG] 🎯 Célzott Forgalom Generálása (R1C1_C) | Period: 6.3598
Found 6 valid OD pairs for R1C1_C
Generating focused traffic: Period 6.3598s
[INFO] Subscriptions active: 6 (traci, fast mode)
  [ACTION PPO] R1C1_C: a0=35% (190) a1=1% (8) a2=30% (163) a3=33% (179)
[INFO] Episode duration: 2700s (45 min)

[DEBUG] 🎯 Célzott Forgalom Generálása (R1C1_C) | Period: 6.9739
Found 6 valid OD pairs for R1C1_C
Generating focused traffic: Period 6.9739s
[INFO] Subscriptions active: 6 (traci, fast mode)
  [ACTION PPO] R1C1_C: a0=36% (65) a1=2% (4) a2=31% (55) a3=31% (56)
[INFO] Episode duration: 3600s (60 min)

[DEBUG] 🎯 Célzott Forgalom Generálása (R1C1_C) | Period: 4.4469
Found 6 valid OD pairs for R1C1_C
Generating focused traffic: Period 4.4469s
[INFO] Subscriptions active: 6 (traci, fast mode)
  [ACTION PPO] R1C1_C: a0=33% (178) a1=3% (17) a2=35% (188) a3=29% (157)
[INFO] Episode duration: 1800s (30 min)

[DEBUG] 🎯 Célzott Forgalom Generálása (R1C1_C) | Period: 7.4815
Found 6 valid OD pairs for R1C1_C
Generating focused traffic: Period 7.4815s
[INFO] Subscriptions active: 6 (traci, fast mode)
  [ACTION PPO] R1C1_C: a0=32% (232) a1=2% (14) a2=39% (282) a3=27% (192)
[INFO] Episode duration: 2700s (45 min)

[DEBUG] 🎯 Célzott Forgalom Generálása (R1C1_C) | Period: 6.461
Found 6 valid OD pairs for R1C1_C
Generating focused traffic: Period 6.4610s
[INFO] Subscriptions active: 6 (traci, fast mode)
  [ACTION PPO] R1C1_C: a0=29% (106) a1=2% (8) a2=40% (144) a3=28% (102)
[INFO] Episode duration: 2700s (45 min)

[DEBUG] 🎯 Célzott Forgalom Generálása (R1C1_C) | Period: 7.8058
Found 6 valid OD pairs for R1C1_C
Generating focused traffic: Period 7.8058s
[INFO] Subscriptions active: 6 (traci, fast mode)
  [ACTION PPO] R1C1_C: a0=32% (175) a1=2% (9) a2=40% (218) a3=26% (138)
[INFO] Episode duration: 3600s (60 min)

[DEBUG] 🎯 Célzott Forgalom Generálása (R1C1_C) | Period: 4.7729
Found 6 valid OD pairs for R1C1_C
Generating focused traffic: Period 4.7729s
[INFO] Subscriptions active: 6 (traci, fast mode)
  [ACTION PPO] R1C1_C: a0=36% (193) a1=2% (10) a2=39% (208) a3=24% (129)
[INFO] Episode duration: 1800s (30 min)

[DEBUG] 🎯 Célzott Forgalom Generálása (R1C1_C) | Period: 5.5432
Found 6 valid OD pairs for R1C1_C
Generating focused traffic: Period 5.5432s
[INFO] Subscriptions active: 6 (traci, fast mode)
  [ACTION PPO] R1C1_C: a0=34% (243) a1=1% (9) a2=40% (285) a3=25% (183)
[INFO] Episode duration: 900s (15 min)

[DEBUG] 🎯 Célzott Forgalom Generálása (R1C1_C) | Period: 4.3613
Found 6 valid OD pairs for R1C1_C
Generating focused traffic: Period 4.3613s
[INFO] Subscriptions active: 6 (traci, fast mode)
  [ACTION PPO] R1C1_C: a0=33% (119) a1=2% (9) a2=39% (141) a3=25% (91)
[INFO] Episode duration: 3600s (60 min)

[DEBUG] 🎯 Célzott Forgalom Generálása (R1C1_C) | Period: 5.6469
Found 6 valid OD pairs for R1C1_C
Generating focused traffic: Period 5.6469s
[INFO] Subscriptions active: 6 (traci, fast mode)
  [ACTION PPO] R1C1_C: a0=35% (63) a1=3% (6) a2=34% (61) a3=28% (50)
On-policy training completed.
Closing environment and EXPORTING models...
Saving PyTorch ZIP models to /Users/wagnertamas/Documents/Munka/cikkek/AI_agens_konyvtar/support/intergreen_matrix_calculator/data/runs/pytorch_models...
Saved PyTorch R1C1_C to /Users/wagnertamas/Documents/Munka/cikkek/AI_agens_konyvtar/support/intergreen_matrix_calculator/data/runs/pytorch_models/R1C1_C.zip
Exporting ONNX models to /Users/wagnertamas/Documents/Munka/cikkek/AI_agens_konyvtar/support/intergreen_matrix_calculator/data/runs/onnx_models...
Failed to export R1C1_C: # Failed to convert 'dynamic_axes' to 'dynamic_shapes'. Please provide 'dynamic_shapes' directly. Refer to the documentation for 'torch.export.export' for more information on dynamic shapes.
Cleanup done.
