wandb: [wandb.login()] Loaded credentials for https://api.wandb.ai from /Users/wagnertamas/.netrc.
wandb: Currently logged in as: wagnertamas (wagnertamas-budapesti-m-szaki-s-gazdas-gtudom-nyi-egyetem) to https://api.wandb.ai. Use `wandb login --relogin` to force relogin
wandb: setting up run r7kkwwir
wandb: Tracking run with wandb version 0.25.0
wandb: Run data is saved locally in /Users/wagnertamas/Documents/Munka/cikkek/AI_agens_konyvtar/support/intergreen_matrix_calculator/wandb/run-20260322_001427-r7kkwwir
wandb: Run `wandb offline` to turn off syncing.
wandb: Syncing run ppo_co2_speedstd_2x8_2_R1C1_C
wandb: ⭐️ View project at https://wandb.ai/wagnertamas-budapesti-m-szaki-s-gazdas-gtudom-nyi-egyetem/sumo-rl-stat
wandb: 🚀 View run at https://wandb.ai/wagnertamas-budapesti-m-szaki-s-gazdas-gtudom-nyi-egyetem/sumo-rl-stat/runs/r7kkwwir
[INFO] Config: training_config.yaml
[INFO] Net: /Users/wagnertamas/Documents/Munka/cikkek/AI_agens_konyvtar/support/intergreen_matrix_calculator/data/mega_catalogue_v2.net.xml
[INFO] Timesteps: 100000 | Project: sumo-rl-stat
[INFO] Junction: R1C1_C
[INFO] Algorithm: ppo | Reward: co2_speedstd
[INFO] Load model: None (fresh)
[INFO] Traffic: random target+spread (epizódonként)
Initializing Environment (algorithm=ppo, reward=co2_speedstd)...
[INFO] Algorithm: ppo (on_policy)
[INFO] Reward mode: co2_speedstd
WandB config applied (Sweep compatible).
[INFO] Junction reward params auto-loaded from /Users/wagnertamas/Documents/Munka/cikkek/AI_agens_konyvtar/support/intergreen_matrix_calculator/data/junction_reward_params.json
[INFO] Using 'libsumo' (fast headless mode, OS=darwin).
Starting SUMO...
[INFO] Episode duration: 2700s (45 min)

[DEBUG] 🎯 Célzott Forgalom Generálása (R1C1_C) | Period: 7.6315
Found 6 valid OD pairs for R1C1_C
Generating focused traffic: Period 7.6315s
[INFO] Network mapped: 1 agents, 3 detectors, 3 lanes
[INFO] Subscriptions active: 6 (libsumo, fast mode)
Agents discovered: ['R1C1_C']
[INFO] RL device: mps
[INFO] On-policy training: ppo → R1C1_C
Using mps device
Wrapping the env with a `Monitor` wrapper
Wrapping the env in a DummyVecEnv.
Starting on-policy training: 100000 timesteps...
[INFO] Episode duration: 2700s (45 min)

[DEBUG] 🎯 Célzott Forgalom Generálása (R1C1_C) | Period: 5.4771
Found 6 valid OD pairs for R1C1_C
Generating focused traffic: Period 5.4771s
[INFO] Subscriptions active: 6 (libsumo, fast mode)
Logging to /Users/wagnertamas/Documents/Munka/cikkek/AI_agens_konyvtar/support/intergreen_matrix_calculator/data/runs/sumo-rl-stat/R1C1_C/PPO_154
[INFO] Episode duration: 2700s (45 min)

[DEBUG] 🎯 Célzott Forgalom Generálása (R1C1_C) | Period: 6.0984
Found 6 valid OD pairs for R1C1_C
Generating focused traffic: Period 6.0984s
[INFO] Subscriptions active: 6 (libsumo, fast mode)
[INFO] Episode duration: 1800s (30 min)

[DEBUG] 🎯 Célzott Forgalom Generálása (R1C1_C) | Period: 5.3278
Found 6 valid OD pairs for R1C1_C
Generating focused traffic: Period 5.3278s
[INFO] Subscriptions active: 6 (libsumo, fast mode)
[INFO] Episode duration: 1800s (30 min)

[DEBUG] 🎯 Célzott Forgalom Generálása (R1C1_C) | Period: 5.0543
Found 6 valid OD pairs for R1C1_C
Generating focused traffic: Period 5.0543s
[INFO] Subscriptions active: 6 (libsumo, fast mode)
[INFO] Episode duration: 3600s (60 min)

[DEBUG] 🎯 Célzott Forgalom Generálása (R1C1_C) | Period: 5.1213
Found 6 valid OD pairs for R1C1_C
Generating focused traffic: Period 5.1213s
[INFO] Subscriptions active: 6 (libsumo, fast mode)
[INFO] Episode duration: 1800s (30 min)

[DEBUG] 🎯 Célzott Forgalom Generálása (R1C1_C) | Period: 4.012
Found 6 valid OD pairs for R1C1_C
Generating focused traffic: Period 4.0120s
[INFO] Subscriptions active: 6 (libsumo, fast mode)
[INFO] Episode duration: 3600s (60 min)

[DEBUG] 🎯 Célzott Forgalom Generálása (R1C1_C) | Period: 7.2212
Found 6 valid OD pairs for R1C1_C
Generating focused traffic: Period 7.2212s
[INFO] Subscriptions active: 6 (libsumo, fast mode)
[INFO] Episode duration: 3600s (60 min)

[DEBUG] 🎯 Célzott Forgalom Generálása (R1C1_C) | Period: 5.3119
Found 6 valid OD pairs for R1C1_C
Generating focused traffic: Period 5.3119s
[INFO] Subscriptions active: 6 (libsumo, fast mode)
[INFO] Episode duration: 900s (15 min)

[DEBUG] 🎯 Célzott Forgalom Generálása (R1C1_C) | Period: 7.6002
Found 6 valid OD pairs for R1C1_C
Generating focused traffic: Period 7.6002s
[INFO] Subscriptions active: 6 (libsumo, fast mode)
[INFO] Episode duration: 2700s (45 min)

[DEBUG] 🎯 Célzott Forgalom Generálása (R1C1_C) | Period: 6.736
Found 6 valid OD pairs for R1C1_C
Generating focused traffic: Period 6.7360s
[INFO] Subscriptions active: 6 (libsumo, fast mode)
[INFO] Episode duration: 1800s (30 min)

[DEBUG] 🎯 Célzott Forgalom Generálása (R1C1_C) | Period: 4.79
Found 6 valid OD pairs for R1C1_C
Generating focused traffic: Period 4.7900s
[INFO] Subscriptions active: 6 (libsumo, fast mode)
[INFO] Episode duration: 2700s (45 min)

[DEBUG] 🎯 Célzott Forgalom Generálása (R1C1_C) | Period: 6.1219
Found 6 valid OD pairs for R1C1_C
Generating focused traffic: Period 6.1219s
[INFO] Subscriptions active: 6 (libsumo, fast mode)
[INFO] Episode duration: 3600s (60 min)

[DEBUG] 🎯 Célzott Forgalom Generálása (R1C1_C) | Period: 5.8315
Found 6 valid OD pairs for R1C1_C
Generating focused traffic: Period 5.8315s
[INFO] Subscriptions active: 6 (libsumo, fast mode)
[INFO] Episode duration: 2700s (45 min)

[DEBUG] 🎯 Célzott Forgalom Generálása (R1C1_C) | Period: 6.599
Found 6 valid OD pairs for R1C1_C
Generating focused traffic: Period 6.5990s
[INFO] Subscriptions active: 6 (libsumo, fast mode)
[INFO] Episode duration: 2700s (45 min)

[DEBUG] 🎯 Célzott Forgalom Generálása (R1C1_C) | Period: 4.0564
Found 6 valid OD pairs for R1C1_C
Generating focused traffic: Period 4.0564s
[INFO] Subscriptions active: 6 (libsumo, fast mode)
[INFO] Episode duration: 3600s (60 min)

[DEBUG] 🎯 Célzott Forgalom Generálása (R1C1_C) | Period: 6.3625
Found 6 valid OD pairs for R1C1_C
Generating focused traffic: Period 6.3625s
[INFO] Subscriptions active: 6 (libsumo, fast mode)
[INFO] Episode duration: 2700s (45 min)

[DEBUG] 🎯 Célzott Forgalom Generálása (R1C1_C) | Period: 5.3759
Found 6 valid OD pairs for R1C1_C
Generating focused traffic: Period 5.3759s
[INFO] Subscriptions active: 6 (libsumo, fast mode)
[INFO] Episode duration: 900s (15 min)

[DEBUG] 🎯 Célzott Forgalom Generálása (R1C1_C) | Period: 5.6546
Found 6 valid OD pairs for R1C1_C
Generating focused traffic: Period 5.6546s
[INFO] Subscriptions active: 6 (libsumo, fast mode)
[INFO] Episode duration: 2700s (45 min)

[DEBUG] 🎯 Célzott Forgalom Generálása (R1C1_C) | Period: 7.733
Found 6 valid OD pairs for R1C1_C
Generating focused traffic: Period 7.7330s
[INFO] Subscriptions active: 6 (libsumo, fast mode)
[INFO] Episode duration: 2700s (45 min)

[DEBUG] 🎯 Célzott Forgalom Generálása (R1C1_C) | Period: 7.0851
Found 6 valid OD pairs for R1C1_C
Generating focused traffic: Period 7.0851s
[INFO] Subscriptions active: 6 (libsumo, fast mode)
[INFO] Episode duration: 3600s (60 min)

[DEBUG] 🎯 Célzott Forgalom Generálása (R1C1_C) | Period: 5.0137
Found 6 valid OD pairs for R1C1_C
Generating focused traffic: Period 5.0137s
[INFO] Subscriptions active: 6 (libsumo, fast mode)
[INFO] Episode duration: 3600s (60 min)

[DEBUG] 🎯 Célzott Forgalom Generálása (R1C1_C) | Period: 6.9552
Found 6 valid OD pairs for R1C1_C
Generating focused traffic: Period 6.9552s
[INFO] Subscriptions active: 6 (libsumo, fast mode)
[INFO] Episode duration: 1800s (30 min)

[DEBUG] 🎯 Célzott Forgalom Generálása (R1C1_C) | Period: 7.6165
Found 6 valid OD pairs for R1C1_C
Generating focused traffic: Period 7.6165s
[INFO] Subscriptions active: 6 (libsumo, fast mode)
[INFO] Episode duration: 2700s (45 min)

[DEBUG] 🎯 Célzott Forgalom Generálása (R1C1_C) | Period: 6.1947
Found 6 valid OD pairs for R1C1_C
Generating focused traffic: Period 6.1947s
[INFO] Subscriptions active: 6 (libsumo, fast mode)
[INFO] Episode duration: 1800s (30 min)

[DEBUG] 🎯 Célzott Forgalom Generálása (R1C1_C) | Period: 6.1599
Found 6 valid OD pairs for R1C1_C
Generating focused traffic: Period 6.1599s
[INFO] Subscriptions active: 6 (libsumo, fast mode)
[INFO] Episode duration: 900s (15 min)

[DEBUG] 🎯 Célzott Forgalom Generálása (R1C1_C) | Period: 6.4308
Found 6 valid OD pairs for R1C1_C
Generating focused traffic: Period 6.4308s
[INFO] Subscriptions active: 6 (libsumo, fast mode)
[INFO] Episode duration: 1800s (30 min)

[DEBUG] 🎯 Célzott Forgalom Generálása (R1C1_C) | Period: 5.9791
Found 6 valid OD pairs for R1C1_C
Generating focused traffic: Period 5.9791s
[INFO] Subscriptions active: 6 (libsumo, fast mode)
[INFO] Episode duration: 2700s (45 min)

[DEBUG] 🎯 Célzott Forgalom Generálása (R1C1_C) | Period: 4.9934
Found 6 valid OD pairs for R1C1_C
Generating focused traffic: Period 4.9934s
[INFO] Subscriptions active: 6 (libsumo, fast mode)
[INFO] Episode duration: 2700s (45 min)

[DEBUG] 🎯 Célzott Forgalom Generálása (R1C1_C) | Period: 7.2759
Found 6 valid OD pairs for R1C1_C
Generating focused traffic: Period 7.2759s
[INFO] Subscriptions active: 6 (libsumo, fast mode)
[INFO] Episode duration: 1800s (30 min)

[DEBUG] 🎯 Célzott Forgalom Generálása (R1C1_C) | Period: 6.2436
Found 6 valid OD pairs for R1C1_C
Generating focused traffic: Period 6.2436s
[INFO] Subscriptions active: 6 (libsumo, fast mode)
[INFO] Episode duration: 900s (15 min)

[DEBUG] 🎯 Célzott Forgalom Generálása (R1C1_C) | Period: 4.8938
Found 6 valid OD pairs for R1C1_C
Generating focused traffic: Period 4.8938s
[INFO] Subscriptions active: 6 (libsumo, fast mode)
[INFO] Episode duration: 1800s (30 min)

[DEBUG] 🎯 Célzott Forgalom Generálása (R1C1_C) | Period: 7.9885
Found 6 valid OD pairs for R1C1_C
Generating focused traffic: Period 7.9885s
[INFO] Subscriptions active: 6 (libsumo, fast mode)
[INFO] Episode duration: 1800s (30 min)

[DEBUG] 🎯 Célzott Forgalom Generálása (R1C1_C) | Period: 4.4692
Found 6 valid OD pairs for R1C1_C
Generating focused traffic: Period 4.4692s
[INFO] Subscriptions active: 6 (libsumo, fast mode)
[INFO] Episode duration: 900s (15 min)

[DEBUG] 🎯 Célzott Forgalom Generálása (R1C1_C) | Period: 5.6846
Found 6 valid OD pairs for R1C1_C
Generating focused traffic: Period 5.6846s
[INFO] Subscriptions active: 6 (libsumo, fast mode)
[INFO] Episode duration: 3600s (60 min)

[DEBUG] 🎯 Célzott Forgalom Generálása (R1C1_C) | Period: 4.6891
Found 6 valid OD pairs for R1C1_C
Generating focused traffic: Period 4.6891s
[INFO] Subscriptions active: 6 (libsumo, fast mode)
[INFO] Episode duration: 3600s (60 min)

[DEBUG] 🎯 Célzott Forgalom Generálása (R1C1_C) | Period: 4.3345
Found 6 valid OD pairs for R1C1_C
Generating focused traffic: Period 4.3345s
[INFO] Subscriptions active: 6 (libsumo, fast mode)
[INFO] Episode duration: 2700s (45 min)

[DEBUG] 🎯 Célzott Forgalom Generálása (R1C1_C) | Period: 6.5927
Found 6 valid OD pairs for R1C1_C
Generating focused traffic: Period 6.5927s
[INFO] Subscriptions active: 6 (libsumo, fast mode)
[INFO] Episode duration: 1800s (30 min)

[DEBUG] 🎯 Célzott Forgalom Generálása (R1C1_C) | Period: 4.8521
Found 6 valid OD pairs for R1C1_C
Generating focused traffic: Period 4.8521s
[INFO] Subscriptions active: 6 (libsumo, fast mode)
[INFO] Episode duration: 1800s (30 min)

[DEBUG] 🎯 Célzott Forgalom Generálása (R1C1_C) | Period: 6.0996
Found 6 valid OD pairs for R1C1_C
Generating focused traffic: Period 6.0996s
[INFO] Subscriptions active: 6 (libsumo, fast mode)
[INFO] Episode duration: 1800s (30 min)

[DEBUG] 🎯 Célzott Forgalom Generálása (R1C1_C) | Period: 4.4475
Found 6 valid OD pairs for R1C1_C
Generating focused traffic: Period 4.4475s
[INFO] Subscriptions active: 6 (libsumo, fast mode)
[INFO] Episode duration: 900s (15 min)

[DEBUG] 🎯 Célzott Forgalom Generálása (R1C1_C) | Period: 5.3933
Found 6 valid OD pairs for R1C1_C
Generating focused traffic: Period 5.3933s
[INFO] Subscriptions active: 6 (libsumo, fast mode)
[INFO] Episode duration: 2700s (45 min)

[DEBUG] 🎯 Célzott Forgalom Generálása (R1C1_C) | Period: 4.7617
Found 6 valid OD pairs for R1C1_C
Generating focused traffic: Period 4.7617s
[INFO] Subscriptions active: 6 (libsumo, fast mode)
[INFO] Episode duration: 1800s (30 min)

[DEBUG] 🎯 Célzott Forgalom Generálása (R1C1_C) | Period: 6.2338
Found 6 valid OD pairs for R1C1_C
Generating focused traffic: Period 6.2338s
[INFO] Subscriptions active: 6 (libsumo, fast mode)
[INFO] Episode duration: 1800s (30 min)

[DEBUG] 🎯 Célzott Forgalom Generálása (R1C1_C) | Period: 5.6601
Found 6 valid OD pairs for R1C1_C
Generating focused traffic: Period 5.6601s
[INFO] Subscriptions active: 6 (libsumo, fast mode)
------------------------------------------
| rollout/                |              |
|    ep_len_mean          | 469          |
|    ep_rew_mean          | 160          |
| time/                   |              |
|    fps                  | 118          |
|    iterations           | 10           |
|    time_elapsed         | 173          |
|    total_timesteps      | 20480        |
| train/                  |              |
|    approx_kl            | 0.0031557684 |
|    clip_fraction        | 0            |
|    clip_range           | 0.2          |
|    entropy_loss         | -1.36        |
|    explained_variance   | -0.0159      |
|    learning_rate        | 0.0001       |
|    loss                 | 7.23         |
|    n_updates            | 90           |
|    policy_gradient_loss | -0.00206     |
|    value_loss           | 14           |
------------------------------------------
[INFO] Episode duration: 1800s (30 min)

[DEBUG] 🎯 Célzott Forgalom Generálása (R1C1_C) | Period: 5.5766
Found 6 valid OD pairs for R1C1_C
Generating focused traffic: Period 5.5766s
[INFO] Subscriptions active: 6 (libsumo, fast mode)
[INFO] Episode duration: 900s (15 min)

[DEBUG] 🎯 Célzott Forgalom Generálása (R1C1_C) | Period: 4.4028
Found 6 valid OD pairs for R1C1_C
Generating focused traffic: Period 4.4028s
[INFO] Subscriptions active: 6 (libsumo, fast mode)
[INFO] Episode duration: 2700s (45 min)

[DEBUG] 🎯 Célzott Forgalom Generálása (R1C1_C) | Period: 6.3638
Found 6 valid OD pairs for R1C1_C
Generating focused traffic: Period 6.3638s
[INFO] Subscriptions active: 6 (libsumo, fast mode)
[INFO] Episode duration: 2700s (45 min)

[DEBUG] 🎯 Célzott Forgalom Generálása (R1C1_C) | Period: 7.0975
Found 6 valid OD pairs for R1C1_C
Generating focused traffic: Period 7.0975s
[INFO] Subscriptions active: 6 (libsumo, fast mode)
[INFO] Episode duration: 2700s (45 min)

[DEBUG] 🎯 Célzott Forgalom Generálása (R1C1_C) | Period: 5.5074
Found 6 valid OD pairs for R1C1_C
Generating focused traffic: Period 5.5074s
[INFO] Subscriptions active: 6 (libsumo, fast mode)
[INFO] Episode duration: 900s (15 min)

[DEBUG] 🎯 Célzott Forgalom Generálása (R1C1_C) | Period: 7.8912
Found 6 valid OD pairs for R1C1_C
Generating focused traffic: Period 7.8912s
[INFO] Subscriptions active: 6 (libsumo, fast mode)
[INFO] Episode duration: 900s (15 min)

[DEBUG] 🎯 Célzott Forgalom Generálása (R1C1_C) | Period: 6.9748
Found 6 valid OD pairs for R1C1_C
Generating focused traffic: Period 6.9748s
[INFO] Subscriptions active: 6 (libsumo, fast mode)
[INFO] Episode duration: 900s (15 min)

[DEBUG] 🎯 Célzott Forgalom Generálása (R1C1_C) | Period: 5.4102
Found 6 valid OD pairs for R1C1_C
Generating focused traffic: Period 5.4102s
[INFO] Subscriptions active: 6 (libsumo, fast mode)
[INFO] Episode duration: 2700s (45 min)

[DEBUG] 🎯 Célzott Forgalom Generálása (R1C1_C) | Period: 6.6015
Found 6 valid OD pairs for R1C1_C
Generating focused traffic: Period 6.6015s
[INFO] Subscriptions active: 6 (libsumo, fast mode)
[INFO] Episode duration: 2700s (45 min)

[DEBUG] 🎯 Célzott Forgalom Generálása (R1C1_C) | Period: 7.2674
Found 6 valid OD pairs for R1C1_C
Generating focused traffic: Period 7.2674s
[INFO] Subscriptions active: 6 (libsumo, fast mode)
[INFO] Episode duration: 1800s (30 min)

[DEBUG] 🎯 Célzott Forgalom Generálása (R1C1_C) | Period: 5.0426
Found 6 valid OD pairs for R1C1_C
Generating focused traffic: Period 5.0426s
[INFO] Subscriptions active: 6 (libsumo, fast mode)
[INFO] Episode duration: 900s (15 min)

[DEBUG] 🎯 Célzott Forgalom Generálása (R1C1_C) | Period: 7.9163
Found 6 valid OD pairs for R1C1_C
Generating focused traffic: Period 7.9163s
[INFO] Subscriptions active: 6 (libsumo, fast mode)
[INFO] Episode duration: 900s (15 min)

[DEBUG] 🎯 Célzott Forgalom Generálása (R1C1_C) | Period: 7.8116
Found 6 valid OD pairs for R1C1_C
Generating focused traffic: Period 7.8116s
[INFO] Subscriptions active: 6 (libsumo, fast mode)
[INFO] Episode duration: 3600s (60 min)

[DEBUG] 🎯 Célzott Forgalom Generálása (R1C1_C) | Period: 7.7588
Found 6 valid OD pairs for R1C1_C
Generating focused traffic: Period 7.7588s
[INFO] Subscriptions active: 6 (libsumo, fast mode)
[INFO] Episode duration: 1800s (30 min)

[DEBUG] 🎯 Célzott Forgalom Generálása (R1C1_C) | Period: 5.6842
Found 6 valid OD pairs for R1C1_C
Generating focused traffic: Period 5.6842s
[INFO] Subscriptions active: 6 (libsumo, fast mode)
[INFO] Episode duration: 1800s (30 min)

[DEBUG] 🎯 Célzott Forgalom Generálása (R1C1_C) | Period: 4.0819
Found 6 valid OD pairs for R1C1_C
Generating focused traffic: Period 4.0819s
[INFO] Subscriptions active: 6 (libsumo, fast mode)
[INFO] Episode duration: 3600s (60 min)

[DEBUG] 🎯 Célzott Forgalom Generálása (R1C1_C) | Period: 7.5095
Found 6 valid OD pairs for R1C1_C
Generating focused traffic: Period 7.5095s
[INFO] Subscriptions active: 6 (libsumo, fast mode)
[INFO] Episode duration: 900s (15 min)

[DEBUG] 🎯 Célzott Forgalom Generálása (R1C1_C) | Period: 6.3679
Found 6 valid OD pairs for R1C1_C
Generating focused traffic: Period 6.3679s
[INFO] Subscriptions active: 6 (libsumo, fast mode)
[INFO] Episode duration: 2700s (45 min)

[DEBUG] 🎯 Célzott Forgalom Generálása (R1C1_C) | Period: 6.6119
Found 6 valid OD pairs for R1C1_C
Generating focused traffic: Period 6.6119s
[INFO] Subscriptions active: 6 (libsumo, fast mode)
[INFO] Episode duration: 1800s (30 min)

[DEBUG] 🎯 Célzott Forgalom Generálása (R1C1_C) | Period: 7.4064
Found 6 valid OD pairs for R1C1_C
Generating focused traffic: Period 7.4064s
[INFO] Subscriptions active: 6 (libsumo, fast mode)
[INFO] Episode duration: 3600s (60 min)

[DEBUG] 🎯 Célzott Forgalom Generálása (R1C1_C) | Period: 7.643
Found 6 valid OD pairs for R1C1_C
Generating focused traffic: Period 7.6430s
[INFO] Subscriptions active: 6 (libsumo, fast mode)
[INFO] Episode duration: 1800s (30 min)

[DEBUG] 🎯 Célzott Forgalom Generálása (R1C1_C) | Period: 7.9783
Found 6 valid OD pairs for R1C1_C
Generating focused traffic: Period 7.9783s
[INFO] Subscriptions active: 6 (libsumo, fast mode)
[INFO] Episode duration: 1800s (30 min)

[DEBUG] 🎯 Célzott Forgalom Generálása (R1C1_C) | Period: 5.4253
Found 6 valid OD pairs for R1C1_C
Generating focused traffic: Period 5.4253s
[INFO] Subscriptions active: 6 (libsumo, fast mode)
[INFO] Episode duration: 1800s (30 min)

[DEBUG] 🎯 Célzott Forgalom Generálása (R1C1_C) | Period: 4.4284
Found 6 valid OD pairs for R1C1_C
Generating focused traffic: Period 4.4284s
[INFO] Subscriptions active: 6 (libsumo, fast mode)
[INFO] Episode duration: 900s (15 min)

[DEBUG] 🎯 Célzott Forgalom Generálása (R1C1_C) | Period: 7.81
Found 6 valid OD pairs for R1C1_C
Generating focused traffic: Period 7.8100s
[INFO] Subscriptions active: 6 (libsumo, fast mode)
[INFO] Episode duration: 900s (15 min)

[DEBUG] 🎯 Célzott Forgalom Generálása (R1C1_C) | Period: 7.4442
Found 6 valid OD pairs for R1C1_C
Generating focused traffic: Period 7.4442s
[INFO] Subscriptions active: 6 (libsumo, fast mode)
[INFO] Episode duration: 900s (15 min)

[DEBUG] 🎯 Célzott Forgalom Generálása (R1C1_C) | Period: 7.1247
Found 6 valid OD pairs for R1C1_C
Generating focused traffic: Period 7.1247s
[INFO] Subscriptions active: 6 (libsumo, fast mode)
[INFO] Episode duration: 1800s (30 min)

[DEBUG] 🎯 Célzott Forgalom Generálása (R1C1_C) | Period: 4.4251
Found 6 valid OD pairs for R1C1_C
Generating focused traffic: Period 4.4251s
[INFO] Subscriptions active: 6 (libsumo, fast mode)
[INFO] Episode duration: 1800s (30 min)

[DEBUG] 🎯 Célzott Forgalom Generálása (R1C1_C) | Period: 6.2678
Found 6 valid OD pairs for R1C1_C
Generating focused traffic: Period 6.2678s
[INFO] Subscriptions active: 6 (libsumo, fast mode)
[INFO] Episode duration: 3600s (60 min)

[DEBUG] 🎯 Célzott Forgalom Generálása (R1C1_C) | Period: 7.6266
Found 6 valid OD pairs for R1C1_C
Generating focused traffic: Period 7.6266s
[INFO] Subscriptions active: 6 (libsumo, fast mode)
[INFO] Episode duration: 900s (15 min)

[DEBUG] 🎯 Célzott Forgalom Generálása (R1C1_C) | Period: 4.003
Found 6 valid OD pairs for R1C1_C
Generating focused traffic: Period 4.0030s
[INFO] Subscriptions active: 6 (libsumo, fast mode)
[INFO] Episode duration: 2700s (45 min)

[DEBUG] 🎯 Célzott Forgalom Generálása (R1C1_C) | Period: 7.6836
Found 6 valid OD pairs for R1C1_C
Generating focused traffic: Period 7.6836s
[INFO] Subscriptions active: 6 (libsumo, fast mode)
[INFO] Episode duration: 1800s (30 min)

[DEBUG] 🎯 Célzott Forgalom Generálása (R1C1_C) | Period: 4.1025
Found 6 valid OD pairs for R1C1_C
Generating focused traffic: Period 4.1025s
[INFO] Subscriptions active: 6 (libsumo, fast mode)
[INFO] Episode duration: 3600s (60 min)

[DEBUG] 🎯 Célzott Forgalom Generálása (R1C1_C) | Period: 5.8717
Found 6 valid OD pairs for R1C1_C
Generating focused traffic: Period 5.8717s
[INFO] Subscriptions active: 6 (libsumo, fast mode)
[INFO] Episode duration: 900s (15 min)

[DEBUG] 🎯 Célzott Forgalom Generálása (R1C1_C) | Period: 6.4304
Found 6 valid OD pairs for R1C1_C
Generating focused traffic: Period 6.4304s
[INFO] Subscriptions active: 6 (libsumo, fast mode)
[INFO] Episode duration: 900s (15 min)

[DEBUG] 🎯 Célzott Forgalom Generálása (R1C1_C) | Period: 5.1401
Found 6 valid OD pairs for R1C1_C
Generating focused traffic: Period 5.1401s
[INFO] Subscriptions active: 6 (libsumo, fast mode)
[INFO] Episode duration: 900s (15 min)

[DEBUG] 🎯 Célzott Forgalom Generálása (R1C1_C) | Period: 5.1585
Found 6 valid OD pairs for R1C1_C
Generating focused traffic: Period 5.1585s
[INFO] Subscriptions active: 6 (libsumo, fast mode)
[INFO] Episode duration: 2700s (45 min)

[DEBUG] 🎯 Célzott Forgalom Generálása (R1C1_C) | Period: 5.4837
Found 6 valid OD pairs for R1C1_C
Generating focused traffic: Period 5.4837s
[INFO] Subscriptions active: 6 (libsumo, fast mode)
[INFO] Episode duration: 2700s (45 min)

[DEBUG] 🎯 Célzott Forgalom Generálása (R1C1_C) | Period: 4.5935
Found 6 valid OD pairs for R1C1_C
Generating focused traffic: Period 4.5935s
[INFO] Subscriptions active: 6 (libsumo, fast mode)
[INFO] Episode duration: 1800s (30 min)

[DEBUG] 🎯 Célzott Forgalom Generálása (R1C1_C) | Period: 6.3091
Found 6 valid OD pairs for R1C1_C
Generating focused traffic: Period 6.3091s
[INFO] Subscriptions active: 6 (libsumo, fast mode)
[INFO] Episode duration: 3600s (60 min)

[DEBUG] 🎯 Célzott Forgalom Generálása (R1C1_C) | Period: 5.7988
Found 6 valid OD pairs for R1C1_C
Generating focused traffic: Period 5.7988s
[INFO] Subscriptions active: 6 (libsumo, fast mode)
[INFO] Episode duration: 2700s (45 min)

[DEBUG] 🎯 Célzott Forgalom Generálása (R1C1_C) | Period: 6.8296
Found 6 valid OD pairs for R1C1_C
Generating focused traffic: Period 6.8296s
[INFO] Subscriptions active: 6 (libsumo, fast mode)
[INFO] Episode duration: 2700s (45 min)

[DEBUG] 🎯 Célzott Forgalom Generálása (R1C1_C) | Period: 4.6755
Found 6 valid OD pairs for R1C1_C
Generating focused traffic: Period 4.6755s
[INFO] Subscriptions active: 6 (libsumo, fast mode)
[INFO] Episode duration: 2700s (45 min)

[DEBUG] 🎯 Célzott Forgalom Generálása (R1C1_C) | Period: 5.0039
Found 6 valid OD pairs for R1C1_C
Generating focused traffic: Period 5.0039s
[INFO] Subscriptions active: 6 (libsumo, fast mode)
[INFO] Episode duration: 1800s (30 min)

[DEBUG] 🎯 Célzott Forgalom Generálása (R1C1_C) | Period: 7.9213
Found 6 valid OD pairs for R1C1_C
Generating focused traffic: Period 7.9213s
[INFO] Subscriptions active: 6 (libsumo, fast mode)
[INFO] Episode duration: 1800s (30 min)

[DEBUG] 🎯 Célzott Forgalom Generálása (R1C1_C) | Period: 6.1387
Found 6 valid OD pairs for R1C1_C
Generating focused traffic: Period 6.1387s
[INFO] Subscriptions active: 6 (libsumo, fast mode)
[INFO] Episode duration: 1800s (30 min)

[DEBUG] 🎯 Célzott Forgalom Generálása (R1C1_C) | Period: 5.6403
Found 6 valid OD pairs for R1C1_C
Generating focused traffic: Period 5.6403s
[INFO] Subscriptions active: 6 (libsumo, fast mode)
[INFO] Episode duration: 2700s (45 min)

[DEBUG] 🎯 Célzott Forgalom Generálása (R1C1_C) | Period: 7.8081
Found 6 valid OD pairs for R1C1_C
Generating focused traffic: Period 7.8081s
[INFO] Subscriptions active: 6 (libsumo, fast mode)
[INFO] Episode duration: 900s (15 min)

[DEBUG] 🎯 Célzott Forgalom Generálása (R1C1_C) | Period: 4.8339
Found 6 valid OD pairs for R1C1_C
Generating focused traffic: Period 4.8339s
[INFO] Subscriptions active: 6 (libsumo, fast mode)
[INFO] Episode duration: 900s (15 min)

[DEBUG] 🎯 Célzott Forgalom Generálása (R1C1_C) | Period: 5.7591
Found 6 valid OD pairs for R1C1_C
Generating focused traffic: Period 5.7591s
[INFO] Subscriptions active: 6 (libsumo, fast mode)
[INFO] Episode duration: 900s (15 min)

[DEBUG] 🎯 Célzott Forgalom Generálása (R1C1_C) | Period: 4.4251
Found 6 valid OD pairs for R1C1_C
Generating focused traffic: Period 4.4251s
[INFO] Subscriptions active: 6 (libsumo, fast mode)
[INFO] Episode duration: 900s (15 min)

[DEBUG] 🎯 Célzott Forgalom Generálása (R1C1_C) | Period: 4.7409
Found 6 valid OD pairs for R1C1_C
Generating focused traffic: Period 4.7409s
[INFO] Subscriptions active: 6 (libsumo, fast mode)
[INFO] Episode duration: 1800s (30 min)

[DEBUG] 🎯 Célzott Forgalom Generálása (R1C1_C) | Period: 6.3773
Found 6 valid OD pairs for R1C1_C
Generating focused traffic: Period 6.3773s
[INFO] Subscriptions active: 6 (libsumo, fast mode)
[INFO] Episode duration: 900s (15 min)

[DEBUG] 🎯 Célzott Forgalom Generálása (R1C1_C) | Period: 6.903
Found 6 valid OD pairs for R1C1_C
Generating focused traffic: Period 6.9030s
[INFO] Subscriptions active: 6 (libsumo, fast mode)
------------------------------------------
| rollout/                |              |
|    ep_len_mean          | 421          |
|    ep_rew_mean          | 157          |
| time/                   |              |
|    fps                  | 116          |
|    iterations           | 20           |
|    time_elapsed         | 352          |
|    total_timesteps      | 40960        |
| train/                  |              |
|    approx_kl            | 0.0016005556 |
|    clip_fraction        | 0            |
|    clip_range           | 0.2          |
|    entropy_loss         | -1.18        |
|    explained_variance   | -0.000153    |
|    learning_rate        | 0.0001       |
|    loss                 | 7.73         |
|    n_updates            | 190          |
|    policy_gradient_loss | -0.00122     |
|    value_loss           | 18.4         |
------------------------------------------
[INFO] Episode duration: 2700s (45 min)

[DEBUG] 🎯 Célzott Forgalom Generálása (R1C1_C) | Period: 6.1004
Found 6 valid OD pairs for R1C1_C
Generating focused traffic: Period 6.1004s
[INFO] Subscriptions active: 6 (libsumo, fast mode)
[INFO] Episode duration: 900s (15 min)

[DEBUG] 🎯 Célzott Forgalom Generálása (R1C1_C) | Period: 7.6034
Found 6 valid OD pairs for R1C1_C
Generating focused traffic: Period 7.6034s
[INFO] Subscriptions active: 6 (libsumo, fast mode)
[INFO] Episode duration: 3600s (60 min)

[DEBUG] 🎯 Célzott Forgalom Generálása (R1C1_C) | Period: 6.1704
Found 6 valid OD pairs for R1C1_C
Generating focused traffic: Period 6.1704s
[INFO] Subscriptions active: 6 (libsumo, fast mode)
[INFO] Episode duration: 1800s (30 min)

[DEBUG] 🎯 Célzott Forgalom Generálása (R1C1_C) | Period: 4.4564
Found 6 valid OD pairs for R1C1_C
Generating focused traffic: Period 4.4564s
[INFO] Subscriptions active: 6 (libsumo, fast mode)
[INFO] Episode duration: 1800s (30 min)

[DEBUG] 🎯 Célzott Forgalom Generálása (R1C1_C) | Period: 4.8405
Found 6 valid OD pairs for R1C1_C
Generating focused traffic: Period 4.8405s
[INFO] Subscriptions active: 6 (libsumo, fast mode)
[INFO] Episode duration: 2700s (45 min)

[DEBUG] 🎯 Célzott Forgalom Generálása (R1C1_C) | Period: 5.2061
Found 6 valid OD pairs for R1C1_C
Generating focused traffic: Period 5.2061s
[INFO] Subscriptions active: 6 (libsumo, fast mode)
[INFO] Episode duration: 3600s (60 min)

[DEBUG] 🎯 Célzott Forgalom Generálása (R1C1_C) | Period: 6.4665
Found 6 valid OD pairs for R1C1_C
Generating focused traffic: Period 6.4665s
[INFO] Subscriptions active: 6 (libsumo, fast mode)
[INFO] Episode duration: 900s (15 min)

[DEBUG] 🎯 Célzott Forgalom Generálása (R1C1_C) | Period: 4.9665
Found 6 valid OD pairs for R1C1_C
Generating focused traffic: Period 4.9665s
[INFO] Subscriptions active: 6 (libsumo, fast mode)
[INFO] Episode duration: 2700s (45 min)

[DEBUG] 🎯 Célzott Forgalom Generálása (R1C1_C) | Period: 4.4454
Found 6 valid OD pairs for R1C1_C
Generating focused traffic: Period 4.4454s
[INFO] Subscriptions active: 6 (libsumo, fast mode)
[INFO] Episode duration: 2700s (45 min)

[DEBUG] 🎯 Célzott Forgalom Generálása (R1C1_C) | Period: 7.1317
Found 6 valid OD pairs for R1C1_C
Generating focused traffic: Period 7.1317s
[INFO] Subscriptions active: 6 (libsumo, fast mode)
[INFO] Episode duration: 3600s (60 min)

[DEBUG] 🎯 Célzott Forgalom Generálása (R1C1_C) | Period: 6.6018
Found 6 valid OD pairs for R1C1_C
Generating focused traffic: Period 6.6018s
[INFO] Subscriptions active: 6 (libsumo, fast mode)
[INFO] Episode duration: 2700s (45 min)

[DEBUG] 🎯 Célzott Forgalom Generálása (R1C1_C) | Period: 5.6953
Found 6 valid OD pairs for R1C1_C
Generating focused traffic: Period 5.6953s
[INFO] Subscriptions active: 6 (libsumo, fast mode)
[INFO] Episode duration: 1800s (30 min)

[DEBUG] 🎯 Célzott Forgalom Generálása (R1C1_C) | Period: 4.6656
Found 6 valid OD pairs for R1C1_C
Generating focused traffic: Period 4.6656s
[INFO] Subscriptions active: 6 (libsumo, fast mode)
[INFO] Episode duration: 2700s (45 min)

[DEBUG] 🎯 Célzott Forgalom Generálása (R1C1_C) | Period: 4.1293
Found 6 valid OD pairs for R1C1_C
Generating focused traffic: Period 4.1293s
[INFO] Subscriptions active: 6 (libsumo, fast mode)
[INFO] Episode duration: 2700s (45 min)

[DEBUG] 🎯 Célzott Forgalom Generálása (R1C1_C) | Period: 5.304
Found 6 valid OD pairs for R1C1_C
Generating focused traffic: Period 5.3040s
[INFO] Subscriptions active: 6 (libsumo, fast mode)
[INFO] Episode duration: 3600s (60 min)

[DEBUG] 🎯 Célzott Forgalom Generálása (R1C1_C) | Period: 4.8444
Found 6 valid OD pairs for R1C1_C
Generating focused traffic: Period 4.8444s
[INFO] Subscriptions active: 6 (libsumo, fast mode)
[INFO] Episode duration: 2700s (45 min)

[DEBUG] 🎯 Célzott Forgalom Generálása (R1C1_C) | Period: 6.8021
Found 6 valid OD pairs for R1C1_C
Generating focused traffic: Period 6.8021s
[INFO] Subscriptions active: 6 (libsumo, fast mode)
[INFO] Episode duration: 3600s (60 min)

[DEBUG] 🎯 Célzott Forgalom Generálása (R1C1_C) | Period: 5.4847
Found 6 valid OD pairs for R1C1_C
Generating focused traffic: Period 5.4847s
[INFO] Subscriptions active: 6 (libsumo, fast mode)
[INFO] Episode duration: 2700s (45 min)

[DEBUG] 🎯 Célzott Forgalom Generálása (R1C1_C) | Period: 6.3886
Found 6 valid OD pairs for R1C1_C
Generating focused traffic: Period 6.3886s
[INFO] Subscriptions active: 6 (libsumo, fast mode)
[INFO] Episode duration: 900s (15 min)

[DEBUG] 🎯 Célzott Forgalom Generálása (R1C1_C) | Period: 4.8761
Found 6 valid OD pairs for R1C1_C
Generating focused traffic: Period 4.8761s
[INFO] Subscriptions active: 6 (libsumo, fast mode)
[INFO] Episode duration: 1800s (30 min)

[DEBUG] 🎯 Célzott Forgalom Generálása (R1C1_C) | Period: 6.7363
Found 6 valid OD pairs for R1C1_C
Generating focused traffic: Period 6.7363s
[INFO] Subscriptions active: 6 (libsumo, fast mode)
[INFO] Episode duration: 3600s (60 min)

[DEBUG] 🎯 Célzott Forgalom Generálása (R1C1_C) | Period: 6.3349
Found 6 valid OD pairs for R1C1_C
Generating focused traffic: Period 6.3349s
[INFO] Subscriptions active: 6 (libsumo, fast mode)
[INFO] Episode duration: 900s (15 min)

[DEBUG] 🎯 Célzott Forgalom Generálása (R1C1_C) | Period: 7.3112
Found 6 valid OD pairs for R1C1_C
Generating focused traffic: Period 7.3112s
[INFO] Subscriptions active: 6 (libsumo, fast mode)
[INFO] Episode duration: 2700s (45 min)

[DEBUG] 🎯 Célzott Forgalom Generálása (R1C1_C) | Period: 7.1519
Found 6 valid OD pairs for R1C1_C
Generating focused traffic: Period 7.1519s
[INFO] Subscriptions active: 6 (libsumo, fast mode)
[INFO] Episode duration: 3600s (60 min)

[DEBUG] 🎯 Célzott Forgalom Generálása (R1C1_C) | Period: 7.3794
Found 6 valid OD pairs for R1C1_C
Generating focused traffic: Period 7.3794s
[INFO] Subscriptions active: 6 (libsumo, fast mode)
[INFO] Episode duration: 3600s (60 min)

[DEBUG] 🎯 Célzott Forgalom Generálása (R1C1_C) | Period: 4.5401
Found 6 valid OD pairs for R1C1_C
Generating focused traffic: Period 4.5401s
[INFO] Subscriptions active: 6 (libsumo, fast mode)
[INFO] Episode duration: 2700s (45 min)

[DEBUG] 🎯 Célzott Forgalom Generálása (R1C1_C) | Period: 4.6009
Found 6 valid OD pairs for R1C1_C
Generating focused traffic: Period 4.6009s
[INFO] Subscriptions active: 6 (libsumo, fast mode)
[INFO] Episode duration: 3600s (60 min)

[DEBUG] 🎯 Célzott Forgalom Generálása (R1C1_C) | Period: 6.4511
Found 6 valid OD pairs for R1C1_C
Generating focused traffic: Period 6.4511s
[INFO] Subscriptions active: 6 (libsumo, fast mode)
[INFO] Episode duration: 900s (15 min)

[DEBUG] 🎯 Célzott Forgalom Generálása (R1C1_C) | Period: 7.6574
Found 6 valid OD pairs for R1C1_C
Generating focused traffic: Period 7.6574s
[INFO] Subscriptions active: 6 (libsumo, fast mode)
[INFO] Episode duration: 3600s (60 min)

[DEBUG] 🎯 Célzott Forgalom Generálása (R1C1_C) | Period: 4.379
Found 6 valid OD pairs for R1C1_C
Generating focused traffic: Period 4.3790s
[INFO] Subscriptions active: 6 (libsumo, fast mode)
[INFO] Episode duration: 2700s (45 min)

[DEBUG] 🎯 Célzott Forgalom Generálása (R1C1_C) | Period: 5.804
Found 6 valid OD pairs for R1C1_C
Generating focused traffic: Period 5.8040s
[INFO] Subscriptions active: 6 (libsumo, fast mode)
[INFO] Episode duration: 3600s (60 min)

[DEBUG] 🎯 Célzott Forgalom Generálása (R1C1_C) | Period: 6.9163
Found 6 valid OD pairs for R1C1_C
Generating focused traffic: Period 6.9163s
[INFO] Subscriptions active: 6 (libsumo, fast mode)
[INFO] Episode duration: 2700s (45 min)

[DEBUG] 🎯 Célzott Forgalom Generálása (R1C1_C) | Period: 4.3269
Found 6 valid OD pairs for R1C1_C
Generating focused traffic: Period 4.3269s
[INFO] Subscriptions active: 6 (libsumo, fast mode)
[INFO] Episode duration: 900s (15 min)

[DEBUG] 🎯 Célzott Forgalom Generálása (R1C1_C) | Period: 7.9148
Found 6 valid OD pairs for R1C1_C
Generating focused traffic: Period 7.9148s
[INFO] Subscriptions active: 6 (libsumo, fast mode)
[INFO] Episode duration: 900s (15 min)

[DEBUG] 🎯 Célzott Forgalom Generálása (R1C1_C) | Period: 4.5506
Found 6 valid OD pairs for R1C1_C
Generating focused traffic: Period 4.5506s
[INFO] Subscriptions active: 6 (libsumo, fast mode)
[INFO] Episode duration: 2700s (45 min)

[DEBUG] 🎯 Célzott Forgalom Generálása (R1C1_C) | Period: 5.0603
Found 6 valid OD pairs for R1C1_C
Generating focused traffic: Period 5.0603s
[INFO] Subscriptions active: 6 (libsumo, fast mode)
[INFO] Episode duration: 3600s (60 min)

[DEBUG] 🎯 Célzott Forgalom Generálása (R1C1_C) | Period: 6.3032
Found 6 valid OD pairs for R1C1_C
Generating focused traffic: Period 6.3032s
[INFO] Subscriptions active: 6 (libsumo, fast mode)
[INFO] Episode duration: 900s (15 min)

[DEBUG] 🎯 Célzott Forgalom Generálása (R1C1_C) | Period: 5.8277
Found 6 valid OD pairs for R1C1_C
Generating focused traffic: Period 5.8277s
[INFO] Subscriptions active: 6 (libsumo, fast mode)
[INFO] Episode duration: 3600s (60 min)

[DEBUG] 🎯 Célzott Forgalom Generálása (R1C1_C) | Period: 5.4716
Found 6 valid OD pairs for R1C1_C
Generating focused traffic: Period 5.4716s
[INFO] Subscriptions active: 6 (libsumo, fast mode)
[INFO] Episode duration: 1800s (30 min)

[DEBUG] 🎯 Célzott Forgalom Generálása (R1C1_C) | Period: 6.4275
Found 6 valid OD pairs for R1C1_C
Generating focused traffic: Period 6.4275s
[INFO] Subscriptions active: 6 (libsumo, fast mode)
[INFO] Episode duration: 1800s (30 min)

[DEBUG] 🎯 Célzott Forgalom Generálása (R1C1_C) | Period: 6.2963
Found 6 valid OD pairs for R1C1_C
Generating focused traffic: Period 6.2963s
[INFO] Subscriptions active: 6 (libsumo, fast mode)
-----------------------------------------
| rollout/                |             |
|    ep_len_mean          | 428         |
|    ep_rew_mean          | 173         |
| time/                   |             |
|    fps                  | 115         |
|    iterations           | 30          |
|    time_elapsed         | 531         |
|    total_timesteps      | 61440       |
| train/                  |             |
|    approx_kl            | 0.001958191 |
|    clip_fraction        | 0           |
|    clip_range           | 0.2         |
|    entropy_loss         | -0.497      |
|    explained_variance   | -2.05e-05   |
|    learning_rate        | 0.0001      |
|    loss                 | 10.2        |
|    n_updates            | 290         |
|    policy_gradient_loss | -0.00125    |
|    value_loss           | 18.1        |
-----------------------------------------
[INFO] Episode duration: 900s (15 min)

[DEBUG] 🎯 Célzott Forgalom Generálása (R1C1_C) | Period: 6.7263
Found 6 valid OD pairs for R1C1_C
Generating focused traffic: Period 6.7263s
[INFO] Subscriptions active: 6 (libsumo, fast mode)
[INFO] Episode duration: 3600s (60 min)

[DEBUG] 🎯 Célzott Forgalom Generálása (R1C1_C) | Period: 4.9417
Found 6 valid OD pairs for R1C1_C
Generating focused traffic: Period 4.9417s
[INFO] Subscriptions active: 6 (libsumo, fast mode)
[INFO] Episode duration: 900s (15 min)

[DEBUG] 🎯 Célzott Forgalom Generálása (R1C1_C) | Period: 5.7574
Found 6 valid OD pairs for R1C1_C
Generating focused traffic: Period 5.7574s
[INFO] Subscriptions active: 6 (libsumo, fast mode)
[INFO] Episode duration: 900s (15 min)

[DEBUG] 🎯 Célzott Forgalom Generálása (R1C1_C) | Period: 6.9203
Found 6 valid OD pairs for R1C1_C
Generating focused traffic: Period 6.9203s
[INFO] Subscriptions active: 6 (libsumo, fast mode)
[INFO] Episode duration: 1800s (30 min)

[DEBUG] 🎯 Célzott Forgalom Generálása (R1C1_C) | Period: 6.5491
Found 6 valid OD pairs for R1C1_C
Generating focused traffic: Period 6.5491s
[INFO] Subscriptions active: 6 (libsumo, fast mode)
[INFO] Episode duration: 1800s (30 min)

[DEBUG] 🎯 Célzott Forgalom Generálása (R1C1_C) | Period: 4.828
Found 6 valid OD pairs for R1C1_C
Generating focused traffic: Period 4.8280s
[INFO] Subscriptions active: 6 (libsumo, fast mode)
[INFO] Episode duration: 900s (15 min)

[DEBUG] 🎯 Célzott Forgalom Generálása (R1C1_C) | Period: 7.1223
Found 6 valid OD pairs for R1C1_C
Generating focused traffic: Period 7.1223s
[INFO] Subscriptions active: 6 (libsumo, fast mode)
[INFO] Episode duration: 1800s (30 min)

[DEBUG] 🎯 Célzott Forgalom Generálása (R1C1_C) | Period: 6.6775
Found 6 valid OD pairs for R1C1_C
Generating focused traffic: Period 6.6775s
[INFO] Subscriptions active: 6 (libsumo, fast mode)
[INFO] Episode duration: 900s (15 min)

[DEBUG] 🎯 Célzott Forgalom Generálása (R1C1_C) | Period: 4.3138
Found 6 valid OD pairs for R1C1_C
Generating focused traffic: Period 4.3138s
[INFO] Subscriptions active: 6 (libsumo, fast mode)
[INFO] Episode duration: 3600s (60 min)

[DEBUG] 🎯 Célzott Forgalom Generálása (R1C1_C) | Period: 4.0071
Found 6 valid OD pairs for R1C1_C
Generating focused traffic: Period 4.0071s
[INFO] Subscriptions active: 6 (libsumo, fast mode)
[INFO] Episode duration: 1800s (30 min)

[DEBUG] 🎯 Célzott Forgalom Generálása (R1C1_C) | Period: 4.7661
Found 6 valid OD pairs for R1C1_C
Generating focused traffic: Period 4.7661s
[INFO] Subscriptions active: 6 (libsumo, fast mode)
[INFO] Episode duration: 900s (15 min)

[DEBUG] 🎯 Célzott Forgalom Generálása (R1C1_C) | Period: 6.6497
Found 6 valid OD pairs for R1C1_C
Generating focused traffic: Period 6.6497s
[INFO] Subscriptions active: 6 (libsumo, fast mode)
[INFO] Episode duration: 3600s (60 min)

[DEBUG] 🎯 Célzott Forgalom Generálása (R1C1_C) | Period: 5.0655
Found 6 valid OD pairs for R1C1_C
Generating focused traffic: Period 5.0655s
[INFO] Subscriptions active: 6 (libsumo, fast mode)
[INFO] Episode duration: 2700s (45 min)

[DEBUG] 🎯 Célzott Forgalom Generálása (R1C1_C) | Period: 4.973
Found 6 valid OD pairs for R1C1_C
Generating focused traffic: Period 4.9730s
[INFO] Subscriptions active: 6 (libsumo, fast mode)
[INFO] Episode duration: 900s (15 min)

[DEBUG] 🎯 Célzott Forgalom Generálása (R1C1_C) | Period: 4.6824
Found 6 valid OD pairs for R1C1_C
Generating focused traffic: Period 4.6824s
[INFO] Subscriptions active: 6 (libsumo, fast mode)
[INFO] Episode duration: 1800s (30 min)

[DEBUG] 🎯 Célzott Forgalom Generálása (R1C1_C) | Period: 4.063
Found 6 valid OD pairs for R1C1_C
Generating focused traffic: Period 4.0630s
[INFO] Subscriptions active: 6 (libsumo, fast mode)
[INFO] Episode duration: 900s (15 min)

[DEBUG] 🎯 Célzott Forgalom Generálása (R1C1_C) | Period: 4.6017
Found 6 valid OD pairs for R1C1_C
Generating focused traffic: Period 4.6017s
[INFO] Subscriptions active: 6 (libsumo, fast mode)
[INFO] Episode duration: 3600s (60 min)

[DEBUG] 🎯 Célzott Forgalom Generálása (R1C1_C) | Period: 5.9042
Found 6 valid OD pairs for R1C1_C
Generating focused traffic: Period 5.9042s
[INFO] Subscriptions active: 6 (libsumo, fast mode)
[INFO] Episode duration: 900s (15 min)

[DEBUG] 🎯 Célzott Forgalom Generálása (R1C1_C) | Period: 7.4733
Found 6 valid OD pairs for R1C1_C
Generating focused traffic: Period 7.4733s
[INFO] Subscriptions active: 6 (libsumo, fast mode)
[INFO] Episode duration: 3600s (60 min)

[DEBUG] 🎯 Célzott Forgalom Generálása (R1C1_C) | Period: 7.243
Found 6 valid OD pairs for R1C1_C
Generating focused traffic: Period 7.2430s
[INFO] Subscriptions active: 6 (libsumo, fast mode)
[INFO] Episode duration: 2700s (45 min)

[DEBUG] 🎯 Célzott Forgalom Generálása (R1C1_C) | Period: 7.3118
Found 6 valid OD pairs for R1C1_C
Generating focused traffic: Period 7.3118s
[INFO] Subscriptions active: 6 (libsumo, fast mode)
[INFO] Episode duration: 3600s (60 min)

[DEBUG] 🎯 Célzott Forgalom Generálása (R1C1_C) | Period: 6.3103
Found 6 valid OD pairs for R1C1_C
Generating focused traffic: Period 6.3103s
[INFO] Subscriptions active: 6 (libsumo, fast mode)
[INFO] Episode duration: 900s (15 min)

[DEBUG] 🎯 Célzott Forgalom Generálása (R1C1_C) | Period: 4.4251
Found 6 valid OD pairs for R1C1_C
Generating focused traffic: Period 4.4251s
[INFO] Subscriptions active: 6 (libsumo, fast mode)
[INFO] Episode duration: 3600s (60 min)

[DEBUG] 🎯 Célzott Forgalom Generálása (R1C1_C) | Period: 4.3544
Found 6 valid OD pairs for R1C1_C
Generating focused traffic: Period 4.3544s
[INFO] Subscriptions active: 6 (libsumo, fast mode)
[INFO] Episode duration: 3600s (60 min)

[DEBUG] 🎯 Célzott Forgalom Generálása (R1C1_C) | Period: 6.2201
Found 6 valid OD pairs for R1C1_C
Generating focused traffic: Period 6.2201s
[INFO] Subscriptions active: 6 (libsumo, fast mode)
[INFO] Episode duration: 1800s (30 min)

[DEBUG] 🎯 Célzott Forgalom Generálása (R1C1_C) | Period: 5.2036
Found 6 valid OD pairs for R1C1_C
Generating focused traffic: Period 5.2036s
[INFO] Subscriptions active: 6 (libsumo, fast mode)
[INFO] Episode duration: 900s (15 min)

[DEBUG] 🎯 Célzott Forgalom Generálása (R1C1_C) | Period: 4.4611
Found 6 valid OD pairs for R1C1_C
Generating focused traffic: Period 4.4611s
[INFO] Subscriptions active: 6 (libsumo, fast mode)
[INFO] Episode duration: 1800s (30 min)

[DEBUG] 🎯 Célzott Forgalom Generálása (R1C1_C) | Period: 6.5042
Found 6 valid OD pairs for R1C1_C
Generating focused traffic: Period 6.5042s
[INFO] Subscriptions active: 6 (libsumo, fast mode)
[INFO] Episode duration: 2700s (45 min)

[DEBUG] 🎯 Célzott Forgalom Generálása (R1C1_C) | Period: 5.9912
Found 6 valid OD pairs for R1C1_C
Generating focused traffic: Period 5.9912s
[INFO] Subscriptions active: 6 (libsumo, fast mode)
[INFO] Episode duration: 900s (15 min)

[DEBUG] 🎯 Célzott Forgalom Generálása (R1C1_C) | Period: 6.0731
Found 6 valid OD pairs for R1C1_C
Generating focused traffic: Period 6.0731s
[INFO] Subscriptions active: 6 (libsumo, fast mode)
[INFO] Episode duration: 3600s (60 min)

[DEBUG] 🎯 Célzott Forgalom Generálása (R1C1_C) | Period: 4.5471
Found 6 valid OD pairs for R1C1_C
Generating focused traffic: Period 4.5471s
[INFO] Subscriptions active: 6 (libsumo, fast mode)
[INFO] Episode duration: 900s (15 min)

[DEBUG] 🎯 Célzott Forgalom Generálása (R1C1_C) | Period: 6.7815
Found 6 valid OD pairs for R1C1_C
Generating focused traffic: Period 6.7815s
[INFO] Subscriptions active: 6 (libsumo, fast mode)
[INFO] Episode duration: 900s (15 min)

[DEBUG] 🎯 Célzott Forgalom Generálása (R1C1_C) | Period: 6.2302
Found 6 valid OD pairs for R1C1_C
Generating focused traffic: Period 6.2302s
[INFO] Subscriptions active: 6 (libsumo, fast mode)
[INFO] Episode duration: 2700s (45 min)

[DEBUG] 🎯 Célzott Forgalom Generálása (R1C1_C) | Period: 6.048
Found 6 valid OD pairs for R1C1_C
Generating focused traffic: Period 6.0480s
[INFO] Subscriptions active: 6 (libsumo, fast mode)
[INFO] Episode duration: 1800s (30 min)

[DEBUG] 🎯 Célzott Forgalom Generálása (R1C1_C) | Period: 6.1383
Found 6 valid OD pairs for R1C1_C
Generating focused traffic: Period 6.1383s
[INFO] Subscriptions active: 6 (libsumo, fast mode)
[INFO] Episode duration: 3600s (60 min)

[DEBUG] 🎯 Célzott Forgalom Generálása (R1C1_C) | Period: 5.9109
Found 6 valid OD pairs for R1C1_C
Generating focused traffic: Period 5.9109s
[INFO] Subscriptions active: 6 (libsumo, fast mode)
[INFO] Episode duration: 3600s (60 min)

[DEBUG] 🎯 Célzott Forgalom Generálása (R1C1_C) | Period: 4.0833
Found 6 valid OD pairs for R1C1_C
Generating focused traffic: Period 4.0833s
[INFO] Subscriptions active: 6 (libsumo, fast mode)
[INFO] Episode duration: 2700s (45 min)

[DEBUG] 🎯 Célzott Forgalom Generálása (R1C1_C) | Period: 6.3678
Found 6 valid OD pairs for R1C1_C
Generating focused traffic: Period 6.3678s
[INFO] Subscriptions active: 6 (libsumo, fast mode)
[INFO] Episode duration: 3600s (60 min)

[DEBUG] 🎯 Célzott Forgalom Generálása (R1C1_C) | Period: 5.3717
Found 6 valid OD pairs for R1C1_C
Generating focused traffic: Period 5.3717s
[INFO] Subscriptions active: 6 (libsumo, fast mode)
[INFO] Episode duration: 1800s (30 min)

[DEBUG] 🎯 Célzott Forgalom Generálása (R1C1_C) | Period: 6.328
Found 6 valid OD pairs for R1C1_C
Generating focused traffic: Period 6.3280s
[INFO] Subscriptions active: 6 (libsumo, fast mode)
[INFO] Episode duration: 1800s (30 min)

[DEBUG] 🎯 Célzott Forgalom Generálása (R1C1_C) | Period: 4.8957
Found 6 valid OD pairs for R1C1_C
Generating focused traffic: Period 4.8957s
[INFO] Subscriptions active: 6 (libsumo, fast mode)
[INFO] Episode duration: 3600s (60 min)

[DEBUG] 🎯 Célzott Forgalom Generálása (R1C1_C) | Period: 7.0055
Found 6 valid OD pairs for R1C1_C
Generating focused traffic: Period 7.0055s
[INFO] Subscriptions active: 6 (libsumo, fast mode)
[INFO] Episode duration: 3600s (60 min)

[DEBUG] 🎯 Célzott Forgalom Generálása (R1C1_C) | Period: 6.1004
Found 6 valid OD pairs for R1C1_C
Generating focused traffic: Period 6.1004s
[INFO] Subscriptions active: 6 (libsumo, fast mode)
[INFO] Episode duration: 2700s (45 min)

[DEBUG] 🎯 Célzott Forgalom Generálása (R1C1_C) | Period: 6.7547
Found 6 valid OD pairs for R1C1_C
Generating focused traffic: Period 6.7547s
[INFO] Subscriptions active: 6 (libsumo, fast mode)
[INFO] Episode duration: 3600s (60 min)

[DEBUG] 🎯 Célzott Forgalom Generálása (R1C1_C) | Period: 6.2708
Found 6 valid OD pairs for R1C1_C
Generating focused traffic: Period 6.2708s
[INFO] Subscriptions active: 6 (libsumo, fast mode)
[INFO] Episode duration: 1800s (30 min)

[DEBUG] 🎯 Célzott Forgalom Generálása (R1C1_C) | Period: 7.1446
Found 6 valid OD pairs for R1C1_C
Generating focused traffic: Period 7.1446s
[INFO] Subscriptions active: 6 (libsumo, fast mode)
------------------------------------------
| rollout/                |              |
|    ep_len_mean          | 459          |
|    ep_rew_mean          | 201          |
| time/                   |              |
|    fps                  | 114          |
|    iterations           | 40           |
|    time_elapsed         | 713          |
|    total_timesteps      | 81920        |
| train/                  |              |
|    approx_kl            | 0.0005567032 |
|    clip_fraction        | 0.00439      |
|    clip_range           | 0.2          |
|    entropy_loss         | -0.133       |
|    explained_variance   | -1.31e-06    |
|    learning_rate        | 0.0001       |
|    loss                 | 10.8         |
|    n_updates            | 390          |
|    policy_gradient_loss | -0.00185     |
|    value_loss           | 22.5         |
------------------------------------------
[INFO] Episode duration: 900s (15 min)

[DEBUG] 🎯 Célzott Forgalom Generálása (R1C1_C) | Period: 6.7377
Found 6 valid OD pairs for R1C1_C
Generating focused traffic: Period 6.7377s
[INFO] Subscriptions active: 6 (libsumo, fast mode)
[INFO] Episode duration: 3600s (60 min)

[DEBUG] 🎯 Célzott Forgalom Generálása (R1C1_C) | Period: 6.7762
Found 6 valid OD pairs for R1C1_C
Generating focused traffic: Period 6.7762s
[INFO] Subscriptions active: 6 (libsumo, fast mode)
[INFO] Episode duration: 1800s (30 min)

[DEBUG] 🎯 Célzott Forgalom Generálása (R1C1_C) | Period: 6.6856
Found 6 valid OD pairs for R1C1_C
Generating focused traffic: Period 6.6856s
[INFO] Subscriptions active: 6 (libsumo, fast mode)
[INFO] Episode duration: 900s (15 min)

[DEBUG] 🎯 Célzott Forgalom Generálása (R1C1_C) | Period: 4.2142
Found 6 valid OD pairs for R1C1_C
Generating focused traffic: Period 4.2142s
[INFO] Subscriptions active: 6 (libsumo, fast mode)
[INFO] Episode duration: 2700s (45 min)

[DEBUG] 🎯 Célzott Forgalom Generálása (R1C1_C) | Period: 4.7
Found 6 valid OD pairs for R1C1_C
Generating focused traffic: Period 4.7000s
[INFO] Subscriptions active: 6 (libsumo, fast mode)
[INFO] Episode duration: 900s (15 min)

[DEBUG] 🎯 Célzott Forgalom Generálása (R1C1_C) | Period: 5.9743
Found 6 valid OD pairs for R1C1_C
Generating focused traffic: Period 5.9743s
[INFO] Subscriptions active: 6 (libsumo, fast mode)
[INFO] Episode duration: 3600s (60 min)

[DEBUG] 🎯 Célzott Forgalom Generálása (R1C1_C) | Period: 7.9099
Found 6 valid OD pairs for R1C1_C
Generating focused traffic: Period 7.9099s
[INFO] Subscriptions active: 6 (libsumo, fast mode)
[INFO] Episode duration: 1800s (30 min)

[DEBUG] 🎯 Célzott Forgalom Generálása (R1C1_C) | Period: 4.7254
Found 6 valid OD pairs for R1C1_C
Generating focused traffic: Period 4.7254s
[INFO] Subscriptions active: 6 (libsumo, fast mode)
[INFO] Episode duration: 900s (15 min)

[DEBUG] 🎯 Célzott Forgalom Generálása (R1C1_C) | Period: 7.9769
Found 6 valid OD pairs for R1C1_C
Generating focused traffic: Period 7.9769s
[INFO] Subscriptions active: 6 (libsumo, fast mode)
[INFO] Episode duration: 2700s (45 min)

[DEBUG] 🎯 Célzott Forgalom Generálása (R1C1_C) | Period: 7.2309
Found 6 valid OD pairs for R1C1_C
Generating focused traffic: Period 7.2309s
[INFO] Subscriptions active: 6 (libsumo, fast mode)
[INFO] Episode duration: 900s (15 min)

[DEBUG] 🎯 Célzott Forgalom Generálása (R1C1_C) | Period: 6.6487
Found 6 valid OD pairs for R1C1_C
Generating focused traffic: Period 6.6487s
[INFO] Subscriptions active: 6 (libsumo, fast mode)
[INFO] Episode duration: 900s (15 min)

[DEBUG] 🎯 Célzott Forgalom Generálása (R1C1_C) | Period: 7.4224
Found 6 valid OD pairs for R1C1_C
Generating focused traffic: Period 7.4224s
[INFO] Subscriptions active: 6 (libsumo, fast mode)
[INFO] Episode duration: 2700s (45 min)

[DEBUG] 🎯 Célzott Forgalom Generálása (R1C1_C) | Period: 7.7216
Found 6 valid OD pairs for R1C1_C
Generating focused traffic: Period 7.7216s
[INFO] Subscriptions active: 6 (libsumo, fast mode)
[INFO] Episode duration: 3600s (60 min)

[DEBUG] 🎯 Célzott Forgalom Generálása (R1C1_C) | Period: 5.4095
Found 6 valid OD pairs for R1C1_C
Generating focused traffic: Period 5.4095s
[INFO] Subscriptions active: 6 (libsumo, fast mode)
[INFO] Episode duration: 3600s (60 min)

[DEBUG] 🎯 Célzott Forgalom Generálása (R1C1_C) | Period: 5.3643
Found 6 valid OD pairs for R1C1_C
Generating focused traffic: Period 5.3643s
[INFO] Subscriptions active: 6 (libsumo, fast mode)
[INFO] Episode duration: 2700s (45 min)

[DEBUG] 🎯 Célzott Forgalom Generálása (R1C1_C) | Period: 6.8909
Found 6 valid OD pairs for R1C1_C
Generating focused traffic: Period 6.8909s
[INFO] Subscriptions active: 6 (libsumo, fast mode)
[INFO] Episode duration: 900s (15 min)

[DEBUG] 🎯 Célzott Forgalom Generálása (R1C1_C) | Period: 5.2212
Found 6 valid OD pairs for R1C1_C
Generating focused traffic: Period 5.2212s
[INFO] Subscriptions active: 6 (libsumo, fast mode)
[INFO] Episode duration: 2700s (45 min)

[DEBUG] 🎯 Célzott Forgalom Generálása (R1C1_C) | Period: 6.6734
Found 6 valid OD pairs for R1C1_C
Generating focused traffic: Period 6.6734s
[INFO] Subscriptions active: 6 (libsumo, fast mode)
[INFO] Episode duration: 1800s (30 min)

[DEBUG] 🎯 Célzott Forgalom Generálása (R1C1_C) | Period: 6.2212
Found 6 valid OD pairs for R1C1_C
Generating focused traffic: Period 6.2212s
[INFO] Subscriptions active: 6 (libsumo, fast mode)
[INFO] Episode duration: 2700s (45 min)

[DEBUG] 🎯 Célzott Forgalom Generálása (R1C1_C) | Period: 4.4169
Found 6 valid OD pairs for R1C1_C
Generating focused traffic: Period 4.4169s
[INFO] Subscriptions active: 6 (libsumo, fast mode)
[INFO] Episode duration: 900s (15 min)

[DEBUG] 🎯 Célzott Forgalom Generálása (R1C1_C) | Period: 5.5269
Found 6 valid OD pairs for R1C1_C
Generating focused traffic: Period 5.5269s
[INFO] Subscriptions active: 6 (libsumo, fast mode)
[INFO] Episode duration: 3600s (60 min)

[DEBUG] 🎯 Célzott Forgalom Generálása (R1C1_C) | Period: 5.0563
Found 6 valid OD pairs for R1C1_C
Generating focused traffic: Period 5.0563s
[INFO] Subscriptions active: 6 (libsumo, fast mode)
[INFO] Episode duration: 2700s (45 min)

[DEBUG] 🎯 Célzott Forgalom Generálása (R1C1_C) | Period: 7.5626
Found 6 valid OD pairs for R1C1_C
Generating focused traffic: Period 7.5626s
[INFO] Subscriptions active: 6 (libsumo, fast mode)
[INFO] Episode duration: 2700s (45 min)

[DEBUG] 🎯 Célzott Forgalom Generálása (R1C1_C) | Period: 4.1424
Found 6 valid OD pairs for R1C1_C
Generating focused traffic: Period 4.1424s
[INFO] Subscriptions active: 6 (libsumo, fast mode)
[INFO] Episode duration: 900s (15 min)

[DEBUG] 🎯 Célzott Forgalom Generálása (R1C1_C) | Period: 4.4842
Found 6 valid OD pairs for R1C1_C
Generating focused traffic: Period 4.4842s
[INFO] Subscriptions active: 6 (libsumo, fast mode)
[INFO] Episode duration: 1800s (30 min)

[DEBUG] 🎯 Célzott Forgalom Generálása (R1C1_C) | Period: 6.4088
Found 6 valid OD pairs for R1C1_C
Generating focused traffic: Period 6.4088s
[INFO] Subscriptions active: 6 (libsumo, fast mode)
[INFO] Episode duration: 900s (15 min)

[DEBUG] 🎯 Célzott Forgalom Generálása (R1C1_C) | Period: 4.4857
Found 6 valid OD pairs for R1C1_C
Generating focused traffic: Period 4.4857s
[INFO] Subscriptions active: 6 (libsumo, fast mode)
[INFO] Episode duration: 900s (15 min)

[DEBUG] 🎯 Célzott Forgalom Generálása (R1C1_C) | Period: 5.496
Found 6 valid OD pairs for R1C1_C
Generating focused traffic: Period 5.4960s
[INFO] Subscriptions active: 6 (libsumo, fast mode)
[INFO] Episode duration: 2700s (45 min)

[DEBUG] 🎯 Célzott Forgalom Generálása (R1C1_C) | Period: 7.8073
Found 6 valid OD pairs for R1C1_C
Generating focused traffic: Period 7.8073s
[INFO] Subscriptions active: 6 (libsumo, fast mode)
[INFO] Episode duration: 900s (15 min)

[DEBUG] 🎯 Célzott Forgalom Generálása (R1C1_C) | Period: 5.8374
Found 6 valid OD pairs for R1C1_C
Generating focused traffic: Period 5.8374s
[INFO] Subscriptions active: 6 (libsumo, fast mode)
[INFO] Episode duration: 1800s (30 min)

[DEBUG] 🎯 Célzott Forgalom Generálása (R1C1_C) | Period: 6.5248
Found 6 valid OD pairs for R1C1_C
Generating focused traffic: Period 6.5248s
[INFO] Subscriptions active: 6 (libsumo, fast mode)
[INFO] Episode duration: 3600s (60 min)

[DEBUG] 🎯 Célzott Forgalom Generálása (R1C1_C) | Period: 6.6833
Found 6 valid OD pairs for R1C1_C
Generating focused traffic: Period 6.6833s
[INFO] Subscriptions active: 6 (libsumo, fast mode)
[INFO] Episode duration: 2700s (45 min)

[DEBUG] 🎯 Célzott Forgalom Generálása (R1C1_C) | Period: 4.5016
Found 6 valid OD pairs for R1C1_C
Generating focused traffic: Period 4.5016s
[INFO] Subscriptions active: 6 (libsumo, fast mode)
[INFO] Episode duration: 3600s (60 min)

[DEBUG] 🎯 Célzott Forgalom Generálása (R1C1_C) | Period: 5.9262
Found 6 valid OD pairs for R1C1_C
Generating focused traffic: Period 5.9262s
[INFO] Subscriptions active: 6 (libsumo, fast mode)
[INFO] Episode duration: 2700s (45 min)
wandb: WARNING Symlinked 1 file into the W&B run directory; call wandb.save again to sync new files.
/Users/wagnertamas/Documents/Munka/cikkek/AI_agens_konyvtar/support/intergreen_matrix_calculator/rl_trainer.py:857: UserWarning: Exporting a model while it is in training mode. Please ensure that this is intended, as it may lead to different behavior during inference. Calling model.eval() before export is recommended.
  torch.onnx.export(
/Users/wagnertamas/Documents/Munka/cikkek/AI_agens_konyvtar/support/intergreen_matrix_calculator/rl_trainer.py:857: UserWarning: # 'dynamic_axes' is not recommended when dynamo=True, and may lead to 'torch._dynamo.exc.UserError: Constraints violated.' Supply the 'dynamic_shapes' argument instead if export is unsuccessful.
  torch.onnx.export(
wandb: updating run metadata
wandb: uploading pytorch_models/R1C1_C.zip; uploading output.log
wandb: 
wandb: Run history:
wandb:         R1C1_C/action_pct/phase_0 █▇▇▇▅▆▆▅▅▆▆▅▅▄▃▅▄▄▄▃▃▂▂▂▂▂▁▁▁▁▁▁▁▁▁▁▁▁▁▁
wandb:         R1C1_C/action_pct/phase_1 ▇█▇██▇▇▇▆▆▅▅▆▅▄▄▄▄▄▃▃▂▂▂▂▂▂▁▁▁▁▁▁▁▁▁▁▁▁▁
wandb:         R1C1_C/action_pct/phase_2 ▁▁▁▁▂▂▂▂▂▂▂▂▃▄▃▄▃▃▃▅▆▆▆▇▇▇▇▇▇▇██████████
wandb:         R1C1_C/action_pct/phase_3 ▇▆▇▆▇▆▆▆▆▇▇█▇▆▇▆▇▇█▆▅▄▄▄▃▂▂▂▃▂▁▁▁▁▁▁▁▁▁▁
wandb:         R1C1_C/train/entropy_loss ▁▁▁▁▁▁▁▁▁▁▁▁▁▂▂▂▂▃▃▄▅▅▅▆▆▆▆▇▇▇▇▇▇███████
wandb:        R1C1_C/train/learning_rate ▁▁▁▁▁▁▁▁▁▁▁▁▁▁▁▁▁▁▁▁▁▁▁▁▁▁▁▁▁▁▁▁▁▁▁▁▁▁▁▁
wandb:                 R1C1_C/train/loss ▄▄▂▅▂▇▆▃▃▆▆▄▄▄▄▄▄▄▂▂▂▅▂▃▃▁▅▂▂▂▃▆▅▂▂███▆▁
wandb: R1C1_C/train/policy_gradient_loss ▇▇▇██▇▇▇▇▇▅▅▆▇▇▆▆▂▂▃▁▆▆▆▆▇▇▆▇▅▆▆▆▇██▆▇██
wandb:           R1C1_C/train/value_loss ▆▆▇▃▇▁▅▅▅▅█▆▇▄▄▃▁▁▃▃▅▃▅▃▄▄▆▆▆▆▅▆▆▇▇▅█▄▃▃
wandb:                        avg_reward ▂▆▇▆▂▃▅▁▅▅▅▅▃▄▇▄▄▄▅▅▅▅▆▆▅▄▆▇▇▆▅█▇▇▆▅█▆▅▇
wandb:                                +9 ...
wandb: 
wandb: Run summary:
wandb:         R1C1_C/action_pct/phase_0 0.55556
wandb:         R1C1_C/action_pct/phase_1 0.92593
wandb:         R1C1_C/action_pct/phase_2 98.88889
wandb:         R1C1_C/action_pct/phase_3 0.18519
wandb:         R1C1_C/train/entropy_loss -0.05464
wandb:        R1C1_C/train/learning_rate 0.0001
wandb:                 R1C1_C/train/loss 4.1301
wandb: R1C1_C/train/policy_gradient_loss -0.00023
wandb:           R1C1_C/train/value_loss 18.52544
wandb:                        avg_reward 0.45515
wandb:                                +9 ...
wandb: 
wandb: 🚀 View run ppo_co2_speedstd_2x8_2_R1C1_C at: https://wandb.ai/wagnertamas-budapesti-m-szaki-s-gazdas-gtudom-nyi-egyetem/sumo-rl-stat/runs/r7kkwwir
wandb: ⭐️ View project at: https://wandb.ai/wagnertamas-budapesti-m-szaki-s-gazdas-gtudom-nyi-egyetem/sumo-rl-stat
wandb: Synced 5 W&B file(s), 0 media file(s), 0 artifact file(s) and 1 other file(s)
wandb: Find logs at: ./wandb/run-20260322_001427-r7kkwwir/logs

[DEBUG] 🎯 Célzott Forgalom Generálása (R1C1_C) | Period: 5.0839
Found 6 valid OD pairs for R1C1_C
Generating focused traffic: Period 5.0839s
[INFO] Subscriptions active: 6 (libsumo, fast mode)
[INFO] Episode duration: 3600s (60 min)

[DEBUG] 🎯 Célzott Forgalom Generálása (R1C1_C) | Period: 6.7234
Found 6 valid OD pairs for R1C1_C
Generating focused traffic: Period 6.7234s
[INFO] Subscriptions active: 6 (libsumo, fast mode)
[INFO] Episode duration: 3600s (60 min)

[DEBUG] 🎯 Célzott Forgalom Generálása (R1C1_C) | Period: 5.0828
Found 6 valid OD pairs for R1C1_C
Generating focused traffic: Period 5.0828s
[INFO] Subscriptions active: 6 (libsumo, fast mode)
[INFO] Episode duration: 3600s (60 min)

[DEBUG] 🎯 Célzott Forgalom Generálása (R1C1_C) | Period: 4.6612
Found 6 valid OD pairs for R1C1_C
Generating focused traffic: Period 4.6612s
[INFO] Subscriptions active: 6 (libsumo, fast mode)
[INFO] Episode duration: 3600s (60 min)

[DEBUG] 🎯 Célzott Forgalom Generálása (R1C1_C) | Period: 6.458
Found 6 valid OD pairs for R1C1_C
Generating focused traffic: Period 6.4580s
[INFO] Subscriptions active: 6 (libsumo, fast mode)
[INFO] Episode duration: 3600s (60 min)

[DEBUG] 🎯 Célzott Forgalom Generálása (R1C1_C) | Period: 4.7277
Found 6 valid OD pairs for R1C1_C
Generating focused traffic: Period 4.7277s
[INFO] Subscriptions active: 6 (libsumo, fast mode)
On-policy training completed.
Closing environment and EXPORTING models...
Saving PyTorch ZIP models to /Users/wagnertamas/Documents/Munka/cikkek/AI_agens_konyvtar/support/intergreen_matrix_calculator/data/runs/pytorch_models...
Saved PyTorch R1C1_C to /Users/wagnertamas/Documents/Munka/cikkek/AI_agens_konyvtar/support/intergreen_matrix_calculator/data/runs/pytorch_models/R1C1_C.zip
Exporting ONNX models to /Users/wagnertamas/Documents/Munka/cikkek/AI_agens_konyvtar/support/intergreen_matrix_calculator/data/runs/onnx_models...
Failed to export R1C1_C: # Failed to convert 'dynamic_axes' to 'dynamic_shapes'. Please provide 'dynamic_shapes' directly. Refer to the documentation for 'torch.export.export' for more information on dynamic shapes.
Cleanup done.
