wandb: [wandb.login()] Loaded credentials for https://api.wandb.ai from /Users/wagnertamas/.netrc.
wandb: Currently logged in as: wagnertamas (wagnertamas-budapesti-m-szaki-s-gazdas-gtudom-nyi-egyetem) to https://api.wandb.ai. Use `wandb login --relogin` to force relogin
wandb: setting up run 9uhrkflq
wandb: Tracking run with wandb version 0.25.0
wandb: Run data is saved locally in /Users/wagnertamas/Documents/Munka/cikkek/AI_agens_konyvtar/support/intergreen_matrix_calculator/wandb/run-20260322_002801-9uhrkflq
wandb: Run `wandb offline` to turn off syncing.
wandb: Syncing run ppo_co2_speedstd_2x32_2_R1C1_C
wandb: ⭐️ View project at https://wandb.ai/wagnertamas-budapesti-m-szaki-s-gazdas-gtudom-nyi-egyetem/sumo-rl-stat
wandb: 🚀 View run at https://wandb.ai/wagnertamas-budapesti-m-szaki-s-gazdas-gtudom-nyi-egyetem/sumo-rl-stat/runs/9uhrkflq
[INFO] Config: training_config.yaml
[INFO] Net: /Users/wagnertamas/Documents/Munka/cikkek/AI_agens_konyvtar/support/intergreen_matrix_calculator/data/mega_catalogue_v2.net.xml
[INFO] Timesteps: 100000 | Project: sumo-rl-stat
[INFO] Junction: R1C1_C
[INFO] Algorithm: ppo | Reward: co2_speedstd
[INFO] Load model: None (fresh)
[INFO] Traffic: random target+spread (epizódonként)
Initializing Environment (algorithm=ppo, reward=co2_speedstd)...
[INFO] Algorithm: ppo (on_policy)
[INFO] Reward mode: co2_speedstd
WandB config applied (Sweep compatible).
[INFO] Junction reward params auto-loaded from /Users/wagnertamas/Documents/Munka/cikkek/AI_agens_konyvtar/support/intergreen_matrix_calculator/data/junction_reward_params.json
[INFO] Using 'libsumo' (fast headless mode, OS=darwin).
Starting SUMO...
[INFO] Episode duration: 900s (15 min)

[DEBUG] 🎯 Célzott Forgalom Generálása (R1C1_C) | Period: 4.4005
Found 6 valid OD pairs for R1C1_C
Generating focused traffic: Period 4.4005s
[INFO] Network mapped: 1 agents, 3 detectors, 3 lanes
[INFO] Subscriptions active: 6 (libsumo, fast mode)
Agents discovered: ['R1C1_C']
[INFO] RL device: mps
[INFO] On-policy training: ppo → R1C1_C
Using mps device
Wrapping the env with a `Monitor` wrapper
Wrapping the env in a DummyVecEnv.
Starting on-policy training: 100000 timesteps...
[INFO] Episode duration: 1800s (30 min)

[DEBUG] 🎯 Célzott Forgalom Generálása (R1C1_C) | Period: 4.3818
Found 6 valid OD pairs for R1C1_C
Generating focused traffic: Period 4.3818s
[INFO] Subscriptions active: 6 (libsumo, fast mode)
Logging to /Users/wagnertamas/Documents/Munka/cikkek/AI_agens_konyvtar/support/intergreen_matrix_calculator/data/runs/sumo-rl-stat/R1C1_C/PPO_159
[INFO] Episode duration: 1800s (30 min)

[DEBUG] 🎯 Célzott Forgalom Generálása (R1C1_C) | Period: 5.2983
Found 6 valid OD pairs for R1C1_C
Generating focused traffic: Period 5.2983s
[INFO] Subscriptions active: 6 (libsumo, fast mode)
[INFO] Episode duration: 900s (15 min)

[DEBUG] 🎯 Célzott Forgalom Generálása (R1C1_C) | Period: 5.7842
Found 6 valid OD pairs for R1C1_C
Generating focused traffic: Period 5.7842s
[INFO] Subscriptions active: 6 (libsumo, fast mode)
[INFO] Episode duration: 900s (15 min)

[DEBUG] 🎯 Célzott Forgalom Generálása (R1C1_C) | Period: 6.6547
Found 6 valid OD pairs for R1C1_C
Generating focused traffic: Period 6.6547s
[INFO] Subscriptions active: 6 (libsumo, fast mode)
[INFO] Episode duration: 900s (15 min)

[DEBUG] 🎯 Célzott Forgalom Generálása (R1C1_C) | Period: 4.8019
Found 6 valid OD pairs for R1C1_C
Generating focused traffic: Period 4.8019s
[INFO] Subscriptions active: 6 (libsumo, fast mode)
[INFO] Episode duration: 2700s (45 min)

[DEBUG] 🎯 Célzott Forgalom Generálása (R1C1_C) | Period: 4.9254
Found 6 valid OD pairs for R1C1_C
Generating focused traffic: Period 4.9254s
[INFO] Subscriptions active: 6 (libsumo, fast mode)
[INFO] Episode duration: 3600s (60 min)

[DEBUG] 🎯 Célzott Forgalom Generálása (R1C1_C) | Period: 4.9335
Found 6 valid OD pairs for R1C1_C
Generating focused traffic: Period 4.9335s
[INFO] Subscriptions active: 6 (libsumo, fast mode)
[INFO] Episode duration: 3600s (60 min)

[DEBUG] 🎯 Célzott Forgalom Generálása (R1C1_C) | Period: 7.7523
Found 6 valid OD pairs for R1C1_C
Generating focused traffic: Period 7.7523s
[INFO] Subscriptions active: 6 (libsumo, fast mode)
[INFO] Episode duration: 2700s (45 min)

[DEBUG] 🎯 Célzott Forgalom Generálása (R1C1_C) | Period: 6.0962
Found 6 valid OD pairs for R1C1_C
Generating focused traffic: Period 6.0962s
[INFO] Subscriptions active: 6 (libsumo, fast mode)
[INFO] Episode duration: 2700s (45 min)

[DEBUG] 🎯 Célzott Forgalom Generálása (R1C1_C) | Period: 6.4147
Found 6 valid OD pairs for R1C1_C
Generating focused traffic: Period 6.4147s
[INFO] Subscriptions active: 6 (libsumo, fast mode)
[INFO] Episode duration: 1800s (30 min)

[DEBUG] 🎯 Célzott Forgalom Generálása (R1C1_C) | Period: 4.3381
Found 6 valid OD pairs for R1C1_C
Generating focused traffic: Period 4.3381s
[INFO] Subscriptions active: 6 (libsumo, fast mode)
[INFO] Episode duration: 900s (15 min)

[DEBUG] 🎯 Célzott Forgalom Generálása (R1C1_C) | Period: 4.6827
Found 6 valid OD pairs for R1C1_C
Generating focused traffic: Period 4.6827s
[INFO] Subscriptions active: 6 (libsumo, fast mode)
[INFO] Episode duration: 900s (15 min)

[DEBUG] 🎯 Célzott Forgalom Generálása (R1C1_C) | Period: 6.4613
Found 6 valid OD pairs for R1C1_C
Generating focused traffic: Period 6.4613s
[INFO] Subscriptions active: 6 (libsumo, fast mode)
[INFO] Episode duration: 900s (15 min)

[DEBUG] 🎯 Célzott Forgalom Generálása (R1C1_C) | Period: 6.4072
Found 6 valid OD pairs for R1C1_C
Generating focused traffic: Period 6.4072s
[INFO] Subscriptions active: 6 (libsumo, fast mode)
[INFO] Episode duration: 3600s (60 min)

[DEBUG] 🎯 Célzott Forgalom Generálása (R1C1_C) | Period: 7.3326
Found 6 valid OD pairs for R1C1_C
Generating focused traffic: Period 7.3326s
[INFO] Subscriptions active: 6 (libsumo, fast mode)
[INFO] Episode duration: 1800s (30 min)

[DEBUG] 🎯 Célzott Forgalom Generálása (R1C1_C) | Period: 4.4335
Found 6 valid OD pairs for R1C1_C
Generating focused traffic: Period 4.4335s
[INFO] Subscriptions active: 6 (libsumo, fast mode)
[INFO] Episode duration: 900s (15 min)

[DEBUG] 🎯 Célzott Forgalom Generálása (R1C1_C) | Period: 7.1015
Found 6 valid OD pairs for R1C1_C
Generating focused traffic: Period 7.1015s
[INFO] Subscriptions active: 6 (libsumo, fast mode)
[INFO] Episode duration: 2700s (45 min)

[DEBUG] 🎯 Célzott Forgalom Generálása (R1C1_C) | Period: 7.8545
Found 6 valid OD pairs for R1C1_C
Generating focused traffic: Period 7.8545s
[INFO] Subscriptions active: 6 (libsumo, fast mode)
[INFO] Episode duration: 900s (15 min)

[DEBUG] 🎯 Célzott Forgalom Generálása (R1C1_C) | Period: 7.9534
Found 6 valid OD pairs for R1C1_C
Generating focused traffic: Period 7.9534s
[INFO] Subscriptions active: 6 (libsumo, fast mode)
[INFO] Episode duration: 900s (15 min)

[DEBUG] 🎯 Célzott Forgalom Generálása (R1C1_C) | Period: 5.8523
Found 6 valid OD pairs for R1C1_C
Generating focused traffic: Period 5.8523s
[INFO] Subscriptions active: 6 (libsumo, fast mode)
[INFO] Episode duration: 2700s (45 min)

[DEBUG] 🎯 Célzott Forgalom Generálása (R1C1_C) | Period: 7.4267
Found 6 valid OD pairs for R1C1_C
Generating focused traffic: Period 7.4267s
[INFO] Subscriptions active: 6 (libsumo, fast mode)
[INFO] Episode duration: 2700s (45 min)

[DEBUG] 🎯 Célzott Forgalom Generálása (R1C1_C) | Period: 6.7772
Found 6 valid OD pairs for R1C1_C
Generating focused traffic: Period 6.7772s
[INFO] Subscriptions active: 6 (libsumo, fast mode)
[INFO] Episode duration: 900s (15 min)

[DEBUG] 🎯 Célzott Forgalom Generálása (R1C1_C) | Period: 5.049
Found 6 valid OD pairs for R1C1_C
Generating focused traffic: Period 5.0490s
[INFO] Subscriptions active: 6 (libsumo, fast mode)
[INFO] Episode duration: 3600s (60 min)

[DEBUG] 🎯 Célzott Forgalom Generálása (R1C1_C) | Period: 7.3446
Found 6 valid OD pairs for R1C1_C
Generating focused traffic: Period 7.3446s
[INFO] Subscriptions active: 6 (libsumo, fast mode)
[INFO] Episode duration: 2700s (45 min)

[DEBUG] 🎯 Célzott Forgalom Generálása (R1C1_C) | Period: 6.5907
Found 6 valid OD pairs for R1C1_C
Generating focused traffic: Period 6.5907s
[INFO] Subscriptions active: 6 (libsumo, fast mode)
[INFO] Episode duration: 900s (15 min)

[DEBUG] 🎯 Célzott Forgalom Generálása (R1C1_C) | Period: 4.1847
Found 6 valid OD pairs for R1C1_C
Generating focused traffic: Period 4.1847s
[INFO] Subscriptions active: 6 (libsumo, fast mode)
[INFO] Episode duration: 1800s (30 min)

[DEBUG] 🎯 Célzott Forgalom Generálása (R1C1_C) | Period: 7.3917
Found 6 valid OD pairs for R1C1_C
Generating focused traffic: Period 7.3917s
[INFO] Subscriptions active: 6 (libsumo, fast mode)
[INFO] Episode duration: 2700s (45 min)

[DEBUG] 🎯 Célzott Forgalom Generálása (R1C1_C) | Period: 5.3207
Found 6 valid OD pairs for R1C1_C
Generating focused traffic: Period 5.3207s
[INFO] Subscriptions active: 6 (libsumo, fast mode)
[INFO] Episode duration: 2700s (45 min)

[DEBUG] 🎯 Célzott Forgalom Generálása (R1C1_C) | Period: 6.2407
Found 6 valid OD pairs for R1C1_C
Generating focused traffic: Period 6.2407s
[INFO] Subscriptions active: 6 (libsumo, fast mode)
[INFO] Episode duration: 2700s (45 min)

[DEBUG] 🎯 Célzott Forgalom Generálása (R1C1_C) | Period: 7.2655
Found 6 valid OD pairs for R1C1_C
Generating focused traffic: Period 7.2655s
[INFO] Subscriptions active: 6 (libsumo, fast mode)
[INFO] Episode duration: 1800s (30 min)

[DEBUG] 🎯 Célzott Forgalom Generálása (R1C1_C) | Period: 5.718
Found 6 valid OD pairs for R1C1_C
Generating focused traffic: Period 5.7180s
[INFO] Subscriptions active: 6 (libsumo, fast mode)
[INFO] Episode duration: 1800s (30 min)

[DEBUG] 🎯 Célzott Forgalom Generálása (R1C1_C) | Period: 4.2947
Found 6 valid OD pairs for R1C1_C
Generating focused traffic: Period 4.2947s
[INFO] Subscriptions active: 6 (libsumo, fast mode)
[INFO] Episode duration: 1800s (30 min)

[DEBUG] 🎯 Célzott Forgalom Generálása (R1C1_C) | Period: 4.5103
Found 6 valid OD pairs for R1C1_C
Generating focused traffic: Period 4.5103s
[INFO] Subscriptions active: 6 (libsumo, fast mode)
[INFO] Episode duration: 3600s (60 min)

[DEBUG] 🎯 Célzott Forgalom Generálása (R1C1_C) | Period: 7.8745
Found 6 valid OD pairs for R1C1_C
Generating focused traffic: Period 7.8745s
[INFO] Subscriptions active: 6 (libsumo, fast mode)
[INFO] Episode duration: 900s (15 min)

[DEBUG] 🎯 Célzott Forgalom Generálása (R1C1_C) | Period: 7.85
Found 6 valid OD pairs for R1C1_C
Generating focused traffic: Period 7.8500s
[INFO] Subscriptions active: 6 (libsumo, fast mode)
[INFO] Episode duration: 1800s (30 min)

[DEBUG] 🎯 Célzott Forgalom Generálása (R1C1_C) | Period: 6.7955
Found 6 valid OD pairs for R1C1_C
Generating focused traffic: Period 6.7955s
[INFO] Subscriptions active: 6 (libsumo, fast mode)
[INFO] Episode duration: 900s (15 min)

[DEBUG] 🎯 Célzott Forgalom Generálása (R1C1_C) | Period: 7.1202
Found 6 valid OD pairs for R1C1_C
Generating focused traffic: Period 7.1202s
[INFO] Subscriptions active: 6 (libsumo, fast mode)
[INFO] Episode duration: 1800s (30 min)

[DEBUG] 🎯 Célzott Forgalom Generálása (R1C1_C) | Period: 5.5411
Found 6 valid OD pairs for R1C1_C
Generating focused traffic: Period 5.5411s
[INFO] Subscriptions active: 6 (libsumo, fast mode)
[INFO] Episode duration: 2700s (45 min)

[DEBUG] 🎯 Célzott Forgalom Generálása (R1C1_C) | Period: 6.7914
Found 6 valid OD pairs for R1C1_C
Generating focused traffic: Period 6.7914s
[INFO] Subscriptions active: 6 (libsumo, fast mode)
[INFO] Episode duration: 3600s (60 min)

[DEBUG] 🎯 Célzott Forgalom Generálása (R1C1_C) | Period: 4.8077
Found 6 valid OD pairs for R1C1_C
Generating focused traffic: Period 4.8077s
[INFO] Subscriptions active: 6 (libsumo, fast mode)
[INFO] Episode duration: 1800s (30 min)

[DEBUG] 🎯 Célzott Forgalom Generálása (R1C1_C) | Period: 5.6573
Found 6 valid OD pairs for R1C1_C
Generating focused traffic: Period 5.6573s
[INFO] Subscriptions active: 6 (libsumo, fast mode)
[INFO] Episode duration: 900s (15 min)

[DEBUG] 🎯 Célzott Forgalom Generálása (R1C1_C) | Period: 5.0213
Found 6 valid OD pairs for R1C1_C
Generating focused traffic: Period 5.0213s
[INFO] Subscriptions active: 6 (libsumo, fast mode)
[INFO] Episode duration: 2700s (45 min)

[DEBUG] 🎯 Célzott Forgalom Generálása (R1C1_C) | Period: 5.83
Found 6 valid OD pairs for R1C1_C
Generating focused traffic: Period 5.8300s
[INFO] Subscriptions active: 6 (libsumo, fast mode)
[INFO] Episode duration: 2700s (45 min)

[DEBUG] 🎯 Célzott Forgalom Generálása (R1C1_C) | Period: 5.5269
Found 6 valid OD pairs for R1C1_C
Generating focused traffic: Period 5.5269s
[INFO] Subscriptions active: 6 (libsumo, fast mode)
[INFO] Episode duration: 1800s (30 min)

[DEBUG] 🎯 Célzott Forgalom Generálása (R1C1_C) | Period: 5.1388
Found 6 valid OD pairs for R1C1_C
Generating focused traffic: Period 5.1388s
[INFO] Subscriptions active: 6 (libsumo, fast mode)
[INFO] Episode duration: 3600s (60 min)

[DEBUG] 🎯 Célzott Forgalom Generálása (R1C1_C) | Period: 7.4796
Found 6 valid OD pairs for R1C1_C
Generating focused traffic: Period 7.4796s
[INFO] Subscriptions active: 6 (libsumo, fast mode)
[INFO] Episode duration: 3600s (60 min)

[DEBUG] 🎯 Célzott Forgalom Generálása (R1C1_C) | Period: 7.3699
Found 6 valid OD pairs for R1C1_C
Generating focused traffic: Period 7.3699s
[INFO] Subscriptions active: 6 (libsumo, fast mode)
[INFO] Episode duration: 900s (15 min)

[DEBUG] 🎯 Célzott Forgalom Generálása (R1C1_C) | Period: 4.9803
Found 6 valid OD pairs for R1C1_C
Generating focused traffic: Period 4.9803s
[INFO] Subscriptions active: 6 (libsumo, fast mode)
[INFO] Episode duration: 3600s (60 min)

[DEBUG] 🎯 Célzott Forgalom Generálása (R1C1_C) | Period: 7.5086
Found 6 valid OD pairs for R1C1_C
Generating focused traffic: Period 7.5086s
[INFO] Subscriptions active: 6 (libsumo, fast mode)
------------------------------------------
| rollout/                |              |
|    ep_len_mean          | 412          |
|    ep_rew_mean          | 149          |
| time/                   |              |
|    fps                  | 117          |
|    iterations           | 10           |
|    time_elapsed         | 174          |
|    total_timesteps      | 20480        |
| train/                  |              |
|    approx_kl            | 0.0069902767 |
|    clip_fraction        | 0.0192       |
|    clip_range           | 0.2          |
|    entropy_loss         | -1.36        |
|    explained_variance   | -0.00111     |
|    learning_rate        | 0.0001       |
|    loss                 | 4.99         |
|    n_updates            | 90           |
|    policy_gradient_loss | -0.00438     |
|    value_loss           | 12.2         |
------------------------------------------
[INFO] Episode duration: 2700s (45 min)

[DEBUG] 🎯 Célzott Forgalom Generálása (R1C1_C) | Period: 7.605
Found 6 valid OD pairs for R1C1_C
Generating focused traffic: Period 7.6050s
[INFO] Subscriptions active: 6 (libsumo, fast mode)
[INFO] Episode duration: 3600s (60 min)

[DEBUG] 🎯 Célzott Forgalom Generálása (R1C1_C) | Period: 4.4986
Found 6 valid OD pairs for R1C1_C
Generating focused traffic: Period 4.4986s
[INFO] Subscriptions active: 6 (libsumo, fast mode)
[INFO] Episode duration: 3600s (60 min)

[DEBUG] 🎯 Célzott Forgalom Generálása (R1C1_C) | Period: 7.948
Found 6 valid OD pairs for R1C1_C
Generating focused traffic: Period 7.9480s
[INFO] Subscriptions active: 6 (libsumo, fast mode)
[INFO] Episode duration: 3600s (60 min)

[DEBUG] 🎯 Célzott Forgalom Generálása (R1C1_C) | Period: 5.4179
Found 6 valid OD pairs for R1C1_C
Generating focused traffic: Period 5.4179s
[INFO] Subscriptions active: 6 (libsumo, fast mode)
[INFO] Episode duration: 3600s (60 min)

[DEBUG] 🎯 Célzott Forgalom Generálása (R1C1_C) | Period: 6.4966
Found 6 valid OD pairs for R1C1_C
Generating focused traffic: Period 6.4966s
[INFO] Subscriptions active: 6 (libsumo, fast mode)
[INFO] Episode duration: 1800s (30 min)

[DEBUG] 🎯 Célzott Forgalom Generálása (R1C1_C) | Period: 6.4482
Found 6 valid OD pairs for R1C1_C
Generating focused traffic: Period 6.4482s
[INFO] Subscriptions active: 6 (libsumo, fast mode)
[INFO] Episode duration: 900s (15 min)

[DEBUG] 🎯 Célzott Forgalom Generálása (R1C1_C) | Period: 6.1326
Found 6 valid OD pairs for R1C1_C
Generating focused traffic: Period 6.1326s
[INFO] Subscriptions active: 6 (libsumo, fast mode)
[INFO] Episode duration: 3600s (60 min)

[DEBUG] 🎯 Célzott Forgalom Generálása (R1C1_C) | Period: 4.5574
Found 6 valid OD pairs for R1C1_C
Generating focused traffic: Period 4.5574s
[INFO] Subscriptions active: 6 (libsumo, fast mode)
[INFO] Episode duration: 1800s (30 min)

[DEBUG] 🎯 Célzott Forgalom Generálása (R1C1_C) | Period: 6.2064
Found 6 valid OD pairs for R1C1_C
Generating focused traffic: Period 6.2064s
[INFO] Subscriptions active: 6 (libsumo, fast mode)
[INFO] Episode duration: 3600s (60 min)

[DEBUG] 🎯 Célzott Forgalom Generálása (R1C1_C) | Period: 6.7753
Found 6 valid OD pairs for R1C1_C
Generating focused traffic: Period 6.7753s
[INFO] Subscriptions active: 6 (libsumo, fast mode)
[INFO] Episode duration: 1800s (30 min)

[DEBUG] 🎯 Célzott Forgalom Generálása (R1C1_C) | Period: 5.4924
Found 6 valid OD pairs for R1C1_C
Generating focused traffic: Period 5.4924s
[INFO] Subscriptions active: 6 (libsumo, fast mode)
[INFO] Episode duration: 3600s (60 min)

[DEBUG] 🎯 Célzott Forgalom Generálása (R1C1_C) | Period: 4.8744
Found 6 valid OD pairs for R1C1_C
Generating focused traffic: Period 4.8744s
[INFO] Subscriptions active: 6 (libsumo, fast mode)
[INFO] Episode duration: 900s (15 min)

[DEBUG] 🎯 Célzott Forgalom Generálása (R1C1_C) | Period: 5.7667
Found 6 valid OD pairs for R1C1_C
Generating focused traffic: Period 5.7667s
[INFO] Subscriptions active: 6 (libsumo, fast mode)
[INFO] Episode duration: 1800s (30 min)

[DEBUG] 🎯 Célzott Forgalom Generálása (R1C1_C) | Period: 7.8837
Found 6 valid OD pairs for R1C1_C
Generating focused traffic: Period 7.8837s
[INFO] Subscriptions active: 6 (libsumo, fast mode)
[INFO] Episode duration: 3600s (60 min)

[DEBUG] 🎯 Célzott Forgalom Generálása (R1C1_C) | Period: 5.6575
Found 6 valid OD pairs for R1C1_C
Generating focused traffic: Period 5.6575s
[INFO] Subscriptions active: 6 (libsumo, fast mode)
[INFO] Episode duration: 900s (15 min)

[DEBUG] 🎯 Célzott Forgalom Generálása (R1C1_C) | Period: 6.9353
Found 6 valid OD pairs for R1C1_C
Generating focused traffic: Period 6.9353s
[INFO] Subscriptions active: 6 (libsumo, fast mode)
[INFO] Episode duration: 900s (15 min)

[DEBUG] 🎯 Célzott Forgalom Generálása (R1C1_C) | Period: 4.6196
Found 6 valid OD pairs for R1C1_C
Generating focused traffic: Period 4.6196s
[INFO] Subscriptions active: 6 (libsumo, fast mode)
[INFO] Episode duration: 2700s (45 min)

[DEBUG] 🎯 Célzott Forgalom Generálása (R1C1_C) | Period: 4.3702
Found 6 valid OD pairs for R1C1_C
Generating focused traffic: Period 4.3702s
[INFO] Subscriptions active: 6 (libsumo, fast mode)
[INFO] Episode duration: 2700s (45 min)

[DEBUG] 🎯 Célzott Forgalom Generálása (R1C1_C) | Period: 5.5413
Found 6 valid OD pairs for R1C1_C
Generating focused traffic: Period 5.5413s
[INFO] Subscriptions active: 6 (libsumo, fast mode)
[INFO] Episode duration: 2700s (45 min)

[DEBUG] 🎯 Célzott Forgalom Generálása (R1C1_C) | Period: 7.381
Found 6 valid OD pairs for R1C1_C
Generating focused traffic: Period 7.3810s
[INFO] Subscriptions active: 6 (libsumo, fast mode)
[INFO] Episode duration: 3600s (60 min)

[DEBUG] 🎯 Célzott Forgalom Generálása (R1C1_C) | Period: 5.0484
Found 6 valid OD pairs for R1C1_C
Generating focused traffic: Period 5.0484s
[INFO] Subscriptions active: 6 (libsumo, fast mode)
[INFO] Episode duration: 3600s (60 min)

[DEBUG] 🎯 Célzott Forgalom Generálása (R1C1_C) | Period: 4.929
Found 6 valid OD pairs for R1C1_C
Generating focused traffic: Period 4.9290s
[INFO] Subscriptions active: 6 (libsumo, fast mode)
[INFO] Episode duration: 1800s (30 min)

[DEBUG] 🎯 Célzott Forgalom Generálása (R1C1_C) | Period: 7.7674
Found 6 valid OD pairs for R1C1_C
Generating focused traffic: Period 7.7674s
[INFO] Subscriptions active: 6 (libsumo, fast mode)
[INFO] Episode duration: 2700s (45 min)

[DEBUG] 🎯 Célzott Forgalom Generálása (R1C1_C) | Period: 6.7308
Found 6 valid OD pairs for R1C1_C
Generating focused traffic: Period 6.7308s
[INFO] Subscriptions active: 6 (libsumo, fast mode)
[INFO] Episode duration: 2700s (45 min)

[DEBUG] 🎯 Célzott Forgalom Generálása (R1C1_C) | Period: 7.7668
Found 6 valid OD pairs for R1C1_C
Generating focused traffic: Period 7.7668s
[INFO] Subscriptions active: 6 (libsumo, fast mode)
[INFO] Episode duration: 2700s (45 min)

[DEBUG] 🎯 Célzott Forgalom Generálása (R1C1_C) | Period: 4.0277
Found 6 valid OD pairs for R1C1_C
Generating focused traffic: Period 4.0277s
[INFO] Subscriptions active: 6 (libsumo, fast mode)
[INFO] Episode duration: 2700s (45 min)

[DEBUG] 🎯 Célzott Forgalom Generálása (R1C1_C) | Period: 7.4828
Found 6 valid OD pairs for R1C1_C
Generating focused traffic: Period 7.4828s
[INFO] Subscriptions active: 6 (libsumo, fast mode)
[INFO] Episode duration: 3600s (60 min)

[DEBUG] 🎯 Célzott Forgalom Generálása (R1C1_C) | Period: 5.0574
Found 6 valid OD pairs for R1C1_C
Generating focused traffic: Period 5.0574s
[INFO] Subscriptions active: 6 (libsumo, fast mode)
[INFO] Episode duration: 900s (15 min)

[DEBUG] 🎯 Célzott Forgalom Generálása (R1C1_C) | Period: 6.1172
Found 6 valid OD pairs for R1C1_C
Generating focused traffic: Period 6.1172s
[INFO] Subscriptions active: 6 (libsumo, fast mode)
[INFO] Episode duration: 1800s (30 min)

[DEBUG] 🎯 Célzott Forgalom Generálása (R1C1_C) | Period: 6.2107
Found 6 valid OD pairs for R1C1_C
Generating focused traffic: Period 6.2107s
[INFO] Subscriptions active: 6 (libsumo, fast mode)
[INFO] Episode duration: 900s (15 min)

[DEBUG] 🎯 Célzott Forgalom Generálása (R1C1_C) | Period: 6.407
Found 6 valid OD pairs for R1C1_C
Generating focused traffic: Period 6.4070s
[INFO] Subscriptions active: 6 (libsumo, fast mode)
[INFO] Episode duration: 2700s (45 min)

[DEBUG] 🎯 Célzott Forgalom Generálása (R1C1_C) | Period: 4.1768
Found 6 valid OD pairs for R1C1_C
Generating focused traffic: Period 4.1768s
[INFO] Subscriptions active: 6 (libsumo, fast mode)
[INFO] Episode duration: 2700s (45 min)

[DEBUG] 🎯 Célzott Forgalom Generálása (R1C1_C) | Period: 6.8993
Found 6 valid OD pairs for R1C1_C
Generating focused traffic: Period 6.8993s
[INFO] Subscriptions active: 6 (libsumo, fast mode)
[INFO] Episode duration: 2700s (45 min)

[DEBUG] 🎯 Célzott Forgalom Generálása (R1C1_C) | Period: 5.5465
Found 6 valid OD pairs for R1C1_C
Generating focused traffic: Period 5.5465s
[INFO] Subscriptions active: 6 (libsumo, fast mode)
[INFO] Episode duration: 1800s (30 min)

[DEBUG] 🎯 Célzott Forgalom Generálása (R1C1_C) | Period: 5.5558
Found 6 valid OD pairs for R1C1_C
Generating focused traffic: Period 5.5558s
[INFO] Subscriptions active: 6 (libsumo, fast mode)
[INFO] Episode duration: 2700s (45 min)

[DEBUG] 🎯 Célzott Forgalom Generálása (R1C1_C) | Period: 4.1314
Found 6 valid OD pairs for R1C1_C
Generating focused traffic: Period 4.1314s
[INFO] Subscriptions active: 6 (libsumo, fast mode)
[INFO] Episode duration: 1800s (30 min)

[DEBUG] 🎯 Célzott Forgalom Generálása (R1C1_C) | Period: 6.1467
Found 6 valid OD pairs for R1C1_C
Generating focused traffic: Period 6.1467s
[INFO] Subscriptions active: 6 (libsumo, fast mode)
[INFO] Episode duration: 1800s (30 min)

[DEBUG] 🎯 Célzott Forgalom Generálása (R1C1_C) | Period: 7.215
Found 6 valid OD pairs for R1C1_C
Generating focused traffic: Period 7.2150s
[INFO] Subscriptions active: 6 (libsumo, fast mode)
[INFO] Episode duration: 1800s (30 min)

[DEBUG] 🎯 Célzott Forgalom Generálása (R1C1_C) | Period: 7.8056
Found 6 valid OD pairs for R1C1_C
Generating focused traffic: Period 7.8056s
[INFO] Subscriptions active: 6 (libsumo, fast mode)
[INFO] Episode duration: 3600s (60 min)

[DEBUG] 🎯 Célzott Forgalom Generálása (R1C1_C) | Period: 5.6903
Found 6 valid OD pairs for R1C1_C
Generating focused traffic: Period 5.6903s
[INFO] Subscriptions active: 6 (libsumo, fast mode)
[INFO] Episode duration: 1800s (30 min)

[DEBUG] 🎯 Célzott Forgalom Generálása (R1C1_C) | Period: 5.3254
Found 6 valid OD pairs for R1C1_C
Generating focused traffic: Period 5.3254s
[INFO] Subscriptions active: 6 (libsumo, fast mode)
[INFO] Episode duration: 1800s (30 min)

[DEBUG] 🎯 Célzott Forgalom Generálása (R1C1_C) | Period: 7.6765
Found 6 valid OD pairs for R1C1_C
Generating focused traffic: Period 7.6765s
[INFO] Subscriptions active: 6 (libsumo, fast mode)
------------------------------------------
| rollout/                |              |
|    ep_len_mean          | 452          |
|    ep_rew_mean          | 163          |
| time/                   |              |
|    fps                  | 111          |
|    iterations           | 20           |
|    time_elapsed         | 366          |
|    total_timesteps      | 40960        |
| train/                  |              |
|    approx_kl            | 0.0045531974 |
|    clip_fraction        | 0.00083      |
|    clip_range           | 0.2          |
|    entropy_loss         | -1.28        |
|    explained_variance   | -0.000113    |
|    learning_rate        | 0.0001       |
|    loss                 | 1.48         |
|    n_updates            | 190          |
|    policy_gradient_loss | -0.00181     |
|    value_loss           | 17.8         |
------------------------------------------
[INFO] Episode duration: 3600s (60 min)

[DEBUG] 🎯 Célzott Forgalom Generálása (R1C1_C) | Period: 5.2487
Found 6 valid OD pairs for R1C1_C
Generating focused traffic: Period 5.2487s
[INFO] Subscriptions active: 6 (libsumo, fast mode)
[INFO] Episode duration: 1800s (30 min)

[DEBUG] 🎯 Célzott Forgalom Generálása (R1C1_C) | Period: 6.244
Found 6 valid OD pairs for R1C1_C
Generating focused traffic: Period 6.2440s
[INFO] Subscriptions active: 6 (libsumo, fast mode)
[INFO] Episode duration: 3600s (60 min)

[DEBUG] 🎯 Célzott Forgalom Generálása (R1C1_C) | Period: 5.7648
Found 6 valid OD pairs for R1C1_C
Generating focused traffic: Period 5.7648s
[INFO] Subscriptions active: 6 (libsumo, fast mode)
[INFO] Episode duration: 900s (15 min)

[DEBUG] 🎯 Célzott Forgalom Generálása (R1C1_C) | Period: 6.0272
Found 6 valid OD pairs for R1C1_C
Generating focused traffic: Period 6.0272s
[INFO] Subscriptions active: 6 (libsumo, fast mode)
[INFO] Episode duration: 900s (15 min)

[DEBUG] 🎯 Célzott Forgalom Generálása (R1C1_C) | Period: 7.902
Found 6 valid OD pairs for R1C1_C
Generating focused traffic: Period 7.9020s
[INFO] Subscriptions active: 6 (libsumo, fast mode)
[INFO] Episode duration: 3600s (60 min)

[DEBUG] 🎯 Célzott Forgalom Generálása (R1C1_C) | Period: 5.3974
Found 6 valid OD pairs for R1C1_C
Generating focused traffic: Period 5.3974s
[INFO] Subscriptions active: 6 (libsumo, fast mode)
[INFO] Episode duration: 2700s (45 min)

[DEBUG] 🎯 Célzott Forgalom Generálása (R1C1_C) | Period: 6.2158
Found 6 valid OD pairs for R1C1_C
Generating focused traffic: Period 6.2158s
[INFO] Subscriptions active: 6 (libsumo, fast mode)
[INFO] Episode duration: 900s (15 min)

[DEBUG] 🎯 Célzott Forgalom Generálása (R1C1_C) | Period: 4.7402
Found 6 valid OD pairs for R1C1_C
Generating focused traffic: Period 4.7402s
[INFO] Subscriptions active: 6 (libsumo, fast mode)
[INFO] Episode duration: 900s (15 min)

[DEBUG] 🎯 Célzott Forgalom Generálása (R1C1_C) | Period: 5.782
Found 6 valid OD pairs for R1C1_C
Generating focused traffic: Period 5.7820s
[INFO] Subscriptions active: 6 (libsumo, fast mode)
[INFO] Episode duration: 3600s (60 min)

[DEBUG] 🎯 Célzott Forgalom Generálása (R1C1_C) | Period: 4.8199
Found 6 valid OD pairs for R1C1_C
Generating focused traffic: Period 4.8199s
[INFO] Subscriptions active: 6 (libsumo, fast mode)
[INFO] Episode duration: 2700s (45 min)

[DEBUG] 🎯 Célzott Forgalom Generálása (R1C1_C) | Period: 6.4037
Found 6 valid OD pairs for R1C1_C
Generating focused traffic: Period 6.4037s
[INFO] Subscriptions active: 6 (libsumo, fast mode)
[INFO] Episode duration: 900s (15 min)

[DEBUG] 🎯 Célzott Forgalom Generálása (R1C1_C) | Period: 4.4822
Found 6 valid OD pairs for R1C1_C
Generating focused traffic: Period 4.4822s
[INFO] Subscriptions active: 6 (libsumo, fast mode)
[INFO] Episode duration: 900s (15 min)

[DEBUG] 🎯 Célzott Forgalom Generálása (R1C1_C) | Period: 7.0375
Found 6 valid OD pairs for R1C1_C
Generating focused traffic: Period 7.0375s
[INFO] Subscriptions active: 6 (libsumo, fast mode)
[INFO] Episode duration: 900s (15 min)

[DEBUG] 🎯 Célzott Forgalom Generálása (R1C1_C) | Period: 7.2984
Found 6 valid OD pairs for R1C1_C
Generating focused traffic: Period 7.2984s
[INFO] Subscriptions active: 6 (libsumo, fast mode)
[INFO] Episode duration: 3600s (60 min)

[DEBUG] 🎯 Célzott Forgalom Generálása (R1C1_C) | Period: 7.0785
Found 6 valid OD pairs for R1C1_C
Generating focused traffic: Period 7.0785s
[INFO] Subscriptions active: 6 (libsumo, fast mode)
[INFO] Episode duration: 1800s (30 min)

[DEBUG] 🎯 Célzott Forgalom Generálása (R1C1_C) | Period: 5.9504
Found 6 valid OD pairs for R1C1_C
Generating focused traffic: Period 5.9504s
[INFO] Subscriptions active: 6 (libsumo, fast mode)
[INFO] Episode duration: 3600s (60 min)

[DEBUG] 🎯 Célzott Forgalom Generálása (R1C1_C) | Period: 4.316
Found 6 valid OD pairs for R1C1_C
Generating focused traffic: Period 4.3160s
[INFO] Subscriptions active: 6 (libsumo, fast mode)
[INFO] Episode duration: 2700s (45 min)

[DEBUG] 🎯 Célzott Forgalom Generálása (R1C1_C) | Period: 7.5814
Found 6 valid OD pairs for R1C1_C
Generating focused traffic: Period 7.5814s
[INFO] Subscriptions active: 6 (libsumo, fast mode)
[INFO] Episode duration: 2700s (45 min)

[DEBUG] 🎯 Célzott Forgalom Generálása (R1C1_C) | Period: 4.2666
Found 6 valid OD pairs for R1C1_C
Generating focused traffic: Period 4.2666s
[INFO] Subscriptions active: 6 (libsumo, fast mode)
[INFO] Episode duration: 3600s (60 min)

[DEBUG] 🎯 Célzott Forgalom Generálása (R1C1_C) | Period: 4.5417
Found 6 valid OD pairs for R1C1_C
Generating focused traffic: Period 4.5417s
[INFO] Subscriptions active: 6 (libsumo, fast mode)
[INFO] Episode duration: 2700s (45 min)

[DEBUG] 🎯 Célzott Forgalom Generálása (R1C1_C) | Period: 6.928
Found 6 valid OD pairs for R1C1_C
Generating focused traffic: Period 6.9280s
[INFO] Subscriptions active: 6 (libsumo, fast mode)
[INFO] Episode duration: 2700s (45 min)

[DEBUG] 🎯 Célzott Forgalom Generálása (R1C1_C) | Period: 7.7376
Found 6 valid OD pairs for R1C1_C
Generating focused traffic: Period 7.7376s
[INFO] Subscriptions active: 6 (libsumo, fast mode)
[INFO] Episode duration: 3600s (60 min)

[DEBUG] 🎯 Célzott Forgalom Generálása (R1C1_C) | Period: 6.8675
Found 6 valid OD pairs for R1C1_C
Generating focused traffic: Period 6.8675s
[INFO] Subscriptions active: 6 (libsumo, fast mode)
[INFO] Episode duration: 3600s (60 min)

[DEBUG] 🎯 Célzott Forgalom Generálása (R1C1_C) | Period: 7.3782
Found 6 valid OD pairs for R1C1_C
Generating focused traffic: Period 7.3782s
[INFO] Subscriptions active: 6 (libsumo, fast mode)
[INFO] Episode duration: 900s (15 min)

[DEBUG] 🎯 Célzott Forgalom Generálása (R1C1_C) | Period: 4.0355
Found 6 valid OD pairs for R1C1_C
Generating focused traffic: Period 4.0355s
[INFO] Subscriptions active: 6 (libsumo, fast mode)
[INFO] Episode duration: 1800s (30 min)

[DEBUG] 🎯 Célzott Forgalom Generálása (R1C1_C) | Period: 7.3043
Found 6 valid OD pairs for R1C1_C
Generating focused traffic: Period 7.3043s
[INFO] Subscriptions active: 6 (libsumo, fast mode)
[INFO] Episode duration: 3600s (60 min)

[DEBUG] 🎯 Célzott Forgalom Generálása (R1C1_C) | Period: 6.6483
Found 6 valid OD pairs for R1C1_C
Generating focused traffic: Period 6.6483s
[INFO] Subscriptions active: 6 (libsumo, fast mode)
[INFO] Episode duration: 2700s (45 min)

[DEBUG] 🎯 Célzott Forgalom Generálása (R1C1_C) | Period: 6.2011
Found 6 valid OD pairs for R1C1_C
Generating focused traffic: Period 6.2011s
[INFO] Subscriptions active: 6 (libsumo, fast mode)
[INFO] Episode duration: 3600s (60 min)

[DEBUG] 🎯 Célzott Forgalom Generálása (R1C1_C) | Period: 6.7147
Found 6 valid OD pairs for R1C1_C
Generating focused traffic: Period 6.7147s
[INFO] Subscriptions active: 6 (libsumo, fast mode)
[INFO] Episode duration: 3600s (60 min)

[DEBUG] 🎯 Célzott Forgalom Generálása (R1C1_C) | Period: 6.0618
Found 6 valid OD pairs for R1C1_C
Generating focused traffic: Period 6.0618s
[INFO] Subscriptions active: 6 (libsumo, fast mode)
[INFO] Episode duration: 3600s (60 min)

[DEBUG] 🎯 Célzott Forgalom Generálása (R1C1_C) | Period: 7.5213
Found 6 valid OD pairs for R1C1_C
Generating focused traffic: Period 7.5213s
[INFO] Subscriptions active: 6 (libsumo, fast mode)
[INFO] Episode duration: 2700s (45 min)

[DEBUG] 🎯 Célzott Forgalom Generálása (R1C1_C) | Period: 6.8476
Found 6 valid OD pairs for R1C1_C
Generating focused traffic: Period 6.8476s
[INFO] Subscriptions active: 6 (libsumo, fast mode)
[INFO] Episode duration: 2700s (45 min)

[DEBUG] 🎯 Célzott Forgalom Generálása (R1C1_C) | Period: 6.6249
Found 6 valid OD pairs for R1C1_C
Generating focused traffic: Period 6.6249s
[INFO] Subscriptions active: 6 (libsumo, fast mode)
[INFO] Episode duration: 3600s (60 min)

[DEBUG] 🎯 Célzott Forgalom Generálása (R1C1_C) | Period: 7.6648
Found 6 valid OD pairs for R1C1_C
Generating focused traffic: Period 7.6648s
[INFO] Subscriptions active: 6 (libsumo, fast mode)
[INFO] Episode duration: 900s (15 min)

[DEBUG] 🎯 Célzott Forgalom Generálása (R1C1_C) | Period: 7.2677
Found 6 valid OD pairs for R1C1_C
Generating focused traffic: Period 7.2677s
[INFO] Subscriptions active: 6 (libsumo, fast mode)
[INFO] Episode duration: 1800s (30 min)

[DEBUG] 🎯 Célzott Forgalom Generálása (R1C1_C) | Period: 5.7591
Found 6 valid OD pairs for R1C1_C
Generating focused traffic: Period 5.7591s
[INFO] Subscriptions active: 6 (libsumo, fast mode)
[INFO] Episode duration: 900s (15 min)

[DEBUG] 🎯 Célzott Forgalom Generálása (R1C1_C) | Period: 4.2024
Found 6 valid OD pairs for R1C1_C
Generating focused traffic: Period 4.2024s
[INFO] Subscriptions active: 6 (libsumo, fast mode)
[INFO] Episode duration: 900s (15 min)

[DEBUG] 🎯 Célzott Forgalom Generálása (R1C1_C) | Period: 4.7047
Found 6 valid OD pairs for R1C1_C
Generating focused traffic: Period 4.7047s
[INFO] Subscriptions active: 6 (libsumo, fast mode)
[INFO] Episode duration: 2700s (45 min)

[DEBUG] 🎯 Célzott Forgalom Generálása (R1C1_C) | Period: 4.6151
Found 6 valid OD pairs for R1C1_C
Generating focused traffic: Period 4.6151s
[INFO] Subscriptions active: 6 (libsumo, fast mode)
[INFO] Episode duration: 900s (15 min)

[DEBUG] 🎯 Célzott Forgalom Generálása (R1C1_C) | Period: 6.0663
Found 6 valid OD pairs for R1C1_C
Generating focused traffic: Period 6.0663s
[INFO] Subscriptions active: 6 (libsumo, fast mode)
[INFO] Episode duration: 2700s (45 min)

[DEBUG] 🎯 Célzott Forgalom Generálása (R1C1_C) | Period: 5.2762
Found 6 valid OD pairs for R1C1_C
Generating focused traffic: Period 5.2762s
[INFO] Subscriptions active: 6 (libsumo, fast mode)
[INFO] Episode duration: 1800s (30 min)

[DEBUG] 🎯 Célzott Forgalom Generálása (R1C1_C) | Period: 6.7226
Found 6 valid OD pairs for R1C1_C
Generating focused traffic: Period 6.7226s
[INFO] Subscriptions active: 6 (libsumo, fast mode)
[INFO] Episode duration: 2700s (45 min)

[DEBUG] 🎯 Célzott Forgalom Generálása (R1C1_C) | Period: 5.2511
Found 6 valid OD pairs for R1C1_C
Generating focused traffic: Period 5.2511s
[INFO] Subscriptions active: 6 (libsumo, fast mode)
------------------------------------------
| rollout/                |              |
|    ep_len_mean          | 479          |
|    ep_rew_mean          | 185          |
| time/                   |              |
|    fps                  | 110          |
|    iterations           | 30           |
|    time_elapsed         | 557          |
|    total_timesteps      | 61440        |
| train/                  |              |
|    approx_kl            | 0.0030719787 |
|    clip_fraction        | 0.00908      |
|    clip_range           | 0.2          |
|    entropy_loss         | -0.583       |
|    explained_variance   | -6.79e-06    |
|    learning_rate        | 0.0001       |
|    loss                 | 18.5         |
|    n_updates            | 290          |
|    policy_gradient_loss | -0.0019      |
|    value_loss           | 25           |
------------------------------------------
[INFO] Episode duration: 900s (15 min)

[DEBUG] 🎯 Célzott Forgalom Generálása (R1C1_C) | Period: 5.2492
Found 6 valid OD pairs for R1C1_C
Generating focused traffic: Period 5.2492s
[INFO] Subscriptions active: 6 (libsumo, fast mode)
[INFO] Episode duration: 1800s (30 min)

[DEBUG] 🎯 Célzott Forgalom Generálása (R1C1_C) | Period: 4.6742
Found 6 valid OD pairs for R1C1_C
Generating focused traffic: Period 4.6742s
[INFO] Subscriptions active: 6 (libsumo, fast mode)
[INFO] Episode duration: 3600s (60 min)

[DEBUG] 🎯 Célzott Forgalom Generálása (R1C1_C) | Period: 4.5416
Found 6 valid OD pairs for R1C1_C
Generating focused traffic: Period 4.5416s
[INFO] Subscriptions active: 6 (libsumo, fast mode)
[INFO] Episode duration: 2700s (45 min)

[DEBUG] 🎯 Célzott Forgalom Generálása (R1C1_C) | Period: 6.4314
Found 6 valid OD pairs for R1C1_C
Generating focused traffic: Period 6.4314s
[INFO] Subscriptions active: 6 (libsumo, fast mode)
[INFO] Episode duration: 2700s (45 min)

[DEBUG] 🎯 Célzott Forgalom Generálása (R1C1_C) | Period: 7.3746
Found 6 valid OD pairs for R1C1_C
Generating focused traffic: Period 7.3746s
[INFO] Subscriptions active: 6 (libsumo, fast mode)
[INFO] Episode duration: 1800s (30 min)

[DEBUG] 🎯 Célzott Forgalom Generálása (R1C1_C) | Period: 7.8156
Found 6 valid OD pairs for R1C1_C
Generating focused traffic: Period 7.8156s
[INFO] Subscriptions active: 6 (libsumo, fast mode)
[INFO] Episode duration: 900s (15 min)

[DEBUG] 🎯 Célzott Forgalom Generálása (R1C1_C) | Period: 4.1694
Found 6 valid OD pairs for R1C1_C
Generating focused traffic: Period 4.1694s
[INFO] Subscriptions active: 6 (libsumo, fast mode)
[INFO] Episode duration: 1800s (30 min)

[DEBUG] 🎯 Célzott Forgalom Generálása (R1C1_C) | Period: 5.1329
Found 6 valid OD pairs for R1C1_C
Generating focused traffic: Period 5.1329s
[INFO] Subscriptions active: 6 (libsumo, fast mode)
[INFO] Episode duration: 2700s (45 min)

[DEBUG] 🎯 Célzott Forgalom Generálása (R1C1_C) | Period: 4.0973
Found 6 valid OD pairs for R1C1_C
Generating focused traffic: Period 4.0973s
[INFO] Subscriptions active: 6 (libsumo, fast mode)
[INFO] Episode duration: 3600s (60 min)

[DEBUG] 🎯 Célzott Forgalom Generálása (R1C1_C) | Period: 6.5226
Found 6 valid OD pairs for R1C1_C
Generating focused traffic: Period 6.5226s
[INFO] Subscriptions active: 6 (libsumo, fast mode)
[INFO] Episode duration: 900s (15 min)

[DEBUG] 🎯 Célzott Forgalom Generálása (R1C1_C) | Period: 6.0315
Found 6 valid OD pairs for R1C1_C
Generating focused traffic: Period 6.0315s
[INFO] Subscriptions active: 6 (libsumo, fast mode)
[INFO] Episode duration: 2700s (45 min)

[DEBUG] 🎯 Célzott Forgalom Generálása (R1C1_C) | Period: 5.72
Found 6 valid OD pairs for R1C1_C
Generating focused traffic: Period 5.7200s
[INFO] Subscriptions active: 6 (libsumo, fast mode)
[INFO] Episode duration: 2700s (45 min)

[DEBUG] 🎯 Célzott Forgalom Generálása (R1C1_C) | Period: 5.6759
Found 6 valid OD pairs for R1C1_C
Generating focused traffic: Period 5.6759s
[INFO] Subscriptions active: 6 (libsumo, fast mode)
[INFO] Episode duration: 900s (15 min)

[DEBUG] 🎯 Célzott Forgalom Generálása (R1C1_C) | Period: 5.0473
Found 6 valid OD pairs for R1C1_C
Generating focused traffic: Period 5.0473s
[INFO] Subscriptions active: 6 (libsumo, fast mode)
[INFO] Episode duration: 900s (15 min)

[DEBUG] 🎯 Célzott Forgalom Generálása (R1C1_C) | Period: 5.3203
Found 6 valid OD pairs for R1C1_C
Generating focused traffic: Period 5.3203s
[INFO] Subscriptions active: 6 (libsumo, fast mode)
[INFO] Episode duration: 2700s (45 min)

[DEBUG] 🎯 Célzott Forgalom Generálása (R1C1_C) | Period: 7.3672
Found 6 valid OD pairs for R1C1_C
Generating focused traffic: Period 7.3672s
[INFO] Subscriptions active: 6 (libsumo, fast mode)
[INFO] Episode duration: 1800s (30 min)

[DEBUG] 🎯 Célzott Forgalom Generálása (R1C1_C) | Period: 6.3486
Found 6 valid OD pairs for R1C1_C
Generating focused traffic: Period 6.3486s
[INFO] Subscriptions active: 6 (libsumo, fast mode)
[INFO] Episode duration: 3600s (60 min)

[DEBUG] 🎯 Célzott Forgalom Generálása (R1C1_C) | Period: 4.3832
Found 6 valid OD pairs for R1C1_C
Generating focused traffic: Period 4.3832s
[INFO] Subscriptions active: 6 (libsumo, fast mode)
[INFO] Episode duration: 2700s (45 min)

[DEBUG] 🎯 Célzott Forgalom Generálása (R1C1_C) | Period: 7.4757
Found 6 valid OD pairs for R1C1_C
Generating focused traffic: Period 7.4757s
[INFO] Subscriptions active: 6 (libsumo, fast mode)
[INFO] Episode duration: 3600s (60 min)

[DEBUG] 🎯 Célzott Forgalom Generálása (R1C1_C) | Period: 4.7526
Found 6 valid OD pairs for R1C1_C
Generating focused traffic: Period 4.7526s
[INFO] Subscriptions active: 6 (libsumo, fast mode)
[INFO] Episode duration: 2700s (45 min)

[DEBUG] 🎯 Célzott Forgalom Generálása (R1C1_C) | Period: 7.8958
Found 6 valid OD pairs for R1C1_C
Generating focused traffic: Period 7.8958s
[INFO] Subscriptions active: 6 (libsumo, fast mode)
[INFO] Episode duration: 3600s (60 min)

[DEBUG] 🎯 Célzott Forgalom Generálása (R1C1_C) | Period: 5.6758
Found 6 valid OD pairs for R1C1_C
Generating focused traffic: Period 5.6758s
[INFO] Subscriptions active: 6 (libsumo, fast mode)
[INFO] Episode duration: 2700s (45 min)

[DEBUG] 🎯 Célzott Forgalom Generálása (R1C1_C) | Period: 7.2985
Found 6 valid OD pairs for R1C1_C
Generating focused traffic: Period 7.2985s
[INFO] Subscriptions active: 6 (libsumo, fast mode)
[INFO] Episode duration: 2700s (45 min)

[DEBUG] 🎯 Célzott Forgalom Generálása (R1C1_C) | Period: 7.452
Found 6 valid OD pairs for R1C1_C
Generating focused traffic: Period 7.4520s
[INFO] Subscriptions active: 6 (libsumo, fast mode)
[INFO] Episode duration: 3600s (60 min)

[DEBUG] 🎯 Célzott Forgalom Generálása (R1C1_C) | Period: 4.752
Found 6 valid OD pairs for R1C1_C
Generating focused traffic: Period 4.7520s
[INFO] Subscriptions active: 6 (libsumo, fast mode)
[INFO] Episode duration: 3600s (60 min)

[DEBUG] 🎯 Célzott Forgalom Generálása (R1C1_C) | Period: 7.8744
Found 6 valid OD pairs for R1C1_C
Generating focused traffic: Period 7.8744s
[INFO] Subscriptions active: 6 (libsumo, fast mode)
[INFO] Episode duration: 900s (15 min)

[DEBUG] 🎯 Célzott Forgalom Generálása (R1C1_C) | Period: 4.904
Found 6 valid OD pairs for R1C1_C
Generating focused traffic: Period 4.9040s
[INFO] Subscriptions active: 6 (libsumo, fast mode)
[INFO] Episode duration: 2700s (45 min)

[DEBUG] 🎯 Célzott Forgalom Generálása (R1C1_C) | Period: 5.7533
Found 6 valid OD pairs for R1C1_C
Generating focused traffic: Period 5.7533s
[INFO] Subscriptions active: 6 (libsumo, fast mode)
[INFO] Episode duration: 1800s (30 min)

[DEBUG] 🎯 Célzott Forgalom Generálása (R1C1_C) | Period: 5.4688
Found 6 valid OD pairs for R1C1_C
Generating focused traffic: Period 5.4688s
[INFO] Subscriptions active: 6 (libsumo, fast mode)
[INFO] Episode duration: 2700s (45 min)

[DEBUG] 🎯 Célzott Forgalom Generálása (R1C1_C) | Period: 5.5019
Found 6 valid OD pairs for R1C1_C
Generating focused traffic: Period 5.5019s
[INFO] Subscriptions active: 6 (libsumo, fast mode)
[INFO] Episode duration: 2700s (45 min)

[DEBUG] 🎯 Célzott Forgalom Generálása (R1C1_C) | Period: 5.4243
Found 6 valid OD pairs for R1C1_C
Generating focused traffic: Period 5.4243s
[INFO] Subscriptions active: 6 (libsumo, fast mode)
[INFO] Episode duration: 1800s (30 min)

[DEBUG] 🎯 Célzott Forgalom Generálása (R1C1_C) | Period: 4.1437
Found 6 valid OD pairs for R1C1_C
Generating focused traffic: Period 4.1437s
[INFO] Subscriptions active: 6 (libsumo, fast mode)
[INFO] Episode duration: 3600s (60 min)

[DEBUG] 🎯 Célzott Forgalom Generálása (R1C1_C) | Period: 7.6507
Found 6 valid OD pairs for R1C1_C
Generating focused traffic: Period 7.6507s
[INFO] Subscriptions active: 6 (libsumo, fast mode)
[INFO] Episode duration: 900s (15 min)

[DEBUG] 🎯 Célzott Forgalom Generálása (R1C1_C) | Period: 5.9823
Found 6 valid OD pairs for R1C1_C
Generating focused traffic: Period 5.9823s
[INFO] Subscriptions active: 6 (libsumo, fast mode)
[INFO] Episode duration: 3600s (60 min)

[DEBUG] 🎯 Célzott Forgalom Generálása (R1C1_C) | Period: 7.7463
Found 6 valid OD pairs for R1C1_C
Generating focused traffic: Period 7.7463s
[INFO] Subscriptions active: 6 (libsumo, fast mode)
[INFO] Episode duration: 2700s (45 min)

[DEBUG] 🎯 Célzott Forgalom Generálása (R1C1_C) | Period: 7.3575
Found 6 valid OD pairs for R1C1_C
Generating focused traffic: Period 7.3575s
[INFO] Subscriptions active: 6 (libsumo, fast mode)
[INFO] Episode duration: 900s (15 min)

[DEBUG] 🎯 Célzott Forgalom Generálása (R1C1_C) | Period: 4.2592
Found 6 valid OD pairs for R1C1_C
Generating focused traffic: Period 4.2592s
[INFO] Subscriptions active: 6 (libsumo, fast mode)
[INFO] Episode duration: 2700s (45 min)

[DEBUG] 🎯 Célzott Forgalom Generálása (R1C1_C) | Period: 6.6585
Found 6 valid OD pairs for R1C1_C
Generating focused traffic: Period 6.6585s
[INFO] Subscriptions active: 6 (libsumo, fast mode)
[INFO] Episode duration: 2700s (45 min)

[DEBUG] 🎯 Célzott Forgalom Generálása (R1C1_C) | Period: 6.4141
Found 6 valid OD pairs for R1C1_C
Generating focused traffic: Period 6.4141s
[INFO] Subscriptions active: 6 (libsumo, fast mode)
[INFO] Episode duration: 2700s (45 min)

[DEBUG] 🎯 Célzott Forgalom Generálása (R1C1_C) | Period: 4.3824
Found 6 valid OD pairs for R1C1_C
Generating focused traffic: Period 4.3824s
[INFO] Subscriptions active: 6 (libsumo, fast mode)
[INFO] Episode duration: 2700s (45 min)

[DEBUG] 🎯 Célzott Forgalom Generálása (R1C1_C) | Period: 5.346
Found 6 valid OD pairs for R1C1_C
Generating focused traffic: Period 5.3460s
[INFO] Subscriptions active: 6 (libsumo, fast mode)
[INFO] Episode duration: 3600s (60 min)

[DEBUG] 🎯 Célzott Forgalom Generálása (R1C1_C) | Period: 7.3572
Found 6 valid OD pairs for R1C1_C
Generating focused traffic: Period 7.3572s
[INFO] Subscriptions active: 6 (libsumo, fast mode)
------------------------------------------
| rollout/                |              |
|    ep_len_mean          | 473          |
|    ep_rew_mean          | 206          |
| time/                   |              |
|    fps                  | 109          |
|    iterations           | 40           |
|    time_elapsed         | 749          |
|    total_timesteps      | 81920        |
| train/                  |              |
|    approx_kl            | 0.0007233706 |
|    clip_fraction        | 0.00596      |
|    clip_range           | 0.2          |
|    entropy_loss         | -0.152       |
|    explained_variance   | -1.31e-06    |
|    learning_rate        | 0.0001       |
|    loss                 | 2.33         |
|    n_updates            | 390          |
|    policy_gradient_loss | -0.00105     |
|    value_loss           | 26.8         |
------------------------------------------
[INFO] Episode duration: 1800s (30 min)

[DEBUG] 🎯 Célzott Forgalom Generálása (R1C1_C) | Period: 4.13
Found 6 valid OD pairs for R1C1_C
Generating focused traffic: Period 4.1300s
[INFO] Subscriptions active: 6 (libsumo, fast mode)
[INFO] Episode duration: 3600s (60 min)

[DEBUG] 🎯 Célzott Forgalom Generálása (R1C1_C) | Period: 6.7228
Found 6 valid OD pairs for R1C1_C
Generating focused traffic: Period 6.7228s
[INFO] Subscriptions active: 6 (libsumo, fast mode)
[INFO] Episode duration: 1800s (30 min)

[DEBUG] 🎯 Célzott Forgalom Generálása (R1C1_C) | Period: 6.1787
Found 6 valid OD pairs for R1C1_C
Generating focused traffic: Period 6.1787s
[INFO] Subscriptions active: 6 (libsumo, fast mode)
[INFO] Episode duration: 3600s (60 min)

[DEBUG] 🎯 Célzott Forgalom Generálása (R1C1_C) | Period: 5.7278
Found 6 valid OD pairs for R1C1_C
Generating focused traffic: Period 5.7278s
[INFO] Subscriptions active: 6 (libsumo, fast mode)
[INFO] Episode duration: 3600s (60 min)

[DEBUG] 🎯 Célzott Forgalom Generálása (R1C1_C) | Period: 7.7409
Found 6 valid OD pairs for R1C1_C
Generating focused traffic: Period 7.7409s
[INFO] Subscriptions active: 6 (libsumo, fast mode)
[INFO] Episode duration: 1800s (30 min)

[DEBUG] 🎯 Célzott Forgalom Generálása (R1C1_C) | Period: 5.6471
Found 6 valid OD pairs for R1C1_C
Generating focused traffic: Period 5.6471s
[INFO] Subscriptions active: 6 (libsumo, fast mode)
[INFO] Episode duration: 3600s (60 min)

[DEBUG] 🎯 Célzott Forgalom Generálása (R1C1_C) | Period: 7.5523
Found 6 valid OD pairs for R1C1_C
Generating focused traffic: Period 7.5523s
[INFO] Subscriptions active: 6 (libsumo, fast mode)
[INFO] Episode duration: 900s (15 min)

[DEBUG] 🎯 Célzott Forgalom Generálása (R1C1_C) | Period: 6.8401
Found 6 valid OD pairs for R1C1_C
Generating focused traffic: Period 6.8401s
[INFO] Subscriptions active: 6 (libsumo, fast mode)
[INFO] Episode duration: 1800s (30 min)

[DEBUG] 🎯 Célzott Forgalom Generálása (R1C1_C) | Period: 7.4374
Found 6 valid OD pairs for R1C1_C
Generating focused traffic: Period 7.4374s
[INFO] Subscriptions active: 6 (libsumo, fast mode)
[INFO] Episode duration: 2700s (45 min)

[DEBUG] 🎯 Célzott Forgalom Generálása (R1C1_C) | Period: 6.716
Found 6 valid OD pairs for R1C1_C
Generating focused traffic: Period 6.7160s
[INFO] Subscriptions active: 6 (libsumo, fast mode)
[INFO] Episode duration: 1800s (30 min)

[DEBUG] 🎯 Célzott Forgalom Generálása (R1C1_C) | Period: 4.0718
Found 6 valid OD pairs for R1C1_C
Generating focused traffic: Period 4.0718s
[INFO] Subscriptions active: 6 (libsumo, fast mode)
[INFO] Episode duration: 2700s (45 min)

[DEBUG] 🎯 Célzott Forgalom Generálása (R1C1_C) | Period: 6.3274
Found 6 valid OD pairs for R1C1_C
Generating focused traffic: Period 6.3274s
[INFO] Subscriptions active: 6 (libsumo, fast mode)
[INFO] Episode duration: 2700s (45 min)

[DEBUG] 🎯 Célzott Forgalom Generálása (R1C1_C) | Period: 6.3466
Found 6 valid OD pairs for R1C1_C
Generating focused traffic: Period 6.3466s
[INFO] Subscriptions active: 6 (libsumo, fast mode)
[INFO] Episode duration: 1800s (30 min)

[DEBUG] 🎯 Célzott Forgalom Generálása (R1C1_C) | Period: 7.5348
Found 6 valid OD pairs for R1C1_C
Generating focused traffic: Period 7.5348s
[INFO] Subscriptions active: 6 (libsumo, fast mode)
[INFO] Episode duration: 2700s (45 min)

[DEBUG] 🎯 Célzott Forgalom Generálása (R1C1_C) | Period: 7.4746
Found 6 valid OD pairs for R1C1_C
Generating focused traffic: Period 7.4746s
[INFO] Subscriptions active: 6 (libsumo, fast mode)
[INFO] Episode duration: 1800s (30 min)

[DEBUG] 🎯 Célzott Forgalom Generálása (R1C1_C) | Period: 7.628
Found 6 valid OD pairs for R1C1_C
Generating focused traffic: Period 7.6280s
[INFO] Subscriptions active: 6 (libsumo, fast mode)
[INFO] Episode duration: 1800s (30 min)

[DEBUG] 🎯 Célzott Forgalom Generálása (R1C1_C) | Period: 5.5239
Found 6 valid OD pairs for R1C1_C
Generating focused traffic: Period 5.5239s
[INFO] Subscriptions active: 6 (libsumo, fast mode)
[INFO] Episode duration: 3600s (60 min)

[DEBUG] 🎯 Célzott Forgalom Generálása (R1C1_C) | Period: 4.625
Found 6 valid OD pairs for R1C1_C
Generating focused traffic: Period 4.6250s
[INFO] Subscriptions active: 6 (libsumo, fast mode)
[INFO] Episode duration: 900s (15 min)

[DEBUG] 🎯 Célzott Forgalom Generálása (R1C1_C) | Period: 4.5645
Found 6 valid OD pairs for R1C1_C
Generating focused traffic: Period 4.5645s
[INFO] Subscriptions active: 6 (libsumo, fast mode)
[INFO] Episode duration: 2700s (45 min)

[DEBUG] 🎯 Célzott Forgalom Generálása (R1C1_C) | Period: 6.6873
Found 6 valid OD pairs for R1C1_C
Generating focused traffic: Period 6.6873s
[INFO] Subscriptions active: 6 (libsumo, fast mode)
[INFO] Episode duration: 3600s (60 min)

[DEBUG] 🎯 Célzott Forgalom Generálása (R1C1_C) | Period: 5.1843
Found 6 valid OD pairs for R1C1_C
Generating focused traffic: Period 5.1843s
[INFO] Subscriptions active: 6 (libsumo, fast mode)
[INFO] Episode duration: 2700s (45 min)

[DEBUG] 🎯 Célzott Forgalom Generálása (R1C1_C) | Period: 6.9082
Found 6 valid OD pairs for R1C1_C
Generating focused traffic: Period 6.9082s
[INFO] Subscriptions active: 6 (libsumo, fast mode)
[INFO] Episode duration: 900s (15 min)

[DEBUG] 🎯 Célzott Forgalom Generálása (R1C1_C) | Period: 5.0038
Found 6 valid OD pairs for R1C1_C
Generating focused traffic: Period 5.0038s
[INFO] Subscriptions active: 6 (libsumo, fast mode)
[INFO] Episode duration: 900s (15 min)

[DEBUG] 🎯 Célzott Forgalom Generálása (R1C1_C) | Period: 5.2886
Found 6 valid OD pairs for R1C1_C
Generating focused traffic: Period 5.2886s
[INFO] Subscriptions active: 6 (libsumo, fast mode)
[INFO] Episode duration: 3600s (60 min)

[DEBUG] 🎯 Célzott Forgalom Generálása (R1C1_C) | Period: 5.6988
Found 6 valid OD pairs for R1C1_C
Generating focused traffic: Period 5.6988s
[INFO] Subscriptions active: 6 (libsumo, fast mode)
[INFO] Episode duration: 1800s (30 min)

[DEBUG] 🎯 Célzott Forgalom Generálása (R1C1_C) | Period: 5.2621
Found 6 valid OD pairs for R1C1_C
Generating focused traffic: Period 5.2621s
[INFO] Subscriptions active: 6 (libsumo, fast mode)
[INFO] Episode duration: 2700s (45 min)

[DEBUG] 🎯 Célzott Forgalom Generálása (R1C1_C) | Period: 7.9303
Found 6 valid OD pairs for R1C1_C
Generating focused traffic: Period 7.9303s
[INFO] Subscriptions active: 6 (libsumo, fast mode)
[INFO] Episode duration: 3600s (60 min)

[DEBUG] 🎯 Célzott Forgalom Generálása (R1C1_C) | Period: 5.4698
Found 6 valid OD pairs for R1C1_C
Generating focused traffic: Period 5.4698s
[INFO] Subscriptions active: 6 (libsumo, fast mode)
[INFO] Episode duration: 1800s (30 min)

[DEBUG] 🎯 Célzott Forgalom Generálása (R1C1_C) | Period: 4.9495
Found 6 valid OD pairs for R1C1_C
Generating focused traffic: Period 4.9495s
[INFO] Subscriptions active: 6 (libsumo, fast mode)
[INFO] Episode duration: 3600s (60 min)

[DEBUG] 🎯 Célzott Forgalom Generálása (R1C1_C) | Period: 7.4139
Found 6 valid OD pairs for R1C1_C
Generating focused traffic: Period 7.4139s
[INFO] Subscriptions active: 6 (libsumo, fast mode)
[INFO] Episode duration: 3600s (60 min)

[DEBUG] 🎯 Célzott Forgalom Generálása (R1C1_C) | Period: 7.5814
Found 6 valid OD pairs for R1C1_C
Generating focused traffic: Period 7.5814s
[INFO] Subscriptions active: 6 (libsumo, fast mode)
[INFO] Episode duration: 1800s (30 min)

[DEBUG] 🎯 Célzott Forgalom Generálása (R1C1_C) | Period: 6.9207
Found 6 valid OD pairs for R1C1_C
Generating focused traffic: Period 6.9207s
[INFO] Subscriptions active: 6 (libsumo, fast mode)
[INFO] Episode duration: 1800s (30 min)

[DEBUG] 🎯 Célzott Forgalom Generálása (R1C1_C) | Period: 7.6449
Found 6 valid OD pairs for R1C1_C
Generating focused traffic: Period 7.6449s
[INFO] Subscriptions active: 6 (libsumo, fast mode)
[INFO] Episode duration: 2700s (45 min)

[DEBUG] 🎯 Célzott Forgalom Generálása (R1C1_C) | Period: 7.4208
Found 6 valid OD pairs for R1C1_C
Generating focused traffic: Period 7.4208s
[INFO] Subscriptions active: 6 (libsumo, fast mode)
[INFO] Episode duration: 1800s (30 min)
wandb: WARNING Symlinked 1 file into the W&B run directory; call wandb.save again to sync new files.
/Users/wagnertamas/Documents/Munka/cikkek/AI_agens_konyvtar/support/intergreen_matrix_calculator/rl_trainer.py:857: UserWarning: Exporting a model while it is in training mode. Please ensure that this is intended, as it may lead to different behavior during inference. Calling model.eval() before export is recommended.
  torch.onnx.export(
/Users/wagnertamas/Documents/Munka/cikkek/AI_agens_konyvtar/support/intergreen_matrix_calculator/rl_trainer.py:857: UserWarning: # 'dynamic_axes' is not recommended when dynamo=True, and may lead to 'torch._dynamo.exc.UserError: Constraints violated.' Supply the 'dynamic_shapes' argument instead if export is unsuccessful.
  torch.onnx.export(
wandb: updating run metadata
wandb: uploading history steps 991-1002, summary, console lines 1381-1397
wandb: uploading pytorch_models/R1C1_C.zip; uploading output.log; uploading config.yaml
wandb: uploading pytorch_models/R1C1_C.zip; uploading output.log
wandb: 
wandb: Run history:
wandb:         R1C1_C/action_pct/phase_0 ▅▆▇▆▆▆▇█▇▇▆▆▇▇▇▆▆▇▅▆▄▃▃▂▂▂▂▁▁▁▁▁▁▁▁▁▁▁▁▁
wandb:         R1C1_C/action_pct/phase_1 ▇██▇█▆▆▆▄▅▆▇▅▆▆▅▅▅▆▆▄▄▃▃▂▂▃▂▁▂▁▁▁▁▁▁▁▁▁▁
wandb:         R1C1_C/action_pct/phase_2 █▆▅▇▆▇█▆█▇█▇▅▅▅▄▄▅▄▃▃▃▃▂▁▂▁▂▁▁▁▁▁▁▁▁▁▁▁▁
wandb:         R1C1_C/action_pct/phase_3 ▁▁▁▁▁▁▁▁▁▁▁▁▂▂▂▃▃▂▃▃▅▆▆▇▇▇▇█████████████
wandb:         R1C1_C/train/entropy_loss ▁▁▁▁▁▁▁▁▁▁▁▁▁▁▁▁▂▂▂▂▃▄▄▅▅▆▆▆▆▇▇▇▇▇██████
wandb:        R1C1_C/train/learning_rate ▁▁▁▁▁▁▁▁▁▁▁▁▁▁▁▁▁▁▁▁▁▁▁▁▁▁▁▁▁▁▁▁▁▁▁▁▁▁▁▁
wandb:                 R1C1_C/train/loss ▂▂▂▂▂▂▂▂▃▃▁▁▂▃▃▁▁▁▄▄▁▁▂▅▃▂█▂▂▁▂▁▂▂▂▃▃▁▅█
wandb: R1C1_C/train/policy_gradient_loss ▆▇▇▇▁▇▅▄▄▇▄▆▇▃▄▅▁▁▁▁▅▅▃▃▃▇▅▅▅▇▇▇▇▇▇▇▇▆▇█
wandb:           R1C1_C/train/value_loss ▁▃▁▁▁▂▂▁▁▁▁▂▂▁▂▁▂▂▃▃▃▃▂▃▃▃▂▂▂▃▄▄▄▄▃▄▅▃█▅
wandb:                        avg_reward ▂▄▅▅▁▃▁▁▁▂▂▃▃▅▄▅▅▇▆▆▆▅▂▃▄▄▄▃█▆▅▅▅▄▆▅▄▆▇▆
wandb:                                +9 ...
wandb: 
wandb: Run summary:
wandb:         R1C1_C/action_pct/phase_0 1.2963
wandb:         R1C1_C/action_pct/phase_1 0.92593
wandb:         R1C1_C/action_pct/phase_2 0.18519
wandb:         R1C1_C/action_pct/phase_3 97.59259
wandb:         R1C1_C/train/entropy_loss -0.07915
wandb:        R1C1_C/train/learning_rate 0.0001
wandb:                 R1C1_C/train/loss 30.33402
wandb: R1C1_C/train/policy_gradient_loss -0.00014
wandb:           R1C1_C/train/value_loss 30.62617
wandb:                        avg_reward 0.48559
wandb:                                +9 ...
wandb: 
wandb: 🚀 View run ppo_co2_speedstd_2x32_2_R1C1_C at: https://wandb.ai/wagnertamas-budapesti-m-szaki-s-gazdas-gtudom-nyi-egyetem/sumo-rl-stat/runs/9uhrkflq
wandb: ⭐️ View project at: https://wandb.ai/wagnertamas-budapesti-m-szaki-s-gazdas-gtudom-nyi-egyetem/sumo-rl-stat
wandb: Synced 5 W&B file(s), 0 media file(s), 0 artifact file(s) and 1 other file(s)
wandb: Find logs at: ./wandb/run-20260322_002801-9uhrkflq/logs

[DEBUG] 🎯 Célzott Forgalom Generálása (R1C1_C) | Period: 5.7397
Found 6 valid OD pairs for R1C1_C
Generating focused traffic: Period 5.7397s
[INFO] Subscriptions active: 6 (libsumo, fast mode)
[INFO] Episode duration: 900s (15 min)

[DEBUG] 🎯 Célzott Forgalom Generálása (R1C1_C) | Period: 4.2817
Found 6 valid OD pairs for R1C1_C
Generating focused traffic: Period 4.2817s
[INFO] Subscriptions active: 6 (libsumo, fast mode)
[INFO] Episode duration: 2700s (45 min)

[DEBUG] 🎯 Célzott Forgalom Generálása (R1C1_C) | Period: 6.9619
Found 6 valid OD pairs for R1C1_C
Generating focused traffic: Period 6.9619s
[INFO] Subscriptions active: 6 (libsumo, fast mode)
[INFO] Episode duration: 3600s (60 min)

[DEBUG] 🎯 Célzott Forgalom Generálása (R1C1_C) | Period: 6.7188
Found 6 valid OD pairs for R1C1_C
Generating focused traffic: Period 6.7188s
[INFO] Subscriptions active: 6 (libsumo, fast mode)
On-policy training completed.
Closing environment and EXPORTING models...
Saving PyTorch ZIP models to /Users/wagnertamas/Documents/Munka/cikkek/AI_agens_konyvtar/support/intergreen_matrix_calculator/data/runs/pytorch_models...
Saved PyTorch R1C1_C to /Users/wagnertamas/Documents/Munka/cikkek/AI_agens_konyvtar/support/intergreen_matrix_calculator/data/runs/pytorch_models/R1C1_C.zip
Exporting ONNX models to /Users/wagnertamas/Documents/Munka/cikkek/AI_agens_konyvtar/support/intergreen_matrix_calculator/data/runs/onnx_models...
Failed to export R1C1_C: # Failed to convert 'dynamic_axes' to 'dynamic_shapes'. Please provide 'dynamic_shapes' directly. Refer to the documentation for 'torch.export.export' for more information on dynamic shapes.
Cleanup done.
