wandb: [wandb.login()] Loaded credentials for https://api.wandb.ai from /Users/wagnertamas/.netrc.
wandb: Currently logged in as: wagnertamas (wagnertamas-budapesti-m-szaki-s-gazdas-gtudom-nyi-egyetem) to https://api.wandb.ai. Use `wandb login --relogin` to force relogin
wandb: setting up run 2a8uco0v
wandb: Tracking run with wandb version 0.25.1
wandb: Run data is saved locally in /Users/wagnertamas/Documents/Munka/cikkek/AI_agens_konyvtar/support/intergreen_matrix_calculator/wandb/run-20260408_030821-2a8uco0v
wandb: Run `wandb offline` to turn off syncing.
wandb: Syncing run ppo_speed_throughput_2x64_3_R1C1_C
wandb: ⭐️ View project at https://wandb.ai/wagnertamas-budapesti-m-szaki-s-gazdas-gtudom-nyi-egyetem/sumo-rl-stat-2
wandb: 🚀 View run at https://wandb.ai/wagnertamas-budapesti-m-szaki-s-gazdas-gtudom-nyi-egyetem/sumo-rl-stat-2/runs/2a8uco0v
[INFO] Config: training_config.yaml
[INFO] Net: /Users/wagnertamas/Documents/Munka/cikkek/AI_agens_konyvtar/support/intergreen_matrix_calculator/data/mega_catalogue_v2.net.xml
[INFO] Timesteps: 100000 | Project: sumo-rl-stat-2
[INFO] Junction: R1C1_C
[INFO] Algorithm: ppo | Reward: speed_throughput
[INFO] Load model: None (fresh)
[INFO] Traffic: random target+spread (epizódonként)
Initializing Environment (algorithm=ppo, reward=speed_throughput)...
[INFO] Algorithm: ppo (on_policy)
[INFO] Reward mode: speed_throughput
WandB config applied (Sweep compatible).
[INFO] Junction reward params auto-loaded from /Users/wagnertamas/Documents/Munka/cikkek/AI_agens_konyvtar/support/intergreen_matrix_calculator/data/junction_reward_params.json
[INFO] Using 'traci' (USE_LIBSUMO=0, parallel slave).
Starting SUMO...
[INFO] Episode duration: 1800s (30 min)

[DEBUG] 🎯 Célzott Forgalom Generálása (R1C1_C) | Period: 7.3822
Found 6 valid OD pairs for R1C1_C
Generating focused traffic: Period 7.3822s
 Retrying in 1 seconds
[INFO] Network mapped: 1 agents, 3 detectors, 3 lanes
[INFO] Subscriptions active: 6 (traci, fast mode)
Agents discovered: ['R1C1_C']
[INFO] RL device: mps
[INFO] On-policy training: ppo → R1C1_C
[INFO] Env reset az observation/action space inicializálásához...
[INFO] Episode duration: 3600s (60 min)

[DEBUG] 🎯 Célzott Forgalom Generálása (R1C1_C) | Period: 5.5142
Found 6 valid OD pairs for R1C1_C
Generating focused traffic: Period 5.5142s
[INFO] Subscriptions active: 6 (traci, fast mode)
Using mps device
Wrapping the env with a `Monitor` wrapper
Wrapping the env in a DummyVecEnv.
Starting on-policy training: 100000 timesteps...
[INFO] Episode duration: 2700s (45 min)

[DEBUG] 🎯 Célzott Forgalom Generálása (R1C1_C) | Period: 6.1227
Found 6 valid OD pairs for R1C1_C
Generating focused traffic: Period 6.1227s
[INFO] Subscriptions active: 6 (traci, fast mode)
Logging to /Users/wagnertamas/Documents/Munka/cikkek/AI_agens_konyvtar/support/intergreen_matrix_calculator/data/runs/sumo-rl-stat-2/R1C1_C/PPO_26
[INFO] Episode duration: 2700s (45 min)

[DEBUG] 🎯 Célzott Forgalom Generálása (R1C1_C) | Period: 4.6795
Found 6 valid OD pairs for R1C1_C
Generating focused traffic: Period 4.6795s
[INFO] Subscriptions active: 6 (traci, fast mode)
  [ACTION PPO] R1C1_C: a0=25% (133) a1=24% (131) a2=25% (133) a3=26% (143)
[INFO] Episode duration: 2700s (45 min)

[DEBUG] 🎯 Célzott Forgalom Generálása (R1C1_C) | Period: 6.0815
Found 6 valid OD pairs for R1C1_C
Generating focused traffic: Period 6.0815s
[INFO] Subscriptions active: 6 (traci, fast mode)
  [ACTION PPO] R1C1_C: a0=26% (139) a1=24% (131) a2=26% (140) a3=24% (130)
[INFO] Episode duration: 900s (15 min)

[DEBUG] 🎯 Célzott Forgalom Generálása (R1C1_C) | Period: 5.6649
Found 6 valid OD pairs for R1C1_C
Generating focused traffic: Period 5.6649s
[INFO] Subscriptions active: 6 (traci, fast mode)
  [ACTION PPO] R1C1_C: a0=27% (144) a1=25% (135) a2=26% (138) a3=23% (123)
[INFO] Episode duration: 900s (15 min)

[DEBUG] 🎯 Célzott Forgalom Generálása (R1C1_C) | Period: 4.5265
Found 6 valid OD pairs for R1C1_C
Generating focused traffic: Period 4.5265s
[INFO] Subscriptions active: 6 (traci, fast mode)
  [ACTION PPO] R1C1_C: a0=28% (50) a1=26% (46) a2=23% (42) a3=23% (42)
[INFO] Episode duration: 2700s (45 min)

[DEBUG] 🎯 Célzott Forgalom Generálása (R1C1_C) | Period: 6.5894
Found 6 valid OD pairs for R1C1_C
Generating focused traffic: Period 6.5894s
[INFO] Subscriptions active: 6 (traci, fast mode)
  [ACTION PPO] R1C1_C: a0=26% (46) a1=26% (47) a2=23% (41) a3=26% (46)
[INFO] Episode duration: 2700s (45 min)

[DEBUG] 🎯 Célzott Forgalom Generálása (R1C1_C) | Period: 5.6955
Found 6 valid OD pairs for R1C1_C
Generating focused traffic: Period 5.6955s
[INFO] Subscriptions active: 6 (traci, fast mode)
  [ACTION PPO] R1C1_C: a0=26% (138) a1=21% (116) a2=27% (147) a3=26% (139)
[INFO] Episode duration: 1800s (30 min)

[DEBUG] 🎯 Célzott Forgalom Generálása (R1C1_C) | Period: 7.9693
Found 6 valid OD pairs for R1C1_C
Generating focused traffic: Period 7.9693s
[INFO] Subscriptions active: 6 (traci, fast mode)
  [ACTION PPO] R1C1_C: a0=27% (145) a1=21% (116) a2=26% (142) a3=25% (137)
[INFO] Episode duration: 1800s (30 min)

[DEBUG] 🎯 Célzott Forgalom Generálása (R1C1_C) | Period: 4.9492
Found 6 valid OD pairs for R1C1_C
Generating focused traffic: Period 4.9492s
[INFO] Subscriptions active: 6 (traci, fast mode)
  [ACTION PPO] R1C1_C: a0=30% (107) a1=24% (87) a2=23% (82) a3=23% (84)
[INFO] Episode duration: 2700s (45 min)

[DEBUG] 🎯 Célzott Forgalom Generálása (R1C1_C) | Period: 4.4545
Found 6 valid OD pairs for R1C1_C
Generating focused traffic: Period 4.4545s
[INFO] Subscriptions active: 6 (traci, fast mode)
  [ACTION PPO] R1C1_C: a0=29% (103) a1=20% (73) a2=26% (93) a3=25% (91)
[INFO] Episode duration: 1800s (30 min)

[DEBUG] 🎯 Célzott Forgalom Generálása (R1C1_C) | Period: 6.1138
Found 6 valid OD pairs for R1C1_C
Generating focused traffic: Period 6.1138s
[INFO] Subscriptions active: 6 (traci, fast mode)
  [ACTION PPO] R1C1_C: a0=25% (133) a1=19% (104) a2=30% (160) a3=26% (143)
[INFO] Episode duration: 2700s (45 min)

[DEBUG] 🎯 Célzott Forgalom Generálása (R1C1_C) | Period: 6.4658
Found 6 valid OD pairs for R1C1_C
Generating focused traffic: Period 6.4658s
[INFO] Subscriptions active: 6 (traci, fast mode)
  [ACTION PPO] R1C1_C: a0=26% (95) a1=20% (71) a2=28% (102) a3=26% (92)
[INFO] Episode duration: 3600s (60 min)

[DEBUG] 🎯 Célzott Forgalom Generálása (R1C1_C) | Period: 4.8698
Found 6 valid OD pairs for R1C1_C
Generating focused traffic: Period 4.8698s
[INFO] Subscriptions active: 6 (traci, fast mode)
  [ACTION PPO] R1C1_C: a0=26% (141) a1=18% (99) a2=28% (152) a3=27% (148)
[INFO] Episode duration: 1800s (30 min)

[DEBUG] 🎯 Célzott Forgalom Generálása (R1C1_C) | Period: 4.1216
Found 6 valid OD pairs for R1C1_C
Generating focused traffic: Period 4.1216s
[INFO] Subscriptions active: 6 (traci, fast mode)
  [ACTION PPO] R1C1_C: a0=25% (181) a1=18% (129) a2=31% (220) a3=26% (190)
[INFO] Episode duration: 2700s (45 min)

[DEBUG] 🎯 Célzott Forgalom Generálása (R1C1_C) | Period: 7.5452
Found 6 valid OD pairs for R1C1_C
Generating focused traffic: Period 7.5452s
[INFO] Subscriptions active: 6 (traci, fast mode)
  [ACTION PPO] R1C1_C: a0=24% (88) a1=15% (54) a2=32% (115) a3=29% (103)
[INFO] Episode duration: 3600s (60 min)

[DEBUG] 🎯 Célzott Forgalom Generálása (R1C1_C) | Period: 7.1571
Found 6 valid OD pairs for R1C1_C
Generating focused traffic: Period 7.1571s
[INFO] Subscriptions active: 6 (traci, fast mode)
  [ACTION PPO] R1C1_C: a0=31% (167) a1=15% (83) a2=30% (162) a3=24% (128)
[INFO] Episode duration: 900s (15 min)

[DEBUG] 🎯 Célzott Forgalom Generálása (R1C1_C) | Period: 5.2302
Found 6 valid OD pairs for R1C1_C
Generating focused traffic: Period 5.2302s
[INFO] Subscriptions active: 6 (traci, fast mode)
  [ACTION PPO] R1C1_C: a0=26% (188) a1=21% (148) a2=29% (211) a3=24% (173)
[INFO] Episode duration: 3600s (60 min)

[DEBUG] 🎯 Célzott Forgalom Generálása (R1C1_C) | Period: 5.181
Found 6 valid OD pairs for R1C1_C
Generating focused traffic: Period 5.1810s
[INFO] Subscriptions active: 6 (traci, fast mode)
  [ACTION PPO] R1C1_C: a0=23% (41) a1=24% (43) a2=34% (61) a3=19% (35)
[INFO] Episode duration: 3600s (60 min)

[DEBUG] 🎯 Célzott Forgalom Generálása (R1C1_C) | Period: 7.5728
Found 6 valid OD pairs for R1C1_C
Generating focused traffic: Period 7.5728s
[INFO] Subscriptions active: 6 (traci, fast mode)
  [ACTION PPO] R1C1_C: a0=24% (172) a1=16% (115) a2=33% (241) a3=27% (192)
[INFO] Episode duration: 1800s (30 min)

[DEBUG] 🎯 Célzott Forgalom Generálása (R1C1_C) | Period: 4.5357
Found 6 valid OD pairs for R1C1_C
Generating focused traffic: Period 4.5357s
[INFO] Subscriptions active: 6 (traci, fast mode)
  [ACTION PPO] R1C1_C: a0=27% (193) a1=16% (114) a2=32% (231) a3=25% (182)
[INFO] Episode duration: 3600s (60 min)

[DEBUG] 🎯 Célzott Forgalom Generálása (R1C1_C) | Period: 5.2322
Found 6 valid OD pairs for R1C1_C
Generating focused traffic: Period 5.2322s
[INFO] Subscriptions active: 6 (traci, fast mode)
  [ACTION PPO] R1C1_C: a0=29% (105) a1=15% (53) a2=31% (113) a3=25% (89)
[INFO] Episode duration: 900s (15 min)

[DEBUG] 🎯 Célzott Forgalom Generálása (R1C1_C) | Period: 5.4481
Found 6 valid OD pairs for R1C1_C
Generating focused traffic: Period 5.4481s
[INFO] Subscriptions active: 6 (traci, fast mode)
  [ACTION PPO] R1C1_C: a0=26% (190) a1=16% (115) a2=31% (226) a3=26% (189)
[INFO] Episode duration: 900s (15 min)

[DEBUG] 🎯 Célzott Forgalom Generálása (R1C1_C) | Period: 5.4058
Found 6 valid OD pairs for R1C1_C
Generating focused traffic: Period 5.4058s
[INFO] Subscriptions active: 6 (traci, fast mode)
  [ACTION PPO] R1C1_C: a0=29% (52) a1=12% (22) a2=33% (59) a3=26% (47)
[INFO] Episode duration: 900s (15 min)

[DEBUG] 🎯 Célzott Forgalom Generálása (R1C1_C) | Period: 4.3618
Found 6 valid OD pairs for R1C1_C
Generating focused traffic: Period 4.3618s
[INFO] Subscriptions active: 6 (traci, fast mode)
  [ACTION PPO] R1C1_C: a0=29% (52) a1=19% (34) a2=28% (50) a3=24% (44)
[INFO] Episode duration: 3600s (60 min)

[DEBUG] 🎯 Célzott Forgalom Generálása (R1C1_C) | Period: 7.9584
Found 6 valid OD pairs for R1C1_C
Generating focused traffic: Period 7.9584s
[INFO] Subscriptions active: 6 (traci, fast mode)
  [ACTION PPO] R1C1_C: a0=29% (53) a1=11% (20) a2=37% (67) a3=22% (40)
[INFO] Episode duration: 2700s (45 min)

[DEBUG] 🎯 Célzott Forgalom Generálása (R1C1_C) | Period: 7.9045
Found 6 valid OD pairs for R1C1_C
Generating focused traffic: Period 7.9045s
[INFO] Subscriptions active: 6 (traci, fast mode)
  [ACTION PPO] R1C1_C: a0=28% (204) a1=16% (112) a2=32% (233) a3=24% (171)
[INFO] Episode duration: 1800s (30 min)

[DEBUG] 🎯 Célzott Forgalom Generálása (R1C1_C) | Period: 7.2923
Found 6 valid OD pairs for R1C1_C
Generating focused traffic: Period 7.2923s
[INFO] Subscriptions active: 6 (traci, fast mode)
  [ACTION PPO] R1C1_C: a0=28% (151) a1=15% (81) a2=35% (190) a3=22% (118)
[INFO] Episode duration: 3600s (60 min)

[DEBUG] 🎯 Célzott Forgalom Generálása (R1C1_C) | Period: 4.5194
Found 6 valid OD pairs for R1C1_C
Generating focused traffic: Period 4.5194s
[INFO] Subscriptions active: 6 (traci, fast mode)
  [ACTION PPO] R1C1_C: a0=32% (114) a1=16% (59) a2=31% (113) a3=21% (74)
[INFO] Episode duration: 900s (15 min)

[DEBUG] 🎯 Célzott Forgalom Generálása (R1C1_C) | Period: 7.3404
Found 6 valid OD pairs for R1C1_C
Generating focused traffic: Period 7.3404s
[INFO] Subscriptions active: 6 (traci, fast mode)
  [ACTION PPO] R1C1_C: a0=33% (237) a1=15% (109) a2=33% (240) a3=19% (134)
[INFO] Episode duration: 3600s (60 min)

[DEBUG] 🎯 Célzott Forgalom Generálása (R1C1_C) | Period: 5.579
Found 6 valid OD pairs for R1C1_C
Generating focused traffic: Period 5.5790s
[INFO] Subscriptions active: 6 (traci, fast mode)
  [ACTION PPO] R1C1_C: a0=35% (63) a1=17% (30) a2=28% (51) a3=20% (36)
[INFO] Episode duration: 1800s (30 min)

[DEBUG] 🎯 Célzott Forgalom Generálása (R1C1_C) | Period: 7.592
Found 6 valid OD pairs for R1C1_C
Generating focused traffic: Period 7.5920s
[INFO] Subscriptions active: 6 (traci, fast mode)
  [ACTION PPO] R1C1_C: a0=31% (225) a1=15% (111) a2=31% (221) a3=23% (163)
[INFO] Episode duration: 2700s (45 min)

[DEBUG] 🎯 Célzott Forgalom Generálása (R1C1_C) | Period: 5.8852
Found 6 valid OD pairs for R1C1_C
Generating focused traffic: Period 5.8852s
[INFO] Subscriptions active: 6 (traci, fast mode)
  [ACTION PPO] R1C1_C: a0=30% (109) a1=16% (57) a2=32% (115) a3=22% (79)
[INFO] Episode duration: 900s (15 min)

[DEBUG] 🎯 Célzott Forgalom Generálása (R1C1_C) | Period: 5.3161
Found 6 valid OD pairs for R1C1_C
Generating focused traffic: Period 5.3161s
[INFO] Subscriptions active: 6 (traci, fast mode)
  [ACTION PPO] R1C1_C: a0=29% (155) a1=14% (77) a2=32% (171) a3=25% (137)
[INFO] Episode duration: 1800s (30 min)

[DEBUG] 🎯 Célzott Forgalom Generálása (R1C1_C) | Period: 4.2868
Found 6 valid OD pairs for R1C1_C
Generating focused traffic: Period 4.2868s
[INFO] Subscriptions active: 6 (traci, fast mode)
  [ACTION PPO] R1C1_C: a0=34% (62) a1=16% (29) a2=22% (40) a3=27% (49)
[INFO] Episode duration: 3600s (60 min)

[DEBUG] 🎯 Célzott Forgalom Generálása (R1C1_C) | Period: 5.6496
Found 6 valid OD pairs for R1C1_C
Generating focused traffic: Period 5.6496s
[INFO] Subscriptions active: 6 (traci, fast mode)
  [ACTION PPO] R1C1_C: a0=24% (88) a1=15% (55) a2=34% (124) a3=26% (93)
[INFO] Episode duration: 3600s (60 min)

[DEBUG] 🎯 Célzott Forgalom Generálása (R1C1_C) | Period: 6.9288
Found 6 valid OD pairs for R1C1_C
Generating focused traffic: Period 6.9288s
[INFO] Subscriptions active: 6 (traci, fast mode)
  [ACTION PPO] R1C1_C: a0=29% (206) a1=17% (119) a2=31% (226) a3=23% (169)
[INFO] Episode duration: 2700s (45 min)

[DEBUG] 🎯 Célzott Forgalom Generálása (R1C1_C) | Period: 4.8034
Found 6 valid OD pairs for R1C1_C
Generating focused traffic: Period 4.8034s
[INFO] Subscriptions active: 6 (traci, fast mode)
  [ACTION PPO] R1C1_C: a0=27% (193) a1=17% (120) a2=32% (232) a3=24% (175)
[INFO] Episode duration: 2700s (45 min)

[DEBUG] 🎯 Célzott Forgalom Generálása (R1C1_C) | Period: 5.9695
Found 6 valid OD pairs for R1C1_C
Generating focused traffic: Period 5.9695s
[INFO] Subscriptions active: 6 (traci, fast mode)
  [ACTION PPO] R1C1_C: a0=30% (163) a1=16% (85) a2=33% (176) a3=21% (116)
[INFO] Episode duration: 2700s (45 min)

[DEBUG] 🎯 Célzott Forgalom Generálása (R1C1_C) | Period: 7.1211
Found 6 valid OD pairs for R1C1_C
Generating focused traffic: Period 7.1211s
[INFO] Subscriptions active: 6 (traci, fast mode)
  [ACTION PPO] R1C1_C: a0=32% (172) a1=15% (82) a2=32% (174) a3=21% (112)
[INFO] Episode duration: 1800s (30 min)

[DEBUG] 🎯 Célzott Forgalom Generálása (R1C1_C) | Period: 7.7224
Found 6 valid OD pairs for R1C1_C
Generating focused traffic: Period 7.7224s
[INFO] Subscriptions active: 6 (traci, fast mode)
  [ACTION PPO] R1C1_C: a0=27% (148) a1=16% (88) a2=34% (182) a3=23% (122)
[INFO] Episode duration: 900s (15 min)

[DEBUG] 🎯 Célzott Forgalom Generálása (R1C1_C) | Period: 7.9429
Found 6 valid OD pairs for R1C1_C
Generating focused traffic: Period 7.9429s
[INFO] Subscriptions active: 6 (traci, fast mode)
  [ACTION PPO] R1C1_C: a0=23% (82) a1=14% (51) a2=42% (150) a3=21% (77)
[INFO] Episode duration: 3600s (60 min)

[DEBUG] 🎯 Célzott Forgalom Generálása (R1C1_C) | Period: 6.1904
Found 6 valid OD pairs for R1C1_C
Generating focused traffic: Period 6.1904s
[INFO] Subscriptions active: 6 (traci, fast mode)
  [ACTION PPO] R1C1_C: a0=28% (51) a1=20% (36) a2=36% (65) a3=16% (28)
[INFO] Episode duration: 3600s (60 min)

[DEBUG] 🎯 Célzott Forgalom Generálása (R1C1_C) | Period: 6.4822
Found 6 valid OD pairs for R1C1_C
Generating focused traffic: Period 6.4822s
[INFO] Subscriptions active: 6 (traci, fast mode)
  [ACTION PPO] R1C1_C: a0=21% (150) a1=15% (106) a2=41% (293) a3=24% (171)
-----------------------------------------
| rollout/                |             |
|    ep_len_mean          | 471         |
|    ep_rew_mean          | 56.9        |
| time/                   |             |
|    fps                  | 40          |
|    iterations           | 10          |
|    time_elapsed         | 500         |
|    total_timesteps      | 20480       |
| train/                  |             |
|    approx_kl            | 0.010216678 |
|    clip_fraction        | 0.083       |
|    clip_range           | 0.2         |
|    entropy_loss         | -1.32       |
|    explained_variance   | 0.0212      |
|    learning_rate        | 0.0001      |
|    loss                 | 0.587       |
|    n_updates            | 90          |
|    policy_gradient_loss | -0.00854    |
|    value_loss           | 1.17        |
-----------------------------------------
[INFO] Episode duration: 1800s (30 min)

[DEBUG] 🎯 Célzott Forgalom Generálása (R1C1_C) | Period: 7.7512
Found 6 valid OD pairs for R1C1_C
Generating focused traffic: Period 7.7512s
[INFO] Subscriptions active: 6 (traci, fast mode)
  [ACTION PPO] R1C1_C: a0=22% (160) a1=14% (103) a2=40% (289) a3=23% (168)
[INFO] Episode duration: 2700s (45 min)

[DEBUG] 🎯 Célzott Forgalom Generálása (R1C1_C) | Period: 7.928
Found 6 valid OD pairs for R1C1_C
Generating focused traffic: Period 7.9280s
[INFO] Subscriptions active: 6 (traci, fast mode)
  [ACTION PPO] R1C1_C: a0=22% (81) a1=16% (57) a2=38% (138) a3=23% (84)
[INFO] Episode duration: 2700s (45 min)

[DEBUG] 🎯 Célzott Forgalom Generálása (R1C1_C) | Period: 4.6555
Found 6 valid OD pairs for R1C1_C
Generating focused traffic: Period 4.6555s
[INFO] Subscriptions active: 6 (traci, fast mode)
  [ACTION PPO] R1C1_C: a0=18% (98) a1=16% (84) a2=41% (221) a3=25% (137)
[INFO] Episode duration: 3600s (60 min)

[DEBUG] 🎯 Célzott Forgalom Generálása (R1C1_C) | Period: 5.4125
Found 6 valid OD pairs for R1C1_C
Generating focused traffic: Period 5.4125s
[INFO] Subscriptions active: 6 (traci, fast mode)
  [ACTION PPO] R1C1_C: a0=22% (118) a1=11% (59) a2=43% (234) a3=24% (129)
[INFO] Episode duration: 3600s (60 min)

[DEBUG] 🎯 Célzott Forgalom Generálása (R1C1_C) | Period: 7.0477
Found 6 valid OD pairs for R1C1_C
Generating focused traffic: Period 7.0477s
[INFO] Subscriptions active: 6 (traci, fast mode)
  [ACTION PPO] R1C1_C: a0=22% (162) a1=12% (83) a2=41% (295) a3=25% (180)
[INFO] Episode duration: 2700s (45 min)

[DEBUG] 🎯 Célzott Forgalom Generálása (R1C1_C) | Period: 7.0776
Found 6 valid OD pairs for R1C1_C
Generating focused traffic: Period 7.0776s
[INFO] Subscriptions active: 6 (traci, fast mode)
  [ACTION PPO] R1C1_C: a0=20% (145) a1=12% (86) a2=42% (306) a3=25% (183)
[INFO] Episode duration: 900s (15 min)

[DEBUG] 🎯 Célzott Forgalom Generálása (R1C1_C) | Period: 5.9737
Found 6 valid OD pairs for R1C1_C
Generating focused traffic: Period 5.9737s
[INFO] Subscriptions active: 6 (traci, fast mode)
  [ACTION PPO] R1C1_C: a0=20% (108) a1=14% (74) a2=40% (217) a3=26% (141)
[INFO] Episode duration: 3600s (60 min)

[DEBUG] 🎯 Célzott Forgalom Generálása (R1C1_C) | Period: 5.666
Found 6 valid OD pairs for R1C1_C
Generating focused traffic: Period 5.6660s
[INFO] Subscriptions active: 6 (traci, fast mode)
  [ACTION PPO] R1C1_C: a0=16% (29) a1=11% (20) a2=53% (96) a3=19% (35)
[INFO] Episode duration: 900s (15 min)

[DEBUG] 🎯 Célzott Forgalom Generálása (R1C1_C) | Period: 4.3931
Found 6 valid OD pairs for R1C1_C
Generating focused traffic: Period 4.3931s
[INFO] Subscriptions active: 6 (traci, fast mode)
  [ACTION PPO] R1C1_C: a0=21% (149) a1=13% (97) a2=44% (317) a3=22% (157)
[INFO] Episode duration: 2700s (45 min)

[DEBUG] 🎯 Célzott Forgalom Generálása (R1C1_C) | Period: 5.1941
Found 6 valid OD pairs for R1C1_C
Generating focused traffic: Period 5.1941s
[INFO] Subscriptions active: 6 (traci, fast mode)
  [ACTION PPO] R1C1_C: a0=19% (34) a1=14% (25) a2=38% (69) a3=29% (52)
[INFO] Episode duration: 2700s (45 min)

[DEBUG] 🎯 Célzott Forgalom Generálása (R1C1_C) | Period: 5.8162
Found 6 valid OD pairs for R1C1_C
Generating focused traffic: Period 5.8162s
[INFO] Subscriptions active: 6 (traci, fast mode)
  [ACTION PPO] R1C1_C: a0=23% (125) a1=10% (55) a2=39% (211) a3=28% (149)
[INFO] Episode duration: 900s (15 min)

[DEBUG] 🎯 Célzott Forgalom Generálása (R1C1_C) | Period: 4.013
Found 6 valid OD pairs for R1C1_C
Generating focused traffic: Period 4.0130s
[INFO] Subscriptions active: 6 (traci, fast mode)
  [ACTION PPO] R1C1_C: a0=22% (118) a1=12% (65) a2=35% (191) a3=31% (166)
[INFO] Episode duration: 1800s (30 min)

[DEBUG] 🎯 Célzott Forgalom Generálása (R1C1_C) | Period: 7.4358
Found 6 valid OD pairs for R1C1_C
Generating focused traffic: Period 7.4358s
[INFO] Subscriptions active: 6 (traci, fast mode)
  [ACTION PPO] R1C1_C: a0=19% (34) a1=12% (22) a2=36% (65) a3=33% (59)
[INFO] Episode duration: 900s (15 min)

[DEBUG] 🎯 Célzott Forgalom Generálása (R1C1_C) | Period: 4.635
Found 6 valid OD pairs for R1C1_C
Generating focused traffic: Period 4.6350s
[INFO] Subscriptions active: 6 (traci, fast mode)
  [ACTION PPO] R1C1_C: a0=22% (78) a1=18% (63) a2=34% (122) a3=27% (97)
[INFO] Episode duration: 2700s (45 min)

[DEBUG] 🎯 Célzott Forgalom Generálása (R1C1_C) | Period: 4.0416
Found 6 valid OD pairs for R1C1_C
Generating focused traffic: Period 4.0416s
[INFO] Subscriptions active: 6 (traci, fast mode)
  [ACTION PPO] R1C1_C: a0=28% (50) a1=16% (28) a2=33% (59) a3=24% (43)
[INFO] Episode duration: 900s (15 min)

[DEBUG] 🎯 Célzott Forgalom Generálása (R1C1_C) | Period: 4.1952
Found 6 valid OD pairs for R1C1_C
Generating focused traffic: Period 4.1952s
[INFO] Subscriptions active: 6 (traci, fast mode)
  [ACTION PPO] R1C1_C: a0=23% (124) a1=11% (60) a2=42% (226) a3=24% (130)
[INFO] Episode duration: 2700s (45 min)

[DEBUG] 🎯 Célzott Forgalom Generálása (R1C1_C) | Period: 5.7519
Found 6 valid OD pairs for R1C1_C
Generating focused traffic: Period 5.7519s
[INFO] Subscriptions active: 6 (traci, fast mode)
  [ACTION PPO] R1C1_C: a0=26% (46) a1=14% (26) a2=34% (62) a3=26% (46)
[INFO] Episode duration: 2700s (45 min)

[DEBUG] 🎯 Célzott Forgalom Generálása (R1C1_C) | Period: 7.4523
Found 6 valid OD pairs for R1C1_C
Generating focused traffic: Period 7.4523s
[INFO] Subscriptions active: 6 (traci, fast mode)
  [ACTION PPO] R1C1_C: a0=26% (143) a1=8% (43) a2=42% (229) a3=23% (125)
[INFO] Episode duration: 2700s (45 min)

[DEBUG] 🎯 Célzott Forgalom Generálása (R1C1_C) | Period: 4.9348
Found 6 valid OD pairs for R1C1_C
Generating focused traffic: Period 4.9348s
[INFO] Subscriptions active: 6 (traci, fast mode)
  [ACTION PPO] R1C1_C: a0=22% (119) a1=11% (58) a2=39% (211) a3=28% (152)
[INFO] Episode duration: 3600s (60 min)

[DEBUG] 🎯 Célzott Forgalom Generálása (R1C1_C) | Period: 5.6177
Found 6 valid OD pairs for R1C1_C
Generating focused traffic: Period 5.6177s
[INFO] Subscriptions active: 6 (traci, fast mode)
  [ACTION PPO] R1C1_C: a0=23% (124) a1=9% (49) a2=43% (234) a3=25% (133)
[INFO] Episode duration: 3600s (60 min)

[DEBUG] 🎯 Célzott Forgalom Generálása (R1C1_C) | Period: 4.3635
Found 6 valid OD pairs for R1C1_C
Generating focused traffic: Period 4.3635s
[INFO] Subscriptions active: 6 (traci, fast mode)
  [ACTION PPO] R1C1_C: a0=22% (161) a1=9% (66) a2=42% (300) a3=27% (193)
[INFO] Episode duration: 900s (15 min)

[DEBUG] 🎯 Célzott Forgalom Generálása (R1C1_C) | Period: 4.249
Found 6 valid OD pairs for R1C1_C
Generating focused traffic: Period 4.2490s
[INFO] Subscriptions active: 6 (traci, fast mode)
  [ACTION PPO] R1C1_C: a0=22% (156) a1=9% (67) a2=44% (314) a3=25% (183)
[INFO] Episode duration: 2700s (45 min)

[DEBUG] 🎯 Célzott Forgalom Generálása (R1C1_C) | Period: 5.2969
Found 6 valid OD pairs for R1C1_C
Generating focused traffic: Period 5.2969s
[INFO] Subscriptions active: 6 (traci, fast mode)
  [ACTION PPO] R1C1_C: a0=22% (40) a1=11% (19) a2=38% (69) a3=29% (52)
[INFO] Episode duration: 900s (15 min)

[DEBUG] 🎯 Célzott Forgalom Generálása (R1C1_C) | Period: 5.2178
Found 6 valid OD pairs for R1C1_C
Generating focused traffic: Period 5.2178s
[INFO] Subscriptions active: 6 (traci, fast mode)
  [ACTION PPO] R1C1_C: a0=23% (124) a1=6% (35) a2=45% (241) a3=26% (140)
[INFO] Episode duration: 3600s (60 min)

[DEBUG] 🎯 Célzott Forgalom Generálása (R1C1_C) | Period: 4.1252
Found 6 valid OD pairs for R1C1_C
Generating focused traffic: Period 4.1252s
[INFO] Subscriptions active: 6 (traci, fast mode)
  [ACTION PPO] R1C1_C: a0=21% (37) a1=7% (12) a2=46% (83) a3=27% (48)
[INFO] Episode duration: 2700s (45 min)

[DEBUG] 🎯 Célzott Forgalom Generálása (R1C1_C) | Period: 6.7364
Found 6 valid OD pairs for R1C1_C
Generating focused traffic: Period 6.7364s
[INFO] Subscriptions active: 6 (traci, fast mode)
  [ACTION PPO] R1C1_C: a0=24% (173) a1=6% (46) a2=43% (312) a3=26% (189)
[INFO] Episode duration: 2700s (45 min)

[DEBUG] 🎯 Célzott Forgalom Generálása (R1C1_C) | Period: 5.3501
Found 6 valid OD pairs for R1C1_C
Generating focused traffic: Period 5.3501s
[INFO] Subscriptions active: 6 (traci, fast mode)
  [ACTION PPO] R1C1_C: a0=21% (114) a1=10% (54) a2=42% (229) a3=26% (143)
[INFO] Episode duration: 1800s (30 min)

[DEBUG] 🎯 Célzott Forgalom Generálása (R1C1_C) | Period: 6.9668
Found 6 valid OD pairs for R1C1_C
Generating focused traffic: Period 6.9668s
[INFO] Subscriptions active: 6 (traci, fast mode)
  [ACTION PPO] R1C1_C: a0=22% (120) a1=8% (41) a2=39% (211) a3=31% (168)
[INFO] Episode duration: 1800s (30 min)

[DEBUG] 🎯 Célzott Forgalom Generálása (R1C1_C) | Period: 4.0641
Found 6 valid OD pairs for R1C1_C
Generating focused traffic: Period 4.0641s
[INFO] Subscriptions active: 6 (traci, fast mode)
  [ACTION PPO] R1C1_C: a0=24% (87) a1=10% (36) a2=35% (125) a3=31% (112)
[INFO] Episode duration: 900s (15 min)

[DEBUG] 🎯 Célzott Forgalom Generálása (R1C1_C) | Period: 5.4144
Found 6 valid OD pairs for R1C1_C
Generating focused traffic: Period 5.4144s
[INFO] Subscriptions active: 6 (traci, fast mode)
  [ACTION PPO] R1C1_C: a0=25% (89) a1=8% (29) a2=33% (120) a3=34% (122)
[INFO] Episode duration: 1800s (30 min)

[DEBUG] 🎯 Célzott Forgalom Generálása (R1C1_C) | Period: 7.2129
Found 6 valid OD pairs for R1C1_C
Generating focused traffic: Period 7.2129s
[INFO] Subscriptions active: 6 (traci, fast mode)
  [ACTION PPO] R1C1_C: a0=32% (57) a1=6% (10) a2=36% (65) a3=27% (48)
[INFO] Episode duration: 3600s (60 min)

[DEBUG] 🎯 Célzott Forgalom Generálása (R1C1_C) | Period: 5.994
Found 6 valid OD pairs for R1C1_C
Generating focused traffic: Period 5.9940s
[INFO] Subscriptions active: 6 (traci, fast mode)
  [ACTION PPO] R1C1_C: a0=25% (91) a1=11% (40) a2=29% (105) a3=34% (124)
[INFO] Episode duration: 2700s (45 min)

[DEBUG] 🎯 Célzott Forgalom Generálása (R1C1_C) | Period: 5.4235
Found 6 valid OD pairs for R1C1_C
Generating focused traffic: Period 5.4235s
[INFO] Subscriptions active: 6 (traci, fast mode)
  [ACTION PPO] R1C1_C: a0=29% (206) a1=6% (42) a2=33% (238) a3=32% (234)
[INFO] Episode duration: 900s (15 min)

[DEBUG] 🎯 Célzott Forgalom Generálása (R1C1_C) | Period: 4.3443
Found 6 valid OD pairs for R1C1_C
Generating focused traffic: Period 4.3443s
[INFO] Subscriptions active: 6 (traci, fast mode)
  [ACTION PPO] R1C1_C: a0=30% (161) a1=8% (45) a2=29% (154) a3=33% (180)
[INFO] Episode duration: 2700s (45 min)

[DEBUG] 🎯 Célzott Forgalom Generálása (R1C1_C) | Period: 5.8223
Found 6 valid OD pairs for R1C1_C
Generating focused traffic: Period 5.8223s
[INFO] Subscriptions active: 6 (traci, fast mode)
  [ACTION PPO] R1C1_C: a0=30% (54) a1=6% (10) a2=32% (57) a3=33% (59)
[INFO] Episode duration: 2700s (45 min)

[DEBUG] 🎯 Célzott Forgalom Generálása (R1C1_C) | Period: 5.8725
Found 6 valid OD pairs for R1C1_C
Generating focused traffic: Period 5.8725s
[INFO] Subscriptions active: 6 (traci, fast mode)
  [ACTION PPO] R1C1_C: a0=28% (150) a1=6% (32) a2=33% (177) a3=34% (181)
[INFO] Episode duration: 3600s (60 min)

[DEBUG] 🎯 Célzott Forgalom Generálása (R1C1_C) | Period: 7.3553
Found 6 valid OD pairs for R1C1_C
Generating focused traffic: Period 7.3553s
[INFO] Subscriptions active: 6 (traci, fast mode)
  [ACTION PPO] R1C1_C: a0=26% (140) a1=9% (46) a2=34% (182) a3=32% (172)
[INFO] Episode duration: 900s (15 min)

[DEBUG] 🎯 Célzott Forgalom Generálása (R1C1_C) | Period: 6.4968
Found 6 valid OD pairs for R1C1_C
Generating focused traffic: Period 6.4968s
[INFO] Subscriptions active: 6 (traci, fast mode)
  [ACTION PPO] R1C1_C: a0=24% (175) a1=7% (53) a2=35% (251) a3=33% (241)
[INFO] Episode duration: 2700s (45 min)

[DEBUG] 🎯 Célzott Forgalom Generálása (R1C1_C) | Period: 6.2348
Found 6 valid OD pairs for R1C1_C
Generating focused traffic: Period 6.2348s
[INFO] Subscriptions active: 6 (traci, fast mode)
  [ACTION PPO] R1C1_C: a0=23% (42) a1=5% (9) a2=37% (67) a3=34% (62)
[INFO] Episode duration: 900s (15 min)

[DEBUG] 🎯 Célzott Forgalom Generálása (R1C1_C) | Period: 5.3885
Found 6 valid OD pairs for R1C1_C
Generating focused traffic: Period 5.3885s
[INFO] Subscriptions active: 6 (traci, fast mode)
  [ACTION PPO] R1C1_C: a0=26% (140) a1=7% (36) a2=36% (197) a3=31% (167)
[INFO] Episode duration: 2700s (45 min)

[DEBUG] 🎯 Célzott Forgalom Generálása (R1C1_C) | Period: 5.1506
Found 6 valid OD pairs for R1C1_C
Generating focused traffic: Period 5.1506s
[INFO] Subscriptions active: 6 (traci, fast mode)
  [ACTION PPO] R1C1_C: a0=21% (37) a1=8% (14) a2=38% (68) a3=34% (61)
[INFO] Episode duration: 3600s (60 min)

[DEBUG] 🎯 Célzott Forgalom Generálása (R1C1_C) | Period: 6.3104
Found 6 valid OD pairs for R1C1_C
Generating focused traffic: Period 6.3104s
[INFO] Subscriptions active: 6 (traci, fast mode)
  [ACTION PPO] R1C1_C: a0=26% (142) a1=6% (32) a2=39% (208) a3=29% (158)
[INFO] Episode duration: 1800s (30 min)

[DEBUG] 🎯 Célzott Forgalom Generálása (R1C1_C) | Period: 6.7832
Found 6 valid OD pairs for R1C1_C
Generating focused traffic: Period 6.7832s
[INFO] Subscriptions active: 6 (traci, fast mode)
  [ACTION PPO] R1C1_C: a0=25% (181) a1=6% (43) a2=39% (282) a3=30% (214)
[INFO] Episode duration: 2700s (45 min)

[DEBUG] 🎯 Célzott Forgalom Generálása (R1C1_C) | Period: 6.6332
Found 6 valid OD pairs for R1C1_C
Generating focused traffic: Period 6.6332s
[INFO] Subscriptions active: 6 (traci, fast mode)
  [ACTION PPO] R1C1_C: a0=28% (99) a1=6% (20) a2=37% (133) a3=30% (108)
[INFO] Episode duration: 3600s (60 min)

[DEBUG] 🎯 Célzott Forgalom Generálása (R1C1_C) | Period: 6.5365
Found 6 valid OD pairs for R1C1_C
Generating focused traffic: Period 6.5365s
[INFO] Subscriptions active: 6 (traci, fast mode)
  [ACTION PPO] R1C1_C: a0=24% (129) a1=6% (34) a2=39% (212) a3=31% (165)
-----------------------------------------
| rollout/                |             |
|    ep_len_mean          | 470         |
|    ep_rew_mean          | 59          |
| time/                   |             |
|    fps                  | 39          |
|    iterations           | 20          |
|    time_elapsed         | 1025        |
|    total_timesteps      | 40960       |
| train/                  |             |
|    approx_kl            | 0.007803558 |
|    clip_fraction        | 0.0345      |
|    clip_range           | 0.2         |
|    entropy_loss         | -1.21       |
|    explained_variance   | -0.019      |
|    learning_rate        | 0.0001      |
|    loss                 | 0.957       |
|    n_updates            | 190         |
|    policy_gradient_loss | -0.00282    |
|    value_loss           | 2.52        |
-----------------------------------------
[INFO] Episode duration: 900s (15 min)

[DEBUG] 🎯 Célzott Forgalom Generálása (R1C1_C) | Period: 4.0146
Found 6 valid OD pairs for R1C1_C
Generating focused traffic: Period 4.0146s
[INFO] Subscriptions active: 6 (traci, fast mode)
  [ACTION PPO] R1C1_C: a0=28% (200) a1=6% (41) a2=37% (264) a3=30% (215)
[INFO] Episode duration: 1800s (30 min)

[DEBUG] 🎯 Célzott Forgalom Generálása (R1C1_C) | Period: 7.6633
Found 6 valid OD pairs for R1C1_C
Generating focused traffic: Period 7.6633s
[INFO] Subscriptions active: 6 (traci, fast mode)
  [ACTION PPO] R1C1_C: a0=34% (62) a1=4% (8) a2=30% (54) a3=31% (56)
[INFO] Episode duration: 900s (15 min)

[DEBUG] 🎯 Célzott Forgalom Generálása (R1C1_C) | Period: 6.5231
Found 6 valid OD pairs for R1C1_C
Generating focused traffic: Period 6.5231s
[INFO] Subscriptions active: 6 (traci, fast mode)
  [ACTION PPO] R1C1_C: a0=27% (98) a1=5% (19) a2=38% (135) a3=30% (108)
[INFO] Episode duration: 1800s (30 min)

[DEBUG] 🎯 Célzott Forgalom Generálása (R1C1_C) | Period: 5.3199
Found 6 valid OD pairs for R1C1_C
Generating focused traffic: Period 5.3199s
[INFO] Subscriptions active: 6 (traci, fast mode)
  [ACTION PPO] R1C1_C: a0=32% (57) a1=4% (7) a2=32% (58) a3=32% (58)
[INFO] Episode duration: 2700s (45 min)

[DEBUG] 🎯 Célzott Forgalom Generálása (R1C1_C) | Period: 7.451
Found 6 valid OD pairs for R1C1_C
Generating focused traffic: Period 7.4510s
[INFO] Subscriptions active: 6 (traci, fast mode)
  [ACTION PPO] R1C1_C: a0=29% (103) a1=4% (15) a2=36% (129) a3=31% (113)
[INFO] Episode duration: 3600s (60 min)

[DEBUG] 🎯 Célzott Forgalom Generálása (R1C1_C) | Period: 6.4819
Found 6 valid OD pairs for R1C1_C
Generating focused traffic: Period 6.4819s
[INFO] Subscriptions active: 6 (traci, fast mode)
  [ACTION PPO] R1C1_C: a0=27% (144) a1=5% (25) a2=38% (205) a3=31% (166)
[INFO] Episode duration: 3600s (60 min)

[DEBUG] 🎯 Célzott Forgalom Generálása (R1C1_C) | Period: 4.4015
Found 6 valid OD pairs for R1C1_C
Generating focused traffic: Period 4.4015s
[INFO] Subscriptions active: 6 (traci, fast mode)
  [ACTION PPO] R1C1_C: a0=26% (184) a1=6% (43) a2=40% (288) a3=28% (205)
[INFO] Episode duration: 1800s (30 min)

[DEBUG] 🎯 Célzott Forgalom Generálása (R1C1_C) | Period: 7.3969
Found 6 valid OD pairs for R1C1_C
Generating focused traffic: Period 7.3969s
[INFO] Subscriptions active: 6 (traci, fast mode)
  [ACTION PPO] R1C1_C: a0=26% (190) a1=4% (26) a2=38% (277) a3=32% (227)
[INFO] Episode duration: 1800s (30 min)

[DEBUG] 🎯 Célzott Forgalom Generálása (R1C1_C) | Period: 5.0301
Found 6 valid OD pairs for R1C1_C
Generating focused traffic: Period 5.0301s
[INFO] Subscriptions active: 6 (traci, fast mode)
  [ACTION PPO] R1C1_C: a0=28% (100) a1=4% (14) a2=43% (154) a3=26% (92)
[INFO] Episode duration: 2700s (45 min)

[DEBUG] 🎯 Célzott Forgalom Generálása (R1C1_C) | Period: 7.2353
Found 6 valid OD pairs for R1C1_C
Generating focused traffic: Period 7.2353s
[INFO] Subscriptions active: 6 (traci, fast mode)
  [ACTION PPO] R1C1_C: a0=28% (101) a1=6% (22) a2=37% (134) a3=29% (103)
[INFO] Episode duration: 2700s (45 min)

[DEBUG] 🎯 Célzott Forgalom Generálása (R1C1_C) | Period: 4.4034
Found 6 valid OD pairs for R1C1_C
Generating focused traffic: Period 4.4034s
[INFO] Subscriptions active: 6 (traci, fast mode)
  [ACTION PPO] R1C1_C: a0=27% (146) a1=5% (28) a2=36% (192) a3=32% (174)
[INFO] Episode duration: 900s (15 min)

[DEBUG] 🎯 Célzott Forgalom Generálása (R1C1_C) | Period: 5.7879
Found 6 valid OD pairs for R1C1_C
Generating focused traffic: Period 5.7879s
[INFO] Subscriptions active: 6 (traci, fast mode)
  [ACTION PPO] R1C1_C: a0=27% (148) a1=3% (14) a2=36% (197) a3=34% (181)
[INFO] Episode duration: 900s (15 min)

[DEBUG] 🎯 Célzott Forgalom Generálása (R1C1_C) | Period: 5.3366
Found 6 valid OD pairs for R1C1_C
Generating focused traffic: Period 5.3366s
[INFO] Subscriptions active: 6 (traci, fast mode)
  [ACTION PPO] R1C1_C: a0=32% (57) a1=4% (8) a2=38% (68) a3=26% (47)
[INFO] Episode duration: 1800s (30 min)

[DEBUG] 🎯 Célzott Forgalom Generálása (R1C1_C) | Period: 5.9993
Found 6 valid OD pairs for R1C1_C
Generating focused traffic: Period 5.9993s
[INFO] Subscriptions active: 6 (traci, fast mode)
  [ACTION PPO] R1C1_C: a0=29% (52) a1=4% (7) a2=41% (73) a3=27% (48)
[INFO] Episode duration: 3600s (60 min)

[DEBUG] 🎯 Célzott Forgalom Generálása (R1C1_C) | Period: 6.847
Found 6 valid OD pairs for R1C1_C
Generating focused traffic: Period 6.8470s
[INFO] Subscriptions active: 6 (traci, fast mode)
  [ACTION PPO] R1C1_C: a0=29% (105) a1=4% (13) a2=39% (139) a3=29% (103)
[INFO] Episode duration: 1800s (30 min)

[DEBUG] 🎯 Célzott Forgalom Generálása (R1C1_C) | Period: 5.7079
Found 6 valid OD pairs for R1C1_C
Generating focused traffic: Period 5.7079s
[INFO] Subscriptions active: 6 (traci, fast mode)
  [ACTION PPO] R1C1_C: a0=25% (182) a1=3% (19) a2=41% (293) a3=31% (226)
[INFO] Episode duration: 2700s (45 min)

[DEBUG] 🎯 Célzott Forgalom Generálása (R1C1_C) | Period: 6.4862
Found 6 valid OD pairs for R1C1_C
Generating focused traffic: Period 6.4862s
[INFO] Subscriptions active: 6 (traci, fast mode)
  [ACTION PPO] R1C1_C: a0=28% (99) a1=4% (16) a2=44% (157) a3=24% (88)
[INFO] Episode duration: 900s (15 min)

[DEBUG] 🎯 Célzott Forgalom Generálása (R1C1_C) | Period: 4.4938
Found 6 valid OD pairs for R1C1_C
Generating focused traffic: Period 4.4938s
[INFO] Subscriptions active: 6 (traci, fast mode)
  [ACTION PPO] R1C1_C: a0=20% (110) a1=3% (18) a2=46% (248) a3=30% (164)
[INFO] Episode duration: 900s (15 min)

[DEBUG] 🎯 Célzott Forgalom Generálása (R1C1_C) | Period: 4.5462
Found 6 valid OD pairs for R1C1_C
Generating focused traffic: Period 4.5462s
[INFO] Subscriptions active: 6 (traci, fast mode)
  [ACTION PPO] R1C1_C: a0=28% (51) a1=3% (6) a2=39% (71) a3=29% (52)
[INFO] Episode duration: 1800s (30 min)

[DEBUG] 🎯 Célzott Forgalom Generálása (R1C1_C) | Period: 6.059
Found 6 valid OD pairs for R1C1_C
Generating focused traffic: Period 6.0590s
[INFO] Subscriptions active: 6 (traci, fast mode)
  [ACTION PPO] R1C1_C: a0=29% (52) a1=3% (6) a2=38% (68) a3=30% (54)
[INFO] Episode duration: 2700s (45 min)

[DEBUG] 🎯 Célzott Forgalom Generálása (R1C1_C) | Period: 6.0506
Found 6 valid OD pairs for R1C1_C
Generating focused traffic: Period 6.0506s
[INFO] Subscriptions active: 6 (traci, fast mode)
  [ACTION PPO] R1C1_C: a0=25% (91) a1=3% (11) a2=41% (147) a3=31% (111)
[INFO] Episode duration: 2700s (45 min)

[DEBUG] 🎯 Célzott Forgalom Generálása (R1C1_C) | Period: 4.2178
Found 6 valid OD pairs for R1C1_C
Generating focused traffic: Period 4.2178s
[INFO] Subscriptions active: 6 (traci, fast mode)
  [ACTION PPO] R1C1_C: a0=29% (159) a1=4% (19) a2=42% (227) a3=25% (135)
[INFO] Episode duration: 1800s (30 min)

[DEBUG] 🎯 Célzott Forgalom Generálása (R1C1_C) | Period: 4.2453
Found 6 valid OD pairs for R1C1_C
Generating focused traffic: Period 4.2453s
[INFO] Subscriptions active: 6 (traci, fast mode)
  [ACTION PPO] R1C1_C: a0=31% (170) a1=2% (11) a2=42% (226) a3=25% (133)
[INFO] Episode duration: 1800s (30 min)

[DEBUG] 🎯 Célzott Forgalom Generálása (R1C1_C) | Period: 4.4004
Found 6 valid OD pairs for R1C1_C
Generating focused traffic: Period 4.4004s
[INFO] Subscriptions active: 6 (traci, fast mode)
  [ACTION PPO] R1C1_C: a0=28% (99) a1=2% (9) a2=43% (155) a3=27% (97)
[INFO] Episode duration: 1800s (30 min)

[DEBUG] 🎯 Célzott Forgalom Generálása (R1C1_C) | Period: 4.5898
Found 6 valid OD pairs for R1C1_C
Generating focused traffic: Period 4.5898s
[INFO] Subscriptions active: 6 (traci, fast mode)
  [ACTION PPO] R1C1_C: a0=28% (100) a1=3% (11) a2=47% (170) a3=22% (79)
[INFO] Episode duration: 900s (15 min)

[DEBUG] 🎯 Célzott Forgalom Generálása (R1C1_C) | Period: 4.5495
Found 6 valid OD pairs for R1C1_C
Generating focused traffic: Period 4.5495s
[INFO] Subscriptions active: 6 (traci, fast mode)
  [ACTION PPO] R1C1_C: a0=28% (102) a1=4% (13) a2=47% (168) a3=21% (77)
[INFO] Episode duration: 2700s (45 min)

[DEBUG] 🎯 Célzott Forgalom Generálása (R1C1_C) | Period: 4.9317
Found 6 valid OD pairs for R1C1_C
Generating focused traffic: Period 4.9317s
[INFO] Subscriptions active: 6 (traci, fast mode)
  [ACTION PPO] R1C1_C: a0=26% (47) a1=3% (6) a2=50% (90) a3=21% (37)
[INFO] Episode duration: 3600s (60 min)

[DEBUG] 🎯 Célzott Forgalom Generálása (R1C1_C) | Period: 5.2467
Found 6 valid OD pairs for R1C1_C
Generating focused traffic: Period 5.2467s
[INFO] Subscriptions active: 6 (traci, fast mode)
  [ACTION PPO] R1C1_C: a0=30% (160) a1=4% (20) a2=47% (254) a3=20% (106)
[INFO] Episode duration: 3600s (60 min)

[DEBUG] 🎯 Célzott Forgalom Generálása (R1C1_C) | Period: 5.7217
Found 6 valid OD pairs for R1C1_C
Generating focused traffic: Period 5.7217s
[INFO] Subscriptions active: 6 (traci, fast mode)
  [ACTION PPO] R1C1_C: a0=28% (203) a1=2% (16) a2=47% (335) a3=23% (166)
[INFO] Episode duration: 900s (15 min)

[DEBUG] 🎯 Célzott Forgalom Generálása (R1C1_C) | Period: 6.7234
Found 6 valid OD pairs for R1C1_C
Generating focused traffic: Period 6.7234s
[INFO] Subscriptions active: 6 (traci, fast mode)
  [ACTION PPO] R1C1_C: a0=23% (167) a1=3% (25) a2=49% (356) a3=24% (172)
[INFO] Episode duration: 3600s (60 min)

[DEBUG] 🎯 Célzott Forgalom Generálása (R1C1_C) | Period: 7.6144
Found 6 valid OD pairs for R1C1_C
Generating focused traffic: Period 7.6144s
[INFO] Subscriptions active: 6 (traci, fast mode)
  [ACTION PPO] R1C1_C: a0=26% (46) a1=1% (2) a2=47% (85) a3=26% (47)
[INFO] Episode duration: 1800s (30 min)

[DEBUG] 🎯 Célzott Forgalom Generálása (R1C1_C) | Period: 4.5973
Found 6 valid OD pairs for R1C1_C
Generating focused traffic: Period 4.5973s
[INFO] Subscriptions active: 6 (traci, fast mode)
  [ACTION PPO] R1C1_C: a0=23% (165) a1=2% (15) a2=53% (385) a3=22% (155)
[INFO] Episode duration: 1800s (30 min)

[DEBUG] 🎯 Célzott Forgalom Generálása (R1C1_C) | Period: 4.8442
Found 6 valid OD pairs for R1C1_C
Generating focused traffic: Period 4.8442s
[INFO] Subscriptions active: 6 (traci, fast mode)
  [ACTION PPO] R1C1_C: a0=20% (73) a1=3% (10) a2=54% (193) a3=23% (84)
[INFO] Episode duration: 1800s (30 min)

[DEBUG] 🎯 Célzott Forgalom Generálása (R1C1_C) | Period: 6.2338
Found 6 valid OD pairs for R1C1_C
Generating focused traffic: Period 6.2338s
[INFO] Subscriptions active: 6 (traci, fast mode)
  [ACTION PPO] R1C1_C: a0=23% (84) a1=2% (8) a2=55% (197) a3=20% (71)
[INFO] Episode duration: 3600s (60 min)

[DEBUG] 🎯 Célzott Forgalom Generálása (R1C1_C) | Period: 5.2055
Found 6 valid OD pairs for R1C1_C
Generating focused traffic: Period 5.2055s
[INFO] Subscriptions active: 6 (traci, fast mode)
  [ACTION PPO] R1C1_C: a0=25% (89) a1=4% (16) a2=46% (164) a3=25% (91)
[INFO] Episode duration: 3600s (60 min)

[DEBUG] 🎯 Célzott Forgalom Generálása (R1C1_C) | Period: 4.1236
Found 6 valid OD pairs for R1C1_C
Generating focused traffic: Period 4.1236s
[INFO] Subscriptions active: 6 (traci, fast mode)
  [ACTION PPO] R1C1_C: a0=26% (189) a1=2% (18) a2=48% (342) a3=24% (171)
[INFO] Episode duration: 1800s (30 min)

[DEBUG] 🎯 Célzott Forgalom Generálása (R1C1_C) | Period: 4.8229
Found 6 valid OD pairs for R1C1_C
Generating focused traffic: Period 4.8229s
[INFO] Subscriptions active: 6 (traci, fast mode)
  [ACTION PPO] R1C1_C: a0=24% (173) a1=2% (16) a2=49% (352) a3=25% (179)
[INFO] Episode duration: 3600s (60 min)

[DEBUG] 🎯 Célzott Forgalom Generálása (R1C1_C) | Period: 7.6556
Found 6 valid OD pairs for R1C1_C
Generating focused traffic: Period 7.6556s
[INFO] Subscriptions active: 6 (traci, fast mode)
  [ACTION PPO] R1C1_C: a0=24% (88) a1=2% (7) a2=47% (169) a3=27% (96)
[INFO] Episode duration: 900s (15 min)

[DEBUG] 🎯 Célzott Forgalom Generálása (R1C1_C) | Period: 5.728
Found 6 valid OD pairs for R1C1_C
Generating focused traffic: Period 5.7280s
[INFO] Subscriptions active: 6 (traci, fast mode)
  [ACTION PPO] R1C1_C: a0=23% (167) a1=3% (23) a2=46% (334) a3=27% (196)
[INFO] Episode duration: 2700s (45 min)

[DEBUG] 🎯 Célzott Forgalom Generálása (R1C1_C) | Period: 5.3123
Found 6 valid OD pairs for R1C1_C
Generating focused traffic: Period 5.3123s
[INFO] Subscriptions active: 6 (traci, fast mode)
  [ACTION PPO] R1C1_C: a0=23% (41) a1=3% (6) a2=45% (81) a3=29% (52)
[INFO] Episode duration: 900s (15 min)

[DEBUG] 🎯 Célzott Forgalom Generálása (R1C1_C) | Period: 7.5661
Found 6 valid OD pairs for R1C1_C
Generating focused traffic: Period 7.5661s
[INFO] Subscriptions active: 6 (traci, fast mode)
  [ACTION PPO] R1C1_C: a0=23% (122) a1=2% (12) a2=49% (267) a3=26% (139)
[INFO] Episode duration: 1800s (30 min)

[DEBUG] 🎯 Célzott Forgalom Generálása (R1C1_C) | Period: 5.3594
Found 6 valid OD pairs for R1C1_C
Generating focused traffic: Period 5.3594s
[INFO] Subscriptions active: 6 (traci, fast mode)
  [ACTION PPO] R1C1_C: a0=24% (43) a1=4% (8) a2=47% (84) a3=25% (45)
[INFO] Episode duration: 900s (15 min)

[DEBUG] 🎯 Célzott Forgalom Generálása (R1C1_C) | Period: 5.9286
Found 6 valid OD pairs for R1C1_C
Generating focused traffic: Period 5.9286s
[INFO] Subscriptions active: 6 (traci, fast mode)
  [ACTION PPO] R1C1_C: a0=25% (90) a1=3% (10) a2=42% (150) a3=31% (110)
[INFO] Episode duration: 3600s (60 min)

[DEBUG] 🎯 Célzott Forgalom Generálása (R1C1_C) | Period: 6.8708
Found 6 valid OD pairs for R1C1_C
Generating focused traffic: Period 6.8708s
[INFO] Subscriptions active: 6 (traci, fast mode)
  [ACTION PPO] R1C1_C: a0=27% (48) a1=3% (6) a2=37% (67) a3=33% (59)
[INFO] Episode duration: 3600s (60 min)

[DEBUG] 🎯 Célzott Forgalom Generálása (R1C1_C) | Period: 4.5962
Found 6 valid OD pairs for R1C1_C
Generating focused traffic: Period 4.5962s
[INFO] Subscriptions active: 6 (traci, fast mode)
  [ACTION PPO] R1C1_C: a0=25% (180) a1=4% (32) a2=38% (273) a3=33% (235)
[INFO] Episode duration: 3600s (60 min)

[DEBUG] 🎯 Célzott Forgalom Generálása (R1C1_C) | Period: 5.2912
Found 6 valid OD pairs for R1C1_C
Generating focused traffic: Period 5.2912s
[INFO] Subscriptions active: 6 (traci, fast mode)
  [ACTION PPO] R1C1_C: a0=28% (202) a1=4% (26) a2=39% (278) a3=30% (214)
-----------------------------------------
| rollout/                |             |
|    ep_len_mean          | 461         |
|    ep_rew_mean          | 61.7        |
| time/                   |             |
|    fps                  | 39          |
|    iterations           | 30          |
|    time_elapsed         | 1544        |
|    total_timesteps      | 61440       |
| train/                  |             |
|    approx_kl            | 0.010636678 |
|    clip_fraction        | 0.0274      |
|    clip_range           | 0.2         |
|    entropy_loss         | -1.13       |
|    explained_variance   | 0.0312      |
|    learning_rate        | 0.0001      |
|    loss                 | 0.611       |
|    n_updates            | 290         |
|    policy_gradient_loss | -0.00215    |
|    value_loss           | 2.9         |
-----------------------------------------
[INFO] Episode duration: 1800s (30 min)

[DEBUG] 🎯 Célzott Forgalom Generálása (R1C1_C) | Period: 7.6332
Found 6 valid OD pairs for R1C1_C
Generating focused traffic: Period 7.6332s
[INFO] Subscriptions active: 6 (traci, fast mode)
  [ACTION PPO] R1C1_C: a0=28% (204) a1=2% (17) a2=37% (266) a3=32% (233)
[INFO] Episode duration: 900s (15 min)

[DEBUG] 🎯 Célzott Forgalom Generálása (R1C1_C) | Period: 6.3823
Found 6 valid OD pairs for R1C1_C
Generating focused traffic: Period 6.3823s
[INFO] Subscriptions active: 6 (traci, fast mode)
  [ACTION PPO] R1C1_C: a0=27% (97) a1=3% (11) a2=34% (124) a3=36% (128)
[INFO] Episode duration: 2700s (45 min)

[DEBUG] 🎯 Célzott Forgalom Generálása (R1C1_C) | Period: 6.5271
Found 6 valid OD pairs for R1C1_C
Generating focused traffic: Period 6.5271s
[INFO] Subscriptions active: 6 (traci, fast mode)
  [ACTION PPO] R1C1_C: a0=28% (50) a1=4% (7) a2=39% (71) a3=29% (52)
[INFO] Episode duration: 3600s (60 min)

[DEBUG] 🎯 Célzott Forgalom Generálása (R1C1_C) | Period: 6.3475
Found 6 valid OD pairs for R1C1_C
Generating focused traffic: Period 6.3475s
[INFO] Subscriptions active: 6 (traci, fast mode)
  [ACTION PPO] R1C1_C: a0=25% (135) a1=4% (21) a2=37% (201) a3=34% (183)
[INFO] Episode duration: 900s (15 min)

[DEBUG] 🎯 Célzott Forgalom Generálása (R1C1_C) | Period: 4.961
Found 6 valid OD pairs for R1C1_C
Generating focused traffic: Period 4.9610s
[INFO] Subscriptions active: 6 (traci, fast mode)
  [ACTION PPO] R1C1_C: a0=28% (204) a1=4% (26) a2=35% (255) a3=33% (235)
[INFO] Episode duration: 1800s (30 min)

[DEBUG] 🎯 Célzott Forgalom Generálása (R1C1_C) | Period: 7.0471
Found 6 valid OD pairs for R1C1_C
Generating focused traffic: Period 7.0471s
[INFO] Subscriptions active: 6 (traci, fast mode)
  [ACTION PPO] R1C1_C: a0=33% (59) a1=2% (4) a2=41% (74) a3=24% (43)
[INFO] Episode duration: 900s (15 min)

[DEBUG] 🎯 Célzott Forgalom Generálása (R1C1_C) | Period: 6.4422
Found 6 valid OD pairs for R1C1_C
Generating focused traffic: Period 6.4422s
[INFO] Subscriptions active: 6 (traci, fast mode)
  [ACTION PPO] R1C1_C: a0=32% (116) a1=2% (7) a2=37% (134) a3=29% (103)
[INFO] Episode duration: 3600s (60 min)

[DEBUG] 🎯 Célzott Forgalom Generálása (R1C1_C) | Period: 4.4696
Found 6 valid OD pairs for R1C1_C
Generating focused traffic: Period 4.4696s
[INFO] Subscriptions active: 6 (traci, fast mode)
  [ACTION PPO] R1C1_C: a0=28% (51) a1=3% (6) a2=39% (70) a3=29% (53)
[INFO] Episode duration: 1800s (30 min)

[DEBUG] 🎯 Célzott Forgalom Generálása (R1C1_C) | Period: 6.999
Found 6 valid OD pairs for R1C1_C
Generating focused traffic: Period 6.9990s
[INFO] Subscriptions active: 6 (traci, fast mode)
  [ACTION PPO] R1C1_C: a0=32% (228) a1=1% (10) a2=40% (290) a3=27% (192)
[INFO] Episode duration: 1800s (30 min)

[DEBUG] 🎯 Célzott Forgalom Generálása (R1C1_C) | Period: 4.4108
Found 6 valid OD pairs for R1C1_C
Generating focused traffic: Period 4.4108s
[INFO] Subscriptions active: 6 (traci, fast mode)
  [ACTION PPO] R1C1_C: a0=29% (104) a1=4% (15) a2=39% (140) a3=28% (101)
[INFO] Episode duration: 3600s (60 min)

[DEBUG] 🎯 Célzott Forgalom Generálása (R1C1_C) | Period: 7.4171
Found 6 valid OD pairs for R1C1_C
Generating focused traffic: Period 7.4171s
[INFO] Subscriptions active: 6 (traci, fast mode)
  [ACTION PPO] R1C1_C: a0=27% (98) a1=2% (9) a2=46% (166) a3=24% (87)
[INFO] Episode duration: 3600s (60 min)

[DEBUG] 🎯 Célzott Forgalom Generálása (R1C1_C) | Period: 5.399
Found 6 valid OD pairs for R1C1_C
Generating focused traffic: Period 5.3990s
[INFO] Subscriptions active: 6 (traci, fast mode)
  [ACTION PPO] R1C1_C: a0=29% (210) a1=2% (16) a2=41% (297) a3=27% (197)
[INFO] Episode duration: 2700s (45 min)

[DEBUG] 🎯 Célzott Forgalom Generálása (R1C1_C) | Period: 6.3907
Found 6 valid OD pairs for R1C1_C
Generating focused traffic: Period 6.3907s
[INFO] Subscriptions active: 6 (traci, fast mode)
  [ACTION PPO] R1C1_C: a0=27% (193) a1=2% (14) a2=43% (313) a3=28% (200)
[INFO] Episode duration: 3600s (60 min)

[DEBUG] 🎯 Célzott Forgalom Generálása (R1C1_C) | Period: 6.8693
Found 6 valid OD pairs for R1C1_C
Generating focused traffic: Period 6.8693s
[INFO] Subscriptions active: 6 (traci, fast mode)
  [ACTION PPO] R1C1_C: a0=28% (151) a1=2% (11) a2=40% (218) a3=30% (160)
[INFO] Episode duration: 3600s (60 min)

[DEBUG] 🎯 Célzott Forgalom Generálása (R1C1_C) | Period: 6.6682
Found 6 valid OD pairs for R1C1_C
Generating focused traffic: Period 6.6682s
[INFO] Subscriptions active: 6 (traci, fast mode)
  [ACTION PPO] R1C1_C: a0=29% (210) a1=3% (19) a2=43% (311) a3=25% (180)
[INFO] Episode duration: 3600s (60 min)

[DEBUG] 🎯 Célzott Forgalom Generálása (R1C1_C) | Period: 6.5613
Found 6 valid OD pairs for R1C1_C
Generating focused traffic: Period 6.5613s
[INFO] Subscriptions active: 6 (traci, fast mode)
  [ACTION PPO] R1C1_C: a0=28% (204) a1=2% (17) a2=42% (306) a3=27% (193)
[INFO] Episode duration: 1800s (30 min)

[DEBUG] 🎯 Célzott Forgalom Generálása (R1C1_C) | Period: 6.8478
Found 6 valid OD pairs for R1C1_C
Generating focused traffic: Period 6.8478s
[INFO] Subscriptions active: 6 (traci, fast mode)
  [ACTION PPO] R1C1_C: a0=29% (210) a1=3% (19) a2=42% (303) a3=26% (188)
[INFO] Episode duration: 3600s (60 min)

[DEBUG] 🎯 Célzott Forgalom Generálása (R1C1_C) | Period: 7.1968
Found 6 valid OD pairs for R1C1_C
Generating focused traffic: Period 7.1968s
[INFO] Subscriptions active: 6 (traci, fast mode)
  [ACTION PPO] R1C1_C: a0=30% (107) a1=2% (8) a2=42% (151) a3=26% (94)
[INFO] Episode duration: 3600s (60 min)

[DEBUG] 🎯 Célzott Forgalom Generálása (R1C1_C) | Period: 4.3985
Found 6 valid OD pairs for R1C1_C
Generating focused traffic: Period 4.3985s
[INFO] Subscriptions active: 6 (traci, fast mode)
  [ACTION PPO] R1C1_C: a0=27% (197) a1=2% (12) a2=46% (333) a3=25% (178)
[INFO] Episode duration: 1800s (30 min)

[DEBUG] 🎯 Célzott Forgalom Generálása (R1C1_C) | Period: 6.8398
Found 6 valid OD pairs for R1C1_C
Generating focused traffic: Period 6.8398s
[INFO] Subscriptions active: 6 (traci, fast mode)
  [ACTION PPO] R1C1_C: a0=28% (204) a1=2% (11) a2=47% (341) a3=23% (164)
[INFO] Episode duration: 3600s (60 min)

[DEBUG] 🎯 Célzott Forgalom Generálása (R1C1_C) | Period: 7.6279
Found 6 valid OD pairs for R1C1_C
Generating focused traffic: Period 7.6279s
[INFO] Subscriptions active: 6 (traci, fast mode)
  [ACTION PPO] R1C1_C: a0=27% (97) a1=2% (7) a2=43% (154) a3=28% (102)
[INFO] Episode duration: 1800s (30 min)

[DEBUG] 🎯 Célzott Forgalom Generálása (R1C1_C) | Period: 4.518
Found 6 valid OD pairs for R1C1_C
Generating focused traffic: Period 4.5180s
[INFO] Subscriptions active: 6 (traci, fast mode)
  [ACTION PPO] R1C1_C: a0=28% (198) a1=2% (15) a2=43% (308) a3=28% (199)
[INFO] Episode duration: 2700s (45 min)

[DEBUG] 🎯 Célzott Forgalom Generálása (R1C1_C) | Period: 5.9279
Found 6 valid OD pairs for R1C1_C
Generating focused traffic: Period 5.9279s
[INFO] Subscriptions active: 6 (traci, fast mode)
  [ACTION PPO] R1C1_C: a0=24% (87) a1=1% (2) a2=52% (187) a3=23% (84)
[INFO] Episode duration: 2700s (45 min)

[DEBUG] 🎯 Célzott Forgalom Generálása (R1C1_C) | Period: 5.875
Found 6 valid OD pairs for R1C1_C
Generating focused traffic: Period 5.8750s
[INFO] Subscriptions active: 6 (traci, fast mode)
  [ACTION PPO] R1C1_C: a0=25% (135) a1=1% (6) a2=46% (251) a3=27% (148)
[INFO] Episode duration: 3600s (60 min)

[DEBUG] 🎯 Célzott Forgalom Generálása (R1C1_C) | Period: 7.3681
Found 6 valid OD pairs for R1C1_C
Generating focused traffic: Period 7.3681s
[INFO] Subscriptions active: 6 (traci, fast mode)
  [ACTION PPO] R1C1_C: a0=30% (161) a1=2% (10) a2=39% (213) a3=29% (156)
[INFO] Episode duration: 2700s (45 min)

[DEBUG] 🎯 Célzott Forgalom Generálása (R1C1_C) | Period: 7.0356
Found 6 valid OD pairs for R1C1_C
Generating focused traffic: Period 7.0356s
[INFO] Subscriptions active: 6 (traci, fast mode)
  [ACTION PPO] R1C1_C: a0=30% (213) a1=2% (14) a2=40% (286) a3=29% (207)
[INFO] Episode duration: 900s (15 min)

[DEBUG] 🎯 Célzott Forgalom Generálása (R1C1_C) | Period: 7.3129
Found 6 valid OD pairs for R1C1_C
Generating focused traffic: Period 7.3129s
[INFO] Subscriptions active: 6 (traci, fast mode)
  [ACTION PPO] R1C1_C: a0=29% (158) a1=3% (16) a2=42% (225) a3=26% (141)
[INFO] Episode duration: 3600s (60 min)

[DEBUG] 🎯 Célzott Forgalom Generálása (R1C1_C) | Period: 5.4459
Found 6 valid OD pairs for R1C1_C
Generating focused traffic: Period 5.4459s
[INFO] Subscriptions active: 6 (traci, fast mode)
  [ACTION PPO] R1C1_C: a0=30% (54) a1=1% (1) a2=42% (75) a3=28% (50)
[INFO] Episode duration: 3600s (60 min)

[DEBUG] 🎯 Célzott Forgalom Generálása (R1C1_C) | Period: 5.4908
Found 6 valid OD pairs for R1C1_C
Generating focused traffic: Period 5.4908s
[INFO] Subscriptions active: 6 (traci, fast mode)
  [ACTION PPO] R1C1_C: a0=33% (238) a1=2% (15) a2=35% (255) a3=29% (212)
[INFO] Episode duration: 1800s (30 min)

[DEBUG] 🎯 Célzott Forgalom Generálása (R1C1_C) | Period: 5.2336
Found 6 valid OD pairs for R1C1_C
Generating focused traffic: Period 5.2336s
[INFO] Subscriptions active: 6 (traci, fast mode)
  [ACTION PPO] R1C1_C: a0=34% (248) a1=2% (12) a2=35% (250) a3=29% (210)
[INFO] Episode duration: 3600s (60 min)

[DEBUG] 🎯 Célzott Forgalom Generálása (R1C1_C) | Period: 5.7309
Found 6 valid OD pairs for R1C1_C
Generating focused traffic: Period 5.7309s
[INFO] Subscriptions active: 6 (traci, fast mode)
  [ACTION PPO] R1C1_C: a0=36% (128) a1=2% (9) a2=33% (118) a3=29% (105)
[INFO] Episode duration: 2700s (45 min)

[DEBUG] 🎯 Célzott Forgalom Generálása (R1C1_C) | Period: 5.1982
Found 6 valid OD pairs for R1C1_C
Generating focused traffic: Period 5.1982s
[INFO] Subscriptions active: 6 (traci, fast mode)
  [ACTION PPO] R1C1_C: a0=29% (211) a1=2% (12) a2=35% (250) a3=34% (247)
[INFO] Episode duration: 2700s (45 min)

[DEBUG] 🎯 Célzott Forgalom Generálása (R1C1_C) | Period: 5.094
Found 6 valid OD pairs for R1C1_C
Generating focused traffic: Period 5.0940s
[INFO] Subscriptions active: 6 (traci, fast mode)
  [ACTION PPO] R1C1_C: a0=27% (144) a1=1% (8) a2=40% (214) a3=32% (174)
[INFO] Episode duration: 1800s (30 min)

[DEBUG] 🎯 Célzott Forgalom Generálása (R1C1_C) | Period: 6.2735
Found 6 valid OD pairs for R1C1_C
Generating focused traffic: Period 6.2735s
[INFO] Subscriptions active: 6 (traci, fast mode)
  [ACTION PPO] R1C1_C: a0=29% (158) a1=1% (6) a2=35% (188) a3=35% (188)
[INFO] Episode duration: 3600s (60 min)

[DEBUG] 🎯 Célzott Forgalom Generálása (R1C1_C) | Period: 4.7066
Found 6 valid OD pairs for R1C1_C
Generating focused traffic: Period 4.7066s
[INFO] Subscriptions active: 6 (traci, fast mode)
  [ACTION PPO] R1C1_C: a0=30% (108) a1=2% (8) a2=34% (123) a3=34% (121)
[INFO] Episode duration: 3600s (60 min)

[DEBUG] 🎯 Célzott Forgalom Generálása (R1C1_C) | Period: 6.9922
Found 6 valid OD pairs for R1C1_C
Generating focused traffic: Period 6.9922s
[INFO] Subscriptions active: 6 (traci, fast mode)
  [ACTION PPO] R1C1_C: a0=27% (195) a1=2% (13) a2=36% (260) a3=35% (252)
[INFO] Episode duration: 2700s (45 min)

[DEBUG] 🎯 Célzott Forgalom Generálása (R1C1_C) | Period: 6.86
Found 6 valid OD pairs for R1C1_C
Generating focused traffic: Period 6.8600s
[INFO] Subscriptions active: 6 (traci, fast mode)
  [ACTION PPO] R1C1_C: a0=26% (186) a1=2% (15) a2=33% (240) a3=39% (279)
[INFO] Episode duration: 1800s (30 min)

[DEBUG] 🎯 Célzott Forgalom Generálása (R1C1_C) | Period: 7.4401
Found 6 valid OD pairs for R1C1_C
Generating focused traffic: Period 7.4401s
[INFO] Subscriptions active: 6 (traci, fast mode)
  [ACTION PPO] R1C1_C: a0=23% (124) a1=2% (9) a2=35% (188) a3=41% (219)
------------------------------------------
| rollout/                |              |
|    ep_len_mean          | 481          |
|    ep_rew_mean          | 70.6         |
| time/                   |              |
|    fps                  | 39           |
|    iterations           | 40           |
|    time_elapsed         | 2067         |
|    total_timesteps      | 81920        |
| train/                  |              |
|    approx_kl            | 0.0068030627 |
|    clip_fraction        | 0.0318       |
|    clip_range           | 0.2          |
|    entropy_loss         | -1.05        |
|    explained_variance   | -0.00807     |
|    learning_rate        | 0.0001       |
|    loss                 | 0.271        |
|    n_updates            | 390          |
|    policy_gradient_loss | -0.00148     |
|    value_loss           | 3.14         |
------------------------------------------
[INFO] Episode duration: 900s (15 min)

[DEBUG] 🎯 Célzott Forgalom Generálása (R1C1_C) | Period: 6.992
Found 6 valid OD pairs for R1C1_C
Generating focused traffic: Period 6.9920s
[INFO] Subscriptions active: 6 (traci, fast mode)
  [ACTION PPO] R1C1_C: a0=27% (98) a1=2% (7) a2=38% (136) a3=33% (119)
[INFO] Episode duration: 1800s (30 min)

[DEBUG] 🎯 Célzott Forgalom Generálása (R1C1_C) | Period: 5.8971
Found 6 valid OD pairs for R1C1_C
Generating focused traffic: Period 5.8971s
[INFO] Subscriptions active: 6 (traci, fast mode)
  [ACTION PPO] R1C1_C: a0=24% (43) a1=1% (2) a2=42% (76) a3=33% (59)
[INFO] Episode duration: 2700s (45 min)

[DEBUG] 🎯 Célzott Forgalom Generálása (R1C1_C) | Period: 5.64
Found 6 valid OD pairs for R1C1_C
Generating focused traffic: Period 5.6400s
[INFO] Subscriptions active: 6 (traci, fast mode)
  [ACTION PPO] R1C1_C: a0=26% (93) a1=1% (4) a2=36% (128) a3=38% (135)
[INFO] Episode duration: 2700s (45 min)

[DEBUG] 🎯 Célzott Forgalom Generálása (R1C1_C) | Period: 4.9743
Found 6 valid OD pairs for R1C1_C
Generating focused traffic: Period 4.9743s
[INFO] Subscriptions active: 6 (traci, fast mode)
  [ACTION PPO] R1C1_C: a0=31% (166) a1=1% (8) a2=37% (202) a3=30% (164)
[INFO] Episode duration: 900s (15 min)

[DEBUG] 🎯 Célzott Forgalom Generálása (R1C1_C) | Period: 6.4169
Found 6 valid OD pairs for R1C1_C
Generating focused traffic: Period 6.4169s
[INFO] Subscriptions active: 6 (traci, fast mode)
  [ACTION PPO] R1C1_C: a0=28% (151) a1=2% (10) a2=37% (199) a3=33% (180)
[INFO] Episode duration: 2700s (45 min)

[DEBUG] 🎯 Célzott Forgalom Generálása (R1C1_C) | Period: 7.7959
Found 6 valid OD pairs for R1C1_C
Generating focused traffic: Period 7.7959s
[INFO] Subscriptions active: 6 (traci, fast mode)
  [ACTION PPO] R1C1_C: a0=22% (39) a1=2% (3) a2=43% (77) a3=34% (61)
[INFO] Episode duration: 900s (15 min)

[DEBUG] 🎯 Célzott Forgalom Generálása (R1C1_C) | Period: 6.1956
Found 6 valid OD pairs for R1C1_C
Generating focused traffic: Period 6.1956s
[INFO] Subscriptions active: 6 (traci, fast mode)
  [ACTION PPO] R1C1_C: a0=28% (149) a1=1% (4) a2=38% (207) a3=33% (180)
[INFO] Episode duration: 900s (15 min)

[DEBUG] 🎯 Célzott Forgalom Generálása (R1C1_C) | Period: 6.041
Found 6 valid OD pairs for R1C1_C
Generating focused traffic: Period 6.0410s
[INFO] Subscriptions active: 6 (traci, fast mode)
  [ACTION PPO] R1C1_C: a0=21% (37) a2=36% (65) a3=43% (78)
[INFO] Episode duration: 900s (15 min)

[DEBUG] 🎯 Célzott Forgalom Generálása (R1C1_C) | Period: 7.218
Found 6 valid OD pairs for R1C1_C
Generating focused traffic: Period 7.2180s
[INFO] Subscriptions active: 6 (traci, fast mode)
  [ACTION PPO] R1C1_C: a0=21% (38) a1=2% (4) a2=33% (59) a3=44% (79)
[INFO] Episode duration: 2700s (45 min)

[DEBUG] 🎯 Célzott Forgalom Generálása (R1C1_C) | Period: 5.2544
Found 6 valid OD pairs for R1C1_C
Generating focused traffic: Period 5.2544s
[INFO] Subscriptions active: 6 (traci, fast mode)
  [ACTION PPO] R1C1_C: a0=30% (54) a2=31% (55) a3=39% (71)
[INFO] Episode duration: 3600s (60 min)

[DEBUG] 🎯 Célzott Forgalom Generálása (R1C1_C) | Period: 6.1544
Found 6 valid OD pairs for R1C1_C
Generating focused traffic: Period 6.1544s
[INFO] Subscriptions active: 6 (traci, fast mode)
  [ACTION PPO] R1C1_C: a0=24% (132) a1=2% (9) a2=44% (237) a3=30% (162)
[INFO] Episode duration: 900s (15 min)

[DEBUG] 🎯 Célzott Forgalom Generálása (R1C1_C) | Period: 5.7797
Found 6 valid OD pairs for R1C1_C
Generating focused traffic: Period 5.7797s
[INFO] Subscriptions active: 6 (traci, fast mode)
  [ACTION PPO] R1C1_C: a0=27% (195) a1=2% (11) a2=38% (270) a3=34% (244)
[INFO] Episode duration: 1800s (30 min)

[DEBUG] 🎯 Célzott Forgalom Generálása (R1C1_C) | Period: 6.0505
Found 6 valid OD pairs for R1C1_C
Generating focused traffic: Period 6.0505s
[INFO] Subscriptions active: 6 (traci, fast mode)
  [ACTION PPO] R1C1_C: a0=33% (59) a1=1% (2) a2=36% (64) a3=31% (55)
[INFO] Episode duration: 900s (15 min)

[DEBUG] 🎯 Célzott Forgalom Generálása (R1C1_C) | Period: 7.5221
Found 6 valid OD pairs for R1C1_C
Generating focused traffic: Period 7.5221s
[INFO] Subscriptions active: 6 (traci, fast mode)
  [ACTION PPO] R1C1_C: a0=24% (86) a1=1% (5) a2=42% (150) a3=33% (119)
[INFO] Episode duration: 900s (15 min)

[DEBUG] 🎯 Célzott Forgalom Generálása (R1C1_C) | Period: 6.5883
Found 6 valid OD pairs for R1C1_C
Generating focused traffic: Period 6.5883s
[INFO] Subscriptions active: 6 (traci, fast mode)
  [ACTION PPO] R1C1_C: a0=24% (43) a2=48% (86) a3=28% (51)
[INFO] Episode duration: 3600s (60 min)

[DEBUG] 🎯 Célzott Forgalom Generálása (R1C1_C) | Period: 6.2275
Found 6 valid OD pairs for R1C1_C
Generating focused traffic: Period 6.2275s
[INFO] Subscriptions active: 6 (traci, fast mode)
  [ACTION PPO] R1C1_C: a0=26% (47) a1=2% (3) a2=37% (67) a3=35% (63)
[INFO] Episode duration: 2700s (45 min)

[DEBUG] 🎯 Célzott Forgalom Generálása (R1C1_C) | Period: 4.267
Found 6 valid OD pairs for R1C1_C
Generating focused traffic: Period 4.2670s
[INFO] Subscriptions active: 6 (traci, fast mode)
  [ACTION PPO] R1C1_C: a0=25% (180) a1=1% (6) a2=39% (284) a3=35% (250)
[INFO] Episode duration: 1800s (30 min)

[DEBUG] 🎯 Célzott Forgalom Generálása (R1C1_C) | Period: 5.3585
Found 6 valid OD pairs for R1C1_C
Generating focused traffic: Period 5.3585s
[INFO] Subscriptions active: 6 (traci, fast mode)
  [ACTION PPO] R1C1_C: a0=28% (149) a1=2% (10) a2=41% (220) a3=30% (161)
[INFO] Episode duration: 3600s (60 min)

[DEBUG] 🎯 Célzott Forgalom Generálása (R1C1_C) | Period: 6.2546
Found 6 valid OD pairs for R1C1_C
Generating focused traffic: Period 6.2546s
[INFO] Subscriptions active: 6 (traci, fast mode)
  [ACTION PPO] R1C1_C: a0=27% (96) a1=1% (4) a2=39% (139) a3=34% (121)
[INFO] Episode duration: 2700s (45 min)

[DEBUG] 🎯 Célzott Forgalom Generálása (R1C1_C) | Period: 7.2728
Found 6 valid OD pairs for R1C1_C
Generating focused traffic: Period 7.2728s
[INFO] Subscriptions active: 6 (traci, fast mode)
  [ACTION PPO] R1C1_C: a0=30% (219) a1=2% (15) a2=36% (258) a3=32% (228)
[INFO] Episode duration: 2700s (45 min)

[DEBUG] 🎯 Célzott Forgalom Generálása (R1C1_C) | Period: 4.5863
Found 6 valid OD pairs for R1C1_C
Generating focused traffic: Period 4.5863s
[INFO] Subscriptions active: 6 (traci, fast mode)
  [ACTION PPO] R1C1_C: a0=32% (172) a1=2% (11) a2=34% (181) a3=33% (176)
[INFO] Episode duration: 900s (15 min)

[DEBUG] 🎯 Célzott Forgalom Generálása (R1C1_C) | Period: 6.7834
Found 6 valid OD pairs for R1C1_C
Generating focused traffic: Period 6.7834s
[INFO] Subscriptions active: 6 (traci, fast mode)
  [ACTION PPO] R1C1_C: a0=26% (142) a1=2% (10) a2=42% (227) a3=30% (161)
[INFO] Episode duration: 3600s (60 min)

[DEBUG] 🎯 Célzott Forgalom Generálása (R1C1_C) | Period: 7.6989
Found 6 valid OD pairs for R1C1_C
Generating focused traffic: Period 7.6989s
[INFO] Subscriptions active: 6 (traci, fast mode)
  [ACTION PPO] R1C1_C: a0=23% (41) a1=2% (3) a2=41% (74) a3=34% (62)
[INFO] Episode duration: 3600s (60 min)

[DEBUG] 🎯 Célzott Forgalom Generálása (R1C1_C) | Period: 7.0411
Found 6 valid OD pairs for R1C1_C
Generating focused traffic: Period 7.0411s
[INFO] Subscriptions active: 6 (traci, fast mode)
  [ACTION PPO] R1C1_C: a0=24% (172) a1=1% (6) a2=40% (289) a3=35% (253)
[INFO] Episode duration: 900s (15 min)

[DEBUG] 🎯 Célzott Forgalom Generálása (R1C1_C) | Period: 7.9458
Found 6 valid OD pairs for R1C1_C
Generating focused traffic: Period 7.9458s
[INFO] Subscriptions active: 6 (traci, fast mode)
  [ACTION PPO] R1C1_C: a0=29% (212) a1=1% (6) a2=38% (276) a3=31% (226)
[INFO] Episode duration: 3600s (60 min)

[DEBUG] 🎯 Célzott Forgalom Generálása (R1C1_C) | Period: 5.9464
Found 6 valid OD pairs for R1C1_C
Generating focused traffic: Period 5.9464s
[INFO] Subscriptions active: 6 (traci, fast mode)
  [ACTION PPO] R1C1_C: a0=25% (45) a1=2% (4) a2=40% (72) a3=33% (59)
[INFO] Episode duration: 2700s (45 min)

[DEBUG] 🎯 Célzott Forgalom Generálása (R1C1_C) | Period: 6.8665
Found 6 valid OD pairs for R1C1_C
Generating focused traffic: Period 6.8665s
wandb: WARNING Symlinked 1 file into the W&B run directory; call wandb.save again to sync new files.
/Users/wagnertamas/Documents/Munka/cikkek/AI_agens_konyvtar/support/intergreen_matrix_calculator/rl_trainer.py:992: UserWarning: Exporting a model while it is in training mode. Please ensure that this is intended, as it may lead to different behavior during inference. Calling model.eval() before export is recommended.
  torch.onnx.export(
/Users/wagnertamas/Documents/Munka/cikkek/AI_agens_konyvtar/support/intergreen_matrix_calculator/rl_trainer.py:992: UserWarning: # 'dynamic_axes' is not recommended when dynamo=True, and may lead to 'torch._dynamo.exc.UserError: Constraints violated.' Supply the 'dynamic_shapes' argument instead if export is unsuccessful.
  torch.onnx.export(
wandb: updating run metadata
wandb: uploading pytorch_models/R1C1_C.zip; uploading output.log; uploading wandb-summary.json; uploading config.yaml
wandb: uploading pytorch_models/R1C1_C.zip; uploading output.log; uploading config.yaml
wandb: uploading summary, console lines 1622-1632
wandb: 
wandb: Run history:
wandb:         R1C1_C/action_pct/phase_0 ▄▅▄▆▇▅▅▆▁▂▃▅▂▄▅▄▅▅▆▅▄▄▄▃▄▅▄▅▅▅▅▅█▃▅▂▂▅▆▅
wandb:         R1C1_C/action_pct/phase_1 █▆▅▄▄▅▄▅▃▄▂▂▂▂▂▁▂▁▁▂▁▂▂▂▂▁▂▁▁▁▁▁▁▁▁▁▁▁▁▁
wandb:         R1C1_C/action_pct/phase_2 ▁▂▂▃▃▃▃▃▅▅▅▄▃▄▄▄▄▅▅▇▇▇▇▇▇▅▇▆▃▄▄▅▄▂▇█▇▅▅▅
wandb:         R1C1_C/action_pct/phase_3 ▃▂▁▃▃▄▃▄▄▆▅▆▅▅▄▆▄▄▄▅▃▃▂▃▆▄▄▄▄▄▆▇█▆▅▃▄▂▂▆
wandb:         R1C1_C/train/entropy_loss ▁▁▁▁▁▂▂▂▂▂▂▄▃▄▃▄▄▅▅▅▅▅▆▆▆▆▆▆▆▆▇▇▇▇▇█▇▇▇█
wandb:        R1C1_C/train/learning_rate ▁▁▁▁▁▁▁▁▁▁▁▁▁▁▁▁▁▁▁▁▁▁▁▁▁▁▁▁▁▁▁▁▁▁▁▁▁▁▁▁
wandb:                 R1C1_C/train/loss ▁▁▁▁▁▁▃▂▁▄▄▄▁▂▂▁▃▁▁▂▂▂▅▁█▂▃▃▁▁▁▁▁▃▃▂▂▁▁▄
wandb: R1C1_C/train/policy_gradient_loss ▃▃▃▇▇▆▄▄▄▄▅▆▂▆▁▅▇▇▅▅▇▇▆▆▃▆▅▇▄▅▆█▃▃▇▄▃▆▆▇
wandb:           R1C1_C/train/value_loss ▁▁▁▁▁▁▁▃▃▃▃▃▂▂▂▄▄▅▄▄▆▅▅▆▆▅▅▄▄▄▇▇▄▄▄▅▅▆▅█
wandb:                        avg_reward ▅▂▂▂▁▃▆▁▂▅▂▃▃▃▄▆▄▅▃▅▇▃▅▅▄▅▅█▅▆▅▇▅▅▅▄▅▂▅▄
wandb:                                +9 ...
wandb: 
wandb: Run summary:
wandb:         R1C1_C/action_pct/phase_0 27.77778
wandb:         R1C1_C/action_pct/phase_1 1.66667
wandb:         R1C1_C/action_pct/phase_2 40
wandb:         R1C1_C/action_pct/phase_3 30.55556
wandb:         R1C1_C/train/entropy_loss -1.02455
wandb:        R1C1_C/train/learning_rate 0.0001
wandb:                 R1C1_C/train/loss 2.19198
wandb: R1C1_C/train/policy_gradient_loss -0.00202
wandb:           R1C1_C/train/value_loss 4.26604
wandb:                        avg_reward 0.17782
wandb:                                +9 ...
wandb: 
wandb: 🚀 View run ppo_speed_throughput_2x64_3_R1C1_C at: https://wandb.ai/wagnertamas-budapesti-m-szaki-s-gazdas-gtudom-nyi-egyetem/sumo-rl-stat-2/runs/2a8uco0v
wandb: ⭐️ View project at: https://wandb.ai/wagnertamas-budapesti-m-szaki-s-gazdas-gtudom-nyi-egyetem/sumo-rl-stat-2
wandb: Synced 5 W&B file(s), 0 media file(s), 0 artifact file(s) and 1 other file(s)
wandb: Find logs at: ./wandb/run-20260408_030821-2a8uco0v/logs
[INFO] Subscriptions active: 6 (traci, fast mode)
  [ACTION PPO] R1C1_C: a0=28% (203) a1=1% (8) a2=46% (329) a3=25% (180)
[INFO] Episode duration: 900s (15 min)

[DEBUG] 🎯 Célzott Forgalom Generálása (R1C1_C) | Period: 4.301
Found 6 valid OD pairs for R1C1_C
Generating focused traffic: Period 4.3010s
[INFO] Subscriptions active: 6 (traci, fast mode)
  [ACTION PPO] R1C1_C: a0=28% (150) a1=1% (5) a2=45% (241) a3=27% (144)
[INFO] Episode duration: 2700s (45 min)

[DEBUG] 🎯 Célzott Forgalom Generálása (R1C1_C) | Period: 7.6934
Found 6 valid OD pairs for R1C1_C
Generating focused traffic: Period 7.6934s
[INFO] Subscriptions active: 6 (traci, fast mode)
  [ACTION PPO] R1C1_C: a0=24% (43) a1=1% (1) a2=50% (90) a3=26% (46)
[INFO] Episode duration: 2700s (45 min)

[DEBUG] 🎯 Célzott Forgalom Generálása (R1C1_C) | Period: 4.5346
Found 6 valid OD pairs for R1C1_C
Generating focused traffic: Period 4.5346s
[INFO] Subscriptions active: 6 (traci, fast mode)
  [ACTION PPO] R1C1_C: a0=27% (144) a1=1% (6) a2=44% (236) a3=29% (154)
[INFO] Episode duration: 900s (15 min)

[DEBUG] 🎯 Célzott Forgalom Generálása (R1C1_C) | Period: 4.4558
Found 6 valid OD pairs for R1C1_C
Generating focused traffic: Period 4.4558s
[INFO] Subscriptions active: 6 (traci, fast mode)
  [ACTION PPO] R1C1_C: a0=30% (160) a1=1% (6) a2=46% (251) a3=23% (123)
[INFO] Episode duration: 2700s (45 min)

[DEBUG] 🎯 Célzott Forgalom Generálása (R1C1_C) | Period: 5.4962
Found 6 valid OD pairs for R1C1_C
Generating focused traffic: Period 5.4962s
[INFO] Subscriptions active: 6 (traci, fast mode)
  [ACTION PPO] R1C1_C: a0=34% (61) a1=2% (3) a2=46% (82) a3=19% (34)
[INFO] Episode duration: 3600s (60 min)

[DEBUG] 🎯 Célzott Forgalom Generálása (R1C1_C) | Period: 6.1414
Found 6 valid OD pairs for R1C1_C
Generating focused traffic: Period 6.1414s
[INFO] Subscriptions active: 6 (traci, fast mode)
  [ACTION PPO] R1C1_C: a0=23% (122) a1=1% (5) a2=48% (257) a3=29% (156)
[INFO] Episode duration: 3600s (60 min)

[DEBUG] 🎯 Célzott Forgalom Generálása (R1C1_C) | Period: 5.601
Found 6 valid OD pairs for R1C1_C
Generating focused traffic: Period 5.6010s
[INFO] Subscriptions active: 6 (traci, fast mode)
  [ACTION PPO] R1C1_C: a0=30% (213) a1=1% (10) a2=43% (307) a3=26% (190)
[INFO] Episode duration: 900s (15 min)

[DEBUG] 🎯 Célzott Forgalom Generálása (R1C1_C) | Period: 4.7296
Found 6 valid OD pairs for R1C1_C
Generating focused traffic: Period 4.7296s
[INFO] Subscriptions active: 6 (traci, fast mode)
  [ACTION PPO] R1C1_C: a0=26% (188) a1=1% (10) a2=47% (337) a3=26% (185)
[INFO] Episode duration: 900s (15 min)

[DEBUG] 🎯 Célzott Forgalom Generálása (R1C1_C) | Period: 5.063
Found 6 valid OD pairs for R1C1_C
Generating focused traffic: Period 5.0630s
[INFO] Subscriptions active: 6 (traci, fast mode)
  [ACTION PPO] R1C1_C: a0=31% (55) a1=1% (2) a2=46% (82) a3=23% (41)
[INFO] Episode duration: 1800s (30 min)

[DEBUG] 🎯 Célzott Forgalom Generálása (R1C1_C) | Period: 4.97
Found 6 valid OD pairs for R1C1_C
Generating focused traffic: Period 4.9700s
[INFO] Subscriptions active: 6 (traci, fast mode)
  [ACTION PPO] R1C1_C: a0=26% (46) a1=1% (2) a2=48% (86) a3=26% (46)
[INFO] Episode duration: 1800s (30 min)

[DEBUG] 🎯 Célzott Forgalom Generálása (R1C1_C) | Period: 5.6079
Found 6 valid OD pairs for R1C1_C
Generating focused traffic: Period 5.6079s
[INFO] Subscriptions active: 6 (traci, fast mode)
  [ACTION PPO] R1C1_C: a0=26% (94) a1=2% (7) a2=39% (142) a3=32% (117)
[INFO] Episode duration: 3600s (60 min)

[DEBUG] 🎯 Célzott Forgalom Generálása (R1C1_C) | Period: 7.4851
Found 6 valid OD pairs for R1C1_C
Generating focused traffic: Period 7.4851s
[INFO] Subscriptions active: 6 (traci, fast mode)
  [ACTION PPO] R1C1_C: a0=26% (94) a1=2% (6) a2=41% (147) a3=31% (113)
[INFO] Episode duration: 3600s (60 min)

[DEBUG] 🎯 Célzott Forgalom Generálása (R1C1_C) | Period: 4.4265
Found 6 valid OD pairs for R1C1_C
Generating focused traffic: Period 4.4265s
[INFO] Subscriptions active: 6 (traci, fast mode)
  [ACTION PPO] R1C1_C: a0=26% (186) a1=2% (15) a2=40% (285) a3=32% (234)
[INFO] Episode duration: 900s (15 min)

[DEBUG] 🎯 Célzott Forgalom Generálása (R1C1_C) | Period: 4.5033
Found 6 valid OD pairs for R1C1_C
Generating focused traffic: Period 4.5033s
[INFO] Subscriptions active: 6 (traci, fast mode)
  [ACTION PPO] R1C1_C: a0=24% (170) a1=2% (16) a2=50% (362) a3=24% (172)
[INFO] Episode duration: 1800s (30 min)

[DEBUG] 🎯 Célzott Forgalom Generálása (R1C1_C) | Period: 7.1422
Found 6 valid OD pairs for R1C1_C
Generating focused traffic: Period 7.1422s
[INFO] Subscriptions active: 6 (traci, fast mode)
  [ACTION PPO] R1C1_C: a0=25% (45) a1=2% (4) a2=39% (71) a3=33% (60)
[INFO] Episode duration: 900s (15 min)

[DEBUG] 🎯 Célzott Forgalom Generálása (R1C1_C) | Period: 6.9282
Found 6 valid OD pairs for R1C1_C
Generating focused traffic: Period 6.9282s
[INFO] Subscriptions active: 6 (traci, fast mode)
  [ACTION PPO] R1C1_C: a0=28% (102) a1=2% (6) a2=40% (145) a3=30% (107)
[INFO] Episode duration: 2700s (45 min)

[DEBUG] 🎯 Célzott Forgalom Generálása (R1C1_C) | Period: 5.3042
Found 6 valid OD pairs for R1C1_C
Generating focused traffic: Period 5.3042s
[INFO] Subscriptions active: 6 (traci, fast mode)
  [ACTION PPO] R1C1_C: a0=28% (50) a1=2% (3) a2=40% (72) a3=31% (55)
On-policy training completed.
Closing environment and EXPORTING models...
Saving PyTorch ZIP models to /Users/wagnertamas/Documents/Munka/cikkek/AI_agens_konyvtar/support/intergreen_matrix_calculator/data/runs/pytorch_models...
Saved PyTorch R1C1_C to /Users/wagnertamas/Documents/Munka/cikkek/AI_agens_konyvtar/support/intergreen_matrix_calculator/data/runs/pytorch_models/R1C1_C.zip
Exporting ONNX models to /Users/wagnertamas/Documents/Munka/cikkek/AI_agens_konyvtar/support/intergreen_matrix_calculator/data/runs/onnx_models...
Failed to export R1C1_C: # Failed to convert 'dynamic_axes' to 'dynamic_shapes'. Please provide 'dynamic_shapes' directly. Refer to the documentation for 'torch.export.export' for more information on dynamic shapes.
Cleanup done.
