wandb: [wandb.login()] Loaded credentials for https://api.wandb.ai from /Users/wagnertamas/.netrc.
wandb: Currently logged in as: wagnertamas (wagnertamas-budapesti-m-szaki-s-gazdas-gtudom-nyi-egyetem) to https://api.wandb.ai. Use `wandb login --relogin` to force relogin
wandb: setting up run z0yp61z5
wandb: Tracking run with wandb version 0.25.0
wandb: Run data is saved locally in /Users/wagnertamas/Documents/Munka/cikkek/AI_agens_konyvtar/support/intergreen_matrix_calculator/wandb/run-20260321_234000-z0yp61z5
wandb: Run `wandb offline` to turn off syncing.
wandb: Syncing run ppo_halt_ratio_3x64_1_R1C1_C
wandb: ⭐️ View project at https://wandb.ai/wagnertamas-budapesti-m-szaki-s-gazdas-gtudom-nyi-egyetem/sumo-rl-stat
wandb: 🚀 View run at https://wandb.ai/wagnertamas-budapesti-m-szaki-s-gazdas-gtudom-nyi-egyetem/sumo-rl-stat/runs/z0yp61z5
[INFO] Config: training_config.yaml
[INFO] Net: /Users/wagnertamas/Documents/Munka/cikkek/AI_agens_konyvtar/support/intergreen_matrix_calculator/data/mega_catalogue_v2.net.xml
[INFO] Timesteps: 100000 | Project: sumo-rl-stat
[INFO] Junction: R1C1_C
[INFO] Algorithm: ppo | Reward: halt_ratio
[INFO] Load model: None (fresh)
[INFO] Traffic: random target+spread (epizódonként)
Initializing Environment (algorithm=ppo, reward=halt_ratio)...
[INFO] Algorithm: ppo (on_policy)
[INFO] Reward mode: halt_ratio
WandB config applied (Sweep compatible).
[INFO] Junction reward params auto-loaded from /Users/wagnertamas/Documents/Munka/cikkek/AI_agens_konyvtar/support/intergreen_matrix_calculator/data/junction_reward_params.json
[INFO] Using 'libsumo' (fast headless mode, OS=darwin).
Starting SUMO...
[INFO] Episode duration: 3600s (60 min)

[DEBUG] 🎯 Célzott Forgalom Generálása (R1C1_C) | Period: 4.4319
Found 6 valid OD pairs for R1C1_C
Generating focused traffic: Period 4.4319s
[INFO] Network mapped: 1 agents, 3 detectors, 3 lanes
[INFO] Subscriptions active: 6 (libsumo, fast mode)
Agents discovered: ['R1C1_C']
[INFO] RL device: mps
[INFO] On-policy training: ppo → R1C1_C
Using mps device
Wrapping the env with a `Monitor` wrapper
Wrapping the env in a DummyVecEnv.
Starting on-policy training: 100000 timesteps...
[INFO] Episode duration: 1800s (30 min)

[DEBUG] 🎯 Célzott Forgalom Generálása (R1C1_C) | Period: 4.7975
Found 6 valid OD pairs for R1C1_C
Generating focused traffic: Period 4.7975s
[INFO] Subscriptions active: 6 (libsumo, fast mode)
Logging to /Users/wagnertamas/Documents/Munka/cikkek/AI_agens_konyvtar/support/intergreen_matrix_calculator/data/runs/sumo-rl-stat/R1C1_C/PPO_133
[INFO] Episode duration: 1800s (30 min)

[DEBUG] 🎯 Célzott Forgalom Generálása (R1C1_C) | Period: 4.0169
Found 6 valid OD pairs for R1C1_C
Generating focused traffic: Period 4.0169s
[INFO] Subscriptions active: 6 (libsumo, fast mode)
[INFO] Episode duration: 2700s (45 min)

[DEBUG] 🎯 Célzott Forgalom Generálása (R1C1_C) | Period: 7.3684
Found 6 valid OD pairs for R1C1_C
Generating focused traffic: Period 7.3684s
[INFO] Subscriptions active: 6 (libsumo, fast mode)
[INFO] Episode duration: 900s (15 min)

[DEBUG] 🎯 Célzott Forgalom Generálása (R1C1_C) | Period: 7.9745
Found 6 valid OD pairs for R1C1_C
Generating focused traffic: Period 7.9745s
[INFO] Subscriptions active: 6 (libsumo, fast mode)
[INFO] Episode duration: 2700s (45 min)

[DEBUG] 🎯 Célzott Forgalom Generálása (R1C1_C) | Period: 4.0952
Found 6 valid OD pairs for R1C1_C
Generating focused traffic: Period 4.0952s
[INFO] Subscriptions active: 6 (libsumo, fast mode)
[INFO] Episode duration: 2700s (45 min)

[DEBUG] 🎯 Célzott Forgalom Generálása (R1C1_C) | Period: 4.9272
Found 6 valid OD pairs for R1C1_C
Generating focused traffic: Period 4.9272s
[INFO] Subscriptions active: 6 (libsumo, fast mode)
[INFO] Episode duration: 3600s (60 min)

[DEBUG] 🎯 Célzott Forgalom Generálása (R1C1_C) | Period: 4.4983
Found 6 valid OD pairs for R1C1_C
Generating focused traffic: Period 4.4983s
[INFO] Subscriptions active: 6 (libsumo, fast mode)
[INFO] Episode duration: 3600s (60 min)

[DEBUG] 🎯 Célzott Forgalom Generálása (R1C1_C) | Period: 7.8339
Found 6 valid OD pairs for R1C1_C
Generating focused traffic: Period 7.8339s
[INFO] Subscriptions active: 6 (libsumo, fast mode)
[INFO] Episode duration: 3600s (60 min)

[DEBUG] 🎯 Célzott Forgalom Generálása (R1C1_C) | Period: 5.464
Found 6 valid OD pairs for R1C1_C
Generating focused traffic: Period 5.4640s
[INFO] Subscriptions active: 6 (libsumo, fast mode)
[INFO] Episode duration: 3600s (60 min)

[DEBUG] 🎯 Célzott Forgalom Generálása (R1C1_C) | Period: 6.9416
Found 6 valid OD pairs for R1C1_C
Generating focused traffic: Period 6.9416s
[INFO] Subscriptions active: 6 (libsumo, fast mode)
[INFO] Episode duration: 1800s (30 min)

[DEBUG] 🎯 Célzott Forgalom Generálása (R1C1_C) | Period: 6.1735
Found 6 valid OD pairs for R1C1_C
Generating focused traffic: Period 6.1735s
[INFO] Subscriptions active: 6 (libsumo, fast mode)
[INFO] Episode duration: 1800s (30 min)

[DEBUG] 🎯 Célzott Forgalom Generálása (R1C1_C) | Period: 5.562
Found 6 valid OD pairs for R1C1_C
Generating focused traffic: Period 5.5620s
[INFO] Subscriptions active: 6 (libsumo, fast mode)
[INFO] Episode duration: 900s (15 min)

[DEBUG] 🎯 Célzott Forgalom Generálása (R1C1_C) | Period: 4.3758
Found 6 valid OD pairs for R1C1_C
Generating focused traffic: Period 4.3758s
[INFO] Subscriptions active: 6 (libsumo, fast mode)
[INFO] Episode duration: 3600s (60 min)

[DEBUG] 🎯 Célzott Forgalom Generálása (R1C1_C) | Period: 5.8953
Found 6 valid OD pairs for R1C1_C
Generating focused traffic: Period 5.8953s
[INFO] Subscriptions active: 6 (libsumo, fast mode)
[INFO] Episode duration: 1800s (30 min)

[DEBUG] 🎯 Célzott Forgalom Generálása (R1C1_C) | Period: 5.9238
Found 6 valid OD pairs for R1C1_C
Generating focused traffic: Period 5.9238s
[INFO] Subscriptions active: 6 (libsumo, fast mode)
[INFO] Episode duration: 2700s (45 min)

[DEBUG] 🎯 Célzott Forgalom Generálása (R1C1_C) | Period: 7.7861
Found 6 valid OD pairs for R1C1_C
Generating focused traffic: Period 7.7861s
[INFO] Subscriptions active: 6 (libsumo, fast mode)
[INFO] Episode duration: 1800s (30 min)

[DEBUG] 🎯 Célzott Forgalom Generálása (R1C1_C) | Period: 6.44
Found 6 valid OD pairs for R1C1_C
Generating focused traffic: Period 6.4400s
[INFO] Subscriptions active: 6 (libsumo, fast mode)
[INFO] Episode duration: 2700s (45 min)

[DEBUG] 🎯 Célzott Forgalom Generálása (R1C1_C) | Period: 5.1692
Found 6 valid OD pairs for R1C1_C
Generating focused traffic: Period 5.1692s
[INFO] Subscriptions active: 6 (libsumo, fast mode)
[INFO] Episode duration: 2700s (45 min)

[DEBUG] 🎯 Célzott Forgalom Generálása (R1C1_C) | Period: 4.1106
Found 6 valid OD pairs for R1C1_C
Generating focused traffic: Period 4.1106s
[INFO] Subscriptions active: 6 (libsumo, fast mode)
[INFO] Episode duration: 2700s (45 min)

[DEBUG] 🎯 Célzott Forgalom Generálása (R1C1_C) | Period: 5.5598
Found 6 valid OD pairs for R1C1_C
Generating focused traffic: Period 5.5598s
[INFO] Subscriptions active: 6 (libsumo, fast mode)
[INFO] Episode duration: 3600s (60 min)

[DEBUG] 🎯 Célzott Forgalom Generálása (R1C1_C) | Period: 6.3469
Found 6 valid OD pairs for R1C1_C
Generating focused traffic: Period 6.3469s
[INFO] Subscriptions active: 6 (libsumo, fast mode)
[INFO] Episode duration: 3600s (60 min)

[DEBUG] 🎯 Célzott Forgalom Generálása (R1C1_C) | Period: 5.76
Found 6 valid OD pairs for R1C1_C
Generating focused traffic: Period 5.7600s
[INFO] Subscriptions active: 6 (libsumo, fast mode)
[INFO] Episode duration: 2700s (45 min)

[DEBUG] 🎯 Célzott Forgalom Generálása (R1C1_C) | Period: 6.4691
Found 6 valid OD pairs for R1C1_C
Generating focused traffic: Period 6.4691s
[INFO] Subscriptions active: 6 (libsumo, fast mode)
[INFO] Episode duration: 3600s (60 min)

[DEBUG] 🎯 Célzott Forgalom Generálása (R1C1_C) | Period: 6.659
Found 6 valid OD pairs for R1C1_C
Generating focused traffic: Period 6.6590s
[INFO] Subscriptions active: 6 (libsumo, fast mode)
[INFO] Episode duration: 3600s (60 min)

[DEBUG] 🎯 Célzott Forgalom Generálása (R1C1_C) | Period: 6.6019
Found 6 valid OD pairs for R1C1_C
Generating focused traffic: Period 6.6019s
[INFO] Subscriptions active: 6 (libsumo, fast mode)
[INFO] Episode duration: 2700s (45 min)

[DEBUG] 🎯 Célzott Forgalom Generálása (R1C1_C) | Period: 6.2711
Found 6 valid OD pairs for R1C1_C
Generating focused traffic: Period 6.2711s
[INFO] Subscriptions active: 6 (libsumo, fast mode)
[INFO] Episode duration: 900s (15 min)

[DEBUG] 🎯 Célzott Forgalom Generálása (R1C1_C) | Period: 6.4453
Found 6 valid OD pairs for R1C1_C
Generating focused traffic: Period 6.4453s
[INFO] Subscriptions active: 6 (libsumo, fast mode)
[INFO] Episode duration: 1800s (30 min)

[DEBUG] 🎯 Célzott Forgalom Generálása (R1C1_C) | Period: 7.6529
Found 6 valid OD pairs for R1C1_C
Generating focused traffic: Period 7.6529s
[INFO] Subscriptions active: 6 (libsumo, fast mode)
[INFO] Episode duration: 1800s (30 min)

[DEBUG] 🎯 Célzott Forgalom Generálása (R1C1_C) | Period: 4.293
Found 6 valid OD pairs for R1C1_C
Generating focused traffic: Period 4.2930s
[INFO] Subscriptions active: 6 (libsumo, fast mode)
[INFO] Episode duration: 900s (15 min)

[DEBUG] 🎯 Célzott Forgalom Generálása (R1C1_C) | Period: 4.746
Found 6 valid OD pairs for R1C1_C
Generating focused traffic: Period 4.7460s
[INFO] Subscriptions active: 6 (libsumo, fast mode)
[INFO] Episode duration: 3600s (60 min)

[DEBUG] 🎯 Célzott Forgalom Generálása (R1C1_C) | Period: 6.063
Found 6 valid OD pairs for R1C1_C
Generating focused traffic: Period 6.0630s
[INFO] Subscriptions active: 6 (libsumo, fast mode)
[INFO] Episode duration: 900s (15 min)

[DEBUG] 🎯 Célzott Forgalom Generálása (R1C1_C) | Period: 4.7346
Found 6 valid OD pairs for R1C1_C
Generating focused traffic: Period 4.7346s
[INFO] Subscriptions active: 6 (libsumo, fast mode)
[INFO] Episode duration: 1800s (30 min)

[DEBUG] 🎯 Célzott Forgalom Generálása (R1C1_C) | Period: 6.1791
Found 6 valid OD pairs for R1C1_C
Generating focused traffic: Period 6.1791s
[INFO] Subscriptions active: 6 (libsumo, fast mode)
[INFO] Episode duration: 3600s (60 min)

[DEBUG] 🎯 Célzott Forgalom Generálása (R1C1_C) | Period: 4.137
Found 6 valid OD pairs for R1C1_C
Generating focused traffic: Period 4.1370s
[INFO] Subscriptions active: 6 (libsumo, fast mode)
[INFO] Episode duration: 900s (15 min)

[DEBUG] 🎯 Célzott Forgalom Generálása (R1C1_C) | Period: 7.1559
Found 6 valid OD pairs for R1C1_C
Generating focused traffic: Period 7.1559s
[INFO] Subscriptions active: 6 (libsumo, fast mode)
[INFO] Episode duration: 3600s (60 min)

[DEBUG] 🎯 Célzott Forgalom Generálása (R1C1_C) | Period: 6.5482
Found 6 valid OD pairs for R1C1_C
Generating focused traffic: Period 6.5482s
[INFO] Subscriptions active: 6 (libsumo, fast mode)
[INFO] Episode duration: 900s (15 min)

[DEBUG] 🎯 Célzott Forgalom Generálása (R1C1_C) | Period: 4.8747
Found 6 valid OD pairs for R1C1_C
Generating focused traffic: Period 4.8747s
[INFO] Subscriptions active: 6 (libsumo, fast mode)
[INFO] Episode duration: 2700s (45 min)

[DEBUG] 🎯 Célzott Forgalom Generálása (R1C1_C) | Period: 6.5807
Found 6 valid OD pairs for R1C1_C
Generating focused traffic: Period 6.5807s
[INFO] Subscriptions active: 6 (libsumo, fast mode)
[INFO] Episode duration: 3600s (60 min)

[DEBUG] 🎯 Célzott Forgalom Generálása (R1C1_C) | Period: 4.5684
Found 6 valid OD pairs for R1C1_C
Generating focused traffic: Period 4.5684s
[INFO] Subscriptions active: 6 (libsumo, fast mode)
[INFO] Episode duration: 3600s (60 min)

[DEBUG] 🎯 Célzott Forgalom Generálása (R1C1_C) | Period: 7.4178
Found 6 valid OD pairs for R1C1_C
Generating focused traffic: Period 7.4178s
[INFO] Subscriptions active: 6 (libsumo, fast mode)
[INFO] Episode duration: 3600s (60 min)

[DEBUG] 🎯 Célzott Forgalom Generálása (R1C1_C) | Period: 5.1332
Found 6 valid OD pairs for R1C1_C
Generating focused traffic: Period 5.1332s
[INFO] Subscriptions active: 6 (libsumo, fast mode)
-----------------------------------------
| rollout/                |             |
|    ep_len_mean          | 500         |
|    ep_rew_mean          | 104         |
| time/                   |             |
|    fps                  | 107         |
|    iterations           | 10          |
|    time_elapsed         | 190         |
|    total_timesteps      | 20480       |
| train/                  |             |
|    approx_kl            | 0.004776854 |
|    clip_fraction        | 0.0194      |
|    clip_range           | 0.2         |
|    entropy_loss         | -1.23       |
|    explained_variance   | 0.185       |
|    learning_rate        | 0.0001      |
|    loss                 | 1.27        |
|    n_updates            | 90          |
|    policy_gradient_loss | -0.00282    |
|    value_loss           | 6.01        |
-----------------------------------------
[INFO] Episode duration: 3600s (60 min)

[DEBUG] 🎯 Célzott Forgalom Generálása (R1C1_C) | Period: 5.6201
Found 6 valid OD pairs for R1C1_C
Generating focused traffic: Period 5.6201s
[INFO] Subscriptions active: 6 (libsumo, fast mode)
[INFO] Episode duration: 3600s (60 min)

[DEBUG] 🎯 Célzott Forgalom Generálása (R1C1_C) | Period: 6.68
Found 6 valid OD pairs for R1C1_C
Generating focused traffic: Period 6.6800s
[INFO] Subscriptions active: 6 (libsumo, fast mode)
[INFO] Episode duration: 2700s (45 min)

[DEBUG] 🎯 Célzott Forgalom Generálása (R1C1_C) | Period: 6.9814
Found 6 valid OD pairs for R1C1_C
Generating focused traffic: Period 6.9814s
[INFO] Subscriptions active: 6 (libsumo, fast mode)
[INFO] Episode duration: 900s (15 min)

[DEBUG] 🎯 Célzott Forgalom Generálása (R1C1_C) | Period: 4.7816
Found 6 valid OD pairs for R1C1_C
Generating focused traffic: Period 4.7816s
[INFO] Subscriptions active: 6 (libsumo, fast mode)
[INFO] Episode duration: 3600s (60 min)

[DEBUG] 🎯 Célzott Forgalom Generálása (R1C1_C) | Period: 4.474
Found 6 valid OD pairs for R1C1_C
Generating focused traffic: Period 4.4740s
[INFO] Subscriptions active: 6 (libsumo, fast mode)
[INFO] Episode duration: 3600s (60 min)

[DEBUG] 🎯 Célzott Forgalom Generálása (R1C1_C) | Period: 7.2293
Found 6 valid OD pairs for R1C1_C
Generating focused traffic: Period 7.2293s
[INFO] Subscriptions active: 6 (libsumo, fast mode)
[INFO] Episode duration: 3600s (60 min)

[DEBUG] 🎯 Célzott Forgalom Generálása (R1C1_C) | Period: 4.3524
Found 6 valid OD pairs for R1C1_C
Generating focused traffic: Period 4.3524s
[INFO] Subscriptions active: 6 (libsumo, fast mode)
[INFO] Episode duration: 1800s (30 min)

[DEBUG] 🎯 Célzott Forgalom Generálása (R1C1_C) | Period: 7.7012
Found 6 valid OD pairs for R1C1_C
Generating focused traffic: Period 7.7012s
[INFO] Subscriptions active: 6 (libsumo, fast mode)
[INFO] Episode duration: 900s (15 min)

[DEBUG] 🎯 Célzott Forgalom Generálása (R1C1_C) | Period: 4.7671
Found 6 valid OD pairs for R1C1_C
Generating focused traffic: Period 4.7671s
[INFO] Subscriptions active: 6 (libsumo, fast mode)
[INFO] Episode duration: 2700s (45 min)

[DEBUG] 🎯 Célzott Forgalom Generálása (R1C1_C) | Period: 6.6291
Found 6 valid OD pairs for R1C1_C
Generating focused traffic: Period 6.6291s
[INFO] Subscriptions active: 6 (libsumo, fast mode)
[INFO] Episode duration: 2700s (45 min)

[DEBUG] 🎯 Célzott Forgalom Generálása (R1C1_C) | Period: 6.2972
Found 6 valid OD pairs for R1C1_C
Generating focused traffic: Period 6.2972s
[INFO] Subscriptions active: 6 (libsumo, fast mode)
[INFO] Episode duration: 900s (15 min)

[DEBUG] 🎯 Célzott Forgalom Generálása (R1C1_C) | Period: 4.451
Found 6 valid OD pairs for R1C1_C
Generating focused traffic: Period 4.4510s
[INFO] Subscriptions active: 6 (libsumo, fast mode)
[INFO] Episode duration: 2700s (45 min)

[DEBUG] 🎯 Célzott Forgalom Generálása (R1C1_C) | Period: 6.6592
Found 6 valid OD pairs for R1C1_C
Generating focused traffic: Period 6.6592s
[INFO] Subscriptions active: 6 (libsumo, fast mode)
[INFO] Episode duration: 3600s (60 min)

[DEBUG] 🎯 Célzott Forgalom Generálása (R1C1_C) | Period: 6.1519
Found 6 valid OD pairs for R1C1_C
Generating focused traffic: Period 6.1519s
[INFO] Subscriptions active: 6 (libsumo, fast mode)
[INFO] Episode duration: 3600s (60 min)

[DEBUG] 🎯 Célzott Forgalom Generálása (R1C1_C) | Period: 6.4233
Found 6 valid OD pairs for R1C1_C
Generating focused traffic: Period 6.4233s
[INFO] Subscriptions active: 6 (libsumo, fast mode)
[INFO] Episode duration: 1800s (30 min)

[DEBUG] 🎯 Célzott Forgalom Generálása (R1C1_C) | Period: 5.8491
Found 6 valid OD pairs for R1C1_C
Generating focused traffic: Period 5.8491s
[INFO] Subscriptions active: 6 (libsumo, fast mode)
[INFO] Episode duration: 3600s (60 min)

[DEBUG] 🎯 Célzott Forgalom Generálása (R1C1_C) | Period: 7.9568
Found 6 valid OD pairs for R1C1_C
Generating focused traffic: Period 7.9568s
[INFO] Subscriptions active: 6 (libsumo, fast mode)
[INFO] Episode duration: 900s (15 min)

[DEBUG] 🎯 Célzott Forgalom Generálása (R1C1_C) | Period: 6.1972
Found 6 valid OD pairs for R1C1_C
Generating focused traffic: Period 6.1972s
[INFO] Subscriptions active: 6 (libsumo, fast mode)
[INFO] Episode duration: 2700s (45 min)

[DEBUG] 🎯 Célzott Forgalom Generálása (R1C1_C) | Period: 4.3973
Found 6 valid OD pairs for R1C1_C
Generating focused traffic: Period 4.3973s
[INFO] Subscriptions active: 6 (libsumo, fast mode)
[INFO] Episode duration: 900s (15 min)

[DEBUG] 🎯 Célzott Forgalom Generálása (R1C1_C) | Period: 5.0394
Found 6 valid OD pairs for R1C1_C
Generating focused traffic: Period 5.0394s
[INFO] Subscriptions active: 6 (libsumo, fast mode)
[INFO] Episode duration: 2700s (45 min)

[DEBUG] 🎯 Célzott Forgalom Generálása (R1C1_C) | Period: 4.0959
Found 6 valid OD pairs for R1C1_C
Generating focused traffic: Period 4.0959s
[INFO] Subscriptions active: 6 (libsumo, fast mode)
[INFO] Episode duration: 2700s (45 min)

[DEBUG] 🎯 Célzott Forgalom Generálása (R1C1_C) | Period: 6.1271
Found 6 valid OD pairs for R1C1_C
Generating focused traffic: Period 6.1271s
[INFO] Subscriptions active: 6 (libsumo, fast mode)
[INFO] Episode duration: 3600s (60 min)

[DEBUG] 🎯 Célzott Forgalom Generálása (R1C1_C) | Period: 7.9289
Found 6 valid OD pairs for R1C1_C
Generating focused traffic: Period 7.9289s
[INFO] Subscriptions active: 6 (libsumo, fast mode)
[INFO] Episode duration: 2700s (45 min)

[DEBUG] 🎯 Célzott Forgalom Generálása (R1C1_C) | Period: 7.2981
Found 6 valid OD pairs for R1C1_C
Generating focused traffic: Period 7.2981s
[INFO] Subscriptions active: 6 (libsumo, fast mode)
[INFO] Episode duration: 2700s (45 min)

[DEBUG] 🎯 Célzott Forgalom Generálása (R1C1_C) | Period: 4.5892
Found 6 valid OD pairs for R1C1_C
Generating focused traffic: Period 4.5892s
[INFO] Subscriptions active: 6 (libsumo, fast mode)
[INFO] Episode duration: 1800s (30 min)

[DEBUG] 🎯 Célzott Forgalom Generálása (R1C1_C) | Period: 7.38
Found 6 valid OD pairs for R1C1_C
Generating focused traffic: Period 7.3800s
[INFO] Subscriptions active: 6 (libsumo, fast mode)
[INFO] Episode duration: 2700s (45 min)

[DEBUG] 🎯 Célzott Forgalom Generálása (R1C1_C) | Period: 6.9059
Found 6 valid OD pairs for R1C1_C
Generating focused traffic: Period 6.9059s
[INFO] Subscriptions active: 6 (libsumo, fast mode)
[INFO] Episode duration: 3600s (60 min)

[DEBUG] 🎯 Célzott Forgalom Generálása (R1C1_C) | Period: 5.2024
Found 6 valid OD pairs for R1C1_C
Generating focused traffic: Period 5.2024s
[INFO] Subscriptions active: 6 (libsumo, fast mode)
[INFO] Episode duration: 3600s (60 min)

[DEBUG] 🎯 Célzott Forgalom Generálása (R1C1_C) | Period: 4.8103
Found 6 valid OD pairs for R1C1_C
Generating focused traffic: Period 4.8103s
[INFO] Subscriptions active: 6 (libsumo, fast mode)
[INFO] Episode duration: 2700s (45 min)

[DEBUG] 🎯 Célzott Forgalom Generálása (R1C1_C) | Period: 4.5099
Found 6 valid OD pairs for R1C1_C
Generating focused traffic: Period 4.5099s
[INFO] Subscriptions active: 6 (libsumo, fast mode)
[INFO] Episode duration: 900s (15 min)

[DEBUG] 🎯 Célzott Forgalom Generálása (R1C1_C) | Period: 5.5461
Found 6 valid OD pairs for R1C1_C
Generating focused traffic: Period 5.5461s
[INFO] Subscriptions active: 6 (libsumo, fast mode)
[INFO] Episode duration: 1800s (30 min)

[DEBUG] 🎯 Célzott Forgalom Generálása (R1C1_C) | Period: 4.1505
Found 6 valid OD pairs for R1C1_C
Generating focused traffic: Period 4.1505s
[INFO] Subscriptions active: 6 (libsumo, fast mode)
[INFO] Episode duration: 1800s (30 min)

[DEBUG] 🎯 Célzott Forgalom Generálása (R1C1_C) | Period: 5.9376
Found 6 valid OD pairs for R1C1_C
Generating focused traffic: Period 5.9376s
[INFO] Subscriptions active: 6 (libsumo, fast mode)
[INFO] Episode duration: 900s (15 min)

[DEBUG] 🎯 Célzott Forgalom Generálása (R1C1_C) | Period: 5.3827
Found 6 valid OD pairs for R1C1_C
Generating focused traffic: Period 5.3827s
[INFO] Subscriptions active: 6 (libsumo, fast mode)
[INFO] Episode duration: 1800s (30 min)

[DEBUG] 🎯 Célzott Forgalom Generálása (R1C1_C) | Period: 5.5332
Found 6 valid OD pairs for R1C1_C
Generating focused traffic: Period 5.5332s
[INFO] Subscriptions active: 6 (libsumo, fast mode)
[INFO] Episode duration: 3600s (60 min)

[DEBUG] 🎯 Célzott Forgalom Generálása (R1C1_C) | Period: 7.253
Found 6 valid OD pairs for R1C1_C
Generating focused traffic: Period 7.2530s
[INFO] Subscriptions active: 6 (libsumo, fast mode)
[INFO] Episode duration: 1800s (30 min)

[DEBUG] 🎯 Célzott Forgalom Generálása (R1C1_C) | Period: 4.4854
Found 6 valid OD pairs for R1C1_C
Generating focused traffic: Period 4.4854s
[INFO] Subscriptions active: 6 (libsumo, fast mode)
[INFO] Episode duration: 3600s (60 min)

[DEBUG] 🎯 Célzott Forgalom Generálása (R1C1_C) | Period: 7.6907
Found 6 valid OD pairs for R1C1_C
Generating focused traffic: Period 7.6907s
[INFO] Subscriptions active: 6 (libsumo, fast mode)
[INFO] Episode duration: 3600s (60 min)

[DEBUG] 🎯 Célzott Forgalom Generálása (R1C1_C) | Period: 7.3428
Found 6 valid OD pairs for R1C1_C
Generating focused traffic: Period 7.3428s
[INFO] Subscriptions active: 6 (libsumo, fast mode)
[INFO] Episode duration: 1800s (30 min)

[DEBUG] 🎯 Célzott Forgalom Generálása (R1C1_C) | Period: 7.3662
Found 6 valid OD pairs for R1C1_C
Generating focused traffic: Period 7.3662s
[INFO] Subscriptions active: 6 (libsumo, fast mode)
[INFO] Episode duration: 3600s (60 min)

[DEBUG] 🎯 Célzott Forgalom Generálása (R1C1_C) | Period: 4.7406
Found 6 valid OD pairs for R1C1_C
Generating focused traffic: Period 4.7406s
[INFO] Subscriptions active: 6 (libsumo, fast mode)
-----------------------------------------
| rollout/                |             |
|    ep_len_mean          | 504         |
|    ep_rew_mean          | 126         |
| time/                   |             |
|    fps                  | 105         |
|    iterations           | 20          |
|    time_elapsed         | 389         |
|    total_timesteps      | 40960       |
| train/                  |             |
|    approx_kl            | 0.005994826 |
|    clip_fraction        | 0.0675      |
|    clip_range           | 0.2         |
|    entropy_loss         | -0.989      |
|    explained_variance   | 0.0765      |
|    learning_rate        | 0.0001      |
|    loss                 | 9.7         |
|    n_updates            | 190         |
|    policy_gradient_loss | -0.00508    |
|    value_loss           | 13.4        |
-----------------------------------------
[INFO] Episode duration: 2700s (45 min)

[DEBUG] 🎯 Célzott Forgalom Generálása (R1C1_C) | Period: 4.312
Found 6 valid OD pairs for R1C1_C
Generating focused traffic: Period 4.3120s
[INFO] Subscriptions active: 6 (libsumo, fast mode)
[INFO] Episode duration: 1800s (30 min)

[DEBUG] 🎯 Célzott Forgalom Generálása (R1C1_C) | Period: 4.8865
Found 6 valid OD pairs for R1C1_C
Generating focused traffic: Period 4.8865s
[INFO] Subscriptions active: 6 (libsumo, fast mode)
[INFO] Episode duration: 3600s (60 min)

[DEBUG] 🎯 Célzott Forgalom Generálása (R1C1_C) | Period: 7.203
Found 6 valid OD pairs for R1C1_C
Generating focused traffic: Period 7.2030s
[INFO] Subscriptions active: 6 (libsumo, fast mode)
[INFO] Episode duration: 3600s (60 min)

[DEBUG] 🎯 Célzott Forgalom Generálása (R1C1_C) | Period: 4.2756
Found 6 valid OD pairs for R1C1_C
Generating focused traffic: Period 4.2756s
[INFO] Subscriptions active: 6 (libsumo, fast mode)
[INFO] Episode duration: 3600s (60 min)

[DEBUG] 🎯 Célzott Forgalom Generálása (R1C1_C) | Period: 5.8491
Found 6 valid OD pairs for R1C1_C
Generating focused traffic: Period 5.8491s
[INFO] Subscriptions active: 6 (libsumo, fast mode)
[INFO] Episode duration: 900s (15 min)

[DEBUG] 🎯 Célzott Forgalom Generálása (R1C1_C) | Period: 5.5565
Found 6 valid OD pairs for R1C1_C
Generating focused traffic: Period 5.5565s
[INFO] Subscriptions active: 6 (libsumo, fast mode)
[INFO] Episode duration: 2700s (45 min)

[DEBUG] 🎯 Célzott Forgalom Generálása (R1C1_C) | Period: 4.2881
Found 6 valid OD pairs for R1C1_C
Generating focused traffic: Period 4.2881s
[INFO] Subscriptions active: 6 (libsumo, fast mode)
[INFO] Episode duration: 900s (15 min)

[DEBUG] 🎯 Célzott Forgalom Generálása (R1C1_C) | Period: 7.3697
Found 6 valid OD pairs for R1C1_C
Generating focused traffic: Period 7.3697s
[INFO] Subscriptions active: 6 (libsumo, fast mode)
[INFO] Episode duration: 2700s (45 min)

[DEBUG] 🎯 Célzott Forgalom Generálása (R1C1_C) | Period: 4.6543
Found 6 valid OD pairs for R1C1_C
Generating focused traffic: Period 4.6543s
[INFO] Subscriptions active: 6 (libsumo, fast mode)
[INFO] Episode duration: 3600s (60 min)

[DEBUG] 🎯 Célzott Forgalom Generálása (R1C1_C) | Period: 6.2355
Found 6 valid OD pairs for R1C1_C
Generating focused traffic: Period 6.2355s
[INFO] Subscriptions active: 6 (libsumo, fast mode)
[INFO] Episode duration: 3600s (60 min)

[DEBUG] 🎯 Célzott Forgalom Generálása (R1C1_C) | Period: 4.5803
Found 6 valid OD pairs for R1C1_C
Generating focused traffic: Period 4.5803s
[INFO] Subscriptions active: 6 (libsumo, fast mode)
[INFO] Episode duration: 3600s (60 min)

[DEBUG] 🎯 Célzott Forgalom Generálása (R1C1_C) | Period: 4.7915
Found 6 valid OD pairs for R1C1_C
Generating focused traffic: Period 4.7915s
[INFO] Subscriptions active: 6 (libsumo, fast mode)
[INFO] Episode duration: 3600s (60 min)

[DEBUG] 🎯 Célzott Forgalom Generálása (R1C1_C) | Period: 5.7147
Found 6 valid OD pairs for R1C1_C
Generating focused traffic: Period 5.7147s
[INFO] Subscriptions active: 6 (libsumo, fast mode)
[INFO] Episode duration: 2700s (45 min)

[DEBUG] 🎯 Célzott Forgalom Generálása (R1C1_C) | Period: 5.3082
Found 6 valid OD pairs for R1C1_C
Generating focused traffic: Period 5.3082s
[INFO] Subscriptions active: 6 (libsumo, fast mode)
[INFO] Episode duration: 900s (15 min)

[DEBUG] 🎯 Célzott Forgalom Generálása (R1C1_C) | Period: 4.4691
Found 6 valid OD pairs for R1C1_C
Generating focused traffic: Period 4.4691s
[INFO] Subscriptions active: 6 (libsumo, fast mode)
[INFO] Episode duration: 2700s (45 min)

[DEBUG] 🎯 Célzott Forgalom Generálása (R1C1_C) | Period: 6.0076
Found 6 valid OD pairs for R1C1_C
Generating focused traffic: Period 6.0076s
[INFO] Subscriptions active: 6 (libsumo, fast mode)
[INFO] Episode duration: 3600s (60 min)

[DEBUG] 🎯 Célzott Forgalom Generálása (R1C1_C) | Period: 5.559
Found 6 valid OD pairs for R1C1_C
Generating focused traffic: Period 5.5590s
[INFO] Subscriptions active: 6 (libsumo, fast mode)
[INFO] Episode duration: 900s (15 min)

[DEBUG] 🎯 Célzott Forgalom Generálása (R1C1_C) | Period: 4.8988
Found 6 valid OD pairs for R1C1_C
Generating focused traffic: Period 4.8988s
[INFO] Subscriptions active: 6 (libsumo, fast mode)
[INFO] Episode duration: 2700s (45 min)

[DEBUG] 🎯 Célzott Forgalom Generálása (R1C1_C) | Period: 7.2737
Found 6 valid OD pairs for R1C1_C
Generating focused traffic: Period 7.2737s
[INFO] Subscriptions active: 6 (libsumo, fast mode)
[INFO] Episode duration: 2700s (45 min)

[DEBUG] 🎯 Célzott Forgalom Generálása (R1C1_C) | Period: 5.8913
Found 6 valid OD pairs for R1C1_C
Generating focused traffic: Period 5.8913s
[INFO] Subscriptions active: 6 (libsumo, fast mode)
[INFO] Episode duration: 3600s (60 min)

[DEBUG] 🎯 Célzott Forgalom Generálása (R1C1_C) | Period: 4.7416
Found 6 valid OD pairs for R1C1_C
Generating focused traffic: Period 4.7416s
[INFO] Subscriptions active: 6 (libsumo, fast mode)
[INFO] Episode duration: 900s (15 min)

[DEBUG] 🎯 Célzott Forgalom Generálása (R1C1_C) | Period: 5.7294
Found 6 valid OD pairs for R1C1_C
Generating focused traffic: Period 5.7294s
[INFO] Subscriptions active: 6 (libsumo, fast mode)
[INFO] Episode duration: 3600s (60 min)

[DEBUG] 🎯 Célzott Forgalom Generálása (R1C1_C) | Period: 4.0566
Found 6 valid OD pairs for R1C1_C
Generating focused traffic: Period 4.0566s
[INFO] Subscriptions active: 6 (libsumo, fast mode)
[INFO] Episode duration: 3600s (60 min)

[DEBUG] 🎯 Célzott Forgalom Generálása (R1C1_C) | Period: 5.529
Found 6 valid OD pairs for R1C1_C
Generating focused traffic: Period 5.5290s
[INFO] Subscriptions active: 6 (libsumo, fast mode)
[INFO] Episode duration: 900s (15 min)

[DEBUG] 🎯 Célzott Forgalom Generálása (R1C1_C) | Period: 6.4896
Found 6 valid OD pairs for R1C1_C
Generating focused traffic: Period 6.4896s
[INFO] Subscriptions active: 6 (libsumo, fast mode)
[INFO] Episode duration: 2700s (45 min)

[DEBUG] 🎯 Célzott Forgalom Generálása (R1C1_C) | Period: 7.1744
Found 6 valid OD pairs for R1C1_C
Generating focused traffic: Period 7.1744s
[INFO] Subscriptions active: 6 (libsumo, fast mode)
[INFO] Episode duration: 900s (15 min)

[DEBUG] 🎯 Célzott Forgalom Generálása (R1C1_C) | Period: 7.8326
Found 6 valid OD pairs for R1C1_C
Generating focused traffic: Period 7.8326s
[INFO] Subscriptions active: 6 (libsumo, fast mode)
[INFO] Episode duration: 900s (15 min)

[DEBUG] 🎯 Célzott Forgalom Generálása (R1C1_C) | Period: 4.8861
Found 6 valid OD pairs for R1C1_C
Generating focused traffic: Period 4.8861s
[INFO] Subscriptions active: 6 (libsumo, fast mode)
[INFO] Episode duration: 2700s (45 min)

[DEBUG] 🎯 Célzott Forgalom Generálása (R1C1_C) | Period: 4.8084
Found 6 valid OD pairs for R1C1_C
Generating focused traffic: Period 4.8084s
[INFO] Subscriptions active: 6 (libsumo, fast mode)
[INFO] Episode duration: 3600s (60 min)

[DEBUG] 🎯 Célzott Forgalom Generálása (R1C1_C) | Period: 5.7663
Found 6 valid OD pairs for R1C1_C
Generating focused traffic: Period 5.7663s
[INFO] Subscriptions active: 6 (libsumo, fast mode)
[INFO] Episode duration: 1800s (30 min)

[DEBUG] 🎯 Célzott Forgalom Generálása (R1C1_C) | Period: 5.1782
Found 6 valid OD pairs for R1C1_C
Generating focused traffic: Period 5.1782s
[INFO] Subscriptions active: 6 (libsumo, fast mode)
[INFO] Episode duration: 1800s (30 min)

[DEBUG] 🎯 Célzott Forgalom Generálása (R1C1_C) | Period: 7.3462
Found 6 valid OD pairs for R1C1_C
Generating focused traffic: Period 7.3462s
[INFO] Subscriptions active: 6 (libsumo, fast mode)
[INFO] Episode duration: 1800s (30 min)

[DEBUG] 🎯 Célzott Forgalom Generálása (R1C1_C) | Period: 4.6921
Found 6 valid OD pairs for R1C1_C
Generating focused traffic: Period 4.6921s
[INFO] Subscriptions active: 6 (libsumo, fast mode)
[INFO] Episode duration: 2700s (45 min)

[DEBUG] 🎯 Célzott Forgalom Generálása (R1C1_C) | Period: 5.4928
Found 6 valid OD pairs for R1C1_C
Generating focused traffic: Period 5.4928s
[INFO] Subscriptions active: 6 (libsumo, fast mode)
[INFO] Episode duration: 900s (15 min)

[DEBUG] 🎯 Célzott Forgalom Generálása (R1C1_C) | Period: 5.6103
Found 6 valid OD pairs for R1C1_C
Generating focused traffic: Period 5.6103s
[INFO] Subscriptions active: 6 (libsumo, fast mode)
[INFO] Episode duration: 1800s (30 min)

[DEBUG] 🎯 Célzott Forgalom Generálása (R1C1_C) | Period: 6.418
Found 6 valid OD pairs for R1C1_C
Generating focused traffic: Period 6.4180s
[INFO] Subscriptions active: 6 (libsumo, fast mode)
[INFO] Episode duration: 3600s (60 min)

[DEBUG] 🎯 Célzott Forgalom Generálása (R1C1_C) | Period: 4.1091
Found 6 valid OD pairs for R1C1_C
Generating focused traffic: Period 4.1091s
[INFO] Subscriptions active: 6 (libsumo, fast mode)
[INFO] Episode duration: 900s (15 min)

[DEBUG] 🎯 Célzott Forgalom Generálása (R1C1_C) | Period: 4.2887
Found 6 valid OD pairs for R1C1_C
Generating focused traffic: Period 4.2887s
[INFO] Subscriptions active: 6 (libsumo, fast mode)
[INFO] Episode duration: 3600s (60 min)

[DEBUG] 🎯 Célzott Forgalom Generálása (R1C1_C) | Period: 6.0735
Found 6 valid OD pairs for R1C1_C
Generating focused traffic: Period 6.0735s
[INFO] Subscriptions active: 6 (libsumo, fast mode)
[INFO] Episode duration: 3600s (60 min)

[DEBUG] 🎯 Célzott Forgalom Generálása (R1C1_C) | Period: 5.6423
Found 6 valid OD pairs for R1C1_C
Generating focused traffic: Period 5.6423s
[INFO] Subscriptions active: 6 (libsumo, fast mode)
[INFO] Episode duration: 1800s (30 min)

[DEBUG] 🎯 Célzott Forgalom Generálása (R1C1_C) | Period: 7.4931
Found 6 valid OD pairs for R1C1_C
Generating focused traffic: Period 7.4931s
[INFO] Subscriptions active: 6 (libsumo, fast mode)
------------------------------------------
| rollout/                |              |
|    ep_len_mean          | 500          |
|    ep_rew_mean          | 145          |
| time/                   |              |
|    fps                  | 105          |
|    iterations           | 30           |
|    time_elapsed         | 584          |
|    total_timesteps      | 61440        |
| train/                  |              |
|    approx_kl            | 0.0042110924 |
|    clip_fraction        | 0.0444       |
|    clip_range           | 0.2          |
|    entropy_loss         | -0.811       |
|    explained_variance   | 0.00171      |
|    learning_rate        | 0.0001       |
|    loss                 | 3.51         |
|    n_updates            | 290          |
|    policy_gradient_loss | -0.00259     |
|    value_loss           | 15.5         |
------------------------------------------
[INFO] Episode duration: 900s (15 min)

[DEBUG] 🎯 Célzott Forgalom Generálása (R1C1_C) | Period: 5.5146
Found 6 valid OD pairs for R1C1_C
Generating focused traffic: Period 5.5146s
[INFO] Subscriptions active: 6 (libsumo, fast mode)
[INFO] Episode duration: 1800s (30 min)

[DEBUG] 🎯 Célzott Forgalom Generálása (R1C1_C) | Period: 5.8879
Found 6 valid OD pairs for R1C1_C
Generating focused traffic: Period 5.8879s
[INFO] Subscriptions active: 6 (libsumo, fast mode)
[INFO] Episode duration: 2700s (45 min)

[DEBUG] 🎯 Célzott Forgalom Generálása (R1C1_C) | Period: 7.3403
Found 6 valid OD pairs for R1C1_C
Generating focused traffic: Period 7.3403s
[INFO] Subscriptions active: 6 (libsumo, fast mode)
[INFO] Episode duration: 900s (15 min)

[DEBUG] 🎯 Célzott Forgalom Generálása (R1C1_C) | Period: 7.6276
Found 6 valid OD pairs for R1C1_C
Generating focused traffic: Period 7.6276s
[INFO] Subscriptions active: 6 (libsumo, fast mode)
[INFO] Episode duration: 2700s (45 min)

[DEBUG] 🎯 Célzott Forgalom Generálása (R1C1_C) | Period: 5.944
Found 6 valid OD pairs for R1C1_C
Generating focused traffic: Period 5.9440s
[INFO] Subscriptions active: 6 (libsumo, fast mode)
[INFO] Episode duration: 1800s (30 min)

[DEBUG] 🎯 Célzott Forgalom Generálása (R1C1_C) | Period: 6.338
Found 6 valid OD pairs for R1C1_C
Generating focused traffic: Period 6.3380s
[INFO] Subscriptions active: 6 (libsumo, fast mode)
[INFO] Episode duration: 2700s (45 min)

[DEBUG] 🎯 Célzott Forgalom Generálása (R1C1_C) | Period: 4.8666
Found 6 valid OD pairs for R1C1_C
Generating focused traffic: Period 4.8666s
[INFO] Subscriptions active: 6 (libsumo, fast mode)
[INFO] Episode duration: 900s (15 min)

[DEBUG] 🎯 Célzott Forgalom Generálása (R1C1_C) | Period: 5.6289
Found 6 valid OD pairs for R1C1_C
Generating focused traffic: Period 5.6289s
[INFO] Subscriptions active: 6 (libsumo, fast mode)
[INFO] Episode duration: 2700s (45 min)

[DEBUG] 🎯 Célzott Forgalom Generálása (R1C1_C) | Period: 7.4215
Found 6 valid OD pairs for R1C1_C
Generating focused traffic: Period 7.4215s
[INFO] Subscriptions active: 6 (libsumo, fast mode)
[INFO] Episode duration: 3600s (60 min)

[DEBUG] 🎯 Célzott Forgalom Generálása (R1C1_C) | Period: 5.0446
Found 6 valid OD pairs for R1C1_C
Generating focused traffic: Period 5.0446s
[INFO] Subscriptions active: 6 (libsumo, fast mode)
[INFO] Episode duration: 2700s (45 min)

[DEBUG] 🎯 Célzott Forgalom Generálása (R1C1_C) | Period: 6.9949
Found 6 valid OD pairs for R1C1_C
Generating focused traffic: Period 6.9949s
[INFO] Subscriptions active: 6 (libsumo, fast mode)
[INFO] Episode duration: 2700s (45 min)

[DEBUG] 🎯 Célzott Forgalom Generálása (R1C1_C) | Period: 6.9646
Found 6 valid OD pairs for R1C1_C
Generating focused traffic: Period 6.9646s
[INFO] Subscriptions active: 6 (libsumo, fast mode)
[INFO] Episode duration: 2700s (45 min)

[DEBUG] 🎯 Célzott Forgalom Generálása (R1C1_C) | Period: 6.2553
Found 6 valid OD pairs for R1C1_C
Generating focused traffic: Period 6.2553s
[INFO] Subscriptions active: 6 (libsumo, fast mode)
[INFO] Episode duration: 1800s (30 min)

[DEBUG] 🎯 Célzott Forgalom Generálása (R1C1_C) | Period: 7.1222
Found 6 valid OD pairs for R1C1_C
Generating focused traffic: Period 7.1222s
[INFO] Subscriptions active: 6 (libsumo, fast mode)
[INFO] Episode duration: 2700s (45 min)

[DEBUG] 🎯 Célzott Forgalom Generálása (R1C1_C) | Period: 4.7333
Found 6 valid OD pairs for R1C1_C
Generating focused traffic: Period 4.7333s
[INFO] Subscriptions active: 6 (libsumo, fast mode)
[INFO] Episode duration: 3600s (60 min)

[DEBUG] 🎯 Célzott Forgalom Generálása (R1C1_C) | Period: 5.576
Found 6 valid OD pairs for R1C1_C
Generating focused traffic: Period 5.5760s
[INFO] Subscriptions active: 6 (libsumo, fast mode)
[INFO] Episode duration: 1800s (30 min)

[DEBUG] 🎯 Célzott Forgalom Generálása (R1C1_C) | Period: 4.3942
Found 6 valid OD pairs for R1C1_C
Generating focused traffic: Period 4.3942s
[INFO] Subscriptions active: 6 (libsumo, fast mode)
[INFO] Episode duration: 3600s (60 min)

[DEBUG] 🎯 Célzott Forgalom Generálása (R1C1_C) | Period: 5.5767
Found 6 valid OD pairs for R1C1_C
Generating focused traffic: Period 5.5767s
[INFO] Subscriptions active: 6 (libsumo, fast mode)
[INFO] Episode duration: 1800s (30 min)

[DEBUG] 🎯 Célzott Forgalom Generálása (R1C1_C) | Period: 5.6668
Found 6 valid OD pairs for R1C1_C
Generating focused traffic: Period 5.6668s
[INFO] Subscriptions active: 6 (libsumo, fast mode)
[INFO] Episode duration: 2700s (45 min)

[DEBUG] 🎯 Célzott Forgalom Generálása (R1C1_C) | Period: 7.5267
Found 6 valid OD pairs for R1C1_C
Generating focused traffic: Period 7.5267s
[INFO] Subscriptions active: 6 (libsumo, fast mode)
[INFO] Episode duration: 1800s (30 min)

[DEBUG] 🎯 Célzott Forgalom Generálása (R1C1_C) | Period: 4.6457
Found 6 valid OD pairs for R1C1_C
Generating focused traffic: Period 4.6457s
[INFO] Subscriptions active: 6 (libsumo, fast mode)
[INFO] Episode duration: 1800s (30 min)

[DEBUG] 🎯 Célzott Forgalom Generálása (R1C1_C) | Period: 4.7157
Found 6 valid OD pairs for R1C1_C
Generating focused traffic: Period 4.7157s
[INFO] Subscriptions active: 6 (libsumo, fast mode)
[INFO] Episode duration: 3600s (60 min)

[DEBUG] 🎯 Célzott Forgalom Generálása (R1C1_C) | Period: 6.1936
Found 6 valid OD pairs for R1C1_C
Generating focused traffic: Period 6.1936s
[INFO] Subscriptions active: 6 (libsumo, fast mode)
[INFO] Episode duration: 2700s (45 min)

[DEBUG] 🎯 Célzott Forgalom Generálása (R1C1_C) | Period: 7.1369
Found 6 valid OD pairs for R1C1_C
Generating focused traffic: Period 7.1369s
[INFO] Subscriptions active: 6 (libsumo, fast mode)
[INFO] Episode duration: 2700s (45 min)

[DEBUG] 🎯 Célzott Forgalom Generálása (R1C1_C) | Period: 5.1868
Found 6 valid OD pairs for R1C1_C
Generating focused traffic: Period 5.1868s
[INFO] Subscriptions active: 6 (libsumo, fast mode)
[INFO] Episode duration: 900s (15 min)

[DEBUG] 🎯 Célzott Forgalom Generálása (R1C1_C) | Period: 7.7571
Found 6 valid OD pairs for R1C1_C
Generating focused traffic: Period 7.7571s
[INFO] Subscriptions active: 6 (libsumo, fast mode)
[INFO] Episode duration: 900s (15 min)

[DEBUG] 🎯 Célzott Forgalom Generálása (R1C1_C) | Period: 5.7725
Found 6 valid OD pairs for R1C1_C
Generating focused traffic: Period 5.7725s
[INFO] Subscriptions active: 6 (libsumo, fast mode)
[INFO] Episode duration: 3600s (60 min)

[DEBUG] 🎯 Célzott Forgalom Generálása (R1C1_C) | Period: 7.6228
Found 6 valid OD pairs for R1C1_C
Generating focused traffic: Period 7.6228s
[INFO] Subscriptions active: 6 (libsumo, fast mode)
[INFO] Episode duration: 1800s (30 min)

[DEBUG] 🎯 Célzott Forgalom Generálása (R1C1_C) | Period: 4.1456
Found 6 valid OD pairs for R1C1_C
Generating focused traffic: Period 4.1456s
[INFO] Subscriptions active: 6 (libsumo, fast mode)
[INFO] Episode duration: 3600s (60 min)

[DEBUG] 🎯 Célzott Forgalom Generálása (R1C1_C) | Period: 4.782
Found 6 valid OD pairs for R1C1_C
Generating focused traffic: Period 4.7820s
[INFO] Subscriptions active: 6 (libsumo, fast mode)
[INFO] Episode duration: 2700s (45 min)

[DEBUG] 🎯 Célzott Forgalom Generálása (R1C1_C) | Period: 4.0854
Found 6 valid OD pairs for R1C1_C
Generating focused traffic: Period 4.0854s
[INFO] Subscriptions active: 6 (libsumo, fast mode)
[INFO] Episode duration: 1800s (30 min)

[DEBUG] 🎯 Célzott Forgalom Generálása (R1C1_C) | Period: 7.2362
Found 6 valid OD pairs for R1C1_C
Generating focused traffic: Period 7.2362s
[INFO] Subscriptions active: 6 (libsumo, fast mode)
[INFO] Episode duration: 1800s (30 min)

[DEBUG] 🎯 Célzott Forgalom Generálása (R1C1_C) | Period: 6.5155
Found 6 valid OD pairs for R1C1_C
Generating focused traffic: Period 6.5155s
[INFO] Subscriptions active: 6 (libsumo, fast mode)
[INFO] Episode duration: 1800s (30 min)

[DEBUG] 🎯 Célzott Forgalom Generálása (R1C1_C) | Period: 6.9517
Found 6 valid OD pairs for R1C1_C
Generating focused traffic: Period 6.9517s
[INFO] Subscriptions active: 6 (libsumo, fast mode)
[INFO] Episode duration: 2700s (45 min)

[DEBUG] 🎯 Célzott Forgalom Generálása (R1C1_C) | Period: 5.2532
Found 6 valid OD pairs for R1C1_C
Generating focused traffic: Period 5.2532s
[INFO] Subscriptions active: 6 (libsumo, fast mode)
[INFO] Episode duration: 3600s (60 min)

[DEBUG] 🎯 Célzott Forgalom Generálása (R1C1_C) | Period: 6.9349
Found 6 valid OD pairs for R1C1_C
Generating focused traffic: Period 6.9349s
[INFO] Subscriptions active: 6 (libsumo, fast mode)
[INFO] Episode duration: 3600s (60 min)

[DEBUG] 🎯 Célzott Forgalom Generálása (R1C1_C) | Period: 4.6582
Found 6 valid OD pairs for R1C1_C
Generating focused traffic: Period 4.6582s
[INFO] Subscriptions active: 6 (libsumo, fast mode)
[INFO] Episode duration: 1800s (30 min)

[DEBUG] 🎯 Célzott Forgalom Generálása (R1C1_C) | Period: 5.0651
Found 6 valid OD pairs for R1C1_C
Generating focused traffic: Period 5.0651s
[INFO] Subscriptions active: 6 (libsumo, fast mode)
[INFO] Episode duration: 900s (15 min)

[DEBUG] 🎯 Célzott Forgalom Generálása (R1C1_C) | Period: 7.2683
Found 6 valid OD pairs for R1C1_C
Generating focused traffic: Period 7.2683s
[INFO] Subscriptions active: 6 (libsumo, fast mode)
[INFO] Episode duration: 3600s (60 min)

[DEBUG] 🎯 Célzott Forgalom Generálása (R1C1_C) | Period: 5.4448
Found 6 valid OD pairs for R1C1_C
Generating focused traffic: Period 5.4448s
[INFO] Subscriptions active: 6 (libsumo, fast mode)
[INFO] Episode duration: 2700s (45 min)

[DEBUG] 🎯 Célzott Forgalom Generálása (R1C1_C) | Period: 7.311
Found 6 valid OD pairs for R1C1_C
Generating focused traffic: Period 7.3110s
[INFO] Subscriptions active: 6 (libsumo, fast mode)
[INFO] Episode duration: 2700s (45 min)

[DEBUG] 🎯 Célzott Forgalom Generálása (R1C1_C) | Period: 4.5578
Found 6 valid OD pairs for R1C1_C
Generating focused traffic: Period 4.5578s
[INFO] Subscriptions active: 6 (libsumo, fast mode)
[INFO] Episode duration: 3600s (60 min)

[DEBUG] 🎯 Célzott Forgalom Generálása (R1C1_C) | Period: 5.6922
Found 6 valid OD pairs for R1C1_C
Generating focused traffic: Period 5.6922s
[INFO] Subscriptions active: 6 (libsumo, fast mode)
-----------------------------------------
| rollout/                |             |
|    ep_len_mean          | 486         |
|    ep_rew_mean          | 159         |
| time/                   |             |
|    fps                  | 101         |
|    iterations           | 40          |
|    time_elapsed         | 805         |
|    total_timesteps      | 81920       |
| train/                  |             |
|    approx_kl            | 0.004283229 |
|    clip_fraction        | 0.0319      |
|    clip_range           | 0.2         |
|    entropy_loss         | -0.66       |
|    explained_variance   | -0.00523    |
|    learning_rate        | 0.0001      |
|    loss                 | 2.14        |
|    n_updates            | 390         |
|    policy_gradient_loss | -0.00195    |
|    value_loss           | 16.4        |
-----------------------------------------
[INFO] Episode duration: 1800s (30 min)

[DEBUG] 🎯 Célzott Forgalom Generálása (R1C1_C) | Period: 5.5101
Found 6 valid OD pairs for R1C1_C
Generating focused traffic: Period 5.5101s
[INFO] Subscriptions active: 6 (libsumo, fast mode)
[INFO] Episode duration: 1800s (30 min)

[DEBUG] 🎯 Célzott Forgalom Generálása (R1C1_C) | Period: 4.1007
Found 6 valid OD pairs for R1C1_C
Generating focused traffic: Period 4.1007s
[INFO] Subscriptions active: 6 (libsumo, fast mode)
[INFO] Episode duration: 1800s (30 min)

[DEBUG] 🎯 Célzott Forgalom Generálása (R1C1_C) | Period: 6.8121
Found 6 valid OD pairs for R1C1_C
Generating focused traffic: Period 6.8121s
[INFO] Subscriptions active: 6 (libsumo, fast mode)
[INFO] Episode duration: 2700s (45 min)

[DEBUG] 🎯 Célzott Forgalom Generálása (R1C1_C) | Period: 4.8498
Found 6 valid OD pairs for R1C1_C
Generating focused traffic: Period 4.8498s
[INFO] Subscriptions active: 6 (libsumo, fast mode)
[INFO] Episode duration: 3600s (60 min)

[DEBUG] 🎯 Célzott Forgalom Generálása (R1C1_C) | Period: 6.0841
Found 6 valid OD pairs for R1C1_C
Generating focused traffic: Period 6.0841s
[INFO] Subscriptions active: 6 (libsumo, fast mode)
[INFO] Episode duration: 3600s (60 min)

[DEBUG] 🎯 Célzott Forgalom Generálása (R1C1_C) | Period: 5.8128
Found 6 valid OD pairs for R1C1_C
Generating focused traffic: Period 5.8128s
[INFO] Subscriptions active: 6 (libsumo, fast mode)
[INFO] Episode duration: 2700s (45 min)

[DEBUG] 🎯 Célzott Forgalom Generálása (R1C1_C) | Period: 4.2538
Found 6 valid OD pairs for R1C1_C
Generating focused traffic: Period 4.2538s
[INFO] Subscriptions active: 6 (libsumo, fast mode)
[INFO] Episode duration: 2700s (45 min)

[DEBUG] 🎯 Célzott Forgalom Generálása (R1C1_C) | Period: 6.4291
Found 6 valid OD pairs for R1C1_C
Generating focused traffic: Period 6.4291s
[INFO] Subscriptions active: 6 (libsumo, fast mode)
[INFO] Episode duration: 900s (15 min)

[DEBUG] 🎯 Célzott Forgalom Generálása (R1C1_C) | Period: 4.5824
Found 6 valid OD pairs for R1C1_C
Generating focused traffic: Period 4.5824s
[INFO] Subscriptions active: 6 (libsumo, fast mode)
[INFO] Episode duration: 3600s (60 min)

[DEBUG] 🎯 Célzott Forgalom Generálása (R1C1_C) | Period: 5.7957
Found 6 valid OD pairs for R1C1_C
Generating focused traffic: Period 5.7957s
[INFO] Subscriptions active: 6 (libsumo, fast mode)
[INFO] Episode duration: 2700s (45 min)

[DEBUG] 🎯 Célzott Forgalom Generálása (R1C1_C) | Period: 4.4039
Found 6 valid OD pairs for R1C1_C
Generating focused traffic: Period 4.4039s
[INFO] Subscriptions active: 6 (libsumo, fast mode)
[INFO] Episode duration: 900s (15 min)

[DEBUG] 🎯 Célzott Forgalom Generálása (R1C1_C) | Period: 4.2391
Found 6 valid OD pairs for R1C1_C
Generating focused traffic: Period 4.2391s
[INFO] Subscriptions active: 6 (libsumo, fast mode)
[INFO] Episode duration: 1800s (30 min)

[DEBUG] 🎯 Célzott Forgalom Generálása (R1C1_C) | Period: 7.8623
Found 6 valid OD pairs for R1C1_C
Generating focused traffic: Period 7.8623s
[INFO] Subscriptions active: 6 (libsumo, fast mode)
[INFO] Episode duration: 900s (15 min)

[DEBUG] 🎯 Célzott Forgalom Generálása (R1C1_C) | Period: 4.9051
Found 6 valid OD pairs for R1C1_C
Generating focused traffic: Period 4.9051s
[INFO] Subscriptions active: 6 (libsumo, fast mode)
[INFO] Episode duration: 900s (15 min)

[DEBUG] 🎯 Célzott Forgalom Generálása (R1C1_C) | Period: 7.3685
Found 6 valid OD pairs for R1C1_C
Generating focused traffic: Period 7.3685s
[INFO] Subscriptions active: 6 (libsumo, fast mode)
[INFO] Episode duration: 900s (15 min)

[DEBUG] 🎯 Célzott Forgalom Generálása (R1C1_C) | Period: 6.6081
Found 6 valid OD pairs for R1C1_C
Generating focused traffic: Period 6.6081s
[INFO] Subscriptions active: 6 (libsumo, fast mode)
[INFO] Episode duration: 2700s (45 min)

[DEBUG] 🎯 Célzott Forgalom Generálása (R1C1_C) | Period: 6.5177
Found 6 valid OD pairs for R1C1_C
Generating focused traffic: Period 6.5177s
[INFO] Subscriptions active: 6 (libsumo, fast mode)
[INFO] Episode duration: 3600s (60 min)

[DEBUG] 🎯 Célzott Forgalom Generálása (R1C1_C) | Period: 6.9748
Found 6 valid OD pairs for R1C1_C
Generating focused traffic: Period 6.9748s
[INFO] Subscriptions active: 6 (libsumo, fast mode)
[INFO] Episode duration: 1800s (30 min)

[DEBUG] 🎯 Célzott Forgalom Generálása (R1C1_C) | Period: 7.9374
Found 6 valid OD pairs for R1C1_C
Generating focused traffic: Period 7.9374s
[INFO] Subscriptions active: 6 (libsumo, fast mode)
[INFO] Episode duration: 900s (15 min)

[DEBUG] 🎯 Célzott Forgalom Generálása (R1C1_C) | Period: 4.4308
Found 6 valid OD pairs for R1C1_C
Generating focused traffic: Period 4.4308s
[INFO] Subscriptions active: 6 (libsumo, fast mode)
[INFO] Episode duration: 2700s (45 min)

[DEBUG] 🎯 Célzott Forgalom Generálása (R1C1_C) | Period: 5.0796
Found 6 valid OD pairs for R1C1_C
Generating focused traffic: Period 5.0796s
[INFO] Subscriptions active: 6 (libsumo, fast mode)
[INFO] Episode duration: 2700s (45 min)

[DEBUG] 🎯 Célzott Forgalom Generálása (R1C1_C) | Period: 6.3119
Found 6 valid OD pairs for R1C1_C
Generating focused traffic: Period 6.3119s
[INFO] Subscriptions active: 6 (libsumo, fast mode)
[INFO] Episode duration: 2700s (45 min)

[DEBUG] 🎯 Célzott Forgalom Generálása (R1C1_C) | Period: 6.0935
Found 6 valid OD pairs for R1C1_C
Generating focused traffic: Period 6.0935s
[INFO] Subscriptions active: 6 (libsumo, fast mode)
[INFO] Episode duration: 1800s (30 min)

[DEBUG] 🎯 Célzott Forgalom Generálása (R1C1_C) | Period: 5.599
Found 6 valid OD pairs for R1C1_C
Generating focused traffic: Period 5.5990s
[INFO] Subscriptions active: 6 (libsumo, fast mode)
[INFO] Episode duration: 1800s (30 min)

[DEBUG] 🎯 Célzott Forgalom Generálása (R1C1_C) | Period: 4.0987
Found 6 valid OD pairs for R1C1_C
Generating focused traffic: Period 4.0987s
[INFO] Subscriptions active: 6 (libsumo, fast mode)
[INFO] Episode duration: 900s (15 min)

[DEBUG] 🎯 Célzott Forgalom Generálása (R1C1_C) | Period: 4.9382
Found 6 valid OD pairs for R1C1_C
Generating focused traffic: Period 4.9382s
[INFO] Subscriptions active: 6 (libsumo, fast mode)
[INFO] Episode duration: 2700s (45 min)

[DEBUG] 🎯 Célzott Forgalom Generálása (R1C1_C) | Period: 4.6302
Found 6 valid OD pairs for R1C1_C
Generating focused traffic: Period 4.6302s
[INFO] Subscriptions active: 6 (libsumo, fast mode)
[INFO] Episode duration: 2700s (45 min)

[DEBUG] 🎯 Célzott Forgalom Generálása (R1C1_C) | Period: 6.6616
Found 6 valid OD pairs for R1C1_C
Generating focused traffic: Period 6.6616s
[INFO] Subscriptions active: 6 (libsumo, fast mode)
[INFO] Episode duration: 2700s (45 min)

[DEBUG] 🎯 Célzott Forgalom Generálása (R1C1_C) | Period: 5.6257
Found 6 valid OD pairs for R1C1_C
Generating focused traffic: Period 5.6257s
[INFO] Subscriptions active: 6 (libsumo, fast mode)
[INFO] Episode duration: 900s (15 min)

[DEBUG] 🎯 Célzott Forgalom Generálása (R1C1_C) | Period: 7.6168
Found 6 valid OD pairs for R1C1_C
Generating focused traffic: Period 7.6168s
[INFO] Subscriptions active: 6 (libsumo, fast mode)
[INFO] Episode duration: 1800s (30 min)

[DEBUG] 🎯 Célzott Forgalom Generálása (R1C1_C) | Period: 7.825
Found 6 valid OD pairs for R1C1_C
Generating focused traffic: Period 7.8250s
[INFO] Subscriptions active: 6 (libsumo, fast mode)
[INFO] Episode duration: 3600s (60 min)

[DEBUG] 🎯 Célzott Forgalom Generálása (R1C1_C) | Period: 7.5463
Found 6 valid OD pairs for R1C1_C
Generating focused traffic: Period 7.5463s
[INFO] Subscriptions active: 6 (libsumo, fast mode)
[INFO] Episode duration: 900s (15 min)

[DEBUG] 🎯 Célzott Forgalom Generálása (R1C1_C) | Period: 6.775
Found 6 valid OD pairs for R1C1_C
Generating focused traffic: Period 6.7750s
[INFO] Subscriptions active: 6 (libsumo, fast mode)
[INFO] Episode duration: 3600s (60 min)

[DEBUG] 🎯 Célzott Forgalom Generálása (R1C1_C) | Period: 7.954
Found 6 valid OD pairs for R1C1_C
Generating focused traffic: Period 7.9540s
[INFO] Subscriptions active: 6 (libsumo, fast mode)
[INFO] Episode duration: 3600s (60 min)
wandb: WARNING Symlinked 1 file into the W&B run directory; call wandb.save again to sync new files.
/Users/wagnertamas/Documents/Munka/cikkek/AI_agens_konyvtar/support/intergreen_matrix_calculator/rl_trainer.py:857: UserWarning: Exporting a model while it is in training mode. Please ensure that this is intended, as it may lead to different behavior during inference. Calling model.eval() before export is recommended.
  torch.onnx.export(
/Users/wagnertamas/Documents/Munka/cikkek/AI_agens_konyvtar/support/intergreen_matrix_calculator/rl_trainer.py:857: UserWarning: # 'dynamic_axes' is not recommended when dynamo=True, and may lead to 'torch._dynamo.exc.UserError: Constraints violated.' Supply the 'dynamic_shapes' argument instead if export is unsuccessful.
  torch.onnx.export(
wandb: updating run metadata
wandb: uploading pytorch_models/R1C1_C.zip; uploading output.log; uploading wandb-summary.json; uploading config.yaml
wandb: uploading pytorch_models/R1C1_C.zip; uploading output.log; uploading wandb-summary.json
wandb: uploading pytorch_models/R1C1_C.zip
wandb: 
wandb: Run history:
wandb:         R1C1_C/action_pct/phase_0 ▁▃▄▃▄▆██▄▅▆▅▃▅▂▂▂▅▃▄▃▄▂▆▁▄▃▁▁▂▁▁▆▇▃▅▄▆▃▂
wandb:         R1C1_C/action_pct/phase_1 █▆▅▅▅▅▅▃▃▃▃▂▄▃▃▃▂▃▂▂▁▁▂▁▂▁▁▂▁▁▂▂▁▁▁▁▁▁▁▁
wandb:         R1C1_C/action_pct/phase_2 ▁▂▃▄▃▂▁▁▂▄▁▃▄▄▇▇▇▃▇▆▇▇▅▇▇▆█▇▇▇▇▇▅▄█▇▇█▇▆
wandb:         R1C1_C/action_pct/phase_3 ▂▂▃▃▃▃▃▅█▅▇█▄▅▁▂▂▄▃▃▅▃▆▂▄▅▃▅▅▄▃▄▅▅▃▃▃▁▄▆
wandb:         R1C1_C/train/entropy_loss ▁▁▂▂▂▃▃▃▃▃▃▃▃▄▄▄▄▅▅▅▄▅▆▆▆▆▆▆▇▇▇▇▇█▇█████
wandb:        R1C1_C/train/learning_rate ▁▁▁▁▁▁▁▁▁▁▁▁▁▁▁▁▁▁▁▁▁▁▁▁▁▁▁▁▁▁▁▁▁▁▁▁▁▁▁▁
wandb:                 R1C1_C/train/loss ▁▁▁▁▃▁▁▁▂▂▃▂▂▂▂▂▂▂▃▄█▅▅▅▅▆▄▂▄▂▂▃▂▂▂▂▂▂▁▂
wandb: R1C1_C/train/policy_gradient_loss ▄▄▁██▅▅▃▇▇▆▃▃▃▆▆▅▇▇▆█▅██▅▅█▇▇▇▄▇▇▇▇████▇
wandb:           R1C1_C/train/value_loss ▁▁▁▁▁▃▂▂▂▃▃▃▄▄▄▄▄▄▄▄▅▅▅▅▅▆▅▅▅▅▆▆▆▅██▇▇▇▅
wandb:                        avg_reward ▂▃▄▃▁▂▁▇▅▅▂▂▆▄▇▁▅▅▆▂▇▇▅▇█▅▅▆▄▆▇█▆▇▇▅▇▆▅▆
wandb:                                +9 ...
wandb: 
wandb: Run summary:
wandb:         R1C1_C/action_pct/phase_0 25.55556
wandb:         R1C1_C/action_pct/phase_1 1.66667
wandb:         R1C1_C/action_pct/phase_2 42.5
wandb:         R1C1_C/action_pct/phase_3 30.27778
wandb:         R1C1_C/train/entropy_loss -0.63554
wandb:        R1C1_C/train/learning_rate 0.0001
wandb:                 R1C1_C/train/loss 3.93984
wandb: R1C1_C/train/policy_gradient_loss -0.00386
wandb:           R1C1_C/train/value_loss 16.52343
wandb:                        avg_reward 0.39353
wandb:                                +9 ...
wandb: 
wandb: 🚀 View run ppo_halt_ratio_3x64_1_R1C1_C at: https://wandb.ai/wagnertamas-budapesti-m-szaki-s-gazdas-gtudom-nyi-egyetem/sumo-rl-stat/runs/z0yp61z5
wandb: ⭐️ View project at: https://wandb.ai/wagnertamas-budapesti-m-szaki-s-gazdas-gtudom-nyi-egyetem/sumo-rl-stat
wandb: Synced 5 W&B file(s), 0 media file(s), 0 artifact file(s) and 1 other file(s)
wandb: Find logs at: ./wandb/run-20260321_234000-z0yp61z5/logs

[DEBUG] 🎯 Célzott Forgalom Generálása (R1C1_C) | Period: 5.8627
Found 6 valid OD pairs for R1C1_C
Generating focused traffic: Period 5.8627s
[INFO] Subscriptions active: 6 (libsumo, fast mode)
[INFO] Episode duration: 3600s (60 min)

[DEBUG] 🎯 Célzott Forgalom Generálása (R1C1_C) | Period: 6.3373
Found 6 valid OD pairs for R1C1_C
Generating focused traffic: Period 6.3373s
[INFO] Subscriptions active: 6 (libsumo, fast mode)
[INFO] Episode duration: 900s (15 min)

[DEBUG] 🎯 Célzott Forgalom Generálása (R1C1_C) | Period: 5.5415
Found 6 valid OD pairs for R1C1_C
Generating focused traffic: Period 5.5415s
[INFO] Subscriptions active: 6 (libsumo, fast mode)
[INFO] Episode duration: 900s (15 min)

[DEBUG] 🎯 Célzott Forgalom Generálása (R1C1_C) | Period: 5.7236
Found 6 valid OD pairs for R1C1_C
Generating focused traffic: Period 5.7236s
[INFO] Subscriptions active: 6 (libsumo, fast mode)
[INFO] Episode duration: 3600s (60 min)

[DEBUG] 🎯 Célzott Forgalom Generálása (R1C1_C) | Period: 5.2515
Found 6 valid OD pairs for R1C1_C
Generating focused traffic: Period 5.2515s
[INFO] Subscriptions active: 6 (libsumo, fast mode)
[INFO] Episode duration: 900s (15 min)

[DEBUG] 🎯 Célzott Forgalom Generálása (R1C1_C) | Period: 4.4137
Found 6 valid OD pairs for R1C1_C
Generating focused traffic: Period 4.4137s
[INFO] Subscriptions active: 6 (libsumo, fast mode)
[INFO] Episode duration: 2700s (45 min)

[DEBUG] 🎯 Célzott Forgalom Generálása (R1C1_C) | Period: 7.0493
Found 6 valid OD pairs for R1C1_C
Generating focused traffic: Period 7.0493s
[INFO] Subscriptions active: 6 (libsumo, fast mode)
On-policy training completed.
Closing environment and EXPORTING models...
Saving PyTorch ZIP models to /Users/wagnertamas/Documents/Munka/cikkek/AI_agens_konyvtar/support/intergreen_matrix_calculator/data/runs/pytorch_models...
Saved PyTorch R1C1_C to /Users/wagnertamas/Documents/Munka/cikkek/AI_agens_konyvtar/support/intergreen_matrix_calculator/data/runs/pytorch_models/R1C1_C.zip
Exporting ONNX models to /Users/wagnertamas/Documents/Munka/cikkek/AI_agens_konyvtar/support/intergreen_matrix_calculator/data/runs/onnx_models...
Failed to export R1C1_C: # Failed to convert 'dynamic_axes' to 'dynamic_shapes'. Please provide 'dynamic_shapes' directly. Refer to the documentation for 'torch.export.export' for more information on dynamic shapes.
Cleanup done.
