wandb: [wandb.login()] Loaded credentials for https://api.wandb.ai from /Users/wagnertamas/.netrc.
wandb: Currently logged in as: wagnertamas (wagnertamas-budapesti-m-szaki-s-gazdas-gtudom-nyi-egyetem) to https://api.wandb.ai. Use `wandb login --relogin` to force relogin
wandb: setting up run 0lngpuze
wandb: Tracking run with wandb version 0.25.1
wandb: Run data is saved locally in /Users/wagnertamas/Documents/Munka/cikkek/AI_agens_konyvtar/support/intergreen_matrix_calculator/wandb/run-20260408_005059-0lngpuze
wandb: Run `wandb offline` to turn off syncing.
wandb: Syncing run ppo_speed_throughput_1x8_1_R1C1_C
wandb: ⭐️ View project at https://wandb.ai/wagnertamas-budapesti-m-szaki-s-gazdas-gtudom-nyi-egyetem/sumo-rl-stat-2
wandb: 🚀 View run at https://wandb.ai/wagnertamas-budapesti-m-szaki-s-gazdas-gtudom-nyi-egyetem/sumo-rl-stat-2/runs/0lngpuze
[INFO] Config: training_config.yaml
[INFO] Net: /Users/wagnertamas/Documents/Munka/cikkek/AI_agens_konyvtar/support/intergreen_matrix_calculator/data/mega_catalogue_v2.net.xml
[INFO] Timesteps: 100000 | Project: sumo-rl-stat-2
[INFO] Junction: R1C1_C
[INFO] Algorithm: ppo | Reward: speed_throughput
[INFO] Load model: None (fresh)
[INFO] Traffic: random target+spread (epizódonként)
Initializing Environment (algorithm=ppo, reward=speed_throughput)...
[INFO] Algorithm: ppo (on_policy)
[INFO] Reward mode: speed_throughput
WandB config applied (Sweep compatible).
[INFO] Junction reward params auto-loaded from /Users/wagnertamas/Documents/Munka/cikkek/AI_agens_konyvtar/support/intergreen_matrix_calculator/data/junction_reward_params.json
[INFO] Using 'traci' (USE_LIBSUMO=0, parallel slave).
Starting SUMO...
[INFO] Episode duration: 3600s (60 min)

[DEBUG] 🎯 Célzott Forgalom Generálása (R1C1_C) | Period: 5.9014
Found 6 valid OD pairs for R1C1_C
Generating focused traffic: Period 5.9014s
 Retrying in 1 seconds
[INFO] Network mapped: 1 agents, 3 detectors, 3 lanes
[INFO] Subscriptions active: 6 (traci, fast mode)
Agents discovered: ['R1C1_C']
[INFO] RL device: mps
[INFO] On-policy training: ppo → R1C1_C
[INFO] Env reset az observation/action space inicializálásához...
[INFO] Episode duration: 3600s (60 min)

[DEBUG] 🎯 Célzott Forgalom Generálása (R1C1_C) | Period: 4.1333
Found 6 valid OD pairs for R1C1_C
Generating focused traffic: Period 4.1333s
[INFO] Subscriptions active: 6 (traci, fast mode)
Using mps device
Wrapping the env with a `Monitor` wrapper
Wrapping the env in a DummyVecEnv.
Starting on-policy training: 100000 timesteps...
[INFO] Episode duration: 900s (15 min)

[DEBUG] 🎯 Célzott Forgalom Generálása (R1C1_C) | Period: 4.4911
Found 6 valid OD pairs for R1C1_C
Generating focused traffic: Period 4.4911s
[INFO] Subscriptions active: 6 (traci, fast mode)
Logging to /Users/wagnertamas/Documents/Munka/cikkek/AI_agens_konyvtar/support/intergreen_matrix_calculator/data/runs/sumo-rl-stat-2/R1C1_C/PPO_6
[INFO] Episode duration: 3600s (60 min)

[DEBUG] 🎯 Célzott Forgalom Generálása (R1C1_C) | Period: 7.5807
Found 6 valid OD pairs for R1C1_C
Generating focused traffic: Period 7.5807s
[INFO] Subscriptions active: 6 (traci, fast mode)
  [ACTION PPO] R1C1_C: a0=19% (34) a1=23% (42) a2=27% (48) a3=31% (56)
[INFO] Episode duration: 2700s (45 min)

[DEBUG] 🎯 Célzott Forgalom Generálása (R1C1_C) | Period: 6.6592
Found 6 valid OD pairs for R1C1_C
Generating focused traffic: Period 6.6592s
[INFO] Subscriptions active: 6 (traci, fast mode)
  [ACTION PPO] R1C1_C: a0=25% (181) a1=26% (186) a2=22% (160) a3=27% (193)
[INFO] Episode duration: 2700s (45 min)

[DEBUG] 🎯 Célzott Forgalom Generálása (R1C1_C) | Period: 4.1285
Found 6 valid OD pairs for R1C1_C
Generating focused traffic: Period 4.1285s
[INFO] Subscriptions active: 6 (traci, fast mode)
  [ACTION PPO] R1C1_C: a0=23% (123) a1=27% (148) a2=25% (134) a3=25% (135)
[INFO] Episode duration: 900s (15 min)

[DEBUG] 🎯 Célzott Forgalom Generálása (R1C1_C) | Period: 5.7386
Found 6 valid OD pairs for R1C1_C
Generating focused traffic: Period 5.7386s
[INFO] Subscriptions active: 6 (traci, fast mode)
  [ACTION PPO] R1C1_C: a0=26% (139) a1=23% (125) a2=24% (128) a3=27% (148)
[INFO] Episode duration: 2700s (45 min)

[DEBUG] 🎯 Célzott Forgalom Generálása (R1C1_C) | Period: 6.3398
Found 6 valid OD pairs for R1C1_C
Generating focused traffic: Period 6.3398s
[INFO] Subscriptions active: 6 (traci, fast mode)
  [ACTION PPO] R1C1_C: a0=26% (47) a1=22% (40) a2=23% (42) a3=28% (51)
[INFO] Episode duration: 900s (15 min)

[DEBUG] 🎯 Célzott Forgalom Generálása (R1C1_C) | Period: 7.932
Found 6 valid OD pairs for R1C1_C
Generating focused traffic: Period 7.9320s
[INFO] Subscriptions active: 6 (traci, fast mode)
  [ACTION PPO] R1C1_C: a0=25% (135) a1=27% (146) a2=25% (137) a3=23% (122)
[INFO] Episode duration: 2700s (45 min)

[DEBUG] 🎯 Célzott Forgalom Generálása (R1C1_C) | Period: 4.8931
Found 6 valid OD pairs for R1C1_C
Generating focused traffic: Period 4.8931s
[INFO] Subscriptions active: 6 (traci, fast mode)
  [ACTION PPO] R1C1_C: a0=19% (34) a1=29% (52) a2=26% (46) a3=27% (48)
[INFO] Episode duration: 2700s (45 min)

[DEBUG] 🎯 Célzott Forgalom Generálása (R1C1_C) | Period: 6.0084
Found 6 valid OD pairs for R1C1_C
Generating focused traffic: Period 6.0084s
[INFO] Subscriptions active: 6 (traci, fast mode)
  [ACTION PPO] R1C1_C: a0=23% (125) a1=25% (137) a2=25% (133) a3=27% (145)
[INFO] Episode duration: 900s (15 min)

[DEBUG] 🎯 Célzott Forgalom Generálása (R1C1_C) | Period: 4.8577
Found 6 valid OD pairs for R1C1_C
Generating focused traffic: Period 4.8577s
[INFO] Subscriptions active: 6 (traci, fast mode)
  [ACTION PPO] R1C1_C: a0=27% (147) a1=23% (124) a2=25% (135) a3=25% (134)
[INFO] Episode duration: 3600s (60 min)

[DEBUG] 🎯 Célzott Forgalom Generálása (R1C1_C) | Period: 5.6194
Found 6 valid OD pairs for R1C1_C
Generating focused traffic: Period 5.6194s
[INFO] Subscriptions active: 6 (traci, fast mode)
  [ACTION PPO] R1C1_C: a0=29% (52) a1=28% (50) a2=22% (40) a3=21% (38)
[INFO] Episode duration: 1800s (30 min)

[DEBUG] 🎯 Célzott Forgalom Generálása (R1C1_C) | Period: 7.1307
Found 6 valid OD pairs for R1C1_C
Generating focused traffic: Period 7.1307s
[INFO] Subscriptions active: 6 (traci, fast mode)
  [ACTION PPO] R1C1_C: a0=20% (142) a1=26% (186) a2=28% (198) a3=27% (194)
[INFO] Episode duration: 2700s (45 min)

[DEBUG] 🎯 Célzott Forgalom Generálása (R1C1_C) | Period: 5.9205
Found 6 valid OD pairs for R1C1_C
Generating focused traffic: Period 5.9205s
[INFO] Subscriptions active: 6 (traci, fast mode)
  [ACTION PPO] R1C1_C: a0=28% (99) a1=24% (87) a2=22% (78) a3=27% (96)
[INFO] Episode duration: 3600s (60 min)

[DEBUG] 🎯 Célzott Forgalom Generálása (R1C1_C) | Period: 6.2449
Found 6 valid OD pairs for R1C1_C
Generating focused traffic: Period 6.2449s
[INFO] Subscriptions active: 6 (traci, fast mode)
  [ACTION PPO] R1C1_C: a0=24% (132) a1=24% (132) a2=29% (154) a3=23% (122)
[INFO] Episode duration: 2700s (45 min)

[DEBUG] 🎯 Célzott Forgalom Generálása (R1C1_C) | Period: 7.2795
Found 6 valid OD pairs for R1C1_C
Generating focused traffic: Period 7.2795s
[INFO] Subscriptions active: 6 (traci, fast mode)
  [ACTION PPO] R1C1_C: a0=25% (182) a1=25% (179) a2=28% (199) a3=22% (160)
[INFO] Episode duration: 900s (15 min)

[DEBUG] 🎯 Célzott Forgalom Generálása (R1C1_C) | Period: 4.9463
Found 6 valid OD pairs for R1C1_C
Generating focused traffic: Period 4.9463s
[INFO] Subscriptions active: 6 (traci, fast mode)
  [ACTION PPO] R1C1_C: a0=23% (126) a1=24% (128) a2=29% (155) a3=24% (131)
[INFO] Episode duration: 3600s (60 min)

[DEBUG] 🎯 Célzott Forgalom Generálása (R1C1_C) | Period: 5.8302
Found 6 valid OD pairs for R1C1_C
Generating focused traffic: Period 5.8302s
[INFO] Subscriptions active: 6 (traci, fast mode)
  [ACTION PPO] R1C1_C: a0=21% (38) a1=26% (46) a2=28% (51) a3=25% (45)
[INFO] Episode duration: 2700s (45 min)

[DEBUG] 🎯 Célzott Forgalom Generálása (R1C1_C) | Period: 5.859
Found 6 valid OD pairs for R1C1_C
Generating focused traffic: Period 5.8590s
[INFO] Subscriptions active: 6 (traci, fast mode)
  [ACTION PPO] R1C1_C: a0=26% (187) a1=24% (175) a2=25% (178) a3=25% (180)
[INFO] Episode duration: 900s (15 min)

[DEBUG] 🎯 Célzott Forgalom Generálása (R1C1_C) | Period: 7.8319
Found 6 valid OD pairs for R1C1_C
Generating focused traffic: Period 7.8319s
[INFO] Subscriptions active: 6 (traci, fast mode)
  [ACTION PPO] R1C1_C: a0=25% (134) a1=25% (134) a2=24% (131) a3=26% (141)
[INFO] Episode duration: 3600s (60 min)

[DEBUG] 🎯 Célzott Forgalom Generálása (R1C1_C) | Period: 6.1272
Found 6 valid OD pairs for R1C1_C
Generating focused traffic: Period 6.1272s
[INFO] Subscriptions active: 6 (traci, fast mode)
  [ACTION PPO] R1C1_C: a0=24% (43) a1=25% (45) a2=27% (49) a3=24% (43)
[INFO] Episode duration: 2700s (45 min)

[DEBUG] 🎯 Célzott Forgalom Generálása (R1C1_C) | Period: 7.2494
Found 6 valid OD pairs for R1C1_C
Generating focused traffic: Period 7.2494s
[INFO] Subscriptions active: 6 (traci, fast mode)
  [ACTION PPO] R1C1_C: a0=22% (156) a1=26% (185) a2=24% (170) a3=29% (209)
[INFO] Episode duration: 2700s (45 min)

[DEBUG] 🎯 Célzott Forgalom Generálása (R1C1_C) | Period: 5.7991
Found 6 valid OD pairs for R1C1_C
Generating focused traffic: Period 5.7991s
[INFO] Subscriptions active: 6 (traci, fast mode)
  [ACTION PPO] R1C1_C: a0=28% (151) a1=21% (115) a2=24% (127) a3=27% (147)
[INFO] Episode duration: 1800s (30 min)

[DEBUG] 🎯 Célzott Forgalom Generálása (R1C1_C) | Period: 5.3041
Found 6 valid OD pairs for R1C1_C
Generating focused traffic: Period 5.3041s
[INFO] Subscriptions active: 6 (traci, fast mode)
  [ACTION PPO] R1C1_C: a0=22% (121) a1=27% (145) a2=26% (143) a3=24% (131)
[INFO] Episode duration: 900s (15 min)

[DEBUG] 🎯 Célzott Forgalom Generálása (R1C1_C) | Period: 5.5892
Found 6 valid OD pairs for R1C1_C
Generating focused traffic: Period 5.5892s
[INFO] Subscriptions active: 6 (traci, fast mode)
  [ACTION PPO] R1C1_C: a0=26% (92) a1=26% (95) a2=25% (90) a3=23% (83)
[INFO] Episode duration: 1800s (30 min)

[DEBUG] 🎯 Célzott Forgalom Generálása (R1C1_C) | Period: 5.2371
Found 6 valid OD pairs for R1C1_C
Generating focused traffic: Period 5.2371s
[INFO] Subscriptions active: 6 (traci, fast mode)
  [ACTION PPO] R1C1_C: a0=22% (40) a1=30% (54) a2=26% (46) a3=22% (40)
[INFO] Episode duration: 3600s (60 min)

[DEBUG] 🎯 Célzott Forgalom Generálása (R1C1_C) | Period: 7.1403
Found 6 valid OD pairs for R1C1_C
Generating focused traffic: Period 7.1403s
[INFO] Subscriptions active: 6 (traci, fast mode)
  [ACTION PPO] R1C1_C: a0=23% (84) a1=24% (85) a2=31% (113) a3=22% (78)
[INFO] Episode duration: 900s (15 min)

[DEBUG] 🎯 Célzott Forgalom Generálása (R1C1_C) | Period: 7.1052
Found 6 valid OD pairs for R1C1_C
Generating focused traffic: Period 7.1052s
[INFO] Subscriptions active: 6 (traci, fast mode)
  [ACTION PPO] R1C1_C: a0=25% (178) a1=21% (153) a2=31% (220) a3=23% (169)
[INFO] Episode duration: 2700s (45 min)

[DEBUG] 🎯 Célzott Forgalom Generálása (R1C1_C) | Period: 4.3954
Found 6 valid OD pairs for R1C1_C
Generating focused traffic: Period 4.3954s
[INFO] Subscriptions active: 6 (traci, fast mode)
  [ACTION PPO] R1C1_C: a0=24% (43) a1=26% (47) a2=24% (44) a3=26% (46)
[INFO] Episode duration: 1800s (30 min)

[DEBUG] 🎯 Célzott Forgalom Generálása (R1C1_C) | Period: 4.0819
Found 6 valid OD pairs for R1C1_C
Generating focused traffic: Period 4.0819s
[INFO] Subscriptions active: 6 (traci, fast mode)
  [ACTION PPO] R1C1_C: a0=26% (139) a1=23% (126) a2=26% (140) a3=25% (135)
[INFO] Episode duration: 2700s (45 min)

[DEBUG] 🎯 Célzott Forgalom Generálása (R1C1_C) | Period: 6.9749
Found 6 valid OD pairs for R1C1_C
Generating focused traffic: Period 6.9749s
[INFO] Subscriptions active: 6 (traci, fast mode)
  [ACTION PPO] R1C1_C: a0=22% (79) a1=25% (91) a2=29% (105) a3=24% (85)
[INFO] Episode duration: 1800s (30 min)

[DEBUG] 🎯 Célzott Forgalom Generálása (R1C1_C) | Period: 7.3875
Found 6 valid OD pairs for R1C1_C
Generating focused traffic: Period 7.3875s
[INFO] Subscriptions active: 6 (traci, fast mode)
  [ACTION PPO] R1C1_C: a0=26% (141) a1=21% (116) a2=26% (138) a3=27% (145)
[INFO] Episode duration: 900s (15 min)

[DEBUG] 🎯 Célzott Forgalom Generálása (R1C1_C) | Period: 6.458
Found 6 valid OD pairs for R1C1_C
Generating focused traffic: Period 6.4580s
[INFO] Subscriptions active: 6 (traci, fast mode)
  [ACTION PPO] R1C1_C: a0=26% (94) a1=28% (99) a2=21% (76) a3=25% (91)
[INFO] Episode duration: 1800s (30 min)

[DEBUG] 🎯 Célzott Forgalom Generálása (R1C1_C) | Period: 5.8058
Found 6 valid OD pairs for R1C1_C
Generating focused traffic: Period 5.8058s
[INFO] Subscriptions active: 6 (traci, fast mode)
  [ACTION PPO] R1C1_C: a0=23% (42) a1=24% (43) a2=28% (50) a3=25% (45)
[INFO] Episode duration: 3600s (60 min)

[DEBUG] 🎯 Célzott Forgalom Generálása (R1C1_C) | Period: 6.0148
Found 6 valid OD pairs for R1C1_C
Generating focused traffic: Period 6.0148s
[INFO] Subscriptions active: 6 (traci, fast mode)
  [ACTION PPO] R1C1_C: a0=25% (89) a1=22% (78) a2=26% (93) a3=28% (100)
[INFO] Episode duration: 1800s (30 min)

[DEBUG] 🎯 Célzott Forgalom Generálása (R1C1_C) | Period: 6.2118
Found 6 valid OD pairs for R1C1_C
Generating focused traffic: Period 6.2118s
[INFO] Subscriptions active: 6 (traci, fast mode)
  [ACTION PPO] R1C1_C: a0=27% (191) a1=24% (175) a2=26% (184) a3=24% (170)
[INFO] Episode duration: 900s (15 min)

[DEBUG] 🎯 Célzott Forgalom Generálása (R1C1_C) | Period: 5.0154
Found 6 valid OD pairs for R1C1_C
Generating focused traffic: Period 5.0154s
[INFO] Subscriptions active: 6 (traci, fast mode)
  [ACTION PPO] R1C1_C: a0=29% (105) a1=20% (73) a2=19% (70) a3=31% (112)
[INFO] Episode duration: 1800s (30 min)

[DEBUG] 🎯 Célzott Forgalom Generálása (R1C1_C) | Period: 6.7286
Found 6 valid OD pairs for R1C1_C
Generating focused traffic: Period 6.7286s
[INFO] Subscriptions active: 6 (traci, fast mode)
  [ACTION PPO] R1C1_C: a0=24% (44) a1=22% (39) a2=28% (51) a3=26% (46)
[INFO] Episode duration: 900s (15 min)

[DEBUG] 🎯 Célzott Forgalom Generálása (R1C1_C) | Period: 4.6533
Found 6 valid OD pairs for R1C1_C
Generating focused traffic: Period 4.6533s
[INFO] Subscriptions active: 6 (traci, fast mode)
  [ACTION PPO] R1C1_C: a0=28% (101) a1=21% (77) a2=26% (95) a3=24% (87)
[INFO] Episode duration: 900s (15 min)

[DEBUG] 🎯 Célzott Forgalom Generálása (R1C1_C) | Period: 5.1494
Found 6 valid OD pairs for R1C1_C
Generating focused traffic: Period 5.1494s
[INFO] Subscriptions active: 6 (traci, fast mode)
  [ACTION PPO] R1C1_C: a0=23% (42) a1=24% (43) a2=28% (51) a3=24% (44)
[INFO] Episode duration: 3600s (60 min)

[DEBUG] 🎯 Célzott Forgalom Generálása (R1C1_C) | Period: 6.8169
Found 6 valid OD pairs for R1C1_C
Generating focused traffic: Period 6.8169s
[INFO] Subscriptions active: 6 (traci, fast mode)
  [ACTION PPO] R1C1_C: a0=26% (46) a1=21% (37) a2=26% (46) a3=28% (51)
[INFO] Episode duration: 900s (15 min)

[DEBUG] 🎯 Célzott Forgalom Generálása (R1C1_C) | Period: 5.7716
Found 6 valid OD pairs for R1C1_C
Generating focused traffic: Period 5.7716s
[INFO] Subscriptions active: 6 (traci, fast mode)
  [ACTION PPO] R1C1_C: a0=24% (174) a1=22% (157) a2=24% (176) a3=30% (213)
[INFO] Episode duration: 900s (15 min)

[DEBUG] 🎯 Célzott Forgalom Generálása (R1C1_C) | Period: 7.9353
Found 6 valid OD pairs for R1C1_C
Generating focused traffic: Period 7.9353s
[INFO] Subscriptions active: 6 (traci, fast mode)
  [ACTION PPO] R1C1_C: a0=29% (52) a1=17% (31) a2=21% (38) a3=33% (59)
[INFO] Episode duration: 2700s (45 min)

[DEBUG] 🎯 Célzott Forgalom Generálása (R1C1_C) | Period: 7.6378
Found 6 valid OD pairs for R1C1_C
Generating focused traffic: Period 7.6378s
[INFO] Subscriptions active: 6 (traci, fast mode)
  [ACTION PPO] R1C1_C: a0=28% (51) a1=19% (35) a2=24% (43) a3=28% (51)
[INFO] Episode duration: 1800s (30 min)

[DEBUG] 🎯 Célzott Forgalom Generálása (R1C1_C) | Period: 6.5757
Found 6 valid OD pairs for R1C1_C
Generating focused traffic: Period 6.5757s
[INFO] Subscriptions active: 6 (traci, fast mode)
  [ACTION PPO] R1C1_C: a0=23% (125) a1=19% (105) a2=25% (135) a3=32% (175)
[INFO] Episode duration: 2700s (45 min)

[DEBUG] 🎯 Célzott Forgalom Generálása (R1C1_C) | Period: 6.9371
Found 6 valid OD pairs for R1C1_C
Generating focused traffic: Period 6.9371s
[INFO] Subscriptions active: 6 (traci, fast mode)
  [ACTION PPO] R1C1_C: a0=24% (85) a1=19% (68) a2=28% (100) a3=30% (107)
[INFO] Episode duration: 900s (15 min)

[DEBUG] 🎯 Célzott Forgalom Generálása (R1C1_C) | Period: 4.1112
Found 6 valid OD pairs for R1C1_C
Generating focused traffic: Period 4.1112s
[INFO] Subscriptions active: 6 (traci, fast mode)
  [ACTION PPO] R1C1_C: a0=25% (136) a1=23% (124) a2=26% (142) a3=26% (138)
[INFO] Episode duration: 3600s (60 min)

[DEBUG] 🎯 Célzott Forgalom Generálása (R1C1_C) | Period: 4.9178
Found 6 valid OD pairs for R1C1_C
Generating focused traffic: Period 4.9178s
[INFO] Subscriptions active: 6 (traci, fast mode)
  [ACTION PPO] R1C1_C: a0=26% (46) a1=23% (41) a2=27% (48) a3=25% (45)
[INFO] Episode duration: 1800s (30 min)

[DEBUG] 🎯 Célzott Forgalom Generálása (R1C1_C) | Period: 6.6859
Found 6 valid OD pairs for R1C1_C
Generating focused traffic: Period 6.6859s
[INFO] Subscriptions active: 6 (traci, fast mode)
  [ACTION PPO] R1C1_C: a0=24% (176) a1=22% (160) a2=25% (179) a3=28% (205)
[INFO] Episode duration: 2700s (45 min)

[DEBUG] 🎯 Célzott Forgalom Generálása (R1C1_C) | Period: 7.0564
Found 6 valid OD pairs for R1C1_C
Generating focused traffic: Period 7.0564s
[INFO] Subscriptions active: 6 (traci, fast mode)
  [ACTION PPO] R1C1_C: a0=30% (107) a1=21% (75) a2=25% (90) a3=24% (88)
---------------------------------------
| rollout/                |           |
|    ep_len_mean          | 424       |
|    ep_rew_mean          | 48.9      |
| time/                   |           |
|    fps                  | 79        |
|    iterations           | 10        |
|    time_elapsed         | 258       |
|    total_timesteps      | 20480     |
| train/                  |           |
|    approx_kl            | 0.0001113 |
|    clip_fraction        | 0         |
|    clip_range           | 0.2       |
|    entropy_loss         | -1.38     |
|    explained_variance   | -0.817    |
|    learning_rate        | 0.0001    |
|    loss                 | 0.489     |
|    n_updates            | 90        |
|    policy_gradient_loss | -0.000244 |
|    value_loss           | 2.2       |
---------------------------------------
[INFO] Episode duration: 3600s (60 min)

[DEBUG] 🎯 Célzott Forgalom Generálása (R1C1_C) | Period: 5.3774
Found 6 valid OD pairs for R1C1_C
Generating focused traffic: Period 5.3774s
[INFO] Subscriptions active: 6 (traci, fast mode)
  [ACTION PPO] R1C1_C: a0=30% (160) a1=20% (110) a2=21% (116) a3=29% (154)
[INFO] Episode duration: 2700s (45 min)

[DEBUG] 🎯 Célzott Forgalom Generálása (R1C1_C) | Period: 6.5462
Found 6 valid OD pairs for R1C1_C
Generating focused traffic: Period 6.5462s
[INFO] Subscriptions active: 6 (traci, fast mode)
  [ACTION PPO] R1C1_C: a0=27% (193) a1=21% (152) a2=24% (176) a3=28% (199)
[INFO] Episode duration: 3600s (60 min)

[DEBUG] 🎯 Célzott Forgalom Generálása (R1C1_C) | Period: 7.2649
Found 6 valid OD pairs for R1C1_C
Generating focused traffic: Period 7.2649s
[INFO] Subscriptions active: 6 (traci, fast mode)
  [ACTION PPO] R1C1_C: a0=25% (136) a1=21% (113) a2=24% (130) a3=30% (161)
[INFO] Episode duration: 2700s (45 min)

[DEBUG] 🎯 Célzott Forgalom Generálása (R1C1_C) | Period: 7.9227
Found 6 valid OD pairs for R1C1_C
Generating focused traffic: Period 7.9227s
[INFO] Subscriptions active: 6 (traci, fast mode)
  [ACTION PPO] R1C1_C: a0=22% (162) a1=22% (160) a2=22% (159) a3=33% (239)
[INFO] Episode duration: 900s (15 min)

[DEBUG] 🎯 Célzott Forgalom Generálása (R1C1_C) | Period: 5.1257
Found 6 valid OD pairs for R1C1_C
Generating focused traffic: Period 5.1257s
[INFO] Subscriptions active: 6 (traci, fast mode)
  [ACTION PPO] R1C1_C: a0=25% (134) a1=25% (134) a2=23% (124) a3=27% (148)
[INFO] Episode duration: 3600s (60 min)

[DEBUG] 🎯 Célzott Forgalom Generálása (R1C1_C) | Period: 5.5561
Found 6 valid OD pairs for R1C1_C
Generating focused traffic: Period 5.5561s
[INFO] Subscriptions active: 6 (traci, fast mode)
  [ACTION PPO] R1C1_C: a0=26% (47) a1=18% (33) a2=20% (36) a3=36% (64)
[INFO] Episode duration: 2700s (45 min)

[DEBUG] 🎯 Célzott Forgalom Generálása (R1C1_C) | Period: 5.1289
Found 6 valid OD pairs for R1C1_C
Generating focused traffic: Period 5.1289s
[INFO] Subscriptions active: 6 (traci, fast mode)
  [ACTION PPO] R1C1_C: a0=26% (187) a1=22% (161) a2=21% (153) a3=30% (219)
[INFO] Episode duration: 3600s (60 min)

[DEBUG] 🎯 Célzott Forgalom Generálása (R1C1_C) | Period: 6.468
Found 6 valid OD pairs for R1C1_C
Generating focused traffic: Period 6.4680s
[INFO] Subscriptions active: 6 (traci, fast mode)
  [ACTION PPO] R1C1_C: a0=28% (149) a1=19% (105) a2=23% (124) a3=30% (162)
[INFO] Episode duration: 3600s (60 min)

[DEBUG] 🎯 Célzott Forgalom Generálása (R1C1_C) | Period: 4.0402
Found 6 valid OD pairs for R1C1_C
Generating focused traffic: Period 4.0402s
[INFO] Subscriptions active: 6 (traci, fast mode)
  [ACTION PPO] R1C1_C: a0=30% (218) a1=22% (157) a2=21% (151) a3=27% (194)
[INFO] Episode duration: 900s (15 min)

[DEBUG] 🎯 Célzott Forgalom Generálása (R1C1_C) | Period: 5.2311
Found 6 valid OD pairs for R1C1_C
Generating focused traffic: Period 5.2311s
[INFO] Subscriptions active: 6 (traci, fast mode)
  [ACTION PPO] R1C1_C: a0=25% (178) a1=22% (158) a2=23% (166) a3=30% (218)
[INFO] Episode duration: 900s (15 min)

[DEBUG] 🎯 Célzott Forgalom Generálása (R1C1_C) | Period: 6.9336
Found 6 valid OD pairs for R1C1_C
Generating focused traffic: Period 6.9336s
[INFO] Subscriptions active: 6 (traci, fast mode)
  [ACTION PPO] R1C1_C: a0=21% (38) a1=22% (39) a2=23% (41) a3=34% (62)
[INFO] Episode duration: 3600s (60 min)

[DEBUG] 🎯 Célzott Forgalom Generálása (R1C1_C) | Period: 5.1121
Found 6 valid OD pairs for R1C1_C
Generating focused traffic: Period 5.1121s
[INFO] Subscriptions active: 6 (traci, fast mode)
  [ACTION PPO] R1C1_C: a0=24% (44) a1=24% (44) a2=24% (44) a3=27% (48)
[INFO] Episode duration: 1800s (30 min)

[DEBUG] 🎯 Célzott Forgalom Generálása (R1C1_C) | Period: 5.0179
Found 6 valid OD pairs for R1C1_C
Generating focused traffic: Period 5.0179s
[INFO] Subscriptions active: 6 (traci, fast mode)
  [ACTION PPO] R1C1_C: a0=26% (184) a1=21% (154) a2=24% (175) a3=29% (207)
[INFO] Episode duration: 900s (15 min)

[DEBUG] 🎯 Célzott Forgalom Generálása (R1C1_C) | Period: 7.155
Found 6 valid OD pairs for R1C1_C
Generating focused traffic: Period 7.1550s
[INFO] Subscriptions active: 6 (traci, fast mode)
  [ACTION PPO] R1C1_C: a0=24% (86) a1=22% (81) a2=24% (87) a3=29% (106)
[INFO] Episode duration: 2700s (45 min)

[DEBUG] 🎯 Célzott Forgalom Generálása (R1C1_C) | Period: 4.6162
Found 6 valid OD pairs for R1C1_C
Generating focused traffic: Period 4.6162s
[INFO] Subscriptions active: 6 (traci, fast mode)
  [ACTION PPO] R1C1_C: a0=27% (48) a1=23% (42) a2=21% (38) a3=29% (52)
[INFO] Episode duration: 2700s (45 min)

[DEBUG] 🎯 Célzott Forgalom Generálása (R1C1_C) | Period: 7.3827
Found 6 valid OD pairs for R1C1_C
Generating focused traffic: Period 7.3827s
[INFO] Subscriptions active: 6 (traci, fast mode)
  [ACTION PPO] R1C1_C: a0=27% (148) a1=20% (109) a2=24% (132) a3=28% (151)
[INFO] Episode duration: 900s (15 min)

[DEBUG] 🎯 Célzott Forgalom Generálása (R1C1_C) | Period: 6.6925
Found 6 valid OD pairs for R1C1_C
Generating focused traffic: Period 6.6925s
[INFO] Subscriptions active: 6 (traci, fast mode)
  [ACTION PPO] R1C1_C: a0=27% (144) a1=20% (109) a2=25% (133) a3=29% (154)
[INFO] Episode duration: 3600s (60 min)

[DEBUG] 🎯 Célzott Forgalom Generálása (R1C1_C) | Period: 5.0703
Found 6 valid OD pairs for R1C1_C
Generating focused traffic: Period 5.0703s
[INFO] Subscriptions active: 6 (traci, fast mode)
  [ACTION PPO] R1C1_C: a0=26% (46) a1=22% (39) a2=23% (42) a3=29% (53)
[INFO] Episode duration: 900s (15 min)

[DEBUG] 🎯 Célzott Forgalom Generálása (R1C1_C) | Period: 7.2407
Found 6 valid OD pairs for R1C1_C
Generating focused traffic: Period 7.2407s
[INFO] Subscriptions active: 6 (traci, fast mode)
  [ACTION PPO] R1C1_C: a0=29% (207) a1=20% (144) a2=24% (174) a3=27% (195)
[INFO] Episode duration: 1800s (30 min)

[DEBUG] 🎯 Célzott Forgalom Generálása (R1C1_C) | Period: 7.2092
Found 6 valid OD pairs for R1C1_C
Generating focused traffic: Period 7.2092s
[INFO] Subscriptions active: 6 (traci, fast mode)
  [ACTION PPO] R1C1_C: a0=23% (41) a1=20% (36) a2=16% (28) a3=42% (75)
[INFO] Episode duration: 3600s (60 min)

[DEBUG] 🎯 Célzott Forgalom Generálása (R1C1_C) | Period: 5.5052
Found 6 valid OD pairs for R1C1_C
Generating focused traffic: Period 5.5052s
[INFO] Subscriptions active: 6 (traci, fast mode)
  [ACTION PPO] R1C1_C: a0=26% (95) a1=22% (78) a2=21% (77) a3=31% (110)
[INFO] Episode duration: 3600s (60 min)

[DEBUG] 🎯 Célzott Forgalom Generálása (R1C1_C) | Period: 6.9153
Found 6 valid OD pairs for R1C1_C
Generating focused traffic: Period 6.9153s
[INFO] Subscriptions active: 6 (traci, fast mode)
  [ACTION PPO] R1C1_C: a0=23% (164) a1=20% (141) a2=27% (191) a3=31% (224)
[INFO] Episode duration: 2700s (45 min)

[DEBUG] 🎯 Célzott Forgalom Generálása (R1C1_C) | Period: 6.4399
Found 6 valid OD pairs for R1C1_C
Generating focused traffic: Period 6.4399s
[INFO] Subscriptions active: 6 (traci, fast mode)
  [ACTION PPO] R1C1_C: a0=21% (150) a1=20% (142) a2=27% (197) a3=32% (231)
[INFO] Episode duration: 3600s (60 min)

[DEBUG] 🎯 Célzott Forgalom Generálása (R1C1_C) | Period: 5.3562
Found 6 valid OD pairs for R1C1_C
Generating focused traffic: Period 5.3562s
[INFO] Subscriptions active: 6 (traci, fast mode)
  [ACTION PPO] R1C1_C: a0=23% (122) a1=18% (96) a2=28% (153) a3=31% (169)
[INFO] Episode duration: 1800s (30 min)

[DEBUG] 🎯 Célzott Forgalom Generálása (R1C1_C) | Period: 5.0974
Found 6 valid OD pairs for R1C1_C
Generating focused traffic: Period 5.0974s
[INFO] Subscriptions active: 6 (traci, fast mode)
  [ACTION PPO] R1C1_C: a0=22% (160) a1=22% (160) a2=24% (172) a3=32% (228)
[INFO] Episode duration: 3600s (60 min)

[DEBUG] 🎯 Célzott Forgalom Generálása (R1C1_C) | Period: 5.1999
Found 6 valid OD pairs for R1C1_C
Generating focused traffic: Period 5.1999s
[INFO] Subscriptions active: 6 (traci, fast mode)
  [ACTION PPO] R1C1_C: a0=24% (87) a1=19% (68) a2=26% (93) a3=31% (112)
[INFO] Episode duration: 1800s (30 min)

[DEBUG] 🎯 Célzott Forgalom Generálása (R1C1_C) | Period: 7.6781
Found 6 valid OD pairs for R1C1_C
Generating focused traffic: Period 7.6781s
[INFO] Subscriptions active: 6 (traci, fast mode)
  [ACTION PPO] R1C1_C: a0=22% (161) a1=21% (149) a2=25% (182) a3=32% (228)
[INFO] Episode duration: 1800s (30 min)

[DEBUG] 🎯 Célzott Forgalom Generálása (R1C1_C) | Period: 5.4458
Found 6 valid OD pairs for R1C1_C
Generating focused traffic: Period 5.4458s
[INFO] Subscriptions active: 6 (traci, fast mode)
  [ACTION PPO] R1C1_C: a0=18% (65) a1=19% (70) a2=29% (104) a3=34% (121)
[INFO] Episode duration: 2700s (45 min)

[DEBUG] 🎯 Célzott Forgalom Generálása (R1C1_C) | Period: 7.4003
Found 6 valid OD pairs for R1C1_C
Generating focused traffic: Period 7.4003s
[INFO] Subscriptions active: 6 (traci, fast mode)
  [ACTION PPO] R1C1_C: a0=23% (83) a1=20% (71) a2=23% (84) a3=34% (122)
[INFO] Episode duration: 3600s (60 min)

[DEBUG] 🎯 Célzott Forgalom Generálása (R1C1_C) | Period: 6.0468
Found 6 valid OD pairs for R1C1_C
Generating focused traffic: Period 6.0468s
[INFO] Subscriptions active: 6 (traci, fast mode)
  [ACTION PPO] R1C1_C: a0=18% (96) a1=21% (111) a2=27% (146) a3=35% (187)
[INFO] Episode duration: 2700s (45 min)

[DEBUG] 🎯 Célzott Forgalom Generálása (R1C1_C) | Period: 6.4821
Found 6 valid OD pairs for R1C1_C
Generating focused traffic: Period 6.4821s
[INFO] Subscriptions active: 6 (traci, fast mode)
  [ACTION PPO] R1C1_C: a0=22% (158) a1=19% (139) a2=28% (199) a3=31% (224)
[INFO] Episode duration: 2700s (45 min)

[DEBUG] 🎯 Célzott Forgalom Generálása (R1C1_C) | Period: 4.0505
Found 6 valid OD pairs for R1C1_C
Generating focused traffic: Period 4.0505s
[INFO] Subscriptions active: 6 (traci, fast mode)
  [ACTION PPO] R1C1_C: a0=23% (124) a1=18% (95) a2=26% (138) a3=34% (183)
[INFO] Episode duration: 2700s (45 min)

[DEBUG] 🎯 Célzott Forgalom Generálása (R1C1_C) | Period: 7.8438
Found 6 valid OD pairs for R1C1_C
Generating focused traffic: Period 7.8438s
[INFO] Subscriptions active: 6 (traci, fast mode)
  [ACTION PPO] R1C1_C: a0=25% (133) a1=21% (113) a2=26% (142) a3=28% (152)
[INFO] Episode duration: 900s (15 min)

[DEBUG] 🎯 Célzott Forgalom Generálása (R1C1_C) | Period: 6.9083
Found 6 valid OD pairs for R1C1_C
Generating focused traffic: Period 6.9083s
[INFO] Subscriptions active: 6 (traci, fast mode)
  [ACTION PPO] R1C1_C: a0=19% (105) a1=19% (103) a2=27% (145) a3=35% (187)
[INFO] Episode duration: 900s (15 min)

[DEBUG] 🎯 Célzott Forgalom Generálása (R1C1_C) | Period: 4.66
Found 6 valid OD pairs for R1C1_C
Generating focused traffic: Period 4.6600s
[INFO] Subscriptions active: 6 (traci, fast mode)
  [ACTION PPO] R1C1_C: a0=17% (30) a1=15% (27) a2=29% (53) a3=39% (70)
[INFO] Episode duration: 2700s (45 min)

[DEBUG] 🎯 Célzott Forgalom Generálása (R1C1_C) | Period: 5.8022
Found 6 valid OD pairs for R1C1_C
Generating focused traffic: Period 5.8022s
[INFO] Subscriptions active: 6 (traci, fast mode)
  [ACTION PPO] R1C1_C: a0=18% (32) a1=24% (43) a2=28% (50) a3=31% (55)
[INFO] Episode duration: 3600s (60 min)

[DEBUG] 🎯 Célzott Forgalom Generálása (R1C1_C) | Period: 5.367
Found 6 valid OD pairs for R1C1_C
Generating focused traffic: Period 5.3670s
[INFO] Subscriptions active: 6 (traci, fast mode)
  [ACTION PPO] R1C1_C: a0=20% (109) a1=18% (96) a2=26% (141) a3=36% (194)
[INFO] Episode duration: 1800s (30 min)

[DEBUG] 🎯 Célzott Forgalom Generálása (R1C1_C) | Period: 6.4006
Found 6 valid OD pairs for R1C1_C
Generating focused traffic: Period 6.4006s
[INFO] Subscriptions active: 6 (traci, fast mode)
  [ACTION PPO] R1C1_C: a0=20% (147) a1=16% (118) a2=29% (206) a3=35% (249)
[INFO] Episode duration: 2700s (45 min)

[DEBUG] 🎯 Célzott Forgalom Generálása (R1C1_C) | Period: 7.0222
Found 6 valid OD pairs for R1C1_C
Generating focused traffic: Period 7.0222s
[INFO] Subscriptions active: 6 (traci, fast mode)
  [ACTION PPO] R1C1_C: a0=20% (72) a1=18% (64) a2=30% (108) a3=32% (116)
[INFO] Episode duration: 2700s (45 min)

[DEBUG] 🎯 Célzott Forgalom Generálása (R1C1_C) | Period: 6.2513
Found 6 valid OD pairs for R1C1_C
Generating focused traffic: Period 6.2513s
[INFO] Subscriptions active: 6 (traci, fast mode)
  [ACTION PPO] R1C1_C: a0=18% (99) a1=20% (107) a2=28% (151) a3=34% (183)
[INFO] Episode duration: 1800s (30 min)

[DEBUG] 🎯 Célzott Forgalom Generálása (R1C1_C) | Period: 6.7169
Found 6 valid OD pairs for R1C1_C
Generating focused traffic: Period 6.7169s
[INFO] Subscriptions active: 6 (traci, fast mode)
  [ACTION PPO] R1C1_C: a0=21% (113) a1=17% (90) a2=29% (159) a3=33% (178)
-------------------------------------------
| rollout/                |               |
|    ep_len_mean          | 459           |
|    ep_rew_mean          | 52.7          |
| time/                   |               |
|    fps                  | 79            |
|    iterations           | 20            |
|    time_elapsed         | 514           |
|    total_timesteps      | 40960         |
| train/                  |               |
|    approx_kl            | 0.00090109184 |
|    clip_fraction        | 0             |
|    clip_range           | 0.2           |
|    entropy_loss         | -1.35         |
|    explained_variance   | -0.11         |
|    learning_rate        | 0.0001        |
|    loss                 | 0.32          |
|    n_updates            | 190           |
|    policy_gradient_loss | -0.00114      |
|    value_loss           | 1.94          |
-------------------------------------------
[INFO] Episode duration: 1800s (30 min)

[DEBUG] 🎯 Célzott Forgalom Generálása (R1C1_C) | Period: 4.8597
Found 6 valid OD pairs for R1C1_C
Generating focused traffic: Period 4.8597s
[INFO] Subscriptions active: 6 (traci, fast mode)
  [ACTION PPO] R1C1_C: a0=20% (72) a1=21% (77) a2=22% (78) a3=37% (133)
[INFO] Episode duration: 900s (15 min)

[DEBUG] 🎯 Célzott Forgalom Generálása (R1C1_C) | Period: 5.8808
Found 6 valid OD pairs for R1C1_C
Generating focused traffic: Period 5.8808s
[INFO] Subscriptions active: 6 (traci, fast mode)
  [ACTION PPO] R1C1_C: a0=22% (81) a1=22% (78) a2=22% (79) a3=34% (122)
[INFO] Episode duration: 3600s (60 min)

[DEBUG] 🎯 Célzott Forgalom Generálása (R1C1_C) | Period: 6.4686
Found 6 valid OD pairs for R1C1_C
Generating focused traffic: Period 6.4686s
[INFO] Subscriptions active: 6 (traci, fast mode)
  [ACTION PPO] R1C1_C: a0=15% (27) a1=22% (39) a2=32% (57) a3=32% (57)
[INFO] Episode duration: 900s (15 min)

[DEBUG] 🎯 Célzott Forgalom Generálása (R1C1_C) | Period: 5.6802
Found 6 valid OD pairs for R1C1_C
Generating focused traffic: Period 5.6802s
[INFO] Subscriptions active: 6 (traci, fast mode)
  [ACTION PPO] R1C1_C: a0=20% (147) a1=19% (134) a2=26% (188) a3=35% (251)
[INFO] Episode duration: 900s (15 min)

[DEBUG] 🎯 Célzott Forgalom Generálása (R1C1_C) | Period: 4.2264
Found 6 valid OD pairs for R1C1_C
Generating focused traffic: Period 4.2264s
[INFO] Subscriptions active: 6 (traci, fast mode)
  [ACTION PPO] R1C1_C: a0=16% (28) a1=17% (30) a2=31% (55) a3=37% (67)
[INFO] Episode duration: 1800s (30 min)

[DEBUG] 🎯 Célzott Forgalom Generálása (R1C1_C) | Period: 5.5671
Found 6 valid OD pairs for R1C1_C
Generating focused traffic: Period 5.5671s
[INFO] Subscriptions active: 6 (traci, fast mode)
  [ACTION PPO] R1C1_C: a0=20% (36) a1=15% (27) a2=31% (56) a3=34% (61)
[INFO] Episode duration: 900s (15 min)

[DEBUG] 🎯 Célzott Forgalom Generálása (R1C1_C) | Period: 7.0916
Found 6 valid OD pairs for R1C1_C
Generating focused traffic: Period 7.0916s
[INFO] Subscriptions active: 6 (traci, fast mode)
  [ACTION PPO] R1C1_C: a0=21% (76) a1=14% (51) a2=27% (96) a3=38% (137)
[INFO] Episode duration: 2700s (45 min)

[DEBUG] 🎯 Célzott Forgalom Generálása (R1C1_C) | Period: 6.0491
Found 6 valid OD pairs for R1C1_C
Generating focused traffic: Period 6.0491s
[INFO] Subscriptions active: 6 (traci, fast mode)
  [ACTION PPO] R1C1_C: a0=17% (30) a1=14% (25) a2=37% (67) a3=32% (58)
[INFO] Episode duration: 1800s (30 min)

[DEBUG] 🎯 Célzott Forgalom Generálása (R1C1_C) | Period: 5.7469
Found 6 valid OD pairs for R1C1_C
Generating focused traffic: Period 5.7469s
[INFO] Subscriptions active: 6 (traci, fast mode)
  [ACTION PPO] R1C1_C: a0=20% (110) a1=17% (93) a2=30% (164) a3=32% (173)
[INFO] Episode duration: 3600s (60 min)

[DEBUG] 🎯 Célzott Forgalom Generálása (R1C1_C) | Period: 5.1309
Found 6 valid OD pairs for R1C1_C
Generating focused traffic: Period 5.1309s
[INFO] Subscriptions active: 6 (traci, fast mode)
  [ACTION PPO] R1C1_C: a0=17% (61) a1=16% (59) a2=30% (108) a3=37% (132)
[INFO] Episode duration: 900s (15 min)

[DEBUG] 🎯 Célzott Forgalom Generálása (R1C1_C) | Period: 6.312
Found 6 valid OD pairs for R1C1_C
Generating focused traffic: Period 6.3120s
[INFO] Subscriptions active: 6 (traci, fast mode)
  [ACTION PPO] R1C1_C: a0=19% (135) a1=17% (125) a2=28% (205) a3=35% (255)
[INFO] Episode duration: 1800s (30 min)

[DEBUG] 🎯 Célzott Forgalom Generálása (R1C1_C) | Period: 7.8369
Found 6 valid OD pairs for R1C1_C
Generating focused traffic: Period 7.8369s
[INFO] Subscriptions active: 6 (traci, fast mode)
  [ACTION PPO] R1C1_C: a0=17% (31) a1=20% (36) a2=27% (49) a3=36% (64)
[INFO] Episode duration: 2700s (45 min)

[DEBUG] 🎯 Célzott Forgalom Generálása (R1C1_C) | Period: 5.1602
Found 6 valid OD pairs for R1C1_C
Generating focused traffic: Period 5.1602s
[INFO] Subscriptions active: 6 (traci, fast mode)
  [ACTION PPO] R1C1_C: a0=17% (62) a1=17% (61) a2=32% (114) a3=34% (123)
[INFO] Episode duration: 3600s (60 min)

[DEBUG] 🎯 Célzott Forgalom Generálása (R1C1_C) | Period: 4.2695
Found 6 valid OD pairs for R1C1_C
Generating focused traffic: Period 4.2695s
[INFO] Subscriptions active: 6 (traci, fast mode)
  [ACTION PPO] R1C1_C: a0=23% (122) a1=14% (75) a2=31% (170) a3=32% (173)
[INFO] Episode duration: 3600s (60 min)

[DEBUG] 🎯 Célzott Forgalom Generálása (R1C1_C) | Period: 7.9221
Found 6 valid OD pairs for R1C1_C
Generating focused traffic: Period 7.9221s
[INFO] Subscriptions active: 6 (traci, fast mode)
  [ACTION PPO] R1C1_C: a0=22% (156) a1=16% (118) a2=28% (204) a3=34% (242)
[INFO] Episode duration: 3600s (60 min)

[DEBUG] 🎯 Célzott Forgalom Generálása (R1C1_C) | Period: 4.3683
Found 6 valid OD pairs for R1C1_C
Generating focused traffic: Period 4.3683s
[INFO] Subscriptions active: 6 (traci, fast mode)
  [ACTION PPO] R1C1_C: a0=19% (139) a1=15% (111) a2=29% (209) a3=36% (261)
[INFO] Episode duration: 2700s (45 min)

[DEBUG] 🎯 Célzott Forgalom Generálása (R1C1_C) | Period: 5.4713
Found 6 valid OD pairs for R1C1_C
Generating focused traffic: Period 5.4713s
[INFO] Subscriptions active: 6 (traci, fast mode)
  [ACTION PPO] R1C1_C: a0=25% (178) a1=15% (111) a2=27% (192) a3=33% (239)
[INFO] Episode duration: 1800s (30 min)

[DEBUG] 🎯 Célzott Forgalom Generálása (R1C1_C) | Period: 4.3697
Found 6 valid OD pairs for R1C1_C
Generating focused traffic: Period 4.3697s
[INFO] Subscriptions active: 6 (traci, fast mode)
  [ACTION PPO] R1C1_C: a0=21% (112) a1=14% (77) a2=29% (156) a3=36% (195)
[INFO] Episode duration: 3600s (60 min)

[DEBUG] 🎯 Célzott Forgalom Generálása (R1C1_C) | Period: 4.6223
Found 6 valid OD pairs for R1C1_C
Generating focused traffic: Period 4.6223s
[INFO] Subscriptions active: 6 (traci, fast mode)
  [ACTION PPO] R1C1_C: a0=23% (84) a1=15% (54) a2=26% (94) a3=36% (128)
[INFO] Episode duration: 1800s (30 min)

[DEBUG] 🎯 Célzott Forgalom Generálása (R1C1_C) | Period: 4.8654
Found 6 valid OD pairs for R1C1_C
Generating focused traffic: Period 4.8654s
[INFO] Subscriptions active: 6 (traci, fast mode)
  [ACTION PPO] R1C1_C: a0=22% (160) a1=16% (115) a2=29% (212) a3=32% (233)
[INFO] Episode duration: 2700s (45 min)

[DEBUG] 🎯 Célzott Forgalom Generálása (R1C1_C) | Period: 6.6113
Found 6 valid OD pairs for R1C1_C
Generating focused traffic: Period 6.6113s
[INFO] Subscriptions active: 6 (traci, fast mode)
  [ACTION PPO] R1C1_C: a0=19% (69) a1=14% (50) a2=30% (109) a3=37% (132)
[INFO] Episode duration: 2700s (45 min)

[DEBUG] 🎯 Célzott Forgalom Generálása (R1C1_C) | Period: 4.5396
Found 6 valid OD pairs for R1C1_C
Generating focused traffic: Period 4.5396s
[INFO] Subscriptions active: 6 (traci, fast mode)
  [ACTION PPO] R1C1_C: a0=22% (117) a1=16% (89) a2=28% (151) a3=34% (183)
[INFO] Episode duration: 1800s (30 min)

[DEBUG] 🎯 Célzott Forgalom Generálása (R1C1_C) | Period: 4.4163
Found 6 valid OD pairs for R1C1_C
Generating focused traffic: Period 4.4163s
[INFO] Subscriptions active: 6 (traci, fast mode)
  [ACTION PPO] R1C1_C: a0=22% (118) a1=17% (91) a2=27% (144) a3=35% (187)
[INFO] Episode duration: 1800s (30 min)

[DEBUG] 🎯 Célzott Forgalom Generálása (R1C1_C) | Period: 4.7702
Found 6 valid OD pairs for R1C1_C
Generating focused traffic: Period 4.7702s
[INFO] Subscriptions active: 6 (traci, fast mode)
  [ACTION PPO] R1C1_C: a0=21% (77) a1=16% (58) a2=28% (102) a3=34% (123)
[INFO] Episode duration: 900s (15 min)

[DEBUG] 🎯 Célzott Forgalom Generálása (R1C1_C) | Period: 7.9084
Found 6 valid OD pairs for R1C1_C
Generating focused traffic: Period 7.9084s
[INFO] Subscriptions active: 6 (traci, fast mode)
  [ACTION PPO] R1C1_C: a0=21% (74) a1=16% (57) a2=28% (101) a3=36% (128)
[INFO] Episode duration: 1800s (30 min)

[DEBUG] 🎯 Célzott Forgalom Generálása (R1C1_C) | Period: 7.0533
Found 6 valid OD pairs for R1C1_C
Generating focused traffic: Period 7.0533s
[INFO] Subscriptions active: 6 (traci, fast mode)
  [ACTION PPO] R1C1_C: a0=18% (32) a1=17% (31) a2=30% (54) a3=35% (63)
[INFO] Episode duration: 3600s (60 min)

[DEBUG] 🎯 Célzott Forgalom Generálása (R1C1_C) | Period: 6.7054
Found 6 valid OD pairs for R1C1_C
Generating focused traffic: Period 6.7054s
[INFO] Subscriptions active: 6 (traci, fast mode)
  [ACTION PPO] R1C1_C: a0=23% (84) a1=16% (59) a2=29% (106) a3=31% (111)
[INFO] Episode duration: 3600s (60 min)

[DEBUG] 🎯 Célzott Forgalom Generálása (R1C1_C) | Period: 4.8833
Found 6 valid OD pairs for R1C1_C
Generating focused traffic: Period 4.8833s
[INFO] Subscriptions active: 6 (traci, fast mode)
  [ACTION PPO] R1C1_C: a0=20% (142) a1=15% (108) a2=28% (204) a3=37% (266)
[INFO] Episode duration: 3600s (60 min)

[DEBUG] 🎯 Célzott Forgalom Generálása (R1C1_C) | Period: 4.5796
Found 6 valid OD pairs for R1C1_C
Generating focused traffic: Period 4.5796s
[INFO] Subscriptions active: 6 (traci, fast mode)
  [ACTION PPO] R1C1_C: a0=21% (152) a1=15% (110) a2=32% (227) a3=32% (231)
[INFO] Episode duration: 900s (15 min)

[DEBUG] 🎯 Célzott Forgalom Generálása (R1C1_C) | Period: 7.418
Found 6 valid OD pairs for R1C1_C
Generating focused traffic: Period 7.4180s
[INFO] Subscriptions active: 6 (traci, fast mode)
  [ACTION PPO] R1C1_C: a0=24% (176) a1=15% (110) a2=25% (181) a3=35% (253)
[INFO] Episode duration: 1800s (30 min)

[DEBUG] 🎯 Célzott Forgalom Generálása (R1C1_C) | Period: 5.8939
Found 6 valid OD pairs for R1C1_C
Generating focused traffic: Period 5.8939s
[INFO] Subscriptions active: 6 (traci, fast mode)
  [ACTION PPO] R1C1_C: a0=21% (38) a1=19% (35) a2=24% (44) a3=35% (63)
[INFO] Episode duration: 2700s (45 min)

[DEBUG] 🎯 Célzott Forgalom Generálása (R1C1_C) | Period: 6.9058
Found 6 valid OD pairs for R1C1_C
Generating focused traffic: Period 6.9058s
[INFO] Subscriptions active: 6 (traci, fast mode)
  [ACTION PPO] R1C1_C: a0=21% (75) a1=17% (61) a2=29% (104) a3=33% (120)
[INFO] Episode duration: 900s (15 min)

[DEBUG] 🎯 Célzott Forgalom Generálása (R1C1_C) | Period: 4.8262
Found 6 valid OD pairs for R1C1_C
Generating focused traffic: Period 4.8262s
[INFO] Subscriptions active: 6 (traci, fast mode)
  [ACTION PPO] R1C1_C: a0=15% (83) a1=12% (65) a2=33% (179) a3=39% (213)
[INFO] Episode duration: 2700s (45 min)

[DEBUG] 🎯 Célzott Forgalom Generálása (R1C1_C) | Period: 5.8471
Found 6 valid OD pairs for R1C1_C
Generating focused traffic: Period 5.8471s
[INFO] Subscriptions active: 6 (traci, fast mode)
  [ACTION PPO] R1C1_C: a0=19% (35) a1=14% (26) a2=32% (57) a3=34% (62)
[INFO] Episode duration: 1800s (30 min)

[DEBUG] 🎯 Célzott Forgalom Generálása (R1C1_C) | Period: 6.8731
Found 6 valid OD pairs for R1C1_C
Generating focused traffic: Period 6.8731s
[INFO] Subscriptions active: 6 (traci, fast mode)
  [ACTION PPO] R1C1_C: a0=18% (96) a1=13% (72) a2=28% (150) a3=41% (222)
[INFO] Episode duration: 900s (15 min)

[DEBUG] 🎯 Célzott Forgalom Generálása (R1C1_C) | Period: 5.129
Found 6 valid OD pairs for R1C1_C
Generating focused traffic: Period 5.1290s
[INFO] Subscriptions active: 6 (traci, fast mode)
  [ACTION PPO] R1C1_C: a0=16% (58) a1=16% (59) a2=31% (110) a3=37% (133)
[INFO] Episode duration: 2700s (45 min)

[DEBUG] 🎯 Célzott Forgalom Generálása (R1C1_C) | Period: 7.2329
Found 6 valid OD pairs for R1C1_C
Generating focused traffic: Period 7.2329s
[INFO] Subscriptions active: 6 (traci, fast mode)
  [ACTION PPO] R1C1_C: a0=24% (43) a1=15% (27) a2=19% (34) a3=42% (76)
[INFO] Episode duration: 2700s (45 min)

[DEBUG] 🎯 Célzott Forgalom Generálása (R1C1_C) | Period: 6.0549
Found 6 valid OD pairs for R1C1_C
Generating focused traffic: Period 6.0549s
[INFO] Subscriptions active: 6 (traci, fast mode)
  [ACTION PPO] R1C1_C: a0=20% (107) a1=14% (77) a2=29% (154) a3=37% (202)
[INFO] Episode duration: 1800s (30 min)

[DEBUG] 🎯 Célzott Forgalom Generálása (R1C1_C) | Period: 7.8872
Found 6 valid OD pairs for R1C1_C
Generating focused traffic: Period 7.8872s
[INFO] Subscriptions active: 6 (traci, fast mode)
  [ACTION PPO] R1C1_C: a0=21% (116) a1=18% (96) a2=23% (122) a3=38% (206)
[INFO] Episode duration: 1800s (30 min)

[DEBUG] 🎯 Célzott Forgalom Generálása (R1C1_C) | Period: 7.3195
Found 6 valid OD pairs for R1C1_C
Generating focused traffic: Period 7.3195s
[INFO] Subscriptions active: 6 (traci, fast mode)
  [ACTION PPO] R1C1_C: a0=15% (53) a1=16% (58) a2=26% (92) a3=44% (157)
[INFO] Episode duration: 3600s (60 min)

[DEBUG] 🎯 Célzott Forgalom Generálása (R1C1_C) | Period: 6.5904
Found 6 valid OD pairs for R1C1_C
Generating focused traffic: Period 6.5904s
[INFO] Subscriptions active: 6 (traci, fast mode)
  [ACTION PPO] R1C1_C: a0=24% (85) a1=17% (60) a2=26% (94) a3=34% (121)
[INFO] Episode duration: 1800s (30 min)

[DEBUG] 🎯 Célzott Forgalom Generálása (R1C1_C) | Period: 7.5943
Found 6 valid OD pairs for R1C1_C
Generating focused traffic: Period 7.5943s
[INFO] Subscriptions active: 6 (traci, fast mode)
  [ACTION PPO] R1C1_C: a0=22% (155) a1=17% (122) a2=28% (204) a3=33% (239)
[INFO] Episode duration: 1800s (30 min)

[DEBUG] 🎯 Célzott Forgalom Generálása (R1C1_C) | Period: 6.5503
Found 6 valid OD pairs for R1C1_C
Generating focused traffic: Period 6.5503s
[INFO] Subscriptions active: 6 (traci, fast mode)
  [ACTION PPO] R1C1_C: a0=20% (72) a1=15% (54) a2=25% (91) a3=40% (143)
[INFO] Episode duration: 2700s (45 min)

[DEBUG] 🎯 Célzott Forgalom Generálása (R1C1_C) | Period: 7.7134
Found 6 valid OD pairs for R1C1_C
Generating focused traffic: Period 7.7134s
[INFO] Subscriptions active: 6 (traci, fast mode)
  [ACTION PPO] R1C1_C: a0=25% (91) a1=16% (57) a2=23% (84) a3=36% (128)
[INFO] Episode duration: 3600s (60 min)

[DEBUG] 🎯 Célzott Forgalom Generálása (R1C1_C) | Period: 5.8188
Found 6 valid OD pairs for R1C1_C
Generating focused traffic: Period 5.8188s
[INFO] Subscriptions active: 6 (traci, fast mode)
  [ACTION PPO] R1C1_C: a0=18% (99) a1=19% (100) a2=30% (162) a3=33% (179)
------------------------------------------
| rollout/                |              |
|    ep_len_mean          | 455          |
|    ep_rew_mean          | 52.7         |
| time/                   |              |
|    fps                  | 79           |
|    iterations           | 30           |
|    time_elapsed         | 771          |
|    total_timesteps      | 61440        |
| train/                  |              |
|    approx_kl            | 0.0014012158 |
|    clip_fraction        | 0            |
|    clip_range           | 0.2          |
|    entropy_loss         | -1.33        |
|    explained_variance   | -8.37e-05    |
|    learning_rate        | 0.0001       |
|    loss                 | 0.394        |
|    n_updates            | 290          |
|    policy_gradient_loss | -0.00123     |
|    value_loss           | 1.73         |
------------------------------------------
[INFO] Episode duration: 1800s (30 min)

[DEBUG] 🎯 Célzott Forgalom Generálása (R1C1_C) | Period: 4.8294
Found 6 valid OD pairs for R1C1_C
Generating focused traffic: Period 4.8294s
[INFO] Subscriptions active: 6 (traci, fast mode)
  [ACTION PPO] R1C1_C: a0=21% (151) a1=18% (131) a2=26% (186) a3=35% (252)
[INFO] Episode duration: 900s (15 min)

[DEBUG] 🎯 Célzott Forgalom Generálása (R1C1_C) | Period: 7.0567
Found 6 valid OD pairs for R1C1_C
Generating focused traffic: Period 7.0567s
[INFO] Subscriptions active: 6 (traci, fast mode)
  [ACTION PPO] R1C1_C: a0=24% (87) a1=18% (63) a2=23% (84) a3=35% (126)
[INFO] Episode duration: 900s (15 min)

[DEBUG] 🎯 Célzott Forgalom Generálása (R1C1_C) | Period: 4.08
Found 6 valid OD pairs for R1C1_C
Generating focused traffic: Period 4.0800s
[INFO] Subscriptions active: 6 (traci, fast mode)
  [ACTION PPO] R1C1_C: a0=16% (29) a1=21% (37) a2=31% (56) a3=32% (58)
[INFO] Episode duration: 900s (15 min)

[DEBUG] 🎯 Célzott Forgalom Generálása (R1C1_C) | Period: 5.6452
Found 6 valid OD pairs for R1C1_C
Generating focused traffic: Period 5.6452s
[INFO] Subscriptions active: 6 (traci, fast mode)
  [ACTION PPO] R1C1_C: a0=19% (34) a1=13% (24) a2=33% (59) a3=35% (63)
[INFO] Episode duration: 3600s (60 min)

[DEBUG] 🎯 Célzott Forgalom Generálása (R1C1_C) | Period: 4.1395
Found 6 valid OD pairs for R1C1_C
Generating focused traffic: Period 4.1395s
[INFO] Subscriptions active: 6 (traci, fast mode)
  [ACTION PPO] R1C1_C: a0=19% (35) a1=17% (30) a2=26% (46) a3=38% (69)
[INFO] Episode duration: 900s (15 min)

[DEBUG] 🎯 Célzott Forgalom Generálása (R1C1_C) | Period: 6.4133
Found 6 valid OD pairs for R1C1_C
Generating focused traffic: Period 6.4133s
[INFO] Subscriptions active: 6 (traci, fast mode)
  [ACTION PPO] R1C1_C: a0=20% (146) a1=14% (101) a2=29% (211) a3=36% (262)
[INFO] Episode duration: 2700s (45 min)

[DEBUG] 🎯 Célzott Forgalom Generálása (R1C1_C) | Period: 6.7235
Found 6 valid OD pairs for R1C1_C
Generating focused traffic: Period 6.7235s
[INFO] Subscriptions active: 6 (traci, fast mode)
  [ACTION PPO] R1C1_C: a0=19% (35) a1=23% (41) a2=24% (44) a3=33% (60)
[INFO] Episode duration: 900s (15 min)

[DEBUG] 🎯 Célzott Forgalom Generálása (R1C1_C) | Period: 5.8071
Found 6 valid OD pairs for R1C1_C
Generating focused traffic: Period 5.8071s
[INFO] Subscriptions active: 6 (traci, fast mode)
  [ACTION PPO] R1C1_C: a0=22% (118) a1=20% (108) a2=26% (141) a3=32% (173)
[INFO] Episode duration: 1800s (30 min)

[DEBUG] 🎯 Célzott Forgalom Generálása (R1C1_C) | Period: 7.5073
Found 6 valid OD pairs for R1C1_C
Generating focused traffic: Period 7.5073s
[INFO] Subscriptions active: 6 (traci, fast mode)
  [ACTION PPO] R1C1_C: a0=31% (56) a1=14% (25) a2=32% (58) a3=23% (41)
[INFO] Episode duration: 900s (15 min)

[DEBUG] 🎯 Célzott Forgalom Generálása (R1C1_C) | Period: 5.4256
Found 6 valid OD pairs for R1C1_C
Generating focused traffic: Period 5.4256s
[INFO] Subscriptions active: 6 (traci, fast mode)
  [ACTION PPO] R1C1_C: a0=23% (84) a1=17% (61) a2=27% (97) a3=33% (118)
[INFO] Episode duration: 2700s (45 min)

[DEBUG] 🎯 Célzott Forgalom Generálása (R1C1_C) | Period: 5.0743
Found 6 valid OD pairs for R1C1_C
Generating focused traffic: Period 5.0743s
[INFO] Subscriptions active: 6 (traci, fast mode)
  [ACTION PPO] R1C1_C: a0=13% (24) a1=17% (31) a2=32% (57) a3=38% (68)
[INFO] Episode duration: 1800s (30 min)

[DEBUG] 🎯 Célzott Forgalom Generálása (R1C1_C) | Period: 7.6666
Found 6 valid OD pairs for R1C1_C
Generating focused traffic: Period 7.6666s
[INFO] Subscriptions active: 6 (traci, fast mode)
  [ACTION PPO] R1C1_C: a0=26% (138) a1=22% (120) a2=24% (128) a3=29% (154)
[INFO] Episode duration: 3600s (60 min)

[DEBUG] 🎯 Célzott Forgalom Generálása (R1C1_C) | Period: 5.6193
Found 6 valid OD pairs for R1C1_C
Generating focused traffic: Period 5.6193s
[INFO] Subscriptions active: 6 (traci, fast mode)
  [ACTION PPO] R1C1_C: a0=22% (80) a1=17% (62) a2=32% (114) a3=29% (104)
[INFO] Episode duration: 3600s (60 min)

[DEBUG] 🎯 Célzott Forgalom Generálása (R1C1_C) | Period: 4.3564
Found 6 valid OD pairs for R1C1_C
Generating focused traffic: Period 4.3564s
[INFO] Subscriptions active: 6 (traci, fast mode)
  [ACTION PPO] R1C1_C: a0=24% (176) a1=16% (112) a2=29% (210) a3=31% (222)
[INFO] Episode duration: 900s (15 min)

[DEBUG] 🎯 Célzott Forgalom Generálása (R1C1_C) | Period: 6.2928
Found 6 valid OD pairs for R1C1_C
Generating focused traffic: Period 6.2928s
[INFO] Subscriptions active: 6 (traci, fast mode)
  [ACTION PPO] R1C1_C: a0=26% (188) a1=14% (99) a2=27% (194) a3=33% (239)
[INFO] Episode duration: 1800s (30 min)

[DEBUG] 🎯 Célzott Forgalom Generálása (R1C1_C) | Period: 6.7914
Found 6 valid OD pairs for R1C1_C
Generating focused traffic: Period 6.7914s
[INFO] Subscriptions active: 6 (traci, fast mode)
  [ACTION PPO] R1C1_C: a0=25% (45) a1=17% (30) a2=26% (47) a3=32% (58)
[INFO] Episode duration: 900s (15 min)

[DEBUG] 🎯 Célzott Forgalom Generálása (R1C1_C) | Period: 7.1123
Found 6 valid OD pairs for R1C1_C
Generating focused traffic: Period 7.1123s
[INFO] Subscriptions active: 6 (traci, fast mode)
  [ACTION PPO] R1C1_C: a0=22% (78) a1=17% (60) a2=30% (108) a3=32% (114)
[INFO] Episode duration: 1800s (30 min)

[DEBUG] 🎯 Célzott Forgalom Generálása (R1C1_C) | Period: 5.4057
Found 6 valid OD pairs for R1C1_C
Generating focused traffic: Period 5.4057s
[INFO] Subscriptions active: 6 (traci, fast mode)
  [ACTION PPO] R1C1_C: a0=23% (41) a1=13% (23) a2=30% (54) a3=34% (62)
[INFO] Episode duration: 1800s (30 min)

[DEBUG] 🎯 Célzott Forgalom Generálása (R1C1_C) | Period: 7.0623
Found 6 valid OD pairs for R1C1_C
Generating focused traffic: Period 7.0623s
[INFO] Subscriptions active: 6 (traci, fast mode)
  [ACTION PPO] R1C1_C: a0=28% (99) a1=14% (49) a2=30% (109) a3=29% (103)
[INFO] Episode duration: 3600s (60 min)

[DEBUG] 🎯 Célzott Forgalom Generálása (R1C1_C) | Period: 4.9053
Found 6 valid OD pairs for R1C1_C
Generating focused traffic: Period 4.9053s
[INFO] Subscriptions active: 6 (traci, fast mode)
  [ACTION PPO] R1C1_C: a0=18% (66) a1=17% (62) a2=32% (114) a3=33% (118)
[INFO] Episode duration: 1800s (30 min)

[DEBUG] 🎯 Célzott Forgalom Generálása (R1C1_C) | Period: 6.1224
Found 6 valid OD pairs for R1C1_C
Generating focused traffic: Period 6.1224s
[INFO] Subscriptions active: 6 (traci, fast mode)
  [ACTION PPO] R1C1_C: a0=23% (167) a1=15% (111) a2=33% (235) a3=29% (207)
[INFO] Episode duration: 1800s (30 min)

[DEBUG] 🎯 Célzott Forgalom Generálása (R1C1_C) | Period: 5.3679
Found 6 valid OD pairs for R1C1_C
Generating focused traffic: Period 5.3679s
[INFO] Subscriptions active: 6 (traci, fast mode)
  [ACTION PPO] R1C1_C: a0=21% (75) a1=17% (60) a2=32% (114) a3=31% (111)
[INFO] Episode duration: 900s (15 min)

[DEBUG] 🎯 Célzott Forgalom Generálása (R1C1_C) | Period: 4.6059
Found 6 valid OD pairs for R1C1_C
Generating focused traffic: Period 4.6059s
[INFO] Subscriptions active: 6 (traci, fast mode)
  [ACTION PPO] R1C1_C: a0=25% (89) a1=13% (48) a2=34% (122) a3=28% (101)
[INFO] Episode duration: 3600s (60 min)

[DEBUG] 🎯 Célzott Forgalom Generálása (R1C1_C) | Period: 5.5937
Found 6 valid OD pairs for R1C1_C
Generating focused traffic: Period 5.5937s
[INFO] Subscriptions active: 6 (traci, fast mode)
  [ACTION PPO] R1C1_C: a0=31% (56) a1=14% (26) a2=27% (48) a3=28% (50)
[INFO] Episode duration: 2700s (45 min)

[DEBUG] 🎯 Célzott Forgalom Generálása (R1C1_C) | Period: 4.4346
Found 6 valid OD pairs for R1C1_C
Generating focused traffic: Period 4.4346s
[INFO] Subscriptions active: 6 (traci, fast mode)
  [ACTION PPO] R1C1_C: a0=22% (161) a1=15% (108) a2=33% (237) a3=30% (214)
[INFO] Episode duration: 2700s (45 min)

[DEBUG] 🎯 Célzott Forgalom Generálása (R1C1_C) | Period: 6.3952
Found 6 valid OD pairs for R1C1_C
Generating focused traffic: Period 6.3952s
[INFO] Subscriptions active: 6 (traci, fast mode)
  [ACTION PPO] R1C1_C: a0=26% (139) a1=14% (78) a2=30% (163) a3=30% (160)
[INFO] Episode duration: 2700s (45 min)

[DEBUG] 🎯 Célzott Forgalom Generálása (R1C1_C) | Period: 6.8456
Found 6 valid OD pairs for R1C1_C
Generating focused traffic: Period 6.8456s
[INFO] Subscriptions active: 6 (traci, fast mode)
  [ACTION PPO] R1C1_C: a0=22% (118) a1=14% (78) a2=31% (168) a3=33% (176)
[INFO] Episode duration: 2700s (45 min)

[DEBUG] 🎯 Célzott Forgalom Generálása (R1C1_C) | Period: 7.9501
Found 6 valid OD pairs for R1C1_C
Generating focused traffic: Period 7.9501s
[INFO] Subscriptions active: 6 (traci, fast mode)
  [ACTION PPO] R1C1_C: a0=23% (124) a1=16% (85) a2=29% (155) a3=33% (176)
[INFO] Episode duration: 900s (15 min)

[DEBUG] 🎯 Célzott Forgalom Generálása (R1C1_C) | Period: 4.3923
Found 6 valid OD pairs for R1C1_C
Generating focused traffic: Period 4.3923s
[INFO] Subscriptions active: 6 (traci, fast mode)
  [ACTION PPO] R1C1_C: a0=23% (124) a1=16% (85) a2=29% (158) a3=32% (173)
[INFO] Episode duration: 1800s (30 min)

[DEBUG] 🎯 Célzott Forgalom Generálása (R1C1_C) | Period: 4.4446
Found 6 valid OD pairs for R1C1_C
Generating focused traffic: Period 4.4446s
[INFO] Subscriptions active: 6 (traci, fast mode)
  [ACTION PPO] R1C1_C: a0=25% (45) a1=13% (24) a2=29% (52) a3=33% (59)
[INFO] Episode duration: 2700s (45 min)

[DEBUG] 🎯 Célzott Forgalom Generálása (R1C1_C) | Period: 4.3414
Found 6 valid OD pairs for R1C1_C
Generating focused traffic: Period 4.3414s
[INFO] Subscriptions active: 6 (traci, fast mode)
  [ACTION PPO] R1C1_C: a0=27% (98) a1=13% (48) a2=27% (97) a3=32% (117)
[INFO] Episode duration: 900s (15 min)

[DEBUG] 🎯 Célzott Forgalom Generálása (R1C1_C) | Period: 7.9139
Found 6 valid OD pairs for R1C1_C
Generating focused traffic: Period 7.9139s
[INFO] Subscriptions active: 6 (traci, fast mode)
  [ACTION PPO] R1C1_C: a0=26% (139) a1=15% (82) a2=32% (171) a3=27% (148)
[INFO] Episode duration: 1800s (30 min)

[DEBUG] 🎯 Célzott Forgalom Generálása (R1C1_C) | Period: 4.6592
Found 6 valid OD pairs for R1C1_C
Generating focused traffic: Period 4.6592s
[INFO] Subscriptions active: 6 (traci, fast mode)
  [ACTION PPO] R1C1_C: a0=25% (45) a1=13% (24) a2=29% (52) a3=33% (59)
[INFO] Episode duration: 3600s (60 min)

[DEBUG] 🎯 Célzott Forgalom Generálása (R1C1_C) | Period: 4.5099
Found 6 valid OD pairs for R1C1_C
Generating focused traffic: Period 4.5099s
[INFO] Subscriptions active: 6 (traci, fast mode)
  [ACTION PPO] R1C1_C: a0=26% (94) a1=19% (67) a2=29% (106) a3=26% (93)
[INFO] Episode duration: 1800s (30 min)

[DEBUG] 🎯 Célzott Forgalom Generálása (R1C1_C) | Period: 4.7671
Found 6 valid OD pairs for R1C1_C
Generating focused traffic: Period 4.7671s
[INFO] Subscriptions active: 6 (traci, fast mode)
  [ACTION PPO] R1C1_C: a0=29% (206) a1=12% (88) a2=33% (235) a3=27% (191)
[INFO] Episode duration: 3600s (60 min)

[DEBUG] 🎯 Célzott Forgalom Generálása (R1C1_C) | Period: 7.3671
Found 6 valid OD pairs for R1C1_C
Generating focused traffic: Period 7.3671s
[INFO] Subscriptions active: 6 (traci, fast mode)
  [ACTION PPO] R1C1_C: a0=24% (87) a1=15% (54) a2=36% (130) a3=25% (89)
[INFO] Episode duration: 3600s (60 min)

[DEBUG] 🎯 Célzott Forgalom Generálása (R1C1_C) | Period: 6.5621
Found 6 valid OD pairs for R1C1_C
Generating focused traffic: Period 6.5621s
[INFO] Subscriptions active: 6 (traci, fast mode)
  [ACTION PPO] R1C1_C: a0=25% (180) a1=15% (110) a2=33% (240) a3=26% (190)
[INFO] Episode duration: 3600s (60 min)

[DEBUG] 🎯 Célzott Forgalom Generálása (R1C1_C) | Period: 4.6805
Found 6 valid OD pairs for R1C1_C
Generating focused traffic: Period 4.6805s
[INFO] Subscriptions active: 6 (traci, fast mode)
  [ACTION PPO] R1C1_C: a0=24% (174) a1=15% (106) a2=32% (232) a3=29% (208)
[INFO] Episode duration: 900s (15 min)

[DEBUG] 🎯 Célzott Forgalom Generálása (R1C1_C) | Period: 7.7748
Found 6 valid OD pairs for R1C1_C
Generating focused traffic: Period 7.7748s
[INFO] Subscriptions active: 6 (traci, fast mode)
  [ACTION PPO] R1C1_C: a0=25% (178) a1=13% (97) a2=33% (238) a3=29% (207)
[INFO] Episode duration: 3600s (60 min)

[DEBUG] 🎯 Célzott Forgalom Generálása (R1C1_C) | Period: 7.5137
Found 6 valid OD pairs for R1C1_C
Generating focused traffic: Period 7.5137s
[INFO] Subscriptions active: 6 (traci, fast mode)
  [ACTION PPO] R1C1_C: a0=19% (34) a1=16% (29) a2=34% (62) a3=31% (55)
[INFO] Episode duration: 2700s (45 min)

[DEBUG] 🎯 Célzott Forgalom Generálása (R1C1_C) | Period: 7.1969
Found 6 valid OD pairs for R1C1_C
Generating focused traffic: Period 7.1969s
[INFO] Subscriptions active: 6 (traci, fast mode)
  [ACTION PPO] R1C1_C: a0=24% (174) a1=13% (91) a2=34% (242) a3=30% (213)
[INFO] Episode duration: 900s (15 min)

[DEBUG] 🎯 Célzott Forgalom Generálása (R1C1_C) | Period: 4.6369
Found 6 valid OD pairs for R1C1_C
Generating focused traffic: Period 4.6369s
[INFO] Subscriptions active: 6 (traci, fast mode)
  [ACTION PPO] R1C1_C: a0=25% (134) a1=16% (87) a2=30% (162) a3=29% (157)
[INFO] Episode duration: 900s (15 min)

[DEBUG] 🎯 Célzott Forgalom Generálása (R1C1_C) | Period: 6.9254
Found 6 valid OD pairs for R1C1_C
Generating focused traffic: Period 6.9254s
[INFO] Subscriptions active: 6 (traci, fast mode)
  [ACTION PPO] R1C1_C: a0=28% (50) a1=13% (24) a2=34% (61) a3=25% (45)
[INFO] Episode duration: 1800s (30 min)

[DEBUG] 🎯 Célzott Forgalom Generálása (R1C1_C) | Period: 6.2686
Found 6 valid OD pairs for R1C1_C
Generating focused traffic: Period 6.2686s
[INFO] Subscriptions active: 6 (traci, fast mode)
  [ACTION PPO] R1C1_C: a0=24% (43) a1=19% (34) a2=31% (55) a3=27% (48)
[INFO] Episode duration: 2700s (45 min)

[DEBUG] 🎯 Célzott Forgalom Generálása (R1C1_C) | Period: 7.4274
Found 6 valid OD pairs for R1C1_C
Generating focused traffic: Period 7.4274s
[INFO] Subscriptions active: 6 (traci, fast mode)
  [ACTION PPO] R1C1_C: a0=26% (92) a1=14% (52) a2=29% (105) a3=31% (111)
[INFO] Episode duration: 900s (15 min)

[DEBUG] 🎯 Célzott Forgalom Generálása (R1C1_C) | Period: 5.9535
Found 6 valid OD pairs for R1C1_C
Generating focused traffic: Period 5.9535s
[INFO] Subscriptions active: 6 (traci, fast mode)
  [ACTION PPO] R1C1_C: a0=21% (116) a1=15% (81) a2=34% (181) a3=30% (162)
[INFO] Episode duration: 3600s (60 min)

[DEBUG] 🎯 Célzott Forgalom Generálása (R1C1_C) | Period: 4.5872
Found 6 valid OD pairs for R1C1_C
Generating focused traffic: Period 4.5872s
[INFO] Subscriptions active: 6 (traci, fast mode)
  [ACTION PPO] R1C1_C: a0=25% (45) a1=12% (21) a2=32% (57) a3=32% (57)
[INFO] Episode duration: 1800s (30 min)

[DEBUG] 🎯 Célzott Forgalom Generálása (R1C1_C) | Period: 7.4155
Found 6 valid OD pairs for R1C1_C
Generating focused traffic: Period 7.4155s
[INFO] Subscriptions active: 6 (traci, fast mode)
  [ACTION PPO] R1C1_C: a0=30% (218) a1=10% (69) a2=32% (233) a3=28% (200)
[INFO] Episode duration: 2700s (45 min)

[DEBUG] 🎯 Célzott Forgalom Generálása (R1C1_C) | Period: 4.4694
Found 6 valid OD pairs for R1C1_C
Generating focused traffic: Period 4.4694s
[INFO] Subscriptions active: 6 (traci, fast mode)
  [ACTION PPO] R1C1_C: a0=19% (69) a1=12% (44) a2=38% (136) a3=31% (111)
-------------------------------------------
| rollout/                |               |
|    ep_len_mean          | 437           |
|    ep_rew_mean          | 51.6          |
| time/                   |               |
|    fps                  | 79            |
|    iterations           | 40            |
|    time_elapsed         | 1026          |
|    total_timesteps      | 81920         |
| train/                  |               |
|    approx_kl            | 0.00032120477 |
|    clip_fraction        | 0             |
|    clip_range           | 0.2           |
|    entropy_loss         | -1.33         |
|    explained_variance   | 0.00479       |
|    learning_rate        | 0.0001        |
|    loss                 | 2.12          |
|    n_updates            | 390           |
|    policy_gradient_loss | -0.000811     |
|    value_loss           | 2.13          |
-------------------------------------------
[INFO] Episode duration: 1800s (30 min)

[DEBUG] 🎯 Célzott Forgalom Generálása (R1C1_C) | Period: 7.1131
Found 6 valid OD pairs for R1C1_C
Generating focused traffic: Period 7.1131s
[INFO] Subscriptions active: 6 (traci, fast mode)
  [ACTION PPO] R1C1_C: a0=26% (142) a1=13% (72) a2=32% (174) a3=28% (152)
[INFO] Episode duration: 900s (15 min)

[DEBUG] 🎯 Célzott Forgalom Generálása (R1C1_C) | Period: 6.9869
Found 6 valid OD pairs for R1C1_C
Generating focused traffic: Period 6.9869s
[INFO] Subscriptions active: 6 (traci, fast mode)
  [ACTION PPO] R1C1_C: a0=23% (83) a1=16% (58) a2=29% (106) a3=31% (113)
[INFO] Episode duration: 900s (15 min)

[DEBUG] 🎯 Célzott Forgalom Generálása (R1C1_C) | Period: 6.4678
Found 6 valid OD pairs for R1C1_C
Generating focused traffic: Period 6.4678s
[INFO] Subscriptions active: 6 (traci, fast mode)
  [ACTION PPO] R1C1_C: a0=23% (42) a1=19% (34) a2=31% (56) a3=27% (48)
[INFO] Episode duration: 1800s (30 min)

[DEBUG] 🎯 Célzott Forgalom Generálása (R1C1_C) | Period: 7.2817
Found 6 valid OD pairs for R1C1_C
Generating focused traffic: Period 7.2817s
[INFO] Subscriptions active: 6 (traci, fast mode)
  [ACTION PPO] R1C1_C: a0=21% (38) a1=12% (22) a2=36% (64) a3=31% (56)
[INFO] Episode duration: 3600s (60 min)

[DEBUG] 🎯 Célzott Forgalom Generálása (R1C1_C) | Period: 5.0027
Found 6 valid OD pairs for R1C1_C
Generating focused traffic: Period 5.0027s
[INFO] Subscriptions active: 6 (traci, fast mode)
  [ACTION PPO] R1C1_C: a0=24% (86) a1=12% (44) a2=28% (100) a3=36% (130)
[INFO] Episode duration: 3600s (60 min)

[DEBUG] 🎯 Célzott Forgalom Generálása (R1C1_C) | Period: 4.0672
Found 6 valid OD pairs for R1C1_C
Generating focused traffic: Period 4.0672s
[INFO] Subscriptions active: 6 (traci, fast mode)
  [ACTION PPO] R1C1_C: a0=31% (222) a1=12% (89) a2=28% (198) a3=29% (211)
[INFO] Episode duration: 1800s (30 min)

[DEBUG] 🎯 Célzott Forgalom Generálása (R1C1_C) | Period: 7.0917
Found 6 valid OD pairs for R1C1_C
Generating focused traffic: Period 7.0917s
[INFO] Subscriptions active: 6 (traci, fast mode)
  [ACTION PPO] R1C1_C: a0=31% (224) a1=12% (83) a2=28% (200) a3=30% (213)
[INFO] Episode duration: 2700s (45 min)

[DEBUG] 🎯 Célzott Forgalom Generálása (R1C1_C) | Period: 5.7785
Found 6 valid OD pairs for R1C1_C
Generating focused traffic: Period 5.7785s
[INFO] Subscriptions active: 6 (traci, fast mode)
  [ACTION PPO] R1C1_C: a0=26% (93) a1=12% (44) a2=28% (99) a3=34% (124)
[INFO] Episode duration: 3600s (60 min)

[DEBUG] 🎯 Célzott Forgalom Generálása (R1C1_C) | Period: 7.459
Found 6 valid OD pairs for R1C1_C
Generating focused traffic: Period 7.4590s
[INFO] Subscriptions active: 6 (traci, fast mode)
  [ACTION PPO] R1C1_C: a0=26% (142) a1=13% (71) a2=30% (160) a3=31% (167)
[INFO] Episode duration: 2700s (45 min)

[DEBUG] 🎯 Célzott Forgalom Generálása (R1C1_C) | Period: 4.9376
Found 6 valid OD pairs for R1C1_C
Generating focused traffic: Period 4.9376s
[INFO] Subscriptions active: 6 (traci, fast mode)
  [ACTION PPO] R1C1_C: a0=26% (187) a1=15% (111) a2=31% (223) a3=28% (199)
[INFO] Episode duration: 2700s (45 min)

[DEBUG] 🎯 Célzott Forgalom Generálása (R1C1_C) | Period: 7.3192
Found 6 valid OD pairs for R1C1_C
Generating focused traffic: Period 7.3192s
[INFO] Subscriptions active: 6 (traci, fast mode)
  [ACTION PPO] R1C1_C: a0=28% (151) a1=14% (74) a2=31% (166) a3=28% (149)
[INFO] Episode duration: 1800s (30 min)

[DEBUG] 🎯 Célzott Forgalom Generálása (R1C1_C) | Period: 6.5823
Found 6 valid OD pairs for R1C1_C
Generating focused traffic: Period 6.5823s
[INFO] Subscriptions active: 6 (traci, fast mode)
  [ACTION PPO] R1C1_C: a0=27% (144) a1=14% (78) a2=31% (168) a3=28% (150)
[INFO] Episode duration: 2700s (45 min)

[DEBUG] 🎯 Célzott Forgalom Generálása (R1C1_C) | Period: 5.7966
Found 6 valid OD pairs for R1C1_C
Generating focused traffic: Period 5.7966s
[INFO] Subscriptions active: 6 (traci, fast mode)
  [ACTION PPO] R1C1_C: a0=23% (82) a1=15% (55) a2=32% (114) a3=30% (109)
[INFO] Episode duration: 1800s (30 min)

[DEBUG] 🎯 Célzott Forgalom Generálása (R1C1_C) | Period: 4.8428
Found 6 valid OD pairs for R1C1_C
Generating focused traffic: Period 4.8428s
[INFO] Subscriptions active: 6 (traci, fast mode)
  [ACTION PPO] R1C1_C: a0=24% (131) a1=13% (71) a2=31% (166) a3=32% (172)
[INFO] Episode duration: 900s (15 min)

[DEBUG] 🎯 Célzott Forgalom Generálása (R1C1_C) | Period: 7.2974
Found 6 valid OD pairs for R1C1_C
Generating focused traffic: Period 7.2974s
[INFO] Subscriptions active: 6 (traci, fast mode)
  [ACTION PPO] R1C1_C: a0=21% (77) a1=14% (52) a2=34% (123) a3=30% (108)
[INFO] Episode duration: 3600s (60 min)

[DEBUG] 🎯 Célzott Forgalom Generálása (R1C1_C) | Period: 6.3119
Found 6 valid OD pairs for R1C1_C
Generating focused traffic: Period 6.3119s
[INFO] Subscriptions active: 6 (traci, fast mode)
  [ACTION PPO] R1C1_C: a0=17% (30) a1=11% (19) a2=38% (68) a3=35% (63)
[INFO] Episode duration: 900s (15 min)

[DEBUG] 🎯 Célzott Forgalom Generálása (R1C1_C) | Period: 4.8959
Found 6 valid OD pairs for R1C1_C
Generating focused traffic: Period 4.8959s
[INFO] Subscriptions active: 6 (traci, fast mode)
  [ACTION PPO] R1C1_C: a0=25% (180) a1=14% (98) a2=31% (220) a3=31% (222)
[INFO] Episode duration: 900s (15 min)

[DEBUG] 🎯 Célzott Forgalom Generálása (R1C1_C) | Period: 5.7573
Found 6 valid OD pairs for R1C1_C
Generating focused traffic: Period 5.7573s
[INFO] Subscriptions active: 6 (traci, fast mode)
  [ACTION PPO] R1C1_C: a0=26% (46) a1=13% (23) a2=29% (53) a3=32% (58)
[INFO] Episode duration: 1800s (30 min)

[DEBUG] 🎯 Célzott Forgalom Generálása (R1C1_C) | Period: 7.2747
Found 6 valid OD pairs for R1C1_C
Generating focused traffic: Period 7.2747s
[INFO] Subscriptions active: 6 (traci, fast mode)
  [ACTION PPO] R1C1_C: a0=26% (47) a1=12% (22) a2=27% (49) a3=34% (62)
[INFO] Episode duration: 1800s (30 min)

[DEBUG] 🎯 Célzott Forgalom Generálása (R1C1_C) | Period: 5.7497
Found 6 valid OD pairs for R1C1_C
Generating focused traffic: Period 5.7497s
[INFO] Subscriptions active: 6 (traci, fast mode)
  [ACTION PPO] R1C1_C: a0=28% (99) a1=12% (42) a2=29% (106) a3=31% (113)
[INFO] Episode duration: 1800s (30 min)

[DEBUG] 🎯 Célzott Forgalom Generálása (R1C1_C) | Period: 7.8577
Found 6 valid OD pairs for R1C1_C
Generating focused traffic: Period 7.8577s
[INFO] Subscriptions active: 6 (traci, fast mode)
  [ACTION PPO] R1C1_C: a0=24% (88) a1=14% (52) a2=32% (116) a3=29% (104)
[INFO] Episode duration: 1800s (30 min)

[DEBUG] 🎯 Célzott Forgalom Generálása (R1C1_C) | Period: 5.535
Found 6 valid OD pairs for R1C1_C
Generating focused traffic: Period 5.5350s
[INFO] Subscriptions active: 6 (traci, fast mode)
  [ACTION PPO] R1C1_C: a0=27% (98) a1=13% (48) a2=30% (107) a3=30% (107)
[INFO] Episode duration: 3600s (60 min)

[DEBUG] 🎯 Célzott Forgalom Generálása (R1C1_C) | Period: 5.067
Found 6 valid OD pairs for R1C1_C
Generating focused traffic: Period 5.0670s
[INFO] Subscriptions active: 6 (traci, fast mode)
  [ACTION PPO] R1C1_C: a0=29% (104) a1=15% (55) a2=28% (99) a3=28% (102)
[INFO] Episode duration: 900s (15 min)

[DEBUG] 🎯 Célzott Forgalom Generálása (R1C1_C) | Period: 4.0917
Found 6 valid OD pairs for R1C1_C
Generating focused traffic: Period 4.0917s
[INFO] Subscriptions active: 6 (traci, fast mode)
  [ACTION PPO] R1C1_C: a0=29% (208) a1=14% (98) a2=29% (208) a3=29% (206)
[INFO] Episode duration: 1800s (30 min)

[DEBUG] 🎯 Célzott Forgalom Generálása (R1C1_C) | Period: 5.1454
Found 6 valid OD pairs for R1C1_C
Generating focused traffic: Period 5.1454s
[INFO] Subscriptions active: 6 (traci, fast mode)
  [ACTION PPO] R1C1_C: a0=28% (51) a1=18% (33) a2=23% (42) a3=30% (54)
[INFO] Episode duration: 1800s (30 min)

[DEBUG] 🎯 Célzott Forgalom Generálása (R1C1_C) | Period: 4.3262
Found 6 valid OD pairs for R1C1_C
Generating focused traffic: Period 4.3262s
[INFO] Subscriptions active: 6 (traci, fast mode)
  [ACTION PPO] R1C1_C: a0=22% (80) a1=13% (46) a2=36% (130) a3=29% (104)
[INFO] Episode duration: 3600s (60 min)

[DEBUG] 🎯 Célzott Forgalom Generálása (R1C1_C) | Period: 7.2727
wandb: WARNING Symlinked 1 file into the W&B run directory; call wandb.save again to sync new files.
/Users/wagnertamas/Documents/Munka/cikkek/AI_agens_konyvtar/support/intergreen_matrix_calculator/rl_trainer.py:992: UserWarning: Exporting a model while it is in training mode. Please ensure that this is intended, as it may lead to different behavior during inference. Calling model.eval() before export is recommended.
  torch.onnx.export(
/Users/wagnertamas/Documents/Munka/cikkek/AI_agens_konyvtar/support/intergreen_matrix_calculator/rl_trainer.py:992: UserWarning: # 'dynamic_axes' is not recommended when dynamo=True, and may lead to 'torch._dynamo.exc.UserError: Constraints violated.' Supply the 'dynamic_shapes' argument instead if export is unsuccessful.
  torch.onnx.export(
wandb: updating run metadata
wandb: uploading pytorch_models/R1C1_C.zip; uploading output.log; uploading wandb-summary.json
wandb: uploading pytorch_models/R1C1_C.zip; uploading output.log; uploading history steps 994-1002, summary, console lines 1699-1723
wandb: 
wandb: Run history:
wandb:         R1C1_C/action_pct/phase_0 ▂█▅▅▇▄█▅▇▅█▅▅▅▆▄▄▄▂▃▁▅▅▂▅▅▆▆▄▄▅▃▂▆▄▇▅█▄▅
wandb:         R1C1_C/action_pct/phase_1 ▆▆█▆▇▇▇▆▆▆▅▅▄▅▆▄▆▅▃▅▅▃▃▃▄▃▄▂▄▃▂▃▂▂▃▂▁▂▁▁
wandb:         R1C1_C/action_pct/phase_2 ▂▃▄▃▃▅▃▃▃▁▁▂▃▂▁▅▃▃▅▄▄▄▆▃▆▆▃▅▆▆▅▅▅▅▆▅▆▇█▇
wandb:         R1C1_C/action_pct/phase_3 ▄▂▁▁▁▂▁▃▅▂▆▂▃▄▄▆▆█▇▅▅▇▃▅▄▄▅▂▂▃▃▆▃▆▃▆▂▁▁▆
wandb:         R1C1_C/train/entropy_loss ▁▁▁▁▁▂▂▂▂▂▂▂▂▂▂▂▃▃▃▅▅▅▅▅▅▅▅▅▅▅▅▅▆▆▆▆▆▇▇█
wandb:        R1C1_C/train/learning_rate ▁▁▁▁▁▁▁▁▁▁▁▁▁▁▁▁▁▁▁▁▁▁▁▁▁▁▁▁▁▁▁▁▁▁▁▁▁▁▁▁
wandb:                 R1C1_C/train/loss ▃▃▂▂▃▂▁▂▄▄▅▅▃▃▁█▂▃▃▄▄▂▄▄▁▅▅▅▅▅▇▅▃▃▃▂▄▁▅▅
wandb: R1C1_C/train/policy_gradient_loss ▇▇█▇▇▇▇▇▆▆▆███▇▇▇▇▇▇▆▆▇▇▆█▆▆▅▇▁▁▆▇▇▃▇▇▇▄
wandb:           R1C1_C/train/value_loss ▆▆▆▆▆▅▅▅▅▆▅▄▄▃▃▄▄▃▅▅▁▅▅▄▄▆▃▃▄▄▃▃▃▅▅▅▅▄██
wandb:                        avg_reward ▂▂▁▁▃▃▅▂▁▃▃▃▁▁█▃▃▁▁▄▂▅▃▂▂▂▂▁▁▂▂▂▁▁▃▂▂▅▂▂
wandb:                                +9 ...
wandb: 
wandb: Run summary:
wandb:         R1C1_C/action_pct/phase_0 23.05556
wandb:         R1C1_C/action_pct/phase_1 6.94444
wandb:         R1C1_C/action_pct/phase_2 37.5
wandb:         R1C1_C/action_pct/phase_3 32.5
wandb:         R1C1_C/train/entropy_loss -1.2946
wandb:        R1C1_C/train/learning_rate 0.0001
wandb:                 R1C1_C/train/loss 1.0621
wandb: R1C1_C/train/policy_gradient_loss -0.00167
wandb:           R1C1_C/train/value_loss 2.71805
wandb:                        avg_reward 0.14844
wandb:                                +9 ...
wandb: 
wandb: 🚀 View run ppo_speed_throughput_1x8_1_R1C1_C at: https://wandb.ai/wagnertamas-budapesti-m-szaki-s-gazdas-gtudom-nyi-egyetem/sumo-rl-stat-2/runs/0lngpuze
wandb: ⭐️ View project at: https://wandb.ai/wagnertamas-budapesti-m-szaki-s-gazdas-gtudom-nyi-egyetem/sumo-rl-stat-2
wandb: Synced 5 W&B file(s), 0 media file(s), 0 artifact file(s) and 1 other file(s)
wandb: Find logs at: ./wandb/run-20260408_005059-0lngpuze/logs
Found 6 valid OD pairs for R1C1_C
Generating focused traffic: Period 7.2727s
[INFO] Subscriptions active: 6 (traci, fast mode)
  [ACTION PPO] R1C1_C: a0=27% (98) a1=14% (51) a2=30% (107) a3=29% (104)
[INFO] Episode duration: 900s (15 min)

[DEBUG] 🎯 Célzott Forgalom Generálása (R1C1_C) | Period: 7.4138
Found 6 valid OD pairs for R1C1_C
Generating focused traffic: Period 7.4138s
[INFO] Subscriptions active: 6 (traci, fast mode)
  [ACTION PPO] R1C1_C: a0=25% (183) a1=15% (109) a2=31% (220) a3=29% (208)
[INFO] Episode duration: 3600s (60 min)

[DEBUG] 🎯 Célzott Forgalom Generálása (R1C1_C) | Period: 4.225
Found 6 valid OD pairs for R1C1_C
Generating focused traffic: Period 4.2250s
[INFO] Subscriptions active: 6 (traci, fast mode)
  [ACTION PPO] R1C1_C: a0=19% (34) a1=11% (20) a2=35% (63) a3=35% (63)
[INFO] Episode duration: 900s (15 min)

[DEBUG] 🎯 Célzott Forgalom Generálása (R1C1_C) | Period: 5.8944
Found 6 valid OD pairs for R1C1_C
Generating focused traffic: Period 5.8944s
[INFO] Subscriptions active: 6 (traci, fast mode)
  [ACTION PPO] R1C1_C: a0=27% (196) a1=11% (76) a2=34% (242) a3=29% (206)
[INFO] Episode duration: 900s (15 min)

[DEBUG] 🎯 Célzott Forgalom Generálása (R1C1_C) | Period: 4.0356
Found 6 valid OD pairs for R1C1_C
Generating focused traffic: Period 4.0356s
[INFO] Subscriptions active: 6 (traci, fast mode)
  [ACTION PPO] R1C1_C: a0=29% (53) a1=13% (24) a2=30% (54) a3=27% (49)
[INFO] Episode duration: 900s (15 min)

[DEBUG] 🎯 Célzott Forgalom Generálása (R1C1_C) | Period: 4.5609
Found 6 valid OD pairs for R1C1_C
Generating focused traffic: Period 4.5609s
[INFO] Subscriptions active: 6 (traci, fast mode)
  [ACTION PPO] R1C1_C: a0=26% (47) a1=19% (34) a2=30% (54) a3=25% (45)
[INFO] Episode duration: 900s (15 min)

[DEBUG] 🎯 Célzott Forgalom Generálása (R1C1_C) | Period: 6.6966
Found 6 valid OD pairs for R1C1_C
Generating focused traffic: Period 6.6966s
[INFO] Subscriptions active: 6 (traci, fast mode)
  [ACTION PPO] R1C1_C: a0=26% (47) a1=17% (31) a2=32% (58) a3=24% (44)
[INFO] Episode duration: 2700s (45 min)

[DEBUG] 🎯 Célzott Forgalom Generálása (R1C1_C) | Period: 7.8806
Found 6 valid OD pairs for R1C1_C
Generating focused traffic: Period 7.8806s
[INFO] Subscriptions active: 6 (traci, fast mode)
  [ACTION PPO] R1C1_C: a0=23% (41) a1=14% (25) a2=38% (68) a3=26% (46)
[INFO] Episode duration: 2700s (45 min)

[DEBUG] 🎯 Célzott Forgalom Generálása (R1C1_C) | Period: 5.9955
Found 6 valid OD pairs for R1C1_C
Generating focused traffic: Period 5.9955s
[INFO] Subscriptions active: 6 (traci, fast mode)
  [ACTION PPO] R1C1_C: a0=22% (118) a1=13% (71) a2=34% (185) a3=31% (166)
[INFO] Episode duration: 1800s (30 min)

[DEBUG] 🎯 Célzott Forgalom Generálása (R1C1_C) | Period: 5.8086
Found 6 valid OD pairs for R1C1_C
Generating focused traffic: Period 5.8086s
[INFO] Subscriptions active: 6 (traci, fast mode)
  [ACTION PPO] R1C1_C: a0=25% (134) a1=13% (70) a2=36% (196) a3=26% (140)
[INFO] Episode duration: 1800s (30 min)

[DEBUG] 🎯 Célzott Forgalom Generálása (R1C1_C) | Period: 7.9013
Found 6 valid OD pairs for R1C1_C
Generating focused traffic: Period 7.9013s
[INFO] Subscriptions active: 6 (traci, fast mode)
  [ACTION PPO] R1C1_C: a0=22% (78) a1=12% (43) a2=37% (134) a3=29% (105)
[INFO] Episode duration: 900s (15 min)

[DEBUG] 🎯 Célzott Forgalom Generálása (R1C1_C) | Period: 5.9906
Found 6 valid OD pairs for R1C1_C
Generating focused traffic: Period 5.9906s
[INFO] Subscriptions active: 6 (traci, fast mode)
  [ACTION PPO] R1C1_C: a0=22% (80) a1=12% (42) a2=32% (115) a3=34% (123)
[INFO] Episode duration: 1800s (30 min)

[DEBUG] 🎯 Célzott Forgalom Generálása (R1C1_C) | Period: 5.8367
Found 6 valid OD pairs for R1C1_C
Generating focused traffic: Period 5.8367s
[INFO] Subscriptions active: 6 (traci, fast mode)
  [ACTION PPO] R1C1_C: a0=29% (53) a1=12% (22) a2=31% (55) a3=28% (50)
[INFO] Episode duration: 1800s (30 min)

[DEBUG] 🎯 Célzott Forgalom Generálása (R1C1_C) | Period: 5.8849
Found 6 valid OD pairs for R1C1_C
Generating focused traffic: Period 5.8849s
[INFO] Subscriptions active: 6 (traci, fast mode)
  [ACTION PPO] R1C1_C: a0=24% (88) a1=11% (39) a2=34% (122) a3=31% (111)
[INFO] Episode duration: 2700s (45 min)

[DEBUG] 🎯 Célzott Forgalom Generálása (R1C1_C) | Period: 7.9447
Found 6 valid OD pairs for R1C1_C
Generating focused traffic: Period 7.9447s
[INFO] Subscriptions active: 6 (traci, fast mode)
  [ACTION PPO] R1C1_C: a0=28% (101) a1=12% (42) a2=31% (111) a3=29% (106)
[INFO] Episode duration: 3600s (60 min)

[DEBUG] 🎯 Célzott Forgalom Generálása (R1C1_C) | Period: 4.5986
Found 6 valid OD pairs for R1C1_C
Generating focused traffic: Period 4.5986s
[INFO] Subscriptions active: 6 (traci, fast mode)
  [ACTION PPO] R1C1_C: a0=19% (100) a1=9% (48) a2=38% (206) a3=34% (186)
[INFO] Episode duration: 2700s (45 min)

[DEBUG] 🎯 Célzott Forgalom Generálása (R1C1_C) | Period: 4.8959
Found 6 valid OD pairs for R1C1_C
Generating focused traffic: Period 4.8959s
[INFO] Subscriptions active: 6 (traci, fast mode)
  [ACTION PPO] R1C1_C: a0=23% (163) a1=10% (70) a2=34% (246) a3=33% (241)
[INFO] Episode duration: 1800s (30 min)

[DEBUG] 🎯 Célzott Forgalom Generálása (R1C1_C) | Period: 4.3404
Found 6 valid OD pairs for R1C1_C
Generating focused traffic: Period 4.3404s
[INFO] Subscriptions active: 6 (traci, fast mode)
  [ACTION PPO] R1C1_C: a0=25% (137) a1=10% (56) a2=34% (185) a3=30% (162)
[INFO] Episode duration: 3600s (60 min)

[DEBUG] 🎯 Célzott Forgalom Generálása (R1C1_C) | Period: 7.0679
Found 6 valid OD pairs for R1C1_C
Generating focused traffic: Period 7.0679s
[INFO] Subscriptions active: 6 (traci, fast mode)
  [ACTION PPO] R1C1_C: a0=23% (83) a1=7% (25) a2=38% (135) a3=32% (117)
On-policy training completed.
Closing environment and EXPORTING models...
Saving PyTorch ZIP models to /Users/wagnertamas/Documents/Munka/cikkek/AI_agens_konyvtar/support/intergreen_matrix_calculator/data/runs/pytorch_models...
Saved PyTorch R1C1_C to /Users/wagnertamas/Documents/Munka/cikkek/AI_agens_konyvtar/support/intergreen_matrix_calculator/data/runs/pytorch_models/R1C1_C.zip
Exporting ONNX models to /Users/wagnertamas/Documents/Munka/cikkek/AI_agens_konyvtar/support/intergreen_matrix_calculator/data/runs/onnx_models...
Failed to export R1C1_C: # Failed to convert 'dynamic_axes' to 'dynamic_shapes'. Please provide 'dynamic_shapes' directly. Refer to the documentation for 'torch.export.export' for more information on dynamic shapes.
Cleanup done.
