wandb: [wandb.login()] Loaded credentials for https://api.wandb.ai from /Users/wagnertamas/.netrc.
wandb: Currently logged in as: wagnertamas (wagnertamas-budapesti-m-szaki-s-gazdas-gtudom-nyi-egyetem) to https://api.wandb.ai. Use `wandb login --relogin` to force relogin
wandb: setting up run gk7h7tr2
wandb: Tracking run with wandb version 0.25.1
wandb: Run data is saved locally in /Users/wagnertamas/Documents/Munka/cikkek/AI_agens_konyvtar/support/intergreen_matrix_calculator/wandb/run-20260408_013001-gk7h7tr2
wandb: Run `wandb offline` to turn off syncing.
wandb: Syncing run ppo_speed_throughput_2x8_2_R1C1_C
wandb: ⭐️ View project at https://wandb.ai/wagnertamas-budapesti-m-szaki-s-gazdas-gtudom-nyi-egyetem/sumo-rl-stat-2
wandb: 🚀 View run at https://wandb.ai/wagnertamas-budapesti-m-szaki-s-gazdas-gtudom-nyi-egyetem/sumo-rl-stat-2/runs/gk7h7tr2
[INFO] Config: training_config.yaml
[INFO] Net: /Users/wagnertamas/Documents/Munka/cikkek/AI_agens_konyvtar/support/intergreen_matrix_calculator/data/mega_catalogue_v2.net.xml
[INFO] Timesteps: 100000 | Project: sumo-rl-stat-2
[INFO] Junction: R1C1_C
[INFO] Algorithm: ppo | Reward: speed_throughput
[INFO] Load model: None (fresh)
[INFO] Traffic: random target+spread (epizódonként)
Initializing Environment (algorithm=ppo, reward=speed_throughput)...
[INFO] Algorithm: ppo (on_policy)
[INFO] Reward mode: speed_throughput
WandB config applied (Sweep compatible).
[INFO] Junction reward params auto-loaded from /Users/wagnertamas/Documents/Munka/cikkek/AI_agens_konyvtar/support/intergreen_matrix_calculator/data/junction_reward_params.json
[INFO] Using 'traci' (USE_LIBSUMO=0, parallel slave).
Starting SUMO...
[INFO] Episode duration: 3600s (60 min)

[DEBUG] 🎯 Célzott Forgalom Generálása (R1C1_C) | Period: 5.6552
Found 6 valid OD pairs for R1C1_C
Generating focused traffic: Period 5.6552s
 Retrying in 1 seconds
[INFO] Network mapped: 1 agents, 3 detectors, 3 lanes
[INFO] Subscriptions active: 6 (traci, fast mode)
Agents discovered: ['R1C1_C']
[INFO] RL device: mps
[INFO] On-policy training: ppo → R1C1_C
[INFO] Env reset az observation/action space inicializálásához...
[INFO] Episode duration: 3600s (60 min)

[DEBUG] 🎯 Célzott Forgalom Generálása (R1C1_C) | Period: 5.5419
Found 6 valid OD pairs for R1C1_C
Generating focused traffic: Period 5.5419s
[INFO] Subscriptions active: 6 (traci, fast mode)
Using mps device
Wrapping the env with a `Monitor` wrapper
Wrapping the env in a DummyVecEnv.
Starting on-policy training: 100000 timesteps...
[INFO] Episode duration: 900s (15 min)

[DEBUG] 🎯 Célzott Forgalom Generálása (R1C1_C) | Period: 4.781
Found 6 valid OD pairs for R1C1_C
Generating focused traffic: Period 4.7810s
[INFO] Subscriptions active: 6 (traci, fast mode)
Logging to /Users/wagnertamas/Documents/Munka/cikkek/AI_agens_konyvtar/support/intergreen_matrix_calculator/data/runs/sumo-rl-stat-2/R1C1_C/PPO_17
[INFO] Episode duration: 900s (15 min)

[DEBUG] 🎯 Célzott Forgalom Generálása (R1C1_C) | Period: 5.9132
Found 6 valid OD pairs for R1C1_C
Generating focused traffic: Period 5.9132s
[INFO] Subscriptions active: 6 (traci, fast mode)
  [ACTION PPO] R1C1_C: a0=26% (47) a1=24% (43) a2=23% (41) a3=27% (49)
[INFO] Episode duration: 900s (15 min)

[DEBUG] 🎯 Célzott Forgalom Generálása (R1C1_C) | Period: 7.4392
Found 6 valid OD pairs for R1C1_C
Generating focused traffic: Period 7.4392s
[INFO] Subscriptions active: 6 (traci, fast mode)
  [ACTION PPO] R1C1_C: a0=26% (47) a1=27% (48) a2=29% (53) a3=18% (32)
[INFO] Episode duration: 1800s (30 min)

[DEBUG] 🎯 Célzott Forgalom Generálása (R1C1_C) | Period: 6.7335
Found 6 valid OD pairs for R1C1_C
Generating focused traffic: Period 6.7335s
[INFO] Subscriptions active: 6 (traci, fast mode)
  [ACTION PPO] R1C1_C: a0=17% (31) a1=27% (49) a2=28% (50) a3=28% (50)
[INFO] Episode duration: 900s (15 min)

[DEBUG] 🎯 Célzott Forgalom Generálása (R1C1_C) | Period: 7.5388
Found 6 valid OD pairs for R1C1_C
Generating focused traffic: Period 7.5388s
[INFO] Subscriptions active: 6 (traci, fast mode)
  [ACTION PPO] R1C1_C: a0=25% (91) a1=24% (87) a2=26% (95) a3=24% (87)
[INFO] Episode duration: 2700s (45 min)

[DEBUG] 🎯 Célzott Forgalom Generálása (R1C1_C) | Period: 5.0838
Found 6 valid OD pairs for R1C1_C
Generating focused traffic: Period 5.0838s
[INFO] Subscriptions active: 6 (traci, fast mode)
  [ACTION PPO] R1C1_C: a0=20% (36) a1=27% (48) a2=25% (45) a3=28% (51)
[INFO] Episode duration: 3600s (60 min)

[DEBUG] 🎯 Célzott Forgalom Generálása (R1C1_C) | Period: 7.0165
Found 6 valid OD pairs for R1C1_C
Generating focused traffic: Period 7.0165s
[INFO] Subscriptions active: 6 (traci, fast mode)
  [ACTION PPO] R1C1_C: a0=25% (137) a1=23% (124) a2=23% (126) a3=28% (153)
[INFO] Episode duration: 1800s (30 min)

[DEBUG] 🎯 Célzott Forgalom Generálása (R1C1_C) | Period: 5.701
Found 6 valid OD pairs for R1C1_C
Generating focused traffic: Period 5.7010s
[INFO] Subscriptions active: 6 (traci, fast mode)
  [ACTION PPO] R1C1_C: a0=24% (172) a1=28% (198) a2=25% (182) a3=23% (168)
[INFO] Episode duration: 1800s (30 min)

[DEBUG] 🎯 Célzott Forgalom Generálása (R1C1_C) | Period: 6.8869
Found 6 valid OD pairs for R1C1_C
Generating focused traffic: Period 6.8869s
[INFO] Subscriptions active: 6 (traci, fast mode)
  [ACTION PPO] R1C1_C: a0=26% (95) a1=27% (98) a2=26% (94) a3=20% (73)
[INFO] Episode duration: 3600s (60 min)

[DEBUG] 🎯 Célzott Forgalom Generálása (R1C1_C) | Period: 5.7468
Found 6 valid OD pairs for R1C1_C
Generating focused traffic: Period 5.7468s
[INFO] Subscriptions active: 6 (traci, fast mode)
  [ACTION PPO] R1C1_C: a0=26% (92) a1=26% (94) a2=27% (98) a3=21% (76)
[INFO] Episode duration: 2700s (45 min)

[DEBUG] 🎯 Célzott Forgalom Generálása (R1C1_C) | Period: 7.4718
Found 6 valid OD pairs for R1C1_C
Generating focused traffic: Period 7.4718s
[INFO] Subscriptions active: 6 (traci, fast mode)
  [ACTION PPO] R1C1_C: a0=25% (178) a1=26% (186) a2=27% (194) a3=22% (162)
[INFO] Episode duration: 3600s (60 min)

[DEBUG] 🎯 Célzott Forgalom Generálása (R1C1_C) | Period: 7.38
Found 6 valid OD pairs for R1C1_C
Generating focused traffic: Period 7.3800s
[INFO] Subscriptions active: 6 (traci, fast mode)
  [ACTION PPO] R1C1_C: a0=26% (142) a1=23% (123) a2=27% (145) a3=24% (130)
[INFO] Episode duration: 3600s (60 min)

[DEBUG] 🎯 Célzott Forgalom Generálása (R1C1_C) | Period: 4.945
Found 6 valid OD pairs for R1C1_C
Generating focused traffic: Period 4.9450s
[INFO] Subscriptions active: 6 (traci, fast mode)
  [ACTION PPO] R1C1_C: a0=24% (175) a1=25% (180) a2=28% (200) a3=23% (165)
[INFO] Episode duration: 2700s (45 min)

[DEBUG] 🎯 Célzott Forgalom Generálása (R1C1_C) | Period: 6.8814
Found 6 valid OD pairs for R1C1_C
Generating focused traffic: Period 6.8814s
[INFO] Subscriptions active: 6 (traci, fast mode)
  [ACTION PPO] R1C1_C: a0=24% (173) a1=23% (168) a2=30% (218) a3=22% (161)
[INFO] Episode duration: 1800s (30 min)

[DEBUG] 🎯 Célzott Forgalom Generálása (R1C1_C) | Period: 6.8765
Found 6 valid OD pairs for R1C1_C
Generating focused traffic: Period 6.8765s
[INFO] Subscriptions active: 6 (traci, fast mode)
  [ACTION PPO] R1C1_C: a0=27% (144) a1=20% (106) a2=29% (159) a3=24% (131)
[INFO] Episode duration: 1800s (30 min)

[DEBUG] 🎯 Célzott Forgalom Generálása (R1C1_C) | Period: 5.595
Found 6 valid OD pairs for R1C1_C
Generating focused traffic: Period 5.5950s
[INFO] Subscriptions active: 6 (traci, fast mode)
  [ACTION PPO] R1C1_C: a0=29% (106) a1=25% (91) a2=21% (76) a3=24% (87)
[INFO] Episode duration: 1800s (30 min)

[DEBUG] 🎯 Célzott Forgalom Generálása (R1C1_C) | Period: 7.3799
Found 6 valid OD pairs for R1C1_C
Generating focused traffic: Period 7.3799s
[INFO] Subscriptions active: 6 (traci, fast mode)
  [ACTION PPO] R1C1_C: a0=26% (92) a1=22% (78) a2=28% (101) a3=25% (89)
[INFO] Episode duration: 900s (15 min)

[DEBUG] 🎯 Célzott Forgalom Generálása (R1C1_C) | Period: 5.5009
Found 6 valid OD pairs for R1C1_C
Generating focused traffic: Period 5.5009s
[INFO] Subscriptions active: 6 (traci, fast mode)
  [ACTION PPO] R1C1_C: a0=25% (90) a1=25% (90) a2=21% (76) a3=29% (104)
[INFO] Episode duration: 900s (15 min)

[DEBUG] 🎯 Célzott Forgalom Generálása (R1C1_C) | Period: 5.0178
Found 6 valid OD pairs for R1C1_C
Generating focused traffic: Period 5.0178s
[INFO] Subscriptions active: 6 (traci, fast mode)
  [ACTION PPO] R1C1_C: a0=27% (49) a1=20% (36) a2=31% (56) a3=22% (39)
[INFO] Episode duration: 900s (15 min)

[DEBUG] 🎯 Célzott Forgalom Generálása (R1C1_C) | Period: 7.4749
Found 6 valid OD pairs for R1C1_C
Generating focused traffic: Period 7.4749s
[INFO] Subscriptions active: 6 (traci, fast mode)
  [ACTION PPO] R1C1_C: a0=22% (40) a1=18% (33) a2=32% (58) a3=27% (49)
[INFO] Episode duration: 1800s (30 min)

[DEBUG] 🎯 Célzott Forgalom Generálása (R1C1_C) | Period: 7.7
Found 6 valid OD pairs for R1C1_C
Generating focused traffic: Period 7.7000s
[INFO] Subscriptions active: 6 (traci, fast mode)
  [ACTION PPO] R1C1_C: a0=26% (46) a1=27% (49) a2=25% (45) a3=22% (40)
[INFO] Episode duration: 3600s (60 min)

[DEBUG] 🎯 Célzott Forgalom Generálása (R1C1_C) | Period: 4.4359
Found 6 valid OD pairs for R1C1_C
Generating focused traffic: Period 4.4359s
[INFO] Subscriptions active: 6 (traci, fast mode)
  [ACTION PPO] R1C1_C: a0=27% (98) a1=24% (88) a2=27% (98) a3=21% (76)
[INFO] Episode duration: 1800s (30 min)

[DEBUG] 🎯 Célzott Forgalom Generálása (R1C1_C) | Period: 5.1407
Found 6 valid OD pairs for R1C1_C
Generating focused traffic: Period 5.1407s
[INFO] Subscriptions active: 6 (traci, fast mode)
  [ACTION PPO] R1C1_C: a0=25% (183) a1=23% (169) a2=24% (171) a3=27% (197)
[INFO] Episode duration: 1800s (30 min)

[DEBUG] 🎯 Célzott Forgalom Generálása (R1C1_C) | Period: 6.4368
Found 6 valid OD pairs for R1C1_C
Generating focused traffic: Period 6.4368s
[INFO] Subscriptions active: 6 (traci, fast mode)
  [ACTION PPO] R1C1_C: a0=31% (112) a1=27% (96) a2=23% (84) a3=19% (68)
[INFO] Episode duration: 1800s (30 min)

[DEBUG] 🎯 Célzott Forgalom Generálása (R1C1_C) | Period: 5.1375
Found 6 valid OD pairs for R1C1_C
Generating focused traffic: Period 5.1375s
[INFO] Subscriptions active: 6 (traci, fast mode)
  [ACTION PPO] R1C1_C: a0=20% (72) a1=25% (91) a2=31% (111) a3=24% (86)
[INFO] Episode duration: 2700s (45 min)

[DEBUG] 🎯 Célzott Forgalom Generálása (R1C1_C) | Period: 4.2034
Found 6 valid OD pairs for R1C1_C
Generating focused traffic: Period 4.2034s
[INFO] Subscriptions active: 6 (traci, fast mode)
  [ACTION PPO] R1C1_C: a0=27% (96) a1=25% (90) a2=26% (94) a3=22% (80)
[INFO] Episode duration: 1800s (30 min)

[DEBUG] 🎯 Célzott Forgalom Generálása (R1C1_C) | Period: 7.7661
Found 6 valid OD pairs for R1C1_C
Generating focused traffic: Period 7.7661s
[INFO] Subscriptions active: 6 (traci, fast mode)
  [ACTION PPO] R1C1_C: a0=23% (123) a1=21% (116) a2=29% (158) a3=26% (143)
[INFO] Episode duration: 3600s (60 min)

[DEBUG] 🎯 Célzott Forgalom Generálása (R1C1_C) | Period: 5.3187
Found 6 valid OD pairs for R1C1_C
Generating focused traffic: Period 5.3187s
[INFO] Subscriptions active: 6 (traci, fast mode)
  [ACTION PPO] R1C1_C: a0=19% (67) a1=22% (78) a2=32% (117) a3=27% (98)
[INFO] Episode duration: 900s (15 min)

[DEBUG] 🎯 Célzott Forgalom Generálása (R1C1_C) | Period: 7.6636
Found 6 valid OD pairs for R1C1_C
Generating focused traffic: Period 7.6636s
[INFO] Subscriptions active: 6 (traci, fast mode)
  [ACTION PPO] R1C1_C: a0=24% (171) a1=25% (182) a2=27% (192) a3=24% (175)
[INFO] Episode duration: 3600s (60 min)

[DEBUG] 🎯 Célzott Forgalom Generálása (R1C1_C) | Period: 5.0233
Found 6 valid OD pairs for R1C1_C
Generating focused traffic: Period 5.0233s
[INFO] Subscriptions active: 6 (traci, fast mode)
  [ACTION PPO] R1C1_C: a0=25% (45) a1=22% (39) a2=27% (49) a3=26% (47)
[INFO] Episode duration: 3600s (60 min)

[DEBUG] 🎯 Célzott Forgalom Generálása (R1C1_C) | Period: 5.2721
Found 6 valid OD pairs for R1C1_C
Generating focused traffic: Period 5.2721s
[INFO] Subscriptions active: 6 (traci, fast mode)
  [ACTION PPO] R1C1_C: a0=25% (180) a1=22% (156) a2=31% (224) a3=22% (160)
[INFO] Episode duration: 1800s (30 min)

[DEBUG] 🎯 Célzott Forgalom Generálása (R1C1_C) | Period: 7.0741
Found 6 valid OD pairs for R1C1_C
Generating focused traffic: Period 7.0741s
[INFO] Subscriptions active: 6 (traci, fast mode)
  [ACTION PPO] R1C1_C: a0=23% (164) a1=23% (166) a2=30% (217) a3=24% (173)
[INFO] Episode duration: 1800s (30 min)

[DEBUG] 🎯 Célzott Forgalom Generálása (R1C1_C) | Period: 4.1842
Found 6 valid OD pairs for R1C1_C
Generating focused traffic: Period 4.1842s
[INFO] Subscriptions active: 6 (traci, fast mode)
  [ACTION PPO] R1C1_C: a0=24% (87) a1=21% (74) a2=30% (109) a3=25% (90)
[INFO] Episode duration: 1800s (30 min)

[DEBUG] 🎯 Célzott Forgalom Generálása (R1C1_C) | Period: 7.376
Found 6 valid OD pairs for R1C1_C
Generating focused traffic: Period 7.3760s
[INFO] Subscriptions active: 6 (traci, fast mode)
  [ACTION PPO] R1C1_C: a0=20% (72) a1=23% (82) a2=32% (114) a3=26% (92)
[INFO] Episode duration: 900s (15 min)

[DEBUG] 🎯 Célzott Forgalom Generálása (R1C1_C) | Period: 7.2752
Found 6 valid OD pairs for R1C1_C
Generating focused traffic: Period 7.2752s
[INFO] Subscriptions active: 6 (traci, fast mode)
  [ACTION PPO] R1C1_C: a0=27% (96) a1=20% (73) a2=29% (103) a3=24% (88)
[INFO] Episode duration: 2700s (45 min)

[DEBUG] 🎯 Célzott Forgalom Generálása (R1C1_C) | Period: 4.7877
Found 6 valid OD pairs for R1C1_C
Generating focused traffic: Period 4.7877s
[INFO] Subscriptions active: 6 (traci, fast mode)
  [ACTION PPO] R1C1_C: a0=19% (34) a1=24% (44) a2=38% (68) a3=19% (34)
[INFO] Episode duration: 900s (15 min)

[DEBUG] 🎯 Célzott Forgalom Generálása (R1C1_C) | Period: 5.2768
Found 6 valid OD pairs for R1C1_C
Generating focused traffic: Period 5.2768s
[INFO] Subscriptions active: 6 (traci, fast mode)
  [ACTION PPO] R1C1_C: a0=26% (139) a1=22% (120) a2=27% (144) a3=25% (137)
[INFO] Episode duration: 3600s (60 min)

[DEBUG] 🎯 Célzott Forgalom Generálása (R1C1_C) | Period: 5.8961
Found 6 valid OD pairs for R1C1_C
Generating focused traffic: Period 5.8961s
[INFO] Subscriptions active: 6 (traci, fast mode)
  [ACTION PPO] R1C1_C: a0=22% (40) a1=23% (41) a2=26% (46) a3=29% (53)
[INFO] Episode duration: 3600s (60 min)

[DEBUG] 🎯 Célzott Forgalom Generálása (R1C1_C) | Period: 7.2087
Found 6 valid OD pairs for R1C1_C
Generating focused traffic: Period 7.2087s
[INFO] Subscriptions active: 6 (traci, fast mode)
  [ACTION PPO] R1C1_C: a0=22% (160) a1=22% (158) a2=31% (222) a3=25% (180)
[INFO] Episode duration: 3600s (60 min)

[DEBUG] 🎯 Célzott Forgalom Generálása (R1C1_C) | Period: 6.4271
Found 6 valid OD pairs for R1C1_C
Generating focused traffic: Period 6.4271s
[INFO] Subscriptions active: 6 (traci, fast mode)
  [ACTION PPO] R1C1_C: a0=23% (167) a1=26% (187) a2=25% (180) a3=26% (186)
[INFO] Episode duration: 2700s (45 min)

[DEBUG] 🎯 Célzott Forgalom Generálása (R1C1_C) | Period: 5.5628
Found 6 valid OD pairs for R1C1_C
Generating focused traffic: Period 5.5628s
[INFO] Subscriptions active: 6 (traci, fast mode)
  [ACTION PPO] R1C1_C: a0=21% (148) a1=23% (163) a2=33% (241) a3=23% (168)
[INFO] Episode duration: 3600s (60 min)

[DEBUG] 🎯 Célzott Forgalom Generálása (R1C1_C) | Period: 6.2295
Found 6 valid OD pairs for R1C1_C
Generating focused traffic: Period 6.2295s
[INFO] Subscriptions active: 6 (traci, fast mode)
  [ACTION PPO] R1C1_C: a0=22% (118) a1=22% (117) a2=31% (166) a3=26% (139)
[INFO] Episode duration: 3600s (60 min)

[DEBUG] 🎯 Célzott Forgalom Generálása (R1C1_C) | Period: 4.828
Found 6 valid OD pairs for R1C1_C
Generating focused traffic: Period 4.8280s
[INFO] Subscriptions active: 6 (traci, fast mode)
  [ACTION PPO] R1C1_C: a0=23% (166) a1=21% (154) a2=29% (209) a3=27% (191)
[INFO] Episode duration: 3600s (60 min)

[DEBUG] 🎯 Célzott Forgalom Generálása (R1C1_C) | Period: 7.3102
Found 6 valid OD pairs for R1C1_C
Generating focused traffic: Period 7.3102s
[INFO] Subscriptions active: 6 (traci, fast mode)
  [ACTION PPO] R1C1_C: a0=25% (180) a1=21% (153) a2=29% (206) a3=25% (181)
[INFO] Episode duration: 1800s (30 min)

[DEBUG] 🎯 Célzott Forgalom Generálása (R1C1_C) | Period: 4.6067
Found 6 valid OD pairs for R1C1_C
Generating focused traffic: Period 4.6067s
[INFO] Subscriptions active: 6 (traci, fast mode)
  [ACTION PPO] R1C1_C: a0=21% (154) a1=24% (173) a2=31% (222) a3=24% (171)
-------------------------------------------
| rollout/                |               |
|    ep_len_mean          | 458           |
|    ep_rew_mean          | 51.6          |
| time/                   |               |
|    fps                  | 100           |
|    iterations           | 10            |
|    time_elapsed         | 203           |
|    total_timesteps      | 20480         |
| train/                  |               |
|    approx_kl            | 0.00046163058 |
|    clip_fraction        | 0             |
|    clip_range           | 0.2           |
|    entropy_loss         | -1.38         |
|    explained_variance   | -0.0437       |
|    learning_rate        | 0.0001        |
|    loss                 | 0.0339        |
|    n_updates            | 90            |
|    policy_gradient_loss | -0.000688     |
|    value_loss           | 0.692         |
-------------------------------------------
[INFO] Episode duration: 2700s (45 min)

[DEBUG] 🎯 Célzott Forgalom Generálása (R1C1_C) | Period: 7.4712
Found 6 valid OD pairs for R1C1_C
Generating focused traffic: Period 7.4712s
[INFO] Subscriptions active: 6 (traci, fast mode)
  [ACTION PPO] R1C1_C: a0=24% (85) a1=21% (76) a2=32% (114) a3=24% (85)
[INFO] Episode duration: 1800s (30 min)

[DEBUG] 🎯 Célzott Forgalom Generálása (R1C1_C) | Period: 7.7499
Found 6 valid OD pairs for R1C1_C
Generating focused traffic: Period 7.7499s
[INFO] Subscriptions active: 6 (traci, fast mode)
  [ACTION PPO] R1C1_C: a0=25% (136) a1=22% (117) a2=30% (161) a3=23% (126)
[INFO] Episode duration: 3600s (60 min)

[DEBUG] 🎯 Célzott Forgalom Generálása (R1C1_C) | Period: 5.1692
Found 6 valid OD pairs for R1C1_C
Generating focused traffic: Period 5.1692s
[INFO] Subscriptions active: 6 (traci, fast mode)
  [ACTION PPO] R1C1_C: a0=23% (84) a1=17% (62) a2=35% (125) a3=25% (89)
[INFO] Episode duration: 1800s (30 min)

[DEBUG] 🎯 Célzott Forgalom Generálása (R1C1_C) | Period: 7.052
Found 6 valid OD pairs for R1C1_C
Generating focused traffic: Period 7.0520s
[INFO] Subscriptions active: 6 (traci, fast mode)
  [ACTION PPO] R1C1_C: a0=21% (154) a1=21% (148) a2=33% (241) a3=25% (177)
[INFO] Episode duration: 3600s (60 min)

[DEBUG] 🎯 Célzott Forgalom Generálása (R1C1_C) | Period: 6.2217
Found 6 valid OD pairs for R1C1_C
Generating focused traffic: Period 6.2217s
[INFO] Subscriptions active: 6 (traci, fast mode)
  [ACTION PPO] R1C1_C: a0=22% (81) a1=19% (67) a2=34% (124) a3=24% (88)
[INFO] Episode duration: 2700s (45 min)

[DEBUG] 🎯 Célzott Forgalom Generálása (R1C1_C) | Period: 4.4169
Found 6 valid OD pairs for R1C1_C
Generating focused traffic: Period 4.4169s
[INFO] Subscriptions active: 6 (traci, fast mode)
  [ACTION PPO] R1C1_C: a0=22% (155) a1=20% (143) a2=35% (255) a3=23% (167)
[INFO] Episode duration: 3600s (60 min)

[DEBUG] 🎯 Célzott Forgalom Generálása (R1C1_C) | Period: 5.1901
Found 6 valid OD pairs for R1C1_C
Generating focused traffic: Period 5.1901s
[INFO] Subscriptions active: 6 (traci, fast mode)
  [ACTION PPO] R1C1_C: a0=23% (126) a1=20% (107) a2=33% (178) a3=24% (129)
[INFO] Episode duration: 3600s (60 min)

[DEBUG] 🎯 Célzott Forgalom Generálása (R1C1_C) | Period: 4.4069
Found 6 valid OD pairs for R1C1_C
Generating focused traffic: Period 4.4069s
[INFO] Subscriptions active: 6 (traci, fast mode)
  [ACTION PPO] R1C1_C: a0=21% (151) a1=22% (159) a2=34% (246) a3=23% (164)
[INFO] Episode duration: 900s (15 min)

[DEBUG] 🎯 Célzott Forgalom Generálása (R1C1_C) | Period: 4.5628
Found 6 valid OD pairs for R1C1_C
Generating focused traffic: Period 4.5628s
[INFO] Subscriptions active: 6 (traci, fast mode)
  [ACTION PPO] R1C1_C: a0=20% (147) a1=22% (156) a2=35% (254) a3=23% (163)
[INFO] Episode duration: 3600s (60 min)

[DEBUG] 🎯 Célzott Forgalom Generálása (R1C1_C) | Period: 7.0693
Found 6 valid OD pairs for R1C1_C
Generating focused traffic: Period 7.0693s
[INFO] Subscriptions active: 6 (traci, fast mode)
  [ACTION PPO] R1C1_C: a0=22% (39) a1=17% (30) a2=38% (69) a3=23% (42)
[INFO] Episode duration: 1800s (30 min)

[DEBUG] 🎯 Célzott Forgalom Generálása (R1C1_C) | Period: 5.4651
Found 6 valid OD pairs for R1C1_C
Generating focused traffic: Period 5.4651s
[INFO] Subscriptions active: 6 (traci, fast mode)
  [ACTION PPO] R1C1_C: a0=18% (129) a1=21% (148) a2=38% (272) a3=24% (171)
[INFO] Episode duration: 2700s (45 min)

[DEBUG] 🎯 Célzott Forgalom Generálása (R1C1_C) | Period: 4.0576
Found 6 valid OD pairs for R1C1_C
Generating focused traffic: Period 4.0576s
[INFO] Subscriptions active: 6 (traci, fast mode)
  [ACTION PPO] R1C1_C: a0=19% (67) a1=22% (80) a2=36% (131) a3=23% (82)
[INFO] Episode duration: 3600s (60 min)

[DEBUG] 🎯 Célzott Forgalom Generálása (R1C1_C) | Period: 5.6447
Found 6 valid OD pairs for R1C1_C
Generating focused traffic: Period 5.6447s
[INFO] Subscriptions active: 6 (traci, fast mode)
  [ACTION PPO] R1C1_C: a0=18% (95) a1=20% (106) a2=39% (212) a3=24% (127)
[INFO] Episode duration: 1800s (30 min)

[DEBUG] 🎯 Célzott Forgalom Generálása (R1C1_C) | Period: 4.1122
Found 6 valid OD pairs for R1C1_C
Generating focused traffic: Period 4.1122s
[INFO] Subscriptions active: 6 (traci, fast mode)
  [ACTION PPO] R1C1_C: a0=19% (137) a1=23% (168) a2=36% (258) a3=22% (157)
[INFO] Episode duration: 3600s (60 min)

[DEBUG] 🎯 Célzott Forgalom Generálása (R1C1_C) | Period: 6.0412
Found 6 valid OD pairs for R1C1_C
Generating focused traffic: Period 6.0412s
[INFO] Subscriptions active: 6 (traci, fast mode)
  [ACTION PPO] R1C1_C: a0=17% (61) a1=22% (80) a2=41% (147) a3=20% (72)
[INFO] Episode duration: 3600s (60 min)

[DEBUG] 🎯 Célzott Forgalom Generálása (R1C1_C) | Period: 4.6461
Found 6 valid OD pairs for R1C1_C
Generating focused traffic: Period 4.6461s
[INFO] Subscriptions active: 6 (traci, fast mode)
  [ACTION PPO] R1C1_C: a0=18% (132) a1=21% (149) a2=37% (269) a3=24% (170)
[INFO] Episode duration: 1800s (30 min)

[DEBUG] 🎯 Célzott Forgalom Generálása (R1C1_C) | Period: 6.5068
Found 6 valid OD pairs for R1C1_C
Generating focused traffic: Period 6.5068s
[INFO] Subscriptions active: 6 (traci, fast mode)
  [ACTION PPO] R1C1_C: a0=19% (139) a1=18% (129) a2=39% (278) a3=24% (174)
[INFO] Episode duration: 900s (15 min)

[DEBUG] 🎯 Célzott Forgalom Generálása (R1C1_C) | Period: 6.0867
Found 6 valid OD pairs for R1C1_C
Generating focused traffic: Period 6.0867s
[INFO] Subscriptions active: 6 (traci, fast mode)
  [ACTION PPO] R1C1_C: a0=17% (60) a1=18% (64) a2=41% (149) a3=24% (87)
[INFO] Episode duration: 900s (15 min)

[DEBUG] 🎯 Célzott Forgalom Generálása (R1C1_C) | Period: 6.3302
Found 6 valid OD pairs for R1C1_C
Generating focused traffic: Period 6.3302s
[INFO] Subscriptions active: 6 (traci, fast mode)
  [ACTION PPO] R1C1_C: a0=19% (34) a1=20% (36) a2=38% (68) a3=23% (42)
[INFO] Episode duration: 3600s (60 min)

[DEBUG] 🎯 Célzott Forgalom Generálása (R1C1_C) | Period: 4.1182
Found 6 valid OD pairs for R1C1_C
Generating focused traffic: Period 4.1182s
[INFO] Subscriptions active: 6 (traci, fast mode)
  [ACTION PPO] R1C1_C: a0=18% (33) a1=13% (23) a2=41% (74) a3=28% (50)
[INFO] Episode duration: 900s (15 min)

[DEBUG] 🎯 Célzott Forgalom Generálása (R1C1_C) | Period: 4.4148
Found 6 valid OD pairs for R1C1_C
Generating focused traffic: Period 4.4148s
[INFO] Subscriptions active: 6 (traci, fast mode)
  [ACTION PPO] R1C1_C: a0=18% (133) a1=18% (131) a2=39% (281) a3=24% (175)
[INFO] Episode duration: 2700s (45 min)

[DEBUG] 🎯 Célzott Forgalom Generálása (R1C1_C) | Period: 7.7302
Found 6 valid OD pairs for R1C1_C
Generating focused traffic: Period 7.7302s
[INFO] Subscriptions active: 6 (traci, fast mode)
  [ACTION PPO] R1C1_C: a0=17% (30) a1=22% (40) a2=37% (66) a3=24% (44)
[INFO] Episode duration: 2700s (45 min)

[DEBUG] 🎯 Célzott Forgalom Generálása (R1C1_C) | Period: 4.0829
Found 6 valid OD pairs for R1C1_C
Generating focused traffic: Period 4.0829s
[INFO] Subscriptions active: 6 (traci, fast mode)
  [ACTION PPO] R1C1_C: a0=21% (111) a1=19% (102) a2=38% (207) a3=22% (120)
[INFO] Episode duration: 2700s (45 min)

[DEBUG] 🎯 Célzott Forgalom Generálása (R1C1_C) | Period: 4.9597
Found 6 valid OD pairs for R1C1_C
Generating focused traffic: Period 4.9597s
[INFO] Subscriptions active: 6 (traci, fast mode)
  [ACTION PPO] R1C1_C: a0=22% (121) a1=18% (95) a2=39% (210) a3=21% (114)
[INFO] Episode duration: 2700s (45 min)

[DEBUG] 🎯 Célzott Forgalom Generálása (R1C1_C) | Period: 5.3138
Found 6 valid OD pairs for R1C1_C
Generating focused traffic: Period 5.3138s
[INFO] Subscriptions active: 6 (traci, fast mode)
  [ACTION PPO] R1C1_C: a0=15% (83) a1=20% (107) a2=40% (216) a3=25% (134)
[INFO] Episode duration: 1800s (30 min)

[DEBUG] 🎯 Célzott Forgalom Generálása (R1C1_C) | Period: 6.9315
Found 6 valid OD pairs for R1C1_C
Generating focused traffic: Period 6.9315s
[INFO] Subscriptions active: 6 (traci, fast mode)
  [ACTION PPO] R1C1_C: a0=18% (96) a1=19% (105) a2=39% (208) a3=24% (131)
[INFO] Episode duration: 2700s (45 min)

[DEBUG] 🎯 Célzott Forgalom Generálása (R1C1_C) | Period: 6.6431
Found 6 valid OD pairs for R1C1_C
Generating focused traffic: Period 6.6431s
[INFO] Subscriptions active: 6 (traci, fast mode)
  [ACTION PPO] R1C1_C: a0=21% (74) a1=19% (67) a2=36% (130) a3=25% (89)
[INFO] Episode duration: 900s (15 min)

[DEBUG] 🎯 Célzott Forgalom Generálása (R1C1_C) | Period: 7.7849
Found 6 valid OD pairs for R1C1_C
Generating focused traffic: Period 7.7849s
[INFO] Subscriptions active: 6 (traci, fast mode)
  [ACTION PPO] R1C1_C: a0=17% (93) a1=18% (96) a2=43% (230) a3=22% (121)
[INFO] Episode duration: 3600s (60 min)

[DEBUG] 🎯 Célzott Forgalom Generálása (R1C1_C) | Period: 5.8842
Found 6 valid OD pairs for R1C1_C
Generating focused traffic: Period 5.8842s
[INFO] Subscriptions active: 6 (traci, fast mode)
  [ACTION PPO] R1C1_C: a0=16% (28) a1=19% (34) a2=41% (73) a3=25% (45)
[INFO] Episode duration: 1800s (30 min)

[DEBUG] 🎯 Célzott Forgalom Generálása (R1C1_C) | Period: 5.818
Found 6 valid OD pairs for R1C1_C
Generating focused traffic: Period 5.8180s
[INFO] Subscriptions active: 6 (traci, fast mode)
  [ACTION PPO] R1C1_C: a0=20% (141) a1=18% (133) a2=38% (270) a3=24% (176)
[INFO] Episode duration: 2700s (45 min)

[DEBUG] 🎯 Célzott Forgalom Generálása (R1C1_C) | Period: 6.3415
Found 6 valid OD pairs for R1C1_C
Generating focused traffic: Period 6.3415s
[INFO] Subscriptions active: 6 (traci, fast mode)
  [ACTION PPO] R1C1_C: a0=18% (65) a1=17% (60) a2=42% (151) a3=23% (84)
[INFO] Episode duration: 3600s (60 min)

[DEBUG] 🎯 Célzott Forgalom Generálása (R1C1_C) | Period: 5.1625
Found 6 valid OD pairs for R1C1_C
Generating focused traffic: Period 5.1625s
[INFO] Subscriptions active: 6 (traci, fast mode)
  [ACTION PPO] R1C1_C: a0=18% (95) a1=20% (107) a2=38% (207) a3=24% (131)
[INFO] Episode duration: 1800s (30 min)

[DEBUG] 🎯 Célzott Forgalom Generálása (R1C1_C) | Period: 4.8887
Found 6 valid OD pairs for R1C1_C
Generating focused traffic: Period 4.8887s
[INFO] Subscriptions active: 6 (traci, fast mode)
  [ACTION PPO] R1C1_C: a0=19% (136) a1=17% (123) a2=38% (275) a3=26% (186)
[INFO] Episode duration: 2700s (45 min)

[DEBUG] 🎯 Célzott Forgalom Generálása (R1C1_C) | Period: 5.4009
Found 6 valid OD pairs for R1C1_C
Generating focused traffic: Period 5.4009s
[INFO] Subscriptions active: 6 (traci, fast mode)
  [ACTION PPO] R1C1_C: a0=19% (67) a1=17% (62) a2=38% (138) a3=26% (93)
[INFO] Episode duration: 1800s (30 min)

[DEBUG] 🎯 Célzott Forgalom Generálása (R1C1_C) | Period: 4.8118
Found 6 valid OD pairs for R1C1_C
Generating focused traffic: Period 4.8118s
[INFO] Subscriptions active: 6 (traci, fast mode)
  [ACTION PPO] R1C1_C: a0=15% (81) a1=21% (113) a2=38% (204) a3=26% (142)
[INFO] Episode duration: 900s (15 min)

[DEBUG] 🎯 Célzott Forgalom Generálása (R1C1_C) | Period: 5.6891
Found 6 valid OD pairs for R1C1_C
Generating focused traffic: Period 5.6891s
[INFO] Subscriptions active: 6 (traci, fast mode)
  [ACTION PPO] R1C1_C: a0=21% (75) a1=15% (55) a2=38% (135) a3=26% (95)
[INFO] Episode duration: 3600s (60 min)

[DEBUG] 🎯 Célzott Forgalom Generálása (R1C1_C) | Period: 5.9323
Found 6 valid OD pairs for R1C1_C
Generating focused traffic: Period 5.9323s
[INFO] Subscriptions active: 6 (traci, fast mode)
  [ACTION PPO] R1C1_C: a0=16% (28) a1=13% (24) a2=42% (75) a3=29% (53)
[INFO] Episode duration: 2700s (45 min)

[DEBUG] 🎯 Célzott Forgalom Generálása (R1C1_C) | Period: 5.4294
Found 6 valid OD pairs for R1C1_C
Generating focused traffic: Period 5.4294s
[INFO] Subscriptions active: 6 (traci, fast mode)
  [ACTION PPO] R1C1_C: a0=18% (128) a1=17% (120) a2=41% (297) a3=24% (175)
[INFO] Episode duration: 1800s (30 min)

[DEBUG] 🎯 Célzott Forgalom Generálása (R1C1_C) | Period: 7.6281
Found 6 valid OD pairs for R1C1_C
Generating focused traffic: Period 7.6281s
[INFO] Subscriptions active: 6 (traci, fast mode)
  [ACTION PPO] R1C1_C: a0=17% (90) a1=18% (99) a2=41% (223) a3=24% (128)
[INFO] Episode duration: 2700s (45 min)

[DEBUG] 🎯 Célzott Forgalom Generálása (R1C1_C) | Period: 4.6306
Found 6 valid OD pairs for R1C1_C
Generating focused traffic: Period 4.6306s
[INFO] Subscriptions active: 6 (traci, fast mode)
  [ACTION PPO] R1C1_C: a0=17% (60) a1=20% (72) a2=41% (148) a3=22% (80)
[INFO] Episode duration: 2700s (45 min)

[DEBUG] 🎯 Célzott Forgalom Generálása (R1C1_C) | Period: 4.9979
Found 6 valid OD pairs for R1C1_C
Generating focused traffic: Period 4.9979s
[INFO] Subscriptions active: 6 (traci, fast mode)
  [ACTION PPO] R1C1_C: a0=16% (88) a1=19% (103) a2=39% (213) a3=25% (136)
[INFO] Episode duration: 900s (15 min)

[DEBUG] 🎯 Célzott Forgalom Generálása (R1C1_C) | Period: 5.9521
Found 6 valid OD pairs for R1C1_C
Generating focused traffic: Period 5.9521s
[INFO] Subscriptions active: 6 (traci, fast mode)
  [ACTION PPO] R1C1_C: a0=20% (106) a1=18% (98) a2=39% (208) a3=24% (128)
-------------------------------------------
| rollout/                |               |
|    ep_len_mean          | 475           |
|    ep_rew_mean          | 53.4          |
| time/                   |               |
|    fps                  | 42            |
|    iterations           | 20            |
|    time_elapsed         | 953           |
|    total_timesteps      | 40960         |
| train/                  |               |
|    approx_kl            | 0.00062317005 |
|    clip_fraction        | 0             |
|    clip_range           | 0.2           |
|    entropy_loss         | -1.31         |
|    explained_variance   | -0.000794     |
|    learning_rate        | 0.0001        |
|    loss                 | 0.351         |
|    n_updates            | 190           |
|    policy_gradient_loss | -0.000706     |
|    value_loss           | 1.73          |
-------------------------------------------
[INFO] Episode duration: 900s (15 min)

[DEBUG] 🎯 Célzott Forgalom Generálása (R1C1_C) | Period: 6.5354
Found 6 valid OD pairs for R1C1_C
Generating focused traffic: Period 6.5354s
[INFO] Subscriptions active: 6 (traci, fast mode)
  [ACTION PPO] R1C1_C: a0=16% (28) a1=19% (34) a2=47% (85) a3=18% (33)
[INFO] Episode duration: 900s (15 min)

[DEBUG] 🎯 Célzott Forgalom Generálása (R1C1_C) | Period: 4.7188
Found 6 valid OD pairs for R1C1_C
Generating focused traffic: Period 4.7188s
[INFO] Subscriptions active: 6 (traci, fast mode)
  [ACTION PPO] R1C1_C: a0=18% (33) a1=18% (32) a2=37% (67) a3=27% (48)
[INFO] Episode duration: 900s (15 min)

[DEBUG] 🎯 Célzott Forgalom Generálása (R1C1_C) | Period: 7.242
Found 6 valid OD pairs for R1C1_C
Generating focused traffic: Period 7.2420s
[INFO] Subscriptions active: 6 (traci, fast mode)
  [ACTION PPO] R1C1_C: a0=19% (34) a1=17% (30) a2=41% (74) a3=23% (42)
[INFO] Episode duration: 900s (15 min)

[DEBUG] 🎯 Célzott Forgalom Generálása (R1C1_C) | Period: 7.7255
Found 6 valid OD pairs for R1C1_C
Generating focused traffic: Period 7.7255s
[INFO] Subscriptions active: 6 (traci, fast mode)
  [ACTION PPO] R1C1_C: a0=22% (39) a1=16% (28) a2=47% (85) a3=16% (28)
[INFO] Episode duration: 900s (15 min)

[DEBUG] 🎯 Célzott Forgalom Generálása (R1C1_C) | Period: 5.1909
Found 6 valid OD pairs for R1C1_C
Generating focused traffic: Period 5.1909s
[INFO] Subscriptions active: 6 (traci, fast mode)
  [ACTION PPO] R1C1_C: a0=20% (36) a1=22% (40) a2=38% (69) a3=19% (35)
[INFO] Episode duration: 1800s (30 min)

[DEBUG] 🎯 Célzott Forgalom Generálása (R1C1_C) | Period: 7.4575
Found 6 valid OD pairs for R1C1_C
Generating focused traffic: Period 7.4575s
[INFO] Subscriptions active: 6 (traci, fast mode)
  [ACTION PPO] R1C1_C: a0=14% (26) a1=17% (31) a2=47% (85) a3=21% (38)
[INFO] Episode duration: 900s (15 min)

[DEBUG] 🎯 Célzott Forgalom Generálása (R1C1_C) | Period: 5.6573
Found 6 valid OD pairs for R1C1_C
Generating focused traffic: Period 5.6573s
[INFO] Subscriptions active: 6 (traci, fast mode)
  [ACTION PPO] R1C1_C: a0=16% (56) a1=16% (57) a2=49% (177) a3=19% (70)
[INFO] Episode duration: 3600s (60 min)

[DEBUG] 🎯 Célzott Forgalom Generálása (R1C1_C) | Period: 5.3108
Found 6 valid OD pairs for R1C1_C
Generating focused traffic: Period 5.3108s
[INFO] Subscriptions active: 6 (traci, fast mode)
  [ACTION PPO] R1C1_C: a0=18% (32) a1=17% (31) a2=43% (78) a3=22% (39)
[INFO] Episode duration: 3600s (60 min)

[DEBUG] 🎯 Célzott Forgalom Generálása (R1C1_C) | Period: 7.0825
Found 6 valid OD pairs for R1C1_C
Generating focused traffic: Period 7.0825s
[INFO] Subscriptions active: 6 (traci, fast mode)
  [ACTION PPO] R1C1_C: a0=17% (121) a1=18% (127) a2=43% (310) a3=22% (162)
[INFO] Episode duration: 900s (15 min)

[DEBUG] 🎯 Célzott Forgalom Generálása (R1C1_C) | Period: 4.5068
Found 6 valid OD pairs for R1C1_C
Generating focused traffic: Period 4.5068s
[INFO] Subscriptions active: 6 (traci, fast mode)
  [ACTION PPO] R1C1_C: a0=18% (132) a1=18% (127) a2=42% (306) a3=22% (155)
[INFO] Episode duration: 1800s (30 min)

[DEBUG] 🎯 Célzott Forgalom Generálása (R1C1_C) | Period: 5.0024
Found 6 valid OD pairs for R1C1_C
Generating focused traffic: Period 5.0024s
[INFO] Subscriptions active: 6 (traci, fast mode)
  [ACTION PPO] R1C1_C: a0=17% (30) a1=14% (26) a2=43% (78) a3=26% (46)
[INFO] Episode duration: 900s (15 min)

[DEBUG] 🎯 Célzott Forgalom Generálása (R1C1_C) | Period: 5.4422
Found 6 valid OD pairs for R1C1_C
Generating focused traffic: Period 5.4422s
[INFO] Subscriptions active: 6 (traci, fast mode)
  [ACTION PPO] R1C1_C: a0=15% (53) a1=19% (69) a2=45% (162) a3=21% (76)
[INFO] Episode duration: 2700s (45 min)

[DEBUG] 🎯 Célzott Forgalom Generálása (R1C1_C) | Period: 7.0912
Found 6 valid OD pairs for R1C1_C
Generating focused traffic: Period 7.0912s
[INFO] Subscriptions active: 6 (traci, fast mode)
  [ACTION PPO] R1C1_C: a0=19% (35) a1=12% (21) a2=40% (72) a3=29% (52)
[INFO] Episode duration: 900s (15 min)

[DEBUG] 🎯 Célzott Forgalom Generálása (R1C1_C) | Period: 6.8919
Found 6 valid OD pairs for R1C1_C
Generating focused traffic: Period 6.8919s
[INFO] Subscriptions active: 6 (traci, fast mode)
  [ACTION PPO] R1C1_C: a0=19% (105) a1=17% (90) a2=44% (238) a3=20% (107)
[INFO] Episode duration: 3600s (60 min)

[DEBUG] 🎯 Célzott Forgalom Generálása (R1C1_C) | Period: 7.9115
Found 6 valid OD pairs for R1C1_C
Generating focused traffic: Period 7.9115s
[INFO] Subscriptions active: 6 (traci, fast mode)
  [ACTION PPO] R1C1_C: a0=21% (37) a1=17% (31) a2=43% (78) a3=19% (34)
[INFO] Episode duration: 1800s (30 min)

[DEBUG] 🎯 Célzott Forgalom Generálása (R1C1_C) | Period: 4.6478
Found 6 valid OD pairs for R1C1_C
Generating focused traffic: Period 4.6478s
[INFO] Subscriptions active: 6 (traci, fast mode)
  [ACTION PPO] R1C1_C: a0=16% (115) a1=15% (110) a2=50% (357) a3=19% (138)
[INFO] Episode duration: 3600s (60 min)

[DEBUG] 🎯 Célzott Forgalom Generálása (R1C1_C) | Period: 5.7446
Found 6 valid OD pairs for R1C1_C
Generating focused traffic: Period 5.7446s
[INFO] Subscriptions active: 6 (traci, fast mode)
  [ACTION PPO] R1C1_C: a0=18% (63) a1=17% (61) a2=44% (160) a3=21% (76)
[INFO] Episode duration: 3600s (60 min)

[DEBUG] 🎯 Célzott Forgalom Generálása (R1C1_C) | Period: 4.8983
Found 6 valid OD pairs for R1C1_C
Generating focused traffic: Period 4.8983s
[INFO] Subscriptions active: 6 (traci, fast mode)
  [ACTION PPO] R1C1_C: a0=18% (130) a1=17% (119) a2=44% (317) a3=21% (154)
[INFO] Episode duration: 900s (15 min)

[DEBUG] 🎯 Célzott Forgalom Generálása (R1C1_C) | Period: 7.9654
Found 6 valid OD pairs for R1C1_C
Generating focused traffic: Period 7.9654s
[INFO] Subscriptions active: 6 (traci, fast mode)
  [ACTION PPO] R1C1_C: a0=20% (144) a1=15% (106) a2=44% (315) a3=22% (155)
[INFO] Episode duration: 2700s (45 min)

[DEBUG] 🎯 Célzott Forgalom Generálása (R1C1_C) | Period: 7.2684
Found 6 valid OD pairs for R1C1_C
Generating focused traffic: Period 7.2684s
[INFO] Subscriptions active: 6 (traci, fast mode)
  [ACTION PPO] R1C1_C: a0=19% (35) a1=17% (31) a2=43% (77) a3=21% (37)
[INFO] Episode duration: 900s (15 min)

[DEBUG] 🎯 Célzott Forgalom Generálása (R1C1_C) | Period: 6.9323
Found 6 valid OD pairs for R1C1_C
Generating focused traffic: Period 6.9323s
[INFO] Subscriptions active: 6 (traci, fast mode)
  [ACTION PPO] R1C1_C: a0=17% (94) a1=14% (75) a2=47% (255) a3=21% (116)
[INFO] Episode duration: 2700s (45 min)

[DEBUG] 🎯 Célzott Forgalom Generálása (R1C1_C) | Period: 5.7009
Found 6 valid OD pairs for R1C1_C
Generating focused traffic: Period 5.7009s
[INFO] Subscriptions active: 6 (traci, fast mode)
  [ACTION PPO] R1C1_C: a0=19% (34) a1=19% (34) a2=42% (76) a3=20% (36)
[INFO] Episode duration: 900s (15 min)

[DEBUG] 🎯 Célzott Forgalom Generálása (R1C1_C) | Period: 4.0065
Found 6 valid OD pairs for R1C1_C
Generating focused traffic: Period 4.0065s
[INFO] Subscriptions active: 6 (traci, fast mode)
  [ACTION PPO] R1C1_C: a0=18% (99) a1=15% (81) a2=47% (253) a3=20% (107)
[INFO] Episode duration: 1800s (30 min)

[DEBUG] 🎯 Célzott Forgalom Generálása (R1C1_C) | Period: 5.9129
Found 6 valid OD pairs for R1C1_C
Generating focused traffic: Period 5.9129s
[INFO] Subscriptions active: 6 (traci, fast mode)
  [ACTION PPO] R1C1_C: a0=12% (21) a1=15% (27) a2=50% (90) a3=23% (42)
[INFO] Episode duration: 3600s (60 min)

[DEBUG] 🎯 Célzott Forgalom Generálása (R1C1_C) | Period: 7.7134
Found 6 valid OD pairs for R1C1_C
Generating focused traffic: Period 7.7134s
[INFO] Subscriptions active: 6 (traci, fast mode)
  [ACTION PPO] R1C1_C: a0=18% (63) a1=13% (47) a2=47% (169) a3=22% (81)
[INFO] Episode duration: 2700s (45 min)

[DEBUG] 🎯 Célzott Forgalom Generálása (R1C1_C) | Period: 4.5844
Found 6 valid OD pairs for R1C1_C
Generating focused traffic: Period 4.5844s
[INFO] Subscriptions active: 6 (traci, fast mode)
  [ACTION PPO] R1C1_C: a0=17% (125) a1=15% (109) a2=47% (340) a3=20% (146)
[INFO] Episode duration: 2700s (45 min)

[DEBUG] 🎯 Célzott Forgalom Generálása (R1C1_C) | Period: 5.2917
Found 6 valid OD pairs for R1C1_C
Generating focused traffic: Period 5.2917s
[INFO] Subscriptions active: 6 (traci, fast mode)
  [ACTION PPO] R1C1_C: a0=19% (100) a1=14% (74) a2=43% (233) a3=25% (133)
[INFO] Episode duration: 900s (15 min)

[DEBUG] 🎯 Célzott Forgalom Generálása (R1C1_C) | Period: 5.9389
Found 6 valid OD pairs for R1C1_C
Generating focused traffic: Period 5.9389s
[INFO] Subscriptions active: 6 (traci, fast mode)
  [ACTION PPO] R1C1_C: a0=15% (82) a1=14% (75) a2=51% (273) a3=20% (110)
[INFO] Episode duration: 3600s (60 min)

[DEBUG] 🎯 Célzott Forgalom Generálása (R1C1_C) | Period: 5.0273
Found 6 valid OD pairs for R1C1_C
Generating focused traffic: Period 5.0273s
[INFO] Subscriptions active: 6 (traci, fast mode)
  [ACTION PPO] R1C1_C: a0=22% (40) a1=13% (24) a2=44% (79) a3=21% (37)
[INFO] Episode duration: 2700s (45 min)

[DEBUG] 🎯 Célzott Forgalom Generálása (R1C1_C) | Period: 4.6899
Found 6 valid OD pairs for R1C1_C
Generating focused traffic: Period 4.6899s
[INFO] Subscriptions active: 6 (traci, fast mode)
  [ACTION PPO] R1C1_C: a0=17% (123) a1=12% (83) a2=50% (362) a3=21% (152)
[INFO] Episode duration: 1800s (30 min)

[DEBUG] 🎯 Célzott Forgalom Generálása (R1C1_C) | Period: 4.5722
Found 6 valid OD pairs for R1C1_C
Generating focused traffic: Period 4.5722s
[INFO] Subscriptions active: 6 (traci, fast mode)
  [ACTION PPO] R1C1_C: a0=19% (104) a1=14% (78) a2=45% (245) a3=21% (113)
[INFO] Episode duration: 900s (15 min)

[DEBUG] 🎯 Célzott Forgalom Generálása (R1C1_C) | Period: 5.7433
Found 6 valid OD pairs for R1C1_C
Generating focused traffic: Period 5.7433s
[INFO] Subscriptions active: 6 (traci, fast mode)
  [ACTION PPO] R1C1_C: a0=19% (70) a1=12% (44) a2=49% (176) a3=19% (70)
[INFO] Episode duration: 1800s (30 min)

[DEBUG] 🎯 Célzott Forgalom Generálása (R1C1_C) | Period: 6.7157
Found 6 valid OD pairs for R1C1_C
Generating focused traffic: Period 6.7157s
[INFO] Subscriptions active: 6 (traci, fast mode)
  [ACTION PPO] R1C1_C: a0=18% (32) a1=13% (23) a2=52% (93) a3=18% (32)
[INFO] Episode duration: 3600s (60 min)

[DEBUG] 🎯 Célzott Forgalom Generálása (R1C1_C) | Period: 7.3519
Found 6 valid OD pairs for R1C1_C
Generating focused traffic: Period 7.3519s
[INFO] Subscriptions active: 6 (traci, fast mode)
  [ACTION PPO] R1C1_C: a0=22% (79) a1=13% (46) a2=48% (171) a3=18% (64)
[INFO] Episode duration: 900s (15 min)

[DEBUG] 🎯 Célzott Forgalom Generálása (R1C1_C) | Period: 4.5678
Found 6 valid OD pairs for R1C1_C
Generating focused traffic: Period 4.5678s
[INFO] Subscriptions active: 6 (traci, fast mode)
  [ACTION PPO] R1C1_C: a0=19% (138) a1=15% (106) a2=50% (363) a3=16% (113)
[INFO] Episode duration: 1800s (30 min)

[DEBUG] 🎯 Célzott Forgalom Generálása (R1C1_C) | Period: 4.5274
Found 6 valid OD pairs for R1C1_C
Generating focused traffic: Period 4.5274s
[INFO] Subscriptions active: 6 (traci, fast mode)
  [ACTION PPO] R1C1_C: a0=16% (28) a1=15% (27) a2=49% (88) a3=21% (37)
[INFO] Episode duration: 1800s (30 min)

[DEBUG] 🎯 Célzott Forgalom Generálása (R1C1_C) | Period: 6.5862
Found 6 valid OD pairs for R1C1_C
Generating focused traffic: Period 6.5862s
[INFO] Subscriptions active: 6 (traci, fast mode)
  [ACTION PPO] R1C1_C: a0=20% (71) a1=12% (44) a2=50% (180) a3=18% (65)
[INFO] Episode duration: 900s (15 min)

[DEBUG] 🎯 Célzott Forgalom Generálása (R1C1_C) | Period: 5.8214
Found 6 valid OD pairs for R1C1_C
Generating focused traffic: Period 5.8214s
[INFO] Subscriptions active: 6 (traci, fast mode)
  [ACTION PPO] R1C1_C: a0=18% (63) a1=12% (43) a2=50% (181) a3=20% (73)
[INFO] Episode duration: 1800s (30 min)

[DEBUG] 🎯 Célzott Forgalom Generálása (R1C1_C) | Period: 7.3173
Found 6 valid OD pairs for R1C1_C
Generating focused traffic: Period 7.3173s
[INFO] Subscriptions active: 6 (traci, fast mode)
  [ACTION PPO] R1C1_C: a0=19% (35) a1=14% (26) a2=43% (78) a3=23% (41)
[INFO] Episode duration: 2700s (45 min)

[DEBUG] 🎯 Célzott Forgalom Generálása (R1C1_C) | Period: 6.1778
Found 6 valid OD pairs for R1C1_C
Generating focused traffic: Period 6.1778s
[INFO] Subscriptions active: 6 (traci, fast mode)
  [ACTION PPO] R1C1_C: a0=18% (66) a1=16% (56) a2=51% (183) a3=15% (55)
[INFO] Episode duration: 900s (15 min)

[DEBUG] 🎯 Célzott Forgalom Generálása (R1C1_C) | Period: 6.448
Found 6 valid OD pairs for R1C1_C
Generating focused traffic: Period 6.4480s
[INFO] Subscriptions active: 6 (traci, fast mode)
  [ACTION PPO] R1C1_C: a0=18% (97) a1=15% (81) a2=50% (271) a3=17% (91)
[INFO] Episode duration: 900s (15 min)

[DEBUG] 🎯 Célzott Forgalom Generálása (R1C1_C) | Period: 5.4798
Found 6 valid OD pairs for R1C1_C
Generating focused traffic: Period 5.4798s
[INFO] Subscriptions active: 6 (traci, fast mode)
  [ACTION PPO] R1C1_C: a0=25% (45) a1=11% (19) a2=44% (79) a3=21% (37)
[INFO] Episode duration: 2700s (45 min)

[DEBUG] 🎯 Célzott Forgalom Generálása (R1C1_C) | Period: 6.3632
Found 6 valid OD pairs for R1C1_C
Generating focused traffic: Period 6.3632s
[INFO] Subscriptions active: 6 (traci, fast mode)
  [ACTION PPO] R1C1_C: a0=18% (33) a1=18% (32) a2=40% (72) a3=24% (43)
[INFO] Episode duration: 2700s (45 min)

[DEBUG] 🎯 Célzott Forgalom Generálása (R1C1_C) | Period: 4.2253
Found 6 valid OD pairs for R1C1_C
Generating focused traffic: Period 4.2253s
[INFO] Subscriptions active: 6 (traci, fast mode)
  [ACTION PPO] R1C1_C: a0=19% (104) a1=13% (68) a2=49% (264) a3=19% (104)
[INFO] Episode duration: 3600s (60 min)

[DEBUG] 🎯 Célzott Forgalom Generálása (R1C1_C) | Period: 4.0155
Found 6 valid OD pairs for R1C1_C
Generating focused traffic: Period 4.0155s
[INFO] Subscriptions active: 6 (traci, fast mode)
  [ACTION PPO] R1C1_C: a0=16% (85) a1=14% (73) a2=49% (264) a3=22% (118)
[INFO] Episode duration: 2700s (45 min)

[DEBUG] 🎯 Célzott Forgalom Generálása (R1C1_C) | Period: 4.8359
Found 6 valid OD pairs for R1C1_C
Generating focused traffic: Period 4.8359s
[INFO] Subscriptions active: 6 (traci, fast mode)
  [ACTION PPO] R1C1_C: a0=16% (118) a1=12% (90) a2=52% (375) a3=19% (137)
[INFO] Episode duration: 900s (15 min)

[DEBUG] 🎯 Célzott Forgalom Generálása (R1C1_C) | Period: 4.2473
Found 6 valid OD pairs for R1C1_C
Generating focused traffic: Period 4.2473s
[INFO] Subscriptions active: 6 (traci, fast mode)
  [ACTION PPO] R1C1_C: a0=18% (95) a1=13% (69) a2=50% (268) a3=20% (108)
[INFO] Episode duration: 900s (15 min)

[DEBUG] 🎯 Célzott Forgalom Generálása (R1C1_C) | Period: 4.4532
Found 6 valid OD pairs for R1C1_C
Generating focused traffic: Period 4.4532s
[INFO] Subscriptions active: 6 (traci, fast mode)
  [ACTION PPO] R1C1_C: a0=16% (29) a1=14% (26) a2=47% (85) a3=22% (40)
[INFO] Episode duration: 900s (15 min)

[DEBUG] 🎯 Célzott Forgalom Generálása (R1C1_C) | Period: 5.6716
Found 6 valid OD pairs for R1C1_C
Generating focused traffic: Period 5.6716s
[INFO] Subscriptions active: 6 (traci, fast mode)
  [ACTION PPO] R1C1_C: a0=19% (34) a1=13% (23) a2=44% (80) a3=24% (43)
[INFO] Episode duration: 2700s (45 min)

[DEBUG] 🎯 Célzott Forgalom Generálása (R1C1_C) | Period: 4.246
Found 6 valid OD pairs for R1C1_C
Generating focused traffic: Period 4.2460s
[INFO] Subscriptions active: 6 (traci, fast mode)
  [ACTION PPO] R1C1_C: a0=14% (26) a1=12% (22) a2=52% (93) a3=22% (39)
[INFO] Episode duration: 1800s (30 min)

[DEBUG] 🎯 Célzott Forgalom Generálása (R1C1_C) | Period: 6.5426
Found 6 valid OD pairs for R1C1_C
Generating focused traffic: Period 6.5426s
[INFO] Subscriptions active: 6 (traci, fast mode)
  [ACTION PPO] R1C1_C: a0=17% (92) a1=9% (49) a2=53% (287) a3=21% (112)
[INFO] Episode duration: 900s (15 min)

[DEBUG] 🎯 Célzott Forgalom Generálása (R1C1_C) | Period: 5.8799
Found 6 valid OD pairs for R1C1_C
Generating focused traffic: Period 5.8799s
[INFO] Subscriptions active: 6 (traci, fast mode)
  [ACTION PPO] R1C1_C: a0=17% (60) a1=9% (32) a2=55% (197) a3=20% (71)
[INFO] Episode duration: 2700s (45 min)

[DEBUG] 🎯 Célzott Forgalom Generálása (R1C1_C) | Period: 5.5736
Found 6 valid OD pairs for R1C1_C
Generating focused traffic: Period 5.5736s
[INFO] Subscriptions active: 6 (traci, fast mode)
  [ACTION PPO] R1C1_C: a0=14% (26) a1=15% (27) a2=47% (85) a3=23% (42)
-------------------------------------------
| rollout/                |               |
|    ep_len_mean          | 443           |
|    ep_rew_mean          | 50.9          |
| time/                   |               |
|    fps                  | 38            |
|    iterations           | 30            |
|    time_elapsed         | 1589          |
|    total_timesteps      | 61440         |
| train/                  |               |
|    approx_kl            | 0.00039443362 |
|    clip_fraction        | 0             |
|    clip_range           | 0.2           |
|    entropy_loss         | -1.2          |
|    explained_variance   | -9.06e-06     |
|    learning_rate        | 0.0001        |
|    loss                 | 0.217         |
|    n_updates            | 290           |
|    policy_gradient_loss | -0.000347     |
|    value_loss           | 1.09          |
-------------------------------------------
[INFO] Episode duration: 2700s (45 min)

[DEBUG] 🎯 Célzott Forgalom Generálása (R1C1_C) | Period: 4.3612
Found 6 valid OD pairs for R1C1_C
Generating focused traffic: Period 4.3612s
[INFO] Subscriptions active: 6 (traci, fast mode)
  [ACTION PPO] R1C1_C: a0=13% (70) a1=10% (56) a2=56% (302) a3=21% (112)
[INFO] Episode duration: 1800s (30 min)

[DEBUG] 🎯 Célzott Forgalom Generálása (R1C1_C) | Period: 4.3998
Found 6 valid OD pairs for R1C1_C
Generating focused traffic: Period 4.3998s
[INFO] Subscriptions active: 6 (traci, fast mode)
  [ACTION PPO] R1C1_C: a0=16% (86) a1=12% (66) a2=53% (288) a3=19% (100)
[INFO] Episode duration: 3600s (60 min)

[DEBUG] 🎯 Célzott Forgalom Generálása (R1C1_C) | Period: 5.1683
Found 6 valid OD pairs for R1C1_C
Generating focused traffic: Period 5.1683s
[INFO] Subscriptions active: 6 (traci, fast mode)
  [ACTION PPO] R1C1_C: a0=17% (60) a1=12% (45) a2=52% (188) a3=19% (67)
[INFO] Episode duration: 2700s (45 min)

[DEBUG] 🎯 Célzott Forgalom Generálása (R1C1_C) | Period: 5.8245
Found 6 valid OD pairs for R1C1_C
Generating focused traffic: Period 5.8245s
[INFO] Subscriptions active: 6 (traci, fast mode)
  [ACTION PPO] R1C1_C: a0=16% (114) a1=12% (87) a2=57% (407) a3=16% (112)
[INFO] Episode duration: 900s (15 min)

[DEBUG] 🎯 Célzott Forgalom Generálása (R1C1_C) | Period: 4.8869
Found 6 valid OD pairs for R1C1_C
Generating focused traffic: Period 4.8869s
[INFO] Subscriptions active: 6 (traci, fast mode)
  [ACTION PPO] R1C1_C: a0=17% (92) a1=15% (80) a2=52% (279) a3=16% (89)
[INFO] Episode duration: 900s (15 min)

[DEBUG] 🎯 Célzott Forgalom Generálása (R1C1_C) | Period: 5.5418
Found 6 valid OD pairs for R1C1_C
Generating focused traffic: Period 5.5418s
[INFO] Subscriptions active: 6 (traci, fast mode)
  [ACTION PPO] R1C1_C: a0=12% (21) a1=13% (23) a2=59% (107) a3=16% (29)
[INFO] Episode duration: 3600s (60 min)

[DEBUG] 🎯 Célzott Forgalom Generálása (R1C1_C) | Period: 5.0649
Found 6 valid OD pairs for R1C1_C
Generating focused traffic: Period 5.0649s
[INFO] Subscriptions active: 6 (traci, fast mode)
  [ACTION PPO] R1C1_C: a0=14% (25) a1=8% (14) a2=57% (103) a3=21% (38)
[INFO] Episode duration: 2700s (45 min)

[DEBUG] 🎯 Célzott Forgalom Generálása (R1C1_C) | Period: 4.7574
Found 6 valid OD pairs for R1C1_C
Generating focused traffic: Period 4.7574s
[INFO] Subscriptions active: 6 (traci, fast mode)
  [ACTION PPO] R1C1_C: a0=15% (109) a1=12% (86) a2=56% (406) a3=17% (119)
[INFO] Episode duration: 3600s (60 min)

[DEBUG] 🎯 Célzott Forgalom Generálása (R1C1_C) | Period: 5.5312
Found 6 valid OD pairs for R1C1_C
Generating focused traffic: Period 5.5312s
[INFO] Subscriptions active: 6 (traci, fast mode)
  [ACTION PPO] R1C1_C: a0=17% (92) a1=14% (77) a2=52% (280) a3=17% (91)
[INFO] Episode duration: 3600s (60 min)

[DEBUG] 🎯 Célzott Forgalom Generálása (R1C1_C) | Period: 6.3414
Found 6 valid OD pairs for R1C1_C
Generating focused traffic: Period 6.3414s
[INFO] Subscriptions active: 6 (traci, fast mode)
  [ACTION PPO] R1C1_C: a0=16% (117) a1=12% (85) a2=55% (398) a3=17% (120)
[INFO] Episode duration: 3600s (60 min)

[DEBUG] 🎯 Célzott Forgalom Generálása (R1C1_C) | Period: 4.9004
Found 6 valid OD pairs for R1C1_C
Generating focused traffic: Period 4.9004s
[INFO] Subscriptions active: 6 (traci, fast mode)
  [ACTION PPO] R1C1_C: a0=14% (102) a1=10% (75) a2=60% (431) a3=16% (112)
[INFO] Episode duration: 3600s (60 min)

[DEBUG] 🎯 Célzott Forgalom Generálása (R1C1_C) | Period: 7.6151
Found 6 valid OD pairs for R1C1_C
Generating focused traffic: Period 7.6151s
[INFO] Subscriptions active: 6 (traci, fast mode)
  [ACTION PPO] R1C1_C: a0=14% (98) a1=10% (71) a2=62% (447) a3=14% (104)
[INFO] Episode duration: 900s (15 min)

[DEBUG] 🎯 Célzott Forgalom Generálása (R1C1_C) | Period: 6.6064
Found 6 valid OD pairs for R1C1_C
Generating focused traffic: Period 6.6064s
[INFO] Subscriptions active: 6 (traci, fast mode)
  [ACTION PPO] R1C1_C: a0=15% (108) a1=10% (72) a2=61% (442) a3=14% (98)
[INFO] Episode duration: 900s (15 min)

[DEBUG] 🎯 Célzott Forgalom Generálása (R1C1_C) | Period: 5.0967
Found 6 valid OD pairs for R1C1_C
Generating focused traffic: Period 5.0967s
[INFO] Subscriptions active: 6 (traci, fast mode)
  [ACTION PPO] R1C1_C: a0=13% (24) a1=9% (16) a2=64% (116) a3=13% (24)
[INFO] Episode duration: 1800s (30 min)

[DEBUG] 🎯 Célzott Forgalom Generálása (R1C1_C) | Period: 6.7955
Found 6 valid OD pairs for R1C1_C
Generating focused traffic: Period 6.7955s
[INFO] Subscriptions active: 6 (traci, fast mode)
  [ACTION PPO] R1C1_C: a0=16% (28) a1=13% (23) a2=58% (105) a3=13% (24)
[INFO] Episode duration: 3600s (60 min)

[DEBUG] 🎯 Célzott Forgalom Generálása (R1C1_C) | Period: 7.0576
Found 6 valid OD pairs for R1C1_C
Generating focused traffic: Period 7.0576s
[INFO] Subscriptions active: 6 (traci, fast mode)
  [ACTION PPO] R1C1_C: a0=12% (42) a1=9% (31) a2=64% (229) a3=16% (58)
[INFO] Episode duration: 1800s (30 min)

[DEBUG] 🎯 Célzott Forgalom Generálása (R1C1_C) | Period: 4.6654
Found 6 valid OD pairs for R1C1_C
Generating focused traffic: Period 4.6654s
[INFO] Subscriptions active: 6 (traci, fast mode)
  [ACTION PPO] R1C1_C: a0=18% (128) a1=10% (69) a2=57% (407) a3=16% (116)
[INFO] Episode duration: 2700s (45 min)

[DEBUG] 🎯 Célzott Forgalom Generálása (R1C1_C) | Period: 6.6798
Found 6 valid OD pairs for R1C1_C
Generating focused traffic: Period 6.6798s
[INFO] Subscriptions active: 6 (traci, fast mode)
  [ACTION PPO] R1C1_C: a0=18% (65) a1=8% (30) a2=58% (209) a3=16% (56)
[INFO] Episode duration: 3600s (60 min)

[DEBUG] 🎯 Célzott Forgalom Generálása (R1C1_C) | Period: 5.98
Found 6 valid OD pairs for R1C1_C
Generating focused traffic: Period 5.9800s
[INFO] Subscriptions active: 6 (traci, fast mode)
  [ACTION PPO] R1C1_C: a0=17% (92) a1=9% (49) a2=57% (306) a3=17% (93)
[INFO] Episode duration: 900s (15 min)

[DEBUG] 🎯 Célzott Forgalom Generálása (R1C1_C) | Period: 7.7811
Found 6 valid OD pairs for R1C1_C
Generating focused traffic: Period 7.7811s
[INFO] Subscriptions active: 6 (traci, fast mode)
  [ACTION PPO] R1C1_C: a0=18% (132) a1=9% (67) a2=55% (399) a3=17% (122)
[INFO] Episode duration: 900s (15 min)

[DEBUG] 🎯 Célzott Forgalom Generálása (R1C1_C) | Period: 7.6485
Found 6 valid OD pairs for R1C1_C
Generating focused traffic: Period 7.6485s
[INFO] Subscriptions active: 6 (traci, fast mode)
  [ACTION PPO] R1C1_C: a0=18% (32) a1=8% (15) a2=58% (105) a3=16% (28)
[INFO] Episode duration: 3600s (60 min)

[DEBUG] 🎯 Célzott Forgalom Generálása (R1C1_C) | Period: 5.9632
Found 6 valid OD pairs for R1C1_C
Generating focused traffic: Period 5.9632s
[INFO] Subscriptions active: 6 (traci, fast mode)
  [ACTION PPO] R1C1_C: a0=23% (41) a1=15% (27) a2=51% (92) a3=11% (20)
[INFO] Episode duration: 2700s (45 min)

[DEBUG] 🎯 Célzott Forgalom Generálása (R1C1_C) | Period: 5.3219
Found 6 valid OD pairs for R1C1_C
Generating focused traffic: Period 5.3219s
[INFO] Subscriptions active: 6 (traci, fast mode)
  [ACTION PPO] R1C1_C: a0=17% (124) a1=10% (74) a2=59% (426) a3=13% (96)
[INFO] Episode duration: 1800s (30 min)

[DEBUG] 🎯 Célzott Forgalom Generálása (R1C1_C) | Period: 6.523
Found 6 valid OD pairs for R1C1_C
Generating focused traffic: Period 6.5230s
[INFO] Subscriptions active: 6 (traci, fast mode)
  [ACTION PPO] R1C1_C: a0=19% (100) a1=9% (47) a2=58% (311) a3=15% (82)
[INFO] Episode duration: 2700s (45 min)

[DEBUG] 🎯 Célzott Forgalom Generálása (R1C1_C) | Period: 5.2449
Found 6 valid OD pairs for R1C1_C
Generating focused traffic: Period 5.2449s
[INFO] Subscriptions active: 6 (traci, fast mode)
  [ACTION PPO] R1C1_C: a0=18% (66) a1=10% (37) a2=57% (204) a3=15% (53)
[INFO] Episode duration: 900s (15 min)

[DEBUG] 🎯 Célzott Forgalom Generálása (R1C1_C) | Period: 5.91
Found 6 valid OD pairs for R1C1_C
Generating focused traffic: Period 5.9100s
[INFO] Subscriptions active: 6 (traci, fast mode)
  [ACTION PPO] R1C1_C: a0=17% (92) a1=9% (50) a2=58% (312) a3=16% (86)
[INFO] Episode duration: 3600s (60 min)

[DEBUG] 🎯 Célzott Forgalom Generálása (R1C1_C) | Period: 5.3425
Found 6 valid OD pairs for R1C1_C
Generating focused traffic: Period 5.3425s
[INFO] Subscriptions active: 6 (traci, fast mode)
  [ACTION PPO] R1C1_C: a0=16% (29) a1=6% (10) a2=61% (109) a3=18% (32)
[INFO] Episode duration: 900s (15 min)

[DEBUG] 🎯 Célzott Forgalom Generálása (R1C1_C) | Period: 4.5525
Found 6 valid OD pairs for R1C1_C
Generating focused traffic: Period 4.5525s
[INFO] Subscriptions active: 6 (traci, fast mode)
  [ACTION PPO] R1C1_C: a0=17% (124) a1=9% (64) a2=55% (398) a3=19% (134)
[INFO] Episode duration: 2700s (45 min)

[DEBUG] 🎯 Célzott Forgalom Generálása (R1C1_C) | Period: 4.0374
Found 6 valid OD pairs for R1C1_C
Generating focused traffic: Period 4.0374s
[INFO] Subscriptions active: 6 (traci, fast mode)
  [ACTION PPO] R1C1_C: a0=16% (29) a1=9% (16) a2=60% (108) a3=15% (27)
[INFO] Episode duration: 3600s (60 min)

[DEBUG] 🎯 Célzott Forgalom Generálása (R1C1_C) | Period: 4.3446
Found 6 valid OD pairs for R1C1_C
Generating focused traffic: Period 4.3446s
[INFO] Subscriptions active: 6 (traci, fast mode)
  [ACTION PPO] R1C1_C: a0=15% (83) a1=7% (37) a2=61% (331) a3=16% (89)
[INFO] Episode duration: 3600s (60 min)

[DEBUG] 🎯 Célzott Forgalom Generálása (R1C1_C) | Period: 6.3778
Found 6 valid OD pairs for R1C1_C
Generating focused traffic: Period 6.3778s
[INFO] Subscriptions active: 6 (traci, fast mode)
  [ACTION PPO] R1C1_C: a0=15% (106) a1=11% (81) a2=58% (419) a3=16% (114)
[INFO] Episode duration: 3600s (60 min)

[DEBUG] 🎯 Célzott Forgalom Generálása (R1C1_C) | Period: 6.0332
Found 6 valid OD pairs for R1C1_C
Generating focused traffic: Period 6.0332s
[INFO] Subscriptions active: 6 (traci, fast mode)
  [ACTION PPO] R1C1_C: a0=16% (114) a1=10% (69) a2=59% (425) a3=16% (112)
[INFO] Episode duration: 3600s (60 min)

[DEBUG] 🎯 Célzott Forgalom Generálása (R1C1_C) | Period: 7.7394
Found 6 valid OD pairs for R1C1_C
Generating focused traffic: Period 7.7394s
[INFO] Subscriptions active: 6 (traci, fast mode)
  [ACTION PPO] R1C1_C: a0=13% (96) a1=9% (63) a2=62% (448) a3=16% (113)
[INFO] Episode duration: 3600s (60 min)

[DEBUG] 🎯 Célzott Forgalom Generálása (R1C1_C) | Period: 5.8419
Found 6 valid OD pairs for R1C1_C
Generating focused traffic: Period 5.8419s
[INFO] Subscriptions active: 6 (traci, fast mode)
  [ACTION PPO] R1C1_C: a0=17% (120) a1=10% (72) a2=59% (425) a3=14% (103)
[INFO] Episode duration: 3600s (60 min)

[DEBUG] 🎯 Célzott Forgalom Generálása (R1C1_C) | Period: 4.8685
Found 6 valid OD pairs for R1C1_C
Generating focused traffic: Period 4.8685s
[INFO] Subscriptions active: 6 (traci, fast mode)
  [ACTION PPO] R1C1_C: a0=17% (122) a1=10% (73) a2=58% (420) a3=15% (105)
[INFO] Episode duration: 1800s (30 min)

[DEBUG] 🎯 Célzott Forgalom Generálása (R1C1_C) | Period: 6.8109
Found 6 valid OD pairs for R1C1_C
Generating focused traffic: Period 6.8109s
[INFO] Subscriptions active: 6 (traci, fast mode)
  [ACTION PPO] R1C1_C: a0=16% (117) a1=9% (67) a2=60% (431) a3=15% (105)
[INFO] Episode duration: 3600s (60 min)

[DEBUG] 🎯 Célzott Forgalom Generálása (R1C1_C) | Period: 6.29
Found 6 valid OD pairs for R1C1_C
Generating focused traffic: Period 6.2900s
[INFO] Subscriptions active: 6 (traci, fast mode)
  [ACTION PPO] R1C1_C: a0=15% (53) a1=9% (31) a2=61% (221) a3=15% (55)
[INFO] Episode duration: 3600s (60 min)

[DEBUG] 🎯 Célzott Forgalom Generálása (R1C1_C) | Period: 5.3435
Found 6 valid OD pairs for R1C1_C
Generating focused traffic: Period 5.3435s
[INFO] Subscriptions active: 6 (traci, fast mode)
  [ACTION PPO] R1C1_C: a0=16% (113) a1=6% (40) a2=63% (457) a3=15% (110)
[INFO] Episode duration: 2700s (45 min)

[DEBUG] 🎯 Célzott Forgalom Generálása (R1C1_C) | Period: 6.2088
Found 6 valid OD pairs for R1C1_C
Generating focused traffic: Period 6.2088s
[INFO] Subscriptions active: 6 (traci, fast mode)
  [ACTION PPO] R1C1_C: a0=13% (94) a1=8% (58) a2=64% (458) a3=15% (110)
-----------------------------------------
| rollout/                |             |
|    ep_len_mean          | 445         |
|    ep_rew_mean          | 53.1        |
| time/                   |             |
|    fps                  | 29          |
|    iterations           | 40          |
|    time_elapsed         | 2796        |
|    total_timesteps      | 81920       |
| train/                  |             |
|    approx_kl            | 0.004112478 |
|    clip_fraction        | 0           |
|    clip_range           | 0.2         |
|    entropy_loss         | -1.05       |
|    explained_variance   | 2.21e-05    |
|    learning_rate        | 0.0001      |
|    loss                 | 0.2         |
|    n_updates            | 390         |
|    policy_gradient_loss | -0.00293    |
|    value_loss           | 1.29        |
-----------------------------------------
[INFO] Episode duration: 1800s (30 min)

[DEBUG] 🎯 Célzott Forgalom Generálása (R1C1_C) | Period: 7.5932
Found 6 valid OD pairs for R1C1_C
Generating focused traffic: Period 7.5932s
[INFO] Subscriptions active: 6 (traci, fast mode)
  [ACTION PPO] R1C1_C: a0=16% (84) a1=8% (42) a2=64% (345) a3=13% (69)
[INFO] Episode duration: 1800s (30 min)

[DEBUG] 🎯 Célzott Forgalom Generálása (R1C1_C) | Period: 7.6907
Found 6 valid OD pairs for R1C1_C
Generating focused traffic: Period 7.6907s
[INFO] Subscriptions active: 6 (traci, fast mode)
  [ACTION PPO] R1C1_C: a0=11% (40) a1=9% (33) a2=63% (227) a3=17% (60)
[INFO] Episode duration: 3600s (60 min)

[DEBUG] 🎯 Célzott Forgalom Generálása (R1C1_C) | Period: 7.8408
Found 6 valid OD pairs for R1C1_C
Generating focused traffic: Period 7.8408s
[INFO] Subscriptions active: 6 (traci, fast mode)
  [ACTION PPO] R1C1_C: a0=16% (56) a1=9% (31) a2=62% (222) a3=14% (51)
[INFO] Episode duration: 900s (15 min)

[DEBUG] 🎯 Célzott Forgalom Generálása (R1C1_C) | Period: 7.0569
Found 6 valid OD pairs for R1C1_C
Generating focused traffic: Period 7.0569s
[INFO] Subscriptions active: 6 (traci, fast mode)
  [ACTION PPO] R1C1_C: a0=12% (87) a1=7% (51) a2=66% (473) a3=15% (109)
[INFO] Episode duration: 2700s (45 min)

[DEBUG] 🎯 Célzott Forgalom Generálása (R1C1_C) | Period: 4.7285
Found 6 valid OD pairs for R1C1_C
Generating focused traffic: Period 4.7285s
[INFO] Subscriptions active: 6 (traci, fast mode)
  [ACTION PPO] R1C1_C: a0=17% (30) a1=7% (12) a2=62% (112) a3=14% (26)
[INFO] Episode duration: 2700s (45 min)

[DEBUG] 🎯 Célzott Forgalom Generálása (R1C1_C) | Period: 5.9457
Found 6 valid OD pairs for R1C1_C
Generating focused traffic: Period 5.9457s
[INFO] Subscriptions active: 6 (traci, fast mode)
  [ACTION PPO] R1C1_C: a0=11% (62) a1=8% (41) a2=67% (362) a3=14% (75)
[INFO] Episode duration: 3600s (60 min)

[DEBUG] 🎯 Célzott Forgalom Generálása (R1C1_C) | Period: 4.3833
Found 6 valid OD pairs for R1C1_C
Generating focused traffic: Period 4.3833s
[INFO] Subscriptions active: 6 (traci, fast mode)
  [ACTION PPO] R1C1_C: a0=12% (63) a1=6% (34) a2=71% (384) a3=11% (59)
[INFO] Episode duration: 900s (15 min)

[DEBUG] 🎯 Célzott Forgalom Generálása (R1C1_C) | Period: 5.225
Found 6 valid OD pairs for R1C1_C
Generating focused traffic: Period 5.2250s
[INFO] Subscriptions active: 6 (traci, fast mode)
  [ACTION PPO] R1C1_C: a0=14% (100) a1=6% (42) a2=67% (480) a3=14% (98)
[INFO] Episode duration: 1800s (30 min)

[DEBUG] 🎯 Célzott Forgalom Generálása (R1C1_C) | Period: 7.9282
Found 6 valid OD pairs for R1C1_C
Generating focused traffic: Period 7.9282s
[INFO] Subscriptions active: 6 (traci, fast mode)
  [ACTION PPO] R1C1_C: a0=9% (17) a1=7% (12) a2=69% (125) a3=14% (26)
[INFO] Episode duration: 900s (15 min)

[DEBUG] 🎯 Célzott Forgalom Generálása (R1C1_C) | Period: 6.6897
Found 6 valid OD pairs for R1C1_C
Generating focused traffic: Period 6.6897s
[INFO] Subscriptions active: 6 (traci, fast mode)
  [ACTION PPO] R1C1_C: a0=12% (45) a1=9% (32) a2=64% (231) a3=14% (52)
[INFO] Episode duration: 1800s (30 min)

[DEBUG] 🎯 Célzott Forgalom Generálása (R1C1_C) | Period: 7.1351
Found 6 valid OD pairs for R1C1_C
Generating focused traffic: Period 7.1351s
[INFO] Subscriptions active: 6 (traci, fast mode)
  [ACTION PPO] R1C1_C: a0=20% (36) a1=5% (9) a2=60% (108) a3=15% (27)
[INFO] Episode duration: 1800s (30 min)

[DEBUG] 🎯 Célzott Forgalom Generálása (R1C1_C) | Period: 6.9397
Found 6 valid OD pairs for R1C1_C
Generating focused traffic: Period 6.9397s
[INFO] Subscriptions active: 6 (traci, fast mode)
  [ACTION PPO] R1C1_C: a0=16% (57) a1=10% (36) a2=62% (225) a3=12% (42)
[INFO] Episode duration: 2700s (45 min)

[DEBUG] 🎯 Célzott Forgalom Generálása (R1C1_C) | Period: 4.8117
Found 6 valid OD pairs for R1C1_C
Generating focused traffic: Period 4.8117s
[INFO] Subscriptions active: 6 (traci, fast mode)
  [ACTION PPO] R1C1_C: a0=13% (48) a1=6% (23) a2=62% (223) a3=18% (66)
[INFO] Episode duration: 900s (15 min)

[DEBUG] 🎯 Célzott Forgalom Generálása (R1C1_C) | Period: 5.7499
Found 6 valid OD pairs for R1C1_C
Generating focused traffic: Period 5.7499s
[INFO] Subscriptions active: 6 (traci, fast mode)
  [ACTION PPO] R1C1_C: a0=17% (92) a1=8% (41) a2=60% (324) a3=15% (83)
[INFO] Episode duration: 2700s (45 min)

[DEBUG] 🎯 Célzott Forgalom Generálása (R1C1_C) | Period: 4.864
Found 6 valid OD pairs for R1C1_C
Generating focused traffic: Period 4.8640s
[INFO] Subscriptions active: 6 (traci, fast mode)
  [ACTION PPO] R1C1_C: a0=11% (19) a1=8% (15) a2=65% (117) a3=16% (29)
[INFO] Episode duration: 900s (15 min)

[DEBUG] 🎯 Célzott Forgalom Generálása (R1C1_C) | Period: 6.1138
Found 6 valid OD pairs for R1C1_C
Generating focused traffic: Period 6.1138s
[INFO] Subscriptions active: 6 (traci, fast mode)
  [ACTION PPO] R1C1_C: a0=19% (100) a1=8% (42) a2=58% (312) a3=16% (86)
[INFO] Episode duration: 2700s (45 min)

[DEBUG] 🎯 Célzott Forgalom Generálása (R1C1_C) | Period: 7.1278
Found 6 valid OD pairs for R1C1_C
Generating focused traffic: Period 7.1278s
[INFO] Subscriptions active: 6 (traci, fast mode)
  [ACTION PPO] R1C1_C: a0=17% (30) a1=9% (16) a2=62% (112) a3=12% (22)
[INFO] Episode duration: 900s (15 min)

[DEBUG] 🎯 Célzott Forgalom Generálása (R1C1_C) | Period: 6.6448
Found 6 valid OD pairs for R1C1_C
Generating focused traffic: Period 6.6448s
[INFO] Subscriptions active: 6 (traci, fast mode)
  [ACTION PPO] R1C1_C: a0=15% (81) a1=7% (37) a2=64% (347) a3=14% (75)
[INFO] Episode duration: 2700s (45 min)

[DEBUG] 🎯 Célzott Forgalom Generálása (R1C1_C) | Period: 4.648
Found 6 valid OD pairs for R1C1_C
Generating focused traffic: Period 4.6480s
[INFO] Subscriptions active: 6 (traci, fast mode)
  [ACTION PPO] R1C1_C: a0=11% (19) a1=7% (12) a2=66% (119) a3=17% (30)
[INFO] Episode duration: 2700s (45 min)

[DEBUG] 🎯 Célzott Forgalom Generálása (R1C1_C) | Period: 5.3961
Found 6 valid OD pairs for R1C1_C
Generating focused traffic: Period 5.3961s
[INFO] Subscriptions active: 6 (traci, fast mode)
  [ACTION PPO] R1C1_C: a0=13% (70) a1=9% (48) a2=64% (345) a3=14% (77)
[INFO] Episode duration: 3600s (60 min)

[DEBUG] 🎯 Célzott Forgalom Generálása (R1C1_C) | Period: 6.7187
Found 6 valid OD pairs for R1C1_C
Generating focused traffic: Period 6.7187s
[INFO] Subscriptions active: 6 (traci, fast mode)
  [ACTION PPO] R1C1_C: a0=15% (81) a1=7% (37) a2=61% (329) a3=17% (93)
[INFO] Episode duration: 1800s (30 min)

[DEBUG] 🎯 Célzott Forgalom Generálása (R1C1_C) | Period: 5.096
Found 6 valid OD pairs for R1C1_C
Generating focused traffic: Period 5.0960s
[INFO] Subscriptions active: 6 (traci, fast mode)
  [ACTION PPO] R1C1_C: a0=15% (110) a1=4% (31) a2=70% (504) a3=10% (75)
[INFO] Episode duration: 900s (15 min)

[DEBUG] 🎯 Célzott Forgalom Generálása (R1C1_C) | Period: 7.0425
Found 6 valid OD pairs for R1C1_C
Generating focused traffic: Period 7.0425s
[INFO] Subscriptions active: 6 (traci, fast mode)
  [ACTION PPO] R1C1_C: a0=19% (68) a1=6% (22) a2=66% (237) a3=9% (33)
[INFO] Episode duration: 2700s (45 min)

[DEBUG] 🎯 Célzott Forgalom Generálása (R1C1_C) | Period: 7.9318
Found 6 valid OD pairs for R1C1_C
Generating focused traffic: Period 7.9318s
[INFO] Subscriptions active: 6 (traci, fast mode)
  [ACTION PPO] R1C1_C: a0=17% (30) a1=7% (12) a2=61% (110) a3=16% (28)
[INFO] Episode duration: 900s (15 min)

[DEBUG] 🎯 Célzott Forgalom Generálása (R1C1_C) | Period: 7.171
Found 6 valid OD pairs for R1C1_C
Generating focused traffic: Period 7.1710s
[INFO] Subscriptions active: 6 (traci, fast mode)
  [ACTION PPO] R1C1_C: a0=16% (84) a1=5% (29) a2=67% (364) a3=12% (63)
[INFO] Episode duration: 900s (15 min)

[DEBUG] 🎯 Célzott Forgalom Generálása (R1C1_C) | Period: 4.8018
Found 6 valid OD pairs for R1C1_C
Generating focused traffic: Period 4.8018s
[INFO] Subscriptions active: 6 (traci, fast mode)
  [ACTION PPO] R1C1_C: a0=17% (30) a1=8% (15) a2=64% (115) a3=11% (20)
[INFO] Episode duration: 2700s (45 min)

[DEBUG] 🎯 Célzott Forgalom Generálása (R1C1_C) | Period: 7.5931
Found 6 valid OD pairs for R1C1_C
wandb: WARNING Symlinked 1 file into the W&B run directory; call wandb.save again to sync new files.
/Users/wagnertamas/Documents/Munka/cikkek/AI_agens_konyvtar/support/intergreen_matrix_calculator/rl_trainer.py:992: UserWarning: Exporting a model while it is in training mode. Please ensure that this is intended, as it may lead to different behavior during inference. Calling model.eval() before export is recommended.
  torch.onnx.export(
/Users/wagnertamas/Documents/Munka/cikkek/AI_agens_konyvtar/support/intergreen_matrix_calculator/rl_trainer.py:992: UserWarning: # 'dynamic_axes' is not recommended when dynamo=True, and may lead to 'torch._dynamo.exc.UserError: Constraints violated.' Supply the 'dynamic_shapes' argument instead if export is unsuccessful.
  torch.onnx.export(
wandb: updating run metadata
wandb: uploading pytorch_models/R1C1_C.zip; uploading output.log; uploading wandb-summary.json; uploading config.yaml
wandb: uploading pytorch_models/R1C1_C.zip; uploading output.log; uploading wandb-summary.json
wandb: uploading summary, console lines 1692-1702
wandb: 
wandb: Run history:
wandb:         R1C1_C/action_pct/phase_0 ▆▇▆█▇▆▆▅▇▄▆▆▆▅▄▃▄▄▄▄▄▃▄▄▄▄▄▄▃▄▂▃▃▃▃▃▂▁▁▂
wandb:         R1C1_C/action_pct/phase_1 ▇█▆█▇▅▆▆▅▆▅▆▆▆▅▅▆▃▅▅▄▄▄▅▄▄▄▂▃▂▂▁▂▂▂▁▁▁▂▁
wandb:         R1C1_C/action_pct/phase_2 ▁▂▂▂▁▁▁▂▂▃▃▃▃▃▃▃▄▃▃▄▄▄▆▅▅▆▅▆▆▆▆▆▆▆▆▇▇▇█▇
wandb:         R1C1_C/action_pct/phase_3 ▆▇▇▆▆▆▆▆▅▆▆▆▆█▆▆▇▆▅▆▆▄▄▄▅▆▅▃▄▄▄▃▄▃▂▄▄▂▂▁
wandb:         R1C1_C/train/entropy_loss ▁▁▁▁▁▁▁▁▁▁▁▁▁▁▁▁▂▂▂▂▃▃▃▃▃▄▅▅▅▅▆▆▆▆▆▇████
wandb:        R1C1_C/train/learning_rate ▁▁▁▁▁▁▁▁▁▁▁▁▁▁▁▁▁▁▁▁▁▁▁▁▁▁▁▁▁▁▁▁▁▁▁▁▁▁▁▁
wandb:                 R1C1_C/train/loss ▂▂▂▂▂▁▂▂▂▂▄▄▃▃▅▅▄▄▁▁▂▄▃▂▂▂▅▁▁▁▁▁▁▁▆▃▃███
wandb: R1C1_C/train/policy_gradient_loss ▇▇▇▇▇█▇▇▇▇▆▆██▇▇▆▆██▃▃▃▆▆▁▁▆▇▇█▂▂▆██▅▅▃▇
wandb:           R1C1_C/train/value_loss ▅▅▅▅▅▄▄▁▂▂▁▁▁▂▁▃▃▄▃▃▄█▃▃▃▃▃▄▂▂▃▃▃▆▆▄▆▄▄▆
wandb:                        avg_reward ▁▄▄▂▁▂▁▆▂▁▃▃▂▁▅▁▃▂▂▄▃▂▄█▂▄▄▃▇▃▄▃▂▂▅▄▄▅▃▄
wandb:                                +9 ...
wandb: 
wandb: Run summary:
wandb:         R1C1_C/action_pct/phase_0 11.11111
wandb:         R1C1_C/action_pct/phase_1 6.66667
wandb:         R1C1_C/action_pct/phase_2 73.33333
wandb:         R1C1_C/action_pct/phase_3 8.88889
wandb:         R1C1_C/train/entropy_loss -0.79929
wandb:        R1C1_C/train/learning_rate 0.0001
wandb:                 R1C1_C/train/loss 3.41932
wandb: R1C1_C/train/policy_gradient_loss -0.00079
wandb:           R1C1_C/train/value_loss 3.18269
wandb:                        avg_reward 0.16693
wandb:                                +9 ...
wandb: 
wandb: 🚀 View run ppo_speed_throughput_2x8_2_R1C1_C at: https://wandb.ai/wagnertamas-budapesti-m-szaki-s-gazdas-gtudom-nyi-egyetem/sumo-rl-stat-2/runs/gk7h7tr2
wandb: ⭐️ View project at: https://wandb.ai/wagnertamas-budapesti-m-szaki-s-gazdas-gtudom-nyi-egyetem/sumo-rl-stat-2
wandb: Synced 5 W&B file(s), 0 media file(s), 0 artifact file(s) and 1 other file(s)
wandb: Find logs at: ./wandb/run-20260408_013001-gk7h7tr2/logs
Generating focused traffic: Period 7.5931s
[INFO] Subscriptions active: 6 (traci, fast mode)
  [ACTION PPO] R1C1_C: a0=15% (27) a1=6% (11) a2=69% (125) a3=9% (17)
[INFO] Episode duration: 900s (15 min)

[DEBUG] 🎯 Célzott Forgalom Generálása (R1C1_C) | Period: 6.118
Found 6 valid OD pairs for R1C1_C
Generating focused traffic: Period 6.1180s
[INFO] Subscriptions active: 6 (traci, fast mode)
  [ACTION PPO] R1C1_C: a0=12% (63) a1=6% (32) a2=72% (387) a3=11% (58)
[INFO] Episode duration: 3600s (60 min)

[DEBUG] 🎯 Célzott Forgalom Generálása (R1C1_C) | Period: 6.771
Found 6 valid OD pairs for R1C1_C
Generating focused traffic: Period 6.7710s
[INFO] Subscriptions active: 6 (traci, fast mode)
  [ACTION PPO] R1C1_C: a0=14% (25) a1=7% (12) a2=71% (128) a3=8% (15)
[INFO] Episode duration: 3600s (60 min)

[DEBUG] 🎯 Célzott Forgalom Generálása (R1C1_C) | Period: 7.3488
Found 6 valid OD pairs for R1C1_C
Generating focused traffic: Period 7.3488s
[INFO] Subscriptions active: 6 (traci, fast mode)
  [ACTION PPO] R1C1_C: a0=16% (114) a1=8% (59) a2=65% (467) a3=11% (80)
[INFO] Episode duration: 2700s (45 min)

[DEBUG] 🎯 Célzott Forgalom Generálása (R1C1_C) | Period: 5.7848
Found 6 valid OD pairs for R1C1_C
Generating focused traffic: Period 5.7848s
[INFO] Subscriptions active: 6 (traci, fast mode)
  [ACTION PPO] R1C1_C: a0=14% (101) a1=6% (44) a2=71% (509) a3=9% (66)
[INFO] Episode duration: 1800s (30 min)

[DEBUG] 🎯 Célzott Forgalom Generálása (R1C1_C) | Period: 7.1848
Found 6 valid OD pairs for R1C1_C
Generating focused traffic: Period 7.1848s
[INFO] Subscriptions active: 6 (traci, fast mode)
  [ACTION PPO] R1C1_C: a0=12% (64) a1=7% (36) a2=72% (388) a3=10% (52)
[INFO] Episode duration: 1800s (30 min)

[DEBUG] 🎯 Célzott Forgalom Generálása (R1C1_C) | Period: 4.8188
Found 6 valid OD pairs for R1C1_C
Generating focused traffic: Period 4.8188s
[INFO] Subscriptions active: 6 (traci, fast mode)
  [ACTION PPO] R1C1_C: a0=15% (53) a1=8% (29) a2=71% (254) a3=7% (24)
[INFO] Episode duration: 900s (15 min)

[DEBUG] 🎯 Célzott Forgalom Generálása (R1C1_C) | Period: 4.0363
Found 6 valid OD pairs for R1C1_C
Generating focused traffic: Period 4.0363s
[INFO] Subscriptions active: 6 (traci, fast mode)
  [ACTION PPO] R1C1_C: a0=11% (39) a1=5% (18) a2=71% (257) a3=13% (46)
[INFO] Episode duration: 1800s (30 min)

[DEBUG] 🎯 Célzott Forgalom Generálása (R1C1_C) | Period: 7.9809
Found 6 valid OD pairs for R1C1_C
Generating focused traffic: Period 7.9809s
[INFO] Subscriptions active: 6 (traci, fast mode)
  [ACTION PPO] R1C1_C: a0=14% (25) a1=7% (12) a2=67% (121) a3=12% (22)
[INFO] Episode duration: 2700s (45 min)

[DEBUG] 🎯 Célzott Forgalom Generálása (R1C1_C) | Period: 7.8244
Found 6 valid OD pairs for R1C1_C
Generating focused traffic: Period 7.8244s
[INFO] Subscriptions active: 6 (traci, fast mode)
  [ACTION PPO] R1C1_C: a0=13% (46) a1=5% (18) a2=71% (257) a3=11% (39)
[INFO] Episode duration: 900s (15 min)

[DEBUG] 🎯 Célzott Forgalom Generálása (R1C1_C) | Period: 7.325
Found 6 valid OD pairs for R1C1_C
Generating focused traffic: Period 7.3250s
[INFO] Subscriptions active: 6 (traci, fast mode)
  [ACTION PPO] R1C1_C: a0=10% (52) a1=4% (20) a2=77% (416) a3=10% (52)
[INFO] Episode duration: 900s (15 min)

[DEBUG] 🎯 Célzott Forgalom Generálása (R1C1_C) | Period: 5.3726
Found 6 valid OD pairs for R1C1_C
Generating focused traffic: Period 5.3726s
[INFO] Subscriptions active: 6 (traci, fast mode)
  [ACTION PPO] R1C1_C: a0=13% (24) a1=8% (14) a2=71% (127) a3=8% (15)
[INFO] Episode duration: 900s (15 min)

[DEBUG] 🎯 Célzott Forgalom Generálása (R1C1_C) | Period: 6.6673
Found 6 valid OD pairs for R1C1_C
Generating focused traffic: Period 6.6673s
[INFO] Subscriptions active: 6 (traci, fast mode)
  [ACTION PPO] R1C1_C: a0=12% (21) a1=4% (7) a2=76% (137) a3=8% (15)
[INFO] Episode duration: 900s (15 min)

[DEBUG] 🎯 Célzott Forgalom Generálása (R1C1_C) | Period: 6.899
Found 6 valid OD pairs for R1C1_C
Generating focused traffic: Period 6.8990s
[INFO] Subscriptions active: 6 (traci, fast mode)
  [ACTION PPO] R1C1_C: a0=7% (12) a1=4% (8) a2=82% (148) a3=7% (12)
[INFO] Episode duration: 1800s (30 min)

[DEBUG] 🎯 Célzott Forgalom Generálása (R1C1_C) | Period: 6.9243
Found 6 valid OD pairs for R1C1_C
Generating focused traffic: Period 6.9243s
[INFO] Subscriptions active: 6 (traci, fast mode)
  [ACTION PPO] R1C1_C: a0=10% (18) a1=6% (11) a2=72% (129) a3=12% (22)
[INFO] Episode duration: 2700s (45 min)

[DEBUG] 🎯 Célzott Forgalom Generálása (R1C1_C) | Period: 7.2959
Found 6 valid OD pairs for R1C1_C
Generating focused traffic: Period 7.2959s
[INFO] Subscriptions active: 6 (traci, fast mode)
  [ACTION PPO] R1C1_C: a0=14% (49) a1=6% (23) a2=71% (256) a3=9% (32)
[INFO] Episode duration: 1800s (30 min)

[DEBUG] 🎯 Célzott Forgalom Generálása (R1C1_C) | Period: 6.2842
Found 6 valid OD pairs for R1C1_C
Generating focused traffic: Period 6.2842s
[INFO] Subscriptions active: 6 (traci, fast mode)
  [ACTION PPO] R1C1_C: a0=10% (56) a1=4% (20) a2=75% (405) a3=11% (59)
[INFO] Episode duration: 2700s (45 min)

[DEBUG] 🎯 Célzott Forgalom Generálása (R1C1_C) | Period: 4.116
Found 6 valid OD pairs for R1C1_C
Generating focused traffic: Period 4.1160s
[INFO] Subscriptions active: 6 (traci, fast mode)
  [ACTION PPO] R1C1_C: a0=10% (36) a1=7% (24) a2=73% (264) a3=10% (36)
[INFO] Episode duration: 2700s (45 min)

[DEBUG] 🎯 Célzott Forgalom Generálása (R1C1_C) | Period: 4.8843
Found 6 valid OD pairs for R1C1_C
Generating focused traffic: Period 4.8843s
[INFO] Subscriptions active: 6 (traci, fast mode)
  [ACTION PPO] R1C1_C: a0=11% (61) a1=4% (21) a2=74% (402) a3=10% (56)
[INFO] Episode duration: 1800s (30 min)

[DEBUG] 🎯 Célzott Forgalom Generálása (R1C1_C) | Period: 7.2469
Found 6 valid OD pairs for R1C1_C
Generating focused traffic: Period 7.2469s
[INFO] Subscriptions active: 6 (traci, fast mode)
  [ACTION PPO] R1C1_C: a0=13% (69) a1=4% (24) a2=72% (391) a3=10% (56)
[INFO] Episode duration: 3600s (60 min)

[DEBUG] 🎯 Célzott Forgalom Generálása (R1C1_C) | Period: 6.8164
Found 6 valid OD pairs for R1C1_C
Generating focused traffic: Period 6.8164s
[INFO] Subscriptions active: 6 (traci, fast mode)
  [ACTION PPO] R1C1_C: a0=11% (40) a1=7% (24) a2=73% (264) a3=9% (32)
On-policy training completed.
Closing environment and EXPORTING models...
Saving PyTorch ZIP models to /Users/wagnertamas/Documents/Munka/cikkek/AI_agens_konyvtar/support/intergreen_matrix_calculator/data/runs/pytorch_models...
Saved PyTorch R1C1_C to /Users/wagnertamas/Documents/Munka/cikkek/AI_agens_konyvtar/support/intergreen_matrix_calculator/data/runs/pytorch_models/R1C1_C.zip
Exporting ONNX models to /Users/wagnertamas/Documents/Munka/cikkek/AI_agens_konyvtar/support/intergreen_matrix_calculator/data/runs/onnx_models...
Failed to export R1C1_C: # Failed to convert 'dynamic_axes' to 'dynamic_shapes'. Please provide 'dynamic_shapes' directly. Refer to the documentation for 'torch.export.export' for more information on dynamic shapes.
Cleanup done.
