wandb: [wandb.login()] Loaded credentials for https://api.wandb.ai from /Users/wagnertamas/.netrc.
wandb: Currently logged in as: wagnertamas (wagnertamas-budapesti-m-szaki-s-gazdas-gtudom-nyi-egyetem) to https://api.wandb.ai. Use `wandb login --relogin` to force relogin
wandb: setting up run omuahf0l
wandb: Tracking run with wandb version 0.25.0
wandb: Run data is saved locally in /Users/wagnertamas/Documents/Munka/cikkek/AI_agens_konyvtar/support/intergreen_matrix_calculator/wandb/run-20260321_232343-omuahf0l
wandb: Run `wandb offline` to turn off syncing.
wandb: Syncing run ppo_halt_ratio_2x64_2_R1C1_C
wandb: ⭐️ View project at https://wandb.ai/wagnertamas-budapesti-m-szaki-s-gazdas-gtudom-nyi-egyetem/sumo-rl-stat
wandb: 🚀 View run at https://wandb.ai/wagnertamas-budapesti-m-szaki-s-gazdas-gtudom-nyi-egyetem/sumo-rl-stat/runs/omuahf0l
[INFO] Config: training_config.yaml
[INFO] Net: /Users/wagnertamas/Documents/Munka/cikkek/AI_agens_konyvtar/support/intergreen_matrix_calculator/data/mega_catalogue_v2.net.xml
[INFO] Timesteps: 100000 | Project: sumo-rl-stat
[INFO] Junction: R1C1_C
[INFO] Algorithm: ppo | Reward: halt_ratio
[INFO] Load model: None (fresh)
[INFO] Traffic: random target+spread (epizódonként)
Initializing Environment (algorithm=ppo, reward=halt_ratio)...
[INFO] Algorithm: ppo (on_policy)
[INFO] Reward mode: halt_ratio
WandB config applied (Sweep compatible).
[INFO] Junction reward params auto-loaded from /Users/wagnertamas/Documents/Munka/cikkek/AI_agens_konyvtar/support/intergreen_matrix_calculator/data/junction_reward_params.json
[INFO] Using 'libsumo' (fast headless mode, OS=darwin).
Starting SUMO...
[INFO] Episode duration: 1800s (30 min)

[DEBUG] 🎯 Célzott Forgalom Generálása (R1C1_C) | Period: 6.7551
Found 6 valid OD pairs for R1C1_C
Generating focused traffic: Period 6.7551s
[INFO] Network mapped: 1 agents, 3 detectors, 3 lanes
[INFO] Subscriptions active: 6 (libsumo, fast mode)
Agents discovered: ['R1C1_C']
[INFO] RL device: mps
[INFO] On-policy training: ppo → R1C1_C
Using mps device
Wrapping the env with a `Monitor` wrapper
Wrapping the env in a DummyVecEnv.
Starting on-policy training: 100000 timesteps...
[INFO] Episode duration: 1800s (30 min)

[DEBUG] 🎯 Célzott Forgalom Generálása (R1C1_C) | Period: 5.2092
Found 6 valid OD pairs for R1C1_C
Generating focused traffic: Period 5.2092s
[INFO] Subscriptions active: 6 (libsumo, fast mode)
Logging to /Users/wagnertamas/Documents/Munka/cikkek/AI_agens_konyvtar/support/intergreen_matrix_calculator/data/runs/sumo-rl-stat/R1C1_C/PPO_119
[INFO] Episode duration: 3600s (60 min)

[DEBUG] 🎯 Célzott Forgalom Generálása (R1C1_C) | Period: 7.9057
Found 6 valid OD pairs for R1C1_C
Generating focused traffic: Period 7.9057s
[INFO] Subscriptions active: 6 (libsumo, fast mode)
[INFO] Episode duration: 2700s (45 min)

[DEBUG] 🎯 Célzott Forgalom Generálása (R1C1_C) | Period: 7.2322
Found 6 valid OD pairs for R1C1_C
Generating focused traffic: Period 7.2322s
[INFO] Subscriptions active: 6 (libsumo, fast mode)
[INFO] Episode duration: 1800s (30 min)

[DEBUG] 🎯 Célzott Forgalom Generálása (R1C1_C) | Period: 7.5069
Found 6 valid OD pairs for R1C1_C
Generating focused traffic: Period 7.5069s
[INFO] Subscriptions active: 6 (libsumo, fast mode)
[INFO] Episode duration: 2700s (45 min)

[DEBUG] 🎯 Célzott Forgalom Generálása (R1C1_C) | Period: 7.9185
Found 6 valid OD pairs for R1C1_C
Generating focused traffic: Period 7.9185s
[INFO] Subscriptions active: 6 (libsumo, fast mode)
[INFO] Episode duration: 3600s (60 min)

[DEBUG] 🎯 Célzott Forgalom Generálása (R1C1_C) | Period: 5.097
Found 6 valid OD pairs for R1C1_C
Generating focused traffic: Period 5.0970s
[INFO] Subscriptions active: 6 (libsumo, fast mode)
[INFO] Episode duration: 900s (15 min)

[DEBUG] 🎯 Célzott Forgalom Generálása (R1C1_C) | Period: 4.1795
Found 6 valid OD pairs for R1C1_C
Generating focused traffic: Period 4.1795s
[INFO] Subscriptions active: 6 (libsumo, fast mode)
[INFO] Episode duration: 2700s (45 min)

[DEBUG] 🎯 Célzott Forgalom Generálása (R1C1_C) | Period: 5.6314
Found 6 valid OD pairs for R1C1_C
Generating focused traffic: Period 5.6314s
[INFO] Subscriptions active: 6 (libsumo, fast mode)
[INFO] Episode duration: 3600s (60 min)

[DEBUG] 🎯 Célzott Forgalom Generálása (R1C1_C) | Period: 4.2513
Found 6 valid OD pairs for R1C1_C
Generating focused traffic: Period 4.2513s
[INFO] Subscriptions active: 6 (libsumo, fast mode)
[INFO] Episode duration: 3600s (60 min)

[DEBUG] 🎯 Célzott Forgalom Generálása (R1C1_C) | Period: 6.1739
Found 6 valid OD pairs for R1C1_C
Generating focused traffic: Period 6.1739s
[INFO] Subscriptions active: 6 (libsumo, fast mode)
[INFO] Episode duration: 2700s (45 min)

[DEBUG] 🎯 Célzott Forgalom Generálása (R1C1_C) | Period: 5.9076
Found 6 valid OD pairs for R1C1_C
Generating focused traffic: Period 5.9076s
[INFO] Subscriptions active: 6 (libsumo, fast mode)
[INFO] Episode duration: 3600s (60 min)

[DEBUG] 🎯 Célzott Forgalom Generálása (R1C1_C) | Period: 6.2174
Found 6 valid OD pairs for R1C1_C
Generating focused traffic: Period 6.2174s
[INFO] Subscriptions active: 6 (libsumo, fast mode)
[INFO] Episode duration: 900s (15 min)

[DEBUG] 🎯 Célzott Forgalom Generálása (R1C1_C) | Period: 5.8396
Found 6 valid OD pairs for R1C1_C
Generating focused traffic: Period 5.8396s
[INFO] Subscriptions active: 6 (libsumo, fast mode)
[INFO] Episode duration: 2700s (45 min)

[DEBUG] 🎯 Célzott Forgalom Generálása (R1C1_C) | Period: 6.3471
Found 6 valid OD pairs for R1C1_C
Generating focused traffic: Period 6.3471s
[INFO] Subscriptions active: 6 (libsumo, fast mode)
[INFO] Episode duration: 2700s (45 min)

[DEBUG] 🎯 Célzott Forgalom Generálása (R1C1_C) | Period: 7.294
Found 6 valid OD pairs for R1C1_C
Generating focused traffic: Period 7.2940s
[INFO] Subscriptions active: 6 (libsumo, fast mode)
[INFO] Episode duration: 2700s (45 min)

[DEBUG] 🎯 Célzott Forgalom Generálása (R1C1_C) | Period: 6.8976
Found 6 valid OD pairs for R1C1_C
Generating focused traffic: Period 6.8976s
[INFO] Subscriptions active: 6 (libsumo, fast mode)
[INFO] Episode duration: 2700s (45 min)

[DEBUG] 🎯 Célzott Forgalom Generálása (R1C1_C) | Period: 5.7455
Found 6 valid OD pairs for R1C1_C
Generating focused traffic: Period 5.7455s
[INFO] Subscriptions active: 6 (libsumo, fast mode)
[INFO] Episode duration: 3600s (60 min)

[DEBUG] 🎯 Célzott Forgalom Generálása (R1C1_C) | Period: 5.2459
Found 6 valid OD pairs for R1C1_C
Generating focused traffic: Period 5.2459s
[INFO] Subscriptions active: 6 (libsumo, fast mode)
[INFO] Episode duration: 900s (15 min)

[DEBUG] 🎯 Célzott Forgalom Generálása (R1C1_C) | Period: 5.8512
Found 6 valid OD pairs for R1C1_C
Generating focused traffic: Period 5.8512s
[INFO] Subscriptions active: 6 (libsumo, fast mode)
[INFO] Episode duration: 1800s (30 min)

[DEBUG] 🎯 Célzott Forgalom Generálása (R1C1_C) | Period: 4.8287
Found 6 valid OD pairs for R1C1_C
Generating focused traffic: Period 4.8287s
[INFO] Subscriptions active: 6 (libsumo, fast mode)
[INFO] Episode duration: 2700s (45 min)

[DEBUG] 🎯 Célzott Forgalom Generálása (R1C1_C) | Period: 4.5348
Found 6 valid OD pairs for R1C1_C
Generating focused traffic: Period 4.5348s
[INFO] Subscriptions active: 6 (libsumo, fast mode)
[INFO] Episode duration: 900s (15 min)

[DEBUG] 🎯 Célzott Forgalom Generálása (R1C1_C) | Period: 6.6228
Found 6 valid OD pairs for R1C1_C
Generating focused traffic: Period 6.6228s
[INFO] Subscriptions active: 6 (libsumo, fast mode)
[INFO] Episode duration: 900s (15 min)

[DEBUG] 🎯 Célzott Forgalom Generálása (R1C1_C) | Period: 6.3387
Found 6 valid OD pairs for R1C1_C
Generating focused traffic: Period 6.3387s
[INFO] Subscriptions active: 6 (libsumo, fast mode)
[INFO] Episode duration: 900s (15 min)

[DEBUG] 🎯 Célzott Forgalom Generálása (R1C1_C) | Period: 7.8107
Found 6 valid OD pairs for R1C1_C
Generating focused traffic: Period 7.8107s
[INFO] Subscriptions active: 6 (libsumo, fast mode)
[INFO] Episode duration: 900s (15 min)

[DEBUG] 🎯 Célzott Forgalom Generálása (R1C1_C) | Period: 4.5726
Found 6 valid OD pairs for R1C1_C
Generating focused traffic: Period 4.5726s
[INFO] Subscriptions active: 6 (libsumo, fast mode)
[INFO] Episode duration: 900s (15 min)

[DEBUG] 🎯 Célzott Forgalom Generálása (R1C1_C) | Period: 4.2676
Found 6 valid OD pairs for R1C1_C
Generating focused traffic: Period 4.2676s
[INFO] Subscriptions active: 6 (libsumo, fast mode)
[INFO] Episode duration: 1800s (30 min)

[DEBUG] 🎯 Célzott Forgalom Generálása (R1C1_C) | Period: 5.0182
Found 6 valid OD pairs for R1C1_C
Generating focused traffic: Period 5.0182s
[INFO] Subscriptions active: 6 (libsumo, fast mode)
[INFO] Episode duration: 900s (15 min)

[DEBUG] 🎯 Célzott Forgalom Generálása (R1C1_C) | Period: 5.9097
Found 6 valid OD pairs for R1C1_C
Generating focused traffic: Period 5.9097s
[INFO] Subscriptions active: 6 (libsumo, fast mode)
[INFO] Episode duration: 1800s (30 min)

[DEBUG] 🎯 Célzott Forgalom Generálása (R1C1_C) | Period: 7.6784
Found 6 valid OD pairs for R1C1_C
Generating focused traffic: Period 7.6784s
[INFO] Subscriptions active: 6 (libsumo, fast mode)
[INFO] Episode duration: 3600s (60 min)

[DEBUG] 🎯 Célzott Forgalom Generálása (R1C1_C) | Period: 6.65
Found 6 valid OD pairs for R1C1_C
Generating focused traffic: Period 6.6500s
[INFO] Subscriptions active: 6 (libsumo, fast mode)
[INFO] Episode duration: 2700s (45 min)

[DEBUG] 🎯 Célzott Forgalom Generálása (R1C1_C) | Period: 4.4995
Found 6 valid OD pairs for R1C1_C
Generating focused traffic: Period 4.4995s
[INFO] Subscriptions active: 6 (libsumo, fast mode)
[INFO] Episode duration: 2700s (45 min)

[DEBUG] 🎯 Célzott Forgalom Generálása (R1C1_C) | Period: 6.3786
Found 6 valid OD pairs for R1C1_C
Generating focused traffic: Period 6.3786s
[INFO] Subscriptions active: 6 (libsumo, fast mode)
[INFO] Episode duration: 3600s (60 min)

[DEBUG] 🎯 Célzott Forgalom Generálása (R1C1_C) | Period: 7.9426
Found 6 valid OD pairs for R1C1_C
Generating focused traffic: Period 7.9426s
[INFO] Subscriptions active: 6 (libsumo, fast mode)
[INFO] Episode duration: 900s (15 min)

[DEBUG] 🎯 Célzott Forgalom Generálása (R1C1_C) | Period: 4.5181
Found 6 valid OD pairs for R1C1_C
Generating focused traffic: Period 4.5181s
[INFO] Subscriptions active: 6 (libsumo, fast mode)
[INFO] Episode duration: 900s (15 min)

[DEBUG] 🎯 Célzott Forgalom Generálása (R1C1_C) | Period: 5.2677
Found 6 valid OD pairs for R1C1_C
Generating focused traffic: Period 5.2677s
[INFO] Subscriptions active: 6 (libsumo, fast mode)
[INFO] Episode duration: 1800s (30 min)

[DEBUG] 🎯 Célzott Forgalom Generálása (R1C1_C) | Period: 5.3339
Found 6 valid OD pairs for R1C1_C
Generating focused traffic: Period 5.3339s
[INFO] Subscriptions active: 6 (libsumo, fast mode)
[INFO] Episode duration: 3600s (60 min)

[DEBUG] 🎯 Célzott Forgalom Generálása (R1C1_C) | Period: 7.8148
Found 6 valid OD pairs for R1C1_C
Generating focused traffic: Period 7.8148s
[INFO] Subscriptions active: 6 (libsumo, fast mode)
[INFO] Episode duration: 3600s (60 min)

[DEBUG] 🎯 Célzott Forgalom Generálása (R1C1_C) | Period: 5.513
Found 6 valid OD pairs for R1C1_C
Generating focused traffic: Period 5.5130s
[INFO] Subscriptions active: 6 (libsumo, fast mode)
[INFO] Episode duration: 3600s (60 min)

[DEBUG] 🎯 Célzott Forgalom Generálása (R1C1_C) | Period: 6.464
Found 6 valid OD pairs for R1C1_C
Generating focused traffic: Period 6.4640s
[INFO] Subscriptions active: 6 (libsumo, fast mode)
[INFO] Episode duration: 900s (15 min)

[DEBUG] 🎯 Célzott Forgalom Generálása (R1C1_C) | Period: 7.7699
Found 6 valid OD pairs for R1C1_C
Generating focused traffic: Period 7.7699s
[INFO] Subscriptions active: 6 (libsumo, fast mode)
[INFO] Episode duration: 2700s (45 min)

[DEBUG] 🎯 Célzott Forgalom Generálása (R1C1_C) | Period: 5.7219
Found 6 valid OD pairs for R1C1_C
Generating focused traffic: Period 5.7219s
[INFO] Subscriptions active: 6 (libsumo, fast mode)
[INFO] Episode duration: 1800s (30 min)

[DEBUG] 🎯 Célzott Forgalom Generálása (R1C1_C) | Period: 6.0409
Found 6 valid OD pairs for R1C1_C
Generating focused traffic: Period 6.0409s
[INFO] Subscriptions active: 6 (libsumo, fast mode)
[INFO] Episode duration: 900s (15 min)

[DEBUG] 🎯 Célzott Forgalom Generálása (R1C1_C) | Period: 4.5917
Found 6 valid OD pairs for R1C1_C
Generating focused traffic: Period 4.5917s
[INFO] Subscriptions active: 6 (libsumo, fast mode)
[INFO] Episode duration: 3600s (60 min)

[DEBUG] 🎯 Célzott Forgalom Generálása (R1C1_C) | Period: 4.0986
Found 6 valid OD pairs for R1C1_C
Generating focused traffic: Period 4.0986s
[INFO] Subscriptions active: 6 (libsumo, fast mode)
[INFO] Episode duration: 3600s (60 min)

[DEBUG] 🎯 Célzott Forgalom Generálása (R1C1_C) | Period: 7.632
Found 6 valid OD pairs for R1C1_C
Generating focused traffic: Period 7.6320s
[INFO] Subscriptions active: 6 (libsumo, fast mode)
-----------------------------------------
| rollout/                |             |
|    ep_len_mean          | 454         |
|    ep_rew_mean          | 86.1        |
| time/                   |             |
|    fps                  | 109         |
|    iterations           | 10          |
|    time_elapsed         | 187         |
|    total_timesteps      | 20480       |
| train/                  |             |
|    approx_kl            | 0.008083725 |
|    clip_fraction        | 0.0111      |
|    clip_range           | 0.2         |
|    entropy_loss         | -1.24       |
|    explained_variance   | 0.0538      |
|    learning_rate        | 0.0001      |
|    loss                 | 2.25        |
|    n_updates            | 90          |
|    policy_gradient_loss | -0.00326    |
|    value_loss           | 4.87        |
-----------------------------------------
[INFO] Episode duration: 1800s (30 min)

[DEBUG] 🎯 Célzott Forgalom Generálása (R1C1_C) | Period: 6.1367
Found 6 valid OD pairs for R1C1_C
Generating focused traffic: Period 6.1367s
[INFO] Subscriptions active: 6 (libsumo, fast mode)
[INFO] Episode duration: 3600s (60 min)

[DEBUG] 🎯 Célzott Forgalom Generálása (R1C1_C) | Period: 7.5134
Found 6 valid OD pairs for R1C1_C
Generating focused traffic: Period 7.5134s
[INFO] Subscriptions active: 6 (libsumo, fast mode)
[INFO] Episode duration: 900s (15 min)

[DEBUG] 🎯 Célzott Forgalom Generálása (R1C1_C) | Period: 7.105
Found 6 valid OD pairs for R1C1_C
Generating focused traffic: Period 7.1050s
[INFO] Subscriptions active: 6 (libsumo, fast mode)
[INFO] Episode duration: 3600s (60 min)

[DEBUG] 🎯 Célzott Forgalom Generálása (R1C1_C) | Period: 7.4108
Found 6 valid OD pairs for R1C1_C
Generating focused traffic: Period 7.4108s
[INFO] Subscriptions active: 6 (libsumo, fast mode)
[INFO] Episode duration: 3600s (60 min)

[DEBUG] 🎯 Célzott Forgalom Generálása (R1C1_C) | Period: 6.6642
Found 6 valid OD pairs for R1C1_C
Generating focused traffic: Period 6.6642s
[INFO] Subscriptions active: 6 (libsumo, fast mode)
[INFO] Episode duration: 2700s (45 min)

[DEBUG] 🎯 Célzott Forgalom Generálása (R1C1_C) | Period: 7.7009
Found 6 valid OD pairs for R1C1_C
Generating focused traffic: Period 7.7009s
[INFO] Subscriptions active: 6 (libsumo, fast mode)
[INFO] Episode duration: 1800s (30 min)

[DEBUG] 🎯 Célzott Forgalom Generálása (R1C1_C) | Period: 5.5877
Found 6 valid OD pairs for R1C1_C
Generating focused traffic: Period 5.5877s
[INFO] Subscriptions active: 6 (libsumo, fast mode)
[INFO] Episode duration: 900s (15 min)

[DEBUG] 🎯 Célzott Forgalom Generálása (R1C1_C) | Period: 6.3577
Found 6 valid OD pairs for R1C1_C
Generating focused traffic: Period 6.3577s
[INFO] Subscriptions active: 6 (libsumo, fast mode)
[INFO] Episode duration: 1800s (30 min)

[DEBUG] 🎯 Célzott Forgalom Generálása (R1C1_C) | Period: 6.4922
Found 6 valid OD pairs for R1C1_C
Generating focused traffic: Period 6.4922s
[INFO] Subscriptions active: 6 (libsumo, fast mode)
[INFO] Episode duration: 2700s (45 min)

[DEBUG] 🎯 Célzott Forgalom Generálása (R1C1_C) | Period: 6.316
Found 6 valid OD pairs for R1C1_C
Generating focused traffic: Period 6.3160s
[INFO] Subscriptions active: 6 (libsumo, fast mode)
[INFO] Episode duration: 900s (15 min)

[DEBUG] 🎯 Célzott Forgalom Generálása (R1C1_C) | Period: 6.5902
Found 6 valid OD pairs for R1C1_C
Generating focused traffic: Period 6.5902s
[INFO] Subscriptions active: 6 (libsumo, fast mode)
[INFO] Episode duration: 1800s (30 min)

[DEBUG] 🎯 Célzott Forgalom Generálása (R1C1_C) | Period: 6.128
Found 6 valid OD pairs for R1C1_C
Generating focused traffic: Period 6.1280s
[INFO] Subscriptions active: 6 (libsumo, fast mode)
[INFO] Episode duration: 3600s (60 min)

[DEBUG] 🎯 Célzott Forgalom Generálása (R1C1_C) | Period: 6.6008
Found 6 valid OD pairs for R1C1_C
Generating focused traffic: Period 6.6008s
[INFO] Subscriptions active: 6 (libsumo, fast mode)
[INFO] Episode duration: 2700s (45 min)

[DEBUG] 🎯 Célzott Forgalom Generálása (R1C1_C) | Period: 6.5779
Found 6 valid OD pairs for R1C1_C
Generating focused traffic: Period 6.5779s
[INFO] Subscriptions active: 6 (libsumo, fast mode)
[INFO] Episode duration: 3600s (60 min)

[DEBUG] 🎯 Célzott Forgalom Generálása (R1C1_C) | Period: 7.9168
Found 6 valid OD pairs for R1C1_C
Generating focused traffic: Period 7.9168s
[INFO] Subscriptions active: 6 (libsumo, fast mode)
[INFO] Episode duration: 2700s (45 min)

[DEBUG] 🎯 Célzott Forgalom Generálása (R1C1_C) | Period: 5.128
Found 6 valid OD pairs for R1C1_C
Generating focused traffic: Period 5.1280s
[INFO] Subscriptions active: 6 (libsumo, fast mode)
[INFO] Episode duration: 900s (15 min)

[DEBUG] 🎯 Célzott Forgalom Generálása (R1C1_C) | Period: 4.3644
Found 6 valid OD pairs for R1C1_C
Generating focused traffic: Period 4.3644s
[INFO] Subscriptions active: 6 (libsumo, fast mode)
[INFO] Episode duration: 3600s (60 min)

[DEBUG] 🎯 Célzott Forgalom Generálása (R1C1_C) | Period: 5.6931
Found 6 valid OD pairs for R1C1_C
Generating focused traffic: Period 5.6931s
[INFO] Subscriptions active: 6 (libsumo, fast mode)
[INFO] Episode duration: 2700s (45 min)

[DEBUG] 🎯 Célzott Forgalom Generálása (R1C1_C) | Period: 6.118
Found 6 valid OD pairs for R1C1_C
Generating focused traffic: Period 6.1180s
[INFO] Subscriptions active: 6 (libsumo, fast mode)
[INFO] Episode duration: 2700s (45 min)

[DEBUG] 🎯 Célzott Forgalom Generálása (R1C1_C) | Period: 7.5281
Found 6 valid OD pairs for R1C1_C
Generating focused traffic: Period 7.5281s
[INFO] Subscriptions active: 6 (libsumo, fast mode)
[INFO] Episode duration: 900s (15 min)

[DEBUG] 🎯 Célzott Forgalom Generálása (R1C1_C) | Period: 7.3512
Found 6 valid OD pairs for R1C1_C
Generating focused traffic: Period 7.3512s
[INFO] Subscriptions active: 6 (libsumo, fast mode)
[INFO] Episode duration: 2700s (45 min)

[DEBUG] 🎯 Célzott Forgalom Generálása (R1C1_C) | Period: 5.2657
Found 6 valid OD pairs for R1C1_C
Generating focused traffic: Period 5.2657s
[INFO] Subscriptions active: 6 (libsumo, fast mode)
[INFO] Episode duration: 900s (15 min)

[DEBUG] 🎯 Célzott Forgalom Generálása (R1C1_C) | Period: 7.2598
Found 6 valid OD pairs for R1C1_C
Generating focused traffic: Period 7.2598s
[INFO] Subscriptions active: 6 (libsumo, fast mode)
[INFO] Episode duration: 900s (15 min)

[DEBUG] 🎯 Célzott Forgalom Generálása (R1C1_C) | Period: 6.2351
Found 6 valid OD pairs for R1C1_C
Generating focused traffic: Period 6.2351s
[INFO] Subscriptions active: 6 (libsumo, fast mode)
[INFO] Episode duration: 2700s (45 min)

[DEBUG] 🎯 Célzott Forgalom Generálása (R1C1_C) | Period: 5.7728
Found 6 valid OD pairs for R1C1_C
Generating focused traffic: Period 5.7728s
[INFO] Subscriptions active: 6 (libsumo, fast mode)
[INFO] Episode duration: 900s (15 min)

[DEBUG] 🎯 Célzott Forgalom Generálása (R1C1_C) | Period: 7.7432
Found 6 valid OD pairs for R1C1_C
Generating focused traffic: Period 7.7432s
[INFO] Subscriptions active: 6 (libsumo, fast mode)
[INFO] Episode duration: 3600s (60 min)

[DEBUG] 🎯 Célzott Forgalom Generálása (R1C1_C) | Period: 7.8301
Found 6 valid OD pairs for R1C1_C
Generating focused traffic: Period 7.8301s
[INFO] Subscriptions active: 6 (libsumo, fast mode)
[INFO] Episode duration: 2700s (45 min)

[DEBUG] 🎯 Célzott Forgalom Generálása (R1C1_C) | Period: 6.9355
Found 6 valid OD pairs for R1C1_C
Generating focused traffic: Period 6.9355s
[INFO] Subscriptions active: 6 (libsumo, fast mode)
[INFO] Episode duration: 2700s (45 min)

[DEBUG] 🎯 Célzott Forgalom Generálása (R1C1_C) | Period: 6.2484
Found 6 valid OD pairs for R1C1_C
Generating focused traffic: Period 6.2484s
[INFO] Subscriptions active: 6 (libsumo, fast mode)
[INFO] Episode duration: 3600s (60 min)

[DEBUG] 🎯 Célzott Forgalom Generálása (R1C1_C) | Period: 6.1643
Found 6 valid OD pairs for R1C1_C
Generating focused traffic: Period 6.1643s
[INFO] Subscriptions active: 6 (libsumo, fast mode)
[INFO] Episode duration: 2700s (45 min)

[DEBUG] 🎯 Célzott Forgalom Generálása (R1C1_C) | Period: 5.1403
Found 6 valid OD pairs for R1C1_C
Generating focused traffic: Period 5.1403s
[INFO] Subscriptions active: 6 (libsumo, fast mode)
[INFO] Episode duration: 2700s (45 min)

[DEBUG] 🎯 Célzott Forgalom Generálása (R1C1_C) | Period: 5.9813
Found 6 valid OD pairs for R1C1_C
Generating focused traffic: Period 5.9813s
[INFO] Subscriptions active: 6 (libsumo, fast mode)
[INFO] Episode duration: 900s (15 min)

[DEBUG] 🎯 Célzott Forgalom Generálása (R1C1_C) | Period: 4.3832
Found 6 valid OD pairs for R1C1_C
Generating focused traffic: Period 4.3832s
[INFO] Subscriptions active: 6 (libsumo, fast mode)
[INFO] Episode duration: 3600s (60 min)

[DEBUG] 🎯 Célzott Forgalom Generálása (R1C1_C) | Period: 4.5095
Found 6 valid OD pairs for R1C1_C
Generating focused traffic: Period 4.5095s
[INFO] Subscriptions active: 6 (libsumo, fast mode)
[INFO] Episode duration: 2700s (45 min)

[DEBUG] 🎯 Célzott Forgalom Generálása (R1C1_C) | Period: 4.4334
Found 6 valid OD pairs for R1C1_C
Generating focused traffic: Period 4.4334s
[INFO] Subscriptions active: 6 (libsumo, fast mode)
[INFO] Episode duration: 900s (15 min)

[DEBUG] 🎯 Célzott Forgalom Generálása (R1C1_C) | Period: 5.1268
Found 6 valid OD pairs for R1C1_C
Generating focused traffic: Period 5.1268s
[INFO] Subscriptions active: 6 (libsumo, fast mode)
[INFO] Episode duration: 900s (15 min)

[DEBUG] 🎯 Célzott Forgalom Generálása (R1C1_C) | Period: 7.889
Found 6 valid OD pairs for R1C1_C
Generating focused traffic: Period 7.8890s
[INFO] Subscriptions active: 6 (libsumo, fast mode)
[INFO] Episode duration: 900s (15 min)

[DEBUG] 🎯 Célzott Forgalom Generálása (R1C1_C) | Period: 7.9961
Found 6 valid OD pairs for R1C1_C
Generating focused traffic: Period 7.9961s
[INFO] Subscriptions active: 6 (libsumo, fast mode)
[INFO] Episode duration: 1800s (30 min)

[DEBUG] 🎯 Célzott Forgalom Generálása (R1C1_C) | Period: 4.1703
Found 6 valid OD pairs for R1C1_C
Generating focused traffic: Period 4.1703s
[INFO] Subscriptions active: 6 (libsumo, fast mode)
[INFO] Episode duration: 900s (15 min)

[DEBUG] 🎯 Célzott Forgalom Generálása (R1C1_C) | Period: 5.1106
Found 6 valid OD pairs for R1C1_C
Generating focused traffic: Period 5.1106s
[INFO] Subscriptions active: 6 (libsumo, fast mode)
[INFO] Episode duration: 900s (15 min)

[DEBUG] 🎯 Célzott Forgalom Generálása (R1C1_C) | Period: 7.7018
Found 6 valid OD pairs for R1C1_C
Generating focused traffic: Period 7.7018s
[INFO] Subscriptions active: 6 (libsumo, fast mode)
[INFO] Episode duration: 2700s (45 min)

[DEBUG] 🎯 Célzott Forgalom Generálása (R1C1_C) | Period: 6.7693
Found 6 valid OD pairs for R1C1_C
Generating focused traffic: Period 6.7693s
[INFO] Subscriptions active: 6 (libsumo, fast mode)
[INFO] Episode duration: 1800s (30 min)

[DEBUG] 🎯 Célzott Forgalom Generálása (R1C1_C) | Period: 6.6701
Found 6 valid OD pairs for R1C1_C
Generating focused traffic: Period 6.6701s
[INFO] Subscriptions active: 6 (libsumo, fast mode)
[INFO] Episode duration: 2700s (45 min)

[DEBUG] 🎯 Célzott Forgalom Generálása (R1C1_C) | Period: 7.6885
Found 6 valid OD pairs for R1C1_C
Generating focused traffic: Period 7.6885s
[INFO] Subscriptions active: 6 (libsumo, fast mode)
[INFO] Episode duration: 3600s (60 min)

[DEBUG] 🎯 Célzott Forgalom Generálása (R1C1_C) | Period: 4.0947
Found 6 valid OD pairs for R1C1_C
Generating focused traffic: Period 4.0947s
[INFO] Subscriptions active: 6 (libsumo, fast mode)
[INFO] Episode duration: 3600s (60 min)

[DEBUG] 🎯 Célzott Forgalom Generálása (R1C1_C) | Period: 7.9267
Found 6 valid OD pairs for R1C1_C
Generating focused traffic: Period 7.9267s
[INFO] Subscriptions active: 6 (libsumo, fast mode)
-----------------------------------------
| rollout/                |             |
|    ep_len_mean          | 452         |
|    ep_rew_mean          | 109         |
| time/                   |             |
|    fps                  | 106         |
|    iterations           | 20          |
|    time_elapsed         | 384         |
|    total_timesteps      | 40960       |
| train/                  |             |
|    approx_kl            | 0.006778923 |
|    clip_fraction        | 0.0254      |
|    clip_range           | 0.2         |
|    entropy_loss         | -1.02       |
|    explained_variance   | 0.0296      |
|    learning_rate        | 0.0001      |
|    loss                 | 4.05        |
|    n_updates            | 190         |
|    policy_gradient_loss | -0.00232    |
|    value_loss           | 15.8        |
-----------------------------------------
[INFO] Episode duration: 900s (15 min)

[DEBUG] 🎯 Célzott Forgalom Generálása (R1C1_C) | Period: 7.7399
Found 6 valid OD pairs for R1C1_C
Generating focused traffic: Period 7.7399s
[INFO] Subscriptions active: 6 (libsumo, fast mode)
[INFO] Episode duration: 3600s (60 min)

[DEBUG] 🎯 Célzott Forgalom Generálása (R1C1_C) | Period: 4.129
Found 6 valid OD pairs for R1C1_C
Generating focused traffic: Period 4.1290s
[INFO] Subscriptions active: 6 (libsumo, fast mode)
[INFO] Episode duration: 900s (15 min)

[DEBUG] 🎯 Célzott Forgalom Generálása (R1C1_C) | Period: 6.6162
Found 6 valid OD pairs for R1C1_C
Generating focused traffic: Period 6.6162s
[INFO] Subscriptions active: 6 (libsumo, fast mode)
[INFO] Episode duration: 2700s (45 min)

[DEBUG] 🎯 Célzott Forgalom Generálása (R1C1_C) | Period: 6.3774
Found 6 valid OD pairs for R1C1_C
Generating focused traffic: Period 6.3774s
[INFO] Subscriptions active: 6 (libsumo, fast mode)
[INFO] Episode duration: 900s (15 min)

[DEBUG] 🎯 Célzott Forgalom Generálása (R1C1_C) | Period: 4.3669
Found 6 valid OD pairs for R1C1_C
Generating focused traffic: Period 4.3669s
[INFO] Subscriptions active: 6 (libsumo, fast mode)
[INFO] Episode duration: 900s (15 min)

[DEBUG] 🎯 Célzott Forgalom Generálása (R1C1_C) | Period: 5.6407
Found 6 valid OD pairs for R1C1_C
Generating focused traffic: Period 5.6407s
[INFO] Subscriptions active: 6 (libsumo, fast mode)
[INFO] Episode duration: 1800s (30 min)

[DEBUG] 🎯 Célzott Forgalom Generálása (R1C1_C) | Period: 7.9943
Found 6 valid OD pairs for R1C1_C
Generating focused traffic: Period 7.9943s
[INFO] Subscriptions active: 6 (libsumo, fast mode)
[INFO] Episode duration: 1800s (30 min)

[DEBUG] 🎯 Célzott Forgalom Generálása (R1C1_C) | Period: 7.7462
Found 6 valid OD pairs for R1C1_C
Generating focused traffic: Period 7.7462s
[INFO] Subscriptions active: 6 (libsumo, fast mode)
[INFO] Episode duration: 2700s (45 min)

[DEBUG] 🎯 Célzott Forgalom Generálása (R1C1_C) | Period: 6.794
Found 6 valid OD pairs for R1C1_C
Generating focused traffic: Period 6.7940s
[INFO] Subscriptions active: 6 (libsumo, fast mode)
[INFO] Episode duration: 3600s (60 min)

[DEBUG] 🎯 Célzott Forgalom Generálása (R1C1_C) | Period: 4.2278
Found 6 valid OD pairs for R1C1_C
Generating focused traffic: Period 4.2278s
[INFO] Subscriptions active: 6 (libsumo, fast mode)
[INFO] Episode duration: 2700s (45 min)

[DEBUG] 🎯 Célzott Forgalom Generálása (R1C1_C) | Period: 6.6859
Found 6 valid OD pairs for R1C1_C
Generating focused traffic: Period 6.6859s
[INFO] Subscriptions active: 6 (libsumo, fast mode)
[INFO] Episode duration: 3600s (60 min)

[DEBUG] 🎯 Célzott Forgalom Generálása (R1C1_C) | Period: 5.3201
Found 6 valid OD pairs for R1C1_C
Generating focused traffic: Period 5.3201s
[INFO] Subscriptions active: 6 (libsumo, fast mode)
[INFO] Episode duration: 1800s (30 min)

[DEBUG] 🎯 Célzott Forgalom Generálása (R1C1_C) | Period: 4.6602
Found 6 valid OD pairs for R1C1_C
Generating focused traffic: Period 4.6602s
[INFO] Subscriptions active: 6 (libsumo, fast mode)
[INFO] Episode duration: 1800s (30 min)

[DEBUG] 🎯 Célzott Forgalom Generálása (R1C1_C) | Period: 6.8808
Found 6 valid OD pairs for R1C1_C
Generating focused traffic: Period 6.8808s
[INFO] Subscriptions active: 6 (libsumo, fast mode)
[INFO] Episode duration: 1800s (30 min)

[DEBUG] 🎯 Célzott Forgalom Generálása (R1C1_C) | Period: 7.9282
Found 6 valid OD pairs for R1C1_C
Generating focused traffic: Period 7.9282s
[INFO] Subscriptions active: 6 (libsumo, fast mode)
[INFO] Episode duration: 3600s (60 min)

[DEBUG] 🎯 Célzott Forgalom Generálása (R1C1_C) | Period: 4.2407
Found 6 valid OD pairs for R1C1_C
Generating focused traffic: Period 4.2407s
[INFO] Subscriptions active: 6 (libsumo, fast mode)
[INFO] Episode duration: 1800s (30 min)

[DEBUG] 🎯 Célzott Forgalom Generálása (R1C1_C) | Period: 7.6694
Found 6 valid OD pairs for R1C1_C
Generating focused traffic: Period 7.6694s
[INFO] Subscriptions active: 6 (libsumo, fast mode)
[INFO] Episode duration: 2700s (45 min)

[DEBUG] 🎯 Célzott Forgalom Generálása (R1C1_C) | Period: 5.8806
Found 6 valid OD pairs for R1C1_C
Generating focused traffic: Period 5.8806s
[INFO] Subscriptions active: 6 (libsumo, fast mode)
[INFO] Episode duration: 900s (15 min)

[DEBUG] 🎯 Célzott Forgalom Generálása (R1C1_C) | Period: 5.4043
Found 6 valid OD pairs for R1C1_C
Generating focused traffic: Period 5.4043s
[INFO] Subscriptions active: 6 (libsumo, fast mode)
[INFO] Episode duration: 3600s (60 min)

[DEBUG] 🎯 Célzott Forgalom Generálása (R1C1_C) | Period: 5.8315
Found 6 valid OD pairs for R1C1_C
Generating focused traffic: Period 5.8315s
[INFO] Subscriptions active: 6 (libsumo, fast mode)
[INFO] Episode duration: 2700s (45 min)

[DEBUG] 🎯 Célzott Forgalom Generálása (R1C1_C) | Period: 4.7342
Found 6 valid OD pairs for R1C1_C
Generating focused traffic: Period 4.7342s
[INFO] Subscriptions active: 6 (libsumo, fast mode)
[INFO] Episode duration: 900s (15 min)

[DEBUG] 🎯 Célzott Forgalom Generálása (R1C1_C) | Period: 7.506
Found 6 valid OD pairs for R1C1_C
Generating focused traffic: Period 7.5060s
[INFO] Subscriptions active: 6 (libsumo, fast mode)
[INFO] Episode duration: 3600s (60 min)

[DEBUG] 🎯 Célzott Forgalom Generálása (R1C1_C) | Period: 6.0845
Found 6 valid OD pairs for R1C1_C
Generating focused traffic: Period 6.0845s
[INFO] Subscriptions active: 6 (libsumo, fast mode)
[INFO] Episode duration: 2700s (45 min)

[DEBUG] 🎯 Célzott Forgalom Generálása (R1C1_C) | Period: 6.0661
Found 6 valid OD pairs for R1C1_C
Generating focused traffic: Period 6.0661s
[INFO] Subscriptions active: 6 (libsumo, fast mode)
[INFO] Episode duration: 3600s (60 min)

[DEBUG] 🎯 Célzott Forgalom Generálása (R1C1_C) | Period: 6.6575
Found 6 valid OD pairs for R1C1_C
Generating focused traffic: Period 6.6575s
[INFO] Subscriptions active: 6 (libsumo, fast mode)
[INFO] Episode duration: 900s (15 min)

[DEBUG] 🎯 Célzott Forgalom Generálása (R1C1_C) | Period: 5.5752
Found 6 valid OD pairs for R1C1_C
Generating focused traffic: Period 5.5752s
[INFO] Subscriptions active: 6 (libsumo, fast mode)
[INFO] Episode duration: 2700s (45 min)

[DEBUG] 🎯 Célzott Forgalom Generálása (R1C1_C) | Period: 5.0324
Found 6 valid OD pairs for R1C1_C
Generating focused traffic: Period 5.0324s
[INFO] Subscriptions active: 6 (libsumo, fast mode)
[INFO] Episode duration: 1800s (30 min)

[DEBUG] 🎯 Célzott Forgalom Generálása (R1C1_C) | Period: 6.2115
Found 6 valid OD pairs for R1C1_C
Generating focused traffic: Period 6.2115s
[INFO] Subscriptions active: 6 (libsumo, fast mode)
[INFO] Episode duration: 3600s (60 min)

[DEBUG] 🎯 Célzott Forgalom Generálása (R1C1_C) | Period: 7.1887
Found 6 valid OD pairs for R1C1_C
Generating focused traffic: Period 7.1887s
[INFO] Subscriptions active: 6 (libsumo, fast mode)
[INFO] Episode duration: 1800s (30 min)

[DEBUG] 🎯 Célzott Forgalom Generálása (R1C1_C) | Period: 5.6808
Found 6 valid OD pairs for R1C1_C
Generating focused traffic: Period 5.6808s
[INFO] Subscriptions active: 6 (libsumo, fast mode)
[INFO] Episode duration: 3600s (60 min)

[DEBUG] 🎯 Célzott Forgalom Generálása (R1C1_C) | Period: 5.7561
Found 6 valid OD pairs for R1C1_C
Generating focused traffic: Period 5.7561s
[INFO] Subscriptions active: 6 (libsumo, fast mode)
[INFO] Episode duration: 3600s (60 min)

[DEBUG] 🎯 Célzott Forgalom Generálása (R1C1_C) | Period: 4.0213
Found 6 valid OD pairs for R1C1_C
Generating focused traffic: Period 4.0213s
[INFO] Subscriptions active: 6 (libsumo, fast mode)
[INFO] Episode duration: 3600s (60 min)

[DEBUG] 🎯 Célzott Forgalom Generálása (R1C1_C) | Period: 6.8338
Found 6 valid OD pairs for R1C1_C
Generating focused traffic: Period 6.8338s
[INFO] Subscriptions active: 6 (libsumo, fast mode)
[INFO] Episode duration: 2700s (45 min)

[DEBUG] 🎯 Célzott Forgalom Generálása (R1C1_C) | Period: 7.7095
Found 6 valid OD pairs for R1C1_C
Generating focused traffic: Period 7.7095s
[INFO] Subscriptions active: 6 (libsumo, fast mode)
[INFO] Episode duration: 900s (15 min)

[DEBUG] 🎯 Célzott Forgalom Generálása (R1C1_C) | Period: 5.4315
Found 6 valid OD pairs for R1C1_C
Generating focused traffic: Period 5.4315s
[INFO] Subscriptions active: 6 (libsumo, fast mode)
[INFO] Episode duration: 1800s (30 min)

[DEBUG] 🎯 Célzott Forgalom Generálása (R1C1_C) | Period: 4.1548
Found 6 valid OD pairs for R1C1_C
Generating focused traffic: Period 4.1548s
[INFO] Subscriptions active: 6 (libsumo, fast mode)
[INFO] Episode duration: 3600s (60 min)

[DEBUG] 🎯 Célzott Forgalom Generálása (R1C1_C) | Period: 4.9013
Found 6 valid OD pairs for R1C1_C
Generating focused traffic: Period 4.9013s
[INFO] Subscriptions active: 6 (libsumo, fast mode)
[INFO] Episode duration: 2700s (45 min)

[DEBUG] 🎯 Célzott Forgalom Generálása (R1C1_C) | Period: 6.3845
Found 6 valid OD pairs for R1C1_C
Generating focused traffic: Period 6.3845s
[INFO] Subscriptions active: 6 (libsumo, fast mode)
[INFO] Episode duration: 3600s (60 min)

[DEBUG] 🎯 Célzott Forgalom Generálása (R1C1_C) | Period: 5.1029
Found 6 valid OD pairs for R1C1_C
Generating focused traffic: Period 5.1029s
[INFO] Subscriptions active: 6 (libsumo, fast mode)
[INFO] Episode duration: 1800s (30 min)

[DEBUG] 🎯 Célzott Forgalom Generálása (R1C1_C) | Period: 7.0993
Found 6 valid OD pairs for R1C1_C
Generating focused traffic: Period 7.0993s
[INFO] Subscriptions active: 6 (libsumo, fast mode)
[INFO] Episode duration: 2700s (45 min)

[DEBUG] 🎯 Célzott Forgalom Generálása (R1C1_C) | Period: 6.84
Found 6 valid OD pairs for R1C1_C
Generating focused traffic: Period 6.8400s
[INFO] Subscriptions active: 6 (libsumo, fast mode)
[INFO] Episode duration: 900s (15 min)

[DEBUG] 🎯 Célzott Forgalom Generálása (R1C1_C) | Period: 6.7565
Found 6 valid OD pairs for R1C1_C
Generating focused traffic: Period 6.7565s
[INFO] Subscriptions active: 6 (libsumo, fast mode)
[INFO] Episode duration: 1800s (30 min)

[DEBUG] 🎯 Célzott Forgalom Generálása (R1C1_C) | Period: 6.1429
Found 6 valid OD pairs for R1C1_C
Generating focused traffic: Period 6.1429s
[INFO] Subscriptions active: 6 (libsumo, fast mode)
-----------------------------------------
| rollout/                |             |
|    ep_len_mean          | 463         |
|    ep_rew_mean          | 135         |
| time/                   |             |
|    fps                  | 105         |
|    iterations           | 30          |
|    time_elapsed         | 580         |
|    total_timesteps      | 61440       |
| train/                  |             |
|    approx_kl            | 0.008440355 |
|    clip_fraction        | 0.0985      |
|    clip_range           | 0.2         |
|    entropy_loss         | -0.868      |
|    explained_variance   | 0.0654      |
|    learning_rate        | 0.0001      |
|    loss                 | 2.26        |
|    n_updates            | 290         |
|    policy_gradient_loss | -0.00672    |
|    value_loss           | 13.6        |
-----------------------------------------
[INFO] Episode duration: 2700s (45 min)

[DEBUG] 🎯 Célzott Forgalom Generálása (R1C1_C) | Period: 6.1835
Found 6 valid OD pairs for R1C1_C
Generating focused traffic: Period 6.1835s
[INFO] Subscriptions active: 6 (libsumo, fast mode)
[INFO] Episode duration: 900s (15 min)

[DEBUG] 🎯 Célzott Forgalom Generálása (R1C1_C) | Period: 4.6884
Found 6 valid OD pairs for R1C1_C
Generating focused traffic: Period 4.6884s
[INFO] Subscriptions active: 6 (libsumo, fast mode)
[INFO] Episode duration: 3600s (60 min)

[DEBUG] 🎯 Célzott Forgalom Generálása (R1C1_C) | Period: 7.0261
Found 6 valid OD pairs for R1C1_C
Generating focused traffic: Period 7.0261s
[INFO] Subscriptions active: 6 (libsumo, fast mode)
[INFO] Episode duration: 2700s (45 min)

[DEBUG] 🎯 Célzott Forgalom Generálása (R1C1_C) | Period: 6.3144
Found 6 valid OD pairs for R1C1_C
Generating focused traffic: Period 6.3144s
[INFO] Subscriptions active: 6 (libsumo, fast mode)
[INFO] Episode duration: 3600s (60 min)

[DEBUG] 🎯 Célzott Forgalom Generálása (R1C1_C) | Period: 4.4165
Found 6 valid OD pairs for R1C1_C
Generating focused traffic: Period 4.4165s
[INFO] Subscriptions active: 6 (libsumo, fast mode)
[INFO] Episode duration: 1800s (30 min)

[DEBUG] 🎯 Célzott Forgalom Generálása (R1C1_C) | Period: 4.9054
Found 6 valid OD pairs for R1C1_C
Generating focused traffic: Period 4.9054s
[INFO] Subscriptions active: 6 (libsumo, fast mode)
[INFO] Episode duration: 2700s (45 min)

[DEBUG] 🎯 Célzott Forgalom Generálása (R1C1_C) | Period: 5.053
Found 6 valid OD pairs for R1C1_C
Generating focused traffic: Period 5.0530s
[INFO] Subscriptions active: 6 (libsumo, fast mode)
[INFO] Episode duration: 2700s (45 min)

[DEBUG] 🎯 Célzott Forgalom Generálása (R1C1_C) | Period: 5.9856
Found 6 valid OD pairs for R1C1_C
Generating focused traffic: Period 5.9856s
[INFO] Subscriptions active: 6 (libsumo, fast mode)
[INFO] Episode duration: 3600s (60 min)

[DEBUG] 🎯 Célzott Forgalom Generálása (R1C1_C) | Period: 6.9908
Found 6 valid OD pairs for R1C1_C
Generating focused traffic: Period 6.9908s
[INFO] Subscriptions active: 6 (libsumo, fast mode)
[INFO] Episode duration: 3600s (60 min)

[DEBUG] 🎯 Célzott Forgalom Generálása (R1C1_C) | Period: 4.2179
Found 6 valid OD pairs for R1C1_C
Generating focused traffic: Period 4.2179s
[INFO] Subscriptions active: 6 (libsumo, fast mode)
[INFO] Episode duration: 3600s (60 min)

[DEBUG] 🎯 Célzott Forgalom Generálása (R1C1_C) | Period: 4.2855
Found 6 valid OD pairs for R1C1_C
Generating focused traffic: Period 4.2855s
[INFO] Subscriptions active: 6 (libsumo, fast mode)
[INFO] Episode duration: 1800s (30 min)

[DEBUG] 🎯 Célzott Forgalom Generálása (R1C1_C) | Period: 5.5877
Found 6 valid OD pairs for R1C1_C
Generating focused traffic: Period 5.5877s
[INFO] Subscriptions active: 6 (libsumo, fast mode)
[INFO] Episode duration: 900s (15 min)

[DEBUG] 🎯 Célzott Forgalom Generálása (R1C1_C) | Period: 7.6748
Found 6 valid OD pairs for R1C1_C
Generating focused traffic: Period 7.6748s
[INFO] Subscriptions active: 6 (libsumo, fast mode)
[INFO] Episode duration: 3600s (60 min)

[DEBUG] 🎯 Célzott Forgalom Generálása (R1C1_C) | Period: 4.4516
Found 6 valid OD pairs for R1C1_C
Generating focused traffic: Period 4.4516s
[INFO] Subscriptions active: 6 (libsumo, fast mode)
[INFO] Episode duration: 3600s (60 min)

[DEBUG] 🎯 Célzott Forgalom Generálása (R1C1_C) | Period: 7.3038
Found 6 valid OD pairs for R1C1_C
Generating focused traffic: Period 7.3038s
[INFO] Subscriptions active: 6 (libsumo, fast mode)
[INFO] Episode duration: 900s (15 min)

[DEBUG] 🎯 Célzott Forgalom Generálása (R1C1_C) | Period: 5.4991
Found 6 valid OD pairs for R1C1_C
Generating focused traffic: Period 5.4991s
[INFO] Subscriptions active: 6 (libsumo, fast mode)
[INFO] Episode duration: 1800s (30 min)

[DEBUG] 🎯 Célzott Forgalom Generálása (R1C1_C) | Period: 5.1325
Found 6 valid OD pairs for R1C1_C
Generating focused traffic: Period 5.1325s
[INFO] Subscriptions active: 6 (libsumo, fast mode)
[INFO] Episode duration: 3600s (60 min)

[DEBUG] 🎯 Célzott Forgalom Generálása (R1C1_C) | Period: 4.0839
Found 6 valid OD pairs for R1C1_C
Generating focused traffic: Period 4.0839s
[INFO] Subscriptions active: 6 (libsumo, fast mode)
[INFO] Episode duration: 3600s (60 min)

[DEBUG] 🎯 Célzott Forgalom Generálása (R1C1_C) | Period: 4.0923
Found 6 valid OD pairs for R1C1_C
Generating focused traffic: Period 4.0923s
[INFO] Subscriptions active: 6 (libsumo, fast mode)
[INFO] Episode duration: 3600s (60 min)

[DEBUG] 🎯 Célzott Forgalom Generálása (R1C1_C) | Period: 6.7927
Found 6 valid OD pairs for R1C1_C
Generating focused traffic: Period 6.7927s
[INFO] Subscriptions active: 6 (libsumo, fast mode)
[INFO] Episode duration: 3600s (60 min)

[DEBUG] 🎯 Célzott Forgalom Generálása (R1C1_C) | Period: 7.5325
Found 6 valid OD pairs for R1C1_C
Generating focused traffic: Period 7.5325s
[INFO] Subscriptions active: 6 (libsumo, fast mode)
[INFO] Episode duration: 900s (15 min)

[DEBUG] 🎯 Célzott Forgalom Generálása (R1C1_C) | Period: 4.531
Found 6 valid OD pairs for R1C1_C
Generating focused traffic: Period 4.5310s
[INFO] Subscriptions active: 6 (libsumo, fast mode)
[INFO] Episode duration: 1800s (30 min)

[DEBUG] 🎯 Célzott Forgalom Generálása (R1C1_C) | Period: 7.9023
Found 6 valid OD pairs for R1C1_C
Generating focused traffic: Period 7.9023s
[INFO] Subscriptions active: 6 (libsumo, fast mode)
[INFO] Episode duration: 1800s (30 min)

[DEBUG] 🎯 Célzott Forgalom Generálása (R1C1_C) | Period: 4.7928
Found 6 valid OD pairs for R1C1_C
Generating focused traffic: Period 4.7928s
[INFO] Subscriptions active: 6 (libsumo, fast mode)
[INFO] Episode duration: 900s (15 min)

[DEBUG] 🎯 Célzott Forgalom Generálása (R1C1_C) | Period: 6.5839
Found 6 valid OD pairs for R1C1_C
Generating focused traffic: Period 6.5839s
[INFO] Subscriptions active: 6 (libsumo, fast mode)
[INFO] Episode duration: 2700s (45 min)

[DEBUG] 🎯 Célzott Forgalom Generálása (R1C1_C) | Period: 5.5893
Found 6 valid OD pairs for R1C1_C
Generating focused traffic: Period 5.5893s
[INFO] Subscriptions active: 6 (libsumo, fast mode)
[INFO] Episode duration: 1800s (30 min)

[DEBUG] 🎯 Célzott Forgalom Generálása (R1C1_C) | Period: 6.4533
Found 6 valid OD pairs for R1C1_C
Generating focused traffic: Period 6.4533s
[INFO] Subscriptions active: 6 (libsumo, fast mode)
[INFO] Episode duration: 1800s (30 min)

[DEBUG] 🎯 Célzott Forgalom Generálása (R1C1_C) | Period: 7.3681
Found 6 valid OD pairs for R1C1_C
Generating focused traffic: Period 7.3681s
[INFO] Subscriptions active: 6 (libsumo, fast mode)
[INFO] Episode duration: 1800s (30 min)

[DEBUG] 🎯 Célzott Forgalom Generálása (R1C1_C) | Period: 4.5413
Found 6 valid OD pairs for R1C1_C
Generating focused traffic: Period 4.5413s
[INFO] Subscriptions active: 6 (libsumo, fast mode)
[INFO] Episode duration: 900s (15 min)

[DEBUG] 🎯 Célzott Forgalom Generálása (R1C1_C) | Period: 6.8904
Found 6 valid OD pairs for R1C1_C
Generating focused traffic: Period 6.8904s
[INFO] Subscriptions active: 6 (libsumo, fast mode)
[INFO] Episode duration: 1800s (30 min)

[DEBUG] 🎯 Célzott Forgalom Generálása (R1C1_C) | Period: 6.9912
Found 6 valid OD pairs for R1C1_C
Generating focused traffic: Period 6.9912s
[INFO] Subscriptions active: 6 (libsumo, fast mode)
[INFO] Episode duration: 1800s (30 min)

[DEBUG] 🎯 Célzott Forgalom Generálása (R1C1_C) | Period: 6.4014
Found 6 valid OD pairs for R1C1_C
Generating focused traffic: Period 6.4014s
[INFO] Subscriptions active: 6 (libsumo, fast mode)
[INFO] Episode duration: 1800s (30 min)

[DEBUG] 🎯 Célzott Forgalom Generálása (R1C1_C) | Period: 6.5982
Found 6 valid OD pairs for R1C1_C
Generating focused traffic: Period 6.5982s
[INFO] Subscriptions active: 6 (libsumo, fast mode)
[INFO] Episode duration: 2700s (45 min)

[DEBUG] 🎯 Célzott Forgalom Generálása (R1C1_C) | Period: 5.9989
Found 6 valid OD pairs for R1C1_C
Generating focused traffic: Period 5.9989s
[INFO] Subscriptions active: 6 (libsumo, fast mode)
[INFO] Episode duration: 3600s (60 min)

[DEBUG] 🎯 Célzott Forgalom Generálása (R1C1_C) | Period: 7.709
Found 6 valid OD pairs for R1C1_C
Generating focused traffic: Period 7.7090s
[INFO] Subscriptions active: 6 (libsumo, fast mode)
[INFO] Episode duration: 1800s (30 min)

[DEBUG] 🎯 Célzott Forgalom Generálása (R1C1_C) | Period: 6.5687
Found 6 valid OD pairs for R1C1_C
Generating focused traffic: Period 6.5687s
[INFO] Subscriptions active: 6 (libsumo, fast mode)
[INFO] Episode duration: 3600s (60 min)

[DEBUG] 🎯 Célzott Forgalom Generálása (R1C1_C) | Period: 6.4841
Found 6 valid OD pairs for R1C1_C
Generating focused traffic: Period 6.4841s
[INFO] Subscriptions active: 6 (libsumo, fast mode)
[INFO] Episode duration: 3600s (60 min)

[DEBUG] 🎯 Célzott Forgalom Generálása (R1C1_C) | Period: 4.658
Found 6 valid OD pairs for R1C1_C
Generating focused traffic: Period 4.6580s
[INFO] Subscriptions active: 6 (libsumo, fast mode)
[INFO] Episode duration: 3600s (60 min)

[DEBUG] 🎯 Célzott Forgalom Generálása (R1C1_C) | Period: 4.8755
Found 6 valid OD pairs for R1C1_C
Generating focused traffic: Period 4.8755s
[INFO] Subscriptions active: 6 (libsumo, fast mode)
[INFO] Episode duration: 900s (15 min)

[DEBUG] 🎯 Célzott Forgalom Generálása (R1C1_C) | Period: 5.7049
Found 6 valid OD pairs for R1C1_C
Generating focused traffic: Period 5.7049s
[INFO] Subscriptions active: 6 (libsumo, fast mode)
[INFO] Episode duration: 3600s (60 min)

[DEBUG] 🎯 Célzott Forgalom Generálása (R1C1_C) | Period: 4.167
Found 6 valid OD pairs for R1C1_C
Generating focused traffic: Period 4.1670s
[INFO] Subscriptions active: 6 (libsumo, fast mode)
------------------------------------------
| rollout/                |              |
|    ep_len_mean          | 473          |
|    ep_rew_mean          | 148          |
| time/                   |              |
|    fps                  | 106          |
|    iterations           | 40           |
|    time_elapsed         | 772          |
|    total_timesteps      | 81920        |
| train/                  |              |
|    approx_kl            | 0.0056254924 |
|    clip_fraction        | 0.0486       |
|    clip_range           | 0.2          |
|    entropy_loss         | -0.804       |
|    explained_variance   | -0.0121      |
|    learning_rate        | 0.0001       |
|    loss                 | 4.08         |
|    n_updates            | 390          |
|    policy_gradient_loss | -0.00302     |
|    value_loss           | 13.8         |
------------------------------------------
[INFO] Episode duration: 900s (15 min)

[DEBUG] 🎯 Célzott Forgalom Generálása (R1C1_C) | Period: 7.2636
Found 6 valid OD pairs for R1C1_C
Generating focused traffic: Period 7.2636s
[INFO] Subscriptions active: 6 (libsumo, fast mode)
[INFO] Episode duration: 1800s (30 min)

[DEBUG] 🎯 Célzott Forgalom Generálása (R1C1_C) | Period: 7.4366
Found 6 valid OD pairs for R1C1_C
Generating focused traffic: Period 7.4366s
[INFO] Subscriptions active: 6 (libsumo, fast mode)
[INFO] Episode duration: 3600s (60 min)

[DEBUG] 🎯 Célzott Forgalom Generálása (R1C1_C) | Period: 5.1773
Found 6 valid OD pairs for R1C1_C
Generating focused traffic: Period 5.1773s
[INFO] Subscriptions active: 6 (libsumo, fast mode)
[INFO] Episode duration: 1800s (30 min)

[DEBUG] 🎯 Célzott Forgalom Generálása (R1C1_C) | Period: 4.5356
Found 6 valid OD pairs for R1C1_C
Generating focused traffic: Period 4.5356s
[INFO] Subscriptions active: 6 (libsumo, fast mode)
[INFO] Episode duration: 1800s (30 min)

[DEBUG] 🎯 Célzott Forgalom Generálása (R1C1_C) | Period: 4.1471
Found 6 valid OD pairs for R1C1_C
Generating focused traffic: Period 4.1471s
[INFO] Subscriptions active: 6 (libsumo, fast mode)
[INFO] Episode duration: 2700s (45 min)

[DEBUG] 🎯 Célzott Forgalom Generálása (R1C1_C) | Period: 4.0233
Found 6 valid OD pairs for R1C1_C
Generating focused traffic: Period 4.0233s
[INFO] Subscriptions active: 6 (libsumo, fast mode)
[INFO] Episode duration: 3600s (60 min)

[DEBUG] 🎯 Célzott Forgalom Generálása (R1C1_C) | Period: 6.1702
Found 6 valid OD pairs for R1C1_C
Generating focused traffic: Period 6.1702s
[INFO] Subscriptions active: 6 (libsumo, fast mode)
[INFO] Episode duration: 1800s (30 min)

[DEBUG] 🎯 Célzott Forgalom Generálása (R1C1_C) | Period: 5.6768
Found 6 valid OD pairs for R1C1_C
Generating focused traffic: Period 5.6768s
[INFO] Subscriptions active: 6 (libsumo, fast mode)
[INFO] Episode duration: 3600s (60 min)

[DEBUG] 🎯 Célzott Forgalom Generálása (R1C1_C) | Period: 6.9576
Found 6 valid OD pairs for R1C1_C
Generating focused traffic: Period 6.9576s
[INFO] Subscriptions active: 6 (libsumo, fast mode)
[INFO] Episode duration: 900s (15 min)

[DEBUG] 🎯 Célzott Forgalom Generálása (R1C1_C) | Period: 4.8947
Found 6 valid OD pairs for R1C1_C
Generating focused traffic: Period 4.8947s
[INFO] Subscriptions active: 6 (libsumo, fast mode)
[INFO] Episode duration: 2700s (45 min)

[DEBUG] 🎯 Célzott Forgalom Generálása (R1C1_C) | Period: 4.4488
Found 6 valid OD pairs for R1C1_C
Generating focused traffic: Period 4.4488s
[INFO] Subscriptions active: 6 (libsumo, fast mode)
[INFO] Episode duration: 3600s (60 min)

[DEBUG] 🎯 Célzott Forgalom Generálása (R1C1_C) | Period: 6.2786
Found 6 valid OD pairs for R1C1_C
Generating focused traffic: Period 6.2786s
[INFO] Subscriptions active: 6 (libsumo, fast mode)
[INFO] Episode duration: 1800s (30 min)

[DEBUG] 🎯 Célzott Forgalom Generálása (R1C1_C) | Period: 6.0885
Found 6 valid OD pairs for R1C1_C
Generating focused traffic: Period 6.0885s
[INFO] Subscriptions active: 6 (libsumo, fast mode)
[INFO] Episode duration: 3600s (60 min)

[DEBUG] 🎯 Célzott Forgalom Generálása (R1C1_C) | Period: 6.8107
Found 6 valid OD pairs for R1C1_C
Generating focused traffic: Period 6.8107s
[INFO] Subscriptions active: 6 (libsumo, fast mode)
[INFO] Episode duration: 900s (15 min)

[DEBUG] 🎯 Célzott Forgalom Generálása (R1C1_C) | Period: 6.6288
Found 6 valid OD pairs for R1C1_C
Generating focused traffic: Period 6.6288s
[INFO] Subscriptions active: 6 (libsumo, fast mode)
[INFO] Episode duration: 3600s (60 min)

[DEBUG] 🎯 Célzott Forgalom Generálása (R1C1_C) | Period: 5.2394
Found 6 valid OD pairs for R1C1_C
Generating focused traffic: Period 5.2394s
[INFO] Subscriptions active: 6 (libsumo, fast mode)
[INFO] Episode duration: 1800s (30 min)

[DEBUG] 🎯 Célzott Forgalom Generálása (R1C1_C) | Period: 5.0882
Found 6 valid OD pairs for R1C1_C
Generating focused traffic: Period 5.0882s
[INFO] Subscriptions active: 6 (libsumo, fast mode)
[INFO] Episode duration: 2700s (45 min)

[DEBUG] 🎯 Célzott Forgalom Generálása (R1C1_C) | Period: 6.7619
Found 6 valid OD pairs for R1C1_C
Generating focused traffic: Period 6.7619s
[INFO] Subscriptions active: 6 (libsumo, fast mode)
[INFO] Episode duration: 3600s (60 min)

[DEBUG] 🎯 Célzott Forgalom Generálása (R1C1_C) | Period: 7.7737
Found 6 valid OD pairs for R1C1_C
Generating focused traffic: Period 7.7737s
[INFO] Subscriptions active: 6 (libsumo, fast mode)
[INFO] Episode duration: 3600s (60 min)

[DEBUG] 🎯 Célzott Forgalom Generálása (R1C1_C) | Period: 5.4608
Found 6 valid OD pairs for R1C1_C
Generating focused traffic: Period 5.4608s
[INFO] Subscriptions active: 6 (libsumo, fast mode)
[INFO] Episode duration: 1800s (30 min)

[DEBUG] 🎯 Célzott Forgalom Generálása (R1C1_C) | Period: 4.8842
Found 6 valid OD pairs for R1C1_C
Generating focused traffic: Period 4.8842s
[INFO] Subscriptions active: 6 (libsumo, fast mode)
[INFO] Episode duration: 900s (15 min)

[DEBUG] 🎯 Célzott Forgalom Generálása (R1C1_C) | Period: 7.3409
Found 6 valid OD pairs for R1C1_C
Generating focused traffic: Period 7.3409s
[INFO] Subscriptions active: 6 (libsumo, fast mode)
[INFO] Episode duration: 900s (15 min)

[DEBUG] 🎯 Célzott Forgalom Generálása (R1C1_C) | Period: 4.7458
Found 6 valid OD pairs for R1C1_C
Generating focused traffic: Period 4.7458s
[INFO] Subscriptions active: 6 (libsumo, fast mode)
[INFO] Episode duration: 900s (15 min)

[DEBUG] 🎯 Célzott Forgalom Generálása (R1C1_C) | Period: 6.6815
Found 6 valid OD pairs for R1C1_C
Generating focused traffic: Period 6.6815s
[INFO] Subscriptions active: 6 (libsumo, fast mode)
[INFO] Episode duration: 900s (15 min)

[DEBUG] 🎯 Célzott Forgalom Generálása (R1C1_C) | Period: 5.0784
Found 6 valid OD pairs for R1C1_C
Generating focused traffic: Period 5.0784s
[INFO] Subscriptions active: 6 (libsumo, fast mode)
[INFO] Episode duration: 2700s (45 min)

[DEBUG] 🎯 Célzott Forgalom Generálása (R1C1_C) | Period: 6.6255
Found 6 valid OD pairs for R1C1_C
Generating focused traffic: Period 6.6255s
[INFO] Subscriptions active: 6 (libsumo, fast mode)
[INFO] Episode duration: 1800s (30 min)

[DEBUG] 🎯 Célzott Forgalom Generálása (R1C1_C) | Period: 5.8103
Found 6 valid OD pairs for R1C1_C
Generating focused traffic: Period 5.8103s
[INFO] Subscriptions active: 6 (libsumo, fast mode)
[INFO] Episode duration: 2700s (45 min)

[DEBUG] 🎯 Célzott Forgalom Generálása (R1C1_C) | Period: 4.9999
Found 6 valid OD pairs for R1C1_C
Generating focused traffic: Period 4.9999s
[INFO] Subscriptions active: 6 (libsumo, fast mode)
[INFO] Episode duration: 900s (15 min)

[DEBUG] 🎯 Célzott Forgalom Generálása (R1C1_C) | Period: 7.6894
Found 6 valid OD pairs for R1C1_C
Generating focused traffic: Period 7.6894s
[INFO] Subscriptions active: 6 (libsumo, fast mode)
[INFO] Episode duration: 2700s (45 min)

[DEBUG] 🎯 Célzott Forgalom Generálása (R1C1_C) | Period: 4.8286
Found 6 valid OD pairs for R1C1_C
Generating focused traffic: Period 4.8286s
[INFO] Subscriptions active: 6 (libsumo, fast mode)
[INFO] Episode duration: 1800s (30 min)

[DEBUG] 🎯 Célzott Forgalom Generálása (R1C1_C) | Period: 6.2044
Found 6 valid OD pairs for R1C1_C
Generating focused traffic: Period 6.2044s
[INFO] Subscriptions active: 6 (libsumo, fast mode)
[INFO] Episode duration: 900s (15 min)

[DEBUG] 🎯 Célzott Forgalom Generálása (R1C1_C) | Period: 7.2507
Found 6 valid OD pairs for R1C1_C
Generating focused traffic: Period 7.2507s
[INFO] Subscriptions active: 6 (libsumo, fast mode)
[INFO] Episode duration: 900s (15 min)

[DEBUG] 🎯 Célzott Forgalom Generálása (R1C1_C) | Period: 4.7206
Found 6 valid OD pairs for R1C1_C
Generating focused traffic: Period 4.7206s
[INFO] Subscriptions active: 6 (libsumo, fast mode)
[INFO] Episode duration: 2700s (45 min)

[DEBUG] 🎯 Célzott Forgalom Generálása (R1C1_C) | Period: 7.8207
Found 6 valid OD pairs for R1C1_C
Generating focused traffic: Period 7.8207s
[INFO] Subscriptions active: 6 (libsumo, fast mode)
[INFO] Episode duration: 1800s (30 min)
wandb: WARNING Symlinked 1 file into the W&B run directory; call wandb.save again to sync new files.
/Users/wagnertamas/Documents/Munka/cikkek/AI_agens_konyvtar/support/intergreen_matrix_calculator/rl_trainer.py:857: UserWarning: Exporting a model while it is in training mode. Please ensure that this is intended, as it may lead to different behavior during inference. Calling model.eval() before export is recommended.
  torch.onnx.export(
/Users/wagnertamas/Documents/Munka/cikkek/AI_agens_konyvtar/support/intergreen_matrix_calculator/rl_trainer.py:857: UserWarning: # 'dynamic_axes' is not recommended when dynamo=True, and may lead to 'torch._dynamo.exc.UserError: Constraints violated.' Supply the 'dynamic_shapes' argument instead if export is unsuccessful.
  torch.onnx.export(
wandb: updating run metadata
wandb: uploading config.yaml; uploading pytorch_models/R1C1_C.zip; uploading output.log; uploading wandb-summary.json
wandb: uploading pytorch_models/R1C1_C.zip
wandb: 
wandb: Run history:
wandb:         R1C1_C/action_pct/phase_0 ▃▁▃▄▃▃▄▃▄▄▄▃▃▆▆▆▆▅▆▅▄▃▄▃▄▄██▅▆▅▃▅▇▆▄▄▆▇▄
wandb:         R1C1_C/action_pct/phase_1 ██▆▅▅▅▄▃▄▂▃▃▃▃▂▂▁▂▂▃▂▂▂▂▂▂▂▂▂▂▂▂▁▂▁▂▂▂▁▁
wandb:         R1C1_C/action_pct/phase_2 ▁▂▃▂▄▂▃▄▃▄▃▆▄▂▄▃▅▂▁▁▁▃▂▃▄▅▃▄▆▄▅█▅▄▅▆▇▄▆▇
wandb:         R1C1_C/action_pct/phase_3 ▂▃▂▃▃▅▅▄▅▅▄▂▄▄▃▄▃▆▆▇█▇▆▇▅▄▃▁▁▄▃▁▃▂▃▃▂▂▁▃
wandb:         R1C1_C/train/entropy_loss ▁▁▁▂▂▃▃▄▄▄▅▄▄▄▄▅▅▅▆▆▆▆▆▆▆▆▆▆▆▆▆▆▆█▇████▇
wandb:        R1C1_C/train/learning_rate ▁▁▁▁▁▁▁▁▁▁▁▁▁▁▁▁▁▁▁▁▁▁▁▁▁▁▁▁▁▁▁▁▁▁▁▁▁▁▁▁
wandb:                 R1C1_C/train/loss ▁▁▁▁▁▂▂▁▂▂▁▁▅▄▄▂▂▂▂▂▂▁▁▁▁▅██▄▄▄▄▃▃▄▃▁▁▁▃
wandb: R1C1_C/train/policy_gradient_loss ▄▄▆▂▂▆▆▂▄▃▂▄▆▆▇▁▁▄▆▆▇▇▇▆▆▆▄▄▄▄▇▆▆▆▆▇▇▅█▃
wandb:           R1C1_C/train/value_loss ▁▁▁▂▂▁▁▂▂▂▂▂▂▂▂▃▃▃▄▄▇▅▇▅▅▆▅███▆▅▅▆██▆▅▇█
wandb:                        avg_reward ▁▂▂▂▃▃▁▃▃▃▅▃▄▄▆▂▄▄▇▅▆▄▄▆█▇▇▆▅▂▂▆▅▅▄▅▆▆██
wandb:                                +9 ...
wandb: 
wandb: Run summary:
wandb:         R1C1_C/action_pct/phase_0 24.72222
wandb:         R1C1_C/action_pct/phase_1 1.94444
wandb:         R1C1_C/action_pct/phase_2 44.16667
wandb:         R1C1_C/action_pct/phase_3 29.16667
wandb:         R1C1_C/train/entropy_loss -0.76988
wandb:        R1C1_C/train/learning_rate 0.0001
wandb:                 R1C1_C/train/loss 7.45028
wandb: R1C1_C/train/policy_gradient_loss -0.00389
wandb:           R1C1_C/train/value_loss 16.80964
wandb:                        avg_reward 0.40655
wandb:                                +9 ...
wandb: 
wandb: 🚀 View run ppo_halt_ratio_2x64_2_R1C1_C at: https://wandb.ai/wagnertamas-budapesti-m-szaki-s-gazdas-gtudom-nyi-egyetem/sumo-rl-stat/runs/omuahf0l
wandb: ⭐️ View project at: https://wandb.ai/wagnertamas-budapesti-m-szaki-s-gazdas-gtudom-nyi-egyetem/sumo-rl-stat
wandb: Synced 5 W&B file(s), 0 media file(s), 0 artifact file(s) and 1 other file(s)
wandb: Find logs at: ./wandb/run-20260321_232343-omuahf0l/logs

[DEBUG] 🎯 Célzott Forgalom Generálása (R1C1_C) | Period: 7.375
Found 6 valid OD pairs for R1C1_C
Generating focused traffic: Period 7.3750s
[INFO] Subscriptions active: 6 (libsumo, fast mode)
[INFO] Episode duration: 3600s (60 min)

[DEBUG] 🎯 Célzott Forgalom Generálása (R1C1_C) | Period: 5.9925
Found 6 valid OD pairs for R1C1_C
Generating focused traffic: Period 5.9925s
[INFO] Subscriptions active: 6 (libsumo, fast mode)
[INFO] Episode duration: 900s (15 min)

[DEBUG] 🎯 Célzott Forgalom Generálása (R1C1_C) | Period: 7.8469
Found 6 valid OD pairs for R1C1_C
Generating focused traffic: Period 7.8469s
[INFO] Subscriptions active: 6 (libsumo, fast mode)
[INFO] Episode duration: 900s (15 min)

[DEBUG] 🎯 Célzott Forgalom Generálása (R1C1_C) | Period: 7.8488
Found 6 valid OD pairs for R1C1_C
Generating focused traffic: Period 7.8488s
[INFO] Subscriptions active: 6 (libsumo, fast mode)
[INFO] Episode duration: 1800s (30 min)

[DEBUG] 🎯 Célzott Forgalom Generálása (R1C1_C) | Period: 7.5371
Found 6 valid OD pairs for R1C1_C
Generating focused traffic: Period 7.5371s
[INFO] Subscriptions active: 6 (libsumo, fast mode)
[INFO] Episode duration: 1800s (30 min)

[DEBUG] 🎯 Célzott Forgalom Generálása (R1C1_C) | Period: 6.3681
Found 6 valid OD pairs for R1C1_C
Generating focused traffic: Period 6.3681s
[INFO] Subscriptions active: 6 (libsumo, fast mode)
[INFO] Episode duration: 900s (15 min)

[DEBUG] 🎯 Célzott Forgalom Generálása (R1C1_C) | Period: 7.3978
Found 6 valid OD pairs for R1C1_C
Generating focused traffic: Period 7.3978s
[INFO] Subscriptions active: 6 (libsumo, fast mode)
[INFO] Episode duration: 3600s (60 min)

[DEBUG] 🎯 Célzott Forgalom Generálása (R1C1_C) | Period: 7.5097
Found 6 valid OD pairs for R1C1_C
Generating focused traffic: Period 7.5097s
[INFO] Subscriptions active: 6 (libsumo, fast mode)
[INFO] Episode duration: 3600s (60 min)

[DEBUG] 🎯 Célzott Forgalom Generálása (R1C1_C) | Period: 5.6278
Found 6 valid OD pairs for R1C1_C
Generating focused traffic: Period 5.6278s
[INFO] Subscriptions active: 6 (libsumo, fast mode)
On-policy training completed.
Closing environment and EXPORTING models...
Saving PyTorch ZIP models to /Users/wagnertamas/Documents/Munka/cikkek/AI_agens_konyvtar/support/intergreen_matrix_calculator/data/runs/pytorch_models...
Saved PyTorch R1C1_C to /Users/wagnertamas/Documents/Munka/cikkek/AI_agens_konyvtar/support/intergreen_matrix_calculator/data/runs/pytorch_models/R1C1_C.zip
Exporting ONNX models to /Users/wagnertamas/Documents/Munka/cikkek/AI_agens_konyvtar/support/intergreen_matrix_calculator/data/runs/onnx_models...
Failed to export R1C1_C: # Failed to convert 'dynamic_axes' to 'dynamic_shapes'. Please provide 'dynamic_shapes' directly. Refer to the documentation for 'torch.export.export' for more information on dynamic shapes.
Cleanup done.
