wandb: [wandb.login()] Loaded credentials for https://api.wandb.ai from /Users/wagnertamas/.netrc.
wandb: Currently logged in as: wagnertamas (wagnertamas-budapesti-m-szaki-s-gazdas-gtudom-nyi-egyetem) to https://api.wandb.ai. Use `wandb login --relogin` to force relogin
wandb: setting up run 0h8jaerz
wandb: Tracking run with wandb version 0.25.0
wandb: Run data is saved locally in /Users/wagnertamas/Documents/Munka/cikkek/AI_agens_konyvtar/support/intergreen_matrix_calculator/wandb/run-20260321_224808-0h8jaerz
wandb: Run `wandb offline` to turn off syncing.
wandb: Syncing run ppo_halt_ratio_1x16_3_R1C1_C
wandb: ⭐️ View project at https://wandb.ai/wagnertamas-budapesti-m-szaki-s-gazdas-gtudom-nyi-egyetem/sumo-rl-stat
wandb: 🚀 View run at https://wandb.ai/wagnertamas-budapesti-m-szaki-s-gazdas-gtudom-nyi-egyetem/sumo-rl-stat/runs/0h8jaerz
[INFO] Config: training_config.yaml
[INFO] Net: /Users/wagnertamas/Documents/Munka/cikkek/AI_agens_konyvtar/support/intergreen_matrix_calculator/data/mega_catalogue_v2.net.xml
[INFO] Timesteps: 100000 | Project: sumo-rl-stat
[INFO] Junction: R1C1_C
[INFO] Algorithm: ppo | Reward: halt_ratio
[INFO] Load model: None (fresh)
[INFO] Traffic: random target+spread (epizódonként)
Initializing Environment (algorithm=ppo, reward=halt_ratio)...
[INFO] Algorithm: ppo (on_policy)
[INFO] Reward mode: halt_ratio
WandB config applied (Sweep compatible).
[INFO] Junction reward params auto-loaded from /Users/wagnertamas/Documents/Munka/cikkek/AI_agens_konyvtar/support/intergreen_matrix_calculator/data/junction_reward_params.json
[INFO] Using 'libsumo' (fast headless mode, OS=darwin).
Starting SUMO...
[INFO] Episode duration: 2700s (45 min)

[DEBUG] 🎯 Célzott Forgalom Generálása (R1C1_C) | Period: 5.4704
Found 6 valid OD pairs for R1C1_C
Generating focused traffic: Period 5.4704s
[INFO] Network mapped: 1 agents, 3 detectors, 3 lanes
[INFO] Subscriptions active: 6 (libsumo, fast mode)
Agents discovered: ['R1C1_C']
[INFO] RL device: mps
[INFO] On-policy training: ppo → R1C1_C
Using mps device
Wrapping the env with a `Monitor` wrapper
Wrapping the env in a DummyVecEnv.
Starting on-policy training: 100000 timesteps...
[INFO] Episode duration: 900s (15 min)

[DEBUG] 🎯 Célzott Forgalom Generálása (R1C1_C) | Period: 5.5815
Found 6 valid OD pairs for R1C1_C
Generating focused traffic: Period 5.5815s
[INFO] Subscriptions active: 6 (libsumo, fast mode)
Logging to /Users/wagnertamas/Documents/Munka/cikkek/AI_agens_konyvtar/support/intergreen_matrix_calculator/data/runs/sumo-rl-stat/R1C1_C/PPO_100
[INFO] Episode duration: 900s (15 min)

[DEBUG] 🎯 Célzott Forgalom Generálása (R1C1_C) | Period: 7.7601
Found 6 valid OD pairs for R1C1_C
Generating focused traffic: Period 7.7601s
[INFO] Subscriptions active: 6 (libsumo, fast mode)
[INFO] Episode duration: 1800s (30 min)

[DEBUG] 🎯 Célzott Forgalom Generálása (R1C1_C) | Period: 6.3782
Found 6 valid OD pairs for R1C1_C
Generating focused traffic: Period 6.3782s
[INFO] Subscriptions active: 6 (libsumo, fast mode)
[INFO] Episode duration: 1800s (30 min)

[DEBUG] 🎯 Célzott Forgalom Generálása (R1C1_C) | Period: 4.573
Found 6 valid OD pairs for R1C1_C
Generating focused traffic: Period 4.5730s
[INFO] Subscriptions active: 6 (libsumo, fast mode)
[INFO] Episode duration: 3600s (60 min)

[DEBUG] 🎯 Célzott Forgalom Generálása (R1C1_C) | Period: 5.6545
Found 6 valid OD pairs for R1C1_C
Generating focused traffic: Period 5.6545s
[INFO] Subscriptions active: 6 (libsumo, fast mode)
[INFO] Episode duration: 900s (15 min)

[DEBUG] 🎯 Célzott Forgalom Generálása (R1C1_C) | Period: 5.4754
Found 6 valid OD pairs for R1C1_C
Generating focused traffic: Period 5.4754s
[INFO] Subscriptions active: 6 (libsumo, fast mode)
[INFO] Episode duration: 3600s (60 min)

[DEBUG] 🎯 Célzott Forgalom Generálása (R1C1_C) | Period: 5.1215
Found 6 valid OD pairs for R1C1_C
Generating focused traffic: Period 5.1215s
[INFO] Subscriptions active: 6 (libsumo, fast mode)
[INFO] Episode duration: 3600s (60 min)

[DEBUG] 🎯 Célzott Forgalom Generálása (R1C1_C) | Period: 5.8128
Found 6 valid OD pairs for R1C1_C
Generating focused traffic: Period 5.8128s
[INFO] Subscriptions active: 6 (libsumo, fast mode)
[INFO] Episode duration: 3600s (60 min)

[DEBUG] 🎯 Célzott Forgalom Generálása (R1C1_C) | Period: 5.0299
Found 6 valid OD pairs for R1C1_C
Generating focused traffic: Period 5.0299s
[INFO] Subscriptions active: 6 (libsumo, fast mode)
[INFO] Episode duration: 1800s (30 min)

[DEBUG] 🎯 Célzott Forgalom Generálása (R1C1_C) | Period: 7.2021
Found 6 valid OD pairs for R1C1_C
Generating focused traffic: Period 7.2021s
[INFO] Subscriptions active: 6 (libsumo, fast mode)
[INFO] Episode duration: 3600s (60 min)

[DEBUG] 🎯 Célzott Forgalom Generálása (R1C1_C) | Period: 7.6251
Found 6 valid OD pairs for R1C1_C
Generating focused traffic: Period 7.6251s
[INFO] Subscriptions active: 6 (libsumo, fast mode)
[INFO] Episode duration: 1800s (30 min)

[DEBUG] 🎯 Célzott Forgalom Generálása (R1C1_C) | Period: 4.4254
Found 6 valid OD pairs for R1C1_C
Generating focused traffic: Period 4.4254s
[INFO] Subscriptions active: 6 (libsumo, fast mode)
[INFO] Episode duration: 2700s (45 min)

[DEBUG] 🎯 Célzott Forgalom Generálása (R1C1_C) | Period: 7.7117
Found 6 valid OD pairs for R1C1_C
Generating focused traffic: Period 7.7117s
[INFO] Subscriptions active: 6 (libsumo, fast mode)
[INFO] Episode duration: 900s (15 min)

[DEBUG] 🎯 Célzott Forgalom Generálása (R1C1_C) | Period: 5.308
Found 6 valid OD pairs for R1C1_C
Generating focused traffic: Period 5.3080s
[INFO] Subscriptions active: 6 (libsumo, fast mode)
[INFO] Episode duration: 3600s (60 min)

[DEBUG] 🎯 Célzott Forgalom Generálása (R1C1_C) | Period: 6.4982
Found 6 valid OD pairs for R1C1_C
Generating focused traffic: Period 6.4982s
[INFO] Subscriptions active: 6 (libsumo, fast mode)
[INFO] Episode duration: 1800s (30 min)

[DEBUG] 🎯 Célzott Forgalom Generálása (R1C1_C) | Period: 5.0007
Found 6 valid OD pairs for R1C1_C
Generating focused traffic: Period 5.0007s
[INFO] Subscriptions active: 6 (libsumo, fast mode)
[INFO] Episode duration: 3600s (60 min)

[DEBUG] 🎯 Célzott Forgalom Generálása (R1C1_C) | Period: 6.6402
Found 6 valid OD pairs for R1C1_C
Generating focused traffic: Period 6.6402s
[INFO] Subscriptions active: 6 (libsumo, fast mode)
[INFO] Episode duration: 900s (15 min)

[DEBUG] 🎯 Célzott Forgalom Generálása (R1C1_C) | Period: 7.4527
Found 6 valid OD pairs for R1C1_C
Generating focused traffic: Period 7.4527s
[INFO] Subscriptions active: 6 (libsumo, fast mode)
[INFO] Episode duration: 900s (15 min)

[DEBUG] 🎯 Célzott Forgalom Generálása (R1C1_C) | Period: 4.9676
Found 6 valid OD pairs for R1C1_C
Generating focused traffic: Period 4.9676s
[INFO] Subscriptions active: 6 (libsumo, fast mode)
[INFO] Episode duration: 3600s (60 min)

[DEBUG] 🎯 Célzott Forgalom Generálása (R1C1_C) | Period: 6.663
Found 6 valid OD pairs for R1C1_C
Generating focused traffic: Period 6.6630s
[INFO] Subscriptions active: 6 (libsumo, fast mode)
[INFO] Episode duration: 3600s (60 min)

[DEBUG] 🎯 Célzott Forgalom Generálása (R1C1_C) | Period: 4.1075
Found 6 valid OD pairs for R1C1_C
Generating focused traffic: Period 4.1075s
[INFO] Subscriptions active: 6 (libsumo, fast mode)
[INFO] Episode duration: 1800s (30 min)

[DEBUG] 🎯 Célzott Forgalom Generálása (R1C1_C) | Period: 7.4326
Found 6 valid OD pairs for R1C1_C
Generating focused traffic: Period 7.4326s
[INFO] Subscriptions active: 6 (libsumo, fast mode)
[INFO] Episode duration: 3600s (60 min)

[DEBUG] 🎯 Célzott Forgalom Generálása (R1C1_C) | Period: 4.3431
Found 6 valid OD pairs for R1C1_C
Generating focused traffic: Period 4.3431s
[INFO] Subscriptions active: 6 (libsumo, fast mode)
[INFO] Episode duration: 1800s (30 min)

[DEBUG] 🎯 Célzott Forgalom Generálása (R1C1_C) | Period: 5.1507
Found 6 valid OD pairs for R1C1_C
Generating focused traffic: Period 5.1507s
[INFO] Subscriptions active: 6 (libsumo, fast mode)
[INFO] Episode duration: 1800s (30 min)

[DEBUG] 🎯 Célzott Forgalom Generálása (R1C1_C) | Period: 7.1627
Found 6 valid OD pairs for R1C1_C
Generating focused traffic: Period 7.1627s
[INFO] Subscriptions active: 6 (libsumo, fast mode)
[INFO] Episode duration: 1800s (30 min)

[DEBUG] 🎯 Célzott Forgalom Generálása (R1C1_C) | Period: 7.2355
Found 6 valid OD pairs for R1C1_C
Generating focused traffic: Period 7.2355s
[INFO] Subscriptions active: 6 (libsumo, fast mode)
[INFO] Episode duration: 1800s (30 min)

[DEBUG] 🎯 Célzott Forgalom Generálása (R1C1_C) | Period: 5.4553
Found 6 valid OD pairs for R1C1_C
Generating focused traffic: Period 5.4553s
[INFO] Subscriptions active: 6 (libsumo, fast mode)
[INFO] Episode duration: 2700s (45 min)

[DEBUG] 🎯 Célzott Forgalom Generálása (R1C1_C) | Period: 6.6737
Found 6 valid OD pairs for R1C1_C
Generating focused traffic: Period 6.6737s
[INFO] Subscriptions active: 6 (libsumo, fast mode)
[INFO] Episode duration: 2700s (45 min)

[DEBUG] 🎯 Célzott Forgalom Generálása (R1C1_C) | Period: 5.8758
Found 6 valid OD pairs for R1C1_C
Generating focused traffic: Period 5.8758s
[INFO] Subscriptions active: 6 (libsumo, fast mode)
[INFO] Episode duration: 900s (15 min)

[DEBUG] 🎯 Célzott Forgalom Generálása (R1C1_C) | Period: 7.4842
Found 6 valid OD pairs for R1C1_C
Generating focused traffic: Period 7.4842s
[INFO] Subscriptions active: 6 (libsumo, fast mode)
[INFO] Episode duration: 3600s (60 min)

[DEBUG] 🎯 Célzott Forgalom Generálása (R1C1_C) | Period: 6.0076
Found 6 valid OD pairs for R1C1_C
Generating focused traffic: Period 6.0076s
[INFO] Subscriptions active: 6 (libsumo, fast mode)
[INFO] Episode duration: 1800s (30 min)

[DEBUG] 🎯 Célzott Forgalom Generálása (R1C1_C) | Period: 5.6166
Found 6 valid OD pairs for R1C1_C
Generating focused traffic: Period 5.6166s
[INFO] Subscriptions active: 6 (libsumo, fast mode)
[INFO] Episode duration: 2700s (45 min)

[DEBUG] 🎯 Célzott Forgalom Generálása (R1C1_C) | Period: 7.326
Found 6 valid OD pairs for R1C1_C
Generating focused traffic: Period 7.3260s
[INFO] Subscriptions active: 6 (libsumo, fast mode)
[INFO] Episode duration: 3600s (60 min)

[DEBUG] 🎯 Célzott Forgalom Generálása (R1C1_C) | Period: 5.6515
Found 6 valid OD pairs for R1C1_C
Generating focused traffic: Period 5.6515s
[INFO] Subscriptions active: 6 (libsumo, fast mode)
[INFO] Episode duration: 900s (15 min)

[DEBUG] 🎯 Célzott Forgalom Generálása (R1C1_C) | Period: 6.8594
Found 6 valid OD pairs for R1C1_C
Generating focused traffic: Period 6.8594s
[INFO] Subscriptions active: 6 (libsumo, fast mode)
[INFO] Episode duration: 1800s (30 min)

[DEBUG] 🎯 Célzott Forgalom Generálása (R1C1_C) | Period: 4.7586
Found 6 valid OD pairs for R1C1_C
Generating focused traffic: Period 4.7586s
[INFO] Subscriptions active: 6 (libsumo, fast mode)
[INFO] Episode duration: 3600s (60 min)

[DEBUG] 🎯 Célzott Forgalom Generálása (R1C1_C) | Period: 6.1796
Found 6 valid OD pairs for R1C1_C
Generating focused traffic: Period 6.1796s
[INFO] Subscriptions active: 6 (libsumo, fast mode)
[INFO] Episode duration: 1800s (30 min)

[DEBUG] 🎯 Célzott Forgalom Generálása (R1C1_C) | Period: 5.7387
Found 6 valid OD pairs for R1C1_C
Generating focused traffic: Period 5.7387s
[INFO] Subscriptions active: 6 (libsumo, fast mode)
[INFO] Episode duration: 1800s (30 min)

[DEBUG] 🎯 Célzott Forgalom Generálása (R1C1_C) | Period: 6.4823
Found 6 valid OD pairs for R1C1_C
Generating focused traffic: Period 6.4823s
[INFO] Subscriptions active: 6 (libsumo, fast mode)
[INFO] Episode duration: 3600s (60 min)

[DEBUG] 🎯 Célzott Forgalom Generálása (R1C1_C) | Period: 4.6535
Found 6 valid OD pairs for R1C1_C
Generating focused traffic: Period 4.6535s
[INFO] Subscriptions active: 6 (libsumo, fast mode)
[INFO] Episode duration: 1800s (30 min)

[DEBUG] 🎯 Célzott Forgalom Generálása (R1C1_C) | Period: 4.1764
Found 6 valid OD pairs for R1C1_C
Generating focused traffic: Period 4.1764s
[INFO] Subscriptions active: 6 (libsumo, fast mode)
[INFO] Episode duration: 2700s (45 min)

[DEBUG] 🎯 Célzott Forgalom Generálása (R1C1_C) | Period: 7.0816
Found 6 valid OD pairs for R1C1_C
Generating focused traffic: Period 7.0816s
[INFO] Subscriptions active: 6 (libsumo, fast mode)
[INFO] Episode duration: 1800s (30 min)

[DEBUG] 🎯 Célzott Forgalom Generálása (R1C1_C) | Period: 5.3357
Found 6 valid OD pairs for R1C1_C
Generating focused traffic: Period 5.3357s
[INFO] Subscriptions active: 6 (libsumo, fast mode)
[INFO] Episode duration: 900s (15 min)

[DEBUG] 🎯 Célzott Forgalom Generálása (R1C1_C) | Period: 7.8326
Found 6 valid OD pairs for R1C1_C
Generating focused traffic: Period 7.8326s
[INFO] Subscriptions active: 6 (libsumo, fast mode)
[INFO] Episode duration: 3600s (60 min)

[DEBUG] 🎯 Célzott Forgalom Generálása (R1C1_C) | Period: 7.1889
Found 6 valid OD pairs for R1C1_C
Generating focused traffic: Period 7.1889s
[INFO] Subscriptions active: 6 (libsumo, fast mode)
-----------------------------------------
| rollout/                |             |
|    ep_len_mean          | 458         |
|    ep_rew_mean          | 74          |
| time/                   |             |
|    fps                  | 111         |
|    iterations           | 10          |
|    time_elapsed         | 182         |
|    total_timesteps      | 20480       |
| train/                  |             |
|    approx_kl            | 0.005335658 |
|    clip_fraction        | 0           |
|    clip_range           | 0.2         |
|    entropy_loss         | -1.29       |
|    explained_variance   | -0.693      |
|    learning_rate        | 0.0001      |
|    loss                 | 1.38        |
|    n_updates            | 90          |
|    policy_gradient_loss | -0.00181    |
|    value_loss           | 3.48        |
-----------------------------------------
[INFO] Episode duration: 3600s (60 min)

[DEBUG] 🎯 Célzott Forgalom Generálása (R1C1_C) | Period: 6.0645
Found 6 valid OD pairs for R1C1_C
Generating focused traffic: Period 6.0645s
[INFO] Subscriptions active: 6 (libsumo, fast mode)
[INFO] Episode duration: 900s (15 min)

[DEBUG] 🎯 Célzott Forgalom Generálása (R1C1_C) | Period: 4.5911
Found 6 valid OD pairs for R1C1_C
Generating focused traffic: Period 4.5911s
[INFO] Subscriptions active: 6 (libsumo, fast mode)
[INFO] Episode duration: 1800s (30 min)

[DEBUG] 🎯 Célzott Forgalom Generálása (R1C1_C) | Period: 5.5962
Found 6 valid OD pairs for R1C1_C
Generating focused traffic: Period 5.5962s
[INFO] Subscriptions active: 6 (libsumo, fast mode)
[INFO] Episode duration: 1800s (30 min)

[DEBUG] 🎯 Célzott Forgalom Generálása (R1C1_C) | Period: 6.4523
Found 6 valid OD pairs for R1C1_C
Generating focused traffic: Period 6.4523s
[INFO] Subscriptions active: 6 (libsumo, fast mode)
[INFO] Episode duration: 3600s (60 min)

[DEBUG] 🎯 Célzott Forgalom Generálása (R1C1_C) | Period: 4.2015
Found 6 valid OD pairs for R1C1_C
Generating focused traffic: Period 4.2015s
[INFO] Subscriptions active: 6 (libsumo, fast mode)
[INFO] Episode duration: 900s (15 min)

[DEBUG] 🎯 Célzott Forgalom Generálása (R1C1_C) | Period: 4.627
Found 6 valid OD pairs for R1C1_C
Generating focused traffic: Period 4.6270s
[INFO] Subscriptions active: 6 (libsumo, fast mode)
[INFO] Episode duration: 3600s (60 min)

[DEBUG] 🎯 Célzott Forgalom Generálása (R1C1_C) | Period: 6.8197
Found 6 valid OD pairs for R1C1_C
Generating focused traffic: Period 6.8197s
[INFO] Subscriptions active: 6 (libsumo, fast mode)
[INFO] Episode duration: 3600s (60 min)

[DEBUG] 🎯 Célzott Forgalom Generálása (R1C1_C) | Period: 5.3012
Found 6 valid OD pairs for R1C1_C
Generating focused traffic: Period 5.3012s
[INFO] Subscriptions active: 6 (libsumo, fast mode)
[INFO] Episode duration: 2700s (45 min)

[DEBUG] 🎯 Célzott Forgalom Generálása (R1C1_C) | Period: 5.3336
Found 6 valid OD pairs for R1C1_C
Generating focused traffic: Period 5.3336s
[INFO] Subscriptions active: 6 (libsumo, fast mode)
[INFO] Episode duration: 1800s (30 min)

[DEBUG] 🎯 Célzott Forgalom Generálása (R1C1_C) | Period: 4.2268
Found 6 valid OD pairs for R1C1_C
Generating focused traffic: Period 4.2268s
[INFO] Subscriptions active: 6 (libsumo, fast mode)
[INFO] Episode duration: 2700s (45 min)

[DEBUG] 🎯 Célzott Forgalom Generálása (R1C1_C) | Period: 6.2727
Found 6 valid OD pairs for R1C1_C
Generating focused traffic: Period 6.2727s
[INFO] Subscriptions active: 6 (libsumo, fast mode)
[INFO] Episode duration: 1800s (30 min)

[DEBUG] 🎯 Célzott Forgalom Generálása (R1C1_C) | Period: 4.8255
Found 6 valid OD pairs for R1C1_C
Generating focused traffic: Period 4.8255s
[INFO] Subscriptions active: 6 (libsumo, fast mode)
[INFO] Episode duration: 900s (15 min)

[DEBUG] 🎯 Célzott Forgalom Generálása (R1C1_C) | Period: 5.716
Found 6 valid OD pairs for R1C1_C
Generating focused traffic: Period 5.7160s
[INFO] Subscriptions active: 6 (libsumo, fast mode)
[INFO] Episode duration: 900s (15 min)

[DEBUG] 🎯 Célzott Forgalom Generálása (R1C1_C) | Period: 5.9056
Found 6 valid OD pairs for R1C1_C
Generating focused traffic: Period 5.9056s
[INFO] Subscriptions active: 6 (libsumo, fast mode)
[INFO] Episode duration: 3600s (60 min)

[DEBUG] 🎯 Célzott Forgalom Generálása (R1C1_C) | Period: 5.4941
Found 6 valid OD pairs for R1C1_C
Generating focused traffic: Period 5.4941s
[INFO] Subscriptions active: 6 (libsumo, fast mode)
[INFO] Episode duration: 900s (15 min)

[DEBUG] 🎯 Célzott Forgalom Generálása (R1C1_C) | Period: 5.7396
Found 6 valid OD pairs for R1C1_C
Generating focused traffic: Period 5.7396s
[INFO] Subscriptions active: 6 (libsumo, fast mode)
[INFO] Episode duration: 1800s (30 min)

[DEBUG] 🎯 Célzott Forgalom Generálása (R1C1_C) | Period: 4.9332
Found 6 valid OD pairs for R1C1_C
Generating focused traffic: Period 4.9332s
[INFO] Subscriptions active: 6 (libsumo, fast mode)
[INFO] Episode duration: 3600s (60 min)

[DEBUG] 🎯 Célzott Forgalom Generálása (R1C1_C) | Period: 5.6294
Found 6 valid OD pairs for R1C1_C
Generating focused traffic: Period 5.6294s
[INFO] Subscriptions active: 6 (libsumo, fast mode)
[INFO] Episode duration: 900s (15 min)

[DEBUG] 🎯 Célzott Forgalom Generálása (R1C1_C) | Period: 7.2199
Found 6 valid OD pairs for R1C1_C
Generating focused traffic: Period 7.2199s
[INFO] Subscriptions active: 6 (libsumo, fast mode)
[INFO] Episode duration: 1800s (30 min)

[DEBUG] 🎯 Célzott Forgalom Generálása (R1C1_C) | Period: 4.0285
Found 6 valid OD pairs for R1C1_C
Generating focused traffic: Period 4.0285s
[INFO] Subscriptions active: 6 (libsumo, fast mode)
[INFO] Episode duration: 900s (15 min)

[DEBUG] 🎯 Célzott Forgalom Generálása (R1C1_C) | Period: 6.716
Found 6 valid OD pairs for R1C1_C
Generating focused traffic: Period 6.7160s
[INFO] Subscriptions active: 6 (libsumo, fast mode)
[INFO] Episode duration: 2700s (45 min)

[DEBUG] 🎯 Célzott Forgalom Generálása (R1C1_C) | Period: 6.0947
Found 6 valid OD pairs for R1C1_C
Generating focused traffic: Period 6.0947s
[INFO] Subscriptions active: 6 (libsumo, fast mode)
[INFO] Episode duration: 2700s (45 min)

[DEBUG] 🎯 Célzott Forgalom Generálása (R1C1_C) | Period: 6.9541
Found 6 valid OD pairs for R1C1_C
Generating focused traffic: Period 6.9541s
[INFO] Subscriptions active: 6 (libsumo, fast mode)
[INFO] Episode duration: 2700s (45 min)

[DEBUG] 🎯 Célzott Forgalom Generálása (R1C1_C) | Period: 7.5005
Found 6 valid OD pairs for R1C1_C
Generating focused traffic: Period 7.5005s
[INFO] Subscriptions active: 6 (libsumo, fast mode)
[INFO] Episode duration: 1800s (30 min)

[DEBUG] 🎯 Célzott Forgalom Generálása (R1C1_C) | Period: 4.9932
Found 6 valid OD pairs for R1C1_C
Generating focused traffic: Period 4.9932s
[INFO] Subscriptions active: 6 (libsumo, fast mode)
[INFO] Episode duration: 2700s (45 min)

[DEBUG] 🎯 Célzott Forgalom Generálása (R1C1_C) | Period: 6.1355
Found 6 valid OD pairs for R1C1_C
Generating focused traffic: Period 6.1355s
[INFO] Subscriptions active: 6 (libsumo, fast mode)
[INFO] Episode duration: 900s (15 min)

[DEBUG] 🎯 Célzott Forgalom Generálása (R1C1_C) | Period: 5.1504
Found 6 valid OD pairs for R1C1_C
Generating focused traffic: Period 5.1504s
[INFO] Subscriptions active: 6 (libsumo, fast mode)
[INFO] Episode duration: 2700s (45 min)

[DEBUG] 🎯 Célzott Forgalom Generálása (R1C1_C) | Period: 7.7387
Found 6 valid OD pairs for R1C1_C
Generating focused traffic: Period 7.7387s
[INFO] Subscriptions active: 6 (libsumo, fast mode)
[INFO] Episode duration: 900s (15 min)

[DEBUG] 🎯 Célzott Forgalom Generálása (R1C1_C) | Period: 7.2038
Found 6 valid OD pairs for R1C1_C
Generating focused traffic: Period 7.2038s
[INFO] Subscriptions active: 6 (libsumo, fast mode)
[INFO] Episode duration: 1800s (30 min)

[DEBUG] 🎯 Célzott Forgalom Generálása (R1C1_C) | Period: 5.0128
Found 6 valid OD pairs for R1C1_C
Generating focused traffic: Period 5.0128s
[INFO] Subscriptions active: 6 (libsumo, fast mode)
[INFO] Episode duration: 2700s (45 min)

[DEBUG] 🎯 Célzott Forgalom Generálása (R1C1_C) | Period: 5.1438
Found 6 valid OD pairs for R1C1_C
Generating focused traffic: Period 5.1438s
[INFO] Subscriptions active: 6 (libsumo, fast mode)
[INFO] Episode duration: 1800s (30 min)

[DEBUG] 🎯 Célzott Forgalom Generálása (R1C1_C) | Period: 6.0188
Found 6 valid OD pairs for R1C1_C
Generating focused traffic: Period 6.0188s
[INFO] Subscriptions active: 6 (libsumo, fast mode)
[INFO] Episode duration: 1800s (30 min)

[DEBUG] 🎯 Célzott Forgalom Generálása (R1C1_C) | Period: 4.5085
Found 6 valid OD pairs for R1C1_C
Generating focused traffic: Period 4.5085s
[INFO] Subscriptions active: 6 (libsumo, fast mode)
[INFO] Episode duration: 3600s (60 min)

[DEBUG] 🎯 Célzott Forgalom Generálása (R1C1_C) | Period: 6.3304
Found 6 valid OD pairs for R1C1_C
Generating focused traffic: Period 6.3304s
[INFO] Subscriptions active: 6 (libsumo, fast mode)
[INFO] Episode duration: 1800s (30 min)

[DEBUG] 🎯 Célzott Forgalom Generálása (R1C1_C) | Period: 5.0243
Found 6 valid OD pairs for R1C1_C
Generating focused traffic: Period 5.0243s
[INFO] Subscriptions active: 6 (libsumo, fast mode)
[INFO] Episode duration: 2700s (45 min)

[DEBUG] 🎯 Célzott Forgalom Generálása (R1C1_C) | Period: 7.3766
Found 6 valid OD pairs for R1C1_C
Generating focused traffic: Period 7.3766s
[INFO] Subscriptions active: 6 (libsumo, fast mode)
[INFO] Episode duration: 2700s (45 min)

[DEBUG] 🎯 Célzott Forgalom Generálása (R1C1_C) | Period: 6.7815
Found 6 valid OD pairs for R1C1_C
Generating focused traffic: Period 6.7815s
[INFO] Subscriptions active: 6 (libsumo, fast mode)
[INFO] Episode duration: 900s (15 min)

[DEBUG] 🎯 Célzott Forgalom Generálása (R1C1_C) | Period: 7.875
Found 6 valid OD pairs for R1C1_C
Generating focused traffic: Period 7.8750s
[INFO] Subscriptions active: 6 (libsumo, fast mode)
[INFO] Episode duration: 1800s (30 min)

[DEBUG] 🎯 Célzott Forgalom Generálása (R1C1_C) | Period: 7.3695
Found 6 valid OD pairs for R1C1_C
Generating focused traffic: Period 7.3695s
[INFO] Subscriptions active: 6 (libsumo, fast mode)
[INFO] Episode duration: 1800s (30 min)

[DEBUG] 🎯 Célzott Forgalom Generálása (R1C1_C) | Period: 5.993
Found 6 valid OD pairs for R1C1_C
Generating focused traffic: Period 5.9930s
[INFO] Subscriptions active: 6 (libsumo, fast mode)
[INFO] Episode duration: 3600s (60 min)

[DEBUG] 🎯 Célzott Forgalom Generálása (R1C1_C) | Period: 7.4334
Found 6 valid OD pairs for R1C1_C
Generating focused traffic: Period 7.4334s
[INFO] Subscriptions active: 6 (libsumo, fast mode)
[INFO] Episode duration: 1800s (30 min)

[DEBUG] 🎯 Célzott Forgalom Generálása (R1C1_C) | Period: 7.6433
Found 6 valid OD pairs for R1C1_C
Generating focused traffic: Period 7.6433s
[INFO] Subscriptions active: 6 (libsumo, fast mode)
[INFO] Episode duration: 1800s (30 min)

[DEBUG] 🎯 Célzott Forgalom Generálása (R1C1_C) | Period: 6.2983
Found 6 valid OD pairs for R1C1_C
Generating focused traffic: Period 6.2983s
[INFO] Subscriptions active: 6 (libsumo, fast mode)
[INFO] Episode duration: 900s (15 min)

[DEBUG] 🎯 Célzott Forgalom Generálása (R1C1_C) | Period: 4.7754
Found 6 valid OD pairs for R1C1_C
Generating focused traffic: Period 4.7754s
[INFO] Subscriptions active: 6 (libsumo, fast mode)
[INFO] Episode duration: 1800s (30 min)

[DEBUG] 🎯 Célzott Forgalom Generálása (R1C1_C) | Period: 6.6585
Found 6 valid OD pairs for R1C1_C
Generating focused traffic: Period 6.6585s
[INFO] Subscriptions active: 6 (libsumo, fast mode)
[INFO] Episode duration: 1800s (30 min)

[DEBUG] 🎯 Célzott Forgalom Generálása (R1C1_C) | Period: 5.442
Found 6 valid OD pairs for R1C1_C
Generating focused traffic: Period 5.4420s
[INFO] Subscriptions active: 6 (libsumo, fast mode)
[INFO] Episode duration: 2700s (45 min)

[DEBUG] 🎯 Célzott Forgalom Generálása (R1C1_C) | Period: 4.7004
Found 6 valid OD pairs for R1C1_C
Generating focused traffic: Period 4.7004s
[INFO] Subscriptions active: 6 (libsumo, fast mode)
[INFO] Episode duration: 2700s (45 min)

[DEBUG] 🎯 Célzott Forgalom Generálása (R1C1_C) | Period: 5.753
Found 6 valid OD pairs for R1C1_C
Generating focused traffic: Period 5.7530s
[INFO] Subscriptions active: 6 (libsumo, fast mode)
-------------------------------------------
| rollout/                |               |
|    ep_len_mean          | 442           |
|    ep_rew_mean          | 76.3          |
| time/                   |               |
|    fps                  | 109           |
|    iterations           | 20            |
|    time_elapsed         | 374           |
|    total_timesteps      | 40960         |
| train/                  |               |
|    approx_kl            | 0.00026952487 |
|    clip_fraction        | 0             |
|    clip_range           | 0.2           |
|    entropy_loss         | -1.34         |
|    explained_variance   | -0.0437       |
|    learning_rate        | 0.0001        |
|    loss                 | 1.63          |
|    n_updates            | 190           |
|    policy_gradient_loss | -0.000399     |
|    value_loss           | 7.36          |
-------------------------------------------
[INFO] Episode duration: 3600s (60 min)

[DEBUG] 🎯 Célzott Forgalom Generálása (R1C1_C) | Period: 5.9805
Found 6 valid OD pairs for R1C1_C
Generating focused traffic: Period 5.9805s
[INFO] Subscriptions active: 6 (libsumo, fast mode)
[INFO] Episode duration: 2700s (45 min)

[DEBUG] 🎯 Célzott Forgalom Generálása (R1C1_C) | Period: 6.8665
Found 6 valid OD pairs for R1C1_C
Generating focused traffic: Period 6.8665s
[INFO] Subscriptions active: 6 (libsumo, fast mode)
[INFO] Episode duration: 3600s (60 min)

[DEBUG] 🎯 Célzott Forgalom Generálása (R1C1_C) | Period: 6.6021
Found 6 valid OD pairs for R1C1_C
Generating focused traffic: Period 6.6021s
[INFO] Subscriptions active: 6 (libsumo, fast mode)
[INFO] Episode duration: 1800s (30 min)

[DEBUG] 🎯 Célzott Forgalom Generálása (R1C1_C) | Period: 6.8817
Found 6 valid OD pairs for R1C1_C
Generating focused traffic: Period 6.8817s
[INFO] Subscriptions active: 6 (libsumo, fast mode)
[INFO] Episode duration: 1800s (30 min)

[DEBUG] 🎯 Célzott Forgalom Generálása (R1C1_C) | Period: 5.9265
Found 6 valid OD pairs for R1C1_C
Generating focused traffic: Period 5.9265s
[INFO] Subscriptions active: 6 (libsumo, fast mode)
[INFO] Episode duration: 2700s (45 min)

[DEBUG] 🎯 Célzott Forgalom Generálása (R1C1_C) | Period: 7.2955
Found 6 valid OD pairs for R1C1_C
Generating focused traffic: Period 7.2955s
[INFO] Subscriptions active: 6 (libsumo, fast mode)
[INFO] Episode duration: 1800s (30 min)

[DEBUG] 🎯 Célzott Forgalom Generálása (R1C1_C) | Period: 4.4899
Found 6 valid OD pairs for R1C1_C
Generating focused traffic: Period 4.4899s
[INFO] Subscriptions active: 6 (libsumo, fast mode)
[INFO] Episode duration: 2700s (45 min)

[DEBUG] 🎯 Célzott Forgalom Generálása (R1C1_C) | Period: 4.9509
Found 6 valid OD pairs for R1C1_C
Generating focused traffic: Period 4.9509s
[INFO] Subscriptions active: 6 (libsumo, fast mode)
[INFO] Episode duration: 1800s (30 min)

[DEBUG] 🎯 Célzott Forgalom Generálása (R1C1_C) | Period: 7.8922
Found 6 valid OD pairs for R1C1_C
Generating focused traffic: Period 7.8922s
[INFO] Subscriptions active: 6 (libsumo, fast mode)
[INFO] Episode duration: 1800s (30 min)

[DEBUG] 🎯 Célzott Forgalom Generálása (R1C1_C) | Period: 5.5755
Found 6 valid OD pairs for R1C1_C
Generating focused traffic: Period 5.5755s
[INFO] Subscriptions active: 6 (libsumo, fast mode)
[INFO] Episode duration: 1800s (30 min)

[DEBUG] 🎯 Célzott Forgalom Generálása (R1C1_C) | Period: 6.9609
Found 6 valid OD pairs for R1C1_C
Generating focused traffic: Period 6.9609s
[INFO] Subscriptions active: 6 (libsumo, fast mode)
[INFO] Episode duration: 2700s (45 min)

[DEBUG] 🎯 Célzott Forgalom Generálása (R1C1_C) | Period: 7.8123
Found 6 valid OD pairs for R1C1_C
Generating focused traffic: Period 7.8123s
[INFO] Subscriptions active: 6 (libsumo, fast mode)
[INFO] Episode duration: 2700s (45 min)

[DEBUG] 🎯 Célzott Forgalom Generálása (R1C1_C) | Period: 7.6099
Found 6 valid OD pairs for R1C1_C
Generating focused traffic: Period 7.6099s
[INFO] Subscriptions active: 6 (libsumo, fast mode)
[INFO] Episode duration: 3600s (60 min)

[DEBUG] 🎯 Célzott Forgalom Generálása (R1C1_C) | Period: 5.1204
Found 6 valid OD pairs for R1C1_C
Generating focused traffic: Period 5.1204s
[INFO] Subscriptions active: 6 (libsumo, fast mode)
[INFO] Episode duration: 3600s (60 min)

[DEBUG] 🎯 Célzott Forgalom Generálása (R1C1_C) | Period: 5.4196
Found 6 valid OD pairs for R1C1_C
Generating focused traffic: Period 5.4196s
[INFO] Subscriptions active: 6 (libsumo, fast mode)
[INFO] Episode duration: 2700s (45 min)

[DEBUG] 🎯 Célzott Forgalom Generálása (R1C1_C) | Period: 5.5684
Found 6 valid OD pairs for R1C1_C
Generating focused traffic: Period 5.5684s
[INFO] Subscriptions active: 6 (libsumo, fast mode)
[INFO] Episode duration: 1800s (30 min)

[DEBUG] 🎯 Célzott Forgalom Generálása (R1C1_C) | Period: 5.5983
Found 6 valid OD pairs for R1C1_C
Generating focused traffic: Period 5.5983s
[INFO] Subscriptions active: 6 (libsumo, fast mode)
[INFO] Episode duration: 2700s (45 min)

[DEBUG] 🎯 Célzott Forgalom Generálása (R1C1_C) | Period: 5.678
Found 6 valid OD pairs for R1C1_C
Generating focused traffic: Period 5.6780s
[INFO] Subscriptions active: 6 (libsumo, fast mode)
[INFO] Episode duration: 1800s (30 min)

[DEBUG] 🎯 Célzott Forgalom Generálása (R1C1_C) | Period: 7.0621
Found 6 valid OD pairs for R1C1_C
Generating focused traffic: Period 7.0621s
[INFO] Subscriptions active: 6 (libsumo, fast mode)
[INFO] Episode duration: 1800s (30 min)

[DEBUG] 🎯 Célzott Forgalom Generálása (R1C1_C) | Period: 5.5312
Found 6 valid OD pairs for R1C1_C
Generating focused traffic: Period 5.5312s
[INFO] Subscriptions active: 6 (libsumo, fast mode)
[INFO] Episode duration: 900s (15 min)

[DEBUG] 🎯 Célzott Forgalom Generálása (R1C1_C) | Period: 4.2069
Found 6 valid OD pairs for R1C1_C
Generating focused traffic: Period 4.2069s
[INFO] Subscriptions active: 6 (libsumo, fast mode)
[INFO] Episode duration: 3600s (60 min)

[DEBUG] 🎯 Célzott Forgalom Generálása (R1C1_C) | Period: 7.3135
Found 6 valid OD pairs for R1C1_C
Generating focused traffic: Period 7.3135s
[INFO] Subscriptions active: 6 (libsumo, fast mode)
[INFO] Episode duration: 3600s (60 min)

[DEBUG] 🎯 Célzott Forgalom Generálása (R1C1_C) | Period: 7.51
Found 6 valid OD pairs for R1C1_C
Generating focused traffic: Period 7.5100s
[INFO] Subscriptions active: 6 (libsumo, fast mode)
[INFO] Episode duration: 3600s (60 min)

[DEBUG] 🎯 Célzott Forgalom Generálása (R1C1_C) | Period: 7.0939
Found 6 valid OD pairs for R1C1_C
Generating focused traffic: Period 7.0939s
[INFO] Subscriptions active: 6 (libsumo, fast mode)
[INFO] Episode duration: 1800s (30 min)

[DEBUG] 🎯 Célzott Forgalom Generálása (R1C1_C) | Period: 7.8683
Found 6 valid OD pairs for R1C1_C
Generating focused traffic: Period 7.8683s
[INFO] Subscriptions active: 6 (libsumo, fast mode)
[INFO] Episode duration: 2700s (45 min)

[DEBUG] 🎯 Célzott Forgalom Generálása (R1C1_C) | Period: 4.5103
Found 6 valid OD pairs for R1C1_C
Generating focused traffic: Period 4.5103s
[INFO] Subscriptions active: 6 (libsumo, fast mode)
[INFO] Episode duration: 1800s (30 min)

[DEBUG] 🎯 Célzott Forgalom Generálása (R1C1_C) | Period: 6.7317
Found 6 valid OD pairs for R1C1_C
Generating focused traffic: Period 6.7317s
[INFO] Subscriptions active: 6 (libsumo, fast mode)
[INFO] Episode duration: 1800s (30 min)

[DEBUG] 🎯 Célzott Forgalom Generálása (R1C1_C) | Period: 5.6621
Found 6 valid OD pairs for R1C1_C
Generating focused traffic: Period 5.6621s
[INFO] Subscriptions active: 6 (libsumo, fast mode)
[INFO] Episode duration: 900s (15 min)

[DEBUG] 🎯 Célzott Forgalom Generálása (R1C1_C) | Period: 6.5468
Found 6 valid OD pairs for R1C1_C
Generating focused traffic: Period 6.5468s
[INFO] Subscriptions active: 6 (libsumo, fast mode)
[INFO] Episode duration: 900s (15 min)

[DEBUG] 🎯 Célzott Forgalom Generálása (R1C1_C) | Period: 5.7684
Found 6 valid OD pairs for R1C1_C
Generating focused traffic: Period 5.7684s
[INFO] Subscriptions active: 6 (libsumo, fast mode)
[INFO] Episode duration: 3600s (60 min)

[DEBUG] 🎯 Célzott Forgalom Generálása (R1C1_C) | Period: 5.0596
Found 6 valid OD pairs for R1C1_C
Generating focused traffic: Period 5.0596s
[INFO] Subscriptions active: 6 (libsumo, fast mode)
[INFO] Episode duration: 3600s (60 min)

[DEBUG] 🎯 Célzott Forgalom Generálása (R1C1_C) | Period: 5.0519
Found 6 valid OD pairs for R1C1_C
Generating focused traffic: Period 5.0519s
[INFO] Subscriptions active: 6 (libsumo, fast mode)
[INFO] Episode duration: 900s (15 min)

[DEBUG] 🎯 Célzott Forgalom Generálása (R1C1_C) | Period: 4.9289
Found 6 valid OD pairs for R1C1_C
Generating focused traffic: Period 4.9289s
[INFO] Subscriptions active: 6 (libsumo, fast mode)
[INFO] Episode duration: 1800s (30 min)

[DEBUG] 🎯 Célzott Forgalom Generálása (R1C1_C) | Period: 7.6865
Found 6 valid OD pairs for R1C1_C
Generating focused traffic: Period 7.6865s
[INFO] Subscriptions active: 6 (libsumo, fast mode)
[INFO] Episode duration: 900s (15 min)

[DEBUG] 🎯 Célzott Forgalom Generálása (R1C1_C) | Period: 4.2464
Found 6 valid OD pairs for R1C1_C
Generating focused traffic: Period 4.2464s
[INFO] Subscriptions active: 6 (libsumo, fast mode)
[INFO] Episode duration: 900s (15 min)

[DEBUG] 🎯 Célzott Forgalom Generálása (R1C1_C) | Period: 7.8743
Found 6 valid OD pairs for R1C1_C
Generating focused traffic: Period 7.8743s
[INFO] Subscriptions active: 6 (libsumo, fast mode)
[INFO] Episode duration: 2700s (45 min)

[DEBUG] 🎯 Célzott Forgalom Generálása (R1C1_C) | Period: 7.884
Found 6 valid OD pairs for R1C1_C
Generating focused traffic: Period 7.8840s
[INFO] Subscriptions active: 6 (libsumo, fast mode)
[INFO] Episode duration: 900s (15 min)

[DEBUG] 🎯 Célzott Forgalom Generálása (R1C1_C) | Period: 4.4203
Found 6 valid OD pairs for R1C1_C
Generating focused traffic: Period 4.4203s
[INFO] Subscriptions active: 6 (libsumo, fast mode)
[INFO] Episode duration: 900s (15 min)

[DEBUG] 🎯 Célzott Forgalom Generálása (R1C1_C) | Period: 5.804
Found 6 valid OD pairs for R1C1_C
Generating focused traffic: Period 5.8040s
[INFO] Subscriptions active: 6 (libsumo, fast mode)
[INFO] Episode duration: 900s (15 min)

[DEBUG] 🎯 Célzott Forgalom Generálása (R1C1_C) | Period: 7.5788
Found 6 valid OD pairs for R1C1_C
Generating focused traffic: Period 7.5788s
[INFO] Subscriptions active: 6 (libsumo, fast mode)
[INFO] Episode duration: 2700s (45 min)

[DEBUG] 🎯 Célzott Forgalom Generálása (R1C1_C) | Period: 7.056
Found 6 valid OD pairs for R1C1_C
Generating focused traffic: Period 7.0560s
[INFO] Subscriptions active: 6 (libsumo, fast mode)
[INFO] Episode duration: 2700s (45 min)

[DEBUG] 🎯 Célzott Forgalom Generálása (R1C1_C) | Period: 6.56
Found 6 valid OD pairs for R1C1_C
Generating focused traffic: Period 6.5600s
[INFO] Subscriptions active: 6 (libsumo, fast mode)
[INFO] Episode duration: 3600s (60 min)

[DEBUG] 🎯 Célzott Forgalom Generálása (R1C1_C) | Period: 4.6227
Found 6 valid OD pairs for R1C1_C
Generating focused traffic: Period 4.6227s
[INFO] Subscriptions active: 6 (libsumo, fast mode)
[INFO] Episode duration: 1800s (30 min)

[DEBUG] 🎯 Célzott Forgalom Generálása (R1C1_C) | Period: 6.3397
Found 6 valid OD pairs for R1C1_C
Generating focused traffic: Period 6.3397s
[INFO] Subscriptions active: 6 (libsumo, fast mode)
[INFO] Episode duration: 900s (15 min)

[DEBUG] 🎯 Célzott Forgalom Generálása (R1C1_C) | Period: 5.8195
Found 6 valid OD pairs for R1C1_C
Generating focused traffic: Period 5.8195s
[INFO] Subscriptions active: 6 (libsumo, fast mode)
[INFO] Episode duration: 2700s (45 min)

[DEBUG] 🎯 Célzott Forgalom Generálása (R1C1_C) | Period: 7.452
Found 6 valid OD pairs for R1C1_C
Generating focused traffic: Period 7.4520s
[INFO] Subscriptions active: 6 (libsumo, fast mode)
-----------------------------------------
| rollout/                |             |
|    ep_len_mean          | 436         |
|    ep_rew_mean          | 86.7        |
| time/                   |             |
|    fps                  | 109         |
|    iterations           | 30          |
|    time_elapsed         | 559         |
|    total_timesteps      | 61440       |
| train/                  |             |
|    approx_kl            | 0.008693192 |
|    clip_fraction        | 0.00503     |
|    clip_range           | 0.2         |
|    entropy_loss         | -1.25       |
|    explained_variance   | 0.0142      |
|    learning_rate        | 0.0001      |
|    loss                 | 2.62        |
|    n_updates            | 290         |
|    policy_gradient_loss | -0.00502    |
|    value_loss           | 10.2        |
-----------------------------------------
[INFO] Episode duration: 900s (15 min)

[DEBUG] 🎯 Célzott Forgalom Generálása (R1C1_C) | Period: 4.4974
Found 6 valid OD pairs for R1C1_C
Generating focused traffic: Period 4.4974s
[INFO] Subscriptions active: 6 (libsumo, fast mode)
[INFO] Episode duration: 1800s (30 min)

[DEBUG] 🎯 Célzott Forgalom Generálása (R1C1_C) | Period: 7.2695
Found 6 valid OD pairs for R1C1_C
Generating focused traffic: Period 7.2695s
[INFO] Subscriptions active: 6 (libsumo, fast mode)
[INFO] Episode duration: 900s (15 min)

[DEBUG] 🎯 Célzott Forgalom Generálása (R1C1_C) | Period: 5.6198
Found 6 valid OD pairs for R1C1_C
Generating focused traffic: Period 5.6198s
[INFO] Subscriptions active: 6 (libsumo, fast mode)
[INFO] Episode duration: 1800s (30 min)

[DEBUG] 🎯 Célzott Forgalom Generálása (R1C1_C) | Period: 5.7574
Found 6 valid OD pairs for R1C1_C
Generating focused traffic: Period 5.7574s
[INFO] Subscriptions active: 6 (libsumo, fast mode)
[INFO] Episode duration: 1800s (30 min)

[DEBUG] 🎯 Célzott Forgalom Generálása (R1C1_C) | Period: 5.8274
Found 6 valid OD pairs for R1C1_C
Generating focused traffic: Period 5.8274s
[INFO] Subscriptions active: 6 (libsumo, fast mode)
[INFO] Episode duration: 900s (15 min)

[DEBUG] 🎯 Célzott Forgalom Generálása (R1C1_C) | Period: 7.927
Found 6 valid OD pairs for R1C1_C
Generating focused traffic: Period 7.9270s
[INFO] Subscriptions active: 6 (libsumo, fast mode)
[INFO] Episode duration: 3600s (60 min)

[DEBUG] 🎯 Célzott Forgalom Generálása (R1C1_C) | Period: 6.1824
Found 6 valid OD pairs for R1C1_C
Generating focused traffic: Period 6.1824s
[INFO] Subscriptions active: 6 (libsumo, fast mode)
[INFO] Episode duration: 900s (15 min)

[DEBUG] 🎯 Célzott Forgalom Generálása (R1C1_C) | Period: 5.044
Found 6 valid OD pairs for R1C1_C
Generating focused traffic: Period 5.0440s
[INFO] Subscriptions active: 6 (libsumo, fast mode)
[INFO] Episode duration: 2700s (45 min)

[DEBUG] 🎯 Célzott Forgalom Generálása (R1C1_C) | Period: 5.2693
Found 6 valid OD pairs for R1C1_C
Generating focused traffic: Period 5.2693s
[INFO] Subscriptions active: 6 (libsumo, fast mode)
[INFO] Episode duration: 900s (15 min)

[DEBUG] 🎯 Célzott Forgalom Generálása (R1C1_C) | Period: 5.3347
Found 6 valid OD pairs for R1C1_C
Generating focused traffic: Period 5.3347s
[INFO] Subscriptions active: 6 (libsumo, fast mode)
[INFO] Episode duration: 1800s (30 min)

[DEBUG] 🎯 Célzott Forgalom Generálása (R1C1_C) | Period: 5.3364
Found 6 valid OD pairs for R1C1_C
Generating focused traffic: Period 5.3364s
[INFO] Subscriptions active: 6 (libsumo, fast mode)
[INFO] Episode duration: 3600s (60 min)

[DEBUG] 🎯 Célzott Forgalom Generálása (R1C1_C) | Period: 7.9609
Found 6 valid OD pairs for R1C1_C
Generating focused traffic: Period 7.9609s
[INFO] Subscriptions active: 6 (libsumo, fast mode)
[INFO] Episode duration: 3600s (60 min)

[DEBUG] 🎯 Célzott Forgalom Generálása (R1C1_C) | Period: 4.4212
Found 6 valid OD pairs for R1C1_C
Generating focused traffic: Period 4.4212s
[INFO] Subscriptions active: 6 (libsumo, fast mode)
[INFO] Episode duration: 3600s (60 min)

[DEBUG] 🎯 Célzott Forgalom Generálása (R1C1_C) | Period: 7.1935
Found 6 valid OD pairs for R1C1_C
Generating focused traffic: Period 7.1935s
[INFO] Subscriptions active: 6 (libsumo, fast mode)
[INFO] Episode duration: 900s (15 min)

[DEBUG] 🎯 Célzott Forgalom Generálása (R1C1_C) | Period: 4.6669
Found 6 valid OD pairs for R1C1_C
Generating focused traffic: Period 4.6669s
[INFO] Subscriptions active: 6 (libsumo, fast mode)
[INFO] Episode duration: 2700s (45 min)

[DEBUG] 🎯 Célzott Forgalom Generálása (R1C1_C) | Period: 5.7982
Found 6 valid OD pairs for R1C1_C
Generating focused traffic: Period 5.7982s
[INFO] Subscriptions active: 6 (libsumo, fast mode)
[INFO] Episode duration: 1800s (30 min)

[DEBUG] 🎯 Célzott Forgalom Generálása (R1C1_C) | Period: 5.25
Found 6 valid OD pairs for R1C1_C
Generating focused traffic: Period 5.2500s
[INFO] Subscriptions active: 6 (libsumo, fast mode)
[INFO] Episode duration: 1800s (30 min)

[DEBUG] 🎯 Célzott Forgalom Generálása (R1C1_C) | Period: 6.4858
Found 6 valid OD pairs for R1C1_C
Generating focused traffic: Period 6.4858s
[INFO] Subscriptions active: 6 (libsumo, fast mode)
[INFO] Episode duration: 2700s (45 min)

[DEBUG] 🎯 Célzott Forgalom Generálása (R1C1_C) | Period: 5.7407
Found 6 valid OD pairs for R1C1_C
Generating focused traffic: Period 5.7407s
[INFO] Subscriptions active: 6 (libsumo, fast mode)
[INFO] Episode duration: 900s (15 min)

[DEBUG] 🎯 Célzott Forgalom Generálása (R1C1_C) | Period: 6.2319
Found 6 valid OD pairs for R1C1_C
Generating focused traffic: Period 6.2319s
[INFO] Subscriptions active: 6 (libsumo, fast mode)
[INFO] Episode duration: 900s (15 min)

[DEBUG] 🎯 Célzott Forgalom Generálása (R1C1_C) | Period: 4.6072
Found 6 valid OD pairs for R1C1_C
Generating focused traffic: Period 4.6072s
[INFO] Subscriptions active: 6 (libsumo, fast mode)
[INFO] Episode duration: 2700s (45 min)

[DEBUG] 🎯 Célzott Forgalom Generálása (R1C1_C) | Period: 6.2237
Found 6 valid OD pairs for R1C1_C
Generating focused traffic: Period 6.2237s
[INFO] Subscriptions active: 6 (libsumo, fast mode)
[INFO] Episode duration: 900s (15 min)

[DEBUG] 🎯 Célzott Forgalom Generálása (R1C1_C) | Period: 4.757
Found 6 valid OD pairs for R1C1_C
Generating focused traffic: Period 4.7570s
[INFO] Subscriptions active: 6 (libsumo, fast mode)
[INFO] Episode duration: 2700s (45 min)

[DEBUG] 🎯 Célzott Forgalom Generálása (R1C1_C) | Period: 4.8778
Found 6 valid OD pairs for R1C1_C
Generating focused traffic: Period 4.8778s
[INFO] Subscriptions active: 6 (libsumo, fast mode)
[INFO] Episode duration: 900s (15 min)

[DEBUG] 🎯 Célzott Forgalom Generálása (R1C1_C) | Period: 6.7968
Found 6 valid OD pairs for R1C1_C
Generating focused traffic: Period 6.7968s
[INFO] Subscriptions active: 6 (libsumo, fast mode)
[INFO] Episode duration: 2700s (45 min)

[DEBUG] 🎯 Célzott Forgalom Generálása (R1C1_C) | Period: 6.7658
Found 6 valid OD pairs for R1C1_C
Generating focused traffic: Period 6.7658s
[INFO] Subscriptions active: 6 (libsumo, fast mode)
[INFO] Episode duration: 900s (15 min)

[DEBUG] 🎯 Célzott Forgalom Generálása (R1C1_C) | Period: 6.569
Found 6 valid OD pairs for R1C1_C
Generating focused traffic: Period 6.5690s
[INFO] Subscriptions active: 6 (libsumo, fast mode)
[INFO] Episode duration: 2700s (45 min)

[DEBUG] 🎯 Célzott Forgalom Generálása (R1C1_C) | Period: 6.3966
Found 6 valid OD pairs for R1C1_C
Generating focused traffic: Period 6.3966s
[INFO] Subscriptions active: 6 (libsumo, fast mode)
[INFO] Episode duration: 900s (15 min)

[DEBUG] 🎯 Célzott Forgalom Generálása (R1C1_C) | Period: 4.8293
Found 6 valid OD pairs for R1C1_C
Generating focused traffic: Period 4.8293s
[INFO] Subscriptions active: 6 (libsumo, fast mode)
[INFO] Episode duration: 1800s (30 min)

[DEBUG] 🎯 Célzott Forgalom Generálása (R1C1_C) | Period: 7.7442
Found 6 valid OD pairs for R1C1_C
Generating focused traffic: Period 7.7442s
[INFO] Subscriptions active: 6 (libsumo, fast mode)
[INFO] Episode duration: 3600s (60 min)

[DEBUG] 🎯 Célzott Forgalom Generálása (R1C1_C) | Period: 7.33
Found 6 valid OD pairs for R1C1_C
Generating focused traffic: Period 7.3300s
[INFO] Subscriptions active: 6 (libsumo, fast mode)
[INFO] Episode duration: 1800s (30 min)

[DEBUG] 🎯 Célzott Forgalom Generálása (R1C1_C) | Period: 7.3943
Found 6 valid OD pairs for R1C1_C
Generating focused traffic: Period 7.3943s
[INFO] Subscriptions active: 6 (libsumo, fast mode)
[INFO] Episode duration: 3600s (60 min)

[DEBUG] 🎯 Célzott Forgalom Generálása (R1C1_C) | Period: 7.2143
Found 6 valid OD pairs for R1C1_C
Generating focused traffic: Period 7.2143s
[INFO] Subscriptions active: 6 (libsumo, fast mode)
[INFO] Episode duration: 2700s (45 min)

[DEBUG] 🎯 Célzott Forgalom Generálása (R1C1_C) | Period: 6.2527
Found 6 valid OD pairs for R1C1_C
Generating focused traffic: Period 6.2527s
[INFO] Subscriptions active: 6 (libsumo, fast mode)
[INFO] Episode duration: 2700s (45 min)

[DEBUG] 🎯 Célzott Forgalom Generálása (R1C1_C) | Period: 4.5795
Found 6 valid OD pairs for R1C1_C
Generating focused traffic: Period 4.5795s
[INFO] Subscriptions active: 6 (libsumo, fast mode)
[INFO] Episode duration: 900s (15 min)

[DEBUG] 🎯 Célzott Forgalom Generálása (R1C1_C) | Period: 7.7474
Found 6 valid OD pairs for R1C1_C
Generating focused traffic: Period 7.7474s
[INFO] Subscriptions active: 6 (libsumo, fast mode)
[INFO] Episode duration: 900s (15 min)

[DEBUG] 🎯 Célzott Forgalom Generálása (R1C1_C) | Period: 4.9811
Found 6 valid OD pairs for R1C1_C
Generating focused traffic: Period 4.9811s
[INFO] Subscriptions active: 6 (libsumo, fast mode)
[INFO] Episode duration: 900s (15 min)

[DEBUG] 🎯 Célzott Forgalom Generálása (R1C1_C) | Period: 6.0869
Found 6 valid OD pairs for R1C1_C
Generating focused traffic: Period 6.0869s
[INFO] Subscriptions active: 6 (libsumo, fast mode)
[INFO] Episode duration: 2700s (45 min)

[DEBUG] 🎯 Célzott Forgalom Generálása (R1C1_C) | Period: 6.431
Found 6 valid OD pairs for R1C1_C
Generating focused traffic: Period 6.4310s
[INFO] Subscriptions active: 6 (libsumo, fast mode)
[INFO] Episode duration: 1800s (30 min)

[DEBUG] 🎯 Célzott Forgalom Generálása (R1C1_C) | Period: 7.4005
Found 6 valid OD pairs for R1C1_C
Generating focused traffic: Period 7.4005s
[INFO] Subscriptions active: 6 (libsumo, fast mode)
[INFO] Episode duration: 900s (15 min)

[DEBUG] 🎯 Célzott Forgalom Generálása (R1C1_C) | Period: 7.7392
Found 6 valid OD pairs for R1C1_C
Generating focused traffic: Period 7.7392s
[INFO] Subscriptions active: 6 (libsumo, fast mode)
[INFO] Episode duration: 3600s (60 min)

[DEBUG] 🎯 Célzott Forgalom Generálása (R1C1_C) | Period: 4.8324
Found 6 valid OD pairs for R1C1_C
Generating focused traffic: Period 4.8324s
[INFO] Subscriptions active: 6 (libsumo, fast mode)
[INFO] Episode duration: 3600s (60 min)

[DEBUG] 🎯 Célzott Forgalom Generálása (R1C1_C) | Period: 5.6777
Found 6 valid OD pairs for R1C1_C
Generating focused traffic: Period 5.6777s
[INFO] Subscriptions active: 6 (libsumo, fast mode)
[INFO] Episode duration: 3600s (60 min)

[DEBUG] 🎯 Célzott Forgalom Generálása (R1C1_C) | Period: 5.8296
Found 6 valid OD pairs for R1C1_C
Generating focused traffic: Period 5.8296s
[INFO] Subscriptions active: 6 (libsumo, fast mode)
[INFO] Episode duration: 2700s (45 min)

[DEBUG] 🎯 Célzott Forgalom Generálása (R1C1_C) | Period: 5.1459
Found 6 valid OD pairs for R1C1_C
Generating focused traffic: Period 5.1459s
[INFO] Subscriptions active: 6 (libsumo, fast mode)
[INFO] Episode duration: 3600s (60 min)

[DEBUG] 🎯 Célzott Forgalom Generálása (R1C1_C) | Period: 6.3367
Found 6 valid OD pairs for R1C1_C
Generating focused traffic: Period 6.3367s
[INFO] Subscriptions active: 6 (libsumo, fast mode)
[INFO] Episode duration: 900s (15 min)

[DEBUG] 🎯 Célzott Forgalom Generálása (R1C1_C) | Period: 5.6057
Found 6 valid OD pairs for R1C1_C
Generating focused traffic: Period 5.6057s
[INFO] Subscriptions active: 6 (libsumo, fast mode)
[INFO] Episode duration: 900s (15 min)

[DEBUG] 🎯 Célzott Forgalom Generálása (R1C1_C) | Period: 6.8752
Found 6 valid OD pairs for R1C1_C
Generating focused traffic: Period 6.8752s
[INFO] Subscriptions active: 6 (libsumo, fast mode)
[INFO] Episode duration: 1800s (30 min)

[DEBUG] 🎯 Célzott Forgalom Generálása (R1C1_C) | Period: 6.9051
Found 6 valid OD pairs for R1C1_C
Generating focused traffic: Period 6.9051s
[INFO] Subscriptions active: 6 (libsumo, fast mode)
[INFO] Episode duration: 3600s (60 min)

[DEBUG] 🎯 Célzott Forgalom Generálása (R1C1_C) | Period: 7.264
Found 6 valid OD pairs for R1C1_C
Generating focused traffic: Period 7.2640s
[INFO] Subscriptions active: 6 (libsumo, fast mode)
------------------------------------------
| rollout/                |              |
|    ep_len_mean          | 425          |
|    ep_rew_mean          | 98           |
| time/                   |              |
|    fps                  | 105          |
|    iterations           | 40           |
|    time_elapsed         | 776          |
|    total_timesteps      | 81920        |
| train/                  |              |
|    approx_kl            | 0.0017433407 |
|    clip_fraction        | 0            |
|    clip_range           | 0.2          |
|    entropy_loss         | -1.17        |
|    explained_variance   | 0.0585       |
|    learning_rate        | 0.0001       |
|    loss                 | 4.99         |
|    n_updates            | 390          |
|    policy_gradient_loss | -0.00197     |
|    value_loss           | 5.38         |
------------------------------------------
[INFO] Episode duration: 3600s (60 min)

[DEBUG] 🎯 Célzott Forgalom Generálása (R1C1_C) | Period: 5.2369
Found 6 valid OD pairs for R1C1_C
Generating focused traffic: Period 5.2369s
[INFO] Subscriptions active: 6 (libsumo, fast mode)
[INFO] Episode duration: 1800s (30 min)

[DEBUG] 🎯 Célzott Forgalom Generálása (R1C1_C) | Period: 4.1557
Found 6 valid OD pairs for R1C1_C
Generating focused traffic: Period 4.1557s
[INFO] Subscriptions active: 6 (libsumo, fast mode)
[INFO] Episode duration: 1800s (30 min)

[DEBUG] 🎯 Célzott Forgalom Generálása (R1C1_C) | Period: 7.474
Found 6 valid OD pairs for R1C1_C
Generating focused traffic: Period 7.4740s
[INFO] Subscriptions active: 6 (libsumo, fast mode)
[INFO] Episode duration: 3600s (60 min)

[DEBUG] 🎯 Célzott Forgalom Generálása (R1C1_C) | Period: 6.2903
Found 6 valid OD pairs for R1C1_C
Generating focused traffic: Period 6.2903s
[INFO] Subscriptions active: 6 (libsumo, fast mode)
[INFO] Episode duration: 2700s (45 min)

[DEBUG] 🎯 Célzott Forgalom Generálása (R1C1_C) | Period: 5.6104
Found 6 valid OD pairs for R1C1_C
Generating focused traffic: Period 5.6104s
[INFO] Subscriptions active: 6 (libsumo, fast mode)
[INFO] Episode duration: 3600s (60 min)

[DEBUG] 🎯 Célzott Forgalom Generálása (R1C1_C) | Period: 6.56
Found 6 valid OD pairs for R1C1_C
Generating focused traffic: Period 6.5600s
[INFO] Subscriptions active: 6 (libsumo, fast mode)
[INFO] Episode duration: 1800s (30 min)

[DEBUG] 🎯 Célzott Forgalom Generálása (R1C1_C) | Period: 6.5231
Found 6 valid OD pairs for R1C1_C
Generating focused traffic: Period 6.5231s
[INFO] Subscriptions active: 6 (libsumo, fast mode)
[INFO] Episode duration: 2700s (45 min)

[DEBUG] 🎯 Célzott Forgalom Generálása (R1C1_C) | Period: 7.4093
Found 6 valid OD pairs for R1C1_C
Generating focused traffic: Period 7.4093s
[INFO] Subscriptions active: 6 (libsumo, fast mode)
[INFO] Episode duration: 3600s (60 min)

[DEBUG] 🎯 Célzott Forgalom Generálása (R1C1_C) | Period: 4.0174
Found 6 valid OD pairs for R1C1_C
Generating focused traffic: Period 4.0174s
[INFO] Subscriptions active: 6 (libsumo, fast mode)
[INFO] Episode duration: 900s (15 min)

[DEBUG] 🎯 Célzott Forgalom Generálása (R1C1_C) | Period: 7.055
Found 6 valid OD pairs for R1C1_C
Generating focused traffic: Period 7.0550s
[INFO] Subscriptions active: 6 (libsumo, fast mode)
[INFO] Episode duration: 1800s (30 min)

[DEBUG] 🎯 Célzott Forgalom Generálása (R1C1_C) | Period: 4.5469
Found 6 valid OD pairs for R1C1_C
Generating focused traffic: Period 4.5469s
[INFO] Subscriptions active: 6 (libsumo, fast mode)
[INFO] Episode duration: 900s (15 min)

[DEBUG] 🎯 Célzott Forgalom Generálása (R1C1_C) | Period: 7.7224
Found 6 valid OD pairs for R1C1_C
Generating focused traffic: Period 7.7224s
[INFO] Subscriptions active: 6 (libsumo, fast mode)
[INFO] Episode duration: 1800s (30 min)

[DEBUG] 🎯 Célzott Forgalom Generálása (R1C1_C) | Period: 4.664
Found 6 valid OD pairs for R1C1_C
Generating focused traffic: Period 4.6640s
[INFO] Subscriptions active: 6 (libsumo, fast mode)
[INFO] Episode duration: 3600s (60 min)

[DEBUG] 🎯 Célzott Forgalom Generálása (R1C1_C) | Period: 5.7356
Found 6 valid OD pairs for R1C1_C
Generating focused traffic: Period 5.7356s
[INFO] Subscriptions active: 6 (libsumo, fast mode)
[INFO] Episode duration: 2700s (45 min)

[DEBUG] 🎯 Célzott Forgalom Generálása (R1C1_C) | Period: 4.4489
Found 6 valid OD pairs for R1C1_C
Generating focused traffic: Period 4.4489s
[INFO] Subscriptions active: 6 (libsumo, fast mode)
[INFO] Episode duration: 2700s (45 min)

[DEBUG] 🎯 Célzott Forgalom Generálása (R1C1_C) | Period: 6.6508
Found 6 valid OD pairs for R1C1_C
Generating focused traffic: Period 6.6508s
[INFO] Subscriptions active: 6 (libsumo, fast mode)
[INFO] Episode duration: 3600s (60 min)

[DEBUG] 🎯 Célzott Forgalom Generálása (R1C1_C) | Period: 7.078
Found 6 valid OD pairs for R1C1_C
Generating focused traffic: Period 7.0780s
[INFO] Subscriptions active: 6 (libsumo, fast mode)
[INFO] Episode duration: 900s (15 min)

[DEBUG] 🎯 Célzott Forgalom Generálása (R1C1_C) | Period: 4.2116
Found 6 valid OD pairs for R1C1_C
Generating focused traffic: Period 4.2116s
[INFO] Subscriptions active: 6 (libsumo, fast mode)
[INFO] Episode duration: 1800s (30 min)

[DEBUG] 🎯 Célzott Forgalom Generálása (R1C1_C) | Period: 6.2108
Found 6 valid OD pairs for R1C1_C
Generating focused traffic: Period 6.2108s
[INFO] Subscriptions active: 6 (libsumo, fast mode)
[INFO] Episode duration: 3600s (60 min)

[DEBUG] 🎯 Célzott Forgalom Generálása (R1C1_C) | Period: 6.7452
Found 6 valid OD pairs for R1C1_C
Generating focused traffic: Period 6.7452s
[INFO] Subscriptions active: 6 (libsumo, fast mode)
[INFO] Episode duration: 2700s (45 min)

[DEBUG] 🎯 Célzott Forgalom Generálása (R1C1_C) | Period: 7.3025
Found 6 valid OD pairs for R1C1_C
Generating focused traffic: Period 7.3025s
[INFO] Subscriptions active: 6 (libsumo, fast mode)
[INFO] Episode duration: 1800s (30 min)

[DEBUG] 🎯 Célzott Forgalom Generálása (R1C1_C) | Period: 7.1045
Found 6 valid OD pairs for R1C1_C
Generating focused traffic: Period 7.1045s
[INFO] Subscriptions active: 6 (libsumo, fast mode)
[INFO] Episode duration: 3600s (60 min)

[DEBUG] 🎯 Célzott Forgalom Generálása (R1C1_C) | Period: 4.5928
Found 6 valid OD pairs for R1C1_C
Generating focused traffic: Period 4.5928s
[INFO] Subscriptions active: 6 (libsumo, fast mode)
[INFO] Episode duration: 900s (15 min)

[DEBUG] 🎯 Célzott Forgalom Generálása (R1C1_C) | Period: 7.2789
Found 6 valid OD pairs for R1C1_C
Generating focused traffic: Period 7.2789s
[INFO] Subscriptions active: 6 (libsumo, fast mode)
[INFO] Episode duration: 1800s (30 min)

[DEBUG] 🎯 Célzott Forgalom Generálása (R1C1_C) | Period: 4.2213
Found 6 valid OD pairs for R1C1_C
Generating focused traffic: Period 4.2213s
[INFO] Subscriptions active: 6 (libsumo, fast mode)
[INFO] Episode duration: 900s (15 min)

[DEBUG] 🎯 Célzott Forgalom Generálása (R1C1_C) | Period: 7.1274
Found 6 valid OD pairs for R1C1_C
Generating focused traffic: Period 7.1274s
[INFO] Subscriptions active: 6 (libsumo, fast mode)
[INFO] Episode duration: 900s (15 min)

[DEBUG] 🎯 Célzott Forgalom Generálása (R1C1_C) | Period: 5.7099
Found 6 valid OD pairs for R1C1_C
Generating focused traffic: Period 5.7099s
[INFO] Subscriptions active: 6 (libsumo, fast mode)
[INFO] Episode duration: 900s (15 min)

[DEBUG] 🎯 Célzott Forgalom Generálása (R1C1_C) | Period: 7.8267
Found 6 valid OD pairs for R1C1_C
Generating focused traffic: Period 7.8267s
[INFO] Subscriptions active: 6 (libsumo, fast mode)
[INFO] Episode duration: 1800s (30 min)

[DEBUG] 🎯 Célzott Forgalom Generálása (R1C1_C) | Period: 6.1258
Found 6 valid OD pairs for R1C1_C
Generating focused traffic: Period 6.1258s
[INFO] Subscriptions active: 6 (libsumo, fast mode)
[INFO] Episode duration: 1800s (30 min)

[DEBUG] 🎯 Célzott Forgalom Generálása (R1C1_C) | Period: 7.3643
Found 6 valid OD pairs for R1C1_C
Generating focused traffic: Period 7.3643s
[INFO] Subscriptions active: 6 (libsumo, fast mode)
[INFO] Episode duration: 900s (15 min)

[DEBUG] 🎯 Célzott Forgalom Generálása (R1C1_C) | Period: 6.7285
Found 6 valid OD pairs for R1C1_C
Generating focused traffic: Period 6.7285s
[INFO] Subscriptions active: 6 (libsumo, fast mode)
[INFO] Episode duration: 1800s (30 min)

[DEBUG] 🎯 Célzott Forgalom Generálása (R1C1_C) | Period: 5.8822
Found 6 valid OD pairs for R1C1_C
Generating focused traffic: Period 5.8822s
[INFO] Subscriptions active: 6 (libsumo, fast mode)
[INFO] Episode duration: 3600s (60 min)

[DEBUG] 🎯 Célzott Forgalom Generálása (R1C1_C) | Period: 7.1891
Found 6 valid OD pairs for R1C1_C
Generating focused traffic: Period 7.1891s
[INFO] Subscriptions active: 6 (libsumo, fast mode)
[INFO] Episode duration: 1800s (30 min)

[DEBUG] 🎯 Célzott Forgalom Generálása (R1C1_C) | Period: 7.6748
Found 6 valid OD pairs for R1C1_C
Generating focused traffic: Period 7.6748s
[INFO] Subscriptions active: 6 (libsumo, fast mode)
[INFO] Episode duration: 2700s (45 min)
wandb: WARNING Symlinked 1 file into the W&B run directory; call wandb.save again to sync new files.
/Users/wagnertamas/Documents/Munka/cikkek/AI_agens_konyvtar/support/intergreen_matrix_calculator/rl_trainer.py:857: UserWarning: Exporting a model while it is in training mode. Please ensure that this is intended, as it may lead to different behavior during inference. Calling model.eval() before export is recommended.
  torch.onnx.export(
/Users/wagnertamas/Documents/Munka/cikkek/AI_agens_konyvtar/support/intergreen_matrix_calculator/rl_trainer.py:857: UserWarning: # 'dynamic_axes' is not recommended when dynamo=True, and may lead to 'torch._dynamo.exc.UserError: Constraints violated.' Supply the 'dynamic_shapes' argument instead if export is unsuccessful.
  torch.onnx.export(
wandb: updating run metadata
wandb: uploading pytorch_models/R1C1_C.zip; uploading output.log; uploading wandb-summary.json; uploading config.yaml
wandb: uploading output.log
wandb: 
wandb: Run history:
wandb:         R1C1_C/action_pct/phase_0 ▅▃▄▃▃▁▄▁▂▂▃▄▃▄▅▅▇▆▇▅▅▄▄▄▅▅▆▆▅▆▄▃▆▅▅▆▅▅█▆
wandb:         R1C1_C/action_pct/phase_1 █▇▇▆▅▅▆▅▄▄▄▄▃▄▅▄▄▃▃▂▃▃▃▂▂▃▁▂▃▂▂▁▁▁▁▁▁▁▂▂
wandb:         R1C1_C/action_pct/phase_2 ▂▁▂▃▄▃▂▅██▇▅█▅▃▅▄▅▄▅▄▄▄▆▄▅▄▅▅▆██▇▆▇▅▅▆▄▄
wandb:         R1C1_C/action_pct/phase_3 ▁▆▅▆▄█▄▆▂▂▂▃▁▁▄▃▁▂▃▄▆▅▇▄▇▃▅▃▂▂▂▄▂▃▃▄▅▅▃▅
wandb:         R1C1_C/train/entropy_loss ▁▂▂▂▂▄▅▄▄▄▄▃▃▃▃▃▃▃▃▃▅▅▆▆▆▆▆▇▇███████████
wandb:        R1C1_C/train/learning_rate ▁▁▁▁▁▁▁▁▁▁▁▁▁▁▁▁▁▁▁▁▁▁▁▁▁▁▁▁▁▁▁▁▁▁▁▁▁▁▁▁
wandb:                 R1C1_C/train/loss ▁▂▂▂▁▂▃▂▄▅▄▁▁▂▁▄▇▅▅▂▄▅▃▃▆▂███▄▄▂▆██▇▇▇▇▄
wandb: R1C1_C/train/policy_gradient_loss ▇▆▆▁▁▇██▆▇▇▇▇██▆▆▇▇▇▁▁▁█▃▆█▅█▄▆▆▇▇▆█▅▅▆█
wandb:           R1C1_C/train/value_loss ▂▂▂▂▂▂▂▂▂▂▁▂▂▂▂▂▂▂▂▄▄▃▅▅▅▃▃▅▄▄▃▅▅▃▅▄▅▆▆█
wandb:                        avg_reward ▄▂▁▂▁▁▁▁▅▂▃▃▃▂▁▂▂▂▄▃▁▂▂▄▆▄▄▁▄▅▂▃▂█▆▆▆▆▄▂
wandb:                                +9 ...
wandb: 
wandb: Run summary:
wandb:         R1C1_C/action_pct/phase_0 30.27778
wandb:         R1C1_C/action_pct/phase_1 4.72222
wandb:         R1C1_C/action_pct/phase_2 40.83333
wandb:         R1C1_C/action_pct/phase_3 24.16667
wandb:         R1C1_C/train/entropy_loss -1.16116
wandb:        R1C1_C/train/learning_rate 0.0001
wandb:                 R1C1_C/train/loss 2.90909
wandb: R1C1_C/train/policy_gradient_loss -0.00326
wandb:           R1C1_C/train/value_loss 14.31041
wandb:                        avg_reward 0.28465
wandb:                                +9 ...
wandb: 
wandb: 🚀 View run ppo_halt_ratio_1x16_3_R1C1_C at: https://wandb.ai/wagnertamas-budapesti-m-szaki-s-gazdas-gtudom-nyi-egyetem/sumo-rl-stat/runs/0h8jaerz
wandb: ⭐️ View project at: https://wandb.ai/wagnertamas-budapesti-m-szaki-s-gazdas-gtudom-nyi-egyetem/sumo-rl-stat
wandb: Synced 5 W&B file(s), 0 media file(s), 0 artifact file(s) and 1 other file(s)
wandb: Find logs at: ./wandb/run-20260321_224808-0h8jaerz/logs

[DEBUG] 🎯 Célzott Forgalom Generálása (R1C1_C) | Period: 7.9953
Found 6 valid OD pairs for R1C1_C
Generating focused traffic: Period 7.9953s
[INFO] Subscriptions active: 6 (libsumo, fast mode)
[INFO] Episode duration: 900s (15 min)

[DEBUG] 🎯 Célzott Forgalom Generálása (R1C1_C) | Period: 7.1157
Found 6 valid OD pairs for R1C1_C
Generating focused traffic: Period 7.1157s
[INFO] Subscriptions active: 6 (libsumo, fast mode)
[INFO] Episode duration: 900s (15 min)

[DEBUG] 🎯 Célzott Forgalom Generálása (R1C1_C) | Period: 4.1165
Found 6 valid OD pairs for R1C1_C
Generating focused traffic: Period 4.1165s
[INFO] Subscriptions active: 6 (libsumo, fast mode)
[INFO] Episode duration: 2700s (45 min)

[DEBUG] 🎯 Célzott Forgalom Generálása (R1C1_C) | Period: 4.1238
Found 6 valid OD pairs for R1C1_C
Generating focused traffic: Period 4.1238s
[INFO] Subscriptions active: 6 (libsumo, fast mode)
[INFO] Episode duration: 3600s (60 min)

[DEBUG] 🎯 Célzott Forgalom Generálása (R1C1_C) | Period: 7.2692
Found 6 valid OD pairs for R1C1_C
Generating focused traffic: Period 7.2692s
[INFO] Subscriptions active: 6 (libsumo, fast mode)
[INFO] Episode duration: 900s (15 min)

[DEBUG] 🎯 Célzott Forgalom Generálása (R1C1_C) | Period: 6.0274
Found 6 valid OD pairs for R1C1_C
Generating focused traffic: Period 6.0274s
[INFO] Subscriptions active: 6 (libsumo, fast mode)
[INFO] Episode duration: 1800s (30 min)

[DEBUG] 🎯 Célzott Forgalom Generálása (R1C1_C) | Period: 7.0395
Found 6 valid OD pairs for R1C1_C
Generating focused traffic: Period 7.0395s
[INFO] Subscriptions active: 6 (libsumo, fast mode)
[INFO] Episode duration: 900s (15 min)

[DEBUG] 🎯 Célzott Forgalom Generálása (R1C1_C) | Period: 4.0006
Found 6 valid OD pairs for R1C1_C
Generating focused traffic: Period 4.0006s
[INFO] Subscriptions active: 6 (libsumo, fast mode)
[INFO] Episode duration: 2700s (45 min)

[DEBUG] 🎯 Célzott Forgalom Generálása (R1C1_C) | Period: 6.0196
Found 6 valid OD pairs for R1C1_C
Generating focused traffic: Period 6.0196s
[INFO] Subscriptions active: 6 (libsumo, fast mode)
On-policy training completed.
Closing environment and EXPORTING models...
Saving PyTorch ZIP models to /Users/wagnertamas/Documents/Munka/cikkek/AI_agens_konyvtar/support/intergreen_matrix_calculator/data/runs/pytorch_models...
Saved PyTorch R1C1_C to /Users/wagnertamas/Documents/Munka/cikkek/AI_agens_konyvtar/support/intergreen_matrix_calculator/data/runs/pytorch_models/R1C1_C.zip
Exporting ONNX models to /Users/wagnertamas/Documents/Munka/cikkek/AI_agens_konyvtar/support/intergreen_matrix_calculator/data/runs/onnx_models...
Failed to export R1C1_C: # Failed to convert 'dynamic_axes' to 'dynamic_shapes'. Please provide 'dynamic_shapes' directly. Refer to the documentation for 'torch.export.export' for more information on dynamic shapes.
Cleanup done.
