wandb: [wandb.login()] Loaded credentials for https://api.wandb.ai from /Users/wagnertamas/.netrc.
wandb: Currently logged in as: wagnertamas (wagnertamas-budapesti-m-szaki-s-gazdas-gtudom-nyi-egyetem) to https://api.wandb.ai. Use `wandb login --relogin` to force relogin
wandb: setting up run sthahl1s
wandb: Tracking run with wandb version 0.25.1
wandb: Run data is saved locally in /Users/wagnertamas/Documents/Munka/cikkek/AI_agens_konyvtar/support/intergreen_matrix_calculator/wandb/run-20260408_022124-sthahl1s
wandb: Run `wandb offline` to turn off syncing.
wandb: Syncing run ppo_speed_throughput_2x16_1_R1C1_C
wandb: ⭐️ View project at https://wandb.ai/wagnertamas-budapesti-m-szaki-s-gazdas-gtudom-nyi-egyetem/sumo-rl-stat-2
wandb: 🚀 View run at https://wandb.ai/wagnertamas-budapesti-m-szaki-s-gazdas-gtudom-nyi-egyetem/sumo-rl-stat-2/runs/sthahl1s
[INFO] Config: training_config.yaml
[INFO] Net: /Users/wagnertamas/Documents/Munka/cikkek/AI_agens_konyvtar/support/intergreen_matrix_calculator/data/mega_catalogue_v2.net.xml
[INFO] Timesteps: 100000 | Project: sumo-rl-stat-2
[INFO] Junction: R1C1_C
[INFO] Algorithm: ppo | Reward: speed_throughput
[INFO] Load model: None (fresh)
[INFO] Traffic: random target+spread (epizódonként)
Initializing Environment (algorithm=ppo, reward=speed_throughput)...
[INFO] Algorithm: ppo (on_policy)
[INFO] Reward mode: speed_throughput
WandB config applied (Sweep compatible).
[INFO] Junction reward params auto-loaded from /Users/wagnertamas/Documents/Munka/cikkek/AI_agens_konyvtar/support/intergreen_matrix_calculator/data/junction_reward_params.json
[INFO] Using 'traci' (USE_LIBSUMO=0, parallel slave).
Starting SUMO...
[INFO] Episode duration: 900s (15 min)

[DEBUG] 🎯 Célzott Forgalom Generálása (R1C1_C) | Period: 6.9172
Found 6 valid OD pairs for R1C1_C
Generating focused traffic: Period 6.9172s
 Retrying in 1 seconds
Could not connect to TraCI server at localhost:63124 [Errno 61] Connection refused
 Retrying in 1 seconds
[INFO] Network mapped: 1 agents, 3 detectors, 3 lanes
[INFO] Subscriptions active: 6 (traci, fast mode)
Agents discovered: ['R1C1_C']
[INFO] RL device: mps
[INFO] On-policy training: ppo → R1C1_C
[INFO] Env reset az observation/action space inicializálásához...
[INFO] Episode duration: 2700s (45 min)

[DEBUG] 🎯 Célzott Forgalom Generálása (R1C1_C) | Period: 4.7571
Found 6 valid OD pairs for R1C1_C
Generating focused traffic: Period 4.7571s
[INFO] Subscriptions active: 6 (traci, fast mode)
Using mps device
Wrapping the env with a `Monitor` wrapper
Wrapping the env in a DummyVecEnv.
Starting on-policy training: 100000 timesteps...
[INFO] Episode duration: 3600s (60 min)

[DEBUG] 🎯 Célzott Forgalom Generálása (R1C1_C) | Period: 5.5826
Found 6 valid OD pairs for R1C1_C
Generating focused traffic: Period 5.5826s
[INFO] Subscriptions active: 6 (traci, fast mode)
Logging to /Users/wagnertamas/Documents/Munka/cikkek/AI_agens_konyvtar/support/intergreen_matrix_calculator/data/runs/sumo-rl-stat-2/R1C1_C/PPO_19
[INFO] Episode duration: 1800s (30 min)

[DEBUG] 🎯 Célzott Forgalom Generálása (R1C1_C) | Period: 4.5621
Found 6 valid OD pairs for R1C1_C
Generating focused traffic: Period 4.5621s
[INFO] Subscriptions active: 6 (traci, fast mode)
  [ACTION PPO] R1C1_C: a0=24% (172) a1=25% (178) a2=27% (194) a3=24% (176)
[INFO] Episode duration: 1800s (30 min)

[DEBUG] 🎯 Célzott Forgalom Generálása (R1C1_C) | Period: 4.8908
Found 6 valid OD pairs for R1C1_C
Generating focused traffic: Period 4.8908s
[INFO] Subscriptions active: 6 (traci, fast mode)
  [ACTION PPO] R1C1_C: a0=26% (92) a1=22% (78) a2=29% (103) a3=24% (87)
[INFO] Episode duration: 900s (15 min)

[DEBUG] 🎯 Célzott Forgalom Generálása (R1C1_C) | Period: 4.1719
Found 6 valid OD pairs for R1C1_C
Generating focused traffic: Period 4.1719s
[INFO] Subscriptions active: 6 (traci, fast mode)
  [ACTION PPO] R1C1_C: a0=26% (94) a1=24% (85) a2=25% (91) a3=25% (90)
[INFO] Episode duration: 2700s (45 min)

[DEBUG] 🎯 Célzott Forgalom Generálása (R1C1_C) | Period: 4.8293
Found 6 valid OD pairs for R1C1_C
Generating focused traffic: Period 4.8293s
[INFO] Subscriptions active: 6 (traci, fast mode)
  [ACTION PPO] R1C1_C: a0=21% (38) a1=27% (48) a2=24% (44) a3=28% (50)
[INFO] Episode duration: 900s (15 min)

[DEBUG] 🎯 Célzott Forgalom Generálása (R1C1_C) | Period: 6.608
Found 6 valid OD pairs for R1C1_C
Generating focused traffic: Period 6.6080s
[INFO] Subscriptions active: 6 (traci, fast mode)
  [ACTION PPO] R1C1_C: a0=28% (149) a1=21% (111) a2=24% (132) a3=27% (148)
[INFO] Episode duration: 2700s (45 min)

[DEBUG] 🎯 Célzott Forgalom Generálása (R1C1_C) | Period: 5.5496
Found 6 valid OD pairs for R1C1_C
Generating focused traffic: Period 5.5496s
[INFO] Subscriptions active: 6 (traci, fast mode)
  [ACTION PPO] R1C1_C: a0=32% (57) a1=18% (33) a2=29% (52) a3=21% (38)
[INFO] Episode duration: 3600s (60 min)

[DEBUG] 🎯 Célzott Forgalom Generálása (R1C1_C) | Period: 5.0787
Found 6 valid OD pairs for R1C1_C
Generating focused traffic: Period 5.0787s
[INFO] Subscriptions active: 6 (traci, fast mode)
  [ACTION PPO] R1C1_C: a0=28% (149) a1=23% (122) a2=27% (144) a3=23% (125)
[INFO] Episode duration: 1800s (30 min)

[DEBUG] 🎯 Célzott Forgalom Generálása (R1C1_C) | Period: 6.8309
Found 6 valid OD pairs for R1C1_C
Generating focused traffic: Period 6.8309s
[INFO] Subscriptions active: 6 (traci, fast mode)
  [ACTION PPO] R1C1_C: a0=27% (195) a1=22% (155) a2=28% (198) a3=24% (172)
[INFO] Episode duration: 2700s (45 min)

[DEBUG] 🎯 Célzott Forgalom Generálása (R1C1_C) | Period: 6.7262
Found 6 valid OD pairs for R1C1_C
Generating focused traffic: Period 6.7262s
[INFO] Subscriptions active: 6 (traci, fast mode)
  [ACTION PPO] R1C1_C: a0=29% (103) a1=18% (65) a2=31% (111) a3=22% (81)
[INFO] Episode duration: 3600s (60 min)

[DEBUG] 🎯 Célzott Forgalom Generálása (R1C1_C) | Period: 5.9368
Found 6 valid OD pairs for R1C1_C
Generating focused traffic: Period 5.9368s
[INFO] Subscriptions active: 6 (traci, fast mode)
  [ACTION PPO] R1C1_C: a0=26% (142) a1=22% (117) a2=28% (150) a3=24% (131)
[INFO] Episode duration: 1800s (30 min)

[DEBUG] 🎯 Célzott Forgalom Generálása (R1C1_C) | Period: 6.8777
Found 6 valid OD pairs for R1C1_C
Generating focused traffic: Period 6.8777s
[INFO] Subscriptions active: 6 (traci, fast mode)
  [ACTION PPO] R1C1_C: a0=29% (209) a1=20% (146) a2=29% (206) a3=22% (159)
[INFO] Episode duration: 1800s (30 min)

[DEBUG] 🎯 Célzott Forgalom Generálása (R1C1_C) | Period: 7.8091
Found 6 valid OD pairs for R1C1_C
Generating focused traffic: Period 7.8091s
[INFO] Subscriptions active: 6 (traci, fast mode)
  [ACTION PPO] R1C1_C: a0=32% (117) a1=19% (68) a2=23% (83) a3=26% (92)
[INFO] Episode duration: 2700s (45 min)

[DEBUG] 🎯 Célzott Forgalom Generálása (R1C1_C) | Period: 4.2991
Found 6 valid OD pairs for R1C1_C
Generating focused traffic: Period 4.2991s
[INFO] Subscriptions active: 6 (traci, fast mode)
  [ACTION PPO] R1C1_C: a0=29% (105) a1=19% (68) a2=32% (114) a3=20% (73)
[INFO] Episode duration: 2700s (45 min)

[DEBUG] 🎯 Célzott Forgalom Generálása (R1C1_C) | Period: 6.2955
Found 6 valid OD pairs for R1C1_C
Generating focused traffic: Period 6.2955s
[INFO] Subscriptions active: 6 (traci, fast mode)
  [ACTION PPO] R1C1_C: a0=29% (154) a1=17% (94) a2=29% (157) a3=25% (135)
[INFO] Episode duration: 2700s (45 min)

[DEBUG] 🎯 Célzott Forgalom Generálása (R1C1_C) | Period: 6.7386
Found 6 valid OD pairs for R1C1_C
Generating focused traffic: Period 6.7386s
[INFO] Subscriptions active: 6 (traci, fast mode)
  [ACTION PPO] R1C1_C: a0=25% (136) a1=19% (103) a2=29% (156) a3=27% (145)
[INFO] Episode duration: 900s (15 min)

[DEBUG] 🎯 Célzott Forgalom Generálása (R1C1_C) | Period: 7.0573
Found 6 valid OD pairs for R1C1_C
Generating focused traffic: Period 7.0573s
[INFO] Subscriptions active: 6 (traci, fast mode)
  [ACTION PPO] R1C1_C: a0=27% (145) a1=21% (113) a2=27% (148) a3=25% (134)
[INFO] Episode duration: 1800s (30 min)

[DEBUG] 🎯 Célzott Forgalom Generálása (R1C1_C) | Period: 4.5133
Found 6 valid OD pairs for R1C1_C
Generating focused traffic: Period 4.5133s
[INFO] Subscriptions active: 6 (traci, fast mode)
  [ACTION PPO] R1C1_C: a0=29% (52) a1=19% (34) a2=24% (44) a3=28% (50)
[INFO] Episode duration: 3600s (60 min)

[DEBUG] 🎯 Célzott Forgalom Generálása (R1C1_C) | Period: 5.193
Found 6 valid OD pairs for R1C1_C
Generating focused traffic: Period 5.1930s
[INFO] Subscriptions active: 6 (traci, fast mode)
  [ACTION PPO] R1C1_C: a0=28% (99) a1=18% (65) a2=29% (106) a3=25% (90)
[INFO] Episode duration: 2700s (45 min)

[DEBUG] 🎯 Célzott Forgalom Generálása (R1C1_C) | Period: 7.8977
Found 6 valid OD pairs for R1C1_C
Generating focused traffic: Period 7.8977s
[INFO] Subscriptions active: 6 (traci, fast mode)
  [ACTION PPO] R1C1_C: a0=27% (194) a1=21% (150) a2=26% (189) a3=26% (187)
[INFO] Episode duration: 2700s (45 min)

[DEBUG] 🎯 Célzott Forgalom Generálása (R1C1_C) | Period: 4.64
Found 6 valid OD pairs for R1C1_C
Generating focused traffic: Period 4.6400s
[INFO] Subscriptions active: 6 (traci, fast mode)
  [ACTION PPO] R1C1_C: a0=25% (137) a1=18% (99) a2=27% (147) a3=29% (157)
[INFO] Episode duration: 1800s (30 min)

[DEBUG] 🎯 Célzott Forgalom Generálása (R1C1_C) | Period: 4.8968
Found 6 valid OD pairs for R1C1_C
Generating focused traffic: Period 4.8968s
[INFO] Subscriptions active: 6 (traci, fast mode)
  [ACTION PPO] R1C1_C: a0=28% (150) a1=15% (80) a2=29% (157) a3=28% (153)
[INFO] Episode duration: 3600s (60 min)

[DEBUG] 🎯 Célzott Forgalom Generálása (R1C1_C) | Period: 5.9291
Found 6 valid OD pairs for R1C1_C
Generating focused traffic: Period 5.9291s
[INFO] Subscriptions active: 6 (traci, fast mode)
  [ACTION PPO] R1C1_C: a0=26% (92) a1=20% (71) a2=27% (98) a3=28% (99)
[INFO] Episode duration: 3600s (60 min)

[DEBUG] 🎯 Célzott Forgalom Generálása (R1C1_C) | Period: 4.0516
Found 6 valid OD pairs for R1C1_C
Generating focused traffic: Period 4.0516s
[INFO] Subscriptions active: 6 (traci, fast mode)
  [ACTION PPO] R1C1_C: a0=24% (175) a1=14% (102) a2=30% (216) a3=32% (227)
[INFO] Episode duration: 2700s (45 min)

[DEBUG] 🎯 Célzott Forgalom Generálása (R1C1_C) | Period: 7.2729
Found 6 valid OD pairs for R1C1_C
Generating focused traffic: Period 7.2729s
[INFO] Subscriptions active: 6 (traci, fast mode)
  [ACTION PPO] R1C1_C: a0=26% (189) a1=13% (95) a2=27% (197) a3=33% (239)
[INFO] Episode duration: 3600s (60 min)

[DEBUG] 🎯 Célzott Forgalom Generálása (R1C1_C) | Period: 4.145
Found 6 valid OD pairs for R1C1_C
Generating focused traffic: Period 4.1450s
[INFO] Subscriptions active: 6 (traci, fast mode)
  [ACTION PPO] R1C1_C: a0=28% (152) a1=13% (72) a2=30% (163) a3=28% (153)
[INFO] Episode duration: 900s (15 min)

[DEBUG] 🎯 Célzott Forgalom Generálása (R1C1_C) | Period: 7.1438
Found 6 valid OD pairs for R1C1_C
Generating focused traffic: Period 7.1438s
[INFO] Subscriptions active: 6 (traci, fast mode)
  [ACTION PPO] R1C1_C: a0=22% (155) a1=12% (89) a2=38% (272) a3=28% (204)
[INFO] Episode duration: 1800s (30 min)

[DEBUG] 🎯 Célzott Forgalom Generálása (R1C1_C) | Period: 4.2843
Found 6 valid OD pairs for R1C1_C
Generating focused traffic: Period 4.2843s
[INFO] Subscriptions active: 6 (traci, fast mode)
  [ACTION PPO] R1C1_C: a0=20% (36) a1=14% (25) a2=41% (73) a3=26% (46)
[INFO] Episode duration: 3600s (60 min)

[DEBUG] 🎯 Célzott Forgalom Generálása (R1C1_C) | Period: 4.7689
Found 6 valid OD pairs for R1C1_C
Generating focused traffic: Period 4.7689s
[INFO] Subscriptions active: 6 (traci, fast mode)
  [ACTION PPO] R1C1_C: a0=23% (82) a1=11% (41) a2=39% (140) a3=27% (97)
[INFO] Episode duration: 3600s (60 min)

[DEBUG] 🎯 Célzott Forgalom Generálása (R1C1_C) | Period: 5.1398
Found 6 valid OD pairs for R1C1_C
Generating focused traffic: Period 5.1398s
[INFO] Subscriptions active: 6 (traci, fast mode)
  [ACTION PPO] R1C1_C: a0=27% (192) a1=13% (92) a2=33% (238) a3=28% (198)
[INFO] Episode duration: 900s (15 min)

[DEBUG] 🎯 Célzott Forgalom Generálása (R1C1_C) | Period: 4.7179
Found 6 valid OD pairs for R1C1_C
Generating focused traffic: Period 4.7179s
[INFO] Subscriptions active: 6 (traci, fast mode)
  [ACTION PPO] R1C1_C: a0=22% (160) a1=12% (89) a2=33% (241) a3=32% (230)
[INFO] Episode duration: 1800s (30 min)

[DEBUG] 🎯 Célzott Forgalom Generálása (R1C1_C) | Period: 5.3386
Found 6 valid OD pairs for R1C1_C
Generating focused traffic: Period 5.3386s
[INFO] Subscriptions active: 6 (traci, fast mode)
  [ACTION PPO] R1C1_C: a0=21% (38) a1=8% (15) a2=39% (70) a3=32% (57)
[INFO] Episode duration: 2700s (45 min)

[DEBUG] 🎯 Célzott Forgalom Generálása (R1C1_C) | Period: 6.7589
Found 6 valid OD pairs for R1C1_C
Generating focused traffic: Period 6.7589s
[INFO] Subscriptions active: 6 (traci, fast mode)
  [ACTION PPO] R1C1_C: a0=25% (90) a1=9% (33) a2=34% (124) a3=31% (113)
[INFO] Episode duration: 3600s (60 min)

[DEBUG] 🎯 Célzott Forgalom Generálása (R1C1_C) | Period: 5.9663
Found 6 valid OD pairs for R1C1_C
Generating focused traffic: Period 5.9663s
[INFO] Subscriptions active: 6 (traci, fast mode)
  [ACTION PPO] R1C1_C: a0=18% (99) a1=11% (62) a2=36% (195) a3=34% (184)
[INFO] Episode duration: 900s (15 min)

[DEBUG] 🎯 Célzott Forgalom Generálása (R1C1_C) | Period: 4.6642
Found 6 valid OD pairs for R1C1_C
Generating focused traffic: Period 4.6642s
[INFO] Subscriptions active: 6 (traci, fast mode)
  [ACTION PPO] R1C1_C: a0=21% (150) a1=11% (82) a2=35% (249) a3=33% (239)
[INFO] Episode duration: 3600s (60 min)

[DEBUG] 🎯 Célzott Forgalom Generálása (R1C1_C) | Period: 5.8738
Found 6 valid OD pairs for R1C1_C
Generating focused traffic: Period 5.8738s
[INFO] Subscriptions active: 6 (traci, fast mode)
  [ACTION PPO] R1C1_C: a0=24% (44) a1=8% (15) a2=32% (58) a3=35% (63)
[INFO] Episode duration: 2700s (45 min)

[DEBUG] 🎯 Célzott Forgalom Generálása (R1C1_C) | Period: 5.7986
Found 6 valid OD pairs for R1C1_C
Generating focused traffic: Period 5.7986s
[INFO] Subscriptions active: 6 (traci, fast mode)
  [ACTION PPO] R1C1_C: a0=23% (166) a1=10% (74) a2=31% (224) a3=36% (256)
[INFO] Episode duration: 900s (15 min)

[DEBUG] 🎯 Célzott Forgalom Generálása (R1C1_C) | Period: 5.1377
Found 6 valid OD pairs for R1C1_C
Generating focused traffic: Period 5.1377s
[INFO] Subscriptions active: 6 (traci, fast mode)
  [ACTION PPO] R1C1_C: a0=21% (114) a1=7% (37) a2=33% (178) a3=39% (211)
[INFO] Episode duration: 2700s (45 min)

[DEBUG] 🎯 Célzott Forgalom Generálása (R1C1_C) | Period: 7.2049
Found 6 valid OD pairs for R1C1_C
Generating focused traffic: Period 7.2049s
[INFO] Subscriptions active: 6 (traci, fast mode)
  [ACTION PPO] R1C1_C: a0=17% (31) a1=9% (17) a2=33% (60) a3=40% (72)
[INFO] Episode duration: 3600s (60 min)

[DEBUG] 🎯 Célzott Forgalom Generálása (R1C1_C) | Period: 7.2027
Found 6 valid OD pairs for R1C1_C
Generating focused traffic: Period 7.2027s
[INFO] Subscriptions active: 6 (traci, fast mode)
  [ACTION PPO] R1C1_C: a0=23% (123) a1=9% (48) a2=32% (175) a3=36% (194)
[INFO] Episode duration: 3600s (60 min)

[DEBUG] 🎯 Célzott Forgalom Generálása (R1C1_C) | Period: 7.1993
Found 6 valid OD pairs for R1C1_C
Generating focused traffic: Period 7.1993s
[INFO] Subscriptions active: 6 (traci, fast mode)
  [ACTION PPO] R1C1_C: a0=22% (160) a1=11% (77) a2=33% (236) a3=34% (247)
[INFO] Episode duration: 2700s (45 min)

[DEBUG] 🎯 Célzott Forgalom Generálása (R1C1_C) | Period: 6.6519
Found 6 valid OD pairs for R1C1_C
Generating focused traffic: Period 6.6519s
[INFO] Subscriptions active: 6 (traci, fast mode)
  [ACTION PPO] R1C1_C: a0=24% (176) a1=12% (87) a2=32% (227) a3=32% (230)
-----------------------------------------
| rollout/                |             |
|    ep_len_mean          | 496         |
|    ep_rew_mean          | 59.2        |
| time/                   |             |
|    fps                  | 30          |
|    iterations           | 10          |
|    time_elapsed         | 676         |
|    total_timesteps      | 20480       |
| train/                  |             |
|    approx_kl            | 0.003750184 |
|    clip_fraction        | 0           |
|    clip_range           | 0.2         |
|    entropy_loss         | -1.28       |
|    explained_variance   | 0.000155    |
|    learning_rate        | 0.0001      |
|    loss                 | 0.139       |
|    n_updates            | 90          |
|    policy_gradient_loss | -0.0012     |
|    value_loss           | 1.59        |
-----------------------------------------
[INFO] Episode duration: 1800s (30 min)

[DEBUG] 🎯 Célzott Forgalom Generálása (R1C1_C) | Period: 7.1839
Found 6 valid OD pairs for R1C1_C
Generating focused traffic: Period 7.1839s
[INFO] Subscriptions active: 6 (traci, fast mode)
  [ACTION PPO] R1C1_C: a0=22% (118) a1=11% (60) a2=35% (189) a3=32% (173)
[INFO] Episode duration: 900s (15 min)

[DEBUG] 🎯 Célzott Forgalom Generálása (R1C1_C) | Period: 4.1273
Found 6 valid OD pairs for R1C1_C
Generating focused traffic: Period 4.1273s
[INFO] Subscriptions active: 6 (traci, fast mode)
  [ACTION PPO] R1C1_C: a0=26% (94) a1=9% (33) a2=33% (119) a3=32% (114)
[INFO] Episode duration: 900s (15 min)

[DEBUG] 🎯 Célzott Forgalom Generálása (R1C1_C) | Period: 6.7999
Found 6 valid OD pairs for R1C1_C
Generating focused traffic: Period 6.7999s
[INFO] Subscriptions active: 6 (traci, fast mode)
  [ACTION PPO] R1C1_C: a0=25% (45) a1=9% (17) a2=31% (56) a3=34% (62)
[INFO] Episode duration: 2700s (45 min)

[DEBUG] 🎯 Célzott Forgalom Generálása (R1C1_C) | Period: 7.8034
Found 6 valid OD pairs for R1C1_C
Generating focused traffic: Period 7.8034s
[INFO] Subscriptions active: 6 (traci, fast mode)
  [ACTION PPO] R1C1_C: a0=23% (41) a1=11% (20) a2=28% (51) a3=38% (68)
[INFO] Episode duration: 2700s (45 min)

[DEBUG] 🎯 Célzott Forgalom Generálása (R1C1_C) | Period: 7.8887
Found 6 valid OD pairs for R1C1_C
Generating focused traffic: Period 7.8887s
[INFO] Subscriptions active: 6 (traci, fast mode)
  [ACTION PPO] R1C1_C: a0=25% (134) a1=10% (52) a2=28% (149) a3=38% (205)
[INFO] Episode duration: 2700s (45 min)

[DEBUG] 🎯 Célzott Forgalom Generálása (R1C1_C) | Period: 7.6134
Found 6 valid OD pairs for R1C1_C
Generating focused traffic: Period 7.6134s
[INFO] Subscriptions active: 6 (traci, fast mode)
  [ACTION PPO] R1C1_C: a0=27% (145) a1=9% (49) a2=31% (170) a3=33% (176)
[INFO] Episode duration: 3600s (60 min)

[DEBUG] 🎯 Célzott Forgalom Generálása (R1C1_C) | Period: 6.4327
Found 6 valid OD pairs for R1C1_C
Generating focused traffic: Period 6.4327s
[INFO] Subscriptions active: 6 (traci, fast mode)
  [ACTION PPO] R1C1_C: a0=26% (138) a1=7% (40) a2=38% (206) a3=29% (156)
[INFO] Episode duration: 2700s (45 min)

[DEBUG] 🎯 Célzott Forgalom Generálása (R1C1_C) | Period: 7.849
Found 6 valid OD pairs for R1C1_C
Generating focused traffic: Period 7.8490s
[INFO] Subscriptions active: 6 (traci, fast mode)
  [ACTION PPO] R1C1_C: a0=26% (189) a1=10% (74) a2=33% (239) a3=30% (218)
[INFO] Episode duration: 2700s (45 min)

[DEBUG] 🎯 Célzott Forgalom Generálása (R1C1_C) | Period: 7.3767
Found 6 valid OD pairs for R1C1_C
Generating focused traffic: Period 7.3767s
[INFO] Subscriptions active: 6 (traci, fast mode)
  [ACTION PPO] R1C1_C: a0=24% (132) a1=8% (45) a2=34% (184) a3=33% (179)
[INFO] Episode duration: 900s (15 min)

[DEBUG] 🎯 Célzott Forgalom Generálása (R1C1_C) | Period: 5.9814
Found 6 valid OD pairs for R1C1_C
Generating focused traffic: Period 5.9814s
[INFO] Subscriptions active: 6 (traci, fast mode)
  [ACTION PPO] R1C1_C: a0=24% (129) a1=7% (39) a2=37% (202) a3=31% (170)
[INFO] Episode duration: 900s (15 min)

[DEBUG] 🎯 Célzott Forgalom Generálása (R1C1_C) | Period: 7.5859
Found 6 valid OD pairs for R1C1_C
Generating focused traffic: Period 7.5859s
[INFO] Subscriptions active: 6 (traci, fast mode)
  [ACTION PPO] R1C1_C: a0=26% (46) a1=8% (15) a2=43% (77) a3=23% (42)
[INFO] Episode duration: 2700s (45 min)

[DEBUG] 🎯 Célzott Forgalom Generálása (R1C1_C) | Period: 5.201
Found 6 valid OD pairs for R1C1_C
Generating focused traffic: Period 5.2010s
[INFO] Subscriptions active: 6 (traci, fast mode)
  [ACTION PPO] R1C1_C: a0=25% (45) a1=6% (11) a2=43% (77) a3=26% (47)
[INFO] Episode duration: 2700s (45 min)

[DEBUG] 🎯 Célzott Forgalom Generálása (R1C1_C) | Period: 6.6731
Found 6 valid OD pairs for R1C1_C
Generating focused traffic: Period 6.6731s
[INFO] Subscriptions active: 6 (traci, fast mode)
  [ACTION PPO] R1C1_C: a0=30% (164) a1=6% (35) a2=38% (204) a3=25% (137)
[INFO] Episode duration: 900s (15 min)

[DEBUG] 🎯 Célzott Forgalom Generálása (R1C1_C) | Period: 4.2993
Found 6 valid OD pairs for R1C1_C
Generating focused traffic: Period 4.2993s
[INFO] Subscriptions active: 6 (traci, fast mode)
  [ACTION PPO] R1C1_C: a0=26% (140) a1=6% (32) a2=39% (208) a3=30% (160)
[INFO] Episode duration: 900s (15 min)

[DEBUG] 🎯 Célzott Forgalom Generálása (R1C1_C) | Period: 7.2312
Found 6 valid OD pairs for R1C1_C
Generating focused traffic: Period 7.2312s
[INFO] Subscriptions active: 6 (traci, fast mode)
  [ACTION PPO] R1C1_C: a0=28% (50) a1=4% (8) a2=41% (73) a3=27% (49)
[INFO] Episode duration: 3600s (60 min)

[DEBUG] 🎯 Célzott Forgalom Generálása (R1C1_C) | Period: 4.5659
Found 6 valid OD pairs for R1C1_C
Generating focused traffic: Period 4.5659s
[INFO] Subscriptions active: 6 (traci, fast mode)
  [ACTION PPO] R1C1_C: a0=27% (48) a1=5% (9) a2=37% (67) a3=31% (56)
[INFO] Episode duration: 900s (15 min)

[DEBUG] 🎯 Célzott Forgalom Generálása (R1C1_C) | Period: 5.5729
Found 6 valid OD pairs for R1C1_C
Generating focused traffic: Period 5.5729s
[INFO] Subscriptions active: 6 (traci, fast mode)
  [ACTION PPO] R1C1_C: a0=27% (193) a1=7% (51) a2=34% (245) a3=32% (231)
[INFO] Episode duration: 1800s (30 min)

[DEBUG] 🎯 Célzott Forgalom Generálása (R1C1_C) | Period: 7.1852
Found 6 valid OD pairs for R1C1_C
Generating focused traffic: Period 7.1852s
[INFO] Subscriptions active: 6 (traci, fast mode)
  [ACTION PPO] R1C1_C: a0=31% (56) a1=7% (12) a2=31% (55) a3=32% (57)
[INFO] Episode duration: 1800s (30 min)

[DEBUG] 🎯 Célzott Forgalom Generálása (R1C1_C) | Period: 6.8642
Found 6 valid OD pairs for R1C1_C
Generating focused traffic: Period 6.8642s
[INFO] Subscriptions active: 6 (traci, fast mode)
  [ACTION PPO] R1C1_C: a0=28% (100) a1=5% (19) a2=34% (121) a3=33% (120)
[INFO] Episode duration: 900s (15 min)

[DEBUG] 🎯 Célzott Forgalom Generálása (R1C1_C) | Period: 4.358
Found 6 valid OD pairs for R1C1_C
Generating focused traffic: Period 4.3580s
[INFO] Subscriptions active: 6 (traci, fast mode)
  [ACTION PPO] R1C1_C: a0=28% (102) a1=8% (28) a2=39% (140) a3=25% (90)
[INFO] Episode duration: 1800s (30 min)

[DEBUG] 🎯 Célzott Forgalom Generálása (R1C1_C) | Period: 7.7433
Found 6 valid OD pairs for R1C1_C
Generating focused traffic: Period 7.7433s
[INFO] Subscriptions active: 6 (traci, fast mode)
  [ACTION PPO] R1C1_C: a0=28% (50) a1=7% (13) a2=36% (64) a3=29% (53)
[INFO] Episode duration: 1800s (30 min)

[DEBUG] 🎯 Célzott Forgalom Generálása (R1C1_C) | Period: 7.9383
Found 6 valid OD pairs for R1C1_C
Generating focused traffic: Period 7.9383s
[INFO] Subscriptions active: 6 (traci, fast mode)
  [ACTION PPO] R1C1_C: a0=27% (98) a1=6% (22) a2=35% (125) a3=32% (115)
[INFO] Episode duration: 2700s (45 min)

[DEBUG] 🎯 Célzott Forgalom Generálása (R1C1_C) | Period: 6.1999
Found 6 valid OD pairs for R1C1_C
Generating focused traffic: Period 6.1999s
[INFO] Subscriptions active: 6 (traci, fast mode)
  [ACTION PPO] R1C1_C: a0=26% (92) a1=4% (14) a2=36% (128) a3=35% (126)
[INFO] Episode duration: 3600s (60 min)

[DEBUG] 🎯 Célzott Forgalom Generálása (R1C1_C) | Period: 5.5426
Found 6 valid OD pairs for R1C1_C
Generating focused traffic: Period 5.5426s
[INFO] Subscriptions active: 6 (traci, fast mode)
  [ACTION PPO] R1C1_C: a0=29% (158) a1=6% (35) a2=34% (182) a3=31% (165)
[INFO] Episode duration: 900s (15 min)

[DEBUG] 🎯 Célzott Forgalom Generálása (R1C1_C) | Period: 6.7679
Found 6 valid OD pairs for R1C1_C
Generating focused traffic: Period 6.7679s
[INFO] Subscriptions active: 6 (traci, fast mode)
  [ACTION PPO] R1C1_C: a0=26% (190) a1=4% (29) a2=36% (259) a3=34% (242)
[INFO] Episode duration: 3600s (60 min)

[DEBUG] 🎯 Célzott Forgalom Generálása (R1C1_C) | Period: 7.3006
Found 6 valid OD pairs for R1C1_C
Generating focused traffic: Period 7.3006s
[INFO] Subscriptions active: 6 (traci, fast mode)
  [ACTION PPO] R1C1_C: a0=23% (41) a1=7% (13) a2=36% (65) a3=34% (61)
[INFO] Episode duration: 1800s (30 min)

[DEBUG] 🎯 Célzott Forgalom Generálása (R1C1_C) | Period: 7.7313
Found 6 valid OD pairs for R1C1_C
Generating focused traffic: Period 7.7313s
[INFO] Subscriptions active: 6 (traci, fast mode)
  [ACTION PPO] R1C1_C: a0=28% (204) a1=7% (48) a2=35% (252) a3=30% (216)
[INFO] Episode duration: 2700s (45 min)

[DEBUG] 🎯 Célzott Forgalom Generálása (R1C1_C) | Period: 5.7337
Found 6 valid OD pairs for R1C1_C
Generating focused traffic: Period 5.7337s
[INFO] Subscriptions active: 6 (traci, fast mode)
  [ACTION PPO] R1C1_C: a0=27% (97) a1=6% (20) a2=35% (125) a3=33% (118)
[INFO] Episode duration: 3600s (60 min)

[DEBUG] 🎯 Célzott Forgalom Generálása (R1C1_C) | Period: 5.5341
Found 6 valid OD pairs for R1C1_C
Generating focused traffic: Period 5.5341s
[INFO] Subscriptions active: 6 (traci, fast mode)
  [ACTION PPO] R1C1_C: a0=31% (166) a1=4% (19) a2=35% (188) a3=31% (167)
[INFO] Episode duration: 3600s (60 min)

[DEBUG] 🎯 Célzott Forgalom Generálása (R1C1_C) | Period: 7.4532
Found 6 valid OD pairs for R1C1_C
Generating focused traffic: Period 7.4532s
[INFO] Subscriptions active: 6 (traci, fast mode)
  [ACTION PPO] R1C1_C: a0=27% (193) a1=6% (41) a2=35% (251) a3=33% (235)
[INFO] Episode duration: 1800s (30 min)

[DEBUG] 🎯 Célzott Forgalom Generálása (R1C1_C) | Period: 6.8221
Found 6 valid OD pairs for R1C1_C
Generating focused traffic: Period 6.8221s
[INFO] Subscriptions active: 6 (traci, fast mode)
  [ACTION PPO] R1C1_C: a0=30% (217) a1=7% (48) a2=31% (225) a3=32% (230)
[INFO] Episode duration: 900s (15 min)

[DEBUG] 🎯 Célzott Forgalom Generálása (R1C1_C) | Period: 7.7795
Found 6 valid OD pairs for R1C1_C
Generating focused traffic: Period 7.7795s
[INFO] Subscriptions active: 6 (traci, fast mode)
  [ACTION PPO] R1C1_C: a0=27% (96) a1=6% (21) a2=38% (137) a3=29% (106)
[INFO] Episode duration: 2700s (45 min)

[DEBUG] 🎯 Célzott Forgalom Generálása (R1C1_C) | Period: 5.754
Found 6 valid OD pairs for R1C1_C
Generating focused traffic: Period 5.7540s
[INFO] Subscriptions active: 6 (traci, fast mode)
  [ACTION PPO] R1C1_C: a0=27% (49) a1=4% (8) a2=37% (66) a3=32% (57)
[INFO] Episode duration: 3600s (60 min)

[DEBUG] 🎯 Célzott Forgalom Generálása (R1C1_C) | Period: 4.4111
Found 6 valid OD pairs for R1C1_C
Generating focused traffic: Period 4.4111s
[INFO] Subscriptions active: 6 (traci, fast mode)
  [ACTION PPO] R1C1_C: a0=31% (165) a1=6% (30) a2=33% (179) a3=31% (166)
[INFO] Episode duration: 900s (15 min)

[DEBUG] 🎯 Célzott Forgalom Generálása (R1C1_C) | Period: 7.8842
Found 6 valid OD pairs for R1C1_C
Generating focused traffic: Period 7.8842s
[INFO] Subscriptions active: 6 (traci, fast mode)
  [ACTION PPO] R1C1_C: a0=33% (237) a1=4% (30) a2=36% (259) a3=27% (194)
[INFO] Episode duration: 900s (15 min)

[DEBUG] 🎯 Célzott Forgalom Generálása (R1C1_C) | Period: 6.3653
Found 6 valid OD pairs for R1C1_C
Generating focused traffic: Period 6.3653s
[INFO] Subscriptions active: 6 (traci, fast mode)
  [ACTION PPO] R1C1_C: a0=33% (59) a1=8% (15) a2=29% (52) a3=30% (54)
[INFO] Episode duration: 900s (15 min)

[DEBUG] 🎯 Célzott Forgalom Generálása (R1C1_C) | Period: 5.6853
Found 6 valid OD pairs for R1C1_C
Generating focused traffic: Period 5.6853s
[INFO] Subscriptions active: 6 (traci, fast mode)
  [ACTION PPO] R1C1_C: a0=31% (55) a1=4% (7) a2=33% (60) a3=32% (58)
[INFO] Episode duration: 3600s (60 min)

[DEBUG] 🎯 Célzott Forgalom Generálása (R1C1_C) | Period: 6.0057
Found 6 valid OD pairs for R1C1_C
Generating focused traffic: Period 6.0057s
[INFO] Subscriptions active: 6 (traci, fast mode)
  [ACTION PPO] R1C1_C: a0=34% (62) a1=4% (7) a2=38% (69) a3=23% (42)
[INFO] Episode duration: 1800s (30 min)

[DEBUG] 🎯 Célzott Forgalom Generálása (R1C1_C) | Period: 6.9989
Found 6 valid OD pairs for R1C1_C
Generating focused traffic: Period 6.9989s
[INFO] Subscriptions active: 6 (traci, fast mode)
  [ACTION PPO] R1C1_C: a0=30% (215) a1=5% (36) a2=37% (267) a3=28% (202)
[INFO] Episode duration: 2700s (45 min)

[DEBUG] 🎯 Célzott Forgalom Generálása (R1C1_C) | Period: 7.7605
Found 6 valid OD pairs for R1C1_C
Generating focused traffic: Period 7.7605s
[INFO] Subscriptions active: 6 (traci, fast mode)
  [ACTION PPO] R1C1_C: a0=32% (114) a1=6% (20) a2=35% (127) a3=28% (99)
[INFO] Episode duration: 1800s (30 min)

[DEBUG] 🎯 Célzott Forgalom Generálása (R1C1_C) | Period: 7.9758
Found 6 valid OD pairs for R1C1_C
Generating focused traffic: Period 7.9758s
[INFO] Subscriptions active: 6 (traci, fast mode)
  [ACTION PPO] R1C1_C: a0=30% (162) a1=7% (36) a2=36% (193) a3=28% (149)
[INFO] Episode duration: 1800s (30 min)

[DEBUG] 🎯 Célzott Forgalom Generálása (R1C1_C) | Period: 4.7329
Found 6 valid OD pairs for R1C1_C
Generating focused traffic: Period 4.7329s
[INFO] Subscriptions active: 6 (traci, fast mode)
  [ACTION PPO] R1C1_C: a0=33% (118) a1=6% (22) a2=35% (126) a3=26% (94)
[INFO] Episode duration: 1800s (30 min)

[DEBUG] 🎯 Célzott Forgalom Generálása (R1C1_C) | Period: 6.7459
Found 6 valid OD pairs for R1C1_C
Generating focused traffic: Period 6.7459s
[INFO] Subscriptions active: 6 (traci, fast mode)
  [ACTION PPO] R1C1_C: a0=34% (122) a1=5% (19) a2=32% (115) a3=29% (104)
[INFO] Episode duration: 1800s (30 min)

[DEBUG] 🎯 Célzott Forgalom Generálása (R1C1_C) | Period: 5.2439
Found 6 valid OD pairs for R1C1_C
Generating focused traffic: Period 5.2439s
[INFO] Subscriptions active: 6 (traci, fast mode)
  [ACTION PPO] R1C1_C: a0=33% (119) a1=5% (18) a2=31% (110) a3=31% (113)
[INFO] Episode duration: 3600s (60 min)

[DEBUG] 🎯 Célzott Forgalom Generálása (R1C1_C) | Period: 7.161
Found 6 valid OD pairs for R1C1_C
Generating focused traffic: Period 7.1610s
[INFO] Subscriptions active: 6 (traci, fast mode)
  [ACTION PPO] R1C1_C: a0=29% (106) a1=4% (16) a2=38% (138) a3=28% (100)
[INFO] Episode duration: 2700s (45 min)

[DEBUG] 🎯 Célzott Forgalom Generálása (R1C1_C) | Period: 4.3449
Found 6 valid OD pairs for R1C1_C
Generating focused traffic: Period 4.3449s
[INFO] Subscriptions active: 6 (traci, fast mode)
  [ACTION PPO] R1C1_C: a0=30% (219) a1=6% (46) a2=33% (238) a3=30% (217)
[INFO] Episode duration: 1800s (30 min)

[DEBUG] 🎯 Célzott Forgalom Generálása (R1C1_C) | Period: 6.7716
Found 6 valid OD pairs for R1C1_C
Generating focused traffic: Period 6.7716s
[INFO] Subscriptions active: 6 (traci, fast mode)
  [ACTION PPO] R1C1_C: a0=33% (179) a1=7% (36) a2=30% (161) a3=30% (164)
[INFO] Episode duration: 1800s (30 min)

[DEBUG] 🎯 Célzott Forgalom Generálása (R1C1_C) | Period: 4.397
Found 6 valid OD pairs for R1C1_C
Generating focused traffic: Period 4.3970s
[INFO] Subscriptions active: 6 (traci, fast mode)
  [ACTION PPO] R1C1_C: a0=33% (118) a1=4% (14) a2=31% (113) a3=32% (115)
------------------------------------------
| rollout/                |              |
|    ep_len_mean          | 459          |
|    ep_rew_mean          | 59           |
| time/                   |              |
|    fps                  | 34           |
|    iterations           | 20           |
|    time_elapsed         | 1199         |
|    total_timesteps      | 40960        |
| train/                  |              |
|    approx_kl            | 0.0025265499 |
|    clip_fraction        | 0            |
|    clip_range           | 0.2          |
|    entropy_loss         | -1.25        |
|    explained_variance   | 0.00787      |
|    learning_rate        | 0.0001       |
|    loss                 | 2.69         |
|    n_updates            | 190          |
|    policy_gradient_loss | -0.000777    |
|    value_loss           | 3.09         |
------------------------------------------
[INFO] Episode duration: 2700s (45 min)

[DEBUG] 🎯 Célzott Forgalom Generálása (R1C1_C) | Period: 5.1858
Found 6 valid OD pairs for R1C1_C
Generating focused traffic: Period 5.1858s
[INFO] Subscriptions active: 6 (traci, fast mode)
  [ACTION PPO] R1C1_C: a0=28% (101) a1=7% (26) a2=36% (130) a3=29% (103)
[INFO] Episode duration: 900s (15 min)

[DEBUG] 🎯 Célzott Forgalom Generálása (R1C1_C) | Period: 6.0094
Found 6 valid OD pairs for R1C1_C
Generating focused traffic: Period 6.0094s
[INFO] Subscriptions active: 6 (traci, fast mode)
  [ACTION PPO] R1C1_C: a0=29% (157) a1=6% (34) a2=40% (214) a3=25% (135)
[INFO] Episode duration: 900s (15 min)

[DEBUG] 🎯 Célzott Forgalom Generálása (R1C1_C) | Period: 5.0185
Found 6 valid OD pairs for R1C1_C
Generating focused traffic: Period 5.0185s
[INFO] Subscriptions active: 6 (traci, fast mode)
  [ACTION PPO] R1C1_C: a0=33% (60) a1=8% (15) a2=32% (57) a3=27% (48)
[INFO] Episode duration: 2700s (45 min)

[DEBUG] 🎯 Célzott Forgalom Generálása (R1C1_C) | Period: 5.3333
Found 6 valid OD pairs for R1C1_C
Generating focused traffic: Period 5.3333s
[INFO] Subscriptions active: 6 (traci, fast mode)
  [ACTION PPO] R1C1_C: a0=28% (50) a1=8% (14) a2=32% (57) a3=33% (59)
[INFO] Episode duration: 2700s (45 min)

[DEBUG] 🎯 Célzott Forgalom Generálása (R1C1_C) | Period: 7.9942
Found 6 valid OD pairs for R1C1_C
Generating focused traffic: Period 7.9942s
[INFO] Subscriptions active: 6 (traci, fast mode)
  [ACTION PPO] R1C1_C: a0=37% (200) a1=5% (26) a2=36% (193) a3=22% (121)
[INFO] Episode duration: 1800s (30 min)

[DEBUG] 🎯 Célzott Forgalom Generálása (R1C1_C) | Period: 7.5463
Found 6 valid OD pairs for R1C1_C
Generating focused traffic: Period 7.5463s
[INFO] Subscriptions active: 6 (traci, fast mode)
  [ACTION PPO] R1C1_C: a0=30% (160) a1=7% (36) a2=36% (194) a3=28% (150)
[INFO] Episode duration: 3600s (60 min)

[DEBUG] 🎯 Célzott Forgalom Generálása (R1C1_C) | Period: 4.3812
Found 6 valid OD pairs for R1C1_C
Generating focused traffic: Period 4.3812s
[INFO] Subscriptions active: 6 (traci, fast mode)
  [ACTION PPO] R1C1_C: a0=28% (101) a1=9% (33) a2=30% (107) a3=33% (119)
[INFO] Episode duration: 3600s (60 min)

[DEBUG] 🎯 Célzott Forgalom Generálása (R1C1_C) | Period: 4.4377
Found 6 valid OD pairs for R1C1_C
Generating focused traffic: Period 4.4377s
[INFO] Subscriptions active: 6 (traci, fast mode)
  [ACTION PPO] R1C1_C: a0=28% (200) a1=6% (45) a2=35% (249) a3=31% (226)
[INFO] Episode duration: 900s (15 min)

[DEBUG] 🎯 Célzott Forgalom Generálása (R1C1_C) | Period: 6.6683
Found 6 valid OD pairs for R1C1_C
Generating focused traffic: Period 6.6683s
[INFO] Subscriptions active: 6 (traci, fast mode)
  [ACTION PPO] R1C1_C: a0=28% (205) a1=6% (43) a2=36% (261) a3=29% (211)
[INFO] Episode duration: 1800s (30 min)

[DEBUG] 🎯 Célzott Forgalom Generálása (R1C1_C) | Period: 4.6117
Found 6 valid OD pairs for R1C1_C
Generating focused traffic: Period 4.6117s
[INFO] Subscriptions active: 6 (traci, fast mode)
  [ACTION PPO] R1C1_C: a0=27% (48) a1=7% (12) a2=34% (62) a3=32% (58)
[INFO] Episode duration: 900s (15 min)

[DEBUG] 🎯 Célzott Forgalom Generálása (R1C1_C) | Period: 4.8121
Found 6 valid OD pairs for R1C1_C
Generating focused traffic: Period 4.8121s
[INFO] Subscriptions active: 6 (traci, fast mode)
  [ACTION PPO] R1C1_C: a0=25% (91) a1=6% (21) a2=36% (128) a3=33% (120)
[INFO] Episode duration: 3600s (60 min)

[DEBUG] 🎯 Célzott Forgalom Generálása (R1C1_C) | Period: 6.0877
Found 6 valid OD pairs for R1C1_C
Generating focused traffic: Period 6.0877s
[INFO] Subscriptions active: 6 (traci, fast mode)
  [ACTION PPO] R1C1_C: a0=32% (57) a1=6% (10) a2=32% (57) a3=31% (56)
[INFO] Episode duration: 1800s (30 min)

[DEBUG] 🎯 Célzott Forgalom Generálása (R1C1_C) | Period: 7.6196
Found 6 valid OD pairs for R1C1_C
Generating focused traffic: Period 7.6196s
[INFO] Subscriptions active: 6 (traci, fast mode)
  [ACTION PPO] R1C1_C: a0=28% (203) a1=6% (45) a2=36% (258) a3=30% (214)
[INFO] Episode duration: 900s (15 min)

[DEBUG] 🎯 Célzott Forgalom Generálása (R1C1_C) | Period: 5.8732
Found 6 valid OD pairs for R1C1_C
Generating focused traffic: Period 5.8732s
[INFO] Subscriptions active: 6 (traci, fast mode)
  [ACTION PPO] R1C1_C: a0=27% (97) a1=5% (18) a2=38% (135) a3=31% (110)
[INFO] Episode duration: 2700s (45 min)

[DEBUG] 🎯 Célzott Forgalom Generálása (R1C1_C) | Period: 4.9144
Found 6 valid OD pairs for R1C1_C
Generating focused traffic: Period 4.9144s
[INFO] Subscriptions active: 6 (traci, fast mode)
  [ACTION PPO] R1C1_C: a0=34% (62) a1=6% (10) a2=35% (63) a3=25% (45)
[INFO] Episode duration: 900s (15 min)

[DEBUG] 🎯 Célzott Forgalom Generálása (R1C1_C) | Period: 4.5549
Found 6 valid OD pairs for R1C1_C
Generating focused traffic: Period 4.5549s
[INFO] Subscriptions active: 6 (traci, fast mode)
  [ACTION PPO] R1C1_C: a0=29% (158) a1=6% (35) a2=38% (203) a3=27% (144)
[INFO] Episode duration: 1800s (30 min)

[DEBUG] 🎯 Célzott Forgalom Generálása (R1C1_C) | Period: 5.6929
Found 6 valid OD pairs for R1C1_C
Generating focused traffic: Period 5.6929s
[INFO] Subscriptions active: 6 (traci, fast mode)
  [ACTION PPO] R1C1_C: a0=24% (44) a1=3% (6) a2=37% (66) a3=36% (64)
[INFO] Episode duration: 900s (15 min)

[DEBUG] 🎯 Célzott Forgalom Generálása (R1C1_C) | Period: 6.4689
Found 6 valid OD pairs for R1C1_C
Generating focused traffic: Period 6.4689s
[INFO] Subscriptions active: 6 (traci, fast mode)
  [ACTION PPO] R1C1_C: a0=32% (115) a1=5% (18) a2=32% (116) a3=31% (111)
[INFO] Episode duration: 2700s (45 min)

[DEBUG] 🎯 Célzott Forgalom Generálása (R1C1_C) | Period: 7.9577
Found 6 valid OD pairs for R1C1_C
Generating focused traffic: Period 7.9577s
[INFO] Subscriptions active: 6 (traci, fast mode)
  [ACTION PPO] R1C1_C: a0=24% (44) a1=4% (7) a2=41% (74) a3=31% (55)
[INFO] Episode duration: 3600s (60 min)

[DEBUG] 🎯 Célzott Forgalom Generálása (R1C1_C) | Period: 5.2818
Found 6 valid OD pairs for R1C1_C
Generating focused traffic: Period 5.2818s
[INFO] Subscriptions active: 6 (traci, fast mode)
  [ACTION PPO] R1C1_C: a0=26% (139) a1=5% (28) a2=37% (198) a3=32% (175)
[INFO] Episode duration: 1800s (30 min)

[DEBUG] 🎯 Célzott Forgalom Generálása (R1C1_C) | Period: 5.2619
Found 6 valid OD pairs for R1C1_C
Generating focused traffic: Period 5.2619s
[INFO] Subscriptions active: 6 (traci, fast mode)
  [ACTION PPO] R1C1_C: a0=26% (188) a1=5% (37) a2=36% (257) a3=33% (238)
[INFO] Episode duration: 2700s (45 min)

[DEBUG] 🎯 Célzott Forgalom Generálása (R1C1_C) | Period: 7.3513
Found 6 valid OD pairs for R1C1_C
Generating focused traffic: Period 7.3513s
[INFO] Subscriptions active: 6 (traci, fast mode)
  [ACTION PPO] R1C1_C: a0=27% (96) a1=5% (17) a2=35% (127) a3=33% (120)
[INFO] Episode duration: 2700s (45 min)

[DEBUG] 🎯 Célzott Forgalom Generálása (R1C1_C) | Period: 4.4265
Found 6 valid OD pairs for R1C1_C
Generating focused traffic: Period 4.4265s
[INFO] Subscriptions active: 6 (traci, fast mode)
  [ACTION PPO] R1C1_C: a0=22% (120) a1=5% (25) a2=38% (203) a3=36% (192)
[INFO] Episode duration: 2700s (45 min)

[DEBUG] 🎯 Célzott Forgalom Generálása (R1C1_C) | Period: 6.9908
Found 6 valid OD pairs for R1C1_C
Generating focused traffic: Period 6.9908s
[INFO] Subscriptions active: 6 (traci, fast mode)
  [ACTION PPO] R1C1_C: a0=29% (158) a1=5% (25) a2=36% (194) a3=30% (163)
[INFO] Episode duration: 900s (15 min)

[DEBUG] 🎯 Célzott Forgalom Generálása (R1C1_C) | Period: 6.6561
Found 6 valid OD pairs for R1C1_C
Generating focused traffic: Period 6.6561s
[INFO] Subscriptions active: 6 (traci, fast mode)
  [ACTION PPO] R1C1_C: a0=29% (157) a1=5% (28) a2=31% (170) a3=34% (185)
[INFO] Episode duration: 3600s (60 min)

[DEBUG] 🎯 Célzott Forgalom Generálása (R1C1_C) | Period: 5.7145
Found 6 valid OD pairs for R1C1_C
Generating focused traffic: Period 5.7145s
[INFO] Subscriptions active: 6 (traci, fast mode)
  [ACTION PPO] R1C1_C: a0=29% (53) a1=7% (13) a2=34% (61) a3=29% (53)
[INFO] Episode duration: 3600s (60 min)

[DEBUG] 🎯 Célzott Forgalom Generálása (R1C1_C) | Period: 4.8102
Found 6 valid OD pairs for R1C1_C
Generating focused traffic: Period 4.8102s
[INFO] Subscriptions active: 6 (traci, fast mode)
  [ACTION PPO] R1C1_C: a0=30% (219) a1=5% (38) a2=34% (244) a3=30% (219)
[INFO] Episode duration: 2700s (45 min)

[DEBUG] 🎯 Célzott Forgalom Generálása (R1C1_C) | Period: 7.0848
Found 6 valid OD pairs for R1C1_C
Generating focused traffic: Period 7.0848s
[INFO] Subscriptions active: 6 (traci, fast mode)
  [ACTION PPO] R1C1_C: a0=26% (186) a1=4% (32) a2=37% (263) a3=33% (239)
[INFO] Episode duration: 2700s (45 min)

[DEBUG] 🎯 Célzott Forgalom Generálása (R1C1_C) | Period: 6.868
Found 6 valid OD pairs for R1C1_C
Generating focused traffic: Period 6.8680s
[INFO] Subscriptions active: 6 (traci, fast mode)
  [ACTION PPO] R1C1_C: a0=23% (123) a1=6% (34) a2=34% (185) a3=37% (198)
[INFO] Episode duration: 1800s (30 min)

[DEBUG] 🎯 Célzott Forgalom Generálása (R1C1_C) | Period: 6.5905
Found 6 valid OD pairs for R1C1_C
Generating focused traffic: Period 6.5905s
[INFO] Subscriptions active: 6 (traci, fast mode)
  [ACTION PPO] R1C1_C: a0=26% (139) a1=4% (21) a2=32% (171) a3=39% (209)
[INFO] Episode duration: 2700s (45 min)

[DEBUG] 🎯 Célzott Forgalom Generálása (R1C1_C) | Period: 5.4598
Found 6 valid OD pairs for R1C1_C
Generating focused traffic: Period 5.4598s
[INFO] Subscriptions active: 6 (traci, fast mode)
  [ACTION PPO] R1C1_C: a0=26% (92) a1=6% (23) a2=28% (100) a3=40% (145)
[INFO] Episode duration: 3600s (60 min)

[DEBUG] 🎯 Célzott Forgalom Generálása (R1C1_C) | Period: 6.7265
Found 6 valid OD pairs for R1C1_C
Generating focused traffic: Period 6.7265s
[INFO] Subscriptions active: 6 (traci, fast mode)
  [ACTION PPO] R1C1_C: a0=27% (146) a1=4% (19) a2=30% (164) a3=39% (211)
[INFO] Episode duration: 3600s (60 min)

[DEBUG] 🎯 Célzott Forgalom Generálása (R1C1_C) | Period: 4.4427
Found 6 valid OD pairs for R1C1_C
Generating focused traffic: Period 4.4427s
[INFO] Subscriptions active: 6 (traci, fast mode)
  [ACTION PPO] R1C1_C: a0=28% (203) a1=5% (33) a2=33% (237) a3=34% (247)
[INFO] Episode duration: 900s (15 min)

[DEBUG] 🎯 Célzott Forgalom Generálása (R1C1_C) | Period: 5.0445
Found 6 valid OD pairs for R1C1_C
Generating focused traffic: Period 5.0445s
[INFO] Subscriptions active: 6 (traci, fast mode)
  [ACTION PPO] R1C1_C: a0=30% (217) a1=3% (25) a2=34% (246) a3=32% (232)
[INFO] Episode duration: 900s (15 min)

[DEBUG] 🎯 Célzott Forgalom Generálása (R1C1_C) | Period: 6.8455
Found 6 valid OD pairs for R1C1_C
Generating focused traffic: Period 6.8455s
[INFO] Subscriptions active: 6 (traci, fast mode)
  [ACTION PPO] R1C1_C: a0=26% (47) a1=7% (13) a2=31% (56) a3=36% (64)
[INFO] Episode duration: 900s (15 min)

[DEBUG] 🎯 Célzott Forgalom Generálása (R1C1_C) | Period: 4.685
Found 6 valid OD pairs for R1C1_C
Generating focused traffic: Period 4.6850s
[INFO] Subscriptions active: 6 (traci, fast mode)
  [ACTION PPO] R1C1_C: a0=29% (53) a1=6% (10) a2=33% (59) a3=32% (58)
[INFO] Episode duration: 1800s (30 min)

[DEBUG] 🎯 Célzott Forgalom Generálása (R1C1_C) | Period: 4.7927
Found 6 valid OD pairs for R1C1_C
Generating focused traffic: Period 4.7927s
[INFO] Subscriptions active: 6 (traci, fast mode)
  [ACTION PPO] R1C1_C: a0=30% (54) a1=4% (8) a2=31% (55) a3=35% (63)
[INFO] Episode duration: 2700s (45 min)

[DEBUG] 🎯 Célzott Forgalom Generálása (R1C1_C) | Period: 6.2589
Found 6 valid OD pairs for R1C1_C
Generating focused traffic: Period 6.2589s
[INFO] Subscriptions active: 6 (traci, fast mode)
  [ACTION PPO] R1C1_C: a0=27% (98) a1=4% (13) a2=32% (114) a3=38% (135)
[INFO] Episode duration: 1800s (30 min)

[DEBUG] 🎯 Célzott Forgalom Generálása (R1C1_C) | Period: 5.0195
Found 6 valid OD pairs for R1C1_C
Generating focused traffic: Period 5.0195s
[INFO] Subscriptions active: 6 (traci, fast mode)
  [ACTION PPO] R1C1_C: a0=22% (120) a1=4% (24) a2=34% (184) a3=39% (212)
[INFO] Episode duration: 1800s (30 min)

[DEBUG] 🎯 Célzott Forgalom Generálása (R1C1_C) | Period: 5.5476
Found 6 valid OD pairs for R1C1_C
Generating focused traffic: Period 5.5476s
[INFO] Subscriptions active: 6 (traci, fast mode)
  [ACTION PPO] R1C1_C: a0=29% (105) a1=2% (7) a2=31% (111) a3=38% (137)
[INFO] Episode duration: 3600s (60 min)

[DEBUG] 🎯 Célzott Forgalom Generálása (R1C1_C) | Period: 7.5551
Found 6 valid OD pairs for R1C1_C
Generating focused traffic: Period 7.5551s
[INFO] Subscriptions active: 6 (traci, fast mode)
  [ACTION PPO] R1C1_C: a0=28% (101) a1=4% (15) a2=30% (107) a3=38% (137)
[INFO] Episode duration: 900s (15 min)

[DEBUG] 🎯 Célzott Forgalom Generálása (R1C1_C) | Period: 5.6008
Found 6 valid OD pairs for R1C1_C
Generating focused traffic: Period 5.6008s
[INFO] Subscriptions active: 6 (traci, fast mode)
  [ACTION PPO] R1C1_C: a0=24% (172) a1=3% (23) a2=29% (212) a3=43% (313)
[INFO] Episode duration: 2700s (45 min)

[DEBUG] 🎯 Célzott Forgalom Generálása (R1C1_C) | Period: 5.7715
Found 6 valid OD pairs for R1C1_C
Generating focused traffic: Period 5.7715s
[INFO] Subscriptions active: 6 (traci, fast mode)
  [ACTION PPO] R1C1_C: a0=33% (60) a1=4% (7) a2=28% (51) a3=34% (62)
[INFO] Episode duration: 900s (15 min)

[DEBUG] 🎯 Célzott Forgalom Generálása (R1C1_C) | Period: 5.6063
Found 6 valid OD pairs for R1C1_C
Generating focused traffic: Period 5.6063s
[INFO] Subscriptions active: 6 (traci, fast mode)
  [ACTION PPO] R1C1_C: a0=27% (146) a1=5% (25) a2=31% (169) a3=37% (200)
[INFO] Episode duration: 1800s (30 min)

[DEBUG] 🎯 Célzott Forgalom Generálása (R1C1_C) | Period: 5.7773
Found 6 valid OD pairs for R1C1_C
Generating focused traffic: Period 5.7773s
[INFO] Subscriptions active: 6 (traci, fast mode)
  [ACTION PPO] R1C1_C: a0=26% (47) a1=3% (5) a2=31% (55) a3=41% (73)
[INFO] Episode duration: 2700s (45 min)

[DEBUG] 🎯 Célzott Forgalom Generálása (R1C1_C) | Period: 7.6139
Found 6 valid OD pairs for R1C1_C
Generating focused traffic: Period 7.6139s
[INFO] Subscriptions active: 6 (traci, fast mode)
  [ACTION PPO] R1C1_C: a0=26% (92) a1=4% (13) a2=26% (93) a3=45% (162)
[INFO] Episode duration: 900s (15 min)

[DEBUG] 🎯 Célzott Forgalom Generálása (R1C1_C) | Period: 7.6856
Found 6 valid OD pairs for R1C1_C
Generating focused traffic: Period 7.6856s
[INFO] Subscriptions active: 6 (traci, fast mode)
  [ACTION PPO] R1C1_C: a0=26% (142) a1=5% (25) a2=31% (167) a3=38% (206)
[INFO] Episode duration: 2700s (45 min)

[DEBUG] 🎯 Célzott Forgalom Generálása (R1C1_C) | Period: 7.1638
Found 6 valid OD pairs for R1C1_C
Generating focused traffic: Period 7.1638s
[INFO] Subscriptions active: 6 (traci, fast mode)
  [ACTION PPO] R1C1_C: a0=26% (47) a1=5% (9) a2=28% (51) a3=41% (73)
------------------------------------------
| rollout/                |              |
|    ep_len_mean          | 432          |
|    ep_rew_mean          | 58.6         |
| time/                   |              |
|    fps                  | 35           |
|    iterations           | 30           |
|    time_elapsed         | 1709         |
|    total_timesteps      | 61440        |
| train/                  |              |
|    approx_kl            | 0.0024482799 |
|    clip_fraction        | 0            |
|    clip_range           | 0.2          |
|    entropy_loss         | -1.19        |
|    explained_variance   | 0.0323       |
|    learning_rate        | 0.0001       |
|    loss                 | 2            |
|    n_updates            | 290          |
|    policy_gradient_loss | -0.00095     |
|    value_loss           | 2.3          |
------------------------------------------
[INFO] Episode duration: 1800s (30 min)

[DEBUG] 🎯 Célzott Forgalom Generálása (R1C1_C) | Period: 4.6458
Found 6 valid OD pairs for R1C1_C
Generating focused traffic: Period 4.6458s
[INFO] Subscriptions active: 6 (traci, fast mode)
  [ACTION PPO] R1C1_C: a0=26% (142) a1=4% (21) a2=30% (162) a3=40% (215)
[INFO] Episode duration: 900s (15 min)

[DEBUG] 🎯 Célzott Forgalom Generálása (R1C1_C) | Period: 4.6648
Found 6 valid OD pairs for R1C1_C
Generating focused traffic: Period 4.6648s
[INFO] Subscriptions active: 6 (traci, fast mode)
  [ACTION PPO] R1C1_C: a0=31% (112) a1=3% (11) a2=25% (91) a3=41% (146)
[INFO] Episode duration: 3600s (60 min)

[DEBUG] 🎯 Célzott Forgalom Generálása (R1C1_C) | Period: 5.584
Found 6 valid OD pairs for R1C1_C
Generating focused traffic: Period 5.5840s
[INFO] Subscriptions active: 6 (traci, fast mode)
  [ACTION PPO] R1C1_C: a0=26% (47) a1=5% (9) a2=31% (56) a3=38% (68)
[INFO] Episode duration: 2700s (45 min)

[DEBUG] 🎯 Célzott Forgalom Generálása (R1C1_C) | Period: 4.8355
Found 6 valid OD pairs for R1C1_C
Generating focused traffic: Period 4.8355s
[INFO] Subscriptions active: 6 (traci, fast mode)
  [ACTION PPO] R1C1_C: a0=27% (197) a1=3% (25) a2=32% (231) a3=37% (267)
[INFO] Episode duration: 1800s (30 min)

[DEBUG] 🎯 Célzott Forgalom Generálása (R1C1_C) | Period: 6.2383
Found 6 valid OD pairs for R1C1_C
Generating focused traffic: Period 6.2383s
[INFO] Subscriptions active: 6 (traci, fast mode)
  [ACTION PPO] R1C1_C: a0=28% (150) a1=5% (29) a2=32% (171) a3=35% (190)
[INFO] Episode duration: 2700s (45 min)

[DEBUG] 🎯 Célzott Forgalom Generálása (R1C1_C) | Period: 7.7117
Found 6 valid OD pairs for R1C1_C
Generating focused traffic: Period 7.7117s
[INFO] Subscriptions active: 6 (traci, fast mode)
  [ACTION PPO] R1C1_C: a0=26% (92) a1=5% (19) a2=35% (125) a3=34% (124)
[INFO] Episode duration: 900s (15 min)

[DEBUG] 🎯 Célzott Forgalom Generálása (R1C1_C) | Period: 4.9071
Found 6 valid OD pairs for R1C1_C
Generating focused traffic: Period 4.9071s
[INFO] Subscriptions active: 6 (traci, fast mode)
  [ACTION PPO] R1C1_C: a0=28% (153) a1=3% (18) a2=31% (170) a3=37% (199)
[INFO] Episode duration: 900s (15 min)

[DEBUG] 🎯 Célzott Forgalom Generálása (R1C1_C) | Period: 7.908
Found 6 valid OD pairs for R1C1_C
Generating focused traffic: Period 7.9080s
[INFO] Subscriptions active: 6 (traci, fast mode)
  [ACTION PPO] R1C1_C: a0=33% (60) a1=3% (5) a2=30% (54) a3=34% (61)
[INFO] Episode duration: 900s (15 min)

[DEBUG] 🎯 Célzott Forgalom Generálása (R1C1_C) | Period: 4.8048
Found 6 valid OD pairs for R1C1_C
Generating focused traffic: Period 4.8048s
[INFO] Subscriptions active: 6 (traci, fast mode)
  [ACTION PPO] R1C1_C: a0=32% (57) a1=2% (4) a2=36% (64) a3=31% (55)
[INFO] Episode duration: 3600s (60 min)

[DEBUG] 🎯 Célzott Forgalom Generálása (R1C1_C) | Period: 7.5298
Found 6 valid OD pairs for R1C1_C
Generating focused traffic: Period 7.5298s
[INFO] Subscriptions active: 6 (traci, fast mode)
  [ACTION PPO] R1C1_C: a0=39% (71) a1=4% (7) a2=24% (44) a3=32% (58)
[INFO] Episode duration: 900s (15 min)

[DEBUG] 🎯 Célzott Forgalom Generálása (R1C1_C) | Period: 5.7838
Found 6 valid OD pairs for R1C1_C
Generating focused traffic: Period 5.7838s
[INFO] Subscriptions active: 6 (traci, fast mode)
  [ACTION PPO] R1C1_C: a0=31% (224) a1=4% (30) a2=33% (236) a3=32% (230)
[INFO] Episode duration: 2700s (45 min)

[DEBUG] 🎯 Célzott Forgalom Generálása (R1C1_C) | Period: 6.9741
Found 6 valid OD pairs for R1C1_C
Generating focused traffic: Period 6.9741s
[INFO] Subscriptions active: 6 (traci, fast mode)
  [ACTION PPO] R1C1_C: a0=31% (55) a1=4% (8) a2=33% (60) a3=32% (57)
[INFO] Episode duration: 1800s (30 min)

[DEBUG] 🎯 Célzott Forgalom Generálása (R1C1_C) | Period: 6.1062
Found 6 valid OD pairs for R1C1_C
Generating focused traffic: Period 6.1062s
[INFO] Subscriptions active: 6 (traci, fast mode)
  [ACTION PPO] R1C1_C: a0=30% (163) a1=4% (19) a2=37% (200) a3=29% (158)
[INFO] Episode duration: 3600s (60 min)

[DEBUG] 🎯 Célzott Forgalom Generálása (R1C1_C) | Period: 6.0416
Found 6 valid OD pairs for R1C1_C
Generating focused traffic: Period 6.0416s
[INFO] Subscriptions active: 6 (traci, fast mode)
  [ACTION PPO] R1C1_C: a0=37% (132) a1=3% (11) a2=30% (107) a3=31% (110)
[INFO] Episode duration: 1800s (30 min)

[DEBUG] 🎯 Célzott Forgalom Generálása (R1C1_C) | Period: 7.4517
Found 6 valid OD pairs for R1C1_C
Generating focused traffic: Period 7.4517s
[INFO] Subscriptions active: 6 (traci, fast mode)
  [ACTION PPO] R1C1_C: a0=28% (201) a1=3% (23) a2=36% (262) a3=32% (234)
[INFO] Episode duration: 3600s (60 min)

[DEBUG] 🎯 Célzott Forgalom Generálása (R1C1_C) | Period: 7.7426
Found 6 valid OD pairs for R1C1_C
Generating focused traffic: Period 7.7426s
[INFO] Subscriptions active: 6 (traci, fast mode)
  [ACTION PPO] R1C1_C: a0=28% (102) a1=3% (12) a2=39% (142) a3=29% (104)
[INFO] Episode duration: 2700s (45 min)

[DEBUG] 🎯 Célzott Forgalom Generálása (R1C1_C) | Period: 5.8375
Found 6 valid OD pairs for R1C1_C
Generating focused traffic: Period 5.8375s
[INFO] Subscriptions active: 6 (traci, fast mode)
  [ACTION PPO] R1C1_C: a0=27% (194) a1=3% (21) a2=40% (290) a3=30% (215)
[INFO] Episode duration: 1800s (30 min)

[DEBUG] 🎯 Célzott Forgalom Generálása (R1C1_C) | Period: 5.0786
Found 6 valid OD pairs for R1C1_C
Generating focused traffic: Period 5.0786s
[INFO] Subscriptions active: 6 (traci, fast mode)
  [ACTION PPO] R1C1_C: a0=33% (176) a1=4% (20) a2=39% (208) a3=25% (136)
[INFO] Episode duration: 1800s (30 min)

[DEBUG] 🎯 Célzott Forgalom Generálása (R1C1_C) | Period: 6.3247
Found 6 valid OD pairs for R1C1_C
Generating focused traffic: Period 6.3247s
[INFO] Subscriptions active: 6 (traci, fast mode)
  [ACTION PPO] R1C1_C: a0=30% (109) a1=1% (5) a2=40% (144) a3=28% (102)
[INFO] Episode duration: 2700s (45 min)

[DEBUG] 🎯 Célzott Forgalom Generálása (R1C1_C) | Period: 4.4419
Found 6 valid OD pairs for R1C1_C
Generating focused traffic: Period 4.4419s
[INFO] Subscriptions active: 6 (traci, fast mode)
  [ACTION PPO] R1C1_C: a0=30% (109) a1=5% (18) a2=38% (137) a3=27% (96)
[INFO] Episode duration: 900s (15 min)

[DEBUG] 🎯 Célzott Forgalom Generálása (R1C1_C) | Period: 7.126
Found 6 valid OD pairs for R1C1_C
Generating focused traffic: Period 7.1260s
[INFO] Subscriptions active: 6 (traci, fast mode)
  [ACTION PPO] R1C1_C: a0=31% (166) a1=2% (12) a2=37% (202) a3=30% (160)
[INFO] Episode duration: 2700s (45 min)

[DEBUG] 🎯 Célzott Forgalom Generálása (R1C1_C) | Period: 5.4336
Found 6 valid OD pairs for R1C1_C
Generating focused traffic: Period 5.4336s
[INFO] Subscriptions active: 6 (traci, fast mode)
  [ACTION PPO] R1C1_C: a0=31% (56) a1=2% (4) a2=39% (71) a3=27% (49)
[INFO] Episode duration: 900s (15 min)

[DEBUG] 🎯 Célzott Forgalom Generálása (R1C1_C) | Period: 6.2888
Found 6 valid OD pairs for R1C1_C
Generating focused traffic: Period 6.2888s
[INFO] Subscriptions active: 6 (traci, fast mode)
  [ACTION PPO] R1C1_C: a0=30% (163) a1=3% (14) a2=39% (210) a3=28% (153)
[INFO] Episode duration: 2700s (45 min)

[DEBUG] 🎯 Célzott Forgalom Generálása (R1C1_C) | Period: 7.9713
Found 6 valid OD pairs for R1C1_C
Generating focused traffic: Period 7.9713s
[INFO] Subscriptions active: 6 (traci, fast mode)
  [ACTION PPO] R1C1_C: a0=28% (51) a1=3% (5) a2=32% (57) a3=37% (67)
[INFO] Episode duration: 3600s (60 min)

[DEBUG] 🎯 Célzott Forgalom Generálása (R1C1_C) | Period: 7.2009
Found 6 valid OD pairs for R1C1_C
Generating focused traffic: Period 7.2009s
[INFO] Subscriptions active: 6 (traci, fast mode)
  [ACTION PPO] R1C1_C: a0=24% (130) a1=3% (16) a2=41% (222) a3=32% (172)
[INFO] Episode duration: 900s (15 min)

[DEBUG] 🎯 Célzott Forgalom Generálása (R1C1_C) | Period: 7.0783
Found 6 valid OD pairs for R1C1_C
Generating focused traffic: Period 7.0783s
[INFO] Subscriptions active: 6 (traci, fast mode)
  [ACTION PPO] R1C1_C: a0=26% (186) a1=3% (22) a2=36% (260) a3=35% (252)
[INFO] Episode duration: 2700s (45 min)

[DEBUG] 🎯 Célzott Forgalom Generálása (R1C1_C) | Period: 6.0601
Found 6 valid OD pairs for R1C1_C
Generating focused traffic: Period 6.0601s
[INFO] Subscriptions active: 6 (traci, fast mode)
  [ACTION PPO] R1C1_C: a0=27% (48) a1=5% (9) a2=38% (69) a3=30% (54)
[INFO] Episode duration: 900s (15 min)

[DEBUG] 🎯 Célzott Forgalom Generálása (R1C1_C) | Period: 5.1694
Found 6 valid OD pairs for R1C1_C
Generating focused traffic: Period 5.1694s
[INFO] Subscriptions active: 6 (traci, fast mode)
  [ACTION PPO] R1C1_C: a0=30% (161) a1=4% (21) a2=35% (187) a3=32% (171)
[INFO] Episode duration: 900s (15 min)

[DEBUG] 🎯 Célzott Forgalom Generálása (R1C1_C) | Period: 7.764
Found 6 valid OD pairs for R1C1_C
Generating focused traffic: Period 7.7640s
[INFO] Subscriptions active: 6 (traci, fast mode)
  [ACTION PPO] R1C1_C: a0=29% (53) a1=2% (4) a2=33% (60) a3=35% (63)
[INFO] Episode duration: 2700s (45 min)

[DEBUG] 🎯 Célzott Forgalom Generálása (R1C1_C) | Period: 7.2316
Found 6 valid OD pairs for R1C1_C
Generating focused traffic: Period 7.2316s
[INFO] Subscriptions active: 6 (traci, fast mode)
  [ACTION PPO] R1C1_C: a0=29% (53) a1=3% (6) a2=34% (61) a3=33% (60)
[INFO] Episode duration: 2700s (45 min)

[DEBUG] 🎯 Célzott Forgalom Generálása (R1C1_C) | Period: 5.471
Found 6 valid OD pairs for R1C1_C
Generating focused traffic: Period 5.4710s
[INFO] Subscriptions active: 6 (traci, fast mode)
  [ACTION PPO] R1C1_C: a0=26% (138) a1=4% (23) a2=41% (221) a3=29% (158)
[INFO] Episode duration: 900s (15 min)

[DEBUG] 🎯 Célzott Forgalom Generálása (R1C1_C) | Period: 4.6655
Found 6 valid OD pairs for R1C1_C
Generating focused traffic: Period 4.6655s
[INFO] Subscriptions active: 6 (traci, fast mode)
  [ACTION PPO] R1C1_C: a0=29% (156) a1=2% (13) a2=36% (194) a3=33% (177)
[INFO] Episode duration: 2700s (45 min)

[DEBUG] 🎯 Célzott Forgalom Generálása (R1C1_C) | Period: 5.4345
Found 6 valid OD pairs for R1C1_C
Generating focused traffic: Period 5.4345s
[INFO] Subscriptions active: 6 (traci, fast mode)
  [ACTION PPO] R1C1_C: a0=34% (62) a1=3% (5) a2=38% (69) a3=24% (44)
[INFO] Episode duration: 900s (15 min)

[DEBUG] 🎯 Célzott Forgalom Generálása (R1C1_C) | Period: 4.6322
Found 6 valid OD pairs for R1C1_C
Generating focused traffic: Period 4.6322s
[INFO] Subscriptions active: 6 (traci, fast mode)
  [ACTION PPO] R1C1_C: a0=26% (143) a1=3% (18) a2=37% (198) a3=34% (181)
[INFO] Episode duration: 3600s (60 min)

[DEBUG] 🎯 Célzott Forgalom Generálása (R1C1_C) | Period: 7.4185
Found 6 valid OD pairs for R1C1_C
Generating focused traffic: Period 7.4185s
[INFO] Subscriptions active: 6 (traci, fast mode)
  [ACTION PPO] R1C1_C: a0=26% (47) a1=1% (2) a2=37% (66) a3=36% (65)
[INFO] Episode duration: 2700s (45 min)

[DEBUG] 🎯 Célzott Forgalom Generálása (R1C1_C) | Period: 7.3167
Found 6 valid OD pairs for R1C1_C
Generating focused traffic: Period 7.3167s
[INFO] Subscriptions active: 6 (traci, fast mode)
  [ACTION PPO] R1C1_C: a0=30% (217) a1=4% (26) a2=34% (247) a3=32% (230)
[INFO] Episode duration: 900s (15 min)

[DEBUG] 🎯 Célzott Forgalom Generálása (R1C1_C) | Period: 5.414
Found 6 valid OD pairs for R1C1_C
Generating focused traffic: Period 5.4140s
[INFO] Subscriptions active: 6 (traci, fast mode)
  [ACTION PPO] R1C1_C: a0=29% (155) a1=4% (23) a2=33% (179) a3=34% (183)
[INFO] Episode duration: 1800s (30 min)

[DEBUG] 🎯 Célzott Forgalom Generálása (R1C1_C) | Period: 4.5183
Found 6 valid OD pairs for R1C1_C
Generating focused traffic: Period 4.5183s
[INFO] Subscriptions active: 6 (traci, fast mode)
  [ACTION PPO] R1C1_C: a0=28% (50) a1=4% (8) a2=36% (64) a3=32% (58)
[INFO] Episode duration: 2700s (45 min)

[DEBUG] 🎯 Célzott Forgalom Generálása (R1C1_C) | Period: 6.6749
Found 6 valid OD pairs for R1C1_C
Generating focused traffic: Period 6.6749s
[INFO] Subscriptions active: 6 (traci, fast mode)
  [ACTION PPO] R1C1_C: a0=32% (115) a1=1% (5) a2=39% (139) a3=28% (101)
[INFO] Episode duration: 900s (15 min)

[DEBUG] 🎯 Célzott Forgalom Generálása (R1C1_C) | Period: 7.5522
Found 6 valid OD pairs for R1C1_C
Generating focused traffic: Period 7.5522s
[INFO] Subscriptions active: 6 (traci, fast mode)
  [ACTION PPO] R1C1_C: a0=26% (139) a1=4% (20) a2=39% (208) a3=32% (173)
[INFO] Episode duration: 900s (15 min)

[DEBUG] 🎯 Célzott Forgalom Generálása (R1C1_C) | Period: 6.0742
Found 6 valid OD pairs for R1C1_C
Generating focused traffic: Period 6.0742s
[INFO] Subscriptions active: 6 (traci, fast mode)
  [ACTION PPO] R1C1_C: a0=24% (44) a1=2% (3) a2=37% (66) a3=37% (67)
[INFO] Episode duration: 900s (15 min)

[DEBUG] 🎯 Célzott Forgalom Generálása (R1C1_C) | Period: 4.5157
Found 6 valid OD pairs for R1C1_C
Generating focused traffic: Period 4.5157s
[INFO] Subscriptions active: 6 (traci, fast mode)
  [ACTION PPO] R1C1_C: a0=27% (48) a1=3% (6) a2=38% (69) a3=32% (57)
[INFO] Episode duration: 1800s (30 min)

[DEBUG] 🎯 Célzott Forgalom Generálása (R1C1_C) | Period: 6.5384
Found 6 valid OD pairs for R1C1_C
Generating focused traffic: Period 6.5384s
[INFO] Subscriptions active: 6 (traci, fast mode)
  [ACTION PPO] R1C1_C: a0=24% (44) a1=2% (4) a2=34% (61) a3=39% (71)
[INFO] Episode duration: 1800s (30 min)

[DEBUG] 🎯 Célzott Forgalom Generálása (R1C1_C) | Period: 4.8463
Found 6 valid OD pairs for R1C1_C
Generating focused traffic: Period 4.8463s
[INFO] Subscriptions active: 6 (traci, fast mode)
  [ACTION PPO] R1C1_C: a0=28% (100) a1=2% (7) a2=35% (125) a3=36% (128)
[INFO] Episode duration: 1800s (30 min)

[DEBUG] 🎯 Célzott Forgalom Generálása (R1C1_C) | Period: 6.832
Found 6 valid OD pairs for R1C1_C
Generating focused traffic: Period 6.8320s
[INFO] Subscriptions active: 6 (traci, fast mode)
  [ACTION PPO] R1C1_C: a0=27% (97) a1=5% (17) a2=37% (133) a3=31% (113)
[INFO] Episode duration: 1800s (30 min)

[DEBUG] 🎯 Célzott Forgalom Generálása (R1C1_C) | Period: 4.9229
Found 6 valid OD pairs for R1C1_C
Generating focused traffic: Period 4.9229s
[INFO] Subscriptions active: 6 (traci, fast mode)
  [ACTION PPO] R1C1_C: a0=28% (100) a1=4% (16) a2=35% (125) a3=33% (119)
[INFO] Episode duration: 900s (15 min)

[DEBUG] 🎯 Célzott Forgalom Generálása (R1C1_C) | Period: 5.0892
Found 6 valid OD pairs for R1C1_C
Generating focused traffic: Period 5.0892s
[INFO] Subscriptions active: 6 (traci, fast mode)
  [ACTION PPO] R1C1_C: a0=25% (89) a1=3% (12) a2=38% (137) a3=34% (122)
[INFO] Episode duration: 1800s (30 min)

[DEBUG] 🎯 Célzott Forgalom Generálása (R1C1_C) | Period: 4.581
Found 6 valid OD pairs for R1C1_C
Generating focused traffic: Period 4.5810s
[INFO] Subscriptions active: 6 (traci, fast mode)
  [ACTION PPO] R1C1_C: a0=29% (53) a1=3% (5) a2=45% (81) a3=23% (41)
[INFO] Episode duration: 2700s (45 min)

[DEBUG] 🎯 Célzott Forgalom Generálása (R1C1_C) | Period: 5.8668
Found 6 valid OD pairs for R1C1_C
Generating focused traffic: Period 5.8668s
[INFO] Subscriptions active: 6 (traci, fast mode)
  [ACTION PPO] R1C1_C: a0=24% (88) a1=2% (8) a2=39% (141) a3=34% (123)
[INFO] Episode duration: 2700s (45 min)

[DEBUG] 🎯 Célzott Forgalom Generálása (R1C1_C) | Period: 6.4377
Found 6 valid OD pairs for R1C1_C
Generating focused traffic: Period 6.4377s
[INFO] Subscriptions active: 6 (traci, fast mode)
  [ACTION PPO] R1C1_C: a0=24% (130) a1=3% (18) a2=39% (208) a3=34% (184)
[INFO] Episode duration: 2700s (45 min)

[DEBUG] 🎯 Célzott Forgalom Generálása (R1C1_C) | Period: 4.5744
Found 6 valid OD pairs for R1C1_C
Generating focused traffic: Period 4.5744s
[INFO] Subscriptions active: 6 (traci, fast mode)
  [ACTION PPO] R1C1_C: a0=24% (128) a1=3% (17) a2=40% (216) a3=33% (179)
-----------------------------------------
| rollout/                |             |
|    ep_len_mean          | 412         |
|    ep_rew_mean          | 57.4        |
| time/                   |             |
|    fps                  | 36          |
|    iterations           | 40          |
|    time_elapsed         | 2223        |
|    total_timesteps      | 81920       |
| train/                  |             |
|    approx_kl            | 0.003634375 |
|    clip_fraction        | 0           |
|    clip_range           | 0.2         |
|    entropy_loss         | -1.16       |
|    explained_variance   | 0.0071      |
|    learning_rate        | 0.0001      |
|    loss                 | 2.35        |
|    n_updates            | 390         |
|    policy_gradient_loss | -0.00154    |
|    value_loss           | 4.17        |
-----------------------------------------
[INFO] Episode duration: 2700s (45 min)

[DEBUG] 🎯 Célzott Forgalom Generálása (R1C1_C) | Period: 6.41
Found 6 valid OD pairs for R1C1_C
Generating focused traffic: Period 6.4100s
[INFO] Subscriptions active: 6 (traci, fast mode)
  [ACTION PPO] R1C1_C: a0=26% (138) a1=3% (17) a2=38% (204) a3=34% (181)
[INFO] Episode duration: 3600s (60 min)

[DEBUG] 🎯 Célzott Forgalom Generálása (R1C1_C) | Period: 7.0135
Found 6 valid OD pairs for R1C1_C
Generating focused traffic: Period 7.0135s
[INFO] Subscriptions active: 6 (traci, fast mode)
  [ACTION PPO] R1C1_C: a0=21% (116) a1=4% (23) a2=40% (216) a3=34% (185)
[INFO] Episode duration: 1800s (30 min)

[DEBUG] 🎯 Célzott Forgalom Generálása (R1C1_C) | Period: 7.8576
Found 6 valid OD pairs for R1C1_C
Generating focused traffic: Period 7.8576s
[INFO] Subscriptions active: 6 (traci, fast mode)
  [ACTION PPO] R1C1_C: a0=21% (148) a1=4% (28) a2=42% (302) a3=34% (242)
[INFO] Episode duration: 1800s (30 min)

[DEBUG] 🎯 Célzott Forgalom Generálása (R1C1_C) | Period: 5.2975
Found 6 valid OD pairs for R1C1_C
Generating focused traffic: Period 5.2975s
[INFO] Subscriptions active: 6 (traci, fast mode)
  [ACTION PPO] R1C1_C: a0=21% (76) a1=4% (15) a2=44% (159) a3=31% (110)
[INFO] Episode duration: 1800s (30 min)

[DEBUG] 🎯 Célzott Forgalom Generálása (R1C1_C) | Period: 7.2735
Found 6 valid OD pairs for R1C1_C
Generating focused traffic: Period 7.2735s
[INFO] Subscriptions active: 6 (traci, fast mode)
  [ACTION PPO] R1C1_C: a0=18% (65) a1=4% (13) a2=40% (144) a3=38% (138)
[INFO] Episode duration: 900s (15 min)

[DEBUG] 🎯 Célzott Forgalom Generálása (R1C1_C) | Period: 5.6537
Found 6 valid OD pairs for R1C1_C
Generating focused traffic: Period 5.6537s
[INFO] Subscriptions active: 6 (traci, fast mode)
  [ACTION PPO] R1C1_C: a0=21% (76) a1=4% (16) a2=38% (135) a3=37% (133)
[INFO] Episode duration: 2700s (45 min)

[DEBUG] 🎯 Célzott Forgalom Generálása (R1C1_C) | Period: 4.8025
Found 6 valid OD pairs for R1C1_C
Generating focused traffic: Period 4.8025s
[INFO] Subscriptions active: 6 (traci, fast mode)
  [ACTION PPO] R1C1_C: a0=21% (37) a1=4% (8) a2=42% (75) a3=33% (60)
[INFO] Episode duration: 3600s (60 min)

[DEBUG] 🎯 Célzott Forgalom Generálása (R1C1_C) | Period: 6.105
Found 6 valid OD pairs for R1C1_C
Generating focused traffic: Period 6.1050s
[INFO] Subscriptions active: 6 (traci, fast mode)
  [ACTION PPO] R1C1_C: a0=18% (98) a1=2% (12) a2=41% (220) a3=39% (210)
[INFO] Episode duration: 3600s (60 min)

[DEBUG] 🎯 Célzott Forgalom Generálása (R1C1_C) | Period: 5.9394
Found 6 valid OD pairs for R1C1_C
Generating focused traffic: Period 5.9394s
[INFO] Subscriptions active: 6 (traci, fast mode)
  [ACTION PPO] R1C1_C: a0=19% (136) a1=3% (20) a2=42% (301) a3=37% (263)
[INFO] Episode duration: 1800s (30 min)

[DEBUG] 🎯 Célzott Forgalom Generálása (R1C1_C) | Period: 6.0197
Found 6 valid OD pairs for R1C1_C
Generating focused traffic: Period 6.0197s
[INFO] Subscriptions active: 6 (traci, fast mode)
  [ACTION PPO] R1C1_C: a0=21% (150) a1=3% (20) a2=37% (265) a3=40% (285)
[INFO] Episode duration: 3600s (60 min)

[DEBUG] 🎯 Célzott Forgalom Generálása (R1C1_C) | Period: 6.1462
Found 6 valid OD pairs for R1C1_C
Generating focused traffic: Period 6.1462s
[INFO] Subscriptions active: 6 (traci, fast mode)
  [ACTION PPO] R1C1_C: a0=22% (79) a1=3% (10) a2=37% (132) a3=39% (139)
[INFO] Episode duration: 1800s (30 min)

[DEBUG] 🎯 Célzott Forgalom Generálása (R1C1_C) | Period: 6.4536
Found 6 valid OD pairs for R1C1_C
Generating focused traffic: Period 6.4536s
[INFO] Subscriptions active: 6 (traci, fast mode)
  [ACTION PPO] R1C1_C: a0=19% (134) a1=3% (21) a2=35% (251) a3=44% (314)
[INFO] Episode duration: 2700s (45 min)

[DEBUG] 🎯 Célzott Forgalom Generálása (R1C1_C) | Period: 7.802
Found 6 valid OD pairs for R1C1_C
Generating focused traffic: Period 7.8020s
[INFO] Subscriptions active: 6 (traci, fast mode)
  [ACTION PPO] R1C1_C: a0=19% (69) a1=1% (3) a2=38% (136) a3=42% (152)
[INFO] Episode duration: 900s (15 min)

[DEBUG] 🎯 Célzott Forgalom Generálása (R1C1_C) | Period: 7.0101
Found 6 valid OD pairs for R1C1_C
Generating focused traffic: Period 7.0101s
[INFO] Subscriptions active: 6 (traci, fast mode)
  [ACTION PPO] R1C1_C: a0=19% (105) a1=3% (18) a2=39% (212) a3=38% (205)
[INFO] Episode duration: 2700s (45 min)

[DEBUG] 🎯 Célzott Forgalom Generálása (R1C1_C) | Period: 4.7414
Found 6 valid OD pairs for R1C1_C
Generating focused traffic: Period 4.7414s
[INFO] Subscriptions active: 6 (traci, fast mode)
  [ACTION PPO] R1C1_C: a0=18% (33) a1=2% (3) a2=42% (76) a3=38% (68)
[INFO] Episode duration: 900s (15 min)

[DEBUG] 🎯 Célzott Forgalom Generálása (R1C1_C) | Period: 6.0841
Found 6 valid OD pairs for R1C1_C
Generating focused traffic: Period 6.0841s
[INFO] Subscriptions active: 6 (traci, fast mode)
  [ACTION PPO] R1C1_C: a0=22% (121) a1=3% (16) a2=41% (220) a3=34% (183)
[INFO] Episode duration: 2700s (45 min)

[DEBUG] 🎯 Célzott Forgalom Generálása (R1C1_C) | Period: 7.011
Found 6 valid OD pairs for R1C1_C
Generating focused traffic: Period 7.0110s
[INFO] Subscriptions active: 6 (traci, fast mode)
  [ACTION PPO] R1C1_C: a0=17% (30) a1=3% (5) a2=44% (79) a3=37% (66)
[INFO] Episode duration: 2700s (45 min)

[DEBUG] 🎯 Célzott Forgalom Generálása (R1C1_C) | Period: 6.0532
Found 6 valid OD pairs for R1C1_C
Generating focused traffic: Period 6.0532s
[INFO] Subscriptions active: 6 (traci, fast mode)
  [ACTION PPO] R1C1_C: a0=22% (118) a1=3% (18) a2=37% (202) a3=37% (202)
[INFO] Episode duration: 1800s (30 min)

[DEBUG] 🎯 Célzott Forgalom Generálása (R1C1_C) | Period: 7.447
Found 6 valid OD pairs for R1C1_C
Generating focused traffic: Period 7.4470s
[INFO] Subscriptions active: 6 (traci, fast mode)
  [ACTION PPO] R1C1_C: a0=24% (130) a1=3% (16) a2=37% (201) a3=36% (193)
[INFO] Episode duration: 900s (15 min)

[DEBUG] 🎯 Célzott Forgalom Generálása (R1C1_C) | Period: 7.2299
Found 6 valid OD pairs for R1C1_C
Generating focused traffic: Period 7.2299s
[INFO] Subscriptions active: 6 (traci, fast mode)
  [ACTION PPO] R1C1_C: a0=22% (80) a1=5% (18) a2=43% (156) a3=29% (106)
[INFO] Episode duration: 1800s (30 min)

[DEBUG] 🎯 Célzott Forgalom Generálása (R1C1_C) | Period: 4.9731
Found 6 valid OD pairs for R1C1_C
Generating focused traffic: Period 4.9731s
[INFO] Subscriptions active: 6 (traci, fast mode)
  [ACTION PPO] R1C1_C: a0=27% (49) a1=4% (7) a2=40% (72) a3=29% (52)
[INFO] Episode duration: 3600s (60 min)

[DEBUG] 🎯 Célzott Forgalom Generálása (R1C1_C) | Period: 4.0902
Found 6 valid OD pairs for R1C1_C
Generating focused traffic: Period 4.0902s
[INFO] Subscriptions active: 6 (traci, fast mode)
  [ACTION PPO] R1C1_C: a0=25% (90) a1=3% (12) a2=40% (145) a3=31% (113)
[INFO] Episode duration: 1800s (30 min)

[DEBUG] 🎯 Célzott Forgalom Generálása (R1C1_C) | Period: 4.2322
Found 6 valid OD pairs for R1C1_C
Generating focused traffic: Period 4.2322s
[INFO] Subscriptions active: 6 (traci, fast mode)
  [ACTION PPO] R1C1_C: a0=26% (189) a1=3% (19) a2=38% (277) a3=33% (235)
[INFO] Episode duration: 1800s (30 min)

[DEBUG] 🎯 Célzott Forgalom Generálása (R1C1_C) | Period: 4.7631
Found 6 valid OD pairs for R1C1_C
Generating focused traffic: Period 4.7631s
[INFO] Subscriptions active: 6 (traci, fast mode)
  [ACTION PPO] R1C1_C: a0=17% (62) a1=3% (11) a2=39% (141) a3=41% (146)
[INFO] Episode duration: 2700s (45 min)

[DEBUG] 🎯 Célzott Forgalom Generálása (R1C1_C) | Period: 6.1669
Found 6 valid OD pairs for R1C1_C
Generating focused traffic: Period 6.1669s
[INFO] Subscriptions active: 6 (traci, fast mode)
  [ACTION PPO] R1C1_C: a0=26% (94) a1=1% (4) a2=36% (129) a3=37% (133)
[INFO] Episode duration: 3600s (60 min)

[DEBUG] 🎯 Célzott Forgalom Generálása (R1C1_C) | Period: 7.4773
Found 6 valid OD pairs for R1C1_C
Generating focused traffic: Period 7.4773s
[INFO] Subscriptions active: 6 (traci, fast mode)
  [ACTION PPO] R1C1_C: a0=20% (108) a1=3% (17) a2=38% (207) a3=39% (208)
[INFO] Episode duration: 1800s (30 min)

[DEBUG] 🎯 Célzott Forgalom Generálása (R1C1_C) | Period: 4.8611
Found 6 valid OD pairs for R1C1_Cwandb: WARNING Symlinked 1 file into the W&B run directory; call wandb.save again to sync new files.
/Users/wagnertamas/Documents/Munka/cikkek/AI_agens_konyvtar/support/intergreen_matrix_calculator/rl_trainer.py:992: UserWarning: Exporting a model while it is in training mode. Please ensure that this is intended, as it may lead to different behavior during inference. Calling model.eval() before export is recommended.
  torch.onnx.export(
/Users/wagnertamas/Documents/Munka/cikkek/AI_agens_konyvtar/support/intergreen_matrix_calculator/rl_trainer.py:992: UserWarning: # 'dynamic_axes' is not recommended when dynamo=True, and may lead to 'torch._dynamo.exc.UserError: Constraints violated.' Supply the 'dynamic_shapes' argument instead if export is unsuccessful.
  torch.onnx.export(
wandb: updating run metadata
wandb: uploading pytorch_models/R1C1_C.zip; uploading output.log; uploading wandb-summary.json; uploading config.yaml
wandb: uploading summary, console lines 1722-1732
wandb: 
wandb: Run history:
wandb:         R1C1_C/action_pct/phase_0 ▄▅▅▄▅▄▅▂▅▄▅▅▇▅▅▅▇▇█▅▄▃▆▆▃▄▅█▇▅▄▄▄▄▁▁▂▅▁▄
wandb:         R1C1_C/action_pct/phase_1 ▇█▇▇▅▃▄▄▃▃▂▂▃▂▂▄▂▂▂▂▃▂▂▂▂▁▁▂▂▁▁▁▂▂▁▂▂▂▂▂
wandb:         R1C1_C/action_pct/phase_2 ▁▂▃▁▂▄▃▃▁▅▄▅▃▄▃▅▄▃▅▅▃▃▂▁▃▄▃▆▅▅▃▄▆▃▄█▇▅▅▇
wandb:         R1C1_C/action_pct/phase_3 ▄▁▂▂▁▃▅▄▄▇▆▆▃▆▅▂▄▅▇▇█▆▇▇▇▆█▆▇▅▆▃▆▆▂▆▇█▅█
wandb:         R1C1_C/train/entropy_loss ▁▁▁▁▁▃▃▄▄▄▄▄▅▅▅▅▅▅▅▅▆▆▆▆▆▆▆▆▆▆▇▇▇▇▇█████
wandb:        R1C1_C/train/learning_rate ▁▁▁▁▁▁▁▁▁▁▁▁▁▁▁▁▁▁▁▁▁▁▁▁▁▁▁▁▁▁▁▁▁▁▁▁▁▁▁▁
wandb:                 R1C1_C/train/loss ▁▂▁▁▂▄▄▇▃▁▄▃▂▆▁▂▂▄▄▄▄▂▃▃▃▃▂▁▁▁▆▆▄▄▄▂▂▁▁█
wandb: R1C1_C/train/policy_gradient_loss ▃▃▇▇▇▇▅▅▆▄▄▄▇▅█▆▆█▇▇███▇██▇▆▇▆▇▁▁█▇▇▇▇▇▇
wandb:           R1C1_C/train/value_loss ▁▁▁▁▂▃▄▅▃▃▃▃▅▄▄▃▃▃▃▃▄▆▄▇▄▄▆▆▆▅▅█▅▅▅▄▄▅▄▄
wandb:                        avg_reward ▁▃▃▂▂▂▂▃▃▁▄▃▂▂▃▄▄▂▄▃▇▄▃█▃▃▃▆▃▄▄▅▅▂▇▄▂▂▁▃
wandb:                                +9 ...
wandb: 
wandb: Run summary:
wandb:         R1C1_C/action_pct/phase_0 24.72222
wandb:         R1C1_C/action_pct/phase_1 3.05556
wandb:         R1C1_C/action_pct/phase_2 35.55556
wandb:         R1C1_C/action_pct/phase_3 36.66667
wandb:         R1C1_C/train/entropy_loss -1.14219
wandb:        R1C1_C/train/learning_rate 0.0001
wandb:                 R1C1_C/train/loss 4.20947
wandb: R1C1_C/train/policy_gradient_loss -0.00233
wandb:           R1C1_C/train/value_loss 2.34172
wandb:                        avg_reward 0.14899
wandb:                                +9 ...
wandb: 
wandb: 🚀 View run ppo_speed_throughput_2x16_1_R1C1_C at: https://wandb.ai/wagnertamas-budapesti-m-szaki-s-gazdas-gtudom-nyi-egyetem/sumo-rl-stat-2/runs/sthahl1s
wandb: ⭐️ View project at: https://wandb.ai/wagnertamas-budapesti-m-szaki-s-gazdas-gtudom-nyi-egyetem/sumo-rl-stat-2
wandb: Synced 5 W&B file(s), 0 media file(s), 0 artifact file(s) and 1 other file(s)
wandb: Find logs at: ./wandb/run-20260408_022124-sthahl1s/logs

Generating focused traffic: Period 4.8611s
[INFO] Subscriptions active: 6 (traci, fast mode)
  [ACTION PPO] R1C1_C: a0=23% (163) a1=4% (32) a2=36% (258) a3=37% (267)
[INFO] Episode duration: 900s (15 min)

[DEBUG] 🎯 Célzott Forgalom Generálása (R1C1_C) | Period: 5.2868
Found 6 valid OD pairs for R1C1_C
Generating focused traffic: Period 5.2868s
[INFO] Subscriptions active: 6 (traci, fast mode)
  [ACTION PPO] R1C1_C: a0=29% (104) a1=3% (12) a2=36% (131) a3=31% (113)
[INFO] Episode duration: 1800s (30 min)

[DEBUG] 🎯 Célzott Forgalom Generálása (R1C1_C) | Period: 4.0967
Found 6 valid OD pairs for R1C1_C
Generating focused traffic: Period 4.0967s
[INFO] Subscriptions active: 6 (traci, fast mode)
  [ACTION PPO] R1C1_C: a0=25% (45) a1=6% (10) a2=38% (69) a3=31% (56)
[INFO] Episode duration: 2700s (45 min)

[DEBUG] 🎯 Célzott Forgalom Generálása (R1C1_C) | Period: 5.3604
Found 6 valid OD pairs for R1C1_C
Generating focused traffic: Period 5.3604s
[INFO] Subscriptions active: 6 (traci, fast mode)
  [ACTION PPO] R1C1_C: a0=31% (112) a1=1% (4) a2=39% (140) a3=29% (104)
[INFO] Episode duration: 1800s (30 min)

[DEBUG] 🎯 Célzott Forgalom Generálása (R1C1_C) | Period: 5.9572
Found 6 valid OD pairs for R1C1_C
Generating focused traffic: Period 5.9572s
[INFO] Subscriptions active: 6 (traci, fast mode)
  [ACTION PPO] R1C1_C: a0=28% (150) a1=3% (16) a2=37% (200) a3=32% (174)
[INFO] Episode duration: 3600s (60 min)

[DEBUG] 🎯 Célzott Forgalom Generálása (R1C1_C) | Period: 6.7096
Found 6 valid OD pairs for R1C1_C
Generating focused traffic: Period 6.7096s
[INFO] Subscriptions active: 6 (traci, fast mode)
  [ACTION PPO] R1C1_C: a0=27% (98) a1=4% (13) a2=37% (132) a3=32% (117)
[INFO] Episode duration: 2700s (45 min)

[DEBUG] 🎯 Célzott Forgalom Generálása (R1C1_C) | Period: 7.1409
Found 6 valid OD pairs for R1C1_C
Generating focused traffic: Period 7.1409s
[INFO] Subscriptions active: 6 (traci, fast mode)
  [ACTION PPO] R1C1_C: a0=22% (160) a1=3% (25) a2=43% (307) a3=32% (228)
[INFO] Episode duration: 900s (15 min)

[DEBUG] 🎯 Célzott Forgalom Generálása (R1C1_C) | Period: 7.8554
Found 6 valid OD pairs for R1C1_C
Generating focused traffic: Period 7.8554s
[INFO] Subscriptions active: 6 (traci, fast mode)
  [ACTION PPO] R1C1_C: a0=20% (106) a1=3% (17) a2=44% (240) a3=33% (177)
[INFO] Episode duration: 1800s (30 min)

[DEBUG] 🎯 Célzott Forgalom Generálása (R1C1_C) | Period: 7.3655
Found 6 valid OD pairs for R1C1_C
Generating focused traffic: Period 7.3655s
[INFO] Subscriptions active: 6 (traci, fast mode)
  [ACTION PPO] R1C1_C: a0=17% (30) a1=4% (8) a2=44% (80) a3=34% (62)
[INFO] Episode duration: 2700s (45 min)

[DEBUG] 🎯 Célzott Forgalom Generálása (R1C1_C) | Period: 7.0913
Found 6 valid OD pairs for R1C1_C
Generating focused traffic: Period 7.0913s
[INFO] Subscriptions active: 6 (traci, fast mode)
  [ACTION PPO] R1C1_C: a0=19% (69) a1=3% (12) a2=41% (148) a3=36% (131)
[INFO] Episode duration: 1800s (30 min)

[DEBUG] 🎯 Célzott Forgalom Generálása (R1C1_C) | Period: 5.15
Found 6 valid OD pairs for R1C1_C
Generating focused traffic: Period 5.1500s
[INFO] Subscriptions active: 6 (traci, fast mode)
  [ACTION PPO] R1C1_C: a0=24% (132) a1=4% (20) a2=42% (229) a3=29% (159)
[INFO] Episode duration: 1800s (30 min)

[DEBUG] 🎯 Célzott Forgalom Generálása (R1C1_C) | Period: 7.0796
Found 6 valid OD pairs for R1C1_C
Generating focused traffic: Period 7.0796s
[INFO] Subscriptions active: 6 (traci, fast mode)
  [ACTION PPO] R1C1_C: a0=27% (96) a1=3% (11) a2=30% (109) a3=40% (144)
[INFO] Episode duration: 3600s (60 min)

[DEBUG] 🎯 Célzott Forgalom Generálása (R1C1_C) | Period: 4.1419
Found 6 valid OD pairs for R1C1_C
Generating focused traffic: Period 4.1419s
[INFO] Subscriptions active: 6 (traci, fast mode)
  [ACTION PPO] R1C1_C: a0=21% (75) a1=1% (5) a2=38% (135) a3=40% (145)
[INFO] Episode duration: 1800s (30 min)

[DEBUG] 🎯 Célzott Forgalom Generálása (R1C1_C) | Period: 5.2513
Found 6 valid OD pairs for R1C1_C
Generating focused traffic: Period 5.2513s
[INFO] Subscriptions active: 6 (traci, fast mode)
  [ACTION PPO] R1C1_C: a0=27% (192) a1=3% (21) a2=36% (256) a3=35% (251)
[INFO] Episode duration: 900s (15 min)

[DEBUG] 🎯 Célzott Forgalom Generálása (R1C1_C) | Period: 7.7492
Found 6 valid OD pairs for R1C1_C
Generating focused traffic: Period 7.7492s
[INFO] Subscriptions active: 6 (traci, fast mode)
  [ACTION PPO] R1C1_C: a0=25% (89) a1=3% (11) a2=36% (128) a3=37% (132)
On-policy training completed.
Closing environment and EXPORTING models...
Saving PyTorch ZIP models to /Users/wagnertamas/Documents/Munka/cikkek/AI_agens_konyvtar/support/intergreen_matrix_calculator/data/runs/pytorch_models...
Saved PyTorch R1C1_C to /Users/wagnertamas/Documents/Munka/cikkek/AI_agens_konyvtar/support/intergreen_matrix_calculator/data/runs/pytorch_models/R1C1_C.zip
Exporting ONNX models to /Users/wagnertamas/Documents/Munka/cikkek/AI_agens_konyvtar/support/intergreen_matrix_calculator/data/runs/onnx_models...
Failed to export R1C1_C: # Failed to convert 'dynamic_axes' to 'dynamic_shapes'. Please provide 'dynamic_shapes' directly. Refer to the documentation for 'torch.export.export' for more information on dynamic shapes.
Cleanup done.
