wandb: [wandb.login()] Loaded credentials for https://api.wandb.ai from /Users/wagnertamas/.netrc.
wandb: Currently logged in as: wagnertamas (wagnertamas-budapesti-m-szaki-s-gazdas-gtudom-nyi-egyetem) to https://api.wandb.ai. Use `wandb login --relogin` to force relogin
wandb: setting up run z711m70d
wandb: Tracking run with wandb version 0.25.0
wandb: Run data is saved locally in /Users/wagnertamas/Documents/Munka/cikkek/AI_agens_konyvtar/support/intergreen_matrix_calculator/wandb/run-20260321_230444-z711m70d
wandb: Run `wandb offline` to turn off syncing.
wandb: Syncing run ppo_halt_ratio_2x8_3_R1C1_C
wandb: ⭐️ View project at https://wandb.ai/wagnertamas-budapesti-m-szaki-s-gazdas-gtudom-nyi-egyetem/sumo-rl-stat
wandb: 🚀 View run at https://wandb.ai/wagnertamas-budapesti-m-szaki-s-gazdas-gtudom-nyi-egyetem/sumo-rl-stat/runs/z711m70d
[INFO] Config: training_config.yaml
[INFO] Net: /Users/wagnertamas/Documents/Munka/cikkek/AI_agens_konyvtar/support/intergreen_matrix_calculator/data/mega_catalogue_v2.net.xml
[INFO] Timesteps: 100000 | Project: sumo-rl-stat
[INFO] Junction: R1C1_C
[INFO] Algorithm: ppo | Reward: halt_ratio
[INFO] Load model: None (fresh)
[INFO] Traffic: random target+spread (epizódonként)
Initializing Environment (algorithm=ppo, reward=halt_ratio)...
[INFO] Algorithm: ppo (on_policy)
[INFO] Reward mode: halt_ratio
WandB config applied (Sweep compatible).
[INFO] Junction reward params auto-loaded from /Users/wagnertamas/Documents/Munka/cikkek/AI_agens_konyvtar/support/intergreen_matrix_calculator/data/junction_reward_params.json
[INFO] Using 'libsumo' (fast headless mode, OS=darwin).
Starting SUMO...
[INFO] Episode duration: 1800s (30 min)

[DEBUG] 🎯 Célzott Forgalom Generálása (R1C1_C) | Period: 4.7657
Found 6 valid OD pairs for R1C1_C
Generating focused traffic: Period 4.7657s
[INFO] Network mapped: 1 agents, 3 detectors, 3 lanes
[INFO] Subscriptions active: 6 (libsumo, fast mode)
Agents discovered: ['R1C1_C']
[INFO] RL device: mps
[INFO] On-policy training: ppo → R1C1_C
Using mps device
Wrapping the env with a `Monitor` wrapper
Wrapping the env in a DummyVecEnv.
Starting on-policy training: 100000 timesteps...
[INFO] Episode duration: 3600s (60 min)

[DEBUG] 🎯 Célzott Forgalom Generálása (R1C1_C) | Period: 5.681
Found 6 valid OD pairs for R1C1_C
Generating focused traffic: Period 5.6810s
[INFO] Subscriptions active: 6 (libsumo, fast mode)
Logging to /Users/wagnertamas/Documents/Munka/cikkek/AI_agens_konyvtar/support/intergreen_matrix_calculator/data/runs/sumo-rl-stat/R1C1_C/PPO_111
[INFO] Episode duration: 900s (15 min)

[DEBUG] 🎯 Célzott Forgalom Generálása (R1C1_C) | Period: 7.5094
Found 6 valid OD pairs for R1C1_C
Generating focused traffic: Period 7.5094s
[INFO] Subscriptions active: 6 (libsumo, fast mode)
[INFO] Episode duration: 3600s (60 min)

[DEBUG] 🎯 Célzott Forgalom Generálása (R1C1_C) | Period: 5.9599
Found 6 valid OD pairs for R1C1_C
Generating focused traffic: Period 5.9599s
[INFO] Subscriptions active: 6 (libsumo, fast mode)
[INFO] Episode duration: 900s (15 min)

[DEBUG] 🎯 Célzott Forgalom Generálása (R1C1_C) | Period: 4.9186
Found 6 valid OD pairs for R1C1_C
Generating focused traffic: Period 4.9186s
[INFO] Subscriptions active: 6 (libsumo, fast mode)
[INFO] Episode duration: 1800s (30 min)

[DEBUG] 🎯 Célzott Forgalom Generálása (R1C1_C) | Period: 4.9104
Found 6 valid OD pairs for R1C1_C
Generating focused traffic: Period 4.9104s
[INFO] Subscriptions active: 6 (libsumo, fast mode)
[INFO] Episode duration: 3600s (60 min)

[DEBUG] 🎯 Célzott Forgalom Generálása (R1C1_C) | Period: 6.2478
Found 6 valid OD pairs for R1C1_C
Generating focused traffic: Period 6.2478s
[INFO] Subscriptions active: 6 (libsumo, fast mode)
[INFO] Episode duration: 3600s (60 min)

[DEBUG] 🎯 Célzott Forgalom Generálása (R1C1_C) | Period: 5.8172
Found 6 valid OD pairs for R1C1_C
Generating focused traffic: Period 5.8172s
[INFO] Subscriptions active: 6 (libsumo, fast mode)
[INFO] Episode duration: 1800s (30 min)

[DEBUG] 🎯 Célzott Forgalom Generálása (R1C1_C) | Period: 4.4897
Found 6 valid OD pairs for R1C1_C
Generating focused traffic: Period 4.4897s
[INFO] Subscriptions active: 6 (libsumo, fast mode)
[INFO] Episode duration: 2700s (45 min)

[DEBUG] 🎯 Célzott Forgalom Generálása (R1C1_C) | Period: 5.1531
Found 6 valid OD pairs for R1C1_C
Generating focused traffic: Period 5.1531s
[INFO] Subscriptions active: 6 (libsumo, fast mode)
[INFO] Episode duration: 1800s (30 min)

[DEBUG] 🎯 Célzott Forgalom Generálása (R1C1_C) | Period: 6.3163
Found 6 valid OD pairs for R1C1_C
Generating focused traffic: Period 6.3163s
[INFO] Subscriptions active: 6 (libsumo, fast mode)
[INFO] Episode duration: 1800s (30 min)

[DEBUG] 🎯 Célzott Forgalom Generálása (R1C1_C) | Period: 5.9322
Found 6 valid OD pairs for R1C1_C
Generating focused traffic: Period 5.9322s
[INFO] Subscriptions active: 6 (libsumo, fast mode)
[INFO] Episode duration: 2700s (45 min)

[DEBUG] 🎯 Célzott Forgalom Generálása (R1C1_C) | Period: 6.9026
Found 6 valid OD pairs for R1C1_C
Generating focused traffic: Period 6.9026s
[INFO] Subscriptions active: 6 (libsumo, fast mode)
[INFO] Episode duration: 2700s (45 min)

[DEBUG] 🎯 Célzott Forgalom Generálása (R1C1_C) | Period: 7.9807
Found 6 valid OD pairs for R1C1_C
Generating focused traffic: Period 7.9807s
[INFO] Subscriptions active: 6 (libsumo, fast mode)
[INFO] Episode duration: 2700s (45 min)

[DEBUG] 🎯 Célzott Forgalom Generálása (R1C1_C) | Period: 4.8999
Found 6 valid OD pairs for R1C1_C
Generating focused traffic: Period 4.8999s
[INFO] Subscriptions active: 6 (libsumo, fast mode)
[INFO] Episode duration: 3600s (60 min)

[DEBUG] 🎯 Célzott Forgalom Generálása (R1C1_C) | Period: 7.2082
Found 6 valid OD pairs for R1C1_C
Generating focused traffic: Period 7.2082s
[INFO] Subscriptions active: 6 (libsumo, fast mode)
[INFO] Episode duration: 3600s (60 min)

[DEBUG] 🎯 Célzott Forgalom Generálása (R1C1_C) | Period: 6.1645
Found 6 valid OD pairs for R1C1_C
Generating focused traffic: Period 6.1645s
[INFO] Subscriptions active: 6 (libsumo, fast mode)
[INFO] Episode duration: 900s (15 min)

[DEBUG] 🎯 Célzott Forgalom Generálása (R1C1_C) | Period: 4.802
Found 6 valid OD pairs for R1C1_C
Generating focused traffic: Period 4.8020s
[INFO] Subscriptions active: 6 (libsumo, fast mode)
[INFO] Episode duration: 1800s (30 min)

[DEBUG] 🎯 Célzott Forgalom Generálása (R1C1_C) | Period: 6.9891
Found 6 valid OD pairs for R1C1_C
Generating focused traffic: Period 6.9891s
[INFO] Subscriptions active: 6 (libsumo, fast mode)
[INFO] Episode duration: 900s (15 min)

[DEBUG] 🎯 Célzott Forgalom Generálása (R1C1_C) | Period: 6.37
Found 6 valid OD pairs for R1C1_C
Generating focused traffic: Period 6.3700s
[INFO] Subscriptions active: 6 (libsumo, fast mode)
[INFO] Episode duration: 2700s (45 min)

[DEBUG] 🎯 Célzott Forgalom Generálása (R1C1_C) | Period: 4.463
Found 6 valid OD pairs for R1C1_C
Generating focused traffic: Period 4.4630s
[INFO] Subscriptions active: 6 (libsumo, fast mode)
[INFO] Episode duration: 2700s (45 min)

[DEBUG] 🎯 Célzott Forgalom Generálása (R1C1_C) | Period: 6.1385
Found 6 valid OD pairs for R1C1_C
Generating focused traffic: Period 6.1385s
[INFO] Subscriptions active: 6 (libsumo, fast mode)
[INFO] Episode duration: 1800s (30 min)

[DEBUG] 🎯 Célzott Forgalom Generálása (R1C1_C) | Period: 5.6197
Found 6 valid OD pairs for R1C1_C
Generating focused traffic: Period 5.6197s
[INFO] Subscriptions active: 6 (libsumo, fast mode)
[INFO] Episode duration: 3600s (60 min)

[DEBUG] 🎯 Célzott Forgalom Generálása (R1C1_C) | Period: 7.9819
Found 6 valid OD pairs for R1C1_C
Generating focused traffic: Period 7.9819s
[INFO] Subscriptions active: 6 (libsumo, fast mode)
[INFO] Episode duration: 1800s (30 min)

[DEBUG] 🎯 Célzott Forgalom Generálása (R1C1_C) | Period: 5.6191
Found 6 valid OD pairs for R1C1_C
Generating focused traffic: Period 5.6191s
[INFO] Subscriptions active: 6 (libsumo, fast mode)
[INFO] Episode duration: 3600s (60 min)

[DEBUG] 🎯 Célzott Forgalom Generálása (R1C1_C) | Period: 5.6435
Found 6 valid OD pairs for R1C1_C
Generating focused traffic: Period 5.6435s
[INFO] Subscriptions active: 6 (libsumo, fast mode)
[INFO] Episode duration: 2700s (45 min)

[DEBUG] 🎯 Célzott Forgalom Generálása (R1C1_C) | Period: 7.5275
Found 6 valid OD pairs for R1C1_C
Generating focused traffic: Period 7.5275s
[INFO] Subscriptions active: 6 (libsumo, fast mode)
[INFO] Episode duration: 1800s (30 min)

[DEBUG] 🎯 Célzott Forgalom Generálása (R1C1_C) | Period: 7.6362
Found 6 valid OD pairs for R1C1_C
Generating focused traffic: Period 7.6362s
[INFO] Subscriptions active: 6 (libsumo, fast mode)
[INFO] Episode duration: 2700s (45 min)

[DEBUG] 🎯 Célzott Forgalom Generálása (R1C1_C) | Period: 6.4274
Found 6 valid OD pairs for R1C1_C
Generating focused traffic: Period 6.4274s
[INFO] Subscriptions active: 6 (libsumo, fast mode)
[INFO] Episode duration: 900s (15 min)

[DEBUG] 🎯 Célzott Forgalom Generálása (R1C1_C) | Period: 7.844
Found 6 valid OD pairs for R1C1_C
Generating focused traffic: Period 7.8440s
[INFO] Subscriptions active: 6 (libsumo, fast mode)
[INFO] Episode duration: 1800s (30 min)

[DEBUG] 🎯 Célzott Forgalom Generálása (R1C1_C) | Period: 7.9097
Found 6 valid OD pairs for R1C1_C
Generating focused traffic: Period 7.9097s
[INFO] Subscriptions active: 6 (libsumo, fast mode)
[INFO] Episode duration: 900s (15 min)

[DEBUG] 🎯 Célzott Forgalom Generálása (R1C1_C) | Period: 5.6643
Found 6 valid OD pairs for R1C1_C
Generating focused traffic: Period 5.6643s
[INFO] Subscriptions active: 6 (libsumo, fast mode)
[INFO] Episode duration: 900s (15 min)

[DEBUG] 🎯 Célzott Forgalom Generálása (R1C1_C) | Period: 5.0754
Found 6 valid OD pairs for R1C1_C
Generating focused traffic: Period 5.0754s
[INFO] Subscriptions active: 6 (libsumo, fast mode)
[INFO] Episode duration: 2700s (45 min)

[DEBUG] 🎯 Célzott Forgalom Generálása (R1C1_C) | Period: 4.0191
Found 6 valid OD pairs for R1C1_C
Generating focused traffic: Period 4.0191s
[INFO] Subscriptions active: 6 (libsumo, fast mode)
[INFO] Episode duration: 2700s (45 min)

[DEBUG] 🎯 Célzott Forgalom Generálása (R1C1_C) | Period: 6.87
Found 6 valid OD pairs for R1C1_C
Generating focused traffic: Period 6.8700s
[INFO] Subscriptions active: 6 (libsumo, fast mode)
[INFO] Episode duration: 900s (15 min)

[DEBUG] 🎯 Célzott Forgalom Generálása (R1C1_C) | Period: 5.5898
Found 6 valid OD pairs for R1C1_C
Generating focused traffic: Period 5.5898s
[INFO] Subscriptions active: 6 (libsumo, fast mode)
[INFO] Episode duration: 2700s (45 min)

[DEBUG] 🎯 Célzott Forgalom Generálása (R1C1_C) | Period: 5.0395
Found 6 valid OD pairs for R1C1_C
Generating focused traffic: Period 5.0395s
[INFO] Subscriptions active: 6 (libsumo, fast mode)
[INFO] Episode duration: 900s (15 min)

[DEBUG] 🎯 Célzott Forgalom Generálása (R1C1_C) | Period: 4.1053
Found 6 valid OD pairs for R1C1_C
Generating focused traffic: Period 4.1053s
[INFO] Subscriptions active: 6 (libsumo, fast mode)
[INFO] Episode duration: 3600s (60 min)

[DEBUG] 🎯 Célzott Forgalom Generálása (R1C1_C) | Period: 7.0456
Found 6 valid OD pairs for R1C1_C
Generating focused traffic: Period 7.0456s
[INFO] Subscriptions active: 6 (libsumo, fast mode)
[INFO] Episode duration: 2700s (45 min)

[DEBUG] 🎯 Célzott Forgalom Generálása (R1C1_C) | Period: 7.2683
Found 6 valid OD pairs for R1C1_C
Generating focused traffic: Period 7.2683s
[INFO] Subscriptions active: 6 (libsumo, fast mode)
[INFO] Episode duration: 2700s (45 min)

[DEBUG] 🎯 Célzott Forgalom Generálása (R1C1_C) | Period: 4.7046
Found 6 valid OD pairs for R1C1_C
Generating focused traffic: Period 4.7046s
[INFO] Subscriptions active: 6 (libsumo, fast mode)
[INFO] Episode duration: 1800s (30 min)

[DEBUG] 🎯 Célzott Forgalom Generálása (R1C1_C) | Period: 4.3651
Found 6 valid OD pairs for R1C1_C
Generating focused traffic: Period 4.3651s
[INFO] Subscriptions active: 6 (libsumo, fast mode)
[INFO] Episode duration: 900s (15 min)

[DEBUG] 🎯 Célzott Forgalom Generálása (R1C1_C) | Period: 4.6977
Found 6 valid OD pairs for R1C1_C
Generating focused traffic: Period 4.6977s
[INFO] Subscriptions active: 6 (libsumo, fast mode)
[INFO] Episode duration: 1800s (30 min)

[DEBUG] 🎯 Célzott Forgalom Generálása (R1C1_C) | Period: 4.1868
Found 6 valid OD pairs for R1C1_C
Generating focused traffic: Period 4.1868s
[INFO] Subscriptions active: 6 (libsumo, fast mode)
[INFO] Episode duration: 1800s (30 min)

[DEBUG] 🎯 Célzott Forgalom Generálása (R1C1_C) | Period: 7.6625
Found 6 valid OD pairs for R1C1_C
Generating focused traffic: Period 7.6625s
[INFO] Subscriptions active: 6 (libsumo, fast mode)
[INFO] Episode duration: 3600s (60 min)

[DEBUG] 🎯 Célzott Forgalom Generálása (R1C1_C) | Period: 5.2197
Found 6 valid OD pairs for R1C1_C
Generating focused traffic: Period 5.2197s
[INFO] Subscriptions active: 6 (libsumo, fast mode)
[INFO] Episode duration: 2700s (45 min)

[DEBUG] 🎯 Célzott Forgalom Generálása (R1C1_C) | Period: 6.4833
Found 6 valid OD pairs for R1C1_C
Generating focused traffic: Period 6.4833s
[INFO] Subscriptions active: 6 (libsumo, fast mode)
------------------------------------------
| rollout/                |              |
|    ep_len_mean          | 452          |
|    ep_rew_mean          | 78.2         |
| time/                   |              |
|    fps                  | 95           |
|    iterations           | 10           |
|    time_elapsed         | 213          |
|    total_timesteps      | 20480        |
| train/                  |              |
|    approx_kl            | 0.0011337415 |
|    clip_fraction        | 0            |
|    clip_range           | 0.2          |
|    entropy_loss         | -1.34        |
|    explained_variance   | -0.0143      |
|    learning_rate        | 0.0001       |
|    loss                 | 3.25         |
|    n_updates            | 90           |
|    policy_gradient_loss | -0.00115     |
|    value_loss           | 6.05         |
------------------------------------------
[INFO] Episode duration: 2700s (45 min)

[DEBUG] 🎯 Célzott Forgalom Generálása (R1C1_C) | Period: 5.4835
Found 6 valid OD pairs for R1C1_C
Generating focused traffic: Period 5.4835s
[INFO] Subscriptions active: 6 (libsumo, fast mode)
[INFO] Episode duration: 1800s (30 min)

[DEBUG] 🎯 Célzott Forgalom Generálása (R1C1_C) | Period: 5.1958
Found 6 valid OD pairs for R1C1_C
Generating focused traffic: Period 5.1958s
[INFO] Subscriptions active: 6 (libsumo, fast mode)
[INFO] Episode duration: 900s (15 min)

[DEBUG] 🎯 Célzott Forgalom Generálása (R1C1_C) | Period: 5.5026
Found 6 valid OD pairs for R1C1_C
Generating focused traffic: Period 5.5026s
[INFO] Subscriptions active: 6 (libsumo, fast mode)
[INFO] Episode duration: 3600s (60 min)

[DEBUG] 🎯 Célzott Forgalom Generálása (R1C1_C) | Period: 4.3596
Found 6 valid OD pairs for R1C1_C
Generating focused traffic: Period 4.3596s
[INFO] Subscriptions active: 6 (libsumo, fast mode)
[INFO] Episode duration: 1800s (30 min)

[DEBUG] 🎯 Célzott Forgalom Generálása (R1C1_C) | Period: 6.7252
Found 6 valid OD pairs for R1C1_C
Generating focused traffic: Period 6.7252s
[INFO] Subscriptions active: 6 (libsumo, fast mode)
[INFO] Episode duration: 1800s (30 min)

[DEBUG] 🎯 Célzott Forgalom Generálása (R1C1_C) | Period: 4.9735
Found 6 valid OD pairs for R1C1_C
Generating focused traffic: Period 4.9735s
[INFO] Subscriptions active: 6 (libsumo, fast mode)
[INFO] Episode duration: 3600s (60 min)

[DEBUG] 🎯 Célzott Forgalom Generálása (R1C1_C) | Period: 7.2223
Found 6 valid OD pairs for R1C1_C
Generating focused traffic: Period 7.2223s
[INFO] Subscriptions active: 6 (libsumo, fast mode)
[INFO] Episode duration: 1800s (30 min)

[DEBUG] 🎯 Célzott Forgalom Generálása (R1C1_C) | Period: 7.678
Found 6 valid OD pairs for R1C1_C
Generating focused traffic: Period 7.6780s
[INFO] Subscriptions active: 6 (libsumo, fast mode)
[INFO] Episode duration: 3600s (60 min)

[DEBUG] 🎯 Célzott Forgalom Generálása (R1C1_C) | Period: 5.9411
Found 6 valid OD pairs for R1C1_C
Generating focused traffic: Period 5.9411s
[INFO] Subscriptions active: 6 (libsumo, fast mode)
[INFO] Episode duration: 2700s (45 min)

[DEBUG] 🎯 Célzott Forgalom Generálása (R1C1_C) | Period: 5.4974
Found 6 valid OD pairs for R1C1_C
Generating focused traffic: Period 5.4974s
[INFO] Subscriptions active: 6 (libsumo, fast mode)
[INFO] Episode duration: 3600s (60 min)

[DEBUG] 🎯 Célzott Forgalom Generálása (R1C1_C) | Period: 4.4304
Found 6 valid OD pairs for R1C1_C
Generating focused traffic: Period 4.4304s
[INFO] Subscriptions active: 6 (libsumo, fast mode)
[INFO] Episode duration: 900s (15 min)

[DEBUG] 🎯 Célzott Forgalom Generálása (R1C1_C) | Period: 5.6648
Found 6 valid OD pairs for R1C1_C
Generating focused traffic: Period 5.6648s
[INFO] Subscriptions active: 6 (libsumo, fast mode)
[INFO] Episode duration: 1800s (30 min)

[DEBUG] 🎯 Célzott Forgalom Generálása (R1C1_C) | Period: 4.1569
Found 6 valid OD pairs for R1C1_C
Generating focused traffic: Period 4.1569s
[INFO] Subscriptions active: 6 (libsumo, fast mode)
[INFO] Episode duration: 900s (15 min)

[DEBUG] 🎯 Célzott Forgalom Generálása (R1C1_C) | Period: 4.9196
Found 6 valid OD pairs for R1C1_C
Generating focused traffic: Period 4.9196s
[INFO] Subscriptions active: 6 (libsumo, fast mode)
[INFO] Episode duration: 3600s (60 min)

[DEBUG] 🎯 Célzott Forgalom Generálása (R1C1_C) | Period: 6.4189
Found 6 valid OD pairs for R1C1_C
Generating focused traffic: Period 6.4189s
[INFO] Subscriptions active: 6 (libsumo, fast mode)
[INFO] Episode duration: 2700s (45 min)

[DEBUG] 🎯 Célzott Forgalom Generálása (R1C1_C) | Period: 4.1851
Found 6 valid OD pairs for R1C1_C
Generating focused traffic: Period 4.1851s
[INFO] Subscriptions active: 6 (libsumo, fast mode)
[INFO] Episode duration: 3600s (60 min)

[DEBUG] 🎯 Célzott Forgalom Generálása (R1C1_C) | Period: 6.228
Found 6 valid OD pairs for R1C1_C
Generating focused traffic: Period 6.2280s
[INFO] Subscriptions active: 6 (libsumo, fast mode)
[INFO] Episode duration: 2700s (45 min)

[DEBUG] 🎯 Célzott Forgalom Generálása (R1C1_C) | Period: 4.3328
Found 6 valid OD pairs for R1C1_C
Generating focused traffic: Period 4.3328s
[INFO] Subscriptions active: 6 (libsumo, fast mode)
[INFO] Episode duration: 3600s (60 min)

[DEBUG] 🎯 Célzott Forgalom Generálása (R1C1_C) | Period: 7.6943
Found 6 valid OD pairs for R1C1_C
Generating focused traffic: Period 7.6943s
[INFO] Subscriptions active: 6 (libsumo, fast mode)
[INFO] Episode duration: 2700s (45 min)

[DEBUG] 🎯 Célzott Forgalom Generálása (R1C1_C) | Period: 4.0837
Found 6 valid OD pairs for R1C1_C
Generating focused traffic: Period 4.0837s
[INFO] Subscriptions active: 6 (libsumo, fast mode)
[INFO] Episode duration: 2700s (45 min)

[DEBUG] 🎯 Célzott Forgalom Generálása (R1C1_C) | Period: 7.6673
Found 6 valid OD pairs for R1C1_C
Generating focused traffic: Period 7.6673s
[INFO] Subscriptions active: 6 (libsumo, fast mode)
[INFO] Episode duration: 2700s (45 min)

[DEBUG] 🎯 Célzott Forgalom Generálása (R1C1_C) | Period: 6.7891
Found 6 valid OD pairs for R1C1_C
Generating focused traffic: Period 6.7891s
[INFO] Subscriptions active: 6 (libsumo, fast mode)
[INFO] Episode duration: 1800s (30 min)

[DEBUG] 🎯 Célzott Forgalom Generálása (R1C1_C) | Period: 6.9307
Found 6 valid OD pairs for R1C1_C
Generating focused traffic: Period 6.9307s
[INFO] Subscriptions active: 6 (libsumo, fast mode)
[INFO] Episode duration: 2700s (45 min)

[DEBUG] 🎯 Célzott Forgalom Generálása (R1C1_C) | Period: 7.0358
Found 6 valid OD pairs for R1C1_C
Generating focused traffic: Period 7.0358s
[INFO] Subscriptions active: 6 (libsumo, fast mode)
[INFO] Episode duration: 900s (15 min)

[DEBUG] 🎯 Célzott Forgalom Generálása (R1C1_C) | Period: 6.8348
Found 6 valid OD pairs for R1C1_C
Generating focused traffic: Period 6.8348s
[INFO] Subscriptions active: 6 (libsumo, fast mode)
[INFO] Episode duration: 1800s (30 min)

[DEBUG] 🎯 Célzott Forgalom Generálása (R1C1_C) | Period: 4.854
Found 6 valid OD pairs for R1C1_C
Generating focused traffic: Period 4.8540s
[INFO] Subscriptions active: 6 (libsumo, fast mode)
[INFO] Episode duration: 3600s (60 min)

[DEBUG] 🎯 Célzott Forgalom Generálása (R1C1_C) | Period: 6.0114
Found 6 valid OD pairs for R1C1_C
Generating focused traffic: Period 6.0114s
[INFO] Subscriptions active: 6 (libsumo, fast mode)
[INFO] Episode duration: 900s (15 min)

[DEBUG] 🎯 Célzott Forgalom Generálása (R1C1_C) | Period: 6.161
Found 6 valid OD pairs for R1C1_C
Generating focused traffic: Period 6.1610s
[INFO] Subscriptions active: 6 (libsumo, fast mode)
[INFO] Episode duration: 900s (15 min)

[DEBUG] 🎯 Célzott Forgalom Generálása (R1C1_C) | Period: 6.4058
Found 6 valid OD pairs for R1C1_C
Generating focused traffic: Period 6.4058s
[INFO] Subscriptions active: 6 (libsumo, fast mode)
[INFO] Episode duration: 900s (15 min)

[DEBUG] 🎯 Célzott Forgalom Generálása (R1C1_C) | Period: 5.6656
Found 6 valid OD pairs for R1C1_C
Generating focused traffic: Period 5.6656s
[INFO] Subscriptions active: 6 (libsumo, fast mode)
[INFO] Episode duration: 3600s (60 min)

[DEBUG] 🎯 Célzott Forgalom Generálása (R1C1_C) | Period: 6.6767
Found 6 valid OD pairs for R1C1_C
Generating focused traffic: Period 6.6767s
[INFO] Subscriptions active: 6 (libsumo, fast mode)
[INFO] Episode duration: 900s (15 min)

[DEBUG] 🎯 Célzott Forgalom Generálása (R1C1_C) | Period: 7.5949
Found 6 valid OD pairs for R1C1_C
Generating focused traffic: Period 7.5949s
[INFO] Subscriptions active: 6 (libsumo, fast mode)
[INFO] Episode duration: 3600s (60 min)

[DEBUG] 🎯 Célzott Forgalom Generálása (R1C1_C) | Period: 4.0699
Found 6 valid OD pairs for R1C1_C
Generating focused traffic: Period 4.0699s
[INFO] Subscriptions active: 6 (libsumo, fast mode)
[INFO] Episode duration: 3600s (60 min)

[DEBUG] 🎯 Célzott Forgalom Generálása (R1C1_C) | Period: 7.3446
Found 6 valid OD pairs for R1C1_C
Generating focused traffic: Period 7.3446s
[INFO] Subscriptions active: 6 (libsumo, fast mode)
[INFO] Episode duration: 900s (15 min)

[DEBUG] 🎯 Célzott Forgalom Generálása (R1C1_C) | Period: 4.2179
Found 6 valid OD pairs for R1C1_C
Generating focused traffic: Period 4.2179s
[INFO] Subscriptions active: 6 (libsumo, fast mode)
[INFO] Episode duration: 3600s (60 min)

[DEBUG] 🎯 Célzott Forgalom Generálása (R1C1_C) | Period: 7.0993
Found 6 valid OD pairs for R1C1_C
Generating focused traffic: Period 7.0993s
[INFO] Subscriptions active: 6 (libsumo, fast mode)
[INFO] Episode duration: 1800s (30 min)

[DEBUG] 🎯 Célzott Forgalom Generálása (R1C1_C) | Period: 5.2792
Found 6 valid OD pairs for R1C1_C
Generating focused traffic: Period 5.2792s
[INFO] Subscriptions active: 6 (libsumo, fast mode)
[INFO] Episode duration: 2700s (45 min)

[DEBUG] 🎯 Célzott Forgalom Generálása (R1C1_C) | Period: 5.9062
Found 6 valid OD pairs for R1C1_C
Generating focused traffic: Period 5.9062s
[INFO] Subscriptions active: 6 (libsumo, fast mode)
[INFO] Episode duration: 1800s (30 min)

[DEBUG] 🎯 Célzott Forgalom Generálása (R1C1_C) | Period: 5.8482
Found 6 valid OD pairs for R1C1_C
Generating focused traffic: Period 5.8482s
[INFO] Subscriptions active: 6 (libsumo, fast mode)
[INFO] Episode duration: 1800s (30 min)

[DEBUG] 🎯 Célzott Forgalom Generálása (R1C1_C) | Period: 4.1326
Found 6 valid OD pairs for R1C1_C
Generating focused traffic: Period 4.1326s
[INFO] Subscriptions active: 6 (libsumo, fast mode)
[INFO] Episode duration: 1800s (30 min)

[DEBUG] 🎯 Célzott Forgalom Generálása (R1C1_C) | Period: 5.8573
Found 6 valid OD pairs for R1C1_C
Generating focused traffic: Period 5.8573s
[INFO] Subscriptions active: 6 (libsumo, fast mode)
[INFO] Episode duration: 2700s (45 min)

[DEBUG] 🎯 Célzott Forgalom Generálása (R1C1_C) | Period: 7.2385
Found 6 valid OD pairs for R1C1_C
Generating focused traffic: Period 7.2385s
[INFO] Subscriptions active: 6 (libsumo, fast mode)
[INFO] Episode duration: 900s (15 min)

[DEBUG] 🎯 Célzott Forgalom Generálása (R1C1_C) | Period: 7.501
Found 6 valid OD pairs for R1C1_C
Generating focused traffic: Period 7.5010s
[INFO] Subscriptions active: 6 (libsumo, fast mode)
[INFO] Episode duration: 1800s (30 min)

[DEBUG] 🎯 Célzott Forgalom Generálása (R1C1_C) | Period: 5.8483
Found 6 valid OD pairs for R1C1_C
Generating focused traffic: Period 5.8483s
[INFO] Subscriptions active: 6 (libsumo, fast mode)
-------------------------------------------
| rollout/                |               |
|    ep_len_mean          | 457           |
|    ep_rew_mean          | 87.8          |
| time/                   |               |
|    fps                  | 94            |
|    iterations           | 20            |
|    time_elapsed         | 432           |
|    total_timesteps      | 40960         |
| train/                  |               |
|    approx_kl            | 0.00020153978 |
|    clip_fraction        | 0             |
|    clip_range           | 0.2           |
|    entropy_loss         | -1.28         |
|    explained_variance   | -0.000411     |
|    learning_rate        | 0.0001        |
|    loss                 | 5.05          |
|    n_updates            | 190           |
|    policy_gradient_loss | -0.000718     |
|    value_loss           | 5.52          |
-------------------------------------------
[INFO] Episode duration: 1800s (30 min)

[DEBUG] 🎯 Célzott Forgalom Generálása (R1C1_C) | Period: 6.3018
Found 6 valid OD pairs for R1C1_C
Generating focused traffic: Period 6.3018s
[INFO] Subscriptions active: 6 (libsumo, fast mode)
[INFO] Episode duration: 1800s (30 min)

[DEBUG] 🎯 Célzott Forgalom Generálása (R1C1_C) | Period: 7.7606
Found 6 valid OD pairs for R1C1_C
Generating focused traffic: Period 7.7606s
[INFO] Subscriptions active: 6 (libsumo, fast mode)
[INFO] Episode duration: 1800s (30 min)

[DEBUG] 🎯 Célzott Forgalom Generálása (R1C1_C) | Period: 5.0399
Found 6 valid OD pairs for R1C1_C
Generating focused traffic: Period 5.0399s
[INFO] Subscriptions active: 6 (libsumo, fast mode)
[INFO] Episode duration: 1800s (30 min)

[DEBUG] 🎯 Célzott Forgalom Generálása (R1C1_C) | Period: 6.5753
Found 6 valid OD pairs for R1C1_C
Generating focused traffic: Period 6.5753s
[INFO] Subscriptions active: 6 (libsumo, fast mode)
[INFO] Episode duration: 2700s (45 min)

[DEBUG] 🎯 Célzott Forgalom Generálása (R1C1_C) | Period: 7.4518
Found 6 valid OD pairs for R1C1_C
Generating focused traffic: Period 7.4518s
[INFO] Subscriptions active: 6 (libsumo, fast mode)
[INFO] Episode duration: 3600s (60 min)

[DEBUG] 🎯 Célzott Forgalom Generálása (R1C1_C) | Period: 4.8547
Found 6 valid OD pairs for R1C1_C
Generating focused traffic: Period 4.8547s
[INFO] Subscriptions active: 6 (libsumo, fast mode)
[INFO] Episode duration: 1800s (30 min)

[DEBUG] 🎯 Célzott Forgalom Generálása (R1C1_C) | Period: 7.4142
Found 6 valid OD pairs for R1C1_C
Generating focused traffic: Period 7.4142s
[INFO] Subscriptions active: 6 (libsumo, fast mode)
[INFO] Episode duration: 2700s (45 min)

[DEBUG] 🎯 Célzott Forgalom Generálása (R1C1_C) | Period: 7.7841
Found 6 valid OD pairs for R1C1_C
Generating focused traffic: Period 7.7841s
[INFO] Subscriptions active: 6 (libsumo, fast mode)
[INFO] Episode duration: 3600s (60 min)

[DEBUG] 🎯 Célzott Forgalom Generálása (R1C1_C) | Period: 6.5
Found 6 valid OD pairs for R1C1_C
Generating focused traffic: Period 6.5000s
[INFO] Subscriptions active: 6 (libsumo, fast mode)
[INFO] Episode duration: 1800s (30 min)

[DEBUG] 🎯 Célzott Forgalom Generálása (R1C1_C) | Period: 5.0926
Found 6 valid OD pairs for R1C1_C
Generating focused traffic: Period 5.0926s
[INFO] Subscriptions active: 6 (libsumo, fast mode)
[INFO] Episode duration: 1800s (30 min)

[DEBUG] 🎯 Célzott Forgalom Generálása (R1C1_C) | Period: 6.6485
Found 6 valid OD pairs for R1C1_C
Generating focused traffic: Period 6.6485s
[INFO] Subscriptions active: 6 (libsumo, fast mode)
[INFO] Episode duration: 3600s (60 min)

[DEBUG] 🎯 Célzott Forgalom Generálása (R1C1_C) | Period: 7.2441
Found 6 valid OD pairs for R1C1_C
Generating focused traffic: Period 7.2441s
[INFO] Subscriptions active: 6 (libsumo, fast mode)
[INFO] Episode duration: 2700s (45 min)

[DEBUG] 🎯 Célzott Forgalom Generálása (R1C1_C) | Period: 6.5198
Found 6 valid OD pairs for R1C1_C
Generating focused traffic: Period 6.5198s
[INFO] Subscriptions active: 6 (libsumo, fast mode)
[INFO] Episode duration: 2700s (45 min)

[DEBUG] 🎯 Célzott Forgalom Generálása (R1C1_C) | Period: 4.0725
Found 6 valid OD pairs for R1C1_C
Generating focused traffic: Period 4.0725s
[INFO] Subscriptions active: 6 (libsumo, fast mode)
[INFO] Episode duration: 1800s (30 min)

[DEBUG] 🎯 Célzott Forgalom Generálása (R1C1_C) | Period: 6.4703
Found 6 valid OD pairs for R1C1_C
Generating focused traffic: Period 6.4703s
[INFO] Subscriptions active: 6 (libsumo, fast mode)
[INFO] Episode duration: 2700s (45 min)

[DEBUG] 🎯 Célzott Forgalom Generálása (R1C1_C) | Period: 6.6851
Found 6 valid OD pairs for R1C1_C
Generating focused traffic: Period 6.6851s
[INFO] Subscriptions active: 6 (libsumo, fast mode)
[INFO] Episode duration: 2700s (45 min)

[DEBUG] 🎯 Célzott Forgalom Generálása (R1C1_C) | Period: 6.9546
Found 6 valid OD pairs for R1C1_C
Generating focused traffic: Period 6.9546s
[INFO] Subscriptions active: 6 (libsumo, fast mode)
[INFO] Episode duration: 3600s (60 min)

[DEBUG] 🎯 Célzott Forgalom Generálása (R1C1_C) | Period: 6.4534
Found 6 valid OD pairs for R1C1_C
Generating focused traffic: Period 6.4534s
[INFO] Subscriptions active: 6 (libsumo, fast mode)
[INFO] Episode duration: 2700s (45 min)

[DEBUG] 🎯 Célzott Forgalom Generálása (R1C1_C) | Period: 6.0003
Found 6 valid OD pairs for R1C1_C
Generating focused traffic: Period 6.0003s
[INFO] Subscriptions active: 6 (libsumo, fast mode)
[INFO] Episode duration: 1800s (30 min)

[DEBUG] 🎯 Célzott Forgalom Generálása (R1C1_C) | Period: 4.3966
Found 6 valid OD pairs for R1C1_C
Generating focused traffic: Period 4.3966s
[INFO] Subscriptions active: 6 (libsumo, fast mode)
[INFO] Episode duration: 900s (15 min)

[DEBUG] 🎯 Célzott Forgalom Generálása (R1C1_C) | Period: 5.3748
Found 6 valid OD pairs for R1C1_C
Generating focused traffic: Period 5.3748s
[INFO] Subscriptions active: 6 (libsumo, fast mode)
[INFO] Episode duration: 900s (15 min)

[DEBUG] 🎯 Célzott Forgalom Generálása (R1C1_C) | Period: 6.398
Found 6 valid OD pairs for R1C1_C
Generating focused traffic: Period 6.3980s
[INFO] Subscriptions active: 6 (libsumo, fast mode)
[INFO] Episode duration: 3600s (60 min)

[DEBUG] 🎯 Célzott Forgalom Generálása (R1C1_C) | Period: 6.2806
Found 6 valid OD pairs for R1C1_C
Generating focused traffic: Period 6.2806s
[INFO] Subscriptions active: 6 (libsumo, fast mode)
[INFO] Episode duration: 1800s (30 min)

[DEBUG] 🎯 Célzott Forgalom Generálása (R1C1_C) | Period: 6.5675
Found 6 valid OD pairs for R1C1_C
Generating focused traffic: Period 6.5675s
[INFO] Subscriptions active: 6 (libsumo, fast mode)
[INFO] Episode duration: 2700s (45 min)

[DEBUG] 🎯 Célzott Forgalom Generálása (R1C1_C) | Period: 7.3462
Found 6 valid OD pairs for R1C1_C
Generating focused traffic: Period 7.3462s
[INFO] Subscriptions active: 6 (libsumo, fast mode)
[INFO] Episode duration: 2700s (45 min)

[DEBUG] 🎯 Célzott Forgalom Generálása (R1C1_C) | Period: 7.5153
Found 6 valid OD pairs for R1C1_C
Generating focused traffic: Period 7.5153s
[INFO] Subscriptions active: 6 (libsumo, fast mode)
[INFO] Episode duration: 2700s (45 min)

[DEBUG] 🎯 Célzott Forgalom Generálása (R1C1_C) | Period: 6.5226
Found 6 valid OD pairs for R1C1_C
Generating focused traffic: Period 6.5226s
[INFO] Subscriptions active: 6 (libsumo, fast mode)
[INFO] Episode duration: 1800s (30 min)

[DEBUG] 🎯 Célzott Forgalom Generálása (R1C1_C) | Period: 6.5153
Found 6 valid OD pairs for R1C1_C
Generating focused traffic: Period 6.5153s
[INFO] Subscriptions active: 6 (libsumo, fast mode)
[INFO] Episode duration: 1800s (30 min)

[DEBUG] 🎯 Célzott Forgalom Generálása (R1C1_C) | Period: 5.2925
Found 6 valid OD pairs for R1C1_C
Generating focused traffic: Period 5.2925s
[INFO] Subscriptions active: 6 (libsumo, fast mode)
[INFO] Episode duration: 3600s (60 min)

[DEBUG] 🎯 Célzott Forgalom Generálása (R1C1_C) | Period: 4.6919
Found 6 valid OD pairs for R1C1_C
Generating focused traffic: Period 4.6919s
[INFO] Subscriptions active: 6 (libsumo, fast mode)
[INFO] Episode duration: 2700s (45 min)

[DEBUG] 🎯 Célzott Forgalom Generálása (R1C1_C) | Period: 4.0392
Found 6 valid OD pairs for R1C1_C
Generating focused traffic: Period 4.0392s
[INFO] Subscriptions active: 6 (libsumo, fast mode)
[INFO] Episode duration: 1800s (30 min)

[DEBUG] 🎯 Célzott Forgalom Generálása (R1C1_C) | Period: 5.413
Found 6 valid OD pairs for R1C1_C
Generating focused traffic: Period 5.4130s
[INFO] Subscriptions active: 6 (libsumo, fast mode)
[INFO] Episode duration: 3600s (60 min)

[DEBUG] 🎯 Célzott Forgalom Generálása (R1C1_C) | Period: 7.6939
Found 6 valid OD pairs for R1C1_C
Generating focused traffic: Period 7.6939s
[INFO] Subscriptions active: 6 (libsumo, fast mode)
[INFO] Episode duration: 900s (15 min)

[DEBUG] 🎯 Célzott Forgalom Generálása (R1C1_C) | Period: 6.2288
Found 6 valid OD pairs for R1C1_C
Generating focused traffic: Period 6.2288s
[INFO] Subscriptions active: 6 (libsumo, fast mode)
[INFO] Episode duration: 900s (15 min)

[DEBUG] 🎯 Célzott Forgalom Generálása (R1C1_C) | Period: 4.7625
Found 6 valid OD pairs for R1C1_C
Generating focused traffic: Period 4.7625s
[INFO] Subscriptions active: 6 (libsumo, fast mode)
[INFO] Episode duration: 3600s (60 min)

[DEBUG] 🎯 Célzott Forgalom Generálása (R1C1_C) | Period: 7.0917
Found 6 valid OD pairs for R1C1_C
Generating focused traffic: Period 7.0917s
[INFO] Subscriptions active: 6 (libsumo, fast mode)
[INFO] Episode duration: 900s (15 min)

[DEBUG] 🎯 Célzott Forgalom Generálása (R1C1_C) | Period: 7.7438
Found 6 valid OD pairs for R1C1_C
Generating focused traffic: Period 7.7438s
[INFO] Subscriptions active: 6 (libsumo, fast mode)
[INFO] Episode duration: 1800s (30 min)

[DEBUG] 🎯 Célzott Forgalom Generálása (R1C1_C) | Period: 5.912
Found 6 valid OD pairs for R1C1_C
Generating focused traffic: Period 5.9120s
[INFO] Subscriptions active: 6 (libsumo, fast mode)
[INFO] Episode duration: 3600s (60 min)

[DEBUG] 🎯 Célzott Forgalom Generálása (R1C1_C) | Period: 5.4013
Found 6 valid OD pairs for R1C1_C
Generating focused traffic: Period 5.4013s
[INFO] Subscriptions active: 6 (libsumo, fast mode)
[INFO] Episode duration: 900s (15 min)

[DEBUG] 🎯 Célzott Forgalom Generálása (R1C1_C) | Period: 6.6702
Found 6 valid OD pairs for R1C1_C
Generating focused traffic: Period 6.6702s
[INFO] Subscriptions active: 6 (libsumo, fast mode)
[INFO] Episode duration: 3600s (60 min)

[DEBUG] 🎯 Célzott Forgalom Generálása (R1C1_C) | Period: 7.6722
Found 6 valid OD pairs for R1C1_C
Generating focused traffic: Period 7.6722s
[INFO] Subscriptions active: 6 (libsumo, fast mode)
[INFO] Episode duration: 3600s (60 min)

[DEBUG] 🎯 Célzott Forgalom Generálása (R1C1_C) | Period: 5.9092
Found 6 valid OD pairs for R1C1_C
Generating focused traffic: Period 5.9092s
[INFO] Subscriptions active: 6 (libsumo, fast mode)
[INFO] Episode duration: 1800s (30 min)

[DEBUG] 🎯 Célzott Forgalom Generálása (R1C1_C) | Period: 7.6023
Found 6 valid OD pairs for R1C1_C
Generating focused traffic: Period 7.6023s
[INFO] Subscriptions active: 6 (libsumo, fast mode)
[INFO] Episode duration: 1800s (30 min)

[DEBUG] 🎯 Célzott Forgalom Generálása (R1C1_C) | Period: 7.107
Found 6 valid OD pairs for R1C1_C
Generating focused traffic: Period 7.1070s
[INFO] Subscriptions active: 6 (libsumo, fast mode)
------------------------------------------
| rollout/                |              |
|    ep_len_mean          | 463          |
|    ep_rew_mean          | 102          |
| time/                   |              |
|    fps                  | 93           |
|    iterations           | 30           |
|    time_elapsed         | 659          |
|    total_timesteps      | 61440        |
| train/                  |              |
|    approx_kl            | 0.0019100419 |
|    clip_fraction        | 0            |
|    clip_range           | 0.2          |
|    entropy_loss         | -1.21        |
|    explained_variance   | -2.05e-05    |
|    learning_rate        | 0.0001       |
|    loss                 | 4.81         |
|    n_updates            | 290          |
|    policy_gradient_loss | -0.00157     |
|    value_loss           | 6.93         |
------------------------------------------
[INFO] Episode duration: 900s (15 min)

[DEBUG] 🎯 Célzott Forgalom Generálása (R1C1_C) | Period: 6.4718
Found 6 valid OD pairs for R1C1_C
Generating focused traffic: Period 6.4718s
[INFO] Subscriptions active: 6 (libsumo, fast mode)
[INFO] Episode duration: 3600s (60 min)

[DEBUG] 🎯 Célzott Forgalom Generálása (R1C1_C) | Period: 6.7061
Found 6 valid OD pairs for R1C1_C
Generating focused traffic: Period 6.7061s
[INFO] Subscriptions active: 6 (libsumo, fast mode)
[INFO] Episode duration: 2700s (45 min)

[DEBUG] 🎯 Célzott Forgalom Generálása (R1C1_C) | Period: 6.5665
Found 6 valid OD pairs for R1C1_C
Generating focused traffic: Period 6.5665s
[INFO] Subscriptions active: 6 (libsumo, fast mode)
[INFO] Episode duration: 900s (15 min)

[DEBUG] 🎯 Célzott Forgalom Generálása (R1C1_C) | Period: 6.7983
Found 6 valid OD pairs for R1C1_C
Generating focused traffic: Period 6.7983s
[INFO] Subscriptions active: 6 (libsumo, fast mode)
[INFO] Episode duration: 900s (15 min)

[DEBUG] 🎯 Célzott Forgalom Generálása (R1C1_C) | Period: 4.8727
Found 6 valid OD pairs for R1C1_C
Generating focused traffic: Period 4.8727s
[INFO] Subscriptions active: 6 (libsumo, fast mode)
[INFO] Episode duration: 3600s (60 min)

[DEBUG] 🎯 Célzott Forgalom Generálása (R1C1_C) | Period: 5.7038
Found 6 valid OD pairs for R1C1_C
Generating focused traffic: Period 5.7038s
[INFO] Subscriptions active: 6 (libsumo, fast mode)
[INFO] Episode duration: 1800s (30 min)

[DEBUG] 🎯 Célzott Forgalom Generálása (R1C1_C) | Period: 6.3186
Found 6 valid OD pairs for R1C1_C
Generating focused traffic: Period 6.3186s
[INFO] Subscriptions active: 6 (libsumo, fast mode)
[INFO] Episode duration: 3600s (60 min)

[DEBUG] 🎯 Célzott Forgalom Generálása (R1C1_C) | Period: 6.4796
Found 6 valid OD pairs for R1C1_C
Generating focused traffic: Period 6.4796s
[INFO] Subscriptions active: 6 (libsumo, fast mode)
[INFO] Episode duration: 900s (15 min)

[DEBUG] 🎯 Célzott Forgalom Generálása (R1C1_C) | Period: 4.5578
Found 6 valid OD pairs for R1C1_C
Generating focused traffic: Period 4.5578s
[INFO] Subscriptions active: 6 (libsumo, fast mode)
[INFO] Episode duration: 3600s (60 min)

[DEBUG] 🎯 Célzott Forgalom Generálása (R1C1_C) | Period: 6.3978
Found 6 valid OD pairs for R1C1_C
Generating focused traffic: Period 6.3978s
[INFO] Subscriptions active: 6 (libsumo, fast mode)
[INFO] Episode duration: 1800s (30 min)

[DEBUG] 🎯 Célzott Forgalom Generálása (R1C1_C) | Period: 6.1978
Found 6 valid OD pairs for R1C1_C
Generating focused traffic: Period 6.1978s
[INFO] Subscriptions active: 6 (libsumo, fast mode)
[INFO] Episode duration: 2700s (45 min)

[DEBUG] 🎯 Célzott Forgalom Generálása (R1C1_C) | Period: 4.0944
Found 6 valid OD pairs for R1C1_C
Generating focused traffic: Period 4.0944s
[INFO] Subscriptions active: 6 (libsumo, fast mode)
[INFO] Episode duration: 3600s (60 min)

[DEBUG] 🎯 Célzott Forgalom Generálása (R1C1_C) | Period: 6.2533
Found 6 valid OD pairs for R1C1_C
Generating focused traffic: Period 6.2533s
[INFO] Subscriptions active: 6 (libsumo, fast mode)
[INFO] Episode duration: 900s (15 min)

[DEBUG] 🎯 Célzott Forgalom Generálása (R1C1_C) | Period: 7.2965
Found 6 valid OD pairs for R1C1_C
Generating focused traffic: Period 7.2965s
[INFO] Subscriptions active: 6 (libsumo, fast mode)
[INFO] Episode duration: 2700s (45 min)

[DEBUG] 🎯 Célzott Forgalom Generálása (R1C1_C) | Period: 7.9484
Found 6 valid OD pairs for R1C1_C
Generating focused traffic: Period 7.9484s
[INFO] Subscriptions active: 6 (libsumo, fast mode)
[INFO] Episode duration: 1800s (30 min)

[DEBUG] 🎯 Célzott Forgalom Generálása (R1C1_C) | Period: 5.7633
Found 6 valid OD pairs for R1C1_C
Generating focused traffic: Period 5.7633s
[INFO] Subscriptions active: 6 (libsumo, fast mode)
[INFO] Episode duration: 1800s (30 min)

[DEBUG] 🎯 Célzott Forgalom Generálása (R1C1_C) | Period: 7.7078
Found 6 valid OD pairs for R1C1_C
Generating focused traffic: Period 7.7078s
[INFO] Subscriptions active: 6 (libsumo, fast mode)
[INFO] Episode duration: 1800s (30 min)

[DEBUG] 🎯 Célzott Forgalom Generálása (R1C1_C) | Period: 4.7114
Found 6 valid OD pairs for R1C1_C
Generating focused traffic: Period 4.7114s
[INFO] Subscriptions active: 6 (libsumo, fast mode)
[INFO] Episode duration: 900s (15 min)

[DEBUG] 🎯 Célzott Forgalom Generálása (R1C1_C) | Period: 7.3011
Found 6 valid OD pairs for R1C1_C
Generating focused traffic: Period 7.3011s
[INFO] Subscriptions active: 6 (libsumo, fast mode)
[INFO] Episode duration: 900s (15 min)

[DEBUG] 🎯 Célzott Forgalom Generálása (R1C1_C) | Period: 4.8451
Found 6 valid OD pairs for R1C1_C
Generating focused traffic: Period 4.8451s
[INFO] Subscriptions active: 6 (libsumo, fast mode)
[INFO] Episode duration: 3600s (60 min)

[DEBUG] 🎯 Célzott Forgalom Generálása (R1C1_C) | Period: 7.3837
Found 6 valid OD pairs for R1C1_C
Generating focused traffic: Period 7.3837s
[INFO] Subscriptions active: 6 (libsumo, fast mode)
[INFO] Episode duration: 1800s (30 min)

[DEBUG] 🎯 Célzott Forgalom Generálása (R1C1_C) | Period: 4.6086
Found 6 valid OD pairs for R1C1_C
Generating focused traffic: Period 4.6086s
[INFO] Subscriptions active: 6 (libsumo, fast mode)
[INFO] Episode duration: 2700s (45 min)

[DEBUG] 🎯 Célzott Forgalom Generálása (R1C1_C) | Period: 6.4331
Found 6 valid OD pairs for R1C1_C
Generating focused traffic: Period 6.4331s
[INFO] Subscriptions active: 6 (libsumo, fast mode)
[INFO] Episode duration: 3600s (60 min)

[DEBUG] 🎯 Célzott Forgalom Generálása (R1C1_C) | Period: 6.3416
Found 6 valid OD pairs for R1C1_C
Generating focused traffic: Period 6.3416s
[INFO] Subscriptions active: 6 (libsumo, fast mode)
[INFO] Episode duration: 2700s (45 min)

[DEBUG] 🎯 Célzott Forgalom Generálása (R1C1_C) | Period: 5.6464
Found 6 valid OD pairs for R1C1_C
Generating focused traffic: Period 5.6464s
[INFO] Subscriptions active: 6 (libsumo, fast mode)
[INFO] Episode duration: 900s (15 min)

[DEBUG] 🎯 Célzott Forgalom Generálása (R1C1_C) | Period: 4.9252
Found 6 valid OD pairs for R1C1_C
Generating focused traffic: Period 4.9252s
[INFO] Subscriptions active: 6 (libsumo, fast mode)
[INFO] Episode duration: 900s (15 min)

[DEBUG] 🎯 Célzott Forgalom Generálása (R1C1_C) | Period: 5.4242
Found 6 valid OD pairs for R1C1_C
Generating focused traffic: Period 5.4242s
[INFO] Subscriptions active: 6 (libsumo, fast mode)
[INFO] Episode duration: 2700s (45 min)

[DEBUG] 🎯 Célzott Forgalom Generálása (R1C1_C) | Period: 7.2125
Found 6 valid OD pairs for R1C1_C
Generating focused traffic: Period 7.2125s
[INFO] Subscriptions active: 6 (libsumo, fast mode)
[INFO] Episode duration: 1800s (30 min)

[DEBUG] 🎯 Célzott Forgalom Generálása (R1C1_C) | Period: 7.4406
Found 6 valid OD pairs for R1C1_C
Generating focused traffic: Period 7.4406s
[INFO] Subscriptions active: 6 (libsumo, fast mode)
[INFO] Episode duration: 1800s (30 min)

[DEBUG] 🎯 Célzott Forgalom Generálása (R1C1_C) | Period: 4.7175
Found 6 valid OD pairs for R1C1_C
Generating focused traffic: Period 4.7175s
[INFO] Subscriptions active: 6 (libsumo, fast mode)
[INFO] Episode duration: 900s (15 min)

[DEBUG] 🎯 Célzott Forgalom Generálása (R1C1_C) | Period: 4.2199
Found 6 valid OD pairs for R1C1_C
Generating focused traffic: Period 4.2199s
[INFO] Subscriptions active: 6 (libsumo, fast mode)
[INFO] Episode duration: 3600s (60 min)

[DEBUG] 🎯 Célzott Forgalom Generálása (R1C1_C) | Period: 7.9108
Found 6 valid OD pairs for R1C1_C
Generating focused traffic: Period 7.9108s
[INFO] Subscriptions active: 6 (libsumo, fast mode)
[INFO] Episode duration: 1800s (30 min)

[DEBUG] 🎯 Célzott Forgalom Generálása (R1C1_C) | Period: 5.7026
Found 6 valid OD pairs for R1C1_C
Generating focused traffic: Period 5.7026s
[INFO] Subscriptions active: 6 (libsumo, fast mode)
[INFO] Episode duration: 900s (15 min)

[DEBUG] 🎯 Célzott Forgalom Generálása (R1C1_C) | Period: 6.241
Found 6 valid OD pairs for R1C1_C
Generating focused traffic: Period 6.2410s
[INFO] Subscriptions active: 6 (libsumo, fast mode)
[INFO] Episode duration: 900s (15 min)

[DEBUG] 🎯 Célzott Forgalom Generálása (R1C1_C) | Period: 6.778
Found 6 valid OD pairs for R1C1_C
Generating focused traffic: Period 6.7780s
[INFO] Subscriptions active: 6 (libsumo, fast mode)
[INFO] Episode duration: 1800s (30 min)

[DEBUG] 🎯 Célzott Forgalom Generálása (R1C1_C) | Period: 4.5026
Found 6 valid OD pairs for R1C1_C
Generating focused traffic: Period 4.5026s
[INFO] Subscriptions active: 6 (libsumo, fast mode)
[INFO] Episode duration: 2700s (45 min)

[DEBUG] 🎯 Célzott Forgalom Generálása (R1C1_C) | Period: 6.0261
Found 6 valid OD pairs for R1C1_C
Generating focused traffic: Period 6.0261s
[INFO] Subscriptions active: 6 (libsumo, fast mode)
[INFO] Episode duration: 2700s (45 min)

[DEBUG] 🎯 Célzott Forgalom Generálása (R1C1_C) | Period: 5.5593
Found 6 valid OD pairs for R1C1_C
Generating focused traffic: Period 5.5593s
[INFO] Subscriptions active: 6 (libsumo, fast mode)
[INFO] Episode duration: 1800s (30 min)

[DEBUG] 🎯 Célzott Forgalom Generálása (R1C1_C) | Period: 6.0173
Found 6 valid OD pairs for R1C1_C
Generating focused traffic: Period 6.0173s
[INFO] Subscriptions active: 6 (libsumo, fast mode)
[INFO] Episode duration: 2700s (45 min)

[DEBUG] 🎯 Célzott Forgalom Generálása (R1C1_C) | Period: 7.0671
Found 6 valid OD pairs for R1C1_C
Generating focused traffic: Period 7.0671s
[INFO] Subscriptions active: 6 (libsumo, fast mode)
[INFO] Episode duration: 2700s (45 min)

[DEBUG] 🎯 Célzott Forgalom Generálása (R1C1_C) | Period: 7.5059
Found 6 valid OD pairs for R1C1_C
Generating focused traffic: Period 7.5059s
[INFO] Subscriptions active: 6 (libsumo, fast mode)
[INFO] Episode duration: 900s (15 min)

[DEBUG] 🎯 Célzott Forgalom Generálása (R1C1_C) | Period: 4.0622
Found 6 valid OD pairs for R1C1_C
Generating focused traffic: Period 4.0622s
[INFO] Subscriptions active: 6 (libsumo, fast mode)
[INFO] Episode duration: 1800s (30 min)

[DEBUG] 🎯 Célzott Forgalom Generálása (R1C1_C) | Period: 4.4487
Found 6 valid OD pairs for R1C1_C
Generating focused traffic: Period 4.4487s
[INFO] Subscriptions active: 6 (libsumo, fast mode)
[INFO] Episode duration: 2700s (45 min)

[DEBUG] 🎯 Célzott Forgalom Generálása (R1C1_C) | Period: 7.0662
Found 6 valid OD pairs for R1C1_C
Generating focused traffic: Period 7.0662s
[INFO] Subscriptions active: 6 (libsumo, fast mode)
[INFO] Episode duration: 3600s (60 min)

[DEBUG] 🎯 Célzott Forgalom Generálása (R1C1_C) | Period: 5.9338
Found 6 valid OD pairs for R1C1_C
Generating focused traffic: Period 5.9338s
[INFO] Subscriptions active: 6 (libsumo, fast mode)
[INFO] Episode duration: 3600s (60 min)

[DEBUG] 🎯 Célzott Forgalom Generálása (R1C1_C) | Period: 6.7315
Found 6 valid OD pairs for R1C1_C
Generating focused traffic: Period 6.7315s
[INFO] Subscriptions active: 6 (libsumo, fast mode)
[INFO] Episode duration: 3600s (60 min)

[DEBUG] 🎯 Célzott Forgalom Generálása (R1C1_C) | Period: 7.7142
Found 6 valid OD pairs for R1C1_C
Generating focused traffic: Period 7.7142s
[INFO] Subscriptions active: 6 (libsumo, fast mode)
------------------------------------------
| rollout/                |              |
|    ep_len_mean          | 445          |
|    ep_rew_mean          | 109          |
| time/                   |              |
|    fps                  | 89           |
|    iterations           | 40           |
|    time_elapsed         | 910          |
|    total_timesteps      | 81920        |
| train/                  |              |
|    approx_kl            | 0.0008737084 |
|    clip_fraction        | 0            |
|    clip_range           | 0.2          |
|    entropy_loss         | -1.21        |
|    explained_variance   | -2.86e-06    |
|    learning_rate        | 0.0001       |
|    loss                 | 3.33         |
|    n_updates            | 390          |
|    policy_gradient_loss | -0.000958    |
|    value_loss           | 9.96         |
------------------------------------------
[INFO] Episode duration: 2700s (45 min)

[DEBUG] 🎯 Célzott Forgalom Generálása (R1C1_C) | Period: 5.9994
Found 6 valid OD pairs for R1C1_C
Generating focused traffic: Period 5.9994s
[INFO] Subscriptions active: 6 (libsumo, fast mode)
[INFO] Episode duration: 2700s (45 min)

[DEBUG] 🎯 Célzott Forgalom Generálása (R1C1_C) | Period: 6.0795
Found 6 valid OD pairs for R1C1_C
Generating focused traffic: Period 6.0795s
[INFO] Subscriptions active: 6 (libsumo, fast mode)
[INFO] Episode duration: 1800s (30 min)

[DEBUG] 🎯 Célzott Forgalom Generálása (R1C1_C) | Period: 7.5953
Found 6 valid OD pairs for R1C1_C
Generating focused traffic: Period 7.5953s
[INFO] Subscriptions active: 6 (libsumo, fast mode)
[INFO] Episode duration: 900s (15 min)

[DEBUG] 🎯 Célzott Forgalom Generálása (R1C1_C) | Period: 7.5799
Found 6 valid OD pairs for R1C1_C
Generating focused traffic: Period 7.5799s
[INFO] Subscriptions active: 6 (libsumo, fast mode)
[INFO] Episode duration: 3600s (60 min)

[DEBUG] 🎯 Célzott Forgalom Generálása (R1C1_C) | Period: 7.0732
Found 6 valid OD pairs for R1C1_C
Generating focused traffic: Period 7.0732s
[INFO] Subscriptions active: 6 (libsumo, fast mode)
[INFO] Episode duration: 900s (15 min)

[DEBUG] 🎯 Célzott Forgalom Generálása (R1C1_C) | Period: 4.637
Found 6 valid OD pairs for R1C1_C
Generating focused traffic: Period 4.6370s
[INFO] Subscriptions active: 6 (libsumo, fast mode)
[INFO] Episode duration: 900s (15 min)

[DEBUG] 🎯 Célzott Forgalom Generálása (R1C1_C) | Period: 6.7195
Found 6 valid OD pairs for R1C1_C
Generating focused traffic: Period 6.7195s
[INFO] Subscriptions active: 6 (libsumo, fast mode)
[INFO] Episode duration: 3600s (60 min)

[DEBUG] 🎯 Célzott Forgalom Generálása (R1C1_C) | Period: 6.5225
Found 6 valid OD pairs for R1C1_C
Generating focused traffic: Period 6.5225s
[INFO] Subscriptions active: 6 (libsumo, fast mode)
[INFO] Episode duration: 900s (15 min)

[DEBUG] 🎯 Célzott Forgalom Generálása (R1C1_C) | Period: 4.9422
Found 6 valid OD pairs for R1C1_C
Generating focused traffic: Period 4.9422s
[INFO] Subscriptions active: 6 (libsumo, fast mode)
[INFO] Episode duration: 1800s (30 min)

[DEBUG] 🎯 Célzott Forgalom Generálása (R1C1_C) | Period: 6.1935
Found 6 valid OD pairs for R1C1_C
Generating focused traffic: Period 6.1935s
[INFO] Subscriptions active: 6 (libsumo, fast mode)
[INFO] Episode duration: 1800s (30 min)

[DEBUG] 🎯 Célzott Forgalom Generálása (R1C1_C) | Period: 5.8999
Found 6 valid OD pairs for R1C1_C
Generating focused traffic: Period 5.8999s
[INFO] Subscriptions active: 6 (libsumo, fast mode)
[INFO] Episode duration: 900s (15 min)

[DEBUG] 🎯 Célzott Forgalom Generálása (R1C1_C) | Period: 6.3334
Found 6 valid OD pairs for R1C1_C
Generating focused traffic: Period 6.3334s
[INFO] Subscriptions active: 6 (libsumo, fast mode)
[INFO] Episode duration: 2700s (45 min)

[DEBUG] 🎯 Célzott Forgalom Generálása (R1C1_C) | Period: 7.5572
Found 6 valid OD pairs for R1C1_C
Generating focused traffic: Period 7.5572s
[INFO] Subscriptions active: 6 (libsumo, fast mode)
[INFO] Episode duration: 900s (15 min)

[DEBUG] 🎯 Célzott Forgalom Generálása (R1C1_C) | Period: 7.6785
Found 6 valid OD pairs for R1C1_C
Generating focused traffic: Period 7.6785s
[INFO] Subscriptions active: 6 (libsumo, fast mode)
[INFO] Episode duration: 2700s (45 min)

[DEBUG] 🎯 Célzott Forgalom Generálása (R1C1_C) | Period: 5.544
Found 6 valid OD pairs for R1C1_C
Generating focused traffic: Period 5.5440s
[INFO] Subscriptions active: 6 (libsumo, fast mode)
[INFO] Episode duration: 3600s (60 min)

[DEBUG] 🎯 Célzott Forgalom Generálása (R1C1_C) | Period: 6.0248
Found 6 valid OD pairs for R1C1_C
Generating focused traffic: Period 6.0248s
[INFO] Subscriptions active: 6 (libsumo, fast mode)
[INFO] Episode duration: 1800s (30 min)

[DEBUG] 🎯 Célzott Forgalom Generálása (R1C1_C) | Period: 4.1682
Found 6 valid OD pairs for R1C1_C
Generating focused traffic: Period 4.1682s
[INFO] Subscriptions active: 6 (libsumo, fast mode)
[INFO] Episode duration: 900s (15 min)

[DEBUG] 🎯 Célzott Forgalom Generálása (R1C1_C) | Period: 5.4343
Found 6 valid OD pairs for R1C1_C
Generating focused traffic: Period 5.4343s
[INFO] Subscriptions active: 6 (libsumo, fast mode)
[INFO] Episode duration: 3600s (60 min)

[DEBUG] 🎯 Célzott Forgalom Generálása (R1C1_C) | Period: 4.7747
Found 6 valid OD pairs for R1C1_C
Generating focused traffic: Period 4.7747s
[INFO] Subscriptions active: 6 (libsumo, fast mode)
[INFO] Episode duration: 3600s (60 min)

[DEBUG] 🎯 Célzott Forgalom Generálása (R1C1_C) | Period: 7.1715
Found 6 valid OD pairs for R1C1_C
Generating focused traffic: Period 7.1715s
[INFO] Subscriptions active: 6 (libsumo, fast mode)
[INFO] Episode duration: 2700s (45 min)

[DEBUG] 🎯 Célzott Forgalom Generálása (R1C1_C) | Period: 6.2513
Found 6 valid OD pairs for R1C1_C
Generating focused traffic: Period 6.2513s
[INFO] Subscriptions active: 6 (libsumo, fast mode)
[INFO] Episode duration: 2700s (45 min)

[DEBUG] 🎯 Célzott Forgalom Generálása (R1C1_C) | Period: 4.4505
Found 6 valid OD pairs for R1C1_C
Generating focused traffic: Period 4.4505s
[INFO] Subscriptions active: 6 (libsumo, fast mode)
[INFO] Episode duration: 1800s (30 min)

[DEBUG] 🎯 Célzott Forgalom Generálása (R1C1_C) | Period: 5.9935
Found 6 valid OD pairs for R1C1_C
Generating focused traffic: Period 5.9935s
[INFO] Subscriptions active: 6 (libsumo, fast mode)
[INFO] Episode duration: 3600s (60 min)

[DEBUG] 🎯 Célzott Forgalom Generálása (R1C1_C) | Period: 4.4498
Found 6 valid OD pairs for R1C1_C
Generating focused traffic: Period 4.4498s
[INFO] Subscriptions active: 6 (libsumo, fast mode)
[INFO] Episode duration: 3600s (60 min)

[DEBUG] 🎯 Célzott Forgalom Generálása (R1C1_C) | Period: 4.187
Found 6 valid OD pairs for R1C1_C
Generating focused traffic: Period 4.1870s
[INFO] Subscriptions active: 6 (libsumo, fast mode)
[INFO] Episode duration: 2700s (45 min)

[DEBUG] 🎯 Célzott Forgalom Generálása (R1C1_C) | Period: 4.4383
Found 6 valid OD pairs for R1C1_C
Generating focused traffic: Period 4.4383s
[INFO] Subscriptions active: 6 (libsumo, fast mode)
[INFO] Episode duration: 2700s (45 min)

[DEBUG] 🎯 Célzott Forgalom Generálása (R1C1_C) | Period: 6.2694
Found 6 valid OD pairs for R1C1_C
Generating focused traffic: Period 6.2694s
[INFO] Subscriptions active: 6 (libsumo, fast mode)
[INFO] Episode duration: 2700s (45 min)

[DEBUG] 🎯 Célzott Forgalom Generálása (R1C1_C) | Period: 4.073
Found 6 valid OD pairs for R1C1_C
Generating focused traffic: Period 4.0730s
[INFO] Subscriptions active: 6 (libsumo, fast mode)
[INFO] Episode duration: 3600s (60 min)

[DEBUG] 🎯 Célzott Forgalom Generálása (R1C1_C) | Period: 4.5639
Found 6 valid OD pairs for R1C1_C
Generating focused traffic: Period 4.5639s
[INFO] Subscriptions active: 6 (libsumo, fast mode)
[INFO] Episode duration: 900s (15 min)

[DEBUG] 🎯 Célzott Forgalom Generálása (R1C1_C) | Period: 5.5261
Found 6 valid OD pairs for R1C1_C
Generating focused traffic: Period 5.5261s
[INFO] Subscriptions active: 6 (libsumo, fast mode)
[INFO] Episode duration: 2700s (45 min)

[DEBUG] 🎯 Célzott Forgalom Generálása (R1C1_C) | Period: 7.9077
Found 6 valid OD pairs for R1C1_C
Generating focused traffic: Period 7.9077s
[INFO] Subscriptions active: 6 (libsumo, fast mode)
[INFO] Episode duration: 2700s (45 min)

[DEBUG] 🎯 Célzott Forgalom Generálása (R1C1_C) | Period: 5.0093
Found 6 valid OD pairs for R1C1_C
Generating focused traffic: Period 5.0093s
[INFO] Subscriptions active: 6 (libsumo, fast mode)
[INFO] Episode duration: 1800s (30 min)

[DEBUG] 🎯 Célzott Forgalom Generálása (R1C1_C) | Period: 4.4106
Found 6 valid OD pairs for R1C1_C
Generating focused traffic: Period 4.4106s
[INFO] Subscriptions active: 6 (libsumo, fast mode)
[INFO] Episode duration: 3600s (60 min)

[DEBUG] 🎯 Célzott Forgalom Generálása (R1C1_C) | Period: 7.9729
Found 6 valid OD pairs for R1C1_C
Generating focused traffic: Period 7.9729s
[INFO] Subscriptions active: 6 (libsumo, fast mode)
[INFO] Episode duration: 1800s (30 min)
wandb: WARNING Symlinked 1 file into the W&B run directory; call wandb.save again to sync new files.
/Users/wagnertamas/Documents/Munka/cikkek/AI_agens_konyvtar/support/intergreen_matrix_calculator/rl_trainer.py:857: UserWarning: Exporting a model while it is in training mode. Please ensure that this is intended, as it may lead to different behavior during inference. Calling model.eval() before export is recommended.
  torch.onnx.export(
/Users/wagnertamas/Documents/Munka/cikkek/AI_agens_konyvtar/support/intergreen_matrix_calculator/rl_trainer.py:857: UserWarning: # 'dynamic_axes' is not recommended when dynamo=True, and may lead to 'torch._dynamo.exc.UserError: Constraints violated.' Supply the 'dynamic_shapes' argument instead if export is unsuccessful.
  torch.onnx.export(
wandb: updating run metadata
wandb: uploading pytorch_models/R1C1_C.zip; uploading output.log; uploading wandb-summary.json
wandb: uploading history steps 1000-1002, summary, console lines 1423-1439
wandb: 
wandb: Run history:
wandb:         R1C1_C/action_pct/phase_0 ▃▃▃▄▂▅▅▃▃▃▃▃▅▆▅▆▅▆▅▄▅▅▆▁▄▅▅▆▅▄▆▅▅▆█▃▆▄▅▅
wandb:         R1C1_C/action_pct/phase_1 ██▇▆▆▇█▄▆▃▄▃▃▂▂▂▂▃▂▂▃▁▂▃▃▂▃▂▂▂▂▂▂▁▂▃▂▁▂▂
wandb:         R1C1_C/action_pct/phase_2 ▁▁▂▂▃▁▂▄▃▄▃▄▃▃▄▃▃▃▃▃▄▄▄█▄▄▆▅▅▆▄▅▆▅▃▅▄▅▅▅
wandb:         R1C1_C/action_pct/phase_3 ▄▄▅▅▅▄▁▅▆▇▇▇▇▆▆▅▆▆▇█▄▇▅▃▄▆▁▄▄▅▆▄▃▅▄▆▃▆▅▅
wandb:         R1C1_C/train/entropy_loss ▁▁▁▁▁▂▂▃▃▄▄▄▄▄▅▅▅▅▆▆▇▇▇▇▇▇▇▇▇▇▇▇██▇▇▇▇██
wandb:        R1C1_C/train/learning_rate ▁▁▁▁▁▁▁▁▁▁▁▁▁▁▁▁▁▁▁▁▁▁▁▁▁▁▁▁▁▁▁▁▁▁▁▁▁▁▁▁
wandb:                 R1C1_C/train/loss ▁▁▂▂▂▂▂▁▁▄▄▃▂▄▃▅▂▃▃▃▆▁▅▂▂▅▅▂▆▆▃▃███▃▅▅▆▅
wandb: R1C1_C/train/policy_gradient_loss ▄▇▇▆▆▄▆▇▇▆▆██▇▇▇█▃▃▇▁▁▁▂▂▅█▇▇▅▇▄▄▅▆▆▆▆▇▇
wandb:           R1C1_C/train/value_loss ▂▃▃▃▃▂▄▁▄▄▂▅▅▅▅▄▄▅▄▃▄▄▄▅▅▆▆▆▄▄▆▆███▄▄▇▄▇
wandb:                        avg_reward ▅▁▄▄▂▅▅▅▇▁▃▇▅▁▃▂█▇█▅▄▄▅▄▃▅▄▆▄▆▄▅▅▇▂▄▄▅▁▂
wandb:                                +9 ...
wandb: 
wandb: Run summary:
wandb:         R1C1_C/action_pct/phase_0 28.33333
wandb:         R1C1_C/action_pct/phase_1 5.83333
wandb:         R1C1_C/action_pct/phase_2 37.77778
wandb:         R1C1_C/action_pct/phase_3 28.05556
wandb:         R1C1_C/train/entropy_loss -1.18397
wandb:        R1C1_C/train/learning_rate 0.0001
wandb:                 R1C1_C/train/loss 2.64362
wandb: R1C1_C/train/policy_gradient_loss -0.00048
wandb:           R1C1_C/train/value_loss 9.59922
wandb:                        avg_reward 0.28581
wandb:                                +9 ...
wandb: 
wandb: 🚀 View run ppo_halt_ratio_2x8_3_R1C1_C at: https://wandb.ai/wagnertamas-budapesti-m-szaki-s-gazdas-gtudom-nyi-egyetem/sumo-rl-stat/runs/z711m70d
wandb: ⭐️ View project at: https://wandb.ai/wagnertamas-budapesti-m-szaki-s-gazdas-gtudom-nyi-egyetem/sumo-rl-stat
wandb: Synced 5 W&B file(s), 0 media file(s), 0 artifact file(s) and 1 other file(s)
wandb: Find logs at: ./wandb/run-20260321_230444-z711m70d/logs

[DEBUG] 🎯 Célzott Forgalom Generálása (R1C1_C) | Period: 7.3188
Found 6 valid OD pairs for R1C1_C
Generating focused traffic: Period 7.3188s
[INFO] Subscriptions active: 6 (libsumo, fast mode)
[INFO] Episode duration: 1800s (30 min)

[DEBUG] 🎯 Célzott Forgalom Generálása (R1C1_C) | Period: 6.5771
Found 6 valid OD pairs for R1C1_C
Generating focused traffic: Period 6.5771s
[INFO] Subscriptions active: 6 (libsumo, fast mode)
[INFO] Episode duration: 900s (15 min)

[DEBUG] 🎯 Célzott Forgalom Generálása (R1C1_C) | Period: 4.829
Found 6 valid OD pairs for R1C1_C
Generating focused traffic: Period 4.8290s
[INFO] Subscriptions active: 6 (libsumo, fast mode)
[INFO] Episode duration: 3600s (60 min)

[DEBUG] 🎯 Célzott Forgalom Generálása (R1C1_C) | Period: 4.8107
Found 6 valid OD pairs for R1C1_C
Generating focused traffic: Period 4.8107s
[INFO] Subscriptions active: 6 (libsumo, fast mode)
[INFO] Episode duration: 1800s (30 min)

[DEBUG] 🎯 Célzott Forgalom Generálása (R1C1_C) | Period: 4.2979
Found 6 valid OD pairs for R1C1_C
Generating focused traffic: Period 4.2979s
[INFO] Subscriptions active: 6 (libsumo, fast mode)
[INFO] Episode duration: 2700s (45 min)

[DEBUG] 🎯 Célzott Forgalom Generálása (R1C1_C) | Period: 7.1254
Found 6 valid OD pairs for R1C1_C
Generating focused traffic: Period 7.1254s
[INFO] Subscriptions active: 6 (libsumo, fast mode)
On-policy training completed.
Closing environment and EXPORTING models...
Saving PyTorch ZIP models to /Users/wagnertamas/Documents/Munka/cikkek/AI_agens_konyvtar/support/intergreen_matrix_calculator/data/runs/pytorch_models...
Saved PyTorch R1C1_C to /Users/wagnertamas/Documents/Munka/cikkek/AI_agens_konyvtar/support/intergreen_matrix_calculator/data/runs/pytorch_models/R1C1_C.zip
Exporting ONNX models to /Users/wagnertamas/Documents/Munka/cikkek/AI_agens_konyvtar/support/intergreen_matrix_calculator/data/runs/onnx_models...
Failed to export R1C1_C: # Failed to convert 'dynamic_axes' to 'dynamic_shapes'. Please provide 'dynamic_shapes' directly. Refer to the documentation for 'torch.export.export' for more information on dynamic shapes.
Cleanup done.
